37.0 APEX_CODE,FINEST;APEX_PROFILING,INFO;CALLOUT,INFO;DB,INFO;SYSTEM,DEBUG;VALIDATION,INFO;VISUALFORCE,INFO;WORKFLOW,INFO
23:49:07.0 (121047)|USER_INFO|[EXTERNAL]|00550000005cg71|bfffollow@jr.te|Eastern Standard Time|GMT-04:00
23:49:07.0 (158969)|EXECUTION_STARTED
23:49:07.0 (166302)|CODE_UNIT_STARTED|[EXTERNAL]|aura
23:49:07.0 (609507)|HEAP_ALLOCATE|[72]|Bytes:3
23:49:07.0 (669528)|HEAP_ALLOCATE|[77]|Bytes:152
23:49:07.0 (686602)|HEAP_ALLOCATE|[342]|Bytes:408
23:49:07.0 (702247)|HEAP_ALLOCATE|[355]|Bytes:408
23:49:07.0 (716908)|HEAP_ALLOCATE|[467]|Bytes:48
23:49:07.0 (750167)|HEAP_ALLOCATE|[139]|Bytes:6
23:49:07.0 (782800)|HEAP_ALLOCATE|[EXTERNAL]|Bytes:2
23:49:07.0 (801956)|HEAP_ALLOCATE|[EXTERNAL]|Bytes:2
23:49:07.0 (923297)|HEAP_ALLOCATE|[EXTERNAL]|Bytes:4
23:49:07.0 (934693)|HEAP_ALLOCATE|[EXTERNAL]|Bytes:4
23:49:07.0 (2015637)|CODE_UNIT_STARTED|[EXTERNAL]|01p50000002D2uA|LookupSObjectController.lookup
23:49:07.0 (2174844)|HEAP_ALLOCATE|[EXTERNAL]|Bytes:6
23:49:07.0 (2181189)|HEAP_ALLOCATE|[EXTERNAL]|Bytes:2
23:49:07.0 (2199427)|METHOD_ENTRY|[11]|01p50000002D2uA|LookupSObjectController.LookupSObjectController()
23:49:07.0 (2205437)|STATEMENT_EXECUTE|[11]
23:49:07.0 (2212565)|STATEMENT_EXECUTE|[11]
23:49:07.0 (2260362)|HEAP_ALLOCATE|[50]|Bytes:5
23:49:07.0 (2315856)|HEAP_ALLOCATE|[56]|Bytes:5
23:49:07.0 (2333782)|HEAP_ALLOCATE|[64]|Bytes:7
23:49:07.0 (2364307)|SYSTEM_MODE_ENTER|false
23:49:07.0 (2388464)|HEAP_ALLOCATE|[EXTERNAL]|Bytes:5
23:49:07.0 (2394456)|STATEMENT_EXECUTE|[43]
23:49:07.0 (2400680)|SYSTEM_MODE_EXIT|false
23:49:07.0 (2409847)|METHOD_EXIT|[11]|LookupSObjectController
23:49:07.0 (2425464)|HEAP_ALLOCATE|[EXTERNAL]|Bytes:2
23:49:07.0 (2429997)|HEAP_ALLOCATE|[EXTERNAL]|Bytes:4
23:49:07.0 (2438878)|SYSTEM_MODE_ENTER|false
23:49:07.0 (2449543)|VARIABLE_SCOPE_BEGIN|[17]|searchString|String|false|false
23:49:07.0 (2485798)|VARIABLE_ASSIGNMENT|[17]|searchString|"te"
23:49:07.0 (2490545)|VARIABLE_SCOPE_BEGIN|[17]|sObjectAPIName|String|false|false
23:49:07.0 (2494528)|VARIABLE_ASSIGNMENT|[17]|sObjectAPIName|"User"
23:49:07.0 (2513508)|HEAP_ALLOCATE|[20]|Bytes:5
23:49:07.0 (2520603)|STATEMENT_EXECUTE|[18]
23:49:07.0 (2523097)|STATEMENT_EXECUTE|[20]
23:49:07.0 (2608628)|HEAP_ALLOCATE|[20]|Bytes:2
23:49:07.0 (2636400)|VARIABLE_SCOPE_BEGIN|[20]|sanitizedSearchString|String|false|false
23:49:07.0 (2646862)|VARIABLE_ASSIGNMENT|[20]|sanitizedSearchString|"te"
23:49:07.0 (2649919)|STATEMENT_EXECUTE|[21]
23:49:07.0 (2683788)|HEAP_ALLOCATE|[21]|Bytes:4
23:49:07.0 (2695846)|VARIABLE_SCOPE_BEGIN|[21]|sanitizedSObjectAPIName|String|false|false
23:49:07.0 (2702592)|VARIABLE_ASSIGNMENT|[21]|sanitizedSObjectAPIName|"User"
23:49:07.0 (2705198)|STATEMENT_EXECUTE|[23]
23:49:07.0 (2768583)|HEAP_ALLOCATE|[23]|Bytes:4
23:49:07.0 (2910980)|VARIABLE_SCOPE_BEGIN|[23]|results|List<LookupSObjectController.Result>|true|false
23:49:07.0 (2949916)|HEAP_ALLOCATE|[EXTERNAL]|Bytes:4
23:49:07.0 (2975513)|VARIABLE_ASSIGNMENT|[23]|results|{"s":1,"v":[]}|0x6bcbb9bb
23:49:07.0 (2979928)|STATEMENT_EXECUTE|[26]
23:49:07.0 (2989810)|HEAP_ALLOCATE|[26]|Bytes:6
23:49:07.0 (2994963)|HEAP_ALLOCATE|[26]|Bytes:27
23:49:07.0 (2997724)|HEAP_ALLOCATE|[26]|Bytes:18
23:49:07.0 (3011580)|HEAP_ALLOCATE|[26]|Bytes:57
23:49:07.0 (3018066)|VARIABLE_SCOPE_BEGIN|[26]|searchQuery|String|false|false
23:49:07.0 (3027104)|VARIABLE_ASSIGNMENT|[26]|searchQuery|"FIND 'te*' IN ALL FI (37 more) ..."
23:49:07.0 (3029438)|STATEMENT_EXECUTE|[29]
23:49:07.0 (4338377)|SOSL_EXECUTE_BEGIN|[29]|FIND 'te*' IN ALL FIELDS RETURNING User(id,name) Limit 50
23:49:07.0 (33977049)|HEAP_ALLOCATE|[29]|Bytes:4
23:49:07.0 (33988369)|HEAP_ALLOCATE|[29]|Bytes:4
23:49:07.0 (33991454)|HEAP_ALLOCATE|[29]|Bytes:4
23:49:07.0 (33998479)|HEAP_ALLOCATE|[29]|Bytes:8
23:49:07.0 (34008327)|SOSL_EXECUTE_END|[29]|Rows:2
23:49:07.0 (34065758)|HEAP_ALLOCATE|[29]|Bytes:8
23:49:07.0 (34097620)|VARIABLE_SCOPE_BEGIN|[29]|searchList|List<List<SObject>>|true|false
23:49:07.0 (34160879)|VARIABLE_ASSIGNMENT|[29]|searchList|{"s":1,"v":[{"s":2,"v":[{"s":3,"v":{"Id":"00550000005cg71AAA","Name":"Jaswinder Rattanpal"}},{"s":4,"v":{"Id":"00550000005d7KnAAI","Name":"Test User"}}]}]}|0x1e63ce4a
23:49:07.0 (34247418)|HEAP_ALLOCATE|[32]|Bytes:12
23:49:07.0 (34583355)|HEAP_ALLOCATE|[32]|Bytes:5
23:49:07.0 (34635509)|HEAP_ALLOCATE|[32]|Bytes:12
23:49:07.0 (34654641)|VARIABLE_SCOPE_BEGIN|[32]|so|SObject|true|false
23:49:07.0 (34671542)|VARIABLE_ASSIGNMENT|[32]|so|{"s":1,"v":{"Id":"00550000005cg71AAA","Name":"Jaswinder Rattanpal"}}|0x9d0dc4c
23:49:07.0 (34676519)|STATEMENT_EXECUTE|[33]
23:49:07.0 (34678484)|STATEMENT_EXECUTE|[34]
23:49:07.0 (34728808)|HEAP_ALLOCATE|[34]|Bytes:116
23:49:07.0 (34740191)|HEAP_ALLOCATE|[34]|Bytes:8
23:49:07.0 (34751305)|HEAP_ALLOCATE|[34]|Bytes:12
23:49:07.0 (34756538)|HEAP_ALLOCATE|[34]|Bytes:4
23:49:07.0 (34855604)|HEAP_ALLOCATE|[34]|Bytes:19
23:49:07.0 (34917153)|CONSTRUCTOR_ENTRY|[34]|01p50000002D2uA|<init>(String,Id)
23:49:07.0 (34927859)|VARIABLE_SCOPE_BEGIN|[48]|this|LookupSObjectController.Result|true|false
23:49:07.0 (34961772)|VARIABLE_ASSIGNMENT|[48]|this|{}|0x72e3d5dc
23:49:07.0 (34965484)|VARIABLE_SCOPE_BEGIN|[48]|sObjectLabel|String|false|false
23:49:07.0 (34971508)|VARIABLE_ASSIGNMENT|[48]|sObjectLabel|"Jaswinder Rattanpal"
23:49:07.0 (34973453)|VARIABLE_SCOPE_BEGIN|[48]|sObjectId|Id|false|false
23:49:07.0 (35073014)|VARIABLE_ASSIGNMENT|[48]|sObjectId|"00550000005cg71AAA"
23:49:07.0 (35083503)|STATEMENT_EXECUTE|[43]
23:49:07.0 (35085761)|STATEMENT_EXECUTE|[45]
23:49:07.0 (35094020)|STATEMENT_EXECUTE|[46]
23:49:07.0 (35109687)|HEAP_ALLOCATE|[50]|Bytes:6
23:49:07.0 (35148640)|STATEMENT_EXECUTE|[49]
23:49:07.0 (35150730)|STATEMENT_EXECUTE|[50]
23:49:07.0 (35206905)|VARIABLE_ASSIGNMENT|[EXTERNAL]|this|{}|0x72e3d5dc
23:49:07.0 (35214710)|VARIABLE_ASSIGNMENT|[EXTERNAL]|value|"Jaswinder Rattanpal"
23:49:07.0 (35229331)|VARIABLE_ASSIGNMENT|[45]|this.SObjectLabel|"Jaswinder Rattanpal"|0x72e3d5dc
23:49:07.0 (35236590)|STATEMENT_EXECUTE|[51]
23:49:07.0 (35275732)|VARIABLE_ASSIGNMENT|[EXTERNAL]|this|{"SObjectLabel":"Jaswinder Rattanpal"}|0x72e3d5dc
23:49:07.0 (35330557)|VARIABLE_ASSIGNMENT|[EXTERNAL]|value|"00550000005cg71AAA"
23:49:07.0 (35390599)|VARIABLE_ASSIGNMENT|[46]|this.SObjectId|"00550000005cg71AAA"|0x72e3d5dc
23:49:07.0 (35408098)|CONSTRUCTOR_EXIT|[34]|01p50000002D2uA|<init>(String,Id)
23:49:07.0 (35427151)|HEAP_ALLOCATE|[EXTERNAL]|Bytes:4
23:49:07.0 (35442829)|HEAP_ALLOCATE|[32]|Bytes:5
23:49:07.0 (35465554)|HEAP_ALLOCATE|[32]|Bytes:12
23:49:07.0 (35476824)|VARIABLE_SCOPE_BEGIN|[32]|so|SObject|true|false
23:49:07.0 (35491810)|VARIABLE_ASSIGNMENT|[32]|so|{"s":1,"v":{"Id":"00550000005d7KnAAI","Name":"Test User"}}|0x660eacd2
23:49:07.0 (35495054)|STATEMENT_EXECUTE|[33]
23:49:07.0 (35496245)|STATEMENT_EXECUTE|[34]
23:49:07.0 (35505458)|HEAP_ALLOCATE|[34]|Bytes:12
23:49:07.0 (35540852)|HEAP_ALLOCATE|[34]|Bytes:9
23:49:07.0 (35561435)|CONSTRUCTOR_ENTRY|[34]|01p50000002D2uA|<init>(String,Id)
23:49:07.0 (35567828)|VARIABLE_SCOPE_BEGIN|[48]|this|LookupSObjectController.Result|true|false
23:49:07.0 (35591827)|VARIABLE_ASSIGNMENT|[48]|this|{}|0x2b8fd260
23:49:07.0 (35597758)|VARIABLE_SCOPE_BEGIN|[48]|sObjectLabel|String|false|false
23:49:07.0 (35606293)|VARIABLE_ASSIGNMENT|[48]|sObjectLabel|"Test User"
23:49:07.0 (35609942)|VARIABLE_SCOPE_BEGIN|[48]|sObjectId|Id|false|false
23:49:07.0 (35662879)|VARIABLE_ASSIGNMENT|[48]|sObjectId|"00550000005d7KnAAI"
23:49:07.0 (35668262)|STATEMENT_EXECUTE|[43]
23:49:07.0 (35669475)|STATEMENT_EXECUTE|[45]
23:49:07.0 (35675414)|STATEMENT_EXECUTE|[46]
23:49:07.0 (35690795)|STATEMENT_EXECUTE|[49]
23:49:07.0 (35692200)|STATEMENT_EXECUTE|[50]
23:49:07.0 (35713604)|VARIABLE_ASSIGNMENT|[EXTERNAL]|this|{}|0x2b8fd260
23:49:07.0 (35719341)|VARIABLE_ASSIGNMENT|[EXTERNAL]|value|"Test User"
23:49:07.0 (35727115)|VARIABLE_ASSIGNMENT|[45]|this.SObjectLabel|"Test User"|0x2b8fd260
23:49:07.0 (35733172)|STATEMENT_EXECUTE|[51]
23:49:07.0 (35753782)|VARIABLE_ASSIGNMENT|[EXTERNAL]|this|{"SObjectLabel":"Test User"}|0x2b8fd260
23:49:07.0 (35814123)|VARIABLE_ASSIGNMENT|[EXTERNAL]|value|"00550000005d7KnAAI"
23:49:07.0 (35876065)|VARIABLE_ASSIGNMENT|[46]|this.SObjectId|"00550000005d7KnAAI"|0x2b8fd260
23:49:07.0 (35904445)|CONSTRUCTOR_EXIT|[34]|01p50000002D2uA|<init>(String,Id)
23:49:07.0 (35918700)|HEAP_ALLOCATE|[EXTERNAL]|Bytes:4
23:49:07.0 (35932766)|HEAP_ALLOCATE|[32]|Bytes:5
23:49:07.0 (35945521)|VARIABLE_ASSIGNMENT|[32]|so|null|
23:49:07.0 (35949021)|STATEMENT_EXECUTE|[37]
23:49:07.0 (35963350)|SYSTEM_MODE_EXIT|false
23:49:07.36 (36008468)|CUMULATIVE_LIMIT_USAGE
23:49:07.36 (36008468)|LIMIT_USAGE_FOR_NS|(default)|
  Number of SOQL queries: 0 out of 100
  Number of query rows: 0 out of 50000
  Number of SOSL queries: 1 out of 20
  Number of DML statements: 0 out of 150
  Number of DML rows: 0 out of 10000
  Maximum CPU time: 0 out of 10000
  Maximum heap size: 0 out of 6000000
  Number of callouts: 0 out of 100
  Number of Email Invocations: 0 out of 10
  Number of future calls: 0 out of 50
  Number of queueable jobs added to the queue: 0 out of 50
  Number of Mobile Apex push calls: 0 out of 10

23:49:07.36 (36008468)|CUMULATIVE_LIMIT_USAGE_END

23:49:07.0 (36060381)|CODE_UNIT_FINISHED|LookupSObjectController.lookup
23:49:07.0 (37596759)|CODE_UNIT_STARTED|[EXTERNAL]|Aura
23:49:07.0 (37642652)|CODE_UNIT_FINISHED|Aura
23:49:07.0 (38689214)|CODE_UNIT_STARTED|[EXTERNAL]|Aura
23:49:07.0 (38721561)|CODE_UNIT_FINISHED|Aura
