34.0 APEX_CODE,FINEST;APEX_PROFILING,INFO;CALLOUT,INFO;DB,INFO;SYSTEM,DEBUG;VALIDATION,INFO;VISUALFORCE,INFO;WORKFLOW,INFO
13:34:46.0 (453926)|USER_INFO|[EXTERNAL]|00550000005cg71|bfffollow@jr.te|Eastern Standard Time|GMT-04:00
13:34:46.0 (560451)|EXECUTION_STARTED
13:34:46.0 (564972)|CODE_UNIT_STARTED|[EXTERNAL]|01p50000002DHPJ|BFFFollow_Controller_Test.BFFFollow_Controller_Test
13:34:46.0 (1560696)|HEAP_ALLOCATE|[72]|Bytes:3
13:34:46.0 (1612512)|HEAP_ALLOCATE|[77]|Bytes:152
13:34:46.0 (1631880)|HEAP_ALLOCATE|[342]|Bytes:408
13:34:46.0 (1652589)|HEAP_ALLOCATE|[355]|Bytes:408
13:34:46.0 (1678142)|HEAP_ALLOCATE|[467]|Bytes:48
13:34:46.0 (1780204)|HEAP_ALLOCATE|[139]|Bytes:6
13:34:46.0 (1811784)|HEAP_ALLOCATE|[EXTERNAL]|Bytes:25
13:34:46.0 (1877476)|METHOD_ENTRY|[2]|01p50000002DHPJ|BFFFollow_Controller_Test.BFFFollow_Controller_Test()
13:34:46.0 (1883203)|STATEMENT_EXECUTE|[2]
13:34:46.0 (1888198)|STATEMENT_EXECUTE|[2]
13:34:46.0 (1928218)|HEAP_ALLOCATE|[50]|Bytes:5
13:34:46.0 (1950121)|HEAP_ALLOCATE|[56]|Bytes:5
13:34:46.0 (1990373)|HEAP_ALLOCATE|[64]|Bytes:7
13:34:46.0 (3788209)|SYSTEM_MODE_ENTER|false
13:34:46.0 (4162250)|HEAP_ALLOCATE|[EXTERNAL]|Bytes:5
13:34:46.0 (4175184)|SYSTEM_MODE_EXIT|false
13:34:46.0 (4227925)|METHOD_EXIT|[2]|BFFFollow_Controller_Test
13:34:46.0 (4286793)|SYSTEM_MODE_ENTER|false
13:34:46.0 (4295168)|HEAP_ALLOCATE|[5]|Bytes:5
13:34:46.0 (4301377)|STATEMENT_EXECUTE|[4]
13:34:46.0 (4304218)|STATEMENT_EXECUTE|[5]
13:34:46.0 (4321652)|HEAP_ALLOCATE|[5]|Bytes:27
13:34:46.0 (4333634)|HEAP_ALLOCATE|[5]|Bytes:4
13:34:46.0 (4515353)|SOQL_EXECUTE_BEGIN|[5]|Aggregations:0|SELECT id FROM user LIMIT 1
13:34:46.0 (7865778)|SOQL_EXECUTE_END|[5]|Rows:1
13:34:46.0 (7902119)|HEAP_ALLOCATE|[5]|Bytes:8
13:34:46.0 (7921189)|HEAP_ALLOCATE|[5]|Bytes:33
13:34:46.0 (8047302)|HEAP_ALLOCATE|[5]|Bytes:8
13:34:46.0 (8066527)|HEAP_ALLOCATE|[5]|Bytes:30
13:34:46.0 (8203947)|HEAP_ALLOCATE|[5]|Bytes:8
13:34:46.0 (8216483)|VARIABLE_SCOPE_BEGIN|[5]|u|User|true|false
13:34:46.0 (8482738)|VARIABLE_ASSIGNMENT|[5]|u|{"s":1,"v":{"Id":"00550000005cg71AAA"}}|0x3b5103a3
13:34:46.0 (8491467)|STATEMENT_EXECUTE|[7]
13:34:46.0 (8506276)|HEAP_ALLOCATE|[7]|Bytes:132
13:34:46.0 (8515466)|VARIABLE_SCOPE_BEGIN|[7]|data|String|false|false
13:34:46.0 (8533187)|VARIABLE_ASSIGNMENT|[7]|data|"{\"mode\":\"saveFollowe (112 more) ..."
13:34:46.0 (8537772)|STATEMENT_EXECUTE|[8]
13:34:46.0 (13455809)|HEAP_ALLOCATE|[8]|Bytes:11
13:34:46.0 (13473004)|HEAP_ALLOCATE|[8]|Bytes:248
13:34:46.0 (13476382)|HEAP_ALLOCATE|[8]|Bytes:39
13:34:46.0 (13508162)|METHOD_ENTRY|[2]|01p50000002CIEo|ETLC_ApexBridge_Data.ETLC_ApexBridge_Data()
13:34:46.0 (13513663)|STATEMENT_EXECUTE|[2]
13:34:46.0 (13519154)|STATEMENT_EXECUTE|[2]
13:34:46.0 (13527526)|METHOD_EXIT|[2]|ETLC_ApexBridge_Data
13:34:46.0 (15080309)|HEAP_ALLOCATE|[8]|Bytes:36
13:34:46.0 (15150305)|CONSTRUCTOR_ENTRY|[8]|01p50000002CIEo|<init>()
13:34:46.0 (15217230)|VARIABLE_SCOPE_BEGIN|[2]|this|ETLC_ApexBridge_Data|true|false
13:34:46.0 (15385467)|VARIABLE_ASSIGNMENT|[2]|this|{}|0x342d8a94
13:34:46.0 (15403903)|HEAP_ALLOCATE|[EXTERNAL]|Bytes:6
13:34:46.0 (15455480)|STATEMENT_EXECUTE|[2]
13:34:46.0 (15460500)|STATEMENT_EXECUTE|[6]
13:34:46.0 (15476071)|STATEMENT_EXECUTE|[9]
13:34:46.0 (15481441)|STATEMENT_EXECUTE|[12]
13:34:46.0 (15485959)|STATEMENT_EXECUTE|[15]
13:34:46.0 (15490667)|STATEMENT_EXECUTE|[18]
13:34:46.0 (15495096)|STATEMENT_EXECUTE|[21]
13:34:46.0 (15499873)|STATEMENT_EXECUTE|[30]
13:34:46.0 (15504726)|STATEMENT_EXECUTE|[39]
13:34:46.0 (15516337)|CONSTRUCTOR_EXIT|[8]|01p50000002CIEo|<init>()
13:34:46.0 (15524491)|VARIABLE_SCOPE_BEGIN|[8]|d1|ETLC_ApexBridge_Data|true|false
13:34:46.0 (15560014)|VARIABLE_ASSIGNMENT|[8]|d1|{}|0x342d8a94
13:34:46.0 (15566417)|STATEMENT_EXECUTE|[9]
13:34:46.0 (15579137)|HEAP_ALLOCATE|[9]|Bytes:20
13:34:46.0 (15720598)|VARIABLE_ASSIGNMENT|[EXTERNAL]|this|{}|0x342d8a94
13:34:46.0 (15742553)|VARIABLE_ASSIGNMENT|[EXTERNAL]|value|"BFFFollow_Controller"
13:34:46.0 (15769058)|VARIABLE_ASSIGNMENT|[6]|this.operation|"BFFFollow_Controller"|0x342d8a94
13:34:46.0 (15785331)|STATEMENT_EXECUTE|[10]
13:34:46.0 (15893734)|VARIABLE_ASSIGNMENT|[EXTERNAL]|this|{"operation":"BFFFollow_Controller"}|0x342d8a94
13:34:46.0 (15917351)|VARIABLE_ASSIGNMENT|[EXTERNAL]|value|"{\"mode\":\"saveFollowe (112 more) ..."
13:34:46.0 (15939644)|VARIABLE_ASSIGNMENT|[9]|this.input|"{\"mode\":\"saveFollowe (112 more) ..."|0x342d8a94
13:34:46.0 (15953706)|STATEMENT_EXECUTE|[11]
13:34:46.0 (16062556)|VARIABLE_ASSIGNMENT|[EXTERNAL]|this|{"input":"{\"mode\":\"saveFollowe (112 more) ...","operation":"BFFFollow_Controller"}|0x342d8a94
13:34:46.0 (16089261)|VARIABLE_ASSIGNMENT|[EXTERNAL]|value|true
13:34:46.0 (16100115)|HEAP_ALLOCATE|[18]|Bytes:5
13:34:46.0 (16115160)|VARIABLE_ASSIGNMENT|[18]|this.debug|true|0x342d8a94
13:34:46.0 (16128793)|STATEMENT_EXECUTE|[13]
13:34:46.0 (16180377)|METHOD_ENTRY|[13]|01p50000002CIEo|ETLC_ApexBridge_Data.toJSON()
13:34:46.0 (16208395)|VARIABLE_SCOPE_BEGIN|[57]|this|ETLC_ApexBridge_Data|true|false
13:34:46.0 (16248212)|VARIABLE_ASSIGNMENT|[57]|this|{"debug":true,"input":"{\"mode\":\"saveFollowe (112 more) ...","operation":"BFFFollow_Controller"}|0x342d8a94
13:34:46.0 (16270555)|STATEMENT_EXECUTE|[57]
13:34:46.0 (16273156)|STATEMENT_EXECUTE|[58]
13:34:46.0 (16331818)|HEAP_ALLOCATE|[58]|Bytes:24
13:34:46.0 (16350033)|SYSTEM_METHOD_ENTRY|[1]|JSON.JSON()
13:34:46.0 (16354549)|STATEMENT_EXECUTE|[1]
13:34:46.0 (16367262)|SYSTEM_METHOD_EXIT|[1]|JSON
13:34:46.0 (16389377)|METHOD_ENTRY|[58]||System.JSON.serialize(Object)
13:34:46.0 (16598550)|STATEMENT_EXECUTE|[22]
13:34:46.0 (16606100)|STATEMENT_EXECUTE|[23]
13:34:46.0 (16620874)|HEAP_ALLOCATE|[23]|Bytes:5
13:34:46.0 (16640570)|VARIABLE_ASSIGNMENT|[23]|this.isSuccess|true|0x342d8a94
13:34:46.0 (16646051)|STATEMENT_EXECUTE|[24]
13:34:46.0 (16758382)|STATEMENT_EXECUTE|[31]
13:34:46.0 (16766017)|STATEMENT_EXECUTE|[32]
13:34:46.0 (16779128)|HEAP_ALLOCATE|[32]|Bytes:4
13:34:46.0 (16968444)|VARIABLE_ASSIGNMENT|[32]|this.messages|{"s":1,"v":{}}|0x342d8a94
13:34:46.0 (16975034)|STATEMENT_EXECUTE|[33]
13:34:46.0 (17687066)|METHOD_EXIT|[58]||System.JSON.serialize(Object)
13:34:46.0 (17701480)|METHOD_EXIT|[13]|01p50000002CIEo|ETLC_ApexBridge_Data.toJSON()
13:34:46.0 (18956245)|HEAP_ALLOCATE|[13]|Bytes:1
13:34:46.0 (18971025)|HEAP_ALLOCATE|[13]|Bytes:10
13:34:46.0 (19004872)|METHOD_ENTRY|[1]|01p50000002CIEm|ETLC_ApexBridge_Controller.ETLC_ApexBridge_Controller()
13:34:46.0 (19012179)|STATEMENT_EXECUTE|[1]
13:34:46.0 (19019225)|STATEMENT_EXECUTE|[1]
13:34:46.0 (19030045)|METHOD_EXIT|[1]|ETLC_ApexBridge_Controller
13:34:46.0 (19076586)|METHOD_ENTRY|[13]|01p50000002CIEm|ETLC_ApexBridge_Controller.execute(String)
13:34:46.0 (19095905)|VARIABLE_SCOPE_BEGIN|[3]|dataJson|String|false|false
13:34:46.0 (19115322)|VARIABLE_ASSIGNMENT|[3]|dataJson|"{\"records\":null,\"out (272 more) ..."
13:34:46.0 (19135032)|STATEMENT_EXECUTE|[3]
13:34:46.0 (19137975)|STATEMENT_EXECUTE|[4]
13:34:46.0 (19152553)|VARIABLE_SCOPE_BEGIN|[4]|data|ETLC_ApexBridge_Data|true|false
13:34:46.0 (19164439)|VARIABLE_ASSIGNMENT|[4]|data|null|
13:34:46.0 (19167975)|STATEMENT_EXECUTE|[5]
13:34:46.0 (19170241)|STATEMENT_EXECUTE|[5]
13:34:46.0 (19172414)|STATEMENT_EXECUTE|[6]
13:34:46.0 (19200338)|METHOD_ENTRY|[6]|01p50000002CIEo|ETLC_ApexBridge_Data.fromJSON(String)
13:34:46.0 (19254906)|VARIABLE_SCOPE_BEGIN|[60]|strJson|String|false|false
13:34:46.0 (19269120)|VARIABLE_ASSIGNMENT|[60]|strJson|"{\"records\":null,\"out (272 more) ..."
13:34:46.0 (19282616)|STATEMENT_EXECUTE|[60]
13:34:46.0 (19285104)|STATEMENT_EXECUTE|[61]
13:34:46.0 (19297060)|HEAP_ALLOCATE|[61]|Bytes:20
13:34:46.0 (19416149)|HEAP_ALLOCATE|[61]|Bytes:24
13:34:46.0 (19438484)|SYSTEM_METHOD_ENTRY|[1]|Type.Type()
13:34:46.0 (19442892)|STATEMENT_EXECUTE|[1]
13:34:46.0 (19455165)|SYSTEM_METHOD_EXIT|[1]|Type
13:34:46.0 (19464459)|HEAP_ALLOCATE|[61]|Bytes:8
13:34:46.0 (19489069)|HEAP_ALLOCATE|[61]|Bytes:8
13:34:46.0 (19498792)|VARIABLE_SCOPE_BEGIN|[4]|this|System.Type|true|false
13:34:46.0 (19561642)|VARIABLE_ASSIGNMENT|[4]|this|{}|0x1999c03b
13:34:46.0 (19568638)|VARIABLE_SCOPE_BEGIN|[4]|apextype|java:common.apex.runtime.ApexObjectType|true|false
13:34:46.0 (19885213)|VARIABLE_ASSIGNMENT|[4]|apextype|"ETLC_ApexBridge_Data"|0x594c77f3
13:34:46.0 (19964270)|HEAP_ALLOCATE|[61]|Bytes:8
13:34:46.0 (19990609)|METHOD_ENTRY|[61]||System.JSON.deserializeStrict(String, System.Type)
13:34:46.0 (20984274)|METHOD_EXIT|[61]||System.JSON.deserializeStrict(String, System.Type)
13:34:46.0 (21004995)|METHOD_EXIT|[6]|01p50000002CIEo|ETLC_ApexBridge_Data.fromJSON(String)
13:34:46.0 (21070314)|VARIABLE_ASSIGNMENT|[6]|data|{"debug":true,"input":"{\"mode\":\"saveFollowe (112 more) ...","isSuccess":true,"messages":"0x7649c07d","operation":"BFFFollow_Controller"}|0x21064e97
13:34:46.0 (21078917)|STATEMENT_EXECUTE|[7]
13:34:46.0 (21094844)|HEAP_ALLOCATE|[7]|Bytes:6
13:34:46.0 (21238255)|HEAP_ALLOCATE|[7]|Bytes:278
13:34:46.0 (21272879)|HEAP_ALLOCATE|[7]|Bytes:284
13:34:46.0 (21305719)|USER_DEBUG|[7]|DEBUG|data::ETLC_ApexBridge_Data:[debug=true, input={"mode":"saveFollowedUsers","followedById":"00550000005cg71AAA","followedUsers":[{"005":{"name":"user 1"},"006":{"name":"User 2"}}]}, isSuccess=true, messages={}, operation=BFFFollow_Controller, output=null, outputFlag=null, records=null]
13:34:46.0 (21320473)|STATEMENT_EXECUTE|[8]
13:34:46.0 (21420282)|VARIABLE_ASSIGNMENT|[EXTERNAL]|this|{"debug":true,"input":"{\"mode\":\"saveFollowe (112 more) ...","isSuccess":true,"messages":"0x7649c07d","operation":"BFFFollow_Controller"}|0x21064e97
13:34:46.0 (21454798)|METHOD_ENTRY|[8]||System.Type.forName(String)
13:34:46.0 (75049377)|METHOD_EXIT|[8]||System.Type.forName(String)
13:34:46.0 (75089556)|METHOD_ENTRY|[8]||System.Type.newInstance()
13:34:46.0 (77517052)|STATEMENT_EXECUTE|[1]
13:34:46.0 (77533998)|HEAP_ALLOCATE|[33]|Bytes:5
13:34:46.0 (77565553)|METHOD_EXIT|[1]|BFFFollow_Controller
13:34:46.0 (77599624)|HEAP_ALLOCATE|[33]|Bytes:4
13:34:46.0 (77619438)|VARIABLE_SCOPE_BEGIN|[1]|this|BFFFollow_Controller|true|false
13:34:46.0 (77669192)|VARIABLE_ASSIGNMENT|[1]|this|{}|0x2c36cb3d
13:34:46.0 (77684062)|HEAP_ALLOCATE|[33]|Bytes:5
13:34:46.0 (77698813)|HEAP_ALLOCATE|[33]|Bytes:11
13:34:46.0 (77752620)|METHOD_ENTRY|[1]|01p50000002CIEj|ETLC_ApexBridge_Abstract.ETLC_ApexBridge_Abstract()
13:34:46.0 (77760373)|STATEMENT_EXECUTE|[1]
13:34:46.0 (77767076)|STATEMENT_EXECUTE|[1]
13:34:46.0 (77776293)|METHOD_EXIT|[1]|ETLC_ApexBridge_Abstract
13:34:46.0 (77804826)|CONSTRUCTOR_ENTRY|[EXTERNAL]|01p50000002CIEj|<init>()
13:34:46.0 (77839630)|VARIABLE_SCOPE_BEGIN|[1]|this|ETLC_ApexBridge_Abstract|true|false
13:34:46.0 (77862918)|VARIABLE_ASSIGNMENT|[1]|this|{}|0x2c36cb3d
13:34:46.0 (77891573)|STATEMENT_EXECUTE|[1]
13:34:46.0 (77900688)|CONSTRUCTOR_EXIT|[EXTERNAL]|01p50000002CIEj|<init>()
13:34:46.0 (77909514)|STATEMENT_EXECUTE|[1]
13:34:46.0 (77917588)|HEAP_ALLOCATE|[33]|Bytes:5
13:34:46.0 (77962944)|METHOD_EXIT|[8]||System.Type.newInstance()
13:34:46.0 (77981735)|VARIABLE_SCOPE_BEGIN|[8]|executor|ETLC_ApexBridge_Abstract|true|false
13:34:46.0 (78004137)|VARIABLE_ASSIGNMENT|[8]|executor|{}|0x2c36cb3d
13:34:46.0 (78010536)|STATEMENT_EXECUTE|[9]
13:34:46.0 (78087788)|METHOD_ENTRY|[9]|01p50000002D8iw|BFFFollow_Controller.process(ETLC_ApexBridge_Data)
13:34:46.0 (78134858)|VARIABLE_SCOPE_BEGIN|[2]|this|BFFFollow_Controller|true|false
13:34:46.0 (78157573)|VARIABLE_ASSIGNMENT|[2]|this|{}|0x2c36cb3d
13:34:46.0 (78166592)|VARIABLE_SCOPE_BEGIN|[2]|data|ETLC_ApexBridge_Data|true|false
13:34:46.0 (78237855)|VARIABLE_ASSIGNMENT|[2]|data|{"debug":true,"input":"{\"mode\":\"saveFollowe (112 more) ...","isSuccess":true,"messages":"0x7649c07d","operation":"BFFFollow_Controller"}|0x21064e97
13:34:46.0 (78262417)|HEAP_ALLOCATE|[3]|Bytes:5
13:34:46.0 (78269900)|STATEMENT_EXECUTE|[2]
13:34:46.0 (78393710)|VARIABLE_ASSIGNMENT|[EXTERNAL]|this|{"debug":true,"input":"{\"mode\":\"saveFollowe (112 more) ...","isSuccess":true,"messages":"0x7649c07d","operation":"BFFFollow_Controller"}|0x21064e97
13:34:46.0 (78424049)|STATEMENT_EXECUTE|[3]
13:34:46.0 (78503410)|USER_DEBUG|[3]|DEBUG|ETLC_ApexBridge_Data:[debug=true, input={"mode":"saveFollowedUsers","followedById":"00550000005cg71AAA","followedUsers":[{"005":{"name":"user 1"},"006":{"name":"User 2"}}]}, isSuccess=true, messages={}, operation=BFFFollow_Controller, output=null, outputFlag=null, records=null]
13:34:46.0 (78519739)|STATEMENT_EXECUTE|[5]
13:34:46.0 (78533130)|HEAP_ALLOCATE|[5]|Bytes:4
13:34:46.0 (78564216)|METHOD_ENTRY|[5]|01p50000002CIEo|ETLC_ApexBridge_Data.getInputValue(String)
13:34:46.0 (78603072)|VARIABLE_SCOPE_BEGIN|[52]|this|ETLC_ApexBridge_Data|true|false
13:34:46.0 (78653329)|VARIABLE_ASSIGNMENT|[52]|this|{"debug":true,"input":"{\"mode\":\"saveFollowe (112 more) ...","isSuccess":true,"messages":"0x7649c07d","operation":"BFFFollow_Controller"}|0x21064e97
13:34:46.0 (78665279)|VARIABLE_SCOPE_BEGIN|[52]|key|String|false|false
13:34:46.0 (78673943)|VARIABLE_ASSIGNMENT|[52]|key|"mode"
13:34:46.0 (78687305)|STATEMENT_EXECUTE|[52]
13:34:46.0 (78689798)|STATEMENT_EXECUTE|[53]
13:34:46.0 (78793575)|VARIABLE_ASSIGNMENT|[EXTERNAL]|this|{"debug":true,"input":"{\"mode\":\"saveFollowe (112 more) ...","isSuccess":true,"messages":"0x7649c07d","operation":"BFFFollow_Controller"}|0x21064e97
13:34:46.0 (78829319)|METHOD_ENTRY|[53]||System.JSON.deserializeUntyped(String)
13:34:46.0 (79947197)|METHOD_EXIT|[53]||System.JSON.deserializeUntyped(String)
13:34:46.0 (79964229)|VARIABLE_SCOPE_BEGIN|[53]|inputMap|Map<String,ANY>|true|false
13:34:46.0 (80006049)|HEAP_ALLOCATE|[EXTERNAL]|Bytes:8
13:34:46.0 (80056349)|VARIABLE_ASSIGNMENT|[53]|inputMap|{"s":1,"v":{"mode":"saveFollowedUsers","followedById":"00550000005cg71AAA","followedUsers":{"s":2,"v":[{"s":3,"v":{"005":{"s":4,"v":{"name":"user 1"}},"006":{"s":5,"v":{"name":"User 2"}}}}]}}}|0x1297b36b
13:34:46.0 (80064309)|STATEMENT_EXECUTE|[54]
13:34:46.0 (80134579)|METHOD_EXIT|[5]|01p50000002CIEo|ETLC_ApexBridge_Data.getInputValue(String)
13:34:46.0 (80145216)|VARIABLE_SCOPE_BEGIN|[5]|mode|String|false|false
13:34:46.0 (80157867)|VARIABLE_ASSIGNMENT|[5]|mode|"saveFollowedUsers"
13:34:46.0 (80162308)|STATEMENT_EXECUTE|[7]
13:34:46.0 (80174939)|HEAP_ALLOCATE|[7]|Bytes:6
13:34:46.0 (80191241)|HEAP_ALLOCATE|[7]|Bytes:23
13:34:46.0 (80235653)|USER_DEBUG|[7]|DEBUG|mode::saveFollowedUsers
13:34:46.0 (80253322)|HEAP_ALLOCATE|[8]|Bytes:18
13:34:46.0 (80288813)|HEAP_ALLOCATE|[12]|Bytes:17
13:34:46.0 (80312089)|STATEMENT_EXECUTE|[12]
13:34:46.0 (80315862)|STATEMENT_EXECUTE|[13]
13:34:46.0 (80327652)|HEAP_ALLOCATE|[13]|Bytes:12
13:34:46.0 (80349288)|METHOD_ENTRY|[13]|01p50000002CIEo|ETLC_ApexBridge_Data.getInputValue(String)
13:34:46.0 (80369261)|VARIABLE_SCOPE_BEGIN|[52]|this|ETLC_ApexBridge_Data|true|false
13:34:46.0 (80422307)|VARIABLE_ASSIGNMENT|[52]|this|{"debug":true,"input":"{\"mode\":\"saveFollowe (112 more) ...","isSuccess":true,"messages":"0x7649c07d","operation":"BFFFollow_Controller"}|0x21064e97
13:34:46.0 (80429613)|VARIABLE_SCOPE_BEGIN|[52]|key|String|false|false
13:34:46.0 (80437542)|VARIABLE_ASSIGNMENT|[52]|key|"followedById"
13:34:46.0 (80451029)|STATEMENT_EXECUTE|[52]
13:34:46.0 (80453804)|STATEMENT_EXECUTE|[53]
13:34:46.0 (80516935)|VARIABLE_ASSIGNMENT|[EXTERNAL]|this|{"debug":true,"input":"{\"mode\":\"saveFollowe (112 more) ...","isSuccess":true,"messages":"0x7649c07d","operation":"BFFFollow_Controller"}|0x21064e97
13:34:46.0 (80540960)|METHOD_ENTRY|[53]||System.JSON.deserializeUntyped(String)
13:34:46.0 (81172171)|METHOD_EXIT|[53]||System.JSON.deserializeUntyped(String)
13:34:46.0 (81187721)|VARIABLE_SCOPE_BEGIN|[53]|inputMap|Map<String,ANY>|true|false
13:34:46.0 (81213324)|HEAP_ALLOCATE|[EXTERNAL]|Bytes:8
13:34:46.0 (81250952)|VARIABLE_ASSIGNMENT|[53]|inputMap|{"s":1,"v":{"mode":"saveFollowedUsers","followedById":"00550000005cg71AAA","followedUsers":{"s":2,"v":[{"s":3,"v":{"005":{"s":4,"v":{"name":"user 1"}},"006":{"s":5,"v":{"name":"User 2"}}}}]}}}|0x763c73bc
13:34:46.0 (81257908)|STATEMENT_EXECUTE|[54]
13:34:46.0 (81293123)|METHOD_EXIT|[13]|01p50000002CIEo|ETLC_ApexBridge_Data.getInputValue(String)
13:34:46.0 (81317552)|HEAP_ALLOCATE|[13]|Bytes:4
13:34:46.0 (81327667)|HEAP_ALLOCATE|[13]|Bytes:13
13:34:46.0 (81346495)|METHOD_ENTRY|[13]|01p50000002CIEo|ETLC_ApexBridge_Data.getInputValue(String)
13:34:46.0 (81354610)|VARIABLE_SCOPE_BEGIN|[52]|this|ETLC_ApexBridge_Data|true|false
13:34:46.0 (81403228)|VARIABLE_ASSIGNMENT|[52]|this|{"debug":true,"input":"{\"mode\":\"saveFollowe (112 more) ...","isSuccess":true,"messages":"0x7649c07d","operation":"BFFFollow_Controller"}|0x21064e97
13:34:46.0 (81410177)|VARIABLE_SCOPE_BEGIN|[52]|key|String|false|false
13:34:46.0 (81417720)|VARIABLE_ASSIGNMENT|[52]|key|"FollowedUsers"
13:34:46.0 (81429393)|STATEMENT_EXECUTE|[52]
13:34:46.0 (81431607)|STATEMENT_EXECUTE|[53]
13:34:46.0 (81508148)|VARIABLE_ASSIGNMENT|[EXTERNAL]|this|{"debug":true,"input":"{\"mode\":\"saveFollowe (112 more) ...","isSuccess":true,"messages":"0x7649c07d","operation":"BFFFollow_Controller"}|0x21064e97
13:34:46.0 (81530390)|METHOD_ENTRY|[53]||System.JSON.deserializeUntyped(String)
13:34:46.0 (82147504)|METHOD_EXIT|[53]||System.JSON.deserializeUntyped(String)
13:34:46.0 (82162349)|VARIABLE_SCOPE_BEGIN|[53]|inputMap|Map<String,ANY>|true|false
13:34:46.0 (82187436)|HEAP_ALLOCATE|[EXTERNAL]|Bytes:8
13:34:46.0 (82225110)|VARIABLE_ASSIGNMENT|[53]|inputMap|{"s":1,"v":{"mode":"saveFollowedUsers","followedById":"00550000005cg71AAA","followedUsers":{"s":2,"v":[{"s":3,"v":{"005":{"s":4,"v":{"name":"user 1"}},"006":{"s":5,"v":{"name":"User 2"}}}}]}}}|0x78d6c0bf
13:34:46.0 (82233043)|STATEMENT_EXECUTE|[54]
13:34:46.0 (82266641)|METHOD_EXIT|[13]|01p50000002CIEo|ETLC_ApexBridge_Data.getInputValue(String)
13:34:46.0 (82296461)|METHOD_ENTRY|[13]|01p50000002D8iw|BFFFollow_Controller.saveFollowedUsers(Id, String)
13:34:46.0 (82313939)|VARIABLE_SCOPE_BEGIN|[35]|this|BFFFollow_Controller|true|false
13:34:46.0 (82338965)|VARIABLE_ASSIGNMENT|[35]|this|{}|0x2c36cb3d
13:34:46.0 (82349670)|VARIABLE_SCOPE_BEGIN|[35]|followedById|Id|false|false
13:34:46.0 (82522021)|VARIABLE_ASSIGNMENT|[35]|followedById|"00550000005cg71AAA"
13:34:46.0 (82534138)|VARIABLE_SCOPE_BEGIN|[35]|followedUsers|String|false|false
13:34:46.0 (82541334)|VARIABLE_ASSIGNMENT|[35]|followedUsers|null
13:34:46.0 (82562594)|HEAP_ALLOCATE|[36]|Bytes:5
13:34:46.0 (82570330)|STATEMENT_EXECUTE|[35]
13:34:46.0 (82572651)|STATEMENT_EXECUTE|[36]
13:34:46.0 (82584914)|HEAP_ALLOCATE|[36]|Bytes:46
13:34:46.0 (82649850)|HEAP_ALLOCATE|[36]|Bytes:18
13:34:46.0 (82671347)|HEAP_ALLOCATE|[36]|Bytes:9
13:34:46.0 (82691550)|HEAP_ALLOCATE|[36]|Bytes:73
13:34:46.0 (82700477)|VARIABLE_SCOPE_BEGIN|[36]|soql1|String|false|false
13:34:46.0 (82715083)|VARIABLE_ASSIGNMENT|[36]|soql1|"SELECT Id FROM BFFFo (53 more) ..."
13:34:46.0 (82720037)|STATEMENT_EXECUTE|[38]
13:34:46.0 (82722282)|STATEMENT_EXECUTE|[38]
13:34:46.0 (82723964)|STATEMENT_EXECUTE|[39]
13:34:46.0 (111362260)|HEAP_ALLOCATE|[39]|Bytes:9
13:34:46.0 (111384892)|HEAP_ALLOCATE|[39]|Bytes:29
13:34:46.0 (111391288)|HEAP_ALLOCATE|[39]|Bytes:21
13:34:46.0 (111429123)|METHOD_ENTRY|[7]|01p50000002CIEt|ETLC_SecuredDB.ETLC_SecuredDB()
13:34:46.0 (111437208)|STATEMENT_EXECUTE|[7]
13:34:46.0 (111445232)|STATEMENT_EXECUTE|[7]
13:34:46.0 (111455132)|HEAP_ALLOCATE|[39]|Bytes:5
13:34:46.0 (111473536)|METHOD_EXIT|[7]|ETLC_SecuredDB
13:34:46.0 (111533752)|METHOD_ENTRY|[39]|01p50000002CIEt|ETLC_SecuredDB.query(String)
13:34:46.0 (111585938)|VARIABLE_SCOPE_BEGIN|[10]|SOQL|String|false|false
13:34:46.0 (111616871)|VARIABLE_ASSIGNMENT|[10]|SOQL|"SELECT Id FROM BFFFo (53 more) ..."
13:34:46.0 (111640775)|HEAP_ALLOCATE|[12]|Bytes:5
13:34:46.0 (111647680)|STATEMENT_EXECUTE|[10]
13:34:46.0 (111650045)|STATEMENT_EXECUTE|[12]
13:34:46.0 (112358648)|EXCEPTION_THROWN|[12]|System.QueryException: No such column 'FollowedBy' on entity 'BFFFollow__c'. If you are attempting to use a custom field, be sure to append the '__c' after the custom field name. Please reference your WSDL or the describe call for the appropriate names.
13:34:46.0 (112531638)|HEAP_ALLOCATE|[12]|Bytes:234
13:34:46.0 (112564552)|METHOD_EXIT|[39]|01p50000002CIEt|ETLC_SecuredDB.query(String)
13:34:46.0 (112607907)|VARIABLE_SCOPE_BEGIN|[48]|e|Exception|true|false
13:34:46.0 (112763911)|VARIABLE_ASSIGNMENT|[48]|e|"common.apex.runtime.impl.ExecutionException: No such column 'FollowedBy' on entity 'BFFFollow__c'. If you are attempting to use a custom field, be sure to append the '__c' after the custom field name. Please reference your WSDL or the describe call for the appropriate names."|0x2781b6d8
13:34:46.0 (112773239)|STATEMENT_EXECUTE|[48]
13:34:46.0 (112775589)|STATEMENT_EXECUTE|[49]
13:34:46.0 (112841791)|HEAP_ALLOCATE|[49]|Bytes:230
13:34:46.0 (112899024)|USER_DEBUG|[49]|DEBUG|No such column 'FollowedBy' on entity 'BFFFollow__c'. If you are attempting to use a custom field, be sure to append the '__c' after the custom field name. Please reference your WSDL or the describe call for the appropriate names.
13:34:46.0 (112913095)|STATEMENT_EXECUTE|[51]
13:34:46.0 (112928029)|HEAP_ALLOCATE|[51]|Bytes:5
13:34:46.0 (112945335)|METHOD_EXIT|[13]|01p50000002D8iw|BFFFollow_Controller.saveFollowedUsers(Id, String)
13:34:46.0 (113065558)|VARIABLE_ASSIGNMENT|[EXTERNAL]|this|{"debug":true,"input":"{\"mode\":\"saveFollowe (112 more) ...","isSuccess":true,"messages":"0x7649c07d","operation":"BFFFollow_Controller"}|0x21064e97
13:34:46.0 (113086395)|VARIABLE_ASSIGNMENT|[EXTERNAL]|value|false
13:34:46.0 (113103208)|HEAP_ALLOCATE|[15]|Bytes:5
13:34:46.0 (113125773)|VARIABLE_ASSIGNMENT|[15]|this.outputFlag|false|0x21064e97
13:34:46.0 (113149665)|METHOD_EXIT|[9]|01p50000002D8iw|BFFFollow_Controller.process(ETLC_ApexBridge_Data)
13:34:46.0 (113157027)|STATEMENT_EXECUTE|[24]
13:34:46.0 (113185375)|METHOD_ENTRY|[24]|01p50000002CIEo|ETLC_ApexBridge_Data.toJSON()
13:34:46.0 (113208145)|VARIABLE_SCOPE_BEGIN|[57]|this|ETLC_ApexBridge_Data|true|false
13:34:46.0 (113258679)|VARIABLE_ASSIGNMENT|[57]|this|{"debug":true,"input":"{\"mode\":\"saveFollowe (112 more) ...","isSuccess":true,"messages":"0x7649c07d","operation":"BFFFollow_Controller","outputFlag":false}|0x21064e97
13:34:46.0 (113275580)|STATEMENT_EXECUTE|[57]
13:34:46.0 (113278500)|STATEMENT_EXECUTE|[58]
13:34:46.0 (113299462)|METHOD_ENTRY|[58]||System.JSON.serialize(Object)
13:34:46.0 (113406317)|STATEMENT_EXECUTE|[22]
13:34:46.0 (113411983)|STATEMENT_EXECUTE|[23]
13:34:46.0 (113420588)|STATEMENT_EXECUTE|[24]
13:34:46.0 (113463842)|STATEMENT_EXECUTE|[31]
13:34:46.0 (113469996)|STATEMENT_EXECUTE|[32]
13:34:46.0 (113478110)|STATEMENT_EXECUTE|[33]
13:34:46.0 (113732173)|METHOD_EXIT|[58]||System.JSON.serialize(Object)
13:34:46.0 (113743532)|METHOD_EXIT|[24]|01p50000002CIEo|ETLC_ApexBridge_Data.toJSON()
13:34:46.0 (113752957)|METHOD_EXIT|[13]|01p50000002CIEm|ETLC_ApexBridge_Controller.execute(String)
13:34:46.0 (113760604)|VARIABLE_SCOPE_BEGIN|[13]|strD2|String|false|false
13:34:46.0 (113776175)|VARIABLE_ASSIGNMENT|[13]|strD2|"{\"records\":null,\"out (273 more) ..."
13:34:46.0 (113781138)|STATEMENT_EXECUTE|[14]
13:34:46.0 (113827748)|USER_DEBUG|[14]|DEBUG|{"records":null,"outputFlag":false,"output":null,"operation":"BFFFollow_Controller","messages":{},"isSuccess":true,"input":"{\"mode\":\"saveFollowedUsers\",\"followedById\":\"00550000005cg71AAA\",\"followedUsers\":[{\"005\":{\"name\":\"user 1\"},\"006\":{\"name\":\"User 2\"}}]}","debug":true}
13:34:46.0 (113842078)|STATEMENT_EXECUTE|[15]
13:34:46.0 (113862526)|METHOD_ENTRY|[15]|01p50000002CIEo|ETLC_ApexBridge_Data.fromJSON(String)
13:34:46.0 (113881547)|VARIABLE_SCOPE_BEGIN|[60]|strJson|String|false|false
13:34:46.0 (113894504)|VARIABLE_ASSIGNMENT|[60]|strJson|"{\"records\":null,\"out (273 more) ..."
13:34:46.0 (113906591)|STATEMENT_EXECUTE|[60]
13:34:46.0 (113909067)|STATEMENT_EXECUTE|[61]
13:34:46.0 (113976591)|HEAP_ALLOCATE|[61]|Bytes:8
13:34:46.0 (113985188)|HEAP_ALLOCATE|[61]|Bytes:8
13:34:46.0 (113991434)|VARIABLE_SCOPE_BEGIN|[4]|this|System.Type|true|false
13:34:46.0 (114018785)|VARIABLE_ASSIGNMENT|[4]|this|{}|0x305d13d9
13:34:46.0 (114024851)|VARIABLE_SCOPE_BEGIN|[4]|apextype|java:common.apex.runtime.ApexObjectType|true|false
13:34:46.0 (114173133)|VARIABLE_ASSIGNMENT|[4]|apextype|"ETLC_ApexBridge_Data"|0x594c77f3
13:34:46.0 (114218532)|HEAP_ALLOCATE|[61]|Bytes:8
13:34:46.0 (114237368)|METHOD_ENTRY|[61]||System.JSON.deserializeStrict(String, System.Type)
13:34:46.0 (114752139)|METHOD_EXIT|[61]||System.JSON.deserializeStrict(String, System.Type)
13:34:46.0 (114774368)|METHOD_EXIT|[15]|01p50000002CIEo|ETLC_ApexBridge_Data.fromJSON(String)
13:34:46.0 (114800522)|VARIABLE_SCOPE_BEGIN|[15]|d2|ETLC_ApexBridge_Data|true|false
13:34:46.0 (114853459)|VARIABLE_ASSIGNMENT|[15]|d2|{"debug":true,"input":"{\"mode\":\"saveFollowe (112 more) ...","isSuccess":true,"messages":"0x33535004","operation":"BFFFollow_Controller","outputFlag":false}|0x19ce17c0
13:34:46.0 (114860107)|STATEMENT_EXECUTE|[16]
13:34:46.0 (114945493)|USER_DEBUG|[16]|DEBUG|ETLC_ApexBridge_Data:[debug=true, input={"mode":"saveFollowedUsers","followedById":"00550000005cg71AAA","followedUsers":[{"005":{"name":"user 1"},"006":{"name":"User 2"}}]}, isSuccess=true, messages={}, operation=BFFFollow_Controller, output=null, outputFlag=false, records=null]
13:34:46.0 (114965263)|SYSTEM_MODE_EXIT|false
13:34:46.114 (114989686)|CUMULATIVE_LIMIT_USAGE
13:34:46.114 (114989686)|LIMIT_USAGE_FOR_NS|(default)|
  Number of SOQL queries: 1 out of 100
  Number of query rows: 1 out of 50000
  Number of SOSL queries: 0 out of 20
  Number of DML statements: 0 out of 150
  Number of DML rows: 0 out of 10000
  Maximum CPU time: 0 out of 10000
  Maximum heap size: 0 out of 6000000
  Number of callouts: 0 out of 100
  Number of Email Invocations: 0 out of 10
  Number of future calls: 0 out of 50
  Number of queueable jobs added to the queue: 0 out of 50
  Number of Mobile Apex push calls: 0 out of 10

13:34:46.114 (114989686)|CUMULATIVE_LIMIT_USAGE_END

13:34:46.0 (115056040)|CODE_UNIT_FINISHED|BFFFollow_Controller_Test.BFFFollow_Controller_Test
13:34:46.0 (117316189)|EXECUTION_FINISHED
