37.0 APEX_CODE,FINEST;APEX_PROFILING,INFO;CALLOUT,INFO;DB,INFO;SYSTEM,DEBUG;VALIDATION,INFO;VISUALFORCE,INFO;WORKFLOW,INFO
21:07:30.0 (83355)|USER_INFO|[EXTERNAL]|00550000005cg71|bfffollow@jr.te|Eastern Standard Time|GMT-04:00
21:07:30.0 (125029)|EXECUTION_STARTED
21:07:30.0 (129934)|CODE_UNIT_STARTED|[EXTERNAL]|aura
21:07:30.0 (477365)|HEAP_ALLOCATE|[72]|Bytes:3
21:07:30.0 (536511)|HEAP_ALLOCATE|[77]|Bytes:152
21:07:30.0 (553564)|HEAP_ALLOCATE|[342]|Bytes:408
21:07:30.0 (568498)|HEAP_ALLOCATE|[355]|Bytes:408
21:07:30.0 (582401)|HEAP_ALLOCATE|[467]|Bytes:48
21:07:30.0 (611154)|HEAP_ALLOCATE|[139]|Bytes:6
21:07:30.0 (633928)|HEAP_ALLOCATE|[EXTERNAL]|Bytes:93
21:07:30.0 (652937)|HEAP_ALLOCATE|[EXTERNAL]|Bytes:93
21:07:30.0 (1786279)|CODE_UNIT_STARTED|[EXTERNAL]|01p50000002CIEm|ETLC_ApexBridge_Controller.execute
21:07:30.0 (1927948)|HEAP_ALLOCATE|[EXTERNAL]|Bytes:1
21:07:30.0 (1934013)|HEAP_ALLOCATE|[EXTERNAL]|Bytes:10
21:07:30.0 (1951600)|METHOD_ENTRY|[1]|01p50000002CIEm|ETLC_ApexBridge_Controller.ETLC_ApexBridge_Controller()
21:07:30.0 (1956496)|STATEMENT_EXECUTE|[1]
21:07:30.0 (1962258)|STATEMENT_EXECUTE|[1]
21:07:30.0 (1968567)|METHOD_EXIT|[1]|ETLC_ApexBridge_Controller
21:07:30.0 (1972810)|HEAP_ALLOCATE|[EXTERNAL]|Bytes:93
21:07:30.0 (1987960)|SYSTEM_MODE_ENTER|false
21:07:30.0 (1997513)|VARIABLE_SCOPE_BEGIN|[3]|dataJson|String|false|false
21:07:30.0 (2028417)|VARIABLE_ASSIGNMENT|[3]|dataJson|"{\"operation\":\"BFFFol (73 more) ..."
21:07:30.0 (2046459)|STATEMENT_EXECUTE|[3]
21:07:30.0 (2048236)|STATEMENT_EXECUTE|[4]
21:07:30.0 (2149454)|VARIABLE_SCOPE_BEGIN|[4]|data|ETLC_ApexBridge_Data|true|false
21:07:30.0 (2161633)|VARIABLE_ASSIGNMENT|[4]|data|null|
21:07:30.0 (2164383)|STATEMENT_EXECUTE|[5]
21:07:30.0 (2165587)|STATEMENT_EXECUTE|[5]
21:07:30.0 (2166792)|STATEMENT_EXECUTE|[6]
21:07:30.0 (2184063)|HEAP_ALLOCATE|[6]|Bytes:11
21:07:30.0 (2190029)|HEAP_ALLOCATE|[6]|Bytes:248
21:07:30.0 (2192714)|HEAP_ALLOCATE|[6]|Bytes:39
21:07:30.0 (2218484)|METHOD_ENTRY|[2]|01p50000002CIEo|ETLC_ApexBridge_Data.ETLC_ApexBridge_Data()
21:07:30.0 (2221448)|STATEMENT_EXECUTE|[2]
21:07:30.0 (2223961)|STATEMENT_EXECUTE|[2]
21:07:30.0 (2228885)|METHOD_EXIT|[2]|ETLC_ApexBridge_Data
21:07:30.0 (2243100)|METHOD_ENTRY|[6]|01p50000002CIEo|ETLC_ApexBridge_Data.fromJSON(String)
21:07:30.0 (2261894)|VARIABLE_SCOPE_BEGIN|[60]|strJson|String|false|false
21:07:30.0 (2270767)|VARIABLE_ASSIGNMENT|[60]|strJson|"{\"operation\":\"BFFFol (73 more) ..."
21:07:30.0 (2275241)|STATEMENT_EXECUTE|[60]
21:07:30.0 (2276757)|STATEMENT_EXECUTE|[61]
21:07:30.0 (2284992)|HEAP_ALLOCATE|[61]|Bytes:20
21:07:30.0 (2308875)|HEAP_ALLOCATE|[50]|Bytes:5
21:07:30.0 (2335359)|HEAP_ALLOCATE|[56]|Bytes:5
21:07:30.0 (2343898)|HEAP_ALLOCATE|[64]|Bytes:7
21:07:30.0 (2451478)|HEAP_ALLOCATE|[61]|Bytes:24
21:07:30.0 (2465583)|SYSTEM_METHOD_ENTRY|[1]|Type.Type()
21:07:30.0 (2468668)|STATEMENT_EXECUTE|[1]
21:07:30.0 (2476804)|SYSTEM_METHOD_EXIT|[1]|Type
21:07:30.0 (2484635)|HEAP_ALLOCATE|[61]|Bytes:8
21:07:30.0 (2516967)|HEAP_ALLOCATE|[61]|Bytes:8
21:07:30.0 (2522394)|VARIABLE_SCOPE_BEGIN|[4]|this|System.Type|true|false
21:07:30.0 (2559290)|VARIABLE_ASSIGNMENT|[4]|this|{}|0x36ef7e3a
21:07:30.0 (2562940)|VARIABLE_SCOPE_BEGIN|[4]|apextype|java:common.apex.runtime.ApexObjectType|true|false
21:07:30.0 (2674980)|VARIABLE_ASSIGNMENT|[4]|apextype|"ETLC_ApexBridge_Data"|0x26fc2083
21:07:30.0 (2741440)|HEAP_ALLOCATE|[61]|Bytes:8
21:07:30.0 (2782416)|HEAP_ALLOCATE|[61]|Bytes:24
21:07:30.0 (2795459)|SYSTEM_METHOD_ENTRY|[1]|JSON.JSON()
21:07:30.0 (2798040)|STATEMENT_EXECUTE|[1]
21:07:30.0 (2804273)|SYSTEM_METHOD_EXIT|[1]|JSON
21:07:30.0 (2817284)|METHOD_ENTRY|[61]||System.JSON.deserializeStrict(String, System.Type)
21:07:30.0 (3084675)|METHOD_EXIT|[61]||System.JSON.deserializeStrict(String, System.Type)
21:07:30.0 (3096518)|METHOD_EXIT|[6]|01p50000002CIEo|ETLC_ApexBridge_Data.fromJSON(String)
21:07:30.0 (3131684)|VARIABLE_ASSIGNMENT|[6]|data|{"debug":true,"input":"{\"mode\":\"fetchFollow (9 more) ...","operation":"BFFFollow_Controller"}|0x4a4e3432
21:07:30.0 (3136888)|STATEMENT_EXECUTE|[7]
21:07:30.0 (3146286)|HEAP_ALLOCATE|[7]|Bytes:6
21:07:30.0 (3212959)|HEAP_ALLOCATE|[7]|Bytes:177
21:07:30.0 (3233893)|HEAP_ALLOCATE|[7]|Bytes:183
21:07:30.0 (3258873)|USER_DEBUG|[7]|DEBUG|data::ETLC_ApexBridge_Data:[debug=true, input={"mode":"fetchFollowedUsers"}, isSuccess=null, messages=null, operation=BFFFollow_Controller, output=null, outputFlag=null, records=null]
21:07:30.0 (3266954)|STATEMENT_EXECUTE|[8]
21:07:30.0 (3318112)|VARIABLE_ASSIGNMENT|[EXTERNAL]|this|{"debug":true,"input":"{\"mode\":\"fetchFollow (9 more) ...","operation":"BFFFollow_Controller"}|0x4a4e3432
21:07:30.0 (3337601)|METHOD_ENTRY|[8]||System.Type.forName(String)
21:07:30.0 (3557574)|METHOD_EXIT|[8]||System.Type.forName(String)
21:07:30.0 (3569250)|METHOD_ENTRY|[8]||System.Type.newInstance()
21:07:30.0 (3695877)|STATEMENT_EXECUTE|[1]
21:07:30.0 (3706998)|HEAP_ALLOCATE|[33]|Bytes:5
21:07:30.0 (3721337)|METHOD_EXIT|[1]|BFFFollow_Controller
21:07:30.0 (3726147)|HEAP_ALLOCATE|[33]|Bytes:4
21:07:30.0 (3729834)|VARIABLE_SCOPE_BEGIN|[1]|this|BFFFollow_Controller|true|false
21:07:30.0 (3746888)|VARIABLE_ASSIGNMENT|[1]|this|{}|0x14211bec
21:07:30.0 (3754979)|HEAP_ALLOCATE|[33]|Bytes:5
21:07:30.0 (3763187)|HEAP_ALLOCATE|[33]|Bytes:11
21:07:30.0 (3773465)|METHOD_ENTRY|[1]|01p50000002CIEj|ETLC_ApexBridge_Abstract.ETLC_ApexBridge_Abstract()
21:07:30.0 (3776295)|STATEMENT_EXECUTE|[1]
21:07:30.0 (3779004)|STATEMENT_EXECUTE|[1]
21:07:30.0 (3783381)|METHOD_EXIT|[1]|ETLC_ApexBridge_Abstract
21:07:30.0 (3792716)|CONSTRUCTOR_ENTRY|[EXTERNAL]|01p50000002CIEj|<init>()
21:07:30.0 (3798134)|VARIABLE_SCOPE_BEGIN|[1]|this|ETLC_ApexBridge_Abstract|true|false
21:07:30.0 (3812899)|VARIABLE_ASSIGNMENT|[1]|this|{}|0x14211bec
21:07:30.0 (3825699)|STATEMENT_EXECUTE|[1]
21:07:30.0 (3832941)|CONSTRUCTOR_EXIT|[EXTERNAL]|01p50000002CIEj|<init>()
21:07:30.0 (3838452)|STATEMENT_EXECUTE|[1]
21:07:30.0 (3842990)|HEAP_ALLOCATE|[33]|Bytes:5
21:07:30.0 (3858771)|METHOD_EXIT|[8]||System.Type.newInstance()
21:07:30.0 (3866323)|VARIABLE_SCOPE_BEGIN|[8]|executor|ETLC_ApexBridge_Abstract|true|false
21:07:30.0 (3880906)|VARIABLE_ASSIGNMENT|[8]|executor|{}|0x14211bec
21:07:30.0 (3883794)|STATEMENT_EXECUTE|[9]
21:07:30.0 (3903911)|METHOD_ENTRY|[9]|01p50000002D8iw|BFFFollow_Controller.process(ETLC_ApexBridge_Data)
21:07:30.0 (3917700)|VARIABLE_SCOPE_BEGIN|[3]|this|BFFFollow_Controller|true|false
21:07:30.0 (3931930)|VARIABLE_ASSIGNMENT|[3]|this|{}|0x14211bec
21:07:30.0 (3934626)|VARIABLE_SCOPE_BEGIN|[3]|data|ETLC_ApexBridge_Data|true|false
21:07:30.0 (3957059)|VARIABLE_ASSIGNMENT|[3]|data|{"debug":true,"input":"{\"mode\":\"fetchFollow (9 more) ...","operation":"BFFFollow_Controller"}|0x4a4e3432
21:07:30.0 (3966318)|HEAP_ALLOCATE|[4]|Bytes:5
21:07:30.0 (3970016)|STATEMENT_EXECUTE|[3]
21:07:30.0 (3971247)|STATEMENT_EXECUTE|[4]
21:07:30.0 (4018760)|VARIABLE_ASSIGNMENT|[EXTERNAL]|this|{"debug":true,"input":"{\"mode\":\"fetchFollow (9 more) ...","operation":"BFFFollow_Controller"}|0x4a4e3432
21:07:30.0 (4040474)|VARIABLE_ASSIGNMENT|[4]|BFFFollow_Controller.debugFlag|true
21:07:30.0 (4076876)|VARIABLE_ASSIGNMENT|[EXTERNAL]|this|{"debug":true,"input":"{\"mode\":\"fetchFollow (9 more) ...","operation":"BFFFollow_Controller"}|0x4a4e3432
21:07:30.0 (4091378)|STATEMENT_EXECUTE|[5]
21:07:30.0 (4099620)|HEAP_ALLOCATE|[5]|Bytes:12
21:07:30.0 (4132036)|HEAP_ALLOCATE|[5]|Bytes:177
21:07:30.0 (4145155)|HEAP_ALLOCATE|[5]|Bytes:189
21:07:30.0 (4159147)|USER_DEBUG|[5]|DEBUG|data BEFORE:ETLC_ApexBridge_Data:[debug=true, input={"mode":"fetchFollowedUsers"}, isSuccess=null, messages=null, operation=BFFFollow_Controller, output=null, outputFlag=null, records=null]
21:07:30.0 (4166364)|STATEMENT_EXECUTE|[7]
21:07:30.0 (4173674)|HEAP_ALLOCATE|[7]|Bytes:4
21:07:30.0 (4184860)|METHOD_ENTRY|[7]|01p50000002CIEo|ETLC_ApexBridge_Data.getInputValue(String)
21:07:30.0 (4197072)|VARIABLE_SCOPE_BEGIN|[52]|this|ETLC_ApexBridge_Data|true|false
21:07:30.0 (4223701)|VARIABLE_ASSIGNMENT|[52]|this|{"debug":true,"input":"{\"mode\":\"fetchFollow (9 more) ...","operation":"BFFFollow_Controller"}|0x4a4e3432
21:07:30.0 (4227800)|VARIABLE_SCOPE_BEGIN|[52]|key|String|false|false
21:07:30.0 (4231557)|VARIABLE_ASSIGNMENT|[52]|key|"mode"
21:07:30.0 (4235401)|STATEMENT_EXECUTE|[52]
21:07:30.0 (4237021)|STATEMENT_EXECUTE|[53]
21:07:30.0 (4281060)|VARIABLE_ASSIGNMENT|[EXTERNAL]|this|{"debug":true,"input":"{\"mode\":\"fetchFollow (9 more) ...","operation":"BFFFollow_Controller"}|0x4a4e3432
21:07:30.0 (4299259)|METHOD_ENTRY|[53]||System.JSON.deserializeUntyped(String)
21:07:30.0 (4534599)|METHOD_EXIT|[53]||System.JSON.deserializeUntyped(String)
21:07:30.0 (4543449)|VARIABLE_SCOPE_BEGIN|[53]|inputMap|Map<String,ANY>|true|false
21:07:30.0 (4572155)|VARIABLE_ASSIGNMENT|[53]|inputMap|{"s":1,"v":{"mode":"fetchFollowedUsers"}}|0x5c32190c
21:07:30.0 (4575908)|STATEMENT_EXECUTE|[54]
21:07:30.0 (4620399)|METHOD_EXIT|[7]|01p50000002CIEo|ETLC_ApexBridge_Data.getInputValue(String)
21:07:30.0 (4626874)|VARIABLE_SCOPE_BEGIN|[7]|mode|String|false|false
21:07:30.0 (4633985)|VARIABLE_ASSIGNMENT|[7]|mode|"fetchFollowedUsers"
21:07:30.0 (4638184)|HEAP_ALLOCATE|[9]|Bytes:18
21:07:30.0 (4669139)|STATEMENT_EXECUTE|[9]
21:07:30.0 (4670988)|STATEMENT_EXECUTE|[10]
21:07:30.0 (4713670)|HEAP_ALLOCATE|[10]|Bytes:85
21:07:30.0 (4728121)|SYSTEM_METHOD_ENTRY|[1]|UserInfo.UserInfo()
21:07:30.0 (4731080)|STATEMENT_EXECUTE|[1]
21:07:30.0 (4738117)|SYSTEM_METHOD_EXIT|[1]|UserInfo
21:07:30.0 (4749967)|METHOD_ENTRY|[10]||System.UserInfo.getUserId()
21:07:30.0 (4783749)|METHOD_EXIT|[10]||System.UserInfo.getUserId()
21:07:30.0 (4798398)|HEAP_ALLOCATE|[10]|Bytes:4
21:07:30.0 (4814387)|METHOD_ENTRY|[10]|01p50000002D8iw|BFFFollow_Controller.fetchFollowedUsers(Id)
21:07:30.0 (4823187)|VARIABLE_SCOPE_BEGIN|[24]|this|BFFFollow_Controller|true|false
21:07:30.0 (4838417)|VARIABLE_ASSIGNMENT|[24]|this|{}|0x14211bec
21:07:30.0 (4843172)|VARIABLE_SCOPE_BEGIN|[24]|followedById|Id|false|false
21:07:30.0 (4900562)|VARIABLE_ASSIGNMENT|[24]|followedById|"00550000005cg71AAA"
21:07:30.0 (4912236)|HEAP_ALLOCATE|[25]|Bytes:5
21:07:30.0 (4916359)|STATEMENT_EXECUTE|[24]
21:07:30.0 (4917763)|STATEMENT_EXECUTE|[25]
21:07:30.0 (4925914)|HEAP_ALLOCATE|[25]|Bytes:63
21:07:30.0 (4958559)|HEAP_ALLOCATE|[25]|Bytes:18
21:07:30.0 (4969651)|HEAP_ALLOCATE|[25]|Bytes:9
21:07:30.0 (4980112)|HEAP_ALLOCATE|[25]|Bytes:90
21:07:30.0 (4984487)|VARIABLE_SCOPE_BEGIN|[25]|soql|String|false|false
21:07:30.0 (4992857)|VARIABLE_ASSIGNMENT|[25]|soql|"SELECT FollowedUsers (70 more) ..."
21:07:30.0 (4995607)|STATEMENT_EXECUTE|[26]
21:07:30.0 (4996840)|STATEMENT_EXECUTE|[26]
21:07:30.0 (5004116)|STATEMENT_EXECUTE|[27]
21:07:30.0 (5006310)|STATEMENT_EXECUTE|[27]
21:07:30.0 (5013475)|HEAP_ALLOCATE|[27]|Bytes:24
21:07:30.0 (5019521)|HEAP_ALLOCATE|[27]|Bytes:114
21:07:30.0 (5048758)|USER_DEBUG|[27]|DEBUG|fetchFollowedUsers:soql:SELECT FollowedUsers__c FROM BFFFollow__c WHERE FollowedBy__c='00550000005cg71AAA' limit 1
21:07:30.0 (5057209)|STATEMENT_EXECUTE|[28]
21:07:30.0 (8190948)|HEAP_ALLOCATE|[28]|Bytes:9
21:07:30.0 (8199045)|HEAP_ALLOCATE|[28]|Bytes:29
21:07:30.0 (8202108)|HEAP_ALLOCATE|[28]|Bytes:21
21:07:30.0 (8225930)|METHOD_ENTRY|[7]|01p50000002CIEt|ETLC_SecuredDB.ETLC_SecuredDB()
21:07:30.0 (8229242)|STATEMENT_EXECUTE|[7]
21:07:30.0 (8233508)|STATEMENT_EXECUTE|[7]
21:07:30.0 (8239429)|HEAP_ALLOCATE|[28]|Bytes:5
21:07:30.0 (8249208)|METHOD_EXIT|[7]|ETLC_SecuredDB
21:07:30.0 (8281247)|METHOD_ENTRY|[28]|01p50000002CIEt|ETLC_SecuredDB.query(String)
21:07:30.0 (8338905)|VARIABLE_SCOPE_BEGIN|[10]|SOQL|String|false|false
21:07:30.0 (8348742)|VARIABLE_ASSIGNMENT|[10]|SOQL|"SELECT FollowedUsers (70 more) ..."
21:07:30.0 (8357920)|HEAP_ALLOCATE|[12]|Bytes:5
21:07:30.0 (8361866)|STATEMENT_EXECUTE|[10]
21:07:30.0 (8363273)|STATEMENT_EXECUTE|[12]
21:07:30.0 (9537763)|SOQL_EXECUTE_BEGIN|[12]|Aggregations:0|SELECT FollowedUsers__c FROM BFFFollow__c WHERE FollowedBy__c='00550000005cg71AAA' limit 1
21:07:30.0 (13204887)|SOQL_EXECUTE_END|[12]|Rows:1
21:07:30.0 (13227876)|HEAP_ALLOCATE|[12]|Bytes:8
21:07:30.0 (13239387)|HEAP_ALLOCATE|[12]|Bytes:158
21:07:30.0 (13319199)|HEAP_ALLOCATE|[12]|Bytes:8
21:07:30.0 (13332128)|VARIABLE_SCOPE_BEGIN|[12]|dbRecords|List<SObject>|true|false
21:07:30.0 (13365027)|VARIABLE_ASSIGNMENT|[12]|dbRecords|{"s":1,"v":[{"s":2,"v":{"FollowedUsers__c":"[{\"id\":\"00550000005d (85 more) ...","Id":"a005000000ezW4dAAE"}}]}|0x4cc59b9c
21:07:30.0 (13369183)|STATEMENT_EXECUTE|[20]
21:07:30.0 (13589575)|HEAP_ALLOCATE|[20]|Bytes:12
21:07:30.0 (13596810)|HEAP_ALLOCATE|[20]|Bytes:8
21:07:30.0 (13645706)|HEAP_ALLOCATE|[20]|Bytes:12
21:07:30.0 (13650787)|HEAP_ALLOCATE|[20]|Bytes:9
21:07:30.0 (13662792)|HEAP_ALLOCATE|[20]|Bytes:12
21:07:30.0 (13665973)|HEAP_ALLOCATE|[20]|Bytes:8
21:07:30.0 (13675342)|HEAP_ALLOCATE|[20]|Bytes:12
21:07:30.0 (13678334)|HEAP_ALLOCATE|[20]|Bytes:8
21:07:30.0 (13687464)|HEAP_ALLOCATE|[20]|Bytes:12
21:07:30.0 (13690390)|HEAP_ALLOCATE|[20]|Bytes:9
21:07:30.0 (13715019)|METHOD_ENTRY|[20]|01p50000002CIEt|ETLC_SecuredDB.findFields(List<SObject>)
21:07:30.0 (13739008)|VARIABLE_SCOPE_BEGIN|[108]|dbRecords|List<SObject>|true|false
21:07:30.0 (13760605)|VARIABLE_ASSIGNMENT|[108]|dbRecords|{"s":1,"v":[{"s":2,"v":{"FollowedUsers__c":"[{\"id\":\"00550000005d (85 more) ...","Id":"a005000000ezW4dAAE"}}]}|0x4cc59b9c
21:07:30.0 (13771092)|HEAP_ALLOCATE|[109]|Bytes:5
21:07:30.0 (13775040)|STATEMENT_EXECUTE|[108]
21:07:30.0 (13776544)|STATEMENT_EXECUTE|[109]
21:07:30.0 (13785544)|VARIABLE_SCOPE_BEGIN|[109]|strJSON|String|false|false
21:07:30.0 (13791019)|VARIABLE_ASSIGNMENT|[109]|strJSON|null
21:07:30.0 (13792999)|STATEMENT_EXECUTE|[110]
21:07:30.0 (13797429)|VARIABLE_SCOPE_BEGIN|[110]|mapFields|Map<String,Set<String>>|true|false
21:07:30.0 (13801392)|VARIABLE_ASSIGNMENT|[110]|mapFields|null|
21:07:30.0 (13803124)|STATEMENT_EXECUTE|[112]
21:07:30.0 (13816202)|METHOD_ENTRY|[112]||System.JSON.serialize(Object)
21:07:30.0 (14238479)|METHOD_EXIT|[112]||System.JSON.serialize(Object)
21:07:30.0 (14252917)|VARIABLE_ASSIGNMENT|[112]|strJSON|"[{\"attributes\":{\"typ (259 more) ..."
21:07:30.0 (14256355)|STATEMENT_EXECUTE|[113]
21:07:30.0 (14265143)|HEAP_ALLOCATE|[113]|Bytes:5
21:07:30.0 (14273173)|HEAP_ALLOCATE|[113]|Bytes:284
21:07:30.0 (14302101)|USER_DEBUG|[113]|DEBUG|JSON:[{"attributes":{"type":"BFFFollow__c","url":"/services/data/v37.0/sobjects/BFFFollow__c/a005000000ezW4dAAE"},"FollowedUsers__c":"[{\"id\":\"00550000005d7KnAAI\",\"name\":\"Test User\"},{\"id\":\"00550000005cg71AAA\",\"name\":\"Jaswinder Rattanpal\"}]","Id":"a005000000ezW4dAAE"}]
21:07:30.0 (14312468)|STATEMENT_EXECUTE|[114]
21:07:30.0 (14323456)|HEAP_ALLOCATE|[114]|Bytes:4
21:07:30.0 (14350471)|VARIABLE_ASSIGNMENT|[114]|mapFields|{"s":1,"v":{}}|0x3d7135c9
21:07:30.0 (14353870)|STATEMENT_EXECUTE|[115]
21:07:30.0 (14366156)|METHOD_ENTRY|[115]||System.JSON.deserializeUntyped(String)
21:07:30.0 (14680185)|METHOD_EXIT|[115]||System.JSON.deserializeUntyped(String)
21:07:30.0 (14689228)|VARIABLE_SCOPE_BEGIN|[115]|records|List<ANY>|true|false
21:07:30.0 (14717869)|HEAP_ALLOCATE|[EXTERNAL]|Bytes:8
21:07:30.0 (14744801)|VARIABLE_ASSIGNMENT|[115]|records|{"s":1,"v":[{"s":2,"v":{"attributes":{"s":3,"v":{"type":"BFFFollow__c","url":"/services/data/v37.0 (41 more) ..."}},"FollowedUsers__c":"[{\"id\":\"00550000005d (85 more) ...","Id":"a005000000ezW4dAAE"}}]}|0x4c660847
21:07:30.0 (14791907)|HEAP_ALLOCATE|[116]|Bytes:5
21:07:30.0 (14809094)|HEAP_ALLOCATE|[116]|Bytes:16
21:07:30.0 (14819756)|VARIABLE_SCOPE_BEGIN|[116]|record|Object|false|false
21:07:30.0 (14844746)|VARIABLE_ASSIGNMENT|[116]|record|{"s":1,"v":{"attributes":{"s":2,"v":{"type":"BFFFollow__c","url":"/services/data/v37.0 (41 more) ..."}},"FollowedUsers__c":"[{\"id\":\"00550000005d (85 more) ...","Id":"a005000000ezW4dAAE"}}
21:07:30.0 (14849452)|STATEMENT_EXECUTE|[116]
21:07:30.0 (14850791)|STATEMENT_EXECUTE|[117]
21:07:30.0 (14873975)|METHOD_ENTRY|[117]|01p50000002CIEt|ETLC_SecuredDB.findFieldsRecursive(Map<String,Set<String>>, Map<String,ANY>)
21:07:30.0 (14902260)|VARIABLE_SCOPE_BEGIN|[124]|mapFields|Map<String,Set<String>>|true|false
21:07:30.0 (14916591)|VARIABLE_ASSIGNMENT|[124]|mapFields|{"s":1,"v":{}}|0x3d7135c9
21:07:30.0 (14921021)|VARIABLE_SCOPE_BEGIN|[124]|record|Map<String,ANY>|true|false
21:07:30.0 (14936577)|VARIABLE_ASSIGNMENT|[124]|record|{"s":1,"v":{"attributes":{"s":2,"v":{"type":"BFFFollow__c","url":"/services/data/v37.0 (41 more) ..."}},"FollowedUsers__c":"[{\"id\":\"00550000005d (85 more) ...","Id":"a005000000ezW4dAAE"}}|0x2844f8cd
21:07:30.0 (14946217)|HEAP_ALLOCATE|[125]|Bytes:5
21:07:30.0 (14949999)|STATEMENT_EXECUTE|[124]
21:07:30.0 (14951346)|STATEMENT_EXECUTE|[125]
21:07:30.0 (14958699)|HEAP_ALLOCATE|[125]|Bytes:10
21:07:30.0 (14963063)|VARIABLE_SCOPE_BEGIN|[125]|strAttributes|String|false|false
21:07:30.0 (14968676)|VARIABLE_ASSIGNMENT|[125]|strAttributes|"attributes"
21:07:30.0 (14970743)|STATEMENT_EXECUTE|[126]
21:07:30.0 (14974994)|HEAP_ALLOCATE|[126]|Bytes:7
21:07:30.0 (14977985)|VARIABLE_SCOPE_BEGIN|[126]|strRecord|String|false|false
21:07:30.0 (14981963)|VARIABLE_ASSIGNMENT|[126]|strRecord|"records"
21:07:30.0 (15014901)|STATEMENT_EXECUTE|[127]
21:07:30.0 (15018071)|STATEMENT_EXECUTE|[128]
21:07:30.0 (15051769)|VARIABLE_SCOPE_BEGIN|[128]|attributes|Map<String,ANY>|true|false
21:07:30.0 (15070241)|VARIABLE_ASSIGNMENT|[128]|attributes|{"s":1,"v":{"type":"BFFFollow__c","url":"/services/data/v37.0 (41 more) ..."}}|0x5c45a1ea
21:07:30.0 (15074246)|STATEMENT_EXECUTE|[129]
21:07:30.0 (15081913)|HEAP_ALLOCATE|[129]|Bytes:4
21:07:30.0 (15112496)|VARIABLE_SCOPE_BEGIN|[129]|objectName|String|false|false
21:07:30.0 (15119458)|VARIABLE_ASSIGNMENT|[129]|objectName|"BFFFollow__c"
21:07:30.0 (15129425)|HEAP_ALLOCATE|[130]|Bytes:4
21:07:30.0 (15195181)|HEAP_ALLOCATE|[130]|Bytes:44
21:07:30.0 (15213795)|HEAP_ALLOCATE|[130]|Bytes:12
21:07:30.0 (15236219)|HEAP_ALLOCATE|[130]|Bytes:5
21:07:30.0 (15250018)|VARIABLE_SCOPE_BEGIN|[130]|fieldName|String|false|false
21:07:30.0 (15257107)|VARIABLE_ASSIGNMENT|[130]|fieldName|"attributes"
21:07:30.0 (15259940)|STATEMENT_EXECUTE|[130]
21:07:30.0 (15261142)|STATEMENT_EXECUTE|[131]
21:07:30.0 (15304239)|VARIABLE_SCOPE_BEGIN|[131]|field|Object|false|false
21:07:30.0 (15324670)|VARIABLE_ASSIGNMENT|[131]|field|{"s":1,"v":{"type":"BFFFollow__c","url":"/services/data/v37.0 (41 more) ..."}}
21:07:30.0 (15342550)|STATEMENT_EXECUTE|[132]
21:07:30.0 (15358824)|HEAP_ALLOCATE|[130]|Bytes:5
21:07:30.0 (15370415)|VARIABLE_SCOPE_BEGIN|[130]|fieldName|String|false|false
21:07:30.0 (15377087)|VARIABLE_ASSIGNMENT|[130]|fieldName|"FollowedUsers__c"
21:07:30.0 (15379525)|STATEMENT_EXECUTE|[130]
21:07:30.0 (15380713)|STATEMENT_EXECUTE|[131]
21:07:30.0 (15398977)|VARIABLE_SCOPE_BEGIN|[131]|field|Object|false|false
21:07:30.0 (15409062)|VARIABLE_ASSIGNMENT|[131]|field|"[{\"id\":\"00550000005d (85 more) ..."
21:07:30.0 (15419464)|HEAP_ALLOCATE|[134]|Bytes:68
21:07:30.0 (15438484)|STATEMENT_EXECUTE|[136]
21:07:30.0 (15444197)|STATEMENT_EXECUTE|[137]
21:07:30.0 (15454881)|HEAP_ALLOCATE|[137]|Bytes:4
21:07:30.0 (15493223)|VARIABLE_SCOPE_BEGIN|[137]|fieldNames|Set<String>|true|false
21:07:30.0 (15514613)|VARIABLE_ASSIGNMENT|[137]|fieldNames|{"s":1,"v":[]}|0x147611b4
21:07:30.0 (15546166)|STATEMENT_EXECUTE|[138]
21:07:30.0 (15552405)|STATEMENT_EXECUTE|[139]
21:07:30.0 (15582372)|HEAP_ALLOCATE|[EXTERNAL]|Bytes:4
21:07:30.0 (15591352)|STATEMENT_EXECUTE|[140]
21:07:30.0 (15620705)|HEAP_ALLOCATE|[EXTERNAL]|Bytes:-4
21:07:30.0 (15635510)|HEAP_ALLOCATE|[130]|Bytes:5
21:07:30.0 (15647253)|VARIABLE_SCOPE_BEGIN|[130]|fieldName|String|false|false
21:07:30.0 (15653907)|VARIABLE_ASSIGNMENT|[130]|fieldName|"Id"
21:07:30.0 (15656547)|STATEMENT_EXECUTE|[130]
21:07:30.0 (15657757)|STATEMENT_EXECUTE|[131]
21:07:30.0 (15677401)|VARIABLE_SCOPE_BEGIN|[131]|field|Object|false|false
21:07:30.0 (15685740)|VARIABLE_ASSIGNMENT|[131]|field|"a005000000ezW4dAAE"
21:07:30.0 (15700860)|STATEMENT_EXECUTE|[136]
21:07:30.0 (15702351)|STATEMENT_EXECUTE|[137]
21:07:30.0 (15709748)|HEAP_ALLOCATE|[137]|Bytes:4
21:07:30.0 (15723985)|VARIABLE_SCOPE_BEGIN|[137]|fieldNames|Set<String>|true|false
21:07:30.0 (15740452)|VARIABLE_ASSIGNMENT|[137]|fieldNames|{"s":1,"v":[]}|0x1bfb1167
21:07:30.0 (15753852)|STATEMENT_EXECUTE|[138]
21:07:30.0 (15780797)|VARIABLE_ASSIGNMENT|[138]|fieldNames|{"s":1,"v":["FollowedUsers__c"]}|0x147611b4
21:07:30.0 (15784328)|STATEMENT_EXECUTE|[139]
21:07:30.0 (15797312)|HEAP_ALLOCATE|[EXTERNAL]|Bytes:4
21:07:30.0 (15804156)|STATEMENT_EXECUTE|[140]
21:07:30.0 (15825302)|HEAP_ALLOCATE|[130]|Bytes:5
21:07:30.0 (15836253)|VARIABLE_ASSIGNMENT|[130]|fieldName|null
21:07:30.0 (15845961)|METHOD_EXIT|[117]|01p50000002CIEt|ETLC_SecuredDB.findFieldsRecursive(Map<String,Set<String>>, Map<String,ANY>)
21:07:30.0 (15855752)|HEAP_ALLOCATE|[116]|Bytes:5
21:07:30.0 (15869486)|VARIABLE_ASSIGNMENT|[116]|record|null
21:07:30.0 (15875323)|HEAP_ALLOCATE|[119]|Bytes:4
21:07:30.0 (15911825)|HEAP_ALLOCATE|[119]|Bytes:20
21:07:30.0 (15924197)|HEAP_ALLOCATE|[119]|Bytes:4
21:07:30.0 (15940462)|HEAP_ALLOCATE|[119]|Bytes:5
21:07:30.0 (15951849)|VARIABLE_SCOPE_BEGIN|[119]|objectName|String|false|false
21:07:30.0 (15958872)|VARIABLE_ASSIGNMENT|[119]|objectName|"BFFFollow__c"
21:07:30.0 (15961588)|STATEMENT_EXECUTE|[119]
21:07:30.0 (15962736)|STATEMENT_EXECUTE|[120]
21:07:30.0 (15969973)|HEAP_ALLOCATE|[120]|Bytes:2
21:07:30.0 (16023954)|HEAP_ALLOCATE|[120]|Bytes:22
21:07:30.0 (16037994)|HEAP_ALLOCATE|[120]|Bytes:36
21:07:30.0 (16052040)|USER_DEBUG|[120]|DEBUG|BFFFollow__c: {FollowedUsers__c, Id}
21:07:30.0 (16065329)|HEAP_ALLOCATE|[119]|Bytes:5
21:07:30.0 (16076038)|VARIABLE_ASSIGNMENT|[119]|objectName|null
21:07:30.0 (16079240)|STATEMENT_EXECUTE|[122]
21:07:30.0 (16091336)|METHOD_EXIT|[20]|01p50000002CIEt|ETLC_SecuredDB.findFields(List<SObject>)
21:07:30.0 (16107284)|METHOD_ENTRY|[20]|01p50000002CIEt|ETLC_SecuredDB.validate(ETLC_SecuredDB.Operation, Map<String,Set<String>>)
21:07:30.0 (16115412)|VARIABLE_SCOPE_BEGIN|[55]|op|ETLC_SecuredDB.Operation|true|false
21:07:30.0 (16144743)|VARIABLE_ASSIGNMENT|[55]|op|"Querying"|0x7230f435
21:07:30.0 (16150307)|VARIABLE_SCOPE_BEGIN|[55]|mapFieldNames|Map<String,Set<String>>|true|false
21:07:30.0 (16171072)|VARIABLE_ASSIGNMENT|[55]|mapFieldNames|{"s":1,"v":{"BFFFollow__c":{"s":2,"v":["FollowedUsers__c","Id"]}}}|0x3d7135c9
21:07:30.0 (16180781)|HEAP_ALLOCATE|[56]|Bytes:5
21:07:30.0 (16184626)|STATEMENT_EXECUTE|[55]
21:07:30.0 (16186055)|STATEMENT_EXECUTE|[56]
21:07:30.0 (16193824)|VARIABLE_SCOPE_BEGIN|[56]|securityMessage|String|false|false
21:07:30.0 (16198504)|VARIABLE_ASSIGNMENT|[56]|securityMessage|null
21:07:30.0 (16200323)|STATEMENT_EXECUTE|[57]
21:07:30.0 (31178308)|HEAP_ALLOCATE|[57]|Bytes:1440
21:07:30.0 (31196237)|VARIABLE_SCOPE_BEGIN|[57]|mapObjects|Map<String,Schema.SObjectType>|true|false
21:07:30.0 (31386739)|VARIABLE_ASSIGNMENT|[57]|mapObjects|"{acceptedeventrelation=AcceptedEventRelation, account=Account, accountcontactrole=AccountContactRole, accountfeed=AccountFeed, accounthistory=AccountHistory, accountpartner=AccountPartner, accountshare=AccountShare, actionlinkgrouptemplate=ActionLinkGroupTemplate, actionlinktemplate=ActionLinkTemplate, activityhistory=ActivityHistory, ...}"|0x56efa076
21:07:30.0 (31398836)|HEAP_ALLOCATE|[58]|Bytes:4
21:07:30.0 (31448009)|HEAP_ALLOCATE|[58]|Bytes:20
21:07:30.0 (31463674)|HEAP_ALLOCATE|[58]|Bytes:4
21:07:30.0 (31483040)|HEAP_ALLOCATE|[58]|Bytes:5
21:07:30.0 (31496677)|VARIABLE_SCOPE_BEGIN|[58]|sObjectName|String|false|false
21:07:30.0 (31504994)|VARIABLE_ASSIGNMENT|[58]|sObjectName|"BFFFollow__c"
21:07:30.0 (31508400)|STATEMENT_EXECUTE|[58]
21:07:30.0 (31509882)|STATEMENT_EXECUTE|[59]
21:07:30.0 (31520669)|HEAP_ALLOCATE|[59]|Bytes:9
21:07:30.0 (31524431)|HEAP_ALLOCATE|[59]|Bytes:7
21:07:30.0 (31564359)|HEAP_ALLOCATE|[59]|Bytes:8
21:07:30.0 (31575384)|HEAP_ALLOCATE|[59]|Bytes:1
21:07:30.0 (31587264)|HEAP_ALLOCATE|[59]|Bytes:37
21:07:30.0 (31596651)|VARIABLE_ASSIGNMENT|[59]|securityMessage|"CRUD on [BFFFollow__ (17 more) ..."
21:07:30.0 (31599650)|STATEMENT_EXECUTE|[60]
21:07:30.0 (31607036)|HEAP_ALLOCATE|[60]|Bytes:10
21:07:30.0 (31612603)|HEAP_ALLOCATE|[60]|Bytes:47
21:07:30.0 (31638699)|USER_DEBUG|[60]|DEBUG|Checking: CRUD on [BFFFollow__c] for [Querying]
21:07:30.0 (31646611)|STATEMENT_EXECUTE|[61]
21:07:30.0 (31947031)|HEAP_ALLOCATE|[61]|Bytes:4
21:07:30.0 (31990958)|VARIABLE_SCOPE_BEGIN|[61]|drSObj|Schema.DescribeSObjectResult|true|false
21:07:30.0 (32070096)|VARIABLE_ASSIGNMENT|[61]|drSObj|"common.api.soap.wsdl.DescribeSObjectResult@a54f9caa"|0x56297bf2
21:07:30.0 (32218398)|STATEMENT_EXECUTE|[64]
21:07:30.0 (32243993)|STATEMENT_EXECUTE|[65]
21:07:30.0 (32301391)|STATEMENT_EXECUTE|[77]
21:07:30.0 (32303951)|STATEMENT_EXECUTE|[79]
21:07:30.0 (32540796)|HEAP_ALLOCATE|[79]|Bytes:56
21:07:30.0 (32552063)|VARIABLE_SCOPE_BEGIN|[79]|mapFields|Map<String,Schema.SObjectField>|true|false
21:07:30.0 (32699859)|VARIABLE_ASSIGNMENT|[79]|mapFields|"{createdbyid=CreatedById, createddate=CreatedDate, followedby__c=FollowedBy__c, followedusers__c=FollowedUsers__c, id=Id, isdeleted=IsDeleted, lastmodifiedbyid=LastModifiedById, lastmodifieddate=LastModifiedDate, lastreferenceddate=LastReferencedDate, lastvieweddate=LastViewedDate, ...}"|0x76752573
21:07:30.0 (32709965)|HEAP_ALLOCATE|[80]|Bytes:4
21:07:30.0 (32757050)|HEAP_ALLOCATE|[80]|Bytes:8
21:07:30.0 (32775968)|HEAP_ALLOCATE|[80]|Bytes:5
21:07:30.0 (32788022)|VARIABLE_SCOPE_BEGIN|[80]|fieldName|String|false|false
21:07:30.0 (32795779)|VARIABLE_ASSIGNMENT|[80]|fieldName|"FollowedUsers__c"
21:07:30.0 (32798730)|STATEMENT_EXECUTE|[80]
21:07:30.0 (32800130)|STATEMENT_EXECUTE|[81]
21:07:30.0 (33656651)|HEAP_ALLOCATE|[81]|Bytes:8
21:07:30.0 (33690730)|VARIABLE_SCOPE_BEGIN|[81]|drField|Schema.DescribeFieldResult|true|false
21:07:30.0 (33758187)|VARIABLE_ASSIGNMENT|[81]|drField|"common.api.soap.wsdl.Field@e9ebe2af"|0x20a068fe
21:07:30.0 (33780945)|STATEMENT_EXECUTE|[82]
21:07:30.0 (33782660)|STATEMENT_EXECUTE|[83]
21:07:30.0 (33791591)|HEAP_ALLOCATE|[83]|Bytes:8
21:07:30.0 (33795535)|HEAP_ALLOCATE|[83]|Bytes:1
21:07:30.0 (33832144)|HEAP_ALLOCATE|[83]|Bytes:8
21:07:30.0 (33851037)|HEAP_ALLOCATE|[83]|Bytes:52
21:07:30.0 (33856563)|HEAP_ALLOCATE|[83]|Bytes:53
21:07:30.0 (33865592)|VARIABLE_ASSIGNMENT|[83]|securityMessage|"FLS on [BFFFollow__c (33 more) ..."
21:07:30.0 (33868889)|STATEMENT_EXECUTE|[84]
21:07:30.0 (33877753)|HEAP_ALLOCATE|[84]|Bytes:63
21:07:30.0 (33902754)|USER_DEBUG|[84]|DEBUG|Checking: FLS on [BFFFollow__c.FollowedUsers__c] for [Querying]
21:07:30.0 (33990952)|STATEMENT_EXECUTE|[87]
21:07:30.0 (34006600)|STATEMENT_EXECUTE|[88]
21:07:30.0 (34023905)|HEAP_ALLOCATE|[80]|Bytes:5
21:07:30.0 (34036604)|VARIABLE_SCOPE_BEGIN|[80]|fieldName|String|false|false
21:07:30.0 (34043877)|VARIABLE_ASSIGNMENT|[80]|fieldName|"Id"
21:07:30.0 (34046536)|STATEMENT_EXECUTE|[80]
21:07:30.0 (34047746)|STATEMENT_EXECUTE|[81]
21:07:30.0 (34195614)|HEAP_ALLOCATE|[81]|Bytes:8
21:07:30.0 (34206657)|VARIABLE_SCOPE_BEGIN|[81]|drField|Schema.DescribeFieldResult|true|false
21:07:30.0 (34268522)|VARIABLE_ASSIGNMENT|[81]|drField|"common.api.soap.wsdl.Field@f3b725b9"|0x63bdf1cd
21:07:30.0 (34280888)|STATEMENT_EXECUTE|[99]
21:07:30.0 (34282427)|STATEMENT_EXECUTE|[100]
21:07:30.0 (34295192)|HEAP_ALLOCATE|[100]|Bytes:22
21:07:30.0 (34334411)|HEAP_ALLOCATE|[100]|Bytes:8
21:07:30.0 (34348556)|HEAP_ALLOCATE|[100]|Bytes:52
21:07:30.0 (34352676)|HEAP_ALLOCATE|[100]|Bytes:35
21:07:30.0 (34356578)|HEAP_ALLOCATE|[100]|Bytes:87
21:07:30.0 (34370299)|USER_DEBUG|[100]|DEBUG|Bypass Check: FLS on [BFFFollow__c.Id] for [Querying] since it's not isPermissionable()
21:07:30.0 (34384672)|HEAP_ALLOCATE|[80]|Bytes:5
21:07:30.0 (34396058)|VARIABLE_ASSIGNMENT|[80]|fieldName|null
21:07:30.0 (34404336)|HEAP_ALLOCATE|[58]|Bytes:5
21:07:30.0 (34412579)|VARIABLE_ASSIGNMENT|[58]|sObjectName|null
21:07:30.0 (34423215)|METHOD_EXIT|[20]|01p50000002CIEt|ETLC_SecuredDB.validate(ETLC_SecuredDB.Operation, Map<String,Set<String>>)
21:07:30.0 (34426932)|STATEMENT_EXECUTE|[21]
21:07:30.0 (34437255)|METHOD_EXIT|[28]|01p50000002CIEt|ETLC_SecuredDB.query(String)
21:07:30.0 (34441989)|VARIABLE_SCOPE_BEGIN|[28]|dbRecords|List<SObject>|true|false
21:07:30.0 (34472348)|VARIABLE_ASSIGNMENT|[28]|dbRecords|{"s":1,"v":[{"s":2,"v":{"FollowedUsers__c":"[{\"id\":\"00550000005d (85 more) ...","Id":"a005000000ezW4dAAE"}}]}|0x4cc59b9c
21:07:30.0 (34479967)|STATEMENT_EXECUTE|[29]
21:07:30.0 (34481321)|STATEMENT_EXECUTE|[29]
21:07:30.0 (34552165)|USER_DEBUG|[29]|DEBUG|(BFFFollow__c:{FollowedUsers__c=[{"id":"00550000005d7KnAAI","name":"Test User"},{"id":"00550000005cg71AAA","name":"Jaswinder Rattanpal"}], Id=a005000000ezW4dAAE})
21:07:30.0 (34632513)|STATEMENT_EXECUTE|[30]
21:07:30.0 (34637850)|STATEMENT_EXECUTE|[31]
21:07:30.0 (34639141)|STATEMENT_EXECUTE|[32]
21:07:30.0 (34647426)|HEAP_ALLOCATE|[32]|Bytes:18
21:07:30.0 (34660240)|HEAP_ALLOCATE|[32]|Bytes:12
21:07:30.0 (34666094)|HEAP_ALLOCATE|[32]|Bytes:16
21:07:30.0 (34732245)|HEAP_ALLOCATE|[32]|Bytes:105
21:07:30.0 (34752376)|HEAP_ALLOCATE|[32]|Bytes:105
21:07:30.0 (34761462)|HEAP_ALLOCATE|[32]|Bytes:123
21:07:30.0 (34774863)|USER_DEBUG|[32]|DEBUG|FollowedUsers__c::[{"id":"00550000005d7KnAAI","name":"Test User"},{"id":"00550000005cg71AAA","name":"Jaswinder Rattanpal"}]
21:07:30.0 (34781791)|STATEMENT_EXECUTE|[34]
21:07:30.0 (34795560)|HEAP_ALLOCATE|[34]|Bytes:12
21:07:30.0 (34843957)|HEAP_ALLOCATE|[34]|Bytes:105
21:07:30.0 (34861998)|METHOD_EXIT|[10]|01p50000002D8iw|BFFFollow_Controller.fetchFollowedUsers(Id)
21:07:30.0 (34915275)|VARIABLE_ASSIGNMENT|[EXTERNAL]|this|{"debug":true,"input":"{\"mode\":\"fetchFollow (9 more) ...","operation":"BFFFollow_Controller"}|0x4a4e3432
21:07:30.0 (34923468)|VARIABLE_ASSIGNMENT|[EXTERNAL]|value|"[{\"id\":\"00550000005d (85 more) ..."
21:07:30.0 (34936137)|VARIABLE_ASSIGNMENT|[12]|this.output|"[{\"id\":\"00550000005d (85 more) ..."|0x4a4e3432
21:07:30.0 (34943768)|STATEMENT_EXECUTE|[11]
21:07:30.0 (34993942)|VARIABLE_ASSIGNMENT|[EXTERNAL]|this|{"debug":true,"input":"{\"mode\":\"fetchFollow (9 more) ...","operation":"BFFFollow_Controller","output":"[{\"id\":\"00550000005d (85 more) ..."}|0x4a4e3432
21:07:30.0 (35038688)|VARIABLE_ASSIGNMENT|[EXTERNAL]|this|{"debug":true,"input":"{\"mode\":\"fetchFollow (9 more) ...","operation":"BFFFollow_Controller","output":"[{\"id\":\"00550000005d (85 more) ..."}|0x4a4e3432
21:07:30.0 (35047011)|VARIABLE_ASSIGNMENT|[EXTERNAL]|value|true
21:07:30.0 (35052223)|HEAP_ALLOCATE|[15]|Bytes:5
21:07:30.0 (35059404)|VARIABLE_ASSIGNMENT|[15]|this.outputFlag|true|0x4a4e3432
21:07:30.0 (35068648)|STATEMENT_EXECUTE|[19]
21:07:30.0 (35070428)|STATEMENT_EXECUTE|[19]
21:07:30.0 (35077369)|HEAP_ALLOCATE|[19]|Bytes:11
21:07:30.0 (35129245)|HEAP_ALLOCATE|[19]|Bytes:278
21:07:30.0 (35143619)|HEAP_ALLOCATE|[19]|Bytes:289
21:07:30.0 (35157154)|USER_DEBUG|[19]|DEBUG|data AFTER:ETLC_ApexBridge_Data:[debug=true, input={"mode":"fetchFollowedUsers"}, isSuccess=null, messages=null, operation=BFFFollow_Controller, output=[{"id":"00550000005d7KnAAI","name":"Test User"},{"id":"00550000005cg71AAA","name":"Jaswinder Rattanpal"}], outputFlag=true, records=null]
21:07:30.0 (35170811)|METHOD_EXIT|[9]|01p50000002D8iw|BFFFollow_Controller.process(ETLC_ApexBridge_Data)
21:07:30.0 (35175006)|STATEMENT_EXECUTE|[24]
21:07:30.0 (35191727)|METHOD_ENTRY|[24]|01p50000002CIEo|ETLC_ApexBridge_Data.toJSON()
21:07:30.0 (35204167)|VARIABLE_SCOPE_BEGIN|[57]|this|ETLC_ApexBridge_Data|true|false
21:07:30.0 (35233647)|VARIABLE_ASSIGNMENT|[57]|this|{"debug":true,"input":"{\"mode\":\"fetchFollow (9 more) ...","operation":"BFFFollow_Controller","output":"[{\"id\":\"00550000005d (85 more) ...","outputFlag":true}|0x4a4e3432
21:07:30.0 (35239047)|STATEMENT_EXECUTE|[57]
21:07:30.0 (35240424)|STATEMENT_EXECUTE|[58]
21:07:30.0 (35254271)|METHOD_ENTRY|[58]||System.JSON.serialize(Object)
21:07:30.0 (35328554)|STATEMENT_EXECUTE|[22]
21:07:30.0 (35332766)|STATEMENT_EXECUTE|[23]
21:07:30.0 (35341275)|HEAP_ALLOCATE|[23]|Bytes:5
21:07:30.0 (35350679)|VARIABLE_ASSIGNMENT|[23]|this.isSuccess|true|0x4a4e3432
21:07:30.0 (35353076)|STATEMENT_EXECUTE|[24]
21:07:30.0 (35384246)|STATEMENT_EXECUTE|[31]
21:07:30.0 (35387454)|STATEMENT_EXECUTE|[32]
21:07:30.0 (35462569)|HEAP_ALLOCATE|[32]|Bytes:4
21:07:30.0 (35525146)|VARIABLE_ASSIGNMENT|[32]|this.messages|{"s":1,"v":{}}|0x4a4e3432
21:07:30.0 (35529200)|STATEMENT_EXECUTE|[33]
21:07:30.0 (35830497)|METHOD_EXIT|[58]||System.JSON.serialize(Object)
21:07:30.0 (35837241)|METHOD_EXIT|[24]|01p50000002CIEo|ETLC_ApexBridge_Data.toJSON()
21:07:30.0 (35847339)|SYSTEM_MODE_EXIT|false
21:07:30.35 (35896586)|CUMULATIVE_LIMIT_USAGE
21:07:30.35 (35896586)|LIMIT_USAGE_FOR_NS|(default)|
  Number of SOQL queries: 1 out of 100
  Number of query rows: 1 out of 50000
  Number of SOSL queries: 0 out of 20
  Number of DML statements: 0 out of 150
  Number of DML rows: 0 out of 10000
  Maximum CPU time: 0 out of 10000
  Maximum heap size: 0 out of 6000000
  Number of callouts: 0 out of 100
  Number of Email Invocations: 0 out of 10
  Number of future calls: 0 out of 50
  Number of queueable jobs added to the queue: 0 out of 50
  Number of Mobile Apex push calls: 0 out of 10

21:07:30.35 (35896586)|CUMULATIVE_LIMIT_USAGE_END

21:07:30.0 (35944939)|CODE_UNIT_FINISHED|ETLC_ApexBridge_Controller.execute
