37.0 APEX_CODE,FINEST;APEX_PROFILING,INFO;CALLOUT,INFO;DB,INFO;SYSTEM,DEBUG;VALIDATION,INFO;VISUALFORCE,INFO;WORKFLOW,INFO
16:20:23.0 (493798)|USER_INFO|[EXTERNAL]|00550000005cg71|bfffollow@jr.te|Eastern Standard Time|GMT-04:00
16:20:23.0 (549760)|EXECUTION_STARTED
16:20:23.0 (556387)|CODE_UNIT_STARTED|[EXTERNAL]|aura
16:20:23.0 (1058561)|HEAP_ALLOCATE|[72]|Bytes:3
16:20:23.0 (1166317)|HEAP_ALLOCATE|[77]|Bytes:152
16:20:23.0 (1195751)|HEAP_ALLOCATE|[342]|Bytes:408
16:20:23.0 (1228093)|HEAP_ALLOCATE|[355]|Bytes:408
16:20:23.0 (1257581)|HEAP_ALLOCATE|[467]|Bytes:48
16:20:23.0 (1356161)|HEAP_ALLOCATE|[139]|Bytes:6
16:20:23.0 (1397946)|HEAP_ALLOCATE|[EXTERNAL]|Bytes:3
16:20:23.0 (1449207)|HEAP_ALLOCATE|[EXTERNAL]|Bytes:3
16:20:23.0 (1649817)|HEAP_ALLOCATE|[EXTERNAL]|Bytes:4
16:20:23.0 (1666413)|HEAP_ALLOCATE|[EXTERNAL]|Bytes:4
16:20:23.0 (3008267)|CODE_UNIT_STARTED|[EXTERNAL]|01p50000002D2uA|LookupSObjectController.lookup
16:20:23.0 (3700759)|HEAP_ALLOCATE|[EXTERNAL]|Bytes:6
16:20:23.0 (3710628)|HEAP_ALLOCATE|[EXTERNAL]|Bytes:2
16:20:23.0 (3765983)|METHOD_ENTRY|[11]|01p50000002D2uA|LookupSObjectController.LookupSObjectController()
16:20:23.0 (3773451)|STATEMENT_EXECUTE|[11]
16:20:23.0 (3787606)|STATEMENT_EXECUTE|[11]
16:20:23.0 (3846649)|HEAP_ALLOCATE|[50]|Bytes:5
16:20:23.0 (3884157)|HEAP_ALLOCATE|[56]|Bytes:5
16:20:23.0 (3904649)|HEAP_ALLOCATE|[64]|Bytes:7
16:20:23.0 (3955071)|SYSTEM_MODE_ENTER|false
16:20:23.0 (3977140)|HEAP_ALLOCATE|[EXTERNAL]|Bytes:5
16:20:23.0 (3987597)|STATEMENT_EXECUTE|[43]
16:20:23.0 (3998142)|SYSTEM_MODE_EXIT|false
16:20:23.0 (4037044)|METHOD_EXIT|[11]|LookupSObjectController
16:20:23.0 (4047816)|HEAP_ALLOCATE|[EXTERNAL]|Bytes:3
16:20:23.0 (4051567)|HEAP_ALLOCATE|[EXTERNAL]|Bytes:4
16:20:23.0 (4061342)|SYSTEM_MODE_ENTER|false
16:20:23.0 (4074457)|VARIABLE_SCOPE_BEGIN|[17]|searchString|String|false|false
16:20:23.0 (4269726)|VARIABLE_ASSIGNMENT|[17]|searchString|"jas"
16:20:23.0 (4276311)|VARIABLE_SCOPE_BEGIN|[17]|sObjectAPIName|String|false|false
16:20:23.0 (4280569)|VARIABLE_ASSIGNMENT|[17]|sObjectAPIName|"User"
16:20:23.0 (4299072)|HEAP_ALLOCATE|[20]|Bytes:5
16:20:23.0 (4305588)|STATEMENT_EXECUTE|[18]
16:20:23.0 (4308100)|STATEMENT_EXECUTE|[20]
16:20:23.0 (4452889)|HEAP_ALLOCATE|[20]|Bytes:3
16:20:23.0 (4531833)|VARIABLE_SCOPE_BEGIN|[20]|sanitizedSearchString|String|false|false
16:20:23.0 (4544359)|VARIABLE_ASSIGNMENT|[20]|sanitizedSearchString|"jas"
16:20:23.0 (4553247)|STATEMENT_EXECUTE|[21]
16:20:23.0 (4604436)|HEAP_ALLOCATE|[21]|Bytes:4
16:20:23.0 (4631481)|VARIABLE_SCOPE_BEGIN|[21]|sanitizedSObjectAPIName|String|false|false
16:20:23.0 (4644330)|VARIABLE_ASSIGNMENT|[21]|sanitizedSObjectAPIName|"User"
16:20:23.0 (4652405)|STATEMENT_EXECUTE|[23]
16:20:23.0 (4668092)|HEAP_ALLOCATE|[23]|Bytes:4
16:20:23.0 (4899157)|VARIABLE_SCOPE_BEGIN|[23]|results|List<LookupSObjectController.Result>|true|false
16:20:23.0 (4921864)|HEAP_ALLOCATE|[EXTERNAL]|Bytes:4
16:20:23.0 (4947277)|VARIABLE_ASSIGNMENT|[23]|results|{"s":1,"v":[]}|0x2d97f09
16:20:23.0 (4957057)|STATEMENT_EXECUTE|[26]
16:20:23.0 (4974607)|HEAP_ALLOCATE|[26]|Bytes:6
16:20:23.0 (4982376)|HEAP_ALLOCATE|[26]|Bytes:27
16:20:23.0 (4987934)|HEAP_ALLOCATE|[26]|Bytes:18
16:20:23.0 (5009991)|HEAP_ALLOCATE|[26]|Bytes:58
16:20:23.0 (5022343)|VARIABLE_SCOPE_BEGIN|[26]|searchQuery|String|false|false
16:20:23.0 (5039680)|VARIABLE_ASSIGNMENT|[26]|searchQuery|"FIND 'jas*' IN ALL F (38 more) ..."
16:20:23.0 (5048732)|STATEMENT_EXECUTE|[29]
16:20:23.0 (7644510)|SOSL_EXECUTE_BEGIN|[29]|FIND 'jas*' IN ALL FIELDS RETURNING User(id,name) Limit 50
16:20:23.0 (65829588)|HEAP_ALLOCATE|[29]|Bytes:4
16:20:23.0 (65843629)|HEAP_ALLOCATE|[29]|Bytes:4
16:20:23.0 (65857447)|HEAP_ALLOCATE|[29]|Bytes:8
16:20:23.0 (65903468)|SOSL_EXECUTE_END|[29]|Rows:1
16:20:23.0 (65967433)|HEAP_ALLOCATE|[29]|Bytes:8
16:20:23.0 (66007809)|VARIABLE_SCOPE_BEGIN|[29]|searchList|List<List<SObject>>|true|false
16:20:23.0 (66062681)|VARIABLE_ASSIGNMENT|[29]|searchList|{"s":1,"v":[{"s":2,"v":[{"s":3,"v":{"Id":"00550000005cg71AAA","Name":"Jaswinder Rattanpal"}}]}]}|0x23e741a5
16:20:23.0 (66166251)|HEAP_ALLOCATE|[32]|Bytes:8
16:20:23.0 (66540092)|HEAP_ALLOCATE|[32]|Bytes:5
16:20:23.0 (66590550)|HEAP_ALLOCATE|[32]|Bytes:12
16:20:23.0 (66611502)|VARIABLE_SCOPE_BEGIN|[32]|so|SObject|true|false
16:20:23.0 (66640177)|VARIABLE_ASSIGNMENT|[32]|so|{"s":1,"v":{"Id":"00550000005cg71AAA","Name":"Jaswinder Rattanpal"}}|0x43928651
16:20:23.0 (66652909)|STATEMENT_EXECUTE|[33]
16:20:23.0 (66658049)|STATEMENT_EXECUTE|[34]
16:20:23.0 (66723687)|HEAP_ALLOCATE|[34]|Bytes:116
16:20:23.0 (66734886)|HEAP_ALLOCATE|[34]|Bytes:8
16:20:23.0 (66762469)|HEAP_ALLOCATE|[34]|Bytes:12
16:20:23.0 (66770045)|HEAP_ALLOCATE|[34]|Bytes:4
16:20:23.0 (68158513)|HEAP_ALLOCATE|[34]|Bytes:19
16:20:23.0 (68267292)|CONSTRUCTOR_ENTRY|[34]|01p50000002D2uA|<init>(String,Id)
16:20:23.0 (68304803)|VARIABLE_SCOPE_BEGIN|[48]|this|LookupSObjectController.Result|true|false
16:20:23.0 (68385389)|VARIABLE_ASSIGNMENT|[48]|this|{}|0x7a8be864
16:20:23.0 (68394435)|VARIABLE_SCOPE_BEGIN|[48]|sObjectLabel|String|false|false
16:20:23.0 (68404831)|VARIABLE_ASSIGNMENT|[48]|sObjectLabel|"Jaswinder Rattanpal"
16:20:23.0 (68410217)|VARIABLE_SCOPE_BEGIN|[48]|sObjectId|Id|false|false
16:20:23.0 (68539096)|VARIABLE_ASSIGNMENT|[48]|sObjectId|"00550000005cg71AAA"
16:20:23.0 (68553655)|STATEMENT_EXECUTE|[43]
16:20:23.0 (68558580)|STATEMENT_EXECUTE|[45]
16:20:23.0 (68575019)|STATEMENT_EXECUTE|[46]
16:20:23.0 (68594370)|HEAP_ALLOCATE|[50]|Bytes:6
16:20:23.0 (68652050)|STATEMENT_EXECUTE|[49]
16:20:23.0 (68657781)|STATEMENT_EXECUTE|[50]
16:20:23.0 (68772853)|VARIABLE_ASSIGNMENT|[EXTERNAL]|this|{}|0x7a8be864
16:20:23.0 (68787098)|VARIABLE_ASSIGNMENT|[EXTERNAL]|value|"Jaswinder Rattanpal"
16:20:23.0 (68831101)|VARIABLE_ASSIGNMENT|[45]|this.SObjectLabel|"Jaswinder Rattanpal"|0x7a8be864
16:20:23.0 (68850118)|STATEMENT_EXECUTE|[51]
16:20:23.0 (68941649)|VARIABLE_ASSIGNMENT|[EXTERNAL]|this|{"SObjectLabel":"Jaswinder Rattanpal"}|0x7a8be864
16:20:23.0 (69020769)|VARIABLE_ASSIGNMENT|[EXTERNAL]|value|"00550000005cg71AAA"
16:20:23.0 (69107101)|VARIABLE_ASSIGNMENT|[46]|this.SObjectId|"00550000005cg71AAA"|0x7a8be864
16:20:23.0 (69132607)|CONSTRUCTOR_EXIT|[34]|01p50000002D2uA|<init>(String,Id)
16:20:23.0 (69156905)|HEAP_ALLOCATE|[EXTERNAL]|Bytes:4
16:20:23.0 (69181682)|HEAP_ALLOCATE|[32]|Bytes:5
16:20:23.0 (69202350)|VARIABLE_ASSIGNMENT|[32]|so|null|
16:20:23.0 (69211167)|STATEMENT_EXECUTE|[37]
16:20:23.0 (69232939)|SYSTEM_MODE_EXIT|false
16:20:23.69 (69300656)|CUMULATIVE_LIMIT_USAGE
16:20:23.69 (69300656)|LIMIT_USAGE_FOR_NS|(default)|
  Number of SOQL queries: 0 out of 100
  Number of query rows: 0 out of 50000
  Number of SOSL queries: 1 out of 20
  Number of DML statements: 0 out of 150
  Number of DML rows: 0 out of 10000
  Maximum CPU time: 0 out of 10000
  Maximum heap size: 0 out of 6000000
  Number of callouts: 0 out of 100
  Number of Email Invocations: 0 out of 10
  Number of future calls: 0 out of 50
  Number of queueable jobs added to the queue: 0 out of 50
  Number of Mobile Apex push calls: 0 out of 10

16:20:23.69 (69300656)|CUMULATIVE_LIMIT_USAGE_END

16:20:23.0 (69357688)|CODE_UNIT_FINISHED|LookupSObjectController.lookup
16:20:23.0 (71219492)|CODE_UNIT_STARTED|[EXTERNAL]|Aura
16:20:23.0 (71278885)|CODE_UNIT_FINISHED|Aura
