37.0 APEX_CODE,FINEST;APEX_PROFILING,INFO;CALLOUT,INFO;DB,INFO;SYSTEM,DEBUG;VALIDATION,INFO;VISUALFORCE,INFO;WORKFLOW,INFO
20:25:28.0 (81399)|USER_INFO|[EXTERNAL]|00550000005cg71|bfffollow@jr.te|Eastern Standard Time|GMT-04:00
20:25:28.0 (122246)|EXECUTION_STARTED
20:25:28.0 (127295)|CODE_UNIT_STARTED|[EXTERNAL]|aura
20:25:28.0 (490427)|HEAP_ALLOCATE|[72]|Bytes:3
20:25:28.0 (544066)|HEAP_ALLOCATE|[77]|Bytes:152
20:25:28.0 (560036)|HEAP_ALLOCATE|[342]|Bytes:408
20:25:28.0 (577200)|HEAP_ALLOCATE|[355]|Bytes:408
20:25:28.0 (593450)|HEAP_ALLOCATE|[467]|Bytes:48
20:25:28.0 (621354)|HEAP_ALLOCATE|[139]|Bytes:6
20:25:28.0 (643877)|HEAP_ALLOCATE|[EXTERNAL]|Bytes:268
20:25:28.0 (662749)|HEAP_ALLOCATE|[EXTERNAL]|Bytes:268
20:25:28.0 (1514732)|CODE_UNIT_STARTED|[EXTERNAL]|01p50000002CIEm|ETLC_ApexBridge_Controller.execute
20:25:28.0 (1654086)|HEAP_ALLOCATE|[EXTERNAL]|Bytes:1
20:25:28.0 (1659688)|HEAP_ALLOCATE|[EXTERNAL]|Bytes:10
20:25:28.0 (1674071)|METHOD_ENTRY|[1]|01p50000002CIEm|ETLC_ApexBridge_Controller.ETLC_ApexBridge_Controller()
20:25:28.0 (1678408)|STATEMENT_EXECUTE|[1]
20:25:28.0 (1684403)|STATEMENT_EXECUTE|[1]
20:25:28.0 (1689807)|METHOD_EXIT|[1]|ETLC_ApexBridge_Controller
20:25:28.0 (1693948)|HEAP_ALLOCATE|[EXTERNAL]|Bytes:268
20:25:28.0 (1706068)|SYSTEM_MODE_ENTER|false
20:25:28.0 (1717395)|VARIABLE_SCOPE_BEGIN|[3]|dataJson|String|false|false
20:25:28.0 (1749412)|VARIABLE_ASSIGNMENT|[3]|dataJson|"{\"operation\":\"BFFFol (248 more) ..."
20:25:28.0 (1764317)|STATEMENT_EXECUTE|[3]
20:25:28.0 (1765683)|STATEMENT_EXECUTE|[4]
20:25:28.0 (2466914)|VARIABLE_SCOPE_BEGIN|[4]|data|ETLC_ApexBridge_Data|true|false
20:25:28.0 (2479855)|VARIABLE_ASSIGNMENT|[4]|data|null|
20:25:28.0 (2482627)|STATEMENT_EXECUTE|[5]
20:25:28.0 (2483823)|STATEMENT_EXECUTE|[5]
20:25:28.0 (2484790)|STATEMENT_EXECUTE|[6]
20:25:28.0 (2503928)|HEAP_ALLOCATE|[6]|Bytes:11
20:25:28.0 (2515720)|HEAP_ALLOCATE|[6]|Bytes:248
20:25:28.0 (2518733)|HEAP_ALLOCATE|[6]|Bytes:39
20:25:28.0 (2542189)|METHOD_ENTRY|[2]|01p50000002CIEo|ETLC_ApexBridge_Data.ETLC_ApexBridge_Data()
20:25:28.0 (2544892)|STATEMENT_EXECUTE|[2]
20:25:28.0 (2547785)|STATEMENT_EXECUTE|[2]
20:25:28.0 (2551876)|METHOD_EXIT|[2]|ETLC_ApexBridge_Data
20:25:28.0 (2566596)|METHOD_ENTRY|[6]|01p50000002CIEo|ETLC_ApexBridge_Data.fromJSON(String)
20:25:28.0 (2585518)|VARIABLE_SCOPE_BEGIN|[60]|strJson|String|false|false
20:25:28.0 (2594733)|VARIABLE_ASSIGNMENT|[60]|strJson|"{\"operation\":\"BFFFol (248 more) ..."
20:25:28.0 (2599336)|STATEMENT_EXECUTE|[60]
20:25:28.0 (2600727)|STATEMENT_EXECUTE|[61]
20:25:28.0 (2610123)|HEAP_ALLOCATE|[61]|Bytes:20
20:25:28.0 (2631797)|HEAP_ALLOCATE|[50]|Bytes:5
20:25:28.0 (2655202)|HEAP_ALLOCATE|[56]|Bytes:5
20:25:28.0 (2663833)|HEAP_ALLOCATE|[64]|Bytes:7
20:25:28.0 (2760550)|HEAP_ALLOCATE|[61]|Bytes:24
20:25:28.0 (2772195)|SYSTEM_METHOD_ENTRY|[1]|Type.Type()
20:25:28.0 (2774525)|STATEMENT_EXECUTE|[1]
20:25:28.0 (2781945)|SYSTEM_METHOD_EXIT|[1]|Type
20:25:28.0 (2787356)|HEAP_ALLOCATE|[61]|Bytes:8
20:25:28.0 (2807170)|HEAP_ALLOCATE|[61]|Bytes:8
20:25:28.0 (2811211)|VARIABLE_SCOPE_BEGIN|[4]|this|System.Type|true|false
20:25:28.0 (2875810)|VARIABLE_ASSIGNMENT|[4]|this|{}|0x6d881051
20:25:28.0 (2880299)|VARIABLE_SCOPE_BEGIN|[4]|apextype|java:common.apex.runtime.ApexObjectType|true|false
20:25:28.0 (3008455)|VARIABLE_ASSIGNMENT|[4]|apextype|"ETLC_ApexBridge_Data"|0x2c32427b
20:25:28.0 (3076536)|HEAP_ALLOCATE|[61]|Bytes:8
20:25:28.0 (3115789)|HEAP_ALLOCATE|[61]|Bytes:24
20:25:28.0 (3125755)|SYSTEM_METHOD_ENTRY|[1]|JSON.JSON()
20:25:28.0 (3127967)|STATEMENT_EXECUTE|[1]
20:25:28.0 (3133603)|SYSTEM_METHOD_EXIT|[1]|JSON
20:25:28.0 (3145603)|METHOD_ENTRY|[61]||System.JSON.deserializeStrict(String, System.Type)
20:25:28.0 (3459615)|METHOD_EXIT|[61]||System.JSON.deserializeStrict(String, System.Type)
20:25:28.0 (3469917)|METHOD_EXIT|[6]|01p50000002CIEo|ETLC_ApexBridge_Data.fromJSON(String)
20:25:28.0 (3503824)|VARIABLE_ASSIGNMENT|[6]|data|{"debug":true,"input":"{\"mode\":\"saveFollowe (148 more) ...","operation":"BFFFollow_Controller"}|0x71d84096
20:25:28.0 (3512785)|STATEMENT_EXECUTE|[7]
20:25:28.0 (3523935)|HEAP_ALLOCATE|[7]|Bytes:6
20:25:28.0 (3595360)|HEAP_ALLOCATE|[7]|Bytes:316
20:25:28.0 (3616658)|HEAP_ALLOCATE|[7]|Bytes:322
20:25:28.0 (3636451)|USER_DEBUG|[7]|DEBUG|data::ETLC_ApexBridge_Data:[debug=true, input={"mode":"saveFollowedUsers","followedUsers":"[{\"id\":\"00550000005cg71AAA\",\"name\":\"Jaswinder Rattanpal\"},{\"id\":\"00550000005d7KnAAI\",\"name\":\"Test User\"}]"}, isSuccess=null, messages=null, operation=BFFFollow_Controller, output=null, outputFlag=null, records=null]
20:25:28.0 (3644210)|STATEMENT_EXECUTE|[8]
20:25:28.0 (3697288)|VARIABLE_ASSIGNMENT|[EXTERNAL]|this|{"debug":true,"input":"{\"mode\":\"saveFollowe (148 more) ...","operation":"BFFFollow_Controller"}|0x71d84096
20:25:28.0 (3715553)|METHOD_ENTRY|[8]||System.Type.forName(String)
20:25:28.0 (5685552)|METHOD_EXIT|[8]||System.Type.forName(String)
20:25:28.0 (5697428)|METHOD_ENTRY|[8]||System.Type.newInstance()
20:25:28.0 (6232413)|STATEMENT_EXECUTE|[1]
20:25:28.0 (6244537)|HEAP_ALLOCATE|[33]|Bytes:5
20:25:28.0 (6256487)|METHOD_EXIT|[1]|BFFFollow_Controller
20:25:28.0 (6272902)|HEAP_ALLOCATE|[33]|Bytes:4
20:25:28.0 (6280208)|VARIABLE_SCOPE_BEGIN|[1]|this|BFFFollow_Controller|true|false
20:25:28.0 (6297847)|VARIABLE_ASSIGNMENT|[1]|this|{}|0x3505423
20:25:28.0 (6305541)|HEAP_ALLOCATE|[33]|Bytes:5
20:25:28.0 (6314042)|HEAP_ALLOCATE|[33]|Bytes:11
20:25:28.0 (6322588)|METHOD_ENTRY|[1]|01p50000002CIEj|ETLC_ApexBridge_Abstract.ETLC_ApexBridge_Abstract()
20:25:28.0 (6324844)|STATEMENT_EXECUTE|[1]
20:25:28.0 (6328092)|STATEMENT_EXECUTE|[1]
20:25:28.0 (6332024)|METHOD_EXIT|[1]|ETLC_ApexBridge_Abstract
20:25:28.0 (6338458)|CONSTRUCTOR_ENTRY|[EXTERNAL]|01p50000002CIEj|<init>()
20:25:28.0 (6344541)|VARIABLE_SCOPE_BEGIN|[1]|this|ETLC_ApexBridge_Abstract|true|false
20:25:28.0 (6357536)|VARIABLE_ASSIGNMENT|[1]|this|{}|0x3505423
20:25:28.0 (6370537)|STATEMENT_EXECUTE|[1]
20:25:28.0 (6374227)|CONSTRUCTOR_EXIT|[EXTERNAL]|01p50000002CIEj|<init>()
20:25:28.0 (6378676)|STATEMENT_EXECUTE|[1]
20:25:28.0 (6382905)|HEAP_ALLOCATE|[33]|Bytes:5
20:25:28.0 (6397665)|METHOD_EXIT|[8]||System.Type.newInstance()
20:25:28.0 (6404696)|VARIABLE_SCOPE_BEGIN|[8]|executor|ETLC_ApexBridge_Abstract|true|false
20:25:28.0 (6417256)|VARIABLE_ASSIGNMENT|[8]|executor|{}|0x3505423
20:25:28.0 (6419908)|STATEMENT_EXECUTE|[9]
20:25:28.0 (6459164)|METHOD_ENTRY|[9]|01p50000002D8iw|BFFFollow_Controller.process(ETLC_ApexBridge_Data)
20:25:28.0 (6481745)|VARIABLE_SCOPE_BEGIN|[3]|this|BFFFollow_Controller|true|false
20:25:28.0 (6495640)|VARIABLE_ASSIGNMENT|[3]|this|{}|0x3505423
20:25:28.0 (6499088)|VARIABLE_SCOPE_BEGIN|[3]|data|ETLC_ApexBridge_Data|true|false
20:25:28.0 (6528377)|VARIABLE_ASSIGNMENT|[3]|data|{"debug":true,"input":"{\"mode\":\"saveFollowe (148 more) ...","operation":"BFFFollow_Controller"}|0x71d84096
20:25:28.0 (6537834)|HEAP_ALLOCATE|[4]|Bytes:5
20:25:28.0 (6541372)|STATEMENT_EXECUTE|[3]
20:25:28.0 (6542735)|STATEMENT_EXECUTE|[4]
20:25:28.0 (6614323)|VARIABLE_ASSIGNMENT|[EXTERNAL]|this|{"debug":true,"input":"{\"mode\":\"saveFollowe (148 more) ...","operation":"BFFFollow_Controller"}|0x71d84096
20:25:28.0 (6635299)|VARIABLE_ASSIGNMENT|[4]|BFFFollow_Controller.debugFlag|true
20:25:28.0 (6672428)|VARIABLE_ASSIGNMENT|[EXTERNAL]|this|{"debug":true,"input":"{\"mode\":\"saveFollowe (148 more) ...","operation":"BFFFollow_Controller"}|0x71d84096
20:25:28.0 (6685462)|STATEMENT_EXECUTE|[5]
20:25:28.0 (6722602)|USER_DEBUG|[5]|DEBUG|ETLC_ApexBridge_Data:[debug=true, input={"mode":"saveFollowedUsers","followedUsers":"[{\"id\":\"00550000005cg71AAA\",\"name\":\"Jaswinder Rattanpal\"},{\"id\":\"00550000005d7KnAAI\",\"name\":\"Test User\"}]"}, isSuccess=null, messages=null, operation=BFFFollow_Controller, output=null, outputFlag=null, records=null]
20:25:28.0 (6730777)|STATEMENT_EXECUTE|[7]
20:25:28.0 (6738763)|HEAP_ALLOCATE|[7]|Bytes:4
20:25:28.0 (6751387)|METHOD_ENTRY|[7]|01p50000002CIEo|ETLC_ApexBridge_Data.getInputValue(String)
20:25:28.0 (6764144)|VARIABLE_SCOPE_BEGIN|[52]|this|ETLC_ApexBridge_Data|true|false
20:25:28.0 (6791224)|VARIABLE_ASSIGNMENT|[52]|this|{"debug":true,"input":"{\"mode\":\"saveFollowe (148 more) ...","operation":"BFFFollow_Controller"}|0x71d84096
20:25:28.0 (6794628)|VARIABLE_SCOPE_BEGIN|[52]|key|String|false|false
20:25:28.0 (6797842)|VARIABLE_ASSIGNMENT|[52]|key|"mode"
20:25:28.0 (6802156)|STATEMENT_EXECUTE|[52]
20:25:28.0 (6803346)|STATEMENT_EXECUTE|[53]
20:25:28.0 (6849723)|VARIABLE_ASSIGNMENT|[EXTERNAL]|this|{"debug":true,"input":"{\"mode\":\"saveFollowe (148 more) ...","operation":"BFFFollow_Controller"}|0x71d84096
20:25:28.0 (6866121)|METHOD_ENTRY|[53]||System.JSON.deserializeUntyped(String)
20:25:28.0 (7151387)|METHOD_EXIT|[53]||System.JSON.deserializeUntyped(String)
20:25:28.0 (7161001)|VARIABLE_SCOPE_BEGIN|[53]|inputMap|Map<String,ANY>|true|false
20:25:28.0 (7188048)|VARIABLE_ASSIGNMENT|[53]|inputMap|{"s":1,"v":{"mode":"saveFollowedUsers","followedUsers":"[{\"id\":\"00550000005c (85 more) ..."}}|0xed9bd27
20:25:28.0 (7191556)|STATEMENT_EXECUTE|[54]
20:25:28.0 (7238889)|METHOD_EXIT|[7]|01p50000002CIEo|ETLC_ApexBridge_Data.getInputValue(String)
20:25:28.0 (7245352)|VARIABLE_SCOPE_BEGIN|[7]|mode|String|false|false
20:25:28.0 (7252158)|VARIABLE_ASSIGNMENT|[7]|mode|"saveFollowedUsers"
20:25:28.0 (7256589)|HEAP_ALLOCATE|[9]|Bytes:18
20:25:28.0 (7283472)|HEAP_ALLOCATE|[13]|Bytes:17
20:25:28.0 (7295291)|STATEMENT_EXECUTE|[13]
20:25:28.0 (7296870)|STATEMENT_EXECUTE|[14]
20:25:28.0 (7339062)|HEAP_ALLOCATE|[14]|Bytes:85
20:25:28.0 (7350437)|SYSTEM_METHOD_ENTRY|[1]|UserInfo.UserInfo()
20:25:28.0 (7352624)|STATEMENT_EXECUTE|[1]
20:25:28.0 (7358883)|SYSTEM_METHOD_EXIT|[1]|UserInfo
20:25:28.0 (7370418)|METHOD_ENTRY|[14]||System.UserInfo.getUserId()
20:25:28.0 (7403949)|METHOD_EXIT|[14]||System.UserInfo.getUserId()
20:25:28.0 (7417775)|HEAP_ALLOCATE|[14]|Bytes:4
20:25:28.0 (7422585)|HEAP_ALLOCATE|[14]|Bytes:13
20:25:28.0 (7431797)|METHOD_ENTRY|[14]|01p50000002CIEo|ETLC_ApexBridge_Data.getInputValue(String)
20:25:28.0 (7435640)|VARIABLE_SCOPE_BEGIN|[52]|this|ETLC_ApexBridge_Data|true|false
20:25:28.0 (7463801)|VARIABLE_ASSIGNMENT|[52]|this|{"debug":true,"input":"{\"mode\":\"saveFollowe (148 more) ...","operation":"BFFFollow_Controller"}|0x71d84096
20:25:28.0 (7467244)|VARIABLE_SCOPE_BEGIN|[52]|key|String|false|false
20:25:28.0 (7470599)|VARIABLE_ASSIGNMENT|[52]|key|"followedUsers"
20:25:28.0 (7473848)|STATEMENT_EXECUTE|[52]
20:25:28.0 (7474940)|STATEMENT_EXECUTE|[53]
20:25:28.0 (7513688)|VARIABLE_ASSIGNMENT|[EXTERNAL]|this|{"debug":true,"input":"{\"mode\":\"saveFollowe (148 more) ...","operation":"BFFFollow_Controller"}|0x71d84096
20:25:28.0 (7525361)|METHOD_ENTRY|[53]||System.JSON.deserializeUntyped(String)
20:25:28.0 (7665449)|METHOD_EXIT|[53]||System.JSON.deserializeUntyped(String)
20:25:28.0 (7673469)|VARIABLE_SCOPE_BEGIN|[53]|inputMap|Map<String,ANY>|true|false
20:25:28.0 (7691835)|VARIABLE_ASSIGNMENT|[53]|inputMap|{"s":1,"v":{"mode":"saveFollowedUsers","followedUsers":"[{\"id\":\"00550000005c (85 more) ..."}}|0xa18ee2f
20:25:28.0 (7694984)|STATEMENT_EXECUTE|[54]
20:25:28.0 (7731655)|METHOD_EXIT|[14]|01p50000002CIEo|ETLC_ApexBridge_Data.getInputValue(String)
20:25:28.0 (7754039)|METHOD_ENTRY|[14]|01p50000002D8iw|BFFFollow_Controller.saveFollowedUsers(Id, String)
20:25:28.0 (7764151)|VARIABLE_SCOPE_BEGIN|[40]|this|BFFFollow_Controller|true|false
20:25:28.0 (7781646)|VARIABLE_ASSIGNMENT|[40]|this|{}|0x3505423
20:25:28.0 (7785958)|VARIABLE_SCOPE_BEGIN|[40]|followedById|Id|false|false
20:25:28.0 (7868577)|VARIABLE_ASSIGNMENT|[40]|followedById|"00550000005cg71AAA"
20:25:28.0 (7876019)|VARIABLE_SCOPE_BEGIN|[40]|followedUsers|String|false|false
20:25:28.0 (7883093)|VARIABLE_ASSIGNMENT|[40]|followedUsers|"[{\"id\":\"00550000005c (85 more) ..."
20:25:28.0 (7891836)|HEAP_ALLOCATE|[41]|Bytes:5
20:25:28.0 (7895631)|STATEMENT_EXECUTE|[40]
20:25:28.0 (7896769)|STATEMENT_EXECUTE|[41]
20:25:28.0 (7905975)|HEAP_ALLOCATE|[41]|Bytes:49
20:25:28.0 (7941864)|HEAP_ALLOCATE|[41]|Bytes:18
20:25:28.0 (7953034)|HEAP_ALLOCATE|[41]|Bytes:9
20:25:28.0 (7962683)|HEAP_ALLOCATE|[41]|Bytes:76
20:25:28.0 (7966759)|VARIABLE_SCOPE_BEGIN|[41]|soql|String|false|false
20:25:28.0 (7974607)|VARIABLE_ASSIGNMENT|[41]|soql|"SELECT Id FROM BFFFo (56 more) ..."
20:25:28.0 (7977109)|STATEMENT_EXECUTE|[43]
20:25:28.0 (7978188)|STATEMENT_EXECUTE|[43]
20:25:28.0 (7983427)|STATEMENT_EXECUTE|[44]
20:25:28.0 (7984389)|STATEMENT_EXECUTE|[44]
20:25:28.0 (7993013)|HEAP_ALLOCATE|[44]|Bytes:24
20:25:28.0 (7999382)|HEAP_ALLOCATE|[44]|Bytes:100
20:25:28.0 (8026336)|USER_DEBUG|[44]|DEBUG|fetchFollowedUsers:soql:SELECT Id FROM BFFFollow__c WHERE FollowedBy__c='00550000005cg71AAA' limit 1
20:25:28.0 (8033929)|STATEMENT_EXECUTE|[45]
20:25:28.0 (10578041)|HEAP_ALLOCATE|[45]|Bytes:9
20:25:28.0 (10585605)|HEAP_ALLOCATE|[45]|Bytes:29
20:25:28.0 (10588579)|HEAP_ALLOCATE|[45]|Bytes:21
20:25:28.0 (10605373)|METHOD_ENTRY|[7]|01p50000002CIEt|ETLC_SecuredDB.ETLC_SecuredDB()
20:25:28.0 (10608303)|STATEMENT_EXECUTE|[7]
20:25:28.0 (10612116)|STATEMENT_EXECUTE|[7]
20:25:28.0 (10617596)|HEAP_ALLOCATE|[45]|Bytes:5
20:25:28.0 (10626237)|METHOD_EXIT|[7]|ETLC_SecuredDB
20:25:28.0 (10651059)|METHOD_ENTRY|[45]|01p50000002CIEt|ETLC_SecuredDB.query(String)
20:25:28.0 (10700894)|VARIABLE_SCOPE_BEGIN|[10]|SOQL|String|false|false
20:25:28.0 (10710289)|VARIABLE_ASSIGNMENT|[10]|SOQL|"SELECT Id FROM BFFFo (56 more) ..."
20:25:28.0 (10718907)|HEAP_ALLOCATE|[12]|Bytes:5
20:25:28.0 (10723019)|STATEMENT_EXECUTE|[10]
20:25:28.0 (10724372)|STATEMENT_EXECUTE|[12]
20:25:28.0 (11234028)|SOQL_EXECUTE_BEGIN|[12]|Aggregations:0|SELECT Id FROM BFFFollow__c WHERE FollowedBy__c='00550000005cg71AAA' limit 1
20:25:28.0 (13682039)|SOQL_EXECUTE_END|[12]|Rows:1
20:25:28.0 (13706689)|HEAP_ALLOCATE|[12]|Bytes:8
20:25:28.0 (13722564)|HEAP_ALLOCATE|[12]|Bytes:33
20:25:28.0 (13797392)|HEAP_ALLOCATE|[12]|Bytes:8
20:25:28.0 (13810216)|VARIABLE_SCOPE_BEGIN|[12]|dbRecords|List<SObject>|true|false
20:25:28.0 (13838057)|VARIABLE_ASSIGNMENT|[12]|dbRecords|{"s":1,"v":[{"s":2,"v":{"Id":"a005000000ezW4dAAE"}}]}|0x975dcf2
20:25:28.0 (13841430)|STATEMENT_EXECUTE|[20]
20:25:28.0 (14055772)|HEAP_ALLOCATE|[20]|Bytes:12
20:25:28.0 (14063826)|HEAP_ALLOCATE|[20]|Bytes:8
20:25:28.0 (14113501)|HEAP_ALLOCATE|[20]|Bytes:12
20:25:28.0 (14118530)|HEAP_ALLOCATE|[20]|Bytes:9
20:25:28.0 (14130628)|HEAP_ALLOCATE|[20]|Bytes:12
20:25:28.0 (14133767)|HEAP_ALLOCATE|[20]|Bytes:8
20:25:28.0 (14143683)|HEAP_ALLOCATE|[20]|Bytes:12
20:25:28.0 (14146734)|HEAP_ALLOCATE|[20]|Bytes:8
20:25:28.0 (14157181)|HEAP_ALLOCATE|[20]|Bytes:12
20:25:28.0 (14160260)|HEAP_ALLOCATE|[20]|Bytes:9
20:25:28.0 (14182791)|METHOD_ENTRY|[20]|01p50000002CIEt|ETLC_SecuredDB.findFields(List<SObject>)
20:25:28.0 (14204115)|VARIABLE_SCOPE_BEGIN|[108]|dbRecords|List<SObject>|true|false
20:25:28.0 (14220507)|VARIABLE_ASSIGNMENT|[108]|dbRecords|{"s":1,"v":[{"s":2,"v":{"Id":"a005000000ezW4dAAE"}}]}|0x975dcf2
20:25:28.0 (14229777)|HEAP_ALLOCATE|[109]|Bytes:5
20:25:28.0 (14233519)|STATEMENT_EXECUTE|[108]
20:25:28.0 (14234917)|STATEMENT_EXECUTE|[109]
20:25:28.0 (14245376)|VARIABLE_SCOPE_BEGIN|[109]|strJSON|String|false|false
20:25:28.0 (14250847)|VARIABLE_ASSIGNMENT|[109]|strJSON|null
20:25:28.0 (14252649)|STATEMENT_EXECUTE|[110]
20:25:28.0 (14257837)|VARIABLE_SCOPE_BEGIN|[110]|mapFields|Map<String,Set<String>>|true|false
20:25:28.0 (14261802)|VARIABLE_ASSIGNMENT|[110]|mapFields|null|
20:25:28.0 (14263470)|STATEMENT_EXECUTE|[112]
20:25:28.0 (14276340)|METHOD_ENTRY|[112]||System.JSON.serialize(Object)
20:25:28.0 (14682823)|METHOD_EXIT|[112]||System.JSON.serialize(Object)
20:25:28.0 (14696170)|VARIABLE_ASSIGNMENT|[112]|strJSON|"[{\"attributes\":{\"typ (116 more) ..."
20:25:28.0 (14699633)|STATEMENT_EXECUTE|[113]
20:25:28.0 (14709731)|HEAP_ALLOCATE|[113]|Bytes:5
20:25:28.0 (14718305)|HEAP_ALLOCATE|[113]|Bytes:141
20:25:28.0 (14743021)|USER_DEBUG|[113]|DEBUG|JSON:[{"attributes":{"type":"BFFFollow__c","url":"/services/data/v37.0/sobjects/BFFFollow__c/a005000000ezW4dAAE"},"Id":"a005000000ezW4dAAE"}]
20:25:28.0 (14749901)|STATEMENT_EXECUTE|[114]
20:25:28.0 (14761366)|HEAP_ALLOCATE|[114]|Bytes:4
20:25:28.0 (14783893)|VARIABLE_ASSIGNMENT|[114]|mapFields|{"s":1,"v":{}}|0xf1b7ccd
20:25:28.0 (14786989)|STATEMENT_EXECUTE|[115]
20:25:28.0 (14798710)|METHOD_ENTRY|[115]||System.JSON.deserializeUntyped(String)
20:25:28.0 (15060126)|METHOD_EXIT|[115]||System.JSON.deserializeUntyped(String)
20:25:28.0 (15069613)|VARIABLE_SCOPE_BEGIN|[115]|records|List<ANY>|true|false
20:25:28.0 (15098723)|HEAP_ALLOCATE|[EXTERNAL]|Bytes:8
20:25:28.0 (15118324)|VARIABLE_ASSIGNMENT|[115]|records|{"s":1,"v":[{"s":2,"v":{"attributes":{"s":3,"v":{"type":"BFFFollow__c","url":"/services/data/v37.0 (41 more) ..."}},"Id":"a005000000ezW4dAAE"}}]}|0x2c502deb
20:25:28.0 (15168832)|HEAP_ALLOCATE|[116]|Bytes:5
20:25:28.0 (15184309)|HEAP_ALLOCATE|[116]|Bytes:12
20:25:28.0 (15194638)|VARIABLE_SCOPE_BEGIN|[116]|record|Object|false|false
20:25:28.0 (15214211)|VARIABLE_ASSIGNMENT|[116]|record|{"s":1,"v":{"attributes":{"s":2,"v":{"type":"BFFFollow__c","url":"/services/data/v37.0 (41 more) ..."}},"Id":"a005000000ezW4dAAE"}}
20:25:28.0 (15218604)|STATEMENT_EXECUTE|[116]
20:25:28.0 (15219744)|STATEMENT_EXECUTE|[117]
20:25:28.0 (15241457)|METHOD_ENTRY|[117]|01p50000002CIEt|ETLC_SecuredDB.findFieldsRecursive(Map<String,Set<String>>, Map<String,ANY>)
20:25:28.0 (15263257)|VARIABLE_SCOPE_BEGIN|[124]|mapFields|Map<String,Set<String>>|true|false
20:25:28.0 (15274424)|VARIABLE_ASSIGNMENT|[124]|mapFields|{"s":1,"v":{}}|0xf1b7ccd
20:25:28.0 (15277732)|VARIABLE_SCOPE_BEGIN|[124]|record|Map<String,ANY>|true|false
20:25:28.0 (15287354)|VARIABLE_ASSIGNMENT|[124]|record|{"s":1,"v":{"attributes":{"s":2,"v":{"type":"BFFFollow__c","url":"/services/data/v37.0 (41 more) ..."}},"Id":"a005000000ezW4dAAE"}}|0x460e85e7
20:25:28.0 (15295876)|HEAP_ALLOCATE|[125]|Bytes:5
20:25:28.0 (15299327)|STATEMENT_EXECUTE|[124]
20:25:28.0 (15300500)|STATEMENT_EXECUTE|[125]
20:25:28.0 (15308201)|HEAP_ALLOCATE|[125]|Bytes:10
20:25:28.0 (15312587)|VARIABLE_SCOPE_BEGIN|[125]|strAttributes|String|false|false
20:25:28.0 (15318528)|VARIABLE_ASSIGNMENT|[125]|strAttributes|"attributes"
20:25:28.0 (15320392)|STATEMENT_EXECUTE|[126]
20:25:28.0 (15325621)|HEAP_ALLOCATE|[126]|Bytes:7
20:25:28.0 (15329053)|VARIABLE_SCOPE_BEGIN|[126]|strRecord|String|false|false
20:25:28.0 (15333495)|VARIABLE_ASSIGNMENT|[126]|strRecord|"records"
20:25:28.0 (15366530)|STATEMENT_EXECUTE|[127]
20:25:28.0 (15368710)|STATEMENT_EXECUTE|[128]
20:25:28.0 (15403934)|VARIABLE_SCOPE_BEGIN|[128]|attributes|Map<String,ANY>|true|false
20:25:28.0 (15419733)|VARIABLE_ASSIGNMENT|[128]|attributes|{"s":1,"v":{"type":"BFFFollow__c","url":"/services/data/v37.0 (41 more) ..."}}|0xa7a1bc9
20:25:28.0 (15422880)|STATEMENT_EXECUTE|[129]
20:25:28.0 (15431123)|HEAP_ALLOCATE|[129]|Bytes:4
20:25:28.0 (15462001)|VARIABLE_SCOPE_BEGIN|[129]|objectName|String|false|false
20:25:28.0 (15469029)|VARIABLE_ASSIGNMENT|[129]|objectName|"BFFFollow__c"
20:25:28.0 (15478212)|HEAP_ALLOCATE|[130]|Bytes:4
20:25:28.0 (15536937)|HEAP_ALLOCATE|[130]|Bytes:24
20:25:28.0 (15556151)|HEAP_ALLOCATE|[130]|Bytes:8
20:25:28.0 (15579050)|HEAP_ALLOCATE|[130]|Bytes:5
20:25:28.0 (15592380)|VARIABLE_SCOPE_BEGIN|[130]|fieldName|String|false|false
20:25:28.0 (15599372)|VARIABLE_ASSIGNMENT|[130]|fieldName|"attributes"
20:25:28.0 (15601866)|STATEMENT_EXECUTE|[130]
20:25:28.0 (15603041)|STATEMENT_EXECUTE|[131]
20:25:28.0 (15644690)|VARIABLE_SCOPE_BEGIN|[131]|field|Object|false|false
20:25:28.0 (15661683)|VARIABLE_ASSIGNMENT|[131]|field|{"s":1,"v":{"type":"BFFFollow__c","url":"/services/data/v37.0 (41 more) ..."}}
20:25:28.0 (15678948)|STATEMENT_EXECUTE|[132]
20:25:28.0 (15696449)|HEAP_ALLOCATE|[130]|Bytes:5
20:25:28.0 (15707089)|VARIABLE_SCOPE_BEGIN|[130]|fieldName|String|false|false
20:25:28.0 (15713287)|VARIABLE_ASSIGNMENT|[130]|fieldName|"Id"
20:25:28.0 (15715485)|STATEMENT_EXECUTE|[130]
20:25:28.0 (15716572)|STATEMENT_EXECUTE|[131]
20:25:28.0 (15736081)|VARIABLE_SCOPE_BEGIN|[131]|field|Object|false|false
20:25:28.0 (15744365)|VARIABLE_ASSIGNMENT|[131]|field|"a005000000ezW4dAAE"
20:25:28.0 (15755314)|HEAP_ALLOCATE|[134]|Bytes:68
20:25:28.0 (15773424)|STATEMENT_EXECUTE|[136]
20:25:28.0 (15775043)|STATEMENT_EXECUTE|[137]
20:25:28.0 (15786504)|HEAP_ALLOCATE|[137]|Bytes:4
20:25:28.0 (15817686)|VARIABLE_SCOPE_BEGIN|[137]|fieldNames|Set<String>|true|false
20:25:28.0 (15837333)|VARIABLE_ASSIGNMENT|[137]|fieldNames|{"s":1,"v":[]}|0x7341a20b
20:25:28.0 (15868625)|STATEMENT_EXECUTE|[138]
20:25:28.0 (15875791)|STATEMENT_EXECUTE|[139]
20:25:28.0 (15900934)|HEAP_ALLOCATE|[EXTERNAL]|Bytes:4
20:25:28.0 (15908493)|STATEMENT_EXECUTE|[140]
20:25:28.0 (15938066)|HEAP_ALLOCATE|[EXTERNAL]|Bytes:-4
20:25:28.0 (15952343)|HEAP_ALLOCATE|[130]|Bytes:5
20:25:28.0 (15963003)|VARIABLE_ASSIGNMENT|[130]|fieldName|null
20:25:28.0 (15971793)|METHOD_EXIT|[117]|01p50000002CIEt|ETLC_SecuredDB.findFieldsRecursive(Map<String,Set<String>>, Map<String,ANY>)
20:25:28.0 (15981152)|HEAP_ALLOCATE|[116]|Bytes:5
20:25:28.0 (15994110)|VARIABLE_ASSIGNMENT|[116]|record|null
20:25:28.0 (15999525)|HEAP_ALLOCATE|[119]|Bytes:4
20:25:28.0 (16028183)|HEAP_ALLOCATE|[119]|Bytes:20
20:25:28.0 (16040545)|HEAP_ALLOCATE|[119]|Bytes:4
20:25:28.0 (16056773)|HEAP_ALLOCATE|[119]|Bytes:5
20:25:28.0 (16068029)|VARIABLE_SCOPE_BEGIN|[119]|objectName|String|false|false
20:25:28.0 (16074779)|VARIABLE_ASSIGNMENT|[119]|objectName|"BFFFollow__c"
20:25:28.0 (16077281)|STATEMENT_EXECUTE|[119]
20:25:28.0 (16078317)|STATEMENT_EXECUTE|[120]
20:25:28.0 (16086768)|HEAP_ALLOCATE|[120]|Bytes:2
20:25:28.0 (16137813)|HEAP_ALLOCATE|[120]|Bytes:4
20:25:28.0 (16149931)|HEAP_ALLOCATE|[120]|Bytes:18
20:25:28.0 (16160529)|USER_DEBUG|[120]|DEBUG|BFFFollow__c: {Id}
20:25:28.0 (16172240)|HEAP_ALLOCATE|[119]|Bytes:5
20:25:28.0 (16182215)|VARIABLE_ASSIGNMENT|[119]|objectName|null
20:25:28.0 (16185109)|STATEMENT_EXECUTE|[122]
20:25:28.0 (16197718)|METHOD_EXIT|[20]|01p50000002CIEt|ETLC_SecuredDB.findFields(List<SObject>)
20:25:28.0 (16211892)|METHOD_ENTRY|[20]|01p50000002CIEt|ETLC_SecuredDB.validate(ETLC_SecuredDB.Operation, Map<String,Set<String>>)
20:25:28.0 (16218295)|VARIABLE_SCOPE_BEGIN|[55]|op|ETLC_SecuredDB.Operation|true|false
20:25:28.0 (16231892)|VARIABLE_ASSIGNMENT|[55]|op|"Querying"|0x1b2cdf99
20:25:28.0 (16235036)|VARIABLE_SCOPE_BEGIN|[55]|mapFieldNames|Map<String,Set<String>>|true|false
20:25:28.0 (16248199)|VARIABLE_ASSIGNMENT|[55]|mapFieldNames|{"s":1,"v":{"BFFFollow__c":{"s":2,"v":["Id"]}}}|0xf1b7ccd
20:25:28.0 (16256581)|HEAP_ALLOCATE|[56]|Bytes:5
20:25:28.0 (16259913)|STATEMENT_EXECUTE|[55]
20:25:28.0 (16261105)|STATEMENT_EXECUTE|[56]
20:25:28.0 (16269401)|VARIABLE_SCOPE_BEGIN|[56]|securityMessage|String|false|false
20:25:28.0 (16274251)|VARIABLE_ASSIGNMENT|[56]|securityMessage|null
20:25:28.0 (16276028)|STATEMENT_EXECUTE|[57]
20:25:28.0 (30332408)|HEAP_ALLOCATE|[57]|Bytes:1256
20:25:28.0 (30353686)|VARIABLE_SCOPE_BEGIN|[57]|mapObjects|Map<String,Schema.SObjectType>|true|false
20:25:28.0 (30552234)|VARIABLE_ASSIGNMENT|[57]|mapObjects|"{acceptedeventrelation=AcceptedEventRelation, account=Account, accountcontactrole=AccountContactRole, accounthistory=AccountHistory, accountpartner=AccountPartner, accountshare=AccountShare, actionlinkgrouptemplate=ActionLinkGroupTemplate, actionlinktemplate=ActionLinkTemplate, activityhistory=ActivityHistory, additionalnumber=AdditionalNumber, ...}"|0x5aa49eb8
20:25:28.0 (30564776)|HEAP_ALLOCATE|[58]|Bytes:4
20:25:28.0 (30612417)|HEAP_ALLOCATE|[58]|Bytes:20
20:25:28.0 (30627433)|HEAP_ALLOCATE|[58]|Bytes:4
20:25:28.0 (30650077)|HEAP_ALLOCATE|[58]|Bytes:5
20:25:28.0 (30664691)|VARIABLE_SCOPE_BEGIN|[58]|sObjectName|String|false|false
20:25:28.0 (30673133)|VARIABLE_ASSIGNMENT|[58]|sObjectName|"BFFFollow__c"
20:25:28.0 (30677123)|STATEMENT_EXECUTE|[58]
20:25:28.0 (30678826)|STATEMENT_EXECUTE|[59]
20:25:28.0 (30693108)|HEAP_ALLOCATE|[59]|Bytes:9
20:25:28.0 (30696922)|HEAP_ALLOCATE|[59]|Bytes:7
20:25:28.0 (30744708)|HEAP_ALLOCATE|[59]|Bytes:8
20:25:28.0 (30756346)|HEAP_ALLOCATE|[59]|Bytes:1
20:25:28.0 (30768918)|HEAP_ALLOCATE|[59]|Bytes:37
20:25:28.0 (30777996)|VARIABLE_ASSIGNMENT|[59]|securityMessage|"CRUD on [BFFFollow__ (17 more) ..."
20:25:28.0 (30780752)|STATEMENT_EXECUTE|[60]
20:25:28.0 (30789861)|HEAP_ALLOCATE|[60]|Bytes:10
20:25:28.0 (30796678)|HEAP_ALLOCATE|[60]|Bytes:47
20:25:28.0 (30822590)|USER_DEBUG|[60]|DEBUG|Checking: CRUD on [BFFFollow__c] for [Querying]
20:25:28.0 (30829310)|STATEMENT_EXECUTE|[61]
20:25:28.0 (31130187)|HEAP_ALLOCATE|[61]|Bytes:4
20:25:28.0 (31176311)|VARIABLE_SCOPE_BEGIN|[61]|drSObj|Schema.DescribeSObjectResult|true|false
20:25:28.0 (31256324)|VARIABLE_ASSIGNMENT|[61]|drSObj|"common.api.soap.wsdl.DescribeSObjectResult@a54f9caa"|0xa8cf5ba
20:25:28.0 (31414270)|STATEMENT_EXECUTE|[64]
20:25:28.0 (31441879)|STATEMENT_EXECUTE|[65]
20:25:28.0 (31499467)|STATEMENT_EXECUTE|[77]
20:25:28.0 (31501900)|STATEMENT_EXECUTE|[79]
20:25:28.0 (31748917)|HEAP_ALLOCATE|[79]|Bytes:56
20:25:28.0 (31759699)|VARIABLE_SCOPE_BEGIN|[79]|mapFields|Map<String,Schema.SObjectField>|true|false
20:25:28.0 (31922869)|VARIABLE_ASSIGNMENT|[79]|mapFields|"{createdbyid=CreatedById, createddate=CreatedDate, followedby__c=FollowedBy__c, followedusers__c=FollowedUsers__c, id=Id, isdeleted=IsDeleted, lastmodifiedbyid=LastModifiedById, lastmodifieddate=LastModifiedDate, lastreferenceddate=LastReferencedDate, lastvieweddate=LastViewedDate, ...}"|0x3abe1f5f
20:25:28.0 (31932266)|HEAP_ALLOCATE|[80]|Bytes:4
20:25:28.0 (31972946)|HEAP_ALLOCATE|[80]|Bytes:4
20:25:28.0 (31991272)|HEAP_ALLOCATE|[80]|Bytes:5
20:25:28.0 (32003391)|VARIABLE_SCOPE_BEGIN|[80]|fieldName|String|false|false
20:25:28.0 (32011665)|VARIABLE_ASSIGNMENT|[80]|fieldName|"Id"
20:25:28.0 (32014594)|STATEMENT_EXECUTE|[80]
20:25:28.0 (32015906)|STATEMENT_EXECUTE|[81]
20:25:28.0 (32327072)|HEAP_ALLOCATE|[81]|Bytes:8
20:25:28.0 (32366085)|VARIABLE_SCOPE_BEGIN|[81]|drField|Schema.DescribeFieldResult|true|false
20:25:28.0 (32440071)|VARIABLE_ASSIGNMENT|[81]|drField|"common.api.soap.wsdl.Field@b5e8a549"|0x1ba3e6e5
20:25:28.0 (32463376)|STATEMENT_EXECUTE|[99]
20:25:28.0 (32465037)|STATEMENT_EXECUTE|[100]
20:25:28.0 (32475573)|HEAP_ALLOCATE|[100]|Bytes:22
20:25:28.0 (32479676)|HEAP_ALLOCATE|[100]|Bytes:1
20:25:28.0 (32518264)|HEAP_ALLOCATE|[100]|Bytes:8
20:25:28.0 (32537401)|HEAP_ALLOCATE|[100]|Bytes:52
20:25:28.0 (32541928)|HEAP_ALLOCATE|[100]|Bytes:35
20:25:28.0 (32546125)|HEAP_ALLOCATE|[100]|Bytes:87
20:25:28.0 (32556689)|USER_DEBUG|[100]|DEBUG|Bypass Check: FLS on [BFFFollow__c.Id] for [Querying] since it's not isPermissionable()
20:25:28.0 (32570331)|HEAP_ALLOCATE|[80]|Bytes:5
20:25:28.0 (32581883)|VARIABLE_ASSIGNMENT|[80]|fieldName|null
20:25:28.0 (32590461)|HEAP_ALLOCATE|[58]|Bytes:5
20:25:28.0 (32598281)|VARIABLE_ASSIGNMENT|[58]|sObjectName|null
20:25:28.0 (32609268)|METHOD_EXIT|[20]|01p50000002CIEt|ETLC_SecuredDB.validate(ETLC_SecuredDB.Operation, Map<String,Set<String>>)
20:25:28.0 (32613143)|STATEMENT_EXECUTE|[21]
20:25:28.0 (32625453)|METHOD_EXIT|[45]|01p50000002CIEt|ETLC_SecuredDB.query(String)
20:25:28.0 (32630755)|VARIABLE_SCOPE_BEGIN|[45]|dbRecords|List<SObject>|true|false
20:25:28.0 (32650399)|VARIABLE_ASSIGNMENT|[45]|dbRecords|{"s":1,"v":[{"s":2,"v":{"Id":"a005000000ezW4dAAE"}}]}|0x975dcf2
20:25:28.0 (32653094)|STATEMENT_EXECUTE|[46]
20:25:28.0 (32675165)|HEAP_ALLOCATE|[46]|Bytes:4
20:25:28.0 (32790940)|VARIABLE_SCOPE_BEGIN|[46]|record|BFFFollow__c|true|false
20:25:28.0 (32805824)|VARIABLE_ASSIGNMENT|[46]|record|{}|0x5af05d6a
20:25:28.0 (32891895)|STATEMENT_EXECUTE|[47]
20:25:28.0 (32894335)|STATEMENT_EXECUTE|[48]
20:25:28.0 (32910304)|HEAP_ALLOCATE|[48]|Bytes:8
20:25:28.0 (32917188)|HEAP_ALLOCATE|[48]|Bytes:2
20:25:28.0 (32988154)|HEAP_ALLOCATE|[48]|Bytes:4
20:25:28.0 (33005667)|HEAP_ALLOCATE|[48]|Bytes:4
20:25:28.0 (33048321)|VARIABLE_ASSIGNMENT|[48]|this.Id|"a005000000ezW4dAAE"|0x5af05d6a
20:25:28.0 (33052653)|STATEMENT_EXECUTE|[50]
20:25:28.0 (33107281)|VARIABLE_ASSIGNMENT|[50]|this.FollowedUsers__c|"[{\"id\":\"00550000005c (85 more) ..."|0x5af05d6a
20:25:28.0 (33111002)|STATEMENT_EXECUTE|[51]
20:25:28.0 (33165589)|VARIABLE_ASSIGNMENT|[51]|this.FollowedBy__c|"00550000005cg71AAA"|0x5af05d6a
20:25:28.0 (33169289)|STATEMENT_EXECUTE|[52]
20:25:28.0 (33209453)|HEAP_ALLOCATE|[52]|Bytes:8
20:25:28.0 (33237177)|DML_BEGIN|[52]|Op:Upsert|Type:BFFFollow__c|Rows:1
20:25:28.0 (33273863)|HEAP_ALLOCATE|[EXTERNAL]|Bytes:8
20:25:28.0 (54881671)|DML_END|[52]
20:25:28.0 (54912948)|STATEMENT_EXECUTE|[53]
20:25:28.0 (54915485)|STATEMENT_EXECUTE|[53]
20:25:28.0 (54987376)|USER_DEBUG|[53]|DEBUG|BFFFollow__c:{Id=a005000000ezW4dAAE, FollowedUsers__c=[{"id":"00550000005cg71AAA","name":"Jaswinder Rattanpal"},{"id":"00550000005d7KnAAI","name":"Test User"}], FollowedBy__c=00550000005cg71AAA}
20:25:28.0 (54997154)|STATEMENT_EXECUTE|[54]
20:25:28.0 (55008854)|HEAP_ALLOCATE|[54]|Bytes:5
20:25:28.0 (55020217)|METHOD_EXIT|[14]|01p50000002D8iw|BFFFollow_Controller.saveFollowedUsers(Id, String)
20:25:28.0 (55079352)|VARIABLE_ASSIGNMENT|[EXTERNAL]|this|{"debug":true,"input":"{\"mode\":\"saveFollowe (148 more) ...","operation":"BFFFollow_Controller"}|0x71d84096
20:25:28.0 (55087641)|VARIABLE_ASSIGNMENT|[EXTERNAL]|value|true
20:25:28.0 (55093894)|HEAP_ALLOCATE|[15]|Bytes:5
20:25:28.0 (55105674)|VARIABLE_ASSIGNMENT|[15]|this.outputFlag|true|0x71d84096
20:25:28.0 (55117879)|METHOD_EXIT|[9]|01p50000002D8iw|BFFFollow_Controller.process(ETLC_ApexBridge_Data)
20:25:28.0 (55121772)|STATEMENT_EXECUTE|[24]
20:25:28.0 (55142902)|METHOD_ENTRY|[24]|01p50000002CIEo|ETLC_ApexBridge_Data.toJSON()
20:25:28.0 (55158598)|VARIABLE_SCOPE_BEGIN|[57]|this|ETLC_ApexBridge_Data|true|false
20:25:28.0 (55187084)|VARIABLE_ASSIGNMENT|[57]|this|{"debug":true,"input":"{\"mode\":\"saveFollowe (148 more) ...","operation":"BFFFollow_Controller","outputFlag":true}|0x71d84096
20:25:28.0 (55193249)|STATEMENT_EXECUTE|[57]
20:25:28.0 (55194456)|STATEMENT_EXECUTE|[58]
20:25:28.0 (55209970)|METHOD_ENTRY|[58]||System.JSON.serialize(Object)
20:25:28.0 (55289660)|STATEMENT_EXECUTE|[22]
20:25:28.0 (55294561)|STATEMENT_EXECUTE|[23]
20:25:28.0 (55304604)|HEAP_ALLOCATE|[23]|Bytes:5
20:25:28.0 (55314178)|VARIABLE_ASSIGNMENT|[23]|this.isSuccess|true|0x71d84096
20:25:28.0 (55316524)|STATEMENT_EXECUTE|[24]
20:25:28.0 (55348765)|STATEMENT_EXECUTE|[31]
20:25:28.0 (55351644)|STATEMENT_EXECUTE|[32]
20:25:28.0 (55452079)|HEAP_ALLOCATE|[32]|Bytes:4
20:25:28.0 (55525531)|VARIABLE_ASSIGNMENT|[32]|this.messages|{"s":1,"v":{}}|0x71d84096
20:25:28.0 (55529816)|STATEMENT_EXECUTE|[33]
20:25:28.0 (55837736)|METHOD_EXIT|[58]||System.JSON.serialize(Object)
20:25:28.0 (55844282)|METHOD_EXIT|[24]|01p50000002CIEo|ETLC_ApexBridge_Data.toJSON()
20:25:28.0 (55853012)|SYSTEM_MODE_EXIT|false
20:25:28.57 (57745968)|CUMULATIVE_LIMIT_USAGE
20:25:28.57 (57745968)|LIMIT_USAGE_FOR_NS|(default)|
  Number of SOQL queries: 1 out of 100
  Number of query rows: 1 out of 50000
  Number of SOSL queries: 0 out of 20
  Number of DML statements: 1 out of 150
  Number of DML rows: 1 out of 10000
  Maximum CPU time: 0 out of 10000
  Maximum heap size: 0 out of 6000000
  Number of callouts: 0 out of 100
  Number of Email Invocations: 0 out of 10
  Number of future calls: 0 out of 50
  Number of queueable jobs added to the queue: 0 out of 50
  Number of Mobile Apex push calls: 0 out of 10

20:25:28.57 (57745968)|CUMULATIVE_LIMIT_USAGE_END

20:25:28.0 (57797563)|CODE_UNIT_FINISHED|ETLC_ApexBridge_Controller.execute
