37.0 APEX_CODE,FINEST;APEX_PROFILING,INFO;CALLOUT,INFO;DB,INFO;SYSTEM,DEBUG;VALIDATION,INFO;VISUALFORCE,INFO;WORKFLOW,INFO
20:24:31.0 (407089)|USER_INFO|[EXTERNAL]|00550000005cg71|bfffollow@jr.te|Eastern Standard Time|GMT-04:00
20:24:31.0 (445857)|EXECUTION_STARTED
20:24:31.0 (450507)|CODE_UNIT_STARTED|[EXTERNAL]|aura
20:24:31.0 (798767)|HEAP_ALLOCATE|[72]|Bytes:3
20:24:31.0 (869731)|HEAP_ALLOCATE|[77]|Bytes:152
20:24:31.0 (885082)|HEAP_ALLOCATE|[342]|Bytes:408
20:24:31.0 (900275)|HEAP_ALLOCATE|[355]|Bytes:408
20:24:31.0 (914898)|HEAP_ALLOCATE|[467]|Bytes:48
20:24:31.0 (943251)|HEAP_ALLOCATE|[139]|Bytes:6
20:24:31.0 (966493)|HEAP_ALLOCATE|[EXTERNAL]|Bytes:4
20:24:31.0 (1010072)|HEAP_ALLOCATE|[EXTERNAL]|Bytes:4
20:24:31.0 (1107076)|HEAP_ALLOCATE|[EXTERNAL]|Bytes:4
20:24:31.0 (1118165)|HEAP_ALLOCATE|[EXTERNAL]|Bytes:4
20:24:31.0 (1931278)|CODE_UNIT_STARTED|[EXTERNAL]|01p50000002D2uA|LookupSObjectController.lookup
20:24:31.0 (2539296)|HEAP_ALLOCATE|[EXTERNAL]|Bytes:6
20:24:31.0 (2546892)|HEAP_ALLOCATE|[EXTERNAL]|Bytes:2
20:24:31.0 (2566565)|METHOD_ENTRY|[11]|01p50000002D2uA|LookupSObjectController.LookupSObjectController()
20:24:31.0 (2572082)|STATEMENT_EXECUTE|[11]
20:24:31.0 (2579844)|STATEMENT_EXECUTE|[11]
20:24:31.0 (2614345)|HEAP_ALLOCATE|[50]|Bytes:5
20:24:31.0 (2635369)|HEAP_ALLOCATE|[56]|Bytes:5
20:24:31.0 (2645312)|HEAP_ALLOCATE|[64]|Bytes:7
20:24:31.0 (2665488)|SYSTEM_MODE_ENTER|false
20:24:31.0 (2829775)|HEAP_ALLOCATE|[EXTERNAL]|Bytes:5
20:24:31.0 (2836103)|STATEMENT_EXECUTE|[43]
20:24:31.0 (2842361)|SYSTEM_MODE_EXIT|false
20:24:31.0 (2856365)|METHOD_EXIT|[11]|LookupSObjectController
20:24:31.0 (2862135)|HEAP_ALLOCATE|[EXTERNAL]|Bytes:4
20:24:31.0 (2864316)|HEAP_ALLOCATE|[EXTERNAL]|Bytes:4
20:24:31.0 (2869952)|SYSTEM_MODE_ENTER|false
20:24:31.0 (2880129)|VARIABLE_SCOPE_BEGIN|[17]|searchString|String|false|false
20:24:31.0 (2996179)|VARIABLE_ASSIGNMENT|[17]|searchString|"Test"
20:24:31.0 (3002586)|VARIABLE_SCOPE_BEGIN|[17]|sObjectAPIName|String|false|false
20:24:31.0 (3007636)|VARIABLE_ASSIGNMENT|[17]|sObjectAPIName|"User"
20:24:31.0 (3022799)|HEAP_ALLOCATE|[20]|Bytes:5
20:24:31.0 (3027177)|STATEMENT_EXECUTE|[18]
20:24:31.0 (3028734)|STATEMENT_EXECUTE|[20]
20:24:31.0 (3081646)|HEAP_ALLOCATE|[20]|Bytes:4
20:24:31.0 (3097423)|VARIABLE_SCOPE_BEGIN|[20]|sanitizedSearchString|String|false|false
20:24:31.0 (3105867)|VARIABLE_ASSIGNMENT|[20]|sanitizedSearchString|"Test"
20:24:31.0 (3108638)|STATEMENT_EXECUTE|[21]
20:24:31.0 (3136259)|HEAP_ALLOCATE|[21]|Bytes:4
20:24:31.0 (3148227)|VARIABLE_SCOPE_BEGIN|[21]|sanitizedSObjectAPIName|String|false|false
20:24:31.0 (3155589)|VARIABLE_ASSIGNMENT|[21]|sanitizedSObjectAPIName|"User"
20:24:31.0 (3158387)|STATEMENT_EXECUTE|[23]
20:24:31.0 (3168020)|HEAP_ALLOCATE|[23]|Bytes:4
20:24:31.0 (3245277)|VARIABLE_SCOPE_BEGIN|[23]|results|List<LookupSObjectController.Result>|true|false
20:24:31.0 (3264613)|HEAP_ALLOCATE|[EXTERNAL]|Bytes:4
20:24:31.0 (3287034)|VARIABLE_ASSIGNMENT|[23]|results|{"s":1,"v":[]}|0x53d1dd8b
20:24:31.0 (3290311)|STATEMENT_EXECUTE|[26]
20:24:31.0 (3298395)|HEAP_ALLOCATE|[26]|Bytes:6
20:24:31.0 (3302896)|HEAP_ALLOCATE|[26]|Bytes:27
20:24:31.0 (3305760)|HEAP_ALLOCATE|[26]|Bytes:18
20:24:31.0 (3317140)|HEAP_ALLOCATE|[26]|Bytes:59
20:24:31.0 (3321964)|VARIABLE_SCOPE_BEGIN|[26]|searchQuery|String|false|false
20:24:31.0 (3331476)|VARIABLE_ASSIGNMENT|[26]|searchQuery|"FIND 'Test*' IN ALL  (39 more) ..."
20:24:31.0 (3334193)|STATEMENT_EXECUTE|[29]
20:24:31.0 (5218816)|SOSL_EXECUTE_BEGIN|[29]|FIND 'Test*' IN ALL FIELDS RETURNING User(id,name) Limit 50
20:24:31.0 (37902017)|HEAP_ALLOCATE|[29]|Bytes:4
20:24:31.0 (37918560)|HEAP_ALLOCATE|[29]|Bytes:4
20:24:31.0 (37937125)|HEAP_ALLOCATE|[29]|Bytes:8
20:24:31.0 (37951651)|SOSL_EXECUTE_END|[29]|Rows:1
20:24:31.0 (38079836)|HEAP_ALLOCATE|[29]|Bytes:8
20:24:31.0 (38124642)|VARIABLE_SCOPE_BEGIN|[29]|searchList|List<List<SObject>>|true|false
20:24:31.0 (38199314)|VARIABLE_ASSIGNMENT|[29]|searchList|{"s":1,"v":[{"s":2,"v":[{"s":3,"v":{"Id":"00550000005d7KnAAI","Name":"Test User"}}]}]}|0x3b3ed2de
20:24:31.0 (38334067)|HEAP_ALLOCATE|[32]|Bytes:8
20:24:31.0 (38803147)|HEAP_ALLOCATE|[32]|Bytes:5
20:24:31.0 (38870191)|HEAP_ALLOCATE|[32]|Bytes:12
20:24:31.0 (38906438)|VARIABLE_SCOPE_BEGIN|[32]|so|SObject|true|false
20:24:31.0 (38934678)|VARIABLE_ASSIGNMENT|[32]|so|{"s":1,"v":{"Id":"00550000005d7KnAAI","Name":"Test User"}}|0x2cd514c6
20:24:31.0 (38943828)|STATEMENT_EXECUTE|[33]
20:24:31.0 (38948190)|STATEMENT_EXECUTE|[34]
20:24:31.0 (39019989)|HEAP_ALLOCATE|[34]|Bytes:116
20:24:31.0 (39047426)|HEAP_ALLOCATE|[34]|Bytes:8
20:24:31.0 (39087712)|HEAP_ALLOCATE|[34]|Bytes:12
20:24:31.0 (39098460)|HEAP_ALLOCATE|[34]|Bytes:4
20:24:31.0 (40169594)|HEAP_ALLOCATE|[34]|Bytes:9
20:24:31.0 (40262651)|CONSTRUCTOR_ENTRY|[34]|01p50000002D2uA|<init>(String,Id)
20:24:31.0 (40297392)|VARIABLE_SCOPE_BEGIN|[48]|this|LookupSObjectController.Result|true|false
20:24:31.0 (40364941)|VARIABLE_ASSIGNMENT|[48]|this|{}|0x399b1d20
20:24:31.0 (40371618)|VARIABLE_SCOPE_BEGIN|[48]|sObjectLabel|String|false|false
20:24:31.0 (40379880)|VARIABLE_ASSIGNMENT|[48]|sObjectLabel|"Test User"
20:24:31.0 (40383867)|VARIABLE_SCOPE_BEGIN|[48]|sObjectId|Id|false|false
20:24:31.0 (40587035)|VARIABLE_ASSIGNMENT|[48]|sObjectId|"00550000005d7KnAAI"
20:24:31.0 (40595926)|STATEMENT_EXECUTE|[43]
20:24:31.0 (40598695)|STATEMENT_EXECUTE|[45]
20:24:31.0 (40607106)|STATEMENT_EXECUTE|[46]
20:24:31.0 (40621481)|HEAP_ALLOCATE|[50]|Bytes:6
20:24:31.0 (40666858)|STATEMENT_EXECUTE|[49]
20:24:31.0 (40669697)|STATEMENT_EXECUTE|[50]
20:24:31.0 (40768499)|VARIABLE_ASSIGNMENT|[EXTERNAL]|this|{}|0x399b1d20
20:24:31.0 (40782019)|VARIABLE_ASSIGNMENT|[EXTERNAL]|value|"Test User"
20:24:31.0 (40801269)|VARIABLE_ASSIGNMENT|[45]|this.SObjectLabel|"Test User"|0x399b1d20
20:24:31.0 (40812004)|STATEMENT_EXECUTE|[51]
20:24:31.0 (40884200)|VARIABLE_ASSIGNMENT|[EXTERNAL]|this|{"SObjectLabel":"Test User"}|0x399b1d20
20:24:31.0 (40956833)|VARIABLE_ASSIGNMENT|[EXTERNAL]|value|"00550000005d7KnAAI"
20:24:31.0 (41040073)|VARIABLE_ASSIGNMENT|[46]|this.SObjectId|"00550000005d7KnAAI"|0x399b1d20
20:24:31.0 (41062885)|CONSTRUCTOR_EXIT|[34]|01p50000002D2uA|<init>(String,Id)
20:24:31.0 (41086616)|HEAP_ALLOCATE|[EXTERNAL]|Bytes:4
20:24:31.0 (41109370)|HEAP_ALLOCATE|[32]|Bytes:5
20:24:31.0 (41127547)|VARIABLE_ASSIGNMENT|[32]|so|null|
20:24:31.0 (41133336)|STATEMENT_EXECUTE|[37]
20:24:31.0 (41158297)|SYSTEM_MODE_EXIT|false
20:24:31.41 (41230384)|CUMULATIVE_LIMIT_USAGE
20:24:31.41 (41230384)|LIMIT_USAGE_FOR_NS|(default)|
  Number of SOQL queries: 0 out of 100
  Number of query rows: 0 out of 50000
  Number of SOSL queries: 1 out of 20
  Number of DML statements: 0 out of 150
  Number of DML rows: 0 out of 10000
  Maximum CPU time: 0 out of 10000
  Maximum heap size: 0 out of 6000000
  Number of callouts: 0 out of 100
  Number of Email Invocations: 0 out of 10
  Number of future calls: 0 out of 50
  Number of queueable jobs added to the queue: 0 out of 50
  Number of Mobile Apex push calls: 0 out of 10

20:24:31.41 (41230384)|CUMULATIVE_LIMIT_USAGE_END

20:24:31.0 (41300135)|CODE_UNIT_FINISHED|LookupSObjectController.lookup
20:24:31.0 (42806414)|CODE_UNIT_STARTED|[EXTERNAL]|Aura
20:24:31.0 (42910928)|CODE_UNIT_FINISHED|Aura
