37.0 APEX_CODE,FINEST;APEX_PROFILING,INFO;CALLOUT,INFO;DB,INFO;SYSTEM,DEBUG;VALIDATION,INFO;VISUALFORCE,INFO;WORKFLOW,INFO
23:44:28.0 (140903)|USER_INFO|[EXTERNAL]|00550000005cg71|bfffollow@jr.te|Eastern Standard Time|GMT-04:00
23:44:28.0 (192396)|EXECUTION_STARTED
23:44:28.0 (198301)|CODE_UNIT_STARTED|[EXTERNAL]|aura
23:44:28.0 (606751)|HEAP_ALLOCATE|[72]|Bytes:3
23:44:28.0 (645025)|HEAP_ALLOCATE|[77]|Bytes:152
23:44:28.0 (662996)|HEAP_ALLOCATE|[342]|Bytes:408
23:44:28.0 (692214)|HEAP_ALLOCATE|[355]|Bytes:408
23:44:28.0 (717195)|HEAP_ALLOCATE|[467]|Bytes:48
23:44:28.0 (755889)|HEAP_ALLOCATE|[139]|Bytes:6
23:44:28.0 (792708)|HEAP_ALLOCATE|[EXTERNAL]|Bytes:4
23:44:28.0 (819224)|HEAP_ALLOCATE|[EXTERNAL]|Bytes:4
23:44:28.0 (925168)|HEAP_ALLOCATE|[EXTERNAL]|Bytes:4
23:44:28.0 (941647)|HEAP_ALLOCATE|[EXTERNAL]|Bytes:4
23:44:28.0 (1818200)|CODE_UNIT_STARTED|[EXTERNAL]|01p50000002D2uA|LookupSObjectController.lookup
23:44:28.0 (1986640)|HEAP_ALLOCATE|[EXTERNAL]|Bytes:6
23:44:28.0 (1996316)|HEAP_ALLOCATE|[EXTERNAL]|Bytes:2
23:44:28.0 (2012354)|METHOD_ENTRY|[11]|01p50000002D2uA|LookupSObjectController.LookupSObjectController()
23:44:28.0 (2019742)|STATEMENT_EXECUTE|[11]
23:44:28.0 (2028304)|STATEMENT_EXECUTE|[11]
23:44:28.0 (2078936)|HEAP_ALLOCATE|[50]|Bytes:5
23:44:28.0 (2113018)|HEAP_ALLOCATE|[56]|Bytes:5
23:44:28.0 (2134342)|HEAP_ALLOCATE|[64]|Bytes:7
23:44:28.0 (2164957)|SYSTEM_MODE_ENTER|false
23:44:28.0 (2183399)|HEAP_ALLOCATE|[EXTERNAL]|Bytes:5
23:44:28.0 (2188649)|STATEMENT_EXECUTE|[43]
23:44:28.0 (2194053)|SYSTEM_MODE_EXIT|false
23:44:28.0 (2202750)|METHOD_EXIT|[11]|LookupSObjectController
23:44:28.0 (2207567)|HEAP_ALLOCATE|[EXTERNAL]|Bytes:4
23:44:28.0 (2209329)|HEAP_ALLOCATE|[EXTERNAL]|Bytes:4
23:44:28.0 (2216432)|SYSTEM_MODE_ENTER|false
23:44:28.0 (2224052)|VARIABLE_SCOPE_BEGIN|[17]|searchString|String|false|false
23:44:28.0 (2248896)|VARIABLE_ASSIGNMENT|[17]|searchString|"Test"
23:44:28.0 (2252603)|VARIABLE_SCOPE_BEGIN|[17]|sObjectAPIName|String|false|false
23:44:28.0 (2256283)|VARIABLE_ASSIGNMENT|[17]|sObjectAPIName|"User"
23:44:28.0 (2270612)|HEAP_ALLOCATE|[20]|Bytes:5
23:44:28.0 (2274565)|STATEMENT_EXECUTE|[18]
23:44:28.0 (2276099)|STATEMENT_EXECUTE|[20]
23:44:28.0 (2333643)|HEAP_ALLOCATE|[20]|Bytes:4
23:44:28.0 (2348910)|VARIABLE_SCOPE_BEGIN|[20]|sanitizedSearchString|String|false|false
23:44:28.0 (2356928)|VARIABLE_ASSIGNMENT|[20]|sanitizedSearchString|"Test"
23:44:28.0 (2359682)|STATEMENT_EXECUTE|[21]
23:44:28.0 (2387648)|HEAP_ALLOCATE|[21]|Bytes:4
23:44:28.0 (2398843)|VARIABLE_SCOPE_BEGIN|[21]|sanitizedSObjectAPIName|String|false|false
23:44:28.0 (2405920)|VARIABLE_ASSIGNMENT|[21]|sanitizedSObjectAPIName|"User"
23:44:28.0 (2408599)|STATEMENT_EXECUTE|[23]
23:44:28.0 (2462486)|HEAP_ALLOCATE|[23]|Bytes:4
23:44:28.0 (2557461)|VARIABLE_SCOPE_BEGIN|[23]|results|List<LookupSObjectController.Result>|true|false
23:44:28.0 (2576068)|HEAP_ALLOCATE|[EXTERNAL]|Bytes:4
23:44:28.0 (2598234)|VARIABLE_ASSIGNMENT|[23]|results|{"s":1,"v":[]}|0x14e3193c
23:44:28.0 (2601820)|STATEMENT_EXECUTE|[26]
23:44:28.0 (2610309)|HEAP_ALLOCATE|[26]|Bytes:6
23:44:28.0 (2614741)|HEAP_ALLOCATE|[26]|Bytes:27
23:44:28.0 (2617422)|HEAP_ALLOCATE|[26]|Bytes:18
23:44:28.0 (2626587)|HEAP_ALLOCATE|[26]|Bytes:59
23:44:28.0 (2631270)|VARIABLE_SCOPE_BEGIN|[26]|searchQuery|String|false|false
23:44:28.0 (2640274)|VARIABLE_ASSIGNMENT|[26]|searchQuery|"FIND 'Test*' IN ALL  (39 more) ..."
23:44:28.0 (2642580)|STATEMENT_EXECUTE|[29]
23:44:28.0 (3717124)|SOSL_EXECUTE_BEGIN|[29]|FIND 'Test*' IN ALL FIELDS RETURNING User(id,name) Limit 50
23:44:28.0 (50343045)|HEAP_ALLOCATE|[29]|Bytes:4
23:44:28.0 (50350808)|HEAP_ALLOCATE|[29]|Bytes:4
23:44:28.0 (50359776)|HEAP_ALLOCATE|[29]|Bytes:8
23:44:28.0 (50369301)|SOSL_EXECUTE_END|[29]|Rows:1
23:44:28.0 (50425283)|HEAP_ALLOCATE|[29]|Bytes:8
23:44:28.0 (50447857)|VARIABLE_SCOPE_BEGIN|[29]|searchList|List<List<SObject>>|true|false
23:44:28.0 (50498330)|VARIABLE_ASSIGNMENT|[29]|searchList|{"s":1,"v":[{"s":2,"v":[{"s":3,"v":{"Id":"00550000005d7KnAAI","Name":"Test User"}}]}]}|0x6ae453f2
23:44:28.0 (50581088)|HEAP_ALLOCATE|[32]|Bytes:8
23:44:28.0 (50883778)|HEAP_ALLOCATE|[32]|Bytes:5
23:44:28.0 (50922758)|HEAP_ALLOCATE|[32]|Bytes:12
23:44:28.0 (50934990)|VARIABLE_SCOPE_BEGIN|[32]|so|SObject|true|false
23:44:28.0 (50951023)|VARIABLE_ASSIGNMENT|[32]|so|{"s":1,"v":{"Id":"00550000005d7KnAAI","Name":"Test User"}}|0x2a1ae138
23:44:28.0 (50956252)|STATEMENT_EXECUTE|[33]
23:44:28.0 (50958917)|STATEMENT_EXECUTE|[34]
23:44:28.0 (50988385)|HEAP_ALLOCATE|[34]|Bytes:116
23:44:28.0 (50995155)|HEAP_ALLOCATE|[34]|Bytes:8
23:44:28.0 (51001853)|HEAP_ALLOCATE|[34]|Bytes:12
23:44:28.0 (51006994)|HEAP_ALLOCATE|[34]|Bytes:4
23:44:28.0 (51083764)|HEAP_ALLOCATE|[34]|Bytes:9
23:44:28.0 (51133436)|CONSTRUCTOR_ENTRY|[34]|01p50000002D2uA|<init>(String,Id)
23:44:28.0 (51142903)|VARIABLE_SCOPE_BEGIN|[48]|this|LookupSObjectController.Result|true|false
23:44:28.0 (51177128)|VARIABLE_ASSIGNMENT|[48]|this|{}|0x4b56d22
23:44:28.0 (51181046)|VARIABLE_SCOPE_BEGIN|[48]|sObjectLabel|String|false|false
23:44:28.0 (51186467)|VARIABLE_ASSIGNMENT|[48]|sObjectLabel|"Test User"
23:44:28.0 (51188750)|VARIABLE_SCOPE_BEGIN|[48]|sObjectId|Id|false|false
23:44:28.0 (51279195)|VARIABLE_ASSIGNMENT|[48]|sObjectId|"00550000005d7KnAAI"
23:44:28.0 (51290000)|STATEMENT_EXECUTE|[43]
23:44:28.0 (51292115)|STATEMENT_EXECUTE|[45]
23:44:28.0 (51298520)|STATEMENT_EXECUTE|[46]
23:44:28.0 (51309386)|HEAP_ALLOCATE|[50]|Bytes:6
23:44:28.0 (51342665)|STATEMENT_EXECUTE|[49]
23:44:28.0 (51344748)|STATEMENT_EXECUTE|[50]
23:44:28.0 (51397969)|VARIABLE_ASSIGNMENT|[EXTERNAL]|this|{}|0x4b56d22
23:44:28.0 (51405109)|VARIABLE_ASSIGNMENT|[EXTERNAL]|value|"Test User"
23:44:28.0 (51419512)|VARIABLE_ASSIGNMENT|[45]|this.SObjectLabel|"Test User"|0x4b56d22
23:44:28.0 (51426959)|STATEMENT_EXECUTE|[51]
23:44:28.0 (51464207)|VARIABLE_ASSIGNMENT|[EXTERNAL]|this|{"SObjectLabel":"Test User"}|0x4b56d22
23:44:28.0 (51516982)|VARIABLE_ASSIGNMENT|[EXTERNAL]|value|"00550000005d7KnAAI"
23:44:28.0 (51574720)|VARIABLE_ASSIGNMENT|[46]|this.SObjectId|"00550000005d7KnAAI"|0x4b56d22
23:44:28.0 (51595243)|CONSTRUCTOR_EXIT|[34]|01p50000002D2uA|<init>(String,Id)
23:44:28.0 (51612275)|HEAP_ALLOCATE|[EXTERNAL]|Bytes:4
23:44:28.0 (51627689)|HEAP_ALLOCATE|[32]|Bytes:5
23:44:28.0 (51640152)|VARIABLE_ASSIGNMENT|[32]|so|null|
23:44:28.0 (51643450)|STATEMENT_EXECUTE|[37]
23:44:28.0 (51659474)|SYSTEM_MODE_EXIT|false
23:44:28.51 (51707186)|CUMULATIVE_LIMIT_USAGE
23:44:28.51 (51707186)|LIMIT_USAGE_FOR_NS|(default)|
  Number of SOQL queries: 0 out of 100
  Number of query rows: 0 out of 50000
  Number of SOSL queries: 1 out of 20
  Number of DML statements: 0 out of 150
  Number of DML rows: 0 out of 10000
  Maximum CPU time: 0 out of 10000
  Maximum heap size: 0 out of 6000000
  Number of callouts: 0 out of 100
  Number of Email Invocations: 0 out of 10
  Number of future calls: 0 out of 50
  Number of queueable jobs added to the queue: 0 out of 50
  Number of Mobile Apex push calls: 0 out of 10

23:44:28.51 (51707186)|CUMULATIVE_LIMIT_USAGE_END

23:44:28.0 (51759408)|CODE_UNIT_FINISHED|LookupSObjectController.lookup
23:44:28.0 (52948198)|CODE_UNIT_STARTED|[EXTERNAL]|Aura
23:44:28.0 (52992041)|CODE_UNIT_FINISHED|Aura
