37.0 APEX_CODE,FINEST;APEX_PROFILING,INFO;CALLOUT,INFO;DB,INFO;SYSTEM,DEBUG;VALIDATION,INFO;VISUALFORCE,INFO;WORKFLOW,INFO
16:12:20.0 (440006)|USER_INFO|[EXTERNAL]|00550000005cg71|bfffollow@jr.te|Eastern Standard Time|GMT-04:00
16:12:20.0 (895202)|HEAP_ALLOCATE|[72]|Bytes:3
16:12:20.0 (978774)|HEAP_ALLOCATE|[77]|Bytes:152
16:12:20.0 (995595)|HEAP_ALLOCATE|[342]|Bytes:408
16:12:20.0 (1012444)|HEAP_ALLOCATE|[355]|Bytes:408
16:12:20.0 (1029580)|HEAP_ALLOCATE|[467]|Bytes:48
16:12:20.2 (2012937)|USER_INFO|[EXTERNAL]|00550000005cg71|bfffollow@jr.te|Eastern Standard Time|GMT-04:00
16:12:20.2 (2672894)|STATEMENT_EXECUTE|[1]
16:12:20.2 (2699714)|METHOD_EXIT|[1]|ETLC_ApexBridge_Controller
16:12:20.2 (2705744)|HEAP_ALLOCATE|[EXTERNAL]|Bytes:122
16:12:20.2 (2725902)|SYSTEM_MODE_ENTER|false
16:12:20.2 (2857833)|VARIABLE_SCOPE_BEGIN|[3]|dataJson|String|false|false
16:12:20.2 (2958667)|VARIABLE_ASSIGNMENT|[3]|dataJson|"{\"operation\":\"BFFFol (102 more) ..."
16:12:20.2 (2973215)|STATEMENT_EXECUTE|[3]
16:12:20.2 (2974988)|STATEMENT_EXECUTE|[4]
16:12:20.2 (4977935)|VARIABLE_SCOPE_BEGIN|[4]|data|BFFFollow.ETLC_ApexBridge_Data|true|false
16:12:20.2 (4991994)|VARIABLE_ASSIGNMENT|[4]|data|null|
16:12:20.2 (4994826)|STATEMENT_EXECUTE|[5]
16:12:20.2 (4996234)|STATEMENT_EXECUTE|[5]
16:12:20.2 (4997113)|STATEMENT_EXECUTE|[6]
16:12:20.2 (5012455)|HEAP_ALLOCATE|[6]|Bytes:11
16:12:20.2 (5019858)|HEAP_ALLOCATE|[6]|Bytes:248
16:12:20.2 (5022535)|HEAP_ALLOCATE|[6]|Bytes:39
16:12:20.2 (5061283)|METHOD_ENTRY|[2]|01p50000002CIEo|ETLC_ApexBridge_Data.ETLC_ApexBridge_Data()
16:12:20.2 (5064659)|STATEMENT_EXECUTE|[2]
16:12:20.2 (5069213)|STATEMENT_EXECUTE|[2]
16:12:20.2 (5075180)|METHOD_EXIT|[2]|ETLC_ApexBridge_Data
16:12:20.2 (5132213)|METHOD_ENTRY|[6]|01p50000002CIEo|BFFFollow.ETLC_ApexBridge_Data.fromJSON(String)
16:12:20.2 (5154979)|VARIABLE_SCOPE_BEGIN|[60]|strJson|String|false|false
16:12:20.2 (5165108)|VARIABLE_ASSIGNMENT|[60]|strJson|"{\"operation\":\"BFFFol (102 more) ..."
16:12:20.2 (5169639)|STATEMENT_EXECUTE|[60]
16:12:20.2 (5170919)|STATEMENT_EXECUTE|[61]
16:12:20.2 (5179455)|HEAP_ALLOCATE|[61]|Bytes:30
16:12:20.2 (5201644)|HEAP_ALLOCATE|[50]|Bytes:5
16:12:20.2 (5233495)|HEAP_ALLOCATE|[56]|Bytes:5
16:12:20.2 (5243031)|HEAP_ALLOCATE|[64]|Bytes:7
16:12:20.2 (5333777)|HEAP_ALLOCATE|[61]|Bytes:24
16:12:20.2 (5344697)|SYSTEM_METHOD_ENTRY|[1]|Type.Type()
16:12:20.2 (5347282)|STATEMENT_EXECUTE|[1]
16:12:20.2 (5355295)|SYSTEM_METHOD_EXIT|[1]|Type
16:12:20.2 (5361140)|HEAP_ALLOCATE|[61]|Bytes:8
16:12:20.2 (5378051)|HEAP_ALLOCATE|[61]|Bytes:8
16:12:20.2 (5381636)|VARIABLE_SCOPE_BEGIN|[4]|this|System.Type|true|false
16:12:20.2 (5414827)|VARIABLE_ASSIGNMENT|[4]|this|{}|0xf264fd3
16:12:20.2 (5418045)|VARIABLE_SCOPE_BEGIN|[4]|apextype|java:common.apex.runtime.ApexObjectType|true|false
16:12:20.2 (5576790)|VARIABLE_ASSIGNMENT|[4]|apextype|"BFFFollow.ETLC_ApexBridge_Data"|0x3a1ae7dd
16:12:20.2 (5665489)|HEAP_ALLOCATE|[61]|Bytes:8
16:12:20.2 (5703441)|HEAP_ALLOCATE|[61]|Bytes:24
16:12:20.2 (5713286)|SYSTEM_METHOD_ENTRY|[1]|JSON.JSON()
16:12:20.2 (5715529)|STATEMENT_EXECUTE|[1]
16:12:20.2 (5722255)|SYSTEM_METHOD_EXIT|[1]|JSON
16:12:20.2 (5734593)|METHOD_ENTRY|[61]||System.JSON.deserializeStrict(String, System.Type)
16:12:20.2 (6341406)|METHOD_EXIT|[61]||System.JSON.deserializeStrict(String, System.Type)
16:12:20.2 (6353657)|METHOD_EXIT|[6]|01p50000002CIEo|BFFFollow.ETLC_ApexBridge_Data.fromJSON(String)
16:12:20.2 (6411821)|VARIABLE_ASSIGNMENT|[6]|data|{"debug":true,"input":"{\"mode\":\"fetchUserFe (34 more) ...","operation":"BFFFollow_Controller"}|0x4b050194
16:12:20.2 (6416867)|STATEMENT_EXECUTE|[7]
16:12:20.2 (6425879)|HEAP_ALLOCATE|[7]|Bytes:6
16:12:20.2 (6474264)|ENTERING_MANAGED_PKG|
16:12:20.2 (6530907)|HEAP_ALLOCATE|[7]|Bytes:202
16:12:20.2 (6552711)|HEAP_ALLOCATE|[7]|Bytes:208
16:12:20.2 (6571695)|ENTERING_MANAGED_PKG|
16:12:20.2 (6578516)|USER_DEBUG|[7]|DEBUG|data::ETLC_ApexBridge_Data:[debug=true, input={"mode":"fetchUserFeed","userId":"00550000005d7KnAAI"}, isSuccess=null, messages=null, operation=BFFFollow_Controller, output=null, outputFlag=null, records=null]
16:12:20.2 (6585958)|STATEMENT_EXECUTE|[8]
16:12:20.2 (6638785)|VARIABLE_ASSIGNMENT|[EXTERNAL]|this|{"debug":true,"input":"{\"mode\":\"fetchUserFe (34 more) ...","operation":"BFFFollow_Controller"}|0x4b050194
16:12:20.2 (6658465)|METHOD_ENTRY|[8]||System.Type.forName(String)
16:12:20.2 (8691291)|METHOD_EXIT|[8]||System.Type.forName(String)
16:12:20.2 (8704902)|METHOD_ENTRY|[8]||System.Type.newInstance()
16:12:20.2 (10005887)|STATEMENT_EXECUTE|[1]
16:12:20.2 (10018160)|HEAP_ALLOCATE|[33]|Bytes:5
16:12:20.2 (10032744)|METHOD_EXIT|[1]|BFFFollow_Controller
16:12:20.2 (10048532)|HEAP_ALLOCATE|[33]|Bytes:4
16:12:20.2 (10055758)|VARIABLE_SCOPE_BEGIN|[1]|this|BFFFollow.BFFFollow_Controller|true|false
16:12:20.2 (10074086)|VARIABLE_ASSIGNMENT|[1]|this|{}|0x6cd70af0
16:12:20.2 (10082715)|HEAP_ALLOCATE|[33]|Bytes:5
16:12:20.2 (10091205)|HEAP_ALLOCATE|[33]|Bytes:11
16:12:20.2 (10110143)|METHOD_ENTRY|[1]|01p50000002CIEj|ETLC_ApexBridge_Abstract.ETLC_ApexBridge_Abstract()
16:12:20.2 (10113438)|STATEMENT_EXECUTE|[1]
16:12:20.2 (10117473)|STATEMENT_EXECUTE|[1]
16:12:20.2 (10122814)|METHOD_EXIT|[1]|ETLC_ApexBridge_Abstract
16:12:20.2 (10130038)|CONSTRUCTOR_ENTRY|[EXTERNAL]|01p50000002CIEj|<init>()
16:12:20.2 (10147818)|VARIABLE_SCOPE_BEGIN|[1]|this|BFFFollow.ETLC_ApexBridge_Abstract|true|false
16:12:20.2 (10162781)|VARIABLE_ASSIGNMENT|[1]|this|{}|0x6cd70af0
16:12:20.2 (10176382)|STATEMENT_EXECUTE|[1]
16:12:20.2 (10180910)|CONSTRUCTOR_EXIT|[EXTERNAL]|01p50000002CIEj|<init>()
16:12:20.2 (10185932)|STATEMENT_EXECUTE|[1]
16:12:20.2 (10190955)|HEAP_ALLOCATE|[33]|Bytes:5
16:12:20.2 (10206362)|METHOD_EXIT|[8]||System.Type.newInstance()
16:12:20.2 (10214553)|VARIABLE_SCOPE_BEGIN|[8]|executor|BFFFollow.ETLC_ApexBridge_Abstract|true|false
16:12:20.2 (10232649)|VARIABLE_ASSIGNMENT|[8]|executor|{}|0x6cd70af0
16:12:20.2 (10235494)|STATEMENT_EXECUTE|[9]
16:12:20.2 (10271866)|METHOD_ENTRY|[9]|01p50000002D8iw|BFFFollow.BFFFollow_Controller.process(BFFFollow.ETLC_ApexBridge_Data)
16:12:20.2 (10293581)|VARIABLE_SCOPE_BEGIN|[3]|this|BFFFollow.BFFFollow_Controller|true|false
16:12:20.2 (10307074)|VARIABLE_ASSIGNMENT|[3]|this|{}|0x6cd70af0
16:12:20.2 (10309813)|VARIABLE_SCOPE_BEGIN|[3]|data|BFFFollow.ETLC_ApexBridge_Data|true|false
16:12:20.2 (10335198)|VARIABLE_ASSIGNMENT|[3]|data|{"debug":true,"input":"{\"mode\":\"fetchUserFe (34 more) ...","operation":"BFFFollow_Controller"}|0x4b050194
16:12:20.2 (10344347)|HEAP_ALLOCATE|[4]|Bytes:5
16:12:20.2 (10348390)|STATEMENT_EXECUTE|[3]
16:12:20.2 (10349633)|STATEMENT_EXECUTE|[4]
16:12:20.2 (10425997)|VARIABLE_ASSIGNMENT|[EXTERNAL]|this|{"debug":true,"input":"{\"mode\":\"fetchUserFe (34 more) ...","operation":"BFFFollow_Controller"}|0x4b050194
16:12:20.2 (10450231)|VARIABLE_ASSIGNMENT|[4]|BFFFollow_Controller.debugFlag|true
16:12:20.2 (10487690)|VARIABLE_ASSIGNMENT|[EXTERNAL]|this|{"debug":true,"input":"{\"mode\":\"fetchUserFe (34 more) ...","operation":"BFFFollow_Controller"}|0x4b050194
16:12:20.2 (10501401)|STATEMENT_EXECUTE|[5]
16:12:20.2 (10510350)|HEAP_ALLOCATE|[5]|Bytes:12
16:12:20.2 (10531353)|ENTERING_MANAGED_PKG|
16:12:20.2 (10556892)|HEAP_ALLOCATE|[5]|Bytes:202
16:12:20.2 (10572046)|HEAP_ALLOCATE|[5]|Bytes:214
16:12:20.2 (10585419)|ENTERING_MANAGED_PKG|
16:12:20.2 (10589721)|USER_DEBUG|[5]|DEBUG|data BEFORE:ETLC_ApexBridge_Data:[debug=true, input={"mode":"fetchUserFeed","userId":"00550000005d7KnAAI"}, isSuccess=null, messages=null, operation=BFFFollow_Controller, output=null, outputFlag=null, records=null]
16:12:20.2 (10596832)|STATEMENT_EXECUTE|[7]
16:12:20.2 (10603399)|HEAP_ALLOCATE|[7]|Bytes:4
16:12:20.2 (10624724)|METHOD_ENTRY|[7]|01p50000002CIEo|BFFFollow.ETLC_ApexBridge_Data.getInputValue(String)
16:12:20.2 (10644315)|VARIABLE_SCOPE_BEGIN|[52]|this|BFFFollow.ETLC_ApexBridge_Data|true|false
16:12:20.2 (10671987)|VARIABLE_ASSIGNMENT|[52]|this|{"debug":true,"input":"{\"mode\":\"fetchUserFe (34 more) ...","operation":"BFFFollow_Controller"}|0x4b050194
16:12:20.2 (10676596)|VARIABLE_SCOPE_BEGIN|[52]|key|String|false|false
16:12:20.2 (10680113)|VARIABLE_ASSIGNMENT|[52]|key|"mode"
16:12:20.2 (10683922)|STATEMENT_EXECUTE|[52]
16:12:20.2 (10685180)|STATEMENT_EXECUTE|[53]
16:12:20.2 (10733414)|VARIABLE_ASSIGNMENT|[EXTERNAL]|this|{"debug":true,"input":"{\"mode\":\"fetchUserFe (34 more) ...","operation":"BFFFollow_Controller"}|0x4b050194
16:12:20.2 (10752154)|METHOD_ENTRY|[53]||System.JSON.deserializeUntyped(String)
16:12:20.2 (10994558)|METHOD_EXIT|[53]||System.JSON.deserializeUntyped(String)
16:12:20.2 (11004085)|VARIABLE_SCOPE_BEGIN|[53]|inputMap|Map<String,ANY>|true|false
16:12:20.2 (11032512)|VARIABLE_ASSIGNMENT|[53]|inputMap|{"s":1,"v":{"mode":"fetchUserFeed","userId":"00550000005d7KnAAI"}}|0x3cc123fa
16:12:20.2 (11036431)|STATEMENT_EXECUTE|[54]
16:12:20.2 (11073109)|ENTERING_MANAGED_PKG|
16:12:20.2 (11106360)|METHOD_EXIT|[7]|01p50000002CIEo|BFFFollow.ETLC_ApexBridge_Data.getInputValue(String)
16:12:20.2 (11112563)|VARIABLE_SCOPE_BEGIN|[7]|mode|String|false|false
16:12:20.2 (11119773)|VARIABLE_ASSIGNMENT|[7]|mode|"fetchUserFeed"
16:12:20.2 (11124504)|HEAP_ALLOCATE|[9]|Bytes:19
16:12:20.2 (11147241)|HEAP_ALLOCATE|[11]|Bytes:18
16:12:20.2 (11156871)|HEAP_ALLOCATE|[14]|Bytes:17
16:12:20.2 (11164383)|HEAP_ALLOCATE|[16]|Bytes:13
16:12:20.2 (11173915)|STATEMENT_EXECUTE|[16]
16:12:20.2 (11175390)|STATEMENT_EXECUTE|[17]
16:12:20.2 (11182147)|HEAP_ALLOCATE|[17]|Bytes:6
16:12:20.2 (11192461)|METHOD_ENTRY|[17]|01p50000002CIEo|BFFFollow.ETLC_ApexBridge_Data.getInputValue(String)
16:12:20.2 (11203531)|VARIABLE_SCOPE_BEGIN|[52]|this|BFFFollow.ETLC_ApexBridge_Data|true|false
16:12:20.2 (11236824)|VARIABLE_ASSIGNMENT|[52]|this|{"debug":true,"input":"{\"mode\":\"fetchUserFe (34 more) ...","operation":"BFFFollow_Controller"}|0x4b050194
16:12:20.2 (11240310)|VARIABLE_SCOPE_BEGIN|[52]|key|String|false|false
16:12:20.2 (11243810)|VARIABLE_ASSIGNMENT|[52]|key|"userId"
16:12:20.2 (11247513)|STATEMENT_EXECUTE|[52]
16:12:20.2 (11248721)|STATEMENT_EXECUTE|[53]
16:12:20.2 (11279889)|VARIABLE_ASSIGNMENT|[EXTERNAL]|this|{"debug":true,"input":"{\"mode\":\"fetchUserFe (34 more) ...","operation":"BFFFollow_Controller"}|0x4b050194
16:12:20.2 (11291769)|METHOD_ENTRY|[53]||System.JSON.deserializeUntyped(String)
16:12:20.2 (11410718)|METHOD_EXIT|[53]||System.JSON.deserializeUntyped(String)
16:12:20.2 (11419411)|VARIABLE_SCOPE_BEGIN|[53]|inputMap|Map<String,ANY>|true|false
16:12:20.2 (11437243)|VARIABLE_ASSIGNMENT|[53]|inputMap|{"s":1,"v":{"mode":"fetchUserFeed","userId":"00550000005d7KnAAI"}}|0x1b5d85b2
16:12:20.2 (11441255)|STATEMENT_EXECUTE|[54]
16:12:20.2 (11457585)|ENTERING_MANAGED_PKG|
16:12:20.2 (11469079)|METHOD_EXIT|[17]|01p50000002CIEo|BFFFollow.ETLC_ApexBridge_Data.getInputValue(String)
16:12:20.2 (11484152)|HEAP_ALLOCATE|[17]|Bytes:4
16:12:20.2 (11498110)|METHOD_ENTRY|[17]|01p50000002D8iw|BFFFollow.BFFFollow_Controller.fetchUserFeed(Id)
16:12:20.2 (11503810)|VARIABLE_SCOPE_BEGIN|[85]|this|BFFFollow.BFFFollow_Controller|true|false
16:12:20.2 (11517017)|VARIABLE_ASSIGNMENT|[85]|this|{}|0x6cd70af0
16:12:20.2 (11520129)|VARIABLE_SCOPE_BEGIN|[85]|userId|Id|false|false
16:12:20.2 (11606205)|VARIABLE_ASSIGNMENT|[85]|userId|"00550000005d7KnAAI"
16:12:20.2 (11617091)|HEAP_ALLOCATE|[86]|Bytes:5
16:12:20.2 (11621244)|STATEMENT_EXECUTE|[85]
16:12:20.2 (11622466)|STATEMENT_EXECUTE|[86]
16:12:20.2 (11623505)|STATEMENT_EXECUTE|[86]
16:12:20.2 (11633667)|METHOD_ENTRY|[87]|01p50000002D8iw|BFFFollow.BFFFollow_Controller.checkChatterEnabled()
16:12:20.2 (11650097)|VARIABLE_SCOPE_BEGIN|[27]|this|BFFFollow.BFFFollow_Controller|true|false
16:12:20.2 (11663194)|VARIABLE_ASSIGNMENT|[27]|this|{}|0x6cd70af0
16:12:20.2 (11670451)|HEAP_ALLOCATE|[28]|Bytes:5
16:12:20.2 (11673827)|STATEMENT_EXECUTE|[27]
16:12:20.2 (11674988)|STATEMENT_EXECUTE|[28]
16:12:20.2 (11675860)|STATEMENT_EXECUTE|[28]
16:12:20.2 (11677101)|STATEMENT_EXECUTE|[29]
16:12:20.2 (11701725)|ENTERING_MANAGED_PKG|
16:12:20.2 (30927145)|HEAP_ALLOCATE|[29]|Bytes:1440
16:12:20.2 (30965848)|VARIABLE_SCOPE_BEGIN|[29]|gd|Map<String,Schema.SObjectType>|true|false
16:12:20.2 (31201142)|VARIABLE_ASSIGNMENT|[29]|gd|"{acceptedeventrelation=AcceptedEventRelation, account=Account, accountcontactrole=AccountContactRole, accountfeed=AccountFeed, accounthistory=AccountHistory, accountpartner=AccountPartner, accountshare=AccountShare, actionlinkgrouptemplate=ActionLinkGroupTemplate, actionlinktemplate=ActionLinkTemplate, activityhistory=ActivityHistory, ...}"|0x6940c290
16:12:20.2 (31218910)|HEAP_ALLOCATE|[30]|Bytes:8
16:12:20.2 (31271611)|ENTERING_MANAGED_PKG|
16:12:20.2 (31334564)|STATEMENT_EXECUTE|[30]
16:12:20.2 (31337799)|STATEMENT_EXECUTE|[31]
16:12:20.2 (31358847)|HEAP_ALLOCATE|[31]|Bytes:5
16:12:20.2 (31374074)|METHOD_EXIT|[87]|01p50000002D8iw|BFFFollow.BFFFollow_Controller.checkChatterEnabled()
16:12:20.2 (31380479)|STATEMENT_EXECUTE|[87]
16:12:20.2 (31384366)|STATEMENT_EXECUTE|[90]
16:12:20.2 (31469328)|HEAP_ALLOCATE|[90]|Bytes:24
16:12:20.2 (31491623)|SYSTEM_METHOD_ENTRY|[1]|Network.Network()
16:12:20.2 (31494835)|STATEMENT_EXECUTE|[1]
16:12:20.2 (31508143)|SYSTEM_METHOD_EXIT|[1]|Network
16:12:20.2 (31524759)|METHOD_ENTRY|[90]||System.Network.getNetworkId()
16:12:20.2 (31576888)|METHOD_EXIT|[90]||System.Network.getNetworkId()
16:12:20.2 (31802474)|HEAP_ALLOCATE|[90]|Bytes:18
16:12:20.2 (31839155)|HEAP_ALLOCATE|[90]|Bytes:968
16:12:20.2 (31849330)|SYSTEM_METHOD_ENTRY|[5]|ChatterFeeds.ChatterFeeds()
16:12:20.2 (31851613)|STATEMENT_EXECUTE|[5]
16:12:20.2 (31858310)|SYSTEM_METHOD_EXIT|[5]|ChatterFeeds
16:12:20.2 (31872853)|METHOD_ENTRY|[90]||ConnectApi.ChatterFeeds.getFeedElementsFromFeed(String, ConnectApi.FeedType, String)
16:12:20.2 (77883906)|SYSTEM_METHOD_EXIT|[5]|FeedElementPage
16:12:20.2 (77907198)|HEAP_ALLOCATE|[3649]|Bytes:84
16:12:20.2 (77917448)|HEAP_ALLOCATE|[3649]|Bytes:12
16:12:20.2 (77923070)|HEAP_ALLOCATE|[3649]|Bytes:8
16:12:20.2 (77930381)|VARIABLE_SCOPE_BEGIN|[39]|this|ConnectApi.FeedElementPage|true|false
16:12:20.2 (78028458)|VARIABLE_ASSIGNMENT|[39]|this|{}|0x3fb1ca07
16:12:20.2 (78040241)|VARIABLE_SCOPE_BEGIN|[39]|versionIn|Double|false|false
16:12:20.2 (78052431)|VARIABLE_ASSIGNMENT|[39]|versionIn|37.0
16:12:20.2 (78057087)|VARIABLE_SCOPE_BEGIN|[39]|javaObj|java:sfdc.chatter.connect.api.output.feeds.FeedElementCollectionRepresentation|true|false
16:12:20.2 (78205431)|VARIABLE_ASSIGNMENT|[39]|javaObj|"sfdc.chatter.connect.api.output.feeds.FeedElementCollectionRepresentation@226eee38"|0x226eee38
16:12:20.2 (78566290)|ENTERING_MANAGED_PKG|
16:12:20.2 (78853778)|METHOD_EXIT|[90]||ConnectApi.ChatterFeeds.getFeedElementsFromFeed(String, ConnectApi.FeedType, String)
16:12:20.2 (78867582)|VARIABLE_SCOPE_BEGIN|[90]|fep|ConnectApi.FeedElementPage|true|false
16:12:20.2 (78908283)|VARIABLE_ASSIGNMENT|[90]|fep|{}|0x3fb1ca07
16:12:20.2 (78921686)|STATEMENT_EXECUTE|[91]
16:12:20.2 (78924968)|STATEMENT_EXECUTE|[91]
16:12:20.2 (78968800)|ENTERING_MANAGED_PKG|
16:12:20.2 (79029133)|HEAP_ALLOCATE|[91]|Bytes:84
16:12:20.2 (79040104)|VARIABLE_SCOPE_BEGIN|[105]|this|ConnectApi.FeedElementPage|true|false
16:12:20.2 (79078612)|VARIABLE_ASSIGNMENT|[105]|this|{}|0x3fb1ca07
16:12:20.2 (79541681)|ENTERING_MANAGED_PKG|
16:12:20.2 (79581288)|ENTERING_MANAGED_PKG|
16:12:20.2 (79740558)|ENTERING_MANAGED_PKG|
16:12:20.2 (79777231)|ENTERING_MANAGED_PKG|
16:12:20.2 (79927343)|ENTERING_MANAGED_PKG|
16:12:20.2 (79966904)|ENTERING_MANAGED_PKG|
16:12:20.2 (80115486)|ENTERING_MANAGED_PKG|
16:12:20.2 (80148210)|ENTERING_MANAGED_PKG|
16:12:20.2 (80286415)|ENTERING_MANAGED_PKG|
16:12:20.2 (80304858)|ENTERING_MANAGED_PKG|
16:12:20.2 (80397359)|ENTERING_MANAGED_PKG|
16:12:20.2 (80413189)|ENTERING_MANAGED_PKG|
16:12:20.2 (80500707)|ENTERING_MANAGED_PKG|
16:12:20.2 (80516287)|ENTERING_MANAGED_PKG|
16:12:20.2 (80601688)|ENTERING_MANAGED_PKG|
16:12:20.2 (80616936)|ENTERING_MANAGED_PKG|
16:12:20.2 (80701602)|ENTERING_MANAGED_PKG|
16:12:20.2 (80716274)|ENTERING_MANAGED_PKG|
16:12:20.2 (80742623)|ENTERING_MANAGED_PKG|
16:12:20.2 (80762758)|ENTERING_MANAGED_PKG|
16:12:20.2 (80817912)|ENTERING_MANAGED_PKG|
16:12:20.2 (80862139)|ENTERING_MANAGED_PKG|
16:12:20.2 (80903426)|ENTERING_MANAGED_PKG|
16:12:20.2 (80959146)|ENTERING_MANAGED_PKG|
16:12:20.2 (81009479)|ENTERING_MANAGED_PKG|
16:12:20.2 (81048634)|ENTERING_MANAGED_PKG|
16:12:20.2 (81104682)|ENTERING_MANAGED_PKG|
16:12:20.2 (81120253)|ENTERING_MANAGED_PKG|
16:12:20.2 (81155920)|ENTERING_MANAGED_PKG|
16:12:20.2 (81171552)|ENTERING_MANAGED_PKG|
16:12:20.2 (81198494)|ENTERING_MANAGED_PKG|
16:12:20.2 (81211555)|ENTERING_MANAGED_PKG|
16:12:20.2 (81237225)|ENTERING_MANAGED_PKG|
16:12:20.2 (81250039)|ENTERING_MANAGED_PKG|
16:12:20.2 (81275078)|ENTERING_MANAGED_PKG|
16:12:20.2 (81287899)|ENTERING_MANAGED_PKG|
16:12:20.2 (81313029)|ENTERING_MANAGED_PKG|
16:12:20.2 (81325763)|ENTERING_MANAGED_PKG|
16:12:20.2 (81351331)|ENTERING_MANAGED_PKG|
16:12:20.2 (81368664)|ENTERING_MANAGED_PKG|
16:12:20.2 (81395049)|ENTERING_MANAGED_PKG|
16:12:20.2 (81408019)|ENTERING_MANAGED_PKG|
16:12:20.2 (81442929)|USER_DEBUG|[91]|DEBUG|ConnectApi.FeedElementPage[buildVersion=37.0, currentPageToken=null, currentPageUrl=/services/data/v37.0/chatter/feeds/user-profile/00550000005d7KnAAI/feed-elements, elements=(), isModifiedToken=null, isModifiedUrl=null, nextPageToken=null, nextPageUrl=null, updatesToken=null, updatesUrl=null]
16:12:20.2 (81451849)|STATEMENT_EXECUTE|[92]
16:12:20.2 (81469415)|METHOD_ENTRY|[92]||System.JSON.serialize(Object)
16:12:20.2 (85996706)|METHOD_EXIT|[92]||System.JSON.serialize(Object)
16:12:20.2 (86013934)|METHOD_EXIT|[17]|01p50000002D8iw|BFFFollow.BFFFollow_Controller.fetchUserFeed(Id)
16:12:20.2 (86085637)|VARIABLE_ASSIGNMENT|[EXTERNAL]|this|{"debug":true,"input":"{\"mode\":\"fetchUserFe (34 more) ...","operation":"BFFFollow_Controller"}|0x4b050194
16:12:20.2 (86095743)|VARIABLE_ASSIGNMENT|[EXTERNAL]|value|"{\"currentPageToken\": (241 more) ..."
16:12:20.2 (86110407)|VARIABLE_ASSIGNMENT|[12]|this.output|"{\"currentPageToken\": (241 more) ..."|0x4b050194
16:12:20.2 (86119542)|STATEMENT_EXECUTE|[18]
16:12:20.2 (86182863)|VARIABLE_ASSIGNMENT|[EXTERNAL]|this|{"debug":true,"input":"{\"mode\":\"fetchUserFe (34 more) ...","operation":"BFFFollow_Controller","output":"{\"currentPageToken\": (241 more) ..."}|0x4b050194
16:12:20.2 (86234572)|VARIABLE_ASSIGNMENT|[EXTERNAL]|this|{"debug":true,"input":"{\"mode\":\"fetchUserFe (34 more) ...","operation":"BFFFollow_Controller","output":"{\"currentPageToken\": (241 more) ..."}|0x4b050194
16:12:20.2 (86243102)|VARIABLE_ASSIGNMENT|[EXTERNAL]|value|true
16:12:20.2 (86248479)|HEAP_ALLOCATE|[15]|Bytes:5
16:12:20.2 (86257756)|VARIABLE_ASSIGNMENT|[15]|this.outputFlag|true|0x4b050194
16:12:20.2 (86269747)|STATEMENT_EXECUTE|[21]
16:12:20.2 (86271606)|STATEMENT_EXECUTE|[21]
16:12:20.2 (86280441)|HEAP_ALLOCATE|[21]|Bytes:11
16:12:20.2 (86304726)|ENTERING_MANAGED_PKG|
16:12:20.2 (86361637)|HEAP_ALLOCATE|[21]|Bytes:459
16:12:20.2 (86378692)|HEAP_ALLOCATE|[21]|Bytes:470
16:12:20.2 (86393548)|ENTERING_MANAGED_PKG|
16:12:20.2 (86398437)|USER_DEBUG|[21]|DEBUG|data AFTER:ETLC_ApexBridge_Data:[debug=true, input={"mode":"fetchUserFeed","userId":"00550000005d7KnAAI"}, isSuccess=null, messages=null, operation=BFFFollow_Controller, output={"currentPageToken":null,"currentPageUrl":"/services/data/v37.0/chatter/feeds/user-profile/00550000005d7KnAAI/feed-elements","elements":[],"isModifiedToken":null,"isModifiedUrl":null,"nextPageToken":null,"nextPageUrl":null,"updatesToken":null,"updatesUrl":null}, outputFlag=true, records=null]
16:12:20.2 (86412313)|METHOD_EXIT|[9]|01p50000002D8iw|BFFFollow.BFFFollow_Controller.process(BFFFollow.ETLC_ApexBridge_Data)
16:12:20.2 (86416526)|STATEMENT_EXECUTE|[24]
16:12:20.2 (86434954)|METHOD_ENTRY|[24]|01p50000002CIEo|BFFFollow.ETLC_ApexBridge_Data.toJSON()
16:12:20.2 (86451747)|VARIABLE_SCOPE_BEGIN|[57]|this|BFFFollow.ETLC_ApexBridge_Data|true|false
16:12:20.2 (86481593)|VARIABLE_ASSIGNMENT|[57]|this|{"debug":true,"input":"{\"mode\":\"fetchUserFe (34 more) ...","operation":"BFFFollow_Controller","output":"{\"currentPageToken\": (241 more) ...","outputFlag":true}|0x4b050194
16:12:20.2 (86487576)|STATEMENT_EXECUTE|[57]
16:12:20.2 (86488949)|STATEMENT_EXECUTE|[58]
16:12:20.2 (86500979)|METHOD_ENTRY|[58]||System.JSON.serialize(Object)
16:12:20.2 (86565191)|STATEMENT_EXECUTE|[22]
16:12:20.2 (86569840)|STATEMENT_EXECUTE|[23]
16:12:20.2 (86578812)|HEAP_ALLOCATE|[23]|Bytes:5
16:12:20.2 (86588374)|VARIABLE_ASSIGNMENT|[23]|this.isSuccess|true|0x4b050194
16:12:20.2 (86590969)|STATEMENT_EXECUTE|[24]
16:12:20.2 (86632325)|STATEMENT_EXECUTE|[31]
16:12:20.2 (86636730)|STATEMENT_EXECUTE|[32]
16:12:20.2 (86646736)|HEAP_ALLOCATE|[32]|Bytes:4
16:12:20.2 (86714545)|VARIABLE_ASSIGNMENT|[32]|this.messages|{"s":1,"v":{}}|0x4b050194
16:12:20.2 (86718807)|STATEMENT_EXECUTE|[33]
16:12:20.2 (87079212)|METHOD_EXIT|[58]||System.JSON.serialize(Object)
16:12:20.2 (87086797)|METHOD_EXIT|[24]|01p50000002CIEo|BFFFollow.ETLC_ApexBridge_Data.toJSON()
16:12:20.2 (87096712)|SYSTEM_MODE_EXIT|false
16:12:20.87 (87143011)|CUMULATIVE_LIMIT_USAGE
16:12:20.87 (87143011)|LIMIT_USAGE_FOR_NS|(default)|
  Number of SOQL queries: 0 out of 100
  Number of query rows: 0 out of 50000
  Number of SOSL queries: 0 out of 20
  Number of DML statements: 0 out of 150
  Number of DML rows: 0 out of 10000
  Maximum CPU time: 0 out of 10000
  Maximum heap size: 0 out of 6000000
  Number of callouts: 0 out of 100
  Number of Email Invocations: 0 out of 10
  Number of future calls: 0 out of 50
  Number of queueable jobs added to the queue: 0 out of 50
  Number of Mobile Apex push calls: 0 out of 10

16:12:20.87 (87143011)|LIMIT_USAGE_FOR_NS|BFFFollow|
  Number of SOQL queries: 0 out of 100
  Number of query rows: 0 out of 50000
  Number of SOSL queries: 0 out of 20
  Number of DML statements: 0 out of 150
  Number of DML rows: 0 out of 10000
  Maximum CPU time: 0 out of 10000
  Maximum heap size: 0 out of 6000000
  Number of callouts: 0 out of 100
  Number of Email Invocations: 0 out of 10
  Number of future calls: 0 out of 50
  Number of queueable jobs added to the queue: 0 out of 50
  Number of Mobile Apex push calls: 0 out of 10

16:12:20.87 (87143011)|CUMULATIVE_LIMIT_USAGE_END

16:12:20.2 (87221121)|CODE_UNIT_FINISHED|ETLC_ApexBridge_Controller.execute
