37.0 APEX_CODE,FINEST;APEX_PROFILING,INFO;CALLOUT,INFO;DB,INFO;SYSTEM,DEBUG;VALIDATION,INFO;VISUALFORCE,INFO;WORKFLOW,INFO
15:28:06.0 (418716)|USER_INFO|[EXTERNAL]|00550000005cg71|bfffollow@jr.te|Eastern Standard Time|GMT-04:00
15:28:06.0 (462011)|EXECUTION_STARTED
15:28:06.0 (466220)|CODE_UNIT_STARTED|[EXTERNAL]|aura
15:28:06.0 (822221)|HEAP_ALLOCATE|[72]|Bytes:3
15:28:06.0 (881316)|HEAP_ALLOCATE|[77]|Bytes:152
15:28:06.0 (897307)|HEAP_ALLOCATE|[342]|Bytes:408
15:28:06.0 (914134)|HEAP_ALLOCATE|[355]|Bytes:408
15:28:06.0 (929579)|HEAP_ALLOCATE|[467]|Bytes:48
15:28:06.0 (991691)|HEAP_ALLOCATE|[139]|Bytes:6
15:28:06.0 (1017959)|HEAP_ALLOCATE|[EXTERNAL]|Bytes:3
15:28:06.0 (1050635)|HEAP_ALLOCATE|[EXTERNAL]|Bytes:3
15:28:06.0 (1172996)|HEAP_ALLOCATE|[EXTERNAL]|Bytes:4
15:28:06.0 (1183833)|HEAP_ALLOCATE|[EXTERNAL]|Bytes:4
15:28:06.0 (2372867)|CODE_UNIT_STARTED|[EXTERNAL]|01p50000002D2uA|LookupSObjectController.lookup
15:28:06.0 (3045250)|HEAP_ALLOCATE|[EXTERNAL]|Bytes:6
15:28:06.0 (3060871)|HEAP_ALLOCATE|[EXTERNAL]|Bytes:2
15:28:06.0 (3108254)|METHOD_ENTRY|[11]|01p50000002D2uA|LookupSObjectController.LookupSObjectController()
15:28:06.0 (3114954)|STATEMENT_EXECUTE|[11]
15:28:06.0 (3122499)|STATEMENT_EXECUTE|[11]
15:28:06.0 (3172663)|HEAP_ALLOCATE|[50]|Bytes:5
15:28:06.0 (3196984)|HEAP_ALLOCATE|[56]|Bytes:5
15:28:06.0 (3206096)|HEAP_ALLOCATE|[64]|Bytes:7
15:28:06.0 (3229150)|SYSTEM_MODE_ENTER|false
15:28:06.0 (3242908)|HEAP_ALLOCATE|[EXTERNAL]|Bytes:5
15:28:06.0 (3247202)|STATEMENT_EXECUTE|[43]
15:28:06.0 (3251109)|SYSTEM_MODE_EXIT|false
15:28:06.0 (3283103)|METHOD_EXIT|[11]|LookupSObjectController
15:28:06.0 (3290490)|HEAP_ALLOCATE|[EXTERNAL]|Bytes:3
15:28:06.0 (3293035)|HEAP_ALLOCATE|[EXTERNAL]|Bytes:4
15:28:06.0 (3300306)|SYSTEM_MODE_ENTER|false
15:28:06.0 (3310875)|VARIABLE_SCOPE_BEGIN|[17]|searchString|String|false|false
15:28:06.0 (3471475)|VARIABLE_ASSIGNMENT|[17]|searchString|"jas"
15:28:06.0 (3477600)|VARIABLE_SCOPE_BEGIN|[17]|sObjectAPIName|String|false|false
15:28:06.0 (3481618)|VARIABLE_ASSIGNMENT|[17]|sObjectAPIName|"User"
15:28:06.0 (3497737)|HEAP_ALLOCATE|[20]|Bytes:5
15:28:06.0 (3501840)|STATEMENT_EXECUTE|[18]
15:28:06.0 (3503197)|STATEMENT_EXECUTE|[20]
15:28:06.0 (3590733)|HEAP_ALLOCATE|[20]|Bytes:3
15:28:06.0 (3610470)|VARIABLE_SCOPE_BEGIN|[20]|sanitizedSearchString|String|false|false
15:28:06.0 (3619677)|VARIABLE_ASSIGNMENT|[20]|sanitizedSearchString|"jas"
15:28:06.0 (3622516)|STATEMENT_EXECUTE|[21]
15:28:06.0 (3659035)|HEAP_ALLOCATE|[21]|Bytes:4
15:28:06.0 (3671828)|VARIABLE_SCOPE_BEGIN|[21]|sanitizedSObjectAPIName|String|false|false
15:28:06.0 (3679623)|VARIABLE_ASSIGNMENT|[21]|sanitizedSObjectAPIName|"User"
15:28:06.0 (3682668)|STATEMENT_EXECUTE|[23]
15:28:06.0 (3697163)|HEAP_ALLOCATE|[23]|Bytes:4
15:28:06.0 (3829174)|VARIABLE_SCOPE_BEGIN|[23]|results|List<LookupSObjectController.Result>|true|false
15:28:06.0 (3848268)|HEAP_ALLOCATE|[EXTERNAL]|Bytes:4
15:28:06.0 (3866001)|VARIABLE_ASSIGNMENT|[23]|results|{"s":1,"v":[]}|0x6185fa2
15:28:06.0 (3869162)|STATEMENT_EXECUTE|[26]
15:28:06.0 (3878003)|HEAP_ALLOCATE|[26]|Bytes:6
15:28:06.0 (3884843)|HEAP_ALLOCATE|[26]|Bytes:27
15:28:06.0 (3888114)|HEAP_ALLOCATE|[26]|Bytes:18
15:28:06.0 (3900925)|HEAP_ALLOCATE|[26]|Bytes:58
15:28:06.0 (3905987)|VARIABLE_SCOPE_BEGIN|[26]|searchQuery|String|false|false
15:28:06.0 (3915843)|VARIABLE_ASSIGNMENT|[26]|searchQuery|"FIND 'jas*' IN ALL F (38 more) ..."
15:28:06.0 (3918441)|STATEMENT_EXECUTE|[29]
15:28:06.0 (7242244)|SOSL_EXECUTE_BEGIN|[29]|FIND 'jas*' IN ALL FIELDS RETURNING User(id,name) Limit 50
15:28:06.0 (50948195)|HEAP_ALLOCATE|[29]|Bytes:4
15:28:06.0 (50959196)|HEAP_ALLOCATE|[29]|Bytes:4
15:28:06.0 (50967308)|HEAP_ALLOCATE|[29]|Bytes:8
15:28:06.0 (50976796)|SOSL_EXECUTE_END|[29]|Rows:1
15:28:06.0 (51018075)|HEAP_ALLOCATE|[29]|Bytes:8
15:28:06.0 (51056679)|VARIABLE_SCOPE_BEGIN|[29]|searchList|List<List<SObject>>|true|false
15:28:06.0 (51111851)|VARIABLE_ASSIGNMENT|[29]|searchList|{"s":1,"v":[{"s":2,"v":[{"s":3,"v":{"Id":"00550000005cg71AAA","Name":"Jaswinder Rattanpal"}}]}]}|0x14e62adc
15:28:06.0 (51184927)|HEAP_ALLOCATE|[32]|Bytes:8
15:28:06.0 (51458241)|HEAP_ALLOCATE|[32]|Bytes:5
15:28:06.0 (51509588)|HEAP_ALLOCATE|[32]|Bytes:12
15:28:06.0 (51524764)|VARIABLE_SCOPE_BEGIN|[32]|so|SObject|true|false
15:28:06.0 (51541290)|VARIABLE_ASSIGNMENT|[32]|so|{"s":1,"v":{"Id":"00550000005cg71AAA","Name":"Jaswinder Rattanpal"}}|0x33c6eb92
15:28:06.0 (51546224)|STATEMENT_EXECUTE|[33]
15:28:06.0 (51548639)|STATEMENT_EXECUTE|[34]
15:28:06.0 (51598542)|HEAP_ALLOCATE|[34]|Bytes:116
15:28:06.0 (51611201)|HEAP_ALLOCATE|[34]|Bytes:8
15:28:06.0 (51641792)|HEAP_ALLOCATE|[34]|Bytes:12
15:28:06.0 (51649440)|HEAP_ALLOCATE|[34]|Bytes:4
15:28:06.0 (51757729)|HEAP_ALLOCATE|[34]|Bytes:19
15:28:06.0 (51837411)|CONSTRUCTOR_ENTRY|[34]|01p50000002D2uA|<init>(String,Id)
15:28:06.0 (51874855)|VARIABLE_SCOPE_BEGIN|[48]|this|LookupSObjectController.Result|true|false
15:28:06.0 (51928261)|VARIABLE_ASSIGNMENT|[48]|this|{}|0x3f8e9ba5
15:28:06.0 (51932797)|VARIABLE_SCOPE_BEGIN|[48]|sObjectLabel|String|false|false
15:28:06.0 (51939044)|VARIABLE_ASSIGNMENT|[48]|sObjectLabel|"Jaswinder Rattanpal"
15:28:06.0 (51941439)|VARIABLE_SCOPE_BEGIN|[48]|sObjectId|Id|false|false
15:28:06.0 (52100668)|VARIABLE_ASSIGNMENT|[48]|sObjectId|"00550000005cg71AAA"
15:28:06.0 (52110985)|STATEMENT_EXECUTE|[43]
15:28:06.0 (52113112)|STATEMENT_EXECUTE|[45]
15:28:06.0 (52121937)|STATEMENT_EXECUTE|[46]
15:28:06.0 (52143109)|HEAP_ALLOCATE|[50]|Bytes:6
15:28:06.0 (52191940)|STATEMENT_EXECUTE|[49]
15:28:06.0 (52195442)|STATEMENT_EXECUTE|[50]
15:28:06.0 (52297554)|VARIABLE_ASSIGNMENT|[EXTERNAL]|this|{}|0x3f8e9ba5
15:28:06.0 (52310625)|VARIABLE_ASSIGNMENT|[EXTERNAL]|value|"Jaswinder Rattanpal"
15:28:06.0 (52331377)|VARIABLE_ASSIGNMENT|[45]|this.SObjectLabel|"Jaswinder Rattanpal"|0x3f8e9ba5
15:28:06.0 (52343501)|STATEMENT_EXECUTE|[51]
15:28:06.0 (52434989)|VARIABLE_ASSIGNMENT|[EXTERNAL]|this|{"SObjectLabel":"Jaswinder Rattanpal"}|0x3f8e9ba5
15:28:06.0 (52518058)|VARIABLE_ASSIGNMENT|[EXTERNAL]|value|"00550000005cg71AAA"
15:28:06.0 (52607162)|VARIABLE_ASSIGNMENT|[46]|this.SObjectId|"00550000005cg71AAA"|0x3f8e9ba5
15:28:06.0 (52638688)|CONSTRUCTOR_EXIT|[34]|01p50000002D2uA|<init>(String,Id)
15:28:06.0 (52672979)|HEAP_ALLOCATE|[EXTERNAL]|Bytes:4
15:28:06.0 (52702579)|HEAP_ALLOCATE|[32]|Bytes:5
15:28:06.0 (52723797)|VARIABLE_ASSIGNMENT|[32]|so|null|
15:28:06.0 (52728131)|STATEMENT_EXECUTE|[37]
15:28:06.0 (52746263)|SYSTEM_MODE_EXIT|false
15:28:06.52 (52796356)|CUMULATIVE_LIMIT_USAGE
15:28:06.52 (52796356)|LIMIT_USAGE_FOR_NS|(default)|
  Number of SOQL queries: 0 out of 100
  Number of query rows: 0 out of 50000
  Number of SOSL queries: 1 out of 20
  Number of DML statements: 0 out of 150
  Number of DML rows: 0 out of 10000
  Maximum CPU time: 0 out of 10000
  Maximum heap size: 0 out of 6000000
  Number of callouts: 0 out of 100
  Number of Email Invocations: 0 out of 10
  Number of future calls: 0 out of 50
  Number of queueable jobs added to the queue: 0 out of 50
  Number of Mobile Apex push calls: 0 out of 10

15:28:06.52 (52796356)|CUMULATIVE_LIMIT_USAGE_END

15:28:06.0 (52869830)|CODE_UNIT_FINISHED|LookupSObjectController.lookup
15:28:06.0 (54230236)|CODE_UNIT_STARTED|[EXTERNAL]|Aura
15:28:06.0 (54280220)|CODE_UNIT_FINISHED|Aura
