37.0 APEX_CODE,FINEST;APEX_PROFILING,INFO;CALLOUT,INFO;DB,INFO;SYSTEM,DEBUG;VALIDATION,INFO;VISUALFORCE,INFO;WORKFLOW,INFO
16:20:44.0 (628922)|USER_INFO|[EXTERNAL]|00550000005cg71|bfffollow@jr.te|Eastern Standard Time|GMT-04:00
16:20:44.0 (676533)|EXECUTION_STARTED
16:20:44.0 (681822)|CODE_UNIT_STARTED|[EXTERNAL]|aura
16:20:44.0 (1133946)|HEAP_ALLOCATE|[72]|Bytes:3
16:20:44.0 (1191073)|HEAP_ALLOCATE|[77]|Bytes:152
16:20:44.0 (1208365)|HEAP_ALLOCATE|[342]|Bytes:408
16:20:44.0 (1224582)|HEAP_ALLOCATE|[355]|Bytes:408
16:20:44.0 (1239174)|HEAP_ALLOCATE|[467]|Bytes:48
16:20:44.0 (1270029)|HEAP_ALLOCATE|[139]|Bytes:6
16:20:44.0 (1302655)|HEAP_ALLOCATE|[EXTERNAL]|Bytes:430
16:20:44.0 (1333803)|HEAP_ALLOCATE|[EXTERNAL]|Bytes:430
16:20:44.0 (2363811)|CODE_UNIT_STARTED|[EXTERNAL]|01p50000002CIEm|ETLC_ApexBridge_Controller.execute
16:20:44.0 (3205260)|HEAP_ALLOCATE|[EXTERNAL]|Bytes:1
16:20:44.0 (3222325)|HEAP_ALLOCATE|[EXTERNAL]|Bytes:10
16:20:44.0 (3245380)|METHOD_ENTRY|[1]|01p50000002CIEm|ETLC_ApexBridge_Controller.ETLC_ApexBridge_Controller()
16:20:44.0 (3250890)|STATEMENT_EXECUTE|[1]
16:20:44.0 (3260971)|STATEMENT_EXECUTE|[1]
16:20:44.0 (3274412)|METHOD_EXIT|[1]|ETLC_ApexBridge_Controller
16:20:44.0 (3282241)|HEAP_ALLOCATE|[EXTERNAL]|Bytes:430
16:20:44.0 (3296643)|SYSTEM_MODE_ENTER|false
16:20:44.0 (3316015)|VARIABLE_SCOPE_BEGIN|[3]|dataJson|String|false|false
16:20:44.0 (3382191)|VARIABLE_ASSIGNMENT|[3]|dataJson|"{\"operation\":\"BFFFol (410 more) ..."
16:20:44.0 (3403607)|STATEMENT_EXECUTE|[3]
16:20:44.0 (3405851)|STATEMENT_EXECUTE|[4]
16:20:44.0 (6285114)|VARIABLE_SCOPE_BEGIN|[4]|data|ETLC_ApexBridge_Data|true|false
16:20:44.0 (6324026)|VARIABLE_ASSIGNMENT|[4]|data|null|
16:20:44.0 (6329716)|STATEMENT_EXECUTE|[5]
16:20:44.0 (6332337)|STATEMENT_EXECUTE|[5]
16:20:44.0 (6334013)|STATEMENT_EXECUTE|[6]
16:20:44.0 (6358186)|HEAP_ALLOCATE|[6]|Bytes:11
16:20:44.0 (6371974)|HEAP_ALLOCATE|[6]|Bytes:248
16:20:44.0 (6379075)|HEAP_ALLOCATE|[6]|Bytes:39
16:20:44.0 (6445614)|METHOD_ENTRY|[2]|01p50000002CIEo|ETLC_ApexBridge_Data.ETLC_ApexBridge_Data()
16:20:44.0 (6452258)|STATEMENT_EXECUTE|[2]
16:20:44.0 (6462398)|STATEMENT_EXECUTE|[2]
16:20:44.0 (6472676)|METHOD_EXIT|[2]|ETLC_ApexBridge_Data
16:20:44.0 (6523356)|METHOD_ENTRY|[6]|01p50000002CIEo|ETLC_ApexBridge_Data.fromJSON(String)
16:20:44.0 (6562696)|VARIABLE_SCOPE_BEGIN|[60]|strJson|String|false|false
16:20:44.0 (6579928)|VARIABLE_ASSIGNMENT|[60]|strJson|"{\"operation\":\"BFFFol (410 more) ..."
16:20:44.0 (6586726)|STATEMENT_EXECUTE|[60]
16:20:44.0 (6589835)|STATEMENT_EXECUTE|[61]
16:20:44.0 (6601357)|HEAP_ALLOCATE|[61]|Bytes:20
16:20:44.0 (6636442)|HEAP_ALLOCATE|[50]|Bytes:5
16:20:44.0 (6669727)|HEAP_ALLOCATE|[56]|Bytes:5
16:20:44.0 (6689352)|HEAP_ALLOCATE|[64]|Bytes:7
16:20:44.0 (6893687)|HEAP_ALLOCATE|[61]|Bytes:24
16:20:44.0 (6913572)|SYSTEM_METHOD_ENTRY|[1]|Type.Type()
16:20:44.0 (6918342)|STATEMENT_EXECUTE|[1]
16:20:44.0 (6933614)|SYSTEM_METHOD_EXIT|[1]|Type
16:20:44.0 (6942743)|HEAP_ALLOCATE|[61]|Bytes:8
16:20:44.0 (6970544)|HEAP_ALLOCATE|[61]|Bytes:8
16:20:44.0 (6980217)|VARIABLE_SCOPE_BEGIN|[4]|this|System.Type|true|false
16:20:44.0 (7070865)|VARIABLE_ASSIGNMENT|[4]|this|{}|0x5d5d7e87
16:20:44.0 (7080245)|VARIABLE_SCOPE_BEGIN|[4]|apextype|java:common.apex.runtime.ApexObjectType|true|false
16:20:44.0 (7251706)|VARIABLE_ASSIGNMENT|[4]|apextype|"ETLC_ApexBridge_Data"|0x4f41e665
16:20:44.0 (7352078)|HEAP_ALLOCATE|[61]|Bytes:8
16:20:44.0 (7406352)|HEAP_ALLOCATE|[61]|Bytes:24
16:20:44.0 (7423072)|SYSTEM_METHOD_ENTRY|[1]|JSON.JSON()
16:20:44.0 (7427447)|STATEMENT_EXECUTE|[1]
16:20:44.0 (7440027)|SYSTEM_METHOD_EXIT|[1]|JSON
16:20:44.0 (7458789)|METHOD_ENTRY|[61]||System.JSON.deserializeStrict(String, System.Type)
16:20:44.0 (8383313)|METHOD_EXIT|[61]||System.JSON.deserializeStrict(String, System.Type)
16:20:44.0 (8416802)|METHOD_EXIT|[6]|01p50000002CIEo|ETLC_ApexBridge_Data.fromJSON(String)
16:20:44.0 (8512437)|VARIABLE_ASSIGNMENT|[6]|data|{"debug":true,"input":"{\"mode\":\"saveFollowe (278 more) ...","operation":"BFFFollow_Controller"}|0x723d6580
16:20:44.0 (8520671)|STATEMENT_EXECUTE|[7]
16:20:44.0 (8533578)|HEAP_ALLOCATE|[7]|Bytes:6
16:20:44.0 (8638515)|HEAP_ALLOCATE|[7]|Bytes:446
16:20:44.0 (8672114)|HEAP_ALLOCATE|[7]|Bytes:452
16:20:44.0 (8702210)|USER_DEBUG|[7]|DEBUG|data::ETLC_ApexBridge_Data:[debug=true, input={"mode":"saveFollowedUsers","followedUsers":"[{\"id\":\"00550000005cg71AAA\",\"name\":\"Jaswinder Rattanpal\"},{\"id\":\"00550000005d7KnAAI\",\"name\":\"Test User\"},{\"id\":\"00550000005cg71AAA\",\"name\":\"Jaswinder Rattanpal\"},{\"id\":\"00550000005cg71AAA\",\"name\":\"Jaswinder Rattanpal\"}]"}, isSuccess=null, messages=null, operation=BFFFollow_Controller, output=null, outputFlag=null, records=null]
16:20:44.0 (8717257)|STATEMENT_EXECUTE|[8]
16:20:44.0 (8795861)|VARIABLE_ASSIGNMENT|[EXTERNAL]|this|{"debug":true,"input":"{\"mode\":\"saveFollowe (278 more) ...","operation":"BFFFollow_Controller"}|0x723d6580
16:20:44.0 (8825719)|METHOD_ENTRY|[8]||System.Type.forName(String)
16:20:44.0 (11178782)|METHOD_EXIT|[8]||System.Type.forName(String)
16:20:44.0 (11194494)|METHOD_ENTRY|[8]||System.Type.newInstance()
16:20:44.0 (12908422)|STATEMENT_EXECUTE|[1]
16:20:44.0 (12927565)|HEAP_ALLOCATE|[33]|Bytes:5
16:20:44.0 (12952889)|METHOD_EXIT|[1]|BFFFollow_Controller
16:20:44.0 (12990022)|HEAP_ALLOCATE|[33]|Bytes:4
16:20:44.0 (13006541)|VARIABLE_SCOPE_BEGIN|[1]|this|BFFFollow_Controller|true|false
16:20:44.0 (13050270)|VARIABLE_ASSIGNMENT|[1]|this|{}|0x7d3dfc70
16:20:44.0 (13067132)|HEAP_ALLOCATE|[33]|Bytes:5
16:20:44.0 (13082420)|HEAP_ALLOCATE|[33]|Bytes:11
16:20:44.0 (13114033)|METHOD_ENTRY|[1]|01p50000002CIEj|ETLC_ApexBridge_Abstract.ETLC_ApexBridge_Abstract()
16:20:44.0 (13119729)|STATEMENT_EXECUTE|[1]
16:20:44.0 (13128661)|STATEMENT_EXECUTE|[1]
16:20:44.0 (13138938)|METHOD_EXIT|[1]|ETLC_ApexBridge_Abstract
16:20:44.0 (13151550)|CONSTRUCTOR_ENTRY|[EXTERNAL]|01p50000002CIEj|<init>()
16:20:44.0 (13178736)|VARIABLE_SCOPE_BEGIN|[1]|this|ETLC_ApexBridge_Abstract|true|false
16:20:44.0 (13205081)|VARIABLE_ASSIGNMENT|[1]|this|{}|0x7d3dfc70
16:20:44.0 (13231908)|STATEMENT_EXECUTE|[1]
16:20:44.0 (13242991)|CONSTRUCTOR_EXIT|[EXTERNAL]|01p50000002CIEj|<init>()
16:20:44.0 (13252955)|STATEMENT_EXECUTE|[1]
16:20:44.0 (13260970)|HEAP_ALLOCATE|[33]|Bytes:5
16:20:44.0 (13292901)|METHOD_EXIT|[8]||System.Type.newInstance()
16:20:44.0 (13306905)|VARIABLE_SCOPE_BEGIN|[8]|executor|ETLC_ApexBridge_Abstract|true|false
16:20:44.0 (13329707)|VARIABLE_ASSIGNMENT|[8]|executor|{}|0x7d3dfc70
16:20:44.0 (13335121)|STATEMENT_EXECUTE|[9]
16:20:44.0 (13401018)|METHOD_ENTRY|[9]|01p50000002D8iw|BFFFollow_Controller.process(ETLC_ApexBridge_Data)
16:20:44.0 (13439414)|VARIABLE_SCOPE_BEGIN|[3]|this|BFFFollow_Controller|true|false
16:20:44.0 (13463597)|VARIABLE_ASSIGNMENT|[3]|this|{}|0x7d3dfc70
16:20:44.0 (13470992)|VARIABLE_SCOPE_BEGIN|[3]|data|ETLC_ApexBridge_Data|true|false
16:20:44.0 (13524464)|VARIABLE_ASSIGNMENT|[3]|data|{"debug":true,"input":"{\"mode\":\"saveFollowe (278 more) ...","operation":"BFFFollow_Controller"}|0x723d6580
16:20:44.0 (13540140)|HEAP_ALLOCATE|[4]|Bytes:5
16:20:44.0 (13546295)|STATEMENT_EXECUTE|[3]
16:20:44.0 (13548714)|STATEMENT_EXECUTE|[4]
16:20:44.0 (13674444)|VARIABLE_ASSIGNMENT|[EXTERNAL]|this|{"debug":true,"input":"{\"mode\":\"saveFollowe (278 more) ...","operation":"BFFFollow_Controller"}|0x723d6580
16:20:44.0 (13709464)|VARIABLE_ASSIGNMENT|[4]|BFFFollow_Controller.debugFlag|true
16:20:44.0 (13770742)|VARIABLE_ASSIGNMENT|[EXTERNAL]|this|{"debug":true,"input":"{\"mode\":\"saveFollowe (278 more) ...","operation":"BFFFollow_Controller"}|0x723d6580
16:20:44.0 (13791289)|STATEMENT_EXECUTE|[5]
16:20:44.0 (13864511)|USER_DEBUG|[5]|DEBUG|ETLC_ApexBridge_Data:[debug=true, input={"mode":"saveFollowedUsers","followedUsers":"[{\"id\":\"00550000005cg71AAA\",\"name\":\"Jaswinder Rattanpal\"},{\"id\":\"00550000005d7KnAAI\",\"name\":\"Test User\"},{\"id\":\"00550000005cg71AAA\",\"name\":\"Jaswinder Rattanpal\"},{\"id\":\"00550000005cg71AAA\",\"name\":\"Jaswinder Rattanpal\"}]"}, isSuccess=null, messages=null, operation=BFFFollow_Controller, output=null, outputFlag=null, records=null]
16:20:44.0 (13881263)|STATEMENT_EXECUTE|[7]
16:20:44.0 (13893964)|HEAP_ALLOCATE|[7]|Bytes:4
16:20:44.0 (13937636)|METHOD_ENTRY|[7]|01p50000002CIEo|ETLC_ApexBridge_Data.getInputValue(String)
16:20:44.0 (13979665)|VARIABLE_SCOPE_BEGIN|[52]|this|ETLC_ApexBridge_Data|true|false
16:20:44.0 (14027302)|VARIABLE_ASSIGNMENT|[52]|this|{"debug":true,"input":"{\"mode\":\"saveFollowe (278 more) ...","operation":"BFFFollow_Controller"}|0x723d6580
16:20:44.0 (14040011)|VARIABLE_SCOPE_BEGIN|[52]|key|String|false|false
16:20:44.0 (14047434)|VARIABLE_ASSIGNMENT|[52]|key|"mode"
16:20:44.0 (14053473)|STATEMENT_EXECUTE|[52]
16:20:44.0 (14055771)|STATEMENT_EXECUTE|[53]
16:20:44.0 (14131488)|VARIABLE_ASSIGNMENT|[EXTERNAL]|this|{"debug":true,"input":"{\"mode\":\"saveFollowe (278 more) ...","operation":"BFFFollow_Controller"}|0x723d6580
16:20:44.0 (14164115)|METHOD_ENTRY|[53]||System.JSON.deserializeUntyped(String)
16:20:44.0 (14530383)|METHOD_EXIT|[53]||System.JSON.deserializeUntyped(String)
16:20:44.0 (14540372)|VARIABLE_SCOPE_BEGIN|[53]|inputMap|Map<String,ANY>|true|false
16:20:44.0 (14572081)|VARIABLE_ASSIGNMENT|[53]|inputMap|{"s":1,"v":{"mode":"saveFollowedUsers","followedUsers":"[{\"id\":\"00550000005c (199 more) ..."}}|0x228461e4
16:20:44.0 (14576442)|STATEMENT_EXECUTE|[54]
16:20:44.0 (14618134)|METHOD_EXIT|[7]|01p50000002CIEo|ETLC_ApexBridge_Data.getInputValue(String)
16:20:44.0 (14624393)|VARIABLE_SCOPE_BEGIN|[7]|mode|String|false|false
16:20:44.0 (14631341)|VARIABLE_ASSIGNMENT|[7]|mode|"saveFollowedUsers"
16:20:44.0 (14636632)|HEAP_ALLOCATE|[9]|Bytes:18
16:20:44.0 (14667696)|HEAP_ALLOCATE|[13]|Bytes:17
16:20:44.0 (14680166)|STATEMENT_EXECUTE|[13]
16:20:44.0 (14681856)|STATEMENT_EXECUTE|[14]
16:20:44.0 (14742859)|HEAP_ALLOCATE|[14]|Bytes:85
16:20:44.0 (14756500)|SYSTEM_METHOD_ENTRY|[1]|UserInfo.UserInfo()
16:20:44.0 (14760359)|STATEMENT_EXECUTE|[1]
16:20:44.0 (14772859)|SYSTEM_METHOD_EXIT|[1]|UserInfo
16:20:44.0 (14811048)|METHOD_ENTRY|[14]||System.UserInfo.getUserId()
16:20:44.0 (14884136)|METHOD_EXIT|[14]||System.UserInfo.getUserId()
16:20:44.0 (14930982)|HEAP_ALLOCATE|[14]|Bytes:4
16:20:44.0 (14941823)|HEAP_ALLOCATE|[14]|Bytes:13
16:20:44.0 (14957311)|METHOD_ENTRY|[14]|01p50000002CIEo|ETLC_ApexBridge_Data.getInputValue(String)
16:20:44.0 (14965829)|VARIABLE_SCOPE_BEGIN|[52]|this|ETLC_ApexBridge_Data|true|false
16:20:44.0 (15023577)|VARIABLE_ASSIGNMENT|[52]|this|{"debug":true,"input":"{\"mode\":\"saveFollowe (278 more) ...","operation":"BFFFollow_Controller"}|0x723d6580
16:20:44.0 (15032268)|VARIABLE_SCOPE_BEGIN|[52]|key|String|false|false
16:20:44.0 (15038708)|VARIABLE_ASSIGNMENT|[52]|key|"followedUsers"
16:20:44.0 (15043235)|STATEMENT_EXECUTE|[52]
16:20:44.0 (15045043)|STATEMENT_EXECUTE|[53]
16:20:44.0 (15111878)|VARIABLE_ASSIGNMENT|[EXTERNAL]|this|{"debug":true,"input":"{\"mode\":\"saveFollowe (278 more) ...","operation":"BFFFollow_Controller"}|0x723d6580
16:20:44.0 (15132019)|METHOD_ENTRY|[53]||System.JSON.deserializeUntyped(String)
16:20:44.0 (15332333)|METHOD_EXIT|[53]||System.JSON.deserializeUntyped(String)
16:20:44.0 (15346577)|VARIABLE_SCOPE_BEGIN|[53]|inputMap|Map<String,ANY>|true|false
16:20:44.0 (15373662)|VARIABLE_ASSIGNMENT|[53]|inputMap|{"s":1,"v":{"mode":"saveFollowedUsers","followedUsers":"[{\"id\":\"00550000005c (199 more) ..."}}|0x55248e8
16:20:44.0 (15379569)|STATEMENT_EXECUTE|[54]
16:20:44.0 (15405588)|METHOD_EXIT|[14]|01p50000002CIEo|ETLC_ApexBridge_Data.getInputValue(String)
16:20:44.0 (15426488)|METHOD_ENTRY|[14]|01p50000002D8iw|BFFFollow_Controller.saveFollowedUsers(Id, String)
16:20:44.0 (15435728)|VARIABLE_SCOPE_BEGIN|[40]|this|BFFFollow_Controller|true|false
16:20:44.0 (15454183)|VARIABLE_ASSIGNMENT|[40]|this|{}|0x7d3dfc70
16:20:44.0 (15459741)|VARIABLE_SCOPE_BEGIN|[40]|followedById|Id|false|false
16:20:44.0 (15586507)|VARIABLE_ASSIGNMENT|[40]|followedById|"00550000005cg71AAA"
16:20:44.0 (15597688)|VARIABLE_SCOPE_BEGIN|[40]|followedUsers|String|false|false
16:20:44.0 (15609308)|VARIABLE_ASSIGNMENT|[40]|followedUsers|"[{\"id\":\"00550000005c (199 more) ..."
16:20:44.0 (15622055)|HEAP_ALLOCATE|[41]|Bytes:5
16:20:44.0 (15627874)|STATEMENT_EXECUTE|[40]
16:20:44.0 (15629993)|STATEMENT_EXECUTE|[41]
16:20:44.0 (15640190)|HEAP_ALLOCATE|[41]|Bytes:49
16:20:44.0 (15702408)|HEAP_ALLOCATE|[41]|Bytes:18
16:20:44.0 (15724031)|HEAP_ALLOCATE|[41]|Bytes:9
16:20:44.0 (15745146)|HEAP_ALLOCATE|[41]|Bytes:76
16:20:44.0 (15754188)|VARIABLE_SCOPE_BEGIN|[41]|soql|String|false|false
16:20:44.0 (15767279)|VARIABLE_ASSIGNMENT|[41]|soql|"SELECT Id FROM BFFFo (56 more) ..."
16:20:44.0 (15772436)|STATEMENT_EXECUTE|[43]
16:20:44.0 (15774379)|STATEMENT_EXECUTE|[43]
16:20:44.0 (15782000)|STATEMENT_EXECUTE|[44]
16:20:44.0 (15784264)|STATEMENT_EXECUTE|[44]
16:20:44.0 (15794372)|HEAP_ALLOCATE|[44]|Bytes:24
16:20:44.0 (15807555)|HEAP_ALLOCATE|[44]|Bytes:100
16:20:44.0 (15847821)|USER_DEBUG|[44]|DEBUG|fetchFollowedUsers:soql:SELECT Id FROM BFFFollow__c WHERE FollowedBy__c='00550000005cg71AAA' limit 1
16:20:44.0 (15860900)|STATEMENT_EXECUTE|[45]
16:20:44.0 (19199315)|HEAP_ALLOCATE|[45]|Bytes:9
16:20:44.0 (19211851)|HEAP_ALLOCATE|[45]|Bytes:29
16:20:44.0 (19215269)|HEAP_ALLOCATE|[45]|Bytes:21
16:20:44.0 (19242635)|METHOD_ENTRY|[7]|01p50000002CIEt|ETLC_SecuredDB.ETLC_SecuredDB()
16:20:44.0 (19246588)|STATEMENT_EXECUTE|[7]
16:20:44.0 (19253830)|STATEMENT_EXECUTE|[7]
16:20:44.0 (19259995)|HEAP_ALLOCATE|[45]|Bytes:5
16:20:44.0 (19270716)|METHOD_EXIT|[7]|ETLC_SecuredDB
16:20:44.0 (19304498)|METHOD_ENTRY|[45]|01p50000002CIEt|ETLC_SecuredDB.query(String)
16:20:44.0 (19327205)|VARIABLE_SCOPE_BEGIN|[10]|SOQL|String|false|false
16:20:44.0 (19339275)|VARIABLE_ASSIGNMENT|[10]|SOQL|"SELECT Id FROM BFFFo (56 more) ..."
16:20:44.0 (19347838)|HEAP_ALLOCATE|[12]|Bytes:5
16:20:44.0 (19352072)|STATEMENT_EXECUTE|[10]
16:20:44.0 (19353466)|STATEMENT_EXECUTE|[12]
16:20:44.0 (20815846)|SOQL_EXECUTE_BEGIN|[12]|Aggregations:0|SELECT Id FROM BFFFollow__c WHERE FollowedBy__c='00550000005cg71AAA' limit 1
16:20:44.0 (23532525)|SOQL_EXECUTE_END|[12]|Rows:1
16:20:44.0 (23556330)|HEAP_ALLOCATE|[12]|Bytes:8
16:20:44.0 (23572264)|HEAP_ALLOCATE|[12]|Bytes:33
16:20:44.0 (23646931)|HEAP_ALLOCATE|[12]|Bytes:8
16:20:44.0 (23671101)|VARIABLE_SCOPE_BEGIN|[12]|dbRecords|List<SObject>|true|false
16:20:44.0 (23721007)|VARIABLE_ASSIGNMENT|[12]|dbRecords|{"s":1,"v":[{"s":2,"v":{"Id":"a005000000ezW4dAAE"}}]}|0x7b98fc81
16:20:44.0 (23726149)|STATEMENT_EXECUTE|[20]
16:20:44.0 (24110413)|HEAP_ALLOCATE|[20]|Bytes:12
16:20:44.0 (24119141)|HEAP_ALLOCATE|[20]|Bytes:8
16:20:44.0 (24188265)|HEAP_ALLOCATE|[20]|Bytes:12
16:20:44.0 (24193691)|HEAP_ALLOCATE|[20]|Bytes:9
16:20:44.0 (24207127)|HEAP_ALLOCATE|[20]|Bytes:12
16:20:44.0 (24211316)|HEAP_ALLOCATE|[20]|Bytes:8
16:20:44.0 (24222258)|HEAP_ALLOCATE|[20]|Bytes:12
16:20:44.0 (24225764)|HEAP_ALLOCATE|[20]|Bytes:8
16:20:44.0 (24240158)|HEAP_ALLOCATE|[20]|Bytes:12
16:20:44.0 (24243649)|HEAP_ALLOCATE|[20]|Bytes:9
16:20:44.0 (24299865)|METHOD_ENTRY|[20]|01p50000002CIEt|ETLC_SecuredDB.findFields(List<SObject>)
16:20:44.0 (24339534)|VARIABLE_SCOPE_BEGIN|[108]|dbRecords|List<SObject>|true|false
16:20:44.0 (24369102)|VARIABLE_ASSIGNMENT|[108]|dbRecords|{"s":1,"v":[{"s":2,"v":{"Id":"a005000000ezW4dAAE"}}]}|0x7b98fc81
16:20:44.0 (24382036)|HEAP_ALLOCATE|[109]|Bytes:5
16:20:44.0 (24386034)|STATEMENT_EXECUTE|[108]
16:20:44.0 (24387513)|STATEMENT_EXECUTE|[109]
16:20:44.0 (24396655)|VARIABLE_SCOPE_BEGIN|[109]|strJSON|String|false|false
16:20:44.0 (24402511)|VARIABLE_ASSIGNMENT|[109]|strJSON|null
16:20:44.0 (24404744)|STATEMENT_EXECUTE|[110]
16:20:44.0 (24410147)|VARIABLE_SCOPE_BEGIN|[110]|mapFields|Map<String,Set<String>>|true|false
16:20:44.0 (24414754)|VARIABLE_ASSIGNMENT|[110]|mapFields|null|
16:20:44.0 (24417139)|STATEMENT_EXECUTE|[112]
16:20:44.0 (24433829)|METHOD_ENTRY|[112]||System.JSON.serialize(Object)
16:20:44.0 (24920947)|METHOD_EXIT|[112]||System.JSON.serialize(Object)
16:20:44.0 (24937074)|VARIABLE_ASSIGNMENT|[112]|strJSON|"[{\"attributes\":{\"typ (116 more) ..."
16:20:44.0 (24940550)|STATEMENT_EXECUTE|[113]
16:20:44.0 (24949196)|HEAP_ALLOCATE|[113]|Bytes:5
16:20:44.0 (24963458)|HEAP_ALLOCATE|[113]|Bytes:141
16:20:44.0 (25021914)|USER_DEBUG|[113]|DEBUG|JSON:[{"attributes":{"type":"BFFFollow__c","url":"/services/data/v37.0/sobjects/BFFFollow__c/a005000000ezW4dAAE"},"Id":"a005000000ezW4dAAE"}]
16:20:44.0 (25036257)|STATEMENT_EXECUTE|[114]
16:20:44.0 (25049163)|HEAP_ALLOCATE|[114]|Bytes:4
16:20:44.0 (25085601)|VARIABLE_ASSIGNMENT|[114]|mapFields|{"s":1,"v":{}}|0x24ba95f7
16:20:44.0 (25091497)|STATEMENT_EXECUTE|[115]
16:20:44.0 (25107549)|METHOD_ENTRY|[115]||System.JSON.deserializeUntyped(String)
16:20:44.0 (25582552)|METHOD_EXIT|[115]||System.JSON.deserializeUntyped(String)
16:20:44.0 (25596701)|VARIABLE_SCOPE_BEGIN|[115]|records|List<ANY>|true|false
16:20:44.0 (25629069)|HEAP_ALLOCATE|[EXTERNAL]|Bytes:8
16:20:44.0 (25660259)|VARIABLE_ASSIGNMENT|[115]|records|{"s":1,"v":[{"s":2,"v":{"attributes":{"s":3,"v":{"type":"BFFFollow__c","url":"/services/data/v37.0 (41 more) ..."}},"Id":"a005000000ezW4dAAE"}}]}|0x6ec5a339
16:20:44.0 (25723884)|HEAP_ALLOCATE|[116]|Bytes:5
16:20:44.0 (25750081)|HEAP_ALLOCATE|[116]|Bytes:12
16:20:44.0 (25766434)|VARIABLE_SCOPE_BEGIN|[116]|record|Object|false|false
16:20:44.0 (25796839)|VARIABLE_ASSIGNMENT|[116]|record|{"s":1,"v":{"attributes":{"s":2,"v":{"type":"BFFFollow__c","url":"/services/data/v37.0 (41 more) ..."}},"Id":"a005000000ezW4dAAE"}}
16:20:44.0 (25803642)|STATEMENT_EXECUTE|[116]
16:20:44.0 (25805586)|STATEMENT_EXECUTE|[117]
16:20:44.0 (25838617)|METHOD_ENTRY|[117]|01p50000002CIEt|ETLC_SecuredDB.findFieldsRecursive(Map<String,Set<String>>, Map<String,ANY>)
16:20:44.0 (25871708)|VARIABLE_SCOPE_BEGIN|[124]|mapFields|Map<String,Set<String>>|true|false
16:20:44.0 (25889529)|VARIABLE_ASSIGNMENT|[124]|mapFields|{"s":1,"v":{}}|0x24ba95f7
16:20:44.0 (25895683)|VARIABLE_SCOPE_BEGIN|[124]|record|Map<String,ANY>|true|false
16:20:44.0 (25914302)|VARIABLE_ASSIGNMENT|[124]|record|{"s":1,"v":{"attributes":{"s":2,"v":{"type":"BFFFollow__c","url":"/services/data/v37.0 (41 more) ..."}},"Id":"a005000000ezW4dAAE"}}|0x78dbd58d
16:20:44.0 (25928792)|HEAP_ALLOCATE|[125]|Bytes:5
16:20:44.0 (25934449)|STATEMENT_EXECUTE|[124]
16:20:44.0 (25936770)|STATEMENT_EXECUTE|[125]
16:20:44.0 (25945165)|HEAP_ALLOCATE|[125]|Bytes:10
16:20:44.0 (25951068)|VARIABLE_SCOPE_BEGIN|[125]|strAttributes|String|false|false
16:20:44.0 (25959305)|VARIABLE_ASSIGNMENT|[125]|strAttributes|"attributes"
16:20:44.0 (25962482)|STATEMENT_EXECUTE|[126]
16:20:44.0 (25974206)|HEAP_ALLOCATE|[126]|Bytes:7
16:20:44.0 (25979799)|VARIABLE_SCOPE_BEGIN|[126]|strRecord|String|false|false
16:20:44.0 (25986673)|VARIABLE_ASSIGNMENT|[126]|strRecord|"records"
16:20:44.0 (26030298)|STATEMENT_EXECUTE|[127]
16:20:44.0 (26034852)|STATEMENT_EXECUTE|[128]
16:20:44.0 (26089026)|VARIABLE_SCOPE_BEGIN|[128]|attributes|Map<String,ANY>|true|false
16:20:44.0 (26113621)|VARIABLE_ASSIGNMENT|[128]|attributes|{"s":1,"v":{"type":"BFFFollow__c","url":"/services/data/v37.0 (41 more) ..."}}|0x3e9938b5
16:20:44.0 (26120065)|STATEMENT_EXECUTE|[129]
16:20:44.0 (26130609)|HEAP_ALLOCATE|[129]|Bytes:4
16:20:44.0 (26183308)|VARIABLE_SCOPE_BEGIN|[129]|objectName|String|false|false
16:20:44.0 (26193029)|VARIABLE_ASSIGNMENT|[129]|objectName|"BFFFollow__c"
16:20:44.0 (26203454)|HEAP_ALLOCATE|[130]|Bytes:4
16:20:44.0 (26264392)|HEAP_ALLOCATE|[130]|Bytes:24
16:20:44.0 (26281649)|HEAP_ALLOCATE|[130]|Bytes:8
16:20:44.0 (26304082)|HEAP_ALLOCATE|[130]|Bytes:5
16:20:44.0 (26318105)|VARIABLE_SCOPE_BEGIN|[130]|fieldName|String|false|false
16:20:44.0 (26325780)|VARIABLE_ASSIGNMENT|[130]|fieldName|"attributes"
16:20:44.0 (26328921)|STATEMENT_EXECUTE|[130]
16:20:44.0 (26330215)|STATEMENT_EXECUTE|[131]
16:20:44.0 (26368957)|VARIABLE_SCOPE_BEGIN|[131]|field|Object|false|false
16:20:44.0 (26388338)|VARIABLE_ASSIGNMENT|[131]|field|{"s":1,"v":{"type":"BFFFollow__c","url":"/services/data/v37.0 (41 more) ..."}}
16:20:44.0 (26415131)|STATEMENT_EXECUTE|[132]
16:20:44.0 (26430967)|HEAP_ALLOCATE|[130]|Bytes:5
16:20:44.0 (26443713)|VARIABLE_SCOPE_BEGIN|[130]|fieldName|String|false|false
16:20:44.0 (26450347)|VARIABLE_ASSIGNMENT|[130]|fieldName|"Id"
16:20:44.0 (26452836)|STATEMENT_EXECUTE|[130]
16:20:44.0 (26453921)|STATEMENT_EXECUTE|[131]
16:20:44.0 (26474445)|VARIABLE_SCOPE_BEGIN|[131]|field|Object|false|false
16:20:44.0 (26490583)|VARIABLE_ASSIGNMENT|[131]|field|"a005000000ezW4dAAE"
16:20:44.0 (26507919)|HEAP_ALLOCATE|[134]|Bytes:68
16:20:44.0 (26538305)|STATEMENT_EXECUTE|[136]
16:20:44.0 (26541616)|STATEMENT_EXECUTE|[137]
16:20:44.0 (26553554)|HEAP_ALLOCATE|[137]|Bytes:4
16:20:44.0 (26592496)|VARIABLE_SCOPE_BEGIN|[137]|fieldNames|Set<String>|true|false
16:20:44.0 (26614784)|VARIABLE_ASSIGNMENT|[137]|fieldNames|{"s":1,"v":[]}|0xd63a921
16:20:44.0 (26646513)|STATEMENT_EXECUTE|[138]
16:20:44.0 (26658293)|STATEMENT_EXECUTE|[139]
16:20:44.0 (26683762)|HEAP_ALLOCATE|[EXTERNAL]|Bytes:4
16:20:44.0 (26691656)|STATEMENT_EXECUTE|[140]
16:20:44.0 (26722179)|HEAP_ALLOCATE|[EXTERNAL]|Bytes:-4
16:20:44.0 (26743385)|HEAP_ALLOCATE|[130]|Bytes:5
16:20:44.0 (26764761)|VARIABLE_ASSIGNMENT|[130]|fieldName|null
16:20:44.0 (26781399)|METHOD_EXIT|[117]|01p50000002CIEt|ETLC_SecuredDB.findFieldsRecursive(Map<String,Set<String>>, Map<String,ANY>)
16:20:44.0 (26799430)|HEAP_ALLOCATE|[116]|Bytes:5
16:20:44.0 (26824427)|VARIABLE_ASSIGNMENT|[116]|record|null
16:20:44.0 (26835086)|HEAP_ALLOCATE|[119]|Bytes:4
16:20:44.0 (26879360)|HEAP_ALLOCATE|[119]|Bytes:20
16:20:44.0 (26898980)|HEAP_ALLOCATE|[119]|Bytes:4
16:20:44.0 (26928170)|HEAP_ALLOCATE|[119]|Bytes:5
16:20:44.0 (26949314)|VARIABLE_SCOPE_BEGIN|[119]|objectName|String|false|false
16:20:44.0 (26960331)|VARIABLE_ASSIGNMENT|[119]|objectName|"BFFFollow__c"
16:20:44.0 (26964860)|STATEMENT_EXECUTE|[119]
16:20:44.0 (26972216)|STATEMENT_EXECUTE|[120]
16:20:44.0 (26983222)|HEAP_ALLOCATE|[120]|Bytes:2
16:20:44.0 (27060111)|HEAP_ALLOCATE|[120]|Bytes:4
16:20:44.0 (27084101)|HEAP_ALLOCATE|[120]|Bytes:18
16:20:44.0 (27101509)|USER_DEBUG|[120]|DEBUG|BFFFollow__c: {Id}
16:20:44.0 (27121161)|HEAP_ALLOCATE|[119]|Bytes:5
16:20:44.0 (27138321)|VARIABLE_ASSIGNMENT|[119]|objectName|null
16:20:44.0 (27143450)|STATEMENT_EXECUTE|[122]
16:20:44.0 (27160539)|METHOD_EXIT|[20]|01p50000002CIEt|ETLC_SecuredDB.findFields(List<SObject>)
16:20:44.0 (27187437)|METHOD_ENTRY|[20]|01p50000002CIEt|ETLC_SecuredDB.validate(ETLC_SecuredDB.Operation, Map<String,Set<String>>)
16:20:44.0 (27199286)|VARIABLE_SCOPE_BEGIN|[55]|op|ETLC_SecuredDB.Operation|true|false
16:20:44.0 (27224466)|VARIABLE_ASSIGNMENT|[55]|op|"Querying"|0x5c99abfe
16:20:44.0 (27230537)|VARIABLE_SCOPE_BEGIN|[55]|mapFieldNames|Map<String,Set<String>>|true|false
16:20:44.0 (27253482)|VARIABLE_ASSIGNMENT|[55]|mapFieldNames|{"s":1,"v":{"BFFFollow__c":{"s":2,"v":["Id"]}}}|0x24ba95f7
16:20:44.0 (27266858)|HEAP_ALLOCATE|[56]|Bytes:5
16:20:44.0 (27272952)|STATEMENT_EXECUTE|[55]
16:20:44.0 (27275667)|STATEMENT_EXECUTE|[56]
16:20:44.0 (27285406)|VARIABLE_SCOPE_BEGIN|[56]|securityMessage|String|false|false
16:20:44.0 (27293579)|VARIABLE_ASSIGNMENT|[56]|securityMessage|null
16:20:44.0 (27297000)|STATEMENT_EXECUTE|[57]
16:20:44.0 (49296415)|HEAP_ALLOCATE|[57]|Bytes:1256
16:20:44.0 (49334318)|VARIABLE_SCOPE_BEGIN|[57]|mapObjects|Map<String,Schema.SObjectType>|true|false
16:20:44.0 (49617596)|VARIABLE_ASSIGNMENT|[57]|mapObjects|"{acceptedeventrelation=AcceptedEventRelation, account=Account, accountcontactrole=AccountContactRole, accounthistory=AccountHistory, accountpartner=AccountPartner, accountshare=AccountShare, actionlinkgrouptemplate=ActionLinkGroupTemplate, actionlinktemplate=ActionLinkTemplate, activityhistory=ActivityHistory, additionalnumber=AdditionalNumber, ...}"|0x72f61636
16:20:44.0 (49632431)|HEAP_ALLOCATE|[58]|Bytes:4
16:20:44.0 (49696992)|HEAP_ALLOCATE|[58]|Bytes:20
16:20:44.0 (49711711)|HEAP_ALLOCATE|[58]|Bytes:4
16:20:44.0 (49733630)|HEAP_ALLOCATE|[58]|Bytes:5
16:20:44.0 (49749294)|VARIABLE_SCOPE_BEGIN|[58]|sObjectName|String|false|false
16:20:44.0 (49759577)|VARIABLE_ASSIGNMENT|[58]|sObjectName|"BFFFollow__c"
16:20:44.0 (49763709)|STATEMENT_EXECUTE|[58]
16:20:44.0 (49765530)|STATEMENT_EXECUTE|[59]
16:20:44.0 (49778712)|HEAP_ALLOCATE|[59]|Bytes:9
16:20:44.0 (49782801)|HEAP_ALLOCATE|[59]|Bytes:7
16:20:44.0 (49851137)|HEAP_ALLOCATE|[59]|Bytes:8
16:20:44.0 (49863229)|HEAP_ALLOCATE|[59]|Bytes:1
16:20:44.0 (49878085)|HEAP_ALLOCATE|[59]|Bytes:37
16:20:44.0 (49888733)|VARIABLE_ASSIGNMENT|[59]|securityMessage|"CRUD on [BFFFollow__ (17 more) ..."
16:20:44.0 (49892702)|STATEMENT_EXECUTE|[60]
16:20:44.0 (49900168)|HEAP_ALLOCATE|[60]|Bytes:10
16:20:44.0 (49908348)|HEAP_ALLOCATE|[60]|Bytes:47
16:20:44.0 (49943184)|USER_DEBUG|[60]|DEBUG|Checking: CRUD on [BFFFollow__c] for [Querying]
16:20:44.0 (49950966)|STATEMENT_EXECUTE|[61]
16:20:44.0 (50158539)|HEAP_ALLOCATE|[61]|Bytes:4
16:20:44.0 (50201170)|VARIABLE_SCOPE_BEGIN|[61]|drSObj|Schema.DescribeSObjectResult|true|false
16:20:44.0 (50282810)|VARIABLE_ASSIGNMENT|[61]|drSObj|"common.api.soap.wsdl.DescribeSObjectResult@a54f9caa"|0xfd45d92
16:20:44.0 (50446563)|STATEMENT_EXECUTE|[64]
16:20:44.0 (50466973)|STATEMENT_EXECUTE|[65]
16:20:44.0 (50520401)|STATEMENT_EXECUTE|[77]
16:20:44.0 (50523083)|STATEMENT_EXECUTE|[79]
16:20:44.0 (50759323)|HEAP_ALLOCATE|[79]|Bytes:56
16:20:44.0 (50770723)|VARIABLE_SCOPE_BEGIN|[79]|mapFields|Map<String,Schema.SObjectField>|true|false
16:20:44.0 (50926165)|VARIABLE_ASSIGNMENT|[79]|mapFields|"{createdbyid=CreatedById, createddate=CreatedDate, followedby__c=FollowedBy__c, followedusers__c=FollowedUsers__c, id=Id, isdeleted=IsDeleted, lastmodifiedbyid=LastModifiedById, lastmodifieddate=LastModifiedDate, lastreferenceddate=LastReferencedDate, lastvieweddate=LastViewedDate, ...}"|0x4cd089ec
16:20:44.0 (50937398)|HEAP_ALLOCATE|[80]|Bytes:4
16:20:44.0 (50979217)|HEAP_ALLOCATE|[80]|Bytes:4
16:20:44.0 (50998952)|HEAP_ALLOCATE|[80]|Bytes:5
16:20:44.0 (51012378)|VARIABLE_SCOPE_BEGIN|[80]|fieldName|String|false|false
16:20:44.0 (51021602)|VARIABLE_ASSIGNMENT|[80]|fieldName|"Id"
16:20:44.0 (51025230)|STATEMENT_EXECUTE|[80]
16:20:44.0 (51026547)|STATEMENT_EXECUTE|[81]
16:20:44.0 (51596336)|HEAP_ALLOCATE|[81]|Bytes:8
16:20:44.0 (51634244)|VARIABLE_SCOPE_BEGIN|[81]|drField|Schema.DescribeFieldResult|true|false
16:20:44.0 (51705667)|VARIABLE_ASSIGNMENT|[81]|drField|"common.api.soap.wsdl.Field@923b2100"|0x44bda8c5
16:20:44.0 (51729930)|STATEMENT_EXECUTE|[99]
16:20:44.0 (51732079)|STATEMENT_EXECUTE|[100]
16:20:44.0 (51741842)|HEAP_ALLOCATE|[100]|Bytes:22
16:20:44.0 (51746449)|HEAP_ALLOCATE|[100]|Bytes:1
16:20:44.0 (51790348)|HEAP_ALLOCATE|[100]|Bytes:8
16:20:44.0 (51816255)|HEAP_ALLOCATE|[100]|Bytes:52
16:20:44.0 (51821311)|HEAP_ALLOCATE|[100]|Bytes:35
16:20:44.0 (51825747)|HEAP_ALLOCATE|[100]|Bytes:87
16:20:44.0 (51838094)|USER_DEBUG|[100]|DEBUG|Bypass Check: FLS on [BFFFollow__c.Id] for [Querying] since it's not isPermissionable()
16:20:44.0 (51854505)|HEAP_ALLOCATE|[80]|Bytes:5
16:20:44.0 (51868869)|VARIABLE_ASSIGNMENT|[80]|fieldName|null
16:20:44.0 (51878749)|HEAP_ALLOCATE|[58]|Bytes:5
16:20:44.0 (51887534)|VARIABLE_ASSIGNMENT|[58]|sObjectName|null
16:20:44.0 (51901649)|METHOD_EXIT|[20]|01p50000002CIEt|ETLC_SecuredDB.validate(ETLC_SecuredDB.Operation, Map<String,Set<String>>)
16:20:44.0 (51906546)|STATEMENT_EXECUTE|[21]
16:20:44.0 (51918504)|METHOD_EXIT|[45]|01p50000002CIEt|ETLC_SecuredDB.query(String)
16:20:44.0 (51924511)|VARIABLE_SCOPE_BEGIN|[45]|dbRecords|List<SObject>|true|false
16:20:44.0 (51955873)|VARIABLE_ASSIGNMENT|[45]|dbRecords|{"s":1,"v":[{"s":2,"v":{"Id":"a005000000ezW4dAAE"}}]}|0x7b98fc81
16:20:44.0 (51960398)|STATEMENT_EXECUTE|[46]
16:20:44.0 (51980966)|HEAP_ALLOCATE|[46]|Bytes:4
16:20:44.0 (52103839)|VARIABLE_SCOPE_BEGIN|[46]|record|BFFFollow__c|true|false
16:20:44.0 (52120455)|VARIABLE_ASSIGNMENT|[46]|record|{}|0x2a0bd169
16:20:44.0 (52197691)|STATEMENT_EXECUTE|[47]
16:20:44.0 (52200398)|STATEMENT_EXECUTE|[48]
16:20:44.0 (52214126)|HEAP_ALLOCATE|[48]|Bytes:8
16:20:44.0 (52220675)|HEAP_ALLOCATE|[48]|Bytes:2
16:20:44.0 (52287067)|HEAP_ALLOCATE|[48]|Bytes:4
16:20:44.0 (52304518)|HEAP_ALLOCATE|[48]|Bytes:4
16:20:44.0 (52341434)|VARIABLE_ASSIGNMENT|[48]|this.Id|"a005000000ezW4dAAE"|0x2a0bd169
16:20:44.0 (52346321)|STATEMENT_EXECUTE|[50]
16:20:44.0 (52396153)|VARIABLE_ASSIGNMENT|[50]|this.FollowedUsers__c|"[{\"id\":\"00550000005c (199 more) ..."|0x2a0bd169
16:20:44.0 (52400488)|STATEMENT_EXECUTE|[51]
16:20:44.0 (52452887)|VARIABLE_ASSIGNMENT|[51]|this.FollowedBy__c|"00550000005cg71AAA"|0x2a0bd169
16:20:44.0 (52457375)|STATEMENT_EXECUTE|[52]
16:20:44.0 (52496548)|HEAP_ALLOCATE|[52]|Bytes:8
16:20:44.0 (52524003)|DML_BEGIN|[52]|Op:Upsert|Type:BFFFollow__c|Rows:1
16:20:44.0 (52551773)|HEAP_ALLOCATE|[EXTERNAL]|Bytes:8
16:20:44.0 (82783563)|DML_END|[52]
16:20:44.0 (82827820)|STATEMENT_EXECUTE|[53]
16:20:44.0 (82832096)|STATEMENT_EXECUTE|[53]
16:20:44.0 (82949488)|USER_DEBUG|[53]|DEBUG|BFFFollow__c:{Id=a005000000ezW4dAAE, FollowedUsers__c=[{"id":"00550000005cg71AAA","name":"Jaswinder Rattanpal"},{"id":"00550000005d7KnAAI","name":"Test User"},{"id":"00550000005cg71AAA","name":"Jaswinder Rattanpal"},{"id":"00550000005cg71AAA","name":"Jaswinder Rattanpal"}], FollowedBy__c=00550000005cg71AAA}
16:20:44.0 (82975571)|STATEMENT_EXECUTE|[54]
16:20:44.0 (82991814)|HEAP_ALLOCATE|[54]|Bytes:5
16:20:44.0 (83016062)|METHOD_EXIT|[14]|01p50000002D8iw|BFFFollow_Controller.saveFollowedUsers(Id, String)
16:20:44.0 (83148916)|VARIABLE_ASSIGNMENT|[EXTERNAL]|this|{"debug":true,"input":"{\"mode\":\"saveFollowe (278 more) ...","operation":"BFFFollow_Controller"}|0x723d6580
16:20:44.0 (83168320)|VARIABLE_ASSIGNMENT|[EXTERNAL]|value|true
16:20:44.0 (83178077)|HEAP_ALLOCATE|[15]|Bytes:5
16:20:44.0 (83196937)|VARIABLE_ASSIGNMENT|[15]|this.outputFlag|true|0x723d6580
16:20:44.0 (83219860)|METHOD_EXIT|[9]|01p50000002D8iw|BFFFollow_Controller.process(ETLC_ApexBridge_Data)
16:20:44.0 (83225636)|STATEMENT_EXECUTE|[24]
16:20:44.0 (83265145)|METHOD_ENTRY|[24]|01p50000002CIEo|ETLC_ApexBridge_Data.toJSON()
16:20:44.0 (83298963)|VARIABLE_SCOPE_BEGIN|[57]|this|ETLC_ApexBridge_Data|true|false
16:20:44.0 (83344725)|VARIABLE_ASSIGNMENT|[57]|this|{"debug":true,"input":"{\"mode\":\"saveFollowe (278 more) ...","operation":"BFFFollow_Controller","outputFlag":true}|0x723d6580
16:20:44.0 (83354848)|STATEMENT_EXECUTE|[57]
16:20:44.0 (83357192)|STATEMENT_EXECUTE|[58]
16:20:44.0 (83378448)|METHOD_ENTRY|[58]||System.JSON.serialize(Object)
16:20:44.0 (83519211)|STATEMENT_EXECUTE|[22]
16:20:44.0 (83526954)|STATEMENT_EXECUTE|[23]
16:20:44.0 (83541151)|HEAP_ALLOCATE|[23]|Bytes:5
16:20:44.0 (83557142)|VARIABLE_ASSIGNMENT|[23]|this.isSuccess|true|0x723d6580
16:20:44.0 (83561923)|STATEMENT_EXECUTE|[24]
16:20:44.0 (83631565)|STATEMENT_EXECUTE|[31]
16:20:44.0 (83638916)|STATEMENT_EXECUTE|[32]
16:20:44.0 (83651257)|HEAP_ALLOCATE|[32]|Bytes:4
16:20:44.0 (83763062)|VARIABLE_ASSIGNMENT|[32]|this.messages|{"s":1,"v":{}}|0x723d6580
16:20:44.0 (83769096)|STATEMENT_EXECUTE|[33]
16:20:44.0 (84322500)|METHOD_EXIT|[58]||System.JSON.serialize(Object)
16:20:44.0 (84330822)|METHOD_EXIT|[24]|01p50000002CIEo|ETLC_ApexBridge_Data.toJSON()
16:20:44.0 (84341229)|SYSTEM_MODE_EXIT|false
16:20:44.86 (86300434)|CUMULATIVE_LIMIT_USAGE
16:20:44.86 (86300434)|LIMIT_USAGE_FOR_NS|(default)|
  Number of SOQL queries: 1 out of 100
  Number of query rows: 1 out of 50000
  Number of SOSL queries: 0 out of 20
  Number of DML statements: 1 out of 150
  Number of DML rows: 1 out of 10000
  Maximum CPU time: 0 out of 10000
  Maximum heap size: 0 out of 6000000
  Number of callouts: 0 out of 100
  Number of Email Invocations: 0 out of 10
  Number of future calls: 0 out of 50
  Number of queueable jobs added to the queue: 0 out of 50
  Number of Mobile Apex push calls: 0 out of 10

16:20:44.86 (86300434)|CUMULATIVE_LIMIT_USAGE_END

16:20:44.0 (86355165)|CODE_UNIT_FINISHED|ETLC_ApexBridge_Controller.execute
