37.0 APEX_CODE,FINEST;APEX_PROFILING,INFO;CALLOUT,INFO;DB,INFO;SYSTEM,DEBUG;VALIDATION,INFO;VISUALFORCE,INFO;WORKFLOW,INFO
10:44:59.0 (439517)|USER_INFO|[EXTERNAL]|00550000005cg71|bfffollow@jr.te|Eastern Standard Time|GMT-04:00
10:44:59.0 (494578)|EXECUTION_STARTED
10:44:59.0 (504025)|CODE_UNIT_STARTED|[EXTERNAL]|aura
10:44:59.0 (903911)|HEAP_ALLOCATE|[72]|Bytes:3
10:44:59.0 (1028066)|HEAP_ALLOCATE|[77]|Bytes:152
10:44:59.0 (1063157)|HEAP_ALLOCATE|[342]|Bytes:408
10:44:59.0 (1096518)|HEAP_ALLOCATE|[355]|Bytes:408
10:44:59.0 (1128819)|HEAP_ALLOCATE|[467]|Bytes:48
10:44:59.0 (1173676)|HEAP_ALLOCATE|[139]|Bytes:6
10:44:59.0 (1222184)|HEAP_ALLOCATE|[EXTERNAL]|Bytes:93
10:44:59.0 (1275587)|HEAP_ALLOCATE|[EXTERNAL]|Bytes:93
10:44:59.0 (2579085)|CODE_UNIT_STARTED|[EXTERNAL]|01p50000002CIEm|ETLC_ApexBridge_Controller.execute
10:44:59.0 (3355142)|HEAP_ALLOCATE|[EXTERNAL]|Bytes:1
10:44:59.0 (3368120)|HEAP_ALLOCATE|[EXTERNAL]|Bytes:10
10:44:59.0 (3393024)|METHOD_ENTRY|[1]|01p50000002CIEm|ETLC_ApexBridge_Controller.ETLC_ApexBridge_Controller()
10:44:59.0 (3400143)|STATEMENT_EXECUTE|[1]
10:44:59.0 (3408210)|STATEMENT_EXECUTE|[1]
10:44:59.0 (3422294)|METHOD_EXIT|[1]|ETLC_ApexBridge_Controller
10:44:59.0 (3430909)|HEAP_ALLOCATE|[EXTERNAL]|Bytes:93
10:44:59.0 (3447110)|SYSTEM_MODE_ENTER|false
10:44:59.0 (3572492)|VARIABLE_SCOPE_BEGIN|[3]|dataJson|String|false|false
10:44:59.0 (3715316)|VARIABLE_ASSIGNMENT|[3]|dataJson|"{\"operation\":\"BFFFol (73 more) ..."
10:44:59.0 (3736282)|STATEMENT_EXECUTE|[3]
10:44:59.0 (3739402)|STATEMENT_EXECUTE|[4]
10:44:59.0 (6227498)|VARIABLE_SCOPE_BEGIN|[4]|data|ETLC_ApexBridge_Data|true|false
10:44:59.0 (6250736)|VARIABLE_ASSIGNMENT|[4]|data|null|
10:44:59.0 (6256212)|STATEMENT_EXECUTE|[5]
10:44:59.0 (6258745)|STATEMENT_EXECUTE|[5]
10:44:59.0 (6260397)|STATEMENT_EXECUTE|[6]
10:44:59.0 (6285222)|HEAP_ALLOCATE|[6]|Bytes:11
10:44:59.0 (6297645)|HEAP_ALLOCATE|[6]|Bytes:248
10:44:59.0 (6304158)|HEAP_ALLOCATE|[6]|Bytes:39
10:44:59.0 (6363078)|METHOD_ENTRY|[2]|01p50000002CIEo|ETLC_ApexBridge_Data.ETLC_ApexBridge_Data()
10:44:59.0 (6368846)|STATEMENT_EXECUTE|[2]
10:44:59.0 (6374183)|STATEMENT_EXECUTE|[2]
10:44:59.0 (6385813)|METHOD_EXIT|[2]|ETLC_ApexBridge_Data
10:44:59.0 (6426237)|METHOD_ENTRY|[6]|01p50000002CIEo|ETLC_ApexBridge_Data.fromJSON(String)
10:44:59.0 (6461668)|VARIABLE_SCOPE_BEGIN|[60]|strJson|String|false|false
10:44:59.0 (6481321)|VARIABLE_ASSIGNMENT|[60]|strJson|"{\"operation\":\"BFFFol (73 more) ..."
10:44:59.0 (6488683)|STATEMENT_EXECUTE|[60]
10:44:59.0 (6490947)|STATEMENT_EXECUTE|[61]
10:44:59.0 (6508025)|HEAP_ALLOCATE|[61]|Bytes:20
10:44:59.0 (6536643)|HEAP_ALLOCATE|[50]|Bytes:5
10:44:59.0 (6568194)|HEAP_ALLOCATE|[56]|Bytes:5
10:44:59.0 (6585214)|HEAP_ALLOCATE|[64]|Bytes:7
10:44:59.0 (6717686)|HEAP_ALLOCATE|[61]|Bytes:24
10:44:59.0 (6738560)|SYSTEM_METHOD_ENTRY|[1]|Type.Type()
10:44:59.0 (6743665)|STATEMENT_EXECUTE|[1]
10:44:59.0 (6759502)|SYSTEM_METHOD_EXIT|[1]|Type
10:44:59.0 (6768731)|HEAP_ALLOCATE|[61]|Bytes:8
10:44:59.0 (6798492)|HEAP_ALLOCATE|[61]|Bytes:8
10:44:59.0 (6806805)|VARIABLE_SCOPE_BEGIN|[4]|this|System.Type|true|false
10:44:59.0 (6856767)|VARIABLE_ASSIGNMENT|[4]|this|{}|0x6fdf4418
10:44:59.0 (6863504)|VARIABLE_SCOPE_BEGIN|[4]|apextype|java:common.apex.runtime.ApexObjectType|true|false
10:44:59.0 (7084609)|VARIABLE_ASSIGNMENT|[4]|apextype|"ETLC_ApexBridge_Data"|0x4753530
10:44:59.0 (7213734)|HEAP_ALLOCATE|[61]|Bytes:8
10:44:59.0 (7263024)|HEAP_ALLOCATE|[61]|Bytes:24
10:44:59.0 (7281174)|SYSTEM_METHOD_ENTRY|[1]|JSON.JSON()
10:44:59.0 (7285358)|STATEMENT_EXECUTE|[1]
10:44:59.0 (7296708)|SYSTEM_METHOD_EXIT|[1]|JSON
10:44:59.0 (7316491)|METHOD_ENTRY|[61]||System.JSON.deserializeStrict(String, System.Type)
10:44:59.0 (8150104)|METHOD_EXIT|[61]||System.JSON.deserializeStrict(String, System.Type)
10:44:59.0 (8166722)|METHOD_EXIT|[6]|01p50000002CIEo|ETLC_ApexBridge_Data.fromJSON(String)
10:44:59.0 (8268375)|VARIABLE_ASSIGNMENT|[6]|data|{"debug":true,"input":"{\"mode\":\"fetchFollow (9 more) ...","operation":"BFFFollow_Controller"}|0x83aad89
10:44:59.0 (8276145)|STATEMENT_EXECUTE|[7]
10:44:59.0 (8295117)|HEAP_ALLOCATE|[7]|Bytes:6
10:44:59.0 (8397079)|HEAP_ALLOCATE|[7]|Bytes:177
10:44:59.0 (8425936)|HEAP_ALLOCATE|[7]|Bytes:183
10:44:59.0 (8464760)|USER_DEBUG|[7]|DEBUG|data::ETLC_ApexBridge_Data:[debug=true, input={"mode":"fetchFollowedUsers"}, isSuccess=null, messages=null, operation=BFFFollow_Controller, output=null, outputFlag=null, records=null]
10:44:59.0 (8479387)|STATEMENT_EXECUTE|[8]
10:44:59.0 (8582286)|VARIABLE_ASSIGNMENT|[EXTERNAL]|this|{"debug":true,"input":"{\"mode\":\"fetchFollow (9 more) ...","operation":"BFFFollow_Controller"}|0x83aad89
10:44:59.0 (8614494)|METHOD_ENTRY|[8]||System.Type.forName(String)
10:44:59.0 (11246082)|METHOD_EXIT|[8]||System.Type.forName(String)
10:44:59.0 (11267419)|METHOD_ENTRY|[8]||System.Type.newInstance()
10:44:59.0 (12827223)|STATEMENT_EXECUTE|[1]
10:44:59.0 (12844277)|HEAP_ALLOCATE|[33]|Bytes:5
10:44:59.0 (12865098)|METHOD_EXIT|[1]|BFFFollow_Controller
10:44:59.0 (12882605)|HEAP_ALLOCATE|[33]|Bytes:4
10:44:59.0 (12898291)|VARIABLE_SCOPE_BEGIN|[1]|this|BFFFollow_Controller|true|false
10:44:59.0 (12928774)|VARIABLE_ASSIGNMENT|[1]|this|{}|0x3b2d78c9
10:44:59.0 (12939709)|HEAP_ALLOCATE|[33]|Bytes:5
10:44:59.0 (12949117)|HEAP_ALLOCATE|[33]|Bytes:11
10:44:59.0 (12973597)|METHOD_ENTRY|[1]|01p50000002CIEj|ETLC_ApexBridge_Abstract.ETLC_ApexBridge_Abstract()
10:44:59.0 (12979718)|STATEMENT_EXECUTE|[1]
10:44:59.0 (12985973)|STATEMENT_EXECUTE|[1]
10:44:59.0 (12998451)|METHOD_EXIT|[1]|ETLC_ApexBridge_Abstract
10:44:59.0 (13018453)|CONSTRUCTOR_ENTRY|[EXTERNAL]|01p50000002CIEj|<init>()
10:44:59.0 (13050882)|VARIABLE_SCOPE_BEGIN|[1]|this|ETLC_ApexBridge_Abstract|true|false
10:44:59.0 (13082561)|VARIABLE_ASSIGNMENT|[1]|this|{}|0x3b2d78c9
10:44:59.0 (13109677)|STATEMENT_EXECUTE|[1]
10:44:59.0 (13123842)|CONSTRUCTOR_EXIT|[EXTERNAL]|01p50000002CIEj|<init>()
10:44:59.0 (13133159)|STATEMENT_EXECUTE|[1]
10:44:59.0 (13140655)|HEAP_ALLOCATE|[33]|Bytes:5
10:44:59.0 (13170371)|METHOD_EXIT|[8]||System.Type.newInstance()
10:44:59.0 (13183064)|VARIABLE_SCOPE_BEGIN|[8]|executor|ETLC_ApexBridge_Abstract|true|false
10:44:59.0 (13213879)|VARIABLE_ASSIGNMENT|[8]|executor|{}|0x3b2d78c9
10:44:59.0 (13219774)|STATEMENT_EXECUTE|[9]
10:44:59.0 (13284540)|METHOD_ENTRY|[9]|01p50000002D8iw|BFFFollow_Controller.process(ETLC_ApexBridge_Data)
10:44:59.0 (13327376)|VARIABLE_SCOPE_BEGIN|[3]|this|BFFFollow_Controller|true|false
10:44:59.0 (13357726)|VARIABLE_ASSIGNMENT|[3]|this|{}|0x3b2d78c9
10:44:59.0 (13366614)|VARIABLE_SCOPE_BEGIN|[3]|data|ETLC_ApexBridge_Data|true|false
10:44:59.0 (13417566)|VARIABLE_ASSIGNMENT|[3]|data|{"debug":true,"input":"{\"mode\":\"fetchFollow (9 more) ...","operation":"BFFFollow_Controller"}|0x83aad89
10:44:59.0 (13433105)|HEAP_ALLOCATE|[4]|Bytes:5
10:44:59.0 (13438958)|STATEMENT_EXECUTE|[3]
10:44:59.0 (13441524)|STATEMENT_EXECUTE|[4]
10:44:59.0 (13577436)|VARIABLE_ASSIGNMENT|[EXTERNAL]|this|{"debug":true,"input":"{\"mode\":\"fetchFollow (9 more) ...","operation":"BFFFollow_Controller"}|0x83aad89
10:44:59.0 (13629902)|VARIABLE_ASSIGNMENT|[4]|BFFFollow_Controller.debugFlag|true
10:44:59.0 (13707408)|VARIABLE_ASSIGNMENT|[EXTERNAL]|this|{"debug":true,"input":"{\"mode\":\"fetchFollow (9 more) ...","operation":"BFFFollow_Controller"}|0x83aad89
10:44:59.0 (13727867)|STATEMENT_EXECUTE|[5]
10:44:59.0 (13746904)|HEAP_ALLOCATE|[5]|Bytes:12
10:44:59.0 (13807778)|HEAP_ALLOCATE|[5]|Bytes:177
10:44:59.0 (13833164)|HEAP_ALLOCATE|[5]|Bytes:189
10:44:59.0 (13863453)|USER_DEBUG|[5]|DEBUG|data BEFORE:ETLC_ApexBridge_Data:[debug=true, input={"mode":"fetchFollowedUsers"}, isSuccess=null, messages=null, operation=BFFFollow_Controller, output=null, outputFlag=null, records=null]
10:44:59.0 (13878232)|STATEMENT_EXECUTE|[7]
10:44:59.0 (13900288)|HEAP_ALLOCATE|[7]|Bytes:4
10:44:59.0 (13938104)|METHOD_ENTRY|[7]|01p50000002CIEo|ETLC_ApexBridge_Data.getInputValue(String)
10:44:59.0 (13978718)|VARIABLE_SCOPE_BEGIN|[52]|this|ETLC_ApexBridge_Data|true|false
10:44:59.0 (14029085)|VARIABLE_ASSIGNMENT|[52]|this|{"debug":true,"input":"{\"mode\":\"fetchFollow (9 more) ...","operation":"BFFFollow_Controller"}|0x83aad89
10:44:59.0 (14042954)|VARIABLE_SCOPE_BEGIN|[52]|key|String|false|false
10:44:59.0 (14056220)|VARIABLE_ASSIGNMENT|[52]|key|"mode"
10:44:59.0 (14063809)|STATEMENT_EXECUTE|[52]
10:44:59.0 (14066537)|STATEMENT_EXECUTE|[53]
10:44:59.0 (14163560)|VARIABLE_ASSIGNMENT|[EXTERNAL]|this|{"debug":true,"input":"{\"mode\":\"fetchFollow (9 more) ...","operation":"BFFFollow_Controller"}|0x83aad89
10:44:59.0 (14192032)|METHOD_ENTRY|[53]||System.JSON.deserializeUntyped(String)
10:44:59.0 (14522238)|METHOD_EXIT|[53]||System.JSON.deserializeUntyped(String)
10:44:59.0 (14534591)|VARIABLE_SCOPE_BEGIN|[53]|inputMap|Map<String,ANY>|true|false
10:44:59.0 (14573794)|VARIABLE_ASSIGNMENT|[53]|inputMap|{"s":1,"v":{"mode":"fetchFollowedUsers"}}|0x3578abd3
10:44:59.0 (14579608)|STATEMENT_EXECUTE|[54]
10:44:59.0 (14651393)|METHOD_EXIT|[7]|01p50000002CIEo|ETLC_ApexBridge_Data.getInputValue(String)
10:44:59.0 (14660369)|VARIABLE_SCOPE_BEGIN|[7]|mode|String|false|false
10:44:59.0 (14676361)|VARIABLE_ASSIGNMENT|[7]|mode|"fetchFollowedUsers"
10:44:59.0 (14684581)|HEAP_ALLOCATE|[9]|Bytes:18
10:44:59.0 (14714815)|STATEMENT_EXECUTE|[9]
10:44:59.0 (14718116)|STATEMENT_EXECUTE|[10]
10:44:59.0 (14774849)|HEAP_ALLOCATE|[10]|Bytes:85
10:44:59.0 (14795396)|SYSTEM_METHOD_ENTRY|[1]|UserInfo.UserInfo()
10:44:59.0 (14799819)|STATEMENT_EXECUTE|[1]
10:44:59.0 (14811914)|SYSTEM_METHOD_EXIT|[1]|UserInfo
10:44:59.0 (14831145)|METHOD_ENTRY|[10]||System.UserInfo.getUserId()
10:44:59.0 (14881280)|METHOD_EXIT|[10]||System.UserInfo.getUserId()
10:44:59.0 (14904026)|HEAP_ALLOCATE|[10]|Bytes:4
10:44:59.0 (14925848)|METHOD_ENTRY|[10]|01p50000002D8iw|BFFFollow_Controller.fetchFollowedUsers(Id)
10:44:59.0 (14938015)|VARIABLE_SCOPE_BEGIN|[24]|this|BFFFollow_Controller|true|false
10:44:59.0 (14966567)|VARIABLE_ASSIGNMENT|[24]|this|{}|0x3b2d78c9
10:44:59.0 (14975573)|VARIABLE_SCOPE_BEGIN|[24]|followedById|Id|false|false
10:44:59.0 (15101283)|VARIABLE_ASSIGNMENT|[24]|followedById|"00550000005cg71AAA"
10:44:59.0 (15117059)|HEAP_ALLOCATE|[25]|Bytes:5
10:44:59.0 (15122704)|STATEMENT_EXECUTE|[24]
10:44:59.0 (15125159)|STATEMENT_EXECUTE|[25]
10:44:59.0 (15142317)|HEAP_ALLOCATE|[25]|Bytes:63
10:44:59.0 (15191691)|HEAP_ALLOCATE|[25]|Bytes:18
10:44:59.0 (15209595)|HEAP_ALLOCATE|[25]|Bytes:9
10:44:59.0 (15223087)|HEAP_ALLOCATE|[25]|Bytes:90
10:44:59.0 (15230698)|VARIABLE_SCOPE_BEGIN|[25]|soql|String|false|false
10:44:59.0 (15248054)|VARIABLE_ASSIGNMENT|[25]|soql|"SELECT FollowedUsers (70 more) ..."
10:44:59.0 (15252988)|STATEMENT_EXECUTE|[26]
10:44:59.0 (15255158)|STATEMENT_EXECUTE|[26]
10:44:59.0 (15261251)|STATEMENT_EXECUTE|[27]
10:44:59.0 (15263361)|STATEMENT_EXECUTE|[27]
10:44:59.0 (15279116)|HEAP_ALLOCATE|[27]|Bytes:24
10:44:59.0 (15290010)|HEAP_ALLOCATE|[27]|Bytes:114
10:44:59.0 (15332486)|USER_DEBUG|[27]|DEBUG|fetchFollowedUsers:soql:SELECT FollowedUsers__c FROM BFFFollow__c WHERE FollowedBy__c='00550000005cg71AAA' limit 1
10:44:59.0 (15344880)|STATEMENT_EXECUTE|[28]
10:44:59.0 (18759218)|HEAP_ALLOCATE|[28]|Bytes:9
10:44:59.0 (18772791)|HEAP_ALLOCATE|[28]|Bytes:29
10:44:59.0 (18778812)|HEAP_ALLOCATE|[28]|Bytes:21
10:44:59.0 (18811860)|METHOD_ENTRY|[7]|01p50000002CIEt|ETLC_SecuredDB.ETLC_SecuredDB()
10:44:59.0 (18818760)|STATEMENT_EXECUTE|[7]
10:44:59.0 (18825002)|STATEMENT_EXECUTE|[7]
10:44:59.0 (18833177)|HEAP_ALLOCATE|[28]|Bytes:5
10:44:59.0 (18853236)|METHOD_EXIT|[7]|ETLC_SecuredDB
10:44:59.0 (18898624)|METHOD_ENTRY|[28]|01p50000002CIEt|ETLC_SecuredDB.query(String)
10:44:59.0 (18934971)|VARIABLE_SCOPE_BEGIN|[10]|SOQL|String|false|false
10:44:59.0 (18953239)|VARIABLE_ASSIGNMENT|[10]|SOQL|"SELECT FollowedUsers (70 more) ..."
10:44:59.0 (18965826)|HEAP_ALLOCATE|[12]|Bytes:5
10:44:59.0 (18972115)|STATEMENT_EXECUTE|[10]
10:44:59.0 (18974798)|STATEMENT_EXECUTE|[12]
10:44:59.0 (20467376)|SOQL_EXECUTE_BEGIN|[12]|Aggregations:0|SELECT FollowedUsers__c FROM BFFFollow__c WHERE FollowedBy__c='00550000005cg71AAA' limit 1
10:44:59.0 (26010903)|SOQL_EXECUTE_END|[12]|Rows:1
10:44:59.0 (26048566)|HEAP_ALLOCATE|[12]|Bytes:8
10:44:59.0 (26062167)|HEAP_ALLOCATE|[12]|Bytes:158
10:44:59.0 (26161662)|HEAP_ALLOCATE|[12]|Bytes:8
10:44:59.0 (26186486)|VARIABLE_SCOPE_BEGIN|[12]|dbRecords|List<SObject>|true|false
10:44:59.0 (26250912)|VARIABLE_ASSIGNMENT|[12]|dbRecords|{"s":1,"v":[{"s":2,"v":{"FollowedUsers__c":"[{\"id\":\"00550000005d (85 more) ...","Id":"a005000000ezW4dAAE"}}]}|0x1921b90c
10:44:59.0 (26257403)|STATEMENT_EXECUTE|[20]
10:44:59.0 (26609215)|HEAP_ALLOCATE|[20]|Bytes:12
10:44:59.0 (26618359)|HEAP_ALLOCATE|[20]|Bytes:8
10:44:59.0 (26678402)|HEAP_ALLOCATE|[20]|Bytes:12
10:44:59.0 (26683860)|HEAP_ALLOCATE|[20]|Bytes:9
10:44:59.0 (26697151)|HEAP_ALLOCATE|[20]|Bytes:12
10:44:59.0 (26700598)|HEAP_ALLOCATE|[20]|Bytes:8
10:44:59.0 (26728784)|HEAP_ALLOCATE|[20]|Bytes:12
10:44:59.0 (26736664)|HEAP_ALLOCATE|[20]|Bytes:8
10:44:59.0 (26759176)|HEAP_ALLOCATE|[20]|Bytes:12
10:44:59.0 (26767010)|HEAP_ALLOCATE|[20]|Bytes:9
10:44:59.0 (26821197)|METHOD_ENTRY|[20]|01p50000002CIEt|ETLC_SecuredDB.findFields(List<SObject>)
10:44:59.0 (26884008)|VARIABLE_SCOPE_BEGIN|[108]|dbRecords|List<SObject>|true|false
10:44:59.0 (26919509)|VARIABLE_ASSIGNMENT|[108]|dbRecords|{"s":1,"v":[{"s":2,"v":{"FollowedUsers__c":"[{\"id\":\"00550000005d (85 more) ...","Id":"a005000000ezW4dAAE"}}]}|0x1921b90c
10:44:59.0 (26939594)|HEAP_ALLOCATE|[109]|Bytes:5
10:44:59.0 (26945204)|STATEMENT_EXECUTE|[108]
10:44:59.0 (26947498)|STATEMENT_EXECUTE|[109]
10:44:59.0 (26964383)|VARIABLE_SCOPE_BEGIN|[109]|strJSON|String|false|false
10:44:59.0 (26975955)|VARIABLE_ASSIGNMENT|[109]|strJSON|null
10:44:59.0 (26979818)|STATEMENT_EXECUTE|[110]
10:44:59.0 (26990553)|VARIABLE_SCOPE_BEGIN|[110]|mapFields|Map<String,Set<String>>|true|false
10:44:59.0 (26999817)|VARIABLE_ASSIGNMENT|[110]|mapFields|null|
10:44:59.0 (27002870)|STATEMENT_EXECUTE|[112]
10:44:59.0 (27027420)|METHOD_ENTRY|[112]||System.JSON.serialize(Object)
10:44:59.0 (27714609)|METHOD_EXIT|[112]||System.JSON.serialize(Object)
10:44:59.0 (27741169)|VARIABLE_ASSIGNMENT|[112]|strJSON|"[{\"attributes\":{\"typ (259 more) ..."
10:44:59.0 (27747362)|STATEMENT_EXECUTE|[113]
10:44:59.0 (27766648)|HEAP_ALLOCATE|[113]|Bytes:5
10:44:59.0 (27782255)|HEAP_ALLOCATE|[113]|Bytes:284
10:44:59.0 (27839368)|USER_DEBUG|[113]|DEBUG|JSON:[{"attributes":{"type":"BFFFollow__c","url":"/services/data/v37.0/sobjects/BFFFollow__c/a005000000ezW4dAAE"},"FollowedUsers__c":"[{\"id\":\"00550000005d7KnAAI\",\"name\":\"Test User\"},{\"id\":\"00550000005cg71AAA\",\"name\":\"Jaswinder Rattanpal\"}]","Id":"a005000000ezW4dAAE"}]
10:44:59.0 (27875762)|STATEMENT_EXECUTE|[114]
10:44:59.0 (27898839)|HEAP_ALLOCATE|[114]|Bytes:4
10:44:59.0 (27960162)|VARIABLE_ASSIGNMENT|[114]|mapFields|{"s":1,"v":{}}|0x54f370eb
10:44:59.0 (27966037)|STATEMENT_EXECUTE|[115]
10:44:59.0 (27990401)|METHOD_ENTRY|[115]||System.JSON.deserializeUntyped(String)
10:44:59.0 (28664708)|METHOD_EXIT|[115]||System.JSON.deserializeUntyped(String)
10:44:59.0 (28677832)|VARIABLE_SCOPE_BEGIN|[115]|records|List<ANY>|true|false
10:44:59.0 (28705727)|HEAP_ALLOCATE|[EXTERNAL]|Bytes:8
10:44:59.0 (28739983)|VARIABLE_ASSIGNMENT|[115]|records|{"s":1,"v":[{"s":2,"v":{"attributes":{"s":3,"v":{"type":"BFFFollow__c","url":"/services/data/v37.0 (41 more) ..."}},"FollowedUsers__c":"[{\"id\":\"00550000005d (85 more) ...","Id":"a005000000ezW4dAAE"}}]}|0x1261906b
10:44:59.0 (28793520)|HEAP_ALLOCATE|[116]|Bytes:5
10:44:59.0 (28842666)|HEAP_ALLOCATE|[116]|Bytes:16
10:44:59.0 (28854588)|VARIABLE_SCOPE_BEGIN|[116]|record|Object|false|false
10:44:59.0 (28886218)|VARIABLE_ASSIGNMENT|[116]|record|{"s":1,"v":{"attributes":{"s":2,"v":{"type":"BFFFollow__c","url":"/services/data/v37.0 (41 more) ..."}},"FollowedUsers__c":"[{\"id\":\"00550000005d (85 more) ...","Id":"a005000000ezW4dAAE"}}
10:44:59.0 (28891265)|STATEMENT_EXECUTE|[116]
10:44:59.0 (28892948)|STATEMENT_EXECUTE|[117]
10:44:59.0 (28923498)|METHOD_ENTRY|[117]|01p50000002CIEt|ETLC_SecuredDB.findFieldsRecursive(Map<String,Set<String>>, Map<String,ANY>)
10:44:59.0 (28961342)|VARIABLE_SCOPE_BEGIN|[124]|mapFields|Map<String,Set<String>>|true|false
10:44:59.0 (28980197)|VARIABLE_ASSIGNMENT|[124]|mapFields|{"s":1,"v":{}}|0x54f370eb
10:44:59.0 (28985785)|VARIABLE_SCOPE_BEGIN|[124]|record|Map<String,ANY>|true|false
10:44:59.0 (29004893)|VARIABLE_ASSIGNMENT|[124]|record|{"s":1,"v":{"attributes":{"s":2,"v":{"type":"BFFFollow__c","url":"/services/data/v37.0 (41 more) ..."}},"FollowedUsers__c":"[{\"id\":\"00550000005d (85 more) ...","Id":"a005000000ezW4dAAE"}}|0x22742bfc
10:44:59.0 (29017167)|HEAP_ALLOCATE|[125]|Bytes:5
10:44:59.0 (29021513)|STATEMENT_EXECUTE|[124]
10:44:59.0 (29023279)|STATEMENT_EXECUTE|[125]
10:44:59.0 (29035658)|HEAP_ALLOCATE|[125]|Bytes:10
10:44:59.0 (29041305)|VARIABLE_SCOPE_BEGIN|[125]|strAttributes|String|false|false
10:44:59.0 (29050511)|VARIABLE_ASSIGNMENT|[125]|strAttributes|"attributes"
10:44:59.0 (29053314)|STATEMENT_EXECUTE|[126]
10:44:59.0 (29061620)|HEAP_ALLOCATE|[126]|Bytes:7
10:44:59.0 (29066025)|VARIABLE_SCOPE_BEGIN|[126]|strRecord|String|false|false
10:44:59.0 (29072987)|VARIABLE_ASSIGNMENT|[126]|strRecord|"records"
10:44:59.0 (29112456)|STATEMENT_EXECUTE|[127]
10:44:59.0 (29114758)|STATEMENT_EXECUTE|[128]
10:44:59.0 (29159413)|VARIABLE_SCOPE_BEGIN|[128]|attributes|Map<String,ANY>|true|false
10:44:59.0 (29182841)|VARIABLE_ASSIGNMENT|[128]|attributes|{"s":1,"v":{"type":"BFFFollow__c","url":"/services/data/v37.0 (41 more) ..."}}|0x2e20f6a2
10:44:59.0 (29186861)|STATEMENT_EXECUTE|[129]
10:44:59.0 (29198158)|HEAP_ALLOCATE|[129]|Bytes:4
10:44:59.0 (29236414)|VARIABLE_SCOPE_BEGIN|[129]|objectName|String|false|false
10:44:59.0 (29247777)|VARIABLE_ASSIGNMENT|[129]|objectName|"BFFFollow__c"
10:44:59.0 (29256767)|HEAP_ALLOCATE|[130]|Bytes:4
10:44:59.0 (29327748)|HEAP_ALLOCATE|[130]|Bytes:44
10:44:59.0 (29347930)|HEAP_ALLOCATE|[130]|Bytes:12
10:44:59.0 (29371907)|HEAP_ALLOCATE|[130]|Bytes:5
10:44:59.0 (29386269)|VARIABLE_SCOPE_BEGIN|[130]|fieldName|String|false|false
10:44:59.0 (29398180)|VARIABLE_ASSIGNMENT|[130]|fieldName|"attributes"
10:44:59.0 (29401551)|STATEMENT_EXECUTE|[130]
10:44:59.0 (29402816)|STATEMENT_EXECUTE|[131]
10:44:59.0 (29451931)|VARIABLE_SCOPE_BEGIN|[131]|field|Object|false|false
10:44:59.0 (29485428)|VARIABLE_ASSIGNMENT|[131]|field|{"s":1,"v":{"type":"BFFFollow__c","url":"/services/data/v37.0 (41 more) ..."}}
10:44:59.0 (29516861)|STATEMENT_EXECUTE|[132]
10:44:59.0 (29546888)|HEAP_ALLOCATE|[130]|Bytes:5
10:44:59.0 (29567025)|VARIABLE_SCOPE_BEGIN|[130]|fieldName|String|false|false
10:44:59.0 (29584057)|VARIABLE_ASSIGNMENT|[130]|fieldName|"FollowedUsers__c"
10:44:59.0 (29588441)|STATEMENT_EXECUTE|[130]
10:44:59.0 (29591254)|STATEMENT_EXECUTE|[131]
10:44:59.0 (29627816)|VARIABLE_SCOPE_BEGIN|[131]|field|Object|false|false
10:44:59.0 (29644691)|VARIABLE_ASSIGNMENT|[131]|field|"[{\"id\":\"00550000005d (85 more) ..."
10:44:59.0 (29659024)|HEAP_ALLOCATE|[134]|Bytes:68
10:44:59.0 (29679576)|STATEMENT_EXECUTE|[136]
10:44:59.0 (29681463)|STATEMENT_EXECUTE|[137]
10:44:59.0 (29695495)|HEAP_ALLOCATE|[137]|Bytes:4
10:44:59.0 (29737560)|VARIABLE_SCOPE_BEGIN|[137]|fieldNames|Set<String>|true|false
10:44:59.0 (29763678)|VARIABLE_ASSIGNMENT|[137]|fieldNames|{"s":1,"v":[]}|0x7fe78925
10:44:59.0 (29801976)|STATEMENT_EXECUTE|[138]
10:44:59.0 (29812100)|STATEMENT_EXECUTE|[139]
10:44:59.0 (29847759)|HEAP_ALLOCATE|[EXTERNAL]|Bytes:4
10:44:59.0 (29856971)|STATEMENT_EXECUTE|[140]
10:44:59.0 (29910919)|HEAP_ALLOCATE|[EXTERNAL]|Bytes:-4
10:44:59.0 (29929032)|HEAP_ALLOCATE|[130]|Bytes:5
10:44:59.0 (29946379)|VARIABLE_SCOPE_BEGIN|[130]|fieldName|String|false|false
10:44:59.0 (29958681)|VARIABLE_ASSIGNMENT|[130]|fieldName|"Id"
10:44:59.0 (29962500)|STATEMENT_EXECUTE|[130]
10:44:59.0 (29963856)|STATEMENT_EXECUTE|[131]
10:44:59.0 (29989369)|VARIABLE_SCOPE_BEGIN|[131]|field|Object|false|false
10:44:59.0 (30001595)|VARIABLE_ASSIGNMENT|[131]|field|"a005000000ezW4dAAE"
10:44:59.0 (30021516)|STATEMENT_EXECUTE|[136]
10:44:59.0 (30023284)|STATEMENT_EXECUTE|[137]
10:44:59.0 (30034904)|HEAP_ALLOCATE|[137]|Bytes:4
10:44:59.0 (30049308)|VARIABLE_SCOPE_BEGIN|[137]|fieldNames|Set<String>|true|false
10:44:59.0 (30069595)|VARIABLE_ASSIGNMENT|[137]|fieldNames|{"s":1,"v":[]}|0x7c4f66ee
10:44:59.0 (30084153)|STATEMENT_EXECUTE|[138]
10:44:59.0 (30120823)|VARIABLE_ASSIGNMENT|[138]|fieldNames|{"s":1,"v":["FollowedUsers__c"]}|0x7fe78925
10:44:59.0 (30124876)|STATEMENT_EXECUTE|[139]
10:44:59.0 (30141984)|HEAP_ALLOCATE|[EXTERNAL]|Bytes:4
10:44:59.0 (30149297)|STATEMENT_EXECUTE|[140]
10:44:59.0 (30175389)|HEAP_ALLOCATE|[130]|Bytes:5
10:44:59.0 (30190484)|VARIABLE_ASSIGNMENT|[130]|fieldName|null
10:44:59.0 (30202771)|METHOD_EXIT|[117]|01p50000002CIEt|ETLC_SecuredDB.findFieldsRecursive(Map<String,Set<String>>, Map<String,ANY>)
10:44:59.0 (30213699)|HEAP_ALLOCATE|[116]|Bytes:5
10:44:59.0 (30231404)|VARIABLE_ASSIGNMENT|[116]|record|null
10:44:59.0 (30238217)|HEAP_ALLOCATE|[119]|Bytes:4
10:44:59.0 (30278180)|HEAP_ALLOCATE|[119]|Bytes:20
10:44:59.0 (30291316)|HEAP_ALLOCATE|[119]|Bytes:4
10:44:59.0 (30309430)|HEAP_ALLOCATE|[119]|Bytes:5
10:44:59.0 (30322168)|VARIABLE_SCOPE_BEGIN|[119]|objectName|String|false|false
10:44:59.0 (30333547)|VARIABLE_ASSIGNMENT|[119]|objectName|"BFFFollow__c"
10:44:59.0 (30336922)|STATEMENT_EXECUTE|[119]
10:44:59.0 (30338149)|STATEMENT_EXECUTE|[120]
10:44:59.0 (30348832)|HEAP_ALLOCATE|[120]|Bytes:2
10:44:59.0 (30407804)|HEAP_ALLOCATE|[120]|Bytes:22
10:44:59.0 (30421643)|HEAP_ALLOCATE|[120]|Bytes:36
10:44:59.0 (30439048)|USER_DEBUG|[120]|DEBUG|BFFFollow__c: {FollowedUsers__c, Id}
10:44:59.0 (30453151)|HEAP_ALLOCATE|[119]|Bytes:5
10:44:59.0 (30468248)|VARIABLE_ASSIGNMENT|[119]|objectName|null
10:44:59.0 (30472152)|STATEMENT_EXECUTE|[122]
10:44:59.0 (30489547)|METHOD_EXIT|[20]|01p50000002CIEt|ETLC_SecuredDB.findFields(List<SObject>)
10:44:59.0 (30508481)|METHOD_ENTRY|[20]|01p50000002CIEt|ETLC_SecuredDB.validate(ETLC_SecuredDB.Operation, Map<String,Set<String>>)
10:44:59.0 (30517110)|VARIABLE_SCOPE_BEGIN|[55]|op|ETLC_SecuredDB.Operation|true|false
10:44:59.0 (30539097)|VARIABLE_ASSIGNMENT|[55]|op|"Querying"|0x6929f1bf
10:44:59.0 (30544914)|VARIABLE_SCOPE_BEGIN|[55]|mapFieldNames|Map<String,Set<String>>|true|false
10:44:59.0 (30564992)|VARIABLE_ASSIGNMENT|[55]|mapFieldNames|{"s":1,"v":{"BFFFollow__c":{"s":2,"v":["FollowedUsers__c","Id"]}}}|0x54f370eb
10:44:59.0 (30576455)|HEAP_ALLOCATE|[56]|Bytes:5
10:44:59.0 (30582260)|STATEMENT_EXECUTE|[55]
10:44:59.0 (30584610)|STATEMENT_EXECUTE|[56]
10:44:59.0 (30602553)|VARIABLE_SCOPE_BEGIN|[56]|securityMessage|String|false|false
10:44:59.0 (30616954)|VARIABLE_ASSIGNMENT|[56]|securityMessage|null
10:44:59.0 (30620273)|STATEMENT_EXECUTE|[57]
10:44:59.0 (46855645)|HEAP_ALLOCATE|[57]|Bytes:1440
10:44:59.0 (46888632)|VARIABLE_SCOPE_BEGIN|[57]|mapObjects|Map<String,Schema.SObjectType>|true|false
10:44:59.0 (47152298)|VARIABLE_ASSIGNMENT|[57]|mapObjects|"{acceptedeventrelation=AcceptedEventRelation, account=Account, accountcontactrole=AccountContactRole, accountfeed=AccountFeed, accounthistory=AccountHistory, accountpartner=AccountPartner, accountshare=AccountShare, actionlinkgrouptemplate=ActionLinkGroupTemplate, actionlinktemplate=ActionLinkTemplate, activityhistory=ActivityHistory, ...}"|0x2ac4f31e
10:44:59.0 (47171053)|HEAP_ALLOCATE|[58]|Bytes:4
10:44:59.0 (47252686)|HEAP_ALLOCATE|[58]|Bytes:20
10:44:59.0 (47272730)|HEAP_ALLOCATE|[58]|Bytes:4
10:44:59.0 (47301687)|HEAP_ALLOCATE|[58]|Bytes:5
10:44:59.0 (47320725)|VARIABLE_SCOPE_BEGIN|[58]|sObjectName|String|false|false
10:44:59.0 (47335439)|VARIABLE_ASSIGNMENT|[58]|sObjectName|"BFFFollow__c"
10:44:59.0 (47341830)|STATEMENT_EXECUTE|[58]
10:44:59.0 (47344599)|STATEMENT_EXECUTE|[59]
10:44:59.0 (47366636)|HEAP_ALLOCATE|[59]|Bytes:9
10:44:59.0 (47372054)|HEAP_ALLOCATE|[59]|Bytes:7
10:44:59.0 (47437309)|HEAP_ALLOCATE|[59]|Bytes:8
10:44:59.0 (47449249)|HEAP_ALLOCATE|[59]|Bytes:1
10:44:59.0 (47462729)|HEAP_ALLOCATE|[59]|Bytes:37
10:44:59.0 (47476555)|VARIABLE_ASSIGNMENT|[59]|securityMessage|"CRUD on [BFFFollow__ (17 more) ..."
10:44:59.0 (47480316)|STATEMENT_EXECUTE|[60]
10:44:59.0 (47492312)|HEAP_ALLOCATE|[60]|Bytes:10
10:44:59.0 (47500880)|HEAP_ALLOCATE|[60]|Bytes:47
10:44:59.0 (47542224)|USER_DEBUG|[60]|DEBUG|Checking: CRUD on [BFFFollow__c] for [Querying]
10:44:59.0 (47551317)|STATEMENT_EXECUTE|[61]
10:44:59.0 (47805926)|HEAP_ALLOCATE|[61]|Bytes:4
10:44:59.0 (47845090)|VARIABLE_SCOPE_BEGIN|[61]|drSObj|Schema.DescribeSObjectResult|true|false
10:44:59.0 (47946571)|VARIABLE_ASSIGNMENT|[61]|drSObj|"common.api.soap.wsdl.DescribeSObjectResult@a54f9caa"|0x3a8844e5
10:44:59.0 (48103188)|STATEMENT_EXECUTE|[64]
10:44:59.0 (48131018)|STATEMENT_EXECUTE|[65]
10:44:59.0 (48197079)|STATEMENT_EXECUTE|[77]
10:44:59.0 (48199609)|STATEMENT_EXECUTE|[79]
10:44:59.0 (48492230)|HEAP_ALLOCATE|[79]|Bytes:56
10:44:59.0 (48509516)|VARIABLE_SCOPE_BEGIN|[79]|mapFields|Map<String,Schema.SObjectField>|true|false
10:44:59.0 (48685226)|VARIABLE_ASSIGNMENT|[79]|mapFields|"{createdbyid=CreatedById, createddate=CreatedDate, followedby__c=FollowedBy__c, followedusers__c=FollowedUsers__c, id=Id, isdeleted=IsDeleted, lastmodifiedbyid=LastModifiedById, lastmodifieddate=LastModifiedDate, lastreferenceddate=LastReferencedDate, lastvieweddate=LastViewedDate, ...}"|0x7bf413e1
10:44:59.0 (48696067)|HEAP_ALLOCATE|[80]|Bytes:4
10:44:59.0 (48749092)|HEAP_ALLOCATE|[80]|Bytes:8
10:44:59.0 (48769141)|HEAP_ALLOCATE|[80]|Bytes:5
10:44:59.0 (48782894)|VARIABLE_SCOPE_BEGIN|[80]|fieldName|String|false|false
10:44:59.0 (48795403)|VARIABLE_ASSIGNMENT|[80]|fieldName|"FollowedUsers__c"
10:44:59.0 (48799363)|STATEMENT_EXECUTE|[80]
10:44:59.0 (48800810)|STATEMENT_EXECUTE|[81]
10:44:59.0 (49670453)|HEAP_ALLOCATE|[81]|Bytes:8
10:44:59.0 (49705287)|VARIABLE_SCOPE_BEGIN|[81]|drField|Schema.DescribeFieldResult|true|false
10:44:59.0 (49784612)|VARIABLE_ASSIGNMENT|[81]|drField|"common.api.soap.wsdl.Field@b18a4084"|0x5f7b21f8
10:44:59.0 (49806496)|STATEMENT_EXECUTE|[82]
10:44:59.0 (49808468)|STATEMENT_EXECUTE|[83]
10:44:59.0 (49821503)|HEAP_ALLOCATE|[83]|Bytes:8
10:44:59.0 (49826026)|HEAP_ALLOCATE|[83]|Bytes:1
10:44:59.0 (49870194)|HEAP_ALLOCATE|[83]|Bytes:8
10:44:59.0 (49890172)|HEAP_ALLOCATE|[83]|Bytes:52
10:44:59.0 (49896641)|HEAP_ALLOCATE|[83]|Bytes:53
10:44:59.0 (49909737)|VARIABLE_ASSIGNMENT|[83]|securityMessage|"FLS on [BFFFollow__c (33 more) ..."
10:44:59.0 (49913411)|STATEMENT_EXECUTE|[84]
10:44:59.0 (49928186)|HEAP_ALLOCATE|[84]|Bytes:63
10:44:59.0 (49964766)|USER_DEBUG|[84]|DEBUG|Checking: FLS on [BFFFollow__c.FollowedUsers__c] for [Querying]
10:44:59.0 (50063765)|STATEMENT_EXECUTE|[87]
10:44:59.0 (50080660)|STATEMENT_EXECUTE|[88]
10:44:59.0 (50102386)|HEAP_ALLOCATE|[80]|Bytes:5
10:44:59.0 (50116362)|VARIABLE_SCOPE_BEGIN|[80]|fieldName|String|false|false
10:44:59.0 (50128112)|VARIABLE_ASSIGNMENT|[80]|fieldName|"Id"
10:44:59.0 (50131530)|STATEMENT_EXECUTE|[80]
10:44:59.0 (50132694)|STATEMENT_EXECUTE|[81]
10:44:59.0 (50276981)|HEAP_ALLOCATE|[81]|Bytes:8
10:44:59.0 (50289587)|VARIABLE_SCOPE_BEGIN|[81]|drField|Schema.DescribeFieldResult|true|false
10:44:59.0 (50361880)|VARIABLE_ASSIGNMENT|[81]|drField|"common.api.soap.wsdl.Field@de90a54c"|0x79c4863d
10:44:59.0 (50374699)|STATEMENT_EXECUTE|[99]
10:44:59.0 (50376313)|STATEMENT_EXECUTE|[100]
10:44:59.0 (50389517)|HEAP_ALLOCATE|[100]|Bytes:22
10:44:59.0 (50434288)|HEAP_ALLOCATE|[100]|Bytes:8
10:44:59.0 (50450375)|HEAP_ALLOCATE|[100]|Bytes:52
10:44:59.0 (50455136)|HEAP_ALLOCATE|[100]|Bytes:35
10:44:59.0 (50459228)|HEAP_ALLOCATE|[100]|Bytes:87
10:44:59.0 (50474940)|USER_DEBUG|[100]|DEBUG|Bypass Check: FLS on [BFFFollow__c.Id] for [Querying] since it's not isPermissionable()
10:44:59.0 (50490243)|HEAP_ALLOCATE|[80]|Bytes:5
10:44:59.0 (50506798)|VARIABLE_ASSIGNMENT|[80]|fieldName|null
10:44:59.0 (50517697)|HEAP_ALLOCATE|[58]|Bytes:5
10:44:59.0 (50528892)|VARIABLE_ASSIGNMENT|[58]|sObjectName|null
10:44:59.0 (50546691)|METHOD_EXIT|[20]|01p50000002CIEt|ETLC_SecuredDB.validate(ETLC_SecuredDB.Operation, Map<String,Set<String>>)
10:44:59.0 (50551163)|STATEMENT_EXECUTE|[21]
10:44:59.0 (50569692)|METHOD_EXIT|[28]|01p50000002CIEt|ETLC_SecuredDB.query(String)
10:44:59.0 (50575998)|VARIABLE_SCOPE_BEGIN|[28]|dbRecords|List<SObject>|true|false
10:44:59.0 (50613368)|VARIABLE_ASSIGNMENT|[28]|dbRecords|{"s":1,"v":[{"s":2,"v":{"FollowedUsers__c":"[{\"id\":\"00550000005d (85 more) ...","Id":"a005000000ezW4dAAE"}}]}|0x1921b90c
10:44:59.0 (50624183)|STATEMENT_EXECUTE|[29]
10:44:59.0 (50625659)|STATEMENT_EXECUTE|[29]
10:44:59.0 (50707314)|USER_DEBUG|[29]|DEBUG|(BFFFollow__c:{FollowedUsers__c=[{"id":"00550000005d7KnAAI","name":"Test User"},{"id":"00550000005cg71AAA","name":"Jaswinder Rattanpal"}], Id=a005000000ezW4dAAE})
10:44:59.0 (50781502)|STATEMENT_EXECUTE|[30]
10:44:59.0 (50787073)|STATEMENT_EXECUTE|[31]
10:44:59.0 (50788116)|STATEMENT_EXECUTE|[32]
10:44:59.0 (50800408)|HEAP_ALLOCATE|[32]|Bytes:18
10:44:59.0 (50812092)|HEAP_ALLOCATE|[32]|Bytes:12
10:44:59.0 (50817455)|HEAP_ALLOCATE|[32]|Bytes:16
10:44:59.0 (50888649)|HEAP_ALLOCATE|[32]|Bytes:105
10:44:59.0 (50909981)|HEAP_ALLOCATE|[32]|Bytes:105
10:44:59.0 (50919393)|HEAP_ALLOCATE|[32]|Bytes:123
10:44:59.0 (50935239)|USER_DEBUG|[32]|DEBUG|FollowedUsers__c::[{"id":"00550000005d7KnAAI","name":"Test User"},{"id":"00550000005cg71AAA","name":"Jaswinder Rattanpal"}]
10:44:59.0 (50947437)|STATEMENT_EXECUTE|[34]
10:44:59.0 (50964337)|HEAP_ALLOCATE|[34]|Bytes:12
10:44:59.0 (51020436)|HEAP_ALLOCATE|[34]|Bytes:105
10:44:59.0 (51041481)|METHOD_EXIT|[10]|01p50000002D8iw|BFFFollow_Controller.fetchFollowedUsers(Id)
10:44:59.0 (51123355)|VARIABLE_ASSIGNMENT|[EXTERNAL]|this|{"debug":true,"input":"{\"mode\":\"fetchFollow (9 more) ...","operation":"BFFFollow_Controller"}|0x83aad89
10:44:59.0 (51138090)|VARIABLE_ASSIGNMENT|[EXTERNAL]|value|"[{\"id\":\"00550000005d (85 more) ..."
10:44:59.0 (51155654)|VARIABLE_ASSIGNMENT|[12]|this.output|"[{\"id\":\"00550000005d (85 more) ..."|0x83aad89
10:44:59.0 (51163891)|STATEMENT_EXECUTE|[11]
10:44:59.0 (51234963)|VARIABLE_ASSIGNMENT|[EXTERNAL]|this|{"debug":true,"input":"{\"mode\":\"fetchFollow (9 more) ...","operation":"BFFFollow_Controller","output":"[{\"id\":\"00550000005d (85 more) ..."}|0x83aad89
10:44:59.0 (51299385)|VARIABLE_ASSIGNMENT|[EXTERNAL]|this|{"debug":true,"input":"{\"mode\":\"fetchFollow (9 more) ...","operation":"BFFFollow_Controller","output":"[{\"id\":\"00550000005d (85 more) ..."}|0x83aad89
10:44:59.0 (51311971)|VARIABLE_ASSIGNMENT|[EXTERNAL]|value|true
10:44:59.0 (51318173)|HEAP_ALLOCATE|[15]|Bytes:5
10:44:59.0 (51328871)|VARIABLE_ASSIGNMENT|[15]|this.outputFlag|true|0x83aad89
10:44:59.0 (51340221)|STATEMENT_EXECUTE|[19]
10:44:59.0 (51342215)|STATEMENT_EXECUTE|[19]
10:44:59.0 (51354191)|HEAP_ALLOCATE|[19]|Bytes:11
10:44:59.0 (51415723)|HEAP_ALLOCATE|[19]|Bytes:278
10:44:59.0 (51431604)|HEAP_ALLOCATE|[19]|Bytes:289
10:44:59.0 (51446929)|USER_DEBUG|[19]|DEBUG|data AFTER:ETLC_ApexBridge_Data:[debug=true, input={"mode":"fetchFollowedUsers"}, isSuccess=null, messages=null, operation=BFFFollow_Controller, output=[{"id":"00550000005d7KnAAI","name":"Test User"},{"id":"00550000005cg71AAA","name":"Jaswinder Rattanpal"}], outputFlag=true, records=null]
10:44:59.0 (51463149)|METHOD_EXIT|[9]|01p50000002D8iw|BFFFollow_Controller.process(ETLC_ApexBridge_Data)
10:44:59.0 (51467436)|STATEMENT_EXECUTE|[24]
10:44:59.0 (51491161)|METHOD_ENTRY|[24]|01p50000002CIEo|ETLC_ApexBridge_Data.toJSON()
10:44:59.0 (51514203)|VARIABLE_SCOPE_BEGIN|[57]|this|ETLC_ApexBridge_Data|true|false
10:44:59.0 (51548119)|VARIABLE_ASSIGNMENT|[57]|this|{"debug":true,"input":"{\"mode\":\"fetchFollow (9 more) ...","operation":"BFFFollow_Controller","output":"[{\"id\":\"00550000005d (85 more) ...","outputFlag":true}|0x83aad89
10:44:59.0 (51554900)|STATEMENT_EXECUTE|[57]
10:44:59.0 (51556314)|STATEMENT_EXECUTE|[58]
10:44:59.0 (51574903)|METHOD_ENTRY|[58]||System.JSON.serialize(Object)
10:44:59.0 (51683240)|STATEMENT_EXECUTE|[22]
10:44:59.0 (51688299)|STATEMENT_EXECUTE|[23]
10:44:59.0 (51701742)|HEAP_ALLOCATE|[23]|Bytes:5
10:44:59.0 (51715757)|VARIABLE_ASSIGNMENT|[23]|this.isSuccess|true|0x83aad89
10:44:59.0 (51718532)|STATEMENT_EXECUTE|[24]
10:44:59.0 (51779658)|STATEMENT_EXECUTE|[31]
10:44:59.0 (51784575)|STATEMENT_EXECUTE|[32]
10:44:59.0 (51796856)|HEAP_ALLOCATE|[32]|Bytes:4
10:44:59.0 (51862926)|VARIABLE_ASSIGNMENT|[32]|this.messages|{"s":1,"v":{}}|0x83aad89
10:44:59.0 (51867461)|STATEMENT_EXECUTE|[33]
10:44:59.0 (52258740)|METHOD_EXIT|[58]||System.JSON.serialize(Object)
10:44:59.0 (52270668)|METHOD_EXIT|[24]|01p50000002CIEo|ETLC_ApexBridge_Data.toJSON()
10:44:59.0 (52284701)|SYSTEM_MODE_EXIT|false
10:44:59.52 (52333053)|CUMULATIVE_LIMIT_USAGE
10:44:59.52 (52333053)|LIMIT_USAGE_FOR_NS|(default)|
  Number of SOQL queries: 1 out of 100
  Number of query rows: 1 out of 50000
  Number of SOSL queries: 0 out of 20
  Number of DML statements: 0 out of 150
  Number of DML rows: 0 out of 10000
  Maximum CPU time: 0 out of 10000
  Maximum heap size: 0 out of 6000000
  Number of callouts: 0 out of 100
  Number of Email Invocations: 0 out of 10
  Number of future calls: 0 out of 50
  Number of queueable jobs added to the queue: 0 out of 50
  Number of Mobile Apex push calls: 0 out of 10

10:44:59.52 (52333053)|CUMULATIVE_LIMIT_USAGE_END

10:44:59.0 (52398607)|CODE_UNIT_FINISHED|ETLC_ApexBridge_Controller.execute
