37.0 APEX_CODE,FINEST;APEX_PROFILING,INFO;CALLOUT,INFO;DB,INFO;SYSTEM,DEBUG;VALIDATION,INFO;VISUALFORCE,INFO;WORKFLOW,INFO
00:06:18.1 (1201659)|USER_INFO|[EXTERNAL]|00550000005cg71|bfffollow@jr.te|Eastern Standard Time|GMT-04:00
00:06:18.1 (1286130)|EXECUTION_STARTED
00:06:18.1 (1302290)|CODE_UNIT_STARTED|[EXTERNAL]|aura
00:06:18.1 (1913062)|HEAP_ALLOCATE|[72]|Bytes:3
00:06:18.1 (1998204)|HEAP_ALLOCATE|[77]|Bytes:152
00:06:18.1 (2039418)|HEAP_ALLOCATE|[342]|Bytes:408
00:06:18.1 (2074957)|HEAP_ALLOCATE|[355]|Bytes:408
00:06:18.1 (2106483)|HEAP_ALLOCATE|[467]|Bytes:48
00:06:18.1 (2162014)|HEAP_ALLOCATE|[139]|Bytes:6
00:06:18.1 (2248329)|HEAP_ALLOCATE|[EXTERNAL]|Bytes:93
00:06:18.1 (3303959)|HEAP_ALLOCATE|[EXTERNAL]|Bytes:93
00:06:18.1 (4505840)|CODE_UNIT_STARTED|[EXTERNAL]|01p50000002CIEm|ETLC_ApexBridge_Controller.execute
00:06:18.1 (4725857)|HEAP_ALLOCATE|[EXTERNAL]|Bytes:1
00:06:18.1 (4746316)|HEAP_ALLOCATE|[EXTERNAL]|Bytes:10
00:06:18.1 (4775116)|METHOD_ENTRY|[1]|01p50000002CIEm|ETLC_ApexBridge_Controller.ETLC_ApexBridge_Controller()
00:06:18.1 (4789392)|STATEMENT_EXECUTE|[1]
00:06:18.1 (4805102)|STATEMENT_EXECUTE|[1]
00:06:18.1 (4841809)|METHOD_EXIT|[1]|ETLC_ApexBridge_Controller
00:06:18.1 (4857834)|HEAP_ALLOCATE|[EXTERNAL]|Bytes:93
00:06:18.1 (4901204)|SYSTEM_MODE_ENTER|false
00:06:18.1 (4933974)|VARIABLE_SCOPE_BEGIN|[3]|dataJson|String|false|false
00:06:18.1 (4998329)|VARIABLE_ASSIGNMENT|[3]|dataJson|"{\"operation\":\"BFFFol (73 more) ..."
00:06:18.1 (5024507)|STATEMENT_EXECUTE|[3]
00:06:18.1 (5035973)|STATEMENT_EXECUTE|[4]
00:06:18.1 (6809693)|VARIABLE_SCOPE_BEGIN|[4]|data|ETLC_ApexBridge_Data|true|false
00:06:18.1 (6851693)|VARIABLE_ASSIGNMENT|[4]|data|null|
00:06:18.1 (6870590)|STATEMENT_EXECUTE|[5]
00:06:18.1 (6881090)|STATEMENT_EXECUTE|[5]
00:06:18.1 (6890524)|STATEMENT_EXECUTE|[6]
00:06:18.1 (6920565)|HEAP_ALLOCATE|[6]|Bytes:11
00:06:18.1 (6995235)|HEAP_ALLOCATE|[6]|Bytes:248
00:06:18.1 (7022920)|HEAP_ALLOCATE|[6]|Bytes:39
00:06:18.1 (7083717)|METHOD_ENTRY|[2]|01p50000002CIEo|ETLC_ApexBridge_Data.ETLC_ApexBridge_Data()
00:06:18.1 (7098429)|STATEMENT_EXECUTE|[2]
00:06:18.1 (7114387)|STATEMENT_EXECUTE|[2]
00:06:18.1 (7131990)|METHOD_EXIT|[2]|ETLC_ApexBridge_Data
00:06:18.1 (7192948)|METHOD_ENTRY|[6]|01p50000002CIEo|ETLC_ApexBridge_Data.fromJSON(String)
00:06:18.1 (7257255)|VARIABLE_SCOPE_BEGIN|[60]|strJson|String|false|false
00:06:18.1 (7290226)|VARIABLE_ASSIGNMENT|[60]|strJson|"{\"operation\":\"BFFFol (73 more) ..."
00:06:18.1 (7305929)|STATEMENT_EXECUTE|[60]
00:06:18.1 (7316049)|STATEMENT_EXECUTE|[61]
00:06:18.1 (7337448)|HEAP_ALLOCATE|[61]|Bytes:20
00:06:18.1 (7382020)|HEAP_ALLOCATE|[50]|Bytes:5
00:06:18.1 (7430416)|HEAP_ALLOCATE|[56]|Bytes:5
00:06:18.1 (7460257)|HEAP_ALLOCATE|[64]|Bytes:7
00:06:18.1 (7688512)|HEAP_ALLOCATE|[61]|Bytes:24
00:06:18.1 (7720113)|SYSTEM_METHOD_ENTRY|[1]|Type.Type()
00:06:18.1 (7733316)|STATEMENT_EXECUTE|[1]
00:06:18.1 (7755306)|SYSTEM_METHOD_EXIT|[1]|Type
00:06:18.1 (7771467)|HEAP_ALLOCATE|[61]|Bytes:8
00:06:18.1 (7803679)|HEAP_ALLOCATE|[61]|Bytes:8
00:06:18.1 (7828344)|VARIABLE_SCOPE_BEGIN|[4]|this|System.Type|true|false
00:06:18.1 (7955310)|VARIABLE_ASSIGNMENT|[4]|this|{}|0x7f30f5d9
00:06:18.1 (7984597)|VARIABLE_SCOPE_BEGIN|[4]|apextype|java:common.apex.runtime.ApexObjectType|true|false
00:06:18.1 (8694421)|VARIABLE_ASSIGNMENT|[4]|apextype|"ETLC_ApexBridge_Data"|0x1240c14b
00:06:18.1 (8825851)|HEAP_ALLOCATE|[61]|Bytes:8
00:06:18.1 (8961159)|HEAP_ALLOCATE|[61]|Bytes:24
00:06:18.1 (9035069)|SYSTEM_METHOD_ENTRY|[1]|JSON.JSON()
00:06:18.1 (9053495)|STATEMENT_EXECUTE|[1]
00:06:18.1 (9083674)|SYSTEM_METHOD_EXIT|[1]|JSON
00:06:18.1 (9174002)|METHOD_ENTRY|[61]||System.JSON.deserializeStrict(String, System.Type)
00:06:18.1 (10319172)|METHOD_EXIT|[61]||System.JSON.deserializeStrict(String, System.Type)
00:06:18.1 (10358163)|METHOD_EXIT|[6]|01p50000002CIEo|ETLC_ApexBridge_Data.fromJSON(String)
00:06:18.1 (10538726)|VARIABLE_ASSIGNMENT|[6]|data|{"debug":true,"input":"{\"mode\":\"fetchFollow (9 more) ...","operation":"BFFFollow_Controller"}|0x28a4ec3e
00:06:18.1 (10558851)|STATEMENT_EXECUTE|[7]
00:06:18.1 (10588745)|HEAP_ALLOCATE|[7]|Bytes:6
00:06:18.1 (10720676)|HEAP_ALLOCATE|[7]|Bytes:177
00:06:18.1 (10773874)|HEAP_ALLOCATE|[7]|Bytes:183
00:06:18.1 (10833718)|USER_DEBUG|[7]|DEBUG|data::ETLC_ApexBridge_Data:[debug=true, input={"mode":"fetchFollowedUsers"}, isSuccess=null, messages=null, operation=BFFFollow_Controller, output=null, outputFlag=null, records=null]
00:06:18.1 (10864149)|STATEMENT_EXECUTE|[8]
00:06:18.1 (11008448)|VARIABLE_ASSIGNMENT|[EXTERNAL]|this|{"debug":true,"input":"{\"mode\":\"fetchFollow (9 more) ...","operation":"BFFFollow_Controller"}|0x28a4ec3e
00:06:18.1 (11076087)|METHOD_ENTRY|[8]||System.Type.forName(String)
00:06:18.1 (13474149)|METHOD_EXIT|[8]||System.Type.forName(String)
00:06:18.1 (13515987)|METHOD_ENTRY|[8]||System.Type.newInstance()
00:06:18.1 (14821074)|STATEMENT_EXECUTE|[1]
00:06:18.1 (14844968)|HEAP_ALLOCATE|[33]|Bytes:5
00:06:18.1 (14875989)|METHOD_EXIT|[1]|BFFFollow_Controller
00:06:18.1 (14908039)|HEAP_ALLOCATE|[33]|Bytes:4
00:06:18.1 (14937139)|VARIABLE_SCOPE_BEGIN|[1]|this|BFFFollow_Controller|true|false
00:06:18.1 (14991221)|VARIABLE_ASSIGNMENT|[1]|this|{}|0x3e6427fa
00:06:18.1 (15015049)|HEAP_ALLOCATE|[33]|Bytes:5
00:06:18.1 (15038706)|HEAP_ALLOCATE|[33]|Bytes:11
00:06:18.1 (15072928)|METHOD_ENTRY|[1]|01p50000002CIEj|ETLC_ApexBridge_Abstract.ETLC_ApexBridge_Abstract()
00:06:18.1 (15086638)|STATEMENT_EXECUTE|[1]
00:06:18.1 (15101470)|STATEMENT_EXECUTE|[1]
00:06:18.1 (15118481)|METHOD_EXIT|[1]|ETLC_ApexBridge_Abstract
00:06:18.1 (15147159)|CONSTRUCTOR_ENTRY|[EXTERNAL]|01p50000002CIEj|<init>()
00:06:18.1 (15184858)|VARIABLE_SCOPE_BEGIN|[1]|this|ETLC_ApexBridge_Abstract|true|false
00:06:18.1 (15232722)|VARIABLE_ASSIGNMENT|[1]|this|{}|0x3e6427fa
00:06:18.1 (15286217)|STATEMENT_EXECUTE|[1]
00:06:18.1 (15311737)|CONSTRUCTOR_EXIT|[EXTERNAL]|01p50000002CIEj|<init>()
00:06:18.1 (15328689)|STATEMENT_EXECUTE|[1]
00:06:18.1 (15342670)|HEAP_ALLOCATE|[33]|Bytes:5
00:06:18.1 (15393543)|METHOD_EXIT|[8]||System.Type.newInstance()
00:06:18.1 (15420566)|VARIABLE_SCOPE_BEGIN|[8]|executor|ETLC_ApexBridge_Abstract|true|false
00:06:18.1 (15467841)|VARIABLE_ASSIGNMENT|[8]|executor|{}|0x3e6427fa
00:06:18.1 (15483740)|STATEMENT_EXECUTE|[9]
00:06:18.1 (15552345)|METHOD_ENTRY|[9]|01p50000002D8iw|BFFFollow_Controller.process(ETLC_ApexBridge_Data)
00:06:18.1 (15612268)|VARIABLE_SCOPE_BEGIN|[3]|this|BFFFollow_Controller|true|false
00:06:18.1 (15659113)|VARIABLE_ASSIGNMENT|[3]|this|{}|0x3e6427fa
00:06:18.1 (15683143)|VARIABLE_SCOPE_BEGIN|[3]|data|ETLC_ApexBridge_Data|true|false
00:06:18.1 (15749913)|VARIABLE_ASSIGNMENT|[3]|data|{"debug":true,"input":"{\"mode\":\"fetchFollow (9 more) ...","operation":"BFFFollow_Controller"}|0x28a4ec3e
00:06:18.1 (15772141)|HEAP_ALLOCATE|[4]|Bytes:5
00:06:18.1 (15789606)|STATEMENT_EXECUTE|[3]
00:06:18.1 (15799703)|STATEMENT_EXECUTE|[4]
00:06:18.1 (15960784)|VARIABLE_ASSIGNMENT|[EXTERNAL]|this|{"debug":true,"input":"{\"mode\":\"fetchFollow (9 more) ...","operation":"BFFFollow_Controller"}|0x28a4ec3e
00:06:18.1 (16133913)|VARIABLE_ASSIGNMENT|[4]|BFFFollow_Controller.debugFlag|true
00:06:18.1 (16252506)|VARIABLE_ASSIGNMENT|[EXTERNAL]|this|{"debug":true,"input":"{\"mode\":\"fetchFollow (9 more) ...","operation":"BFFFollow_Controller"}|0x28a4ec3e
00:06:18.1 (16293064)|STATEMENT_EXECUTE|[5]
00:06:18.1 (16365507)|USER_DEBUG|[5]|DEBUG|ETLC_ApexBridge_Data:[debug=true, input={"mode":"fetchFollowedUsers"}, isSuccess=null, messages=null, operation=BFFFollow_Controller, output=null, outputFlag=null, records=null]
00:06:18.1 (16397917)|STATEMENT_EXECUTE|[7]
00:06:18.1 (16418748)|HEAP_ALLOCATE|[7]|Bytes:4
00:06:18.1 (16470959)|METHOD_ENTRY|[7]|01p50000002CIEo|ETLC_ApexBridge_Data.getInputValue(String)
00:06:18.1 (16528688)|VARIABLE_SCOPE_BEGIN|[52]|this|ETLC_ApexBridge_Data|true|false
00:06:18.1 (16598283)|VARIABLE_ASSIGNMENT|[52]|this|{"debug":true,"input":"{\"mode\":\"fetchFollow (9 more) ...","operation":"BFFFollow_Controller"}|0x28a4ec3e
00:06:18.1 (16624247)|VARIABLE_SCOPE_BEGIN|[52]|key|String|false|false
00:06:18.1 (16650181)|VARIABLE_ASSIGNMENT|[52]|key|"mode"
00:06:18.1 (16665912)|STATEMENT_EXECUTE|[52]
00:06:18.1 (16675820)|STATEMENT_EXECUTE|[53]
00:06:18.1 (16805677)|VARIABLE_ASSIGNMENT|[EXTERNAL]|this|{"debug":true,"input":"{\"mode\":\"fetchFollow (9 more) ...","operation":"BFFFollow_Controller"}|0x28a4ec3e
00:06:18.1 (16877168)|METHOD_ENTRY|[53]||System.JSON.deserializeUntyped(String)
00:06:18.1 (17309331)|METHOD_EXIT|[53]||System.JSON.deserializeUntyped(String)
00:06:18.1 (17339645)|VARIABLE_SCOPE_BEGIN|[53]|inputMap|Map<String,ANY>|true|false
00:06:18.1 (17412236)|VARIABLE_ASSIGNMENT|[53]|inputMap|{"s":1,"v":{"mode":"fetchFollowedUsers"}}|0x52077011
00:06:18.1 (17429740)|STATEMENT_EXECUTE|[54]
00:06:18.1 (17543824)|METHOD_EXIT|[7]|01p50000002CIEo|ETLC_ApexBridge_Data.getInputValue(String)
00:06:18.1 (17569575)|VARIABLE_SCOPE_BEGIN|[7]|mode|String|false|false
00:06:18.1 (17600628)|VARIABLE_ASSIGNMENT|[7]|mode|"fetchFollowedUsers"
00:06:18.1 (17616401)|HEAP_ALLOCATE|[9]|Bytes:18
00:06:18.1 (17663599)|STATEMENT_EXECUTE|[9]
00:06:18.1 (17675876)|STATEMENT_EXECUTE|[10]
00:06:18.1 (17752810)|HEAP_ALLOCATE|[10]|Bytes:85
00:06:18.1 (17785022)|SYSTEM_METHOD_ENTRY|[1]|UserInfo.UserInfo()
00:06:18.1 (17798048)|STATEMENT_EXECUTE|[1]
00:06:18.1 (17818424)|SYSTEM_METHOD_EXIT|[1]|UserInfo
00:06:18.1 (17864555)|METHOD_ENTRY|[10]||System.UserInfo.getUserId()
00:06:18.1 (17955632)|METHOD_EXIT|[10]||System.UserInfo.getUserId()
00:06:18.1 (17988187)|HEAP_ALLOCATE|[10]|Bytes:4
00:06:18.1 (18032118)|METHOD_ENTRY|[10]|01p50000002D8iw|BFFFollow_Controller.fetchFollowedUsers(Id)
00:06:18.1 (18061954)|VARIABLE_SCOPE_BEGIN|[20]|this|BFFFollow_Controller|true|false
00:06:18.1 (18108422)|VARIABLE_ASSIGNMENT|[20]|this|{}|0x3e6427fa
00:06:18.1 (18133252)|VARIABLE_SCOPE_BEGIN|[20]|followedById|Id|false|false
00:06:18.1 (18274590)|VARIABLE_ASSIGNMENT|[20]|followedById|"00550000005cg71AAA"
00:06:18.1 (18298007)|HEAP_ALLOCATE|[21]|Bytes:5
00:06:18.1 (18315430)|STATEMENT_EXECUTE|[20]
00:06:18.1 (18325783)|STATEMENT_EXECUTE|[21]
00:06:18.1 (18345884)|HEAP_ALLOCATE|[21]|Bytes:63
00:06:18.1 (18422913)|HEAP_ALLOCATE|[21]|Bytes:18
00:06:18.1 (18462518)|HEAP_ALLOCATE|[21]|Bytes:9
00:06:18.1 (18487860)|HEAP_ALLOCATE|[21]|Bytes:90
00:06:18.1 (18513289)|VARIABLE_SCOPE_BEGIN|[21]|soql|String|false|false
00:06:18.1 (18546183)|VARIABLE_ASSIGNMENT|[21]|soql|"SELECT FollowedUsers (70 more) ..."
00:06:18.1 (18559982)|STATEMENT_EXECUTE|[22]
00:06:18.1 (18569646)|STATEMENT_EXECUTE|[22]
00:06:18.1 (18584740)|STATEMENT_EXECUTE|[23]
00:06:18.1 (18594594)|STATEMENT_EXECUTE|[23]
00:06:18.1 (18614287)|HEAP_ALLOCATE|[23]|Bytes:24
00:06:18.1 (18635825)|HEAP_ALLOCATE|[23]|Bytes:114
00:06:18.1 (18703726)|USER_DEBUG|[23]|DEBUG|fetchFollowedUsers:soql:SELECT FollowedUsers__c FROM BFFFollow__c WHERE FollowedBy__c='00550000005cg71AAA' limit 1
00:06:18.1 (18734216)|STATEMENT_EXECUTE|[24]
00:06:18.1 (21077426)|HEAP_ALLOCATE|[24]|Bytes:9
00:06:18.1 (21101472)|HEAP_ALLOCATE|[24]|Bytes:29
00:06:18.1 (21117224)|HEAP_ALLOCATE|[24]|Bytes:21
00:06:18.1 (21149934)|METHOD_ENTRY|[7]|01p50000002CIEt|ETLC_SecuredDB.ETLC_SecuredDB()
00:06:18.1 (21163773)|STATEMENT_EXECUTE|[7]
00:06:18.1 (21178485)|STATEMENT_EXECUTE|[7]
00:06:18.1 (21193344)|HEAP_ALLOCATE|[24]|Bytes:5
00:06:18.1 (21220199)|METHOD_EXIT|[7]|ETLC_SecuredDB
00:06:18.1 (21274103)|METHOD_ENTRY|[24]|01p50000002CIEt|ETLC_SecuredDB.query(String)
00:06:18.1 (21340702)|VARIABLE_SCOPE_BEGIN|[10]|SOQL|String|false|false
00:06:18.1 (21374397)|VARIABLE_ASSIGNMENT|[10]|SOQL|"SELECT FollowedUsers (70 more) ..."
00:06:18.1 (21394370)|HEAP_ALLOCATE|[12]|Bytes:5
00:06:18.1 (21412333)|STATEMENT_EXECUTE|[10]
00:06:18.1 (21422599)|STATEMENT_EXECUTE|[12]
00:06:18.1 (22850818)|SOQL_EXECUTE_BEGIN|[12]|Aggregations:0|SELECT FollowedUsers__c FROM BFFFollow__c WHERE FollowedBy__c='00550000005cg71AAA' limit 1
00:06:18.1 (27704014)|SOQL_EXECUTE_END|[12]|Rows:1
00:06:18.1 (27770001)|HEAP_ALLOCATE|[12]|Bytes:8
00:06:18.1 (27800265)|HEAP_ALLOCATE|[12]|Bytes:158
00:06:18.1 (27933027)|HEAP_ALLOCATE|[12]|Bytes:8
00:06:18.1 (28000112)|VARIABLE_SCOPE_BEGIN|[12]|dbRecords|List<SObject>|true|false
00:06:18.1 (28124158)|VARIABLE_ASSIGNMENT|[12]|dbRecords|{"s":1,"v":[{"s":2,"v":{"FollowedUsers__c":"[{\"id\":\"00550000005c (85 more) ...","Id":"a005000000ezW4dAAE"}}]}|0x2a038491
00:06:18.1 (28144956)|STATEMENT_EXECUTE|[20]
00:06:18.1 (28503702)|HEAP_ALLOCATE|[20]|Bytes:12
00:06:18.1 (28527243)|HEAP_ALLOCATE|[20]|Bytes:8
00:06:18.1 (28639562)|HEAP_ALLOCATE|[20]|Bytes:12
00:06:18.1 (28659141)|HEAP_ALLOCATE|[20]|Bytes:9
00:06:18.1 (28706729)|HEAP_ALLOCATE|[20]|Bytes:12
00:06:18.1 (28724301)|HEAP_ALLOCATE|[20]|Bytes:8
00:06:18.1 (28769430)|HEAP_ALLOCATE|[20]|Bytes:12
00:06:18.1 (28786718)|HEAP_ALLOCATE|[20]|Bytes:8
00:06:18.1 (28831143)|HEAP_ALLOCATE|[20]|Bytes:12
00:06:18.1 (28848069)|HEAP_ALLOCATE|[20]|Bytes:9
00:06:18.1 (28941418)|METHOD_ENTRY|[20]|01p50000002CIEt|ETLC_SecuredDB.findFields(List<SObject>)
00:06:18.1 (29053490)|VARIABLE_SCOPE_BEGIN|[108]|dbRecords|List<SObject>|true|false
00:06:18.1 (29144351)|VARIABLE_ASSIGNMENT|[108]|dbRecords|{"s":1,"v":[{"s":2,"v":{"FollowedUsers__c":"[{\"id\":\"00550000005c (85 more) ...","Id":"a005000000ezW4dAAE"}}]}|0x2a038491
00:06:18.1 (29175976)|HEAP_ALLOCATE|[109]|Bytes:5
00:06:18.1 (29194394)|STATEMENT_EXECUTE|[108]
00:06:18.1 (29204777)|STATEMENT_EXECUTE|[109]
00:06:18.1 (29251488)|VARIABLE_SCOPE_BEGIN|[109]|strJSON|String|false|false
00:06:18.1 (29304615)|VARIABLE_ASSIGNMENT|[109]|strJSON|null
00:06:18.1 (29327388)|STATEMENT_EXECUTE|[110]
00:06:18.1 (29370228)|VARIABLE_SCOPE_BEGIN|[110]|mapFields|Map<String,Set<String>>|true|false
00:06:18.1 (29424931)|VARIABLE_ASSIGNMENT|[110]|mapFields|null|
00:06:18.1 (29449467)|STATEMENT_EXECUTE|[112]
00:06:18.1 (29562276)|METHOD_ENTRY|[112]||System.JSON.serialize(Object)
00:06:18.1 (30574725)|METHOD_EXIT|[112]||System.JSON.serialize(Object)
00:06:18.1 (30619658)|VARIABLE_ASSIGNMENT|[112]|strJSON|"[{\"attributes\":{\"typ (259 more) ..."
00:06:18.1 (30634813)|STATEMENT_EXECUTE|[113]
00:06:18.1 (30655856)|HEAP_ALLOCATE|[113]|Bytes:5
00:06:18.1 (30685783)|HEAP_ALLOCATE|[113]|Bytes:284
00:06:18.1 (30767219)|USER_DEBUG|[113]|DEBUG|JSON:[{"attributes":{"type":"BFFFollow__c","url":"/services/data/v37.0/sobjects/BFFFollow__c/a005000000ezW4dAAE"},"FollowedUsers__c":"[{\"id\":\"00550000005cg71AAA\",\"name\":\"Jaswinder Rattanpal\"},{\"id\":\"00550000005d7KnAAI\",\"name\":\"Test User\"}]","Id":"a005000000ezW4dAAE"}]
00:06:18.1 (30800876)|STATEMENT_EXECUTE|[114]
00:06:18.1 (30826314)|HEAP_ALLOCATE|[114]|Bytes:4
00:06:18.1 (30909743)|VARIABLE_ASSIGNMENT|[114]|mapFields|{"s":1,"v":{}}|0x46ffca78
00:06:18.1 (30927729)|STATEMENT_EXECUTE|[115]
00:06:18.1 (30967622)|METHOD_ENTRY|[115]||System.JSON.deserializeUntyped(String)
00:06:18.1 (31620570)|METHOD_EXIT|[115]||System.JSON.deserializeUntyped(String)
00:06:18.1 (31652630)|VARIABLE_SCOPE_BEGIN|[115]|records|List<ANY>|true|false
00:06:18.1 (31699757)|HEAP_ALLOCATE|[EXTERNAL]|Bytes:8
00:06:18.1 (31758469)|VARIABLE_ASSIGNMENT|[115]|records|{"s":1,"v":[{"s":2,"v":{"attributes":{"s":3,"v":{"type":"BFFFollow__c","url":"/services/data/v37.0 (41 more) ..."}},"FollowedUsers__c":"[{\"id\":\"00550000005c (85 more) ...","Id":"a005000000ezW4dAAE"}}]}|0x2da089bf
00:06:18.1 (31904488)|HEAP_ALLOCATE|[116]|Bytes:5
00:06:18.1 (31956336)|HEAP_ALLOCATE|[116]|Bytes:16
00:06:18.1 (32019104)|VARIABLE_SCOPE_BEGIN|[116]|record|Object|false|false
00:06:18.1 (32115977)|VARIABLE_ASSIGNMENT|[116]|record|{"s":1,"v":{"attributes":{"s":2,"v":{"type":"BFFFollow__c","url":"/services/data/v37.0 (41 more) ..."}},"FollowedUsers__c":"[{\"id\":\"00550000005c (85 more) ...","Id":"a005000000ezW4dAAE"}}
00:06:18.1 (32143888)|STATEMENT_EXECUTE|[116]
00:06:18.1 (32156183)|STATEMENT_EXECUTE|[117]
00:06:18.1 (32211770)|METHOD_ENTRY|[117]|01p50000002CIEt|ETLC_SecuredDB.findFieldsRecursive(Map<String,Set<String>>, Map<String,ANY>)
00:06:18.1 (32276236)|VARIABLE_SCOPE_BEGIN|[124]|mapFields|Map<String,Set<String>>|true|false
00:06:18.1 (32318889)|VARIABLE_ASSIGNMENT|[124]|mapFields|{"s":1,"v":{}}|0x46ffca78
00:06:18.1 (32342593)|VARIABLE_SCOPE_BEGIN|[124]|record|Map<String,ANY>|true|false
00:06:18.1 (32389538)|VARIABLE_ASSIGNMENT|[124]|record|{"s":1,"v":{"attributes":{"s":2,"v":{"type":"BFFFollow__c","url":"/services/data/v37.0 (41 more) ..."}},"FollowedUsers__c":"[{\"id\":\"00550000005c (85 more) ...","Id":"a005000000ezW4dAAE"}}|0x1b8c751c
00:06:18.1 (32413255)|HEAP_ALLOCATE|[125]|Bytes:5
00:06:18.1 (32431500)|STATEMENT_EXECUTE|[124]
00:06:18.1 (32441763)|STATEMENT_EXECUTE|[125]
00:06:18.1 (32461212)|HEAP_ALLOCATE|[125]|Bytes:10
00:06:18.1 (32506142)|VARIABLE_SCOPE_BEGIN|[125]|strAttributes|String|false|false
00:06:18.1 (32553657)|VARIABLE_ASSIGNMENT|[125]|strAttributes|"attributes"
00:06:18.1 (32574447)|STATEMENT_EXECUTE|[126]
00:06:18.1 (32604948)|HEAP_ALLOCATE|[126]|Bytes:7
00:06:18.1 (32641101)|VARIABLE_SCOPE_BEGIN|[126]|strRecord|String|false|false
00:06:18.1 (32690759)|VARIABLE_ASSIGNMENT|[126]|strRecord|"records"
00:06:18.1 (32793399)|STATEMENT_EXECUTE|[127]
00:06:18.1 (32807005)|STATEMENT_EXECUTE|[128]
00:06:18.1 (32953134)|VARIABLE_SCOPE_BEGIN|[128]|attributes|Map<String,ANY>|true|false
00:06:18.1 (33025032)|VARIABLE_ASSIGNMENT|[128]|attributes|{"s":1,"v":{"type":"BFFFollow__c","url":"/services/data/v37.0 (41 more) ..."}}|0xc9bf4f1
00:06:18.1 (33047504)|STATEMENT_EXECUTE|[129]
00:06:18.1 (33067785)|HEAP_ALLOCATE|[129]|Bytes:4
00:06:18.1 (33163985)|VARIABLE_SCOPE_BEGIN|[129]|objectName|String|false|false
00:06:18.1 (33197830)|VARIABLE_ASSIGNMENT|[129]|objectName|"BFFFollow__c"
00:06:18.1 (33223086)|HEAP_ALLOCATE|[130]|Bytes:4
00:06:18.1 (33350082)|HEAP_ALLOCATE|[130]|Bytes:44
00:06:18.1 (33407367)|HEAP_ALLOCATE|[130]|Bytes:12
00:06:18.1 (33490790)|HEAP_ALLOCATE|[130]|Bytes:5
00:06:18.1 (33546171)|VARIABLE_SCOPE_BEGIN|[130]|fieldName|String|false|false
00:06:18.1 (33579308)|VARIABLE_ASSIGNMENT|[130]|fieldName|"attributes"
00:06:18.1 (33593522)|STATEMENT_EXECUTE|[130]
00:06:18.1 (33603427)|STATEMENT_EXECUTE|[131]
00:06:18.1 (33707193)|VARIABLE_SCOPE_BEGIN|[131]|field|Object|false|false
00:06:18.1 (33759218)|VARIABLE_ASSIGNMENT|[131]|field|{"s":1,"v":{"type":"BFFFollow__c","url":"/services/data/v37.0 (41 more) ..."}}
00:06:18.1 (33802283)|STATEMENT_EXECUTE|[132]
00:06:18.1 (33847254)|HEAP_ALLOCATE|[130]|Bytes:5
00:06:18.1 (33903253)|VARIABLE_SCOPE_BEGIN|[130]|fieldName|String|false|false
00:06:18.1 (33965492)|VARIABLE_ASSIGNMENT|[130]|fieldName|"FollowedUsers__c"
00:06:18.1 (33987217)|STATEMENT_EXECUTE|[130]
00:06:18.1 (34003223)|STATEMENT_EXECUTE|[131]
00:06:18.1 (34101269)|VARIABLE_SCOPE_BEGIN|[131]|field|Object|false|false
00:06:18.1 (34163385)|VARIABLE_ASSIGNMENT|[131]|field|"[{\"id\":\"00550000005c (85 more) ..."
00:06:18.1 (34197080)|HEAP_ALLOCATE|[134]|Bytes:68
00:06:18.1 (34362720)|STATEMENT_EXECUTE|[136]
00:06:18.1 (34383901)|STATEMENT_EXECUTE|[137]
00:06:18.1 (34419923)|HEAP_ALLOCATE|[137]|Bytes:4
00:06:18.1 (34539250)|VARIABLE_SCOPE_BEGIN|[137]|fieldNames|Set<String>|true|false
00:06:18.1 (34622780)|VARIABLE_ASSIGNMENT|[137]|fieldNames|{"s":1,"v":[]}|0x3b634aa6
00:06:18.1 (34741763)|STATEMENT_EXECUTE|[138]
00:06:18.1 (34773118)|STATEMENT_EXECUTE|[139]
00:06:18.1 (34900674)|HEAP_ALLOCATE|[EXTERNAL]|Bytes:4
00:06:18.1 (34951378)|STATEMENT_EXECUTE|[140]
00:06:18.1 (35102287)|HEAP_ALLOCATE|[EXTERNAL]|Bytes:-4
00:06:18.1 (35169674)|HEAP_ALLOCATE|[130]|Bytes:5
00:06:18.1 (35221786)|VARIABLE_SCOPE_BEGIN|[130]|fieldName|String|false|false
00:06:18.1 (35255460)|VARIABLE_ASSIGNMENT|[130]|fieldName|"Id"
00:06:18.1 (35285476)|STATEMENT_EXECUTE|[130]
00:06:18.1 (35302400)|STATEMENT_EXECUTE|[131]
00:06:18.1 (35405132)|VARIABLE_SCOPE_BEGIN|[131]|field|Object|false|false
00:06:18.1 (35467335)|VARIABLE_ASSIGNMENT|[131]|field|"a005000000ezW4dAAE"
00:06:18.1 (35771541)|STATEMENT_EXECUTE|[136]
00:06:18.1 (35790542)|STATEMENT_EXECUTE|[137]
00:06:18.1 (35823440)|HEAP_ALLOCATE|[137]|Bytes:4
00:06:18.1 (35913826)|VARIABLE_SCOPE_BEGIN|[137]|fieldNames|Set<String>|true|false
00:06:18.1 (35986609)|VARIABLE_ASSIGNMENT|[137]|fieldNames|{"s":1,"v":[]}|0x65b877ee
00:06:18.1 (36045718)|STATEMENT_EXECUTE|[138]
00:06:18.1 (36140550)|VARIABLE_ASSIGNMENT|[138]|fieldNames|{"s":1,"v":["FollowedUsers__c"]}|0x3b634aa6
00:06:18.1 (36158883)|STATEMENT_EXECUTE|[139]
00:06:18.1 (36202179)|HEAP_ALLOCATE|[EXTERNAL]|Bytes:4
00:06:18.1 (36229689)|STATEMENT_EXECUTE|[140]
00:06:18.1 (36307339)|HEAP_ALLOCATE|[130]|Bytes:5
00:06:18.1 (36361762)|VARIABLE_ASSIGNMENT|[130]|fieldName|null
00:06:18.1 (36401971)|METHOD_EXIT|[117]|01p50000002CIEt|ETLC_SecuredDB.findFieldsRecursive(Map<String,Set<String>>, Map<String,ANY>)
00:06:18.1 (36440519)|HEAP_ALLOCATE|[116]|Bytes:5
00:06:18.1 (36497928)|VARIABLE_ASSIGNMENT|[116]|record|null
00:06:18.1 (36534450)|HEAP_ALLOCATE|[119]|Bytes:4
00:06:18.1 (36647936)|HEAP_ALLOCATE|[119]|Bytes:20
00:06:18.1 (36725181)|HEAP_ALLOCATE|[119]|Bytes:4
00:06:18.1 (36803309)|HEAP_ALLOCATE|[119]|Bytes:5
00:06:18.1 (36888276)|VARIABLE_SCOPE_BEGIN|[119]|objectName|String|false|false
00:06:18.1 (36940864)|VARIABLE_ASSIGNMENT|[119]|objectName|"BFFFollow__c"
00:06:18.1 (36958667)|STATEMENT_EXECUTE|[119]
00:06:18.1 (36968820)|STATEMENT_EXECUTE|[120]
00:06:18.1 (37006324)|HEAP_ALLOCATE|[120]|Bytes:2
00:06:18.1 (37226950)|HEAP_ALLOCATE|[120]|Bytes:22
00:06:18.1 (37278686)|HEAP_ALLOCATE|[120]|Bytes:36
00:06:18.1 (37327195)|USER_DEBUG|[120]|DEBUG|BFFFollow__c: {FollowedUsers__c, Id}
00:06:18.1 (37376032)|HEAP_ALLOCATE|[119]|Bytes:5
00:06:18.1 (37428343)|VARIABLE_ASSIGNMENT|[119]|objectName|null
00:06:18.1 (37443789)|STATEMENT_EXECUTE|[122]
00:06:18.1 (37485459)|METHOD_EXIT|[20]|01p50000002CIEt|ETLC_SecuredDB.findFields(List<SObject>)
00:06:18.1 (37533784)|METHOD_ENTRY|[20]|01p50000002CIEt|ETLC_SecuredDB.validate(ETLC_SecuredDB.Operation, Map<String,Set<String>>)
00:06:18.1 (37565390)|VARIABLE_SCOPE_BEGIN|[55]|op|ETLC_SecuredDB.Operation|true|false
00:06:18.1 (37665422)|VARIABLE_ASSIGNMENT|[55]|op|"Querying"|0x2d26fd94
00:06:18.1 (37692589)|VARIABLE_SCOPE_BEGIN|[55]|mapFieldNames|Map<String,Set<String>>|true|false
00:06:18.1 (37741800)|VARIABLE_ASSIGNMENT|[55]|mapFieldNames|{"s":1,"v":{"BFFFollow__c":{"s":2,"v":["FollowedUsers__c","Id"]}}}|0x46ffca78
00:06:18.1 (37768699)|HEAP_ALLOCATE|[56]|Bytes:5
00:06:18.1 (37787480)|STATEMENT_EXECUTE|[55]
00:06:18.1 (37797726)|STATEMENT_EXECUTE|[56]
00:06:18.1 (37824175)|VARIABLE_SCOPE_BEGIN|[56]|securityMessage|String|false|false
00:06:18.1 (37863526)|VARIABLE_ASSIGNMENT|[56]|securityMessage|null
00:06:18.1 (37878546)|STATEMENT_EXECUTE|[57]
00:06:18.1 (53932946)|HEAP_ALLOCATE|[57]|Bytes:1256
00:06:18.1 (54018606)|VARIABLE_SCOPE_BEGIN|[57]|mapObjects|Map<String,Schema.SObjectType>|true|false
00:06:18.1 (54252392)|VARIABLE_ASSIGNMENT|[57]|mapObjects|"{acceptedeventrelation=AcceptedEventRelation, account=Account, accountcontactrole=AccountContactRole, accounthistory=AccountHistory, accountpartner=AccountPartner, accountshare=AccountShare, actionlinkgrouptemplate=ActionLinkGroupTemplate, actionlinktemplate=ActionLinkTemplate, activityhistory=ActivityHistory, additionalnumber=AdditionalNumber, ...}"|0x3aa97734
00:06:18.1 (54280754)|HEAP_ALLOCATE|[58]|Bytes:4
00:06:18.1 (54411972)|HEAP_ALLOCATE|[58]|Bytes:20
00:06:18.1 (54464866)|HEAP_ALLOCATE|[58]|Bytes:4
00:06:18.1 (54543615)|HEAP_ALLOCATE|[58]|Bytes:5
00:06:18.1 (54615766)|VARIABLE_SCOPE_BEGIN|[58]|sObjectName|String|false|false
00:06:18.1 (54660247)|VARIABLE_ASSIGNMENT|[58]|sObjectName|"BFFFollow__c"
00:06:18.1 (54676342)|STATEMENT_EXECUTE|[58]
00:06:18.1 (54686485)|STATEMENT_EXECUTE|[59]
00:06:18.1 (54713007)|HEAP_ALLOCATE|[59]|Bytes:9
00:06:18.1 (54730265)|HEAP_ALLOCATE|[59]|Bytes:7
00:06:18.1 (54887838)|HEAP_ALLOCATE|[59]|Bytes:8
00:06:18.1 (54927694)|HEAP_ALLOCATE|[59]|Bytes:1
00:06:18.1 (54959226)|HEAP_ALLOCATE|[59]|Bytes:37
00:06:18.1 (55004756)|VARIABLE_ASSIGNMENT|[59]|securityMessage|"CRUD on [BFFFollow__ (17 more) ..."
00:06:18.1 (55020955)|STATEMENT_EXECUTE|[60]
00:06:18.1 (55041575)|HEAP_ALLOCATE|[60]|Bytes:10
00:06:18.1 (55064167)|HEAP_ALLOCATE|[60]|Bytes:47
00:06:18.1 (55138605)|USER_DEBUG|[60]|DEBUG|Checking: CRUD on [BFFFollow__c] for [Querying]
00:06:18.1 (55169497)|STATEMENT_EXECUTE|[61]
00:06:18.1 (55724626)|HEAP_ALLOCATE|[61]|Bytes:4
00:06:18.1 (55871684)|VARIABLE_SCOPE_BEGIN|[61]|drSObj|Schema.DescribeSObjectResult|true|false
00:06:18.1 (56083896)|VARIABLE_ASSIGNMENT|[61]|drSObj|"common.api.soap.wsdl.DescribeSObjectResult@a54f9caa"|0x2db4387a
00:06:18.1 (56547144)|STATEMENT_EXECUTE|[64]
00:06:18.1 (56663576)|STATEMENT_EXECUTE|[65]
00:06:18.1 (57101549)|STATEMENT_EXECUTE|[77]
00:06:18.1 (57116464)|STATEMENT_EXECUTE|[79]
00:06:18.1 (57662061)|HEAP_ALLOCATE|[79]|Bytes:56
00:06:18.1 (57704677)|VARIABLE_SCOPE_BEGIN|[79]|mapFields|Map<String,Schema.SObjectField>|true|false
00:06:18.1 (57941902)|VARIABLE_ASSIGNMENT|[79]|mapFields|"{createdbyid=CreatedById, createddate=CreatedDate, followedby__c=FollowedBy__c, followedusers__c=FollowedUsers__c, id=Id, isdeleted=IsDeleted, lastmodifiedbyid=LastModifiedById, lastmodifieddate=LastModifiedDate, lastreferenceddate=LastReferencedDate, lastvieweddate=LastViewedDate, ...}"|0x52d7d9a2
00:06:18.1 (57968152)|HEAP_ALLOCATE|[80]|Bytes:4
00:06:18.1 (58146532)|HEAP_ALLOCATE|[80]|Bytes:8
00:06:18.1 (58271526)|HEAP_ALLOCATE|[80]|Bytes:5
00:06:18.1 (58337013)|VARIABLE_SCOPE_BEGIN|[80]|fieldName|String|false|false
00:06:18.1 (58372563)|VARIABLE_ASSIGNMENT|[80]|fieldName|"FollowedUsers__c"
00:06:18.1 (58387023)|STATEMENT_EXECUTE|[80]
00:06:18.1 (58396942)|STATEMENT_EXECUTE|[81]
00:06:18.1 (59387195)|HEAP_ALLOCATE|[81]|Bytes:8
00:06:18.1 (59455104)|VARIABLE_SCOPE_BEGIN|[81]|drField|Schema.DescribeFieldResult|true|false
00:06:18.1 (59554120)|VARIABLE_ASSIGNMENT|[81]|drField|"common.api.soap.wsdl.Field@4db817c0"|0x88d63c
00:06:18.1 (59601170)|STATEMENT_EXECUTE|[82]
00:06:18.1 (59613669)|STATEMENT_EXECUTE|[83]
00:06:18.1 (59634559)|HEAP_ALLOCATE|[83]|Bytes:8
00:06:18.1 (59651115)|HEAP_ALLOCATE|[83]|Bytes:1
00:06:18.1 (59732543)|HEAP_ALLOCATE|[83]|Bytes:8
00:06:18.1 (59782048)|HEAP_ALLOCATE|[83]|Bytes:52
00:06:18.1 (59805334)|HEAP_ALLOCATE|[83]|Bytes:53
00:06:18.1 (59850781)|VARIABLE_ASSIGNMENT|[83]|securityMessage|"FLS on [BFFFollow__c (33 more) ..."
00:06:18.1 (59866122)|STATEMENT_EXECUTE|[84]
00:06:18.1 (59892079)|HEAP_ALLOCATE|[84]|Bytes:63
00:06:18.1 (59959112)|USER_DEBUG|[84]|DEBUG|Checking: FLS on [BFFFollow__c.FollowedUsers__c] for [Querying]
00:06:18.1 (60170549)|STATEMENT_EXECUTE|[87]
00:06:18.1 (60212470)|STATEMENT_EXECUTE|[88]
00:06:18.1 (60258148)|HEAP_ALLOCATE|[80]|Bytes:5
00:06:18.1 (60308254)|VARIABLE_SCOPE_BEGIN|[80]|fieldName|String|false|false
00:06:18.1 (60342425)|VARIABLE_ASSIGNMENT|[80]|fieldName|"Id"
00:06:18.1 (60356510)|STATEMENT_EXECUTE|[80]
00:06:18.1 (60366362)|STATEMENT_EXECUTE|[81]
00:06:18.1 (60582242)|HEAP_ALLOCATE|[81]|Bytes:8
00:06:18.1 (60622859)|VARIABLE_SCOPE_BEGIN|[81]|drField|Schema.DescribeFieldResult|true|false
00:06:18.1 (60714099)|VARIABLE_ASSIGNMENT|[81]|drField|"common.api.soap.wsdl.Field@61694c06"|0x72c1111b
00:06:18.1 (60747082)|STATEMENT_EXECUTE|[99]
00:06:18.1 (60758639)|STATEMENT_EXECUTE|[100]
00:06:18.1 (60779193)|HEAP_ALLOCATE|[100]|Bytes:22
00:06:18.1 (60867975)|HEAP_ALLOCATE|[100]|Bytes:8
00:06:18.1 (60924326)|HEAP_ALLOCATE|[100]|Bytes:52
00:06:18.1 (60956983)|HEAP_ALLOCATE|[100]|Bytes:35
00:06:18.1 (60981391)|HEAP_ALLOCATE|[100]|Bytes:87
00:06:18.1 (61038811)|USER_DEBUG|[100]|DEBUG|Bypass Check: FLS on [BFFFollow__c.Id] for [Querying] since it's not isPermissionable()
00:06:18.1 (61113395)|HEAP_ALLOCATE|[80]|Bytes:5
00:06:18.1 (61179913)|VARIABLE_ASSIGNMENT|[80]|fieldName|null
00:06:18.1 (61239304)|HEAP_ALLOCATE|[58]|Bytes:5
00:06:18.1 (61295820)|VARIABLE_ASSIGNMENT|[58]|sObjectName|null
00:06:18.1 (61340527)|METHOD_EXIT|[20]|01p50000002CIEt|ETLC_SecuredDB.validate(ETLC_SecuredDB.Operation, Map<String,Set<String>>)
00:06:18.1 (61359646)|STATEMENT_EXECUTE|[21]
00:06:18.1 (61399669)|METHOD_EXIT|[24]|01p50000002CIEt|ETLC_SecuredDB.query(String)
00:06:18.1 (61424185)|VARIABLE_SCOPE_BEGIN|[24]|dbRecords|List<SObject>|true|false
00:06:18.1 (61492553)|VARIABLE_ASSIGNMENT|[24]|dbRecords|{"s":1,"v":[{"s":2,"v":{"FollowedUsers__c":"[{\"id\":\"00550000005c (85 more) ...","Id":"a005000000ezW4dAAE"}}]}|0x2a038491
00:06:18.1 (61515090)|STATEMENT_EXECUTE|[25]
00:06:18.1 (61525432)|STATEMENT_EXECUTE|[25]
00:06:18.1 (61654401)|USER_DEBUG|[25]|DEBUG|(BFFFollow__c:{FollowedUsers__c=[{"id":"00550000005cg71AAA","name":"Jaswinder Rattanpal"},{"id":"00550000005d7KnAAI","name":"Test User"}], Id=a005000000ezW4dAAE})
00:06:18.1 (61805568)|STATEMENT_EXECUTE|[26]
00:06:18.1 (61828084)|STATEMENT_EXECUTE|[27]
00:06:18.1 (61838298)|STATEMENT_EXECUTE|[28]
00:06:18.1 (61858384)|HEAP_ALLOCATE|[28]|Bytes:18
00:06:18.1 (61885396)|HEAP_ALLOCATE|[28]|Bytes:12
00:06:18.1 (61905004)|HEAP_ALLOCATE|[28]|Bytes:16
00:06:18.1 (62170107)|HEAP_ALLOCATE|[28]|Bytes:105
00:06:18.1 (62233228)|HEAP_ALLOCATE|[28]|Bytes:105
00:06:18.1 (62272042)|HEAP_ALLOCATE|[28]|Bytes:123
00:06:18.1 (62314327)|USER_DEBUG|[28]|DEBUG|FollowedUsers__c::[{"id":"00550000005cg71AAA","name":"Jaswinder Rattanpal"},{"id":"00550000005d7KnAAI","name":"Test User"}]
00:06:18.1 (62343866)|STATEMENT_EXECUTE|[30]
00:06:18.1 (62372809)|HEAP_ALLOCATE|[30]|Bytes:12
00:06:18.1 (62475791)|HEAP_ALLOCATE|[30]|Bytes:105
00:06:18.1 (62534976)|METHOD_EXIT|[10]|01p50000002D8iw|BFFFollow_Controller.fetchFollowedUsers(Id)
00:06:18.1 (62698512)|VARIABLE_ASSIGNMENT|[EXTERNAL]|this|{"debug":true,"input":"{\"mode\":\"fetchFollow (9 more) ...","operation":"BFFFollow_Controller"}|0x28a4ec3e
00:06:18.1 (62742052)|VARIABLE_ASSIGNMENT|[EXTERNAL]|value|"[{\"id\":\"00550000005c (85 more) ..."
00:06:18.1 (62785781)|VARIABLE_ASSIGNMENT|[12]|this.output|"[{\"id\":\"00550000005c (85 more) ..."|0x28a4ec3e
00:06:18.1 (62822436)|STATEMENT_EXECUTE|[11]
00:06:18.1 (62964012)|VARIABLE_ASSIGNMENT|[EXTERNAL]|this|{"debug":true,"input":"{\"mode\":\"fetchFollow (9 more) ...","operation":"BFFFollow_Controller","output":"[{\"id\":\"00550000005c (85 more) ..."}|0x28a4ec3e
00:06:18.1 (63118851)|VARIABLE_ASSIGNMENT|[EXTERNAL]|this|{"debug":true,"input":"{\"mode\":\"fetchFollow (9 more) ...","operation":"BFFFollow_Controller","output":"[{\"id\":\"00550000005c (85 more) ..."}|0x28a4ec3e
00:06:18.1 (63181958)|VARIABLE_ASSIGNMENT|[EXTERNAL]|value|true
00:06:18.1 (63210692)|HEAP_ALLOCATE|[15]|Bytes:5
00:06:18.1 (63263908)|VARIABLE_ASSIGNMENT|[15]|this.outputFlag|true|0x28a4ec3e
00:06:18.1 (63302011)|STATEMENT_EXECUTE|[12]
00:06:18.1 (63313971)|STATEMENT_EXECUTE|[12]
00:06:18.1 (63412919)|USER_DEBUG|[12]|DEBUG|ETLC_ApexBridge_Data:[debug=true, input={"mode":"fetchFollowedUsers"}, isSuccess=null, messages=null, operation=BFFFollow_Controller, output=[{"id":"00550000005cg71AAA","name":"Jaswinder Rattanpal"},{"id":"00550000005d7KnAAI","name":"Test User"}], outputFlag=true, records=null]
00:06:18.1 (63465245)|METHOD_EXIT|[9]|01p50000002D8iw|BFFFollow_Controller.process(ETLC_ApexBridge_Data)
00:06:18.1 (63482141)|STATEMENT_EXECUTE|[24]
00:06:18.1 (63526526)|METHOD_ENTRY|[24]|01p50000002CIEo|ETLC_ApexBridge_Data.toJSON()
00:06:18.1 (63578663)|VARIABLE_SCOPE_BEGIN|[57]|this|ETLC_ApexBridge_Data|true|false
00:06:18.1 (63652572)|VARIABLE_ASSIGNMENT|[57]|this|{"debug":true,"input":"{\"mode\":\"fetchFollow (9 more) ...","operation":"BFFFollow_Controller","output":"[{\"id\":\"00550000005c (85 more) ...","outputFlag":true}|0x28a4ec3e
00:06:18.1 (63672617)|STATEMENT_EXECUTE|[57]
00:06:18.1 (63682711)|STATEMENT_EXECUTE|[58]
00:06:18.1 (63726433)|METHOD_ENTRY|[58]||System.JSON.serialize(Object)
00:06:18.1 (64000431)|STATEMENT_EXECUTE|[22]
00:06:18.1 (64018890)|STATEMENT_EXECUTE|[23]
00:06:18.1 (64042225)|HEAP_ALLOCATE|[23]|Bytes:5
00:06:18.1 (64080235)|VARIABLE_ASSIGNMENT|[23]|this.isSuccess|true|0x28a4ec3e
00:06:18.1 (64094587)|STATEMENT_EXECUTE|[24]
00:06:18.1 (64188766)|STATEMENT_EXECUTE|[31]
00:06:18.1 (64205424)|STATEMENT_EXECUTE|[32]
00:06:18.1 (64229473)|HEAP_ALLOCATE|[32]|Bytes:4
00:06:18.1 (64322483)|VARIABLE_ASSIGNMENT|[32]|this.messages|{"s":1,"v":{}}|0x28a4ec3e
00:06:18.1 (64339044)|STATEMENT_EXECUTE|[33]
00:06:18.1 (64796460)|METHOD_EXIT|[58]||System.JSON.serialize(Object)
00:06:18.1 (64830642)|METHOD_EXIT|[24]|01p50000002CIEo|ETLC_ApexBridge_Data.toJSON()
00:06:18.1 (64871468)|SYSTEM_MODE_EXIT|false
00:06:18.64 (64926012)|CUMULATIVE_LIMIT_USAGE
00:06:18.64 (64926012)|LIMIT_USAGE_FOR_NS|(default)|
  Number of SOQL queries: 1 out of 100
  Number of query rows: 1 out of 50000
  Number of SOSL queries: 0 out of 20
  Number of DML statements: 0 out of 150
  Number of DML rows: 0 out of 10000
  Maximum CPU time: 0 out of 10000
  Maximum heap size: 0 out of 6000000
  Number of callouts: 0 out of 100
  Number of Email Invocations: 0 out of 10
  Number of future calls: 0 out of 50
  Number of queueable jobs added to the queue: 0 out of 50
  Number of Mobile Apex push calls: 0 out of 10

00:06:18.64 (64926012)|CUMULATIVE_LIMIT_USAGE_END

00:06:18.1 (65004547)|CODE_UNIT_FINISHED|ETLC_ApexBridge_Controller.execute
