37.0 APEX_CODE,FINEST;APEX_PROFILING,INFO;CALLOUT,INFO;DB,INFO;SYSTEM,DEBUG;VALIDATION,INFO;VISUALFORCE,INFO;WORKFLOW,INFO
20:21:09.0 (435358)|USER_INFO|[EXTERNAL]|00550000005cg71|bfffollow@jr.te|Eastern Standard Time|GMT-04:00
20:21:09.0 (475963)|EXECUTION_STARTED
20:21:09.0 (481343)|CODE_UNIT_STARTED|[EXTERNAL]|aura
20:21:09.0 (871622)|HEAP_ALLOCATE|[72]|Bytes:3
20:21:09.0 (916642)|HEAP_ALLOCATE|[77]|Bytes:152
20:21:09.0 (934977)|HEAP_ALLOCATE|[342]|Bytes:408
20:21:09.0 (952160)|HEAP_ALLOCATE|[355]|Bytes:408
20:21:09.0 (966948)|HEAP_ALLOCATE|[467]|Bytes:48
20:21:09.0 (995344)|HEAP_ALLOCATE|[139]|Bytes:6
20:21:09.0 (1018153)|HEAP_ALLOCATE|[EXTERNAL]|Bytes:4
20:21:09.0 (1040777)|HEAP_ALLOCATE|[EXTERNAL]|Bytes:4
20:21:09.0 (1160301)|HEAP_ALLOCATE|[EXTERNAL]|Bytes:4
20:21:09.0 (1172093)|HEAP_ALLOCATE|[EXTERNAL]|Bytes:4
20:21:09.0 (2134872)|CODE_UNIT_STARTED|[EXTERNAL]|01p50000002D2uA|LookupSObjectController.lookup
20:21:09.0 (2822325)|HEAP_ALLOCATE|[EXTERNAL]|Bytes:6
20:21:09.0 (2832350)|HEAP_ALLOCATE|[EXTERNAL]|Bytes:2
20:21:09.0 (2858359)|METHOD_ENTRY|[11]|01p50000002D2uA|LookupSObjectController.LookupSObjectController()
20:21:09.0 (2865913)|STATEMENT_EXECUTE|[11]
20:21:09.0 (2875077)|STATEMENT_EXECUTE|[11]
20:21:09.0 (2923352)|HEAP_ALLOCATE|[50]|Bytes:5
20:21:09.0 (2961561)|HEAP_ALLOCATE|[56]|Bytes:5
20:21:09.0 (2978619)|HEAP_ALLOCATE|[64]|Bytes:7
20:21:09.0 (3010141)|SYSTEM_MODE_ENTER|false
20:21:09.0 (3027309)|HEAP_ALLOCATE|[EXTERNAL]|Bytes:5
20:21:09.0 (3034183)|STATEMENT_EXECUTE|[43]
20:21:09.0 (3045658)|SYSTEM_MODE_EXIT|false
20:21:09.0 (3064249)|METHOD_EXIT|[11]|LookupSObjectController
20:21:09.0 (3073525)|HEAP_ALLOCATE|[EXTERNAL]|Bytes:4
20:21:09.0 (3077182)|HEAP_ALLOCATE|[EXTERNAL]|Bytes:4
20:21:09.0 (3090276)|SYSTEM_MODE_ENTER|false
20:21:09.0 (3104093)|VARIABLE_SCOPE_BEGIN|[17]|searchString|String|false|false
20:21:09.0 (3151184)|VARIABLE_ASSIGNMENT|[17]|searchString|"Test"
20:21:09.0 (3159545)|VARIABLE_SCOPE_BEGIN|[17]|sObjectAPIName|String|false|false
20:21:09.0 (3166925)|VARIABLE_ASSIGNMENT|[17]|sObjectAPIName|"User"
20:21:09.0 (3190067)|HEAP_ALLOCATE|[20]|Bytes:5
20:21:09.0 (3199928)|STATEMENT_EXECUTE|[18]
20:21:09.0 (3202580)|STATEMENT_EXECUTE|[20]
20:21:09.0 (3276982)|HEAP_ALLOCATE|[20]|Bytes:4
20:21:09.0 (3297774)|VARIABLE_SCOPE_BEGIN|[20]|sanitizedSearchString|String|false|false
20:21:09.0 (3309411)|VARIABLE_ASSIGNMENT|[20]|sanitizedSearchString|"Test"
20:21:09.0 (3313803)|STATEMENT_EXECUTE|[21]
20:21:09.0 (3361870)|HEAP_ALLOCATE|[21]|Bytes:4
20:21:09.0 (3383420)|VARIABLE_SCOPE_BEGIN|[21]|sanitizedSObjectAPIName|String|false|false
20:21:09.0 (3395380)|VARIABLE_ASSIGNMENT|[21]|sanitizedSObjectAPIName|"User"
20:21:09.0 (3399918)|STATEMENT_EXECUTE|[23]
20:21:09.0 (3413524)|HEAP_ALLOCATE|[23]|Bytes:4
20:21:09.0 (3519540)|VARIABLE_SCOPE_BEGIN|[23]|results|List<LookupSObjectController.Result>|true|false
20:21:09.0 (3537407)|HEAP_ALLOCATE|[EXTERNAL]|Bytes:4
20:21:09.0 (3563707)|VARIABLE_ASSIGNMENT|[23]|results|{"s":1,"v":[]}|0x5dd01a49
20:21:09.0 (3569494)|STATEMENT_EXECUTE|[26]
20:21:09.0 (3582035)|HEAP_ALLOCATE|[26]|Bytes:6
20:21:09.0 (3589616)|HEAP_ALLOCATE|[26]|Bytes:27
20:21:09.0 (3594376)|HEAP_ALLOCATE|[26]|Bytes:18
20:21:09.0 (3612799)|HEAP_ALLOCATE|[26]|Bytes:59
20:21:09.0 (3622268)|VARIABLE_SCOPE_BEGIN|[26]|searchQuery|String|false|false
20:21:09.0 (3639033)|VARIABLE_ASSIGNMENT|[26]|searchQuery|"FIND 'Test*' IN ALL  (39 more) ..."
20:21:09.0 (3644072)|STATEMENT_EXECUTE|[29]
20:21:09.0 (6171880)|SOSL_EXECUTE_BEGIN|[29]|FIND 'Test*' IN ALL FIELDS RETURNING User(id,name) Limit 50
20:21:09.0 (53676778)|HEAP_ALLOCATE|[29]|Bytes:4
20:21:09.0 (53688565)|HEAP_ALLOCATE|[29]|Bytes:4
20:21:09.0 (53697976)|HEAP_ALLOCATE|[29]|Bytes:8
20:21:09.0 (53708969)|SOSL_EXECUTE_END|[29]|Rows:1
20:21:09.0 (53757829)|HEAP_ALLOCATE|[29]|Bytes:8
20:21:09.0 (53785651)|VARIABLE_SCOPE_BEGIN|[29]|searchList|List<List<SObject>>|true|false
20:21:09.0 (53832574)|VARIABLE_ASSIGNMENT|[29]|searchList|{"s":1,"v":[{"s":2,"v":[{"s":3,"v":{"Id":"00550000005d7KnAAI","Name":"Test User"}}]}]}|0x7e25ec0c
20:21:09.0 (53910846)|HEAP_ALLOCATE|[32]|Bytes:8
20:21:09.0 (54189504)|HEAP_ALLOCATE|[32]|Bytes:5
20:21:09.0 (54237617)|HEAP_ALLOCATE|[32]|Bytes:12
20:21:09.0 (54251759)|VARIABLE_SCOPE_BEGIN|[32]|so|SObject|true|false
20:21:09.0 (54267717)|VARIABLE_ASSIGNMENT|[32]|so|{"s":1,"v":{"Id":"00550000005d7KnAAI","Name":"Test User"}}|0x68397ed7
20:21:09.0 (54273299)|STATEMENT_EXECUTE|[33]
20:21:09.0 (54275337)|STATEMENT_EXECUTE|[34]
20:21:09.0 (54323157)|HEAP_ALLOCATE|[34]|Bytes:116
20:21:09.0 (54331019)|HEAP_ALLOCATE|[34]|Bytes:8
20:21:09.0 (54350553)|HEAP_ALLOCATE|[34]|Bytes:12
20:21:09.0 (54355598)|HEAP_ALLOCATE|[34]|Bytes:4
20:21:09.0 (54437846)|HEAP_ALLOCATE|[34]|Bytes:9
20:21:09.0 (54500146)|CONSTRUCTOR_ENTRY|[34]|01p50000002D2uA|<init>(String,Id)
20:21:09.0 (54526524)|VARIABLE_SCOPE_BEGIN|[48]|this|LookupSObjectController.Result|true|false
20:21:09.0 (54577177)|VARIABLE_ASSIGNMENT|[48]|this|{}|0x5789bc2d
20:21:09.0 (54582286)|VARIABLE_SCOPE_BEGIN|[48]|sObjectLabel|String|false|false
20:21:09.0 (54588539)|VARIABLE_ASSIGNMENT|[48]|sObjectLabel|"Test User"
20:21:09.0 (54591067)|VARIABLE_SCOPE_BEGIN|[48]|sObjectId|Id|false|false
20:21:09.0 (54694475)|VARIABLE_ASSIGNMENT|[48]|sObjectId|"00550000005d7KnAAI"
20:21:09.0 (54701257)|STATEMENT_EXECUTE|[43]
20:21:09.0 (54702711)|STATEMENT_EXECUTE|[45]
20:21:09.0 (54710079)|STATEMENT_EXECUTE|[46]
20:21:09.0 (54721418)|HEAP_ALLOCATE|[50]|Bytes:6
20:21:09.0 (54755764)|STATEMENT_EXECUTE|[49]
20:21:09.0 (54757804)|STATEMENT_EXECUTE|[50]
20:21:09.0 (54829003)|VARIABLE_ASSIGNMENT|[EXTERNAL]|this|{}|0x5789bc2d
20:21:09.0 (54837342)|VARIABLE_ASSIGNMENT|[EXTERNAL]|value|"Test User"
20:21:09.0 (54851242)|VARIABLE_ASSIGNMENT|[45]|this.SObjectLabel|"Test User"|0x5789bc2d
20:21:09.0 (54859202)|STATEMENT_EXECUTE|[51]
20:21:09.0 (54913790)|VARIABLE_ASSIGNMENT|[EXTERNAL]|this|{"SObjectLabel":"Test User"}|0x5789bc2d
20:21:09.0 (54978595)|VARIABLE_ASSIGNMENT|[EXTERNAL]|value|"00550000005d7KnAAI"
20:21:09.0 (55048742)|VARIABLE_ASSIGNMENT|[46]|this.SObjectId|"00550000005d7KnAAI"|0x5789bc2d
20:21:09.0 (55067626)|CONSTRUCTOR_EXIT|[34]|01p50000002D2uA|<init>(String,Id)
20:21:09.0 (55085085)|HEAP_ALLOCATE|[EXTERNAL]|Bytes:4
20:21:09.0 (55101171)|HEAP_ALLOCATE|[32]|Bytes:5
20:21:09.0 (55114547)|VARIABLE_ASSIGNMENT|[32]|so|null|
20:21:09.0 (55118533)|STATEMENT_EXECUTE|[37]
20:21:09.0 (55141239)|SYSTEM_MODE_EXIT|false
20:21:09.55 (55187314)|CUMULATIVE_LIMIT_USAGE
20:21:09.55 (55187314)|LIMIT_USAGE_FOR_NS|(default)|
  Number of SOQL queries: 0 out of 100
  Number of query rows: 0 out of 50000
  Number of SOSL queries: 1 out of 20
  Number of DML statements: 0 out of 150
  Number of DML rows: 0 out of 10000
  Maximum CPU time: 0 out of 10000
  Maximum heap size: 0 out of 6000000
  Number of callouts: 0 out of 100
  Number of Email Invocations: 0 out of 10
  Number of future calls: 0 out of 50
  Number of queueable jobs added to the queue: 0 out of 50
  Number of Mobile Apex push calls: 0 out of 10

20:21:09.55 (55187314)|CUMULATIVE_LIMIT_USAGE_END

20:21:09.0 (55235082)|CODE_UNIT_FINISHED|LookupSObjectController.lookup
20:21:09.0 (56336664)|CODE_UNIT_STARTED|[EXTERNAL]|Aura
20:21:09.0 (56369529)|CODE_UNIT_FINISHED|Aura
