34.0 APEX_CODE,FINEST;APEX_PROFILING,INFO;CALLOUT,INFO;DB,INFO;SYSTEM,DEBUG;VALIDATION,INFO;VISUALFORCE,INFO;WORKFLOW,INFO
14:16:13.0 (551794)|USER_INFO|[EXTERNAL]|00550000005cg71|bfffollow@jr.te|Eastern Standard Time|GMT-04:00
14:16:13.0 (652781)|EXECUTION_STARTED
14:16:13.0 (659646)|CODE_UNIT_STARTED|[EXTERNAL]|01p50000002DHPJ|BFFFollow_Controller_Test.BFFFollow_Controller_fetchFollowedUserss_Positive_Test
14:16:13.0 (955074)|HEAP_ALLOCATE|[72]|Bytes:3
14:16:13.0 (1026908)|HEAP_ALLOCATE|[77]|Bytes:152
14:16:13.0 (1056953)|HEAP_ALLOCATE|[342]|Bytes:408
14:16:13.0 (1092124)|HEAP_ALLOCATE|[355]|Bytes:408
14:16:13.0 (1124479)|HEAP_ALLOCATE|[467]|Bytes:48
14:16:13.0 (1229385)|HEAP_ALLOCATE|[139]|Bytes:6
14:16:13.0 (1264094)|HEAP_ALLOCATE|[EXTERNAL]|Bytes:71
14:16:13.0 (1343386)|METHOD_ENTRY|[2]|01p50000002DHPJ|BFFFollow_Controller_Test.BFFFollow_Controller_Test()
14:16:13.0 (1350423)|STATEMENT_EXECUTE|[2]
14:16:13.0 (1361127)|STATEMENT_EXECUTE|[2]
14:16:13.0 (1410849)|HEAP_ALLOCATE|[50]|Bytes:5
14:16:13.0 (1450008)|HEAP_ALLOCATE|[56]|Bytes:5
14:16:13.0 (1499194)|HEAP_ALLOCATE|[64]|Bytes:7
14:16:13.0 (2032759)|SYSTEM_MODE_ENTER|false
14:16:13.0 (2238991)|HEAP_ALLOCATE|[EXTERNAL]|Bytes:5
14:16:13.0 (2251611)|SYSTEM_MODE_EXIT|false
14:16:13.0 (2302114)|METHOD_EXIT|[2]|BFFFollow_Controller_Test
14:16:13.0 (2375450)|SYSTEM_MODE_ENTER|false
14:16:13.0 (2383700)|HEAP_ALLOCATE|[24]|Bytes:5
14:16:13.0 (2390019)|STATEMENT_EXECUTE|[23]
14:16:13.0 (2392612)|STATEMENT_EXECUTE|[24]
14:16:13.0 (2425745)|METHOD_ENTRY|[24]|01p50000002DHPJ|BFFFollow_Controller_Test.BFFFollow_Controller_saveFollowedUsers_Positive_Test()
14:16:13.0 (2512532)|HEAP_ALLOCATE|[5]|Bytes:5
14:16:13.0 (2519347)|STATEMENT_EXECUTE|[4]
14:16:13.0 (2521733)|STATEMENT_EXECUTE|[5]
14:16:13.0 (2540404)|HEAP_ALLOCATE|[5]|Bytes:4
14:16:13.0 (2558440)|HEAP_ALLOCATE|[5]|Bytes:4
14:16:13.0 (2565301)|HEAP_ALLOCATE|[5]|Bytes:17
14:16:13.0 (19669374)|HEAP_ALLOCATE|[6]|Bytes:13
14:16:13.0 (19677163)|HEAP_ALLOCATE|[6]|Bytes:51
14:16:13.0 (19693036)|VARIABLE_SCOPE_BEGIN|[5]|data|Map<String,String>|true|false
14:16:13.0 (19854258)|VARIABLE_ASSIGNMENT|[5]|data|{"s":1,"v":{"mode":"saveFollowedUsers","followedUsers":"[{\"005\":{\"name\":\"use (31 more) ..."}}|0x77899cd9
14:16:13.0 (19859328)|STATEMENT_EXECUTE|[9]
14:16:13.0 (23033314)|HEAP_ALLOCATE|[9]|Bytes:11
14:16:13.0 (23065868)|HEAP_ALLOCATE|[9]|Bytes:248
14:16:13.0 (23074064)|HEAP_ALLOCATE|[9]|Bytes:39
14:16:13.0 (23124448)|METHOD_ENTRY|[2]|01p50000002CIEo|ETLC_ApexBridge_Data.ETLC_ApexBridge_Data()
14:16:13.0 (23132783)|STATEMENT_EXECUTE|[2]
14:16:13.0 (23146104)|STATEMENT_EXECUTE|[2]
14:16:13.0 (23162301)|METHOD_EXIT|[2]|ETLC_ApexBridge_Data
14:16:13.0 (24499809)|HEAP_ALLOCATE|[9]|Bytes:36
14:16:13.0 (24534870)|CONSTRUCTOR_ENTRY|[9]|01p50000002CIEo|<init>()
14:16:13.0 (24614680)|VARIABLE_SCOPE_BEGIN|[2]|this|ETLC_ApexBridge_Data|true|false
14:16:13.0 (24783117)|VARIABLE_ASSIGNMENT|[2]|this|{}|0x742f6b7c
14:16:13.0 (24798031)|HEAP_ALLOCATE|[EXTERNAL]|Bytes:6
14:16:13.0 (24832753)|STATEMENT_EXECUTE|[2]
14:16:13.0 (24836741)|STATEMENT_EXECUTE|[6]
14:16:13.0 (24852166)|STATEMENT_EXECUTE|[9]
14:16:13.0 (24857500)|STATEMENT_EXECUTE|[12]
14:16:13.0 (24862269)|STATEMENT_EXECUTE|[15]
14:16:13.0 (24866797)|STATEMENT_EXECUTE|[18]
14:16:13.0 (24871569)|STATEMENT_EXECUTE|[21]
14:16:13.0 (24876872)|STATEMENT_EXECUTE|[30]
14:16:13.0 (24881591)|STATEMENT_EXECUTE|[39]
14:16:13.0 (24894875)|CONSTRUCTOR_EXIT|[9]|01p50000002CIEo|<init>()
14:16:13.0 (24902741)|VARIABLE_SCOPE_BEGIN|[9]|d1|ETLC_ApexBridge_Data|true|false
14:16:13.0 (24940670)|VARIABLE_ASSIGNMENT|[9]|d1|{}|0x742f6b7c
14:16:13.0 (24946544)|STATEMENT_EXECUTE|[10]
14:16:13.0 (24957512)|HEAP_ALLOCATE|[10]|Bytes:20
14:16:13.0 (25066450)|VARIABLE_ASSIGNMENT|[EXTERNAL]|this|{}|0x742f6b7c
14:16:13.0 (25080450)|VARIABLE_ASSIGNMENT|[EXTERNAL]|value|"BFFFollow_Controller"
14:16:13.0 (25096610)|VARIABLE_ASSIGNMENT|[6]|this.operation|"BFFFollow_Controller"|0x742f6b7c
14:16:13.0 (25106271)|STATEMENT_EXECUTE|[11]
14:16:13.0 (25138552)|METHOD_ENTRY|[11]|01p50000002CIEo|ETLC_ApexBridge_Data.encodeData(Object)
14:16:13.0 (25164972)|VARIABLE_SCOPE_BEGIN|[64]|value|Object|false|false
14:16:13.0 (25205589)|VARIABLE_ASSIGNMENT|[64]|value|{"s":1,"v":{"mode":"saveFollowedUsers","followedUsers":"[{\"005\":{\"name\":\"use (31 more) ..."}}
14:16:13.0 (25218657)|STATEMENT_EXECUTE|[64]
14:16:13.0 (25220139)|STATEMENT_EXECUTE|[65]
14:16:13.0 (25272580)|HEAP_ALLOCATE|[65]|Bytes:24
14:16:13.0 (25295017)|SYSTEM_METHOD_ENTRY|[1]|JSON.JSON()
14:16:13.0 (25300413)|STATEMENT_EXECUTE|[1]
14:16:13.0 (25316090)|SYSTEM_METHOD_EXIT|[1]|JSON
14:16:13.0 (25334416)|METHOD_ENTRY|[65]||System.JSON.serialize(Object)
14:16:13.0 (26295851)|METHOD_EXIT|[65]||System.JSON.serialize(Object)
14:16:13.0 (26308698)|METHOD_EXIT|[11]|01p50000002CIEo|ETLC_ApexBridge_Data.encodeData(Object)
14:16:13.0 (26382969)|VARIABLE_ASSIGNMENT|[EXTERNAL]|this|{"operation":"BFFFollow_Controller"}|0x742f6b7c
14:16:13.0 (26402024)|VARIABLE_ASSIGNMENT|[EXTERNAL]|value|"{\"followedUsers\":\"[{ (90 more) ..."
14:16:13.0 (26423451)|VARIABLE_ASSIGNMENT|[9]|this.input|"{\"followedUsers\":\"[{ (90 more) ..."|0x742f6b7c
14:16:13.0 (26435556)|STATEMENT_EXECUTE|[12]
14:16:13.0 (26538027)|VARIABLE_ASSIGNMENT|[EXTERNAL]|this|{"input":"{\"followedUsers\":\"[{ (90 more) ...","operation":"BFFFollow_Controller"}|0x742f6b7c
14:16:13.0 (26560550)|VARIABLE_ASSIGNMENT|[EXTERNAL]|value|true
14:16:13.0 (26570987)|HEAP_ALLOCATE|[18]|Bytes:5
14:16:13.0 (26583713)|VARIABLE_ASSIGNMENT|[18]|this.debug|true|0x742f6b7c
14:16:13.0 (26595592)|STATEMENT_EXECUTE|[14]
14:16:13.0 (26631751)|METHOD_ENTRY|[14]|01p50000002CIEo|ETLC_ApexBridge_Data.toJSON()
14:16:13.0 (26661108)|VARIABLE_SCOPE_BEGIN|[57]|this|ETLC_ApexBridge_Data|true|false
14:16:13.0 (26711735)|VARIABLE_ASSIGNMENT|[57]|this|{"debug":true,"input":"{\"followedUsers\":\"[{ (90 more) ...","operation":"BFFFollow_Controller"}|0x742f6b7c
14:16:13.0 (26726752)|STATEMENT_EXECUTE|[57]
14:16:13.0 (26729043)|STATEMENT_EXECUTE|[58]
14:16:13.0 (26743598)|METHOD_ENTRY|[58]||System.JSON.serialize(Object)
14:16:13.0 (26862172)|STATEMENT_EXECUTE|[22]
14:16:13.0 (26869836)|STATEMENT_EXECUTE|[23]
14:16:13.0 (26885223)|HEAP_ALLOCATE|[23]|Bytes:5
14:16:13.0 (26900822)|VARIABLE_ASSIGNMENT|[23]|this.isSuccess|true|0x742f6b7c
14:16:13.0 (26905884)|STATEMENT_EXECUTE|[24]
14:16:13.0 (26993990)|STATEMENT_EXECUTE|[31]
14:16:13.0 (27001606)|STATEMENT_EXECUTE|[32]
14:16:13.0 (27015772)|HEAP_ALLOCATE|[32]|Bytes:4
14:16:13.0 (27117558)|VARIABLE_ASSIGNMENT|[32]|this.messages|{"s":1,"v":{}}|0x742f6b7c
14:16:13.0 (27124001)|STATEMENT_EXECUTE|[33]
14:16:13.0 (27537893)|METHOD_EXIT|[58]||System.JSON.serialize(Object)
14:16:13.0 (27548205)|METHOD_EXIT|[14]|01p50000002CIEo|ETLC_ApexBridge_Data.toJSON()
14:16:13.0 (28834752)|HEAP_ALLOCATE|[14]|Bytes:1
14:16:13.0 (28844142)|HEAP_ALLOCATE|[14]|Bytes:10
14:16:13.0 (28874428)|METHOD_ENTRY|[1]|01p50000002CIEm|ETLC_ApexBridge_Controller.ETLC_ApexBridge_Controller()
14:16:13.0 (28879461)|STATEMENT_EXECUTE|[1]
14:16:13.0 (28888272)|STATEMENT_EXECUTE|[1]
14:16:13.0 (28896082)|METHOD_EXIT|[1]|ETLC_ApexBridge_Controller
14:16:13.0 (28926926)|METHOD_ENTRY|[14]|01p50000002CIEm|ETLC_ApexBridge_Controller.execute(String)
14:16:13.0 (28941431)|VARIABLE_SCOPE_BEGIN|[3]|dataJson|String|false|false
14:16:13.0 (28954272)|VARIABLE_ASSIGNMENT|[3]|dataJson|"{\"records\":null,\"out (260 more) ..."
14:16:13.0 (28964922)|STATEMENT_EXECUTE|[3]
14:16:13.0 (28966320)|STATEMENT_EXECUTE|[4]
14:16:13.0 (28975081)|VARIABLE_SCOPE_BEGIN|[4]|data|ETLC_ApexBridge_Data|true|false
14:16:13.0 (28982426)|VARIABLE_ASSIGNMENT|[4]|data|null|
14:16:13.0 (28984347)|STATEMENT_EXECUTE|[5]
14:16:13.0 (28985360)|STATEMENT_EXECUTE|[5]
14:16:13.0 (28986228)|STATEMENT_EXECUTE|[6]
14:16:13.0 (29003289)|METHOD_ENTRY|[6]|01p50000002CIEo|ETLC_ApexBridge_Data.fromJSON(String)
14:16:13.0 (29040426)|VARIABLE_SCOPE_BEGIN|[60]|strJson|String|false|false
14:16:13.0 (29050067)|VARIABLE_ASSIGNMENT|[60]|strJson|"{\"records\":null,\"out (260 more) ..."
14:16:13.0 (29058773)|STATEMENT_EXECUTE|[60]
14:16:13.0 (29060287)|STATEMENT_EXECUTE|[61]
14:16:13.0 (29067848)|HEAP_ALLOCATE|[61]|Bytes:20
14:16:13.0 (29165203)|HEAP_ALLOCATE|[61]|Bytes:24
14:16:13.0 (29187245)|SYSTEM_METHOD_ENTRY|[1]|Type.Type()
14:16:13.0 (29190435)|STATEMENT_EXECUTE|[1]
14:16:13.0 (29199334)|SYSTEM_METHOD_EXIT|[1]|Type
14:16:13.0 (29205395)|HEAP_ALLOCATE|[61]|Bytes:8
14:16:13.0 (29224436)|HEAP_ALLOCATE|[61]|Bytes:8
14:16:13.0 (29229907)|VARIABLE_SCOPE_BEGIN|[4]|this|System.Type|true|false
14:16:13.0 (29290290)|VARIABLE_ASSIGNMENT|[4]|this|{}|0x59161429
14:16:13.0 (29296005)|VARIABLE_SCOPE_BEGIN|[4]|apextype|java:common.apex.runtime.ApexObjectType|true|false
14:16:13.0 (29464774)|VARIABLE_ASSIGNMENT|[4]|apextype|"ETLC_ApexBridge_Data"|0x7d56576e
14:16:13.0 (29504581)|HEAP_ALLOCATE|[61]|Bytes:8
14:16:13.0 (29521757)|METHOD_ENTRY|[61]||System.JSON.deserializeStrict(String, System.Type)
14:16:13.0 (30294177)|METHOD_EXIT|[61]||System.JSON.deserializeStrict(String, System.Type)
14:16:13.0 (30305129)|METHOD_EXIT|[6]|01p50000002CIEo|ETLC_ApexBridge_Data.fromJSON(String)
14:16:13.0 (30354306)|VARIABLE_ASSIGNMENT|[6]|data|{"debug":true,"input":"{\"followedUsers\":\"[{ (90 more) ...","isSuccess":true,"messages":"0x14edceb2","operation":"BFFFollow_Controller"}|0x7db3375a
14:16:13.0 (30362969)|STATEMENT_EXECUTE|[7]
14:16:13.0 (30376373)|HEAP_ALLOCATE|[7]|Bytes:6
14:16:13.0 (30459424)|HEAP_ALLOCATE|[7]|Bytes:256
14:16:13.0 (30479244)|HEAP_ALLOCATE|[7]|Bytes:262
14:16:13.0 (30528562)|USER_DEBUG|[7]|DEBUG|data::ETLC_ApexBridge_Data:[debug=true, input={"followedUsers":"[{\"005\":{\"name\":\"user 1\"},\"006\":{\"name\":\"User 2\"}}]","mode":"saveFollowedUsers"}, isSuccess=true, messages={}, operation=BFFFollow_Controller, output=null, outputFlag=null, records=null]
14:16:13.0 (30538422)|STATEMENT_EXECUTE|[8]
14:16:13.0 (30617602)|VARIABLE_ASSIGNMENT|[EXTERNAL]|this|{"debug":true,"input":"{\"followedUsers\":\"[{ (90 more) ...","isSuccess":true,"messages":"0x14edceb2","operation":"BFFFollow_Controller"}|0x7db3375a
14:16:13.0 (30650797)|METHOD_ENTRY|[8]||System.Type.forName(String)
14:16:13.0 (83444001)|METHOD_EXIT|[8]||System.Type.forName(String)
14:16:13.0 (83471109)|METHOD_ENTRY|[8]||System.Type.newInstance()
14:16:13.0 (84990561)|STATEMENT_EXECUTE|[1]
14:16:13.0 (85004812)|HEAP_ALLOCATE|[33]|Bytes:5
14:16:13.0 (85032854)|METHOD_EXIT|[1]|BFFFollow_Controller
14:16:13.0 (85060620)|HEAP_ALLOCATE|[33]|Bytes:4
14:16:13.0 (85078609)|VARIABLE_SCOPE_BEGIN|[1]|this|BFFFollow_Controller|true|false
14:16:13.0 (85119326)|VARIABLE_ASSIGNMENT|[1]|this|{}|0x72f5ec62
14:16:13.0 (85134090)|HEAP_ALLOCATE|[33]|Bytes:5
14:16:13.0 (85148572)|HEAP_ALLOCATE|[33]|Bytes:11
14:16:13.0 (85205322)|METHOD_ENTRY|[1]|01p50000002CIEj|ETLC_ApexBridge_Abstract.ETLC_ApexBridge_Abstract()
14:16:13.0 (85211567)|STATEMENT_EXECUTE|[1]
14:16:13.0 (85219641)|STATEMENT_EXECUTE|[1]
14:16:13.0 (85231649)|METHOD_EXIT|[1]|ETLC_ApexBridge_Abstract
14:16:13.0 (85244852)|CONSTRUCTOR_ENTRY|[EXTERNAL]|01p50000002CIEj|<init>()
14:16:13.0 (85275656)|VARIABLE_SCOPE_BEGIN|[1]|this|ETLC_ApexBridge_Abstract|true|false
14:16:13.0 (85299394)|VARIABLE_ASSIGNMENT|[1]|this|{}|0x72f5ec62
14:16:13.0 (85325373)|STATEMENT_EXECUTE|[1]
14:16:13.0 (85334778)|CONSTRUCTOR_EXIT|[EXTERNAL]|01p50000002CIEj|<init>()
14:16:13.0 (85342225)|STATEMENT_EXECUTE|[1]
14:16:13.0 (85351155)|HEAP_ALLOCATE|[33]|Bytes:5
14:16:13.0 (85381840)|METHOD_EXIT|[8]||System.Type.newInstance()
14:16:13.0 (85396128)|VARIABLE_SCOPE_BEGIN|[8]|executor|ETLC_ApexBridge_Abstract|true|false
14:16:13.0 (85417980)|VARIABLE_ASSIGNMENT|[8]|executor|{}|0x72f5ec62
14:16:13.0 (85422647)|STATEMENT_EXECUTE|[9]
14:16:13.0 (85488468)|METHOD_ENTRY|[9]|01p50000002D8iw|BFFFollow_Controller.process(ETLC_ApexBridge_Data)
14:16:13.0 (85533048)|VARIABLE_SCOPE_BEGIN|[3]|this|BFFFollow_Controller|true|false
14:16:13.0 (85555219)|VARIABLE_ASSIGNMENT|[3]|this|{}|0x72f5ec62
14:16:13.0 (85563805)|VARIABLE_SCOPE_BEGIN|[3]|data|ETLC_ApexBridge_Data|true|false
14:16:13.0 (85631299)|VARIABLE_ASSIGNMENT|[3]|data|{"debug":true,"input":"{\"followedUsers\":\"[{ (90 more) ...","isSuccess":true,"messages":"0x14edceb2","operation":"BFFFollow_Controller"}|0x7db3375a
14:16:13.0 (85655992)|HEAP_ALLOCATE|[4]|Bytes:5
14:16:13.0 (85663176)|STATEMENT_EXECUTE|[3]
14:16:13.0 (85665423)|STATEMENT_EXECUTE|[4]
14:16:13.0 (85799908)|VARIABLE_ASSIGNMENT|[EXTERNAL]|this|{"debug":true,"input":"{\"followedUsers\":\"[{ (90 more) ...","isSuccess":true,"messages":"0x14edceb2","operation":"BFFFollow_Controller"}|0x7db3375a
14:16:13.0 (85833987)|VARIABLE_ASSIGNMENT|[4]|BFFFollow_Controller.debugFlag|true
14:16:13.0 (85906837)|VARIABLE_ASSIGNMENT|[EXTERNAL]|this|{"debug":true,"input":"{\"followedUsers\":\"[{ (90 more) ...","isSuccess":true,"messages":"0x14edceb2","operation":"BFFFollow_Controller"}|0x7db3375a
14:16:13.0 (85930553)|STATEMENT_EXECUTE|[5]
14:16:13.0 (86008229)|USER_DEBUG|[5]|DEBUG|ETLC_ApexBridge_Data:[debug=true, input={"followedUsers":"[{\"005\":{\"name\":\"user 1\"},\"006\":{\"name\":\"User 2\"}}]","mode":"saveFollowedUsers"}, isSuccess=true, messages={}, operation=BFFFollow_Controller, output=null, outputFlag=null, records=null]
14:16:13.0 (86023508)|STATEMENT_EXECUTE|[7]
14:16:13.0 (86057957)|METHOD_ENTRY|[7]|01p50000002CIEo|ETLC_ApexBridge_Data.getInputValue(String)
14:16:13.0 (86097114)|VARIABLE_SCOPE_BEGIN|[52]|this|ETLC_ApexBridge_Data|true|false
14:16:13.0 (86145960)|VARIABLE_ASSIGNMENT|[52]|this|{"debug":true,"input":"{\"followedUsers\":\"[{ (90 more) ...","isSuccess":true,"messages":"0x14edceb2","operation":"BFFFollow_Controller"}|0x7db3375a
14:16:13.0 (86158421)|VARIABLE_SCOPE_BEGIN|[52]|key|String|false|false
14:16:13.0 (86166149)|VARIABLE_ASSIGNMENT|[52]|key|"mode"
14:16:13.0 (86178440)|STATEMENT_EXECUTE|[52]
14:16:13.0 (86180956)|STATEMENT_EXECUTE|[53]
14:16:13.0 (86265848)|VARIABLE_ASSIGNMENT|[EXTERNAL]|this|{"debug":true,"input":"{\"followedUsers\":\"[{ (90 more) ...","isSuccess":true,"messages":"0x14edceb2","operation":"BFFFollow_Controller"}|0x7db3375a
14:16:13.0 (86299334)|METHOD_ENTRY|[53]||System.JSON.deserializeUntyped(String)
14:16:13.0 (86688566)|METHOD_EXIT|[53]||System.JSON.deserializeUntyped(String)
14:16:13.0 (86706177)|VARIABLE_SCOPE_BEGIN|[53]|inputMap|Map<String,ANY>|true|false
14:16:13.0 (86745650)|VARIABLE_ASSIGNMENT|[53]|inputMap|{"s":1,"v":{"followedUsers":"[{\"005\":{\"name\":\"use (31 more) ...","mode":"saveFollowedUsers"}}|0x489433a4
14:16:13.0 (86752578)|STATEMENT_EXECUTE|[54]
14:16:13.0 (86816623)|METHOD_EXIT|[7]|01p50000002CIEo|ETLC_ApexBridge_Data.getInputValue(String)
14:16:13.0 (86827060)|VARIABLE_SCOPE_BEGIN|[7]|mode|String|false|false
14:16:13.0 (86838311)|VARIABLE_ASSIGNMENT|[7]|mode|"saveFollowedUsers"
14:16:13.0 (86845961)|HEAP_ALLOCATE|[9]|Bytes:18
14:16:13.0 (86888053)|STATEMENT_EXECUTE|[13]
14:16:13.0 (86891458)|STATEMENT_EXECUTE|[14]
14:16:13.0 (86969685)|HEAP_ALLOCATE|[14]|Bytes:85
14:16:13.0 (86991402)|SYSTEM_METHOD_ENTRY|[1]|UserInfo.UserInfo()
14:16:13.0 (86996466)|STATEMENT_EXECUTE|[1]
14:16:13.0 (87010485)|SYSTEM_METHOD_EXIT|[1]|UserInfo
14:16:13.0 (87029176)|METHOD_ENTRY|[14]||System.UserInfo.getUserId()
14:16:13.0 (87089035)|METHOD_EXIT|[14]||System.UserInfo.getUserId()
14:16:13.0 (87111380)|HEAP_ALLOCATE|[14]|Bytes:4
14:16:13.0 (87129356)|METHOD_ENTRY|[14]|01p50000002CIEo|ETLC_ApexBridge_Data.getInputValue(String)
14:16:13.0 (87137119)|VARIABLE_SCOPE_BEGIN|[52]|this|ETLC_ApexBridge_Data|true|false
14:16:13.0 (87184967)|VARIABLE_ASSIGNMENT|[52]|this|{"debug":true,"input":"{\"followedUsers\":\"[{ (90 more) ...","isSuccess":true,"messages":"0x14edceb2","operation":"BFFFollow_Controller"}|0x7db3375a
14:16:13.0 (87192062)|VARIABLE_SCOPE_BEGIN|[52]|key|String|false|false
14:16:13.0 (87198298)|VARIABLE_ASSIGNMENT|[52]|key|"followedUsers"
14:16:13.0 (87209178)|STATEMENT_EXECUTE|[52]
14:16:13.0 (87211346)|STATEMENT_EXECUTE|[53]
14:16:13.0 (87271257)|VARIABLE_ASSIGNMENT|[EXTERNAL]|this|{"debug":true,"input":"{\"followedUsers\":\"[{ (90 more) ...","isSuccess":true,"messages":"0x14edceb2","operation":"BFFFollow_Controller"}|0x7db3375a
14:16:13.0 (87290175)|METHOD_ENTRY|[53]||System.JSON.deserializeUntyped(String)
14:16:13.0 (87504487)|METHOD_EXIT|[53]||System.JSON.deserializeUntyped(String)
14:16:13.0 (87516552)|VARIABLE_SCOPE_BEGIN|[53]|inputMap|Map<String,ANY>|true|false
14:16:13.0 (87547669)|VARIABLE_ASSIGNMENT|[53]|inputMap|{"s":1,"v":{"followedUsers":"[{\"005\":{\"name\":\"use (31 more) ...","mode":"saveFollowedUsers"}}|0x7e3aeca7
14:16:13.0 (87554893)|STATEMENT_EXECUTE|[54]
14:16:13.0 (87585060)|METHOD_EXIT|[14]|01p50000002CIEo|ETLC_ApexBridge_Data.getInputValue(String)
14:16:13.0 (87608251)|METHOD_ENTRY|[14]|01p50000002D8iw|BFFFollow_Controller.saveFollowedUsers(Id, String)
14:16:13.0 (87621665)|VARIABLE_SCOPE_BEGIN|[39]|this|BFFFollow_Controller|true|false
14:16:13.0 (87642590)|VARIABLE_ASSIGNMENT|[39]|this|{}|0x72f5ec62
14:16:13.0 (87650849)|VARIABLE_SCOPE_BEGIN|[39]|followedById|Id|false|false
14:16:13.0 (87770241)|VARIABLE_ASSIGNMENT|[39]|followedById|"00550000005cg71AAA"
14:16:13.0 (87781259)|VARIABLE_SCOPE_BEGIN|[39]|followedUsers|String|false|false
14:16:13.0 (87792427)|VARIABLE_ASSIGNMENT|[39]|followedUsers|"[{\"005\":{\"name\":\"use (31 more) ..."
14:16:13.0 (87812206)|HEAP_ALLOCATE|[40]|Bytes:5
14:16:13.0 (87819052)|STATEMENT_EXECUTE|[39]
14:16:13.0 (87821440)|STATEMENT_EXECUTE|[40]
14:16:13.0 (87832673)|HEAP_ALLOCATE|[40]|Bytes:49
14:16:13.0 (87887438)|HEAP_ALLOCATE|[40]|Bytes:18
14:16:13.0 (87907966)|HEAP_ALLOCATE|[40]|Bytes:9
14:16:13.0 (87923329)|HEAP_ALLOCATE|[40]|Bytes:76
14:16:13.0 (87931703)|VARIABLE_SCOPE_BEGIN|[40]|soql1|String|false|false
14:16:13.0 (87945459)|VARIABLE_ASSIGNMENT|[40]|soql1|"SELECT Id FROM BFFFo (56 more) ..."
14:16:13.0 (87949962)|STATEMENT_EXECUTE|[42]
14:16:13.0 (87951752)|STATEMENT_EXECUTE|[42]
14:16:13.0 (87953263)|STATEMENT_EXECUTE|[43]
14:16:13.0 (91434212)|HEAP_ALLOCATE|[43]|Bytes:9
14:16:13.0 (91453123)|HEAP_ALLOCATE|[43]|Bytes:29
14:16:13.0 (91459515)|HEAP_ALLOCATE|[43]|Bytes:21
14:16:13.0 (91509058)|METHOD_ENTRY|[7]|01p50000002CIEt|ETLC_SecuredDB.ETLC_SecuredDB()
14:16:13.0 (91516989)|STATEMENT_EXECUTE|[7]
14:16:13.0 (91528223)|STATEMENT_EXECUTE|[7]
14:16:13.0 (91538141)|HEAP_ALLOCATE|[43]|Bytes:5
14:16:13.0 (91557577)|METHOD_EXIT|[7]|ETLC_SecuredDB
14:16:13.0 (91614959)|METHOD_ENTRY|[43]|01p50000002CIEt|ETLC_SecuredDB.query(String)
14:16:13.0 (91665953)|VARIABLE_SCOPE_BEGIN|[10]|SOQL|String|false|false
14:16:13.0 (91696586)|VARIABLE_ASSIGNMENT|[10]|SOQL|"SELECT Id FROM BFFFo (56 more) ..."
14:16:13.0 (91723806)|HEAP_ALLOCATE|[12]|Bytes:5
14:16:13.0 (91731617)|STATEMENT_EXECUTE|[10]
14:16:13.0 (91733903)|STATEMENT_EXECUTE|[12]
14:16:13.0 (92181484)|SOQL_EXECUTE_BEGIN|[12]|Aggregations:0|SELECT Id FROM BFFFollow__c WHERE FollowedBy__c='00550000005cg71AAA' limit 1
14:16:13.0 (94370963)|SOQL_EXECUTE_END|[12]|Rows:0
14:16:13.0 (94405841)|HEAP_ALLOCATE|[12]|Bytes:4
14:16:13.0 (94421318)|HEAP_ALLOCATE|[12]|Bytes:0
14:16:13.0 (94523655)|HEAP_ALLOCATE|[12]|Bytes:4
14:16:13.0 (94553903)|VARIABLE_SCOPE_BEGIN|[12]|dbRecords|List<SObject>|true|false
14:16:13.0 (94595896)|VARIABLE_ASSIGNMENT|[12]|dbRecords|{"s":1,"v":[]}|0x4e145b0f
14:16:13.0 (94602610)|STATEMENT_EXECUTE|[20]
14:16:13.0 (95847432)|HEAP_ALLOCATE|[20]|Bytes:12
14:16:13.0 (95861327)|HEAP_ALLOCATE|[20]|Bytes:8
14:16:13.0 (95965179)|HEAP_ALLOCATE|[20]|Bytes:12
14:16:13.0 (95973866)|HEAP_ALLOCATE|[20]|Bytes:9
14:16:13.0 (95999630)|HEAP_ALLOCATE|[20]|Bytes:12
14:16:13.0 (96007374)|HEAP_ALLOCATE|[20]|Bytes:8
14:16:13.0 (96036816)|HEAP_ALLOCATE|[20]|Bytes:12
14:16:13.0 (96045145)|HEAP_ALLOCATE|[20]|Bytes:8
14:16:13.0 (96069519)|HEAP_ALLOCATE|[20]|Bytes:12
14:16:13.0 (96077270)|HEAP_ALLOCATE|[20]|Bytes:9
14:16:13.0 (96132483)|METHOD_ENTRY|[20]|01p50000002CIEt|ETLC_SecuredDB.findFields(List<SObject>)
14:16:13.0 (96186156)|VARIABLE_SCOPE_BEGIN|[108]|dbRecords|List<SObject>|true|false
14:16:13.0 (96208077)|VARIABLE_ASSIGNMENT|[108]|dbRecords|{"s":1,"v":[]}|0x4e145b0f
14:16:13.0 (96238372)|HEAP_ALLOCATE|[109]|Bytes:5
14:16:13.0 (96245274)|STATEMENT_EXECUTE|[108]
14:16:13.0 (96248075)|STATEMENT_EXECUTE|[109]
14:16:13.0 (96262690)|VARIABLE_SCOPE_BEGIN|[109]|strJSON|String|false|false
14:16:13.0 (96273859)|VARIABLE_ASSIGNMENT|[109]|strJSON|null
14:16:13.0 (96277051)|STATEMENT_EXECUTE|[110]
14:16:13.0 (96286650)|VARIABLE_SCOPE_BEGIN|[110]|mapFields|Map<String,Set<String>>|true|false
14:16:13.0 (96295723)|VARIABLE_ASSIGNMENT|[110]|mapFields|null|
14:16:13.0 (96299393)|STATEMENT_EXECUTE|[112]
14:16:13.0 (96318339)|METHOD_ENTRY|[112]||System.JSON.serialize(Object)
14:16:13.0 (96686455)|METHOD_EXIT|[112]||System.JSON.serialize(Object)
14:16:13.0 (96701970)|VARIABLE_ASSIGNMENT|[112]|strJSON|"[]"
14:16:13.0 (96706763)|STATEMENT_EXECUTE|[113]
14:16:13.0 (96718290)|HEAP_ALLOCATE|[113]|Bytes:5
14:16:13.0 (96731075)|HEAP_ALLOCATE|[113]|Bytes:7
14:16:13.0 (96777098)|USER_DEBUG|[113]|DEBUG|JSON:[]
14:16:13.0 (96788850)|STATEMENT_EXECUTE|[114]
14:16:13.0 (96801214)|HEAP_ALLOCATE|[114]|Bytes:4
14:16:13.0 (96842330)|VARIABLE_ASSIGNMENT|[114]|mapFields|{"s":1,"v":{}}|0x16928ecb
14:16:13.0 (96848421)|STATEMENT_EXECUTE|[115]
14:16:13.0 (96868186)|METHOD_ENTRY|[115]||System.JSON.deserializeUntyped(String)
14:16:13.0 (96991347)|METHOD_EXIT|[115]||System.JSON.deserializeUntyped(String)
14:16:13.0 (97005969)|VARIABLE_SCOPE_BEGIN|[115]|records|List<ANY>|true|false
14:16:13.0 (97039820)|HEAP_ALLOCATE|[EXTERNAL]|Bytes:4
14:16:13.0 (97056462)|VARIABLE_ASSIGNMENT|[115]|records|{"s":1,"v":[]}|0x429891f8
14:16:13.0 (97116996)|HEAP_ALLOCATE|[116]|Bytes:5
14:16:13.0 (97179632)|VARIABLE_ASSIGNMENT|[116]|record|null
14:16:13.0 (97187639)|STATEMENT_EXECUTE|[116]
14:16:13.0 (97204787)|HEAP_ALLOCATE|[119]|Bytes:4
14:16:13.0 (97302141)|HEAP_ALLOCATE|[119]|Bytes:4
14:16:13.0 (97329132)|HEAP_ALLOCATE|[119]|Bytes:0
14:16:13.0 (97371531)|HEAP_ALLOCATE|[119]|Bytes:5
14:16:13.0 (97393287)|VARIABLE_ASSIGNMENT|[119]|objectName|null
14:16:13.0 (97399158)|STATEMENT_EXECUTE|[119]
14:16:13.0 (97407594)|STATEMENT_EXECUTE|[122]
14:16:13.0 (97423015)|METHOD_EXIT|[20]|01p50000002CIEt|ETLC_SecuredDB.findFields(List<SObject>)
14:16:13.0 (97451706)|METHOD_ENTRY|[20]|01p50000002CIEt|ETLC_SecuredDB.validate(ETLC_SecuredDB.Operation, Map<String,Set<String>>)
14:16:13.0 (97467175)|VARIABLE_SCOPE_BEGIN|[55]|op|ETLC_SecuredDB.Operation|true|false
14:16:13.0 (97494499)|VARIABLE_ASSIGNMENT|[55]|op|"Querying"|0x387760c3
14:16:13.0 (97504795)|VARIABLE_SCOPE_BEGIN|[55]|mapFieldNames|Map<String,Set<String>>|true|false
14:16:13.0 (97524853)|VARIABLE_ASSIGNMENT|[55]|mapFieldNames|{"s":1,"v":{}}|0x16928ecb
14:16:13.0 (97545346)|HEAP_ALLOCATE|[56]|Bytes:5
14:16:13.0 (97551830)|STATEMENT_EXECUTE|[55]
14:16:13.0 (97553882)|STATEMENT_EXECUTE|[56]
14:16:13.0 (97565340)|VARIABLE_SCOPE_BEGIN|[56]|securityMessage|String|false|false
14:16:13.0 (97575774)|VARIABLE_ASSIGNMENT|[56]|securityMessage|null
14:16:13.0 (97579648)|STATEMENT_EXECUTE|[57]
14:16:13.0 (142728083)|HEAP_ALLOCATE|[57]|Bytes:1236
14:16:13.0 (142780338)|VARIABLE_SCOPE_BEGIN|[57]|mapObjects|Map<String,Schema.SObjectType>|true|false
14:16:13.0 (143139218)|VARIABLE_ASSIGNMENT|[57]|mapObjects|"{acceptedeventrelation=AcceptedEventRelation, account=Account, accountcontactrole=AccountContactRole, accounthistory=AccountHistory, accountpartner=AccountPartner, accountshare=AccountShare, actionlinkgrouptemplate=ActionLinkGroupTemplate, actionlinktemplate=ActionLinkTemplate, activityhistory=ActivityHistory, additionalnumber=AdditionalNumber, ...}"|0x3a9145d0
14:16:13.0 (143164924)|HEAP_ALLOCATE|[58]|Bytes:4
14:16:13.0 (143262726)|HEAP_ALLOCATE|[58]|Bytes:4
14:16:13.0 (143291330)|HEAP_ALLOCATE|[58]|Bytes:0
14:16:13.0 (143344584)|HEAP_ALLOCATE|[58]|Bytes:5
14:16:13.0 (143376865)|VARIABLE_ASSIGNMENT|[58]|sObjectName|null
14:16:13.0 (143387383)|STATEMENT_EXECUTE|[58]
14:16:13.0 (143430825)|METHOD_EXIT|[20]|01p50000002CIEt|ETLC_SecuredDB.validate(ETLC_SecuredDB.Operation, Map<String,Set<String>>)
14:16:13.0 (143439816)|STATEMENT_EXECUTE|[21]
14:16:13.0 (143462212)|METHOD_EXIT|[43]|01p50000002CIEt|ETLC_SecuredDB.query(String)
14:16:13.0 (143473402)|VARIABLE_SCOPE_BEGIN|[43]|dbRecords|List<SObject>|true|false
14:16:13.0 (143504234)|VARIABLE_ASSIGNMENT|[43]|dbRecords|{"s":1,"v":[]}|0x4e145b0f
14:16:13.0 (143508770)|STATEMENT_EXECUTE|[44]
14:16:13.0 (143547414)|HEAP_ALLOCATE|[44]|Bytes:4
14:16:13.0 (143731227)|VARIABLE_SCOPE_BEGIN|[44]|record|BFFFollow__c|true|false
14:16:13.0 (143756272)|VARIABLE_ASSIGNMENT|[44]|record|{}|0x3c80142b
14:16:13.0 (143900060)|STATEMENT_EXECUTE|[45]
14:16:13.0 (143931980)|STATEMENT_EXECUTE|[48]
14:16:13.0 (144057923)|VARIABLE_ASSIGNMENT|[48]|this.FollowedUsers__c|"[{\"005\":{\"name\":\"use (31 more) ..."|0x3c80142b
14:16:13.0 (144064947)|STATEMENT_EXECUTE|[49]
14:16:13.0 (144146576)|VARIABLE_ASSIGNMENT|[49]|this.FollowedBy__c|"00550000005cg71AAA"|0x3c80142b
14:16:13.0 (144152410)|STATEMENT_EXECUTE|[50]
14:16:13.0 (144221281)|HEAP_ALLOCATE|[50]|Bytes:8
14:16:13.0 (144263833)|DML_BEGIN|[50]|Op:Upsert|Type:BFFFollow__c|Rows:1
14:16:13.0 (144322085)|HEAP_ALLOCATE|[EXTERNAL]|Bytes:8
14:16:13.0 (198873501)|DML_END|[50]
14:16:13.0 (198930437)|STATEMENT_EXECUTE|[51]
14:16:13.0 (198934202)|STATEMENT_EXECUTE|[51]
14:16:13.0 (199068302)|USER_DEBUG|[51]|DEBUG|BFFFollow__c:{FollowedUsers__c=[{"005":{"name":"user 1"},"006":{"name":"User 2"}}], FollowedBy__c=00550000005cg71AAA, Id=a005000000ezTaLAAU}
14:16:13.0 (199084152)|STATEMENT_EXECUTE|[52]
14:16:13.0 (199101322)|HEAP_ALLOCATE|[52]|Bytes:5
14:16:13.0 (199126781)|METHOD_EXIT|[14]|01p50000002D8iw|BFFFollow_Controller.saveFollowedUsers(Id, String)
14:16:13.0 (199280655)|VARIABLE_ASSIGNMENT|[EXTERNAL]|this|{"debug":true,"input":"{\"followedUsers\":\"[{ (90 more) ...","isSuccess":true,"messages":"0x14edceb2","operation":"BFFFollow_Controller"}|0x7db3375a
14:16:13.0 (199302020)|VARIABLE_ASSIGNMENT|[EXTERNAL]|value|true
14:16:13.0 (199316367)|HEAP_ALLOCATE|[15]|Bytes:5
14:16:13.0 (199333276)|VARIABLE_ASSIGNMENT|[15]|this.outputFlag|true|0x7db3375a
14:16:13.0 (199350567)|METHOD_EXIT|[9]|01p50000002D8iw|BFFFollow_Controller.process(ETLC_ApexBridge_Data)
14:16:13.0 (199355040)|STATEMENT_EXECUTE|[24]
14:16:13.0 (199384218)|METHOD_ENTRY|[24]|01p50000002CIEo|ETLC_ApexBridge_Data.toJSON()
14:16:13.0 (199413181)|VARIABLE_SCOPE_BEGIN|[57]|this|ETLC_ApexBridge_Data|true|false
14:16:13.0 (199452611)|VARIABLE_ASSIGNMENT|[57]|this|{"debug":true,"input":"{\"followedUsers\":\"[{ (90 more) ...","isSuccess":true,"messages":"0x14edceb2","operation":"BFFFollow_Controller","outputFlag":true}|0x7db3375a
14:16:13.0 (199469346)|STATEMENT_EXECUTE|[57]
14:16:13.0 (199471591)|STATEMENT_EXECUTE|[58]
14:16:13.0 (199487804)|METHOD_ENTRY|[58]||System.JSON.serialize(Object)
14:16:13.0 (199599792)|STATEMENT_EXECUTE|[22]
14:16:13.0 (199606677)|STATEMENT_EXECUTE|[23]
14:16:13.0 (199615006)|STATEMENT_EXECUTE|[24]
14:16:13.0 (199666005)|STATEMENT_EXECUTE|[31]
14:16:13.0 (199671461)|STATEMENT_EXECUTE|[32]
14:16:13.0 (199678375)|STATEMENT_EXECUTE|[33]
14:16:13.0 (199955533)|METHOD_EXIT|[58]||System.JSON.serialize(Object)
14:16:13.0 (199965438)|METHOD_EXIT|[24]|01p50000002CIEo|ETLC_ApexBridge_Data.toJSON()
14:16:13.0 (199972819)|METHOD_EXIT|[14]|01p50000002CIEm|ETLC_ApexBridge_Controller.execute(String)
14:16:13.0 (199980717)|VARIABLE_SCOPE_BEGIN|[14]|strD2|String|false|false
14:16:13.0 (199996869)|VARIABLE_ASSIGNMENT|[14]|strD2|"{\"records\":null,\"out (260 more) ..."
14:16:13.0 (200001744)|STATEMENT_EXECUTE|[15]
14:16:13.0 (200021897)|METHOD_ENTRY|[15]|01p50000002CIEo|ETLC_ApexBridge_Data.fromJSON(String)
14:16:13.0 (200043850)|VARIABLE_SCOPE_BEGIN|[60]|strJson|String|false|false
14:16:13.0 (200057574)|VARIABLE_ASSIGNMENT|[60]|strJson|"{\"records\":null,\"out (260 more) ..."
14:16:13.0 (200068589)|STATEMENT_EXECUTE|[60]
14:16:13.0 (200070738)|STATEMENT_EXECUTE|[61]
14:16:13.0 (200141804)|HEAP_ALLOCATE|[61]|Bytes:8
14:16:13.0 (200152417)|HEAP_ALLOCATE|[61]|Bytes:8
14:16:13.0 (200159086)|VARIABLE_SCOPE_BEGIN|[4]|this|System.Type|true|false
14:16:13.0 (200189640)|VARIABLE_ASSIGNMENT|[4]|this|{}|0x3f1c413
14:16:13.0 (200196081)|VARIABLE_SCOPE_BEGIN|[4]|apextype|java:common.apex.runtime.ApexObjectType|true|false
14:16:13.0 (200329118)|VARIABLE_ASSIGNMENT|[4]|apextype|"ETLC_ApexBridge_Data"|0x7d56576e
14:16:13.0 (200378070)|HEAP_ALLOCATE|[61]|Bytes:8
14:16:13.0 (200396753)|METHOD_ENTRY|[61]||System.JSON.deserializeStrict(String, System.Type)
14:16:13.0 (200904994)|METHOD_EXIT|[61]||System.JSON.deserializeStrict(String, System.Type)
14:16:13.0 (200919128)|METHOD_EXIT|[15]|01p50000002CIEo|ETLC_ApexBridge_Data.fromJSON(String)
14:16:13.0 (200925978)|VARIABLE_SCOPE_BEGIN|[15]|d2|ETLC_ApexBridge_Data|true|false
14:16:13.0 (200979660)|VARIABLE_ASSIGNMENT|[15]|d2|{"debug":true,"input":"{\"followedUsers\":\"[{ (90 more) ...","isSuccess":true,"messages":"0x4b0901a7","operation":"BFFFollow_Controller","outputFlag":true}|0x57312b17
14:16:13.0 (200987497)|STATEMENT_EXECUTE|[16]
14:16:13.0 (201086271)|VARIABLE_ASSIGNMENT|[EXTERNAL]|this|{"debug":true,"input":"{\"followedUsers\":\"[{ (90 more) ...","isSuccess":true,"messages":"0x4b0901a7","operation":"BFFFollow_Controller","outputFlag":true}|0x57312b17
14:16:13.0 (201145067)|STATEMENT_EXECUTE|[19]
14:16:13.0 (201157579)|HEAP_ALLOCATE|[19]|Bytes:27
14:16:13.0 (201169427)|HEAP_ALLOCATE|[19]|Bytes:4
14:16:13.0 (201338099)|SOQL_EXECUTE_BEGIN|[19]|Aggregations:0|SELECT Id FROM BFFFollow__c
14:16:13.0 (212566610)|SOQL_EXECUTE_END|[19]|Rows:1
14:16:13.0 (212609426)|HEAP_ALLOCATE|[19]|Bytes:8
14:16:13.0 (212631572)|HEAP_ALLOCATE|[19]|Bytes:33
14:16:13.0 (212654380)|HEAP_ALLOCATE|[19]|Bytes:8
14:16:13.0 (212679111)|VARIABLE_SCOPE_BEGIN|[19]|objList|List<BFFFollow__c>|true|false
14:16:13.0 (212744988)|VARIABLE_ASSIGNMENT|[19]|objList|{"s":1,"v":[{"s":2,"v":{"Id":"a005000000ezTaLAAU"}}]}|0x2c4a646
14:16:13.0 (212752557)|STATEMENT_EXECUTE|[20]
14:16:13.0 (212865697)|METHOD_EXIT|[24]|01p50000002DHPJ|BFFFollow_Controller_Test.BFFFollow_Controller_saveFollowedUsers_Positive_Test()
14:16:13.0 (212873918)|STATEMENT_EXECUTE|[26]
14:16:13.0 (212889794)|HEAP_ALLOCATE|[26]|Bytes:4
14:16:13.0 (213076978)|SOQL_EXECUTE_BEGIN|[26]|Aggregations:0|SELECT Id FROM BFFFollow__c
14:16:13.0 (223213941)|SOQL_EXECUTE_END|[26]|Rows:1
14:16:13.0 (223254311)|HEAP_ALLOCATE|[26]|Bytes:8
14:16:13.0 (223271871)|HEAP_ALLOCATE|[26]|Bytes:33
14:16:13.0 (223300084)|HEAP_ALLOCATE|[26]|Bytes:8
14:16:13.0 (223324796)|VARIABLE_SCOPE_BEGIN|[26]|objList|List<BFFFollow__c>|true|false
14:16:13.0 (223382030)|VARIABLE_ASSIGNMENT|[26]|objList|{"s":1,"v":[{"s":2,"v":{"Id":"a005000000ezTaLAAU"}}]}|0x7adb77ed
14:16:13.0 (223388520)|STATEMENT_EXECUTE|[27]
14:16:13.0 (223492738)|STATEMENT_EXECUTE|[30]
14:16:13.0 (223508084)|VARIABLE_SCOPE_BEGIN|[30]|followedUsers|String|false|false
14:16:13.0 (223524258)|VARIABLE_ASSIGNMENT|[30]|followedUsers|"[{\"005\":{\"name\":\"use (31 more) ..."
14:16:13.0 (223527707)|STATEMENT_EXECUTE|[31]
14:16:13.0 (223536570)|HEAP_ALLOCATE|[31]|Bytes:29
14:16:13.0 (223544501)|VARIABLE_SCOPE_BEGIN|[31]|data|String|false|false
14:16:13.0 (223557040)|VARIABLE_ASSIGNMENT|[31]|data|"{\"mode\":\"fetchFollow (9 more) ..."
14:16:13.0 (223560657)|STATEMENT_EXECUTE|[32]
14:16:13.0 (223572293)|HEAP_ALLOCATE|[32]|Bytes:36
14:16:13.0 (223586210)|CONSTRUCTOR_ENTRY|[32]|01p50000002CIEo|<init>()
14:16:13.0 (223613024)|VARIABLE_SCOPE_BEGIN|[2]|this|ETLC_ApexBridge_Data|true|false
14:16:13.0 (223660768)|VARIABLE_ASSIGNMENT|[2]|this|{}|0x60f9de70
14:16:13.0 (223684909)|STATEMENT_EXECUTE|[2]
14:16:13.0 (223688010)|STATEMENT_EXECUTE|[6]
14:16:13.0 (223701424)|STATEMENT_EXECUTE|[9]
14:16:13.0 (223705923)|STATEMENT_EXECUTE|[12]
14:16:13.0 (223709854)|STATEMENT_EXECUTE|[15]
14:16:13.0 (223713468)|STATEMENT_EXECUTE|[18]
14:16:13.0 (223717946)|STATEMENT_EXECUTE|[21]
14:16:13.0 (223721910)|STATEMENT_EXECUTE|[30]
14:16:13.0 (223725656)|STATEMENT_EXECUTE|[39]
14:16:13.0 (223735904)|CONSTRUCTOR_EXIT|[32]|01p50000002CIEo|<init>()
14:16:13.0 (223742546)|VARIABLE_SCOPE_BEGIN|[32]|d1|ETLC_ApexBridge_Data|true|false
14:16:13.0 (223773217)|VARIABLE_ASSIGNMENT|[32]|d1|{}|0x60f9de70
14:16:13.0 (223777985)|STATEMENT_EXECUTE|[33]
14:16:13.0 (223844359)|VARIABLE_ASSIGNMENT|[EXTERNAL]|this|{}|0x60f9de70
14:16:13.0 (223855160)|VARIABLE_ASSIGNMENT|[EXTERNAL]|value|"BFFFollow_Controller"
14:16:13.0 (223871674)|VARIABLE_ASSIGNMENT|[6]|this.operation|"BFFFollow_Controller"|0x60f9de70
14:16:13.0 (223881865)|STATEMENT_EXECUTE|[34]
14:16:13.0 (223964992)|VARIABLE_ASSIGNMENT|[EXTERNAL]|this|{"operation":"BFFFollow_Controller"}|0x60f9de70
14:16:13.0 (223977884)|VARIABLE_ASSIGNMENT|[EXTERNAL]|value|"{\"mode\":\"fetchFollow (9 more) ..."
14:16:13.0 (223995574)|VARIABLE_ASSIGNMENT|[9]|this.input|"{\"mode\":\"fetchFollow (9 more) ..."|0x60f9de70
14:16:13.0 (224008116)|STATEMENT_EXECUTE|[35]
14:16:13.0 (224074874)|VARIABLE_ASSIGNMENT|[EXTERNAL]|this|{"input":"{\"mode\":\"fetchFollow (9 more) ...","operation":"BFFFollow_Controller"}|0x60f9de70
14:16:13.0 (224086962)|VARIABLE_ASSIGNMENT|[EXTERNAL]|value|true
14:16:13.0 (224093928)|HEAP_ALLOCATE|[18]|Bytes:5
14:16:13.0 (224104302)|VARIABLE_ASSIGNMENT|[18]|this.debug|true|0x60f9de70
14:16:13.0 (224114218)|STATEMENT_EXECUTE|[37]
14:16:13.0 (224138167)|METHOD_ENTRY|[37]|01p50000002CIEo|ETLC_ApexBridge_Data.toJSON()
14:16:13.0 (224158952)|VARIABLE_SCOPE_BEGIN|[57]|this|ETLC_ApexBridge_Data|true|false
14:16:13.0 (224201347)|VARIABLE_ASSIGNMENT|[57]|this|{"debug":true,"input":"{\"mode\":\"fetchFollow (9 more) ...","operation":"BFFFollow_Controller"}|0x60f9de70
14:16:13.0 (224222234)|STATEMENT_EXECUTE|[57]
14:16:13.0 (224224797)|STATEMENT_EXECUTE|[58]
14:16:13.0 (224247308)|METHOD_ENTRY|[58]||System.JSON.serialize(Object)
14:16:13.0 (224354896)|STATEMENT_EXECUTE|[22]
14:16:13.0 (224360645)|STATEMENT_EXECUTE|[23]
14:16:13.0 (224375030)|HEAP_ALLOCATE|[23]|Bytes:5
14:16:13.0 (224388796)|VARIABLE_ASSIGNMENT|[23]|this.isSuccess|true|0x60f9de70
14:16:13.0 (224392875)|STATEMENT_EXECUTE|[24]
14:16:13.0 (224439013)|STATEMENT_EXECUTE|[31]
14:16:13.0 (224443228)|STATEMENT_EXECUTE|[32]
14:16:13.0 (224455702)|HEAP_ALLOCATE|[32]|Bytes:4
14:16:13.0 (224486954)|VARIABLE_ASSIGNMENT|[32]|this.messages|{"s":1,"v":{}}|0x60f9de70
14:16:13.0 (224492158)|STATEMENT_EXECUTE|[33]
14:16:13.0 (224732650)|METHOD_EXIT|[58]||System.JSON.serialize(Object)
14:16:13.0 (224742490)|METHOD_EXIT|[37]|01p50000002CIEo|ETLC_ApexBridge_Data.toJSON()
14:16:13.0 (224754825)|METHOD_ENTRY|[37]|01p50000002CIEm|ETLC_ApexBridge_Controller.execute(String)
14:16:13.0 (224762828)|VARIABLE_SCOPE_BEGIN|[3]|dataJson|String|false|false
14:16:13.0 (224776664)|VARIABLE_ASSIGNMENT|[3]|dataJson|"{\"records\":null,\"out (151 more) ..."
14:16:13.0 (224789682)|STATEMENT_EXECUTE|[3]
14:16:13.0 (224792886)|STATEMENT_EXECUTE|[4]
14:16:13.0 (224804426)|VARIABLE_SCOPE_BEGIN|[4]|data|ETLC_ApexBridge_Data|true|false
14:16:13.0 (224816445)|VARIABLE_ASSIGNMENT|[4]|data|null|
14:16:13.0 (224819803)|STATEMENT_EXECUTE|[5]
14:16:13.0 (224821487)|STATEMENT_EXECUTE|[5]
14:16:13.0 (224822981)|STATEMENT_EXECUTE|[6]
14:16:13.0 (224835981)|METHOD_ENTRY|[6]|01p50000002CIEo|ETLC_ApexBridge_Data.fromJSON(String)
14:16:13.0 (224842141)|VARIABLE_SCOPE_BEGIN|[60]|strJson|String|false|false
14:16:13.0 (224851942)|VARIABLE_ASSIGNMENT|[60]|strJson|"{\"records\":null,\"out (151 more) ..."
14:16:13.0 (224861366)|STATEMENT_EXECUTE|[60]
14:16:13.0 (224863604)|STATEMENT_EXECUTE|[61]
14:16:13.0 (224933942)|HEAP_ALLOCATE|[61]|Bytes:8
14:16:13.0 (224945223)|HEAP_ALLOCATE|[61]|Bytes:8
14:16:13.0 (224952778)|VARIABLE_SCOPE_BEGIN|[4]|this|System.Type|true|false
14:16:13.0 (224982394)|VARIABLE_ASSIGNMENT|[4]|this|{}|0x7d156841
14:16:13.0 (224988576)|VARIABLE_SCOPE_BEGIN|[4]|apextype|java:common.apex.runtime.ApexObjectType|true|false
14:16:13.0 (225216839)|VARIABLE_ASSIGNMENT|[4]|apextype|"ETLC_ApexBridge_Data"|0x7d56576e
14:16:13.0 (225260265)|HEAP_ALLOCATE|[61]|Bytes:8
14:16:13.0 (225277839)|METHOD_ENTRY|[61]||System.JSON.deserializeStrict(String, System.Type)
14:16:13.0 (225725211)|METHOD_EXIT|[61]||System.JSON.deserializeStrict(String, System.Type)
14:16:13.0 (225738473)|METHOD_EXIT|[6]|01p50000002CIEo|ETLC_ApexBridge_Data.fromJSON(String)
14:16:13.0 (225786792)|VARIABLE_ASSIGNMENT|[6]|data|{"debug":true,"input":"{\"mode\":\"fetchFollow (9 more) ...","isSuccess":true,"messages":"0x7f9bbfc7","operation":"BFFFollow_Controller"}|0x513fe41a
14:16:13.0 (225793095)|STATEMENT_EXECUTE|[7]
14:16:13.0 (225866548)|HEAP_ALLOCATE|[7]|Bytes:175
14:16:13.0 (225891268)|HEAP_ALLOCATE|[7]|Bytes:181
14:16:13.0 (225912175)|USER_DEBUG|[7]|DEBUG|data::ETLC_ApexBridge_Data:[debug=true, input={"mode":"fetchFollowedUsers"}, isSuccess=true, messages={}, operation=BFFFollow_Controller, output=null, outputFlag=null, records=null]
14:16:13.0 (225922913)|STATEMENT_EXECUTE|[8]
14:16:13.0 (225979718)|VARIABLE_ASSIGNMENT|[EXTERNAL]|this|{"debug":true,"input":"{\"mode\":\"fetchFollow (9 more) ...","isSuccess":true,"messages":"0x7f9bbfc7","operation":"BFFFollow_Controller"}|0x513fe41a
14:16:13.0 (226000209)|METHOD_ENTRY|[8]||System.Type.forName(String)
14:16:13.0 (226160100)|METHOD_EXIT|[8]||System.Type.forName(String)
14:16:13.0 (226170469)|METHOD_ENTRY|[8]||System.Type.newInstance()
14:16:13.0 (226241382)|HEAP_ALLOCATE|[33]|Bytes:5
14:16:13.0 (226252078)|CONSTRUCTOR_ENTRY|[EXTERNAL]|01p50000002CIEj|<init>()
14:16:13.0 (226258740)|VARIABLE_SCOPE_BEGIN|[1]|this|ETLC_ApexBridge_Abstract|true|false
14:16:13.0 (226281757)|VARIABLE_ASSIGNMENT|[1]|this|{}|0x756b4fe1
14:16:13.0 (226302069)|STATEMENT_EXECUTE|[1]
14:16:13.0 (226309741)|CONSTRUCTOR_EXIT|[EXTERNAL]|01p50000002CIEj|<init>()
14:16:13.0 (226317423)|STATEMENT_EXECUTE|[1]
14:16:13.0 (226324724)|HEAP_ALLOCATE|[33]|Bytes:5
14:16:13.0 (226350220)|METHOD_EXIT|[8]||System.Type.newInstance()
14:16:13.0 (226360658)|VARIABLE_SCOPE_BEGIN|[8]|executor|ETLC_ApexBridge_Abstract|true|false
14:16:13.0 (226378719)|VARIABLE_ASSIGNMENT|[8]|executor|{}|0x756b4fe1
14:16:13.0 (226383635)|STATEMENT_EXECUTE|[9]
14:16:13.0 (226400791)|METHOD_ENTRY|[9]|01p50000002D8iw|BFFFollow_Controller.process(ETLC_ApexBridge_Data)
14:16:13.0 (226407736)|VARIABLE_SCOPE_BEGIN|[3]|this|BFFFollow_Controller|true|false
14:16:13.0 (226424895)|VARIABLE_ASSIGNMENT|[3]|this|{}|0x756b4fe1
14:16:13.0 (226429265)|VARIABLE_SCOPE_BEGIN|[3]|data|ETLC_ApexBridge_Data|true|false
14:16:13.0 (226472436)|VARIABLE_ASSIGNMENT|[3]|data|{"debug":true,"input":"{\"mode\":\"fetchFollow (9 more) ...","isSuccess":true,"messages":"0x7f9bbfc7","operation":"BFFFollow_Controller"}|0x513fe41a
14:16:13.0 (226492674)|HEAP_ALLOCATE|[4]|Bytes:5
14:16:13.0 (226499268)|STATEMENT_EXECUTE|[3]
14:16:13.0 (226501526)|STATEMENT_EXECUTE|[4]
14:16:13.0 (226561182)|VARIABLE_ASSIGNMENT|[EXTERNAL]|this|{"debug":true,"input":"{\"mode\":\"fetchFollow (9 more) ...","isSuccess":true,"messages":"0x7f9bbfc7","operation":"BFFFollow_Controller"}|0x513fe41a
14:16:13.0 (226588996)|VARIABLE_ASSIGNMENT|[4]|BFFFollow_Controller.debugFlag|true
14:16:13.0 (226638451)|VARIABLE_ASSIGNMENT|[EXTERNAL]|this|{"debug":true,"input":"{\"mode\":\"fetchFollow (9 more) ...","isSuccess":true,"messages":"0x7f9bbfc7","operation":"BFFFollow_Controller"}|0x513fe41a
14:16:13.0 (226653850)|STATEMENT_EXECUTE|[5]
14:16:13.0 (226712506)|USER_DEBUG|[5]|DEBUG|ETLC_ApexBridge_Data:[debug=true, input={"mode":"fetchFollowedUsers"}, isSuccess=true, messages={}, operation=BFFFollow_Controller, output=null, outputFlag=null, records=null]
14:16:13.0 (226724968)|STATEMENT_EXECUTE|[7]
14:16:13.0 (226741799)|METHOD_ENTRY|[7]|01p50000002CIEo|ETLC_ApexBridge_Data.getInputValue(String)
14:16:13.0 (226749032)|VARIABLE_SCOPE_BEGIN|[52]|this|ETLC_ApexBridge_Data|true|false
14:16:13.0 (226791410)|VARIABLE_ASSIGNMENT|[52]|this|{"debug":true,"input":"{\"mode\":\"fetchFollow (9 more) ...","isSuccess":true,"messages":"0x7f9bbfc7","operation":"BFFFollow_Controller"}|0x513fe41a
14:16:13.0 (226797497)|VARIABLE_SCOPE_BEGIN|[52]|key|String|false|false
14:16:13.0 (226803862)|VARIABLE_ASSIGNMENT|[52]|key|"mode"
14:16:13.0 (226814002)|STATEMENT_EXECUTE|[52]
14:16:13.0 (226816157)|STATEMENT_EXECUTE|[53]
14:16:13.0 (226870915)|VARIABLE_ASSIGNMENT|[EXTERNAL]|this|{"debug":true,"input":"{\"mode\":\"fetchFollow (9 more) ...","isSuccess":true,"messages":"0x7f9bbfc7","operation":"BFFFollow_Controller"}|0x513fe41a
14:16:13.0 (226892123)|METHOD_ENTRY|[53]||System.JSON.deserializeUntyped(String)
14:16:13.0 (227038636)|METHOD_EXIT|[53]||System.JSON.deserializeUntyped(String)
14:16:13.0 (227052548)|VARIABLE_SCOPE_BEGIN|[53]|inputMap|Map<String,ANY>|true|false
14:16:13.0 (227082785)|VARIABLE_ASSIGNMENT|[53]|inputMap|{"s":1,"v":{"mode":"fetchFollowedUsers"}}|0x23ea766d
14:16:13.0 (227089257)|STATEMENT_EXECUTE|[54]
14:16:13.0 (227116642)|METHOD_EXIT|[7]|01p50000002CIEo|ETLC_ApexBridge_Data.getInputValue(String)
14:16:13.0 (227123677)|VARIABLE_SCOPE_BEGIN|[7]|mode|String|false|false
14:16:13.0 (227133042)|VARIABLE_ASSIGNMENT|[7]|mode|"fetchFollowedUsers"
14:16:13.0 (227153611)|STATEMENT_EXECUTE|[9]
14:16:13.0 (227156606)|STATEMENT_EXECUTE|[10]
14:16:13.0 (227172354)|METHOD_ENTRY|[10]||System.UserInfo.getUserId()
14:16:13.0 (227212714)|METHOD_EXIT|[10]||System.UserInfo.getUserId()
14:16:13.0 (227224273)|HEAP_ALLOCATE|[10]|Bytes:4
14:16:13.0 (227248098)|METHOD_ENTRY|[10]|01p50000002D8iw|BFFFollow_Controller.fetchFollowedUsers(Id)
14:16:13.0 (227263975)|VARIABLE_SCOPE_BEGIN|[20]|this|BFFFollow_Controller|true|false
14:16:13.0 (227283974)|VARIABLE_ASSIGNMENT|[20]|this|{}|0x756b4fe1
14:16:13.0 (227290847)|VARIABLE_SCOPE_BEGIN|[20]|followedById|Id|false|false
14:16:13.0 (227420628)|VARIABLE_ASSIGNMENT|[20]|followedById|"00550000005cg71AAA"
14:16:13.0 (227441722)|HEAP_ALLOCATE|[21]|Bytes:5
14:16:13.0 (227448419)|STATEMENT_EXECUTE|[20]
14:16:13.0 (227450480)|STATEMENT_EXECUTE|[21]
14:16:13.0 (227461404)|HEAP_ALLOCATE|[21]|Bytes:63
14:16:13.0 (227509545)|HEAP_ALLOCATE|[21]|Bytes:18
14:16:13.0 (227532886)|HEAP_ALLOCATE|[21]|Bytes:90
14:16:13.0 (227540182)|VARIABLE_SCOPE_BEGIN|[21]|soql|String|false|false
14:16:13.0 (227553331)|VARIABLE_ASSIGNMENT|[21]|soql|"SELECT FollowedUsers (70 more) ..."
14:16:13.0 (227557780)|STATEMENT_EXECUTE|[22]
14:16:13.0 (227559769)|STATEMENT_EXECUTE|[22]
14:16:13.0 (227561475)|STATEMENT_EXECUTE|[23]
14:16:13.0 (227579135)|METHOD_ENTRY|[23]|01p50000002CIEt|ETLC_SecuredDB.query(String)
14:16:13.0 (227600816)|VARIABLE_SCOPE_BEGIN|[10]|SOQL|String|false|false
14:16:13.0 (227611768)|VARIABLE_ASSIGNMENT|[10]|SOQL|"SELECT FollowedUsers (70 more) ..."
14:16:13.0 (227629884)|HEAP_ALLOCATE|[12]|Bytes:5
14:16:13.0 (227635929)|STATEMENT_EXECUTE|[10]
14:16:13.0 (227637828)|STATEMENT_EXECUTE|[12]
14:16:13.0 (227898194)|SOQL_EXECUTE_BEGIN|[12]|Aggregations:0|SELECT FollowedUsers__c FROM BFFFollow__c WHERE FollowedBy__c='00550000005cg71AAA' limit 1
14:16:13.0 (250698952)|SOQL_EXECUTE_END|[12]|Rows:1
14:16:13.0 (250734396)|HEAP_ALLOCATE|[12]|Bytes:8
14:16:13.0 (250745361)|HEAP_ALLOCATE|[12]|Bytes:104
14:16:13.0 (250774462)|HEAP_ALLOCATE|[12]|Bytes:8
14:16:13.0 (250809271)|VARIABLE_SCOPE_BEGIN|[12]|dbRecords|List<SObject>|true|false
14:16:13.0 (250879125)|VARIABLE_ASSIGNMENT|[12]|dbRecords|{"s":1,"v":[{"s":2,"v":{"FollowedUsers__c":"[{\"005\":{\"name\":\"use (31 more) ...","Id":"a005000000ezTaLAAU"}}]}|0xe396c04
14:16:13.0 (250888777)|STATEMENT_EXECUTE|[20]
14:16:13.0 (250921173)|METHOD_ENTRY|[20]|01p50000002CIEt|ETLC_SecuredDB.findFields(List<SObject>)
14:16:13.0 (250936319)|VARIABLE_SCOPE_BEGIN|[108]|dbRecords|List<SObject>|true|false
14:16:13.0 (250963581)|VARIABLE_ASSIGNMENT|[108]|dbRecords|{"s":1,"v":[{"s":2,"v":{"FollowedUsers__c":"[{\"005\":{\"name\":\"use (31 more) ...","Id":"a005000000ezTaLAAU"}}]}|0xe396c04
14:16:13.0 (250996765)|HEAP_ALLOCATE|[109]|Bytes:5
14:16:13.0 (251003834)|STATEMENT_EXECUTE|[108]
14:16:13.0 (251007390)|STATEMENT_EXECUTE|[109]
14:16:13.0 (251021004)|VARIABLE_SCOPE_BEGIN|[109]|strJSON|String|false|false
14:16:13.0 (251031732)|VARIABLE_ASSIGNMENT|[109]|strJSON|null
14:16:13.0 (251034850)|STATEMENT_EXECUTE|[110]
14:16:13.0 (251047904)|VARIABLE_SCOPE_BEGIN|[110]|mapFields|Map<String,Set<String>>|true|false
14:16:13.0 (251063959)|VARIABLE_ASSIGNMENT|[110]|mapFields|null|
14:16:13.0 (251066968)|STATEMENT_EXECUTE|[112]
14:16:13.0 (251081880)|METHOD_ENTRY|[112]||System.JSON.serialize(Object)
14:16:13.0 (251549277)|METHOD_EXIT|[112]||System.JSON.serialize(Object)
14:16:13.0 (251569464)|VARIABLE_ASSIGNMENT|[112]|strJSON|"[{\"attributes\":{\"typ (201 more) ..."
14:16:13.0 (251575321)|STATEMENT_EXECUTE|[113]
14:16:13.0 (251596313)|HEAP_ALLOCATE|[113]|Bytes:226
14:16:13.0 (251624573)|USER_DEBUG|[113]|DEBUG|JSON:[{"attributes":{"type":"BFFFollow__c","url":"/services/data/v37.0/sobjects/BFFFollow__c/a005000000ezTaLAAU"},"FollowedUsers__c":"[{\"005\":{\"name\":\"user 1\"},\"006\":{\"name\":\"User 2\"}}]","Id":"a005000000ezTaLAAU"}]
14:16:13.0 (251631964)|STATEMENT_EXECUTE|[114]
14:16:13.0 (251643581)|HEAP_ALLOCATE|[114]|Bytes:4
14:16:13.0 (251676241)|VARIABLE_ASSIGNMENT|[114]|mapFields|{"s":1,"v":{}}|0x27683db6
14:16:13.0 (251681902)|STATEMENT_EXECUTE|[115]
14:16:13.0 (251700320)|METHOD_ENTRY|[115]||System.JSON.deserializeUntyped(String)
14:16:13.0 (252206307)|METHOD_EXIT|[115]||System.JSON.deserializeUntyped(String)
14:16:13.0 (252222687)|VARIABLE_SCOPE_BEGIN|[115]|records|List<ANY>|true|false
14:16:13.0 (252249906)|HEAP_ALLOCATE|[EXTERNAL]|Bytes:8
14:16:13.0 (252290087)|VARIABLE_ASSIGNMENT|[115]|records|{"s":1,"v":[{"s":2,"v":{"attributes":{"s":3,"v":{"type":"BFFFollow__c","url":"/services/data/v37.0 (41 more) ..."}},"FollowedUsers__c":"[{\"005\":{\"name\":\"use (31 more) ...","Id":"a005000000ezTaLAAU"}}]}|0x24676573
14:16:13.0 (252330387)|HEAP_ALLOCATE|[116]|Bytes:5
14:16:13.0 (252357919)|HEAP_ALLOCATE|[116]|Bytes:16
14:16:13.0 (252371307)|VARIABLE_SCOPE_BEGIN|[116]|record|Object|false|false
14:16:13.0 (252396614)|VARIABLE_ASSIGNMENT|[116]|record|{"s":1,"v":{"attributes":{"s":2,"v":{"type":"BFFFollow__c","url":"/services/data/v37.0 (41 more) ..."}},"FollowedUsers__c":"[{\"005\":{\"name\":\"use (31 more) ...","Id":"a005000000ezTaLAAU"}}
14:16:13.0 (252401175)|STATEMENT_EXECUTE|[116]
14:16:13.0 (252403069)|STATEMENT_EXECUTE|[117]
14:16:13.0 (252434391)|METHOD_ENTRY|[117]|01p50000002CIEt|ETLC_SecuredDB.findFieldsRecursive(Map<String,Set<String>>, Map<String,ANY>)
14:16:13.0 (252471415)|VARIABLE_SCOPE_BEGIN|[124]|mapFields|Map<String,Set<String>>|true|false
14:16:13.0 (252484913)|VARIABLE_ASSIGNMENT|[124]|mapFields|{"s":1,"v":{}}|0x27683db6
14:16:13.0 (252490130)|VARIABLE_SCOPE_BEGIN|[124]|record|Map<String,ANY>|true|false
14:16:13.0 (252514978)|VARIABLE_ASSIGNMENT|[124]|record|{"s":1,"v":{"attributes":{"s":2,"v":{"type":"BFFFollow__c","url":"/services/data/v37.0 (41 more) ..."}},"FollowedUsers__c":"[{\"005\":{\"name\":\"use (31 more) ...","Id":"a005000000ezTaLAAU"}}|0x61fb64b7
14:16:13.0 (252538195)|HEAP_ALLOCATE|[125]|Bytes:5
14:16:13.0 (252544954)|STATEMENT_EXECUTE|[124]
14:16:13.0 (252547224)|STATEMENT_EXECUTE|[125]
14:16:13.0 (252558624)|HEAP_ALLOCATE|[125]|Bytes:10
14:16:13.0 (252567498)|VARIABLE_SCOPE_BEGIN|[125]|strAttributes|String|false|false
14:16:13.0 (252578620)|VARIABLE_ASSIGNMENT|[125]|strAttributes|"attributes"
14:16:13.0 (252583495)|STATEMENT_EXECUTE|[126]
14:16:13.0 (252594964)|HEAP_ALLOCATE|[126]|Bytes:7
14:16:13.0 (252609484)|VARIABLE_SCOPE_BEGIN|[126]|strRecord|String|false|false
14:16:13.0 (252620298)|VARIABLE_ASSIGNMENT|[126]|strRecord|"records"
14:16:13.0 (252669918)|STATEMENT_EXECUTE|[127]
14:16:13.0 (252672643)|STATEMENT_EXECUTE|[128]
14:16:13.0 (252710355)|VARIABLE_SCOPE_BEGIN|[128]|attributes|Map<String,ANY>|true|false
14:16:13.0 (252729541)|VARIABLE_ASSIGNMENT|[128]|attributes|{"s":1,"v":{"type":"BFFFollow__c","url":"/services/data/v37.0 (41 more) ..."}}|0x296ba6be
14:16:13.0 (252733184)|STATEMENT_EXECUTE|[129]
14:16:13.0 (252740908)|HEAP_ALLOCATE|[129]|Bytes:4
14:16:13.0 (252784320)|VARIABLE_SCOPE_BEGIN|[129]|objectName|String|false|false
14:16:13.0 (252797281)|VARIABLE_ASSIGNMENT|[129]|objectName|"BFFFollow__c"
14:16:13.0 (252809767)|HEAP_ALLOCATE|[130]|Bytes:4
14:16:13.0 (252883929)|HEAP_ALLOCATE|[130]|Bytes:44
14:16:13.0 (252912160)|HEAP_ALLOCATE|[130]|Bytes:12
14:16:13.0 (252947079)|HEAP_ALLOCATE|[130]|Bytes:5
14:16:13.0 (252962552)|VARIABLE_SCOPE_BEGIN|[130]|fieldName|String|false|false
14:16:13.0 (252970685)|VARIABLE_ASSIGNMENT|[130]|fieldName|"attributes"
14:16:13.0 (252973561)|STATEMENT_EXECUTE|[130]
14:16:13.0 (252974758)|STATEMENT_EXECUTE|[131]
14:16:13.0 (253016692)|VARIABLE_SCOPE_BEGIN|[131]|field|Object|false|false
14:16:13.0 (253038573)|VARIABLE_ASSIGNMENT|[131]|field|{"s":1,"v":{"type":"BFFFollow__c","url":"/services/data/v37.0 (41 more) ..."}}
14:16:13.0 (253056501)|STATEMENT_EXECUTE|[132]
14:16:13.0 (253078505)|HEAP_ALLOCATE|[130]|Bytes:5
14:16:13.0 (253102441)|VARIABLE_SCOPE_BEGIN|[130]|fieldName|String|false|false
14:16:13.0 (253115220)|VARIABLE_ASSIGNMENT|[130]|fieldName|"FollowedUsers__c"
14:16:13.0 (253119840)|STATEMENT_EXECUTE|[130]
14:16:13.0 (253121916)|STATEMENT_EXECUTE|[131]
14:16:13.0 (253155831)|VARIABLE_SCOPE_BEGIN|[131]|field|Object|false|false
14:16:13.0 (253176935)|VARIABLE_ASSIGNMENT|[131]|field|"[{\"005\":{\"name\":\"use (31 more) ..."
14:16:13.0 (253196805)|HEAP_ALLOCATE|[134]|Bytes:68
14:16:13.0 (253224800)|STATEMENT_EXECUTE|[136]
14:16:13.0 (253227150)|STATEMENT_EXECUTE|[137]
14:16:13.0 (253240353)|HEAP_ALLOCATE|[137]|Bytes:4
14:16:13.0 (253276805)|VARIABLE_SCOPE_BEGIN|[137]|fieldNames|Set<String>|true|false
14:16:13.0 (253298344)|VARIABLE_ASSIGNMENT|[137]|fieldNames|{"s":1,"v":[]}|0x50db03c7
14:16:13.0 (253331007)|STATEMENT_EXECUTE|[138]
14:16:13.0 (253337221)|STATEMENT_EXECUTE|[139]
14:16:13.0 (253361757)|HEAP_ALLOCATE|[EXTERNAL]|Bytes:4
14:16:13.0 (253369385)|STATEMENT_EXECUTE|[140]
14:16:13.0 (253410639)|HEAP_ALLOCATE|[EXTERNAL]|Bytes:-4
14:16:13.0 (253436679)|HEAP_ALLOCATE|[130]|Bytes:5
14:16:13.0 (253459985)|VARIABLE_SCOPE_BEGIN|[130]|fieldName|String|false|false
14:16:13.0 (253471802)|VARIABLE_ASSIGNMENT|[130]|fieldName|"Id"
14:16:13.0 (253476652)|STATEMENT_EXECUTE|[130]
14:16:13.0 (253478847)|STATEMENT_EXECUTE|[131]
14:16:13.0 (253513364)|VARIABLE_SCOPE_BEGIN|[131]|field|Object|false|false
14:16:13.0 (253530226)|VARIABLE_ASSIGNMENT|[131]|field|"a005000000ezTaLAAU"
14:16:13.0 (253554380)|STATEMENT_EXECUTE|[136]
14:16:13.0 (253556554)|STATEMENT_EXECUTE|[137]
14:16:13.0 (253565715)|HEAP_ALLOCATE|[137]|Bytes:4
14:16:13.0 (253580139)|VARIABLE_SCOPE_BEGIN|[137]|fieldNames|Set<String>|true|false
14:16:13.0 (253603301)|VARIABLE_ASSIGNMENT|[137]|fieldNames|{"s":1,"v":[]}|0x6abf1bb7
14:16:13.0 (253617989)|STATEMENT_EXECUTE|[138]
14:16:13.0 (253648589)|VARIABLE_ASSIGNMENT|[138]|fieldNames|{"s":1,"v":["FollowedUsers__c"]}|0x50db03c7
14:16:13.0 (253652430)|STATEMENT_EXECUTE|[139]
14:16:13.0 (253664984)|HEAP_ALLOCATE|[EXTERNAL]|Bytes:4
14:16:13.0 (253674377)|STATEMENT_EXECUTE|[140]
14:16:13.0 (253713998)|HEAP_ALLOCATE|[130]|Bytes:5
14:16:13.0 (253736575)|VARIABLE_ASSIGNMENT|[130]|fieldName|null
14:16:13.0 (253754648)|METHOD_EXIT|[117]|01p50000002CIEt|ETLC_SecuredDB.findFieldsRecursive(Map<String,Set<String>>, Map<String,ANY>)
14:16:13.0 (253775143)|HEAP_ALLOCATE|[116]|Bytes:5
14:16:13.0 (253803296)|VARIABLE_ASSIGNMENT|[116]|record|null
14:16:13.0 (253813453)|HEAP_ALLOCATE|[119]|Bytes:4
14:16:13.0 (253848042)|HEAP_ALLOCATE|[119]|Bytes:20
14:16:13.0 (253868733)|HEAP_ALLOCATE|[119]|Bytes:4
14:16:13.0 (253900154)|HEAP_ALLOCATE|[119]|Bytes:5
14:16:13.0 (253923305)|VARIABLE_SCOPE_BEGIN|[119]|objectName|String|false|false
14:16:13.0 (253934470)|VARIABLE_ASSIGNMENT|[119]|objectName|"BFFFollow__c"
14:16:13.0 (253939142)|STATEMENT_EXECUTE|[119]
14:16:13.0 (253940883)|STATEMENT_EXECUTE|[120]
14:16:13.0 (253951592)|HEAP_ALLOCATE|[120]|Bytes:2
14:16:13.0 (254033669)|HEAP_ALLOCATE|[120]|Bytes:22
14:16:13.0 (254059205)|HEAP_ALLOCATE|[120]|Bytes:36
14:16:13.0 (254078341)|USER_DEBUG|[120]|DEBUG|BFFFollow__c: {FollowedUsers__c, Id}
14:16:13.0 (254100168)|HEAP_ALLOCATE|[119]|Bytes:5
14:16:13.0 (254120385)|VARIABLE_ASSIGNMENT|[119]|objectName|null
14:16:13.0 (254126014)|STATEMENT_EXECUTE|[122]
14:16:13.0 (254143168)|METHOD_EXIT|[20]|01p50000002CIEt|ETLC_SecuredDB.findFields(List<SObject>)
14:16:13.0 (254155407)|METHOD_ENTRY|[20]|01p50000002CIEt|ETLC_SecuredDB.validate(ETLC_SecuredDB.Operation, Map<String,Set<String>>)
14:16:13.0 (254163080)|VARIABLE_SCOPE_BEGIN|[55]|op|ETLC_SecuredDB.Operation|true|false
14:16:13.0 (254187184)|VARIABLE_ASSIGNMENT|[55]|op|"Querying"|0x387760c3
14:16:13.0 (254191113)|VARIABLE_SCOPE_BEGIN|[55]|mapFieldNames|Map<String,Set<String>>|true|false
14:16:13.0 (254213190)|VARIABLE_ASSIGNMENT|[55]|mapFieldNames|{"s":1,"v":{"BFFFollow__c":{"s":2,"v":["FollowedUsers__c","Id"]}}}|0x27683db6
14:16:13.0 (254231378)|HEAP_ALLOCATE|[56]|Bytes:5
14:16:13.0 (254237238)|STATEMENT_EXECUTE|[55]
14:16:13.0 (254238998)|STATEMENT_EXECUTE|[56]
14:16:13.0 (254248570)|VARIABLE_SCOPE_BEGIN|[56]|securityMessage|String|false|false
14:16:13.0 (254256198)|VARIABLE_ASSIGNMENT|[56]|securityMessage|null
14:16:13.0 (254258955)|STATEMENT_EXECUTE|[57]
14:16:13.0 (258689925)|HEAP_ALLOCATE|[57]|Bytes:1236
14:16:13.0 (258734300)|VARIABLE_SCOPE_BEGIN|[57]|mapObjects|Map<String,Schema.SObjectType>|true|false
14:16:13.0 (258998660)|VARIABLE_ASSIGNMENT|[57]|mapObjects|"{acceptedeventrelation=AcceptedEventRelation, account=Account, accountcontactrole=AccountContactRole, accounthistory=AccountHistory, accountpartner=AccountPartner, accountshare=AccountShare, actionlinkgrouptemplate=ActionLinkGroupTemplate, actionlinktemplate=ActionLinkTemplate, activityhistory=ActivityHistory, additionalnumber=AdditionalNumber, ...}"|0x1e151e08
14:16:13.0 (259017672)|HEAP_ALLOCATE|[58]|Bytes:4
14:16:13.0 (259079464)|HEAP_ALLOCATE|[58]|Bytes:20
14:16:13.0 (259108460)|HEAP_ALLOCATE|[58]|Bytes:4
14:16:13.0 (259154325)|HEAP_ALLOCATE|[58]|Bytes:5
14:16:13.0 (259188079)|VARIABLE_SCOPE_BEGIN|[58]|sObjectName|String|false|false
14:16:13.0 (259204115)|VARIABLE_ASSIGNMENT|[58]|sObjectName|"BFFFollow__c"
14:16:13.0 (259210324)|STATEMENT_EXECUTE|[58]
14:16:13.0 (259213253)|STATEMENT_EXECUTE|[59]
14:16:13.0 (259231340)|HEAP_ALLOCATE|[59]|Bytes:9
14:16:13.0 (259240243)|HEAP_ALLOCATE|[59]|Bytes:7
14:16:13.0 (259330705)|HEAP_ALLOCATE|[59]|Bytes:8
14:16:13.0 (259351718)|HEAP_ALLOCATE|[59]|Bytes:1
14:16:13.0 (259374170)|HEAP_ALLOCATE|[59]|Bytes:37
14:16:13.0 (259393527)|VARIABLE_ASSIGNMENT|[59]|securityMessage|"CRUD on [BFFFollow__ (17 more) ..."
14:16:13.0 (259399202)|STATEMENT_EXECUTE|[60]
14:16:13.0 (259411211)|HEAP_ALLOCATE|[60]|Bytes:10
14:16:13.0 (259424977)|HEAP_ALLOCATE|[60]|Bytes:47
14:16:13.0 (259478658)|USER_DEBUG|[60]|DEBUG|Checking: CRUD on [BFFFollow__c] for [Querying]
14:16:13.0 (259491553)|STATEMENT_EXECUTE|[61]
14:16:13.0 (259868787)|HEAP_ALLOCATE|[61]|Bytes:4
14:16:13.0 (259921913)|VARIABLE_SCOPE_BEGIN|[61]|drSObj|Schema.DescribeSObjectResult|true|false
14:16:13.0 (260006188)|VARIABLE_ASSIGNMENT|[61]|drSObj|"common.api.soap.wsdl.DescribeSObjectResult@a54f9caa"|0x7d379d96
14:16:13.0 (260177683)|STATEMENT_EXECUTE|[64]
14:16:13.0 (260203507)|STATEMENT_EXECUTE|[65]
14:16:13.0 (260261489)|STATEMENT_EXECUTE|[77]
14:16:13.0 (260264236)|STATEMENT_EXECUTE|[79]
14:16:13.0 (260494614)|HEAP_ALLOCATE|[79]|Bytes:56
14:16:13.0 (260507638)|VARIABLE_SCOPE_BEGIN|[79]|mapFields|Map<String,Schema.SObjectField>|true|false
14:16:13.0 (260688542)|VARIABLE_ASSIGNMENT|[79]|mapFields|"{createdbyid=CreatedById, createddate=CreatedDate, followedby__c=FollowedBy__c, followedusers__c=FollowedUsers__c, id=Id, isdeleted=IsDeleted, lastmodifiedbyid=LastModifiedById, lastmodifieddate=LastModifiedDate, lastreferenceddate=LastReferencedDate, lastvieweddate=LastViewedDate, ...}"|0x5fedd5e3
14:16:13.0 (260701225)|HEAP_ALLOCATE|[80]|Bytes:4
14:16:13.0 (260756882)|HEAP_ALLOCATE|[80]|Bytes:8
14:16:13.0 (260791795)|HEAP_ALLOCATE|[80]|Bytes:5
14:16:13.0 (260815642)|VARIABLE_SCOPE_BEGIN|[80]|fieldName|String|false|false
14:16:13.0 (260827992)|VARIABLE_ASSIGNMENT|[80]|fieldName|"FollowedUsers__c"
14:16:13.0 (260832801)|STATEMENT_EXECUTE|[80]
14:16:13.0 (260834769)|STATEMENT_EXECUTE|[81]
14:16:13.0 (261752585)|HEAP_ALLOCATE|[81]|Bytes:8
14:16:13.0 (261804928)|VARIABLE_SCOPE_BEGIN|[81]|drField|Schema.DescribeFieldResult|true|false
14:16:13.0 (261891406)|VARIABLE_ASSIGNMENT|[81]|drField|"common.api.soap.wsdl.Field@67989163"|0x35dbd677
14:16:13.0 (261916206)|STATEMENT_EXECUTE|[82]
14:16:13.0 (261918550)|STATEMENT_EXECUTE|[83]
14:16:13.0 (261927850)|HEAP_ALLOCATE|[83]|Bytes:8
14:16:13.0 (261932782)|HEAP_ALLOCATE|[83]|Bytes:1
14:16:13.0 (261982666)|HEAP_ALLOCATE|[83]|Bytes:8
14:16:13.0 (262016359)|HEAP_ALLOCATE|[83]|Bytes:52
14:16:13.0 (262031976)|HEAP_ALLOCATE|[83]|Bytes:53
14:16:13.0 (262047782)|VARIABLE_ASSIGNMENT|[83]|securityMessage|"FLS on [BFFFollow__c (33 more) ..."
14:16:13.0 (262052927)|STATEMENT_EXECUTE|[84]
14:16:13.0 (262070452)|HEAP_ALLOCATE|[84]|Bytes:63
14:16:13.0 (262116533)|USER_DEBUG|[84]|DEBUG|Checking: FLS on [BFFFollow__c.FollowedUsers__c] for [Querying]
14:16:13.0 (262254472)|STATEMENT_EXECUTE|[87]
14:16:13.0 (262272410)|STATEMENT_EXECUTE|[88]
14:16:13.0 (262290739)|HEAP_ALLOCATE|[80]|Bytes:5
14:16:13.0 (262308085)|VARIABLE_SCOPE_BEGIN|[80]|fieldName|String|false|false
14:16:13.0 (262316734)|VARIABLE_ASSIGNMENT|[80]|fieldName|"Id"
14:16:13.0 (262319313)|STATEMENT_EXECUTE|[80]
14:16:13.0 (262320461)|STATEMENT_EXECUTE|[81]
14:16:13.0 (262494928)|HEAP_ALLOCATE|[81]|Bytes:8
14:16:13.0 (262507203)|VARIABLE_SCOPE_BEGIN|[81]|drField|Schema.DescribeFieldResult|true|false
14:16:13.0 (262569081)|VARIABLE_ASSIGNMENT|[81]|drField|"common.api.soap.wsdl.Field@f2add5fa"|0x478e9271
14:16:13.0 (262581795)|STATEMENT_EXECUTE|[99]
14:16:13.0 (262583259)|STATEMENT_EXECUTE|[100]
14:16:13.0 (262591817)|HEAP_ALLOCATE|[100]|Bytes:22
14:16:13.0 (262638998)|HEAP_ALLOCATE|[100]|Bytes:8
14:16:13.0 (262654588)|HEAP_ALLOCATE|[100]|Bytes:52
14:16:13.0 (262659359)|HEAP_ALLOCATE|[100]|Bytes:35
14:16:13.0 (262663418)|HEAP_ALLOCATE|[100]|Bytes:87
14:16:13.0 (262677377)|USER_DEBUG|[100]|DEBUG|Bypass Check: FLS on [BFFFollow__c.Id] for [Querying] since it's not isPermissionable()
14:16:13.0 (262700339)|HEAP_ALLOCATE|[80]|Bytes:5
14:16:13.0 (262723382)|VARIABLE_ASSIGNMENT|[80]|fieldName|null
14:16:13.0 (262743512)|HEAP_ALLOCATE|[58]|Bytes:5
14:16:13.0 (262762475)|VARIABLE_ASSIGNMENT|[58]|sObjectName|null
14:16:13.0 (262784427)|METHOD_EXIT|[20]|01p50000002CIEt|ETLC_SecuredDB.validate(ETLC_SecuredDB.Operation, Map<String,Set<String>>)
14:16:13.0 (262792350)|STATEMENT_EXECUTE|[21]
14:16:13.0 (262813652)|METHOD_EXIT|[23]|01p50000002CIEt|ETLC_SecuredDB.query(String)
14:16:13.0 (262825946)|VARIABLE_SCOPE_BEGIN|[23]|dbRecords|List<SObject>|true|false
14:16:13.0 (262874863)|VARIABLE_ASSIGNMENT|[23]|dbRecords|{"s":1,"v":[{"s":2,"v":{"FollowedUsers__c":"[{\"005\":{\"name\":\"use (31 more) ...","Id":"a005000000ezTaLAAU"}}]}|0xe396c04
14:16:13.0 (262888647)|STATEMENT_EXECUTE|[24]
14:16:13.0 (262891455)|STATEMENT_EXECUTE|[24]
14:16:13.0 (262985334)|USER_DEBUG|[24]|DEBUG|(BFFFollow__c:{FollowedUsers__c=[{"005":{"name":"user 1"},"006":{"name":"User 2"}}], Id=a005000000ezTaLAAU})
14:16:13.0 (263033833)|STATEMENT_EXECUTE|[25]
14:16:13.0 (263042648)|STATEMENT_EXECUTE|[26]
14:16:13.0 (263044496)|STATEMENT_EXECUTE|[27]
14:16:13.0 (263056033)|HEAP_ALLOCATE|[27]|Bytes:18
14:16:13.0 (263072794)|HEAP_ALLOCATE|[27]|Bytes:12
14:16:13.0 (263081801)|HEAP_ALLOCATE|[27]|Bytes:16
14:16:13.0 (263181961)|HEAP_ALLOCATE|[27]|Bytes:51
14:16:13.0 (263219332)|HEAP_ALLOCATE|[27]|Bytes:51
14:16:13.0 (263239627)|HEAP_ALLOCATE|[27]|Bytes:69
14:16:13.0 (263258084)|USER_DEBUG|[27]|DEBUG|FollowedUsers__c::[{"005":{"name":"user 1"},"006":{"name":"User 2"}}]
14:16:13.0 (263268735)|STATEMENT_EXECUTE|[29]
14:16:13.0 (263287309)|HEAP_ALLOCATE|[29]|Bytes:12
14:16:13.0 (263356711)|HEAP_ALLOCATE|[29]|Bytes:51
14:16:13.0 (263381447)|METHOD_EXIT|[10]|01p50000002D8iw|BFFFollow_Controller.fetchFollowedUsers(Id)
14:16:13.0 (263490089)|VARIABLE_ASSIGNMENT|[EXTERNAL]|this|{"debug":true,"input":"{\"mode\":\"fetchFollow (9 more) ...","isSuccess":true,"messages":"0x7f9bbfc7","operation":"BFFFollow_Controller"}|0x513fe41a
14:16:13.0 (263506624)|VARIABLE_ASSIGNMENT|[EXTERNAL]|value|"[{\"005\":{\"name\":\"use (31 more) ..."
14:16:13.0 (263527731)|VARIABLE_ASSIGNMENT|[12]|this.output|"[{\"005\":{\"name\":\"use (31 more) ..."|0x513fe41a
14:16:13.0 (263538387)|STATEMENT_EXECUTE|[11]
14:16:13.0 (263630998)|VARIABLE_ASSIGNMENT|[EXTERNAL]|this|{"debug":true,"input":"{\"mode\":\"fetchFollow (9 more) ...","isSuccess":true,"messages":"0x7f9bbfc7","operation":"BFFFollow_Controller","output":"[{\"005\":{\"name\":\"use (31 more) ..."}|0x513fe41a
14:16:13.0 (263699191)|VARIABLE_ASSIGNMENT|[EXTERNAL]|this|{"debug":true,"input":"{\"mode\":\"fetchFollow (9 more) ...","isSuccess":true,"messages":"0x7f9bbfc7","operation":"BFFFollow_Controller","output":"[{\"005\":{\"name\":\"use (31 more) ..."}|0x513fe41a
14:16:13.0 (263710046)|VARIABLE_ASSIGNMENT|[EXTERNAL]|value|true
14:16:13.0 (263716311)|HEAP_ALLOCATE|[15]|Bytes:5
14:16:13.0 (263726052)|VARIABLE_ASSIGNMENT|[15]|this.outputFlag|true|0x513fe41a
14:16:13.0 (263738702)|STATEMENT_EXECUTE|[12]
14:16:13.0 (263741226)|STATEMENT_EXECUTE|[12]
14:16:13.0 (263814400)|USER_DEBUG|[12]|DEBUG|ETLC_ApexBridge_Data:[debug=true, input={"mode":"fetchFollowedUsers"}, isSuccess=true, messages={}, operation=BFFFollow_Controller, output=[{"005":{"name":"user 1"},"006":{"name":"User 2"}}], outputFlag=true, records=null]
14:16:13.0 (263834573)|METHOD_EXIT|[9]|01p50000002D8iw|BFFFollow_Controller.process(ETLC_ApexBridge_Data)
14:16:13.0 (263840816)|STATEMENT_EXECUTE|[24]
14:16:13.0 (263854628)|METHOD_ENTRY|[24]|01p50000002CIEo|ETLC_ApexBridge_Data.toJSON()
14:16:13.0 (263861558)|VARIABLE_SCOPE_BEGIN|[57]|this|ETLC_ApexBridge_Data|true|false
14:16:13.0 (263905159)|VARIABLE_ASSIGNMENT|[57]|this|{"debug":true,"input":"{\"mode\":\"fetchFollow (9 more) ...","isSuccess":true,"messages":"0x7f9bbfc7","operation":"BFFFollow_Controller","output":"[{\"005\":{\"name\":\"use (31 more) ...","outputFlag":true}|0x513fe41a
14:16:13.0 (263924537)|STATEMENT_EXECUTE|[57]
14:16:13.0 (263926836)|STATEMENT_EXECUTE|[58]
14:16:13.0 (263942819)|METHOD_ENTRY|[58]||System.JSON.serialize(Object)
14:16:13.0 (264059760)|STATEMENT_EXECUTE|[22]
14:16:13.0 (264066302)|STATEMENT_EXECUTE|[23]
14:16:13.0 (264074255)|STATEMENT_EXECUTE|[24]
14:16:13.0 (264125165)|STATEMENT_EXECUTE|[31]
14:16:13.0 (264130298)|STATEMENT_EXECUTE|[32]
14:16:13.0 (264138137)|STATEMENT_EXECUTE|[33]
14:16:13.0 (264365336)|METHOD_EXIT|[58]||System.JSON.serialize(Object)
14:16:13.0 (264373932)|METHOD_EXIT|[24]|01p50000002CIEo|ETLC_ApexBridge_Data.toJSON()
14:16:13.0 (264381660)|METHOD_EXIT|[37]|01p50000002CIEm|ETLC_ApexBridge_Controller.execute(String)
14:16:13.0 (264388524)|VARIABLE_SCOPE_BEGIN|[37]|strD2|String|false|false
14:16:13.0 (264402037)|VARIABLE_ASSIGNMENT|[37]|strD2|"{\"records\":null,\"out (212 more) ..."
14:16:13.0 (264405782)|STATEMENT_EXECUTE|[38]
14:16:13.0 (264441985)|USER_DEBUG|[38]|DEBUG|{"records":null,"outputFlag":true,"output":"[{\"005\":{\"name\":\"user 1\"},\"006\":{\"name\":\"User 2\"}}]","operation":"BFFFollow_Controller","messages":{},"isSuccess":true,"input":"{\"mode\":\"fetchFollowedUsers\"}","debug":true}
14:16:13.0 (264452235)|STATEMENT_EXECUTE|[39]
14:16:13.0 (264465894)|METHOD_ENTRY|[39]|01p50000002CIEo|ETLC_ApexBridge_Data.fromJSON(String)
14:16:13.0 (264483757)|VARIABLE_SCOPE_BEGIN|[60]|strJson|String|false|false
14:16:13.0 (264494853)|VARIABLE_ASSIGNMENT|[60]|strJson|"{\"records\":null,\"out (212 more) ..."
14:16:13.0 (264505204)|STATEMENT_EXECUTE|[60]
14:16:13.0 (264507369)|STATEMENT_EXECUTE|[61]
14:16:13.0 (264581030)|HEAP_ALLOCATE|[61]|Bytes:8
14:16:13.0 (264590651)|HEAP_ALLOCATE|[61]|Bytes:8
14:16:13.0 (264597170)|VARIABLE_SCOPE_BEGIN|[4]|this|System.Type|true|false
14:16:13.0 (264638929)|VARIABLE_ASSIGNMENT|[4]|this|{}|0x4956ade6
14:16:13.0 (264644306)|VARIABLE_SCOPE_BEGIN|[4]|apextype|java:common.apex.runtime.ApexObjectType|true|false
14:16:13.0 (264761173)|VARIABLE_ASSIGNMENT|[4]|apextype|"ETLC_ApexBridge_Data"|0x7d56576e
14:16:13.0 (264819527)|HEAP_ALLOCATE|[61]|Bytes:8
14:16:13.0 (264837414)|METHOD_ENTRY|[61]||System.JSON.deserializeStrict(String, System.Type)
14:16:13.0 (265343894)|METHOD_EXIT|[61]||System.JSON.deserializeStrict(String, System.Type)
14:16:13.0 (265361095)|METHOD_EXIT|[39]|01p50000002CIEo|ETLC_ApexBridge_Data.fromJSON(String)
14:16:13.0 (265368110)|VARIABLE_SCOPE_BEGIN|[39]|d2|ETLC_ApexBridge_Data|true|false
14:16:13.0 (265425559)|VARIABLE_ASSIGNMENT|[39]|d2|{"debug":true,"input":"{\"mode\":\"fetchFollow (9 more) ...","isSuccess":true,"messages":"0x5712f2f6","operation":"BFFFollow_Controller","output":"[{\"005\":{\"name\":\"use (31 more) ...","outputFlag":true}|0x113e5629
14:16:13.0 (265433458)|STATEMENT_EXECUTE|[40]
14:16:13.0 (265519784)|VARIABLE_ASSIGNMENT|[EXTERNAL]|this|{"debug":true,"input":"{\"mode\":\"fetchFollow (9 more) ...","isSuccess":true,"messages":"0x5712f2f6","operation":"BFFFollow_Controller","output":"[{\"005\":{\"name\":\"use (31 more) ...","outputFlag":true}|0x113e5629
14:16:13.0 (265568349)|STATEMENT_EXECUTE|[41]
14:16:13.0 (265656935)|VARIABLE_ASSIGNMENT|[EXTERNAL]|this|{"debug":true,"input":"{\"mode\":\"fetchFollow (9 more) ...","isSuccess":true,"messages":"0x5712f2f6","operation":"BFFFollow_Controller","output":"[{\"005\":{\"name\":\"use (31 more) ...","outputFlag":true}|0x113e5629
14:16:13.0 (265701288)|SYSTEM_MODE_EXIT|false
14:16:13.265 (265755682)|CUMULATIVE_LIMIT_USAGE
14:16:13.265 (265755682)|LIMIT_USAGE_FOR_NS|(default)|
  Number of SOQL queries: 4 out of 100
  Number of query rows: 3 out of 50000
  Number of SOSL queries: 0 out of 20
  Number of DML statements: 1 out of 150
  Number of DML rows: 1 out of 10000
  Maximum CPU time: 0 out of 10000
  Maximum heap size: 0 out of 6000000
  Number of callouts: 0 out of 100
  Number of Email Invocations: 0 out of 10
  Number of future calls: 0 out of 50
  Number of queueable jobs added to the queue: 0 out of 50
  Number of Mobile Apex push calls: 0 out of 10

14:16:13.265 (265755682)|CUMULATIVE_LIMIT_USAGE_END

14:16:13.0 (265813575)|CODE_UNIT_FINISHED|BFFFollow_Controller_Test.BFFFollow_Controller_fetchFollowedUserss_Positive_Test
14:16:13.0 (267811482)|EXECUTION_FINISHED
14:16:13.299 (299704678)|USER_INFO|[EXTERNAL]|00550000005cg71|bfffollow@jr.te|Eastern Standard Time|GMT-04:00
14:16:13.299 (299735845)|EXECUTION_STARTED
14:16:13.299 (299743171)|CODE_UNIT_STARTED|[EXTERNAL]|01p50000002DHPJ|BFFFollow_Controller_Test.BFFFollow_Controller_saveFollowedUsers_Positive_Test
14:16:13.299 (299921986)|HEAP_ALLOCATE|[72]|Bytes:3
14:16:13.299 (299969403)|HEAP_ALLOCATE|[77]|Bytes:152
14:16:13.299 (299993971)|HEAP_ALLOCATE|[342]|Bytes:408
14:16:13.299 (300026671)|HEAP_ALLOCATE|[355]|Bytes:408
14:16:13.299 (300058788)|HEAP_ALLOCATE|[467]|Bytes:48
14:16:13.299 (300103430)|HEAP_ALLOCATE|[139]|Bytes:6
14:16:13.299 (300140782)|HEAP_ALLOCATE|[EXTERNAL]|Bytes:71
14:16:13.299 (300167236)|METHOD_ENTRY|[2]|01p50000002DHPJ|BFFFollow_Controller_Test.BFFFollow_Controller_Test()
14:16:13.299 (300173937)|STATEMENT_EXECUTE|[2]
14:16:13.299 (300183205)|STATEMENT_EXECUTE|[2]
14:16:13.299 (300916797)|SYSTEM_MODE_ENTER|false
14:16:13.299 (300958637)|HEAP_ALLOCATE|[50]|Bytes:5
14:16:13.299 (300992848)|HEAP_ALLOCATE|[56]|Bytes:5
14:16:13.299 (301011968)|HEAP_ALLOCATE|[64]|Bytes:7
14:16:13.299 (301036986)|HEAP_ALLOCATE|[EXTERNAL]|Bytes:5
14:16:13.299 (301047347)|SYSTEM_MODE_EXIT|false
14:16:13.299 (301062782)|METHOD_EXIT|[2]|BFFFollow_Controller_Test
14:16:13.299 (301112384)|SYSTEM_MODE_ENTER|false
14:16:13.299 (301120843)|HEAP_ALLOCATE|[5]|Bytes:5
14:16:13.299 (301127438)|STATEMENT_EXECUTE|[4]
14:16:13.299 (301129725)|STATEMENT_EXECUTE|[5]
14:16:13.299 (301150540)|HEAP_ALLOCATE|[5]|Bytes:4
14:16:13.299 (301168580)|HEAP_ALLOCATE|[5]|Bytes:4
14:16:13.299 (301173954)|HEAP_ALLOCATE|[5]|Bytes:17
14:16:13.299 (301203013)|HEAP_ALLOCATE|[6]|Bytes:13
14:16:13.299 (301208281)|HEAP_ALLOCATE|[6]|Bytes:51
14:16:13.299 (301228398)|VARIABLE_SCOPE_BEGIN|[5]|data|Map<String,String>|true|false
14:16:13.299 (301306741)|VARIABLE_ASSIGNMENT|[5]|data|{"s":1,"v":{"mode":"saveFollowedUsers","followedUsers":"[{\"005\":{\"name\":\"use (31 more) ..."}}|0x158d0f74
14:16:13.299 (301312674)|STATEMENT_EXECUTE|[9]
14:16:13.299 (301337139)|HEAP_ALLOCATE|[9]|Bytes:11
14:16:13.299 (301345499)|HEAP_ALLOCATE|[9]|Bytes:248
14:16:13.299 (301350785)|HEAP_ALLOCATE|[9]|Bytes:39
14:16:13.299 (301366140)|METHOD_ENTRY|[2]|01p50000002CIEo|ETLC_ApexBridge_Data.ETLC_ApexBridge_Data()
14:16:13.299 (301370254)|STATEMENT_EXECUTE|[2]
14:16:13.299 (301375952)|STATEMENT_EXECUTE|[2]
14:16:13.299 (301385332)|METHOD_EXIT|[2]|ETLC_ApexBridge_Data
14:16:13.299 (301393213)|HEAP_ALLOCATE|[9]|Bytes:36
14:16:13.299 (301413305)|CONSTRUCTOR_ENTRY|[9]|01p50000002CIEo|<init>()
14:16:13.299 (301423135)|VARIABLE_SCOPE_BEGIN|[2]|this|ETLC_ApexBridge_Data|true|false
14:16:13.299 (301473257)|VARIABLE_ASSIGNMENT|[2]|this|{}|0x2d6d6f0d
14:16:13.299 (301489395)|HEAP_ALLOCATE|[EXTERNAL]|Bytes:6
14:16:13.299 (301528536)|STATEMENT_EXECUTE|[2]
14:16:13.299 (301532211)|STATEMENT_EXECUTE|[6]
14:16:13.299 (301541001)|STATEMENT_EXECUTE|[9]
14:16:13.299 (301545822)|STATEMENT_EXECUTE|[12]
14:16:13.299 (301549818)|STATEMENT_EXECUTE|[15]
14:16:13.299 (301553598)|STATEMENT_EXECUTE|[18]
14:16:13.299 (301557780)|STATEMENT_EXECUTE|[21]
14:16:13.299 (301562355)|STATEMENT_EXECUTE|[30]
14:16:13.299 (301566974)|STATEMENT_EXECUTE|[39]
14:16:13.299 (301579135)|CONSTRUCTOR_EXIT|[9]|01p50000002CIEo|<init>()
14:16:13.299 (301592902)|VARIABLE_SCOPE_BEGIN|[9]|d1|ETLC_ApexBridge_Data|true|false
14:16:13.299 (301630437)|VARIABLE_ASSIGNMENT|[9]|d1|{}|0x2d6d6f0d
14:16:13.299 (301637371)|STATEMENT_EXECUTE|[10]
14:16:13.299 (301649325)|HEAP_ALLOCATE|[10]|Bytes:20
14:16:13.299 (301703824)|VARIABLE_ASSIGNMENT|[EXTERNAL]|this|{}|0x2d6d6f0d
14:16:13.299 (301715656)|VARIABLE_ASSIGNMENT|[EXTERNAL]|value|"BFFFollow_Controller"
14:16:13.299 (301739150)|VARIABLE_ASSIGNMENT|[6]|this.operation|"BFFFollow_Controller"|0x2d6d6f0d
14:16:13.299 (301753058)|STATEMENT_EXECUTE|[11]
14:16:13.299 (301772660)|METHOD_ENTRY|[11]|01p50000002CIEo|ETLC_ApexBridge_Data.encodeData(Object)
14:16:13.299 (301778896)|VARIABLE_SCOPE_BEGIN|[64]|value|Object|false|false
14:16:13.299 (301798214)|VARIABLE_ASSIGNMENT|[64]|value|{"s":1,"v":{"mode":"saveFollowedUsers","followedUsers":"[{\"005\":{\"name\":\"use (31 more) ..."}}
14:16:13.299 (301807614)|STATEMENT_EXECUTE|[64]
14:16:13.299 (301808945)|STATEMENT_EXECUTE|[65]
14:16:13.299 (301828162)|HEAP_ALLOCATE|[65]|Bytes:24
14:16:13.299 (301842687)|SYSTEM_METHOD_ENTRY|[1]|JSON.JSON()
14:16:13.299 (301845645)|STATEMENT_EXECUTE|[1]
14:16:13.299 (301854991)|SYSTEM_METHOD_EXIT|[1]|JSON
14:16:13.299 (301864291)|METHOD_ENTRY|[65]||System.JSON.serialize(Object)
14:16:13.299 (302325274)|METHOD_EXIT|[65]||System.JSON.serialize(Object)
14:16:13.299 (302337244)|METHOD_EXIT|[11]|01p50000002CIEo|ETLC_ApexBridge_Data.encodeData(Object)
14:16:13.299 (302389534)|VARIABLE_ASSIGNMENT|[EXTERNAL]|this|{"operation":"BFFFollow_Controller"}|0x2d6d6f0d
14:16:13.299 (302403516)|VARIABLE_ASSIGNMENT|[EXTERNAL]|value|"{\"followedUsers\":\"[{ (90 more) ..."
14:16:13.299 (302422923)|VARIABLE_ASSIGNMENT|[9]|this.input|"{\"followedUsers\":\"[{ (90 more) ..."|0x2d6d6f0d
14:16:13.299 (302434242)|STATEMENT_EXECUTE|[12]
14:16:13.299 (302494791)|VARIABLE_ASSIGNMENT|[EXTERNAL]|this|{"input":"{\"followedUsers\":\"[{ (90 more) ...","operation":"BFFFollow_Controller"}|0x2d6d6f0d
14:16:13.299 (302508385)|VARIABLE_ASSIGNMENT|[EXTERNAL]|value|true
14:16:13.299 (302517036)|HEAP_ALLOCATE|[18]|Bytes:5
14:16:13.299 (302528696)|VARIABLE_ASSIGNMENT|[18]|this.debug|true|0x2d6d6f0d
14:16:13.299 (302540782)|STATEMENT_EXECUTE|[14]
14:16:13.299 (302564658)|METHOD_ENTRY|[14]|01p50000002CIEo|ETLC_ApexBridge_Data.toJSON()
14:16:13.299 (302573423)|VARIABLE_SCOPE_BEGIN|[57]|this|ETLC_ApexBridge_Data|true|false
14:16:13.299 (302621755)|VARIABLE_ASSIGNMENT|[57]|this|{"debug":true,"input":"{\"followedUsers\":\"[{ (90 more) ...","operation":"BFFFollow_Controller"}|0x2d6d6f0d
14:16:13.299 (302636084)|STATEMENT_EXECUTE|[57]
14:16:13.299 (302638795)|STATEMENT_EXECUTE|[58]
14:16:13.299 (302655169)|METHOD_ENTRY|[58]||System.JSON.serialize(Object)
14:16:13.299 (302743258)|STATEMENT_EXECUTE|[22]
14:16:13.299 (302748917)|STATEMENT_EXECUTE|[23]
14:16:13.299 (302763358)|HEAP_ALLOCATE|[23]|Bytes:5
14:16:13.299 (302778617)|VARIABLE_ASSIGNMENT|[23]|this.isSuccess|true|0x2d6d6f0d
14:16:13.299 (302783213)|STATEMENT_EXECUTE|[24]
14:16:13.299 (302837925)|STATEMENT_EXECUTE|[31]
14:16:13.299 (302844706)|STATEMENT_EXECUTE|[32]
14:16:13.299 (302860766)|HEAP_ALLOCATE|[32]|Bytes:4
14:16:13.299 (302896832)|VARIABLE_ASSIGNMENT|[32]|this.messages|{"s":1,"v":{}}|0x2d6d6f0d
14:16:13.299 (302903109)|STATEMENT_EXECUTE|[33]
14:16:13.299 (303136786)|METHOD_EXIT|[58]||System.JSON.serialize(Object)
14:16:13.299 (303148108)|METHOD_EXIT|[14]|01p50000002CIEo|ETLC_ApexBridge_Data.toJSON()
14:16:13.299 (303169606)|HEAP_ALLOCATE|[14]|Bytes:1
14:16:13.299 (303177990)|HEAP_ALLOCATE|[14]|Bytes:10
14:16:13.299 (303194505)|METHOD_ENTRY|[1]|01p50000002CIEm|ETLC_ApexBridge_Controller.ETLC_ApexBridge_Controller()
14:16:13.299 (303200103)|STATEMENT_EXECUTE|[1]
14:16:13.299 (303207743)|STATEMENT_EXECUTE|[1]
14:16:13.299 (303218827)|METHOD_EXIT|[1]|ETLC_ApexBridge_Controller
14:16:13.299 (303230636)|METHOD_ENTRY|[14]|01p50000002CIEm|ETLC_ApexBridge_Controller.execute(String)
14:16:13.299 (303239127)|VARIABLE_SCOPE_BEGIN|[3]|dataJson|String|false|false
14:16:13.299 (303257997)|VARIABLE_ASSIGNMENT|[3]|dataJson|"{\"records\":null,\"out (260 more) ..."
14:16:13.299 (303271576)|STATEMENT_EXECUTE|[3]
14:16:13.299 (303273980)|STATEMENT_EXECUTE|[4]
14:16:13.299 (303285034)|VARIABLE_SCOPE_BEGIN|[4]|data|ETLC_ApexBridge_Data|true|false
14:16:13.299 (303297852)|VARIABLE_ASSIGNMENT|[4]|data|null|
14:16:13.299 (303301597)|STATEMENT_EXECUTE|[5]
14:16:13.299 (303303713)|STATEMENT_EXECUTE|[5]
14:16:13.299 (303305305)|STATEMENT_EXECUTE|[6]
14:16:13.299 (303324296)|METHOD_ENTRY|[6]|01p50000002CIEo|ETLC_ApexBridge_Data.fromJSON(String)
14:16:13.299 (303332941)|VARIABLE_SCOPE_BEGIN|[60]|strJson|String|false|false
14:16:13.299 (303345011)|VARIABLE_ASSIGNMENT|[60]|strJson|"{\"records\":null,\"out (260 more) ..."
14:16:13.299 (303356790)|STATEMENT_EXECUTE|[60]
14:16:13.299 (303359446)|STATEMENT_EXECUTE|[61]
14:16:13.299 (303369954)|HEAP_ALLOCATE|[61]|Bytes:20
14:16:13.299 (303459885)|HEAP_ALLOCATE|[61]|Bytes:24
14:16:13.299 (303481445)|SYSTEM_METHOD_ENTRY|[1]|Type.Type()
14:16:13.299 (303486417)|STATEMENT_EXECUTE|[1]
14:16:13.299 (303502696)|SYSTEM_METHOD_EXIT|[1]|Type
14:16:13.299 (303511387)|HEAP_ALLOCATE|[61]|Bytes:8
14:16:13.299 (303532544)|HEAP_ALLOCATE|[61]|Bytes:8
14:16:13.299 (303541869)|VARIABLE_SCOPE_BEGIN|[4]|this|System.Type|true|false
14:16:13.299 (303572030)|VARIABLE_ASSIGNMENT|[4]|this|{}|0xb2b2037
14:16:13.299 (303579348)|VARIABLE_SCOPE_BEGIN|[4]|apextype|java:common.apex.runtime.ApexObjectType|true|false
14:16:13.299 (303703628)|VARIABLE_ASSIGNMENT|[4]|apextype|"ETLC_ApexBridge_Data"|0x7d56576e
14:16:13.299 (303738505)|HEAP_ALLOCATE|[61]|Bytes:8
14:16:13.299 (303756639)|METHOD_ENTRY|[61]||System.JSON.deserializeStrict(String, System.Type)
14:16:13.299 (304153416)|METHOD_EXIT|[61]||System.JSON.deserializeStrict(String, System.Type)
14:16:13.299 (304163803)|METHOD_EXIT|[6]|01p50000002CIEo|ETLC_ApexBridge_Data.fromJSON(String)
14:16:13.299 (304200934)|VARIABLE_ASSIGNMENT|[6]|data|{"debug":true,"input":"{\"followedUsers\":\"[{ (90 more) ...","isSuccess":true,"messages":"0x76a06889","operation":"BFFFollow_Controller"}|0x30f36457
14:16:13.299 (304206039)|STATEMENT_EXECUTE|[7]
14:16:13.299 (304214560)|HEAP_ALLOCATE|[7]|Bytes:6
14:16:13.299 (304277318)|HEAP_ALLOCATE|[7]|Bytes:256
14:16:13.299 (304308282)|HEAP_ALLOCATE|[7]|Bytes:262
14:16:13.299 (304334030)|USER_DEBUG|[7]|DEBUG|data::ETLC_ApexBridge_Data:[debug=true, input={"followedUsers":"[{\"005\":{\"name\":\"user 1\"},\"006\":{\"name\":\"User 2\"}}]","mode":"saveFollowedUsers"}, isSuccess=true, messages={}, operation=BFFFollow_Controller, output=null, outputFlag=null, records=null]
14:16:13.299 (304347474)|STATEMENT_EXECUTE|[8]
14:16:13.299 (304399159)|VARIABLE_ASSIGNMENT|[EXTERNAL]|this|{"debug":true,"input":"{\"followedUsers\":\"[{ (90 more) ...","isSuccess":true,"messages":"0x76a06889","operation":"BFFFollow_Controller"}|0x30f36457
14:16:13.299 (304417732)|METHOD_ENTRY|[8]||System.Type.forName(String)
14:16:13.299 (304597151)|METHOD_EXIT|[8]||System.Type.forName(String)
14:16:13.299 (304613829)|METHOD_ENTRY|[8]||System.Type.newInstance()
14:16:13.299 (304719165)|STATEMENT_EXECUTE|[1]
14:16:13.299 (304730818)|HEAP_ALLOCATE|[33]|Bytes:5
14:16:13.299 (304750241)|METHOD_EXIT|[1]|BFFFollow_Controller
14:16:13.299 (304759533)|HEAP_ALLOCATE|[33]|Bytes:4
14:16:13.299 (304767351)|VARIABLE_SCOPE_BEGIN|[1]|this|BFFFollow_Controller|true|false
14:16:13.299 (304790920)|VARIABLE_ASSIGNMENT|[1]|this|{}|0x72b8190f
14:16:13.299 (304805306)|HEAP_ALLOCATE|[33]|Bytes:5
14:16:13.299 (304819264)|HEAP_ALLOCATE|[33]|Bytes:11
14:16:13.299 (304840858)|METHOD_ENTRY|[1]|01p50000002CIEj|ETLC_ApexBridge_Abstract.ETLC_ApexBridge_Abstract()
14:16:13.299 (304845594)|STATEMENT_EXECUTE|[1]
14:16:13.299 (304851899)|STATEMENT_EXECUTE|[1]
14:16:13.299 (304861915)|METHOD_EXIT|[1]|ETLC_ApexBridge_Abstract
14:16:13.299 (304871568)|CONSTRUCTOR_ENTRY|[EXTERNAL]|01p50000002CIEj|<init>()
14:16:13.299 (304878926)|VARIABLE_SCOPE_BEGIN|[1]|this|ETLC_ApexBridge_Abstract|true|false
14:16:13.299 (304900982)|VARIABLE_ASSIGNMENT|[1]|this|{}|0x72b8190f
14:16:13.299 (304923384)|STATEMENT_EXECUTE|[1]
14:16:13.299 (304930844)|CONSTRUCTOR_EXIT|[EXTERNAL]|01p50000002CIEj|<init>()
14:16:13.299 (304938840)|STATEMENT_EXECUTE|[1]
14:16:13.299 (304946364)|HEAP_ALLOCATE|[33]|Bytes:5
14:16:13.299 (304971388)|METHOD_EXIT|[8]||System.Type.newInstance()
14:16:13.299 (304984861)|VARIABLE_SCOPE_BEGIN|[8]|executor|ETLC_ApexBridge_Abstract|true|false
14:16:13.299 (305007389)|VARIABLE_ASSIGNMENT|[8]|executor|{}|0x72b8190f
14:16:13.299 (305013384)|STATEMENT_EXECUTE|[9]
14:16:13.299 (305031662)|METHOD_ENTRY|[9]|01p50000002D8iw|BFFFollow_Controller.process(ETLC_ApexBridge_Data)
14:16:13.299 (305038016)|VARIABLE_SCOPE_BEGIN|[3]|this|BFFFollow_Controller|true|false
14:16:13.299 (305052485)|VARIABLE_ASSIGNMENT|[3]|this|{}|0x72b8190f
14:16:13.299 (305055263)|VARIABLE_SCOPE_BEGIN|[3]|data|ETLC_ApexBridge_Data|true|false
14:16:13.299 (305082958)|VARIABLE_ASSIGNMENT|[3]|data|{"debug":true,"input":"{\"followedUsers\":\"[{ (90 more) ...","isSuccess":true,"messages":"0x76a06889","operation":"BFFFollow_Controller"}|0x30f36457
14:16:13.299 (305098383)|HEAP_ALLOCATE|[4]|Bytes:5
14:16:13.299 (305102322)|STATEMENT_EXECUTE|[3]
14:16:13.299 (305103493)|STATEMENT_EXECUTE|[4]
14:16:13.299 (305146848)|VARIABLE_ASSIGNMENT|[EXTERNAL]|this|{"debug":true,"input":"{\"followedUsers\":\"[{ (90 more) ...","isSuccess":true,"messages":"0x76a06889","operation":"BFFFollow_Controller"}|0x30f36457
14:16:13.299 (305168692)|VARIABLE_ASSIGNMENT|[4]|BFFFollow_Controller.debugFlag|true
14:16:13.299 (305207989)|VARIABLE_ASSIGNMENT|[EXTERNAL]|this|{"debug":true,"input":"{\"followedUsers\":\"[{ (90 more) ...","isSuccess":true,"messages":"0x76a06889","operation":"BFFFollow_Controller"}|0x30f36457
14:16:13.299 (305224951)|STATEMENT_EXECUTE|[5]
14:16:13.299 (305279283)|USER_DEBUG|[5]|DEBUG|ETLC_ApexBridge_Data:[debug=true, input={"followedUsers":"[{\"005\":{\"name\":\"user 1\"},\"006\":{\"name\":\"User 2\"}}]","mode":"saveFollowedUsers"}, isSuccess=true, messages={}, operation=BFFFollow_Controller, output=null, outputFlag=null, records=null]
14:16:13.299 (305292112)|STATEMENT_EXECUTE|[7]
14:16:13.299 (305313110)|METHOD_ENTRY|[7]|01p50000002CIEo|ETLC_ApexBridge_Data.getInputValue(String)
14:16:13.299 (305321359)|VARIABLE_SCOPE_BEGIN|[52]|this|ETLC_ApexBridge_Data|true|false
14:16:13.299 (305369485)|VARIABLE_ASSIGNMENT|[52]|this|{"debug":true,"input":"{\"followedUsers\":\"[{ (90 more) ...","isSuccess":true,"messages":"0x76a06889","operation":"BFFFollow_Controller"}|0x30f36457
14:16:13.299 (305376815)|VARIABLE_SCOPE_BEGIN|[52]|key|String|false|false
14:16:13.299 (305383313)|VARIABLE_ASSIGNMENT|[52]|key|"mode"
14:16:13.299 (305395194)|STATEMENT_EXECUTE|[52]
14:16:13.299 (305397776)|STATEMENT_EXECUTE|[53]
14:16:13.299 (305461729)|VARIABLE_ASSIGNMENT|[EXTERNAL]|this|{"debug":true,"input":"{\"followedUsers\":\"[{ (90 more) ...","isSuccess":true,"messages":"0x76a06889","operation":"BFFFollow_Controller"}|0x30f36457
14:16:13.299 (305488604)|METHOD_ENTRY|[53]||System.JSON.deserializeUntyped(String)
14:16:13.299 (305752230)|METHOD_EXIT|[53]||System.JSON.deserializeUntyped(String)
14:16:13.299 (305765754)|VARIABLE_SCOPE_BEGIN|[53]|inputMap|Map<String,ANY>|true|false
14:16:13.299 (305799992)|VARIABLE_ASSIGNMENT|[53]|inputMap|{"s":1,"v":{"followedUsers":"[{\"005\":{\"name\":\"use (31 more) ...","mode":"saveFollowedUsers"}}|0x2040a5f7
14:16:13.299 (305807779)|STATEMENT_EXECUTE|[54]
14:16:13.299 (305842484)|METHOD_EXIT|[7]|01p50000002CIEo|ETLC_ApexBridge_Data.getInputValue(String)
14:16:13.299 (305851563)|VARIABLE_SCOPE_BEGIN|[7]|mode|String|false|false
14:16:13.299 (305862592)|VARIABLE_ASSIGNMENT|[7]|mode|"saveFollowedUsers"
14:16:13.299 (305869394)|HEAP_ALLOCATE|[9]|Bytes:18
14:16:13.299 (305912268)|STATEMENT_EXECUTE|[13]
14:16:13.299 (305916056)|STATEMENT_EXECUTE|[14]
14:16:13.299 (305945242)|HEAP_ALLOCATE|[14]|Bytes:85
14:16:13.299 (305967662)|SYSTEM_METHOD_ENTRY|[1]|UserInfo.UserInfo()
14:16:13.299 (305972471)|STATEMENT_EXECUTE|[1]
14:16:13.299 (305986507)|SYSTEM_METHOD_EXIT|[1]|UserInfo
14:16:13.299 (305998195)|METHOD_ENTRY|[14]||System.UserInfo.getUserId()
14:16:13.299 (306041046)|METHOD_EXIT|[14]||System.UserInfo.getUserId()
14:16:13.299 (306060961)|HEAP_ALLOCATE|[14]|Bytes:4
14:16:13.299 (306079662)|METHOD_ENTRY|[14]|01p50000002CIEo|ETLC_ApexBridge_Data.getInputValue(String)
14:16:13.299 (306088651)|VARIABLE_SCOPE_BEGIN|[52]|this|ETLC_ApexBridge_Data|true|false
14:16:13.299 (306138906)|VARIABLE_ASSIGNMENT|[52]|this|{"debug":true,"input":"{\"followedUsers\":\"[{ (90 more) ...","isSuccess":true,"messages":"0x76a06889","operation":"BFFFollow_Controller"}|0x30f36457
14:16:13.299 (306145744)|VARIABLE_SCOPE_BEGIN|[52]|key|String|false|false
14:16:13.299 (306152951)|VARIABLE_ASSIGNMENT|[52]|key|"followedUsers"
14:16:13.299 (306165705)|STATEMENT_EXECUTE|[52]
14:16:13.299 (306168117)|STATEMENT_EXECUTE|[53]
14:16:13.299 (306232034)|VARIABLE_ASSIGNMENT|[EXTERNAL]|this|{"debug":true,"input":"{\"followedUsers\":\"[{ (90 more) ...","isSuccess":true,"messages":"0x76a06889","operation":"BFFFollow_Controller"}|0x30f36457
14:16:13.299 (306251331)|METHOD_ENTRY|[53]||System.JSON.deserializeUntyped(String)
14:16:13.299 (306479519)|METHOD_EXIT|[53]||System.JSON.deserializeUntyped(String)
14:16:13.299 (306491633)|VARIABLE_SCOPE_BEGIN|[53]|inputMap|Map<String,ANY>|true|false
14:16:13.299 (306521598)|VARIABLE_ASSIGNMENT|[53]|inputMap|{"s":1,"v":{"followedUsers":"[{\"005\":{\"name\":\"use (31 more) ...","mode":"saveFollowedUsers"}}|0x55517556
14:16:13.299 (306528190)|STATEMENT_EXECUTE|[54]
14:16:13.299 (306558424)|METHOD_EXIT|[14]|01p50000002CIEo|ETLC_ApexBridge_Data.getInputValue(String)
14:16:13.299 (306574987)|METHOD_ENTRY|[14]|01p50000002D8iw|BFFFollow_Controller.saveFollowedUsers(Id, String)
14:16:13.299 (306588324)|VARIABLE_SCOPE_BEGIN|[39]|this|BFFFollow_Controller|true|false
14:16:13.299 (306611377)|VARIABLE_ASSIGNMENT|[39]|this|{}|0x72b8190f
14:16:13.299 (306617001)|VARIABLE_SCOPE_BEGIN|[39]|followedById|Id|false|false
14:16:13.299 (306727206)|VARIABLE_ASSIGNMENT|[39]|followedById|"00550000005cg71AAA"
14:16:13.299 (306734458)|VARIABLE_SCOPE_BEGIN|[39]|followedUsers|String|false|false
14:16:13.299 (306745467)|VARIABLE_ASSIGNMENT|[39]|followedUsers|"[{\"005\":{\"name\":\"use (31 more) ..."
14:16:13.299 (306764714)|HEAP_ALLOCATE|[40]|Bytes:5
14:16:13.299 (306770756)|STATEMENT_EXECUTE|[39]
14:16:13.299 (306772880)|STATEMENT_EXECUTE|[40]
14:16:13.299 (306784938)|HEAP_ALLOCATE|[40]|Bytes:49
14:16:13.299 (306811785)|HEAP_ALLOCATE|[40]|Bytes:18
14:16:13.299 (306829872)|HEAP_ALLOCATE|[40]|Bytes:9
14:16:13.299 (306845539)|HEAP_ALLOCATE|[40]|Bytes:76
14:16:13.299 (306854974)|VARIABLE_SCOPE_BEGIN|[40]|soql1|String|false|false
14:16:13.299 (306868804)|VARIABLE_ASSIGNMENT|[40]|soql1|"SELECT Id FROM BFFFo (56 more) ..."
14:16:13.299 (306873475)|STATEMENT_EXECUTE|[42]
14:16:13.299 (306875644)|STATEMENT_EXECUTE|[42]
14:16:13.299 (306877522)|STATEMENT_EXECUTE|[43]
14:16:13.299 (306903798)|HEAP_ALLOCATE|[43]|Bytes:9
14:16:13.299 (306913639)|HEAP_ALLOCATE|[43]|Bytes:29
14:16:13.299 (306919302)|HEAP_ALLOCATE|[43]|Bytes:21
14:16:13.299 (306936503)|METHOD_ENTRY|[7]|01p50000002CIEt|ETLC_SecuredDB.ETLC_SecuredDB()
14:16:13.299 (306941804)|STATEMENT_EXECUTE|[7]
14:16:13.299 (306948600)|STATEMENT_EXECUTE|[7]
14:16:13.299 (306957975)|HEAP_ALLOCATE|[43]|Bytes:5
14:16:13.299 (306975467)|METHOD_EXIT|[7]|ETLC_SecuredDB
14:16:13.299 (306988062)|METHOD_ENTRY|[43]|01p50000002CIEt|ETLC_SecuredDB.query(String)
14:16:13.299 (306996631)|VARIABLE_SCOPE_BEGIN|[10]|SOQL|String|false|false
14:16:13.299 (307008264)|VARIABLE_ASSIGNMENT|[10]|SOQL|"SELECT Id FROM BFFFo (56 more) ..."
14:16:13.299 (307027193)|HEAP_ALLOCATE|[12]|Bytes:5
14:16:13.299 (307033234)|STATEMENT_EXECUTE|[10]
14:16:13.299 (307035183)|STATEMENT_EXECUTE|[12]
14:16:13.299 (307371622)|SOQL_EXECUTE_BEGIN|[12]|Aggregations:0|SELECT Id FROM BFFFollow__c WHERE FollowedBy__c='00550000005cg71AAA' limit 1
14:16:13.299 (308789965)|SOQL_EXECUTE_END|[12]|Rows:0
14:16:13.299 (308818759)|HEAP_ALLOCATE|[12]|Bytes:4
14:16:13.299 (308830908)|HEAP_ALLOCATE|[12]|Bytes:0
14:16:13.299 (308856246)|HEAP_ALLOCATE|[12]|Bytes:4
14:16:13.299 (308878408)|VARIABLE_SCOPE_BEGIN|[12]|dbRecords|List<SObject>|true|false
14:16:13.299 (308902903)|VARIABLE_ASSIGNMENT|[12]|dbRecords|{"s":1,"v":[]}|0x66193fb8
14:16:13.299 (308908924)|STATEMENT_EXECUTE|[20]
14:16:13.299 (308943767)|HEAP_ALLOCATE|[20]|Bytes:12
14:16:13.299 (308953641)|HEAP_ALLOCATE|[20]|Bytes:8
14:16:13.299 (308997965)|HEAP_ALLOCATE|[20]|Bytes:12
14:16:13.299 (309004864)|HEAP_ALLOCATE|[20]|Bytes:9
14:16:13.299 (309029346)|HEAP_ALLOCATE|[20]|Bytes:12
14:16:13.299 (309035508)|HEAP_ALLOCATE|[20]|Bytes:8
14:16:13.299 (309058805)|HEAP_ALLOCATE|[20]|Bytes:12
14:16:13.299 (309065424)|HEAP_ALLOCATE|[20]|Bytes:8
14:16:13.299 (309087777)|HEAP_ALLOCATE|[20]|Bytes:12
14:16:13.299 (309094728)|HEAP_ALLOCATE|[20]|Bytes:9
14:16:13.299 (309132882)|METHOD_ENTRY|[20]|01p50000002CIEt|ETLC_SecuredDB.findFields(List<SObject>)
14:16:13.299 (309143253)|VARIABLE_SCOPE_BEGIN|[108]|dbRecords|List<SObject>|true|false
14:16:13.299 (309157915)|VARIABLE_ASSIGNMENT|[108]|dbRecords|{"s":1,"v":[]}|0x66193fb8
14:16:13.299 (309179365)|HEAP_ALLOCATE|[109]|Bytes:5
14:16:13.299 (309185065)|STATEMENT_EXECUTE|[108]
14:16:13.299 (309186941)|STATEMENT_EXECUTE|[109]
14:16:13.299 (309198984)|VARIABLE_SCOPE_BEGIN|[109]|strJSON|String|false|false
14:16:13.299 (309209769)|VARIABLE_ASSIGNMENT|[109]|strJSON|null
14:16:13.299 (309214022)|STATEMENT_EXECUTE|[110]
14:16:13.299 (309228011)|VARIABLE_SCOPE_BEGIN|[110]|mapFields|Map<String,Set<String>>|true|false
14:16:13.299 (309237878)|VARIABLE_ASSIGNMENT|[110]|mapFields|null|
14:16:13.299 (309240127)|STATEMENT_EXECUTE|[112]
14:16:13.299 (309254378)|METHOD_ENTRY|[112]||System.JSON.serialize(Object)
14:16:13.299 (309394593)|METHOD_EXIT|[112]||System.JSON.serialize(Object)
14:16:13.299 (309405392)|VARIABLE_ASSIGNMENT|[112]|strJSON|"[]"
14:16:13.299 (309408697)|STATEMENT_EXECUTE|[113]
14:16:13.299 (309415776)|HEAP_ALLOCATE|[113]|Bytes:5
14:16:13.299 (309423992)|HEAP_ALLOCATE|[113]|Bytes:7
14:16:13.299 (309438314)|USER_DEBUG|[113]|DEBUG|JSON:[]
14:16:13.299 (309443527)|STATEMENT_EXECUTE|[114]
14:16:13.299 (309450309)|HEAP_ALLOCATE|[114]|Bytes:4
14:16:13.299 (309474243)|VARIABLE_ASSIGNMENT|[114]|mapFields|{"s":1,"v":{}}|0x73a52aa5
14:16:13.299 (309477279)|STATEMENT_EXECUTE|[115]
14:16:13.299 (309488802)|METHOD_ENTRY|[115]||System.JSON.deserializeUntyped(String)
14:16:13.299 (309548529)|METHOD_EXIT|[115]||System.JSON.deserializeUntyped(String)
14:16:13.299 (309575342)|VARIABLE_SCOPE_BEGIN|[115]|records|List<ANY>|true|false
14:16:13.299 (309592786)|HEAP_ALLOCATE|[EXTERNAL]|Bytes:4
14:16:13.299 (309604765)|VARIABLE_ASSIGNMENT|[115]|records|{"s":1,"v":[]}|0x25d731c8
14:16:13.299 (309631769)|HEAP_ALLOCATE|[116]|Bytes:5
14:16:13.299 (309650755)|VARIABLE_ASSIGNMENT|[116]|record|null
14:16:13.299 (309654994)|STATEMENT_EXECUTE|[116]
14:16:13.299 (309667227)|HEAP_ALLOCATE|[119]|Bytes:4
14:16:13.299 (309709627)|HEAP_ALLOCATE|[119]|Bytes:4
14:16:13.299 (309723824)|HEAP_ALLOCATE|[119]|Bytes:0
14:16:13.299 (309748496)|HEAP_ALLOCATE|[119]|Bytes:5
14:16:13.299 (309762123)|VARIABLE_ASSIGNMENT|[119]|objectName|null
14:16:13.299 (309765811)|STATEMENT_EXECUTE|[119]
14:16:13.299 (309771089)|STATEMENT_EXECUTE|[122]
14:16:13.299 (309780287)|METHOD_EXIT|[20]|01p50000002CIEt|ETLC_SecuredDB.findFields(List<SObject>)
14:16:13.299 (309791754)|METHOD_ENTRY|[20]|01p50000002CIEt|ETLC_SecuredDB.validate(ETLC_SecuredDB.Operation, Map<String,Set<String>>)
14:16:13.299 (309797459)|VARIABLE_SCOPE_BEGIN|[55]|op|ETLC_SecuredDB.Operation|true|false
14:16:13.299 (309812884)|VARIABLE_ASSIGNMENT|[55]|op|"Querying"|0x218db2f6
14:16:13.299 (309815554)|VARIABLE_SCOPE_BEGIN|[55]|mapFieldNames|Map<String,Set<String>>|true|false
14:16:13.299 (309826230)|VARIABLE_ASSIGNMENT|[55]|mapFieldNames|{"s":1,"v":{}}|0x73a52aa5
14:16:13.299 (309838954)|HEAP_ALLOCATE|[56]|Bytes:5
14:16:13.299 (309843067)|STATEMENT_EXECUTE|[55]
14:16:13.299 (309844385)|STATEMENT_EXECUTE|[56]
14:16:13.299 (309851258)|VARIABLE_SCOPE_BEGIN|[56]|securityMessage|String|false|false
14:16:13.299 (309856505)|VARIABLE_ASSIGNMENT|[56]|securityMessage|null
14:16:13.299 (309858303)|STATEMENT_EXECUTE|[57]
14:16:13.299 (312754885)|HEAP_ALLOCATE|[57]|Bytes:1236
14:16:13.299 (312778590)|VARIABLE_SCOPE_BEGIN|[57]|mapObjects|Map<String,Schema.SObjectType>|true|false
14:16:13.299 (313027601)|VARIABLE_ASSIGNMENT|[57]|mapObjects|"{acceptedeventrelation=AcceptedEventRelation, account=Account, accountcontactrole=AccountContactRole, accounthistory=AccountHistory, accountpartner=AccountPartner, accountshare=AccountShare, actionlinkgrouptemplate=ActionLinkGroupTemplate, actionlinktemplate=ActionLinkTemplate, activityhistory=ActivityHistory, additionalnumber=AdditionalNumber, ...}"|0xec6bd80
14:16:13.299 (313044872)|HEAP_ALLOCATE|[58]|Bytes:4
14:16:13.299 (313099272)|HEAP_ALLOCATE|[58]|Bytes:4
14:16:13.299 (313121760)|HEAP_ALLOCATE|[58]|Bytes:0
14:16:13.299 (313157485)|HEAP_ALLOCATE|[58]|Bytes:5
14:16:13.299 (313172783)|VARIABLE_ASSIGNMENT|[58]|sObjectName|null
14:16:13.299 (313177778)|STATEMENT_EXECUTE|[58]
14:16:13.299 (313202482)|METHOD_EXIT|[20]|01p50000002CIEt|ETLC_SecuredDB.validate(ETLC_SecuredDB.Operation, Map<String,Set<String>>)
14:16:13.299 (313206364)|STATEMENT_EXECUTE|[21]
14:16:13.299 (313215524)|METHOD_EXIT|[43]|01p50000002CIEt|ETLC_SecuredDB.query(String)
14:16:13.299 (313221440)|VARIABLE_SCOPE_BEGIN|[43]|dbRecords|List<SObject>|true|false
14:16:13.299 (313237925)|VARIABLE_ASSIGNMENT|[43]|dbRecords|{"s":1,"v":[]}|0x66193fb8
14:16:13.299 (313243164)|STATEMENT_EXECUTE|[44]
14:16:13.299 (313281886)|HEAP_ALLOCATE|[44]|Bytes:4
14:16:13.299 (313334720)|VARIABLE_SCOPE_BEGIN|[44]|record|BFFFollow__c|true|false
14:16:13.299 (313356902)|VARIABLE_ASSIGNMENT|[44]|record|{}|0x546c4eff
14:16:13.299 (313377849)|STATEMENT_EXECUTE|[45]
14:16:13.299 (313384234)|STATEMENT_EXECUTE|[48]
14:16:13.299 (313462707)|VARIABLE_ASSIGNMENT|[48]|this.FollowedUsers__c|"[{\"005\":{\"name\":\"use (31 more) ..."|0x546c4eff
14:16:13.299 (313468644)|STATEMENT_EXECUTE|[49]
14:16:13.299 (313533465)|VARIABLE_ASSIGNMENT|[49]|this.FollowedBy__c|"00550000005cg71AAA"|0x546c4eff
14:16:13.299 (313539432)|STATEMENT_EXECUTE|[50]
14:16:13.299 (313594240)|HEAP_ALLOCATE|[50]|Bytes:8
14:16:13.299 (313621675)|DML_BEGIN|[50]|Op:Upsert|Type:BFFFollow__c|Rows:1
14:16:13.299 (313656796)|HEAP_ALLOCATE|[EXTERNAL]|Bytes:8
14:16:13.299 (328824971)|DML_END|[50]
14:16:13.299 (328866004)|STATEMENT_EXECUTE|[51]
14:16:13.299 (328868916)|STATEMENT_EXECUTE|[51]
14:16:13.299 (328966064)|USER_DEBUG|[51]|DEBUG|BFFFollow__c:{FollowedUsers__c=[{"005":{"name":"user 1"},"006":{"name":"User 2"}}], FollowedBy__c=00550000005cg71AAA, Id=a005000000ezTaMAAU}
14:16:13.299 (328982786)|STATEMENT_EXECUTE|[52]
14:16:13.299 (328998800)|HEAP_ALLOCATE|[52]|Bytes:5
14:16:13.299 (329021140)|METHOD_EXIT|[14]|01p50000002D8iw|BFFFollow_Controller.saveFollowedUsers(Id, String)
14:16:13.299 (329139157)|VARIABLE_ASSIGNMENT|[EXTERNAL]|this|{"debug":true,"input":"{\"followedUsers\":\"[{ (90 more) ...","isSuccess":true,"messages":"0x76a06889","operation":"BFFFollow_Controller"}|0x30f36457
14:16:13.299 (329154563)|VARIABLE_ASSIGNMENT|[EXTERNAL]|value|true
14:16:13.299 (329166139)|HEAP_ALLOCATE|[15]|Bytes:5
14:16:13.299 (329187868)|VARIABLE_ASSIGNMENT|[15]|this.outputFlag|true|0x30f36457
14:16:13.299 (329211272)|METHOD_EXIT|[9]|01p50000002D8iw|BFFFollow_Controller.process(ETLC_ApexBridge_Data)
14:16:13.299 (329218502)|STATEMENT_EXECUTE|[24]
14:16:13.299 (329248264)|METHOD_ENTRY|[24]|01p50000002CIEo|ETLC_ApexBridge_Data.toJSON()
14:16:13.299 (329260448)|VARIABLE_SCOPE_BEGIN|[57]|this|ETLC_ApexBridge_Data|true|false
14:16:13.299 (329312393)|VARIABLE_ASSIGNMENT|[57]|this|{"debug":true,"input":"{\"followedUsers\":\"[{ (90 more) ...","isSuccess":true,"messages":"0x76a06889","operation":"BFFFollow_Controller","outputFlag":true}|0x30f36457
14:16:13.299 (329335205)|STATEMENT_EXECUTE|[57]
14:16:13.299 (329337956)|STATEMENT_EXECUTE|[58]
14:16:13.299 (329358162)|METHOD_ENTRY|[58]||System.JSON.serialize(Object)
14:16:13.299 (329478427)|STATEMENT_EXECUTE|[22]
14:16:13.299 (329482389)|STATEMENT_EXECUTE|[23]
14:16:13.299 (329488255)|STATEMENT_EXECUTE|[24]
14:16:13.299 (329522638)|STATEMENT_EXECUTE|[31]
14:16:13.299 (329526044)|STATEMENT_EXECUTE|[32]
14:16:13.299 (329530462)|STATEMENT_EXECUTE|[33]
14:16:13.299 (329784891)|METHOD_EXIT|[58]||System.JSON.serialize(Object)
14:16:13.299 (329794582)|METHOD_EXIT|[24]|01p50000002CIEo|ETLC_ApexBridge_Data.toJSON()
14:16:13.299 (329801984)|METHOD_EXIT|[14]|01p50000002CIEm|ETLC_ApexBridge_Controller.execute(String)
14:16:13.299 (329810604)|VARIABLE_SCOPE_BEGIN|[14]|strD2|String|false|false
14:16:13.299 (329825473)|VARIABLE_ASSIGNMENT|[14]|strD2|"{\"records\":null,\"out (260 more) ..."
14:16:13.299 (329829984)|STATEMENT_EXECUTE|[15]
14:16:13.299 (329850285)|METHOD_ENTRY|[15]|01p50000002CIEo|ETLC_ApexBridge_Data.fromJSON(String)
14:16:13.299 (329858879)|VARIABLE_SCOPE_BEGIN|[60]|strJson|String|false|false
14:16:13.299 (329870474)|VARIABLE_ASSIGNMENT|[60]|strJson|"{\"records\":null,\"out (260 more) ..."
14:16:13.299 (329882636)|STATEMENT_EXECUTE|[60]
14:16:13.299 (329885352)|STATEMENT_EXECUTE|[61]
14:16:13.299 (329964131)|HEAP_ALLOCATE|[61]|Bytes:8
14:16:13.299 (329975726)|HEAP_ALLOCATE|[61]|Bytes:8
14:16:13.299 (329983673)|VARIABLE_SCOPE_BEGIN|[4]|this|System.Type|true|false
14:16:13.299 (330015960)|VARIABLE_ASSIGNMENT|[4]|this|{}|0x55cc3423
14:16:13.299 (330023971)|VARIABLE_SCOPE_BEGIN|[4]|apextype|java:common.apex.runtime.ApexObjectType|true|false
14:16:13.299 (330167227)|VARIABLE_ASSIGNMENT|[4]|apextype|"ETLC_ApexBridge_Data"|0x7d56576e
14:16:13.299 (330216991)|HEAP_ALLOCATE|[61]|Bytes:8
14:16:13.299 (330234442)|METHOD_ENTRY|[61]||System.JSON.deserializeStrict(String, System.Type)
14:16:13.299 (330762323)|METHOD_EXIT|[61]||System.JSON.deserializeStrict(String, System.Type)
14:16:13.299 (330776823)|METHOD_EXIT|[15]|01p50000002CIEo|ETLC_ApexBridge_Data.fromJSON(String)
14:16:13.299 (330784160)|VARIABLE_SCOPE_BEGIN|[15]|d2|ETLC_ApexBridge_Data|true|false
14:16:13.299 (330838788)|VARIABLE_ASSIGNMENT|[15]|d2|{"debug":true,"input":"{\"followedUsers\":\"[{ (90 more) ...","isSuccess":true,"messages":"0x14f06990","operation":"BFFFollow_Controller","outputFlag":true}|0x617838fd
14:16:13.299 (330847134)|STATEMENT_EXECUTE|[16]
14:16:13.299 (330917797)|VARIABLE_ASSIGNMENT|[EXTERNAL]|this|{"debug":true,"input":"{\"followedUsers\":\"[{ (90 more) ...","isSuccess":true,"messages":"0x14f06990","operation":"BFFFollow_Controller","outputFlag":true}|0x617838fd
14:16:13.299 (330975575)|STATEMENT_EXECUTE|[19]
14:16:13.299 (330989140)|HEAP_ALLOCATE|[19]|Bytes:27
14:16:13.299 (331000174)|HEAP_ALLOCATE|[19]|Bytes:4
14:16:13.299 (331156566)|SOQL_EXECUTE_BEGIN|[19]|Aggregations:0|SELECT Id FROM BFFFollow__c
14:16:13.299 (333818197)|SOQL_EXECUTE_END|[19]|Rows:1
14:16:13.299 (333841465)|HEAP_ALLOCATE|[19]|Bytes:8
14:16:13.299 (333853043)|HEAP_ALLOCATE|[19]|Bytes:33
14:16:13.299 (333870950)|HEAP_ALLOCATE|[19]|Bytes:8
14:16:13.299 (333883967)|VARIABLE_SCOPE_BEGIN|[19]|objList|List<BFFFollow__c>|true|false
14:16:13.299 (333919071)|VARIABLE_ASSIGNMENT|[19]|objList|{"s":1,"v":[{"s":2,"v":{"Id":"a005000000ezTaMAAU"}}]}|0x3168df6
14:16:13.299 (333923103)|STATEMENT_EXECUTE|[20]
14:16:13.299 (333971830)|SYSTEM_MODE_EXIT|false
14:16:13.333 (333989207)|CUMULATIVE_LIMIT_USAGE
14:16:13.333 (333989207)|LIMIT_USAGE_FOR_NS|(default)|
  Number of SOQL queries: 2 out of 100
  Number of query rows: 1 out of 50000
  Number of SOSL queries: 0 out of 20
  Number of DML statements: 1 out of 150
  Number of DML rows: 1 out of 10000
  Maximum CPU time: 0 out of 10000
  Maximum heap size: 0 out of 6000000
  Number of callouts: 0 out of 100
  Number of Email Invocations: 0 out of 10
  Number of future calls: 0 out of 50
  Number of queueable jobs added to the queue: 0 out of 50
  Number of Mobile Apex push calls: 0 out of 10

14:16:13.333 (333989207)|CUMULATIVE_LIMIT_USAGE_END

14:16:13.299 (334030705)|CODE_UNIT_FINISHED|BFFFollow_Controller_Test.BFFFollow_Controller_saveFollowedUsers_Positive_Test
14:16:13.299 (335579988)|EXECUTION_FINISHED
