37.0 APEX_CODE,FINEST;APEX_PROFILING,INFO;CALLOUT,INFO;DB,INFO;SYSTEM,DEBUG;VALIDATION,INFO;VISUALFORCE,INFO;WORKFLOW,INFO
20:24:53.0 (74165)|USER_INFO|[EXTERNAL]|00550000005cg71|bfffollow@jr.te|Eastern Standard Time|GMT-04:00
20:24:53.0 (114957)|EXECUTION_STARTED
20:24:53.0 (119744)|CODE_UNIT_STARTED|[EXTERNAL]|aura
20:24:53.0 (412587)|HEAP_ALLOCATE|[72]|Bytes:3
20:24:53.0 (459826)|HEAP_ALLOCATE|[77]|Bytes:152
20:24:53.0 (474588)|HEAP_ALLOCATE|[342]|Bytes:408
20:24:53.0 (490198)|HEAP_ALLOCATE|[355]|Bytes:408
20:24:53.0 (504919)|HEAP_ALLOCATE|[467]|Bytes:48
20:24:53.0 (533525)|HEAP_ALLOCATE|[139]|Bytes:6
20:24:53.0 (553812)|HEAP_ALLOCATE|[EXTERNAL]|Bytes:93
20:24:53.0 (570344)|HEAP_ALLOCATE|[EXTERNAL]|Bytes:93
20:24:53.0 (1387936)|CODE_UNIT_STARTED|[EXTERNAL]|01p50000002CIEm|ETLC_ApexBridge_Controller.execute
20:24:53.0 (1489307)|HEAP_ALLOCATE|[EXTERNAL]|Bytes:1
20:24:53.0 (1494964)|HEAP_ALLOCATE|[EXTERNAL]|Bytes:10
20:24:53.0 (1505273)|METHOD_ENTRY|[1]|01p50000002CIEm|ETLC_ApexBridge_Controller.ETLC_ApexBridge_Controller()
20:24:53.0 (1508992)|STATEMENT_EXECUTE|[1]
20:24:53.0 (1513672)|STATEMENT_EXECUTE|[1]
20:24:53.0 (1520841)|METHOD_EXIT|[1]|ETLC_ApexBridge_Controller
20:24:53.0 (1524635)|HEAP_ALLOCATE|[EXTERNAL]|Bytes:93
20:24:53.0 (1535866)|SYSTEM_MODE_ENTER|false
20:24:53.0 (1544996)|VARIABLE_SCOPE_BEGIN|[3]|dataJson|String|false|false
20:24:53.0 (1573148)|VARIABLE_ASSIGNMENT|[3]|dataJson|"{\"operation\":\"BFFFol (73 more) ..."
20:24:53.0 (1585642)|STATEMENT_EXECUTE|[3]
20:24:53.0 (1587225)|STATEMENT_EXECUTE|[4]
20:24:53.0 (1668412)|VARIABLE_SCOPE_BEGIN|[4]|data|ETLC_ApexBridge_Data|true|false
20:24:53.0 (1680228)|VARIABLE_ASSIGNMENT|[4]|data|null|
20:24:53.0 (1682597)|STATEMENT_EXECUTE|[5]
20:24:53.0 (1683834)|STATEMENT_EXECUTE|[5]
20:24:53.0 (1684865)|STATEMENT_EXECUTE|[6]
20:24:53.0 (1700194)|HEAP_ALLOCATE|[6]|Bytes:11
20:24:53.0 (1706830)|HEAP_ALLOCATE|[6]|Bytes:248
20:24:53.0 (1709735)|HEAP_ALLOCATE|[6]|Bytes:39
20:24:53.0 (1735082)|METHOD_ENTRY|[2]|01p50000002CIEo|ETLC_ApexBridge_Data.ETLC_ApexBridge_Data()
20:24:53.0 (1737534)|STATEMENT_EXECUTE|[2]
20:24:53.0 (1739927)|STATEMENT_EXECUTE|[2]
20:24:53.0 (1744787)|METHOD_EXIT|[2]|ETLC_ApexBridge_Data
20:24:53.0 (1758176)|METHOD_ENTRY|[6]|01p50000002CIEo|ETLC_ApexBridge_Data.fromJSON(String)
20:24:53.0 (1781635)|VARIABLE_SCOPE_BEGIN|[60]|strJson|String|false|false
20:24:53.0 (1791457)|VARIABLE_ASSIGNMENT|[60]|strJson|"{\"operation\":\"BFFFol (73 more) ..."
20:24:53.0 (1795787)|STATEMENT_EXECUTE|[60]
20:24:53.0 (1797196)|STATEMENT_EXECUTE|[61]
20:24:53.0 (1804691)|HEAP_ALLOCATE|[61]|Bytes:20
20:24:53.0 (1824978)|HEAP_ALLOCATE|[50]|Bytes:5
20:24:53.0 (1847688)|HEAP_ALLOCATE|[56]|Bytes:5
20:24:53.0 (1855938)|HEAP_ALLOCATE|[64]|Bytes:7
20:24:53.0 (1945747)|HEAP_ALLOCATE|[61]|Bytes:24
20:24:53.0 (1956816)|SYSTEM_METHOD_ENTRY|[1]|Type.Type()
20:24:53.0 (1959117)|STATEMENT_EXECUTE|[1]
20:24:53.0 (1967128)|SYSTEM_METHOD_EXIT|[1]|Type
20:24:53.0 (1972896)|HEAP_ALLOCATE|[61]|Bytes:8
20:24:53.0 (1990820)|HEAP_ALLOCATE|[61]|Bytes:8
20:24:53.0 (1995142)|VARIABLE_SCOPE_BEGIN|[4]|this|System.Type|true|false
20:24:53.0 (2026347)|VARIABLE_ASSIGNMENT|[4]|this|{}|0x12109d44
20:24:53.0 (2031556)|VARIABLE_SCOPE_BEGIN|[4]|apextype|java:common.apex.runtime.ApexObjectType|true|false
20:24:53.0 (2133072)|VARIABLE_ASSIGNMENT|[4]|apextype|"ETLC_ApexBridge_Data"|0x1d509ae4
20:24:53.0 (2202057)|HEAP_ALLOCATE|[61]|Bytes:8
20:24:53.0 (2239483)|HEAP_ALLOCATE|[61]|Bytes:24
20:24:53.0 (2249072)|SYSTEM_METHOD_ENTRY|[1]|JSON.JSON()
20:24:53.0 (2251217)|STATEMENT_EXECUTE|[1]
20:24:53.0 (2257444)|SYSTEM_METHOD_EXIT|[1]|JSON
20:24:53.0 (2270139)|METHOD_ENTRY|[61]||System.JSON.deserializeStrict(String, System.Type)
20:24:53.0 (2519570)|METHOD_EXIT|[61]||System.JSON.deserializeStrict(String, System.Type)
20:24:53.0 (2529787)|METHOD_EXIT|[6]|01p50000002CIEo|ETLC_ApexBridge_Data.fromJSON(String)
20:24:53.0 (2562201)|VARIABLE_ASSIGNMENT|[6]|data|{"debug":true,"input":"{\"mode\":\"fetchFollow (9 more) ...","operation":"BFFFollow_Controller"}|0x6d3efee9
20:24:53.0 (2566785)|STATEMENT_EXECUTE|[7]
20:24:53.0 (2574966)|HEAP_ALLOCATE|[7]|Bytes:6
20:24:53.0 (2641183)|HEAP_ALLOCATE|[7]|Bytes:177
20:24:53.0 (2661171)|HEAP_ALLOCATE|[7]|Bytes:183
20:24:53.0 (2678713)|USER_DEBUG|[7]|DEBUG|data::ETLC_ApexBridge_Data:[debug=true, input={"mode":"fetchFollowedUsers"}, isSuccess=null, messages=null, operation=BFFFollow_Controller, output=null, outputFlag=null, records=null]
20:24:53.0 (2685232)|STATEMENT_EXECUTE|[8]
20:24:53.0 (2734609)|VARIABLE_ASSIGNMENT|[EXTERNAL]|this|{"debug":true,"input":"{\"mode\":\"fetchFollow (9 more) ...","operation":"BFFFollow_Controller"}|0x6d3efee9
20:24:53.0 (2753164)|METHOD_ENTRY|[8]||System.Type.forName(String)
20:24:53.0 (2956026)|METHOD_EXIT|[8]||System.Type.forName(String)
20:24:53.0 (2966739)|METHOD_ENTRY|[8]||System.Type.newInstance()
20:24:53.0 (3088153)|STATEMENT_EXECUTE|[1]
20:24:53.0 (3099229)|HEAP_ALLOCATE|[33]|Bytes:5
20:24:53.0 (3111833)|METHOD_EXIT|[1]|BFFFollow_Controller
20:24:53.0 (3116261)|HEAP_ALLOCATE|[33]|Bytes:4
20:24:53.0 (3120580)|VARIABLE_SCOPE_BEGIN|[1]|this|BFFFollow_Controller|true|false
20:24:53.0 (3137752)|VARIABLE_ASSIGNMENT|[1]|this|{}|0xed20e04
20:24:53.0 (3145800)|HEAP_ALLOCATE|[33]|Bytes:5
20:24:53.0 (3153748)|HEAP_ALLOCATE|[33]|Bytes:11
20:24:53.0 (3161514)|METHOD_ENTRY|[1]|01p50000002CIEj|ETLC_ApexBridge_Abstract.ETLC_ApexBridge_Abstract()
20:24:53.0 (3163816)|STATEMENT_EXECUTE|[1]
20:24:53.0 (3165961)|STATEMENT_EXECUTE|[1]
20:24:53.0 (3169911)|METHOD_EXIT|[1]|ETLC_ApexBridge_Abstract
20:24:53.0 (3175577)|CONSTRUCTOR_ENTRY|[EXTERNAL]|01p50000002CIEj|<init>()
20:24:53.0 (3181022)|VARIABLE_SCOPE_BEGIN|[1]|this|ETLC_ApexBridge_Abstract|true|false
20:24:53.0 (3211095)|VARIABLE_ASSIGNMENT|[1]|this|{}|0xed20e04
20:24:53.0 (3234721)|STATEMENT_EXECUTE|[1]
20:24:53.0 (3241507)|CONSTRUCTOR_EXIT|[EXTERNAL]|01p50000002CIEj|<init>()
20:24:53.0 (3249294)|STATEMENT_EXECUTE|[1]
20:24:53.0 (3257245)|HEAP_ALLOCATE|[33]|Bytes:5
20:24:53.0 (3284114)|METHOD_EXIT|[8]||System.Type.newInstance()
20:24:53.0 (3297613)|VARIABLE_SCOPE_BEGIN|[8]|executor|ETLC_ApexBridge_Abstract|true|false
20:24:53.0 (3317506)|VARIABLE_ASSIGNMENT|[8]|executor|{}|0xed20e04
20:24:53.0 (3320883)|STATEMENT_EXECUTE|[9]
20:24:53.0 (3340879)|METHOD_ENTRY|[9]|01p50000002D8iw|BFFFollow_Controller.process(ETLC_ApexBridge_Data)
20:24:53.0 (3354952)|VARIABLE_SCOPE_BEGIN|[3]|this|BFFFollow_Controller|true|false
20:24:53.0 (3369644)|VARIABLE_ASSIGNMENT|[3]|this|{}|0xed20e04
20:24:53.0 (3372480)|VARIABLE_SCOPE_BEGIN|[3]|data|ETLC_ApexBridge_Data|true|false
20:24:53.0 (3394569)|VARIABLE_ASSIGNMENT|[3]|data|{"debug":true,"input":"{\"mode\":\"fetchFollow (9 more) ...","operation":"BFFFollow_Controller"}|0x6d3efee9
20:24:53.0 (3403809)|HEAP_ALLOCATE|[4]|Bytes:5
20:24:53.0 (3407420)|STATEMENT_EXECUTE|[3]
20:24:53.0 (3408574)|STATEMENT_EXECUTE|[4]
20:24:53.0 (3455016)|VARIABLE_ASSIGNMENT|[EXTERNAL]|this|{"debug":true,"input":"{\"mode\":\"fetchFollow (9 more) ...","operation":"BFFFollow_Controller"}|0x6d3efee9
20:24:53.0 (3474466)|VARIABLE_ASSIGNMENT|[4]|BFFFollow_Controller.debugFlag|true
20:24:53.0 (3510136)|VARIABLE_ASSIGNMENT|[EXTERNAL]|this|{"debug":true,"input":"{\"mode\":\"fetchFollow (9 more) ...","operation":"BFFFollow_Controller"}|0x6d3efee9
20:24:53.0 (3523330)|STATEMENT_EXECUTE|[5]
20:24:53.0 (3556371)|USER_DEBUG|[5]|DEBUG|ETLC_ApexBridge_Data:[debug=true, input={"mode":"fetchFollowedUsers"}, isSuccess=null, messages=null, operation=BFFFollow_Controller, output=null, outputFlag=null, records=null]
20:24:53.0 (3563622)|STATEMENT_EXECUTE|[7]
20:24:53.0 (3570734)|HEAP_ALLOCATE|[7]|Bytes:4
20:24:53.0 (3582498)|METHOD_ENTRY|[7]|01p50000002CIEo|ETLC_ApexBridge_Data.getInputValue(String)
20:24:53.0 (3594750)|VARIABLE_SCOPE_BEGIN|[52]|this|ETLC_ApexBridge_Data|true|false
20:24:53.0 (3620349)|VARIABLE_ASSIGNMENT|[52]|this|{"debug":true,"input":"{\"mode\":\"fetchFollow (9 more) ...","operation":"BFFFollow_Controller"}|0x6d3efee9
20:24:53.0 (3624533)|VARIABLE_SCOPE_BEGIN|[52]|key|String|false|false
20:24:53.0 (3628182)|VARIABLE_ASSIGNMENT|[52]|key|"mode"
20:24:53.0 (3632234)|STATEMENT_EXECUTE|[52]
20:24:53.0 (3633581)|STATEMENT_EXECUTE|[53]
20:24:53.0 (3676663)|VARIABLE_ASSIGNMENT|[EXTERNAL]|this|{"debug":true,"input":"{\"mode\":\"fetchFollow (9 more) ...","operation":"BFFFollow_Controller"}|0x6d3efee9
20:24:53.0 (3694082)|METHOD_ENTRY|[53]||System.JSON.deserializeUntyped(String)
20:24:53.0 (3896109)|METHOD_EXIT|[53]||System.JSON.deserializeUntyped(String)
20:24:53.0 (3905239)|VARIABLE_SCOPE_BEGIN|[53]|inputMap|Map<String,ANY>|true|false
20:24:53.0 (3929121)|VARIABLE_ASSIGNMENT|[53]|inputMap|{"s":1,"v":{"mode":"fetchFollowedUsers"}}|0x398fb9b2
20:24:53.0 (3932430)|STATEMENT_EXECUTE|[54]
20:24:53.0 (3976175)|METHOD_EXIT|[7]|01p50000002CIEo|ETLC_ApexBridge_Data.getInputValue(String)
20:24:53.0 (3982493)|VARIABLE_SCOPE_BEGIN|[7]|mode|String|false|false
20:24:53.0 (3989737)|VARIABLE_ASSIGNMENT|[7]|mode|"fetchFollowedUsers"
20:24:53.0 (3994050)|HEAP_ALLOCATE|[9]|Bytes:18
20:24:53.0 (4021495)|STATEMENT_EXECUTE|[9]
20:24:53.0 (4024271)|STATEMENT_EXECUTE|[10]
20:24:53.0 (4063941)|HEAP_ALLOCATE|[10]|Bytes:85
20:24:53.0 (4075012)|SYSTEM_METHOD_ENTRY|[1]|UserInfo.UserInfo()
20:24:53.0 (4077140)|STATEMENT_EXECUTE|[1]
20:24:53.0 (4083961)|SYSTEM_METHOD_EXIT|[1]|UserInfo
20:24:53.0 (4094726)|METHOD_ENTRY|[10]||System.UserInfo.getUserId()
20:24:53.0 (4125282)|METHOD_EXIT|[10]||System.UserInfo.getUserId()
20:24:53.0 (4137564)|HEAP_ALLOCATE|[10]|Bytes:4
20:24:53.0 (4147736)|METHOD_ENTRY|[10]|01p50000002D8iw|BFFFollow_Controller.fetchFollowedUsers(Id)
20:24:53.0 (4152248)|VARIABLE_SCOPE_BEGIN|[20]|this|BFFFollow_Controller|true|false
20:24:53.0 (4168317)|VARIABLE_ASSIGNMENT|[20]|this|{}|0xed20e04
20:24:53.0 (4171453)|VARIABLE_SCOPE_BEGIN|[20]|followedById|Id|false|false
20:24:53.0 (4226260)|VARIABLE_ASSIGNMENT|[20]|followedById|"00550000005cg71AAA"
20:24:53.0 (4237786)|HEAP_ALLOCATE|[21]|Bytes:5
20:24:53.0 (4241844)|STATEMENT_EXECUTE|[20]
20:24:53.0 (4243237)|STATEMENT_EXECUTE|[21]
20:24:53.0 (4250290)|HEAP_ALLOCATE|[21]|Bytes:63
20:24:53.0 (4284384)|HEAP_ALLOCATE|[21]|Bytes:18
20:24:53.0 (4295440)|HEAP_ALLOCATE|[21]|Bytes:9
20:24:53.0 (4304525)|HEAP_ALLOCATE|[21]|Bytes:90
20:24:53.0 (4308886)|VARIABLE_SCOPE_BEGIN|[21]|soql|String|false|false
20:24:53.0 (4317342)|VARIABLE_ASSIGNMENT|[21]|soql|"SELECT FollowedUsers (70 more) ..."
20:24:53.0 (4319879)|STATEMENT_EXECUTE|[22]
20:24:53.0 (4320888)|STATEMENT_EXECUTE|[22]
20:24:53.0 (4325510)|STATEMENT_EXECUTE|[23]
20:24:53.0 (4326682)|STATEMENT_EXECUTE|[23]
20:24:53.0 (4332975)|HEAP_ALLOCATE|[23]|Bytes:24
20:24:53.0 (4339368)|HEAP_ALLOCATE|[23]|Bytes:114
20:24:53.0 (4365395)|USER_DEBUG|[23]|DEBUG|fetchFollowedUsers:soql:SELECT FollowedUsers__c FROM BFFFollow__c WHERE FollowedBy__c='00550000005cg71AAA' limit 1
20:24:53.0 (4372413)|STATEMENT_EXECUTE|[24]
20:24:53.0 (4448002)|HEAP_ALLOCATE|[24]|Bytes:9
20:24:53.0 (4453635)|HEAP_ALLOCATE|[24]|Bytes:29
20:24:53.0 (4456144)|HEAP_ALLOCATE|[24]|Bytes:21
20:24:53.0 (4463778)|METHOD_ENTRY|[7]|01p50000002CIEt|ETLC_SecuredDB.ETLC_SecuredDB()
20:24:53.0 (4465989)|STATEMENT_EXECUTE|[7]
20:24:53.0 (4468307)|STATEMENT_EXECUTE|[7]
20:24:53.0 (4474071)|HEAP_ALLOCATE|[24]|Bytes:5
20:24:53.0 (4482413)|METHOD_EXIT|[7]|ETLC_SecuredDB
20:24:53.0 (4492681)|METHOD_ENTRY|[24]|01p50000002CIEt|ETLC_SecuredDB.query(String)
20:24:53.0 (4505363)|VARIABLE_SCOPE_BEGIN|[10]|SOQL|String|false|false
20:24:53.0 (4513387)|VARIABLE_ASSIGNMENT|[10]|SOQL|"SELECT FollowedUsers (70 more) ..."
20:24:53.0 (4520618)|HEAP_ALLOCATE|[12]|Bytes:5
20:24:53.0 (4523930)|STATEMENT_EXECUTE|[10]
20:24:53.0 (4525134)|STATEMENT_EXECUTE|[12]
20:24:53.0 (4917899)|SOQL_EXECUTE_BEGIN|[12]|Aggregations:0|SELECT FollowedUsers__c FROM BFFFollow__c WHERE FollowedBy__c='00550000005cg71AAA' limit 1
20:24:53.0 (7739689)|SOQL_EXECUTE_END|[12]|Rows:1
20:24:53.0 (7760703)|HEAP_ALLOCATE|[12]|Bytes:8
20:24:53.0 (7775188)|HEAP_ALLOCATE|[12]|Bytes:111
20:24:53.0 (7860675)|HEAP_ALLOCATE|[12]|Bytes:8
20:24:53.0 (7875085)|VARIABLE_SCOPE_BEGIN|[12]|dbRecords|List<SObject>|true|false
20:24:53.0 (7904796)|VARIABLE_ASSIGNMENT|[12]|dbRecords|{"s":1,"v":[{"s":2,"v":{"FollowedUsers__c":"[{\"id\":\"00550000005c (38 more) ...","Id":"a005000000ezW4dAAE"}}]}|0x3bc76d7
20:24:53.0 (7908860)|STATEMENT_EXECUTE|[20]
20:24:53.0 (7971355)|HEAP_ALLOCATE|[20]|Bytes:12
20:24:53.0 (7977819)|HEAP_ALLOCATE|[20]|Bytes:8
20:24:53.0 (8000679)|HEAP_ALLOCATE|[20]|Bytes:12
20:24:53.0 (8004979)|HEAP_ALLOCATE|[20]|Bytes:9
20:24:53.0 (8015392)|HEAP_ALLOCATE|[20]|Bytes:12
20:24:53.0 (8018430)|HEAP_ALLOCATE|[20]|Bytes:8
20:24:53.0 (8027607)|HEAP_ALLOCATE|[20]|Bytes:12
20:24:53.0 (8030391)|HEAP_ALLOCATE|[20]|Bytes:8
20:24:53.0 (8039503)|HEAP_ALLOCATE|[20]|Bytes:12
20:24:53.0 (8042206)|HEAP_ALLOCATE|[20]|Bytes:9
20:24:53.0 (8062009)|METHOD_ENTRY|[20]|01p50000002CIEt|ETLC_SecuredDB.findFields(List<SObject>)
20:24:53.0 (8077661)|VARIABLE_SCOPE_BEGIN|[108]|dbRecords|List<SObject>|true|false
20:24:53.0 (8096741)|VARIABLE_ASSIGNMENT|[108]|dbRecords|{"s":1,"v":[{"s":2,"v":{"FollowedUsers__c":"[{\"id\":\"00550000005c (38 more) ...","Id":"a005000000ezW4dAAE"}}]}|0x3bc76d7
20:24:53.0 (8107289)|HEAP_ALLOCATE|[109]|Bytes:5
20:24:53.0 (8111368)|STATEMENT_EXECUTE|[108]
20:24:53.0 (8112892)|STATEMENT_EXECUTE|[109]
20:24:53.0 (8122177)|VARIABLE_SCOPE_BEGIN|[109]|strJSON|String|false|false
20:24:53.0 (8128149)|VARIABLE_ASSIGNMENT|[109]|strJSON|null
20:24:53.0 (8130183)|STATEMENT_EXECUTE|[110]
20:24:53.0 (8137326)|VARIABLE_SCOPE_BEGIN|[110]|mapFields|Map<String,Set<String>>|true|false
20:24:53.0 (8142979)|VARIABLE_ASSIGNMENT|[110]|mapFields|null|
20:24:53.0 (8144821)|STATEMENT_EXECUTE|[112]
20:24:53.0 (8157094)|METHOD_ENTRY|[112]||System.JSON.serialize(Object)
20:24:53.0 (8537317)|METHOD_EXIT|[112]||System.JSON.serialize(Object)
20:24:53.0 (8559046)|VARIABLE_ASSIGNMENT|[112]|strJSON|"[{\"attributes\":{\"typ (204 more) ..."
20:24:53.0 (8562672)|STATEMENT_EXECUTE|[113]
20:24:53.0 (8570800)|HEAP_ALLOCATE|[113]|Bytes:5
20:24:53.0 (8580188)|HEAP_ALLOCATE|[113]|Bytes:229
20:24:53.0 (8606738)|USER_DEBUG|[113]|DEBUG|JSON:[{"attributes":{"type":"BFFFollow__c","url":"/services/data/v37.0/sobjects/BFFFollow__c/a005000000ezW4dAAE"},"FollowedUsers__c":"[{\"id\":\"00550000005cg71AAA\",\"name\":\"Jaswinder Rattanpal\"}]","Id":"a005000000ezW4dAAE"}]
20:24:53.0 (8621756)|STATEMENT_EXECUTE|[114]
20:24:53.0 (8632779)|HEAP_ALLOCATE|[114]|Bytes:4
20:24:53.0 (8657881)|VARIABLE_ASSIGNMENT|[114]|mapFields|{"s":1,"v":{}}|0x64c70d56
20:24:53.0 (8661429)|STATEMENT_EXECUTE|[115]
20:24:53.0 (8673584)|METHOD_ENTRY|[115]||System.JSON.deserializeUntyped(String)
20:24:53.0 (9064007)|METHOD_EXIT|[115]||System.JSON.deserializeUntyped(String)
20:24:53.0 (9074484)|VARIABLE_SCOPE_BEGIN|[115]|records|List<ANY>|true|false
20:24:53.0 (9102320)|HEAP_ALLOCATE|[EXTERNAL]|Bytes:8
20:24:53.0 (9124813)|VARIABLE_ASSIGNMENT|[115]|records|{"s":1,"v":[{"s":2,"v":{"attributes":{"s":3,"v":{"type":"BFFFollow__c","url":"/services/data/v37.0 (41 more) ..."}},"FollowedUsers__c":"[{\"id\":\"00550000005c (38 more) ...","Id":"a005000000ezW4dAAE"}}]}|0x42dd5d7
20:24:53.0 (9166572)|HEAP_ALLOCATE|[116]|Bytes:5
20:24:53.0 (9182905)|HEAP_ALLOCATE|[116]|Bytes:16
20:24:53.0 (9193895)|VARIABLE_SCOPE_BEGIN|[116]|record|Object|false|false
20:24:53.0 (9215860)|VARIABLE_ASSIGNMENT|[116]|record|{"s":1,"v":{"attributes":{"s":2,"v":{"type":"BFFFollow__c","url":"/services/data/v37.0 (41 more) ..."}},"FollowedUsers__c":"[{\"id\":\"00550000005c (38 more) ...","Id":"a005000000ezW4dAAE"}}
20:24:53.0 (9220675)|STATEMENT_EXECUTE|[116]
20:24:53.0 (9222001)|STATEMENT_EXECUTE|[117]
20:24:53.0 (9240043)|METHOD_ENTRY|[117]|01p50000002CIEt|ETLC_SecuredDB.findFieldsRecursive(Map<String,Set<String>>, Map<String,ANY>)
20:24:53.0 (9254407)|VARIABLE_SCOPE_BEGIN|[124]|mapFields|Map<String,Set<String>>|true|false
20:24:53.0 (9266175)|VARIABLE_ASSIGNMENT|[124]|mapFields|{"s":1,"v":{}}|0x64c70d56
20:24:53.0 (9268905)|VARIABLE_SCOPE_BEGIN|[124]|record|Map<String,ANY>|true|false
20:24:53.0 (9280586)|VARIABLE_ASSIGNMENT|[124]|record|{"s":1,"v":{"attributes":{"s":2,"v":{"type":"BFFFollow__c","url":"/services/data/v37.0 (41 more) ..."}},"FollowedUsers__c":"[{\"id\":\"00550000005c (38 more) ...","Id":"a005000000ezW4dAAE"}}|0x77b2b1d9
20:24:53.0 (9289852)|HEAP_ALLOCATE|[125]|Bytes:5
20:24:53.0 (9293434)|STATEMENT_EXECUTE|[124]
20:24:53.0 (9294891)|STATEMENT_EXECUTE|[125]
20:24:53.0 (9301479)|HEAP_ALLOCATE|[125]|Bytes:10
20:24:53.0 (9306466)|VARIABLE_SCOPE_BEGIN|[125]|strAttributes|String|false|false
20:24:53.0 (9312536)|VARIABLE_ASSIGNMENT|[125]|strAttributes|"attributes"
20:24:53.0 (9314611)|STATEMENT_EXECUTE|[126]
20:24:53.0 (9319193)|HEAP_ALLOCATE|[126]|Bytes:7
20:24:53.0 (9323148)|VARIABLE_SCOPE_BEGIN|[126]|strRecord|String|false|false
20:24:53.0 (9327847)|VARIABLE_ASSIGNMENT|[126]|strRecord|"records"
20:24:53.0 (9358717)|STATEMENT_EXECUTE|[127]
20:24:53.0 (9360620)|STATEMENT_EXECUTE|[128]
20:24:53.0 (9393980)|VARIABLE_SCOPE_BEGIN|[128]|attributes|Map<String,ANY>|true|false
20:24:53.0 (9410816)|VARIABLE_ASSIGNMENT|[128]|attributes|{"s":1,"v":{"type":"BFFFollow__c","url":"/services/data/v37.0 (41 more) ..."}}|0x624811b2
20:24:53.0 (9414273)|STATEMENT_EXECUTE|[129]
20:24:53.0 (9421204)|HEAP_ALLOCATE|[129]|Bytes:4
20:24:53.0 (9452326)|VARIABLE_SCOPE_BEGIN|[129]|objectName|String|false|false
20:24:53.0 (9459807)|VARIABLE_ASSIGNMENT|[129]|objectName|"BFFFollow__c"
20:24:53.0 (9469708)|HEAP_ALLOCATE|[130]|Bytes:4
20:24:53.0 (9527058)|HEAP_ALLOCATE|[130]|Bytes:44
20:24:53.0 (9545568)|HEAP_ALLOCATE|[130]|Bytes:12
20:24:53.0 (9567017)|HEAP_ALLOCATE|[130]|Bytes:5
20:24:53.0 (9581539)|VARIABLE_SCOPE_BEGIN|[130]|fieldName|String|false|false
20:24:53.0 (9589317)|VARIABLE_ASSIGNMENT|[130]|fieldName|"attributes"
20:24:53.0 (9592297)|STATEMENT_EXECUTE|[130]
20:24:53.0 (9593618)|STATEMENT_EXECUTE|[131]
20:24:53.0 (9633840)|VARIABLE_SCOPE_BEGIN|[131]|field|Object|false|false
20:24:53.0 (9651505)|VARIABLE_ASSIGNMENT|[131]|field|{"s":1,"v":{"type":"BFFFollow__c","url":"/services/data/v37.0 (41 more) ..."}}
20:24:53.0 (9667970)|STATEMENT_EXECUTE|[132]
20:24:53.0 (9683956)|HEAP_ALLOCATE|[130]|Bytes:5
20:24:53.0 (9696170)|VARIABLE_SCOPE_BEGIN|[130]|fieldName|String|false|false
20:24:53.0 (9703223)|VARIABLE_ASSIGNMENT|[130]|fieldName|"FollowedUsers__c"
20:24:53.0 (9705663)|STATEMENT_EXECUTE|[130]
20:24:53.0 (9707017)|STATEMENT_EXECUTE|[131]
20:24:53.0 (9725961)|VARIABLE_SCOPE_BEGIN|[131]|field|Object|false|false
20:24:53.0 (9736616)|VARIABLE_ASSIGNMENT|[131]|field|"[{\"id\":\"00550000005c (38 more) ..."
20:24:53.0 (9747106)|HEAP_ALLOCATE|[134]|Bytes:68
20:24:53.0 (9764822)|STATEMENT_EXECUTE|[136]
20:24:53.0 (9778445)|STATEMENT_EXECUTE|[137]
20:24:53.0 (9793433)|HEAP_ALLOCATE|[137]|Bytes:4
20:24:53.0 (9839993)|VARIABLE_SCOPE_BEGIN|[137]|fieldNames|Set<String>|true|false
20:24:53.0 (9869620)|VARIABLE_ASSIGNMENT|[137]|fieldNames|{"s":1,"v":[]}|0x3e391d10
20:24:53.0 (9915547)|STATEMENT_EXECUTE|[138]
20:24:53.0 (9922364)|STATEMENT_EXECUTE|[139]
20:24:53.0 (9947704)|HEAP_ALLOCATE|[EXTERNAL]|Bytes:4
20:24:53.0 (9955273)|STATEMENT_EXECUTE|[140]
20:24:53.0 (9983856)|HEAP_ALLOCATE|[EXTERNAL]|Bytes:-4
20:24:53.0 (9998949)|HEAP_ALLOCATE|[130]|Bytes:5
20:24:53.0 (10011245)|VARIABLE_SCOPE_BEGIN|[130]|fieldName|String|false|false
20:24:53.0 (10019876)|VARIABLE_ASSIGNMENT|[130]|fieldName|"Id"
20:24:53.0 (10022446)|STATEMENT_EXECUTE|[130]
20:24:53.0 (10023703)|STATEMENT_EXECUTE|[131]
20:24:53.0 (10043879)|VARIABLE_SCOPE_BEGIN|[131]|field|Object|false|false
20:24:53.0 (10053033)|VARIABLE_ASSIGNMENT|[131]|field|"a005000000ezW4dAAE"
20:24:53.0 (10069243)|STATEMENT_EXECUTE|[136]
20:24:53.0 (10070989)|STATEMENT_EXECUTE|[137]
20:24:53.0 (10095981)|HEAP_ALLOCATE|[137]|Bytes:4
20:24:53.0 (10110361)|VARIABLE_SCOPE_BEGIN|[137]|fieldNames|Set<String>|true|false
20:24:53.0 (10128527)|VARIABLE_ASSIGNMENT|[137]|fieldNames|{"s":1,"v":[]}|0x54d0f46d
20:24:53.0 (10142210)|STATEMENT_EXECUTE|[138]
20:24:53.0 (10169350)|VARIABLE_ASSIGNMENT|[138]|fieldNames|{"s":1,"v":["FollowedUsers__c"]}|0x3e391d10
20:24:53.0 (10172953)|STATEMENT_EXECUTE|[139]
20:24:53.0 (10183933)|HEAP_ALLOCATE|[EXTERNAL]|Bytes:4
20:24:53.0 (10189675)|STATEMENT_EXECUTE|[140]
20:24:53.0 (10210971)|HEAP_ALLOCATE|[130]|Bytes:5
20:24:53.0 (10223140)|VARIABLE_ASSIGNMENT|[130]|fieldName|null
20:24:53.0 (10233850)|METHOD_EXIT|[117]|01p50000002CIEt|ETLC_SecuredDB.findFieldsRecursive(Map<String,Set<String>>, Map<String,ANY>)
20:24:53.0 (10243460)|HEAP_ALLOCATE|[116]|Bytes:5
20:24:53.0 (10258992)|VARIABLE_ASSIGNMENT|[116]|record|null
20:24:53.0 (10264980)|HEAP_ALLOCATE|[119]|Bytes:4
20:24:53.0 (10293979)|HEAP_ALLOCATE|[119]|Bytes:20
20:24:53.0 (10305828)|HEAP_ALLOCATE|[119]|Bytes:4
20:24:53.0 (10322422)|HEAP_ALLOCATE|[119]|Bytes:5
20:24:53.0 (10334742)|VARIABLE_SCOPE_BEGIN|[119]|objectName|String|false|false
20:24:53.0 (10341917)|VARIABLE_ASSIGNMENT|[119]|objectName|"BFFFollow__c"
20:24:53.0 (10344883)|STATEMENT_EXECUTE|[119]
20:24:53.0 (10346223)|STATEMENT_EXECUTE|[120]
20:24:53.0 (10353320)|HEAP_ALLOCATE|[120]|Bytes:2
20:24:53.0 (10402718)|HEAP_ALLOCATE|[120]|Bytes:22
20:24:53.0 (10414860)|HEAP_ALLOCATE|[120]|Bytes:36
20:24:53.0 (10425649)|USER_DEBUG|[120]|DEBUG|BFFFollow__c: {FollowedUsers__c, Id}
20:24:53.0 (10437467)|HEAP_ALLOCATE|[119]|Bytes:5
20:24:53.0 (10448926)|VARIABLE_ASSIGNMENT|[119]|objectName|null
20:24:53.0 (10452229)|STATEMENT_EXECUTE|[122]
20:24:53.0 (10464064)|METHOD_EXIT|[20]|01p50000002CIEt|ETLC_SecuredDB.findFields(List<SObject>)
20:24:53.0 (10474781)|METHOD_ENTRY|[20]|01p50000002CIEt|ETLC_SecuredDB.validate(ETLC_SecuredDB.Operation, Map<String,Set<String>>)
20:24:53.0 (10479289)|VARIABLE_SCOPE_BEGIN|[55]|op|ETLC_SecuredDB.Operation|true|false
20:24:53.0 (10493480)|VARIABLE_ASSIGNMENT|[55]|op|"Querying"|0x360ebb57
20:24:53.0 (10496375)|VARIABLE_SCOPE_BEGIN|[55]|mapFieldNames|Map<String,Set<String>>|true|false
20:24:53.0 (10512233)|VARIABLE_ASSIGNMENT|[55]|mapFieldNames|{"s":1,"v":{"BFFFollow__c":{"s":2,"v":["FollowedUsers__c","Id"]}}}|0x64c70d56
20:24:53.0 (10520777)|HEAP_ALLOCATE|[56]|Bytes:5
20:24:53.0 (10524433)|STATEMENT_EXECUTE|[55]
20:24:53.0 (10525627)|STATEMENT_EXECUTE|[56]
20:24:53.0 (10533296)|VARIABLE_SCOPE_BEGIN|[56]|securityMessage|String|false|false
20:24:53.0 (10538736)|VARIABLE_ASSIGNMENT|[56]|securityMessage|null
20:24:53.0 (10540629)|STATEMENT_EXECUTE|[57]
20:24:53.0 (19534449)|HEAP_ALLOCATE|[57]|Bytes:1256
20:24:53.0 (19548858)|VARIABLE_SCOPE_BEGIN|[57]|mapObjects|Map<String,Schema.SObjectType>|true|false
20:24:53.0 (19708280)|VARIABLE_ASSIGNMENT|[57]|mapObjects|"{acceptedeventrelation=AcceptedEventRelation, account=Account, accountcontactrole=AccountContactRole, accounthistory=AccountHistory, accountpartner=AccountPartner, accountshare=AccountShare, actionlinkgrouptemplate=ActionLinkGroupTemplate, actionlinktemplate=ActionLinkTemplate, activityhistory=ActivityHistory, additionalnumber=AdditionalNumber, ...}"|0x1469e9a5
20:24:53.0 (19722357)|HEAP_ALLOCATE|[58]|Bytes:4
20:24:53.0 (19759789)|HEAP_ALLOCATE|[58]|Bytes:20
20:24:53.0 (19778032)|HEAP_ALLOCATE|[58]|Bytes:4
20:24:53.0 (19797305)|HEAP_ALLOCATE|[58]|Bytes:5
20:24:53.0 (19810854)|VARIABLE_SCOPE_BEGIN|[58]|sObjectName|String|false|false
20:24:53.0 (19820465)|VARIABLE_ASSIGNMENT|[58]|sObjectName|"BFFFollow__c"
20:24:53.0 (19823240)|STATEMENT_EXECUTE|[58]
20:24:53.0 (19824693)|STATEMENT_EXECUTE|[59]
20:24:53.0 (19832853)|HEAP_ALLOCATE|[59]|Bytes:9
20:24:53.0 (19836339)|HEAP_ALLOCATE|[59]|Bytes:7
20:24:53.0 (19874521)|HEAP_ALLOCATE|[59]|Bytes:8
20:24:53.0 (19885730)|HEAP_ALLOCATE|[59]|Bytes:1
20:24:53.0 (19895587)|HEAP_ALLOCATE|[59]|Bytes:37
20:24:53.0 (19905113)|VARIABLE_ASSIGNMENT|[59]|securityMessage|"CRUD on [BFFFollow__ (17 more) ..."
20:24:53.0 (19907999)|STATEMENT_EXECUTE|[60]
20:24:53.0 (19914448)|HEAP_ALLOCATE|[60]|Bytes:10
20:24:53.0 (19920358)|HEAP_ALLOCATE|[60]|Bytes:47
20:24:53.0 (19942358)|USER_DEBUG|[60]|DEBUG|Checking: CRUD on [BFFFollow__c] for [Querying]
20:24:53.0 (19948941)|STATEMENT_EXECUTE|[61]
20:24:53.0 (20172408)|HEAP_ALLOCATE|[61]|Bytes:4
20:24:53.0 (20204797)|VARIABLE_SCOPE_BEGIN|[61]|drSObj|Schema.DescribeSObjectResult|true|false
20:24:53.0 (20275090)|VARIABLE_ASSIGNMENT|[61]|drSObj|"common.api.soap.wsdl.DescribeSObjectResult@a54f9caa"|0x31ee541d
20:24:53.0 (20396011)|STATEMENT_EXECUTE|[64]
20:24:53.0 (20418614)|STATEMENT_EXECUTE|[65]
20:24:53.0 (20473052)|STATEMENT_EXECUTE|[77]
20:24:53.0 (20475513)|STATEMENT_EXECUTE|[79]
20:24:53.0 (20684016)|HEAP_ALLOCATE|[79]|Bytes:56
20:24:53.0 (20694774)|VARIABLE_SCOPE_BEGIN|[79]|mapFields|Map<String,Schema.SObjectField>|true|false
20:24:53.0 (20854302)|VARIABLE_ASSIGNMENT|[79]|mapFields|"{createdbyid=CreatedById, createddate=CreatedDate, followedby__c=FollowedBy__c, followedusers__c=FollowedUsers__c, id=Id, isdeleted=IsDeleted, lastmodifiedbyid=LastModifiedById, lastmodifieddate=LastModifiedDate, lastreferenceddate=LastReferencedDate, lastvieweddate=LastViewedDate, ...}"|0x72f98574
20:24:53.0 (20864347)|HEAP_ALLOCATE|[80]|Bytes:4
20:24:53.0 (20903665)|HEAP_ALLOCATE|[80]|Bytes:8
20:24:53.0 (20922143)|HEAP_ALLOCATE|[80]|Bytes:5
20:24:53.0 (20934857)|VARIABLE_SCOPE_BEGIN|[80]|fieldName|String|false|false
20:24:53.0 (20943147)|VARIABLE_ASSIGNMENT|[80]|fieldName|"FollowedUsers__c"
20:24:53.0 (20946465)|STATEMENT_EXECUTE|[80]
20:24:53.0 (20947934)|STATEMENT_EXECUTE|[81]
20:24:53.0 (21297658)|HEAP_ALLOCATE|[81]|Bytes:8
20:24:53.0 (21325413)|VARIABLE_SCOPE_BEGIN|[81]|drField|Schema.DescribeFieldResult|true|false
20:24:53.0 (21389096)|VARIABLE_ASSIGNMENT|[81]|drField|"common.api.soap.wsdl.Field@824945a6"|0x43839ac4
20:24:53.0 (21410614)|STATEMENT_EXECUTE|[82]
20:24:53.0 (21412488)|STATEMENT_EXECUTE|[83]
20:24:53.0 (21420376)|HEAP_ALLOCATE|[83]|Bytes:8
20:24:53.0 (21424231)|HEAP_ALLOCATE|[83]|Bytes:1
20:24:53.0 (21461433)|HEAP_ALLOCATE|[83]|Bytes:8
20:24:53.0 (21479313)|HEAP_ALLOCATE|[83]|Bytes:52
20:24:53.0 (21484435)|HEAP_ALLOCATE|[83]|Bytes:53
20:24:53.0 (21494065)|VARIABLE_ASSIGNMENT|[83]|securityMessage|"FLS on [BFFFollow__c (33 more) ..."
20:24:53.0 (21497080)|STATEMENT_EXECUTE|[84]
20:24:53.0 (21506041)|HEAP_ALLOCATE|[84]|Bytes:63
20:24:53.0 (21527971)|USER_DEBUG|[84]|DEBUG|Checking: FLS on [BFFFollow__c.FollowedUsers__c] for [Querying]
20:24:53.0 (21615968)|STATEMENT_EXECUTE|[87]
20:24:53.0 (21631373)|STATEMENT_EXECUTE|[88]
20:24:53.0 (21648200)|HEAP_ALLOCATE|[80]|Bytes:5
20:24:53.0 (21661124)|VARIABLE_SCOPE_BEGIN|[80]|fieldName|String|false|false
20:24:53.0 (21668985)|VARIABLE_ASSIGNMENT|[80]|fieldName|"Id"
20:24:53.0 (21671454)|STATEMENT_EXECUTE|[80]
20:24:53.0 (21672515)|STATEMENT_EXECUTE|[81]
20:24:53.0 (21824724)|HEAP_ALLOCATE|[81]|Bytes:8
20:24:53.0 (21835421)|VARIABLE_SCOPE_BEGIN|[81]|drField|Schema.DescribeFieldResult|true|false
20:24:53.0 (21895393)|VARIABLE_ASSIGNMENT|[81]|drField|"common.api.soap.wsdl.Field@70d6b617"|0x2aed2f91
20:24:53.0 (21907640)|STATEMENT_EXECUTE|[99]
20:24:53.0 (21909008)|STATEMENT_EXECUTE|[100]
20:24:53.0 (21917082)|HEAP_ALLOCATE|[100]|Bytes:22
20:24:53.0 (21957085)|HEAP_ALLOCATE|[100]|Bytes:8
20:24:53.0 (21971618)|HEAP_ALLOCATE|[100]|Bytes:52
20:24:53.0 (21975144)|HEAP_ALLOCATE|[100]|Bytes:35
20:24:53.0 (21978797)|HEAP_ALLOCATE|[100]|Bytes:87
20:24:53.0 (21988681)|USER_DEBUG|[100]|DEBUG|Bypass Check: FLS on [BFFFollow__c.Id] for [Querying] since it's not isPermissionable()
20:24:53.0 (22001978)|HEAP_ALLOCATE|[80]|Bytes:5
20:24:53.0 (22015400)|VARIABLE_ASSIGNMENT|[80]|fieldName|null
20:24:53.0 (22024343)|HEAP_ALLOCATE|[58]|Bytes:5
20:24:53.0 (22033482)|VARIABLE_ASSIGNMENT|[58]|sObjectName|null
20:24:53.0 (22042960)|METHOD_EXIT|[20]|01p50000002CIEt|ETLC_SecuredDB.validate(ETLC_SecuredDB.Operation, Map<String,Set<String>>)
20:24:53.0 (22046526)|STATEMENT_EXECUTE|[21]
20:24:53.0 (22056052)|METHOD_EXIT|[24]|01p50000002CIEt|ETLC_SecuredDB.query(String)
20:24:53.0 (22061029)|VARIABLE_SCOPE_BEGIN|[24]|dbRecords|List<SObject>|true|false
20:24:53.0 (22081214)|VARIABLE_ASSIGNMENT|[24]|dbRecords|{"s":1,"v":[{"s":2,"v":{"FollowedUsers__c":"[{\"id\":\"00550000005c (38 more) ...","Id":"a005000000ezW4dAAE"}}]}|0x3bc76d7
20:24:53.0 (22087180)|STATEMENT_EXECUTE|[25]
20:24:53.0 (22088640)|STATEMENT_EXECUTE|[25]
20:24:53.0 (22152379)|USER_DEBUG|[25]|DEBUG|(BFFFollow__c:{FollowedUsers__c=[{"id":"00550000005cg71AAA","name":"Jaswinder Rattanpal"}], Id=a005000000ezW4dAAE})
20:24:53.0 (22222130)|STATEMENT_EXECUTE|[26]
20:24:53.0 (22226802)|STATEMENT_EXECUTE|[27]
20:24:53.0 (22228146)|STATEMENT_EXECUTE|[28]
20:24:53.0 (22235679)|HEAP_ALLOCATE|[28]|Bytes:18
20:24:53.0 (22246657)|HEAP_ALLOCATE|[28]|Bytes:12
20:24:53.0 (22251901)|HEAP_ALLOCATE|[28]|Bytes:16
20:24:53.0 (22317386)|HEAP_ALLOCATE|[28]|Bytes:58
20:24:53.0 (22337345)|HEAP_ALLOCATE|[28]|Bytes:58
20:24:53.0 (22346521)|HEAP_ALLOCATE|[28]|Bytes:76
20:24:53.0 (22355958)|USER_DEBUG|[28]|DEBUG|FollowedUsers__c::[{"id":"00550000005cg71AAA","name":"Jaswinder Rattanpal"}]
20:24:53.0 (22361286)|STATEMENT_EXECUTE|[30]
20:24:53.0 (22373308)|HEAP_ALLOCATE|[30]|Bytes:12
20:24:53.0 (22423437)|HEAP_ALLOCATE|[30]|Bytes:58
20:24:53.0 (22441316)|METHOD_EXIT|[10]|01p50000002D8iw|BFFFollow_Controller.fetchFollowedUsers(Id)
20:24:53.0 (22484848)|VARIABLE_ASSIGNMENT|[EXTERNAL]|this|{"debug":true,"input":"{\"mode\":\"fetchFollow (9 more) ...","operation":"BFFFollow_Controller"}|0x6d3efee9
20:24:53.0 (22493310)|VARIABLE_ASSIGNMENT|[EXTERNAL]|value|"[{\"id\":\"00550000005c (38 more) ..."
20:24:53.0 (22505889)|VARIABLE_ASSIGNMENT|[12]|this.output|"[{\"id\":\"00550000005c (38 more) ..."|0x6d3efee9
20:24:53.0 (22513311)|STATEMENT_EXECUTE|[11]
20:24:53.0 (22561487)|VARIABLE_ASSIGNMENT|[EXTERNAL]|this|{"debug":true,"input":"{\"mode\":\"fetchFollow (9 more) ...","operation":"BFFFollow_Controller","output":"[{\"id\":\"00550000005c (38 more) ..."}|0x6d3efee9
20:24:53.0 (22613009)|VARIABLE_ASSIGNMENT|[EXTERNAL]|this|{"debug":true,"input":"{\"mode\":\"fetchFollow (9 more) ...","operation":"BFFFollow_Controller","output":"[{\"id\":\"00550000005c (38 more) ..."}|0x6d3efee9
20:24:53.0 (22621793)|VARIABLE_ASSIGNMENT|[EXTERNAL]|value|true
20:24:53.0 (22627345)|HEAP_ALLOCATE|[15]|Bytes:5
20:24:53.0 (22635245)|VARIABLE_ASSIGNMENT|[15]|this.outputFlag|true|0x6d3efee9
20:24:53.0 (22644443)|STATEMENT_EXECUTE|[12]
20:24:53.0 (22646039)|STATEMENT_EXECUTE|[12]
20:24:53.0 (22691853)|USER_DEBUG|[12]|DEBUG|ETLC_ApexBridge_Data:[debug=true, input={"mode":"fetchFollowedUsers"}, isSuccess=null, messages=null, operation=BFFFollow_Controller, output=[{"id":"00550000005cg71AAA","name":"Jaswinder Rattanpal"}], outputFlag=true, records=null]
20:24:53.0 (22705847)|METHOD_EXIT|[9]|01p50000002D8iw|BFFFollow_Controller.process(ETLC_ApexBridge_Data)
20:24:53.0 (22709283)|STATEMENT_EXECUTE|[24]
20:24:53.0 (22723313)|METHOD_ENTRY|[24]|01p50000002CIEo|ETLC_ApexBridge_Data.toJSON()
20:24:53.0 (22735701)|VARIABLE_SCOPE_BEGIN|[57]|this|ETLC_ApexBridge_Data|true|false
20:24:53.0 (22764145)|VARIABLE_ASSIGNMENT|[57]|this|{"debug":true,"input":"{\"mode\":\"fetchFollow (9 more) ...","operation":"BFFFollow_Controller","output":"[{\"id\":\"00550000005c (38 more) ...","outputFlag":true}|0x6d3efee9
20:24:53.0 (22774513)|STATEMENT_EXECUTE|[57]
20:24:53.0 (22776155)|STATEMENT_EXECUTE|[58]
20:24:53.0 (22788193)|METHOD_ENTRY|[58]||System.JSON.serialize(Object)
20:24:53.0 (22848358)|STATEMENT_EXECUTE|[22]
20:24:53.0 (22852126)|STATEMENT_EXECUTE|[23]
20:24:53.0 (22860047)|HEAP_ALLOCATE|[23]|Bytes:5
20:24:53.0 (22869332)|VARIABLE_ASSIGNMENT|[23]|this.isSuccess|true|0x6d3efee9
20:24:53.0 (22871667)|STATEMENT_EXECUTE|[24]
20:24:53.0 (22902127)|STATEMENT_EXECUTE|[31]
20:24:53.0 (22905204)|STATEMENT_EXECUTE|[32]
20:24:53.0 (22979483)|HEAP_ALLOCATE|[32]|Bytes:4
20:24:53.0 (23031750)|VARIABLE_ASSIGNMENT|[32]|this.messages|{"s":1,"v":{}}|0x6d3efee9
20:24:53.0 (23036668)|STATEMENT_EXECUTE|[33]
20:24:53.0 (23310254)|METHOD_EXIT|[58]||System.JSON.serialize(Object)
20:24:53.0 (23316600)|METHOD_EXIT|[24]|01p50000002CIEo|ETLC_ApexBridge_Data.toJSON()
20:24:53.0 (23326254)|SYSTEM_MODE_EXIT|false
20:24:53.23 (23370000)|CUMULATIVE_LIMIT_USAGE
20:24:53.23 (23370000)|LIMIT_USAGE_FOR_NS|(default)|
  Number of SOQL queries: 1 out of 100
  Number of query rows: 1 out of 50000
  Number of SOSL queries: 0 out of 20
  Number of DML statements: 0 out of 150
  Number of DML rows: 0 out of 10000
  Maximum CPU time: 0 out of 10000
  Maximum heap size: 0 out of 6000000
  Number of callouts: 0 out of 100
  Number of Email Invocations: 0 out of 10
  Number of future calls: 0 out of 50
  Number of queueable jobs added to the queue: 0 out of 50
  Number of Mobile Apex push calls: 0 out of 10

20:24:53.23 (23370000)|CUMULATIVE_LIMIT_USAGE_END

20:24:53.0 (23411374)|CODE_UNIT_FINISHED|ETLC_ApexBridge_Controller.execute
