37.0 APEX_CODE,FINEST;APEX_PROFILING,INFO;CALLOUT,INFO;DB,INFO;SYSTEM,DEBUG;VALIDATION,INFO;VISUALFORCE,INFO;WORKFLOW,INFO
10:29:57.0 (524081)|USER_INFO|[EXTERNAL]|00550000005cg71|bfffollow@jr.te|Eastern Standard Time|GMT-04:00
10:29:57.0 (572009)|EXECUTION_STARTED
10:29:57.0 (580657)|CODE_UNIT_STARTED|[EXTERNAL]|aura
10:29:57.0 (1023683)|HEAP_ALLOCATE|[72]|Bytes:3
10:29:57.0 (1107461)|HEAP_ALLOCATE|[77]|Bytes:152
10:29:57.0 (1132762)|HEAP_ALLOCATE|[342]|Bytes:408
10:29:57.0 (1158668)|HEAP_ALLOCATE|[355]|Bytes:408
10:29:57.0 (1182164)|HEAP_ALLOCATE|[467]|Bytes:48
10:29:57.0 (1270774)|HEAP_ALLOCATE|[139]|Bytes:6
10:29:57.0 (1308042)|HEAP_ALLOCATE|[EXTERNAL]|Bytes:187
10:29:57.0 (1381812)|HEAP_ALLOCATE|[EXTERNAL]|Bytes:187
10:29:57.0 (2559614)|CODE_UNIT_STARTED|[EXTERNAL]|01p50000002CIEm|ETLC_ApexBridge_Controller.execute
10:29:57.0 (3239135)|HEAP_ALLOCATE|[EXTERNAL]|Bytes:1
10:29:57.0 (3247927)|HEAP_ALLOCATE|[EXTERNAL]|Bytes:10
10:29:57.0 (3288106)|METHOD_ENTRY|[1]|01p50000002CIEm|ETLC_ApexBridge_Controller.ETLC_ApexBridge_Controller()
10:29:57.0 (3293627)|STATEMENT_EXECUTE|[1]
10:29:57.0 (3300300)|STATEMENT_EXECUTE|[1]
10:29:57.0 (3319104)|METHOD_EXIT|[1]|ETLC_ApexBridge_Controller
10:29:57.0 (3324945)|HEAP_ALLOCATE|[EXTERNAL]|Bytes:187
10:29:57.0 (3339961)|SYSTEM_MODE_ENTER|false
10:29:57.0 (3476401)|VARIABLE_SCOPE_BEGIN|[3]|dataJson|String|false|false
10:29:57.0 (3634684)|VARIABLE_ASSIGNMENT|[3]|dataJson|"{\"operation\":\"BFFFol (167 more) ..."
10:29:57.0 (3650100)|STATEMENT_EXECUTE|[3]
10:29:57.0 (3651907)|STATEMENT_EXECUTE|[4]
10:29:57.0 (5882146)|VARIABLE_SCOPE_BEGIN|[4]|data|ETLC_ApexBridge_Data|true|false
10:29:57.0 (5896422)|VARIABLE_ASSIGNMENT|[4]|data|null|
10:29:57.0 (5899584)|STATEMENT_EXECUTE|[5]
10:29:57.0 (5901057)|STATEMENT_EXECUTE|[5]
10:29:57.0 (5902035)|STATEMENT_EXECUTE|[6]
10:29:57.0 (5917590)|HEAP_ALLOCATE|[6]|Bytes:11
10:29:57.0 (5925317)|HEAP_ALLOCATE|[6]|Bytes:248
10:29:57.0 (5940720)|HEAP_ALLOCATE|[6]|Bytes:39
10:29:57.0 (5979884)|METHOD_ENTRY|[2]|01p50000002CIEo|ETLC_ApexBridge_Data.ETLC_ApexBridge_Data()
10:29:57.0 (5983209)|STATEMENT_EXECUTE|[2]
10:29:57.0 (5987565)|STATEMENT_EXECUTE|[2]
10:29:57.0 (5992771)|METHOD_EXIT|[2]|ETLC_ApexBridge_Data
10:29:57.0 (6060234)|METHOD_ENTRY|[6]|01p50000002CIEo|ETLC_ApexBridge_Data.fromJSON(String)
10:29:57.0 (6089433)|VARIABLE_SCOPE_BEGIN|[60]|strJson|String|false|false
10:29:57.0 (6166043)|VARIABLE_ASSIGNMENT|[60]|strJson|"{\"operation\":\"BFFFol (167 more) ..."
10:29:57.0 (6172204)|STATEMENT_EXECUTE|[60]
10:29:57.0 (6173669)|STATEMENT_EXECUTE|[61]
10:29:57.0 (6183211)|HEAP_ALLOCATE|[61]|Bytes:20
10:29:57.0 (6205905)|HEAP_ALLOCATE|[50]|Bytes:5
10:29:57.0 (6227824)|HEAP_ALLOCATE|[56]|Bytes:5
10:29:57.0 (6236236)|HEAP_ALLOCATE|[64]|Bytes:7
10:29:57.0 (6333005)|HEAP_ALLOCATE|[61]|Bytes:24
10:29:57.0 (6344514)|SYSTEM_METHOD_ENTRY|[1]|Type.Type()
10:29:57.0 (6347137)|STATEMENT_EXECUTE|[1]
10:29:57.0 (6354761)|SYSTEM_METHOD_EXIT|[1]|Type
10:29:57.0 (6360233)|HEAP_ALLOCATE|[61]|Bytes:8
10:29:57.0 (6385984)|HEAP_ALLOCATE|[61]|Bytes:8
10:29:57.0 (6390951)|VARIABLE_SCOPE_BEGIN|[4]|this|System.Type|true|false
10:29:57.0 (6426109)|VARIABLE_ASSIGNMENT|[4]|this|{}|0x73318719
10:29:57.0 (6429967)|VARIABLE_SCOPE_BEGIN|[4]|apextype|java:common.apex.runtime.ApexObjectType|true|false
10:29:57.0 (6548976)|VARIABLE_ASSIGNMENT|[4]|apextype|"ETLC_ApexBridge_Data"|0x42130ac8
10:29:57.0 (6615546)|HEAP_ALLOCATE|[61]|Bytes:8
10:29:57.0 (6653721)|HEAP_ALLOCATE|[61]|Bytes:24
10:29:57.0 (6664911)|SYSTEM_METHOD_ENTRY|[1]|JSON.JSON()
10:29:57.0 (6667178)|STATEMENT_EXECUTE|[1]
10:29:57.0 (6672688)|SYSTEM_METHOD_EXIT|[1]|JSON
10:29:57.0 (6688549)|METHOD_ENTRY|[61]||System.JSON.deserializeStrict(String, System.Type)
10:29:57.0 (7329226)|METHOD_EXIT|[61]||System.JSON.deserializeStrict(String, System.Type)
10:29:57.0 (7342001)|METHOD_EXIT|[6]|01p50000002CIEo|ETLC_ApexBridge_Data.fromJSON(String)
10:29:57.0 (7402034)|VARIABLE_ASSIGNMENT|[6]|data|{"debug":true,"input":"{\"mode\":\"saveFollowe (83 more) ...","operation":"BFFFollow_Controller"}|0x5b1e706e
10:29:57.0 (7407228)|STATEMENT_EXECUTE|[7]
10:29:57.0 (7417597)|HEAP_ALLOCATE|[7]|Bytes:6
10:29:57.0 (7494325)|HEAP_ALLOCATE|[7]|Bytes:251
10:29:57.0 (7514865)|HEAP_ALLOCATE|[7]|Bytes:257
10:29:57.0 (7558264)|USER_DEBUG|[7]|DEBUG|data::ETLC_ApexBridge_Data:[debug=true, input={"mode":"saveFollowedUsers","followedUsers":"[{\"id\":\"00550000005d7KnAAI\",\"name\":\"Test User\"}]"}, isSuccess=null, messages=null, operation=BFFFollow_Controller, output=null, outputFlag=null, records=null]
10:29:57.0 (7568271)|STATEMENT_EXECUTE|[8]
10:29:57.0 (7625687)|VARIABLE_ASSIGNMENT|[EXTERNAL]|this|{"debug":true,"input":"{\"mode\":\"saveFollowe (83 more) ...","operation":"BFFFollow_Controller"}|0x5b1e706e
10:29:57.0 (7645087)|METHOD_ENTRY|[8]||System.Type.forName(String)
10:29:57.0 (9613764)|METHOD_EXIT|[8]||System.Type.forName(String)
10:29:57.0 (9627780)|METHOD_ENTRY|[8]||System.Type.newInstance()
10:29:57.0 (10969196)|STATEMENT_EXECUTE|[1]
10:29:57.0 (10983063)|HEAP_ALLOCATE|[33]|Bytes:5
10:29:57.0 (10997545)|METHOD_EXIT|[1]|BFFFollow_Controller
10:29:57.0 (11014015)|HEAP_ALLOCATE|[33]|Bytes:4
10:29:57.0 (11022655)|VARIABLE_SCOPE_BEGIN|[1]|this|BFFFollow_Controller|true|false
10:29:57.0 (11041888)|VARIABLE_ASSIGNMENT|[1]|this|{}|0x563d27b4
10:29:57.0 (11049784)|HEAP_ALLOCATE|[33]|Bytes:5
10:29:57.0 (11058112)|HEAP_ALLOCATE|[33]|Bytes:11
10:29:57.0 (11076500)|METHOD_ENTRY|[1]|01p50000002CIEj|ETLC_ApexBridge_Abstract.ETLC_ApexBridge_Abstract()
10:29:57.0 (11079703)|STATEMENT_EXECUTE|[1]
10:29:57.0 (11083357)|STATEMENT_EXECUTE|[1]
10:29:57.0 (11088344)|METHOD_EXIT|[1]|ETLC_ApexBridge_Abstract
10:29:57.0 (11098142)|CONSTRUCTOR_ENTRY|[EXTERNAL]|01p50000002CIEj|<init>()
10:29:57.0 (11117193)|VARIABLE_SCOPE_BEGIN|[1]|this|ETLC_ApexBridge_Abstract|true|false
10:29:57.0 (11132748)|VARIABLE_ASSIGNMENT|[1]|this|{}|0x563d27b4
10:29:57.0 (11147676)|STATEMENT_EXECUTE|[1]
10:29:57.0 (11154164)|CONSTRUCTOR_EXIT|[EXTERNAL]|01p50000002CIEj|<init>()
10:29:57.0 (11159697)|STATEMENT_EXECUTE|[1]
10:29:57.0 (11164527)|HEAP_ALLOCATE|[33]|Bytes:5
10:29:57.0 (11181168)|METHOD_EXIT|[8]||System.Type.newInstance()
10:29:57.0 (11189360)|VARIABLE_SCOPE_BEGIN|[8]|executor|ETLC_ApexBridge_Abstract|true|false
10:29:57.0 (11203475)|VARIABLE_ASSIGNMENT|[8]|executor|{}|0x563d27b4
10:29:57.0 (11206305)|STATEMENT_EXECUTE|[9]
10:29:57.0 (11247728)|METHOD_ENTRY|[9]|01p50000002D8iw|BFFFollow_Controller.process(ETLC_ApexBridge_Data)
10:29:57.0 (11271997)|VARIABLE_SCOPE_BEGIN|[3]|this|BFFFollow_Controller|true|false
10:29:57.0 (11286591)|VARIABLE_ASSIGNMENT|[3]|this|{}|0x563d27b4
10:29:57.0 (11290331)|VARIABLE_SCOPE_BEGIN|[3]|data|ETLC_ApexBridge_Data|true|false
10:29:57.0 (11314892)|VARIABLE_ASSIGNMENT|[3]|data|{"debug":true,"input":"{\"mode\":\"saveFollowe (83 more) ...","operation":"BFFFollow_Controller"}|0x5b1e706e
10:29:57.0 (11323764)|HEAP_ALLOCATE|[4]|Bytes:5
10:29:57.0 (11327620)|STATEMENT_EXECUTE|[3]
10:29:57.0 (11329003)|STATEMENT_EXECUTE|[4]
10:29:57.0 (11405389)|VARIABLE_ASSIGNMENT|[EXTERNAL]|this|{"debug":true,"input":"{\"mode\":\"saveFollowe (83 more) ...","operation":"BFFFollow_Controller"}|0x5b1e706e
10:29:57.0 (11440166)|VARIABLE_ASSIGNMENT|[4]|BFFFollow_Controller.debugFlag|true
10:29:57.0 (11481846)|VARIABLE_ASSIGNMENT|[EXTERNAL]|this|{"debug":true,"input":"{\"mode\":\"saveFollowe (83 more) ...","operation":"BFFFollow_Controller"}|0x5b1e706e
10:29:57.0 (11495038)|STATEMENT_EXECUTE|[5]
10:29:57.0 (11532611)|USER_DEBUG|[5]|DEBUG|ETLC_ApexBridge_Data:[debug=true, input={"mode":"saveFollowedUsers","followedUsers":"[{\"id\":\"00550000005d7KnAAI\",\"name\":\"Test User\"}]"}, isSuccess=null, messages=null, operation=BFFFollow_Controller, output=null, outputFlag=null, records=null]
10:29:57.0 (11540450)|STATEMENT_EXECUTE|[7]
10:29:57.0 (11547747)|HEAP_ALLOCATE|[7]|Bytes:4
10:29:57.0 (11570387)|METHOD_ENTRY|[7]|01p50000002CIEo|ETLC_ApexBridge_Data.getInputValue(String)
10:29:57.0 (11592201)|VARIABLE_SCOPE_BEGIN|[52]|this|ETLC_ApexBridge_Data|true|false
10:29:57.0 (11618542)|VARIABLE_ASSIGNMENT|[52]|this|{"debug":true,"input":"{\"mode\":\"saveFollowe (83 more) ...","operation":"BFFFollow_Controller"}|0x5b1e706e
10:29:57.0 (11623877)|VARIABLE_SCOPE_BEGIN|[52]|key|String|false|false
10:29:57.0 (11627798)|VARIABLE_ASSIGNMENT|[52]|key|"mode"
10:29:57.0 (11631860)|STATEMENT_EXECUTE|[52]
10:29:57.0 (11633237)|STATEMENT_EXECUTE|[53]
10:29:57.0 (11682435)|VARIABLE_ASSIGNMENT|[EXTERNAL]|this|{"debug":true,"input":"{\"mode\":\"saveFollowe (83 more) ...","operation":"BFFFollow_Controller"}|0x5b1e706e
10:29:57.0 (11701144)|METHOD_ENTRY|[53]||System.JSON.deserializeUntyped(String)
10:29:57.0 (11986042)|METHOD_EXIT|[53]||System.JSON.deserializeUntyped(String)
10:29:57.0 (11995094)|VARIABLE_SCOPE_BEGIN|[53]|inputMap|Map<String,ANY>|true|false
10:29:57.0 (12029242)|VARIABLE_ASSIGNMENT|[53]|inputMap|{"s":1,"v":{"mode":"saveFollowedUsers","followedUsers":"[{\"id\":\"00550000005d (28 more) ..."}}|0x174f187b
10:29:57.0 (12034097)|STATEMENT_EXECUTE|[54]
10:29:57.0 (12093652)|METHOD_EXIT|[7]|01p50000002CIEo|ETLC_ApexBridge_Data.getInputValue(String)
10:29:57.0 (12099786)|VARIABLE_SCOPE_BEGIN|[7]|mode|String|false|false
10:29:57.0 (12107136)|VARIABLE_ASSIGNMENT|[7]|mode|"saveFollowedUsers"
10:29:57.0 (12112211)|HEAP_ALLOCATE|[9]|Bytes:18
10:29:57.0 (12139696)|HEAP_ALLOCATE|[13]|Bytes:17
10:29:57.0 (12151418)|STATEMENT_EXECUTE|[13]
10:29:57.0 (12153189)|STATEMENT_EXECUTE|[14]
10:29:57.0 (12197104)|HEAP_ALLOCATE|[14]|Bytes:85
10:29:57.0 (12210546)|SYSTEM_METHOD_ENTRY|[1]|UserInfo.UserInfo()
10:29:57.0 (12213030)|STATEMENT_EXECUTE|[1]
10:29:57.0 (12219439)|SYSTEM_METHOD_EXIT|[1]|UserInfo
10:29:57.0 (12233401)|METHOD_ENTRY|[14]||System.UserInfo.getUserId()
10:29:57.0 (12267629)|METHOD_EXIT|[14]||System.UserInfo.getUserId()
10:29:57.0 (12282939)|HEAP_ALLOCATE|[14]|Bytes:4
10:29:57.0 (12288313)|HEAP_ALLOCATE|[14]|Bytes:13
10:29:57.0 (12297464)|METHOD_ENTRY|[14]|01p50000002CIEo|ETLC_ApexBridge_Data.getInputValue(String)
10:29:57.0 (12302218)|VARIABLE_SCOPE_BEGIN|[52]|this|ETLC_ApexBridge_Data|true|false
10:29:57.0 (12330184)|VARIABLE_ASSIGNMENT|[52]|this|{"debug":true,"input":"{\"mode\":\"saveFollowe (83 more) ...","operation":"BFFFollow_Controller"}|0x5b1e706e
10:29:57.0 (12333790)|VARIABLE_SCOPE_BEGIN|[52]|key|String|false|false
10:29:57.0 (12337365)|VARIABLE_ASSIGNMENT|[52]|key|"followedUsers"
10:29:57.0 (12340767)|STATEMENT_EXECUTE|[52]
10:29:57.0 (12342024)|STATEMENT_EXECUTE|[53]
10:29:57.0 (12373334)|VARIABLE_ASSIGNMENT|[EXTERNAL]|this|{"debug":true,"input":"{\"mode\":\"saveFollowe (83 more) ...","operation":"BFFFollow_Controller"}|0x5b1e706e
10:29:57.0 (12385666)|METHOD_ENTRY|[53]||System.JSON.deserializeUntyped(String)
10:29:57.0 (12527628)|METHOD_EXIT|[53]||System.JSON.deserializeUntyped(String)
10:29:57.0 (12535991)|VARIABLE_SCOPE_BEGIN|[53]|inputMap|Map<String,ANY>|true|false
10:29:57.0 (12558728)|VARIABLE_ASSIGNMENT|[53]|inputMap|{"s":1,"v":{"mode":"saveFollowedUsers","followedUsers":"[{\"id\":\"00550000005d (28 more) ..."}}|0x47f5cfdc
10:29:57.0 (12562592)|STATEMENT_EXECUTE|[54]
10:29:57.0 (12582820)|METHOD_EXIT|[14]|01p50000002CIEo|ETLC_ApexBridge_Data.getInputValue(String)
10:29:57.0 (12597385)|METHOD_ENTRY|[14]|01p50000002D8iw|BFFFollow_Controller.saveFollowedUsers(Id, String)
10:29:57.0 (12604644)|VARIABLE_SCOPE_BEGIN|[42]|this|BFFFollow_Controller|true|false
10:29:57.0 (12618345)|VARIABLE_ASSIGNMENT|[42]|this|{}|0x563d27b4
10:29:57.0 (12622274)|VARIABLE_SCOPE_BEGIN|[42]|followedById|Id|false|false
10:29:57.0 (12726004)|VARIABLE_ASSIGNMENT|[42]|followedById|"00550000005cg71AAA"
10:29:57.0 (12732903)|VARIABLE_SCOPE_BEGIN|[42]|followedUsers|String|false|false
10:29:57.0 (12739696)|VARIABLE_ASSIGNMENT|[42]|followedUsers|"[{\"id\":\"00550000005d (28 more) ..."
10:29:57.0 (12748663)|HEAP_ALLOCATE|[43]|Bytes:5
10:29:57.0 (12752651)|STATEMENT_EXECUTE|[42]
10:29:57.0 (12754036)|STATEMENT_EXECUTE|[43]
10:29:57.0 (12761861)|HEAP_ALLOCATE|[43]|Bytes:49
10:29:57.0 (12801810)|HEAP_ALLOCATE|[43]|Bytes:18
10:29:57.0 (12813389)|HEAP_ALLOCATE|[43]|Bytes:9
10:29:57.0 (12821999)|HEAP_ALLOCATE|[43]|Bytes:76
10:29:57.0 (12826501)|VARIABLE_SCOPE_BEGIN|[43]|soql|String|false|false
10:29:57.0 (12834738)|VARIABLE_ASSIGNMENT|[43]|soql|"SELECT Id FROM BFFFo (56 more) ..."
10:29:57.0 (12837470)|STATEMENT_EXECUTE|[45]
10:29:57.0 (12838631)|STATEMENT_EXECUTE|[45]
10:29:57.0 (12843040)|STATEMENT_EXECUTE|[46]
10:29:57.0 (12844253)|STATEMENT_EXECUTE|[46]
10:29:57.0 (12851770)|HEAP_ALLOCATE|[46]|Bytes:24
10:29:57.0 (12857843)|HEAP_ALLOCATE|[46]|Bytes:100
10:29:57.0 (12887519)|USER_DEBUG|[46]|DEBUG|fetchFollowedUsers:soql:SELECT Id FROM BFFFollow__c WHERE FollowedBy__c='00550000005cg71AAA' limit 1
10:29:57.0 (12894551)|STATEMENT_EXECUTE|[47]
10:29:57.0 (15342775)|HEAP_ALLOCATE|[47]|Bytes:9
10:29:57.0 (15351811)|HEAP_ALLOCATE|[47]|Bytes:29
10:29:57.0 (15354935)|HEAP_ALLOCATE|[47]|Bytes:21
10:29:57.0 (15373473)|METHOD_ENTRY|[7]|01p50000002CIEt|ETLC_SecuredDB.ETLC_SecuredDB()
10:29:57.0 (15376882)|STATEMENT_EXECUTE|[7]
10:29:57.0 (15380937)|STATEMENT_EXECUTE|[7]
10:29:57.0 (15386616)|HEAP_ALLOCATE|[47]|Bytes:5
10:29:57.0 (15394944)|METHOD_EXIT|[7]|ETLC_SecuredDB
10:29:57.0 (15422711)|METHOD_ENTRY|[47]|01p50000002CIEt|ETLC_SecuredDB.query(String)
10:29:57.0 (15443458)|VARIABLE_SCOPE_BEGIN|[10]|SOQL|String|false|false
10:29:57.0 (15453385)|VARIABLE_ASSIGNMENT|[10]|SOQL|"SELECT Id FROM BFFFo (56 more) ..."
10:29:57.0 (15461629)|HEAP_ALLOCATE|[12]|Bytes:5
10:29:57.0 (15465702)|STATEMENT_EXECUTE|[10]
10:29:57.0 (15467269)|STATEMENT_EXECUTE|[12]
10:29:57.0 (16489450)|SOQL_EXECUTE_BEGIN|[12]|Aggregations:0|SELECT Id FROM BFFFollow__c WHERE FollowedBy__c='00550000005cg71AAA' limit 1
10:29:57.0 (25939096)|SOQL_EXECUTE_END|[12]|Rows:1
10:29:57.0 (25968319)|HEAP_ALLOCATE|[12]|Bytes:8
10:29:57.0 (25988357)|HEAP_ALLOCATE|[12]|Bytes:33
10:29:57.0 (26079629)|HEAP_ALLOCATE|[12]|Bytes:8
10:29:57.0 (26105861)|VARIABLE_SCOPE_BEGIN|[12]|dbRecords|List<SObject>|true|false
10:29:57.0 (26157085)|VARIABLE_ASSIGNMENT|[12]|dbRecords|{"s":1,"v":[{"s":2,"v":{"Id":"a005000000ezW4dAAE"}}]}|0x50ec888d
10:29:57.0 (26163848)|STATEMENT_EXECUTE|[20]
10:29:57.0 (26593134)|HEAP_ALLOCATE|[20]|Bytes:12
10:29:57.0 (26602142)|HEAP_ALLOCATE|[20]|Bytes:8
10:29:57.0 (26683265)|HEAP_ALLOCATE|[20]|Bytes:12
10:29:57.0 (26689961)|HEAP_ALLOCATE|[20]|Bytes:9
10:29:57.0 (26800759)|HEAP_ALLOCATE|[20]|Bytes:12
10:29:57.0 (26808659)|HEAP_ALLOCATE|[20]|Bytes:8
10:29:57.0 (26825570)|HEAP_ALLOCATE|[20]|Bytes:12
10:29:57.0 (26831392)|HEAP_ALLOCATE|[20]|Bytes:8
10:29:57.0 (26850783)|HEAP_ALLOCATE|[20]|Bytes:12
10:29:57.0 (26856131)|HEAP_ALLOCATE|[20]|Bytes:9
10:29:57.0 (26901505)|METHOD_ENTRY|[20]|01p50000002CIEt|ETLC_SecuredDB.findFields(List<SObject>)
10:29:57.0 (26945542)|VARIABLE_SCOPE_BEGIN|[108]|dbRecords|List<SObject>|true|false
10:29:57.0 (26970838)|VARIABLE_ASSIGNMENT|[108]|dbRecords|{"s":1,"v":[{"s":2,"v":{"Id":"a005000000ezW4dAAE"}}]}|0x50ec888d
10:29:57.0 (26987913)|HEAP_ALLOCATE|[109]|Bytes:5
10:29:57.0 (26993831)|STATEMENT_EXECUTE|[108]
10:29:57.0 (26999265)|STATEMENT_EXECUTE|[109]
10:29:57.0 (27011309)|VARIABLE_SCOPE_BEGIN|[109]|strJSON|String|false|false
10:29:57.0 (27021300)|VARIABLE_ASSIGNMENT|[109]|strJSON|null
10:29:57.0 (27024419)|STATEMENT_EXECUTE|[110]
10:29:57.0 (27032515)|VARIABLE_SCOPE_BEGIN|[110]|mapFields|Map<String,Set<String>>|true|false
10:29:57.0 (27039470)|VARIABLE_ASSIGNMENT|[110]|mapFields|null|
10:29:57.0 (27042599)|STATEMENT_EXECUTE|[112]
10:29:57.0 (27061090)|METHOD_ENTRY|[112]||System.JSON.serialize(Object)
10:29:57.0 (27599785)|METHOD_EXIT|[112]||System.JSON.serialize(Object)
10:29:57.0 (27617628)|VARIABLE_ASSIGNMENT|[112]|strJSON|"[{\"attributes\":{\"typ (116 more) ..."
10:29:57.0 (27622000)|STATEMENT_EXECUTE|[113]
10:29:57.0 (27634127)|HEAP_ALLOCATE|[113]|Bytes:5
10:29:57.0 (27644330)|HEAP_ALLOCATE|[113]|Bytes:141
10:29:57.0 (27689996)|USER_DEBUG|[113]|DEBUG|JSON:[{"attributes":{"type":"BFFFollow__c","url":"/services/data/v37.0/sobjects/BFFFollow__c/a005000000ezW4dAAE"},"Id":"a005000000ezW4dAAE"}]
10:29:57.0 (27700141)|STATEMENT_EXECUTE|[114]
10:29:57.0 (27712099)|HEAP_ALLOCATE|[114]|Bytes:4
10:29:57.0 (27785768)|VARIABLE_ASSIGNMENT|[114]|mapFields|{"s":1,"v":{}}|0x558c2e12
10:29:57.0 (27790489)|STATEMENT_EXECUTE|[115]
10:29:57.0 (27807661)|METHOD_ENTRY|[115]||System.JSON.deserializeUntyped(String)
10:29:57.0 (28199555)|METHOD_EXIT|[115]||System.JSON.deserializeUntyped(String)
10:29:57.0 (28213221)|VARIABLE_SCOPE_BEGIN|[115]|records|List<ANY>|true|false
10:29:57.0 (28241824)|HEAP_ALLOCATE|[EXTERNAL]|Bytes:8
10:29:57.0 (28276968)|VARIABLE_ASSIGNMENT|[115]|records|{"s":1,"v":[{"s":2,"v":{"attributes":{"s":3,"v":{"type":"BFFFollow__c","url":"/services/data/v37.0 (41 more) ..."}},"Id":"a005000000ezW4dAAE"}}]}|0x3c153ad7
10:29:57.0 (28335847)|HEAP_ALLOCATE|[116]|Bytes:5
10:29:57.0 (28358082)|HEAP_ALLOCATE|[116]|Bytes:12
10:29:57.0 (28370939)|VARIABLE_SCOPE_BEGIN|[116]|record|Object|false|false
10:29:57.0 (28402530)|VARIABLE_ASSIGNMENT|[116]|record|{"s":1,"v":{"attributes":{"s":2,"v":{"type":"BFFFollow__c","url":"/services/data/v37.0 (41 more) ..."}},"Id":"a005000000ezW4dAAE"}}
10:29:57.0 (28408324)|STATEMENT_EXECUTE|[116]
10:29:57.0 (28410512)|STATEMENT_EXECUTE|[117]
10:29:57.0 (28437941)|METHOD_ENTRY|[117]|01p50000002CIEt|ETLC_SecuredDB.findFieldsRecursive(Map<String,Set<String>>, Map<String,ANY>)
10:29:57.0 (28468602)|VARIABLE_SCOPE_BEGIN|[124]|mapFields|Map<String,Set<String>>|true|false
10:29:57.0 (28485568)|VARIABLE_ASSIGNMENT|[124]|mapFields|{"s":1,"v":{}}|0x558c2e12
10:29:57.0 (28491268)|VARIABLE_SCOPE_BEGIN|[124]|record|Map<String,ANY>|true|false
10:29:57.0 (28511113)|VARIABLE_ASSIGNMENT|[124]|record|{"s":1,"v":{"attributes":{"s":2,"v":{"type":"BFFFollow__c","url":"/services/data/v37.0 (41 more) ..."}},"Id":"a005000000ezW4dAAE"}}|0x14a0a9f9
10:29:57.0 (28522084)|HEAP_ALLOCATE|[125]|Bytes:5
10:29:57.0 (28527344)|STATEMENT_EXECUTE|[124]
10:29:57.0 (28529509)|STATEMENT_EXECUTE|[125]
10:29:57.0 (28538603)|HEAP_ALLOCATE|[125]|Bytes:10
10:29:57.0 (28544735)|VARIABLE_SCOPE_BEGIN|[125]|strAttributes|String|false|false
10:29:57.0 (28552849)|VARIABLE_ASSIGNMENT|[125]|strAttributes|"attributes"
10:29:57.0 (28555902)|STATEMENT_EXECUTE|[126]
10:29:57.0 (28562711)|HEAP_ALLOCATE|[126]|Bytes:7
10:29:57.0 (28567638)|VARIABLE_SCOPE_BEGIN|[126]|strRecord|String|false|false
10:29:57.0 (28574927)|VARIABLE_ASSIGNMENT|[126]|strRecord|"records"
10:29:57.0 (28613572)|STATEMENT_EXECUTE|[127]
10:29:57.0 (28616909)|STATEMENT_EXECUTE|[128]
10:29:57.0 (28659042)|VARIABLE_SCOPE_BEGIN|[128]|attributes|Map<String,ANY>|true|false
10:29:57.0 (28697147)|VARIABLE_ASSIGNMENT|[128]|attributes|{"s":1,"v":{"type":"BFFFollow__c","url":"/services/data/v37.0 (41 more) ..."}}|0x663e09ff
10:29:57.0 (28702521)|STATEMENT_EXECUTE|[129]
10:29:57.0 (28713110)|HEAP_ALLOCATE|[129]|Bytes:4
10:29:57.0 (28753391)|VARIABLE_SCOPE_BEGIN|[129]|objectName|String|false|false
10:29:57.0 (28762640)|VARIABLE_ASSIGNMENT|[129]|objectName|"BFFFollow__c"
10:29:57.0 (28772641)|HEAP_ALLOCATE|[130]|Bytes:4
10:29:57.0 (28847509)|HEAP_ALLOCATE|[130]|Bytes:24
10:29:57.0 (28873783)|HEAP_ALLOCATE|[130]|Bytes:8
10:29:57.0 (28905341)|HEAP_ALLOCATE|[130]|Bytes:5
10:29:57.0 (28923675)|VARIABLE_SCOPE_BEGIN|[130]|fieldName|String|false|false
10:29:57.0 (28932964)|VARIABLE_ASSIGNMENT|[130]|fieldName|"attributes"
10:29:57.0 (28936803)|STATEMENT_EXECUTE|[130]
10:29:57.0 (28938994)|STATEMENT_EXECUTE|[131]
10:29:57.0 (29007891)|VARIABLE_SCOPE_BEGIN|[131]|field|Object|false|false
10:29:57.0 (29035653)|VARIABLE_ASSIGNMENT|[131]|field|{"s":1,"v":{"type":"BFFFollow__c","url":"/services/data/v37.0 (41 more) ..."}}
10:29:57.0 (29056836)|STATEMENT_EXECUTE|[132]
10:29:57.0 (29153695)|HEAP_ALLOCATE|[130]|Bytes:5
10:29:57.0 (29178020)|VARIABLE_SCOPE_BEGIN|[130]|fieldName|String|false|false
10:29:57.0 (29187886)|VARIABLE_ASSIGNMENT|[130]|fieldName|"Id"
10:29:57.0 (29191799)|STATEMENT_EXECUTE|[130]
10:29:57.0 (29193788)|STATEMENT_EXECUTE|[131]
10:29:57.0 (29220798)|VARIABLE_SCOPE_BEGIN|[131]|field|Object|false|false
10:29:57.0 (29233351)|VARIABLE_ASSIGNMENT|[131]|field|"a005000000ezW4dAAE"
10:29:57.0 (29248735)|HEAP_ALLOCATE|[134]|Bytes:68
10:29:57.0 (29272311)|STATEMENT_EXECUTE|[136]
10:29:57.0 (29275019)|STATEMENT_EXECUTE|[137]
10:29:57.0 (29287940)|HEAP_ALLOCATE|[137]|Bytes:4
10:29:57.0 (29350115)|VARIABLE_SCOPE_BEGIN|[137]|fieldNames|Set<String>|true|false
10:29:57.0 (29377539)|VARIABLE_ASSIGNMENT|[137]|fieldNames|{"s":1,"v":[]}|0x47a01c8f
10:29:57.0 (29422243)|STATEMENT_EXECUTE|[138]
10:29:57.0 (29430457)|STATEMENT_EXECUTE|[139]
10:29:57.0 (29469007)|HEAP_ALLOCATE|[EXTERNAL]|Bytes:4
10:29:57.0 (29479492)|STATEMENT_EXECUTE|[140]
10:29:57.0 (29520564)|HEAP_ALLOCATE|[EXTERNAL]|Bytes:-4
10:29:57.0 (29540655)|HEAP_ALLOCATE|[130]|Bytes:5
10:29:57.0 (29556818)|VARIABLE_ASSIGNMENT|[130]|fieldName|null
10:29:57.0 (29572818)|METHOD_EXIT|[117]|01p50000002CIEt|ETLC_SecuredDB.findFieldsRecursive(Map<String,Set<String>>, Map<String,ANY>)
10:29:57.0 (29587877)|HEAP_ALLOCATE|[116]|Bytes:5
10:29:57.0 (29607884)|VARIABLE_ASSIGNMENT|[116]|record|null
10:29:57.0 (29615766)|HEAP_ALLOCATE|[119]|Bytes:4
10:29:57.0 (29658648)|HEAP_ALLOCATE|[119]|Bytes:20
10:29:57.0 (29675705)|HEAP_ALLOCATE|[119]|Bytes:4
10:29:57.0 (29700883)|HEAP_ALLOCATE|[119]|Bytes:5
10:29:57.0 (29718768)|VARIABLE_SCOPE_BEGIN|[119]|objectName|String|false|false
10:29:57.0 (29728172)|VARIABLE_ASSIGNMENT|[119]|objectName|"BFFFollow__c"
10:29:57.0 (29732034)|STATEMENT_EXECUTE|[119]
10:29:57.0 (29734150)|STATEMENT_EXECUTE|[120]
10:29:57.0 (29743858)|HEAP_ALLOCATE|[120]|Bytes:2
10:29:57.0 (29811008)|HEAP_ALLOCATE|[120]|Bytes:4
10:29:57.0 (29830502)|HEAP_ALLOCATE|[120]|Bytes:18
10:29:57.0 (29846414)|USER_DEBUG|[120]|DEBUG|BFFFollow__c: {Id}
10:29:57.0 (29863290)|HEAP_ALLOCATE|[119]|Bytes:5
10:29:57.0 (29877456)|VARIABLE_ASSIGNMENT|[119]|objectName|null
10:29:57.0 (29881591)|STATEMENT_EXECUTE|[122]
10:29:57.0 (29896709)|METHOD_EXIT|[20]|01p50000002CIEt|ETLC_SecuredDB.findFields(List<SObject>)
10:29:57.0 (29917436)|METHOD_ENTRY|[20]|01p50000002CIEt|ETLC_SecuredDB.validate(ETLC_SecuredDB.Operation, Map<String,Set<String>>)
10:29:57.0 (29927291)|VARIABLE_SCOPE_BEGIN|[55]|op|ETLC_SecuredDB.Operation|true|false
10:29:57.0 (29948945)|VARIABLE_ASSIGNMENT|[55]|op|"Querying"|0x40390036
10:29:57.0 (29954355)|VARIABLE_SCOPE_BEGIN|[55]|mapFieldNames|Map<String,Set<String>>|true|false
10:29:57.0 (29988596)|VARIABLE_ASSIGNMENT|[55]|mapFieldNames|{"s":1,"v":{"BFFFollow__c":{"s":2,"v":["Id"]}}}|0x558c2e12
10:29:57.0 (30000122)|HEAP_ALLOCATE|[56]|Bytes:5
10:29:57.0 (30006768)|STATEMENT_EXECUTE|[55]
10:29:57.0 (30009101)|STATEMENT_EXECUTE|[56]
10:29:57.0 (30018526)|VARIABLE_SCOPE_BEGIN|[56]|securityMessage|String|false|false
10:29:57.0 (30028810)|VARIABLE_ASSIGNMENT|[56]|securityMessage|null
10:29:57.0 (30031822)|STATEMENT_EXECUTE|[57]
10:29:57.0 (48300148)|HEAP_ALLOCATE|[57]|Bytes:1440
10:29:57.0 (48332388)|VARIABLE_SCOPE_BEGIN|[57]|mapObjects|Map<String,Schema.SObjectType>|true|false
10:29:57.0 (48561181)|VARIABLE_ASSIGNMENT|[57]|mapObjects|"{acceptedeventrelation=AcceptedEventRelation, account=Account, accountcontactrole=AccountContactRole, accountfeed=AccountFeed, accounthistory=AccountHistory, accountpartner=AccountPartner, accountshare=AccountShare, actionlinkgrouptemplate=ActionLinkGroupTemplate, actionlinktemplate=ActionLinkTemplate, activityhistory=ActivityHistory, ...}"|0x2013b542
10:29:57.0 (48573612)|HEAP_ALLOCATE|[58]|Bytes:4
10:29:57.0 (48636883)|HEAP_ALLOCATE|[58]|Bytes:20
10:29:57.0 (48652849)|HEAP_ALLOCATE|[58]|Bytes:4
10:29:57.0 (48682078)|HEAP_ALLOCATE|[58]|Bytes:5
10:29:57.0 (48697588)|VARIABLE_SCOPE_BEGIN|[58]|sObjectName|String|false|false
10:29:57.0 (48706985)|VARIABLE_ASSIGNMENT|[58]|sObjectName|"BFFFollow__c"
10:29:57.0 (48710832)|STATEMENT_EXECUTE|[58]
10:29:57.0 (48714011)|STATEMENT_EXECUTE|[59]
10:29:57.0 (48728084)|HEAP_ALLOCATE|[59]|Bytes:9
10:29:57.0 (48732363)|HEAP_ALLOCATE|[59]|Bytes:7
10:29:57.0 (48790147)|HEAP_ALLOCATE|[59]|Bytes:8
10:29:57.0 (48801321)|HEAP_ALLOCATE|[59]|Bytes:1
10:29:57.0 (48811947)|HEAP_ALLOCATE|[59]|Bytes:37
10:29:57.0 (48821906)|VARIABLE_ASSIGNMENT|[59]|securityMessage|"CRUD on [BFFFollow__ (17 more) ..."
10:29:57.0 (48824819)|STATEMENT_EXECUTE|[60]
10:29:57.0 (48832670)|HEAP_ALLOCATE|[60]|Bytes:10
10:29:57.0 (48839190)|HEAP_ALLOCATE|[60]|Bytes:47
10:29:57.0 (48877041)|USER_DEBUG|[60]|DEBUG|Checking: CRUD on [BFFFollow__c] for [Querying]
10:29:57.0 (48884752)|STATEMENT_EXECUTE|[61]
10:29:57.0 (49141697)|HEAP_ALLOCATE|[61]|Bytes:4
10:29:57.0 (49182992)|VARIABLE_SCOPE_BEGIN|[61]|drSObj|Schema.DescribeSObjectResult|true|false
10:29:57.0 (49258413)|VARIABLE_ASSIGNMENT|[61]|drSObj|"common.api.soap.wsdl.DescribeSObjectResult@a54f9caa"|0x1371593c
10:29:57.0 (49404773)|STATEMENT_EXECUTE|[64]
10:29:57.0 (49432059)|STATEMENT_EXECUTE|[65]
10:29:57.0 (49488700)|STATEMENT_EXECUTE|[77]
10:29:57.0 (49491591)|STATEMENT_EXECUTE|[79]
10:29:57.0 (49715966)|HEAP_ALLOCATE|[79]|Bytes:56
10:29:57.0 (49726803)|VARIABLE_SCOPE_BEGIN|[79]|mapFields|Map<String,Schema.SObjectField>|true|false
10:29:57.0 (49877208)|VARIABLE_ASSIGNMENT|[79]|mapFields|"{createdbyid=CreatedById, createddate=CreatedDate, followedby__c=FollowedBy__c, followedusers__c=FollowedUsers__c, id=Id, isdeleted=IsDeleted, lastmodifiedbyid=LastModifiedById, lastmodifieddate=LastModifiedDate, lastreferenceddate=LastReferencedDate, lastvieweddate=LastViewedDate, ...}"|0xa6287ac
10:29:57.0 (49887282)|HEAP_ALLOCATE|[80]|Bytes:4
10:29:57.0 (49936291)|HEAP_ALLOCATE|[80]|Bytes:4
10:29:57.0 (49956664)|HEAP_ALLOCATE|[80]|Bytes:5
10:29:57.0 (49970109)|VARIABLE_SCOPE_BEGIN|[80]|fieldName|String|false|false
10:29:57.0 (49977964)|VARIABLE_ASSIGNMENT|[80]|fieldName|"Id"
10:29:57.0 (49980884)|STATEMENT_EXECUTE|[80]
10:29:57.0 (49982380)|STATEMENT_EXECUTE|[81]
10:29:57.0 (50555365)|HEAP_ALLOCATE|[81]|Bytes:8
10:29:57.0 (50592459)|VARIABLE_SCOPE_BEGIN|[81]|drField|Schema.DescribeFieldResult|true|false
10:29:57.0 (50676648)|VARIABLE_ASSIGNMENT|[81]|drField|"common.api.soap.wsdl.Field@4130f539"|0x10b12400
10:29:57.0 (50707783)|STATEMENT_EXECUTE|[99]
10:29:57.0 (50797128)|STATEMENT_EXECUTE|[100]
10:29:57.0 (50812219)|HEAP_ALLOCATE|[100]|Bytes:22
10:29:57.0 (50821272)|HEAP_ALLOCATE|[100]|Bytes:1
10:29:57.0 (50883738)|HEAP_ALLOCATE|[100]|Bytes:8
10:29:57.0 (50912586)|HEAP_ALLOCATE|[100]|Bytes:52
10:29:57.0 (50920314)|HEAP_ALLOCATE|[100]|Bytes:35
10:29:57.0 (50927568)|HEAP_ALLOCATE|[100]|Bytes:87
10:29:57.0 (50954175)|USER_DEBUG|[100]|DEBUG|Bypass Check: FLS on [BFFFollow__c.Id] for [Querying] since it's not isPermissionable()
10:29:57.0 (50981210)|HEAP_ALLOCATE|[80]|Bytes:5
10:29:57.0 (51003130)|VARIABLE_ASSIGNMENT|[80]|fieldName|null
10:29:57.0 (51022330)|HEAP_ALLOCATE|[58]|Bytes:5
10:29:57.0 (51042242)|VARIABLE_ASSIGNMENT|[58]|sObjectName|null
10:29:57.0 (51058321)|METHOD_EXIT|[20]|01p50000002CIEt|ETLC_SecuredDB.validate(ETLC_SecuredDB.Operation, Map<String,Set<String>>)
10:29:57.0 (51063108)|STATEMENT_EXECUTE|[21]
10:29:57.0 (51091664)|METHOD_EXIT|[47]|01p50000002CIEt|ETLC_SecuredDB.query(String)
10:29:57.0 (51102848)|VARIABLE_SCOPE_BEGIN|[47]|dbRecords|List<SObject>|true|false
10:29:57.0 (51140378)|VARIABLE_ASSIGNMENT|[47]|dbRecords|{"s":1,"v":[{"s":2,"v":{"Id":"a005000000ezW4dAAE"}}]}|0x50ec888d
10:29:57.0 (51144782)|STATEMENT_EXECUTE|[48]
10:29:57.0 (51167869)|HEAP_ALLOCATE|[48]|Bytes:4
10:29:57.0 (51310171)|VARIABLE_SCOPE_BEGIN|[48]|record|BFFFollow__c|true|false
10:29:57.0 (51326524)|VARIABLE_ASSIGNMENT|[48]|record|{}|0x79377a89
10:29:57.0 (51397309)|STATEMENT_EXECUTE|[49]
10:29:57.0 (51400155)|STATEMENT_EXECUTE|[50]
10:29:57.0 (51414399)|HEAP_ALLOCATE|[50]|Bytes:8
10:29:57.0 (51420908)|HEAP_ALLOCATE|[50]|Bytes:2
10:29:57.0 (51498024)|HEAP_ALLOCATE|[50]|Bytes:4
10:29:57.0 (51515292)|HEAP_ALLOCATE|[50]|Bytes:4
10:29:57.0 (51571091)|VARIABLE_ASSIGNMENT|[50]|this.Id|"a005000000ezW4dAAE"|0x79377a89
10:29:57.0 (51579149)|STATEMENT_EXECUTE|[52]
10:29:57.0 (51655626)|VARIABLE_ASSIGNMENT|[52]|this.FollowedUsers__c|"[{\"id\":\"00550000005d (28 more) ..."|0x79377a89
10:29:57.0 (51662494)|STATEMENT_EXECUTE|[53]
10:29:57.0 (51748973)|VARIABLE_ASSIGNMENT|[53]|this.FollowedBy__c|"00550000005cg71AAA"|0x79377a89
10:29:57.0 (51755296)|STATEMENT_EXECUTE|[54]
10:29:57.0 (51807783)|HEAP_ALLOCATE|[54]|Bytes:8
10:29:57.0 (51843790)|DML_BEGIN|[54]|Op:Upsert|Type:BFFFollow__c|Rows:1
10:29:57.0 (51887026)|HEAP_ALLOCATE|[EXTERNAL]|Bytes:8
10:29:57.0 (111751613)|DML_END|[54]
10:29:57.0 (111815522)|STATEMENT_EXECUTE|[55]
10:29:57.0 (111822824)|STATEMENT_EXECUTE|[55]
10:29:57.0 (112519309)|USER_DEBUG|[55]|DEBUG|BFFFollow__c:{Id=a005000000ezW4dAAE, FollowedUsers__c=[{"id":"00550000005d7KnAAI","name":"Test User"}], FollowedBy__c=00550000005cg71AAA}
10:29:57.0 (112534326)|STATEMENT_EXECUTE|[56]
10:29:57.0 (112556757)|HEAP_ALLOCATE|[56]|Bytes:5
10:29:57.0 (112582175)|METHOD_EXIT|[14]|01p50000002D8iw|BFFFollow_Controller.saveFollowedUsers(Id, String)
10:29:57.0 (112698770)|VARIABLE_ASSIGNMENT|[EXTERNAL]|this|{"debug":true,"input":"{\"mode\":\"saveFollowe (83 more) ...","operation":"BFFFollow_Controller"}|0x5b1e706e
10:29:57.0 (112710314)|VARIABLE_ASSIGNMENT|[EXTERNAL]|value|true
10:29:57.0 (112718844)|HEAP_ALLOCATE|[15]|Bytes:5
10:29:57.0 (112731906)|VARIABLE_ASSIGNMENT|[15]|this.outputFlag|true|0x5b1e706e
10:29:57.0 (112747941)|METHOD_EXIT|[9]|01p50000002D8iw|BFFFollow_Controller.process(ETLC_ApexBridge_Data)
10:29:57.0 (112752695)|STATEMENT_EXECUTE|[24]
10:29:57.0 (112798197)|METHOD_ENTRY|[24]|01p50000002CIEo|ETLC_ApexBridge_Data.toJSON()
10:29:57.0 (112827573)|VARIABLE_SCOPE_BEGIN|[57]|this|ETLC_ApexBridge_Data|true|false
10:29:57.0 (112870546)|VARIABLE_ASSIGNMENT|[57]|this|{"debug":true,"input":"{\"mode\":\"saveFollowe (83 more) ...","operation":"BFFFollow_Controller","outputFlag":true}|0x5b1e706e
10:29:57.0 (112880536)|STATEMENT_EXECUTE|[57]
10:29:57.0 (112883405)|STATEMENT_EXECUTE|[58]
10:29:57.0 (112907195)|METHOD_ENTRY|[58]||System.JSON.serialize(Object)
10:29:57.0 (113043605)|STATEMENT_EXECUTE|[22]
10:29:57.0 (113054196)|STATEMENT_EXECUTE|[23]
10:29:57.0 (113068166)|HEAP_ALLOCATE|[23]|Bytes:5
10:29:57.0 (113083621)|VARIABLE_ASSIGNMENT|[23]|this.isSuccess|true|0x5b1e706e
10:29:57.0 (113088251)|STATEMENT_EXECUTE|[24]
10:29:57.0 (113171904)|STATEMENT_EXECUTE|[31]
10:29:57.0 (113179190)|STATEMENT_EXECUTE|[32]
10:29:57.0 (113199215)|HEAP_ALLOCATE|[32]|Bytes:4
10:29:57.0 (113309113)|VARIABLE_ASSIGNMENT|[32]|this.messages|{"s":1,"v":{}}|0x5b1e706e
10:29:57.0 (113313982)|STATEMENT_EXECUTE|[33]
10:29:57.0 (113789602)|METHOD_EXIT|[58]||System.JSON.serialize(Object)
10:29:57.0 (113798128)|METHOD_EXIT|[24]|01p50000002CIEo|ETLC_ApexBridge_Data.toJSON()
10:29:57.0 (113814916)|SYSTEM_MODE_EXIT|false
10:29:57.116 (116473891)|CUMULATIVE_LIMIT_USAGE
10:29:57.116 (116473891)|LIMIT_USAGE_FOR_NS|(default)|
  Number of SOQL queries: 1 out of 100
  Number of query rows: 1 out of 50000
  Number of SOSL queries: 0 out of 20
  Number of DML statements: 1 out of 150
  Number of DML rows: 1 out of 10000
  Maximum CPU time: 0 out of 10000
  Maximum heap size: 0 out of 6000000
  Number of callouts: 0 out of 100
  Number of Email Invocations: 0 out of 10
  Number of future calls: 0 out of 50
  Number of queueable jobs added to the queue: 0 out of 50
  Number of Mobile Apex push calls: 0 out of 10

10:29:57.116 (116473891)|CUMULATIVE_LIMIT_USAGE_END

10:29:57.0 (116547187)|CODE_UNIT_FINISHED|ETLC_ApexBridge_Controller.execute
