37.0 APEX_CODE,FINEST;APEX_PROFILING,INFO;CALLOUT,INFO;DB,INFO;SYSTEM,DEBUG;VALIDATION,INFO;VISUALFORCE,INFO;WORKFLOW,INFO
23:48:05.0 (76037)|USER_INFO|[EXTERNAL]|00550000005cg71|bfffollow@jr.te|Eastern Standard Time|GMT-04:00
23:48:05.0 (115346)|EXECUTION_STARTED
23:48:05.0 (121262)|CODE_UNIT_STARTED|[EXTERNAL]|aura
23:48:05.0 (423012)|HEAP_ALLOCATE|[72]|Bytes:3
23:48:05.0 (478441)|HEAP_ALLOCATE|[77]|Bytes:152
23:48:05.0 (498318)|HEAP_ALLOCATE|[342]|Bytes:408
23:48:05.0 (516769)|HEAP_ALLOCATE|[355]|Bytes:408
23:48:05.0 (534710)|HEAP_ALLOCATE|[467]|Bytes:48
23:48:05.0 (561015)|HEAP_ALLOCATE|[139]|Bytes:6
23:48:05.0 (586450)|HEAP_ALLOCATE|[EXTERNAL]|Bytes:93
23:48:05.0 (602238)|HEAP_ALLOCATE|[EXTERNAL]|Bytes:93
23:48:05.0 (1715284)|CODE_UNIT_STARTED|[EXTERNAL]|01p50000002CIEm|ETLC_ApexBridge_Controller.execute
23:48:05.0 (1852973)|HEAP_ALLOCATE|[EXTERNAL]|Bytes:1
23:48:05.0 (1859018)|HEAP_ALLOCATE|[EXTERNAL]|Bytes:10
23:48:05.0 (1871034)|METHOD_ENTRY|[1]|01p50000002CIEm|ETLC_ApexBridge_Controller.ETLC_ApexBridge_Controller()
23:48:05.0 (1875263)|STATEMENT_EXECUTE|[1]
23:48:05.0 (1880260)|STATEMENT_EXECUTE|[1]
23:48:05.0 (1886795)|METHOD_EXIT|[1]|ETLC_ApexBridge_Controller
23:48:05.0 (1891176)|HEAP_ALLOCATE|[EXTERNAL]|Bytes:93
23:48:05.0 (1905262)|SYSTEM_MODE_ENTER|false
23:48:05.0 (1914925)|VARIABLE_SCOPE_BEGIN|[3]|dataJson|String|false|false
23:48:05.0 (1941535)|VARIABLE_ASSIGNMENT|[3]|dataJson|"{\"operation\":\"BFFFol (73 more) ..."
23:48:05.0 (1954352)|STATEMENT_EXECUTE|[3]
23:48:05.0 (1955760)|STATEMENT_EXECUTE|[4]
23:48:05.0 (2052651)|VARIABLE_SCOPE_BEGIN|[4]|data|ETLC_ApexBridge_Data|true|false
23:48:05.0 (2075986)|VARIABLE_ASSIGNMENT|[4]|data|null|
23:48:05.0 (2080111)|STATEMENT_EXECUTE|[5]
23:48:05.0 (2082371)|STATEMENT_EXECUTE|[5]
23:48:05.0 (2084119)|STATEMENT_EXECUTE|[6]
23:48:05.0 (2114458)|HEAP_ALLOCATE|[6]|Bytes:11
23:48:05.0 (2127430)|HEAP_ALLOCATE|[6]|Bytes:248
23:48:05.0 (2134268)|HEAP_ALLOCATE|[6]|Bytes:39
23:48:05.0 (2181508)|METHOD_ENTRY|[2]|01p50000002CIEo|ETLC_ApexBridge_Data.ETLC_ApexBridge_Data()
23:48:05.0 (2185128)|STATEMENT_EXECUTE|[2]
23:48:05.0 (2188196)|STATEMENT_EXECUTE|[2]
23:48:05.0 (2193652)|METHOD_EXIT|[2]|ETLC_ApexBridge_Data
23:48:05.0 (2215058)|METHOD_ENTRY|[6]|01p50000002CIEo|ETLC_ApexBridge_Data.fromJSON(String)
23:48:05.0 (2237061)|VARIABLE_SCOPE_BEGIN|[60]|strJson|String|false|false
23:48:05.0 (2247627)|VARIABLE_ASSIGNMENT|[60]|strJson|"{\"operation\":\"BFFFol (73 more) ..."
23:48:05.0 (2252206)|STATEMENT_EXECUTE|[60]
23:48:05.0 (2253571)|STATEMENT_EXECUTE|[61]
23:48:05.0 (2262312)|HEAP_ALLOCATE|[61]|Bytes:20
23:48:05.0 (2284675)|HEAP_ALLOCATE|[50]|Bytes:5
23:48:05.0 (2306479)|HEAP_ALLOCATE|[56]|Bytes:5
23:48:05.0 (2314698)|HEAP_ALLOCATE|[64]|Bytes:7
23:48:05.0 (2413816)|HEAP_ALLOCATE|[61]|Bytes:24
23:48:05.0 (2425066)|SYSTEM_METHOD_ENTRY|[1]|Type.Type()
23:48:05.0 (2428058)|STATEMENT_EXECUTE|[1]
23:48:05.0 (2435698)|SYSTEM_METHOD_EXIT|[1]|Type
23:48:05.0 (2441577)|HEAP_ALLOCATE|[61]|Bytes:8
23:48:05.0 (2467343)|HEAP_ALLOCATE|[61]|Bytes:8
23:48:05.0 (2472384)|VARIABLE_SCOPE_BEGIN|[4]|this|System.Type|true|false
23:48:05.0 (2507931)|VARIABLE_ASSIGNMENT|[4]|this|{}|0x4fcd6c87
23:48:05.0 (2511792)|VARIABLE_SCOPE_BEGIN|[4]|apextype|java:common.apex.runtime.ApexObjectType|true|false
23:48:05.0 (2617001)|VARIABLE_ASSIGNMENT|[4]|apextype|"ETLC_ApexBridge_Data"|0x28cec080
23:48:05.0 (2686601)|HEAP_ALLOCATE|[61]|Bytes:8
23:48:05.0 (2725191)|HEAP_ALLOCATE|[61]|Bytes:24
23:48:05.0 (2735355)|SYSTEM_METHOD_ENTRY|[1]|JSON.JSON()
23:48:05.0 (2737530)|STATEMENT_EXECUTE|[1]
23:48:05.0 (2743934)|SYSTEM_METHOD_EXIT|[1]|JSON
23:48:05.0 (2757881)|METHOD_ENTRY|[61]||System.JSON.deserializeStrict(String, System.Type)
23:48:05.0 (3038985)|METHOD_EXIT|[61]||System.JSON.deserializeStrict(String, System.Type)
23:48:05.0 (3051400)|METHOD_EXIT|[6]|01p50000002CIEo|ETLC_ApexBridge_Data.fromJSON(String)
23:48:05.0 (3087448)|VARIABLE_ASSIGNMENT|[6]|data|{"debug":true,"input":"{\"mode\":\"fetchFollow (9 more) ...","operation":"BFFFollow_Controller"}|0x2519e269
23:48:05.0 (3092383)|STATEMENT_EXECUTE|[7]
23:48:05.0 (3101676)|HEAP_ALLOCATE|[7]|Bytes:6
23:48:05.0 (3172700)|HEAP_ALLOCATE|[7]|Bytes:177
23:48:05.0 (3195541)|HEAP_ALLOCATE|[7]|Bytes:183
23:48:05.0 (3215109)|USER_DEBUG|[7]|DEBUG|data::ETLC_ApexBridge_Data:[debug=true, input={"mode":"fetchFollowedUsers"}, isSuccess=null, messages=null, operation=BFFFollow_Controller, output=null, outputFlag=null, records=null]
23:48:05.0 (3222102)|STATEMENT_EXECUTE|[8]
23:48:05.0 (3276101)|VARIABLE_ASSIGNMENT|[EXTERNAL]|this|{"debug":true,"input":"{\"mode\":\"fetchFollow (9 more) ...","operation":"BFFFollow_Controller"}|0x2519e269
23:48:05.0 (3296040)|METHOD_ENTRY|[8]||System.Type.forName(String)
23:48:05.0 (3526820)|METHOD_EXIT|[8]||System.Type.forName(String)
23:48:05.0 (3544258)|METHOD_ENTRY|[8]||System.Type.newInstance()
23:48:05.0 (3681952)|STATEMENT_EXECUTE|[1]
23:48:05.0 (3693027)|HEAP_ALLOCATE|[33]|Bytes:5
23:48:05.0 (3704237)|METHOD_EXIT|[1]|BFFFollow_Controller
23:48:05.0 (3722297)|HEAP_ALLOCATE|[33]|Bytes:4
23:48:05.0 (3730051)|VARIABLE_SCOPE_BEGIN|[1]|this|BFFFollow_Controller|true|false
23:48:05.0 (3754993)|VARIABLE_ASSIGNMENT|[1]|this|{}|0x5219716
23:48:05.0 (3764893)|HEAP_ALLOCATE|[33]|Bytes:5
23:48:05.0 (3774894)|HEAP_ALLOCATE|[33]|Bytes:11
23:48:05.0 (3783560)|METHOD_ENTRY|[1]|01p50000002CIEj|ETLC_ApexBridge_Abstract.ETLC_ApexBridge_Abstract()
23:48:05.0 (3786033)|STATEMENT_EXECUTE|[1]
23:48:05.0 (3788470)|STATEMENT_EXECUTE|[1]
23:48:05.0 (3792932)|METHOD_EXIT|[1]|ETLC_ApexBridge_Abstract
23:48:05.0 (3804075)|CONSTRUCTOR_ENTRY|[EXTERNAL]|01p50000002CIEj|<init>()
23:48:05.0 (3814944)|VARIABLE_SCOPE_BEGIN|[1]|this|ETLC_ApexBridge_Abstract|true|false
23:48:05.0 (3831496)|VARIABLE_ASSIGNMENT|[1]|this|{}|0x5219716
23:48:05.0 (3845343)|STATEMENT_EXECUTE|[1]
23:48:05.0 (3853280)|CONSTRUCTOR_EXIT|[EXTERNAL]|01p50000002CIEj|<init>()
23:48:05.0 (3858897)|STATEMENT_EXECUTE|[1]
23:48:05.0 (3863553)|HEAP_ALLOCATE|[33]|Bytes:5
23:48:05.0 (3880580)|METHOD_EXIT|[8]||System.Type.newInstance()
23:48:05.0 (3889906)|VARIABLE_SCOPE_BEGIN|[8]|executor|ETLC_ApexBridge_Abstract|true|false
23:48:05.0 (3905029)|VARIABLE_ASSIGNMENT|[8]|executor|{}|0x5219716
23:48:05.0 (3908044)|STATEMENT_EXECUTE|[9]
23:48:05.0 (3947468)|METHOD_ENTRY|[9]|01p50000002D8iw|BFFFollow_Controller.process(ETLC_ApexBridge_Data)
23:48:05.0 (3966320)|VARIABLE_SCOPE_BEGIN|[3]|this|BFFFollow_Controller|true|false
23:48:05.0 (3983484)|VARIABLE_ASSIGNMENT|[3]|this|{}|0x5219716
23:48:05.0 (3986738)|VARIABLE_SCOPE_BEGIN|[3]|data|ETLC_ApexBridge_Data|true|false
23:48:05.0 (4010351)|VARIABLE_ASSIGNMENT|[3]|data|{"debug":true,"input":"{\"mode\":\"fetchFollow (9 more) ...","operation":"BFFFollow_Controller"}|0x2519e269
23:48:05.0 (4021396)|HEAP_ALLOCATE|[4]|Bytes:5
23:48:05.0 (4025495)|STATEMENT_EXECUTE|[3]
23:48:05.0 (4026590)|STATEMENT_EXECUTE|[4]
23:48:05.0 (4077350)|VARIABLE_ASSIGNMENT|[EXTERNAL]|this|{"debug":true,"input":"{\"mode\":\"fetchFollow (9 more) ...","operation":"BFFFollow_Controller"}|0x2519e269
23:48:05.0 (4098341)|VARIABLE_ASSIGNMENT|[4]|BFFFollow_Controller.debugFlag|true
23:48:05.0 (4135989)|VARIABLE_ASSIGNMENT|[EXTERNAL]|this|{"debug":true,"input":"{\"mode\":\"fetchFollow (9 more) ...","operation":"BFFFollow_Controller"}|0x2519e269
23:48:05.0 (4168943)|STATEMENT_EXECUTE|[5]
23:48:05.0 (4180495)|HEAP_ALLOCATE|[5]|Bytes:12
23:48:05.0 (4220036)|HEAP_ALLOCATE|[5]|Bytes:177
23:48:05.0 (4235335)|HEAP_ALLOCATE|[5]|Bytes:189
23:48:05.0 (4246512)|USER_DEBUG|[5]|DEBUG|data BEFORE:ETLC_ApexBridge_Data:[debug=true, input={"mode":"fetchFollowedUsers"}, isSuccess=null, messages=null, operation=BFFFollow_Controller, output=null, outputFlag=null, records=null]
23:48:05.0 (4252991)|STATEMENT_EXECUTE|[7]
23:48:05.0 (4260104)|HEAP_ALLOCATE|[7]|Bytes:4
23:48:05.0 (4273983)|METHOD_ENTRY|[7]|01p50000002CIEo|ETLC_ApexBridge_Data.getInputValue(String)
23:48:05.0 (4288172)|VARIABLE_SCOPE_BEGIN|[52]|this|ETLC_ApexBridge_Data|true|false
23:48:05.0 (4330570)|VARIABLE_ASSIGNMENT|[52]|this|{"debug":true,"input":"{\"mode\":\"fetchFollow (9 more) ...","operation":"BFFFollow_Controller"}|0x2519e269
23:48:05.0 (4338074)|VARIABLE_SCOPE_BEGIN|[52]|key|String|false|false
23:48:05.0 (4344756)|VARIABLE_ASSIGNMENT|[52]|key|"mode"
23:48:05.0 (4350951)|STATEMENT_EXECUTE|[52]
23:48:05.0 (4352616)|STATEMENT_EXECUTE|[53]
23:48:05.0 (4405285)|VARIABLE_ASSIGNMENT|[EXTERNAL]|this|{"debug":true,"input":"{\"mode\":\"fetchFollow (9 more) ...","operation":"BFFFollow_Controller"}|0x2519e269
23:48:05.0 (4424136)|METHOD_ENTRY|[53]||System.JSON.deserializeUntyped(String)
23:48:05.0 (4693081)|METHOD_EXIT|[53]||System.JSON.deserializeUntyped(String)
23:48:05.0 (4704600)|VARIABLE_SCOPE_BEGIN|[53]|inputMap|Map<String,ANY>|true|false
23:48:05.0 (4729094)|VARIABLE_ASSIGNMENT|[53]|inputMap|{"s":1,"v":{"mode":"fetchFollowedUsers"}}|0x7b5dac75
23:48:05.0 (4732565)|STATEMENT_EXECUTE|[54]
23:48:05.0 (4778808)|METHOD_EXIT|[7]|01p50000002CIEo|ETLC_ApexBridge_Data.getInputValue(String)
23:48:05.0 (4786397)|VARIABLE_SCOPE_BEGIN|[7]|mode|String|false|false
23:48:05.0 (4793708)|VARIABLE_ASSIGNMENT|[7]|mode|"fetchFollowedUsers"
23:48:05.0 (4798425)|HEAP_ALLOCATE|[9]|Bytes:18
23:48:05.0 (4846622)|STATEMENT_EXECUTE|[9]
23:48:05.0 (4850285)|STATEMENT_EXECUTE|[10]
23:48:05.0 (4894396)|HEAP_ALLOCATE|[10]|Bytes:85
23:48:05.0 (4906125)|SYSTEM_METHOD_ENTRY|[1]|UserInfo.UserInfo()
23:48:05.0 (4908748)|STATEMENT_EXECUTE|[1]
23:48:05.0 (4916141)|SYSTEM_METHOD_EXIT|[1]|UserInfo
23:48:05.0 (4927994)|METHOD_ENTRY|[10]||System.UserInfo.getUserId()
23:48:05.0 (4961807)|METHOD_EXIT|[10]||System.UserInfo.getUserId()
23:48:05.0 (4975307)|HEAP_ALLOCATE|[10]|Bytes:4
23:48:05.0 (4985824)|METHOD_ENTRY|[10]|01p50000002D8iw|BFFFollow_Controller.fetchFollowedUsers(Id)
23:48:05.0 (5003732)|VARIABLE_SCOPE_BEGIN|[24]|this|BFFFollow_Controller|true|false
23:48:05.0 (5029979)|VARIABLE_ASSIGNMENT|[24]|this|{}|0x5219716
23:48:05.0 (5034338)|VARIABLE_SCOPE_BEGIN|[24]|followedById|Id|false|false
23:48:05.0 (5090499)|VARIABLE_ASSIGNMENT|[24]|followedById|"00550000005cg71AAA"
23:48:05.0 (5101851)|HEAP_ALLOCATE|[25]|Bytes:5
23:48:05.0 (5106150)|STATEMENT_EXECUTE|[24]
23:48:05.0 (5107477)|STATEMENT_EXECUTE|[25]
23:48:05.0 (5115324)|HEAP_ALLOCATE|[25]|Bytes:63
23:48:05.0 (5150920)|HEAP_ALLOCATE|[25]|Bytes:18
23:48:05.0 (5163488)|HEAP_ALLOCATE|[25]|Bytes:9
23:48:05.0 (5172941)|HEAP_ALLOCATE|[25]|Bytes:90
23:48:05.0 (5177567)|VARIABLE_SCOPE_BEGIN|[25]|soql|String|false|false
23:48:05.0 (5186635)|VARIABLE_ASSIGNMENT|[25]|soql|"SELECT FollowedUsers (70 more) ..."
23:48:05.0 (5189439)|STATEMENT_EXECUTE|[26]
23:48:05.0 (5190438)|STATEMENT_EXECUTE|[26]
23:48:05.0 (5195455)|STATEMENT_EXECUTE|[27]
23:48:05.0 (5196607)|STATEMENT_EXECUTE|[27]
23:48:05.0 (5203233)|HEAP_ALLOCATE|[27]|Bytes:24
23:48:05.0 (5226085)|HEAP_ALLOCATE|[27]|Bytes:114
23:48:05.0 (5260295)|USER_DEBUG|[27]|DEBUG|fetchFollowedUsers:soql:SELECT FollowedUsers__c FROM BFFFollow__c WHERE FollowedBy__c='00550000005cg71AAA' limit 1
23:48:05.0 (5269388)|STATEMENT_EXECUTE|[28]
23:48:05.0 (5352720)|HEAP_ALLOCATE|[28]|Bytes:9
23:48:05.0 (5359004)|HEAP_ALLOCATE|[28]|Bytes:29
23:48:05.0 (5361675)|HEAP_ALLOCATE|[28]|Bytes:21
23:48:05.0 (5369783)|METHOD_ENTRY|[7]|01p50000002CIEt|ETLC_SecuredDB.ETLC_SecuredDB()
23:48:05.0 (5372174)|STATEMENT_EXECUTE|[7]
23:48:05.0 (5374828)|STATEMENT_EXECUTE|[7]
23:48:05.0 (5380382)|HEAP_ALLOCATE|[28]|Bytes:5
23:48:05.0 (5399879)|METHOD_EXIT|[7]|ETLC_SecuredDB
23:48:05.0 (5417957)|METHOD_ENTRY|[28]|01p50000002CIEt|ETLC_SecuredDB.query(String)
23:48:05.0 (5448843)|VARIABLE_SCOPE_BEGIN|[10]|SOQL|String|false|false
23:48:05.0 (5458877)|VARIABLE_ASSIGNMENT|[10]|SOQL|"SELECT FollowedUsers (70 more) ..."
23:48:05.0 (5467078)|HEAP_ALLOCATE|[12]|Bytes:5
23:48:05.0 (5471105)|STATEMENT_EXECUTE|[10]
23:48:05.0 (5472278)|STATEMENT_EXECUTE|[12]
23:48:05.0 (5960585)|SOQL_EXECUTE_BEGIN|[12]|Aggregations:0|SELECT FollowedUsers__c FROM BFFFollow__c WHERE FollowedBy__c='00550000005cg71AAA' limit 1
23:48:05.0 (9435069)|SOQL_EXECUTE_END|[12]|Rows:1
23:48:05.0 (9466768)|HEAP_ALLOCATE|[12]|Bytes:8
23:48:05.0 (9484022)|HEAP_ALLOCATE|[12]|Bytes:158
23:48:05.0 (9608073)|HEAP_ALLOCATE|[12]|Bytes:8
23:48:05.0 (9630445)|VARIABLE_SCOPE_BEGIN|[12]|dbRecords|List<SObject>|true|false
23:48:05.0 (9679470)|VARIABLE_ASSIGNMENT|[12]|dbRecords|{"s":1,"v":[{"s":2,"v":{"FollowedUsers__c":"[{\"id\":\"00550000005d (85 more) ...","Id":"a005000000ezW4dAAE"}}]}|0x136d145d
23:48:05.0 (9686442)|STATEMENT_EXECUTE|[20]
23:48:05.0 (9748709)|HEAP_ALLOCATE|[20]|Bytes:12
23:48:05.0 (9755885)|HEAP_ALLOCATE|[20]|Bytes:8
23:48:05.0 (9779919)|HEAP_ALLOCATE|[20]|Bytes:12
23:48:05.0 (9783782)|HEAP_ALLOCATE|[20]|Bytes:9
23:48:05.0 (9794578)|HEAP_ALLOCATE|[20]|Bytes:12
23:48:05.0 (9797669)|HEAP_ALLOCATE|[20]|Bytes:8
23:48:05.0 (9807444)|HEAP_ALLOCATE|[20]|Bytes:12
23:48:05.0 (9810698)|HEAP_ALLOCATE|[20]|Bytes:8
23:48:05.0 (9819786)|HEAP_ALLOCATE|[20]|Bytes:12
23:48:05.0 (9822754)|HEAP_ALLOCATE|[20]|Bytes:9
23:48:05.0 (9846327)|METHOD_ENTRY|[20]|01p50000002CIEt|ETLC_SecuredDB.findFields(List<SObject>)
23:48:05.0 (9870725)|VARIABLE_SCOPE_BEGIN|[108]|dbRecords|List<SObject>|true|false
23:48:05.0 (9901233)|VARIABLE_ASSIGNMENT|[108]|dbRecords|{"s":1,"v":[{"s":2,"v":{"FollowedUsers__c":"[{\"id\":\"00550000005d (85 more) ...","Id":"a005000000ezW4dAAE"}}]}|0x136d145d
23:48:05.0 (9918916)|HEAP_ALLOCATE|[109]|Bytes:5
23:48:05.0 (9925917)|STATEMENT_EXECUTE|[108]
23:48:05.0 (9928299)|STATEMENT_EXECUTE|[109]
23:48:05.0 (9941792)|VARIABLE_SCOPE_BEGIN|[109]|strJSON|String|false|false
23:48:05.0 (9952597)|VARIABLE_ASSIGNMENT|[109]|strJSON|null
23:48:05.0 (9956183)|STATEMENT_EXECUTE|[110]
23:48:05.0 (9970336)|VARIABLE_SCOPE_BEGIN|[110]|mapFields|Map<String,Set<String>>|true|false
23:48:05.0 (9980627)|VARIABLE_ASSIGNMENT|[110]|mapFields|null|
23:48:05.0 (9984459)|STATEMENT_EXECUTE|[112]
23:48:05.0 (10006436)|METHOD_ENTRY|[112]||System.JSON.serialize(Object)
23:48:05.0 (10583350)|METHOD_EXIT|[112]||System.JSON.serialize(Object)
23:48:05.0 (10603885)|VARIABLE_ASSIGNMENT|[112]|strJSON|"[{\"attributes\":{\"typ (259 more) ..."
23:48:05.0 (10609474)|STATEMENT_EXECUTE|[113]
23:48:05.0 (10622243)|HEAP_ALLOCATE|[113]|Bytes:5
23:48:05.0 (10636023)|HEAP_ALLOCATE|[113]|Bytes:284
23:48:05.0 (10669538)|USER_DEBUG|[113]|DEBUG|JSON:[{"attributes":{"type":"BFFFollow__c","url":"/services/data/v37.0/sobjects/BFFFollow__c/a005000000ezW4dAAE"},"FollowedUsers__c":"[{\"id\":\"00550000005d7KnAAI\",\"name\":\"Test User\"},{\"id\":\"00550000005cg71AAA\",\"name\":\"Jaswinder Rattanpal\"}]","Id":"a005000000ezW4dAAE"}]
23:48:05.0 (10680027)|STATEMENT_EXECUTE|[114]
23:48:05.0 (10691807)|HEAP_ALLOCATE|[114]|Bytes:4
23:48:05.0 (10716421)|VARIABLE_ASSIGNMENT|[114]|mapFields|{"s":1,"v":{}}|0x61fbe0f4
23:48:05.0 (10721584)|STATEMENT_EXECUTE|[115]
23:48:05.0 (10739909)|METHOD_ENTRY|[115]||System.JSON.deserializeUntyped(String)
23:48:05.0 (11221055)|METHOD_EXIT|[115]||System.JSON.deserializeUntyped(String)
23:48:05.0 (11236472)|VARIABLE_SCOPE_BEGIN|[115]|records|List<ANY>|true|false
23:48:05.0 (11276048)|HEAP_ALLOCATE|[EXTERNAL]|Bytes:8
23:48:05.0 (11312536)|VARIABLE_ASSIGNMENT|[115]|records|{"s":1,"v":[{"s":2,"v":{"attributes":{"s":3,"v":{"type":"BFFFollow__c","url":"/services/data/v37.0 (41 more) ..."}},"FollowedUsers__c":"[{\"id\":\"00550000005d (85 more) ...","Id":"a005000000ezW4dAAE"}}]}|0x1a4fcf6a
23:48:05.0 (11381343)|HEAP_ALLOCATE|[116]|Bytes:5
23:48:05.0 (11406075)|HEAP_ALLOCATE|[116]|Bytes:16
23:48:05.0 (11425604)|VARIABLE_SCOPE_BEGIN|[116]|record|Object|false|false
23:48:05.0 (11460488)|VARIABLE_ASSIGNMENT|[116]|record|{"s":1,"v":{"attributes":{"s":2,"v":{"type":"BFFFollow__c","url":"/services/data/v37.0 (41 more) ..."}},"FollowedUsers__c":"[{\"id\":\"00550000005d (85 more) ...","Id":"a005000000ezW4dAAE"}}
23:48:05.0 (11467107)|STATEMENT_EXECUTE|[116]
23:48:05.0 (11469553)|STATEMENT_EXECUTE|[117]
23:48:05.0 (11496729)|METHOD_ENTRY|[117]|01p50000002CIEt|ETLC_SecuredDB.findFieldsRecursive(Map<String,Set<String>>, Map<String,ANY>)
23:48:05.0 (11518902)|VARIABLE_SCOPE_BEGIN|[124]|mapFields|Map<String,Set<String>>|true|false
23:48:05.0 (11537582)|VARIABLE_ASSIGNMENT|[124]|mapFields|{"s":1,"v":{}}|0x61fbe0f4
23:48:05.0 (11543519)|VARIABLE_SCOPE_BEGIN|[124]|record|Map<String,ANY>|true|false
23:48:05.0 (11568313)|VARIABLE_ASSIGNMENT|[124]|record|{"s":1,"v":{"attributes":{"s":2,"v":{"type":"BFFFollow__c","url":"/services/data/v37.0 (41 more) ..."}},"FollowedUsers__c":"[{\"id\":\"00550000005d (85 more) ...","Id":"a005000000ezW4dAAE"}}|0x3311cb68
23:48:05.0 (11585107)|HEAP_ALLOCATE|[125]|Bytes:5
23:48:05.0 (11592816)|STATEMENT_EXECUTE|[124]
23:48:05.0 (11595098)|STATEMENT_EXECUTE|[125]
23:48:05.0 (11605970)|HEAP_ALLOCATE|[125]|Bytes:10
23:48:05.0 (11614776)|VARIABLE_SCOPE_BEGIN|[125]|strAttributes|String|false|false
23:48:05.0 (11625359)|VARIABLE_ASSIGNMENT|[125]|strAttributes|"attributes"
23:48:05.0 (11629403)|STATEMENT_EXECUTE|[126]
23:48:05.0 (11639810)|HEAP_ALLOCATE|[126]|Bytes:7
23:48:05.0 (11648470)|VARIABLE_SCOPE_BEGIN|[126]|strRecord|String|false|false
23:48:05.0 (11663787)|VARIABLE_ASSIGNMENT|[126]|strRecord|"records"
23:48:05.0 (11715094)|STATEMENT_EXECUTE|[127]
23:48:05.0 (11718790)|STATEMENT_EXECUTE|[128]
23:48:05.0 (11779701)|VARIABLE_SCOPE_BEGIN|[128]|attributes|Map<String,ANY>|true|false
23:48:05.0 (11804860)|VARIABLE_ASSIGNMENT|[128]|attributes|{"s":1,"v":{"type":"BFFFollow__c","url":"/services/data/v37.0 (41 more) ..."}}|0x60af44c3
23:48:05.0 (11810752)|STATEMENT_EXECUTE|[129]
23:48:05.0 (11822484)|HEAP_ALLOCATE|[129]|Bytes:4
23:48:05.0 (11875280)|VARIABLE_SCOPE_BEGIN|[129]|objectName|String|false|false
23:48:05.0 (11886230)|VARIABLE_ASSIGNMENT|[129]|objectName|"BFFFollow__c"
23:48:05.0 (11899797)|HEAP_ALLOCATE|[130]|Bytes:4
23:48:05.0 (11986548)|HEAP_ALLOCATE|[130]|Bytes:44
23:48:05.0 (12006640)|HEAP_ALLOCATE|[130]|Bytes:12
23:48:05.0 (12034839)|HEAP_ALLOCATE|[130]|Bytes:5
23:48:05.0 (12058912)|VARIABLE_SCOPE_BEGIN|[130]|fieldName|String|false|false
23:48:05.0 (12070106)|VARIABLE_ASSIGNMENT|[130]|fieldName|"attributes"
23:48:05.0 (12074622)|STATEMENT_EXECUTE|[130]
23:48:05.0 (12076572)|STATEMENT_EXECUTE|[131]
23:48:05.0 (12143797)|VARIABLE_SCOPE_BEGIN|[131]|field|Object|false|false
23:48:05.0 (12175041)|VARIABLE_ASSIGNMENT|[131]|field|{"s":1,"v":{"type":"BFFFollow__c","url":"/services/data/v37.0 (41 more) ..."}}
23:48:05.0 (12201112)|STATEMENT_EXECUTE|[132]
23:48:05.0 (12228289)|HEAP_ALLOCATE|[130]|Bytes:5
23:48:05.0 (12250710)|VARIABLE_SCOPE_BEGIN|[130]|fieldName|String|false|false
23:48:05.0 (12262785)|VARIABLE_ASSIGNMENT|[130]|fieldName|"FollowedUsers__c"
23:48:05.0 (12267470)|STATEMENT_EXECUTE|[130]
23:48:05.0 (12269340)|STATEMENT_EXECUTE|[131]
23:48:05.0 (12301209)|VARIABLE_SCOPE_BEGIN|[131]|field|Object|false|false
23:48:05.0 (12314260)|VARIABLE_ASSIGNMENT|[131]|field|"[{\"id\":\"00550000005d (85 more) ..."
23:48:05.0 (12327412)|HEAP_ALLOCATE|[134]|Bytes:68
23:48:05.0 (12345442)|STATEMENT_EXECUTE|[136]
23:48:05.0 (12347097)|STATEMENT_EXECUTE|[137]
23:48:05.0 (12358548)|HEAP_ALLOCATE|[137]|Bytes:4
23:48:05.0 (12415793)|VARIABLE_SCOPE_BEGIN|[137]|fieldNames|Set<String>|true|false
23:48:05.0 (12446763)|VARIABLE_ASSIGNMENT|[137]|fieldNames|{"s":1,"v":[]}|0x5e6df462
23:48:05.0 (12500993)|STATEMENT_EXECUTE|[138]
23:48:05.0 (12510629)|STATEMENT_EXECUTE|[139]
23:48:05.0 (12556286)|HEAP_ALLOCATE|[EXTERNAL]|Bytes:4
23:48:05.0 (12570454)|STATEMENT_EXECUTE|[140]
23:48:05.0 (12618367)|HEAP_ALLOCATE|[EXTERNAL]|Bytes:-4
23:48:05.0 (12643318)|HEAP_ALLOCATE|[130]|Bytes:5
23:48:05.0 (12670433)|VARIABLE_SCOPE_BEGIN|[130]|fieldName|String|false|false
23:48:05.0 (12682014)|VARIABLE_ASSIGNMENT|[130]|fieldName|"Id"
23:48:05.0 (12686495)|STATEMENT_EXECUTE|[130]
23:48:05.0 (12687827)|STATEMENT_EXECUTE|[131]
23:48:05.0 (12711541)|VARIABLE_SCOPE_BEGIN|[131]|field|Object|false|false
23:48:05.0 (12721282)|VARIABLE_ASSIGNMENT|[131]|field|"a005000000ezW4dAAE"
23:48:05.0 (12737827)|STATEMENT_EXECUTE|[136]
23:48:05.0 (12739449)|STATEMENT_EXECUTE|[137]
23:48:05.0 (12747189)|HEAP_ALLOCATE|[137]|Bytes:4
23:48:05.0 (12768457)|VARIABLE_SCOPE_BEGIN|[137]|fieldNames|Set<String>|true|false
23:48:05.0 (12795704)|VARIABLE_ASSIGNMENT|[137]|fieldNames|{"s":1,"v":[]}|0x3abd545a
23:48:05.0 (12818938)|STATEMENT_EXECUTE|[138]
23:48:05.0 (12865231)|VARIABLE_ASSIGNMENT|[138]|fieldNames|{"s":1,"v":["FollowedUsers__c"]}|0x5e6df462
23:48:05.0 (12871052)|STATEMENT_EXECUTE|[139]
23:48:05.0 (12888304)|HEAP_ALLOCATE|[EXTERNAL]|Bytes:4
23:48:05.0 (12898467)|STATEMENT_EXECUTE|[140]
23:48:05.0 (12958192)|HEAP_ALLOCATE|[130]|Bytes:5
23:48:05.0 (12974091)|VARIABLE_ASSIGNMENT|[130]|fieldName|null
23:48:05.0 (12986290)|METHOD_EXIT|[117]|01p50000002CIEt|ETLC_SecuredDB.findFieldsRecursive(Map<String,Set<String>>, Map<String,ANY>)
23:48:05.0 (12998877)|HEAP_ALLOCATE|[116]|Bytes:5
23:48:05.0 (13016545)|VARIABLE_ASSIGNMENT|[116]|record|null
23:48:05.0 (13024436)|HEAP_ALLOCATE|[119]|Bytes:4
23:48:05.0 (13067880)|HEAP_ALLOCATE|[119]|Bytes:20
23:48:05.0 (13082593)|HEAP_ALLOCATE|[119]|Bytes:4
23:48:05.0 (13100213)|HEAP_ALLOCATE|[119]|Bytes:5
23:48:05.0 (13113302)|VARIABLE_SCOPE_BEGIN|[119]|objectName|String|false|false
23:48:05.0 (13121325)|VARIABLE_ASSIGNMENT|[119]|objectName|"BFFFollow__c"
23:48:05.0 (13124410)|STATEMENT_EXECUTE|[119]
23:48:05.0 (13125862)|STATEMENT_EXECUTE|[120]
23:48:05.0 (13134837)|HEAP_ALLOCATE|[120]|Bytes:2
23:48:05.0 (13192083)|HEAP_ALLOCATE|[120]|Bytes:22
23:48:05.0 (13205658)|HEAP_ALLOCATE|[120]|Bytes:36
23:48:05.0 (13217200)|USER_DEBUG|[120]|DEBUG|BFFFollow__c: {FollowedUsers__c, Id}
23:48:05.0 (13229787)|HEAP_ALLOCATE|[119]|Bytes:5
23:48:05.0 (13241435)|VARIABLE_ASSIGNMENT|[119]|objectName|null
23:48:05.0 (13244980)|STATEMENT_EXECUTE|[122]
23:48:05.0 (13258351)|METHOD_EXIT|[20]|01p50000002CIEt|ETLC_SecuredDB.findFields(List<SObject>)
23:48:05.0 (13271400)|METHOD_ENTRY|[20]|01p50000002CIEt|ETLC_SecuredDB.validate(ETLC_SecuredDB.Operation, Map<String,Set<String>>)
23:48:05.0 (13277067)|VARIABLE_SCOPE_BEGIN|[55]|op|ETLC_SecuredDB.Operation|true|false
23:48:05.0 (13297665)|VARIABLE_ASSIGNMENT|[55]|op|"Querying"|0x7ca82ee
23:48:05.0 (13300774)|VARIABLE_SCOPE_BEGIN|[55]|mapFieldNames|Map<String,Set<String>>|true|false
23:48:05.0 (13318484)|VARIABLE_ASSIGNMENT|[55]|mapFieldNames|{"s":1,"v":{"BFFFollow__c":{"s":2,"v":["FollowedUsers__c","Id"]}}}|0x61fbe0f4
23:48:05.0 (13327381)|HEAP_ALLOCATE|[56]|Bytes:5
23:48:05.0 (13332096)|STATEMENT_EXECUTE|[55]
23:48:05.0 (13333432)|STATEMENT_EXECUTE|[56]
23:48:05.0 (13341782)|VARIABLE_SCOPE_BEGIN|[56]|securityMessage|String|false|false
23:48:05.0 (13347018)|VARIABLE_ASSIGNMENT|[56]|securityMessage|null
23:48:05.0 (13349178)|STATEMENT_EXECUTE|[57]
23:48:05.0 (23161805)|HEAP_ALLOCATE|[57]|Bytes:1440
23:48:05.0 (23181874)|VARIABLE_SCOPE_BEGIN|[57]|mapObjects|Map<String,Schema.SObjectType>|true|false
23:48:05.0 (23376185)|VARIABLE_ASSIGNMENT|[57]|mapObjects|"{acceptedeventrelation=AcceptedEventRelation, account=Account, accountcontactrole=AccountContactRole, accountfeed=AccountFeed, accounthistory=AccountHistory, accountpartner=AccountPartner, accountshare=AccountShare, actionlinkgrouptemplate=ActionLinkGroupTemplate, actionlinktemplate=ActionLinkTemplate, activityhistory=ActivityHistory, ...}"|0x1d594788
23:48:05.0 (23388058)|HEAP_ALLOCATE|[58]|Bytes:4
23:48:05.0 (23436790)|HEAP_ALLOCATE|[58]|Bytes:20
23:48:05.0 (23451088)|HEAP_ALLOCATE|[58]|Bytes:4
23:48:05.0 (23469844)|HEAP_ALLOCATE|[58]|Bytes:5
23:48:05.0 (23483474)|VARIABLE_SCOPE_BEGIN|[58]|sObjectName|String|false|false
23:48:05.0 (23491701)|VARIABLE_ASSIGNMENT|[58]|sObjectName|"BFFFollow__c"
23:48:05.0 (23495036)|STATEMENT_EXECUTE|[58]
23:48:05.0 (23496448)|STATEMENT_EXECUTE|[59]
23:48:05.0 (23506128)|HEAP_ALLOCATE|[59]|Bytes:9
23:48:05.0 (23509765)|HEAP_ALLOCATE|[59]|Bytes:7
23:48:05.0 (23552575)|HEAP_ALLOCATE|[59]|Bytes:8
23:48:05.0 (23564657)|HEAP_ALLOCATE|[59]|Bytes:1
23:48:05.0 (23574416)|HEAP_ALLOCATE|[59]|Bytes:37
23:48:05.0 (23584037)|VARIABLE_ASSIGNMENT|[59]|securityMessage|"CRUD on [BFFFollow__ (17 more) ..."
23:48:05.0 (23587187)|STATEMENT_EXECUTE|[60]
23:48:05.0 (23593959)|HEAP_ALLOCATE|[60]|Bytes:10
23:48:05.0 (23599824)|HEAP_ALLOCATE|[60]|Bytes:47
23:48:05.0 (23623413)|USER_DEBUG|[60]|DEBUG|Checking: CRUD on [BFFFollow__c] for [Querying]
23:48:05.0 (23630587)|STATEMENT_EXECUTE|[61]
23:48:05.0 (23866634)|HEAP_ALLOCATE|[61]|Bytes:4
23:48:05.0 (23904804)|VARIABLE_SCOPE_BEGIN|[61]|drSObj|Schema.DescribeSObjectResult|true|false
23:48:05.0 (23981954)|VARIABLE_ASSIGNMENT|[61]|drSObj|"common.api.soap.wsdl.DescribeSObjectResult@a54f9caa"|0x7ce9f0ef
23:48:05.0 (24106252)|STATEMENT_EXECUTE|[64]
23:48:05.0 (24132202)|STATEMENT_EXECUTE|[65]
23:48:05.0 (24188145)|STATEMENT_EXECUTE|[77]
23:48:05.0 (24190612)|STATEMENT_EXECUTE|[79]
23:48:05.0 (24409928)|HEAP_ALLOCATE|[79]|Bytes:56
23:48:05.0 (24421716)|VARIABLE_SCOPE_BEGIN|[79]|mapFields|Map<String,Schema.SObjectField>|true|false
23:48:05.0 (24568692)|VARIABLE_ASSIGNMENT|[79]|mapFields|"{createdbyid=CreatedById, createddate=CreatedDate, followedby__c=FollowedBy__c, followedusers__c=FollowedUsers__c, id=Id, isdeleted=IsDeleted, lastmodifiedbyid=LastModifiedById, lastmodifieddate=LastModifiedDate, lastreferenceddate=LastReferencedDate, lastvieweddate=LastViewedDate, ...}"|0x2fe7c06e
23:48:05.0 (24579050)|HEAP_ALLOCATE|[80]|Bytes:4
23:48:05.0 (24627725)|HEAP_ALLOCATE|[80]|Bytes:8
23:48:05.0 (24651735)|HEAP_ALLOCATE|[80]|Bytes:5
23:48:05.0 (24665727)|VARIABLE_SCOPE_BEGIN|[80]|fieldName|String|false|false
23:48:05.0 (24674027)|VARIABLE_ASSIGNMENT|[80]|fieldName|"FollowedUsers__c"
23:48:05.0 (24677122)|STATEMENT_EXECUTE|[80]
23:48:05.0 (24678381)|STATEMENT_EXECUTE|[81]
23:48:05.0 (25050128)|HEAP_ALLOCATE|[81]|Bytes:8
23:48:05.0 (25083958)|VARIABLE_SCOPE_BEGIN|[81]|drField|Schema.DescribeFieldResult|true|false
23:48:05.0 (25150133)|VARIABLE_ASSIGNMENT|[81]|drField|"common.api.soap.wsdl.Field@82931d39"|0x45310936
23:48:05.0 (25171626)|STATEMENT_EXECUTE|[82]
23:48:05.0 (25173472)|STATEMENT_EXECUTE|[83]
23:48:05.0 (25182077)|HEAP_ALLOCATE|[83]|Bytes:8
23:48:05.0 (25186262)|HEAP_ALLOCATE|[83]|Bytes:1
23:48:05.0 (25224597)|HEAP_ALLOCATE|[83]|Bytes:8
23:48:05.0 (25243273)|HEAP_ALLOCATE|[83]|Bytes:52
23:48:05.0 (25249249)|HEAP_ALLOCATE|[83]|Bytes:53
23:48:05.0 (25259097)|VARIABLE_ASSIGNMENT|[83]|securityMessage|"FLS on [BFFFollow__c (33 more) ..."
23:48:05.0 (25262664)|STATEMENT_EXECUTE|[84]
23:48:05.0 (25271779)|HEAP_ALLOCATE|[84]|Bytes:63
23:48:05.0 (25294788)|USER_DEBUG|[84]|DEBUG|Checking: FLS on [BFFFollow__c.FollowedUsers__c] for [Querying]
23:48:05.0 (25384331)|STATEMENT_EXECUTE|[87]
23:48:05.0 (25399641)|STATEMENT_EXECUTE|[88]
23:48:05.0 (25416399)|HEAP_ALLOCATE|[80]|Bytes:5
23:48:05.0 (25429411)|VARIABLE_SCOPE_BEGIN|[80]|fieldName|String|false|false
23:48:05.0 (25436964)|VARIABLE_ASSIGNMENT|[80]|fieldName|"Id"
23:48:05.0 (25439487)|STATEMENT_EXECUTE|[80]
23:48:05.0 (25440514)|STATEMENT_EXECUTE|[81]
23:48:05.0 (25583600)|HEAP_ALLOCATE|[81]|Bytes:8
23:48:05.0 (25595050)|VARIABLE_SCOPE_BEGIN|[81]|drField|Schema.DescribeFieldResult|true|false
23:48:05.0 (25662500)|VARIABLE_ASSIGNMENT|[81]|drField|"common.api.soap.wsdl.Field@279de837"|0x1e9add3
23:48:05.0 (25675280)|STATEMENT_EXECUTE|[99]
23:48:05.0 (25676681)|STATEMENT_EXECUTE|[100]
23:48:05.0 (25685275)|HEAP_ALLOCATE|[100]|Bytes:22
23:48:05.0 (25725264)|HEAP_ALLOCATE|[100]|Bytes:8
23:48:05.0 (25740701)|HEAP_ALLOCATE|[100]|Bytes:52
23:48:05.0 (25744304)|HEAP_ALLOCATE|[100]|Bytes:35
23:48:05.0 (25748324)|HEAP_ALLOCATE|[100]|Bytes:87
23:48:05.0 (25758545)|USER_DEBUG|[100]|DEBUG|Bypass Check: FLS on [BFFFollow__c.Id] for [Querying] since it's not isPermissionable()
23:48:05.0 (25771601)|HEAP_ALLOCATE|[80]|Bytes:5
23:48:05.0 (25783777)|VARIABLE_ASSIGNMENT|[80]|fieldName|null
23:48:05.0 (25792833)|HEAP_ALLOCATE|[58]|Bytes:5
23:48:05.0 (25801487)|VARIABLE_ASSIGNMENT|[58]|sObjectName|null
23:48:05.0 (25815208)|METHOD_EXIT|[20]|01p50000002CIEt|ETLC_SecuredDB.validate(ETLC_SecuredDB.Operation, Map<String,Set<String>>)
23:48:05.0 (25819720)|STATEMENT_EXECUTE|[21]
23:48:05.0 (25831745)|METHOD_EXIT|[28]|01p50000002CIEt|ETLC_SecuredDB.query(String)
23:48:05.0 (25838377)|VARIABLE_SCOPE_BEGIN|[28]|dbRecords|List<SObject>|true|false
23:48:05.0 (25864766)|VARIABLE_ASSIGNMENT|[28]|dbRecords|{"s":1,"v":[{"s":2,"v":{"FollowedUsers__c":"[{\"id\":\"00550000005d (85 more) ...","Id":"a005000000ezW4dAAE"}}]}|0x136d145d
23:48:05.0 (25872827)|STATEMENT_EXECUTE|[29]
23:48:05.0 (25874377)|STATEMENT_EXECUTE|[29]
23:48:05.0 (25941798)|USER_DEBUG|[29]|DEBUG|(BFFFollow__c:{FollowedUsers__c=[{"id":"00550000005d7KnAAI","name":"Test User"},{"id":"00550000005cg71AAA","name":"Jaswinder Rattanpal"}], Id=a005000000ezW4dAAE})
23:48:05.0 (26013299)|STATEMENT_EXECUTE|[30]
23:48:05.0 (26019043)|STATEMENT_EXECUTE|[31]
23:48:05.0 (26020260)|STATEMENT_EXECUTE|[32]
23:48:05.0 (26028035)|HEAP_ALLOCATE|[32]|Bytes:18
23:48:05.0 (26040037)|HEAP_ALLOCATE|[32]|Bytes:12
23:48:05.0 (26046291)|HEAP_ALLOCATE|[32]|Bytes:16
23:48:05.0 (26109476)|HEAP_ALLOCATE|[32]|Bytes:105
23:48:05.0 (26129929)|HEAP_ALLOCATE|[32]|Bytes:105
23:48:05.0 (26139688)|HEAP_ALLOCATE|[32]|Bytes:123
23:48:05.0 (26150164)|USER_DEBUG|[32]|DEBUG|FollowedUsers__c::[{"id":"00550000005d7KnAAI","name":"Test User"},{"id":"00550000005cg71AAA","name":"Jaswinder Rattanpal"}]
23:48:05.0 (26156348)|STATEMENT_EXECUTE|[34]
23:48:05.0 (26169058)|HEAP_ALLOCATE|[34]|Bytes:12
23:48:05.0 (26217522)|HEAP_ALLOCATE|[34]|Bytes:105
23:48:05.0 (26236716)|METHOD_EXIT|[10]|01p50000002D8iw|BFFFollow_Controller.fetchFollowedUsers(Id)
23:48:05.0 (26292983)|VARIABLE_ASSIGNMENT|[EXTERNAL]|this|{"debug":true,"input":"{\"mode\":\"fetchFollow (9 more) ...","operation":"BFFFollow_Controller"}|0x2519e269
23:48:05.0 (26302125)|VARIABLE_ASSIGNMENT|[EXTERNAL]|value|"[{\"id\":\"00550000005d (85 more) ..."
23:48:05.0 (26315216)|VARIABLE_ASSIGNMENT|[12]|this.output|"[{\"id\":\"00550000005d (85 more) ..."|0x2519e269
23:48:05.0 (26323270)|STATEMENT_EXECUTE|[11]
23:48:05.0 (26375117)|VARIABLE_ASSIGNMENT|[EXTERNAL]|this|{"debug":true,"input":"{\"mode\":\"fetchFollow (9 more) ...","operation":"BFFFollow_Controller","output":"[{\"id\":\"00550000005d (85 more) ..."}|0x2519e269
23:48:05.0 (26421743)|VARIABLE_ASSIGNMENT|[EXTERNAL]|this|{"debug":true,"input":"{\"mode\":\"fetchFollow (9 more) ...","operation":"BFFFollow_Controller","output":"[{\"id\":\"00550000005d (85 more) ..."}|0x2519e269
23:48:05.0 (26429640)|VARIABLE_ASSIGNMENT|[EXTERNAL]|value|true
23:48:05.0 (26434871)|HEAP_ALLOCATE|[15]|Bytes:5
23:48:05.0 (26442598)|VARIABLE_ASSIGNMENT|[15]|this.outputFlag|true|0x2519e269
23:48:05.0 (26452102)|STATEMENT_EXECUTE|[19]
23:48:05.0 (26453577)|STATEMENT_EXECUTE|[19]
23:48:05.0 (26460877)|HEAP_ALLOCATE|[19]|Bytes:11
23:48:05.0 (26518203)|HEAP_ALLOCATE|[19]|Bytes:278
23:48:05.0 (26534756)|HEAP_ALLOCATE|[19]|Bytes:289
23:48:05.0 (26545098)|USER_DEBUG|[19]|DEBUG|data AFTER:ETLC_ApexBridge_Data:[debug=true, input={"mode":"fetchFollowedUsers"}, isSuccess=null, messages=null, operation=BFFFollow_Controller, output=[{"id":"00550000005d7KnAAI","name":"Test User"},{"id":"00550000005cg71AAA","name":"Jaswinder Rattanpal"}], outputFlag=true, records=null]
23:48:05.0 (26558721)|METHOD_EXIT|[9]|01p50000002D8iw|BFFFollow_Controller.process(ETLC_ApexBridge_Data)
23:48:05.0 (26563620)|STATEMENT_EXECUTE|[24]
23:48:05.0 (26581402)|METHOD_ENTRY|[24]|01p50000002CIEo|ETLC_ApexBridge_Data.toJSON()
23:48:05.0 (26596557)|VARIABLE_SCOPE_BEGIN|[57]|this|ETLC_ApexBridge_Data|true|false
23:48:05.0 (26627056)|VARIABLE_ASSIGNMENT|[57]|this|{"debug":true,"input":"{\"mode\":\"fetchFollow (9 more) ...","operation":"BFFFollow_Controller","output":"[{\"id\":\"00550000005d (85 more) ...","outputFlag":true}|0x2519e269
23:48:05.0 (26633192)|STATEMENT_EXECUTE|[57]
23:48:05.0 (26634419)|STATEMENT_EXECUTE|[58]
23:48:05.0 (26653561)|METHOD_ENTRY|[58]||System.JSON.serialize(Object)
23:48:05.0 (26736770)|STATEMENT_EXECUTE|[22]
23:48:05.0 (26740747)|STATEMENT_EXECUTE|[23]
23:48:05.0 (26749443)|HEAP_ALLOCATE|[23]|Bytes:5
23:48:05.0 (26759184)|VARIABLE_ASSIGNMENT|[23]|this.isSuccess|true|0x2519e269
23:48:05.0 (26761551)|STATEMENT_EXECUTE|[24]
23:48:05.0 (26795738)|STATEMENT_EXECUTE|[31]
23:48:05.0 (26799196)|STATEMENT_EXECUTE|[32]
23:48:05.0 (26872068)|HEAP_ALLOCATE|[32]|Bytes:4
23:48:05.0 (26929787)|VARIABLE_ASSIGNMENT|[32]|this.messages|{"s":1,"v":{}}|0x2519e269
23:48:05.0 (26934069)|STATEMENT_EXECUTE|[33]
23:48:05.0 (27222791)|METHOD_EXIT|[58]||System.JSON.serialize(Object)
23:48:05.0 (27230965)|METHOD_EXIT|[24]|01p50000002CIEo|ETLC_ApexBridge_Data.toJSON()
23:48:05.0 (27238611)|SYSTEM_MODE_EXIT|false
23:48:05.27 (27281049)|CUMULATIVE_LIMIT_USAGE
23:48:05.27 (27281049)|LIMIT_USAGE_FOR_NS|(default)|
  Number of SOQL queries: 1 out of 100
  Number of query rows: 1 out of 50000
  Number of SOSL queries: 0 out of 20
  Number of DML statements: 0 out of 150
  Number of DML rows: 0 out of 10000
  Maximum CPU time: 0 out of 10000
  Maximum heap size: 0 out of 6000000
  Number of callouts: 0 out of 100
  Number of Email Invocations: 0 out of 10
  Number of future calls: 0 out of 50
  Number of queueable jobs added to the queue: 0 out of 50
  Number of Mobile Apex push calls: 0 out of 10

23:48:05.27 (27281049)|CUMULATIVE_LIMIT_USAGE_END

23:48:05.0 (27331868)|CODE_UNIT_FINISHED|ETLC_ApexBridge_Controller.execute
