37.0 APEX_CODE,FINEST;APEX_PROFILING,INFO;CALLOUT,INFO;DB,INFO;SYSTEM,DEBUG;VALIDATION,INFO;VISUALFORCE,INFO;WORKFLOW,INFO
16:08:25.0 (87968)|USER_INFO|[EXTERNAL]|00550000005cg71|bfffollow@jr.te|Eastern Standard Time|GMT-04:00
16:08:25.0 (130915)|EXECUTION_STARTED
16:08:25.0 (135949)|CODE_UNIT_STARTED|[EXTERNAL]|aura
16:08:25.0 (802705)|HEAP_ALLOCATE|[72]|Bytes:3
16:08:25.0 (848797)|HEAP_ALLOCATE|[77]|Bytes:152
16:08:25.0 (877836)|HEAP_ALLOCATE|[342]|Bytes:408
16:08:25.0 (910024)|HEAP_ALLOCATE|[355]|Bytes:408
16:08:25.0 (939619)|HEAP_ALLOCATE|[467]|Bytes:48
16:08:25.0 (981218)|HEAP_ALLOCATE|[139]|Bytes:6
16:08:25.0 (1017181)|HEAP_ALLOCATE|[EXTERNAL]|Bytes:93
16:08:25.0 (1048420)|HEAP_ALLOCATE|[EXTERNAL]|Bytes:93
16:08:25.0 (2353248)|CODE_UNIT_STARTED|[EXTERNAL]|01p50000002CIEm|ETLC_ApexBridge_Controller.execute
16:08:25.0 (2507197)|HEAP_ALLOCATE|[EXTERNAL]|Bytes:1
16:08:25.0 (2516096)|HEAP_ALLOCATE|[EXTERNAL]|Bytes:10
16:08:25.0 (2538198)|METHOD_ENTRY|[1]|01p50000002CIEm|ETLC_ApexBridge_Controller.ETLC_ApexBridge_Controller()
16:08:25.0 (2545145)|STATEMENT_EXECUTE|[1]
16:08:25.0 (2559331)|STATEMENT_EXECUTE|[1]
16:08:25.0 (2569627)|METHOD_EXIT|[1]|ETLC_ApexBridge_Controller
16:08:25.0 (2576343)|HEAP_ALLOCATE|[EXTERNAL]|Bytes:93
16:08:25.0 (2588648)|SYSTEM_MODE_ENTER|false
16:08:25.0 (2599681)|VARIABLE_SCOPE_BEGIN|[3]|dataJson|String|false|false
16:08:25.0 (2656511)|VARIABLE_ASSIGNMENT|[3]|dataJson|"{\"operation\":\"BFFFol (73 more) ..."
16:08:25.0 (2680738)|STATEMENT_EXECUTE|[3]
16:08:25.0 (2685426)|STATEMENT_EXECUTE|[4]
16:08:25.0 (2815407)|VARIABLE_SCOPE_BEGIN|[4]|data|ETLC_ApexBridge_Data|true|false
16:08:25.0 (2831110)|VARIABLE_ASSIGNMENT|[4]|data|null|
16:08:25.0 (2839179)|STATEMENT_EXECUTE|[5]
16:08:25.0 (2843364)|STATEMENT_EXECUTE|[5]
16:08:25.0 (2846787)|STATEMENT_EXECUTE|[6]
16:08:25.0 (2870772)|HEAP_ALLOCATE|[6]|Bytes:11
16:08:25.0 (2883501)|HEAP_ALLOCATE|[6]|Bytes:248
16:08:25.0 (2890156)|HEAP_ALLOCATE|[6]|Bytes:39
16:08:25.0 (2927511)|METHOD_ENTRY|[2]|01p50000002CIEo|ETLC_ApexBridge_Data.ETLC_ApexBridge_Data()
16:08:25.0 (2932580)|STATEMENT_EXECUTE|[2]
16:08:25.0 (2942585)|STATEMENT_EXECUTE|[2]
16:08:25.0 (2953594)|METHOD_EXIT|[2]|ETLC_ApexBridge_Data
16:08:25.0 (2976216)|METHOD_ENTRY|[6]|01p50000002CIEo|ETLC_ApexBridge_Data.fromJSON(String)
16:08:25.0 (3002690)|VARIABLE_SCOPE_BEGIN|[60]|strJson|String|false|false
16:08:25.0 (3018241)|VARIABLE_ASSIGNMENT|[60]|strJson|"{\"operation\":\"BFFFol (73 more) ..."
16:08:25.0 (3028032)|STATEMENT_EXECUTE|[60]
16:08:25.0 (3032310)|STATEMENT_EXECUTE|[61]
16:08:25.0 (3044636)|HEAP_ALLOCATE|[61]|Bytes:20
16:08:25.0 (3073951)|HEAP_ALLOCATE|[50]|Bytes:5
16:08:25.0 (3106518)|HEAP_ALLOCATE|[56]|Bytes:5
16:08:25.0 (3124830)|HEAP_ALLOCATE|[64]|Bytes:7
16:08:25.0 (3239109)|HEAP_ALLOCATE|[61]|Bytes:24
16:08:25.0 (3260214)|SYSTEM_METHOD_ENTRY|[1]|Type.Type()
16:08:25.0 (3265490)|STATEMENT_EXECUTE|[1]
16:08:25.0 (3280688)|SYSTEM_METHOD_EXIT|[1]|Type
16:08:25.0 (3289409)|HEAP_ALLOCATE|[61]|Bytes:8
16:08:25.0 (3308084)|HEAP_ALLOCATE|[61]|Bytes:8
16:08:25.0 (3316749)|VARIABLE_SCOPE_BEGIN|[4]|this|System.Type|true|false
16:08:25.0 (3364650)|VARIABLE_ASSIGNMENT|[4]|this|{}|0x494585ba
16:08:25.0 (3372086)|VARIABLE_SCOPE_BEGIN|[4]|apextype|java:common.apex.runtime.ApexObjectType|true|false
16:08:25.0 (3606263)|VARIABLE_ASSIGNMENT|[4]|apextype|"ETLC_ApexBridge_Data"|0x53a4d419
16:08:25.0 (3703459)|HEAP_ALLOCATE|[61]|Bytes:8
16:08:25.0 (3754992)|HEAP_ALLOCATE|[61]|Bytes:24
16:08:25.0 (3773489)|SYSTEM_METHOD_ENTRY|[1]|JSON.JSON()
16:08:25.0 (3777633)|STATEMENT_EXECUTE|[1]
16:08:25.0 (3789541)|SYSTEM_METHOD_EXIT|[1]|JSON
16:08:25.0 (3816189)|METHOD_ENTRY|[61]||System.JSON.deserializeStrict(String, System.Type)
16:08:25.0 (4159563)|METHOD_EXIT|[61]||System.JSON.deserializeStrict(String, System.Type)
16:08:25.0 (4177826)|METHOD_EXIT|[6]|01p50000002CIEo|ETLC_ApexBridge_Data.fromJSON(String)
16:08:25.0 (4234519)|VARIABLE_ASSIGNMENT|[6]|data|{"debug":true,"input":"{\"mode\":\"fetchFollow (9 more) ...","operation":"BFFFollow_Controller"}|0x4949d620
16:08:25.0 (4246370)|STATEMENT_EXECUTE|[7]
16:08:25.0 (4260204)|HEAP_ALLOCATE|[7]|Bytes:6
16:08:25.0 (4355691)|HEAP_ALLOCATE|[7]|Bytes:177
16:08:25.0 (4386967)|HEAP_ALLOCATE|[7]|Bytes:183
16:08:25.0 (4416904)|USER_DEBUG|[7]|DEBUG|data::ETLC_ApexBridge_Data:[debug=true, input={"mode":"fetchFollowedUsers"}, isSuccess=null, messages=null, operation=BFFFollow_Controller, output=null, outputFlag=null, records=null]
16:08:25.0 (4433823)|STATEMENT_EXECUTE|[8]
16:08:25.0 (4515107)|VARIABLE_ASSIGNMENT|[EXTERNAL]|this|{"debug":true,"input":"{\"mode\":\"fetchFollow (9 more) ...","operation":"BFFFollow_Controller"}|0x4949d620
16:08:25.0 (4545117)|METHOD_ENTRY|[8]||System.Type.forName(String)
16:08:25.0 (4830142)|METHOD_EXIT|[8]||System.Type.forName(String)
16:08:25.0 (4848963)|METHOD_ENTRY|[8]||System.Type.newInstance()
16:08:25.0 (5023572)|STATEMENT_EXECUTE|[1]
16:08:25.0 (5037209)|HEAP_ALLOCATE|[33]|Bytes:5
16:08:25.0 (5049713)|METHOD_EXIT|[1]|BFFFollow_Controller
16:08:25.0 (5055438)|HEAP_ALLOCATE|[33]|Bytes:4
16:08:25.0 (5060491)|VARIABLE_SCOPE_BEGIN|[1]|this|BFFFollow_Controller|true|false
16:08:25.0 (5079375)|VARIABLE_ASSIGNMENT|[1]|this|{}|0x4e7074bf
16:08:25.0 (5088226)|HEAP_ALLOCATE|[33]|Bytes:5
16:08:25.0 (5099007)|HEAP_ALLOCATE|[33]|Bytes:11
16:08:25.0 (5111189)|METHOD_ENTRY|[1]|01p50000002CIEj|ETLC_ApexBridge_Abstract.ETLC_ApexBridge_Abstract()
16:08:25.0 (5114094)|STATEMENT_EXECUTE|[1]
16:08:25.0 (5119765)|STATEMENT_EXECUTE|[1]
16:08:25.0 (5125301)|METHOD_EXIT|[1]|ETLC_ApexBridge_Abstract
16:08:25.0 (5133157)|CONSTRUCTOR_ENTRY|[EXTERNAL]|01p50000002CIEj|<init>()
16:08:25.0 (5139383)|VARIABLE_SCOPE_BEGIN|[1]|this|ETLC_ApexBridge_Abstract|true|false
16:08:25.0 (5155291)|VARIABLE_ASSIGNMENT|[1]|this|{}|0x4e7074bf
16:08:25.0 (5171993)|STATEMENT_EXECUTE|[1]
16:08:25.0 (5177611)|CONSTRUCTOR_EXIT|[EXTERNAL]|01p50000002CIEj|<init>()
16:08:25.0 (5187285)|STATEMENT_EXECUTE|[1]
16:08:25.0 (5195822)|HEAP_ALLOCATE|[33]|Bytes:5
16:08:25.0 (5225447)|METHOD_EXIT|[8]||System.Type.newInstance()
16:08:25.0 (5235444)|VARIABLE_SCOPE_BEGIN|[8]|executor|ETLC_ApexBridge_Abstract|true|false
16:08:25.0 (5253315)|VARIABLE_ASSIGNMENT|[8]|executor|{}|0x4e7074bf
16:08:25.0 (5261682)|STATEMENT_EXECUTE|[9]
16:08:25.0 (5296154)|METHOD_ENTRY|[9]|01p50000002D8iw|BFFFollow_Controller.process(ETLC_ApexBridge_Data)
16:08:25.0 (5314101)|VARIABLE_SCOPE_BEGIN|[3]|this|BFFFollow_Controller|true|false
16:08:25.0 (5334215)|VARIABLE_ASSIGNMENT|[3]|this|{}|0x4e7074bf
16:08:25.0 (5339569)|VARIABLE_SCOPE_BEGIN|[3]|data|ETLC_ApexBridge_Data|true|false
16:08:25.0 (5383479)|VARIABLE_ASSIGNMENT|[3]|data|{"debug":true,"input":"{\"mode\":\"fetchFollow (9 more) ...","operation":"BFFFollow_Controller"}|0x4949d620
16:08:25.0 (5396659)|HEAP_ALLOCATE|[4]|Bytes:5
16:08:25.0 (5405112)|STATEMENT_EXECUTE|[3]
16:08:25.0 (5413207)|STATEMENT_EXECUTE|[4]
16:08:25.0 (5472472)|VARIABLE_ASSIGNMENT|[EXTERNAL]|this|{"debug":true,"input":"{\"mode\":\"fetchFollow (9 more) ...","operation":"BFFFollow_Controller"}|0x4949d620
16:08:25.0 (5493960)|VARIABLE_ASSIGNMENT|[4]|BFFFollow_Controller.debugFlag|true
16:08:25.0 (5534227)|VARIABLE_ASSIGNMENT|[EXTERNAL]|this|{"debug":true,"input":"{\"mode\":\"fetchFollow (9 more) ...","operation":"BFFFollow_Controller"}|0x4949d620
16:08:25.0 (5551360)|STATEMENT_EXECUTE|[5]
16:08:25.0 (5598435)|USER_DEBUG|[5]|DEBUG|ETLC_ApexBridge_Data:[debug=true, input={"mode":"fetchFollowedUsers"}, isSuccess=null, messages=null, operation=BFFFollow_Controller, output=null, outputFlag=null, records=null]
16:08:25.0 (5611577)|STATEMENT_EXECUTE|[7]
16:08:25.0 (5620564)|HEAP_ALLOCATE|[7]|Bytes:4
16:08:25.0 (5635665)|METHOD_ENTRY|[7]|01p50000002CIEo|ETLC_ApexBridge_Data.getInputValue(String)
16:08:25.0 (5649277)|VARIABLE_SCOPE_BEGIN|[52]|this|ETLC_ApexBridge_Data|true|false
16:08:25.0 (5678067)|VARIABLE_ASSIGNMENT|[52]|this|{"debug":true,"input":"{\"mode\":\"fetchFollow (9 more) ...","operation":"BFFFollow_Controller"}|0x4949d620
16:08:25.0 (5683099)|VARIABLE_SCOPE_BEGIN|[52]|key|String|false|false
16:08:25.0 (5688676)|VARIABLE_ASSIGNMENT|[52]|key|"mode"
16:08:25.0 (5696754)|STATEMENT_EXECUTE|[52]
16:08:25.0 (5699113)|STATEMENT_EXECUTE|[53]
16:08:25.0 (5749857)|VARIABLE_ASSIGNMENT|[EXTERNAL]|this|{"debug":true,"input":"{\"mode\":\"fetchFollow (9 more) ...","operation":"BFFFollow_Controller"}|0x4949d620
16:08:25.0 (5777327)|METHOD_ENTRY|[53]||System.JSON.deserializeUntyped(String)
16:08:25.0 (6005859)|METHOD_EXIT|[53]||System.JSON.deserializeUntyped(String)
16:08:25.0 (6017233)|VARIABLE_SCOPE_BEGIN|[53]|inputMap|Map<String,ANY>|true|false
16:08:25.0 (6042661)|VARIABLE_ASSIGNMENT|[53]|inputMap|{"s":1,"v":{"mode":"fetchFollowedUsers"}}|0xc7d4dd5
16:08:25.0 (6049626)|STATEMENT_EXECUTE|[54]
16:08:25.0 (6102435)|METHOD_EXIT|[7]|01p50000002CIEo|ETLC_ApexBridge_Data.getInputValue(String)
16:08:25.0 (6111499)|VARIABLE_SCOPE_BEGIN|[7]|mode|String|false|false
16:08:25.0 (6119222)|VARIABLE_ASSIGNMENT|[7]|mode|"fetchFollowedUsers"
16:08:25.0 (6123982)|HEAP_ALLOCATE|[9]|Bytes:18
16:08:25.0 (6150441)|STATEMENT_EXECUTE|[9]
16:08:25.0 (6153461)|STATEMENT_EXECUTE|[10]
16:08:25.0 (6215960)|HEAP_ALLOCATE|[10]|Bytes:85
16:08:25.0 (6238004)|SYSTEM_METHOD_ENTRY|[1]|UserInfo.UserInfo()
16:08:25.0 (6243054)|STATEMENT_EXECUTE|[1]
16:08:25.0 (6257168)|SYSTEM_METHOD_EXIT|[1]|UserInfo
16:08:25.0 (6274148)|METHOD_ENTRY|[10]||System.UserInfo.getUserId()
16:08:25.0 (6312296)|METHOD_EXIT|[10]||System.UserInfo.getUserId()
16:08:25.0 (6328659)|HEAP_ALLOCATE|[10]|Bytes:4
16:08:25.0 (6341356)|METHOD_ENTRY|[10]|01p50000002D8iw|BFFFollow_Controller.fetchFollowedUsers(Id)
16:08:25.0 (6346968)|VARIABLE_SCOPE_BEGIN|[20]|this|BFFFollow_Controller|true|false
16:08:25.0 (6364285)|VARIABLE_ASSIGNMENT|[20]|this|{}|0x4e7074bf
16:08:25.0 (6367334)|VARIABLE_SCOPE_BEGIN|[20]|followedById|Id|false|false
16:08:25.0 (6441688)|VARIABLE_ASSIGNMENT|[20]|followedById|"00550000005cg71AAA"
16:08:25.0 (6454993)|HEAP_ALLOCATE|[21]|Bytes:5
16:08:25.0 (6462629)|STATEMENT_EXECUTE|[20]
16:08:25.0 (6465063)|STATEMENT_EXECUTE|[21]
16:08:25.0 (6475335)|HEAP_ALLOCATE|[21]|Bytes:63
16:08:25.0 (6528380)|HEAP_ALLOCATE|[21]|Bytes:18
16:08:25.0 (6545396)|HEAP_ALLOCATE|[21]|Bytes:9
16:08:25.0 (6555562)|HEAP_ALLOCATE|[21]|Bytes:90
16:08:25.0 (6561400)|VARIABLE_SCOPE_BEGIN|[21]|soql|String|false|false
16:08:25.0 (6576000)|VARIABLE_ASSIGNMENT|[21]|soql|"SELECT FollowedUsers (70 more) ..."
16:08:25.0 (6585225)|STATEMENT_EXECUTE|[22]
16:08:25.0 (6589234)|STATEMENT_EXECUTE|[22]
16:08:25.0 (6597509)|STATEMENT_EXECUTE|[23]
16:08:25.0 (6601245)|STATEMENT_EXECUTE|[23]
16:08:25.0 (6613013)|HEAP_ALLOCATE|[23]|Bytes:24
16:08:25.0 (6622501)|HEAP_ALLOCATE|[23]|Bytes:114
16:08:25.0 (6654212)|USER_DEBUG|[23]|DEBUG|fetchFollowedUsers:soql:SELECT FollowedUsers__c FROM BFFFollow__c WHERE FollowedBy__c='00550000005cg71AAA' limit 1
16:08:25.0 (6667538)|STATEMENT_EXECUTE|[24]
16:08:25.0 (6767775)|HEAP_ALLOCATE|[24]|Bytes:9
16:08:25.0 (6774581)|HEAP_ALLOCATE|[24]|Bytes:29
16:08:25.0 (6777381)|HEAP_ALLOCATE|[24]|Bytes:21
16:08:25.0 (6789266)|METHOD_ENTRY|[7]|01p50000002CIEt|ETLC_SecuredDB.ETLC_SecuredDB()
16:08:25.0 (6792351)|STATEMENT_EXECUTE|[7]
16:08:25.0 (6798390)|STATEMENT_EXECUTE|[7]
16:08:25.0 (6805748)|HEAP_ALLOCATE|[24]|Bytes:5
16:08:25.0 (6815710)|METHOD_EXIT|[7]|ETLC_SecuredDB
16:08:25.0 (6828240)|METHOD_ENTRY|[24]|01p50000002CIEt|ETLC_SecuredDB.query(String)
16:08:25.0 (6846112)|VARIABLE_SCOPE_BEGIN|[10]|SOQL|String|false|false
16:08:25.0 (6858218)|VARIABLE_ASSIGNMENT|[10]|SOQL|"SELECT FollowedUsers (70 more) ..."
16:08:25.0 (6870683)|HEAP_ALLOCATE|[12]|Bytes:5
16:08:25.0 (6881775)|STATEMENT_EXECUTE|[10]
16:08:25.0 (6886042)|STATEMENT_EXECUTE|[12]
16:08:25.0 (7328453)|SOQL_EXECUTE_BEGIN|[12]|Aggregations:0|SELECT FollowedUsers__c FROM BFFFollow__c WHERE FollowedBy__c='00550000005cg71AAA' limit 1
16:08:25.0 (11513149)|SOQL_EXECUTE_END|[12]|Rows:1
16:08:25.0 (11542285)|HEAP_ALLOCATE|[12]|Bytes:8
16:08:25.0 (11553811)|HEAP_ALLOCATE|[12]|Bytes:111
16:08:25.0 (11649271)|HEAP_ALLOCATE|[12]|Bytes:8
16:08:25.0 (11690376)|VARIABLE_SCOPE_BEGIN|[12]|dbRecords|List<SObject>|true|false
16:08:25.0 (11737047)|VARIABLE_ASSIGNMENT|[12]|dbRecords|{"s":1,"v":[{"s":2,"v":{"FollowedUsers__c":"[{\"id\":\"00550000005c (38 more) ...","Id":"a005000000ezW4dAAE"}}]}|0x63dcf71a
16:08:25.0 (11746113)|STATEMENT_EXECUTE|[20]
16:08:25.0 (11834008)|HEAP_ALLOCATE|[20]|Bytes:12
16:08:25.0 (11841285)|HEAP_ALLOCATE|[20]|Bytes:8
16:08:25.0 (11874049)|HEAP_ALLOCATE|[20]|Bytes:12
16:08:25.0 (11877980)|HEAP_ALLOCATE|[20]|Bytes:9
16:08:25.0 (11889276)|HEAP_ALLOCATE|[20]|Bytes:12
16:08:25.0 (11892330)|HEAP_ALLOCATE|[20]|Bytes:8
16:08:25.0 (11902702)|HEAP_ALLOCATE|[20]|Bytes:12
16:08:25.0 (11905856)|HEAP_ALLOCATE|[20]|Bytes:8
16:08:25.0 (11917989)|HEAP_ALLOCATE|[20]|Bytes:12
16:08:25.0 (11923623)|HEAP_ALLOCATE|[20]|Bytes:9
16:08:25.0 (11957761)|METHOD_ENTRY|[20]|01p50000002CIEt|ETLC_SecuredDB.findFields(List<SObject>)
16:08:25.0 (11987169)|VARIABLE_SCOPE_BEGIN|[108]|dbRecords|List<SObject>|true|false
16:08:25.0 (12007702)|VARIABLE_ASSIGNMENT|[108]|dbRecords|{"s":1,"v":[{"s":2,"v":{"FollowedUsers__c":"[{\"id\":\"00550000005c (38 more) ...","Id":"a005000000ezW4dAAE"}}]}|0x63dcf71a
16:08:25.0 (12020224)|HEAP_ALLOCATE|[109]|Bytes:5
16:08:25.0 (12028500)|STATEMENT_EXECUTE|[108]
16:08:25.0 (12031037)|STATEMENT_EXECUTE|[109]
16:08:25.0 (12040976)|VARIABLE_SCOPE_BEGIN|[109]|strJSON|String|false|false
16:08:25.0 (12047579)|VARIABLE_ASSIGNMENT|[109]|strJSON|null
16:08:25.0 (12050669)|STATEMENT_EXECUTE|[110]
16:08:25.0 (12059138)|VARIABLE_SCOPE_BEGIN|[110]|mapFields|Map<String,Set<String>>|true|false
16:08:25.0 (12064428)|VARIABLE_ASSIGNMENT|[110]|mapFields|null|
16:08:25.0 (12067331)|STATEMENT_EXECUTE|[112]
16:08:25.0 (12083397)|METHOD_ENTRY|[112]||System.JSON.serialize(Object)
16:08:25.0 (12555630)|METHOD_EXIT|[112]||System.JSON.serialize(Object)
16:08:25.0 (12571644)|VARIABLE_ASSIGNMENT|[112]|strJSON|"[{\"attributes\":{\"typ (204 more) ..."
16:08:25.0 (12578049)|STATEMENT_EXECUTE|[113]
16:08:25.0 (12588098)|HEAP_ALLOCATE|[113]|Bytes:5
16:08:25.0 (12601057)|HEAP_ALLOCATE|[113]|Bytes:229
16:08:25.0 (12636503)|USER_DEBUG|[113]|DEBUG|JSON:[{"attributes":{"type":"BFFFollow__c","url":"/services/data/v37.0/sobjects/BFFFollow__c/a005000000ezW4dAAE"},"FollowedUsers__c":"[{\"id\":\"00550000005cg71AAA\",\"name\":\"Jaswinder Rattanpal\"}]","Id":"a005000000ezW4dAAE"}]
16:08:25.0 (12648138)|STATEMENT_EXECUTE|[114]
16:08:25.0 (12658135)|HEAP_ALLOCATE|[114]|Bytes:4
16:08:25.0 (12683176)|VARIABLE_ASSIGNMENT|[114]|mapFields|{"s":1,"v":{}}|0x2b837a9a
16:08:25.0 (12688735)|STATEMENT_EXECUTE|[115]
16:08:25.0 (12704190)|METHOD_ENTRY|[115]||System.JSON.deserializeUntyped(String)
16:08:25.0 (13079213)|METHOD_EXIT|[115]||System.JSON.deserializeUntyped(String)
16:08:25.0 (13090382)|VARIABLE_SCOPE_BEGIN|[115]|records|List<ANY>|true|false
16:08:25.0 (13118429)|HEAP_ALLOCATE|[EXTERNAL]|Bytes:8
16:08:25.0 (13142451)|VARIABLE_ASSIGNMENT|[115]|records|{"s":1,"v":[{"s":2,"v":{"attributes":{"s":3,"v":{"type":"BFFFollow__c","url":"/services/data/v37.0 (41 more) ..."}},"FollowedUsers__c":"[{\"id\":\"00550000005c (38 more) ...","Id":"a005000000ezW4dAAE"}}]}|0x2f633cd7
16:08:25.0 (13190797)|HEAP_ALLOCATE|[116]|Bytes:5
16:08:25.0 (13211088)|HEAP_ALLOCATE|[116]|Bytes:16
16:08:25.0 (13222975)|VARIABLE_SCOPE_BEGIN|[116]|record|Object|false|false
16:08:25.0 (13248886)|VARIABLE_ASSIGNMENT|[116]|record|{"s":1,"v":{"attributes":{"s":2,"v":{"type":"BFFFollow__c","url":"/services/data/v37.0 (41 more) ..."}},"FollowedUsers__c":"[{\"id\":\"00550000005c (38 more) ...","Id":"a005000000ezW4dAAE"}}
16:08:25.0 (13257123)|STATEMENT_EXECUTE|[116]
16:08:25.0 (13260014)|STATEMENT_EXECUTE|[117]
16:08:25.0 (13282809)|METHOD_ENTRY|[117]|01p50000002CIEt|ETLC_SecuredDB.findFieldsRecursive(Map<String,Set<String>>, Map<String,ANY>)
16:08:25.0 (13298982)|VARIABLE_SCOPE_BEGIN|[124]|mapFields|Map<String,Set<String>>|true|false
16:08:25.0 (13310914)|VARIABLE_ASSIGNMENT|[124]|mapFields|{"s":1,"v":{}}|0x2b837a9a
16:08:25.0 (13313981)|VARIABLE_SCOPE_BEGIN|[124]|record|Map<String,ANY>|true|false
16:08:25.0 (13326474)|VARIABLE_ASSIGNMENT|[124]|record|{"s":1,"v":{"attributes":{"s":2,"v":{"type":"BFFFollow__c","url":"/services/data/v37.0 (41 more) ..."}},"FollowedUsers__c":"[{\"id\":\"00550000005c (38 more) ...","Id":"a005000000ezW4dAAE"}}|0x3754976e
16:08:25.0 (13336521)|HEAP_ALLOCATE|[125]|Bytes:5
16:08:25.0 (13343684)|STATEMENT_EXECUTE|[124]
16:08:25.0 (13346196)|STATEMENT_EXECUTE|[125]
16:08:25.0 (13353358)|HEAP_ALLOCATE|[125]|Bytes:10
16:08:25.0 (13358486)|VARIABLE_SCOPE_BEGIN|[125]|strAttributes|String|false|false
16:08:25.0 (13365228)|VARIABLE_ASSIGNMENT|[125]|strAttributes|"attributes"
16:08:25.0 (13368719)|STATEMENT_EXECUTE|[126]
16:08:25.0 (13375064)|HEAP_ALLOCATE|[126]|Bytes:7
16:08:25.0 (13378956)|VARIABLE_SCOPE_BEGIN|[126]|strRecord|String|false|false
16:08:25.0 (13384451)|VARIABLE_ASSIGNMENT|[126]|strRecord|"records"
16:08:25.0 (13422184)|STATEMENT_EXECUTE|[127]
16:08:25.0 (13425440)|STATEMENT_EXECUTE|[128]
16:08:25.0 (13464698)|VARIABLE_SCOPE_BEGIN|[128]|attributes|Map<String,ANY>|true|false
16:08:25.0 (13482268)|VARIABLE_ASSIGNMENT|[128]|attributes|{"s":1,"v":{"type":"BFFFollow__c","url":"/services/data/v37.0 (41 more) ..."}}|0x4ccbde32
16:08:25.0 (13488299)|STATEMENT_EXECUTE|[129]
16:08:25.0 (13496618)|HEAP_ALLOCATE|[129]|Bytes:4
16:08:25.0 (13530148)|VARIABLE_SCOPE_BEGIN|[129]|objectName|String|false|false
16:08:25.0 (13538618)|VARIABLE_ASSIGNMENT|[129]|objectName|"BFFFollow__c"
16:08:25.0 (13546821)|HEAP_ALLOCATE|[130]|Bytes:4
16:08:25.0 (13608414)|HEAP_ALLOCATE|[130]|Bytes:44
16:08:25.0 (13626351)|HEAP_ALLOCATE|[130]|Bytes:12
16:08:25.0 (13650542)|HEAP_ALLOCATE|[130]|Bytes:5
16:08:25.0 (13664178)|VARIABLE_SCOPE_BEGIN|[130]|fieldName|String|false|false
16:08:25.0 (13672430)|VARIABLE_ASSIGNMENT|[130]|fieldName|"attributes"
16:08:25.0 (13678210)|STATEMENT_EXECUTE|[130]
16:08:25.0 (13680479)|STATEMENT_EXECUTE|[131]
16:08:25.0 (13723487)|VARIABLE_SCOPE_BEGIN|[131]|field|Object|false|false
16:08:25.0 (13745004)|VARIABLE_ASSIGNMENT|[131]|field|{"s":1,"v":{"type":"BFFFollow__c","url":"/services/data/v37.0 (41 more) ..."}}
16:08:25.0 (13774415)|STATEMENT_EXECUTE|[132]
16:08:25.0 (13793153)|HEAP_ALLOCATE|[130]|Bytes:5
16:08:25.0 (13806626)|VARIABLE_SCOPE_BEGIN|[130]|fieldName|String|false|false
16:08:25.0 (13814372)|VARIABLE_ASSIGNMENT|[130]|fieldName|"FollowedUsers__c"
16:08:25.0 (13819158)|STATEMENT_EXECUTE|[130]
16:08:25.0 (13821193)|STATEMENT_EXECUTE|[131]
16:08:25.0 (13842342)|VARIABLE_SCOPE_BEGIN|[131]|field|Object|false|false
16:08:25.0 (13853744)|VARIABLE_ASSIGNMENT|[131]|field|"[{\"id\":\"00550000005c (38 more) ..."
16:08:25.0 (13866480)|HEAP_ALLOCATE|[134]|Bytes:68
16:08:25.0 (13890726)|STATEMENT_EXECUTE|[136]
16:08:25.0 (13893892)|STATEMENT_EXECUTE|[137]
16:08:25.0 (13904326)|HEAP_ALLOCATE|[137]|Bytes:4
16:08:25.0 (13940580)|VARIABLE_SCOPE_BEGIN|[137]|fieldNames|Set<String>|true|false
16:08:25.0 (13961091)|VARIABLE_ASSIGNMENT|[137]|fieldNames|{"s":1,"v":[]}|0x7cac2a9b
16:08:25.0 (13999652)|STATEMENT_EXECUTE|[138]
16:08:25.0 (14007396)|STATEMENT_EXECUTE|[139]
16:08:25.0 (14039567)|HEAP_ALLOCATE|[EXTERNAL]|Bytes:4
16:08:25.0 (14050501)|STATEMENT_EXECUTE|[140]
16:08:25.0 (14086074)|HEAP_ALLOCATE|[EXTERNAL]|Bytes:-4
16:08:25.0 (14102927)|HEAP_ALLOCATE|[130]|Bytes:5
16:08:25.0 (14115795)|VARIABLE_SCOPE_BEGIN|[130]|fieldName|String|false|false
16:08:25.0 (14123421)|VARIABLE_ASSIGNMENT|[130]|fieldName|"Id"
16:08:25.0 (14128772)|STATEMENT_EXECUTE|[130]
16:08:25.0 (14130995)|STATEMENT_EXECUTE|[131]
16:08:25.0 (14153082)|VARIABLE_SCOPE_BEGIN|[131]|field|Object|false|false
16:08:25.0 (14162156)|VARIABLE_ASSIGNMENT|[131]|field|"a005000000ezW4dAAE"
16:08:25.0 (14181780)|STATEMENT_EXECUTE|[136]
16:08:25.0 (14184458)|STATEMENT_EXECUTE|[137]
16:08:25.0 (14192936)|HEAP_ALLOCATE|[137]|Bytes:4
16:08:25.0 (14205045)|VARIABLE_SCOPE_BEGIN|[137]|fieldNames|Set<String>|true|false
16:08:25.0 (14220400)|VARIABLE_ASSIGNMENT|[137]|fieldNames|{"s":1,"v":[]}|0x4a9f245d
16:08:25.0 (14237108)|STATEMENT_EXECUTE|[138]
16:08:25.0 (14264669)|VARIABLE_ASSIGNMENT|[138]|fieldNames|{"s":1,"v":["FollowedUsers__c"]}|0x7cac2a9b
16:08:25.0 (14270303)|STATEMENT_EXECUTE|[139]
16:08:25.0 (14282108)|HEAP_ALLOCATE|[EXTERNAL]|Bytes:4
16:08:25.0 (14289438)|STATEMENT_EXECUTE|[140]
16:08:25.0 (14329650)|HEAP_ALLOCATE|[130]|Bytes:5
16:08:25.0 (14342409)|VARIABLE_ASSIGNMENT|[130]|fieldName|null
16:08:25.0 (14353996)|METHOD_EXIT|[117]|01p50000002CIEt|ETLC_SecuredDB.findFieldsRecursive(Map<String,Set<String>>, Map<String,ANY>)
16:08:25.0 (14364670)|HEAP_ALLOCATE|[116]|Bytes:5
16:08:25.0 (14379698)|VARIABLE_ASSIGNMENT|[116]|record|null
16:08:25.0 (14386247)|HEAP_ALLOCATE|[119]|Bytes:4
16:08:25.0 (14419804)|HEAP_ALLOCATE|[119]|Bytes:20
16:08:25.0 (14432981)|HEAP_ALLOCATE|[119]|Bytes:4
16:08:25.0 (14451508)|HEAP_ALLOCATE|[119]|Bytes:5
16:08:25.0 (14464223)|VARIABLE_SCOPE_BEGIN|[119]|objectName|String|false|false
16:08:25.0 (14472224)|VARIABLE_ASSIGNMENT|[119]|objectName|"BFFFollow__c"
16:08:25.0 (14477834)|STATEMENT_EXECUTE|[119]
16:08:25.0 (14480231)|STATEMENT_EXECUTE|[120]
16:08:25.0 (14488729)|HEAP_ALLOCATE|[120]|Bytes:2
16:08:25.0 (14544711)|HEAP_ALLOCATE|[120]|Bytes:22
16:08:25.0 (14559065)|HEAP_ALLOCATE|[120]|Bytes:36
16:08:25.0 (14570259)|USER_DEBUG|[120]|DEBUG|BFFFollow__c: {FollowedUsers__c, Id}
16:08:25.0 (14583346)|HEAP_ALLOCATE|[119]|Bytes:5
16:08:25.0 (14594448)|VARIABLE_ASSIGNMENT|[119]|objectName|null
16:08:25.0 (14600632)|STATEMENT_EXECUTE|[122]
16:08:25.0 (14614363)|METHOD_EXIT|[20]|01p50000002CIEt|ETLC_SecuredDB.findFields(List<SObject>)
16:08:25.0 (14634705)|METHOD_ENTRY|[20]|01p50000002CIEt|ETLC_SecuredDB.validate(ETLC_SecuredDB.Operation, Map<String,Set<String>>)
16:08:25.0 (14643334)|VARIABLE_SCOPE_BEGIN|[55]|op|ETLC_SecuredDB.Operation|true|false
16:08:25.0 (14663726)|VARIABLE_ASSIGNMENT|[55]|op|"Querying"|0x59e33587
16:08:25.0 (14669210)|VARIABLE_SCOPE_BEGIN|[55]|mapFieldNames|Map<String,Set<String>>|true|false
16:08:25.0 (14686162)|VARIABLE_ASSIGNMENT|[55]|mapFieldNames|{"s":1,"v":{"BFFFollow__c":{"s":2,"v":["FollowedUsers__c","Id"]}}}|0x2b837a9a
16:08:25.0 (14695915)|HEAP_ALLOCATE|[56]|Bytes:5
16:08:25.0 (14704317)|STATEMENT_EXECUTE|[55]
16:08:25.0 (14706920)|STATEMENT_EXECUTE|[56]
16:08:25.0 (14715507)|VARIABLE_SCOPE_BEGIN|[56]|securityMessage|String|false|false
16:08:25.0 (14721494)|VARIABLE_ASSIGNMENT|[56]|securityMessage|null
16:08:25.0 (14724462)|STATEMENT_EXECUTE|[57]
16:08:25.0 (25402566)|HEAP_ALLOCATE|[57]|Bytes:1256
16:08:25.0 (25439283)|VARIABLE_SCOPE_BEGIN|[57]|mapObjects|Map<String,Schema.SObjectType>|true|false
16:08:25.0 (25727467)|VARIABLE_ASSIGNMENT|[57]|mapObjects|"{acceptedeventrelation=AcceptedEventRelation, account=Account, accountcontactrole=AccountContactRole, accounthistory=AccountHistory, accountpartner=AccountPartner, accountshare=AccountShare, actionlinkgrouptemplate=ActionLinkGroupTemplate, actionlinktemplate=ActionLinkTemplate, activityhistory=ActivityHistory, additionalnumber=AdditionalNumber, ...}"|0x4bcb4ac7
16:08:25.0 (25740253)|HEAP_ALLOCATE|[58]|Bytes:4
16:08:25.0 (25816444)|HEAP_ALLOCATE|[58]|Bytes:20
16:08:25.0 (25832411)|HEAP_ALLOCATE|[58]|Bytes:4
16:08:25.0 (25855009)|HEAP_ALLOCATE|[58]|Bytes:5
16:08:25.0 (25871955)|VARIABLE_SCOPE_BEGIN|[58]|sObjectName|String|false|false
16:08:25.0 (25883402)|VARIABLE_ASSIGNMENT|[58]|sObjectName|"BFFFollow__c"
16:08:25.0 (25892938)|STATEMENT_EXECUTE|[58]
16:08:25.0 (25896499)|STATEMENT_EXECUTE|[59]
16:08:25.0 (25923414)|HEAP_ALLOCATE|[59]|Bytes:9
16:08:25.0 (25929188)|HEAP_ALLOCATE|[59]|Bytes:7
16:08:25.0 (25986746)|HEAP_ALLOCATE|[59]|Bytes:8
16:08:25.0 (25999511)|HEAP_ALLOCATE|[59]|Bytes:1
16:08:25.0 (26020359)|HEAP_ALLOCATE|[59]|Bytes:37
16:08:25.0 (26036281)|VARIABLE_ASSIGNMENT|[59]|securityMessage|"CRUD on [BFFFollow__ (17 more) ..."
16:08:25.0 (26043343)|STATEMENT_EXECUTE|[60]
16:08:25.0 (26052484)|HEAP_ALLOCATE|[60]|Bytes:10
16:08:25.0 (26060190)|HEAP_ALLOCATE|[60]|Bytes:47
16:08:25.0 (26105461)|USER_DEBUG|[60]|DEBUG|Checking: CRUD on [BFFFollow__c] for [Querying]
16:08:25.0 (26127492)|STATEMENT_EXECUTE|[61]
16:08:25.0 (26347910)|HEAP_ALLOCATE|[61]|Bytes:4
16:08:25.0 (26394638)|VARIABLE_SCOPE_BEGIN|[61]|drSObj|Schema.DescribeSObjectResult|true|false
16:08:25.0 (26466837)|VARIABLE_ASSIGNMENT|[61]|drSObj|"common.api.soap.wsdl.DescribeSObjectResult@a54f9caa"|0x65a03283
16:08:25.0 (26616390)|STATEMENT_EXECUTE|[64]
16:08:25.0 (26636864)|STATEMENT_EXECUTE|[65]
16:08:25.0 (26709583)|STATEMENT_EXECUTE|[77]
16:08:25.0 (26713309)|STATEMENT_EXECUTE|[79]
16:08:25.0 (26959429)|HEAP_ALLOCATE|[79]|Bytes:56
16:08:25.0 (26971215)|VARIABLE_SCOPE_BEGIN|[79]|mapFields|Map<String,Schema.SObjectField>|true|false
16:08:25.0 (27135133)|VARIABLE_ASSIGNMENT|[79]|mapFields|"{createdbyid=CreatedById, createddate=CreatedDate, followedby__c=FollowedBy__c, followedusers__c=FollowedUsers__c, id=Id, isdeleted=IsDeleted, lastmodifiedbyid=LastModifiedById, lastmodifieddate=LastModifiedDate, lastreferenceddate=LastReferencedDate, lastvieweddate=LastViewedDate, ...}"|0x25af7cbd
16:08:25.0 (27146282)|HEAP_ALLOCATE|[80]|Bytes:4
16:08:25.0 (27191163)|HEAP_ALLOCATE|[80]|Bytes:8
16:08:25.0 (27211710)|HEAP_ALLOCATE|[80]|Bytes:5
16:08:25.0 (27237367)|VARIABLE_SCOPE_BEGIN|[80]|fieldName|String|false|false
16:08:25.0 (27247213)|VARIABLE_ASSIGNMENT|[80]|fieldName|"FollowedUsers__c"
16:08:25.0 (27253576)|STATEMENT_EXECUTE|[80]
16:08:25.0 (27256236)|STATEMENT_EXECUTE|[81]
16:08:25.0 (27673614)|HEAP_ALLOCATE|[81]|Bytes:8
16:08:25.0 (27711494)|VARIABLE_SCOPE_BEGIN|[81]|drField|Schema.DescribeFieldResult|true|false
16:08:25.0 (27781725)|VARIABLE_ASSIGNMENT|[81]|drField|"common.api.soap.wsdl.Field@664338fd"|0x2a23cc15
16:08:25.0 (27809352)|STATEMENT_EXECUTE|[82]
16:08:25.0 (27812403)|STATEMENT_EXECUTE|[83]
16:08:25.0 (27821834)|HEAP_ALLOCATE|[83]|Bytes:8
16:08:25.0 (27826317)|HEAP_ALLOCATE|[83]|Bytes:1
16:08:25.0 (27865311)|HEAP_ALLOCATE|[83]|Bytes:8
16:08:25.0 (27885498)|HEAP_ALLOCATE|[83]|Bytes:52
16:08:25.0 (27891960)|HEAP_ALLOCATE|[83]|Bytes:53
16:08:25.0 (27902210)|VARIABLE_ASSIGNMENT|[83]|securityMessage|"FLS on [BFFFollow__c (33 more) ..."
16:08:25.0 (27908316)|STATEMENT_EXECUTE|[84]
16:08:25.0 (27922102)|HEAP_ALLOCATE|[84]|Bytes:63
16:08:25.0 (27952014)|USER_DEBUG|[84]|DEBUG|Checking: FLS on [BFFFollow__c.FollowedUsers__c] for [Querying]
16:08:25.0 (28053653)|STATEMENT_EXECUTE|[87]
16:08:25.0 (28074000)|STATEMENT_EXECUTE|[88]
16:08:25.0 (28093046)|HEAP_ALLOCATE|[80]|Bytes:5
16:08:25.0 (28107227)|VARIABLE_SCOPE_BEGIN|[80]|fieldName|String|false|false
16:08:25.0 (28115541)|VARIABLE_ASSIGNMENT|[80]|fieldName|"Id"
16:08:25.0 (28120510)|STATEMENT_EXECUTE|[80]
16:08:25.0 (28122683)|STATEMENT_EXECUTE|[81]
16:08:25.0 (28275768)|HEAP_ALLOCATE|[81]|Bytes:8
16:08:25.0 (28287581)|VARIABLE_SCOPE_BEGIN|[81]|drField|Schema.DescribeFieldResult|true|false
16:08:25.0 (28346861)|VARIABLE_ASSIGNMENT|[81]|drField|"common.api.soap.wsdl.Field@4da0d916"|0x52b397a2
16:08:25.0 (28363301)|STATEMENT_EXECUTE|[99]
16:08:25.0 (28366386)|STATEMENT_EXECUTE|[100]
16:08:25.0 (28376053)|HEAP_ALLOCATE|[100]|Bytes:22
16:08:25.0 (28418136)|HEAP_ALLOCATE|[100]|Bytes:8
16:08:25.0 (28434018)|HEAP_ALLOCATE|[100]|Bytes:52
16:08:25.0 (28438727)|HEAP_ALLOCATE|[100]|Bytes:35
16:08:25.0 (28443420)|HEAP_ALLOCATE|[100]|Bytes:87
16:08:25.0 (28454623)|USER_DEBUG|[100]|DEBUG|Bypass Check: FLS on [BFFFollow__c.Id] for [Querying] since it's not isPermissionable()
16:08:25.0 (28468872)|HEAP_ALLOCATE|[80]|Bytes:5
16:08:25.0 (28481889)|VARIABLE_ASSIGNMENT|[80]|fieldName|null
16:08:25.0 (28491496)|HEAP_ALLOCATE|[58]|Bytes:5
16:08:25.0 (28500186)|VARIABLE_ASSIGNMENT|[58]|sObjectName|null
16:08:25.0 (28515864)|METHOD_EXIT|[20]|01p50000002CIEt|ETLC_SecuredDB.validate(ETLC_SecuredDB.Operation, Map<String,Set<String>>)
16:08:25.0 (28523924)|STATEMENT_EXECUTE|[21]
16:08:25.0 (28539193)|METHOD_EXIT|[24]|01p50000002CIEt|ETLC_SecuredDB.query(String)
16:08:25.0 (28547554)|VARIABLE_SCOPE_BEGIN|[24]|dbRecords|List<SObject>|true|false
16:08:25.0 (28583063)|VARIABLE_ASSIGNMENT|[24]|dbRecords|{"s":1,"v":[{"s":2,"v":{"FollowedUsers__c":"[{\"id\":\"00550000005c (38 more) ...","Id":"a005000000ezW4dAAE"}}]}|0x63dcf71a
16:08:25.0 (28592476)|STATEMENT_EXECUTE|[25]
16:08:25.0 (28594766)|STATEMENT_EXECUTE|[25]
16:08:25.0 (28665255)|USER_DEBUG|[25]|DEBUG|(BFFFollow__c:{FollowedUsers__c=[{"id":"00550000005cg71AAA","name":"Jaswinder Rattanpal"}], Id=a005000000ezW4dAAE})
16:08:25.0 (28741225)|STATEMENT_EXECUTE|[26]
16:08:25.0 (28747460)|STATEMENT_EXECUTE|[27]
16:08:25.0 (28749342)|STATEMENT_EXECUTE|[28]
16:08:25.0 (28762567)|HEAP_ALLOCATE|[28]|Bytes:18
16:08:25.0 (28774901)|HEAP_ALLOCATE|[28]|Bytes:12
16:08:25.0 (28780596)|HEAP_ALLOCATE|[28]|Bytes:16
16:08:25.0 (28845517)|HEAP_ALLOCATE|[28]|Bytes:58
16:08:25.0 (28867019)|HEAP_ALLOCATE|[28]|Bytes:58
16:08:25.0 (28877863)|HEAP_ALLOCATE|[28]|Bytes:76
16:08:25.0 (28888884)|USER_DEBUG|[28]|DEBUG|FollowedUsers__c::[{"id":"00550000005cg71AAA","name":"Jaswinder Rattanpal"}]
16:08:25.0 (28897698)|STATEMENT_EXECUTE|[30]
16:08:25.0 (28912277)|HEAP_ALLOCATE|[30]|Bytes:12
16:08:25.0 (28969074)|HEAP_ALLOCATE|[30]|Bytes:58
16:08:25.0 (28990261)|METHOD_EXIT|[10]|01p50000002D8iw|BFFFollow_Controller.fetchFollowedUsers(Id)
16:08:25.0 (29058016)|VARIABLE_ASSIGNMENT|[EXTERNAL]|this|{"debug":true,"input":"{\"mode\":\"fetchFollow (9 more) ...","operation":"BFFFollow_Controller"}|0x4949d620
16:08:25.0 (29068221)|VARIABLE_ASSIGNMENT|[EXTERNAL]|value|"[{\"id\":\"00550000005c (38 more) ..."
16:08:25.0 (29082316)|VARIABLE_ASSIGNMENT|[12]|this.output|"[{\"id\":\"00550000005c (38 more) ..."|0x4949d620
16:08:25.0 (29093663)|STATEMENT_EXECUTE|[11]
16:08:25.0 (29151524)|VARIABLE_ASSIGNMENT|[EXTERNAL]|this|{"debug":true,"input":"{\"mode\":\"fetchFollow (9 more) ...","operation":"BFFFollow_Controller","output":"[{\"id\":\"00550000005c (38 more) ..."}|0x4949d620
16:08:25.0 (29200143)|VARIABLE_ASSIGNMENT|[EXTERNAL]|this|{"debug":true,"input":"{\"mode\":\"fetchFollow (9 more) ...","operation":"BFFFollow_Controller","output":"[{\"id\":\"00550000005c (38 more) ..."}|0x4949d620
16:08:25.0 (29207771)|VARIABLE_ASSIGNMENT|[EXTERNAL]|value|true
16:08:25.0 (29213613)|HEAP_ALLOCATE|[15]|Bytes:5
16:08:25.0 (29221314)|VARIABLE_ASSIGNMENT|[15]|this.outputFlag|true|0x4949d620
16:08:25.0 (29233300)|STATEMENT_EXECUTE|[12]
16:08:25.0 (29236009)|STATEMENT_EXECUTE|[12]
16:08:25.0 (29292582)|USER_DEBUG|[12]|DEBUG|ETLC_ApexBridge_Data:[debug=true, input={"mode":"fetchFollowedUsers"}, isSuccess=null, messages=null, operation=BFFFollow_Controller, output=[{"id":"00550000005cg71AAA","name":"Jaswinder Rattanpal"}], outputFlag=true, records=null]
16:08:25.0 (29310017)|METHOD_EXIT|[9]|01p50000002D8iw|BFFFollow_Controller.process(ETLC_ApexBridge_Data)
16:08:25.0 (29317451)|STATEMENT_EXECUTE|[24]
16:08:25.0 (29337660)|METHOD_ENTRY|[24]|01p50000002CIEo|ETLC_ApexBridge_Data.toJSON()
16:08:25.0 (29352561)|VARIABLE_SCOPE_BEGIN|[57]|this|ETLC_ApexBridge_Data|true|false
16:08:25.0 (29383391)|VARIABLE_ASSIGNMENT|[57]|this|{"debug":true,"input":"{\"mode\":\"fetchFollow (9 more) ...","operation":"BFFFollow_Controller","output":"[{\"id\":\"00550000005c (38 more) ...","outputFlag":true}|0x4949d620
16:08:25.0 (29391863)|STATEMENT_EXECUTE|[57]
16:08:25.0 (29394343)|STATEMENT_EXECUTE|[58]
16:08:25.0 (29411469)|METHOD_ENTRY|[58]||System.JSON.serialize(Object)
16:08:25.0 (29505928)|STATEMENT_EXECUTE|[22]
16:08:25.0 (29510986)|STATEMENT_EXECUTE|[23]
16:08:25.0 (29520076)|HEAP_ALLOCATE|[23]|Bytes:5
16:08:25.0 (29529840)|VARIABLE_ASSIGNMENT|[23]|this.isSuccess|true|0x4949d620
16:08:25.0 (29533907)|STATEMENT_EXECUTE|[24]
16:08:25.0 (29572174)|STATEMENT_EXECUTE|[31]
16:08:25.0 (29576434)|STATEMENT_EXECUTE|[32]
16:08:25.0 (29672224)|HEAP_ALLOCATE|[32]|Bytes:4
16:08:25.0 (29734277)|VARIABLE_ASSIGNMENT|[32]|this.messages|{"s":1,"v":{}}|0x4949d620
16:08:25.0 (29740826)|STATEMENT_EXECUTE|[33]
16:08:25.0 (30084084)|METHOD_EXIT|[58]||System.JSON.serialize(Object)
16:08:25.0 (30092350)|METHOD_EXIT|[24]|01p50000002CIEo|ETLC_ApexBridge_Data.toJSON()
16:08:25.0 (30103301)|SYSTEM_MODE_EXIT|false
16:08:25.30 (30152605)|CUMULATIVE_LIMIT_USAGE
16:08:25.30 (30152605)|LIMIT_USAGE_FOR_NS|(default)|
  Number of SOQL queries: 1 out of 100
  Number of query rows: 1 out of 50000
  Number of SOSL queries: 0 out of 20
  Number of DML statements: 0 out of 150
  Number of DML rows: 0 out of 10000
  Maximum CPU time: 0 out of 10000
  Maximum heap size: 0 out of 6000000
  Number of callouts: 0 out of 100
  Number of Email Invocations: 0 out of 10
  Number of future calls: 0 out of 50
  Number of queueable jobs added to the queue: 0 out of 50
  Number of Mobile Apex push calls: 0 out of 10

16:08:25.30 (30152605)|CUMULATIVE_LIMIT_USAGE_END

16:08:25.0 (30203129)|CODE_UNIT_FINISHED|ETLC_ApexBridge_Controller.execute
