37.0 APEX_CODE,FINEST;APEX_PROFILING,INFO;CALLOUT,INFO;DB,INFO;SYSTEM,DEBUG;VALIDATION,INFO;VISUALFORCE,INFO;WORKFLOW,INFO
20:24:55.0 (77151)|USER_INFO|[EXTERNAL]|00550000005cg71|bfffollow@jr.te|Eastern Standard Time|GMT-04:00
20:24:55.0 (120654)|EXECUTION_STARTED
20:24:55.0 (125309)|CODE_UNIT_STARTED|[EXTERNAL]|aura
20:24:55.0 (799566)|HEAP_ALLOCATE|[72]|Bytes:3
20:24:55.0 (832173)|HEAP_ALLOCATE|[77]|Bytes:152
20:24:55.0 (846154)|HEAP_ALLOCATE|[342]|Bytes:408
20:24:55.0 (863769)|HEAP_ALLOCATE|[355]|Bytes:408
20:24:55.0 (880648)|HEAP_ALLOCATE|[467]|Bytes:48
20:24:55.0 (904602)|HEAP_ALLOCATE|[139]|Bytes:6
20:24:55.0 (925476)|HEAP_ALLOCATE|[EXTERNAL]|Bytes:4
20:24:55.0 (945423)|HEAP_ALLOCATE|[EXTERNAL]|Bytes:4
20:24:55.0 (1033939)|HEAP_ALLOCATE|[EXTERNAL]|Bytes:4
20:24:55.0 (1045569)|HEAP_ALLOCATE|[EXTERNAL]|Bytes:4
20:24:55.0 (1963331)|CODE_UNIT_STARTED|[EXTERNAL]|01p50000002D2uA|LookupSObjectController.lookup
20:24:55.0 (2114429)|HEAP_ALLOCATE|[EXTERNAL]|Bytes:6
20:24:55.0 (2121820)|HEAP_ALLOCATE|[EXTERNAL]|Bytes:2
20:24:55.0 (2139324)|METHOD_ENTRY|[11]|01p50000002D2uA|LookupSObjectController.LookupSObjectController()
20:24:55.0 (2144486)|STATEMENT_EXECUTE|[11]
20:24:55.0 (2153212)|STATEMENT_EXECUTE|[11]
20:24:55.0 (2190907)|HEAP_ALLOCATE|[50]|Bytes:5
20:24:55.0 (2212052)|HEAP_ALLOCATE|[56]|Bytes:5
20:24:55.0 (2220699)|HEAP_ALLOCATE|[64]|Bytes:7
20:24:55.0 (2239728)|SYSTEM_MODE_ENTER|false
20:24:55.0 (2250807)|HEAP_ALLOCATE|[EXTERNAL]|Bytes:5
20:24:55.0 (2254671)|STATEMENT_EXECUTE|[43]
20:24:55.0 (2258533)|SYSTEM_MODE_EXIT|false
20:24:55.0 (2268101)|METHOD_EXIT|[11]|LookupSObjectController
20:24:55.0 (2272971)|HEAP_ALLOCATE|[EXTERNAL]|Bytes:4
20:24:55.0 (2274837)|HEAP_ALLOCATE|[EXTERNAL]|Bytes:4
20:24:55.0 (2279504)|SYSTEM_MODE_ENTER|false
20:24:55.0 (2289137)|VARIABLE_SCOPE_BEGIN|[17]|searchString|String|false|false
20:24:55.0 (2328968)|VARIABLE_ASSIGNMENT|[17]|searchString|"Test"
20:24:55.0 (2334345)|VARIABLE_SCOPE_BEGIN|[17]|sObjectAPIName|String|false|false
20:24:55.0 (2338730)|VARIABLE_ASSIGNMENT|[17]|sObjectAPIName|"User"
20:24:55.0 (2353108)|HEAP_ALLOCATE|[20]|Bytes:5
20:24:55.0 (2357262)|STATEMENT_EXECUTE|[18]
20:24:55.0 (2358536)|STATEMENT_EXECUTE|[20]
20:24:55.0 (2422242)|HEAP_ALLOCATE|[20]|Bytes:4
20:24:55.0 (2437884)|VARIABLE_SCOPE_BEGIN|[20]|sanitizedSearchString|String|false|false
20:24:55.0 (2446081)|VARIABLE_ASSIGNMENT|[20]|sanitizedSearchString|"Test"
20:24:55.0 (2448687)|STATEMENT_EXECUTE|[21]
20:24:55.0 (2477148)|HEAP_ALLOCATE|[21]|Bytes:4
20:24:55.0 (2489333)|VARIABLE_SCOPE_BEGIN|[21]|sanitizedSObjectAPIName|String|false|false
20:24:55.0 (2497101)|VARIABLE_ASSIGNMENT|[21]|sanitizedSObjectAPIName|"User"
20:24:55.0 (2500045)|STATEMENT_EXECUTE|[23]
20:24:55.0 (2508654)|HEAP_ALLOCATE|[23]|Bytes:4
20:24:55.0 (2611514)|VARIABLE_SCOPE_BEGIN|[23]|results|List<LookupSObjectController.Result>|true|false
20:24:55.0 (2624887)|HEAP_ALLOCATE|[EXTERNAL]|Bytes:4
20:24:55.0 (2645820)|VARIABLE_ASSIGNMENT|[23]|results|{"s":1,"v":[]}|0x24994c9d
20:24:55.0 (2649172)|STATEMENT_EXECUTE|[26]
20:24:55.0 (2657344)|HEAP_ALLOCATE|[26]|Bytes:6
20:24:55.0 (2661874)|HEAP_ALLOCATE|[26]|Bytes:27
20:24:55.0 (2664540)|HEAP_ALLOCATE|[26]|Bytes:18
20:24:55.0 (2674355)|HEAP_ALLOCATE|[26]|Bytes:59
20:24:55.0 (2679575)|VARIABLE_SCOPE_BEGIN|[26]|searchQuery|String|false|false
20:24:55.0 (2689629)|VARIABLE_ASSIGNMENT|[26]|searchQuery|"FIND 'Test*' IN ALL  (39 more) ..."
20:24:55.0 (2692227)|STATEMENT_EXECUTE|[29]
20:24:55.0 (4605516)|SOSL_EXECUTE_BEGIN|[29]|FIND 'Test*' IN ALL FIELDS RETURNING User(id,name) Limit 50
20:24:55.0 (36314284)|HEAP_ALLOCATE|[29]|Bytes:4
20:24:55.0 (36385587)|HEAP_ALLOCATE|[29]|Bytes:4
20:24:55.0 (36404834)|HEAP_ALLOCATE|[29]|Bytes:8
20:24:55.0 (36420040)|SOSL_EXECUTE_END|[29]|Rows:1
20:24:55.0 (36480347)|HEAP_ALLOCATE|[29]|Bytes:8
20:24:55.0 (36516519)|VARIABLE_SCOPE_BEGIN|[29]|searchList|List<List<SObject>>|true|false
20:24:55.0 (36580964)|VARIABLE_ASSIGNMENT|[29]|searchList|{"s":1,"v":[{"s":2,"v":[{"s":3,"v":{"Id":"00550000005d7KnAAI","Name":"Test User"}}]}]}|0x1d7c4ddb
20:24:55.0 (36673841)|HEAP_ALLOCATE|[32]|Bytes:8
20:24:55.0 (36978894)|HEAP_ALLOCATE|[32]|Bytes:5
20:24:55.0 (37020035)|HEAP_ALLOCATE|[32]|Bytes:12
20:24:55.0 (37035895)|VARIABLE_SCOPE_BEGIN|[32]|so|SObject|true|false
20:24:55.0 (37052669)|VARIABLE_ASSIGNMENT|[32]|so|{"s":1,"v":{"Id":"00550000005d7KnAAI","Name":"Test User"}}|0x7a0fda2d
20:24:55.0 (37057994)|STATEMENT_EXECUTE|[33]
20:24:55.0 (37064017)|STATEMENT_EXECUTE|[34]
20:24:55.0 (37113558)|HEAP_ALLOCATE|[34]|Bytes:116
20:24:55.0 (37121282)|HEAP_ALLOCATE|[34]|Bytes:8
20:24:55.0 (37144003)|HEAP_ALLOCATE|[34]|Bytes:12
20:24:55.0 (37148401)|HEAP_ALLOCATE|[34]|Bytes:4
20:24:55.0 (37230531)|HEAP_ALLOCATE|[34]|Bytes:9
20:24:55.0 (37296078)|CONSTRUCTOR_ENTRY|[34]|01p50000002D2uA|<init>(String,Id)
20:24:55.0 (37331044)|VARIABLE_SCOPE_BEGIN|[48]|this|LookupSObjectController.Result|true|false
20:24:55.0 (37383573)|VARIABLE_ASSIGNMENT|[48]|this|{}|0xbd349d
20:24:55.0 (37389478)|VARIABLE_SCOPE_BEGIN|[48]|sObjectLabel|String|false|false
20:24:55.0 (37396145)|VARIABLE_ASSIGNMENT|[48]|sObjectLabel|"Test User"
20:24:55.0 (37398713)|VARIABLE_SCOPE_BEGIN|[48]|sObjectId|Id|false|false
20:24:55.0 (37495656)|VARIABLE_ASSIGNMENT|[48]|sObjectId|"00550000005d7KnAAI"
20:24:55.0 (37502331)|STATEMENT_EXECUTE|[43]
20:24:55.0 (37503790)|STATEMENT_EXECUTE|[45]
20:24:55.0 (37510321)|STATEMENT_EXECUTE|[46]
20:24:55.0 (37522223)|HEAP_ALLOCATE|[50]|Bytes:6
20:24:55.0 (37552359)|STATEMENT_EXECUTE|[49]
20:24:55.0 (37554266)|STATEMENT_EXECUTE|[50]
20:24:55.0 (37626509)|VARIABLE_ASSIGNMENT|[EXTERNAL]|this|{}|0xbd349d
20:24:55.0 (37634306)|VARIABLE_ASSIGNMENT|[EXTERNAL]|value|"Test User"
20:24:55.0 (37645882)|VARIABLE_ASSIGNMENT|[45]|this.SObjectLabel|"Test User"|0xbd349d
20:24:55.0 (37653927)|STATEMENT_EXECUTE|[51]
20:24:55.0 (37707967)|VARIABLE_ASSIGNMENT|[EXTERNAL]|this|{"SObjectLabel":"Test User"}|0xbd349d
20:24:55.0 (37761178)|VARIABLE_ASSIGNMENT|[EXTERNAL]|value|"00550000005d7KnAAI"
20:24:55.0 (37818119)|VARIABLE_ASSIGNMENT|[46]|this.SObjectId|"00550000005d7KnAAI"|0xbd349d
20:24:55.0 (37835536)|CONSTRUCTOR_EXIT|[34]|01p50000002D2uA|<init>(String,Id)
20:24:55.0 (37854194)|HEAP_ALLOCATE|[EXTERNAL]|Bytes:4
20:24:55.0 (37870570)|HEAP_ALLOCATE|[32]|Bytes:5
20:24:55.0 (37883155)|VARIABLE_ASSIGNMENT|[32]|so|null|
20:24:55.0 (37887117)|STATEMENT_EXECUTE|[37]
20:24:55.0 (37904958)|SYSTEM_MODE_EXIT|false
20:24:55.37 (37952585)|CUMULATIVE_LIMIT_USAGE
20:24:55.37 (37952585)|LIMIT_USAGE_FOR_NS|(default)|
  Number of SOQL queries: 0 out of 100
  Number of query rows: 0 out of 50000
  Number of SOSL queries: 1 out of 20
  Number of DML statements: 0 out of 150
  Number of DML rows: 0 out of 10000
  Maximum CPU time: 0 out of 10000
  Maximum heap size: 0 out of 6000000
  Number of callouts: 0 out of 100
  Number of Email Invocations: 0 out of 10
  Number of future calls: 0 out of 50
  Number of queueable jobs added to the queue: 0 out of 50
  Number of Mobile Apex push calls: 0 out of 10

20:24:55.37 (37952585)|CUMULATIVE_LIMIT_USAGE_END

20:24:55.0 (38000806)|CODE_UNIT_FINISHED|LookupSObjectController.lookup
20:24:55.0 (39209800)|CODE_UNIT_STARTED|[EXTERNAL]|Aura
20:24:55.0 (39243056)|CODE_UNIT_FINISHED|Aura
