37.0 APEX_CODE,FINEST;APEX_PROFILING,INFO;CALLOUT,INFO;DB,INFO;SYSTEM,DEBUG;VALIDATION,INFO;VISUALFORCE,INFO;WORKFLOW,INFO
15:51:03.0 (373234)|USER_INFO|[EXTERNAL]|00550000005cg71|bfffollow@jr.te|Eastern Standard Time|GMT-04:00
15:51:03.0 (784886)|HEAP_ALLOCATE|[72]|Bytes:3
15:51:03.0 (832528)|HEAP_ALLOCATE|[77]|Bytes:152
15:51:03.0 (847080)|HEAP_ALLOCATE|[342]|Bytes:408
15:51:03.0 (862886)|HEAP_ALLOCATE|[355]|Bytes:408
15:51:03.0 (877953)|HEAP_ALLOCATE|[467]|Bytes:48
15:51:03.1 (1838685)|USER_INFO|[EXTERNAL]|00550000005cg71|bfffollow@jr.te|Eastern Standard Time|GMT-04:00
15:51:03.1 (2370999)|STATEMENT_EXECUTE|[1]
15:51:03.1 (2384393)|METHOD_EXIT|[1]|ETLC_ApexBridge_Controller
15:51:03.1 (2389938)|HEAP_ALLOCATE|[EXTERNAL]|Bytes:93
15:51:03.1 (2401835)|SYSTEM_MODE_ENTER|false
15:51:03.1 (2413143)|VARIABLE_SCOPE_BEGIN|[3]|dataJson|String|false|false
15:51:03.1 (2443856)|VARIABLE_ASSIGNMENT|[3]|dataJson|"{\"operation\":\"BFFFol (73 more) ..."
15:51:03.1 (2456932)|STATEMENT_EXECUTE|[3]
15:51:03.1 (2458803)|STATEMENT_EXECUTE|[4]
15:51:03.1 (4237567)|VARIABLE_SCOPE_BEGIN|[4]|data|BFFFollow.ETLC_ApexBridge_Data|true|false
15:51:03.1 (4249310)|VARIABLE_ASSIGNMENT|[4]|data|null|
15:51:03.1 (4252011)|STATEMENT_EXECUTE|[5]
15:51:03.1 (4253345)|STATEMENT_EXECUTE|[5]
15:51:03.1 (4254419)|STATEMENT_EXECUTE|[6]
15:51:03.1 (4270243)|HEAP_ALLOCATE|[6]|Bytes:11
15:51:03.1 (4276216)|HEAP_ALLOCATE|[6]|Bytes:248
15:51:03.1 (4278849)|HEAP_ALLOCATE|[6]|Bytes:39
15:51:03.1 (4316242)|METHOD_ENTRY|[2]|01p50000002CIEo|ETLC_ApexBridge_Data.ETLC_ApexBridge_Data()
15:51:03.1 (4319960)|STATEMENT_EXECUTE|[2]
15:51:03.1 (4323728)|STATEMENT_EXECUTE|[2]
15:51:03.1 (4331276)|METHOD_EXIT|[2]|ETLC_ApexBridge_Data
15:51:03.1 (4360946)|METHOD_ENTRY|[6]|01p50000002CIEo|BFFFollow.ETLC_ApexBridge_Data.fromJSON(String)
15:51:03.1 (4384769)|VARIABLE_SCOPE_BEGIN|[60]|strJson|String|false|false
15:51:03.1 (4395682)|VARIABLE_ASSIGNMENT|[60]|strJson|"{\"operation\":\"BFFFol (73 more) ..."
15:51:03.1 (4400128)|STATEMENT_EXECUTE|[60]
15:51:03.1 (4401568)|STATEMENT_EXECUTE|[61]
15:51:03.1 (4411163)|HEAP_ALLOCATE|[61]|Bytes:30
15:51:03.1 (4431688)|HEAP_ALLOCATE|[50]|Bytes:5
15:51:03.1 (4454807)|HEAP_ALLOCATE|[56]|Bytes:5
15:51:03.1 (4462888)|HEAP_ALLOCATE|[64]|Bytes:7
15:51:03.1 (4557766)|HEAP_ALLOCATE|[61]|Bytes:24
15:51:03.1 (4571499)|SYSTEM_METHOD_ENTRY|[1]|Type.Type()
15:51:03.1 (4574407)|STATEMENT_EXECUTE|[1]
15:51:03.1 (4587175)|SYSTEM_METHOD_EXIT|[1]|Type
15:51:03.1 (4592940)|HEAP_ALLOCATE|[61]|Bytes:8
15:51:03.1 (4619008)|HEAP_ALLOCATE|[61]|Bytes:8
15:51:03.1 (4623787)|VARIABLE_SCOPE_BEGIN|[4]|this|System.Type|true|false
15:51:03.1 (4657267)|VARIABLE_ASSIGNMENT|[4]|this|{}|0x373b74de
15:51:03.1 (4660832)|VARIABLE_SCOPE_BEGIN|[4]|apextype|java:common.apex.runtime.ApexObjectType|true|false
15:51:03.1 (4780192)|VARIABLE_ASSIGNMENT|[4]|apextype|"BFFFollow.ETLC_ApexBridge_Data"|0x3ebb5471
15:51:03.1 (4848881)|HEAP_ALLOCATE|[61]|Bytes:8
15:51:03.1 (4888913)|HEAP_ALLOCATE|[61]|Bytes:24
15:51:03.1 (4902376)|SYSTEM_METHOD_ENTRY|[1]|JSON.JSON()
15:51:03.1 (4905116)|STATEMENT_EXECUTE|[1]
15:51:03.1 (4913731)|SYSTEM_METHOD_EXIT|[1]|JSON
15:51:03.1 (4930879)|METHOD_ENTRY|[61]||System.JSON.deserializeStrict(String, System.Type)
15:51:03.1 (5490548)|METHOD_EXIT|[61]||System.JSON.deserializeStrict(String, System.Type)
15:51:03.1 (5501866)|METHOD_EXIT|[6]|01p50000002CIEo|BFFFollow.ETLC_ApexBridge_Data.fromJSON(String)
15:51:03.1 (5560054)|VARIABLE_ASSIGNMENT|[6]|data|{"debug":true,"input":"{\"mode\":\"fetchFollow (9 more) ...","operation":"BFFFollow_Controller"}|0x1dfb7fef
15:51:03.1 (5565078)|STATEMENT_EXECUTE|[7]
15:51:03.1 (5575752)|HEAP_ALLOCATE|[7]|Bytes:6
15:51:03.1 (5604120)|ENTERING_MANAGED_PKG|
15:51:03.1 (5657953)|HEAP_ALLOCATE|[7]|Bytes:177
15:51:03.1 (5678261)|HEAP_ALLOCATE|[7]|Bytes:183
15:51:03.1 (5697407)|ENTERING_MANAGED_PKG|
15:51:03.1 (5706310)|USER_DEBUG|[7]|DEBUG|data::ETLC_ApexBridge_Data:[debug=true, input={"mode":"fetchFollowedUsers"}, isSuccess=null, messages=null, operation=BFFFollow_Controller, output=null, outputFlag=null, records=null]
15:51:03.1 (5714084)|STATEMENT_EXECUTE|[8]
15:51:03.1 (5770714)|VARIABLE_ASSIGNMENT|[EXTERNAL]|this|{"debug":true,"input":"{\"mode\":\"fetchFollow (9 more) ...","operation":"BFFFollow_Controller"}|0x1dfb7fef
15:51:03.1 (5789917)|METHOD_ENTRY|[8]||System.Type.forName(String)
15:51:03.1 (7665043)|METHOD_EXIT|[8]||System.Type.forName(String)
15:51:03.1 (7683511)|METHOD_ENTRY|[8]||System.Type.newInstance()
15:51:03.1 (9337233)|STATEMENT_EXECUTE|[1]
15:51:03.1 (9349763)|HEAP_ALLOCATE|[33]|Bytes:5
15:51:03.1 (9365448)|METHOD_EXIT|[1]|BFFFollow_Controller
15:51:03.1 (9381397)|HEAP_ALLOCATE|[33]|Bytes:4
15:51:03.1 (9389965)|VARIABLE_SCOPE_BEGIN|[1]|this|BFFFollow.BFFFollow_Controller|true|false
15:51:03.1 (9407216)|VARIABLE_ASSIGNMENT|[1]|this|{}|0x4f44c9e3
15:51:03.1 (9415711)|HEAP_ALLOCATE|[33]|Bytes:5
15:51:03.1 (9424024)|HEAP_ALLOCATE|[33]|Bytes:11
15:51:03.1 (9444727)|METHOD_ENTRY|[1]|01p50000002CIEj|ETLC_ApexBridge_Abstract.ETLC_ApexBridge_Abstract()
15:51:03.1 (9448258)|STATEMENT_EXECUTE|[1]
15:51:03.1 (9452077)|STATEMENT_EXECUTE|[1]
15:51:03.1 (9458586)|METHOD_EXIT|[1]|ETLC_ApexBridge_Abstract
15:51:03.1 (9469323)|CONSTRUCTOR_ENTRY|[EXTERNAL]|01p50000002CIEj|<init>()
15:51:03.1 (9487361)|VARIABLE_SCOPE_BEGIN|[1]|this|BFFFollow.ETLC_ApexBridge_Abstract|true|false
15:51:03.1 (9503119)|VARIABLE_ASSIGNMENT|[1]|this|{}|0x4f44c9e3
15:51:03.1 (9517006)|STATEMENT_EXECUTE|[1]
15:51:03.1 (9525052)|CONSTRUCTOR_EXIT|[EXTERNAL]|01p50000002CIEj|<init>()
15:51:03.1 (9530961)|STATEMENT_EXECUTE|[1]
15:51:03.1 (9535903)|HEAP_ALLOCATE|[33]|Bytes:5
15:51:03.1 (9554187)|METHOD_EXIT|[8]||System.Type.newInstance()
15:51:03.1 (9561579)|VARIABLE_SCOPE_BEGIN|[8]|executor|BFFFollow.ETLC_ApexBridge_Abstract|true|false
15:51:03.1 (9575038)|VARIABLE_ASSIGNMENT|[8]|executor|{}|0x4f44c9e3
15:51:03.1 (9577674)|STATEMENT_EXECUTE|[9]
15:51:03.1 (9616289)|METHOD_ENTRY|[9]|01p50000002D8iw|BFFFollow.BFFFollow_Controller.process(BFFFollow.ETLC_ApexBridge_Data)
15:51:03.1 (9641030)|VARIABLE_SCOPE_BEGIN|[3]|this|BFFFollow.BFFFollow_Controller|true|false
15:51:03.1 (9655067)|VARIABLE_ASSIGNMENT|[3]|this|{}|0x4f44c9e3
15:51:03.1 (9658968)|VARIABLE_SCOPE_BEGIN|[3]|data|BFFFollow.ETLC_ApexBridge_Data|true|false
15:51:03.1 (9684119)|VARIABLE_ASSIGNMENT|[3]|data|{"debug":true,"input":"{\"mode\":\"fetchFollow (9 more) ...","operation":"BFFFollow_Controller"}|0x1dfb7fef
15:51:03.1 (9692761)|HEAP_ALLOCATE|[4]|Bytes:5
15:51:03.1 (9696901)|STATEMENT_EXECUTE|[3]
15:51:03.1 (9698170)|STATEMENT_EXECUTE|[4]
15:51:03.1 (9779961)|VARIABLE_ASSIGNMENT|[EXTERNAL]|this|{"debug":true,"input":"{\"mode\":\"fetchFollow (9 more) ...","operation":"BFFFollow_Controller"}|0x1dfb7fef
15:51:03.1 (9806134)|VARIABLE_ASSIGNMENT|[4]|BFFFollow_Controller.debugFlag|true
15:51:03.1 (9845719)|VARIABLE_ASSIGNMENT|[EXTERNAL]|this|{"debug":true,"input":"{\"mode\":\"fetchFollow (9 more) ...","operation":"BFFFollow_Controller"}|0x1dfb7fef
15:51:03.1 (9858786)|STATEMENT_EXECUTE|[5]
15:51:03.1 (9869014)|HEAP_ALLOCATE|[5]|Bytes:12
15:51:03.1 (9890084)|ENTERING_MANAGED_PKG|
15:51:03.1 (9913261)|HEAP_ALLOCATE|[5]|Bytes:177
15:51:03.1 (9926598)|HEAP_ALLOCATE|[5]|Bytes:189
15:51:03.1 (9939039)|ENTERING_MANAGED_PKG|
15:51:03.1 (9946198)|USER_DEBUG|[5]|DEBUG|data BEFORE:ETLC_ApexBridge_Data:[debug=true, input={"mode":"fetchFollowedUsers"}, isSuccess=null, messages=null, operation=BFFFollow_Controller, output=null, outputFlag=null, records=null]
15:51:03.1 (9953571)|STATEMENT_EXECUTE|[7]
15:51:03.1 (9961602)|HEAP_ALLOCATE|[7]|Bytes:4
15:51:03.1 (9985138)|METHOD_ENTRY|[7]|01p50000002CIEo|BFFFollow.ETLC_ApexBridge_Data.getInputValue(String)
15:51:03.1 (10007145)|VARIABLE_SCOPE_BEGIN|[52]|this|BFFFollow.ETLC_ApexBridge_Data|true|false
15:51:03.1 (10034560)|VARIABLE_ASSIGNMENT|[52]|this|{"debug":true,"input":"{\"mode\":\"fetchFollow (9 more) ...","operation":"BFFFollow_Controller"}|0x1dfb7fef
15:51:03.1 (10040361)|VARIABLE_SCOPE_BEGIN|[52]|key|String|false|false
15:51:03.1 (10044289)|VARIABLE_ASSIGNMENT|[52]|key|"mode"
15:51:03.1 (10048320)|STATEMENT_EXECUTE|[52]
15:51:03.1 (10049744)|STATEMENT_EXECUTE|[53]
15:51:03.1 (10104372)|VARIABLE_ASSIGNMENT|[EXTERNAL]|this|{"debug":true,"input":"{\"mode\":\"fetchFollow (9 more) ...","operation":"BFFFollow_Controller"}|0x1dfb7fef
15:51:03.1 (10122340)|METHOD_ENTRY|[53]||System.JSON.deserializeUntyped(String)
15:51:03.1 (10370813)|METHOD_EXIT|[53]||System.JSON.deserializeUntyped(String)
15:51:03.1 (10383285)|VARIABLE_SCOPE_BEGIN|[53]|inputMap|Map<String,ANY>|true|false
15:51:03.1 (10410382)|VARIABLE_ASSIGNMENT|[53]|inputMap|{"s":1,"v":{"mode":"fetchFollowedUsers"}}|0x20c925cc
15:51:03.1 (10414394)|STATEMENT_EXECUTE|[54]
15:51:03.1 (10438203)|ENTERING_MANAGED_PKG|
15:51:03.1 (10483178)|METHOD_EXIT|[7]|01p50000002CIEo|BFFFollow.ETLC_ApexBridge_Data.getInputValue(String)
15:51:03.1 (10491658)|VARIABLE_SCOPE_BEGIN|[7]|mode|String|false|false
15:51:03.1 (10499416)|VARIABLE_ASSIGNMENT|[7]|mode|"fetchFollowedUsers"
15:51:03.1 (10504479)|HEAP_ALLOCATE|[9]|Bytes:19
15:51:03.1 (10529862)|HEAP_ALLOCATE|[11]|Bytes:18
15:51:03.1 (10542040)|STATEMENT_EXECUTE|[11]
15:51:03.1 (10543583)|STATEMENT_EXECUTE|[12]
15:51:03.1 (10585579)|HEAP_ALLOCATE|[12]|Bytes:85
15:51:03.1 (10600200)|SYSTEM_METHOD_ENTRY|[1]|UserInfo.UserInfo()
15:51:03.1 (10603305)|STATEMENT_EXECUTE|[1]
15:51:03.1 (10612654)|SYSTEM_METHOD_EXIT|[1]|UserInfo
15:51:03.1 (10624221)|METHOD_ENTRY|[12]||System.UserInfo.getUserId()
15:51:03.1 (10658342)|METHOD_EXIT|[12]||System.UserInfo.getUserId()
15:51:03.1 (10671434)|HEAP_ALLOCATE|[12]|Bytes:4
15:51:03.1 (10684983)|METHOD_ENTRY|[12]|01p50000002D8iw|BFFFollow.BFFFollow_Controller.fetchFollowedUsers(Id)
15:51:03.1 (10692585)|VARIABLE_SCOPE_BEGIN|[41]|this|BFFFollow.BFFFollow_Controller|true|false
15:51:03.1 (10707757)|VARIABLE_ASSIGNMENT|[41]|this|{}|0x4f44c9e3
15:51:03.1 (10712258)|VARIABLE_SCOPE_BEGIN|[41]|followedById|Id|false|false
15:51:03.1 (10772855)|VARIABLE_ASSIGNMENT|[41]|followedById|"00550000005cg71AAA"
15:51:03.1 (10783802)|HEAP_ALLOCATE|[42]|Bytes:5
15:51:03.1 (10788105)|STATEMENT_EXECUTE|[41]
15:51:03.1 (10789518)|STATEMENT_EXECUTE|[42]
15:51:03.1 (10798545)|HEAP_ALLOCATE|[42]|Bytes:63
15:51:03.1 (10817715)|ENTERING_MANAGED_PKG|
15:51:03.1 (10840835)|HEAP_ALLOCATE|[42]|Bytes:18
15:51:03.1 (10851642)|HEAP_ALLOCATE|[42]|Bytes:9
15:51:03.1 (10860800)|HEAP_ALLOCATE|[42]|Bytes:90
15:51:03.1 (10864554)|VARIABLE_SCOPE_BEGIN|[42]|soql|String|false|false
15:51:03.1 (10872995)|VARIABLE_ASSIGNMENT|[42]|soql|"SELECT FollowedUsers (70 more) ..."
15:51:03.1 (10875893)|STATEMENT_EXECUTE|[43]
15:51:03.1 (10877253)|STATEMENT_EXECUTE|[43]
15:51:03.1 (10881939)|STATEMENT_EXECUTE|[44]
15:51:03.1 (10882934)|STATEMENT_EXECUTE|[44]
15:51:03.1 (10891226)|HEAP_ALLOCATE|[44]|Bytes:24
15:51:03.1 (10896819)|HEAP_ALLOCATE|[44]|Bytes:114
15:51:03.1 (10911007)|ENTERING_MANAGED_PKG|
15:51:03.1 (10932436)|USER_DEBUG|[44]|DEBUG|fetchFollowedUsers:soql:SELECT FollowedUsers__c FROM BFFFollow__c WHERE FollowedBy__c='00550000005cg71AAA' limit 1
15:51:03.1 (10940285)|STATEMENT_EXECUTE|[45]
15:51:03.1 (13239465)|HEAP_ALLOCATE|[45]|Bytes:9
15:51:03.1 (13247389)|HEAP_ALLOCATE|[45]|Bytes:29
15:51:03.1 (13250311)|HEAP_ALLOCATE|[45]|Bytes:21
15:51:03.1 (13274761)|METHOD_ENTRY|[7]|01p50000002CIEt|ETLC_SecuredDB.ETLC_SecuredDB()
15:51:03.1 (13278933)|STATEMENT_EXECUTE|[7]
15:51:03.1 (13282859)|STATEMENT_EXECUTE|[7]
15:51:03.1 (13289053)|HEAP_ALLOCATE|[45]|Bytes:5
15:51:03.1 (13301390)|METHOD_EXIT|[7]|ETLC_SecuredDB
15:51:03.1 (13327566)|METHOD_ENTRY|[45]|01p50000002CIEt|BFFFollow.ETLC_SecuredDB.query(String)
15:51:03.1 (13348412)|VARIABLE_SCOPE_BEGIN|[10]|SOQL|String|false|false
15:51:03.1 (13357594)|VARIABLE_ASSIGNMENT|[10]|SOQL|"SELECT FollowedUsers (70 more) ..."
15:51:03.1 (13366065)|HEAP_ALLOCATE|[12]|Bytes:5
15:51:03.1 (13370456)|STATEMENT_EXECUTE|[10]
15:51:03.1 (13371848)|STATEMENT_EXECUTE|[12]
15:51:03.1 (13402793)|ENTERING_MANAGED_PKG|
15:51:03.1 (44563630)|SOQL_EXECUTE_BEGIN|[12]|Aggregations:0|SELECT FollowedUsers__c FROM BFFFollow__c WHERE FollowedBy__c='00550000005cg71AAA' limit 1
15:51:03.1 (50083139)|SOQL_EXECUTE_END|[12]|Rows:0
15:51:03.1 (50112875)|HEAP_ALLOCATE|[12]|Bytes:4
15:51:03.1 (50121545)|HEAP_ALLOCATE|[12]|Bytes:0
15:51:03.1 (50204182)|HEAP_ALLOCATE|[12]|Bytes:4
15:51:03.1 (50224998)|VARIABLE_SCOPE_BEGIN|[12]|dbRecords|List<SObject>|true|false
15:51:03.1 (50254456)|VARIABLE_ASSIGNMENT|[12]|dbRecords|{"s":1,"v":[]}|0x77f5e260
15:51:03.1 (50259441)|STATEMENT_EXECUTE|[20]
15:51:03.1 (50563478)|HEAP_ALLOCATE|[20]|Bytes:12
15:51:03.1 (50572241)|HEAP_ALLOCATE|[20]|Bytes:8
15:51:03.1 (50639501)|HEAP_ALLOCATE|[20]|Bytes:12
15:51:03.1 (50644878)|HEAP_ALLOCATE|[20]|Bytes:9
15:51:03.1 (50656677)|HEAP_ALLOCATE|[20]|Bytes:12
15:51:03.1 (50660009)|HEAP_ALLOCATE|[20]|Bytes:8
15:51:03.1 (50669321)|HEAP_ALLOCATE|[20]|Bytes:12
15:51:03.1 (50672374)|HEAP_ALLOCATE|[20]|Bytes:8
15:51:03.1 (50683756)|HEAP_ALLOCATE|[20]|Bytes:12
15:51:03.1 (50686915)|HEAP_ALLOCATE|[20]|Bytes:9
15:51:03.1 (50721204)|METHOD_ENTRY|[20]|01p50000002CIEt|BFFFollow.ETLC_SecuredDB.findFields(List<SObject>)
15:51:03.1 (50752210)|VARIABLE_SCOPE_BEGIN|[108]|dbRecords|List<SObject>|true|false
15:51:03.1 (50765528)|VARIABLE_ASSIGNMENT|[108]|dbRecords|{"s":1,"v":[]}|0x77f5e260
15:51:03.1 (50777511)|HEAP_ALLOCATE|[109]|Bytes:5
15:51:03.1 (50782082)|STATEMENT_EXECUTE|[108]
15:51:03.1 (50783640)|STATEMENT_EXECUTE|[109]
15:51:03.1 (50793508)|VARIABLE_SCOPE_BEGIN|[109]|strJSON|String|false|false
15:51:03.1 (50799374)|VARIABLE_ASSIGNMENT|[109]|strJSON|null
15:51:03.1 (50801161)|STATEMENT_EXECUTE|[110]
15:51:03.1 (50806170)|VARIABLE_SCOPE_BEGIN|[110]|mapFields|Map<String,Set<String>>|true|false
15:51:03.1 (50810407)|VARIABLE_ASSIGNMENT|[110]|mapFields|null|
15:51:03.1 (50812152)|STATEMENT_EXECUTE|[112]
15:51:03.1 (50826737)|METHOD_ENTRY|[112]||System.JSON.serialize(Object)
15:51:03.1 (51140788)|METHOD_EXIT|[112]||System.JSON.serialize(Object)
15:51:03.1 (51153125)|VARIABLE_ASSIGNMENT|[112]|strJSON|"[]"
15:51:03.1 (51156513)|STATEMENT_EXECUTE|[113]
15:51:03.1 (51166196)|HEAP_ALLOCATE|[113]|Bytes:5
15:51:03.1 (51177712)|HEAP_ALLOCATE|[113]|Bytes:7
15:51:03.1 (51197382)|ENTERING_MANAGED_PKG|
15:51:03.1 (51222779)|USER_DEBUG|[113]|DEBUG|JSON:[]
15:51:03.1 (51230749)|STATEMENT_EXECUTE|[114]
15:51:03.1 (51242389)|HEAP_ALLOCATE|[114]|Bytes:4
15:51:03.1 (51267873)|VARIABLE_ASSIGNMENT|[114]|mapFields|{"s":1,"v":{}}|0x4173dd0b
15:51:03.1 (51271198)|STATEMENT_EXECUTE|[115]
15:51:03.1 (51283318)|METHOD_ENTRY|[115]||System.JSON.deserializeUntyped(String)
15:51:03.1 (51394186)|METHOD_EXIT|[115]||System.JSON.deserializeUntyped(String)
15:51:03.1 (51403941)|VARIABLE_SCOPE_BEGIN|[115]|records|List<ANY>|true|false
15:51:03.1 (51422890)|HEAP_ALLOCATE|[EXTERNAL]|Bytes:4
15:51:03.1 (51446167)|VARIABLE_ASSIGNMENT|[115]|records|{"s":1,"v":[]}|0x695890e2
15:51:03.1 (51468209)|ENTERING_MANAGED_PKG|
15:51:03.1 (51501556)|HEAP_ALLOCATE|[116]|Bytes:5
15:51:03.1 (51520559)|VARIABLE_ASSIGNMENT|[116]|record|null
15:51:03.1 (51524660)|STATEMENT_EXECUTE|[116]
15:51:03.1 (51539516)|HEAP_ALLOCATE|[119]|Bytes:4
15:51:03.1 (51559777)|ENTERING_MANAGED_PKG|
15:51:03.1 (51593285)|ENTERING_MANAGED_PKG|
15:51:03.1 (51623773)|HEAP_ALLOCATE|[119]|Bytes:4
15:51:03.1 (51641330)|ENTERING_MANAGED_PKG|
15:51:03.1 (51645008)|HEAP_ALLOCATE|[119]|Bytes:0
15:51:03.1 (51653312)|ENTERING_MANAGED_PKG|
15:51:03.1 (51670492)|HEAP_ALLOCATE|[119]|Bytes:5
15:51:03.1 (51681481)|VARIABLE_ASSIGNMENT|[119]|objectName|null
15:51:03.1 (51685167)|STATEMENT_EXECUTE|[119]
15:51:03.1 (51691823)|STATEMENT_EXECUTE|[122]
15:51:03.1 (51701575)|METHOD_EXIT|[20]|01p50000002CIEt|BFFFollow.ETLC_SecuredDB.findFields(List<SObject>)
15:51:03.1 (51718886)|METHOD_ENTRY|[20]|01p50000002CIEt|BFFFollow.ETLC_SecuredDB.validate(BFFFollow.ETLC_SecuredDB.Operation, Map<String,Set<String>>)
15:51:03.1 (51727273)|VARIABLE_SCOPE_BEGIN|[55]|op|BFFFollow.ETLC_SecuredDB.Operation|true|false
15:51:03.1 (51744415)|VARIABLE_ASSIGNMENT|[55]|op|"Querying"|0x24461401
15:51:03.1 (51748589)|VARIABLE_SCOPE_BEGIN|[55]|mapFieldNames|Map<String,Set<String>>|true|false
15:51:03.1 (51758505)|VARIABLE_ASSIGNMENT|[55]|mapFieldNames|{"s":1,"v":{}}|0x4173dd0b
15:51:03.1 (51766677)|HEAP_ALLOCATE|[56]|Bytes:5
15:51:03.1 (51770837)|STATEMENT_EXECUTE|[55]
15:51:03.1 (51772447)|STATEMENT_EXECUTE|[56]
15:51:03.1 (51780395)|VARIABLE_SCOPE_BEGIN|[56]|securityMessage|String|false|false
15:51:03.1 (51785125)|VARIABLE_ASSIGNMENT|[56]|securityMessage|null
15:51:03.1 (51786843)|STATEMENT_EXECUTE|[57]
15:51:03.1 (51809216)|ENTERING_MANAGED_PKG|
15:51:03.1 (69720160)|HEAP_ALLOCATE|[57]|Bytes:1440
15:51:03.1 (69749267)|VARIABLE_SCOPE_BEGIN|[57]|mapObjects|Map<String,Schema.SObjectType>|true|false
15:51:03.1 (70031083)|VARIABLE_ASSIGNMENT|[57]|mapObjects|"{acceptedeventrelation=AcceptedEventRelation, account=Account, accountcontactrole=AccountContactRole, accountfeed=AccountFeed, accounthistory=AccountHistory, accountpartner=AccountPartner, accountshare=AccountShare, actionlinkgrouptemplate=ActionLinkGroupTemplate, actionlinktemplate=ActionLinkTemplate, activityhistory=ActivityHistory, ...}"|0x7b821e07
15:51:03.1 (70049316)|HEAP_ALLOCATE|[58]|Bytes:4
15:51:03.1 (70080460)|ENTERING_MANAGED_PKG|
15:51:03.1 (70137171)|ENTERING_MANAGED_PKG|
15:51:03.1 (70156853)|HEAP_ALLOCATE|[58]|Bytes:4
15:51:03.1 (70178024)|ENTERING_MANAGED_PKG|
15:51:03.1 (70183628)|HEAP_ALLOCATE|[58]|Bytes:0
15:51:03.1 (70198061)|ENTERING_MANAGED_PKG|
15:51:03.1 (70226610)|HEAP_ALLOCATE|[58]|Bytes:5
15:51:03.1 (70246297)|VARIABLE_ASSIGNMENT|[58]|sObjectName|null
15:51:03.1 (70253361)|STATEMENT_EXECUTE|[58]
15:51:03.1 (70282983)|METHOD_EXIT|[20]|01p50000002CIEt|BFFFollow.ETLC_SecuredDB.validate(BFFFollow.ETLC_SecuredDB.Operation, Map<String,Set<String>>)
15:51:03.1 (70288719)|STATEMENT_EXECUTE|[21]
15:51:03.1 (70304250)|METHOD_EXIT|[45]|01p50000002CIEt|BFFFollow.ETLC_SecuredDB.query(String)
15:51:03.1 (70311123)|VARIABLE_SCOPE_BEGIN|[45]|dbRecords|List<SObject>|true|false
15:51:03.1 (70335970)|VARIABLE_ASSIGNMENT|[45]|dbRecords|{"s":1,"v":[]}|0x77f5e260
15:51:03.1 (70344852)|STATEMENT_EXECUTE|[46]
15:51:03.1 (70347090)|STATEMENT_EXECUTE|[46]
15:51:03.1 (70377423)|ENTERING_MANAGED_PKG|
15:51:03.1 (70410545)|USER_DEBUG|[46]|DEBUG|()
15:51:03.1 (70507313)|ENTERING_MANAGED_PKG|
15:51:03.1 (70538061)|STATEMENT_EXECUTE|[47]
15:51:03.1 (70548109)|STATEMENT_EXECUTE|[56]
15:51:03.1 (70562051)|METHOD_EXIT|[12]|01p50000002D8iw|BFFFollow.BFFFollow_Controller.fetchFollowedUsers(Id)
15:51:03.1 (70656191)|VARIABLE_ASSIGNMENT|[EXTERNAL]|this|{"debug":true,"input":"{\"mode\":\"fetchFollow (9 more) ...","operation":"BFFFollow_Controller"}|0x1dfb7fef
15:51:03.1 (70668227)|VARIABLE_ASSIGNMENT|[EXTERNAL]|value|null
15:51:03.1 (70683566)|VARIABLE_ASSIGNMENT|[12]|this.output|null|0x1dfb7fef
15:51:03.1 (70693486)|STATEMENT_EXECUTE|[13]
15:51:03.1 (70770541)|VARIABLE_ASSIGNMENT|[EXTERNAL]|this|{"debug":true,"input":"{\"mode\":\"fetchFollow (9 more) ...","operation":"BFFFollow_Controller"}|0x1dfb7fef
15:51:03.1 (70841324)|VARIABLE_ASSIGNMENT|[EXTERNAL]|this|{"debug":true,"input":"{\"mode\":\"fetchFollow (9 more) ...","operation":"BFFFollow_Controller"}|0x1dfb7fef
15:51:03.1 (70854791)|VARIABLE_ASSIGNMENT|[EXTERNAL]|value|false
15:51:03.1 (70861965)|HEAP_ALLOCATE|[15]|Bytes:5
15:51:03.1 (70873051)|VARIABLE_ASSIGNMENT|[15]|this.outputFlag|false|0x1dfb7fef
15:51:03.1 (70886378)|STATEMENT_EXECUTE|[21]
15:51:03.1 (70888442)|STATEMENT_EXECUTE|[21]
15:51:03.1 (70901261)|HEAP_ALLOCATE|[21]|Bytes:11
15:51:03.1 (70932732)|ENTERING_MANAGED_PKG|
15:51:03.1 (71002316)|HEAP_ALLOCATE|[21]|Bytes:178
15:51:03.1 (71027545)|HEAP_ALLOCATE|[21]|Bytes:189
15:51:03.1 (71045888)|ENTERING_MANAGED_PKG|
15:51:03.1 (71054985)|USER_DEBUG|[21]|DEBUG|data AFTER:ETLC_ApexBridge_Data:[debug=true, input={"mode":"fetchFollowedUsers"}, isSuccess=null, messages=null, operation=BFFFollow_Controller, output=null, outputFlag=false, records=null]
15:51:03.1 (71074468)|METHOD_EXIT|[9]|01p50000002D8iw|BFFFollow.BFFFollow_Controller.process(BFFFollow.ETLC_ApexBridge_Data)
15:51:03.1 (71080554)|STATEMENT_EXECUTE|[24]
15:51:03.1 (71107641)|METHOD_ENTRY|[24]|01p50000002CIEo|BFFFollow.ETLC_ApexBridge_Data.toJSON()
15:51:03.1 (71133421)|VARIABLE_SCOPE_BEGIN|[57]|this|BFFFollow.ETLC_ApexBridge_Data|true|false
15:51:03.1 (71172622)|VARIABLE_ASSIGNMENT|[57]|this|{"debug":true,"input":"{\"mode\":\"fetchFollow (9 more) ...","operation":"BFFFollow_Controller","outputFlag":false}|0x1dfb7fef
15:51:03.1 (71181160)|STATEMENT_EXECUTE|[57]
15:51:03.1 (71183003)|STATEMENT_EXECUTE|[58]
15:51:03.1 (71202105)|METHOD_ENTRY|[58]||System.JSON.serialize(Object)
15:51:03.1 (71329529)|STATEMENT_EXECUTE|[22]
15:51:03.1 (71335343)|STATEMENT_EXECUTE|[23]
15:51:03.1 (71347862)|HEAP_ALLOCATE|[23]|Bytes:5
15:51:03.1 (71360701)|VARIABLE_ASSIGNMENT|[23]|this.isSuccess|true|0x1dfb7fef
15:51:03.1 (71364902)|STATEMENT_EXECUTE|[24]
15:51:03.1 (71432687)|STATEMENT_EXECUTE|[31]
15:51:03.1 (71438070)|STATEMENT_EXECUTE|[32]
15:51:03.1 (71450387)|HEAP_ALLOCATE|[32]|Bytes:4
15:51:03.1 (71522531)|VARIABLE_ASSIGNMENT|[32]|this.messages|{"s":1,"v":{}}|0x1dfb7fef
15:51:03.1 (71528063)|STATEMENT_EXECUTE|[33]
15:51:03.1 (71917796)|METHOD_EXIT|[58]||System.JSON.serialize(Object)
15:51:03.1 (71927482)|METHOD_EXIT|[24]|01p50000002CIEo|BFFFollow.ETLC_ApexBridge_Data.toJSON()
15:51:03.1 (71940569)|SYSTEM_MODE_EXIT|false
15:51:03.71 (71994138)|CUMULATIVE_LIMIT_USAGE
15:51:03.71 (71994138)|LIMIT_USAGE_FOR_NS|(default)|
  Number of SOQL queries: 0 out of 100
  Number of query rows: 0 out of 50000
  Number of SOSL queries: 0 out of 20
  Number of DML statements: 0 out of 150
  Number of DML rows: 0 out of 10000
  Maximum CPU time: 0 out of 10000
  Maximum heap size: 0 out of 6000000
  Number of callouts: 0 out of 100
  Number of Email Invocations: 0 out of 10
  Number of future calls: 0 out of 50
  Number of queueable jobs added to the queue: 0 out of 50
  Number of Mobile Apex push calls: 0 out of 10

15:51:03.71 (71994138)|LIMIT_USAGE_FOR_NS|BFFFollow|
  Number of SOQL queries: 1 out of 100
  Number of query rows: 0 out of 50000
  Number of SOSL queries: 0 out of 20
  Number of DML statements: 0 out of 150
  Number of DML rows: 0 out of 10000
  Maximum CPU time: 0 out of 10000
  Maximum heap size: 0 out of 6000000
  Number of callouts: 0 out of 100
  Number of Email Invocations: 0 out of 10
  Number of future calls: 0 out of 50
  Number of queueable jobs added to the queue: 0 out of 50
  Number of Mobile Apex push calls: 0 out of 10

15:51:03.71 (71994138)|CUMULATIVE_LIMIT_USAGE_END

15:51:03.1 (72066591)|CODE_UNIT_FINISHED|ETLC_ApexBridge_Controller.execute
