37.0 APEX_CODE,FINEST;APEX_PROFILING,INFO;CALLOUT,INFO;DB,INFO;SYSTEM,DEBUG;VALIDATION,INFO;VISUALFORCE,INFO;WORKFLOW,INFO
23:47:55.0 (678726)|USER_INFO|[EXTERNAL]|00550000005cg71|bfffollow@jr.te|Eastern Standard Time|GMT-04:00
23:47:55.0 (753295)|EXECUTION_STARTED
23:47:55.0 (765214)|CODE_UNIT_STARTED|[EXTERNAL]|aura
23:47:55.0 (1469672)|HEAP_ALLOCATE|[72]|Bytes:3
23:47:55.0 (1555157)|HEAP_ALLOCATE|[77]|Bytes:152
23:47:55.0 (1588878)|HEAP_ALLOCATE|[342]|Bytes:408
23:47:55.0 (1627471)|HEAP_ALLOCATE|[355]|Bytes:408
23:47:55.0 (1664783)|HEAP_ALLOCATE|[467]|Bytes:48
23:47:55.0 (1720394)|HEAP_ALLOCATE|[139]|Bytes:6
23:47:55.0 (1773972)|HEAP_ALLOCATE|[EXTERNAL]|Bytes:93
23:47:55.0 (1807747)|HEAP_ALLOCATE|[EXTERNAL]|Bytes:93
23:47:55.0 (2817972)|CODE_UNIT_STARTED|[EXTERNAL]|01p50000002CIEm|ETLC_ApexBridge_Controller.execute
23:47:55.0 (3925528)|HEAP_ALLOCATE|[EXTERNAL]|Bytes:1
23:47:55.0 (3943518)|HEAP_ALLOCATE|[EXTERNAL]|Bytes:10
23:47:55.0 (3982896)|METHOD_ENTRY|[1]|01p50000002CIEm|ETLC_ApexBridge_Controller.ETLC_ApexBridge_Controller()
23:47:55.0 (3992219)|STATEMENT_EXECUTE|[1]
23:47:55.0 (4000953)|STATEMENT_EXECUTE|[1]
23:47:55.0 (4016874)|METHOD_EXIT|[1]|ETLC_ApexBridge_Controller
23:47:55.0 (4027336)|HEAP_ALLOCATE|[EXTERNAL]|Bytes:93
23:47:55.0 (4047034)|SYSTEM_MODE_ENTER|false
23:47:55.0 (4072635)|VARIABLE_SCOPE_BEGIN|[3]|dataJson|String|false|false
23:47:55.0 (4157499)|VARIABLE_ASSIGNMENT|[3]|dataJson|"{\"operation\":\"BFFFol (73 more) ..."
23:47:55.0 (4184871)|STATEMENT_EXECUTE|[3]
23:47:55.0 (4188854)|STATEMENT_EXECUTE|[4]
23:47:55.0 (8685955)|VARIABLE_SCOPE_BEGIN|[4]|data|ETLC_ApexBridge_Data|true|false
23:47:55.0 (8756631)|VARIABLE_ASSIGNMENT|[4]|data|null|
23:47:55.0 (8770221)|STATEMENT_EXECUTE|[5]
23:47:55.0 (8776422)|STATEMENT_EXECUTE|[5]
23:47:55.0 (8781254)|STATEMENT_EXECUTE|[6]
23:47:55.0 (8835070)|HEAP_ALLOCATE|[6]|Bytes:11
23:47:55.0 (8862799)|HEAP_ALLOCATE|[6]|Bytes:248
23:47:55.0 (8878300)|HEAP_ALLOCATE|[6]|Bytes:39
23:47:55.0 (9019419)|METHOD_ENTRY|[2]|01p50000002CIEo|ETLC_ApexBridge_Data.ETLC_ApexBridge_Data()
23:47:55.0 (9036102)|STATEMENT_EXECUTE|[2]
23:47:55.0 (9050430)|STATEMENT_EXECUTE|[2]
23:47:55.0 (9079580)|METHOD_EXIT|[2]|ETLC_ApexBridge_Data
23:47:55.0 (9198683)|METHOD_ENTRY|[6]|01p50000002CIEo|ETLC_ApexBridge_Data.fromJSON(String)
23:47:55.0 (9285564)|VARIABLE_SCOPE_BEGIN|[60]|strJson|String|false|false
23:47:55.0 (9321137)|VARIABLE_ASSIGNMENT|[60]|strJson|"{\"operation\":\"BFFFol (73 more) ..."
23:47:55.0 (9337700)|STATEMENT_EXECUTE|[60]
23:47:55.0 (9343029)|STATEMENT_EXECUTE|[61]
23:47:55.0 (9376469)|HEAP_ALLOCATE|[61]|Bytes:20
23:47:55.0 (9444773)|HEAP_ALLOCATE|[50]|Bytes:5
23:47:55.0 (9518684)|HEAP_ALLOCATE|[56]|Bytes:5
23:47:55.0 (9560197)|HEAP_ALLOCATE|[64]|Bytes:7
23:47:55.0 (9903140)|HEAP_ALLOCATE|[61]|Bytes:24
23:47:55.0 (9954600)|SYSTEM_METHOD_ENTRY|[1]|Type.Type()
23:47:55.0 (9968146)|STATEMENT_EXECUTE|[1]
23:47:55.0 (9999421)|SYSTEM_METHOD_EXIT|[1]|Type
23:47:55.0 (10013983)|HEAP_ALLOCATE|[61]|Bytes:8
23:47:55.0 (10063602)|HEAP_ALLOCATE|[61]|Bytes:8
23:47:55.0 (10074211)|VARIABLE_SCOPE_BEGIN|[4]|this|System.Type|true|false
23:47:55.0 (10209212)|VARIABLE_ASSIGNMENT|[4]|this|{}|0x6b444c00
23:47:55.0 (10220713)|VARIABLE_SCOPE_BEGIN|[4]|apextype|java:common.apex.runtime.ApexObjectType|true|false
23:47:55.0 (10487623)|VARIABLE_ASSIGNMENT|[4]|apextype|"ETLC_ApexBridge_Data"|0x74753e0c
23:47:55.0 (10638038)|HEAP_ALLOCATE|[61]|Bytes:8
23:47:55.0 (10727212)|HEAP_ALLOCATE|[61]|Bytes:24
23:47:55.0 (10758711)|SYSTEM_METHOD_ENTRY|[1]|JSON.JSON()
23:47:55.0 (10765373)|STATEMENT_EXECUTE|[1]
23:47:55.0 (10783861)|SYSTEM_METHOD_EXIT|[1]|JSON
23:47:55.0 (10813516)|METHOD_ENTRY|[61]||System.JSON.deserializeStrict(String, System.Type)
23:47:55.0 (12291637)|METHOD_EXIT|[61]||System.JSON.deserializeStrict(String, System.Type)
23:47:55.0 (12320864)|METHOD_EXIT|[6]|01p50000002CIEo|ETLC_ApexBridge_Data.fromJSON(String)
23:47:55.0 (12463302)|VARIABLE_ASSIGNMENT|[6]|data|{"debug":true,"input":"{\"mode\":\"fetchFollow (9 more) ...","operation":"BFFFollow_Controller"}|0x166b84b3
23:47:55.0 (12475525)|STATEMENT_EXECUTE|[7]
23:47:55.0 (12498861)|HEAP_ALLOCATE|[7]|Bytes:6
23:47:55.0 (12661041)|HEAP_ALLOCATE|[7]|Bytes:177
23:47:55.0 (12711853)|HEAP_ALLOCATE|[7]|Bytes:183
23:47:55.0 (12755534)|USER_DEBUG|[7]|DEBUG|data::ETLC_ApexBridge_Data:[debug=true, input={"mode":"fetchFollowedUsers"}, isSuccess=null, messages=null, operation=BFFFollow_Controller, output=null, outputFlag=null, records=null]
23:47:55.0 (12770740)|STATEMENT_EXECUTE|[8]
23:47:55.0 (13001242)|VARIABLE_ASSIGNMENT|[EXTERNAL]|this|{"debug":true,"input":"{\"mode\":\"fetchFollow (9 more) ...","operation":"BFFFollow_Controller"}|0x166b84b3
23:47:55.0 (13077221)|METHOD_ENTRY|[8]||System.Type.forName(String)
23:47:55.0 (17072683)|METHOD_EXIT|[8]||System.Type.forName(String)
23:47:55.0 (17107834)|METHOD_ENTRY|[8]||System.Type.newInstance()
23:47:55.0 (20088003)|STATEMENT_EXECUTE|[1]
23:47:55.0 (20127802)|HEAP_ALLOCATE|[33]|Bytes:5
23:47:55.0 (20166191)|METHOD_EXIT|[1]|BFFFollow_Controller
23:47:55.0 (20200012)|HEAP_ALLOCATE|[33]|Bytes:4
23:47:55.0 (20221440)|VARIABLE_SCOPE_BEGIN|[1]|this|BFFFollow_Controller|true|false
23:47:55.0 (20272553)|VARIABLE_ASSIGNMENT|[1]|this|{}|0x3ce02751
23:47:55.0 (20293607)|HEAP_ALLOCATE|[33]|Bytes:5
23:47:55.0 (20313779)|HEAP_ALLOCATE|[33]|Bytes:11
23:47:55.0 (20360491)|METHOD_ENTRY|[1]|01p50000002CIEj|ETLC_ApexBridge_Abstract.ETLC_ApexBridge_Abstract()
23:47:55.0 (20368918)|STATEMENT_EXECUTE|[1]
23:47:55.0 (20377545)|STATEMENT_EXECUTE|[1]
23:47:55.0 (20391107)|METHOD_EXIT|[1]|ETLC_ApexBridge_Abstract
23:47:55.0 (20409391)|CONSTRUCTOR_ENTRY|[EXTERNAL]|01p50000002CIEj|<init>()
23:47:55.0 (20454947)|VARIABLE_SCOPE_BEGIN|[1]|this|ETLC_ApexBridge_Abstract|true|false
23:47:55.0 (20491913)|VARIABLE_ASSIGNMENT|[1]|this|{}|0x3ce02751
23:47:55.0 (20527649)|STATEMENT_EXECUTE|[1]
23:47:55.0 (20537840)|CONSTRUCTOR_EXIT|[EXTERNAL]|01p50000002CIEj|<init>()
23:47:55.0 (20550009)|STATEMENT_EXECUTE|[1]
23:47:55.0 (20561984)|HEAP_ALLOCATE|[33]|Bytes:5
23:47:55.0 (20601235)|METHOD_EXIT|[8]||System.Type.newInstance()
23:47:55.0 (20620688)|VARIABLE_SCOPE_BEGIN|[8]|executor|ETLC_ApexBridge_Abstract|true|false
23:47:55.0 (20650778)|VARIABLE_ASSIGNMENT|[8]|executor|{}|0x3ce02751
23:47:55.0 (20656759)|STATEMENT_EXECUTE|[9]
23:47:55.0 (20789123)|METHOD_ENTRY|[9]|01p50000002D8iw|BFFFollow_Controller.process(ETLC_ApexBridge_Data)
23:47:55.0 (20878116)|VARIABLE_SCOPE_BEGIN|[3]|this|BFFFollow_Controller|true|false
23:47:55.0 (20918483)|VARIABLE_ASSIGNMENT|[3]|this|{}|0x3ce02751
23:47:55.0 (20929072)|VARIABLE_SCOPE_BEGIN|[3]|data|ETLC_ApexBridge_Data|true|false
23:47:55.0 (21020605)|VARIABLE_ASSIGNMENT|[3]|data|{"debug":true,"input":"{\"mode\":\"fetchFollow (9 more) ...","operation":"BFFFollow_Controller"}|0x166b84b3
23:47:55.0 (21061347)|HEAP_ALLOCATE|[4]|Bytes:5
23:47:55.0 (21077676)|STATEMENT_EXECUTE|[3]
23:47:55.0 (21083016)|STATEMENT_EXECUTE|[4]
23:47:55.0 (21335572)|VARIABLE_ASSIGNMENT|[EXTERNAL]|this|{"debug":true,"input":"{\"mode\":\"fetchFollow (9 more) ...","operation":"BFFFollow_Controller"}|0x166b84b3
23:47:55.0 (21393291)|VARIABLE_ASSIGNMENT|[4]|BFFFollow_Controller.debugFlag|true
23:47:55.0 (21490227)|VARIABLE_ASSIGNMENT|[EXTERNAL]|this|{"debug":true,"input":"{\"mode\":\"fetchFollow (9 more) ...","operation":"BFFFollow_Controller"}|0x166b84b3
23:47:55.0 (21522027)|STATEMENT_EXECUTE|[5]
23:47:55.0 (21618528)|USER_DEBUG|[5]|DEBUG|ETLC_ApexBridge_Data:[debug=true, input={"mode":"fetchFollowedUsers"}, isSuccess=null, messages=null, operation=BFFFollow_Controller, output=null, outputFlag=null, records=null]
23:47:55.0 (21638115)|STATEMENT_EXECUTE|[7]
23:47:55.0 (21656078)|HEAP_ALLOCATE|[7]|Bytes:4
23:47:55.0 (21715407)|METHOD_ENTRY|[7]|01p50000002CIEo|ETLC_ApexBridge_Data.getInputValue(String)
23:47:55.0 (21771789)|VARIABLE_SCOPE_BEGIN|[52]|this|ETLC_ApexBridge_Data|true|false
23:47:55.0 (21837951)|VARIABLE_ASSIGNMENT|[52]|this|{"debug":true,"input":"{\"mode\":\"fetchFollow (9 more) ...","operation":"BFFFollow_Controller"}|0x166b84b3
23:47:55.0 (21852560)|VARIABLE_SCOPE_BEGIN|[52]|key|String|false|false
23:47:55.0 (21863088)|VARIABLE_ASSIGNMENT|[52]|key|"mode"
23:47:55.0 (21872614)|STATEMENT_EXECUTE|[52]
23:47:55.0 (21875488)|STATEMENT_EXECUTE|[53]
23:47:55.0 (22015367)|VARIABLE_ASSIGNMENT|[EXTERNAL]|this|{"debug":true,"input":"{\"mode\":\"fetchFollow (9 more) ...","operation":"BFFFollow_Controller"}|0x166b84b3
23:47:55.0 (22067098)|METHOD_ENTRY|[53]||System.JSON.deserializeUntyped(String)
23:47:55.0 (22553766)|METHOD_EXIT|[53]||System.JSON.deserializeUntyped(String)
23:47:55.0 (22575809)|VARIABLE_SCOPE_BEGIN|[53]|inputMap|Map<String,ANY>|true|false
23:47:55.0 (22627977)|VARIABLE_ASSIGNMENT|[53]|inputMap|{"s":1,"v":{"mode":"fetchFollowedUsers"}}|0x23f60393
23:47:55.0 (22635970)|STATEMENT_EXECUTE|[54]
23:47:55.0 (22739342)|METHOD_EXIT|[7]|01p50000002CIEo|ETLC_ApexBridge_Data.getInputValue(String)
23:47:55.0 (22759954)|VARIABLE_SCOPE_BEGIN|[7]|mode|String|false|false
23:47:55.0 (22787775)|VARIABLE_ASSIGNMENT|[7]|mode|"fetchFollowedUsers"
23:47:55.0 (22802360)|HEAP_ALLOCATE|[9]|Bytes:18
23:47:55.0 (22875351)|STATEMENT_EXECUTE|[9]
23:47:55.0 (22879348)|STATEMENT_EXECUTE|[10]
23:47:55.0 (22996746)|HEAP_ALLOCATE|[10]|Bytes:85
23:47:55.0 (23033297)|SYSTEM_METHOD_ENTRY|[1]|UserInfo.UserInfo()
23:47:55.0 (23042723)|STATEMENT_EXECUTE|[1]
23:47:55.0 (23061682)|SYSTEM_METHOD_EXIT|[1]|UserInfo
23:47:55.0 (23088443)|METHOD_ENTRY|[10]||System.UserInfo.getUserId()
23:47:55.0 (23173273)|METHOD_EXIT|[10]||System.UserInfo.getUserId()
23:47:55.0 (23213152)|HEAP_ALLOCATE|[10]|Bytes:4
23:47:55.0 (23249012)|METHOD_ENTRY|[10]|01p50000002D8iw|BFFFollow_Controller.fetchFollowedUsers(Id)
23:47:55.0 (23267871)|VARIABLE_SCOPE_BEGIN|[20]|this|BFFFollow_Controller|true|false
23:47:55.0 (23302938)|VARIABLE_ASSIGNMENT|[20]|this|{}|0x3ce02751
23:47:55.0 (23314178)|VARIABLE_SCOPE_BEGIN|[20]|followedById|Id|false|false
23:47:55.0 (23497822)|VARIABLE_ASSIGNMENT|[20]|followedById|"00550000005cg71AAA"
23:47:55.0 (23526120)|HEAP_ALLOCATE|[21]|Bytes:5
23:47:55.0 (23535687)|STATEMENT_EXECUTE|[20]
23:47:55.0 (23538563)|STATEMENT_EXECUTE|[21]
23:47:55.0 (23561960)|HEAP_ALLOCATE|[21]|Bytes:63
23:47:55.0 (23689740)|HEAP_ALLOCATE|[21]|Bytes:18
23:47:55.0 (23738196)|HEAP_ALLOCATE|[21]|Bytes:9
23:47:55.0 (23778600)|HEAP_ALLOCATE|[21]|Bytes:90
23:47:55.0 (23792112)|VARIABLE_SCOPE_BEGIN|[21]|soql|String|false|false
23:47:55.0 (23813868)|VARIABLE_ASSIGNMENT|[21]|soql|"SELECT FollowedUsers (70 more) ..."
23:47:55.0 (23820099)|STATEMENT_EXECUTE|[22]
23:47:55.0 (23822762)|STATEMENT_EXECUTE|[22]
23:47:55.0 (23835533)|STATEMENT_EXECUTE|[23]
23:47:55.0 (23839058)|STATEMENT_EXECUTE|[23]
23:47:55.0 (23858953)|HEAP_ALLOCATE|[23]|Bytes:24
23:47:55.0 (23875693)|HEAP_ALLOCATE|[23]|Bytes:114
23:47:55.0 (23948568)|USER_DEBUG|[23]|DEBUG|fetchFollowedUsers:soql:SELECT FollowedUsers__c FROM BFFFollow__c WHERE FollowedBy__c='00550000005cg71AAA' limit 1
23:47:55.0 (23967102)|STATEMENT_EXECUTE|[24]
23:47:55.0 (29801828)|HEAP_ALLOCATE|[24]|Bytes:9
23:47:55.0 (29823760)|HEAP_ALLOCATE|[24]|Bytes:29
23:47:55.0 (29831953)|HEAP_ALLOCATE|[24]|Bytes:21
23:47:55.0 (29885709)|METHOD_ENTRY|[7]|01p50000002CIEt|ETLC_SecuredDB.ETLC_SecuredDB()
23:47:55.0 (29894808)|STATEMENT_EXECUTE|[7]
23:47:55.0 (29904888)|STATEMENT_EXECUTE|[7]
23:47:55.0 (29920299)|HEAP_ALLOCATE|[24]|Bytes:5
23:47:55.0 (29947087)|METHOD_EXIT|[7]|ETLC_SecuredDB
23:47:55.0 (30030207)|METHOD_ENTRY|[24]|01p50000002CIEt|ETLC_SecuredDB.query(String)
23:47:55.0 (30088567)|VARIABLE_SCOPE_BEGIN|[10]|SOQL|String|false|false
23:47:55.0 (30113550)|VARIABLE_ASSIGNMENT|[10]|SOQL|"SELECT FollowedUsers (70 more) ..."
23:47:55.0 (30135573)|HEAP_ALLOCATE|[12]|Bytes:5
23:47:55.0 (30145551)|STATEMENT_EXECUTE|[10]
23:47:55.0 (30148441)|STATEMENT_EXECUTE|[12]
23:47:55.0 (32505970)|SOQL_EXECUTE_BEGIN|[12]|Aggregations:0|SELECT FollowedUsers__c FROM BFFFollow__c WHERE FollowedBy__c='00550000005cg71AAA' limit 1
23:47:55.0 (40129206)|SOQL_EXECUTE_END|[12]|Rows:1
23:47:55.0 (40184706)|HEAP_ALLOCATE|[12]|Bytes:8
23:47:55.0 (40214875)|HEAP_ALLOCATE|[12]|Bytes:158
23:47:55.0 (40779270)|HEAP_ALLOCATE|[12]|Bytes:8
23:47:55.0 (40827960)|VARIABLE_SCOPE_BEGIN|[12]|dbRecords|List<SObject>|true|false
23:47:55.0 (40940717)|VARIABLE_ASSIGNMENT|[12]|dbRecords|{"s":1,"v":[{"s":2,"v":{"FollowedUsers__c":"[{\"id\":\"00550000005c (85 more) ...","Id":"a005000000ezW4dAAE"}}]}|0x252f9f76
23:47:55.0 (40960007)|STATEMENT_EXECUTE|[20]
23:47:55.0 (41741012)|HEAP_ALLOCATE|[20]|Bytes:12
23:47:55.0 (41761377)|HEAP_ALLOCATE|[20]|Bytes:8
23:47:55.0 (41900868)|HEAP_ALLOCATE|[20]|Bytes:12
23:47:55.0 (41914200)|HEAP_ALLOCATE|[20]|Bytes:9
23:47:55.0 (41953752)|HEAP_ALLOCATE|[20]|Bytes:12
23:47:55.0 (41964465)|HEAP_ALLOCATE|[20]|Bytes:8
23:47:55.0 (41992966)|HEAP_ALLOCATE|[20]|Bytes:12
23:47:55.0 (42001299)|HEAP_ALLOCATE|[20]|Bytes:8
23:47:55.0 (42028535)|HEAP_ALLOCATE|[20]|Bytes:12
23:47:55.0 (42036474)|HEAP_ALLOCATE|[20]|Bytes:9
23:47:55.0 (42115965)|METHOD_ENTRY|[20]|01p50000002CIEt|ETLC_SecuredDB.findFields(List<SObject>)
23:47:55.0 (42188770)|VARIABLE_SCOPE_BEGIN|[108]|dbRecords|List<SObject>|true|false
23:47:55.0 (42238676)|VARIABLE_ASSIGNMENT|[108]|dbRecords|{"s":1,"v":[{"s":2,"v":{"FollowedUsers__c":"[{\"id\":\"00550000005c (85 more) ...","Id":"a005000000ezW4dAAE"}}]}|0x252f9f76
23:47:55.0 (42264552)|HEAP_ALLOCATE|[109]|Bytes:5
23:47:55.0 (42274312)|STATEMENT_EXECUTE|[108]
23:47:55.0 (42277747)|STATEMENT_EXECUTE|[109]
23:47:55.0 (42324459)|VARIABLE_SCOPE_BEGIN|[109]|strJSON|String|false|false
23:47:55.0 (42350231)|VARIABLE_ASSIGNMENT|[109]|strJSON|null
23:47:55.0 (42359015)|STATEMENT_EXECUTE|[110]
23:47:55.0 (42387129)|VARIABLE_SCOPE_BEGIN|[110]|mapFields|Map<String,Set<String>>|true|false
23:47:55.0 (42408594)|VARIABLE_ASSIGNMENT|[110]|mapFields|null|
23:47:55.0 (42417900)|STATEMENT_EXECUTE|[112]
23:47:55.0 (42469794)|METHOD_ENTRY|[112]||System.JSON.serialize(Object)
23:47:55.0 (43693960)|METHOD_EXIT|[112]||System.JSON.serialize(Object)
23:47:55.0 (43733351)|VARIABLE_ASSIGNMENT|[112]|strJSON|"[{\"attributes\":{\"typ (259 more) ..."
23:47:55.0 (43741266)|STATEMENT_EXECUTE|[113]
23:47:55.0 (43763567)|HEAP_ALLOCATE|[113]|Bytes:5
23:47:55.0 (43789669)|HEAP_ALLOCATE|[113]|Bytes:284
23:47:55.0 (43881657)|USER_DEBUG|[113]|DEBUG|JSON:[{"attributes":{"type":"BFFFollow__c","url":"/services/data/v37.0/sobjects/BFFFollow__c/a005000000ezW4dAAE"},"FollowedUsers__c":"[{\"id\":\"00550000005cg71AAA\",\"name\":\"Jaswinder Rattanpal\"},{\"id\":\"00550000005d7KnAAI\",\"name\":\"Test User\"}]","Id":"a005000000ezW4dAAE"}]
23:47:55.0 (43912287)|STATEMENT_EXECUTE|[114]
23:47:55.0 (43939292)|HEAP_ALLOCATE|[114]|Bytes:4
23:47:55.0 (44046500)|VARIABLE_ASSIGNMENT|[114]|mapFields|{"s":1,"v":{}}|0x43f1aa8b
23:47:55.0 (44064864)|STATEMENT_EXECUTE|[115]
23:47:55.0 (44125069)|METHOD_ENTRY|[115]||System.JSON.deserializeUntyped(String)
23:47:55.0 (45191610)|METHOD_EXIT|[115]||System.JSON.deserializeUntyped(String)
23:47:55.0 (45218043)|VARIABLE_SCOPE_BEGIN|[115]|records|List<ANY>|true|false
23:47:55.0 (45272771)|HEAP_ALLOCATE|[EXTERNAL]|Bytes:8
23:47:55.0 (45328913)|VARIABLE_ASSIGNMENT|[115]|records|{"s":1,"v":[{"s":2,"v":{"attributes":{"s":3,"v":{"type":"BFFFollow__c","url":"/services/data/v37.0 (41 more) ..."}},"FollowedUsers__c":"[{\"id\":\"00550000005c (85 more) ...","Id":"a005000000ezW4dAAE"}}]}|0x7be2d8a7
23:47:55.0 (45487751)|HEAP_ALLOCATE|[116]|Bytes:5
23:47:55.0 (45553739)|HEAP_ALLOCATE|[116]|Bytes:16
23:47:55.0 (45596485)|VARIABLE_SCOPE_BEGIN|[116]|record|Object|false|false
23:47:55.0 (45686284)|VARIABLE_ASSIGNMENT|[116]|record|{"s":1,"v":{"attributes":{"s":2,"v":{"type":"BFFFollow__c","url":"/services/data/v37.0 (41 more) ..."}},"FollowedUsers__c":"[{\"id\":\"00550000005c (85 more) ...","Id":"a005000000ezW4dAAE"}}
23:47:55.0 (45703579)|STATEMENT_EXECUTE|[116]
23:47:55.0 (45709617)|STATEMENT_EXECUTE|[117]
23:47:55.0 (45789041)|METHOD_ENTRY|[117]|01p50000002CIEt|ETLC_SecuredDB.findFieldsRecursive(Map<String,Set<String>>, Map<String,ANY>)
23:47:55.0 (45853596)|VARIABLE_SCOPE_BEGIN|[124]|mapFields|Map<String,Set<String>>|true|false
23:47:55.0 (45885780)|VARIABLE_ASSIGNMENT|[124]|mapFields|{"s":1,"v":{}}|0x43f1aa8b
23:47:55.0 (45896967)|VARIABLE_SCOPE_BEGIN|[124]|record|Map<String,ANY>|true|false
23:47:55.0 (45930878)|VARIABLE_ASSIGNMENT|[124]|record|{"s":1,"v":{"attributes":{"s":2,"v":{"type":"BFFFollow__c","url":"/services/data/v37.0 (41 more) ..."}},"FollowedUsers__c":"[{\"id\":\"00550000005c (85 more) ...","Id":"a005000000ezW4dAAE"}}|0x473ac9d9
23:47:55.0 (45958908)|HEAP_ALLOCATE|[125]|Bytes:5
23:47:55.0 (45969584)|STATEMENT_EXECUTE|[124]
23:47:55.0 (45972334)|STATEMENT_EXECUTE|[125]
23:47:55.0 (45989201)|HEAP_ALLOCATE|[125]|Bytes:10
23:47:55.0 (46000057)|VARIABLE_SCOPE_BEGIN|[125]|strAttributes|String|false|false
23:47:55.0 (46018511)|VARIABLE_ASSIGNMENT|[125]|strAttributes|"attributes"
23:47:55.0 (46023560)|STATEMENT_EXECUTE|[126]
23:47:55.0 (46034433)|HEAP_ALLOCATE|[126]|Bytes:7
23:47:55.0 (46042252)|VARIABLE_SCOPE_BEGIN|[126]|strRecord|String|false|false
23:47:55.0 (46052651)|VARIABLE_ASSIGNMENT|[126]|strRecord|"records"
23:47:55.0 (46142690)|STATEMENT_EXECUTE|[127]
23:47:55.0 (46148541)|STATEMENT_EXECUTE|[128]
23:47:55.0 (46234648)|VARIABLE_SCOPE_BEGIN|[128]|attributes|Map<String,ANY>|true|false
23:47:55.0 (46274784)|VARIABLE_ASSIGNMENT|[128]|attributes|{"s":1,"v":{"type":"BFFFollow__c","url":"/services/data/v37.0 (41 more) ..."}}|0x6445d24a
23:47:55.0 (46282784)|STATEMENT_EXECUTE|[129]
23:47:55.0 (46300990)|HEAP_ALLOCATE|[129]|Bytes:4
23:47:55.0 (46377708)|VARIABLE_SCOPE_BEGIN|[129]|objectName|String|false|false
23:47:55.0 (46396343)|VARIABLE_ASSIGNMENT|[129]|objectName|"BFFFollow__c"
23:47:55.0 (46418482)|HEAP_ALLOCATE|[130]|Bytes:4
23:47:55.0 (46547285)|HEAP_ALLOCATE|[130]|Bytes:44
23:47:55.0 (46612391)|HEAP_ALLOCATE|[130]|Bytes:12
23:47:55.0 (46717995)|HEAP_ALLOCATE|[130]|Bytes:5
23:47:55.0 (46798097)|VARIABLE_SCOPE_BEGIN|[130]|fieldName|String|false|false
23:47:55.0 (46851816)|VARIABLE_ASSIGNMENT|[130]|fieldName|"attributes"
23:47:55.0 (46864396)|STATEMENT_EXECUTE|[130]
23:47:55.0 (46870224)|STATEMENT_EXECUTE|[131]
23:47:55.0 (47038878)|VARIABLE_SCOPE_BEGIN|[131]|field|Object|false|false
23:47:55.0 (47121851)|VARIABLE_ASSIGNMENT|[131]|field|{"s":1,"v":{"type":"BFFFollow__c","url":"/services/data/v37.0 (41 more) ..."}}
23:47:55.0 (47188397)|STATEMENT_EXECUTE|[132]
23:47:55.0 (47250520)|HEAP_ALLOCATE|[130]|Bytes:5
23:47:55.0 (47307162)|VARIABLE_SCOPE_BEGIN|[130]|fieldName|String|false|false
23:47:55.0 (47336599)|VARIABLE_ASSIGNMENT|[130]|fieldName|"FollowedUsers__c"
23:47:55.0 (47347616)|STATEMENT_EXECUTE|[130]
23:47:55.0 (47352541)|STATEMENT_EXECUTE|[131]
23:47:55.0 (47431243)|VARIABLE_SCOPE_BEGIN|[131]|field|Object|false|false
23:47:55.0 (47479499)|VARIABLE_ASSIGNMENT|[131]|field|"[{\"id\":\"00550000005c (85 more) ..."
23:47:55.0 (47523558)|HEAP_ALLOCATE|[134]|Bytes:68
23:47:55.0 (47603029)|STATEMENT_EXECUTE|[136]
23:47:55.0 (47612355)|STATEMENT_EXECUTE|[137]
23:47:55.0 (47668710)|HEAP_ALLOCATE|[137]|Bytes:4
23:47:55.0 (47797085)|VARIABLE_SCOPE_BEGIN|[137]|fieldNames|Set<String>|true|false
23:47:55.0 (47873217)|VARIABLE_ASSIGNMENT|[137]|fieldNames|{"s":1,"v":[]}|0x47e45bb9
23:47:55.0 (47988371)|STATEMENT_EXECUTE|[138]
23:47:55.0 (48031598)|STATEMENT_EXECUTE|[139]
23:47:55.0 (48149067)|HEAP_ALLOCATE|[EXTERNAL]|Bytes:4
23:47:55.0 (48179767)|STATEMENT_EXECUTE|[140]
23:47:55.0 (48288268)|HEAP_ALLOCATE|[EXTERNAL]|Bytes:-4
23:47:55.0 (48349474)|HEAP_ALLOCATE|[130]|Bytes:5
23:47:55.0 (48414744)|VARIABLE_SCOPE_BEGIN|[130]|fieldName|String|false|false
23:47:55.0 (48454129)|VARIABLE_ASSIGNMENT|[130]|fieldName|"Id"
23:47:55.0 (48464447)|STATEMENT_EXECUTE|[130]
23:47:55.0 (48470672)|STATEMENT_EXECUTE|[131]
23:47:55.0 (48561747)|VARIABLE_SCOPE_BEGIN|[131]|field|Object|false|false
23:47:55.0 (48588364)|VARIABLE_ASSIGNMENT|[131]|field|"a005000000ezW4dAAE"
23:47:55.0 (48631321)|STATEMENT_EXECUTE|[136]
23:47:55.0 (48635314)|STATEMENT_EXECUTE|[137]
23:47:55.0 (48654981)|HEAP_ALLOCATE|[137]|Bytes:4
23:47:55.0 (48681705)|VARIABLE_SCOPE_BEGIN|[137]|fieldNames|Set<String>|true|false
23:47:55.0 (48755329)|VARIABLE_ASSIGNMENT|[137]|fieldNames|{"s":1,"v":[]}|0x5601369d
23:47:55.0 (48812456)|STATEMENT_EXECUTE|[138]
23:47:55.0 (48925864)|VARIABLE_ASSIGNMENT|[138]|fieldNames|{"s":1,"v":["FollowedUsers__c"]}|0x47e45bb9
23:47:55.0 (48941145)|STATEMENT_EXECUTE|[139]
23:47:55.0 (48988361)|HEAP_ALLOCATE|[EXTERNAL]|Bytes:4
23:47:55.0 (49012222)|STATEMENT_EXECUTE|[140]
23:47:55.0 (49119018)|HEAP_ALLOCATE|[130]|Bytes:5
23:47:55.0 (49166061)|VARIABLE_ASSIGNMENT|[130]|fieldName|null
23:47:55.0 (49202676)|METHOD_EXIT|[117]|01p50000002CIEt|ETLC_SecuredDB.findFieldsRecursive(Map<String,Set<String>>, Map<String,ANY>)
23:47:55.0 (49244824)|HEAP_ALLOCATE|[116]|Bytes:5
23:47:55.0 (49298820)|VARIABLE_ASSIGNMENT|[116]|record|null
23:47:55.0 (49399070)|HEAP_ALLOCATE|[119]|Bytes:4
23:47:55.0 (49558273)|HEAP_ALLOCATE|[119]|Bytes:20
23:47:55.0 (49611003)|HEAP_ALLOCATE|[119]|Bytes:4
23:47:55.0 (49682294)|HEAP_ALLOCATE|[119]|Bytes:5
23:47:55.0 (49735712)|VARIABLE_SCOPE_BEGIN|[119]|objectName|String|false|false
23:47:55.0 (49765376)|VARIABLE_ASSIGNMENT|[119]|objectName|"BFFFollow__c"
23:47:55.0 (49776219)|STATEMENT_EXECUTE|[119]
23:47:55.0 (49781338)|STATEMENT_EXECUTE|[120]
23:47:55.0 (49809382)|HEAP_ALLOCATE|[120]|Bytes:2
23:47:55.0 (49967165)|HEAP_ALLOCATE|[120]|Bytes:22
23:47:55.0 (50005434)|HEAP_ALLOCATE|[120]|Bytes:36
23:47:55.0 (50037073)|USER_DEBUG|[120]|DEBUG|BFFFollow__c: {FollowedUsers__c, Id}
23:47:55.0 (50069290)|HEAP_ALLOCATE|[119]|Bytes:5
23:47:55.0 (50105327)|VARIABLE_ASSIGNMENT|[119]|objectName|null
23:47:55.0 (50114001)|STATEMENT_EXECUTE|[122]
23:47:55.0 (50146609)|METHOD_EXIT|[20]|01p50000002CIEt|ETLC_SecuredDB.findFields(List<SObject>)
23:47:55.0 (50191457)|METHOD_ENTRY|[20]|01p50000002CIEt|ETLC_SecuredDB.validate(ETLC_SecuredDB.Operation, Map<String,Set<String>>)
23:47:55.0 (50213781)|VARIABLE_SCOPE_BEGIN|[55]|op|ETLC_SecuredDB.Operation|true|false
23:47:55.0 (50253830)|VARIABLE_ASSIGNMENT|[55]|op|"Querying"|0x42a1d8ec
23:47:55.0 (50265635)|VARIABLE_SCOPE_BEGIN|[55]|mapFieldNames|Map<String,Set<String>>|true|false
23:47:55.0 (50321866)|VARIABLE_ASSIGNMENT|[55]|mapFieldNames|{"s":1,"v":{"BFFFollow__c":{"s":2,"v":["FollowedUsers__c","Id"]}}}|0x43f1aa8b
23:47:55.0 (50358692)|HEAP_ALLOCATE|[56]|Bytes:5
23:47:55.0 (50374115)|STATEMENT_EXECUTE|[55]
23:47:55.0 (50379812)|STATEMENT_EXECUTE|[56]
23:47:55.0 (50407967)|VARIABLE_SCOPE_BEGIN|[56]|securityMessage|String|false|false
23:47:55.0 (50430925)|VARIABLE_ASSIGNMENT|[56]|securityMessage|null
23:47:55.0 (50476414)|STATEMENT_EXECUTE|[57]
23:47:55.0 (87319766)|HEAP_ALLOCATE|[57]|Bytes:1256
23:47:55.0 (87385851)|VARIABLE_SCOPE_BEGIN|[57]|mapObjects|Map<String,Schema.SObjectType>|true|false
23:47:55.0 (87928658)|VARIABLE_ASSIGNMENT|[57]|mapObjects|"{acceptedeventrelation=AcceptedEventRelation, account=Account, accountcontactrole=AccountContactRole, accounthistory=AccountHistory, accountpartner=AccountPartner, accountshare=AccountShare, actionlinkgrouptemplate=ActionLinkGroupTemplate, actionlinktemplate=ActionLinkTemplate, activityhistory=ActivityHistory, additionalnumber=AdditionalNumber, ...}"|0x277d6a92
23:47:55.0 (87979226)|HEAP_ALLOCATE|[58]|Bytes:4
23:47:55.0 (88165417)|HEAP_ALLOCATE|[58]|Bytes:20
23:47:55.0 (88214211)|HEAP_ALLOCATE|[58]|Bytes:4
23:47:55.0 (88269681)|HEAP_ALLOCATE|[58]|Bytes:5
23:47:55.0 (88303712)|VARIABLE_SCOPE_BEGIN|[58]|sObjectName|String|false|false
23:47:55.0 (88327472)|VARIABLE_ASSIGNMENT|[58]|sObjectName|"BFFFollow__c"
23:47:55.0 (88335448)|STATEMENT_EXECUTE|[58]
23:47:55.0 (88338960)|STATEMENT_EXECUTE|[59]
23:47:55.0 (88371759)|HEAP_ALLOCATE|[59]|Bytes:9
23:47:55.0 (88381602)|HEAP_ALLOCATE|[59]|Bytes:7
23:47:55.0 (88507131)|HEAP_ALLOCATE|[59]|Bytes:8
23:47:55.0 (88537604)|HEAP_ALLOCATE|[59]|Bytes:1
23:47:55.0 (88568167)|HEAP_ALLOCATE|[59]|Bytes:37
23:47:55.0 (88593488)|VARIABLE_ASSIGNMENT|[59]|securityMessage|"CRUD on [BFFFollow__ (17 more) ..."
23:47:55.0 (88600892)|STATEMENT_EXECUTE|[60]
23:47:55.0 (88620028)|HEAP_ALLOCATE|[60]|Bytes:10
23:47:55.0 (88635191)|HEAP_ALLOCATE|[60]|Bytes:47
23:47:55.0 (88705233)|USER_DEBUG|[60]|DEBUG|Checking: CRUD on [BFFFollow__c] for [Querying]
23:47:55.0 (88723553)|STATEMENT_EXECUTE|[61]
23:47:55.0 (89466307)|HEAP_ALLOCATE|[61]|Bytes:4
23:47:55.0 (89584701)|VARIABLE_SCOPE_BEGIN|[61]|drSObj|Schema.DescribeSObjectResult|true|false
23:47:55.0 (89808275)|VARIABLE_ASSIGNMENT|[61]|drSObj|"common.api.soap.wsdl.DescribeSObjectResult@a54f9caa"|0x4789c4e4
23:47:55.0 (90289471)|STATEMENT_EXECUTE|[64]
23:47:55.0 (90350718)|STATEMENT_EXECUTE|[65]
23:47:55.0 (90497196)|STATEMENT_EXECUTE|[77]
23:47:55.0 (90503625)|STATEMENT_EXECUTE|[79]
23:47:55.0 (91073967)|HEAP_ALLOCATE|[79]|Bytes:56
23:47:55.0 (91103164)|VARIABLE_SCOPE_BEGIN|[79]|mapFields|Map<String,Schema.SObjectField>|true|false
23:47:55.0 (91468354)|VARIABLE_ASSIGNMENT|[79]|mapFields|"{createdbyid=CreatedById, createddate=CreatedDate, followedby__c=FollowedBy__c, followedusers__c=FollowedUsers__c, id=Id, isdeleted=IsDeleted, lastmodifiedbyid=LastModifiedById, lastmodifieddate=LastModifiedDate, lastreferenceddate=LastReferencedDate, lastvieweddate=LastViewedDate, ...}"|0x429e436
23:47:55.0 (91493868)|HEAP_ALLOCATE|[80]|Bytes:4
23:47:55.0 (91604554)|HEAP_ALLOCATE|[80]|Bytes:8
23:47:55.0 (91652917)|HEAP_ALLOCATE|[80]|Bytes:5
23:47:55.0 (91683564)|VARIABLE_SCOPE_BEGIN|[80]|fieldName|String|false|false
23:47:55.0 (91704076)|VARIABLE_ASSIGNMENT|[80]|fieldName|"FollowedUsers__c"
23:47:55.0 (91711287)|STATEMENT_EXECUTE|[80]
23:47:55.0 (91713943)|STATEMENT_EXECUTE|[81]
23:47:55.0 (93757769)|HEAP_ALLOCATE|[81]|Bytes:8
23:47:55.0 (93879849)|VARIABLE_SCOPE_BEGIN|[81]|drField|Schema.DescribeFieldResult|true|false
23:47:55.0 (94146893)|VARIABLE_ASSIGNMENT|[81]|drField|"common.api.soap.wsdl.Field@896d329a"|0x241ac7cc
23:47:55.0 (94214980)|STATEMENT_EXECUTE|[82]
23:47:55.0 (94223578)|STATEMENT_EXECUTE|[83]
23:47:55.0 (94254987)|HEAP_ALLOCATE|[83]|Bytes:8
23:47:55.0 (94272405)|HEAP_ALLOCATE|[83]|Bytes:1
23:47:55.0 (94400793)|HEAP_ALLOCATE|[83]|Bytes:8
23:47:55.0 (94466902)|HEAP_ALLOCATE|[83]|Bytes:52
23:47:55.0 (94493633)|HEAP_ALLOCATE|[83]|Bytes:53
23:47:55.0 (94530528)|VARIABLE_ASSIGNMENT|[83]|securityMessage|"FLS on [BFFFollow__c (33 more) ..."
23:47:55.0 (94543489)|STATEMENT_EXECUTE|[84]
23:47:55.0 (94586492)|HEAP_ALLOCATE|[84]|Bytes:63
23:47:55.0 (94676528)|USER_DEBUG|[84]|DEBUG|Checking: FLS on [BFFFollow__c.FollowedUsers__c] for [Querying]
23:47:55.0 (95016077)|STATEMENT_EXECUTE|[87]
23:47:55.0 (95072242)|STATEMENT_EXECUTE|[88]
23:47:55.0 (95125520)|HEAP_ALLOCATE|[80]|Bytes:5
23:47:55.0 (95158753)|VARIABLE_SCOPE_BEGIN|[80]|fieldName|String|false|false
23:47:55.0 (95178650)|VARIABLE_ASSIGNMENT|[80]|fieldName|"Id"
23:47:55.0 (95184889)|STATEMENT_EXECUTE|[80]
23:47:55.0 (95187579)|STATEMENT_EXECUTE|[81]
23:47:55.0 (95522365)|HEAP_ALLOCATE|[81]|Bytes:8
23:47:55.0 (95548732)|VARIABLE_SCOPE_BEGIN|[81]|drField|Schema.DescribeFieldResult|true|false
23:47:55.0 (95710945)|VARIABLE_ASSIGNMENT|[81]|drField|"common.api.soap.wsdl.Field@656502b7"|0x73b7b428
23:47:55.0 (95742193)|STATEMENT_EXECUTE|[99]
23:47:55.0 (95745779)|STATEMENT_EXECUTE|[100]
23:47:55.0 (95767127)|HEAP_ALLOCATE|[100]|Bytes:22
23:47:55.0 (95876329)|HEAP_ALLOCATE|[100]|Bytes:8
23:47:55.0 (95967324)|HEAP_ALLOCATE|[100]|Bytes:52
23:47:55.0 (95990520)|HEAP_ALLOCATE|[100]|Bytes:35
23:47:55.0 (96005409)|HEAP_ALLOCATE|[100]|Bytes:87
23:47:55.0 (96037941)|USER_DEBUG|[100]|DEBUG|Bypass Check: FLS on [BFFFollow__c.Id] for [Querying] since it's not isPermissionable()
23:47:55.0 (96072564)|HEAP_ALLOCATE|[80]|Bytes:5
23:47:55.0 (96107481)|VARIABLE_ASSIGNMENT|[80]|fieldName|null
23:47:55.0 (96135558)|HEAP_ALLOCATE|[58]|Bytes:5
23:47:55.0 (96158370)|VARIABLE_ASSIGNMENT|[58]|sObjectName|null
23:47:55.0 (96190751)|METHOD_EXIT|[20]|01p50000002CIEt|ETLC_SecuredDB.validate(ETLC_SecuredDB.Operation, Map<String,Set<String>>)
23:47:55.0 (96200478)|STATEMENT_EXECUTE|[21]
23:47:55.0 (96229260)|METHOD_EXIT|[24]|01p50000002CIEt|ETLC_SecuredDB.query(String)
23:47:55.0 (96241259)|VARIABLE_SCOPE_BEGIN|[24]|dbRecords|List<SObject>|true|false
23:47:55.0 (96307321)|VARIABLE_ASSIGNMENT|[24]|dbRecords|{"s":1,"v":[{"s":2,"v":{"FollowedUsers__c":"[{\"id\":\"00550000005c (85 more) ...","Id":"a005000000ezW4dAAE"}}]}|0x252f9f76
23:47:55.0 (96326654)|STATEMENT_EXECUTE|[25]
23:47:55.0 (96329835)|STATEMENT_EXECUTE|[25]
23:47:55.0 (96484891)|USER_DEBUG|[25]|DEBUG|(BFFFollow__c:{FollowedUsers__c=[{"id":"00550000005cg71AAA","name":"Jaswinder Rattanpal"},{"id":"00550000005d7KnAAI","name":"Test User"}], Id=a005000000ezW4dAAE})
23:47:55.0 (96678502)|STATEMENT_EXECUTE|[26]
23:47:55.0 (96691717)|STATEMENT_EXECUTE|[27]
23:47:55.0 (96694484)|STATEMENT_EXECUTE|[28]
23:47:55.0 (96714973)|HEAP_ALLOCATE|[28]|Bytes:18
23:47:55.0 (96740140)|HEAP_ALLOCATE|[28]|Bytes:12
23:47:55.0 (96753876)|HEAP_ALLOCATE|[28]|Bytes:16
23:47:55.0 (96902516)|HEAP_ALLOCATE|[28]|Bytes:105
23:47:55.0 (96961141)|HEAP_ALLOCATE|[28]|Bytes:105
23:47:55.0 (96985272)|HEAP_ALLOCATE|[28]|Bytes:123
23:47:55.0 (97012140)|USER_DEBUG|[28]|DEBUG|FollowedUsers__c::[{"id":"00550000005cg71AAA","name":"Jaswinder Rattanpal"},{"id":"00550000005d7KnAAI","name":"Test User"}]
23:47:55.0 (97029562)|STATEMENT_EXECUTE|[30]
23:47:55.0 (97060606)|HEAP_ALLOCATE|[30]|Bytes:12
23:47:55.0 (97188727)|HEAP_ALLOCATE|[30]|Bytes:105
23:47:55.0 (97232790)|METHOD_EXIT|[10]|01p50000002D8iw|BFFFollow_Controller.fetchFollowedUsers(Id)
23:47:55.0 (97403860)|VARIABLE_ASSIGNMENT|[EXTERNAL]|this|{"debug":true,"input":"{\"mode\":\"fetchFollow (9 more) ...","operation":"BFFFollow_Controller"}|0x166b84b3
23:47:55.0 (97433060)|VARIABLE_ASSIGNMENT|[EXTERNAL]|value|"[{\"id\":\"00550000005c (85 more) ..."
23:47:55.0 (97469391)|VARIABLE_ASSIGNMENT|[12]|this.output|"[{\"id\":\"00550000005c (85 more) ..."|0x166b84b3
23:47:55.0 (97492526)|STATEMENT_EXECUTE|[11]
23:47:55.0 (97635610)|VARIABLE_ASSIGNMENT|[EXTERNAL]|this|{"debug":true,"input":"{\"mode\":\"fetchFollow (9 more) ...","operation":"BFFFollow_Controller","output":"[{\"id\":\"00550000005c (85 more) ..."}|0x166b84b3
23:47:55.0 (97786606)|VARIABLE_ASSIGNMENT|[EXTERNAL]|this|{"debug":true,"input":"{\"mode\":\"fetchFollow (9 more) ...","operation":"BFFFollow_Controller","output":"[{\"id\":\"00550000005c (85 more) ..."}|0x166b84b3
23:47:55.0 (97814640)|VARIABLE_ASSIGNMENT|[EXTERNAL]|value|true
23:47:55.0 (97829652)|HEAP_ALLOCATE|[15]|Bytes:5
23:47:55.0 (97850526)|VARIABLE_ASSIGNMENT|[15]|this.outputFlag|true|0x166b84b3
23:47:55.0 (97873685)|STATEMENT_EXECUTE|[12]
23:47:55.0 (97877230)|STATEMENT_EXECUTE|[12]
23:47:55.0 (98008285)|USER_DEBUG|[12]|DEBUG|ETLC_ApexBridge_Data:[debug=true, input={"mode":"fetchFollowedUsers"}, isSuccess=null, messages=null, operation=BFFFollow_Controller, output=[{"id":"00550000005cg71AAA","name":"Jaswinder Rattanpal"},{"id":"00550000005d7KnAAI","name":"Test User"}], outputFlag=true, records=null]
23:47:55.0 (98049665)|METHOD_EXIT|[9]|01p50000002D8iw|BFFFollow_Controller.process(ETLC_ApexBridge_Data)
23:47:55.0 (98058149)|STATEMENT_EXECUTE|[24]
23:47:55.0 (98106067)|METHOD_ENTRY|[24]|01p50000002CIEo|ETLC_ApexBridge_Data.toJSON()
23:47:55.0 (98161700)|VARIABLE_SCOPE_BEGIN|[57]|this|ETLC_ApexBridge_Data|true|false
23:47:55.0 (98237853)|VARIABLE_ASSIGNMENT|[57]|this|{"debug":true,"input":"{\"mode\":\"fetchFollow (9 more) ...","operation":"BFFFollow_Controller","output":"[{\"id\":\"00550000005c (85 more) ...","outputFlag":true}|0x166b84b3
23:47:55.0 (98251426)|STATEMENT_EXECUTE|[57]
23:47:55.0 (98254246)|STATEMENT_EXECUTE|[58]
23:47:55.0 (98289360)|METHOD_ENTRY|[58]||System.JSON.serialize(Object)
23:47:55.0 (98479948)|STATEMENT_EXECUTE|[22]
23:47:55.0 (98491863)|STATEMENT_EXECUTE|[23]
23:47:55.0 (98513207)|HEAP_ALLOCATE|[23]|Bytes:5
23:47:55.0 (98537255)|VARIABLE_ASSIGNMENT|[23]|this.isSuccess|true|0x166b84b3
23:47:55.0 (98543427)|STATEMENT_EXECUTE|[24]
23:47:55.0 (98650073)|STATEMENT_EXECUTE|[31]
23:47:55.0 (98661978)|STATEMENT_EXECUTE|[32]
23:47:55.0 (98682397)|HEAP_ALLOCATE|[32]|Bytes:4
23:47:55.0 (98812991)|VARIABLE_ASSIGNMENT|[32]|this.messages|{"s":1,"v":{}}|0x166b84b3
23:47:55.0 (98822544)|STATEMENT_EXECUTE|[33]
23:47:55.0 (99557435)|METHOD_EXIT|[58]||System.JSON.serialize(Object)
23:47:55.0 (99579227)|METHOD_EXIT|[24]|01p50000002CIEo|ETLC_ApexBridge_Data.toJSON()
23:47:55.0 (99595887)|SYSTEM_MODE_EXIT|false
23:47:55.99 (99691433)|CUMULATIVE_LIMIT_USAGE
23:47:55.99 (99691433)|LIMIT_USAGE_FOR_NS|(default)|
  Number of SOQL queries: 1 out of 100
  Number of query rows: 1 out of 50000
  Number of SOSL queries: 0 out of 20
  Number of DML statements: 0 out of 150
  Number of DML rows: 0 out of 10000
  Maximum CPU time: 0 out of 10000
  Maximum heap size: 0 out of 6000000
  Number of callouts: 0 out of 100
  Number of Email Invocations: 0 out of 10
  Number of future calls: 0 out of 50
  Number of queueable jobs added to the queue: 0 out of 50
  Number of Mobile Apex push calls: 0 out of 10

23:47:55.99 (99691433)|CUMULATIVE_LIMIT_USAGE_END

23:47:55.0 (99780510)|CODE_UNIT_FINISHED|ETLC_ApexBridge_Controller.execute
