37.0 APEX_CODE,FINEST;APEX_PROFILING,INFO;CALLOUT,INFO;DB,INFO;SYSTEM,DEBUG;VALIDATION,INFO;VISUALFORCE,INFO;WORKFLOW,INFO
23:41:45.0 (422891)|USER_INFO|[EXTERNAL]|00550000005cg71|bfffollow@jr.te|Eastern Standard Time|GMT-04:00
23:41:45.0 (461445)|EXECUTION_STARTED
23:41:45.0 (467827)|CODE_UNIT_STARTED|[EXTERNAL]|aura
23:41:45.0 (843283)|HEAP_ALLOCATE|[72]|Bytes:3
23:41:45.0 (903716)|HEAP_ALLOCATE|[77]|Bytes:152
23:41:45.0 (921793)|HEAP_ALLOCATE|[342]|Bytes:408
23:41:45.0 (939708)|HEAP_ALLOCATE|[355]|Bytes:408
23:41:45.0 (955621)|HEAP_ALLOCATE|[467]|Bytes:48
23:41:45.0 (1044376)|HEAP_ALLOCATE|[139]|Bytes:6
23:41:45.0 (1084247)|HEAP_ALLOCATE|[EXTERNAL]|Bytes:93
23:41:45.0 (1124475)|HEAP_ALLOCATE|[EXTERNAL]|Bytes:93
23:41:45.0 (2000145)|CODE_UNIT_STARTED|[EXTERNAL]|01p50000002CIEm|ETLC_ApexBridge_Controller.execute
23:41:45.0 (2473603)|HEAP_ALLOCATE|[EXTERNAL]|Bytes:1
23:41:45.0 (2480293)|HEAP_ALLOCATE|[EXTERNAL]|Bytes:10
23:41:45.0 (2513893)|METHOD_ENTRY|[1]|01p50000002CIEm|ETLC_ApexBridge_Controller.ETLC_ApexBridge_Controller()
23:41:45.0 (2518721)|STATEMENT_EXECUTE|[1]
23:41:45.0 (2523258)|STATEMENT_EXECUTE|[1]
23:41:45.0 (2542822)|METHOD_EXIT|[1]|ETLC_ApexBridge_Controller
23:41:45.0 (2548411)|HEAP_ALLOCATE|[EXTERNAL]|Bytes:93
23:41:45.0 (2561824)|SYSTEM_MODE_ENTER|false
23:41:45.0 (2692454)|VARIABLE_SCOPE_BEGIN|[3]|dataJson|String|false|false
23:41:45.0 (2797218)|VARIABLE_ASSIGNMENT|[3]|dataJson|"{\"operation\":\"BFFFol (73 more) ..."
23:41:45.0 (2810836)|STATEMENT_EXECUTE|[3]
23:41:45.0 (2812514)|STATEMENT_EXECUTE|[4]
23:41:45.0 (5040908)|VARIABLE_SCOPE_BEGIN|[4]|data|ETLC_ApexBridge_Data|true|false
23:41:45.0 (5058362)|VARIABLE_ASSIGNMENT|[4]|data|null|
23:41:45.0 (5063163)|STATEMENT_EXECUTE|[5]
23:41:45.0 (5065499)|STATEMENT_EXECUTE|[5]
23:41:45.0 (5067387)|STATEMENT_EXECUTE|[6]
23:41:45.0 (5094380)|HEAP_ALLOCATE|[6]|Bytes:11
23:41:45.0 (5107988)|HEAP_ALLOCATE|[6]|Bytes:248
23:41:45.0 (5114516)|HEAP_ALLOCATE|[6]|Bytes:39
23:41:45.0 (5160130)|METHOD_ENTRY|[2]|01p50000002CIEo|ETLC_ApexBridge_Data.ETLC_ApexBridge_Data()
23:41:45.0 (5163761)|STATEMENT_EXECUTE|[2]
23:41:45.0 (5168442)|STATEMENT_EXECUTE|[2]
23:41:45.0 (5174946)|METHOD_EXIT|[2]|ETLC_ApexBridge_Data
23:41:45.0 (5253650)|METHOD_ENTRY|[6]|01p50000002CIEo|ETLC_ApexBridge_Data.fromJSON(String)
23:41:45.0 (5284517)|VARIABLE_SCOPE_BEGIN|[60]|strJson|String|false|false
23:41:45.0 (5298523)|VARIABLE_ASSIGNMENT|[60]|strJson|"{\"operation\":\"BFFFol (73 more) ..."
23:41:45.0 (5303872)|STATEMENT_EXECUTE|[60]
23:41:45.0 (5305201)|STATEMENT_EXECUTE|[61]
23:41:45.0 (5315107)|HEAP_ALLOCATE|[61]|Bytes:20
23:41:45.0 (5336634)|HEAP_ALLOCATE|[50]|Bytes:5
23:41:45.0 (5359969)|HEAP_ALLOCATE|[56]|Bytes:5
23:41:45.0 (5368372)|HEAP_ALLOCATE|[64]|Bytes:7
23:41:45.0 (5469722)|HEAP_ALLOCATE|[61]|Bytes:24
23:41:45.0 (5502488)|SYSTEM_METHOD_ENTRY|[1]|Type.Type()
23:41:45.0 (5506398)|STATEMENT_EXECUTE|[1]
23:41:45.0 (5520371)|SYSTEM_METHOD_EXIT|[1]|Type
23:41:45.0 (5528368)|HEAP_ALLOCATE|[61]|Bytes:8
23:41:45.0 (5551465)|HEAP_ALLOCATE|[61]|Bytes:8
23:41:45.0 (5557529)|VARIABLE_SCOPE_BEGIN|[4]|this|System.Type|true|false
23:41:45.0 (5612379)|VARIABLE_ASSIGNMENT|[4]|this|{}|0xe1b1e82
23:41:45.0 (5617106)|VARIABLE_SCOPE_BEGIN|[4]|apextype|java:common.apex.runtime.ApexObjectType|true|false
23:41:45.0 (5794177)|VARIABLE_ASSIGNMENT|[4]|apextype|"ETLC_ApexBridge_Data"|0x738ee3a9
23:41:45.0 (5866484)|HEAP_ALLOCATE|[61]|Bytes:8
23:41:45.0 (5905817)|HEAP_ALLOCATE|[61]|Bytes:24
23:41:45.0 (5916338)|SYSTEM_METHOD_ENTRY|[1]|JSON.JSON()
23:41:45.0 (5918507)|STATEMENT_EXECUTE|[1]
23:41:45.0 (5925647)|SYSTEM_METHOD_EXIT|[1]|JSON
23:41:45.0 (5938653)|METHOD_ENTRY|[61]||System.JSON.deserializeStrict(String, System.Type)
23:41:45.0 (6551955)|METHOD_EXIT|[61]||System.JSON.deserializeStrict(String, System.Type)
23:41:45.0 (6562272)|METHOD_EXIT|[6]|01p50000002CIEo|ETLC_ApexBridge_Data.fromJSON(String)
23:41:45.0 (6624929)|VARIABLE_ASSIGNMENT|[6]|data|{"debug":true,"input":"{\"mode\":\"fetchFollow (9 more) ...","operation":"BFFFollow_Controller"}|0x2ffad562
23:41:45.0 (6630506)|STATEMENT_EXECUTE|[7]
23:41:45.0 (6640421)|HEAP_ALLOCATE|[7]|Bytes:6
23:41:45.0 (6714638)|HEAP_ALLOCATE|[7]|Bytes:177
23:41:45.0 (6734153)|HEAP_ALLOCATE|[7]|Bytes:183
23:41:45.0 (6772572)|USER_DEBUG|[7]|DEBUG|data::ETLC_ApexBridge_Data:[debug=true, input={"mode":"fetchFollowedUsers"}, isSuccess=null, messages=null, operation=BFFFollow_Controller, output=null, outputFlag=null, records=null]
23:41:45.0 (6781794)|STATEMENT_EXECUTE|[8]
23:41:45.0 (6841102)|VARIABLE_ASSIGNMENT|[EXTERNAL]|this|{"debug":true,"input":"{\"mode\":\"fetchFollow (9 more) ...","operation":"BFFFollow_Controller"}|0x2ffad562
23:41:45.0 (6861422)|METHOD_ENTRY|[8]||System.Type.forName(String)
23:41:45.0 (8800902)|METHOD_EXIT|[8]||System.Type.forName(String)
23:41:45.0 (8814525)|METHOD_ENTRY|[8]||System.Type.newInstance()
23:41:45.0 (10050468)|STATEMENT_EXECUTE|[1]
23:41:45.0 (10062475)|HEAP_ALLOCATE|[33]|Bytes:5
23:41:45.0 (10074276)|METHOD_EXIT|[1]|BFFFollow_Controller
23:41:45.0 (10090804)|HEAP_ALLOCATE|[33]|Bytes:4
23:41:45.0 (10101616)|VARIABLE_SCOPE_BEGIN|[1]|this|BFFFollow_Controller|true|false
23:41:45.0 (10122121)|VARIABLE_ASSIGNMENT|[1]|this|{}|0x56196f56
23:41:45.0 (10132746)|HEAP_ALLOCATE|[33]|Bytes:5
23:41:45.0 (10141940)|HEAP_ALLOCATE|[33]|Bytes:11
23:41:45.0 (10159529)|METHOD_ENTRY|[1]|01p50000002CIEj|ETLC_ApexBridge_Abstract.ETLC_ApexBridge_Abstract()
23:41:45.0 (10162504)|STATEMENT_EXECUTE|[1]
23:41:45.0 (10166199)|STATEMENT_EXECUTE|[1]
23:41:45.0 (10171527)|METHOD_EXIT|[1]|ETLC_ApexBridge_Abstract
23:41:45.0 (10179196)|CONSTRUCTOR_ENTRY|[EXTERNAL]|01p50000002CIEj|<init>()
23:41:45.0 (10198358)|VARIABLE_SCOPE_BEGIN|[1]|this|ETLC_ApexBridge_Abstract|true|false
23:41:45.0 (10215213)|VARIABLE_ASSIGNMENT|[1]|this|{}|0x56196f56
23:41:45.0 (10230361)|STATEMENT_EXECUTE|[1]
23:41:45.0 (10235247)|CONSTRUCTOR_EXIT|[EXTERNAL]|01p50000002CIEj|<init>()
23:41:45.0 (10240583)|STATEMENT_EXECUTE|[1]
23:41:45.0 (10245486)|HEAP_ALLOCATE|[33]|Bytes:5
23:41:45.0 (10262647)|METHOD_EXIT|[8]||System.Type.newInstance()
23:41:45.0 (10270766)|VARIABLE_SCOPE_BEGIN|[8]|executor|ETLC_ApexBridge_Abstract|true|false
23:41:45.0 (10286015)|VARIABLE_ASSIGNMENT|[8]|executor|{}|0x56196f56
23:41:45.0 (10288860)|STATEMENT_EXECUTE|[9]
23:41:45.0 (10328885)|METHOD_ENTRY|[9]|01p50000002D8iw|BFFFollow_Controller.process(ETLC_ApexBridge_Data)
23:41:45.0 (10352705)|VARIABLE_SCOPE_BEGIN|[3]|this|BFFFollow_Controller|true|false
23:41:45.0 (10368280)|VARIABLE_ASSIGNMENT|[3]|this|{}|0x56196f56
23:41:45.0 (10371895)|VARIABLE_SCOPE_BEGIN|[3]|data|ETLC_ApexBridge_Data|true|false
23:41:45.0 (10397390)|VARIABLE_ASSIGNMENT|[3]|data|{"debug":true,"input":"{\"mode\":\"fetchFollow (9 more) ...","operation":"BFFFollow_Controller"}|0x2ffad562
23:41:45.0 (10406551)|HEAP_ALLOCATE|[4]|Bytes:5
23:41:45.0 (10410487)|STATEMENT_EXECUTE|[3]
23:41:45.0 (10411746)|STATEMENT_EXECUTE|[4]
23:41:45.0 (10489815)|VARIABLE_ASSIGNMENT|[EXTERNAL]|this|{"debug":true,"input":"{\"mode\":\"fetchFollow (9 more) ...","operation":"BFFFollow_Controller"}|0x2ffad562
23:41:45.0 (10511493)|VARIABLE_ASSIGNMENT|[4]|BFFFollow_Controller.debugFlag|true
23:41:45.0 (10549569)|VARIABLE_ASSIGNMENT|[EXTERNAL]|this|{"debug":true,"input":"{\"mode\":\"fetchFollow (9 more) ...","operation":"BFFFollow_Controller"}|0x2ffad562
23:41:45.0 (10561726)|STATEMENT_EXECUTE|[5]
23:41:45.0 (10571048)|HEAP_ALLOCATE|[5]|Bytes:12
23:41:45.0 (10610343)|HEAP_ALLOCATE|[5]|Bytes:177
23:41:45.0 (10624536)|HEAP_ALLOCATE|[5]|Bytes:189
23:41:45.0 (10636453)|USER_DEBUG|[5]|DEBUG|data BEFORE:ETLC_ApexBridge_Data:[debug=true, input={"mode":"fetchFollowedUsers"}, isSuccess=null, messages=null, operation=BFFFollow_Controller, output=null, outputFlag=null, records=null]
23:41:45.0 (10643335)|STATEMENT_EXECUTE|[7]
23:41:45.0 (10650775)|HEAP_ALLOCATE|[7]|Bytes:4
23:41:45.0 (10673428)|METHOD_ENTRY|[7]|01p50000002CIEo|ETLC_ApexBridge_Data.getInputValue(String)
23:41:45.0 (10694606)|VARIABLE_SCOPE_BEGIN|[52]|this|ETLC_ApexBridge_Data|true|false
23:41:45.0 (10723019)|VARIABLE_ASSIGNMENT|[52]|this|{"debug":true,"input":"{\"mode\":\"fetchFollow (9 more) ...","operation":"BFFFollow_Controller"}|0x2ffad562
23:41:45.0 (10728524)|VARIABLE_SCOPE_BEGIN|[52]|key|String|false|false
23:41:45.0 (10732421)|VARIABLE_ASSIGNMENT|[52]|key|"mode"
23:41:45.0 (10736615)|STATEMENT_EXECUTE|[52]
23:41:45.0 (10738008)|STATEMENT_EXECUTE|[53]
23:41:45.0 (10789495)|VARIABLE_ASSIGNMENT|[EXTERNAL]|this|{"debug":true,"input":"{\"mode\":\"fetchFollow (9 more) ...","operation":"BFFFollow_Controller"}|0x2ffad562
23:41:45.0 (10808341)|METHOD_ENTRY|[53]||System.JSON.deserializeUntyped(String)
23:41:45.0 (11025298)|METHOD_EXIT|[53]||System.JSON.deserializeUntyped(String)
23:41:45.0 (11035615)|VARIABLE_SCOPE_BEGIN|[53]|inputMap|Map<String,ANY>|true|false
23:41:45.0 (11063582)|VARIABLE_ASSIGNMENT|[53]|inputMap|{"s":1,"v":{"mode":"fetchFollowedUsers"}}|0x4fa318ab
23:41:45.0 (11067171)|STATEMENT_EXECUTE|[54]
23:41:45.0 (11128800)|METHOD_EXIT|[7]|01p50000002CIEo|ETLC_ApexBridge_Data.getInputValue(String)
23:41:45.0 (11135627)|VARIABLE_SCOPE_BEGIN|[7]|mode|String|false|false
23:41:45.0 (11144036)|VARIABLE_ASSIGNMENT|[7]|mode|"fetchFollowedUsers"
23:41:45.0 (11149029)|HEAP_ALLOCATE|[9]|Bytes:18
23:41:45.0 (11174349)|STATEMENT_EXECUTE|[9]
23:41:45.0 (11176306)|STATEMENT_EXECUTE|[10]
23:41:45.0 (11223967)|HEAP_ALLOCATE|[10]|Bytes:85
23:41:45.0 (11235625)|SYSTEM_METHOD_ENTRY|[1]|UserInfo.UserInfo()
23:41:45.0 (11237802)|STATEMENT_EXECUTE|[1]
23:41:45.0 (11245433)|SYSTEM_METHOD_EXIT|[1]|UserInfo
23:41:45.0 (11256614)|METHOD_ENTRY|[10]||System.UserInfo.getUserId()
23:41:45.0 (11289569)|METHOD_EXIT|[10]||System.UserInfo.getUserId()
23:41:45.0 (11303075)|HEAP_ALLOCATE|[10]|Bytes:4
23:41:45.0 (11318021)|METHOD_ENTRY|[10]|01p50000002D8iw|BFFFollow_Controller.fetchFollowedUsers(Id)
23:41:45.0 (11324936)|VARIABLE_SCOPE_BEGIN|[24]|this|BFFFollow_Controller|true|false
23:41:45.0 (11340661)|VARIABLE_ASSIGNMENT|[24]|this|{}|0x56196f56
23:41:45.0 (11344717)|VARIABLE_SCOPE_BEGIN|[24]|followedById|Id|false|false
23:41:45.0 (11435745)|VARIABLE_ASSIGNMENT|[24]|followedById|"00550000005cg71AAA"
23:41:45.0 (11447184)|HEAP_ALLOCATE|[25]|Bytes:5
23:41:45.0 (11451131)|STATEMENT_EXECUTE|[24]
23:41:45.0 (11452490)|STATEMENT_EXECUTE|[25]
23:41:45.0 (11461344)|HEAP_ALLOCATE|[25]|Bytes:63
23:41:45.0 (11496354)|HEAP_ALLOCATE|[25]|Bytes:18
23:41:45.0 (11507342)|HEAP_ALLOCATE|[25]|Bytes:9
23:41:45.0 (11515992)|HEAP_ALLOCATE|[25]|Bytes:90
23:41:45.0 (11520765)|VARIABLE_SCOPE_BEGIN|[25]|soql|String|false|false
23:41:45.0 (11530262)|VARIABLE_ASSIGNMENT|[25]|soql|"SELECT FollowedUsers (70 more) ..."
23:41:45.0 (11533416)|STATEMENT_EXECUTE|[26]
23:41:45.0 (11534603)|STATEMENT_EXECUTE|[26]
23:41:45.0 (11539055)|STATEMENT_EXECUTE|[27]
23:41:45.0 (11540261)|STATEMENT_EXECUTE|[27]
23:41:45.0 (11548053)|HEAP_ALLOCATE|[27]|Bytes:24
23:41:45.0 (11554157)|HEAP_ALLOCATE|[27]|Bytes:114
23:41:45.0 (11580667)|USER_DEBUG|[27]|DEBUG|fetchFollowedUsers:soql:SELECT FollowedUsers__c FROM BFFFollow__c WHERE FollowedBy__c='00550000005cg71AAA' limit 1
23:41:45.0 (11588764)|STATEMENT_EXECUTE|[28]
23:41:45.0 (13890110)|HEAP_ALLOCATE|[28]|Bytes:9
23:41:45.0 (13898196)|HEAP_ALLOCATE|[28]|Bytes:29
23:41:45.0 (13901719)|HEAP_ALLOCATE|[28]|Bytes:21
23:41:45.0 (13918954)|METHOD_ENTRY|[7]|01p50000002CIEt|ETLC_SecuredDB.ETLC_SecuredDB()
23:41:45.0 (13922320)|STATEMENT_EXECUTE|[7]
23:41:45.0 (13926181)|STATEMENT_EXECUTE|[7]
23:41:45.0 (13932018)|HEAP_ALLOCATE|[28]|Bytes:5
23:41:45.0 (13941554)|METHOD_EXIT|[7]|ETLC_SecuredDB
23:41:45.0 (13971299)|METHOD_ENTRY|[28]|01p50000002CIEt|ETLC_SecuredDB.query(String)
23:41:45.0 (13991314)|VARIABLE_SCOPE_BEGIN|[10]|SOQL|String|false|false
23:41:45.0 (14000856)|VARIABLE_ASSIGNMENT|[10]|SOQL|"SELECT FollowedUsers (70 more) ..."
23:41:45.0 (14010264)|HEAP_ALLOCATE|[12]|Bytes:5
23:41:45.0 (14014382)|STATEMENT_EXECUTE|[10]
23:41:45.0 (14016155)|STATEMENT_EXECUTE|[12]
23:41:45.0 (15028746)|SOQL_EXECUTE_BEGIN|[12]|Aggregations:0|SELECT FollowedUsers__c FROM BFFFollow__c WHERE FollowedBy__c='00550000005cg71AAA' limit 1
23:41:45.0 (18942483)|SOQL_EXECUTE_END|[12]|Rows:1
23:41:45.0 (18979042)|HEAP_ALLOCATE|[12]|Bytes:8
23:41:45.0 (18995480)|HEAP_ALLOCATE|[12]|Bytes:101
23:41:45.0 (19076781)|HEAP_ALLOCATE|[12]|Bytes:8
23:41:45.0 (19097502)|VARIABLE_SCOPE_BEGIN|[12]|dbRecords|List<SObject>|true|false
23:41:45.0 (19146608)|VARIABLE_ASSIGNMENT|[12]|dbRecords|{"s":1,"v":[{"s":2,"v":{"FollowedUsers__c":"[{\"id\":\"00550000005d (28 more) ...","Id":"a005000000ezW4dAAE"}}]}|0x14192e3d
23:41:45.0 (19152165)|STATEMENT_EXECUTE|[20]
23:41:45.0 (19425108)|HEAP_ALLOCATE|[20]|Bytes:12
23:41:45.0 (19435264)|HEAP_ALLOCATE|[20]|Bytes:8
23:41:45.0 (19498371)|HEAP_ALLOCATE|[20]|Bytes:12
23:41:45.0 (19504132)|HEAP_ALLOCATE|[20]|Bytes:9
23:41:45.0 (19517895)|HEAP_ALLOCATE|[20]|Bytes:12
23:41:45.0 (19521671)|HEAP_ALLOCATE|[20]|Bytes:8
23:41:45.0 (19532592)|HEAP_ALLOCATE|[20]|Bytes:12
23:41:45.0 (19536023)|HEAP_ALLOCATE|[20]|Bytes:8
23:41:45.0 (19546597)|HEAP_ALLOCATE|[20]|Bytes:12
23:41:45.0 (19550210)|HEAP_ALLOCATE|[20]|Bytes:9
23:41:45.0 (19582572)|METHOD_ENTRY|[20]|01p50000002CIEt|ETLC_SecuredDB.findFields(List<SObject>)
23:41:45.0 (19608155)|VARIABLE_SCOPE_BEGIN|[108]|dbRecords|List<SObject>|true|false
23:41:45.0 (19634980)|VARIABLE_ASSIGNMENT|[108]|dbRecords|{"s":1,"v":[{"s":2,"v":{"FollowedUsers__c":"[{\"id\":\"00550000005d (28 more) ...","Id":"a005000000ezW4dAAE"}}]}|0x14192e3d
23:41:45.0 (19645676)|HEAP_ALLOCATE|[109]|Bytes:5
23:41:45.0 (19649697)|STATEMENT_EXECUTE|[108]
23:41:45.0 (19651138)|STATEMENT_EXECUTE|[109]
23:41:45.0 (19661294)|VARIABLE_SCOPE_BEGIN|[109]|strJSON|String|false|false
23:41:45.0 (19668047)|VARIABLE_ASSIGNMENT|[109]|strJSON|null
23:41:45.0 (19669965)|STATEMENT_EXECUTE|[110]
23:41:45.0 (19675109)|VARIABLE_SCOPE_BEGIN|[110]|mapFields|Map<String,Set<String>>|true|false
23:41:45.0 (19680337)|VARIABLE_ASSIGNMENT|[110]|mapFields|null|
23:41:45.0 (19682169)|STATEMENT_EXECUTE|[112]
23:41:45.0 (19695957)|METHOD_ENTRY|[112]||System.JSON.serialize(Object)
23:41:45.0 (20159880)|METHOD_EXIT|[112]||System.JSON.serialize(Object)
23:41:45.0 (20176658)|VARIABLE_ASSIGNMENT|[112]|strJSON|"[{\"attributes\":{\"typ (194 more) ..."
23:41:45.0 (20180336)|STATEMENT_EXECUTE|[113]
23:41:45.0 (20190056)|HEAP_ALLOCATE|[113]|Bytes:5
23:41:45.0 (20200349)|HEAP_ALLOCATE|[113]|Bytes:219
23:41:45.0 (20232275)|USER_DEBUG|[113]|DEBUG|JSON:[{"attributes":{"type":"BFFFollow__c","url":"/services/data/v37.0/sobjects/BFFFollow__c/a005000000ezW4dAAE"},"FollowedUsers__c":"[{\"id\":\"00550000005d7KnAAI\",\"name\":\"Test User\"}]","Id":"a005000000ezW4dAAE"}]
23:41:45.0 (20240112)|STATEMENT_EXECUTE|[114]
23:41:45.0 (20249488)|HEAP_ALLOCATE|[114]|Bytes:4
23:41:45.0 (20302381)|VARIABLE_ASSIGNMENT|[114]|mapFields|{"s":1,"v":{}}|0x2eccedb0
23:41:45.0 (20306417)|STATEMENT_EXECUTE|[115]
23:41:45.0 (20319982)|METHOD_ENTRY|[115]||System.JSON.deserializeUntyped(String)
23:41:45.0 (20735308)|METHOD_EXIT|[115]||System.JSON.deserializeUntyped(String)
23:41:45.0 (20745146)|VARIABLE_SCOPE_BEGIN|[115]|records|List<ANY>|true|false
23:41:45.0 (20769071)|HEAP_ALLOCATE|[EXTERNAL]|Bytes:8
23:41:45.0 (20796909)|VARIABLE_ASSIGNMENT|[115]|records|{"s":1,"v":[{"s":2,"v":{"attributes":{"s":3,"v":{"type":"BFFFollow__c","url":"/services/data/v37.0 (41 more) ..."}},"FollowedUsers__c":"[{\"id\":\"00550000005d (28 more) ...","Id":"a005000000ezW4dAAE"}}]}|0x724e341
23:41:45.0 (20844712)|HEAP_ALLOCATE|[116]|Bytes:5
23:41:45.0 (20861076)|HEAP_ALLOCATE|[116]|Bytes:16
23:41:45.0 (20872265)|VARIABLE_SCOPE_BEGIN|[116]|record|Object|false|false
23:41:45.0 (20896196)|VARIABLE_ASSIGNMENT|[116]|record|{"s":1,"v":{"attributes":{"s":2,"v":{"type":"BFFFollow__c","url":"/services/data/v37.0 (41 more) ..."}},"FollowedUsers__c":"[{\"id\":\"00550000005d (28 more) ...","Id":"a005000000ezW4dAAE"}}
23:41:45.0 (20901128)|STATEMENT_EXECUTE|[116]
23:41:45.0 (20902491)|STATEMENT_EXECUTE|[117]
23:41:45.0 (20927814)|METHOD_ENTRY|[117]|01p50000002CIEt|ETLC_SecuredDB.findFieldsRecursive(Map<String,Set<String>>, Map<String,ANY>)
23:41:45.0 (20953495)|VARIABLE_SCOPE_BEGIN|[124]|mapFields|Map<String,Set<String>>|true|false
23:41:45.0 (20966270)|VARIABLE_ASSIGNMENT|[124]|mapFields|{"s":1,"v":{}}|0x2eccedb0
23:41:45.0 (20970080)|VARIABLE_SCOPE_BEGIN|[124]|record|Map<String,ANY>|true|false
23:41:45.0 (20983028)|VARIABLE_ASSIGNMENT|[124]|record|{"s":1,"v":{"attributes":{"s":2,"v":{"type":"BFFFollow__c","url":"/services/data/v37.0 (41 more) ..."}},"FollowedUsers__c":"[{\"id\":\"00550000005d (28 more) ...","Id":"a005000000ezW4dAAE"}}|0x4541489c
23:41:45.0 (20992213)|HEAP_ALLOCATE|[125]|Bytes:5
23:41:45.0 (20996267)|STATEMENT_EXECUTE|[124]
23:41:45.0 (20997694)|STATEMENT_EXECUTE|[125]
23:41:45.0 (21005375)|HEAP_ALLOCATE|[125]|Bytes:10
23:41:45.0 (21011585)|VARIABLE_SCOPE_BEGIN|[125]|strAttributes|String|false|false
23:41:45.0 (21018353)|VARIABLE_ASSIGNMENT|[125]|strAttributes|"attributes"
23:41:45.0 (21020594)|STATEMENT_EXECUTE|[126]
23:41:45.0 (21025565)|HEAP_ALLOCATE|[126]|Bytes:7
23:41:45.0 (21029079)|VARIABLE_SCOPE_BEGIN|[126]|strRecord|String|false|false
23:41:45.0 (21033794)|VARIABLE_ASSIGNMENT|[126]|strRecord|"records"
23:41:45.0 (21070668)|STATEMENT_EXECUTE|[127]
23:41:45.0 (21073092)|STATEMENT_EXECUTE|[128]
23:41:45.0 (21109521)|VARIABLE_SCOPE_BEGIN|[128]|attributes|Map<String,ANY>|true|false
23:41:45.0 (21131763)|VARIABLE_ASSIGNMENT|[128]|attributes|{"s":1,"v":{"type":"BFFFollow__c","url":"/services/data/v37.0 (41 more) ..."}}|0xd702c56
23:41:45.0 (21135895)|STATEMENT_EXECUTE|[129]
23:41:45.0 (21143813)|HEAP_ALLOCATE|[129]|Bytes:4
23:41:45.0 (21177858)|VARIABLE_SCOPE_BEGIN|[129]|objectName|String|false|false
23:41:45.0 (21186057)|VARIABLE_ASSIGNMENT|[129]|objectName|"BFFFollow__c"
23:41:45.0 (21195357)|HEAP_ALLOCATE|[130]|Bytes:4
23:41:45.0 (21260946)|HEAP_ALLOCATE|[130]|Bytes:44
23:41:45.0 (21291619)|HEAP_ALLOCATE|[130]|Bytes:12
23:41:45.0 (21318695)|HEAP_ALLOCATE|[130]|Bytes:5
23:41:45.0 (21332946)|VARIABLE_SCOPE_BEGIN|[130]|fieldName|String|false|false
23:41:45.0 (21341245)|VARIABLE_ASSIGNMENT|[130]|fieldName|"attributes"
23:41:45.0 (21344574)|STATEMENT_EXECUTE|[130]
23:41:45.0 (21345852)|STATEMENT_EXECUTE|[131]
23:41:45.0 (21388937)|VARIABLE_SCOPE_BEGIN|[131]|field|Object|false|false
23:41:45.0 (21407883)|VARIABLE_ASSIGNMENT|[131]|field|{"s":1,"v":{"type":"BFFFollow__c","url":"/services/data/v37.0 (41 more) ..."}}
23:41:45.0 (21431295)|STATEMENT_EXECUTE|[132]
23:41:45.0 (21447951)|HEAP_ALLOCATE|[130]|Bytes:5
23:41:45.0 (21460393)|VARIABLE_SCOPE_BEGIN|[130]|fieldName|String|false|false
23:41:45.0 (21468484)|VARIABLE_ASSIGNMENT|[130]|fieldName|"FollowedUsers__c"
23:41:45.0 (21471151)|STATEMENT_EXECUTE|[130]
23:41:45.0 (21472273)|STATEMENT_EXECUTE|[131]
23:41:45.0 (21491090)|VARIABLE_SCOPE_BEGIN|[131]|field|Object|false|false
23:41:45.0 (21501862)|VARIABLE_ASSIGNMENT|[131]|field|"[{\"id\":\"00550000005d (28 more) ..."
23:41:45.0 (21513712)|HEAP_ALLOCATE|[134]|Bytes:68
23:41:45.0 (21533941)|STATEMENT_EXECUTE|[136]
23:41:45.0 (21535766)|STATEMENT_EXECUTE|[137]
23:41:45.0 (21545004)|HEAP_ALLOCATE|[137]|Bytes:4
23:41:45.0 (21583990)|VARIABLE_SCOPE_BEGIN|[137]|fieldNames|Set<String>|true|false
23:41:45.0 (21607955)|VARIABLE_ASSIGNMENT|[137]|fieldNames|{"s":1,"v":[]}|0x64862c0c
23:41:45.0 (21642227)|STATEMENT_EXECUTE|[138]
23:41:45.0 (21650025)|STATEMENT_EXECUTE|[139]
23:41:45.0 (21699584)|HEAP_ALLOCATE|[EXTERNAL]|Bytes:4
23:41:45.0 (21714192)|STATEMENT_EXECUTE|[140]
23:41:45.0 (21764697)|HEAP_ALLOCATE|[EXTERNAL]|Bytes:-4
23:41:45.0 (21788357)|HEAP_ALLOCATE|[130]|Bytes:5
23:41:45.0 (21808377)|VARIABLE_SCOPE_BEGIN|[130]|fieldName|String|false|false
23:41:45.0 (21820043)|VARIABLE_ASSIGNMENT|[130]|fieldName|"Id"
23:41:45.0 (21824277)|STATEMENT_EXECUTE|[130]
23:41:45.0 (21826401)|STATEMENT_EXECUTE|[131]
23:41:45.0 (21858116)|VARIABLE_SCOPE_BEGIN|[131]|field|Object|false|false
23:41:45.0 (21873528)|VARIABLE_ASSIGNMENT|[131]|field|"a005000000ezW4dAAE"
23:41:45.0 (21897585)|STATEMENT_EXECUTE|[136]
23:41:45.0 (21900627)|STATEMENT_EXECUTE|[137]
23:41:45.0 (21912247)|HEAP_ALLOCATE|[137]|Bytes:4
23:41:45.0 (21929535)|VARIABLE_SCOPE_BEGIN|[137]|fieldNames|Set<String>|true|false
23:41:45.0 (21955403)|VARIABLE_ASSIGNMENT|[137]|fieldNames|{"s":1,"v":[]}|0x2b4c9da8
23:41:45.0 (21976336)|STATEMENT_EXECUTE|[138]
23:41:45.0 (22019387)|VARIABLE_ASSIGNMENT|[138]|fieldNames|{"s":1,"v":["FollowedUsers__c"]}|0x64862c0c
23:41:45.0 (22026367)|STATEMENT_EXECUTE|[139]
23:41:45.0 (22045876)|HEAP_ALLOCATE|[EXTERNAL]|Bytes:4
23:41:45.0 (22078861)|STATEMENT_EXECUTE|[140]
23:41:45.0 (22118399)|HEAP_ALLOCATE|[130]|Bytes:5
23:41:45.0 (22143158)|VARIABLE_ASSIGNMENT|[130]|fieldName|null
23:41:45.0 (22157733)|METHOD_EXIT|[117]|01p50000002CIEt|ETLC_SecuredDB.findFieldsRecursive(Map<String,Set<String>>, Map<String,ANY>)
23:41:45.0 (22176169)|HEAP_ALLOCATE|[116]|Bytes:5
23:41:45.0 (22201167)|VARIABLE_ASSIGNMENT|[116]|record|null
23:41:45.0 (22210188)|HEAP_ALLOCATE|[119]|Bytes:4
23:41:45.0 (22274014)|HEAP_ALLOCATE|[119]|Bytes:20
23:41:45.0 (22293745)|HEAP_ALLOCATE|[119]|Bytes:4
23:41:45.0 (22322923)|HEAP_ALLOCATE|[119]|Bytes:5
23:41:45.0 (22341755)|VARIABLE_SCOPE_BEGIN|[119]|objectName|String|false|false
23:41:45.0 (22365626)|VARIABLE_ASSIGNMENT|[119]|objectName|"BFFFollow__c"
23:41:45.0 (22370664)|STATEMENT_EXECUTE|[119]
23:41:45.0 (22372808)|STATEMENT_EXECUTE|[120]
23:41:45.0 (22383872)|HEAP_ALLOCATE|[120]|Bytes:2
23:41:45.0 (22485222)|HEAP_ALLOCATE|[120]|Bytes:22
23:41:45.0 (22511066)|HEAP_ALLOCATE|[120]|Bytes:36
23:41:45.0 (22531277)|USER_DEBUG|[120]|DEBUG|BFFFollow__c: {FollowedUsers__c, Id}
23:41:45.0 (22552022)|HEAP_ALLOCATE|[119]|Bytes:5
23:41:45.0 (22565474)|VARIABLE_ASSIGNMENT|[119]|objectName|null
23:41:45.0 (22570371)|STATEMENT_EXECUTE|[122]
23:41:45.0 (22604439)|METHOD_EXIT|[20]|01p50000002CIEt|ETLC_SecuredDB.findFields(List<SObject>)
23:41:45.0 (22631139)|METHOD_ENTRY|[20]|01p50000002CIEt|ETLC_SecuredDB.validate(ETLC_SecuredDB.Operation, Map<String,Set<String>>)
23:41:45.0 (22639253)|VARIABLE_SCOPE_BEGIN|[55]|op|ETLC_SecuredDB.Operation|true|false
23:41:45.0 (22659798)|VARIABLE_ASSIGNMENT|[55]|op|"Querying"|0x24405a1d
23:41:45.0 (22664163)|VARIABLE_SCOPE_BEGIN|[55]|mapFieldNames|Map<String,Set<String>>|true|false
23:41:45.0 (22691631)|VARIABLE_ASSIGNMENT|[55]|mapFieldNames|{"s":1,"v":{"BFFFollow__c":{"s":2,"v":["FollowedUsers__c","Id"]}}}|0x2eccedb0
23:41:45.0 (22706601)|HEAP_ALLOCATE|[56]|Bytes:5
23:41:45.0 (22713251)|STATEMENT_EXECUTE|[55]
23:41:45.0 (22715111)|STATEMENT_EXECUTE|[56]
23:41:45.0 (22724589)|VARIABLE_SCOPE_BEGIN|[56]|securityMessage|String|false|false
23:41:45.0 (22731224)|VARIABLE_ASSIGNMENT|[56]|securityMessage|null
23:41:45.0 (22733298)|STATEMENT_EXECUTE|[57]
23:41:45.0 (39837745)|HEAP_ALLOCATE|[57]|Bytes:1440
23:41:45.0 (39871256)|VARIABLE_SCOPE_BEGIN|[57]|mapObjects|Map<String,Schema.SObjectType>|true|false
23:41:45.0 (40106185)|VARIABLE_ASSIGNMENT|[57]|mapObjects|"{acceptedeventrelation=AcceptedEventRelation, account=Account, accountcontactrole=AccountContactRole, accountfeed=AccountFeed, accounthistory=AccountHistory, accountpartner=AccountPartner, accountshare=AccountShare, actionlinkgrouptemplate=ActionLinkGroupTemplate, actionlinktemplate=ActionLinkTemplate, activityhistory=ActivityHistory, ...}"|0x7173e4d5
23:41:45.0 (40123698)|HEAP_ALLOCATE|[58]|Bytes:4
23:41:45.0 (40207714)|HEAP_ALLOCATE|[58]|Bytes:20
23:41:45.0 (40226834)|HEAP_ALLOCATE|[58]|Bytes:4
23:41:45.0 (40252579)|HEAP_ALLOCATE|[58]|Bytes:5
23:41:45.0 (40268654)|VARIABLE_SCOPE_BEGIN|[58]|sObjectName|String|false|false
23:41:45.0 (40279411)|VARIABLE_ASSIGNMENT|[58]|sObjectName|"BFFFollow__c"
23:41:45.0 (40284661)|STATEMENT_EXECUTE|[58]
23:41:45.0 (40286596)|STATEMENT_EXECUTE|[59]
23:41:45.0 (40302041)|HEAP_ALLOCATE|[59]|Bytes:9
23:41:45.0 (40306658)|HEAP_ALLOCATE|[59]|Bytes:7
23:41:45.0 (40381056)|HEAP_ALLOCATE|[59]|Bytes:8
23:41:45.0 (40395552)|HEAP_ALLOCATE|[59]|Bytes:1
23:41:45.0 (40408355)|HEAP_ALLOCATE|[59]|Bytes:37
23:41:45.0 (40420862)|VARIABLE_ASSIGNMENT|[59]|securityMessage|"CRUD on [BFFFollow__ (17 more) ..."
23:41:45.0 (40424206)|STATEMENT_EXECUTE|[60]
23:41:45.0 (40432760)|HEAP_ALLOCATE|[60]|Bytes:10
23:41:45.0 (40440544)|HEAP_ALLOCATE|[60]|Bytes:47
23:41:45.0 (40476863)|USER_DEBUG|[60]|DEBUG|Checking: CRUD on [BFFFollow__c] for [Querying]
23:41:45.0 (40485782)|STATEMENT_EXECUTE|[61]
23:41:45.0 (40773464)|HEAP_ALLOCATE|[61]|Bytes:4
23:41:45.0 (40818629)|VARIABLE_SCOPE_BEGIN|[61]|drSObj|Schema.DescribeSObjectResult|true|false
23:41:45.0 (40897604)|VARIABLE_ASSIGNMENT|[61]|drSObj|"common.api.soap.wsdl.DescribeSObjectResult@a54f9caa"|0x13bec5a8
23:41:45.0 (41091044)|STATEMENT_EXECUTE|[64]
23:41:45.0 (41118858)|STATEMENT_EXECUTE|[65]
23:41:45.0 (41181012)|STATEMENT_EXECUTE|[77]
23:41:45.0 (41183777)|STATEMENT_EXECUTE|[79]
23:41:45.0 (41428813)|HEAP_ALLOCATE|[79]|Bytes:56
23:41:45.0 (41439909)|VARIABLE_SCOPE_BEGIN|[79]|mapFields|Map<String,Schema.SObjectField>|true|false
23:41:45.0 (41599281)|VARIABLE_ASSIGNMENT|[79]|mapFields|"{createdbyid=CreatedById, createddate=CreatedDate, followedby__c=FollowedBy__c, followedusers__c=FollowedUsers__c, id=Id, isdeleted=IsDeleted, lastmodifiedbyid=LastModifiedById, lastmodifieddate=LastModifiedDate, lastreferenceddate=LastReferencedDate, lastvieweddate=LastViewedDate, ...}"|0x5b561a3a
23:41:45.0 (41610625)|HEAP_ALLOCATE|[80]|Bytes:4
23:41:45.0 (41657658)|HEAP_ALLOCATE|[80]|Bytes:8
23:41:45.0 (41678176)|HEAP_ALLOCATE|[80]|Bytes:5
23:41:45.0 (41691450)|VARIABLE_SCOPE_BEGIN|[80]|fieldName|String|false|false
23:41:45.0 (41700557)|VARIABLE_ASSIGNMENT|[80]|fieldName|"FollowedUsers__c"
23:41:45.0 (41703881)|STATEMENT_EXECUTE|[80]
23:41:45.0 (41705084)|STATEMENT_EXECUTE|[81]
23:41:45.0 (42527389)|HEAP_ALLOCATE|[81]|Bytes:8
23:41:45.0 (42561806)|VARIABLE_SCOPE_BEGIN|[81]|drField|Schema.DescribeFieldResult|true|false
23:41:45.0 (42631320)|VARIABLE_ASSIGNMENT|[81]|drField|"common.api.soap.wsdl.Field@a750b129"|0x63a232e9
23:41:45.0 (42654142)|STATEMENT_EXECUTE|[82]
23:41:45.0 (42655951)|STATEMENT_EXECUTE|[83]
23:41:45.0 (42665588)|HEAP_ALLOCATE|[83]|Bytes:8
23:41:45.0 (42669977)|HEAP_ALLOCATE|[83]|Bytes:1
23:41:45.0 (42709510)|HEAP_ALLOCATE|[83]|Bytes:8
23:41:45.0 (42727856)|HEAP_ALLOCATE|[83]|Bytes:52
23:41:45.0 (42733873)|HEAP_ALLOCATE|[83]|Bytes:53
23:41:45.0 (42744129)|VARIABLE_ASSIGNMENT|[83]|securityMessage|"FLS on [BFFFollow__c (33 more) ..."
23:41:45.0 (42747392)|STATEMENT_EXECUTE|[84]
23:41:45.0 (42757545)|HEAP_ALLOCATE|[84]|Bytes:63
23:41:45.0 (42781381)|USER_DEBUG|[84]|DEBUG|Checking: FLS on [BFFFollow__c.FollowedUsers__c] for [Querying]
23:41:45.0 (42907498)|STATEMENT_EXECUTE|[87]
23:41:45.0 (42923641)|STATEMENT_EXECUTE|[88]
23:41:45.0 (42941040)|HEAP_ALLOCATE|[80]|Bytes:5
23:41:45.0 (42954299)|VARIABLE_SCOPE_BEGIN|[80]|fieldName|String|false|false
23:41:45.0 (42962662)|VARIABLE_ASSIGNMENT|[80]|fieldName|"Id"
23:41:45.0 (42969671)|STATEMENT_EXECUTE|[80]
23:41:45.0 (42971051)|STATEMENT_EXECUTE|[81]
23:41:45.0 (43142378)|HEAP_ALLOCATE|[81]|Bytes:8
23:41:45.0 (43154616)|VARIABLE_SCOPE_BEGIN|[81]|drField|Schema.DescribeFieldResult|true|false
23:41:45.0 (43218579)|VARIABLE_ASSIGNMENT|[81]|drField|"common.api.soap.wsdl.Field@e2cfee93"|0x1cd54cf8
23:41:45.0 (43231697)|STATEMENT_EXECUTE|[99]
23:41:45.0 (43233286)|STATEMENT_EXECUTE|[100]
23:41:45.0 (43242897)|HEAP_ALLOCATE|[100]|Bytes:22
23:41:45.0 (43284479)|HEAP_ALLOCATE|[100]|Bytes:8
23:41:45.0 (43298725)|HEAP_ALLOCATE|[100]|Bytes:52
23:41:45.0 (43303334)|HEAP_ALLOCATE|[100]|Bytes:35
23:41:45.0 (43308160)|HEAP_ALLOCATE|[100]|Bytes:87
23:41:45.0 (43319548)|USER_DEBUG|[100]|DEBUG|Bypass Check: FLS on [BFFFollow__c.Id] for [Querying] since it's not isPermissionable()
23:41:45.0 (43333507)|HEAP_ALLOCATE|[80]|Bytes:5
23:41:45.0 (43345890)|VARIABLE_ASSIGNMENT|[80]|fieldName|null
23:41:45.0 (43354984)|HEAP_ALLOCATE|[58]|Bytes:5
23:41:45.0 (43363710)|VARIABLE_ASSIGNMENT|[58]|sObjectName|null
23:41:45.0 (43378352)|METHOD_EXIT|[20]|01p50000002CIEt|ETLC_SecuredDB.validate(ETLC_SecuredDB.Operation, Map<String,Set<String>>)
23:41:45.0 (43383281)|STATEMENT_EXECUTE|[21]
23:41:45.0 (43396985)|METHOD_EXIT|[28]|01p50000002CIEt|ETLC_SecuredDB.query(String)
23:41:45.0 (43403124)|VARIABLE_SCOPE_BEGIN|[28]|dbRecords|List<SObject>|true|false
23:41:45.0 (43438994)|VARIABLE_ASSIGNMENT|[28]|dbRecords|{"s":1,"v":[{"s":2,"v":{"FollowedUsers__c":"[{\"id\":\"00550000005d (28 more) ...","Id":"a005000000ezW4dAAE"}}]}|0x14192e3d
23:41:45.0 (43448515)|STATEMENT_EXECUTE|[29]
23:41:45.0 (43450008)|STATEMENT_EXECUTE|[29]
23:41:45.0 (43519139)|USER_DEBUG|[29]|DEBUG|(BFFFollow__c:{FollowedUsers__c=[{"id":"00550000005d7KnAAI","name":"Test User"}], Id=a005000000ezW4dAAE})
23:41:45.0 (43621194)|STATEMENT_EXECUTE|[30]
23:41:45.0 (43626691)|STATEMENT_EXECUTE|[31]
23:41:45.0 (43628066)|STATEMENT_EXECUTE|[32]
23:41:45.0 (43636840)|HEAP_ALLOCATE|[32]|Bytes:18
23:41:45.0 (43649637)|HEAP_ALLOCATE|[32]|Bytes:12
23:41:45.0 (43654910)|HEAP_ALLOCATE|[32]|Bytes:16
23:41:45.0 (43721717)|HEAP_ALLOCATE|[32]|Bytes:48
23:41:45.0 (43742047)|HEAP_ALLOCATE|[32]|Bytes:48
23:41:45.0 (43751828)|HEAP_ALLOCATE|[32]|Bytes:66
23:41:45.0 (43762570)|USER_DEBUG|[32]|DEBUG|FollowedUsers__c::[{"id":"00550000005d7KnAAI","name":"Test User"}]
23:41:45.0 (43768553)|STATEMENT_EXECUTE|[34]
23:41:45.0 (43782194)|HEAP_ALLOCATE|[34]|Bytes:12
23:41:45.0 (43832518)|HEAP_ALLOCATE|[34]|Bytes:48
23:41:45.0 (43852029)|METHOD_EXIT|[10]|01p50000002D8iw|BFFFollow_Controller.fetchFollowedUsers(Id)
23:41:45.0 (43930519)|VARIABLE_ASSIGNMENT|[EXTERNAL]|this|{"debug":true,"input":"{\"mode\":\"fetchFollow (9 more) ...","operation":"BFFFollow_Controller"}|0x2ffad562
23:41:45.0 (43940615)|VARIABLE_ASSIGNMENT|[EXTERNAL]|value|"[{\"id\":\"00550000005d (28 more) ..."
23:41:45.0 (43956408)|VARIABLE_ASSIGNMENT|[12]|this.output|"[{\"id\":\"00550000005d (28 more) ..."|0x2ffad562
23:41:45.0 (43967796)|STATEMENT_EXECUTE|[11]
23:41:45.0 (44030497)|VARIABLE_ASSIGNMENT|[EXTERNAL]|this|{"debug":true,"input":"{\"mode\":\"fetchFollow (9 more) ...","operation":"BFFFollow_Controller","output":"[{\"id\":\"00550000005d (28 more) ..."}|0x2ffad562
23:41:45.0 (44090495)|VARIABLE_ASSIGNMENT|[EXTERNAL]|this|{"debug":true,"input":"{\"mode\":\"fetchFollow (9 more) ...","operation":"BFFFollow_Controller","output":"[{\"id\":\"00550000005d (28 more) ..."}|0x2ffad562
23:41:45.0 (44100111)|VARIABLE_ASSIGNMENT|[EXTERNAL]|value|true
23:41:45.0 (44105565)|HEAP_ALLOCATE|[15]|Bytes:5
23:41:45.0 (44113293)|VARIABLE_ASSIGNMENT|[15]|this.outputFlag|true|0x2ffad562
23:41:45.0 (44124102)|STATEMENT_EXECUTE|[19]
23:41:45.0 (44126950)|STATEMENT_EXECUTE|[19]
23:41:45.0 (44135381)|HEAP_ALLOCATE|[19]|Bytes:11
23:41:45.0 (44197576)|HEAP_ALLOCATE|[19]|Bytes:221
23:41:45.0 (44212848)|HEAP_ALLOCATE|[19]|Bytes:232
23:41:45.0 (44223980)|USER_DEBUG|[19]|DEBUG|data AFTER:ETLC_ApexBridge_Data:[debug=true, input={"mode":"fetchFollowedUsers"}, isSuccess=null, messages=null, operation=BFFFollow_Controller, output=[{"id":"00550000005d7KnAAI","name":"Test User"}], outputFlag=true, records=null]
23:41:45.0 (44238357)|METHOD_EXIT|[9]|01p50000002D8iw|BFFFollow_Controller.process(ETLC_ApexBridge_Data)
23:41:45.0 (44242967)|STATEMENT_EXECUTE|[24]
23:41:45.0 (44263183)|METHOD_ENTRY|[24]|01p50000002CIEo|ETLC_ApexBridge_Data.toJSON()
23:41:45.0 (44283790)|VARIABLE_SCOPE_BEGIN|[57]|this|ETLC_ApexBridge_Data|true|false
23:41:45.0 (44316738)|VARIABLE_ASSIGNMENT|[57]|this|{"debug":true,"input":"{\"mode\":\"fetchFollow (9 more) ...","operation":"BFFFollow_Controller","output":"[{\"id\":\"00550000005d (28 more) ...","outputFlag":true}|0x2ffad562
23:41:45.0 (44323019)|STATEMENT_EXECUTE|[57]
23:41:45.0 (44324303)|STATEMENT_EXECUTE|[58]
23:41:45.0 (44340056)|METHOD_ENTRY|[58]||System.JSON.serialize(Object)
23:41:45.0 (44441528)|STATEMENT_EXECUTE|[22]
23:41:45.0 (44446073)|STATEMENT_EXECUTE|[23]
23:41:45.0 (44455639)|HEAP_ALLOCATE|[23]|Bytes:5
23:41:45.0 (44465236)|VARIABLE_ASSIGNMENT|[23]|this.isSuccess|true|0x2ffad562
23:41:45.0 (44467715)|STATEMENT_EXECUTE|[24]
23:41:45.0 (44513818)|STATEMENT_EXECUTE|[31]
23:41:45.0 (44518090)|STATEMENT_EXECUTE|[32]
23:41:45.0 (44526737)|HEAP_ALLOCATE|[32]|Bytes:4
23:41:45.0 (44589241)|VARIABLE_ASSIGNMENT|[32]|this.messages|{"s":1,"v":{}}|0x2ffad562
23:41:45.0 (44593602)|STATEMENT_EXECUTE|[33]
23:41:45.0 (44911241)|METHOD_EXIT|[58]||System.JSON.serialize(Object)
23:41:45.0 (44918023)|METHOD_EXIT|[24]|01p50000002CIEo|ETLC_ApexBridge_Data.toJSON()
23:41:45.0 (44929204)|SYSTEM_MODE_EXIT|false
23:41:45.44 (44975595)|CUMULATIVE_LIMIT_USAGE
23:41:45.44 (44975595)|LIMIT_USAGE_FOR_NS|(default)|
  Number of SOQL queries: 1 out of 100
  Number of query rows: 1 out of 50000
  Number of SOSL queries: 0 out of 20
  Number of DML statements: 0 out of 150
  Number of DML rows: 0 out of 10000
  Maximum CPU time: 0 out of 10000
  Maximum heap size: 0 out of 6000000
  Number of callouts: 0 out of 100
  Number of Email Invocations: 0 out of 10
  Number of future calls: 0 out of 50
  Number of queueable jobs added to the queue: 0 out of 50
  Number of Mobile Apex push calls: 0 out of 10

23:41:45.44 (44975595)|CUMULATIVE_LIMIT_USAGE_END

23:41:45.0 (45032534)|CODE_UNIT_FINISHED|ETLC_ApexBridge_Controller.execute
