37.0 APEX_CODE,FINEST;APEX_PROFILING,INFO;CALLOUT,INFO;DB,INFO;SYSTEM,DEBUG;VALIDATION,INFO;VISUALFORCE,INFO;WORKFLOW,INFO
16:07:55.0 (472845)|USER_INFO|[EXTERNAL]|00550000005cg71|bfffollow@jr.te|Eastern Standard Time|GMT-04:00
16:07:55.0 (889510)|HEAP_ALLOCATE|[72]|Bytes:3
16:07:55.0 (947077)|HEAP_ALLOCATE|[77]|Bytes:152
16:07:55.0 (965578)|HEAP_ALLOCATE|[342]|Bytes:408
16:07:55.0 (980763)|HEAP_ALLOCATE|[355]|Bytes:408
16:07:55.0 (994643)|HEAP_ALLOCATE|[467]|Bytes:48
16:07:55.2 (2243045)|USER_INFO|[EXTERNAL]|00550000005cg71|bfffollow@jr.te|Eastern Standard Time|GMT-04:00
16:07:55.2 (2872541)|STATEMENT_EXECUTE|[1]
16:07:55.2 (2881042)|METHOD_EXIT|[1]|ETLC_ApexBridge_Controller
16:07:55.2 (2886364)|HEAP_ALLOCATE|[EXTERNAL]|Bytes:122
16:07:55.2 (2902818)|SYSTEM_MODE_ENTER|false
16:07:55.2 (2912075)|VARIABLE_SCOPE_BEGIN|[3]|dataJson|String|false|false
16:07:55.2 (2958178)|VARIABLE_ASSIGNMENT|[3]|dataJson|"{\"operation\":\"BFFFol (102 more) ..."
16:07:55.2 (2973053)|STATEMENT_EXECUTE|[3]
16:07:55.2 (2974777)|STATEMENT_EXECUTE|[4]
16:07:55.2 (3436145)|VARIABLE_SCOPE_BEGIN|[4]|data|BFFFollow.ETLC_ApexBridge_Data|true|false
16:07:55.2 (3449394)|VARIABLE_ASSIGNMENT|[4]|data|null|
16:07:55.2 (3452400)|STATEMENT_EXECUTE|[5]
16:07:55.2 (3453955)|STATEMENT_EXECUTE|[5]
16:07:55.2 (3455102)|STATEMENT_EXECUTE|[6]
16:07:55.2 (3471696)|HEAP_ALLOCATE|[6]|Bytes:11
16:07:55.2 (3478199)|HEAP_ALLOCATE|[6]|Bytes:248
16:07:55.2 (3481256)|HEAP_ALLOCATE|[6]|Bytes:39
16:07:55.2 (3506377)|METHOD_ENTRY|[2]|01p50000002CIEo|ETLC_ApexBridge_Data.ETLC_ApexBridge_Data()
16:07:55.2 (3509247)|STATEMENT_EXECUTE|[2]
16:07:55.2 (3512388)|STATEMENT_EXECUTE|[2]
16:07:55.2 (3516856)|METHOD_EXIT|[2]|ETLC_ApexBridge_Data
16:07:55.2 (3532053)|METHOD_ENTRY|[6]|01p50000002CIEo|BFFFollow.ETLC_ApexBridge_Data.fromJSON(String)
16:07:55.2 (3552218)|VARIABLE_SCOPE_BEGIN|[60]|strJson|String|false|false
16:07:55.2 (3561769)|VARIABLE_ASSIGNMENT|[60]|strJson|"{\"operation\":\"BFFFol (102 more) ..."
16:07:55.2 (3566519)|STATEMENT_EXECUTE|[60]
16:07:55.2 (3568065)|STATEMENT_EXECUTE|[61]
16:07:55.2 (3576530)|HEAP_ALLOCATE|[61]|Bytes:30
16:07:55.2 (3596458)|HEAP_ALLOCATE|[50]|Bytes:5
16:07:55.2 (3617972)|HEAP_ALLOCATE|[56]|Bytes:5
16:07:55.2 (3626512)|HEAP_ALLOCATE|[64]|Bytes:7
16:07:55.2 (3718320)|HEAP_ALLOCATE|[61]|Bytes:24
16:07:55.2 (3728948)|SYSTEM_METHOD_ENTRY|[1]|Type.Type()
16:07:55.2 (3731644)|STATEMENT_EXECUTE|[1]
16:07:55.2 (3738036)|SYSTEM_METHOD_EXIT|[1]|Type
16:07:55.2 (3742970)|HEAP_ALLOCATE|[61]|Bytes:8
16:07:55.2 (3760505)|HEAP_ALLOCATE|[61]|Bytes:8
16:07:55.2 (3765040)|VARIABLE_SCOPE_BEGIN|[4]|this|System.Type|true|false
16:07:55.2 (3800704)|VARIABLE_ASSIGNMENT|[4]|this|{}|0x1dddaa29
16:07:55.2 (3804829)|VARIABLE_SCOPE_BEGIN|[4]|apextype|java:common.apex.runtime.ApexObjectType|true|false
16:07:55.2 (4007453)|VARIABLE_ASSIGNMENT|[4]|apextype|"BFFFollow.ETLC_ApexBridge_Data"|0x584c82e3
16:07:55.2 (4074577)|HEAP_ALLOCATE|[61]|Bytes:8
16:07:55.2 (4122308)|HEAP_ALLOCATE|[61]|Bytes:24
16:07:55.2 (4132112)|SYSTEM_METHOD_ENTRY|[1]|JSON.JSON()
16:07:55.2 (4134490)|STATEMENT_EXECUTE|[1]
16:07:55.2 (4140337)|SYSTEM_METHOD_EXIT|[1]|JSON
16:07:55.2 (4153458)|METHOD_ENTRY|[61]||System.JSON.deserializeStrict(String, System.Type)
16:07:55.2 (4414455)|METHOD_EXIT|[61]||System.JSON.deserializeStrict(String, System.Type)
16:07:55.2 (4425590)|METHOD_EXIT|[6]|01p50000002CIEo|BFFFollow.ETLC_ApexBridge_Data.fromJSON(String)
16:07:55.2 (4459490)|VARIABLE_ASSIGNMENT|[6]|data|{"debug":true,"input":"{\"mode\":\"fetchUserFe (34 more) ...","operation":"BFFFollow_Controller"}|0x2f26b947
16:07:55.2 (4464241)|STATEMENT_EXECUTE|[7]
16:07:55.2 (4474453)|HEAP_ALLOCATE|[7]|Bytes:6
16:07:55.2 (4501688)|ENTERING_MANAGED_PKG|
16:07:55.2 (4556411)|HEAP_ALLOCATE|[7]|Bytes:202
16:07:55.2 (4575477)|HEAP_ALLOCATE|[7]|Bytes:208
16:07:55.2 (4593960)|ENTERING_MANAGED_PKG|
16:07:55.2 (4599785)|USER_DEBUG|[7]|DEBUG|data::ETLC_ApexBridge_Data:[debug=true, input={"mode":"fetchUserFeed","userId":"00550000005d7KnAAI"}, isSuccess=null, messages=null, operation=BFFFollow_Controller, output=null, outputFlag=null, records=null]
16:07:55.2 (4607239)|STATEMENT_EXECUTE|[8]
16:07:55.2 (4658937)|VARIABLE_ASSIGNMENT|[EXTERNAL]|this|{"debug":true,"input":"{\"mode\":\"fetchUserFe (34 more) ...","operation":"BFFFollow_Controller"}|0x2f26b947
16:07:55.2 (4677557)|METHOD_ENTRY|[8]||System.Type.forName(String)
16:07:55.2 (5333364)|METHOD_EXIT|[8]||System.Type.forName(String)
16:07:55.2 (5346764)|METHOD_ENTRY|[8]||System.Type.newInstance()
16:07:55.2 (5840024)|STATEMENT_EXECUTE|[1]
16:07:55.2 (5850211)|HEAP_ALLOCATE|[33]|Bytes:5
16:07:55.2 (5859384)|METHOD_EXIT|[1]|BFFFollow_Controller
16:07:55.2 (5864693)|HEAP_ALLOCATE|[33]|Bytes:4
16:07:55.2 (5868732)|VARIABLE_SCOPE_BEGIN|[1]|this|BFFFollow.BFFFollow_Controller|true|false
16:07:55.2 (5886334)|VARIABLE_ASSIGNMENT|[1]|this|{}|0x548c794e
16:07:55.2 (5893970)|HEAP_ALLOCATE|[33]|Bytes:5
16:07:55.2 (5902746)|HEAP_ALLOCATE|[33]|Bytes:11
16:07:55.2 (5910606)|METHOD_ENTRY|[1]|01p50000002CIEj|ETLC_ApexBridge_Abstract.ETLC_ApexBridge_Abstract()
16:07:55.2 (5913028)|STATEMENT_EXECUTE|[1]
16:07:55.2 (5915827)|STATEMENT_EXECUTE|[1]
16:07:55.2 (5919497)|METHOD_EXIT|[1]|ETLC_ApexBridge_Abstract
16:07:55.2 (5925747)|CONSTRUCTOR_ENTRY|[EXTERNAL]|01p50000002CIEj|<init>()
16:07:55.2 (5930805)|VARIABLE_SCOPE_BEGIN|[1]|this|BFFFollow.ETLC_ApexBridge_Abstract|true|false
16:07:55.2 (5944080)|VARIABLE_ASSIGNMENT|[1]|this|{}|0x548c794e
16:07:55.2 (5957138)|STATEMENT_EXECUTE|[1]
16:07:55.2 (5961331)|CONSTRUCTOR_EXIT|[EXTERNAL]|01p50000002CIEj|<init>()
16:07:55.2 (5966214)|STATEMENT_EXECUTE|[1]
16:07:55.2 (5971208)|HEAP_ALLOCATE|[33]|Bytes:5
16:07:55.2 (5986973)|METHOD_EXIT|[8]||System.Type.newInstance()
16:07:55.2 (5994629)|VARIABLE_SCOPE_BEGIN|[8]|executor|BFFFollow.ETLC_ApexBridge_Abstract|true|false
16:07:55.2 (6008009)|VARIABLE_ASSIGNMENT|[8]|executor|{}|0x548c794e
16:07:55.2 (6011734)|STATEMENT_EXECUTE|[9]
16:07:55.2 (6032662)|METHOD_ENTRY|[9]|01p50000002D8iw|BFFFollow.BFFFollow_Controller.process(BFFFollow.ETLC_ApexBridge_Data)
16:07:55.2 (6047642)|VARIABLE_SCOPE_BEGIN|[3]|this|BFFFollow.BFFFollow_Controller|true|false
16:07:55.2 (6061795)|VARIABLE_ASSIGNMENT|[3]|this|{}|0x548c794e
16:07:55.2 (6064796)|VARIABLE_SCOPE_BEGIN|[3]|data|BFFFollow.ETLC_ApexBridge_Data|true|false
16:07:55.2 (6087828)|VARIABLE_ASSIGNMENT|[3]|data|{"debug":true,"input":"{\"mode\":\"fetchUserFe (34 more) ...","operation":"BFFFollow_Controller"}|0x2f26b947
16:07:55.2 (6096757)|HEAP_ALLOCATE|[4]|Bytes:5
16:07:55.2 (6107594)|STATEMENT_EXECUTE|[3]
16:07:55.2 (6109230)|STATEMENT_EXECUTE|[4]
16:07:55.2 (6159421)|VARIABLE_ASSIGNMENT|[EXTERNAL]|this|{"debug":true,"input":"{\"mode\":\"fetchUserFe (34 more) ...","operation":"BFFFollow_Controller"}|0x2f26b947
16:07:55.2 (6177212)|VARIABLE_ASSIGNMENT|[4]|BFFFollow_Controller.debugFlag|true
16:07:55.2 (6213199)|VARIABLE_ASSIGNMENT|[EXTERNAL]|this|{"debug":true,"input":"{\"mode\":\"fetchUserFe (34 more) ...","operation":"BFFFollow_Controller"}|0x2f26b947
16:07:55.2 (6225905)|STATEMENT_EXECUTE|[5]
16:07:55.2 (6234216)|HEAP_ALLOCATE|[5]|Bytes:12
16:07:55.2 (6254512)|ENTERING_MANAGED_PKG|
16:07:55.2 (6279717)|HEAP_ALLOCATE|[5]|Bytes:202
16:07:55.2 (6294736)|HEAP_ALLOCATE|[5]|Bytes:214
16:07:55.2 (6307207)|ENTERING_MANAGED_PKG|
16:07:55.2 (6311370)|USER_DEBUG|[5]|DEBUG|data BEFORE:ETLC_ApexBridge_Data:[debug=true, input={"mode":"fetchUserFeed","userId":"00550000005d7KnAAI"}, isSuccess=null, messages=null, operation=BFFFollow_Controller, output=null, outputFlag=null, records=null]
16:07:55.2 (6318417)|STATEMENT_EXECUTE|[7]
16:07:55.2 (6326597)|HEAP_ALLOCATE|[7]|Bytes:4
16:07:55.2 (6338340)|METHOD_ENTRY|[7]|01p50000002CIEo|BFFFollow.ETLC_ApexBridge_Data.getInputValue(String)
16:07:55.2 (6351908)|VARIABLE_SCOPE_BEGIN|[52]|this|BFFFollow.ETLC_ApexBridge_Data|true|false
16:07:55.2 (6378887)|VARIABLE_ASSIGNMENT|[52]|this|{"debug":true,"input":"{\"mode\":\"fetchUserFe (34 more) ...","operation":"BFFFollow_Controller"}|0x2f26b947
16:07:55.2 (6383142)|VARIABLE_SCOPE_BEGIN|[52]|key|String|false|false
16:07:55.2 (6386935)|VARIABLE_ASSIGNMENT|[52]|key|"mode"
16:07:55.2 (6391352)|STATEMENT_EXECUTE|[52]
16:07:55.2 (6392825)|STATEMENT_EXECUTE|[53]
16:07:55.2 (6436610)|VARIABLE_ASSIGNMENT|[EXTERNAL]|this|{"debug":true,"input":"{\"mode\":\"fetchUserFe (34 more) ...","operation":"BFFFollow_Controller"}|0x2f26b947
16:07:55.2 (6454279)|METHOD_ENTRY|[53]||System.JSON.deserializeUntyped(String)
16:07:55.2 (6690379)|METHOD_EXIT|[53]||System.JSON.deserializeUntyped(String)
16:07:55.2 (6699188)|VARIABLE_SCOPE_BEGIN|[53]|inputMap|Map<String,ANY>|true|false
16:07:55.2 (6724623)|VARIABLE_ASSIGNMENT|[53]|inputMap|{"s":1,"v":{"mode":"fetchUserFeed","userId":"00550000005d7KnAAI"}}|0x33831491
16:07:55.2 (6728512)|STATEMENT_EXECUTE|[54]
16:07:55.2 (6749360)|ENTERING_MANAGED_PKG|
16:07:55.2 (6777063)|METHOD_EXIT|[7]|01p50000002CIEo|BFFFollow.ETLC_ApexBridge_Data.getInputValue(String)
16:07:55.2 (6783286)|VARIABLE_SCOPE_BEGIN|[7]|mode|String|false|false
16:07:55.2 (6790957)|VARIABLE_ASSIGNMENT|[7]|mode|"fetchUserFeed"
16:07:55.2 (6795295)|HEAP_ALLOCATE|[9]|Bytes:19
16:07:55.2 (6814403)|HEAP_ALLOCATE|[11]|Bytes:18
16:07:55.2 (6824560)|HEAP_ALLOCATE|[14]|Bytes:17
16:07:55.2 (6831586)|HEAP_ALLOCATE|[16]|Bytes:13
16:07:55.2 (6841509)|STATEMENT_EXECUTE|[16]
16:07:55.2 (6843319)|STATEMENT_EXECUTE|[17]
16:07:55.2 (6850613)|HEAP_ALLOCATE|[17]|Bytes:6
16:07:55.2 (6860710)|METHOD_ENTRY|[17]|01p50000002CIEo|BFFFollow.ETLC_ApexBridge_Data.getInputValue(String)
16:07:55.2 (6874060)|VARIABLE_SCOPE_BEGIN|[52]|this|BFFFollow.ETLC_ApexBridge_Data|true|false
16:07:55.2 (6901699)|VARIABLE_ASSIGNMENT|[52]|this|{"debug":true,"input":"{\"mode\":\"fetchUserFe (34 more) ...","operation":"BFFFollow_Controller"}|0x2f26b947
16:07:55.2 (6905297)|VARIABLE_SCOPE_BEGIN|[52]|key|String|false|false
16:07:55.2 (6908982)|VARIABLE_ASSIGNMENT|[52]|key|"userId"
16:07:55.2 (6912891)|STATEMENT_EXECUTE|[52]
16:07:55.2 (6914232)|STATEMENT_EXECUTE|[53]
16:07:55.2 (6944991)|VARIABLE_ASSIGNMENT|[EXTERNAL]|this|{"debug":true,"input":"{\"mode\":\"fetchUserFe (34 more) ...","operation":"BFFFollow_Controller"}|0x2f26b947
16:07:55.2 (6956707)|METHOD_ENTRY|[53]||System.JSON.deserializeUntyped(String)
16:07:55.2 (7078237)|METHOD_EXIT|[53]||System.JSON.deserializeUntyped(String)
16:07:55.2 (7087857)|VARIABLE_SCOPE_BEGIN|[53]|inputMap|Map<String,ANY>|true|false
16:07:55.2 (7126223)|VARIABLE_ASSIGNMENT|[53]|inputMap|{"s":1,"v":{"mode":"fetchUserFeed","userId":"00550000005d7KnAAI"}}|0x26521271
16:07:55.2 (7130935)|STATEMENT_EXECUTE|[54]
16:07:55.2 (7149219)|ENTERING_MANAGED_PKG|
16:07:55.2 (7160837)|METHOD_EXIT|[17]|01p50000002CIEo|BFFFollow.ETLC_ApexBridge_Data.getInputValue(String)
16:07:55.2 (7178138)|HEAP_ALLOCATE|[17]|Bytes:4
16:07:55.2 (7193697)|METHOD_ENTRY|[17]|01p50000002D8iw|BFFFollow.BFFFollow_Controller.fetchUserFeed(Id)
16:07:55.2 (7200814)|VARIABLE_SCOPE_BEGIN|[85]|this|BFFFollow.BFFFollow_Controller|true|false
16:07:55.2 (7215145)|VARIABLE_ASSIGNMENT|[85]|this|{}|0x548c794e
16:07:55.2 (7219306)|VARIABLE_SCOPE_BEGIN|[85]|userId|Id|false|false
16:07:55.2 (7307568)|VARIABLE_ASSIGNMENT|[85]|userId|"00550000005d7KnAAI"
16:07:55.2 (7319350)|HEAP_ALLOCATE|[86]|Bytes:5
16:07:55.2 (7324308)|STATEMENT_EXECUTE|[85]
16:07:55.2 (7325998)|STATEMENT_EXECUTE|[86]
16:07:55.2 (7326905)|STATEMENT_EXECUTE|[86]
16:07:55.2 (7338427)|METHOD_ENTRY|[87]|01p50000002D8iw|BFFFollow.BFFFollow_Controller.checkChatterEnabled()
16:07:55.2 (7358562)|VARIABLE_SCOPE_BEGIN|[27]|this|BFFFollow.BFFFollow_Controller|true|false
16:07:55.2 (7373076)|VARIABLE_ASSIGNMENT|[27]|this|{}|0x548c794e
16:07:55.2 (7380771)|HEAP_ALLOCATE|[28]|Bytes:5
16:07:55.2 (7384676)|STATEMENT_EXECUTE|[27]
16:07:55.2 (7386419)|STATEMENT_EXECUTE|[28]
16:07:55.2 (7387381)|STATEMENT_EXECUTE|[28]
16:07:55.2 (7388382)|STATEMENT_EXECUTE|[29]
16:07:55.2 (7412950)|ENTERING_MANAGED_PKG|
16:07:55.2 (24517146)|HEAP_ALLOCATE|[29]|Bytes:1440
16:07:55.2 (24554693)|VARIABLE_SCOPE_BEGIN|[29]|gd|Map<String,Schema.SObjectType>|true|false
16:07:55.2 (24797559)|VARIABLE_ASSIGNMENT|[29]|gd|"{acceptedeventrelation=AcceptedEventRelation, account=Account, accountcontactrole=AccountContactRole, accountfeed=AccountFeed, accounthistory=AccountHistory, accountpartner=AccountPartner, accountshare=AccountShare, actionlinkgrouptemplate=ActionLinkGroupTemplate, actionlinktemplate=ActionLinkTemplate, activityhistory=ActivityHistory, ...}"|0x30410d1c
16:07:55.2 (24808178)|HEAP_ALLOCATE|[30]|Bytes:8
16:07:55.2 (24835248)|ENTERING_MANAGED_PKG|
16:07:55.2 (24895064)|STATEMENT_EXECUTE|[30]
16:07:55.2 (24899285)|STATEMENT_EXECUTE|[31]
16:07:55.2 (24923581)|HEAP_ALLOCATE|[31]|Bytes:5
16:07:55.2 (24939937)|METHOD_EXIT|[87]|01p50000002D8iw|BFFFollow.BFFFollow_Controller.checkChatterEnabled()
16:07:55.2 (24946078)|STATEMENT_EXECUTE|[87]
16:07:55.2 (24950284)|STATEMENT_EXECUTE|[90]
16:07:55.2 (25024172)|HEAP_ALLOCATE|[90]|Bytes:24
16:07:55.2 (25046186)|SYSTEM_METHOD_ENTRY|[1]|Network.Network()
16:07:55.2 (25049281)|STATEMENT_EXECUTE|[1]
16:07:55.2 (25061081)|SYSTEM_METHOD_EXIT|[1]|Network
16:07:55.2 (25078213)|METHOD_ENTRY|[90]||System.Network.getNetworkId()
16:07:55.2 (25127016)|METHOD_EXIT|[90]||System.Network.getNetworkId()
16:07:55.2 (25376862)|HEAP_ALLOCATE|[90]|Bytes:18
16:07:55.2 (25416458)|HEAP_ALLOCATE|[90]|Bytes:968
16:07:55.2 (25426763)|SYSTEM_METHOD_ENTRY|[5]|ChatterFeeds.ChatterFeeds()
16:07:55.2 (25429218)|STATEMENT_EXECUTE|[5]
16:07:55.2 (25435072)|SYSTEM_METHOD_EXIT|[5]|ChatterFeeds
16:07:55.2 (25450174)|METHOD_ENTRY|[90]||ConnectApi.ChatterFeeds.getFeedElementsFromFeed(String, ConnectApi.FeedType, String)
16:07:55.2 (60716510)|SYSTEM_METHOD_EXIT|[5]|FeedElementPage
16:07:55.2 (60735275)|HEAP_ALLOCATE|[3649]|Bytes:84
16:07:55.2 (60745067)|HEAP_ALLOCATE|[3649]|Bytes:12
16:07:55.2 (60750776)|HEAP_ALLOCATE|[3649]|Bytes:8
16:07:55.2 (60760021)|VARIABLE_SCOPE_BEGIN|[39]|this|ConnectApi.FeedElementPage|true|false
16:07:55.2 (60879274)|VARIABLE_ASSIGNMENT|[39]|this|{}|0x4e6511b6
16:07:55.2 (60886739)|VARIABLE_SCOPE_BEGIN|[39]|versionIn|Double|false|false
16:07:55.2 (60896657)|VARIABLE_ASSIGNMENT|[39]|versionIn|37.0
16:07:55.2 (60900587)|VARIABLE_SCOPE_BEGIN|[39]|javaObj|java:sfdc.chatter.connect.api.output.feeds.FeedElementCollectionRepresentation|true|false
16:07:55.2 (61056458)|VARIABLE_ASSIGNMENT|[39]|javaObj|"sfdc.chatter.connect.api.output.feeds.FeedElementCollectionRepresentation@1e94bbbe"|0x1e94bbbe
16:07:55.2 (61433288)|ENTERING_MANAGED_PKG|
16:07:55.2 (61719853)|METHOD_EXIT|[90]||ConnectApi.ChatterFeeds.getFeedElementsFromFeed(String, ConnectApi.FeedType, String)
16:07:55.2 (61737511)|VARIABLE_SCOPE_BEGIN|[90]|fep|ConnectApi.FeedElementPage|true|false
16:07:55.2 (61784790)|VARIABLE_ASSIGNMENT|[90]|fep|{}|0x4e6511b6
16:07:55.2 (61798078)|STATEMENT_EXECUTE|[91]
16:07:55.2 (61802390)|STATEMENT_EXECUTE|[91]
16:07:55.2 (61857995)|ENTERING_MANAGED_PKG|
16:07:55.2 (61925501)|HEAP_ALLOCATE|[91]|Bytes:84
16:07:55.2 (61937349)|VARIABLE_SCOPE_BEGIN|[105]|this|ConnectApi.FeedElementPage|true|false
16:07:55.2 (61978292)|VARIABLE_ASSIGNMENT|[105]|this|{}|0x4e6511b6
16:07:55.2 (62500534)|ENTERING_MANAGED_PKG|
16:07:55.2 (62542103)|ENTERING_MANAGED_PKG|
16:07:55.2 (62701472)|ENTERING_MANAGED_PKG|
16:07:55.2 (62734148)|ENTERING_MANAGED_PKG|
16:07:55.2 (62871121)|ENTERING_MANAGED_PKG|
16:07:55.2 (62908931)|ENTERING_MANAGED_PKG|
16:07:55.2 (63063851)|ENTERING_MANAGED_PKG|
16:07:55.2 (63095995)|ENTERING_MANAGED_PKG|
16:07:55.2 (63271713)|ENTERING_MANAGED_PKG|
16:07:55.2 (63302108)|ENTERING_MANAGED_PKG|
16:07:55.2 (63469086)|ENTERING_MANAGED_PKG|
16:07:55.2 (63501471)|ENTERING_MANAGED_PKG|
16:07:55.2 (63672632)|ENTERING_MANAGED_PKG|
16:07:55.2 (63704894)|ENTERING_MANAGED_PKG|
16:07:55.2 (63861260)|ENTERING_MANAGED_PKG|
16:07:55.2 (63890152)|ENTERING_MANAGED_PKG|
16:07:55.2 (64062402)|ENTERING_MANAGED_PKG|
16:07:55.2 (64094044)|ENTERING_MANAGED_PKG|
16:07:55.2 (64139847)|ENTERING_MANAGED_PKG|
16:07:55.2 (64176601)|ENTERING_MANAGED_PKG|
16:07:55.2 (64257400)|ENTERING_MANAGED_PKG|
16:07:55.2 (64335263)|ENTERING_MANAGED_PKG|
16:07:55.2 (64408761)|ENTERING_MANAGED_PKG|
16:07:55.2 (64510710)|ENTERING_MANAGED_PKG|
16:07:55.2 (64593713)|ENTERING_MANAGED_PKG|
16:07:55.2 (64655154)|ENTERING_MANAGED_PKG|
16:07:55.2 (64744737)|ENTERING_MANAGED_PKG|
16:07:55.2 (64771462)|ENTERING_MANAGED_PKG|
16:07:55.2 (64819537)|ENTERING_MANAGED_PKG|
16:07:55.2 (64841951)|ENTERING_MANAGED_PKG|
16:07:55.2 (64884687)|ENTERING_MANAGED_PKG|
16:07:55.2 (64907311)|ENTERING_MANAGED_PKG|
16:07:55.2 (64949312)|ENTERING_MANAGED_PKG|
16:07:55.2 (64971292)|ENTERING_MANAGED_PKG|
16:07:55.2 (65013612)|ENTERING_MANAGED_PKG|
16:07:55.2 (65037943)|ENTERING_MANAGED_PKG|
16:07:55.2 (65079492)|ENTERING_MANAGED_PKG|
16:07:55.2 (65101396)|ENTERING_MANAGED_PKG|
16:07:55.2 (65142445)|ENTERING_MANAGED_PKG|
16:07:55.2 (65166292)|ENTERING_MANAGED_PKG|
16:07:55.2 (65231699)|ENTERING_MANAGED_PKG|
16:07:55.2 (65264958)|ENTERING_MANAGED_PKG|
16:07:55.2 (65336995)|USER_DEBUG|[91]|DEBUG|ConnectApi.FeedElementPage[buildVersion=37.0, currentPageToken=null, currentPageUrl=/services/data/v37.0/chatter/feeds/user-profile/00550000005d7KnAAI/feed-elements, elements=(), isModifiedToken=null, isModifiedUrl=null, nextPageToken=null, nextPageUrl=null, updatesToken=null, updatesUrl=null]
16:07:55.2 (65352531)|STATEMENT_EXECUTE|[92]
16:07:55.2 (65381670)|METHOD_ENTRY|[92]||System.JSON.serialize(Object)
16:07:55.2 (73353408)|METHOD_EXIT|[92]||System.JSON.serialize(Object)
16:07:55.2 (73382689)|METHOD_EXIT|[17]|01p50000002D8iw|BFFFollow.BFFFollow_Controller.fetchUserFeed(Id)
16:07:55.2 (73515516)|VARIABLE_ASSIGNMENT|[EXTERNAL]|this|{"debug":true,"input":"{\"mode\":\"fetchUserFe (34 more) ...","operation":"BFFFollow_Controller"}|0x2f26b947
16:07:55.2 (73532853)|VARIABLE_ASSIGNMENT|[EXTERNAL]|value|"{\"currentPageToken\": (241 more) ..."
16:07:55.2 (73559205)|VARIABLE_ASSIGNMENT|[12]|this.output|"{\"currentPageToken\": (241 more) ..."|0x2f26b947
16:07:55.2 (73571416)|STATEMENT_EXECUTE|[18]
16:07:55.2 (73685780)|VARIABLE_ASSIGNMENT|[EXTERNAL]|this|{"debug":true,"input":"{\"mode\":\"fetchUserFe (34 more) ...","operation":"BFFFollow_Controller","output":"{\"currentPageToken\": (241 more) ..."}|0x2f26b947
16:07:55.2 (73742600)|VARIABLE_ASSIGNMENT|[EXTERNAL]|this|{"debug":true,"input":"{\"mode\":\"fetchUserFe (34 more) ...","operation":"BFFFollow_Controller","output":"{\"currentPageToken\": (241 more) ..."}|0x2f26b947
16:07:55.2 (73755892)|VARIABLE_ASSIGNMENT|[EXTERNAL]|value|true
16:07:55.2 (73776038)|HEAP_ALLOCATE|[15]|Bytes:5
16:07:55.2 (73792707)|VARIABLE_ASSIGNMENT|[15]|this.outputFlag|true|0x2f26b947
16:07:55.2 (73809157)|STATEMENT_EXECUTE|[21]
16:07:55.2 (73823424)|STATEMENT_EXECUTE|[21]
16:07:55.2 (73837941)|HEAP_ALLOCATE|[21]|Bytes:11
16:07:55.2 (73972609)|ENTERING_MANAGED_PKG|
16:07:55.2 (74063956)|HEAP_ALLOCATE|[21]|Bytes:459
16:07:55.2 (74100702)|HEAP_ALLOCATE|[21]|Bytes:470
16:07:55.2 (74140085)|ENTERING_MANAGED_PKG|
16:07:55.2 (74158082)|USER_DEBUG|[21]|DEBUG|data AFTER:ETLC_ApexBridge_Data:[debug=true, input={"mode":"fetchUserFeed","userId":"00550000005d7KnAAI"}, isSuccess=null, messages=null, operation=BFFFollow_Controller, output={"currentPageToken":null,"currentPageUrl":"/services/data/v37.0/chatter/feeds/user-profile/00550000005d7KnAAI/feed-elements","elements":[],"isModifiedToken":null,"isModifiedUrl":null,"nextPageToken":null,"nextPageUrl":null,"updatesToken":null,"updatesUrl":null}, outputFlag=true, records=null]
16:07:55.2 (74207447)|METHOD_EXIT|[9]|01p50000002D8iw|BFFFollow.BFFFollow_Controller.process(BFFFollow.ETLC_ApexBridge_Data)
16:07:55.2 (74216780)|STATEMENT_EXECUTE|[24]
16:07:55.2 (74245495)|METHOD_ENTRY|[24]|01p50000002CIEo|BFFFollow.ETLC_ApexBridge_Data.toJSON()
16:07:55.2 (74264777)|VARIABLE_SCOPE_BEGIN|[57]|this|BFFFollow.ETLC_ApexBridge_Data|true|false
16:07:55.2 (74339282)|VARIABLE_ASSIGNMENT|[57]|this|{"debug":true,"input":"{\"mode\":\"fetchUserFe (34 more) ...","operation":"BFFFollow_Controller","output":"{\"currentPageToken\": (241 more) ...","outputFlag":true}|0x2f26b947
16:07:55.2 (74349625)|STATEMENT_EXECUTE|[57]
16:07:55.2 (74352524)|STATEMENT_EXECUTE|[58]
16:07:55.2 (74372347)|METHOD_ENTRY|[58]||System.JSON.serialize(Object)
16:07:55.2 (74530120)|STATEMENT_EXECUTE|[22]
16:07:55.2 (74536685)|STATEMENT_EXECUTE|[23]
16:07:55.2 (74567254)|HEAP_ALLOCATE|[23]|Bytes:5
16:07:55.2 (74583778)|VARIABLE_ASSIGNMENT|[23]|this.isSuccess|true|0x2f26b947
16:07:55.2 (74588232)|STATEMENT_EXECUTE|[24]
16:07:55.2 (74663880)|STATEMENT_EXECUTE|[31]
16:07:55.2 (74670021)|STATEMENT_EXECUTE|[32]
16:07:55.2 (74827063)|HEAP_ALLOCATE|[32]|Bytes:4
16:07:55.2 (74974466)|VARIABLE_ASSIGNMENT|[32]|this.messages|{"s":1,"v":{}}|0x2f26b947
16:07:55.2 (74984224)|STATEMENT_EXECUTE|[33]
16:07:55.2 (75971549)|METHOD_EXIT|[58]||System.JSON.serialize(Object)
16:07:55.2 (75982065)|METHOD_EXIT|[24]|01p50000002CIEo|BFFFollow.ETLC_ApexBridge_Data.toJSON()
16:07:55.2 (75995472)|SYSTEM_MODE_EXIT|false
16:07:55.76 (76092239)|CUMULATIVE_LIMIT_USAGE
16:07:55.76 (76092239)|LIMIT_USAGE_FOR_NS|(default)|
  Number of SOQL queries: 0 out of 100
  Number of query rows: 0 out of 50000
  Number of SOSL queries: 0 out of 20
  Number of DML statements: 0 out of 150
  Number of DML rows: 0 out of 10000
  Maximum CPU time: 0 out of 10000
  Maximum heap size: 0 out of 6000000
  Number of callouts: 0 out of 100
  Number of Email Invocations: 0 out of 10
  Number of future calls: 0 out of 50
  Number of queueable jobs added to the queue: 0 out of 50
  Number of Mobile Apex push calls: 0 out of 10

16:07:55.76 (76092239)|LIMIT_USAGE_FOR_NS|BFFFollow|
  Number of SOQL queries: 0 out of 100
  Number of query rows: 0 out of 50000
  Number of SOSL queries: 0 out of 20
  Number of DML statements: 0 out of 150
  Number of DML rows: 0 out of 10000
  Maximum CPU time: 0 out of 10000
  Maximum heap size: 0 out of 6000000
  Number of callouts: 0 out of 100
  Number of Email Invocations: 0 out of 10
  Number of future calls: 0 out of 50
  Number of queueable jobs added to the queue: 0 out of 50
  Number of Mobile Apex push calls: 0 out of 10

16:07:55.76 (76092239)|CUMULATIVE_LIMIT_USAGE_END

16:07:55.2 (76251739)|CODE_UNIT_FINISHED|ETLC_ApexBridge_Controller.execute
