37.0 APEX_CODE,FINEST;APEX_PROFILING,INFO;CALLOUT,INFO;DB,INFO;SYSTEM,DEBUG;VALIDATION,INFO;VISUALFORCE,INFO;WORKFLOW,INFO
16:07:12.0 (406722)|USER_INFO|[EXTERNAL]|00550000005cg71|bfffollow@jr.te|Eastern Standard Time|GMT-04:00
16:07:12.0 (460153)|EXECUTION_STARTED
16:07:12.0 (465654)|CODE_UNIT_STARTED|[EXTERNAL]|aura
16:07:12.0 (900126)|HEAP_ALLOCATE|[72]|Bytes:3
16:07:12.0 (1001923)|HEAP_ALLOCATE|[77]|Bytes:152
16:07:12.0 (1029205)|HEAP_ALLOCATE|[342]|Bytes:408
16:07:12.0 (1055708)|HEAP_ALLOCATE|[355]|Bytes:408
16:07:12.0 (1081767)|HEAP_ALLOCATE|[467]|Bytes:48
16:07:12.0 (1121648)|HEAP_ALLOCATE|[139]|Bytes:6
16:07:12.0 (1166335)|HEAP_ALLOCATE|[EXTERNAL]|Bytes:93
16:07:12.0 (1212522)|HEAP_ALLOCATE|[EXTERNAL]|Bytes:93
16:07:12.0 (2350600)|CODE_UNIT_STARTED|[EXTERNAL]|01p50000002CIEm|ETLC_ApexBridge_Controller.execute
16:07:12.0 (2847245)|HEAP_ALLOCATE|[EXTERNAL]|Bytes:1
16:07:12.0 (2858155)|HEAP_ALLOCATE|[EXTERNAL]|Bytes:10
16:07:12.0 (2912153)|METHOD_ENTRY|[1]|01p50000002CIEm|ETLC_ApexBridge_Controller.ETLC_ApexBridge_Controller()
16:07:12.0 (2919937)|STATEMENT_EXECUTE|[1]
16:07:12.0 (2929327)|STATEMENT_EXECUTE|[1]
16:07:12.0 (2966566)|METHOD_EXIT|[1]|ETLC_ApexBridge_Controller
16:07:12.0 (2976597)|HEAP_ALLOCATE|[EXTERNAL]|Bytes:93
16:07:12.0 (2989655)|SYSTEM_MODE_ENTER|false
16:07:12.0 (3003727)|VARIABLE_SCOPE_BEGIN|[3]|dataJson|String|false|false
16:07:12.0 (3183031)|VARIABLE_ASSIGNMENT|[3]|dataJson|"{\"operation\":\"BFFFol (73 more) ..."
16:07:12.0 (3202157)|STATEMENT_EXECUTE|[3]
16:07:12.0 (3205301)|STATEMENT_EXECUTE|[4]
16:07:12.0 (5291534)|VARIABLE_SCOPE_BEGIN|[4]|data|ETLC_ApexBridge_Data|true|false
16:07:12.0 (5308079)|VARIABLE_ASSIGNMENT|[4]|data|null|
16:07:12.0 (5311334)|STATEMENT_EXECUTE|[5]
16:07:12.0 (5312702)|STATEMENT_EXECUTE|[5]
16:07:12.0 (5313729)|STATEMENT_EXECUTE|[6]
16:07:12.0 (5333580)|HEAP_ALLOCATE|[6]|Bytes:11
16:07:12.0 (5341527)|HEAP_ALLOCATE|[6]|Bytes:248
16:07:12.0 (5344533)|HEAP_ALLOCATE|[6]|Bytes:39
16:07:12.0 (5395390)|METHOD_ENTRY|[2]|01p50000002CIEo|ETLC_ApexBridge_Data.ETLC_ApexBridge_Data()
16:07:12.0 (5399445)|STATEMENT_EXECUTE|[2]
16:07:12.0 (5404361)|STATEMENT_EXECUTE|[2]
16:07:12.0 (5412703)|METHOD_EXIT|[2]|ETLC_ApexBridge_Data
16:07:12.0 (5446215)|METHOD_ENTRY|[6]|01p50000002CIEo|ETLC_ApexBridge_Data.fromJSON(String)
16:07:12.0 (5471820)|VARIABLE_SCOPE_BEGIN|[60]|strJson|String|false|false
16:07:12.0 (5483499)|VARIABLE_ASSIGNMENT|[60]|strJson|"{\"operation\":\"BFFFol (73 more) ..."
16:07:12.0 (5487968)|STATEMENT_EXECUTE|[60]
16:07:12.0 (5489309)|STATEMENT_EXECUTE|[61]
16:07:12.0 (5498900)|HEAP_ALLOCATE|[61]|Bytes:20
16:07:12.0 (5524285)|HEAP_ALLOCATE|[50]|Bytes:5
16:07:12.0 (5551995)|HEAP_ALLOCATE|[56]|Bytes:5
16:07:12.0 (5560011)|HEAP_ALLOCATE|[64]|Bytes:7
16:07:12.0 (5660127)|HEAP_ALLOCATE|[61]|Bytes:24
16:07:12.0 (5675105)|SYSTEM_METHOD_ENTRY|[1]|Type.Type()
16:07:12.0 (5678113)|STATEMENT_EXECUTE|[1]
16:07:12.0 (5687977)|SYSTEM_METHOD_EXIT|[1]|Type
16:07:12.0 (5693688)|HEAP_ALLOCATE|[61]|Bytes:8
16:07:12.0 (5714386)|HEAP_ALLOCATE|[61]|Bytes:8
16:07:12.0 (5718904)|VARIABLE_SCOPE_BEGIN|[4]|this|System.Type|true|false
16:07:12.0 (5791292)|VARIABLE_ASSIGNMENT|[4]|this|{}|0x5baa5b8e
16:07:12.0 (5796545)|VARIABLE_SCOPE_BEGIN|[4]|apextype|java:common.apex.runtime.ApexObjectType|true|false
16:07:12.0 (5915534)|VARIABLE_ASSIGNMENT|[4]|apextype|"ETLC_ApexBridge_Data"|0x75a0678a
16:07:12.0 (5995878)|HEAP_ALLOCATE|[61]|Bytes:8
16:07:12.0 (6034179)|HEAP_ALLOCATE|[61]|Bytes:24
16:07:12.0 (6049582)|SYSTEM_METHOD_ENTRY|[1]|JSON.JSON()
16:07:12.0 (6052447)|STATEMENT_EXECUTE|[1]
16:07:12.0 (6060663)|SYSTEM_METHOD_EXIT|[1]|JSON
16:07:12.0 (6074276)|METHOD_ENTRY|[61]||System.JSON.deserializeStrict(String, System.Type)
16:07:12.0 (6685085)|METHOD_EXIT|[61]||System.JSON.deserializeStrict(String, System.Type)
16:07:12.0 (6695467)|METHOD_EXIT|[6]|01p50000002CIEo|ETLC_ApexBridge_Data.fromJSON(String)
16:07:12.0 (6753966)|VARIABLE_ASSIGNMENT|[6]|data|{"debug":true,"input":"{\"mode\":\"fetchFollow (9 more) ...","operation":"BFFFollow_Controller"}|0x37f014c0
16:07:12.0 (6758932)|STATEMENT_EXECUTE|[7]
16:07:12.0 (6769569)|HEAP_ALLOCATE|[7]|Bytes:6
16:07:12.0 (6843606)|HEAP_ALLOCATE|[7]|Bytes:177
16:07:12.0 (6865922)|HEAP_ALLOCATE|[7]|Bytes:183
16:07:12.0 (6886878)|USER_DEBUG|[7]|DEBUG|data::ETLC_ApexBridge_Data:[debug=true, input={"mode":"fetchFollowedUsers"}, isSuccess=null, messages=null, operation=BFFFollow_Controller, output=null, outputFlag=null, records=null]
16:07:12.0 (6894089)|STATEMENT_EXECUTE|[8]
16:07:12.0 (6948282)|VARIABLE_ASSIGNMENT|[EXTERNAL]|this|{"debug":true,"input":"{\"mode\":\"fetchFollow (9 more) ...","operation":"BFFFollow_Controller"}|0x37f014c0
16:07:12.0 (6968797)|METHOD_ENTRY|[8]||System.Type.forName(String)
16:07:12.0 (8744445)|METHOD_EXIT|[8]||System.Type.forName(String)
16:07:12.0 (8757997)|METHOD_ENTRY|[8]||System.Type.newInstance()
16:07:12.0 (10029805)|STATEMENT_EXECUTE|[1]
16:07:12.0 (10041751)|HEAP_ALLOCATE|[33]|Bytes:5
16:07:12.0 (10058744)|METHOD_EXIT|[1]|BFFFollow_Controller
16:07:12.0 (10073538)|HEAP_ALLOCATE|[33]|Bytes:4
16:07:12.0 (10081904)|VARIABLE_SCOPE_BEGIN|[1]|this|BFFFollow_Controller|true|false
16:07:12.0 (10103923)|VARIABLE_ASSIGNMENT|[1]|this|{}|0x1ae69a4b
16:07:12.0 (10112504)|HEAP_ALLOCATE|[33]|Bytes:5
16:07:12.0 (10120935)|HEAP_ALLOCATE|[33]|Bytes:11
16:07:12.0 (10141778)|METHOD_ENTRY|[1]|01p50000002CIEj|ETLC_ApexBridge_Abstract.ETLC_ApexBridge_Abstract()
16:07:12.0 (10145424)|STATEMENT_EXECUTE|[1]
16:07:12.0 (10149061)|STATEMENT_EXECUTE|[1]
16:07:12.0 (10155929)|METHOD_EXIT|[1]|ETLC_ApexBridge_Abstract
16:07:12.0 (10163938)|CONSTRUCTOR_ENTRY|[EXTERNAL]|01p50000002CIEj|<init>()
16:07:12.0 (10183398)|VARIABLE_SCOPE_BEGIN|[1]|this|ETLC_ApexBridge_Abstract|true|false
16:07:12.0 (10199740)|VARIABLE_ASSIGNMENT|[1]|this|{}|0x1ae69a4b
16:07:12.0 (10214664)|STATEMENT_EXECUTE|[1]
16:07:12.0 (10218803)|CONSTRUCTOR_EXIT|[EXTERNAL]|01p50000002CIEj|<init>()
16:07:12.0 (10224324)|STATEMENT_EXECUTE|[1]
16:07:12.0 (10229515)|HEAP_ALLOCATE|[33]|Bytes:5
16:07:12.0 (10246298)|METHOD_EXIT|[8]||System.Type.newInstance()
16:07:12.0 (10253871)|VARIABLE_SCOPE_BEGIN|[8]|executor|ETLC_ApexBridge_Abstract|true|false
16:07:12.0 (10267521)|VARIABLE_ASSIGNMENT|[8]|executor|{}|0x1ae69a4b
16:07:12.0 (10270211)|STATEMENT_EXECUTE|[9]
16:07:12.0 (10309988)|METHOD_ENTRY|[9]|01p50000002D8iw|BFFFollow_Controller.process(ETLC_ApexBridge_Data)
16:07:12.0 (10334216)|VARIABLE_SCOPE_BEGIN|[3]|this|BFFFollow_Controller|true|false
16:07:12.0 (10348309)|VARIABLE_ASSIGNMENT|[3]|this|{}|0x1ae69a4b
16:07:12.0 (10351611)|VARIABLE_SCOPE_BEGIN|[3]|data|ETLC_ApexBridge_Data|true|false
16:07:12.0 (10385992)|VARIABLE_ASSIGNMENT|[3]|data|{"debug":true,"input":"{\"mode\":\"fetchFollow (9 more) ...","operation":"BFFFollow_Controller"}|0x37f014c0
16:07:12.0 (10395869)|HEAP_ALLOCATE|[4]|Bytes:5
16:07:12.0 (10399711)|STATEMENT_EXECUTE|[3]
16:07:12.0 (10401023)|STATEMENT_EXECUTE|[4]
16:07:12.0 (10475633)|VARIABLE_ASSIGNMENT|[EXTERNAL]|this|{"debug":true,"input":"{\"mode\":\"fetchFollow (9 more) ...","operation":"BFFFollow_Controller"}|0x37f014c0
16:07:12.0 (10498264)|VARIABLE_ASSIGNMENT|[4]|BFFFollow_Controller.debugFlag|true
16:07:12.0 (10536378)|VARIABLE_ASSIGNMENT|[EXTERNAL]|this|{"debug":true,"input":"{\"mode\":\"fetchFollow (9 more) ...","operation":"BFFFollow_Controller"}|0x37f014c0
16:07:12.0 (10549691)|STATEMENT_EXECUTE|[5]
16:07:12.0 (10590789)|USER_DEBUG|[5]|DEBUG|ETLC_ApexBridge_Data:[debug=true, input={"mode":"fetchFollowedUsers"}, isSuccess=null, messages=null, operation=BFFFollow_Controller, output=null, outputFlag=null, records=null]
16:07:12.0 (10598258)|STATEMENT_EXECUTE|[7]
16:07:12.0 (10605356)|HEAP_ALLOCATE|[7]|Bytes:4
16:07:12.0 (10628242)|METHOD_ENTRY|[7]|01p50000002CIEo|ETLC_ApexBridge_Data.getInputValue(String)
16:07:12.0 (10648643)|VARIABLE_SCOPE_BEGIN|[52]|this|ETLC_ApexBridge_Data|true|false
16:07:12.0 (10675626)|VARIABLE_ASSIGNMENT|[52]|this|{"debug":true,"input":"{\"mode\":\"fetchFollow (9 more) ...","operation":"BFFFollow_Controller"}|0x37f014c0
16:07:12.0 (10680286)|VARIABLE_SCOPE_BEGIN|[52]|key|String|false|false
16:07:12.0 (10684360)|VARIABLE_ASSIGNMENT|[52]|key|"mode"
16:07:12.0 (10688699)|STATEMENT_EXECUTE|[52]
16:07:12.0 (10690017)|STATEMENT_EXECUTE|[53]
16:07:12.0 (10738568)|VARIABLE_ASSIGNMENT|[EXTERNAL]|this|{"debug":true,"input":"{\"mode\":\"fetchFollow (9 more) ...","operation":"BFFFollow_Controller"}|0x37f014c0
16:07:12.0 (10758499)|METHOD_ENTRY|[53]||System.JSON.deserializeUntyped(String)
16:07:12.0 (11037895)|METHOD_EXIT|[53]||System.JSON.deserializeUntyped(String)
16:07:12.0 (11050173)|VARIABLE_SCOPE_BEGIN|[53]|inputMap|Map<String,ANY>|true|false
16:07:12.0 (11083066)|VARIABLE_ASSIGNMENT|[53]|inputMap|{"s":1,"v":{"mode":"fetchFollowedUsers"}}|0x1bbea769
16:07:12.0 (11088578)|STATEMENT_EXECUTE|[54]
16:07:12.0 (11143035)|METHOD_EXIT|[7]|01p50000002CIEo|ETLC_ApexBridge_Data.getInputValue(String)
16:07:12.0 (11151296)|VARIABLE_SCOPE_BEGIN|[7]|mode|String|false|false
16:07:12.0 (11161544)|VARIABLE_ASSIGNMENT|[7]|mode|"fetchFollowedUsers"
16:07:12.0 (11169250)|HEAP_ALLOCATE|[9]|Bytes:18
16:07:12.0 (11200362)|STATEMENT_EXECUTE|[9]
16:07:12.0 (11203560)|STATEMENT_EXECUTE|[10]
16:07:12.0 (11266608)|HEAP_ALLOCATE|[10]|Bytes:85
16:07:12.0 (11289046)|SYSTEM_METHOD_ENTRY|[1]|UserInfo.UserInfo()
16:07:12.0 (11293873)|STATEMENT_EXECUTE|[1]
16:07:12.0 (11308794)|SYSTEM_METHOD_EXIT|[1]|UserInfo
16:07:12.0 (11327929)|METHOD_ENTRY|[10]||System.UserInfo.getUserId()
16:07:12.0 (11385510)|METHOD_EXIT|[10]||System.UserInfo.getUserId()
16:07:12.0 (11410597)|HEAP_ALLOCATE|[10]|Bytes:4
16:07:12.0 (11434386)|METHOD_ENTRY|[10]|01p50000002D8iw|BFFFollow_Controller.fetchFollowedUsers(Id)
16:07:12.0 (11445579)|VARIABLE_SCOPE_BEGIN|[20]|this|BFFFollow_Controller|true|false
16:07:12.0 (11466791)|VARIABLE_ASSIGNMENT|[20]|this|{}|0x1ae69a4b
16:07:12.0 (11473639)|VARIABLE_SCOPE_BEGIN|[20]|followedById|Id|false|false
16:07:12.0 (11595121)|VARIABLE_ASSIGNMENT|[20]|followedById|"00550000005cg71AAA"
16:07:12.0 (11609755)|HEAP_ALLOCATE|[21]|Bytes:5
16:07:12.0 (11615446)|STATEMENT_EXECUTE|[20]
16:07:12.0 (11617609)|STATEMENT_EXECUTE|[21]
16:07:12.0 (11631117)|HEAP_ALLOCATE|[21]|Bytes:63
16:07:12.0 (11685721)|HEAP_ALLOCATE|[21]|Bytes:18
16:07:12.0 (11704976)|HEAP_ALLOCATE|[21]|Bytes:9
16:07:12.0 (11724733)|HEAP_ALLOCATE|[21]|Bytes:90
16:07:12.0 (11733045)|VARIABLE_SCOPE_BEGIN|[21]|soql|String|false|false
16:07:12.0 (11746617)|VARIABLE_ASSIGNMENT|[21]|soql|"SELECT FollowedUsers (70 more) ..."
16:07:12.0 (11751179)|STATEMENT_EXECUTE|[22]
16:07:12.0 (11753060)|STATEMENT_EXECUTE|[22]
16:07:12.0 (11760497)|STATEMENT_EXECUTE|[23]
16:07:12.0 (11762657)|STATEMENT_EXECUTE|[23]
16:07:12.0 (11774575)|HEAP_ALLOCATE|[23]|Bytes:24
16:07:12.0 (11787007)|HEAP_ALLOCATE|[23]|Bytes:114
16:07:12.0 (11824139)|USER_DEBUG|[23]|DEBUG|fetchFollowedUsers:soql:SELECT FollowedUsers__c FROM BFFFollow__c WHERE FollowedBy__c='00550000005cg71AAA' limit 1
16:07:12.0 (11835915)|STATEMENT_EXECUTE|[24]
16:07:12.0 (14573427)|HEAP_ALLOCATE|[24]|Bytes:9
16:07:12.0 (14584727)|HEAP_ALLOCATE|[24]|Bytes:29
16:07:12.0 (14587771)|HEAP_ALLOCATE|[24]|Bytes:21
16:07:12.0 (14617241)|METHOD_ENTRY|[7]|01p50000002CIEt|ETLC_SecuredDB.ETLC_SecuredDB()
16:07:12.0 (14621628)|STATEMENT_EXECUTE|[7]
16:07:12.0 (14627110)|STATEMENT_EXECUTE|[7]
16:07:12.0 (14634647)|HEAP_ALLOCATE|[24]|Bytes:5
16:07:12.0 (14649926)|METHOD_EXIT|[7]|ETLC_SecuredDB
16:07:12.0 (14683130)|METHOD_ENTRY|[24]|01p50000002CIEt|ETLC_SecuredDB.query(String)
16:07:12.0 (14708780)|VARIABLE_SCOPE_BEGIN|[10]|SOQL|String|false|false
16:07:12.0 (14720728)|VARIABLE_ASSIGNMENT|[10]|SOQL|"SELECT FollowedUsers (70 more) ..."
16:07:12.0 (14729790)|HEAP_ALLOCATE|[12]|Bytes:5
16:07:12.0 (14733954)|STATEMENT_EXECUTE|[10]
16:07:12.0 (14735338)|STATEMENT_EXECUTE|[12]
16:07:12.0 (15857154)|SOQL_EXECUTE_BEGIN|[12]|Aggregations:0|SELECT FollowedUsers__c FROM BFFFollow__c WHERE FollowedBy__c='00550000005cg71AAA' limit 1
16:07:12.0 (20257323)|SOQL_EXECUTE_END|[12]|Rows:1
16:07:12.0 (20287090)|HEAP_ALLOCATE|[12]|Bytes:8
16:07:12.0 (20299565)|HEAP_ALLOCATE|[12]|Bytes:111
16:07:12.0 (20390410)|HEAP_ALLOCATE|[12]|Bytes:8
16:07:12.0 (20415147)|VARIABLE_SCOPE_BEGIN|[12]|dbRecords|List<SObject>|true|false
16:07:12.0 (20469679)|VARIABLE_ASSIGNMENT|[12]|dbRecords|{"s":1,"v":[{"s":2,"v":{"FollowedUsers__c":"[{\"id\":\"00550000005c (38 more) ...","Id":"a005000000ezW4dAAE"}}]}|0x58f066cf
16:07:12.0 (20475064)|STATEMENT_EXECUTE|[20]
16:07:12.0 (20869607)|HEAP_ALLOCATE|[20]|Bytes:12
16:07:12.0 (20889039)|HEAP_ALLOCATE|[20]|Bytes:8
16:07:12.0 (20960894)|HEAP_ALLOCATE|[20]|Bytes:12
16:07:12.0 (20966776)|HEAP_ALLOCATE|[20]|Bytes:9
16:07:12.0 (20979782)|HEAP_ALLOCATE|[20]|Bytes:12
16:07:12.0 (20983175)|HEAP_ALLOCATE|[20]|Bytes:8
16:07:12.0 (20993146)|HEAP_ALLOCATE|[20]|Bytes:12
16:07:12.0 (20996296)|HEAP_ALLOCATE|[20]|Bytes:8
16:07:12.0 (21005803)|HEAP_ALLOCATE|[20]|Bytes:12
16:07:12.0 (21010019)|HEAP_ALLOCATE|[20]|Bytes:9
16:07:12.0 (21043753)|METHOD_ENTRY|[20]|01p50000002CIEt|ETLC_SecuredDB.findFields(List<SObject>)
16:07:12.0 (21077156)|VARIABLE_SCOPE_BEGIN|[108]|dbRecords|List<SObject>|true|false
16:07:12.0 (21098572)|VARIABLE_ASSIGNMENT|[108]|dbRecords|{"s":1,"v":[{"s":2,"v":{"FollowedUsers__c":"[{\"id\":\"00550000005c (38 more) ...","Id":"a005000000ezW4dAAE"}}]}|0x58f066cf
16:07:12.0 (21114787)|HEAP_ALLOCATE|[109]|Bytes:5
16:07:12.0 (21118851)|STATEMENT_EXECUTE|[108]
16:07:12.0 (21120454)|STATEMENT_EXECUTE|[109]
16:07:12.0 (21130178)|VARIABLE_SCOPE_BEGIN|[109]|strJSON|String|false|false
16:07:12.0 (21136849)|VARIABLE_ASSIGNMENT|[109]|strJSON|null
16:07:12.0 (21138626)|STATEMENT_EXECUTE|[110]
16:07:12.0 (21143641)|VARIABLE_SCOPE_BEGIN|[110]|mapFields|Map<String,Set<String>>|true|false
16:07:12.0 (21148234)|VARIABLE_ASSIGNMENT|[110]|mapFields|null|
16:07:12.0 (21150086)|STATEMENT_EXECUTE|[112]
16:07:12.0 (21165635)|METHOD_ENTRY|[112]||System.JSON.serialize(Object)
16:07:12.0 (21609905)|METHOD_EXIT|[112]||System.JSON.serialize(Object)
16:07:12.0 (21624895)|VARIABLE_ASSIGNMENT|[112]|strJSON|"[{\"attributes\":{\"typ (204 more) ..."
16:07:12.0 (21628073)|STATEMENT_EXECUTE|[113]
16:07:12.0 (21637075)|HEAP_ALLOCATE|[113]|Bytes:5
16:07:12.0 (21659868)|HEAP_ALLOCATE|[113]|Bytes:229
16:07:12.0 (21710563)|USER_DEBUG|[113]|DEBUG|JSON:[{"attributes":{"type":"BFFFollow__c","url":"/services/data/v37.0/sobjects/BFFFollow__c/a005000000ezW4dAAE"},"FollowedUsers__c":"[{\"id\":\"00550000005cg71AAA\",\"name\":\"Jaswinder Rattanpal\"}]","Id":"a005000000ezW4dAAE"}]
16:07:12.0 (21720265)|STATEMENT_EXECUTE|[114]
16:07:12.0 (21732996)|HEAP_ALLOCATE|[114]|Bytes:4
16:07:12.0 (21760180)|VARIABLE_ASSIGNMENT|[114]|mapFields|{"s":1,"v":{}}|0x6414888
16:07:12.0 (21763484)|STATEMENT_EXECUTE|[115]
16:07:12.0 (21775273)|METHOD_ENTRY|[115]||System.JSON.deserializeUntyped(String)
16:07:12.0 (22122274)|METHOD_EXIT|[115]||System.JSON.deserializeUntyped(String)
16:07:12.0 (22133436)|VARIABLE_SCOPE_BEGIN|[115]|records|List<ANY>|true|false
16:07:12.0 (22158150)|HEAP_ALLOCATE|[EXTERNAL]|Bytes:8
16:07:12.0 (22181994)|VARIABLE_ASSIGNMENT|[115]|records|{"s":1,"v":[{"s":2,"v":{"attributes":{"s":3,"v":{"type":"BFFFollow__c","url":"/services/data/v37.0 (41 more) ..."}},"FollowedUsers__c":"[{\"id\":\"00550000005c (38 more) ...","Id":"a005000000ezW4dAAE"}}]}|0x2a4db015
16:07:12.0 (22228560)|HEAP_ALLOCATE|[116]|Bytes:5
16:07:12.0 (22247159)|HEAP_ALLOCATE|[116]|Bytes:16
16:07:12.0 (22257566)|VARIABLE_SCOPE_BEGIN|[116]|record|Object|false|false
16:07:12.0 (22279473)|VARIABLE_ASSIGNMENT|[116]|record|{"s":1,"v":{"attributes":{"s":2,"v":{"type":"BFFFollow__c","url":"/services/data/v37.0 (41 more) ..."}},"FollowedUsers__c":"[{\"id\":\"00550000005c (38 more) ...","Id":"a005000000ezW4dAAE"}}
16:07:12.0 (22284231)|STATEMENT_EXECUTE|[116]
16:07:12.0 (22285614)|STATEMENT_EXECUTE|[117]
16:07:12.0 (22309344)|METHOD_ENTRY|[117]|01p50000002CIEt|ETLC_SecuredDB.findFieldsRecursive(Map<String,Set<String>>, Map<String,ANY>)
16:07:12.0 (22332523)|VARIABLE_SCOPE_BEGIN|[124]|mapFields|Map<String,Set<String>>|true|false
16:07:12.0 (22344165)|VARIABLE_ASSIGNMENT|[124]|mapFields|{"s":1,"v":{}}|0x6414888
16:07:12.0 (22347862)|VARIABLE_SCOPE_BEGIN|[124]|record|Map<String,ANY>|true|false
16:07:12.0 (22361109)|VARIABLE_ASSIGNMENT|[124]|record|{"s":1,"v":{"attributes":{"s":2,"v":{"type":"BFFFollow__c","url":"/services/data/v37.0 (41 more) ..."}},"FollowedUsers__c":"[{\"id\":\"00550000005c (38 more) ...","Id":"a005000000ezW4dAAE"}}|0x2b9c807f
16:07:12.0 (22369988)|HEAP_ALLOCATE|[125]|Bytes:5
16:07:12.0 (22373929)|STATEMENT_EXECUTE|[124]
16:07:12.0 (22375247)|STATEMENT_EXECUTE|[125]
16:07:12.0 (22382368)|HEAP_ALLOCATE|[125]|Bytes:10
16:07:12.0 (22386902)|VARIABLE_SCOPE_BEGIN|[125]|strAttributes|String|false|false
16:07:12.0 (22393070)|VARIABLE_ASSIGNMENT|[125]|strAttributes|"attributes"
16:07:12.0 (22396311)|STATEMENT_EXECUTE|[126]
16:07:12.0 (22403889)|HEAP_ALLOCATE|[126]|Bytes:7
16:07:12.0 (22408333)|VARIABLE_SCOPE_BEGIN|[126]|strRecord|String|false|false
16:07:12.0 (22426880)|VARIABLE_ASSIGNMENT|[126]|strRecord|"records"
16:07:12.0 (22476445)|STATEMENT_EXECUTE|[127]
16:07:12.0 (22479260)|STATEMENT_EXECUTE|[128]
16:07:12.0 (22542101)|VARIABLE_SCOPE_BEGIN|[128]|attributes|Map<String,ANY>|true|false
16:07:12.0 (22569894)|VARIABLE_ASSIGNMENT|[128]|attributes|{"s":1,"v":{"type":"BFFFollow__c","url":"/services/data/v37.0 (41 more) ..."}}|0xe1c585
16:07:12.0 (22573867)|STATEMENT_EXECUTE|[129]
16:07:12.0 (22582376)|HEAP_ALLOCATE|[129]|Bytes:4
16:07:12.0 (22616362)|VARIABLE_SCOPE_BEGIN|[129]|objectName|String|false|false
16:07:12.0 (22624195)|VARIABLE_ASSIGNMENT|[129]|objectName|"BFFFollow__c"
16:07:12.0 (22634246)|HEAP_ALLOCATE|[130]|Bytes:4
16:07:12.0 (22696052)|HEAP_ALLOCATE|[130]|Bytes:44
16:07:12.0 (22714327)|HEAP_ALLOCATE|[130]|Bytes:12
16:07:12.0 (22737822)|HEAP_ALLOCATE|[130]|Bytes:5
16:07:12.0 (22752583)|VARIABLE_SCOPE_BEGIN|[130]|fieldName|String|false|false
16:07:12.0 (22760284)|VARIABLE_ASSIGNMENT|[130]|fieldName|"attributes"
16:07:12.0 (22763173)|STATEMENT_EXECUTE|[130]
16:07:12.0 (22764390)|STATEMENT_EXECUTE|[131]
16:07:12.0 (22807678)|VARIABLE_SCOPE_BEGIN|[131]|field|Object|false|false
16:07:12.0 (22829408)|VARIABLE_ASSIGNMENT|[131]|field|{"s":1,"v":{"type":"BFFFollow__c","url":"/services/data/v37.0 (41 more) ..."}}
16:07:12.0 (22859392)|STATEMENT_EXECUTE|[132]
16:07:12.0 (22882332)|HEAP_ALLOCATE|[130]|Bytes:5
16:07:12.0 (22899556)|VARIABLE_SCOPE_BEGIN|[130]|fieldName|String|false|false
16:07:12.0 (22907400)|VARIABLE_ASSIGNMENT|[130]|fieldName|"FollowedUsers__c"
16:07:12.0 (22909975)|STATEMENT_EXECUTE|[130]
16:07:12.0 (22911018)|STATEMENT_EXECUTE|[131]
16:07:12.0 (22930469)|VARIABLE_SCOPE_BEGIN|[131]|field|Object|false|false
16:07:12.0 (22947234)|VARIABLE_ASSIGNMENT|[131]|field|"[{\"id\":\"00550000005c (38 more) ..."
16:07:12.0 (22965634)|HEAP_ALLOCATE|[134]|Bytes:68
16:07:12.0 (22995316)|STATEMENT_EXECUTE|[136]
16:07:12.0 (22997732)|STATEMENT_EXECUTE|[137]
16:07:12.0 (23008431)|HEAP_ALLOCATE|[137]|Bytes:4
16:07:12.0 (23043394)|VARIABLE_SCOPE_BEGIN|[137]|fieldNames|Set<String>|true|false
16:07:12.0 (23064118)|VARIABLE_ASSIGNMENT|[137]|fieldNames|{"s":1,"v":[]}|0x4b620c99
16:07:12.0 (23095711)|STATEMENT_EXECUTE|[138]
16:07:12.0 (23102001)|STATEMENT_EXECUTE|[139]
16:07:12.0 (23124268)|HEAP_ALLOCATE|[EXTERNAL]|Bytes:4
16:07:12.0 (23131613)|STATEMENT_EXECUTE|[140]
16:07:12.0 (23158592)|HEAP_ALLOCATE|[EXTERNAL]|Bytes:-4
16:07:12.0 (23173424)|HEAP_ALLOCATE|[130]|Bytes:5
16:07:12.0 (23185555)|VARIABLE_SCOPE_BEGIN|[130]|fieldName|String|false|false
16:07:12.0 (23192544)|VARIABLE_ASSIGNMENT|[130]|fieldName|"Id"
16:07:12.0 (23195244)|STATEMENT_EXECUTE|[130]
16:07:12.0 (23196365)|STATEMENT_EXECUTE|[131]
16:07:12.0 (23215335)|VARIABLE_SCOPE_BEGIN|[131]|field|Object|false|false
16:07:12.0 (23223633)|VARIABLE_ASSIGNMENT|[131]|field|"a005000000ezW4dAAE"
16:07:12.0 (23239932)|STATEMENT_EXECUTE|[136]
16:07:12.0 (23241505)|STATEMENT_EXECUTE|[137]
16:07:12.0 (23249138)|HEAP_ALLOCATE|[137]|Bytes:4
16:07:12.0 (23260084)|VARIABLE_SCOPE_BEGIN|[137]|fieldNames|Set<String>|true|false
16:07:12.0 (23275718)|VARIABLE_ASSIGNMENT|[137]|fieldNames|{"s":1,"v":[]}|0x4b2e2f2
16:07:12.0 (23287828)|STATEMENT_EXECUTE|[138]
16:07:12.0 (23321374)|VARIABLE_ASSIGNMENT|[138]|fieldNames|{"s":1,"v":["FollowedUsers__c"]}|0x4b620c99
16:07:12.0 (23325356)|STATEMENT_EXECUTE|[139]
16:07:12.0 (23335227)|HEAP_ALLOCATE|[EXTERNAL]|Bytes:4
16:07:12.0 (23340377)|STATEMENT_EXECUTE|[140]
16:07:12.0 (23360726)|HEAP_ALLOCATE|[130]|Bytes:5
16:07:12.0 (23371697)|VARIABLE_ASSIGNMENT|[130]|fieldName|null
16:07:12.0 (23398737)|METHOD_EXIT|[117]|01p50000002CIEt|ETLC_SecuredDB.findFieldsRecursive(Map<String,Set<String>>, Map<String,ANY>)
16:07:12.0 (23418849)|HEAP_ALLOCATE|[116]|Bytes:5
16:07:12.0 (23445201)|VARIABLE_ASSIGNMENT|[116]|record|null
16:07:12.0 (23453389)|HEAP_ALLOCATE|[119]|Bytes:4
16:07:12.0 (23495813)|HEAP_ALLOCATE|[119]|Bytes:20
16:07:12.0 (23509031)|HEAP_ALLOCATE|[119]|Bytes:4
16:07:12.0 (23526119)|HEAP_ALLOCATE|[119]|Bytes:5
16:07:12.0 (23538376)|VARIABLE_SCOPE_BEGIN|[119]|objectName|String|false|false
16:07:12.0 (23546087)|VARIABLE_ASSIGNMENT|[119]|objectName|"BFFFollow__c"
16:07:12.0 (23548953)|STATEMENT_EXECUTE|[119]
16:07:12.0 (23554086)|STATEMENT_EXECUTE|[120]
16:07:12.0 (23562270)|HEAP_ALLOCATE|[120]|Bytes:2
16:07:12.0 (23616158)|HEAP_ALLOCATE|[120]|Bytes:22
16:07:12.0 (23631372)|HEAP_ALLOCATE|[120]|Bytes:36
16:07:12.0 (23642573)|USER_DEBUG|[120]|DEBUG|BFFFollow__c: {FollowedUsers__c, Id}
16:07:12.0 (23654514)|HEAP_ALLOCATE|[119]|Bytes:5
16:07:12.0 (23665230)|VARIABLE_ASSIGNMENT|[119]|objectName|null
16:07:12.0 (23668705)|STATEMENT_EXECUTE|[122]
16:07:12.0 (23681334)|METHOD_EXIT|[20]|01p50000002CIEt|ETLC_SecuredDB.findFields(List<SObject>)
16:07:12.0 (23698234)|METHOD_ENTRY|[20]|01p50000002CIEt|ETLC_SecuredDB.validate(ETLC_SecuredDB.Operation, Map<String,Set<String>>)
16:07:12.0 (23704674)|VARIABLE_SCOPE_BEGIN|[55]|op|ETLC_SecuredDB.Operation|true|false
16:07:12.0 (23725581)|VARIABLE_ASSIGNMENT|[55]|op|"Querying"|0x4093eb5b
16:07:12.0 (23729310)|VARIABLE_SCOPE_BEGIN|[55]|mapFieldNames|Map<String,Set<String>>|true|false
16:07:12.0 (23744634)|VARIABLE_ASSIGNMENT|[55]|mapFieldNames|{"s":1,"v":{"BFFFollow__c":{"s":2,"v":["FollowedUsers__c","Id"]}}}|0x6414888
16:07:12.0 (23754139)|HEAP_ALLOCATE|[56]|Bytes:5
16:07:12.0 (23758183)|STATEMENT_EXECUTE|[55]
16:07:12.0 (23759663)|STATEMENT_EXECUTE|[56]
16:07:12.0 (23766998)|VARIABLE_SCOPE_BEGIN|[56]|securityMessage|String|false|false
16:07:12.0 (23771816)|VARIABLE_ASSIGNMENT|[56]|securityMessage|null
16:07:12.0 (23773592)|STATEMENT_EXECUTE|[57]
16:07:12.0 (39124703)|HEAP_ALLOCATE|[57]|Bytes:1256
16:07:12.0 (39162886)|VARIABLE_SCOPE_BEGIN|[57]|mapObjects|Map<String,Schema.SObjectType>|true|false
16:07:12.0 (39384562)|VARIABLE_ASSIGNMENT|[57]|mapObjects|"{acceptedeventrelation=AcceptedEventRelation, account=Account, accountcontactrole=AccountContactRole, accounthistory=AccountHistory, accountpartner=AccountPartner, accountshare=AccountShare, actionlinkgrouptemplate=ActionLinkGroupTemplate, actionlinktemplate=ActionLinkTemplate, activityhistory=ActivityHistory, additionalnumber=AdditionalNumber, ...}"|0x1bce3114
16:07:12.0 (39411411)|HEAP_ALLOCATE|[58]|Bytes:4
16:07:12.0 (39486614)|HEAP_ALLOCATE|[58]|Bytes:20
16:07:12.0 (39507531)|HEAP_ALLOCATE|[58]|Bytes:4
16:07:12.0 (39541899)|HEAP_ALLOCATE|[58]|Bytes:5
16:07:12.0 (39565839)|VARIABLE_SCOPE_BEGIN|[58]|sObjectName|String|false|false
16:07:12.0 (39576763)|VARIABLE_ASSIGNMENT|[58]|sObjectName|"BFFFollow__c"
16:07:12.0 (39581401)|STATEMENT_EXECUTE|[58]
16:07:12.0 (39583417)|STATEMENT_EXECUTE|[59]
16:07:12.0 (39604296)|HEAP_ALLOCATE|[59]|Bytes:9
16:07:12.0 (39609240)|HEAP_ALLOCATE|[59]|Bytes:7
16:07:12.0 (39672310)|HEAP_ALLOCATE|[59]|Bytes:8
16:07:12.0 (39683595)|HEAP_ALLOCATE|[59]|Bytes:1
16:07:12.0 (39697131)|HEAP_ALLOCATE|[59]|Bytes:37
16:07:12.0 (39706955)|VARIABLE_ASSIGNMENT|[59]|securityMessage|"CRUD on [BFFFollow__ (17 more) ..."
16:07:12.0 (39709884)|STATEMENT_EXECUTE|[60]
16:07:12.0 (39717360)|HEAP_ALLOCATE|[60]|Bytes:10
16:07:12.0 (39724695)|HEAP_ALLOCATE|[60]|Bytes:47
16:07:12.0 (39765431)|USER_DEBUG|[60]|DEBUG|Checking: CRUD on [BFFFollow__c] for [Querying]
16:07:12.0 (39772772)|STATEMENT_EXECUTE|[61]
16:07:12.0 (40099185)|HEAP_ALLOCATE|[61]|Bytes:4
16:07:12.0 (40143735)|VARIABLE_SCOPE_BEGIN|[61]|drSObj|Schema.DescribeSObjectResult|true|false
16:07:12.0 (40218531)|VARIABLE_ASSIGNMENT|[61]|drSObj|"common.api.soap.wsdl.DescribeSObjectResult@a54f9caa"|0x76bfdc17
16:07:12.0 (40386205)|STATEMENT_EXECUTE|[64]
16:07:12.0 (40416442)|STATEMENT_EXECUTE|[65]
16:07:12.0 (40473138)|STATEMENT_EXECUTE|[77]
16:07:12.0 (40475769)|STATEMENT_EXECUTE|[79]
16:07:12.0 (40729421)|HEAP_ALLOCATE|[79]|Bytes:56
16:07:12.0 (40740332)|VARIABLE_SCOPE_BEGIN|[79]|mapFields|Map<String,Schema.SObjectField>|true|false
16:07:12.0 (40894014)|VARIABLE_ASSIGNMENT|[79]|mapFields|"{createdbyid=CreatedById, createddate=CreatedDate, followedby__c=FollowedBy__c, followedusers__c=FollowedUsers__c, id=Id, isdeleted=IsDeleted, lastmodifiedbyid=LastModifiedById, lastmodifieddate=LastModifiedDate, lastreferenceddate=LastReferencedDate, lastvieweddate=LastViewedDate, ...}"|0x137db24b
16:07:12.0 (40904086)|HEAP_ALLOCATE|[80]|Bytes:4
16:07:12.0 (40948744)|HEAP_ALLOCATE|[80]|Bytes:8
16:07:12.0 (40968666)|HEAP_ALLOCATE|[80]|Bytes:5
16:07:12.0 (40981858)|VARIABLE_SCOPE_BEGIN|[80]|fieldName|String|false|false
16:07:12.0 (40990544)|VARIABLE_ASSIGNMENT|[80]|fieldName|"FollowedUsers__c"
16:07:12.0 (40993753)|STATEMENT_EXECUTE|[80]
16:07:12.0 (40994983)|STATEMENT_EXECUTE|[81]
16:07:12.0 (41927993)|HEAP_ALLOCATE|[81]|Bytes:8
16:07:12.0 (41962802)|VARIABLE_SCOPE_BEGIN|[81]|drField|Schema.DescribeFieldResult|true|false
16:07:12.0 (42029573)|VARIABLE_ASSIGNMENT|[81]|drField|"common.api.soap.wsdl.Field@66bab0e5"|0x69f432b6
16:07:12.0 (42053493)|STATEMENT_EXECUTE|[82]
16:07:12.0 (42055512)|STATEMENT_EXECUTE|[83]
16:07:12.0 (42064798)|HEAP_ALLOCATE|[83]|Bytes:8
16:07:12.0 (42069214)|HEAP_ALLOCATE|[83]|Bytes:1
16:07:12.0 (42107642)|HEAP_ALLOCATE|[83]|Bytes:8
16:07:12.0 (42126791)|HEAP_ALLOCATE|[83]|Bytes:52
16:07:12.0 (42132922)|HEAP_ALLOCATE|[83]|Bytes:53
16:07:12.0 (42142031)|VARIABLE_ASSIGNMENT|[83]|securityMessage|"FLS on [BFFFollow__c (33 more) ..."
16:07:12.0 (42145139)|STATEMENT_EXECUTE|[84]
16:07:12.0 (42155519)|HEAP_ALLOCATE|[84]|Bytes:63
16:07:12.0 (42179949)|USER_DEBUG|[84]|DEBUG|Checking: FLS on [BFFFollow__c.FollowedUsers__c] for [Querying]
16:07:12.0 (42268870)|STATEMENT_EXECUTE|[87]
16:07:12.0 (42285510)|STATEMENT_EXECUTE|[88]
16:07:12.0 (42302855)|HEAP_ALLOCATE|[80]|Bytes:5
16:07:12.0 (42315864)|VARIABLE_SCOPE_BEGIN|[80]|fieldName|String|false|false
16:07:12.0 (42323728)|VARIABLE_ASSIGNMENT|[80]|fieldName|"Id"
16:07:12.0 (42326248)|STATEMENT_EXECUTE|[80]
16:07:12.0 (42327294)|STATEMENT_EXECUTE|[81]
16:07:12.0 (42482085)|HEAP_ALLOCATE|[81]|Bytes:8
16:07:12.0 (42492968)|VARIABLE_SCOPE_BEGIN|[81]|drField|Schema.DescribeFieldResult|true|false
16:07:12.0 (42560413)|VARIABLE_ASSIGNMENT|[81]|drField|"common.api.soap.wsdl.Field@c3236e50"|0x4e9d7552
16:07:12.0 (42572971)|STATEMENT_EXECUTE|[99]
16:07:12.0 (42574659)|STATEMENT_EXECUTE|[100]
16:07:12.0 (42583682)|HEAP_ALLOCATE|[100]|Bytes:22
16:07:12.0 (42622543)|HEAP_ALLOCATE|[100]|Bytes:8
16:07:12.0 (42636866)|HEAP_ALLOCATE|[100]|Bytes:52
16:07:12.0 (42641342)|HEAP_ALLOCATE|[100]|Bytes:35
16:07:12.0 (42646180)|HEAP_ALLOCATE|[100]|Bytes:87
16:07:12.0 (42656708)|USER_DEBUG|[100]|DEBUG|Bypass Check: FLS on [BFFFollow__c.Id] for [Querying] since it's not isPermissionable()
16:07:12.0 (42669931)|HEAP_ALLOCATE|[80]|Bytes:5
16:07:12.0 (42681559)|VARIABLE_ASSIGNMENT|[80]|fieldName|null
16:07:12.0 (42690779)|HEAP_ALLOCATE|[58]|Bytes:5
16:07:12.0 (42698675)|VARIABLE_ASSIGNMENT|[58]|sObjectName|null
16:07:12.0 (42710974)|METHOD_EXIT|[20]|01p50000002CIEt|ETLC_SecuredDB.validate(ETLC_SecuredDB.Operation, Map<String,Set<String>>)
16:07:12.0 (42714735)|STATEMENT_EXECUTE|[21]
16:07:12.0 (42726500)|METHOD_EXIT|[24]|01p50000002CIEt|ETLC_SecuredDB.query(String)
16:07:12.0 (42733154)|VARIABLE_SCOPE_BEGIN|[24]|dbRecords|List<SObject>|true|false
16:07:12.0 (42767518)|VARIABLE_ASSIGNMENT|[24]|dbRecords|{"s":1,"v":[{"s":2,"v":{"FollowedUsers__c":"[{\"id\":\"00550000005c (38 more) ...","Id":"a005000000ezW4dAAE"}}]}|0x58f066cf
16:07:12.0 (42775443)|STATEMENT_EXECUTE|[25]
16:07:12.0 (42776902)|STATEMENT_EXECUTE|[25]
16:07:12.0 (42861568)|USER_DEBUG|[25]|DEBUG|(BFFFollow__c:{FollowedUsers__c=[{"id":"00550000005cg71AAA","name":"Jaswinder Rattanpal"}], Id=a005000000ezW4dAAE})
16:07:12.0 (42937509)|STATEMENT_EXECUTE|[26]
16:07:12.0 (42943416)|STATEMENT_EXECUTE|[27]
16:07:12.0 (42944735)|STATEMENT_EXECUTE|[28]
16:07:12.0 (42953523)|HEAP_ALLOCATE|[28]|Bytes:18
16:07:12.0 (42968472)|HEAP_ALLOCATE|[28]|Bytes:12
16:07:12.0 (42973825)|HEAP_ALLOCATE|[28]|Bytes:16
16:07:12.0 (43035293)|HEAP_ALLOCATE|[28]|Bytes:58
16:07:12.0 (43055574)|HEAP_ALLOCATE|[28]|Bytes:58
16:07:12.0 (43064904)|HEAP_ALLOCATE|[28]|Bytes:76
16:07:12.0 (43080219)|USER_DEBUG|[28]|DEBUG|FollowedUsers__c::[{"id":"00550000005cg71AAA","name":"Jaswinder Rattanpal"}]
16:07:12.0 (43089763)|STATEMENT_EXECUTE|[30]
16:07:12.0 (43109257)|HEAP_ALLOCATE|[30]|Bytes:12
16:07:12.0 (43165347)|HEAP_ALLOCATE|[30]|Bytes:58
16:07:12.0 (43183733)|METHOD_EXIT|[10]|01p50000002D8iw|BFFFollow_Controller.fetchFollowedUsers(Id)
16:07:12.0 (43257118)|VARIABLE_ASSIGNMENT|[EXTERNAL]|this|{"debug":true,"input":"{\"mode\":\"fetchFollow (9 more) ...","operation":"BFFFollow_Controller"}|0x37f014c0
16:07:12.0 (43267188)|VARIABLE_ASSIGNMENT|[EXTERNAL]|value|"[{\"id\":\"00550000005c (38 more) ..."
16:07:12.0 (43282392)|VARIABLE_ASSIGNMENT|[12]|this.output|"[{\"id\":\"00550000005c (38 more) ..."|0x37f014c0
16:07:12.0 (43289907)|STATEMENT_EXECUTE|[11]
16:07:12.0 (43348495)|VARIABLE_ASSIGNMENT|[EXTERNAL]|this|{"debug":true,"input":"{\"mode\":\"fetchFollow (9 more) ...","operation":"BFFFollow_Controller","output":"[{\"id\":\"00550000005c (38 more) ..."}|0x37f014c0
16:07:12.0 (43407007)|VARIABLE_ASSIGNMENT|[EXTERNAL]|this|{"debug":true,"input":"{\"mode\":\"fetchFollow (9 more) ...","operation":"BFFFollow_Controller","output":"[{\"id\":\"00550000005c (38 more) ..."}|0x37f014c0
16:07:12.0 (43416262)|VARIABLE_ASSIGNMENT|[EXTERNAL]|value|true
16:07:12.0 (43421271)|HEAP_ALLOCATE|[15]|Bytes:5
16:07:12.0 (43429090)|VARIABLE_ASSIGNMENT|[15]|this.outputFlag|true|0x37f014c0
16:07:12.0 (43439037)|STATEMENT_EXECUTE|[12]
16:07:12.0 (43440732)|STATEMENT_EXECUTE|[12]
16:07:12.0 (43491841)|USER_DEBUG|[12]|DEBUG|ETLC_ApexBridge_Data:[debug=true, input={"mode":"fetchFollowedUsers"}, isSuccess=null, messages=null, operation=BFFFollow_Controller, output=[{"id":"00550000005cg71AAA","name":"Jaswinder Rattanpal"}], outputFlag=true, records=null]
16:07:12.0 (43506890)|METHOD_EXIT|[9]|01p50000002D8iw|BFFFollow_Controller.process(ETLC_ApexBridge_Data)
16:07:12.0 (43511319)|STATEMENT_EXECUTE|[24]
16:07:12.0 (43531787)|METHOD_ENTRY|[24]|01p50000002CIEo|ETLC_ApexBridge_Data.toJSON()
16:07:12.0 (43548604)|VARIABLE_SCOPE_BEGIN|[57]|this|ETLC_ApexBridge_Data|true|false
16:07:12.0 (43582032)|VARIABLE_ASSIGNMENT|[57]|this|{"debug":true,"input":"{\"mode\":\"fetchFollow (9 more) ...","operation":"BFFFollow_Controller","output":"[{\"id\":\"00550000005c (38 more) ...","outputFlag":true}|0x37f014c0
16:07:12.0 (43587864)|STATEMENT_EXECUTE|[57]
16:07:12.0 (43589221)|STATEMENT_EXECUTE|[58]
16:07:12.0 (43604354)|METHOD_ENTRY|[58]||System.JSON.serialize(Object)
16:07:12.0 (43691860)|STATEMENT_EXECUTE|[22]
16:07:12.0 (43696540)|STATEMENT_EXECUTE|[23]
16:07:12.0 (43705371)|HEAP_ALLOCATE|[23]|Bytes:5
16:07:12.0 (43715057)|VARIABLE_ASSIGNMENT|[23]|this.isSuccess|true|0x37f014c0
16:07:12.0 (43717557)|STATEMENT_EXECUTE|[24]
16:07:12.0 (43761180)|STATEMENT_EXECUTE|[31]
16:07:12.0 (43765684)|STATEMENT_EXECUTE|[32]
16:07:12.0 (43798279)|HEAP_ALLOCATE|[32]|Bytes:4
16:07:12.0 (43866670)|VARIABLE_ASSIGNMENT|[32]|this.messages|{"s":1,"v":{}}|0x37f014c0
16:07:12.0 (43870877)|STATEMENT_EXECUTE|[33]
16:07:12.0 (44193326)|METHOD_EXIT|[58]||System.JSON.serialize(Object)
16:07:12.0 (44200802)|METHOD_EXIT|[24]|01p50000002CIEo|ETLC_ApexBridge_Data.toJSON()
16:07:12.0 (44207310)|SYSTEM_MODE_EXIT|false
16:07:12.44 (44256091)|CUMULATIVE_LIMIT_USAGE
16:07:12.44 (44256091)|LIMIT_USAGE_FOR_NS|(default)|
  Number of SOQL queries: 1 out of 100
  Number of query rows: 1 out of 50000
  Number of SOSL queries: 0 out of 20
  Number of DML statements: 0 out of 150
  Number of DML rows: 0 out of 10000
  Maximum CPU time: 0 out of 10000
  Maximum heap size: 0 out of 6000000
  Number of callouts: 0 out of 100
  Number of Email Invocations: 0 out of 10
  Number of future calls: 0 out of 50
  Number of queueable jobs added to the queue: 0 out of 50
  Number of Mobile Apex push calls: 0 out of 10

16:07:12.44 (44256091)|CUMULATIVE_LIMIT_USAGE_END

16:07:12.0 (44299792)|CODE_UNIT_FINISHED|ETLC_ApexBridge_Controller.execute
