37.0 APEX_CODE,FINEST;APEX_PROFILING,INFO;CALLOUT,INFO;DB,INFO;SYSTEM,DEBUG;VALIDATION,INFO;VISUALFORCE,INFO;WORKFLOW,INFO
16:11:12.0 (518140)|USER_INFO|[EXTERNAL]|00550000005cg71|bfffollow@jr.te|Eastern Standard Time|GMT-04:00
16:11:12.0 (564571)|EXECUTION_STARTED
16:11:12.0 (571356)|CODE_UNIT_STARTED|[EXTERNAL]|aura
16:11:12.0 (994835)|HEAP_ALLOCATE|[72]|Bytes:3
16:11:12.0 (1066991)|HEAP_ALLOCATE|[77]|Bytes:152
16:11:12.0 (1090620)|HEAP_ALLOCATE|[342]|Bytes:408
16:11:12.0 (1110171)|HEAP_ALLOCATE|[355]|Bytes:408
16:11:12.0 (1129169)|HEAP_ALLOCATE|[467]|Bytes:48
16:11:12.0 (1198441)|HEAP_ALLOCATE|[139]|Bytes:6
16:11:12.0 (1228579)|HEAP_ALLOCATE|[EXTERNAL]|Bytes:93
16:11:12.0 (1266633)|HEAP_ALLOCATE|[EXTERNAL]|Bytes:93
16:11:12.0 (2531654)|CODE_UNIT_STARTED|[EXTERNAL]|01p50000002CIEm|ETLC_ApexBridge_Controller.execute
16:11:12.0 (3300479)|HEAP_ALLOCATE|[EXTERNAL]|Bytes:1
16:11:12.0 (3309420)|HEAP_ALLOCATE|[EXTERNAL]|Bytes:10
16:11:12.0 (3356575)|METHOD_ENTRY|[1]|01p50000002CIEm|ETLC_ApexBridge_Controller.ETLC_ApexBridge_Controller()
16:11:12.0 (3362373)|STATEMENT_EXECUTE|[1]
16:11:12.0 (3369032)|STATEMENT_EXECUTE|[1]
16:11:12.0 (3392466)|METHOD_EXIT|[1]|ETLC_ApexBridge_Controller
16:11:12.0 (3399629)|HEAP_ALLOCATE|[EXTERNAL]|Bytes:93
16:11:12.0 (3410769)|SYSTEM_MODE_ENTER|false
16:11:12.0 (3562995)|VARIABLE_SCOPE_BEGIN|[3]|dataJson|String|false|false
16:11:12.0 (3696412)|VARIABLE_ASSIGNMENT|[3]|dataJson|"{\"operation\":\"BFFFol (73 more) ..."
16:11:12.0 (3711899)|STATEMENT_EXECUTE|[3]
16:11:12.0 (3713790)|STATEMENT_EXECUTE|[4]
16:11:12.0 (6057650)|VARIABLE_SCOPE_BEGIN|[4]|data|ETLC_ApexBridge_Data|true|false
16:11:12.0 (6074388)|VARIABLE_ASSIGNMENT|[4]|data|null|
16:11:12.0 (6078173)|STATEMENT_EXECUTE|[5]
16:11:12.0 (6079604)|STATEMENT_EXECUTE|[5]
16:11:12.0 (6080765)|STATEMENT_EXECUTE|[6]
16:11:12.0 (6098451)|HEAP_ALLOCATE|[6]|Bytes:11
16:11:12.0 (6106662)|HEAP_ALLOCATE|[6]|Bytes:248
16:11:12.0 (6110608)|HEAP_ALLOCATE|[6]|Bytes:39
16:11:12.0 (6154495)|METHOD_ENTRY|[2]|01p50000002CIEo|ETLC_ApexBridge_Data.ETLC_ApexBridge_Data()
16:11:12.0 (6158698)|STATEMENT_EXECUTE|[2]
16:11:12.0 (6163022)|STATEMENT_EXECUTE|[2]
16:11:12.0 (6170874)|METHOD_EXIT|[2]|ETLC_ApexBridge_Data
16:11:12.0 (6206487)|METHOD_ENTRY|[6]|01p50000002CIEo|ETLC_ApexBridge_Data.fromJSON(String)
16:11:12.0 (6233557)|VARIABLE_SCOPE_BEGIN|[60]|strJson|String|false|false
16:11:12.0 (6245365)|VARIABLE_ASSIGNMENT|[60]|strJson|"{\"operation\":\"BFFFol (73 more) ..."
16:11:12.0 (6250151)|STATEMENT_EXECUTE|[60]
16:11:12.0 (6251679)|STATEMENT_EXECUTE|[61]
16:11:12.0 (6262433)|HEAP_ALLOCATE|[61]|Bytes:20
16:11:12.0 (6284948)|HEAP_ALLOCATE|[50]|Bytes:5
16:11:12.0 (6309756)|HEAP_ALLOCATE|[56]|Bytes:5
16:11:12.0 (6319610)|HEAP_ALLOCATE|[64]|Bytes:7
16:11:12.0 (6422648)|HEAP_ALLOCATE|[61]|Bytes:24
16:11:12.0 (6439512)|SYSTEM_METHOD_ENTRY|[1]|Type.Type()
16:11:12.0 (6442901)|STATEMENT_EXECUTE|[1]
16:11:12.0 (6452496)|SYSTEM_METHOD_EXIT|[1]|Type
16:11:12.0 (6458366)|HEAP_ALLOCATE|[61]|Bytes:8
16:11:12.0 (6483917)|HEAP_ALLOCATE|[61]|Bytes:8
16:11:12.0 (6489158)|VARIABLE_SCOPE_BEGIN|[4]|this|System.Type|true|false
16:11:12.0 (6551302)|VARIABLE_ASSIGNMENT|[4]|this|{}|0x28e16030
16:11:12.0 (6556500)|VARIABLE_SCOPE_BEGIN|[4]|apextype|java:common.apex.runtime.ApexObjectType|true|false
16:11:12.0 (6723254)|VARIABLE_ASSIGNMENT|[4]|apextype|"ETLC_ApexBridge_Data"|0x4b7eacee
16:11:12.0 (6823494)|HEAP_ALLOCATE|[61]|Bytes:8
16:11:12.0 (6870469)|HEAP_ALLOCATE|[61]|Bytes:24
16:11:12.0 (6886319)|SYSTEM_METHOD_ENTRY|[1]|JSON.JSON()
16:11:12.0 (6889533)|STATEMENT_EXECUTE|[1]
16:11:12.0 (6898238)|SYSTEM_METHOD_EXIT|[1]|JSON
16:11:12.0 (6912869)|METHOD_ENTRY|[61]||System.JSON.deserializeStrict(String, System.Type)
16:11:12.0 (7726242)|METHOD_EXIT|[61]||System.JSON.deserializeStrict(String, System.Type)
16:11:12.0 (7740951)|METHOD_EXIT|[6]|01p50000002CIEo|ETLC_ApexBridge_Data.fromJSON(String)
16:11:12.0 (7817434)|VARIABLE_ASSIGNMENT|[6]|data|{"debug":true,"input":"{\"mode\":\"fetchFollow (9 more) ...","operation":"BFFFollow_Controller"}|0x2bc4d04d
16:11:12.0 (7823825)|STATEMENT_EXECUTE|[7]
16:11:12.0 (7836048)|HEAP_ALLOCATE|[7]|Bytes:6
16:11:12.0 (7917118)|HEAP_ALLOCATE|[7]|Bytes:177
16:11:12.0 (7939632)|HEAP_ALLOCATE|[7]|Bytes:183
16:11:12.0 (7968195)|USER_DEBUG|[7]|DEBUG|data::ETLC_ApexBridge_Data:[debug=true, input={"mode":"fetchFollowedUsers"}, isSuccess=null, messages=null, operation=BFFFollow_Controller, output=null, outputFlag=null, records=null]
16:11:12.0 (7978130)|STATEMENT_EXECUTE|[8]
16:11:12.0 (8071953)|VARIABLE_ASSIGNMENT|[EXTERNAL]|this|{"debug":true,"input":"{\"mode\":\"fetchFollow (9 more) ...","operation":"BFFFollow_Controller"}|0x2bc4d04d
16:11:12.0 (8105607)|METHOD_ENTRY|[8]||System.Type.forName(String)
16:11:12.0 (10121510)|METHOD_EXIT|[8]||System.Type.forName(String)
16:11:12.0 (10136262)|METHOD_ENTRY|[8]||System.Type.newInstance()
16:11:12.0 (11717697)|STATEMENT_EXECUTE|[1]
16:11:12.0 (11732833)|HEAP_ALLOCATE|[33]|Bytes:5
16:11:12.0 (11749384)|METHOD_EXIT|[1]|BFFFollow_Controller
16:11:12.0 (11763710)|HEAP_ALLOCATE|[33]|Bytes:4
16:11:12.0 (11773314)|VARIABLE_SCOPE_BEGIN|[1]|this|BFFFollow_Controller|true|false
16:11:12.0 (11794258)|VARIABLE_ASSIGNMENT|[1]|this|{}|0x43de5037
16:11:12.0 (11806815)|HEAP_ALLOCATE|[33]|Bytes:5
16:11:12.0 (11817577)|HEAP_ALLOCATE|[33]|Bytes:11
16:11:12.0 (11840230)|METHOD_ENTRY|[1]|01p50000002CIEj|ETLC_ApexBridge_Abstract.ETLC_ApexBridge_Abstract()
16:11:12.0 (11844294)|STATEMENT_EXECUTE|[1]
16:11:12.0 (11848465)|STATEMENT_EXECUTE|[1]
16:11:12.0 (11855315)|METHOD_EXIT|[1]|ETLC_ApexBridge_Abstract
16:11:12.0 (11864358)|CONSTRUCTOR_ENTRY|[EXTERNAL]|01p50000002CIEj|<init>()
16:11:12.0 (11885771)|VARIABLE_SCOPE_BEGIN|[1]|this|ETLC_ApexBridge_Abstract|true|false
16:11:12.0 (11903623)|VARIABLE_ASSIGNMENT|[1]|this|{}|0x43de5037
16:11:12.0 (11920480)|STATEMENT_EXECUTE|[1]
16:11:12.0 (11925960)|CONSTRUCTOR_EXIT|[EXTERNAL]|01p50000002CIEj|<init>()
16:11:12.0 (11932162)|STATEMENT_EXECUTE|[1]
16:11:12.0 (11937848)|HEAP_ALLOCATE|[33]|Bytes:5
16:11:12.0 (11956995)|METHOD_EXIT|[8]||System.Type.newInstance()
16:11:12.0 (11966318)|VARIABLE_SCOPE_BEGIN|[8]|executor|ETLC_ApexBridge_Abstract|true|false
16:11:12.0 (11981787)|VARIABLE_ASSIGNMENT|[8]|executor|{}|0x43de5037
16:11:12.0 (11984752)|STATEMENT_EXECUTE|[9]
16:11:12.0 (12032809)|METHOD_ENTRY|[9]|01p50000002D8iw|BFFFollow_Controller.process(ETLC_ApexBridge_Data)
16:11:12.0 (12062631)|VARIABLE_SCOPE_BEGIN|[3]|this|BFFFollow_Controller|true|false
16:11:12.0 (12079245)|VARIABLE_ASSIGNMENT|[3]|this|{}|0x43de5037
16:11:12.0 (12084350)|VARIABLE_SCOPE_BEGIN|[3]|data|ETLC_ApexBridge_Data|true|false
16:11:12.0 (12113418)|VARIABLE_ASSIGNMENT|[3]|data|{"debug":true,"input":"{\"mode\":\"fetchFollow (9 more) ...","operation":"BFFFollow_Controller"}|0x2bc4d04d
16:11:12.0 (12124579)|HEAP_ALLOCATE|[4]|Bytes:5
16:11:12.0 (12129336)|STATEMENT_EXECUTE|[3]
16:11:12.0 (12130578)|STATEMENT_EXECUTE|[4]
16:11:12.0 (12220312)|VARIABLE_ASSIGNMENT|[EXTERNAL]|this|{"debug":true,"input":"{\"mode\":\"fetchFollow (9 more) ...","operation":"BFFFollow_Controller"}|0x2bc4d04d
16:11:12.0 (12246993)|VARIABLE_ASSIGNMENT|[4]|BFFFollow_Controller.debugFlag|true
16:11:12.0 (12292424)|VARIABLE_ASSIGNMENT|[EXTERNAL]|this|{"debug":true,"input":"{\"mode\":\"fetchFollow (9 more) ...","operation":"BFFFollow_Controller"}|0x2bc4d04d
16:11:12.0 (12307332)|STATEMENT_EXECUTE|[5]
16:11:12.0 (12349635)|USER_DEBUG|[5]|DEBUG|ETLC_ApexBridge_Data:[debug=true, input={"mode":"fetchFollowedUsers"}, isSuccess=null, messages=null, operation=BFFFollow_Controller, output=null, outputFlag=null, records=null]
16:11:12.0 (12358794)|STATEMENT_EXECUTE|[7]
16:11:12.0 (12367365)|HEAP_ALLOCATE|[7]|Bytes:4
16:11:12.0 (12393717)|METHOD_ENTRY|[7]|01p50000002CIEo|ETLC_ApexBridge_Data.getInputValue(String)
16:11:12.0 (12419466)|VARIABLE_SCOPE_BEGIN|[52]|this|ETLC_ApexBridge_Data|true|false
16:11:12.0 (12451070)|VARIABLE_ASSIGNMENT|[52]|this|{"debug":true,"input":"{\"mode\":\"fetchFollow (9 more) ...","operation":"BFFFollow_Controller"}|0x2bc4d04d
16:11:12.0 (12458138)|VARIABLE_SCOPE_BEGIN|[52]|key|String|false|false
16:11:12.0 (12463263)|VARIABLE_ASSIGNMENT|[52]|key|"mode"
16:11:12.0 (12467938)|STATEMENT_EXECUTE|[52]
16:11:12.0 (12469487)|STATEMENT_EXECUTE|[53]
16:11:12.0 (12530673)|VARIABLE_ASSIGNMENT|[EXTERNAL]|this|{"debug":true,"input":"{\"mode\":\"fetchFollow (9 more) ...","operation":"BFFFollow_Controller"}|0x2bc4d04d
16:11:12.0 (12553077)|METHOD_ENTRY|[53]||System.JSON.deserializeUntyped(String)
16:11:12.0 (12804757)|METHOD_EXIT|[53]||System.JSON.deserializeUntyped(String)
16:11:12.0 (12815777)|VARIABLE_SCOPE_BEGIN|[53]|inputMap|Map<String,ANY>|true|false
16:11:12.0 (12844031)|VARIABLE_ASSIGNMENT|[53]|inputMap|{"s":1,"v":{"mode":"fetchFollowedUsers"}}|0x6e5bd5e6
16:11:12.0 (12847721)|STATEMENT_EXECUTE|[54]
16:11:12.0 (12896489)|METHOD_EXIT|[7]|01p50000002CIEo|ETLC_ApexBridge_Data.getInputValue(String)
16:11:12.0 (12902839)|VARIABLE_SCOPE_BEGIN|[7]|mode|String|false|false
16:11:12.0 (12910680)|VARIABLE_ASSIGNMENT|[7]|mode|"fetchFollowedUsers"
16:11:12.0 (12916459)|HEAP_ALLOCATE|[9]|Bytes:18
16:11:12.0 (12952614)|STATEMENT_EXECUTE|[9]
16:11:12.0 (12954629)|STATEMENT_EXECUTE|[10]
16:11:12.0 (13003153)|HEAP_ALLOCATE|[10]|Bytes:85
16:11:12.0 (13021830)|SYSTEM_METHOD_ENTRY|[1]|UserInfo.UserInfo()
16:11:12.0 (13024982)|STATEMENT_EXECUTE|[1]
16:11:12.0 (13034223)|SYSTEM_METHOD_EXIT|[1]|UserInfo
16:11:12.0 (13047248)|METHOD_ENTRY|[10]||System.UserInfo.getUserId()
16:11:12.0 (13086327)|METHOD_EXIT|[10]||System.UserInfo.getUserId()
16:11:12.0 (13103692)|HEAP_ALLOCATE|[10]|Bytes:4
16:11:12.0 (13120799)|METHOD_ENTRY|[10]|01p50000002D8iw|BFFFollow_Controller.fetchFollowedUsers(Id)
16:11:12.0 (13130047)|VARIABLE_SCOPE_BEGIN|[20]|this|BFFFollow_Controller|true|false
16:11:12.0 (13147668)|VARIABLE_ASSIGNMENT|[20]|this|{}|0x43de5037
16:11:12.0 (13152926)|VARIABLE_SCOPE_BEGIN|[20]|followedById|Id|false|false
16:11:12.0 (13261939)|VARIABLE_ASSIGNMENT|[20]|followedById|"00550000005cg71AAA"
16:11:12.0 (13275473)|HEAP_ALLOCATE|[21]|Bytes:5
16:11:12.0 (13280060)|STATEMENT_EXECUTE|[20]
16:11:12.0 (13281362)|STATEMENT_EXECUTE|[21]
16:11:12.0 (13290729)|HEAP_ALLOCATE|[21]|Bytes:63
16:11:12.0 (13332016)|HEAP_ALLOCATE|[21]|Bytes:18
16:11:12.0 (13344555)|HEAP_ALLOCATE|[21]|Bytes:9
16:11:12.0 (13356576)|HEAP_ALLOCATE|[21]|Bytes:90
16:11:12.0 (13361351)|VARIABLE_SCOPE_BEGIN|[21]|soql|String|false|false
16:11:12.0 (13371529)|VARIABLE_ASSIGNMENT|[21]|soql|"SELECT FollowedUsers (70 more) ..."
16:11:12.0 (13374624)|STATEMENT_EXECUTE|[22]
16:11:12.0 (13375967)|STATEMENT_EXECUTE|[22]
16:11:12.0 (13380881)|STATEMENT_EXECUTE|[23]
16:11:12.0 (13382135)|STATEMENT_EXECUTE|[23]
16:11:12.0 (13391165)|HEAP_ALLOCATE|[23]|Bytes:24
16:11:12.0 (13398368)|HEAP_ALLOCATE|[23]|Bytes:114
16:11:12.0 (13428818)|USER_DEBUG|[23]|DEBUG|fetchFollowedUsers:soql:SELECT FollowedUsers__c FROM BFFFollow__c WHERE FollowedBy__c='00550000005cg71AAA' limit 1
16:11:12.0 (13436977)|STATEMENT_EXECUTE|[24]
16:11:12.0 (16395532)|HEAP_ALLOCATE|[24]|Bytes:9
16:11:12.0 (16405507)|HEAP_ALLOCATE|[24]|Bytes:29
16:11:12.0 (16409465)|HEAP_ALLOCATE|[24]|Bytes:21
16:11:12.0 (16432953)|METHOD_ENTRY|[7]|01p50000002CIEt|ETLC_SecuredDB.ETLC_SecuredDB()
16:11:12.0 (16436997)|STATEMENT_EXECUTE|[7]
16:11:12.0 (16445364)|STATEMENT_EXECUTE|[7]
16:11:12.0 (16453120)|HEAP_ALLOCATE|[24]|Bytes:5
16:11:12.0 (16465727)|METHOD_EXIT|[7]|ETLC_SecuredDB
16:11:12.0 (16500123)|METHOD_ENTRY|[24]|01p50000002CIEt|ETLC_SecuredDB.query(String)
16:11:12.0 (16525099)|VARIABLE_SCOPE_BEGIN|[10]|SOQL|String|false|false
16:11:12.0 (16536198)|VARIABLE_ASSIGNMENT|[10]|SOQL|"SELECT FollowedUsers (70 more) ..."
16:11:12.0 (16546490)|HEAP_ALLOCATE|[12]|Bytes:5
16:11:12.0 (16551465)|STATEMENT_EXECUTE|[10]
16:11:12.0 (16553032)|STATEMENT_EXECUTE|[12]
16:11:12.0 (17998696)|SOQL_EXECUTE_BEGIN|[12]|Aggregations:0|SELECT FollowedUsers__c FROM BFFFollow__c WHERE FollowedBy__c='00550000005cg71AAA' limit 1
16:11:12.0 (23499842)|SOQL_EXECUTE_END|[12]|Rows:1
16:11:12.0 (23537826)|HEAP_ALLOCATE|[12]|Bytes:8
16:11:12.0 (23559556)|HEAP_ALLOCATE|[12]|Bytes:111
16:11:12.0 (23688198)|HEAP_ALLOCATE|[12]|Bytes:8
16:11:12.0 (23713987)|VARIABLE_SCOPE_BEGIN|[12]|dbRecords|List<SObject>|true|false
16:11:12.0 (23768861)|VARIABLE_ASSIGNMENT|[12]|dbRecords|{"s":1,"v":[{"s":2,"v":{"FollowedUsers__c":"[{\"id\":\"00550000005c (38 more) ...","Id":"a005000000ezW4dAAE"}}]}|0x400a3d3b
16:11:12.0 (23777937)|STATEMENT_EXECUTE|[20]
16:11:12.0 (24203374)|HEAP_ALLOCATE|[20]|Bytes:12
16:11:12.0 (24216266)|HEAP_ALLOCATE|[20]|Bytes:8
16:11:12.0 (24319953)|HEAP_ALLOCATE|[20]|Bytes:12
16:11:12.0 (24330629)|HEAP_ALLOCATE|[20]|Bytes:9
16:11:12.0 (24357413)|HEAP_ALLOCATE|[20]|Bytes:12
16:11:12.0 (24365734)|HEAP_ALLOCATE|[20]|Bytes:8
16:11:12.0 (24390890)|HEAP_ALLOCATE|[20]|Bytes:12
16:11:12.0 (24398292)|HEAP_ALLOCATE|[20]|Bytes:8
16:11:12.0 (24420526)|HEAP_ALLOCATE|[20]|Bytes:12
16:11:12.0 (24427929)|HEAP_ALLOCATE|[20]|Bytes:9
16:11:12.0 (24479338)|METHOD_ENTRY|[20]|01p50000002CIEt|ETLC_SecuredDB.findFields(List<SObject>)
16:11:12.0 (24529615)|VARIABLE_SCOPE_BEGIN|[108]|dbRecords|List<SObject>|true|false
16:11:12.0 (24562577)|VARIABLE_ASSIGNMENT|[108]|dbRecords|{"s":1,"v":[{"s":2,"v":{"FollowedUsers__c":"[{\"id\":\"00550000005c (38 more) ...","Id":"a005000000ezW4dAAE"}}]}|0x400a3d3b
16:11:12.0 (24580234)|HEAP_ALLOCATE|[109]|Bytes:5
16:11:12.0 (24586989)|STATEMENT_EXECUTE|[108]
16:11:12.0 (24589464)|STATEMENT_EXECUTE|[109]
16:11:12.0 (24603166)|VARIABLE_SCOPE_BEGIN|[109]|strJSON|String|false|false
16:11:12.0 (24614014)|VARIABLE_ASSIGNMENT|[109]|strJSON|null
16:11:12.0 (24617653)|STATEMENT_EXECUTE|[110]
16:11:12.0 (24625904)|VARIABLE_SCOPE_BEGIN|[110]|mapFields|Map<String,Set<String>>|true|false
16:11:12.0 (24633612)|VARIABLE_ASSIGNMENT|[110]|mapFields|null|
16:11:12.0 (24643451)|STATEMENT_EXECUTE|[112]
16:11:12.0 (24668585)|METHOD_ENTRY|[112]||System.JSON.serialize(Object)
16:11:12.0 (25298557)|METHOD_EXIT|[112]||System.JSON.serialize(Object)
16:11:12.0 (25322526)|VARIABLE_ASSIGNMENT|[112]|strJSON|"[{\"attributes\":{\"typ (204 more) ..."
16:11:12.0 (25328186)|STATEMENT_EXECUTE|[113]
16:11:12.0 (25342035)|HEAP_ALLOCATE|[113]|Bytes:5
16:11:12.0 (25360367)|HEAP_ALLOCATE|[113]|Bytes:229
16:11:12.0 (25405801)|USER_DEBUG|[113]|DEBUG|JSON:[{"attributes":{"type":"BFFFollow__c","url":"/services/data/v37.0/sobjects/BFFFollow__c/a005000000ezW4dAAE"},"FollowedUsers__c":"[{\"id\":\"00550000005cg71AAA\",\"name\":\"Jaswinder Rattanpal\"}]","Id":"a005000000ezW4dAAE"}]
16:11:12.0 (25419654)|STATEMENT_EXECUTE|[114]
16:11:12.0 (25434356)|HEAP_ALLOCATE|[114]|Bytes:4
16:11:12.0 (25470156)|VARIABLE_ASSIGNMENT|[114]|mapFields|{"s":1,"v":{}}|0x3b73f24b
16:11:12.0 (25475389)|STATEMENT_EXECUTE|[115]
16:11:12.0 (25493203)|METHOD_ENTRY|[115]||System.JSON.deserializeUntyped(String)
16:11:12.0 (26026846)|METHOD_EXIT|[115]||System.JSON.deserializeUntyped(String)
16:11:12.0 (26041063)|VARIABLE_SCOPE_BEGIN|[115]|records|List<ANY>|true|false
16:11:12.0 (26072472)|HEAP_ALLOCATE|[EXTERNAL]|Bytes:8
16:11:12.0 (26110981)|VARIABLE_ASSIGNMENT|[115]|records|{"s":1,"v":[{"s":2,"v":{"attributes":{"s":3,"v":{"type":"BFFFollow__c","url":"/services/data/v37.0 (41 more) ..."}},"FollowedUsers__c":"[{\"id\":\"00550000005c (38 more) ...","Id":"a005000000ezW4dAAE"}}]}|0x4f9ebd64
16:11:12.0 (26188776)|HEAP_ALLOCATE|[116]|Bytes:5
16:11:12.0 (26221071)|HEAP_ALLOCATE|[116]|Bytes:16
16:11:12.0 (26241695)|VARIABLE_SCOPE_BEGIN|[116]|record|Object|false|false
16:11:12.0 (26283066)|VARIABLE_ASSIGNMENT|[116]|record|{"s":1,"v":{"attributes":{"s":2,"v":{"type":"BFFFollow__c","url":"/services/data/v37.0 (41 more) ..."}},"FollowedUsers__c":"[{\"id\":\"00550000005c (38 more) ...","Id":"a005000000ezW4dAAE"}}
16:11:12.0 (26291792)|STATEMENT_EXECUTE|[116]
16:11:12.0 (26294872)|STATEMENT_EXECUTE|[117]
16:11:12.0 (26337308)|METHOD_ENTRY|[117]|01p50000002CIEt|ETLC_SecuredDB.findFieldsRecursive(Map<String,Set<String>>, Map<String,ANY>)
16:11:12.0 (26382412)|VARIABLE_SCOPE_BEGIN|[124]|mapFields|Map<String,Set<String>>|true|false
16:11:12.0 (26401339)|VARIABLE_ASSIGNMENT|[124]|mapFields|{"s":1,"v":{}}|0x3b73f24b
16:11:12.0 (26408521)|VARIABLE_SCOPE_BEGIN|[124]|record|Map<String,ANY>|true|false
16:11:12.0 (26431918)|VARIABLE_ASSIGNMENT|[124]|record|{"s":1,"v":{"attributes":{"s":2,"v":{"type":"BFFFollow__c","url":"/services/data/v37.0 (41 more) ..."}},"FollowedUsers__c":"[{\"id\":\"00550000005c (38 more) ...","Id":"a005000000ezW4dAAE"}}|0x31f85c77
16:11:12.0 (26445715)|HEAP_ALLOCATE|[125]|Bytes:5
16:11:12.0 (26451663)|STATEMENT_EXECUTE|[124]
16:11:12.0 (26454304)|STATEMENT_EXECUTE|[125]
16:11:12.0 (26465358)|HEAP_ALLOCATE|[125]|Bytes:10
16:11:12.0 (26472190)|VARIABLE_SCOPE_BEGIN|[125]|strAttributes|String|false|false
16:11:12.0 (26481808)|VARIABLE_ASSIGNMENT|[125]|strAttributes|"attributes"
16:11:12.0 (26485305)|STATEMENT_EXECUTE|[126]
16:11:12.0 (26492822)|HEAP_ALLOCATE|[126]|Bytes:7
16:11:12.0 (26498022)|VARIABLE_SCOPE_BEGIN|[126]|strRecord|String|false|false
16:11:12.0 (26505169)|VARIABLE_ASSIGNMENT|[126]|strRecord|"records"
16:11:12.0 (26552801)|STATEMENT_EXECUTE|[127]
16:11:12.0 (26556970)|STATEMENT_EXECUTE|[128]
16:11:12.0 (26612258)|VARIABLE_SCOPE_BEGIN|[128]|attributes|Map<String,ANY>|true|false
16:11:12.0 (26632602)|VARIABLE_ASSIGNMENT|[128]|attributes|{"s":1,"v":{"type":"BFFFollow__c","url":"/services/data/v37.0 (41 more) ..."}}|0x39121d9f
16:11:12.0 (26641693)|STATEMENT_EXECUTE|[129]
16:11:12.0 (26651356)|HEAP_ALLOCATE|[129]|Bytes:4
16:11:12.0 (26689246)|VARIABLE_SCOPE_BEGIN|[129]|objectName|String|false|false
16:11:12.0 (26698936)|VARIABLE_ASSIGNMENT|[129]|objectName|"BFFFollow__c"
16:11:12.0 (26709519)|HEAP_ALLOCATE|[130]|Bytes:4
16:11:12.0 (26777199)|HEAP_ALLOCATE|[130]|Bytes:44
16:11:12.0 (26798686)|HEAP_ALLOCATE|[130]|Bytes:12
16:11:12.0 (26831055)|HEAP_ALLOCATE|[130]|Bytes:5
16:11:12.0 (26847203)|VARIABLE_SCOPE_BEGIN|[130]|fieldName|String|false|false
16:11:12.0 (26856115)|VARIABLE_ASSIGNMENT|[130]|fieldName|"attributes"
16:11:12.0 (26859509)|STATEMENT_EXECUTE|[130]
16:11:12.0 (26860835)|STATEMENT_EXECUTE|[131]
16:11:12.0 (26908697)|VARIABLE_SCOPE_BEGIN|[131]|field|Object|false|false
16:11:12.0 (26931509)|VARIABLE_ASSIGNMENT|[131]|field|{"s":1,"v":{"type":"BFFFollow__c","url":"/services/data/v37.0 (41 more) ..."}}
16:11:12.0 (26954681)|STATEMENT_EXECUTE|[132]
16:11:12.0 (26975677)|HEAP_ALLOCATE|[130]|Bytes:5
16:11:12.0 (26991110)|VARIABLE_SCOPE_BEGIN|[130]|fieldName|String|false|false
16:11:12.0 (26999207)|VARIABLE_ASSIGNMENT|[130]|fieldName|"FollowedUsers__c"
16:11:12.0 (27002082)|STATEMENT_EXECUTE|[130]
16:11:12.0 (27004422)|STATEMENT_EXECUTE|[131]
16:11:12.0 (27025968)|VARIABLE_SCOPE_BEGIN|[131]|field|Object|false|false
16:11:12.0 (27037215)|VARIABLE_ASSIGNMENT|[131]|field|"[{\"id\":\"00550000005c (38 more) ..."
16:11:12.0 (27051649)|HEAP_ALLOCATE|[134]|Bytes:68
16:11:12.0 (27075482)|STATEMENT_EXECUTE|[136]
16:11:12.0 (27077410)|STATEMENT_EXECUTE|[137]
16:11:12.0 (27088361)|HEAP_ALLOCATE|[137]|Bytes:4
16:11:12.0 (27126022)|VARIABLE_SCOPE_BEGIN|[137]|fieldNames|Set<String>|true|false
16:11:12.0 (27150321)|VARIABLE_ASSIGNMENT|[137]|fieldNames|{"s":1,"v":[]}|0x2798aa0f
16:11:12.0 (27186750)|STATEMENT_EXECUTE|[138]
16:11:12.0 (27194025)|STATEMENT_EXECUTE|[139]
16:11:12.0 (27221201)|HEAP_ALLOCATE|[EXTERNAL]|Bytes:4
16:11:12.0 (27229615)|STATEMENT_EXECUTE|[140]
16:11:12.0 (27262268)|HEAP_ALLOCATE|[EXTERNAL]|Bytes:-4
16:11:12.0 (27279092)|HEAP_ALLOCATE|[130]|Bytes:5
16:11:12.0 (27292300)|VARIABLE_SCOPE_BEGIN|[130]|fieldName|String|false|false
16:11:12.0 (27300495)|VARIABLE_ASSIGNMENT|[130]|fieldName|"Id"
16:11:12.0 (27303421)|STATEMENT_EXECUTE|[130]
16:11:12.0 (27304544)|STATEMENT_EXECUTE|[131]
16:11:12.0 (27325947)|VARIABLE_SCOPE_BEGIN|[131]|field|Object|false|false
16:11:12.0 (27334981)|VARIABLE_ASSIGNMENT|[131]|field|"a005000000ezW4dAAE"
16:11:12.0 (27354638)|STATEMENT_EXECUTE|[136]
16:11:12.0 (27356428)|STATEMENT_EXECUTE|[137]
16:11:12.0 (27364686)|HEAP_ALLOCATE|[137]|Bytes:4
16:11:12.0 (27376442)|VARIABLE_SCOPE_BEGIN|[137]|fieldNames|Set<String>|true|false
16:11:12.0 (27394462)|VARIABLE_ASSIGNMENT|[137]|fieldNames|{"s":1,"v":[]}|0x54f0416f
16:11:12.0 (27408293)|STATEMENT_EXECUTE|[138]
16:11:12.0 (27438912)|VARIABLE_ASSIGNMENT|[138]|fieldNames|{"s":1,"v":["FollowedUsers__c"]}|0x2798aa0f
16:11:12.0 (27442936)|STATEMENT_EXECUTE|[139]
16:11:12.0 (27454592)|HEAP_ALLOCATE|[EXTERNAL]|Bytes:4
16:11:12.0 (27460518)|STATEMENT_EXECUTE|[140]
16:11:12.0 (27484561)|HEAP_ALLOCATE|[130]|Bytes:5
16:11:12.0 (27497403)|VARIABLE_ASSIGNMENT|[130]|fieldName|null
16:11:12.0 (27511501)|METHOD_EXIT|[117]|01p50000002CIEt|ETLC_SecuredDB.findFieldsRecursive(Map<String,Set<String>>, Map<String,ANY>)
16:11:12.0 (27522943)|HEAP_ALLOCATE|[116]|Bytes:5
16:11:12.0 (27539384)|VARIABLE_ASSIGNMENT|[116]|record|null
16:11:12.0 (27546999)|HEAP_ALLOCATE|[119]|Bytes:4
16:11:12.0 (27584930)|HEAP_ALLOCATE|[119]|Bytes:20
16:11:12.0 (27599342)|HEAP_ALLOCATE|[119]|Bytes:4
16:11:12.0 (27619031)|HEAP_ALLOCATE|[119]|Bytes:5
16:11:12.0 (27633113)|VARIABLE_SCOPE_BEGIN|[119]|objectName|String|false|false
16:11:12.0 (27647695)|VARIABLE_ASSIGNMENT|[119]|objectName|"BFFFollow__c"
16:11:12.0 (27651034)|STATEMENT_EXECUTE|[119]
16:11:12.0 (27652284)|STATEMENT_EXECUTE|[120]
16:11:12.0 (27661126)|HEAP_ALLOCATE|[120]|Bytes:2
16:11:12.0 (27723038)|HEAP_ALLOCATE|[120]|Bytes:22
16:11:12.0 (27738881)|HEAP_ALLOCATE|[120]|Bytes:36
16:11:12.0 (27751925)|USER_DEBUG|[120]|DEBUG|BFFFollow__c: {FollowedUsers__c, Id}
16:11:12.0 (27766550)|HEAP_ALLOCATE|[119]|Bytes:5
16:11:12.0 (27779291)|VARIABLE_ASSIGNMENT|[119]|objectName|null
16:11:12.0 (27783343)|STATEMENT_EXECUTE|[122]
16:11:12.0 (27800262)|METHOD_EXIT|[20]|01p50000002CIEt|ETLC_SecuredDB.findFields(List<SObject>)
16:11:12.0 (27822699)|METHOD_ENTRY|[20]|01p50000002CIEt|ETLC_SecuredDB.validate(ETLC_SecuredDB.Operation, Map<String,Set<String>>)
16:11:12.0 (27832805)|VARIABLE_SCOPE_BEGIN|[55]|op|ETLC_SecuredDB.Operation|true|false
16:11:12.0 (27854453)|VARIABLE_ASSIGNMENT|[55]|op|"Querying"|0x5adda3d2
16:11:12.0 (27859702)|VARIABLE_SCOPE_BEGIN|[55]|mapFieldNames|Map<String,Set<String>>|true|false
16:11:12.0 (27877700)|VARIABLE_ASSIGNMENT|[55]|mapFieldNames|{"s":1,"v":{"BFFFollow__c":{"s":2,"v":["FollowedUsers__c","Id"]}}}|0x3b73f24b
16:11:12.0 (27889270)|HEAP_ALLOCATE|[56]|Bytes:5
16:11:12.0 (27893938)|STATEMENT_EXECUTE|[55]
16:11:12.0 (27895436)|STATEMENT_EXECUTE|[56]
16:11:12.0 (27903760)|VARIABLE_SCOPE_BEGIN|[56]|securityMessage|String|false|false
16:11:12.0 (27909517)|VARIABLE_ASSIGNMENT|[56]|securityMessage|null
16:11:12.0 (27911808)|STATEMENT_EXECUTE|[57]
16:11:12.0 (108418534)|HEAP_ALLOCATE|[57]|Bytes:1256
16:11:12.0 (108453686)|VARIABLE_SCOPE_BEGIN|[57]|mapObjects|Map<String,Schema.SObjectType>|true|false
16:11:12.0 (108720472)|VARIABLE_ASSIGNMENT|[57]|mapObjects|"{acceptedeventrelation=AcceptedEventRelation, account=Account, accountcontactrole=AccountContactRole, accounthistory=AccountHistory, accountpartner=AccountPartner, accountshare=AccountShare, actionlinkgrouptemplate=ActionLinkGroupTemplate, actionlinktemplate=ActionLinkTemplate, activityhistory=ActivityHistory, additionalnumber=AdditionalNumber, ...}"|0x3877b254
16:11:12.0 (108739856)|HEAP_ALLOCATE|[58]|Bytes:4
16:11:12.0 (108824714)|HEAP_ALLOCATE|[58]|Bytes:20
16:11:12.0 (108856550)|HEAP_ALLOCATE|[58]|Bytes:4
16:11:12.0 (108902053)|HEAP_ALLOCATE|[58]|Bytes:5
16:11:12.0 (108929336)|VARIABLE_SCOPE_BEGIN|[58]|sObjectName|String|false|false
16:11:12.0 (108945848)|VARIABLE_ASSIGNMENT|[58]|sObjectName|"BFFFollow__c"
16:11:12.0 (108952445)|STATEMENT_EXECUTE|[58]
16:11:12.0 (108955266)|STATEMENT_EXECUTE|[59]
16:11:12.0 (108977516)|HEAP_ALLOCATE|[59]|Bytes:9
16:11:12.0 (108985856)|HEAP_ALLOCATE|[59]|Bytes:7
16:11:12.0 (109067428)|HEAP_ALLOCATE|[59]|Bytes:8
16:11:12.0 (109090894)|HEAP_ALLOCATE|[59]|Bytes:1
16:11:12.0 (109114369)|HEAP_ALLOCATE|[59]|Bytes:37
16:11:12.0 (109133654)|VARIABLE_ASSIGNMENT|[59]|securityMessage|"CRUD on [BFFFollow__ (17 more) ..."
16:11:12.0 (109138927)|STATEMENT_EXECUTE|[60]
16:11:12.0 (109152931)|HEAP_ALLOCATE|[60]|Bytes:10
16:11:12.0 (109167479)|HEAP_ALLOCATE|[60]|Bytes:47
16:11:12.0 (109220616)|USER_DEBUG|[60]|DEBUG|Checking: CRUD on [BFFFollow__c] for [Querying]
16:11:12.0 (109234844)|STATEMENT_EXECUTE|[61]
16:11:12.0 (109675933)|HEAP_ALLOCATE|[61]|Bytes:4
16:11:12.0 (109737119)|VARIABLE_SCOPE_BEGIN|[61]|drSObj|Schema.DescribeSObjectResult|true|false
16:11:12.0 (109832551)|VARIABLE_ASSIGNMENT|[61]|drSObj|"common.api.soap.wsdl.DescribeSObjectResult@a54f9caa"|0x26f53673
16:11:12.0 (110051549)|STATEMENT_EXECUTE|[64]
16:11:12.0 (110083417)|STATEMENT_EXECUTE|[65]
16:11:12.0 (110169372)|STATEMENT_EXECUTE|[77]
16:11:12.0 (110173412)|STATEMENT_EXECUTE|[79]
16:11:12.0 (110620657)|HEAP_ALLOCATE|[79]|Bytes:56
16:11:12.0 (110637044)|VARIABLE_SCOPE_BEGIN|[79]|mapFields|Map<String,Schema.SObjectField>|true|false
16:11:12.0 (110942630)|VARIABLE_ASSIGNMENT|[79]|mapFields|"{createdbyid=CreatedById, createddate=CreatedDate, followedby__c=FollowedBy__c, followedusers__c=FollowedUsers__c, id=Id, isdeleted=IsDeleted, lastmodifiedbyid=LastModifiedById, lastmodifieddate=LastModifiedDate, lastreferenceddate=LastReferencedDate, lastvieweddate=LastViewedDate, ...}"|0x7d9a6788
16:11:12.0 (110960734)|HEAP_ALLOCATE|[80]|Bytes:4
16:11:12.0 (111048317)|HEAP_ALLOCATE|[80]|Bytes:8
16:11:12.0 (111097126)|HEAP_ALLOCATE|[80]|Bytes:5
16:11:12.0 (111125132)|VARIABLE_SCOPE_BEGIN|[80]|fieldName|String|false|false
16:11:12.0 (111141475)|VARIABLE_ASSIGNMENT|[80]|fieldName|"FollowedUsers__c"
16:11:12.0 (111147657)|STATEMENT_EXECUTE|[80]
16:11:12.0 (111150147)|STATEMENT_EXECUTE|[81]
16:11:12.0 (112317323)|HEAP_ALLOCATE|[81]|Bytes:8
16:11:12.0 (112377998)|VARIABLE_SCOPE_BEGIN|[81]|drField|Schema.DescribeFieldResult|true|false
16:11:12.0 (112511737)|VARIABLE_ASSIGNMENT|[81]|drField|"common.api.soap.wsdl.Field@61473591"|0x5e1d5e64
16:11:12.0 (112545862)|STATEMENT_EXECUTE|[82]
16:11:12.0 (112550144)|STATEMENT_EXECUTE|[83]
16:11:12.0 (112564958)|HEAP_ALLOCATE|[83]|Bytes:8
16:11:12.0 (112573338)|HEAP_ALLOCATE|[83]|Bytes:1
16:11:12.0 (112645221)|HEAP_ALLOCATE|[83]|Bytes:8
16:11:12.0 (112685836)|HEAP_ALLOCATE|[83]|Bytes:52
16:11:12.0 (112708881)|HEAP_ALLOCATE|[83]|Bytes:53
16:11:12.0 (112728660)|VARIABLE_ASSIGNMENT|[83]|securityMessage|"FLS on [BFFFollow__c (33 more) ..."
16:11:12.0 (112735417)|STATEMENT_EXECUTE|[84]
16:11:12.0 (112757496)|HEAP_ALLOCATE|[84]|Bytes:63
16:11:12.0 (112802538)|USER_DEBUG|[84]|DEBUG|Checking: FLS on [BFFFollow__c.FollowedUsers__c] for [Querying]
16:11:12.0 (112978083)|STATEMENT_EXECUTE|[87]
16:11:12.0 (113005716)|STATEMENT_EXECUTE|[88]
16:11:12.0 (113031074)|HEAP_ALLOCATE|[80]|Bytes:5
16:11:12.0 (113046538)|VARIABLE_SCOPE_BEGIN|[80]|fieldName|String|false|false
16:11:12.0 (113056064)|VARIABLE_ASSIGNMENT|[80]|fieldName|"Id"
16:11:12.0 (113059097)|STATEMENT_EXECUTE|[80]
16:11:12.0 (113060404)|STATEMENT_EXECUTE|[81]
16:11:12.0 (113245040)|HEAP_ALLOCATE|[81]|Bytes:8
16:11:12.0 (113257507)|VARIABLE_SCOPE_BEGIN|[81]|drField|Schema.DescribeFieldResult|true|false
16:11:12.0 (113361084)|VARIABLE_ASSIGNMENT|[81]|drField|"common.api.soap.wsdl.Field@1ad86083"|0x3931d88e
16:11:12.0 (113381453)|STATEMENT_EXECUTE|[99]
16:11:12.0 (113384891)|STATEMENT_EXECUTE|[100]
16:11:12.0 (113397979)|HEAP_ALLOCATE|[100]|Bytes:22
16:11:12.0 (113464357)|HEAP_ALLOCATE|[100]|Bytes:8
16:11:12.0 (113493252)|HEAP_ALLOCATE|[100]|Bytes:52
16:11:12.0 (113503270)|HEAP_ALLOCATE|[100]|Bytes:35
16:11:12.0 (113512837)|HEAP_ALLOCATE|[100]|Bytes:87
16:11:12.0 (113532035)|USER_DEBUG|[100]|DEBUG|Bypass Check: FLS on [BFFFollow__c.Id] for [Querying] since it's not isPermissionable()
16:11:12.0 (113559065)|HEAP_ALLOCATE|[80]|Bytes:5
16:11:12.0 (113584247)|VARIABLE_ASSIGNMENT|[80]|fieldName|null
16:11:12.0 (113606200)|HEAP_ALLOCATE|[58]|Bytes:5
16:11:12.0 (113626938)|VARIABLE_ASSIGNMENT|[58]|sObjectName|null
16:11:12.0 (113650798)|METHOD_EXIT|[20]|01p50000002CIEt|ETLC_SecuredDB.validate(ETLC_SecuredDB.Operation, Map<String,Set<String>>)
16:11:12.0 (113660405)|STATEMENT_EXECUTE|[21]
16:11:12.0 (113685856)|METHOD_EXIT|[24]|01p50000002CIEt|ETLC_SecuredDB.query(String)
16:11:12.0 (113697369)|VARIABLE_SCOPE_BEGIN|[24]|dbRecords|List<SObject>|true|false
16:11:12.0 (113754175)|VARIABLE_ASSIGNMENT|[24]|dbRecords|{"s":1,"v":[{"s":2,"v":{"FollowedUsers__c":"[{\"id\":\"00550000005c (38 more) ...","Id":"a005000000ezW4dAAE"}}]}|0x400a3d3b
16:11:12.0 (113770647)|STATEMENT_EXECUTE|[25]
16:11:12.0 (113773648)|STATEMENT_EXECUTE|[25]
16:11:12.0 (113886801)|USER_DEBUG|[25]|DEBUG|(BFFFollow__c:{FollowedUsers__c=[{"id":"00550000005cg71AAA","name":"Jaswinder Rattanpal"}], Id=a005000000ezW4dAAE})
16:11:12.0 (114043757)|STATEMENT_EXECUTE|[26]
16:11:12.0 (114054463)|STATEMENT_EXECUTE|[27]
16:11:12.0 (114057130)|STATEMENT_EXECUTE|[28]
16:11:12.0 (114072206)|HEAP_ALLOCATE|[28]|Bytes:18
16:11:12.0 (114091805)|HEAP_ALLOCATE|[28]|Bytes:12
16:11:12.0 (114103444)|HEAP_ALLOCATE|[28]|Bytes:16
16:11:12.0 (114210729)|HEAP_ALLOCATE|[28]|Bytes:58
16:11:12.0 (114249379)|HEAP_ALLOCATE|[28]|Bytes:58
16:11:12.0 (114274541)|HEAP_ALLOCATE|[28]|Bytes:76
16:11:12.0 (114296931)|USER_DEBUG|[28]|DEBUG|FollowedUsers__c::[{"id":"00550000005cg71AAA","name":"Jaswinder Rattanpal"}]
16:11:12.0 (114309290)|STATEMENT_EXECUTE|[30]
16:11:12.0 (114332278)|HEAP_ALLOCATE|[30]|Bytes:12
16:11:12.0 (114422853)|HEAP_ALLOCATE|[30]|Bytes:58
16:11:12.0 (114454439)|METHOD_EXIT|[10]|01p50000002D8iw|BFFFollow_Controller.fetchFollowedUsers(Id)
16:11:12.0 (114594187)|VARIABLE_ASSIGNMENT|[EXTERNAL]|this|{"debug":true,"input":"{\"mode\":\"fetchFollow (9 more) ...","operation":"BFFFollow_Controller"}|0x2bc4d04d
16:11:12.0 (114617675)|VARIABLE_ASSIGNMENT|[EXTERNAL]|value|"[{\"id\":\"00550000005c (38 more) ..."
16:11:12.0 (114652812)|VARIABLE_ASSIGNMENT|[12]|this.output|"[{\"id\":\"00550000005c (38 more) ..."|0x2bc4d04d
16:11:12.0 (114665834)|STATEMENT_EXECUTE|[11]
16:11:12.0 (114788255)|VARIABLE_ASSIGNMENT|[EXTERNAL]|this|{"debug":true,"input":"{\"mode\":\"fetchFollow (9 more) ...","operation":"BFFFollow_Controller","output":"[{\"id\":\"00550000005c (38 more) ..."}|0x2bc4d04d
16:11:12.0 (114910101)|VARIABLE_ASSIGNMENT|[EXTERNAL]|this|{"debug":true,"input":"{\"mode\":\"fetchFollow (9 more) ...","operation":"BFFFollow_Controller","output":"[{\"id\":\"00550000005c (38 more) ..."}|0x2bc4d04d
16:11:12.0 (114931115)|VARIABLE_ASSIGNMENT|[EXTERNAL]|value|true
16:11:12.0 (114943590)|HEAP_ALLOCATE|[15]|Bytes:5
16:11:12.0 (114960358)|VARIABLE_ASSIGNMENT|[15]|this.outputFlag|true|0x2bc4d04d
16:11:12.0 (114977381)|STATEMENT_EXECUTE|[12]
16:11:12.0 (114980870)|STATEMENT_EXECUTE|[12]
16:11:12.0 (115071832)|USER_DEBUG|[12]|DEBUG|ETLC_ApexBridge_Data:[debug=true, input={"mode":"fetchFollowedUsers"}, isSuccess=null, messages=null, operation=BFFFollow_Controller, output=[{"id":"00550000005cg71AAA","name":"Jaswinder Rattanpal"}], outputFlag=true, records=null]
16:11:12.0 (115103979)|METHOD_EXIT|[9]|01p50000002D8iw|BFFFollow_Controller.process(ETLC_ApexBridge_Data)
16:11:12.0 (115112404)|STATEMENT_EXECUTE|[24]
16:11:12.0 (115150441)|METHOD_ENTRY|[24]|01p50000002CIEo|ETLC_ApexBridge_Data.toJSON()
16:11:12.0 (115185987)|VARIABLE_SCOPE_BEGIN|[57]|this|ETLC_ApexBridge_Data|true|false
16:11:12.0 (115240988)|VARIABLE_ASSIGNMENT|[57]|this|{"debug":true,"input":"{\"mode\":\"fetchFollow (9 more) ...","operation":"BFFFollow_Controller","output":"[{\"id\":\"00550000005c (38 more) ...","outputFlag":true}|0x2bc4d04d
16:11:12.0 (115251939)|STATEMENT_EXECUTE|[57]
16:11:12.0 (115254761)|STATEMENT_EXECUTE|[58]
16:11:12.0 (115281162)|METHOD_ENTRY|[58]||System.JSON.serialize(Object)
16:11:12.0 (115433051)|STATEMENT_EXECUTE|[22]
16:11:12.0 (115441343)|STATEMENT_EXECUTE|[23]
16:11:12.0 (115456955)|HEAP_ALLOCATE|[23]|Bytes:5
16:11:12.0 (115475170)|VARIABLE_ASSIGNMENT|[23]|this.isSuccess|true|0x2bc4d04d
16:11:12.0 (115480445)|STATEMENT_EXECUTE|[24]
16:11:12.0 (115560180)|STATEMENT_EXECUTE|[31]
16:11:12.0 (115568575)|STATEMENT_EXECUTE|[32]
16:11:12.0 (115586416)|HEAP_ALLOCATE|[32]|Bytes:4
16:11:12.0 (115690156)|VARIABLE_ASSIGNMENT|[32]|this.messages|{"s":1,"v":{}}|0x2bc4d04d
16:11:12.0 (115697507)|STATEMENT_EXECUTE|[33]
16:11:12.0 (116220291)|METHOD_EXIT|[58]||System.JSON.serialize(Object)
16:11:12.0 (116233426)|METHOD_EXIT|[24]|01p50000002CIEo|ETLC_ApexBridge_Data.toJSON()
16:11:12.0 (116245903)|SYSTEM_MODE_EXIT|false
16:11:12.116 (116320823)|CUMULATIVE_LIMIT_USAGE
16:11:12.116 (116320823)|LIMIT_USAGE_FOR_NS|(default)|
  Number of SOQL queries: 1 out of 100
  Number of query rows: 1 out of 50000
  Number of SOSL queries: 0 out of 20
  Number of DML statements: 0 out of 150
  Number of DML rows: 0 out of 10000
  Maximum CPU time: 0 out of 10000
  Maximum heap size: 0 out of 6000000
  Number of callouts: 0 out of 100
  Number of Email Invocations: 0 out of 10
  Number of future calls: 0 out of 50
  Number of queueable jobs added to the queue: 0 out of 50
  Number of Mobile Apex push calls: 0 out of 10

16:11:12.116 (116320823)|CUMULATIVE_LIMIT_USAGE_END

16:11:12.0 (116388347)|CODE_UNIT_FINISHED|ETLC_ApexBridge_Controller.execute
