37.0 APEX_CODE,FINEST;APEX_PROFILING,INFO;CALLOUT,INFO;DB,INFO;SYSTEM,DEBUG;VALIDATION,INFO;VISUALFORCE,INFO;WORKFLOW,INFO
15:20:50.0 (200155)|USER_INFO|[EXTERNAL]|00550000005cg71|bfffollow@jr.te|Eastern Standard Time|GMT-04:00
15:20:50.0 (269250)|EXECUTION_STARTED
15:20:50.0 (276079)|CODE_UNIT_STARTED|[EXTERNAL]|aura
15:20:50.0 (706192)|HEAP_ALLOCATE|[72]|Bytes:3
15:20:50.0 (793967)|HEAP_ALLOCATE|[77]|Bytes:152
15:20:50.0 (815643)|HEAP_ALLOCATE|[342]|Bytes:408
15:20:50.0 (842911)|HEAP_ALLOCATE|[355]|Bytes:408
15:20:50.0 (860558)|HEAP_ALLOCATE|[467]|Bytes:48
15:20:50.0 (894731)|HEAP_ALLOCATE|[139]|Bytes:6
15:20:50.0 (932741)|HEAP_ALLOCATE|[EXTERNAL]|Bytes:93
15:20:50.0 (993409)|HEAP_ALLOCATE|[EXTERNAL]|Bytes:93
15:20:50.0 (2383952)|CODE_UNIT_STARTED|[EXTERNAL]|01p50000002CIEm|ETLC_ApexBridge_Controller.execute
15:20:50.0 (2549877)|HEAP_ALLOCATE|[EXTERNAL]|Bytes:1
15:20:50.0 (2559592)|HEAP_ALLOCATE|[EXTERNAL]|Bytes:10
15:20:50.0 (2605924)|METHOD_ENTRY|[1]|01p50000002CIEm|ETLC_ApexBridge_Controller.ETLC_ApexBridge_Controller()
15:20:50.0 (2613253)|STATEMENT_EXECUTE|[1]
15:20:50.0 (2620551)|STATEMENT_EXECUTE|[1]
15:20:50.0 (2650432)|METHOD_EXIT|[1]|ETLC_ApexBridge_Controller
15:20:50.0 (2659292)|HEAP_ALLOCATE|[EXTERNAL]|Bytes:93
15:20:50.0 (2677427)|SYSTEM_MODE_ENTER|false
15:20:50.0 (2867036)|VARIABLE_SCOPE_BEGIN|[3]|dataJson|String|false|false
15:20:50.0 (3042375)|VARIABLE_ASSIGNMENT|[3]|dataJson|"{\"operation\":\"BFFFol (73 more) ..."
15:20:50.0 (3061446)|STATEMENT_EXECUTE|[3]
15:20:50.0 (3063975)|STATEMENT_EXECUTE|[4]
15:20:50.0 (3763482)|VARIABLE_SCOPE_BEGIN|[4]|data|ETLC_ApexBridge_Data|true|false
15:20:50.0 (3775213)|VARIABLE_ASSIGNMENT|[4]|data|null|
15:20:50.0 (3777998)|STATEMENT_EXECUTE|[5]
15:20:50.0 (3779363)|STATEMENT_EXECUTE|[5]
15:20:50.0 (3780361)|STATEMENT_EXECUTE|[6]
15:20:50.0 (3803920)|HEAP_ALLOCATE|[6]|Bytes:11
15:20:50.0 (3816957)|HEAP_ALLOCATE|[6]|Bytes:248
15:20:50.0 (3823303)|HEAP_ALLOCATE|[6]|Bytes:39
15:20:50.0 (3868984)|METHOD_ENTRY|[2]|01p50000002CIEo|ETLC_ApexBridge_Data.ETLC_ApexBridge_Data()
15:20:50.0 (3873465)|STATEMENT_EXECUTE|[2]
15:20:50.0 (3877429)|STATEMENT_EXECUTE|[2]
15:20:50.0 (3882607)|METHOD_EXIT|[2]|ETLC_ApexBridge_Data
15:20:50.0 (3929274)|METHOD_ENTRY|[6]|01p50000002CIEo|ETLC_ApexBridge_Data.fromJSON(String)
15:20:50.0 (3961110)|VARIABLE_SCOPE_BEGIN|[60]|strJson|String|false|false
15:20:50.0 (3974880)|VARIABLE_ASSIGNMENT|[60]|strJson|"{\"operation\":\"BFFFol (73 more) ..."
15:20:50.0 (3982822)|STATEMENT_EXECUTE|[60]
15:20:50.0 (3985494)|STATEMENT_EXECUTE|[61]
15:20:50.0 (4005013)|HEAP_ALLOCATE|[61]|Bytes:20
15:20:50.0 (4039980)|HEAP_ALLOCATE|[50]|Bytes:5
15:20:50.0 (4074049)|HEAP_ALLOCATE|[56]|Bytes:5
15:20:50.0 (4091268)|HEAP_ALLOCATE|[64]|Bytes:7
15:20:50.0 (4216419)|HEAP_ALLOCATE|[61]|Bytes:24
15:20:50.0 (4228886)|SYSTEM_METHOD_ENTRY|[1]|Type.Type()
15:20:50.0 (4231526)|STATEMENT_EXECUTE|[1]
15:20:50.0 (4238673)|SYSTEM_METHOD_EXIT|[1]|Type
15:20:50.0 (4245025)|HEAP_ALLOCATE|[61]|Bytes:8
15:20:50.0 (4264784)|HEAP_ALLOCATE|[61]|Bytes:8
15:20:50.0 (4269979)|VARIABLE_SCOPE_BEGIN|[4]|this|System.Type|true|false
15:20:50.0 (4324283)|VARIABLE_ASSIGNMENT|[4]|this|{}|0x636ac246
15:20:50.0 (4329029)|VARIABLE_SCOPE_BEGIN|[4]|apextype|java:common.apex.runtime.ApexObjectType|true|false
15:20:50.0 (4507818)|VARIABLE_ASSIGNMENT|[4]|apextype|"ETLC_ApexBridge_Data"|0x2c32427b
15:20:50.0 (4625257)|HEAP_ALLOCATE|[61]|Bytes:8
15:20:50.0 (4669718)|HEAP_ALLOCATE|[61]|Bytes:24
15:20:50.0 (4685948)|SYSTEM_METHOD_ENTRY|[1]|JSON.JSON()
15:20:50.0 (4689479)|STATEMENT_EXECUTE|[1]
15:20:50.0 (4700103)|SYSTEM_METHOD_EXIT|[1]|JSON
15:20:50.0 (4718839)|METHOD_ENTRY|[61]||System.JSON.deserializeStrict(String, System.Type)
15:20:50.0 (5079338)|METHOD_EXIT|[61]||System.JSON.deserializeStrict(String, System.Type)
15:20:50.0 (5093344)|METHOD_EXIT|[6]|01p50000002CIEo|ETLC_ApexBridge_Data.fromJSON(String)
15:20:50.0 (5142551)|VARIABLE_ASSIGNMENT|[6]|data|{"debug":true,"input":"{\"mode\":\"fetchFollow (9 more) ...","operation":"BFFFollow_Controller"}|0x4e3352d6
15:20:50.0 (5150077)|STATEMENT_EXECUTE|[7]
15:20:50.0 (5165678)|HEAP_ALLOCATE|[7]|Bytes:6
15:20:50.0 (5259948)|HEAP_ALLOCATE|[7]|Bytes:177
15:20:50.0 (5281876)|HEAP_ALLOCATE|[7]|Bytes:183
15:20:50.0 (5323061)|USER_DEBUG|[7]|DEBUG|data::ETLC_ApexBridge_Data:[debug=true, input={"mode":"fetchFollowedUsers"}, isSuccess=null, messages=null, operation=BFFFollow_Controller, output=null, outputFlag=null, records=null]
15:20:50.0 (5332034)|STATEMENT_EXECUTE|[8]
15:20:50.0 (5391943)|VARIABLE_ASSIGNMENT|[EXTERNAL]|this|{"debug":true,"input":"{\"mode\":\"fetchFollow (9 more) ...","operation":"BFFFollow_Controller"}|0x4e3352d6
15:20:50.0 (5410975)|METHOD_ENTRY|[8]||System.Type.forName(String)
15:20:50.0 (6414309)|METHOD_EXIT|[8]||System.Type.forName(String)
15:20:50.0 (6437222)|METHOD_ENTRY|[8]||System.Type.newInstance()
15:20:50.0 (7096540)|STATEMENT_EXECUTE|[1]
15:20:50.0 (7112355)|HEAP_ALLOCATE|[33]|Bytes:5
15:20:50.0 (7129333)|METHOD_EXIT|[1]|BFFFollow_Controller
15:20:50.0 (7136370)|HEAP_ALLOCATE|[33]|Bytes:4
15:20:50.0 (7143411)|VARIABLE_SCOPE_BEGIN|[1]|this|BFFFollow_Controller|true|false
15:20:50.0 (7168393)|VARIABLE_ASSIGNMENT|[1]|this|{}|0x3fff554d
15:20:50.0 (7179277)|HEAP_ALLOCATE|[33]|Bytes:5
15:20:50.0 (7191737)|HEAP_ALLOCATE|[33]|Bytes:11
15:20:50.0 (7213877)|METHOD_ENTRY|[1]|01p50000002CIEj|ETLC_ApexBridge_Abstract.ETLC_ApexBridge_Abstract()
15:20:50.0 (7218181)|STATEMENT_EXECUTE|[1]
15:20:50.0 (7222557)|STATEMENT_EXECUTE|[1]
15:20:50.0 (7228947)|METHOD_EXIT|[1]|ETLC_ApexBridge_Abstract
15:20:50.0 (7237719)|CONSTRUCTOR_ENTRY|[EXTERNAL]|01p50000002CIEj|<init>()
15:20:50.0 (7247095)|VARIABLE_SCOPE_BEGIN|[1]|this|ETLC_ApexBridge_Abstract|true|false
15:20:50.0 (7267469)|VARIABLE_ASSIGNMENT|[1]|this|{}|0x3fff554d
15:20:50.0 (7287516)|STATEMENT_EXECUTE|[1]
15:20:50.0 (7294166)|CONSTRUCTOR_EXIT|[EXTERNAL]|01p50000002CIEj|<init>()
15:20:50.0 (7301883)|STATEMENT_EXECUTE|[1]
15:20:50.0 (7308167)|HEAP_ALLOCATE|[33]|Bytes:5
15:20:50.0 (7332162)|METHOD_EXIT|[8]||System.Type.newInstance()
15:20:50.0 (7343623)|VARIABLE_SCOPE_BEGIN|[8]|executor|ETLC_ApexBridge_Abstract|true|false
15:20:50.0 (7363291)|VARIABLE_ASSIGNMENT|[8]|executor|{}|0x3fff554d
15:20:50.0 (7367495)|STATEMENT_EXECUTE|[9]
15:20:50.0 (7400044)|METHOD_ENTRY|[9]|01p50000002D8iw|BFFFollow_Controller.process(ETLC_ApexBridge_Data)
15:20:50.0 (7419851)|VARIABLE_SCOPE_BEGIN|[3]|this|BFFFollow_Controller|true|false
15:20:50.0 (7439514)|VARIABLE_ASSIGNMENT|[3]|this|{}|0x3fff554d
15:20:50.0 (7443589)|VARIABLE_SCOPE_BEGIN|[3]|data|ETLC_ApexBridge_Data|true|false
15:20:50.0 (7485221)|VARIABLE_ASSIGNMENT|[3]|data|{"debug":true,"input":"{\"mode\":\"fetchFollow (9 more) ...","operation":"BFFFollow_Controller"}|0x4e3352d6
15:20:50.0 (7497795)|HEAP_ALLOCATE|[4]|Bytes:5
15:20:50.0 (7503221)|STATEMENT_EXECUTE|[3]
15:20:50.0 (7505295)|STATEMENT_EXECUTE|[4]
15:20:50.0 (7577682)|VARIABLE_ASSIGNMENT|[EXTERNAL]|this|{"debug":true,"input":"{\"mode\":\"fetchFollow (9 more) ...","operation":"BFFFollow_Controller"}|0x4e3352d6
15:20:50.0 (7604259)|VARIABLE_ASSIGNMENT|[4]|BFFFollow_Controller.debugFlag|true
15:20:50.0 (7659910)|VARIABLE_ASSIGNMENT|[EXTERNAL]|this|{"debug":true,"input":"{\"mode\":\"fetchFollow (9 more) ...","operation":"BFFFollow_Controller"}|0x4e3352d6
15:20:50.0 (7677229)|STATEMENT_EXECUTE|[5]
15:20:50.0 (7744299)|USER_DEBUG|[5]|DEBUG|ETLC_ApexBridge_Data:[debug=true, input={"mode":"fetchFollowedUsers"}, isSuccess=null, messages=null, operation=BFFFollow_Controller, output=null, outputFlag=null, records=null]
15:20:50.0 (7756745)|STATEMENT_EXECUTE|[7]
15:20:50.0 (7769347)|HEAP_ALLOCATE|[7]|Bytes:4
15:20:50.0 (7790251)|METHOD_ENTRY|[7]|01p50000002CIEo|ETLC_ApexBridge_Data.getInputValue(String)
15:20:50.0 (7807935)|VARIABLE_SCOPE_BEGIN|[52]|this|ETLC_ApexBridge_Data|true|false
15:20:50.0 (7847865)|VARIABLE_ASSIGNMENT|[52]|this|{"debug":true,"input":"{\"mode\":\"fetchFollow (9 more) ...","operation":"BFFFollow_Controller"}|0x4e3352d6
15:20:50.0 (7853077)|VARIABLE_SCOPE_BEGIN|[52]|key|String|false|false
15:20:50.0 (7858814)|VARIABLE_ASSIGNMENT|[52]|key|"mode"
15:20:50.0 (7865267)|STATEMENT_EXECUTE|[52]
15:20:50.0 (7867617)|STATEMENT_EXECUTE|[53]
15:20:50.0 (7934027)|VARIABLE_ASSIGNMENT|[EXTERNAL]|this|{"debug":true,"input":"{\"mode\":\"fetchFollow (9 more) ...","operation":"BFFFollow_Controller"}|0x4e3352d6
15:20:50.0 (7959308)|METHOD_ENTRY|[53]||System.JSON.deserializeUntyped(String)
15:20:50.0 (8303638)|METHOD_EXIT|[53]||System.JSON.deserializeUntyped(String)
15:20:50.0 (8316987)|VARIABLE_SCOPE_BEGIN|[53]|inputMap|Map<String,ANY>|true|false
15:20:50.0 (8344814)|VARIABLE_ASSIGNMENT|[53]|inputMap|{"s":1,"v":{"mode":"fetchFollowedUsers"}}|0x57164138
15:20:50.0 (8349745)|STATEMENT_EXECUTE|[54]
15:20:50.0 (8440016)|METHOD_EXIT|[7]|01p50000002CIEo|ETLC_ApexBridge_Data.getInputValue(String)
15:20:50.0 (8448000)|VARIABLE_SCOPE_BEGIN|[7]|mode|String|false|false
15:20:50.0 (8458530)|VARIABLE_ASSIGNMENT|[7]|mode|"fetchFollowedUsers"
15:20:50.0 (8464871)|HEAP_ALLOCATE|[9]|Bytes:18
15:20:50.0 (8493790)|STATEMENT_EXECUTE|[9]
15:20:50.0 (8496601)|STATEMENT_EXECUTE|[10]
15:20:50.0 (8546017)|HEAP_ALLOCATE|[10]|Bytes:85
15:20:50.0 (8561863)|SYSTEM_METHOD_ENTRY|[1]|UserInfo.UserInfo()
15:20:50.0 (8565766)|STATEMENT_EXECUTE|[1]
15:20:50.0 (8574807)|SYSTEM_METHOD_EXIT|[1]|UserInfo
15:20:50.0 (8590982)|METHOD_ENTRY|[10]||System.UserInfo.getUserId()
15:20:50.0 (8632356)|METHOD_EXIT|[10]||System.UserInfo.getUserId()
15:20:50.0 (8648539)|HEAP_ALLOCATE|[10]|Bytes:4
15:20:50.0 (8664278)|METHOD_ENTRY|[10]|01p50000002D8iw|BFFFollow_Controller.fetchFollowedUsers(Id)
15:20:50.0 (8671097)|VARIABLE_SCOPE_BEGIN|[20]|this|BFFFollow_Controller|true|false
15:20:50.0 (8692541)|VARIABLE_ASSIGNMENT|[20]|this|{}|0x3fff554d
15:20:50.0 (8696909)|VARIABLE_SCOPE_BEGIN|[20]|followedById|Id|false|false
15:20:50.0 (8872646)|VARIABLE_ASSIGNMENT|[20]|followedById|"00550000005cg71AAA"
15:20:50.0 (8888398)|HEAP_ALLOCATE|[21]|Bytes:5
15:20:50.0 (8894283)|STATEMENT_EXECUTE|[20]
15:20:50.0 (8896362)|STATEMENT_EXECUTE|[21]
15:20:50.0 (8908647)|HEAP_ALLOCATE|[21]|Bytes:63
15:20:50.0 (8962965)|HEAP_ALLOCATE|[21]|Bytes:18
15:20:50.0 (8981238)|HEAP_ALLOCATE|[21]|Bytes:9
15:20:50.0 (8993105)|HEAP_ALLOCATE|[21]|Bytes:90
15:20:50.0 (9000203)|VARIABLE_SCOPE_BEGIN|[21]|soql|String|false|false
15:20:50.0 (9014307)|VARIABLE_ASSIGNMENT|[21]|soql|"SELECT FollowedUsers (70 more) ..."
15:20:50.0 (9018644)|STATEMENT_EXECUTE|[22]
15:20:50.0 (9020460)|STATEMENT_EXECUTE|[22]
15:20:50.0 (9025991)|STATEMENT_EXECUTE|[23]
15:20:50.0 (9028142)|STATEMENT_EXECUTE|[23]
15:20:50.0 (9040196)|HEAP_ALLOCATE|[23]|Bytes:24
15:20:50.0 (9050913)|HEAP_ALLOCATE|[23]|Bytes:114
15:20:50.0 (9093882)|USER_DEBUG|[23]|DEBUG|fetchFollowedUsers:soql:SELECT FollowedUsers__c FROM BFFFollow__c WHERE FollowedBy__c='00550000005cg71AAA' limit 1
15:20:50.0 (9103899)|STATEMENT_EXECUTE|[24]
15:20:50.0 (9661139)|HEAP_ALLOCATE|[24]|Bytes:9
15:20:50.0 (9669324)|HEAP_ALLOCATE|[24]|Bytes:29
15:20:50.0 (9672306)|HEAP_ALLOCATE|[24]|Bytes:21
15:20:50.0 (9681775)|METHOD_ENTRY|[7]|01p50000002CIEt|ETLC_SecuredDB.ETLC_SecuredDB()
15:20:50.0 (9684610)|STATEMENT_EXECUTE|[7]
15:20:50.0 (9688079)|STATEMENT_EXECUTE|[7]
15:20:50.0 (9694421)|HEAP_ALLOCATE|[24]|Bytes:5
15:20:50.0 (9703389)|METHOD_EXIT|[7]|ETLC_SecuredDB
15:20:50.0 (9715619)|METHOD_ENTRY|[24]|01p50000002CIEt|ETLC_SecuredDB.query(String)
15:20:50.0 (9731038)|VARIABLE_SCOPE_BEGIN|[10]|SOQL|String|false|false
15:20:50.0 (9739936)|VARIABLE_ASSIGNMENT|[10]|SOQL|"SELECT FollowedUsers (70 more) ..."
15:20:50.0 (9748641)|HEAP_ALLOCATE|[12]|Bytes:5
15:20:50.0 (9752725)|STATEMENT_EXECUTE|[10]
15:20:50.0 (9754085)|STATEMENT_EXECUTE|[12]
15:20:50.0 (10716071)|SOQL_EXECUTE_BEGIN|[12]|Aggregations:0|SELECT FollowedUsers__c FROM BFFFollow__c WHERE FollowedBy__c='00550000005cg71AAA' limit 1
15:20:50.0 (15121442)|SOQL_EXECUTE_END|[12]|Rows:0
15:20:50.0 (15153126)|HEAP_ALLOCATE|[12]|Bytes:4
15:20:50.0 (15162791)|HEAP_ALLOCATE|[12]|Bytes:0
15:20:50.0 (15276553)|HEAP_ALLOCATE|[12]|Bytes:4
15:20:50.0 (15303402)|VARIABLE_SCOPE_BEGIN|[12]|dbRecords|List<SObject>|true|false
15:20:50.0 (15342475)|VARIABLE_ASSIGNMENT|[12]|dbRecords|{"s":1,"v":[]}|0x78e2dac8
15:20:50.0 (15346878)|STATEMENT_EXECUTE|[20]
15:20:50.0 (15443869)|HEAP_ALLOCATE|[20]|Bytes:12
15:20:50.0 (15451000)|HEAP_ALLOCATE|[20]|Bytes:8
15:20:50.0 (15487004)|HEAP_ALLOCATE|[20]|Bytes:12
15:20:50.0 (15491108)|HEAP_ALLOCATE|[20]|Bytes:9
15:20:50.0 (15501689)|HEAP_ALLOCATE|[20]|Bytes:12
15:20:50.0 (15504962)|HEAP_ALLOCATE|[20]|Bytes:8
15:20:50.0 (15514814)|HEAP_ALLOCATE|[20]|Bytes:12
15:20:50.0 (15518280)|HEAP_ALLOCATE|[20]|Bytes:8
15:20:50.0 (15527973)|HEAP_ALLOCATE|[20]|Bytes:12
15:20:50.0 (15531177)|HEAP_ALLOCATE|[20]|Bytes:9
15:20:50.0 (15564183)|METHOD_ENTRY|[20]|01p50000002CIEt|ETLC_SecuredDB.findFields(List<SObject>)
15:20:50.0 (15596630)|VARIABLE_SCOPE_BEGIN|[108]|dbRecords|List<SObject>|true|false
15:20:50.0 (15609004)|VARIABLE_ASSIGNMENT|[108]|dbRecords|{"s":1,"v":[]}|0x78e2dac8
15:20:50.0 (15626894)|HEAP_ALLOCATE|[109]|Bytes:5
15:20:50.0 (15632214)|STATEMENT_EXECUTE|[108]
15:20:50.0 (15633546)|STATEMENT_EXECUTE|[109]
15:20:50.0 (15644466)|VARIABLE_SCOPE_BEGIN|[109]|strJSON|String|false|false
15:20:50.0 (15652086)|VARIABLE_ASSIGNMENT|[109]|strJSON|null
15:20:50.0 (15654068)|STATEMENT_EXECUTE|[110]
15:20:50.0 (15662697)|VARIABLE_SCOPE_BEGIN|[110]|mapFields|Map<String,Set<String>>|true|false
15:20:50.0 (15667565)|VARIABLE_ASSIGNMENT|[110]|mapFields|null|
15:20:50.0 (15669407)|STATEMENT_EXECUTE|[112]
15:20:50.0 (15684666)|METHOD_ENTRY|[112]||System.JSON.serialize(Object)
15:20:50.0 (16003745)|METHOD_EXIT|[112]||System.JSON.serialize(Object)
15:20:50.0 (16022921)|VARIABLE_ASSIGNMENT|[112]|strJSON|"[]"
15:20:50.0 (16026054)|STATEMENT_EXECUTE|[113]
15:20:50.0 (16035769)|HEAP_ALLOCATE|[113]|Bytes:5
15:20:50.0 (16047268)|HEAP_ALLOCATE|[113]|Bytes:7
15:20:50.0 (16082195)|USER_DEBUG|[113]|DEBUG|JSON:[]
15:20:50.0 (16089979)|STATEMENT_EXECUTE|[114]
15:20:50.0 (16104474)|HEAP_ALLOCATE|[114]|Bytes:4
15:20:50.0 (16163845)|VARIABLE_ASSIGNMENT|[114]|mapFields|{"s":1,"v":{}}|0x119eea76
15:20:50.0 (16167524)|STATEMENT_EXECUTE|[115]
15:20:50.0 (16183502)|METHOD_ENTRY|[115]||System.JSON.deserializeUntyped(String)
15:20:50.0 (16290492)|METHOD_EXIT|[115]||System.JSON.deserializeUntyped(String)
15:20:50.0 (16301651)|VARIABLE_SCOPE_BEGIN|[115]|records|List<ANY>|true|false
15:20:50.0 (16326191)|HEAP_ALLOCATE|[EXTERNAL]|Bytes:4
15:20:50.0 (16337704)|VARIABLE_ASSIGNMENT|[115]|records|{"s":1,"v":[]}|0x250ed1d5
15:20:50.0 (16382354)|HEAP_ALLOCATE|[116]|Bytes:5
15:20:50.0 (16400261)|VARIABLE_ASSIGNMENT|[116]|record|null
15:20:50.0 (16404499)|STATEMENT_EXECUTE|[116]
15:20:50.0 (16419002)|HEAP_ALLOCATE|[119]|Bytes:4
15:20:50.0 (16480205)|HEAP_ALLOCATE|[119]|Bytes:4
15:20:50.0 (16497046)|HEAP_ALLOCATE|[119]|Bytes:0
15:20:50.0 (16520418)|HEAP_ALLOCATE|[119]|Bytes:5
15:20:50.0 (16531466)|VARIABLE_ASSIGNMENT|[119]|objectName|null
15:20:50.0 (16535193)|STATEMENT_EXECUTE|[119]
15:20:50.0 (16542136)|STATEMENT_EXECUTE|[122]
15:20:50.0 (16553419)|METHOD_EXIT|[20]|01p50000002CIEt|ETLC_SecuredDB.findFields(List<SObject>)
15:20:50.0 (16567033)|METHOD_ENTRY|[20]|01p50000002CIEt|ETLC_SecuredDB.validate(ETLC_SecuredDB.Operation, Map<String,Set<String>>)
15:20:50.0 (16571960)|VARIABLE_SCOPE_BEGIN|[55]|op|ETLC_SecuredDB.Operation|true|false
15:20:50.0 (16590164)|VARIABLE_ASSIGNMENT|[55]|op|"Querying"|0x4b547b26
15:20:50.0 (16592601)|VARIABLE_SCOPE_BEGIN|[55]|mapFieldNames|Map<String,Set<String>>|true|false
15:20:50.0 (16602795)|VARIABLE_ASSIGNMENT|[55]|mapFieldNames|{"s":1,"v":{}}|0x119eea76
15:20:50.0 (16611211)|HEAP_ALLOCATE|[56]|Bytes:5
15:20:50.0 (16615094)|STATEMENT_EXECUTE|[55]
15:20:50.0 (16616301)|STATEMENT_EXECUTE|[56]
15:20:50.0 (16625124)|VARIABLE_SCOPE_BEGIN|[56]|securityMessage|String|false|false
15:20:50.0 (16631123)|VARIABLE_ASSIGNMENT|[56]|securityMessage|null
15:20:50.0 (16632989)|STATEMENT_EXECUTE|[57]
15:20:50.0 (40146300)|HEAP_ALLOCATE|[57]|Bytes:1256
15:20:50.0 (40196077)|VARIABLE_SCOPE_BEGIN|[57]|mapObjects|Map<String,Schema.SObjectType>|true|false
15:20:50.0 (40548178)|VARIABLE_ASSIGNMENT|[57]|mapObjects|"{acceptedeventrelation=AcceptedEventRelation, account=Account, accountcontactrole=AccountContactRole, accounthistory=AccountHistory, accountpartner=AccountPartner, accountshare=AccountShare, actionlinkgrouptemplate=ActionLinkGroupTemplate, actionlinktemplate=ActionLinkTemplate, activityhistory=ActivityHistory, additionalnumber=AdditionalNumber, ...}"|0xeecf5cc
15:20:50.0 (40564677)|HEAP_ALLOCATE|[58]|Bytes:4
15:20:50.0 (40643783)|HEAP_ALLOCATE|[58]|Bytes:4
15:20:50.0 (40661942)|HEAP_ALLOCATE|[58]|Bytes:0
15:20:50.0 (40692510)|HEAP_ALLOCATE|[58]|Bytes:5
15:20:50.0 (40708855)|VARIABLE_ASSIGNMENT|[58]|sObjectName|null
15:20:50.0 (40715165)|STATEMENT_EXECUTE|[58]
15:20:50.0 (40750274)|METHOD_EXIT|[20]|01p50000002CIEt|ETLC_SecuredDB.validate(ETLC_SecuredDB.Operation, Map<String,Set<String>>)
15:20:50.0 (40755439)|STATEMENT_EXECUTE|[21]
15:20:50.0 (40767461)|METHOD_EXIT|[24]|01p50000002CIEt|ETLC_SecuredDB.query(String)
15:20:50.0 (40773740)|VARIABLE_SCOPE_BEGIN|[24]|dbRecords|List<SObject>|true|false
15:20:50.0 (40799400)|VARIABLE_ASSIGNMENT|[24]|dbRecords|{"s":1,"v":[]}|0x78e2dac8
15:20:50.0 (40806867)|STATEMENT_EXECUTE|[25]
15:20:50.0 (40808157)|STATEMENT_EXECUTE|[25]
15:20:50.0 (40863927)|USER_DEBUG|[25]|DEBUG|()
15:20:50.0 (40987858)|STATEMENT_EXECUTE|[26]
15:20:50.0 (40996729)|STATEMENT_EXECUTE|[35]
15:20:50.0 (41008469)|METHOD_EXIT|[10]|01p50000002D8iw|BFFFollow_Controller.fetchFollowedUsers(Id)
15:20:50.0 (41084877)|VARIABLE_ASSIGNMENT|[EXTERNAL]|this|{"debug":true,"input":"{\"mode\":\"fetchFollow (9 more) ...","operation":"BFFFollow_Controller"}|0x4e3352d6
15:20:50.0 (41091303)|VARIABLE_ASSIGNMENT|[EXTERNAL]|value|null
15:20:50.0 (41105865)|VARIABLE_ASSIGNMENT|[12]|this.output|null|0x4e3352d6
15:20:50.0 (41112884)|STATEMENT_EXECUTE|[11]
15:20:50.0 (41169037)|VARIABLE_ASSIGNMENT|[EXTERNAL]|this|{"debug":true,"input":"{\"mode\":\"fetchFollow (9 more) ...","operation":"BFFFollow_Controller"}|0x4e3352d6
15:20:50.0 (41211096)|VARIABLE_ASSIGNMENT|[EXTERNAL]|this|{"debug":true,"input":"{\"mode\":\"fetchFollow (9 more) ...","operation":"BFFFollow_Controller"}|0x4e3352d6
15:20:50.0 (41222581)|VARIABLE_ASSIGNMENT|[EXTERNAL]|value|false
15:20:50.0 (41228104)|HEAP_ALLOCATE|[15]|Bytes:5
15:20:50.0 (41236355)|VARIABLE_ASSIGNMENT|[15]|this.outputFlag|false|0x4e3352d6
15:20:50.0 (41245354)|STATEMENT_EXECUTE|[12]
15:20:50.0 (41246760)|STATEMENT_EXECUTE|[12]
15:20:50.0 (41300775)|USER_DEBUG|[12]|DEBUG|ETLC_ApexBridge_Data:[debug=true, input={"mode":"fetchFollowedUsers"}, isSuccess=null, messages=null, operation=BFFFollow_Controller, output=null, outputFlag=false, records=null]
15:20:50.0 (41317629)|METHOD_EXIT|[9]|01p50000002D8iw|BFFFollow_Controller.process(ETLC_ApexBridge_Data)
15:20:50.0 (41321708)|STATEMENT_EXECUTE|[24]
15:20:50.0 (41344310)|METHOD_ENTRY|[24]|01p50000002CIEo|ETLC_ApexBridge_Data.toJSON()
15:20:50.0 (41358707)|VARIABLE_SCOPE_BEGIN|[57]|this|ETLC_ApexBridge_Data|true|false
15:20:50.0 (41395926)|VARIABLE_ASSIGNMENT|[57]|this|{"debug":true,"input":"{\"mode\":\"fetchFollow (9 more) ...","operation":"BFFFollow_Controller","outputFlag":false}|0x4e3352d6
15:20:50.0 (41403022)|STATEMENT_EXECUTE|[57]
15:20:50.0 (41404137)|STATEMENT_EXECUTE|[58]
15:20:50.0 (41422582)|METHOD_ENTRY|[58]||System.JSON.serialize(Object)
15:20:50.0 (41522656)|STATEMENT_EXECUTE|[22]
15:20:50.0 (41526711)|STATEMENT_EXECUTE|[23]
15:20:50.0 (41536886)|HEAP_ALLOCATE|[23]|Bytes:5
15:20:50.0 (41547225)|VARIABLE_ASSIGNMENT|[23]|this.isSuccess|true|0x4e3352d6
15:20:50.0 (41549824)|STATEMENT_EXECUTE|[24]
15:20:50.0 (41585386)|STATEMENT_EXECUTE|[31]
15:20:50.0 (41588939)|STATEMENT_EXECUTE|[32]
15:20:50.0 (41679048)|HEAP_ALLOCATE|[32]|Bytes:4
15:20:50.0 (41762416)|VARIABLE_ASSIGNMENT|[32]|this.messages|{"s":1,"v":{}}|0x4e3352d6
15:20:50.0 (41766701)|STATEMENT_EXECUTE|[33]
15:20:50.0 (42170403)|METHOD_EXIT|[58]||System.JSON.serialize(Object)
15:20:50.0 (42179028)|METHOD_EXIT|[24]|01p50000002CIEo|ETLC_ApexBridge_Data.toJSON()
15:20:50.0 (42189634)|SYSTEM_MODE_EXIT|false
15:20:50.42 (42257968)|CUMULATIVE_LIMIT_USAGE
15:20:50.42 (42257968)|LIMIT_USAGE_FOR_NS|(default)|
  Number of SOQL queries: 1 out of 100
  Number of query rows: 0 out of 50000
  Number of SOSL queries: 0 out of 20
  Number of DML statements: 0 out of 150
  Number of DML rows: 0 out of 10000
  Maximum CPU time: 0 out of 10000
  Maximum heap size: 0 out of 6000000
  Number of callouts: 0 out of 100
  Number of Email Invocations: 0 out of 10
  Number of future calls: 0 out of 50
  Number of queueable jobs added to the queue: 0 out of 50
  Number of Mobile Apex push calls: 0 out of 10

15:20:50.42 (42257968)|CUMULATIVE_LIMIT_USAGE_END

15:20:50.0 (42315006)|CODE_UNIT_FINISHED|ETLC_ApexBridge_Controller.execute
