37.0 APEX_CODE,FINEST;APEX_PROFILING,INFO;CALLOUT,INFO;DB,INFO;SYSTEM,DEBUG;VALIDATION,INFO;VISUALFORCE,INFO;WORKFLOW,INFO
21:20:53.0 (369522)|USER_INFO|[EXTERNAL]|00550000005cg71|bfffollow@jr.te|Eastern Standard Time|GMT-04:00
21:20:53.0 (411989)|EXECUTION_STARTED
21:20:53.0 (416982)|CODE_UNIT_STARTED|[EXTERNAL]|aura
21:20:53.0 (800506)|HEAP_ALLOCATE|[72]|Bytes:3
21:20:53.0 (858306)|HEAP_ALLOCATE|[77]|Bytes:152
21:20:53.0 (875104)|HEAP_ALLOCATE|[342]|Bytes:408
21:20:53.0 (892977)|HEAP_ALLOCATE|[355]|Bytes:408
21:20:53.0 (909706)|HEAP_ALLOCATE|[467]|Bytes:48
21:20:53.0 (940081)|HEAP_ALLOCATE|[139]|Bytes:6
21:20:53.0 (969180)|HEAP_ALLOCATE|[EXTERNAL]|Bytes:93
21:20:53.0 (989597)|HEAP_ALLOCATE|[EXTERNAL]|Bytes:93
21:20:53.0 (1896979)|CODE_UNIT_STARTED|[EXTERNAL]|01p50000002CIEm|ETLC_ApexBridge_Controller.execute
21:20:53.0 (2528132)|HEAP_ALLOCATE|[EXTERNAL]|Bytes:1
21:20:53.0 (2535383)|HEAP_ALLOCATE|[EXTERNAL]|Bytes:10
21:20:53.0 (2555607)|METHOD_ENTRY|[1]|01p50000002CIEm|ETLC_ApexBridge_Controller.ETLC_ApexBridge_Controller()
21:20:53.0 (2560555)|STATEMENT_EXECUTE|[1]
21:20:53.0 (2566680)|STATEMENT_EXECUTE|[1]
21:20:53.0 (2575851)|METHOD_EXIT|[1]|ETLC_ApexBridge_Controller
21:20:53.0 (2583730)|HEAP_ALLOCATE|[EXTERNAL]|Bytes:93
21:20:53.0 (2594074)|SYSTEM_MODE_ENTER|false
21:20:53.0 (2610715)|VARIABLE_SCOPE_BEGIN|[3]|dataJson|String|false|false
21:20:53.0 (2659535)|VARIABLE_ASSIGNMENT|[3]|dataJson|"{\"operation\":\"BFFFol (73 more) ..."
21:20:53.0 (2675720)|STATEMENT_EXECUTE|[3]
21:20:53.0 (2677164)|STATEMENT_EXECUTE|[4]
21:20:53.0 (3190701)|VARIABLE_SCOPE_BEGIN|[4]|data|ETLC_ApexBridge_Data|true|false
21:20:53.0 (3204449)|VARIABLE_ASSIGNMENT|[4]|data|null|
21:20:53.0 (3207171)|STATEMENT_EXECUTE|[5]
21:20:53.0 (3208345)|STATEMENT_EXECUTE|[5]
21:20:53.0 (3209433)|STATEMENT_EXECUTE|[6]
21:20:53.0 (3230324)|HEAP_ALLOCATE|[6]|Bytes:11
21:20:53.0 (3237417)|HEAP_ALLOCATE|[6]|Bytes:248
21:20:53.0 (3240558)|HEAP_ALLOCATE|[6]|Bytes:39
21:20:53.0 (3268711)|METHOD_ENTRY|[2]|01p50000002CIEo|ETLC_ApexBridge_Data.ETLC_ApexBridge_Data()
21:20:53.0 (3271958)|STATEMENT_EXECUTE|[2]
21:20:53.0 (3275110)|STATEMENT_EXECUTE|[2]
21:20:53.0 (3282170)|METHOD_EXIT|[2]|ETLC_ApexBridge_Data
21:20:53.0 (3299583)|METHOD_ENTRY|[6]|01p50000002CIEo|ETLC_ApexBridge_Data.fromJSON(String)
21:20:53.0 (3319810)|VARIABLE_SCOPE_BEGIN|[60]|strJson|String|false|false
21:20:53.0 (3329970)|VARIABLE_ASSIGNMENT|[60]|strJson|"{\"operation\":\"BFFFol (73 more) ..."
21:20:53.0 (3334936)|STATEMENT_EXECUTE|[60]
21:20:53.0 (3336268)|STATEMENT_EXECUTE|[61]
21:20:53.0 (3347727)|HEAP_ALLOCATE|[61]|Bytes:20
21:20:53.0 (3374859)|HEAP_ALLOCATE|[50]|Bytes:5
21:20:53.0 (3401579)|HEAP_ALLOCATE|[56]|Bytes:5
21:20:53.0 (3409856)|HEAP_ALLOCATE|[64]|Bytes:7
21:20:53.0 (3525200)|HEAP_ALLOCATE|[61]|Bytes:24
21:20:53.0 (3540462)|SYSTEM_METHOD_ENTRY|[1]|Type.Type()
21:20:53.0 (3543738)|STATEMENT_EXECUTE|[1]
21:20:53.0 (3553452)|SYSTEM_METHOD_EXIT|[1]|Type
21:20:53.0 (3560203)|HEAP_ALLOCATE|[61]|Bytes:8
21:20:53.0 (3593668)|HEAP_ALLOCATE|[61]|Bytes:8
21:20:53.0 (3600294)|VARIABLE_SCOPE_BEGIN|[4]|this|System.Type|true|false
21:20:53.0 (3645288)|VARIABLE_ASSIGNMENT|[4]|this|{}|0x48d84587
21:20:53.0 (3650538)|VARIABLE_SCOPE_BEGIN|[4]|apextype|java:common.apex.runtime.ApexObjectType|true|false
21:20:53.0 (3781976)|VARIABLE_ASSIGNMENT|[4]|apextype|"ETLC_ApexBridge_Data"|0x145a7bce
21:20:53.0 (3877713)|HEAP_ALLOCATE|[61]|Bytes:8
21:20:53.0 (3919727)|HEAP_ALLOCATE|[61]|Bytes:24
21:20:53.0 (3933548)|SYSTEM_METHOD_ENTRY|[1]|JSON.JSON()
21:20:53.0 (3936334)|STATEMENT_EXECUTE|[1]
21:20:53.0 (3947358)|SYSTEM_METHOD_EXIT|[1]|JSON
21:20:53.0 (3964412)|METHOD_ENTRY|[61]||System.JSON.deserializeStrict(String, System.Type)
21:20:53.0 (4283443)|METHOD_EXIT|[61]||System.JSON.deserializeStrict(String, System.Type)
21:20:53.0 (4295185)|METHOD_EXIT|[6]|01p50000002CIEo|ETLC_ApexBridge_Data.fromJSON(String)
21:20:53.0 (4341765)|VARIABLE_ASSIGNMENT|[6]|data|{"debug":true,"input":"{\"mode\":\"fetchFollow (9 more) ...","operation":"BFFFollow_Controller"}|0x5b76d05a
21:20:53.0 (4346798)|STATEMENT_EXECUTE|[7]
21:20:53.0 (4356433)|HEAP_ALLOCATE|[7]|Bytes:6
21:20:53.0 (4439504)|HEAP_ALLOCATE|[7]|Bytes:177
21:20:53.0 (4463234)|HEAP_ALLOCATE|[7]|Bytes:183
21:20:53.0 (4491739)|USER_DEBUG|[7]|DEBUG|data::ETLC_ApexBridge_Data:[debug=true, input={"mode":"fetchFollowedUsers"}, isSuccess=null, messages=null, operation=BFFFollow_Controller, output=null, outputFlag=null, records=null]
21:20:53.0 (4500143)|STATEMENT_EXECUTE|[8]
21:20:53.0 (4556979)|VARIABLE_ASSIGNMENT|[EXTERNAL]|this|{"debug":true,"input":"{\"mode\":\"fetchFollow (9 more) ...","operation":"BFFFollow_Controller"}|0x5b76d05a
21:20:53.0 (4576597)|METHOD_ENTRY|[8]||System.Type.forName(String)
21:20:53.0 (7523869)|METHOD_EXIT|[8]||System.Type.forName(String)
21:20:53.0 (7542562)|METHOD_ENTRY|[8]||System.Type.newInstance()
21:20:53.0 (9355892)|STATEMENT_EXECUTE|[1]
21:20:53.0 (9373115)|HEAP_ALLOCATE|[33]|Bytes:5
21:20:53.0 (9398718)|METHOD_EXIT|[1]|BFFFollow_Controller
21:20:53.0 (9430196)|HEAP_ALLOCATE|[33]|Bytes:4
21:20:53.0 (9447533)|VARIABLE_SCOPE_BEGIN|[1]|this|BFFFollow_Controller|true|false
21:20:53.0 (9478848)|VARIABLE_ASSIGNMENT|[1]|this|{}|0x4554ea39
21:20:53.0 (9498486)|HEAP_ALLOCATE|[33]|Bytes:5
21:20:53.0 (9509280)|HEAP_ALLOCATE|[33]|Bytes:11
21:20:53.0 (9531939)|METHOD_ENTRY|[1]|01p50000002CIEj|ETLC_ApexBridge_Abstract.ETLC_ApexBridge_Abstract()
21:20:53.0 (9535367)|STATEMENT_EXECUTE|[1]
21:20:53.0 (9539987)|STATEMENT_EXECUTE|[1]
21:20:53.0 (9546855)|METHOD_EXIT|[1]|ETLC_ApexBridge_Abstract
21:20:53.0 (9555168)|CONSTRUCTOR_ENTRY|[EXTERNAL]|01p50000002CIEj|<init>()
21:20:53.0 (9576779)|VARIABLE_SCOPE_BEGIN|[1]|this|ETLC_ApexBridge_Abstract|true|false
21:20:53.0 (9595452)|VARIABLE_ASSIGNMENT|[1]|this|{}|0x4554ea39
21:20:53.0 (9611036)|STATEMENT_EXECUTE|[1]
21:20:53.0 (9615534)|CONSTRUCTOR_EXIT|[EXTERNAL]|01p50000002CIEj|<init>()
21:20:53.0 (9620815)|STATEMENT_EXECUTE|[1]
21:20:53.0 (9625768)|HEAP_ALLOCATE|[33]|Bytes:5
21:20:53.0 (9643393)|METHOD_EXIT|[8]||System.Type.newInstance()
21:20:53.0 (9651514)|VARIABLE_SCOPE_BEGIN|[8]|executor|ETLC_ApexBridge_Abstract|true|false
21:20:53.0 (9668386)|VARIABLE_ASSIGNMENT|[8]|executor|{}|0x4554ea39
21:20:53.0 (9671286)|STATEMENT_EXECUTE|[9]
21:20:53.0 (9714270)|METHOD_ENTRY|[9]|01p50000002D8iw|BFFFollow_Controller.process(ETLC_ApexBridge_Data)
21:20:53.0 (9740407)|VARIABLE_SCOPE_BEGIN|[3]|this|BFFFollow_Controller|true|false
21:20:53.0 (9757407)|VARIABLE_ASSIGNMENT|[3]|this|{}|0x4554ea39
21:20:53.0 (9761933)|VARIABLE_SCOPE_BEGIN|[3]|data|ETLC_ApexBridge_Data|true|false
21:20:53.0 (9788817)|VARIABLE_ASSIGNMENT|[3]|data|{"debug":true,"input":"{\"mode\":\"fetchFollow (9 more) ...","operation":"BFFFollow_Controller"}|0x5b76d05a
21:20:53.0 (9798615)|HEAP_ALLOCATE|[4]|Bytes:5
21:20:53.0 (9802677)|STATEMENT_EXECUTE|[3]
21:20:53.0 (9803944)|STATEMENT_EXECUTE|[4]
21:20:53.0 (9881272)|VARIABLE_ASSIGNMENT|[EXTERNAL]|this|{"debug":true,"input":"{\"mode\":\"fetchFollow (9 more) ...","operation":"BFFFollow_Controller"}|0x5b76d05a
21:20:53.0 (9903622)|VARIABLE_ASSIGNMENT|[4]|BFFFollow_Controller.debugFlag|true
21:20:53.0 (9945064)|VARIABLE_ASSIGNMENT|[EXTERNAL]|this|{"debug":true,"input":"{\"mode\":\"fetchFollow (9 more) ...","operation":"BFFFollow_Controller"}|0x5b76d05a
21:20:53.0 (9958584)|STATEMENT_EXECUTE|[5]
21:20:53.0 (9967098)|HEAP_ALLOCATE|[5]|Bytes:12
21:20:53.0 (10005353)|HEAP_ALLOCATE|[5]|Bytes:177
21:20:53.0 (10021803)|HEAP_ALLOCATE|[5]|Bytes:189
21:20:53.0 (10034864)|USER_DEBUG|[5]|DEBUG|data BEFORE:ETLC_ApexBridge_Data:[debug=true, input={"mode":"fetchFollowedUsers"}, isSuccess=null, messages=null, operation=BFFFollow_Controller, output=null, outputFlag=null, records=null]
21:20:53.0 (10040911)|STATEMENT_EXECUTE|[7]
21:20:53.0 (10048114)|HEAP_ALLOCATE|[7]|Bytes:4
21:20:53.0 (10061296)|METHOD_ENTRY|[7]|01p50000002CIEo|ETLC_ApexBridge_Data.getInputValue(String)
21:20:53.0 (10075053)|VARIABLE_SCOPE_BEGIN|[52]|this|ETLC_ApexBridge_Data|true|false
21:20:53.0 (10104874)|VARIABLE_ASSIGNMENT|[52]|this|{"debug":true,"input":"{\"mode\":\"fetchFollow (9 more) ...","operation":"BFFFollow_Controller"}|0x5b76d05a
21:20:53.0 (10109331)|VARIABLE_SCOPE_BEGIN|[52]|key|String|false|false
21:20:53.0 (10113123)|VARIABLE_ASSIGNMENT|[52]|key|"mode"
21:20:53.0 (10117981)|STATEMENT_EXECUTE|[52]
21:20:53.0 (10119366)|STATEMENT_EXECUTE|[53]
21:20:53.0 (10167763)|VARIABLE_ASSIGNMENT|[EXTERNAL]|this|{"debug":true,"input":"{\"mode\":\"fetchFollow (9 more) ...","operation":"BFFFollow_Controller"}|0x5b76d05a
21:20:53.0 (10185926)|METHOD_ENTRY|[53]||System.JSON.deserializeUntyped(String)
21:20:53.0 (10422556)|METHOD_EXIT|[53]||System.JSON.deserializeUntyped(String)
21:20:53.0 (10431819)|VARIABLE_SCOPE_BEGIN|[53]|inputMap|Map<String,ANY>|true|false
21:20:53.0 (10458738)|VARIABLE_ASSIGNMENT|[53]|inputMap|{"s":1,"v":{"mode":"fetchFollowedUsers"}}|0x31113081
21:20:53.0 (10462301)|STATEMENT_EXECUTE|[54]
21:20:53.0 (10514175)|METHOD_EXIT|[7]|01p50000002CIEo|ETLC_ApexBridge_Data.getInputValue(String)
21:20:53.0 (10520944)|VARIABLE_SCOPE_BEGIN|[7]|mode|String|false|false
21:20:53.0 (10528227)|VARIABLE_ASSIGNMENT|[7]|mode|"fetchFollowedUsers"
21:20:53.0 (10532540)|HEAP_ALLOCATE|[9]|Bytes:18
21:20:53.0 (10564612)|STATEMENT_EXECUTE|[9]
21:20:53.0 (10566585)|STATEMENT_EXECUTE|[10]
21:20:53.0 (10611812)|HEAP_ALLOCATE|[10]|Bytes:85
21:20:53.0 (10627449)|SYSTEM_METHOD_ENTRY|[1]|UserInfo.UserInfo()
21:20:53.0 (10630394)|STATEMENT_EXECUTE|[1]
21:20:53.0 (10641892)|SYSTEM_METHOD_EXIT|[1]|UserInfo
21:20:53.0 (10656810)|METHOD_ENTRY|[10]||System.UserInfo.getUserId()
21:20:53.0 (10693518)|METHOD_EXIT|[10]||System.UserInfo.getUserId()
21:20:53.0 (10706532)|HEAP_ALLOCATE|[10]|Bytes:4
21:20:53.0 (10720497)|METHOD_ENTRY|[10]|01p50000002D8iw|BFFFollow_Controller.fetchFollowedUsers(Id)
21:20:53.0 (10728486)|VARIABLE_SCOPE_BEGIN|[24]|this|BFFFollow_Controller|true|false
21:20:53.0 (10745766)|VARIABLE_ASSIGNMENT|[24]|this|{}|0x4554ea39
21:20:53.0 (10750669)|VARIABLE_SCOPE_BEGIN|[24]|followedById|Id|false|false
21:20:53.0 (10834080)|VARIABLE_ASSIGNMENT|[24]|followedById|"00550000005cg71AAA"
21:20:53.0 (10845534)|HEAP_ALLOCATE|[25]|Bytes:5
21:20:53.0 (10849731)|STATEMENT_EXECUTE|[24]
21:20:53.0 (10851082)|STATEMENT_EXECUTE|[25]
21:20:53.0 (10859417)|HEAP_ALLOCATE|[25]|Bytes:63
21:20:53.0 (10895438)|HEAP_ALLOCATE|[25]|Bytes:18
21:20:53.0 (10906521)|HEAP_ALLOCATE|[25]|Bytes:9
21:20:53.0 (10916057)|HEAP_ALLOCATE|[25]|Bytes:90
21:20:53.0 (10920849)|VARIABLE_SCOPE_BEGIN|[25]|soql|String|false|false
21:20:53.0 (10929567)|VARIABLE_ASSIGNMENT|[25]|soql|"SELECT FollowedUsers (70 more) ..."
21:20:53.0 (10931980)|STATEMENT_EXECUTE|[26]
21:20:53.0 (10933499)|STATEMENT_EXECUTE|[26]
21:20:53.0 (10937950)|STATEMENT_EXECUTE|[27]
21:20:53.0 (10939010)|STATEMENT_EXECUTE|[27]
21:20:53.0 (10946308)|HEAP_ALLOCATE|[27]|Bytes:24
21:20:53.0 (10952522)|HEAP_ALLOCATE|[27]|Bytes:114
21:20:53.0 (10979584)|USER_DEBUG|[27]|DEBUG|fetchFollowedUsers:soql:SELECT FollowedUsers__c FROM BFFFollow__c WHERE FollowedBy__c='00550000005cg71AAA' limit 1
21:20:53.0 (10986412)|STATEMENT_EXECUTE|[28]
21:20:53.0 (13367114)|HEAP_ALLOCATE|[28]|Bytes:9
21:20:53.0 (13375069)|HEAP_ALLOCATE|[28]|Bytes:29
21:20:53.0 (13378597)|HEAP_ALLOCATE|[28]|Bytes:21
21:20:53.0 (13400912)|METHOD_ENTRY|[7]|01p50000002CIEt|ETLC_SecuredDB.ETLC_SecuredDB()
21:20:53.0 (13404465)|STATEMENT_EXECUTE|[7]
21:20:53.0 (13408572)|STATEMENT_EXECUTE|[7]
21:20:53.0 (13414370)|HEAP_ALLOCATE|[28]|Bytes:5
21:20:53.0 (13426232)|METHOD_EXIT|[7]|ETLC_SecuredDB
21:20:53.0 (13453755)|METHOD_ENTRY|[28]|01p50000002CIEt|ETLC_SecuredDB.query(String)
21:20:53.0 (13514026)|VARIABLE_SCOPE_BEGIN|[10]|SOQL|String|false|false
21:20:53.0 (13523906)|VARIABLE_ASSIGNMENT|[10]|SOQL|"SELECT FollowedUsers (70 more) ..."
21:20:53.0 (13533073)|HEAP_ALLOCATE|[12]|Bytes:5
21:20:53.0 (13537333)|STATEMENT_EXECUTE|[10]
21:20:53.0 (13538746)|STATEMENT_EXECUTE|[12]
21:20:53.0 (15039730)|SOQL_EXECUTE_BEGIN|[12]|Aggregations:0|SELECT FollowedUsers__c FROM BFFFollow__c WHERE FollowedBy__c='00550000005cg71AAA' limit 1
21:20:53.0 (19585350)|SOQL_EXECUTE_END|[12]|Rows:1
21:20:53.0 (19622645)|HEAP_ALLOCATE|[12]|Bytes:8
21:20:53.0 (19640893)|HEAP_ALLOCATE|[12]|Bytes:158
21:20:53.0 (19775686)|HEAP_ALLOCATE|[12]|Bytes:8
21:20:53.0 (19806847)|VARIABLE_SCOPE_BEGIN|[12]|dbRecords|List<SObject>|true|false
21:20:53.0 (19875949)|VARIABLE_ASSIGNMENT|[12]|dbRecords|{"s":1,"v":[{"s":2,"v":{"FollowedUsers__c":"[{\"id\":\"00550000005d (85 more) ...","Id":"a005000000ezW4dAAE"}}]}|0x46c5be22
21:20:53.0 (19884145)|STATEMENT_EXECUTE|[20]
21:20:53.0 (20326687)|HEAP_ALLOCATE|[20]|Bytes:12
21:20:53.0 (20341642)|HEAP_ALLOCATE|[20]|Bytes:8
21:20:53.0 (20461873)|HEAP_ALLOCATE|[20]|Bytes:12
21:20:53.0 (20471275)|HEAP_ALLOCATE|[20]|Bytes:9
21:20:53.0 (20505916)|HEAP_ALLOCATE|[20]|Bytes:12
21:20:53.0 (20514465)|HEAP_ALLOCATE|[20]|Bytes:8
21:20:53.0 (20538297)|HEAP_ALLOCATE|[20]|Bytes:12
21:20:53.0 (20546455)|HEAP_ALLOCATE|[20]|Bytes:8
21:20:53.0 (20570225)|HEAP_ALLOCATE|[20]|Bytes:12
21:20:53.0 (20577513)|HEAP_ALLOCATE|[20]|Bytes:9
21:20:53.0 (20621131)|METHOD_ENTRY|[20]|01p50000002CIEt|ETLC_SecuredDB.findFields(List<SObject>)
21:20:53.0 (20659831)|VARIABLE_SCOPE_BEGIN|[108]|dbRecords|List<SObject>|true|false
21:20:53.0 (20683979)|VARIABLE_ASSIGNMENT|[108]|dbRecords|{"s":1,"v":[{"s":2,"v":{"FollowedUsers__c":"[{\"id\":\"00550000005d (85 more) ...","Id":"a005000000ezW4dAAE"}}]}|0x46c5be22
21:20:53.0 (20698997)|HEAP_ALLOCATE|[109]|Bytes:5
21:20:53.0 (20703560)|STATEMENT_EXECUTE|[108]
21:20:53.0 (20705111)|STATEMENT_EXECUTE|[109]
21:20:53.0 (20715659)|VARIABLE_SCOPE_BEGIN|[109]|strJSON|String|false|false
21:20:53.0 (20722708)|VARIABLE_ASSIGNMENT|[109]|strJSON|null
21:20:53.0 (20724683)|STATEMENT_EXECUTE|[110]
21:20:53.0 (20729725)|VARIABLE_SCOPE_BEGIN|[110]|mapFields|Map<String,Set<String>>|true|false
21:20:53.0 (20734368)|VARIABLE_ASSIGNMENT|[110]|mapFields|null|
21:20:53.0 (20736382)|STATEMENT_EXECUTE|[112]
21:20:53.0 (20752396)|METHOD_ENTRY|[112]||System.JSON.serialize(Object)
21:20:53.0 (21250186)|METHOD_EXIT|[112]||System.JSON.serialize(Object)
21:20:53.0 (21272813)|VARIABLE_ASSIGNMENT|[112]|strJSON|"[{\"attributes\":{\"typ (259 more) ..."
21:20:53.0 (21278165)|STATEMENT_EXECUTE|[113]
21:20:53.0 (21291379)|HEAP_ALLOCATE|[113]|Bytes:5
21:20:53.0 (21311918)|HEAP_ALLOCATE|[113]|Bytes:284
21:20:53.0 (21357623)|USER_DEBUG|[113]|DEBUG|JSON:[{"attributes":{"type":"BFFFollow__c","url":"/services/data/v37.0/sobjects/BFFFollow__c/a005000000ezW4dAAE"},"FollowedUsers__c":"[{\"id\":\"00550000005d7KnAAI\",\"name\":\"Test User\"},{\"id\":\"00550000005cg71AAA\",\"name\":\"Jaswinder Rattanpal\"}]","Id":"a005000000ezW4dAAE"}]
21:20:53.0 (21367623)|STATEMENT_EXECUTE|[114]
21:20:53.0 (21380147)|HEAP_ALLOCATE|[114]|Bytes:4
21:20:53.0 (21408377)|VARIABLE_ASSIGNMENT|[114]|mapFields|{"s":1,"v":{}}|0x3aaf8d8d
21:20:53.0 (21411836)|STATEMENT_EXECUTE|[115]
21:20:53.0 (21424580)|METHOD_ENTRY|[115]||System.JSON.deserializeUntyped(String)
21:20:53.0 (21856858)|METHOD_EXIT|[115]||System.JSON.deserializeUntyped(String)
21:20:53.0 (21871651)|VARIABLE_SCOPE_BEGIN|[115]|records|List<ANY>|true|false
21:20:53.0 (21912104)|HEAP_ALLOCATE|[EXTERNAL]|Bytes:8
21:20:53.0 (21951261)|VARIABLE_ASSIGNMENT|[115]|records|{"s":1,"v":[{"s":2,"v":{"attributes":{"s":3,"v":{"type":"BFFFollow__c","url":"/services/data/v37.0 (41 more) ..."}},"FollowedUsers__c":"[{\"id\":\"00550000005d (85 more) ...","Id":"a005000000ezW4dAAE"}}]}|0x3f1e37da
21:20:53.0 (22028270)|HEAP_ALLOCATE|[116]|Bytes:5
21:20:53.0 (22060081)|HEAP_ALLOCATE|[116]|Bytes:16
21:20:53.0 (22078282)|VARIABLE_SCOPE_BEGIN|[116]|record|Object|false|false
21:20:53.0 (22114710)|VARIABLE_ASSIGNMENT|[116]|record|{"s":1,"v":{"attributes":{"s":2,"v":{"type":"BFFFollow__c","url":"/services/data/v37.0 (41 more) ..."}},"FollowedUsers__c":"[{\"id\":\"00550000005d (85 more) ...","Id":"a005000000ezW4dAAE"}}
21:20:53.0 (22121928)|STATEMENT_EXECUTE|[116]
21:20:53.0 (22124176)|STATEMENT_EXECUTE|[117]
21:20:53.0 (22159785)|METHOD_ENTRY|[117]|01p50000002CIEt|ETLC_SecuredDB.findFieldsRecursive(Map<String,Set<String>>, Map<String,ANY>)
21:20:53.0 (22201462)|VARIABLE_SCOPE_BEGIN|[124]|mapFields|Map<String,Set<String>>|true|false
21:20:53.0 (22220080)|VARIABLE_ASSIGNMENT|[124]|mapFields|{"s":1,"v":{}}|0x3aaf8d8d
21:20:53.0 (22229948)|VARIABLE_SCOPE_BEGIN|[124]|record|Map<String,ANY>|true|false
21:20:53.0 (22256095)|VARIABLE_ASSIGNMENT|[124]|record|{"s":1,"v":{"attributes":{"s":2,"v":{"type":"BFFFollow__c","url":"/services/data/v37.0 (41 more) ..."}},"FollowedUsers__c":"[{\"id\":\"00550000005d (85 more) ...","Id":"a005000000ezW4dAAE"}}|0x3f5e6542
21:20:53.0 (22271762)|HEAP_ALLOCATE|[125]|Bytes:5
21:20:53.0 (22278256)|STATEMENT_EXECUTE|[124]
21:20:53.0 (22280963)|STATEMENT_EXECUTE|[125]
21:20:53.0 (22292897)|HEAP_ALLOCATE|[125]|Bytes:10
21:20:53.0 (22301469)|VARIABLE_SCOPE_BEGIN|[125]|strAttributes|String|false|false
21:20:53.0 (22312834)|VARIABLE_ASSIGNMENT|[125]|strAttributes|"attributes"
21:20:53.0 (22316715)|STATEMENT_EXECUTE|[126]
21:20:53.0 (22328073)|HEAP_ALLOCATE|[126]|Bytes:7
21:20:53.0 (22336809)|VARIABLE_SCOPE_BEGIN|[126]|strRecord|String|false|false
21:20:53.0 (22347090)|VARIABLE_ASSIGNMENT|[126]|strRecord|"records"
21:20:53.0 (22401898)|STATEMENT_EXECUTE|[127]
21:20:53.0 (22405136)|STATEMENT_EXECUTE|[128]
21:20:53.0 (22468366)|VARIABLE_SCOPE_BEGIN|[128]|attributes|Map<String,ANY>|true|false
21:20:53.0 (22499606)|VARIABLE_ASSIGNMENT|[128]|attributes|{"s":1,"v":{"type":"BFFFollow__c","url":"/services/data/v37.0 (41 more) ..."}}|0x1a2f8032
21:20:53.0 (22505619)|STATEMENT_EXECUTE|[129]
21:20:53.0 (22517829)|HEAP_ALLOCATE|[129]|Bytes:4
21:20:53.0 (22571162)|VARIABLE_SCOPE_BEGIN|[129]|objectName|String|false|false
21:20:53.0 (22582029)|VARIABLE_ASSIGNMENT|[129]|objectName|"BFFFollow__c"
21:20:53.0 (22593432)|HEAP_ALLOCATE|[130]|Bytes:4
21:20:53.0 (22664032)|HEAP_ALLOCATE|[130]|Bytes:44
21:20:53.0 (22685278)|HEAP_ALLOCATE|[130]|Bytes:12
21:20:53.0 (22715869)|HEAP_ALLOCATE|[130]|Bytes:5
21:20:53.0 (22732755)|VARIABLE_SCOPE_BEGIN|[130]|fieldName|String|false|false
21:20:53.0 (22741054)|VARIABLE_ASSIGNMENT|[130]|fieldName|"attributes"
21:20:53.0 (22743889)|STATEMENT_EXECUTE|[130]
21:20:53.0 (22745400)|STATEMENT_EXECUTE|[131]
21:20:53.0 (22788667)|VARIABLE_SCOPE_BEGIN|[131]|field|Object|false|false
21:20:53.0 (22806416)|VARIABLE_ASSIGNMENT|[131]|field|{"s":1,"v":{"type":"BFFFollow__c","url":"/services/data/v37.0 (41 more) ..."}}
21:20:53.0 (22834872)|STATEMENT_EXECUTE|[132]
21:20:53.0 (22851525)|HEAP_ALLOCATE|[130]|Bytes:5
21:20:53.0 (22863547)|VARIABLE_SCOPE_BEGIN|[130]|fieldName|String|false|false
21:20:53.0 (22870699)|VARIABLE_ASSIGNMENT|[130]|fieldName|"FollowedUsers__c"
21:20:53.0 (22873247)|STATEMENT_EXECUTE|[130]
21:20:53.0 (22874431)|STATEMENT_EXECUTE|[131]
21:20:53.0 (22893645)|VARIABLE_SCOPE_BEGIN|[131]|field|Object|false|false
21:20:53.0 (22903893)|VARIABLE_ASSIGNMENT|[131]|field|"[{\"id\":\"00550000005d (85 more) ..."
21:20:53.0 (22915818)|HEAP_ALLOCATE|[134]|Bytes:68
21:20:53.0 (22937984)|STATEMENT_EXECUTE|[136]
21:20:53.0 (22939618)|STATEMENT_EXECUTE|[137]
21:20:53.0 (22950241)|HEAP_ALLOCATE|[137]|Bytes:4
21:20:53.0 (22988278)|VARIABLE_SCOPE_BEGIN|[137]|fieldNames|Set<String>|true|false
21:20:53.0 (23011552)|VARIABLE_ASSIGNMENT|[137]|fieldNames|{"s":1,"v":[]}|0x12c4e9b7
21:20:53.0 (23048256)|STATEMENT_EXECUTE|[138]
21:20:53.0 (23054758)|STATEMENT_EXECUTE|[139]
21:20:53.0 (23083365)|HEAP_ALLOCATE|[EXTERNAL]|Bytes:4
21:20:53.0 (23091329)|STATEMENT_EXECUTE|[140]
21:20:53.0 (23121443)|HEAP_ALLOCATE|[EXTERNAL]|Bytes:-4
21:20:53.0 (23136832)|HEAP_ALLOCATE|[130]|Bytes:5
21:20:53.0 (23148668)|VARIABLE_SCOPE_BEGIN|[130]|fieldName|String|false|false
21:20:53.0 (23155797)|VARIABLE_ASSIGNMENT|[130]|fieldName|"Id"
21:20:53.0 (23158288)|STATEMENT_EXECUTE|[130]
21:20:53.0 (23159808)|STATEMENT_EXECUTE|[131]
21:20:53.0 (23179173)|VARIABLE_SCOPE_BEGIN|[131]|field|Object|false|false
21:20:53.0 (23187653)|VARIABLE_ASSIGNMENT|[131]|field|"a005000000ezW4dAAE"
21:20:53.0 (23204195)|STATEMENT_EXECUTE|[136]
21:20:53.0 (23205773)|STATEMENT_EXECUTE|[137]
21:20:53.0 (23213334)|HEAP_ALLOCATE|[137]|Bytes:4
21:20:53.0 (23224868)|VARIABLE_SCOPE_BEGIN|[137]|fieldNames|Set<String>|true|false
21:20:53.0 (23243081)|VARIABLE_ASSIGNMENT|[137]|fieldNames|{"s":1,"v":[]}|0x5efcfad8
21:20:53.0 (23256946)|STATEMENT_EXECUTE|[138]
21:20:53.0 (23286450)|VARIABLE_ASSIGNMENT|[138]|fieldNames|{"s":1,"v":["FollowedUsers__c"]}|0x12c4e9b7
21:20:53.0 (23290254)|STATEMENT_EXECUTE|[139]
21:20:53.0 (23301402)|HEAP_ALLOCATE|[EXTERNAL]|Bytes:4
21:20:53.0 (23306956)|STATEMENT_EXECUTE|[140]
21:20:53.0 (23328706)|HEAP_ALLOCATE|[130]|Bytes:5
21:20:53.0 (23339885)|VARIABLE_ASSIGNMENT|[130]|fieldName|null
21:20:53.0 (23353232)|METHOD_EXIT|[117]|01p50000002CIEt|ETLC_SecuredDB.findFieldsRecursive(Map<String,Set<String>>, Map<String,ANY>)
21:20:53.0 (23362855)|HEAP_ALLOCATE|[116]|Bytes:5
21:20:53.0 (23378181)|VARIABLE_ASSIGNMENT|[116]|record|null
21:20:53.0 (23386362)|HEAP_ALLOCATE|[119]|Bytes:4
21:20:53.0 (23419574)|HEAP_ALLOCATE|[119]|Bytes:20
21:20:53.0 (23432266)|HEAP_ALLOCATE|[119]|Bytes:4
21:20:53.0 (23459059)|HEAP_ALLOCATE|[119]|Bytes:5
21:20:53.0 (23487924)|VARIABLE_SCOPE_BEGIN|[119]|objectName|String|false|false
21:20:53.0 (23501661)|VARIABLE_ASSIGNMENT|[119]|objectName|"BFFFollow__c"
21:20:53.0 (23505846)|STATEMENT_EXECUTE|[119]
21:20:53.0 (23508146)|STATEMENT_EXECUTE|[120]
21:20:53.0 (23520238)|HEAP_ALLOCATE|[120]|Bytes:2
21:20:53.0 (23603887)|HEAP_ALLOCATE|[120]|Bytes:22
21:20:53.0 (23627951)|HEAP_ALLOCATE|[120]|Bytes:36
21:20:53.0 (23647986)|USER_DEBUG|[120]|DEBUG|BFFFollow__c: {FollowedUsers__c, Id}
21:20:53.0 (23669994)|HEAP_ALLOCATE|[119]|Bytes:5
21:20:53.0 (23692265)|VARIABLE_ASSIGNMENT|[119]|objectName|null
21:20:53.0 (23697915)|STATEMENT_EXECUTE|[122]
21:20:53.0 (23717781)|METHOD_EXIT|[20]|01p50000002CIEt|ETLC_SecuredDB.findFields(List<SObject>)
21:20:53.0 (23744137)|METHOD_ENTRY|[20]|01p50000002CIEt|ETLC_SecuredDB.validate(ETLC_SecuredDB.Operation, Map<String,Set<String>>)
21:20:53.0 (23757996)|VARIABLE_SCOPE_BEGIN|[55]|op|ETLC_SecuredDB.Operation|true|false
21:20:53.0 (23787922)|VARIABLE_ASSIGNMENT|[55]|op|"Querying"|0x313f1771
21:20:53.0 (23798371)|VARIABLE_SCOPE_BEGIN|[55]|mapFieldNames|Map<String,Set<String>>|true|false
21:20:53.0 (23824951)|VARIABLE_ASSIGNMENT|[55]|mapFieldNames|{"s":1,"v":{"BFFFollow__c":{"s":2,"v":["FollowedUsers__c","Id"]}}}|0x3aaf8d8d
21:20:53.0 (23837735)|HEAP_ALLOCATE|[56]|Bytes:5
21:20:53.0 (23844097)|STATEMENT_EXECUTE|[55]
21:20:53.0 (23846905)|STATEMENT_EXECUTE|[56]
21:20:53.0 (23859908)|VARIABLE_SCOPE_BEGIN|[56]|securityMessage|String|false|false
21:20:53.0 (23869130)|VARIABLE_ASSIGNMENT|[56]|securityMessage|null
21:20:53.0 (23872574)|STATEMENT_EXECUTE|[57]
21:20:53.0 (42294099)|HEAP_ALLOCATE|[57]|Bytes:1440
21:20:53.0 (42337618)|VARIABLE_SCOPE_BEGIN|[57]|mapObjects|Map<String,Schema.SObjectType>|true|false
21:20:53.0 (42590224)|VARIABLE_ASSIGNMENT|[57]|mapObjects|"{acceptedeventrelation=AcceptedEventRelation, account=Account, accountcontactrole=AccountContactRole, accountfeed=AccountFeed, accounthistory=AccountHistory, accountpartner=AccountPartner, accountshare=AccountShare, actionlinkgrouptemplate=ActionLinkGroupTemplate, actionlinktemplate=ActionLinkTemplate, activityhistory=ActivityHistory, ...}"|0x403d9b0
21:20:53.0 (42612376)|HEAP_ALLOCATE|[58]|Bytes:4
21:20:53.0 (42704801)|HEAP_ALLOCATE|[58]|Bytes:20
21:20:53.0 (42730079)|HEAP_ALLOCATE|[58]|Bytes:4
21:20:53.0 (42768229)|HEAP_ALLOCATE|[58]|Bytes:5
21:20:53.0 (42794281)|VARIABLE_SCOPE_BEGIN|[58]|sObjectName|String|false|false
21:20:53.0 (42805843)|VARIABLE_ASSIGNMENT|[58]|sObjectName|"BFFFollow__c"
21:20:53.0 (42810870)|STATEMENT_EXECUTE|[58]
21:20:53.0 (42813124)|STATEMENT_EXECUTE|[59]
21:20:53.0 (42835703)|HEAP_ALLOCATE|[59]|Bytes:9
21:20:53.0 (42840473)|HEAP_ALLOCATE|[59]|Bytes:7
21:20:53.0 (42914247)|HEAP_ALLOCATE|[59]|Bytes:8
21:20:53.0 (42926458)|HEAP_ALLOCATE|[59]|Bytes:1
21:20:53.0 (42943919)|HEAP_ALLOCATE|[59]|Bytes:37
21:20:53.0 (42954586)|VARIABLE_ASSIGNMENT|[59]|securityMessage|"CRUD on [BFFFollow__ (17 more) ..."
21:20:53.0 (42957717)|STATEMENT_EXECUTE|[60]
21:20:53.0 (42965856)|HEAP_ALLOCATE|[60]|Bytes:10
21:20:53.0 (42973984)|HEAP_ALLOCATE|[60]|Bytes:47
21:20:53.0 (43016128)|USER_DEBUG|[60]|DEBUG|Checking: CRUD on [BFFFollow__c] for [Querying]
21:20:53.0 (43024928)|STATEMENT_EXECUTE|[61]
21:20:53.0 (43368724)|HEAP_ALLOCATE|[61]|Bytes:4
21:20:53.0 (43416780)|VARIABLE_SCOPE_BEGIN|[61]|drSObj|Schema.DescribeSObjectResult|true|false
21:20:53.0 (43501470)|VARIABLE_ASSIGNMENT|[61]|drSObj|"common.api.soap.wsdl.DescribeSObjectResult@a54f9caa"|0x4bbff81c
21:20:53.0 (43682866)|STATEMENT_EXECUTE|[64]
21:20:53.0 (43714935)|STATEMENT_EXECUTE|[65]
21:20:53.0 (43772974)|STATEMENT_EXECUTE|[77]
21:20:53.0 (43775558)|STATEMENT_EXECUTE|[79]
21:20:53.0 (44011503)|HEAP_ALLOCATE|[79]|Bytes:56
21:20:53.0 (44024370)|VARIABLE_SCOPE_BEGIN|[79]|mapFields|Map<String,Schema.SObjectField>|true|false
21:20:53.0 (44171868)|VARIABLE_ASSIGNMENT|[79]|mapFields|"{createdbyid=CreatedById, createddate=CreatedDate, followedby__c=FollowedBy__c, followedusers__c=FollowedUsers__c, id=Id, isdeleted=IsDeleted, lastmodifiedbyid=LastModifiedById, lastmodifieddate=LastModifiedDate, lastreferenceddate=LastReferencedDate, lastvieweddate=LastViewedDate, ...}"|0x736163ad
21:20:53.0 (44182516)|HEAP_ALLOCATE|[80]|Bytes:4
21:20:53.0 (44227521)|HEAP_ALLOCATE|[80]|Bytes:8
21:20:53.0 (44246799)|HEAP_ALLOCATE|[80]|Bytes:5
21:20:53.0 (44259592)|VARIABLE_SCOPE_BEGIN|[80]|fieldName|String|false|false
21:20:53.0 (44268131)|VARIABLE_ASSIGNMENT|[80]|fieldName|"FollowedUsers__c"
21:20:53.0 (44271072)|STATEMENT_EXECUTE|[80]
21:20:53.0 (44272466)|STATEMENT_EXECUTE|[81]
21:20:53.0 (45337422)|HEAP_ALLOCATE|[81]|Bytes:8
21:20:53.0 (45371930)|VARIABLE_SCOPE_BEGIN|[81]|drField|Schema.DescribeFieldResult|true|false
21:20:53.0 (45446903)|VARIABLE_ASSIGNMENT|[81]|drField|"common.api.soap.wsdl.Field@f1e18216"|0x1112d5d
21:20:53.0 (45471454)|STATEMENT_EXECUTE|[82]
21:20:53.0 (45473264)|STATEMENT_EXECUTE|[83]
21:20:53.0 (45482635)|HEAP_ALLOCATE|[83]|Bytes:8
21:20:53.0 (45486867)|HEAP_ALLOCATE|[83]|Bytes:1
21:20:53.0 (45530920)|HEAP_ALLOCATE|[83]|Bytes:8
21:20:53.0 (45551998)|HEAP_ALLOCATE|[83]|Bytes:52
21:20:53.0 (45557761)|HEAP_ALLOCATE|[83]|Bytes:53
21:20:53.0 (45567878)|VARIABLE_ASSIGNMENT|[83]|securityMessage|"FLS on [BFFFollow__c (33 more) ..."
21:20:53.0 (45570965)|STATEMENT_EXECUTE|[84]
21:20:53.0 (45580980)|HEAP_ALLOCATE|[84]|Bytes:63
21:20:53.0 (45604791)|USER_DEBUG|[84]|DEBUG|Checking: FLS on [BFFFollow__c.FollowedUsers__c] for [Querying]
21:20:53.0 (45705238)|STATEMENT_EXECUTE|[87]
21:20:53.0 (45723032)|STATEMENT_EXECUTE|[88]
21:20:53.0 (45740340)|HEAP_ALLOCATE|[80]|Bytes:5
21:20:53.0 (45753065)|VARIABLE_SCOPE_BEGIN|[80]|fieldName|String|false|false
21:20:53.0 (45760857)|VARIABLE_ASSIGNMENT|[80]|fieldName|"Id"
21:20:53.0 (45763350)|STATEMENT_EXECUTE|[80]
21:20:53.0 (45764571)|STATEMENT_EXECUTE|[81]
21:20:53.0 (45912261)|HEAP_ALLOCATE|[81]|Bytes:8
21:20:53.0 (45923090)|VARIABLE_SCOPE_BEGIN|[81]|drField|Schema.DescribeFieldResult|true|false
21:20:53.0 (45989566)|VARIABLE_ASSIGNMENT|[81]|drField|"common.api.soap.wsdl.Field@b51ea46e"|0x57745426
21:20:53.0 (46002201)|STATEMENT_EXECUTE|[99]
21:20:53.0 (46004674)|STATEMENT_EXECUTE|[100]
21:20:53.0 (46014293)|HEAP_ALLOCATE|[100]|Bytes:22
21:20:53.0 (46054879)|HEAP_ALLOCATE|[100]|Bytes:8
21:20:53.0 (46070071)|HEAP_ALLOCATE|[100]|Bytes:52
21:20:53.0 (46074410)|HEAP_ALLOCATE|[100]|Bytes:35
21:20:53.0 (46078751)|HEAP_ALLOCATE|[100]|Bytes:87
21:20:53.0 (46089736)|USER_DEBUG|[100]|DEBUG|Bypass Check: FLS on [BFFFollow__c.Id] for [Querying] since it's not isPermissionable()
21:20:53.0 (46102843)|HEAP_ALLOCATE|[80]|Bytes:5
21:20:53.0 (46116029)|VARIABLE_ASSIGNMENT|[80]|fieldName|null
21:20:53.0 (46125728)|HEAP_ALLOCATE|[58]|Bytes:5
21:20:53.0 (46133962)|VARIABLE_ASSIGNMENT|[58]|sObjectName|null
21:20:53.0 (46151541)|METHOD_EXIT|[20]|01p50000002CIEt|ETLC_SecuredDB.validate(ETLC_SecuredDB.Operation, Map<String,Set<String>>)
21:20:53.0 (46155687)|STATEMENT_EXECUTE|[21]
21:20:53.0 (46168164)|METHOD_EXIT|[28]|01p50000002CIEt|ETLC_SecuredDB.query(String)
21:20:53.0 (46175254)|VARIABLE_SCOPE_BEGIN|[28]|dbRecords|List<SObject>|true|false
21:20:53.0 (46219587)|VARIABLE_ASSIGNMENT|[28]|dbRecords|{"s":1,"v":[{"s":2,"v":{"FollowedUsers__c":"[{\"id\":\"00550000005d (85 more) ...","Id":"a005000000ezW4dAAE"}}]}|0x46c5be22
21:20:53.0 (46227999)|STATEMENT_EXECUTE|[29]
21:20:53.0 (46229423)|STATEMENT_EXECUTE|[29]
21:20:53.0 (46301287)|USER_DEBUG|[29]|DEBUG|(BFFFollow__c:{FollowedUsers__c=[{"id":"00550000005d7KnAAI","name":"Test User"},{"id":"00550000005cg71AAA","name":"Jaswinder Rattanpal"}], Id=a005000000ezW4dAAE})
21:20:53.0 (46413101)|STATEMENT_EXECUTE|[30]
21:20:53.0 (46418745)|STATEMENT_EXECUTE|[31]
21:20:53.0 (46420196)|STATEMENT_EXECUTE|[32]
21:20:53.0 (46429348)|HEAP_ALLOCATE|[32]|Bytes:18
21:20:53.0 (46444345)|HEAP_ALLOCATE|[32]|Bytes:12
21:20:53.0 (46452110)|HEAP_ALLOCATE|[32]|Bytes:16
21:20:53.0 (46526737)|HEAP_ALLOCATE|[32]|Bytes:105
21:20:53.0 (46547644)|HEAP_ALLOCATE|[32]|Bytes:105
21:20:53.0 (46557279)|HEAP_ALLOCATE|[32]|Bytes:123
21:20:53.0 (46567675)|USER_DEBUG|[32]|DEBUG|FollowedUsers__c::[{"id":"00550000005d7KnAAI","name":"Test User"},{"id":"00550000005cg71AAA","name":"Jaswinder Rattanpal"}]
21:20:53.0 (46573644)|STATEMENT_EXECUTE|[34]
21:20:53.0 (46587400)|HEAP_ALLOCATE|[34]|Bytes:12
21:20:53.0 (46637811)|HEAP_ALLOCATE|[34]|Bytes:105
21:20:53.0 (46660497)|METHOD_EXIT|[10]|01p50000002D8iw|BFFFollow_Controller.fetchFollowedUsers(Id)
21:20:53.0 (46731515)|VARIABLE_ASSIGNMENT|[EXTERNAL]|this|{"debug":true,"input":"{\"mode\":\"fetchFollow (9 more) ...","operation":"BFFFollow_Controller"}|0x5b76d05a
21:20:53.0 (46741396)|VARIABLE_ASSIGNMENT|[EXTERNAL]|value|"[{\"id\":\"00550000005d (85 more) ..."
21:20:53.0 (46759073)|VARIABLE_ASSIGNMENT|[12]|this.output|"[{\"id\":\"00550000005d (85 more) ..."|0x5b76d05a
21:20:53.0 (46766051)|STATEMENT_EXECUTE|[11]
21:20:53.0 (46823348)|VARIABLE_ASSIGNMENT|[EXTERNAL]|this|{"debug":true,"input":"{\"mode\":\"fetchFollow (9 more) ...","operation":"BFFFollow_Controller","output":"[{\"id\":\"00550000005d (85 more) ..."}|0x5b76d05a
21:20:53.0 (46872854)|VARIABLE_ASSIGNMENT|[EXTERNAL]|this|{"debug":true,"input":"{\"mode\":\"fetchFollow (9 more) ...","operation":"BFFFollow_Controller","output":"[{\"id\":\"00550000005d (85 more) ..."}|0x5b76d05a
21:20:53.0 (46881141)|VARIABLE_ASSIGNMENT|[EXTERNAL]|value|true
21:20:53.0 (46886678)|HEAP_ALLOCATE|[15]|Bytes:5
21:20:53.0 (46894785)|VARIABLE_ASSIGNMENT|[15]|this.outputFlag|true|0x5b76d05a
21:20:53.0 (46904949)|STATEMENT_EXECUTE|[19]
21:20:53.0 (46906552)|STATEMENT_EXECUTE|[19]
21:20:53.0 (46914430)|HEAP_ALLOCATE|[19]|Bytes:11
21:20:53.0 (46979357)|HEAP_ALLOCATE|[19]|Bytes:278
21:20:53.0 (46995168)|HEAP_ALLOCATE|[19]|Bytes:289
21:20:53.0 (47005965)|USER_DEBUG|[19]|DEBUG|data AFTER:ETLC_ApexBridge_Data:[debug=true, input={"mode":"fetchFollowedUsers"}, isSuccess=null, messages=null, operation=BFFFollow_Controller, output=[{"id":"00550000005d7KnAAI","name":"Test User"},{"id":"00550000005cg71AAA","name":"Jaswinder Rattanpal"}], outputFlag=true, records=null]
21:20:53.0 (47019677)|METHOD_EXIT|[9]|01p50000002D8iw|BFFFollow_Controller.process(ETLC_ApexBridge_Data)
21:20:53.0 (47023626)|STATEMENT_EXECUTE|[24]
21:20:53.0 (47044463)|METHOD_ENTRY|[24]|01p50000002CIEo|ETLC_ApexBridge_Data.toJSON()
21:20:53.0 (47059861)|VARIABLE_SCOPE_BEGIN|[57]|this|ETLC_ApexBridge_Data|true|false
21:20:53.0 (47092500)|VARIABLE_ASSIGNMENT|[57]|this|{"debug":true,"input":"{\"mode\":\"fetchFollow (9 more) ...","operation":"BFFFollow_Controller","output":"[{\"id\":\"00550000005d (85 more) ...","outputFlag":true}|0x5b76d05a
21:20:53.0 (47099928)|STATEMENT_EXECUTE|[57]
21:20:53.0 (47101111)|STATEMENT_EXECUTE|[58]
21:20:53.0 (47117585)|METHOD_ENTRY|[58]||System.JSON.serialize(Object)
21:20:53.0 (47218058)|STATEMENT_EXECUTE|[22]
21:20:53.0 (47222146)|STATEMENT_EXECUTE|[23]
21:20:53.0 (47231337)|HEAP_ALLOCATE|[23]|Bytes:5
21:20:53.0 (47241108)|VARIABLE_ASSIGNMENT|[23]|this.isSuccess|true|0x5b76d05a
21:20:53.0 (47243617)|STATEMENT_EXECUTE|[24]
21:20:53.0 (47279014)|STATEMENT_EXECUTE|[31]
21:20:53.0 (47282453)|STATEMENT_EXECUTE|[32]
21:20:53.0 (47404672)|HEAP_ALLOCATE|[32]|Bytes:4
21:20:53.0 (47476680)|VARIABLE_ASSIGNMENT|[32]|this.messages|{"s":1,"v":{}}|0x5b76d05a
21:20:53.0 (47480876)|STATEMENT_EXECUTE|[33]
21:20:53.0 (47815934)|METHOD_EXIT|[58]||System.JSON.serialize(Object)
21:20:53.0 (47821964)|METHOD_EXIT|[24]|01p50000002CIEo|ETLC_ApexBridge_Data.toJSON()
21:20:53.0 (47828954)|SYSTEM_MODE_EXIT|false
21:20:53.47 (47878812)|CUMULATIVE_LIMIT_USAGE
21:20:53.47 (47878812)|LIMIT_USAGE_FOR_NS|(default)|
  Number of SOQL queries: 1 out of 100
  Number of query rows: 1 out of 50000
  Number of SOSL queries: 0 out of 20
  Number of DML statements: 0 out of 150
  Number of DML rows: 0 out of 10000
  Maximum CPU time: 0 out of 10000
  Maximum heap size: 0 out of 6000000
  Number of callouts: 0 out of 100
  Number of Email Invocations: 0 out of 10
  Number of future calls: 0 out of 50
  Number of queueable jobs added to the queue: 0 out of 50
  Number of Mobile Apex push calls: 0 out of 10

21:20:53.47 (47878812)|CUMULATIVE_LIMIT_USAGE_END

21:20:53.0 (47924748)|CODE_UNIT_FINISHED|ETLC_ApexBridge_Controller.execute
