37.0 APEX_CODE,FINEST;APEX_PROFILING,INFO;CALLOUT,INFO;DB,INFO;SYSTEM,DEBUG;VALIDATION,INFO;VISUALFORCE,INFO;WORKFLOW,INFO
10:46:45.0 (496726)|USER_INFO|[EXTERNAL]|00550000005cg71|bfffollow@jr.te|Eastern Standard Time|GMT-04:00
10:46:45.0 (543228)|EXECUTION_STARTED
10:46:45.0 (550506)|CODE_UNIT_STARTED|[EXTERNAL]|aura
10:46:45.0 (1018364)|HEAP_ALLOCATE|[72]|Bytes:3
10:46:45.0 (1084815)|HEAP_ALLOCATE|[77]|Bytes:152
10:46:45.0 (1111654)|HEAP_ALLOCATE|[342]|Bytes:408
10:46:45.0 (1140126)|HEAP_ALLOCATE|[355]|Bytes:408
10:46:45.0 (1167968)|HEAP_ALLOCATE|[467]|Bytes:48
10:46:45.0 (1206354)|HEAP_ALLOCATE|[139]|Bytes:6
10:46:45.0 (1241184)|HEAP_ALLOCATE|[EXTERNAL]|Bytes:7
10:46:45.0 (1267704)|HEAP_ALLOCATE|[EXTERNAL]|Bytes:7
10:46:45.0 (2395304)|CODE_UNIT_STARTED|[EXTERNAL]|01p50000002CPgK|InputLookupController.getCurrentValue
10:46:45.0 (3871325)|HEAP_ALLOCATE|[EXTERNAL]|Bytes:12
10:46:45.0 (3880461)|HEAP_ALLOCATE|[EXTERNAL]|Bytes:7
10:46:45.0 (3883364)|HEAP_ALLOCATE|[EXTERNAL]|Bytes:5
10:46:45.0 (3906903)|METHOD_ENTRY|[1]|01p50000002CPgK|InputLookupController.InputLookupController()
10:46:45.0 (3911967)|STATEMENT_EXECUTE|[1]
10:46:45.0 (3923107)|STATEMENT_EXECUTE|[1]
10:46:45.0 (3924518)|STATEMENT_EXECUTE|[41]
10:46:45.0 (3934636)|METHOD_EXIT|[1]|InputLookupController
10:46:45.0 (3940071)|HEAP_ALLOCATE|[EXTERNAL]|Bytes:7
10:46:45.0 (3951869)|SYSTEM_MODE_ENTER|false
10:46:45.0 (3966021)|VARIABLE_SCOPE_BEGIN|[7]|type|String|false|false
10:46:45.0 (4007953)|VARIABLE_ASSIGNMENT|[7]|type|"Contact"
10:46:45.0 (4013501)|VARIABLE_SCOPE_BEGIN|[7]|value|String|false|false
10:46:45.0 (4018825)|VARIABLE_ASSIGNMENT|[7]|value|null
10:46:45.0 (4034646)|STATEMENT_EXECUTE|[7]
10:46:45.0 (4144416)|HEAP_ALLOCATE|[50]|Bytes:5
10:46:45.0 (4174142)|HEAP_ALLOCATE|[56]|Bytes:5
10:46:45.0 (4183421)|HEAP_ALLOCATE|[64]|Bytes:7
10:46:45.0 (4200806)|STATEMENT_EXECUTE|[8]
10:46:45.0 (4219373)|STATEMENT_EXECUTE|[12]
10:46:45.0 (4237476)|VARIABLE_SCOPE_BEGIN|[12]|lookupId|Id|false|false
10:46:45.0 (4246621)|VARIABLE_ASSIGNMENT|[12]|lookupId|null
10:46:45.0 (4248970)|STATEMENT_EXECUTE|[13]
10:46:45.0 (4250062)|STATEMENT_EXECUTE|[13]
10:46:45.0 (4251168)|STATEMENT_EXECUTE|[14]
10:46:45.0 (4260194)|VARIABLE_ASSIGNMENT|[14]|lookupId|null
10:46:45.0 (4301940)|STATEMENT_EXECUTE|[19]
10:46:45.0 (4304381)|STATEMENT_EXECUTE|[20]
10:46:45.0 (4316761)|SYSTEM_MODE_EXIT|false
10:46:45.4 (4366378)|CUMULATIVE_LIMIT_USAGE
10:46:45.4 (4366378)|LIMIT_USAGE_FOR_NS|(default)|
  Number of SOQL queries: 0 out of 100
  Number of query rows: 0 out of 50000
  Number of SOSL queries: 0 out of 20
  Number of DML statements: 0 out of 150
  Number of DML rows: 0 out of 10000
  Maximum CPU time: 0 out of 10000
  Maximum heap size: 0 out of 6000000
  Number of callouts: 0 out of 100
  Number of Email Invocations: 0 out of 10
  Number of future calls: 0 out of 50
  Number of queueable jobs added to the queue: 0 out of 50
  Number of Mobile Apex push calls: 0 out of 10

10:46:45.4 (4366378)|CUMULATIVE_LIMIT_USAGE_END

10:46:45.0 (4411839)|CODE_UNIT_FINISHED|InputLookupController.getCurrentValue
