37.0 APEX_CODE,FINEST;APEX_PROFILING,INFO;CALLOUT,INFO;DB,INFO;SYSTEM,DEBUG;VALIDATION,INFO;VISUALFORCE,INFO;WORKFLOW,INFO
22:38:25.0 (333360)|USER_INFO|[EXTERNAL]|00550000005cg71|bfffollow@jr.te|Eastern Standard Time|GMT-04:00
22:38:25.0 (365040)|EXECUTION_STARTED
22:38:25.0 (369506)|CODE_UNIT_STARTED|[EXTERNAL]|aura
22:38:25.0 (697991)|HEAP_ALLOCATE|[72]|Bytes:3
22:38:25.0 (739331)|HEAP_ALLOCATE|[77]|Bytes:152
22:38:25.0 (753280)|HEAP_ALLOCATE|[342]|Bytes:408
22:38:25.0 (769480)|HEAP_ALLOCATE|[355]|Bytes:408
22:38:25.0 (784515)|HEAP_ALLOCATE|[467]|Bytes:48
22:38:25.0 (813111)|HEAP_ALLOCATE|[139]|Bytes:6
22:38:25.0 (835436)|HEAP_ALLOCATE|[EXTERNAL]|Bytes:4
22:38:25.0 (852546)|HEAP_ALLOCATE|[EXTERNAL]|Bytes:4
22:38:25.0 (932347)|HEAP_ALLOCATE|[EXTERNAL]|Bytes:4
22:38:25.0 (942472)|HEAP_ALLOCATE|[EXTERNAL]|Bytes:4
22:38:25.0 (1882787)|CODE_UNIT_STARTED|[EXTERNAL]|01p50000002D2uA|LookupSObjectController.lookup
22:38:25.0 (2064820)|HEAP_ALLOCATE|[EXTERNAL]|Bytes:6
22:38:25.0 (2071874)|HEAP_ALLOCATE|[EXTERNAL]|Bytes:2
22:38:25.0 (2088447)|METHOD_ENTRY|[11]|01p50000002D2uA|LookupSObjectController.LookupSObjectController()
22:38:25.0 (2092704)|STATEMENT_EXECUTE|[11]
22:38:25.0 (2097836)|STATEMENT_EXECUTE|[11]
22:38:25.0 (2133848)|HEAP_ALLOCATE|[50]|Bytes:5
22:38:25.0 (2157581)|HEAP_ALLOCATE|[56]|Bytes:5
22:38:25.0 (2166064)|HEAP_ALLOCATE|[64]|Bytes:7
22:38:25.0 (2187940)|SYSTEM_MODE_ENTER|false
22:38:25.0 (2205377)|HEAP_ALLOCATE|[EXTERNAL]|Bytes:5
22:38:25.0 (2209983)|STATEMENT_EXECUTE|[43]
22:38:25.0 (2216463)|SYSTEM_MODE_EXIT|false
22:38:25.0 (2228968)|METHOD_EXIT|[11]|LookupSObjectController
22:38:25.0 (2234175)|HEAP_ALLOCATE|[EXTERNAL]|Bytes:4
22:38:25.0 (2236111)|HEAP_ALLOCATE|[EXTERNAL]|Bytes:4
22:38:25.0 (2241930)|SYSTEM_MODE_ENTER|false
22:38:25.0 (2252342)|VARIABLE_SCOPE_BEGIN|[17]|searchString|String|false|false
22:38:25.0 (2275583)|VARIABLE_ASSIGNMENT|[17]|searchString|"test"
22:38:25.0 (2280157)|VARIABLE_SCOPE_BEGIN|[17]|sObjectAPIName|String|false|false
22:38:25.0 (2283951)|VARIABLE_ASSIGNMENT|[17]|sObjectAPIName|"User"
22:38:25.0 (2297785)|HEAP_ALLOCATE|[20]|Bytes:5
22:38:25.0 (2301702)|STATEMENT_EXECUTE|[18]
22:38:25.0 (2303131)|STATEMENT_EXECUTE|[20]
22:38:25.0 (2354746)|HEAP_ALLOCATE|[20]|Bytes:4
22:38:25.0 (2367843)|VARIABLE_SCOPE_BEGIN|[20]|sanitizedSearchString|String|false|false
22:38:25.0 (2375385)|VARIABLE_ASSIGNMENT|[20]|sanitizedSearchString|"test"
22:38:25.0 (2378050)|STATEMENT_EXECUTE|[21]
22:38:25.0 (2405978)|HEAP_ALLOCATE|[21]|Bytes:4
22:38:25.0 (2416686)|VARIABLE_SCOPE_BEGIN|[21]|sanitizedSObjectAPIName|String|false|false
22:38:25.0 (2423372)|VARIABLE_ASSIGNMENT|[21]|sanitizedSObjectAPIName|"User"
22:38:25.0 (2426087)|STATEMENT_EXECUTE|[23]
22:38:25.0 (2436114)|HEAP_ALLOCATE|[23]|Bytes:4
22:38:25.0 (2521046)|VARIABLE_SCOPE_BEGIN|[23]|results|List<LookupSObjectController.Result>|true|false
22:38:25.0 (2538624)|HEAP_ALLOCATE|[EXTERNAL]|Bytes:4
22:38:25.0 (2554165)|VARIABLE_ASSIGNMENT|[23]|results|{"s":1,"v":[]}|0x1ccab44e
22:38:25.0 (2557029)|STATEMENT_EXECUTE|[26]
22:38:25.0 (2565456)|HEAP_ALLOCATE|[26]|Bytes:6
22:38:25.0 (2569372)|HEAP_ALLOCATE|[26]|Bytes:27
22:38:25.0 (2571871)|HEAP_ALLOCATE|[26]|Bytes:18
22:38:25.0 (2582160)|HEAP_ALLOCATE|[26]|Bytes:59
22:38:25.0 (2586194)|VARIABLE_SCOPE_BEGIN|[26]|searchQuery|String|false|false
22:38:25.0 (2594590)|VARIABLE_ASSIGNMENT|[26]|searchQuery|"FIND 'test*' IN ALL  (39 more) ..."
22:38:25.0 (2596842)|STATEMENT_EXECUTE|[29]
22:38:25.0 (5482857)|SOSL_EXECUTE_BEGIN|[29]|FIND 'test*' IN ALL FIELDS RETURNING User(id,name) Limit 50
22:38:25.0 (36541572)|HEAP_ALLOCATE|[29]|Bytes:4
22:38:25.0 (36551008)|HEAP_ALLOCATE|[29]|Bytes:4
22:38:25.0 (36559739)|HEAP_ALLOCATE|[29]|Bytes:8
22:38:25.0 (36569304)|SOSL_EXECUTE_END|[29]|Rows:1
22:38:25.0 (36630686)|HEAP_ALLOCATE|[29]|Bytes:8
22:38:25.0 (36657139)|VARIABLE_SCOPE_BEGIN|[29]|searchList|List<List<SObject>>|true|false
22:38:25.0 (36700333)|VARIABLE_ASSIGNMENT|[29]|searchList|{"s":1,"v":[{"s":2,"v":[{"s":3,"v":{"Id":"00550000005d7KnAAI","Name":"Test User"}}]}]}|0x2453d5fe
22:38:25.0 (36785128)|HEAP_ALLOCATE|[32]|Bytes:8
22:38:25.0 (37081604)|HEAP_ALLOCATE|[32]|Bytes:5
22:38:25.0 (37127358)|HEAP_ALLOCATE|[32]|Bytes:12
22:38:25.0 (37140585)|VARIABLE_SCOPE_BEGIN|[32]|so|SObject|true|false
22:38:25.0 (37156697)|VARIABLE_ASSIGNMENT|[32]|so|{"s":1,"v":{"Id":"00550000005d7KnAAI","Name":"Test User"}}|0x5cc1a486
22:38:25.0 (37161828)|STATEMENT_EXECUTE|[33]
22:38:25.0 (37164044)|STATEMENT_EXECUTE|[34]
22:38:25.0 (37211173)|HEAP_ALLOCATE|[34]|Bytes:116
22:38:25.0 (37217771)|HEAP_ALLOCATE|[34]|Bytes:8
22:38:25.0 (37241056)|HEAP_ALLOCATE|[34]|Bytes:12
22:38:25.0 (37246254)|HEAP_ALLOCATE|[34]|Bytes:4
22:38:25.0 (37329299)|HEAP_ALLOCATE|[34]|Bytes:9
22:38:25.0 (37399550)|CONSTRUCTOR_ENTRY|[34]|01p50000002D2uA|<init>(String,Id)
22:38:25.0 (37428854)|VARIABLE_SCOPE_BEGIN|[48]|this|LookupSObjectController.Result|true|false
22:38:25.0 (37474928)|VARIABLE_ASSIGNMENT|[48]|this|{}|0x2b94aa1
22:38:25.0 (37480718)|VARIABLE_SCOPE_BEGIN|[48]|sObjectLabel|String|false|false
22:38:25.0 (37486550)|VARIABLE_ASSIGNMENT|[48]|sObjectLabel|"Test User"
22:38:25.0 (37489534)|VARIABLE_SCOPE_BEGIN|[48]|sObjectId|Id|false|false
22:38:25.0 (37610488)|VARIABLE_ASSIGNMENT|[48]|sObjectId|"00550000005d7KnAAI"
22:38:25.0 (37617053)|STATEMENT_EXECUTE|[43]
22:38:25.0 (37618690)|STATEMENT_EXECUTE|[45]
22:38:25.0 (37625523)|STATEMENT_EXECUTE|[46]
22:38:25.0 (37636585)|HEAP_ALLOCATE|[50]|Bytes:6
22:38:25.0 (37670906)|STATEMENT_EXECUTE|[49]
22:38:25.0 (37673267)|STATEMENT_EXECUTE|[50]
22:38:25.0 (37749378)|VARIABLE_ASSIGNMENT|[EXTERNAL]|this|{}|0x2b94aa1
22:38:25.0 (37758458)|VARIABLE_ASSIGNMENT|[EXTERNAL]|value|"Test User"
22:38:25.0 (37770882)|VARIABLE_ASSIGNMENT|[45]|this.SObjectLabel|"Test User"|0x2b94aa1
22:38:25.0 (37778100)|STATEMENT_EXECUTE|[51]
22:38:25.0 (37837954)|VARIABLE_ASSIGNMENT|[EXTERNAL]|this|{"SObjectLabel":"Test User"}|0x2b94aa1
22:38:25.0 (37892880)|VARIABLE_ASSIGNMENT|[EXTERNAL]|value|"00550000005d7KnAAI"
22:38:25.0 (37951079)|VARIABLE_ASSIGNMENT|[46]|this.SObjectId|"00550000005d7KnAAI"|0x2b94aa1
22:38:25.0 (37974085)|CONSTRUCTOR_EXIT|[34]|01p50000002D2uA|<init>(String,Id)
22:38:25.0 (37991899)|HEAP_ALLOCATE|[EXTERNAL]|Bytes:4
22:38:25.0 (38006891)|HEAP_ALLOCATE|[32]|Bytes:5
22:38:25.0 (38021044)|VARIABLE_ASSIGNMENT|[32]|so|null|
22:38:25.0 (38024955)|STATEMENT_EXECUTE|[37]
22:38:25.0 (38044002)|SYSTEM_MODE_EXIT|false
22:38:25.38 (38088878)|CUMULATIVE_LIMIT_USAGE
22:38:25.38 (38088878)|LIMIT_USAGE_FOR_NS|(default)|
  Number of SOQL queries: 0 out of 100
  Number of query rows: 0 out of 50000
  Number of SOSL queries: 1 out of 20
  Number of DML statements: 0 out of 150
  Number of DML rows: 0 out of 10000
  Maximum CPU time: 0 out of 10000
  Maximum heap size: 0 out of 6000000
  Number of callouts: 0 out of 100
  Number of Email Invocations: 0 out of 10
  Number of future calls: 0 out of 50
  Number of queueable jobs added to the queue: 0 out of 50
  Number of Mobile Apex push calls: 0 out of 10

22:38:25.38 (38088878)|CUMULATIVE_LIMIT_USAGE_END

22:38:25.0 (38135781)|CODE_UNIT_FINISHED|LookupSObjectController.lookup
22:38:25.0 (39369858)|CODE_UNIT_STARTED|[EXTERNAL]|Aura
22:38:25.0 (39412217)|CODE_UNIT_FINISHED|Aura
