37.0 APEX_CODE,FINEST;APEX_PROFILING,INFO;CALLOUT,INFO;DB,INFO;SYSTEM,DEBUG;VALIDATION,INFO;VISUALFORCE,INFO;WORKFLOW,INFO
10:45:07.2 (2029956)|USER_INFO|[EXTERNAL]|00550000005cg71|bfffollow@jr.te|Eastern Standard Time|GMT-04:00
10:45:07.2 (2089210)|EXECUTION_STARTED
10:45:07.2 (2096150)|CODE_UNIT_STARTED|[EXTERNAL]|aura
10:45:07.2 (2586294)|HEAP_ALLOCATE|[72]|Bytes:3
10:45:07.2 (2668368)|HEAP_ALLOCATE|[77]|Bytes:152
10:45:07.2 (2699671)|HEAP_ALLOCATE|[342]|Bytes:408
10:45:07.2 (2730094)|HEAP_ALLOCATE|[355]|Bytes:408
10:45:07.2 (2758040)|HEAP_ALLOCATE|[467]|Bytes:48
10:45:07.2 (2804311)|HEAP_ALLOCATE|[139]|Bytes:6
10:45:07.2 (2847875)|HEAP_ALLOCATE|[EXTERNAL]|Bytes:93
10:45:07.2 (2877169)|HEAP_ALLOCATE|[EXTERNAL]|Bytes:93
10:45:07.2 (4423512)|CODE_UNIT_STARTED|[EXTERNAL]|01p50000002CIEm|ETLC_ApexBridge_Controller.execute
10:45:07.2 (5023082)|HEAP_ALLOCATE|[EXTERNAL]|Bytes:1
10:45:07.2 (5030275)|HEAP_ALLOCATE|[EXTERNAL]|Bytes:10
10:45:07.2 (5050754)|METHOD_ENTRY|[1]|01p50000002CIEm|ETLC_ApexBridge_Controller.ETLC_ApexBridge_Controller()
10:45:07.2 (5058274)|STATEMENT_EXECUTE|[1]
10:45:07.2 (5066590)|STATEMENT_EXECUTE|[1]
10:45:07.2 (5079411)|METHOD_EXIT|[1]|ETLC_ApexBridge_Controller
10:45:07.2 (5088387)|HEAP_ALLOCATE|[EXTERNAL]|Bytes:93
10:45:07.2 (5108851)|SYSTEM_MODE_ENTER|false
10:45:07.2 (5122228)|VARIABLE_SCOPE_BEGIN|[3]|dataJson|String|false|false
10:45:07.2 (5175376)|VARIABLE_ASSIGNMENT|[3]|dataJson|"{\"operation\":\"BFFFol (73 more) ..."
10:45:07.2 (5197662)|STATEMENT_EXECUTE|[3]
10:45:07.2 (5200631)|STATEMENT_EXECUTE|[4]
10:45:07.2 (9287047)|VARIABLE_SCOPE_BEGIN|[4]|data|ETLC_ApexBridge_Data|true|false
10:45:07.2 (9319876)|VARIABLE_ASSIGNMENT|[4]|data|null|
10:45:07.2 (9327770)|STATEMENT_EXECUTE|[5]
10:45:07.2 (9330454)|STATEMENT_EXECUTE|[5]
10:45:07.2 (9332805)|STATEMENT_EXECUTE|[6]
10:45:07.2 (9357749)|HEAP_ALLOCATE|[6]|Bytes:11
10:45:07.2 (9370440)|HEAP_ALLOCATE|[6]|Bytes:248
10:45:07.2 (9377594)|HEAP_ALLOCATE|[6]|Bytes:39
10:45:07.2 (9418631)|METHOD_ENTRY|[2]|01p50000002CIEo|ETLC_ApexBridge_Data.ETLC_ApexBridge_Data()
10:45:07.2 (9424839)|STATEMENT_EXECUTE|[2]
10:45:07.2 (9430020)|STATEMENT_EXECUTE|[2]
10:45:07.2 (9442058)|METHOD_EXIT|[2]|ETLC_ApexBridge_Data
10:45:07.2 (9465556)|METHOD_ENTRY|[6]|01p50000002CIEo|ETLC_ApexBridge_Data.fromJSON(String)
10:45:07.2 (9495480)|VARIABLE_SCOPE_BEGIN|[60]|strJson|String|false|false
10:45:07.2 (9509889)|VARIABLE_ASSIGNMENT|[60]|strJson|"{\"operation\":\"BFFFol (73 more) ..."
10:45:07.2 (9521716)|STATEMENT_EXECUTE|[60]
10:45:07.2 (9524109)|STATEMENT_EXECUTE|[61]
10:45:07.2 (9582651)|HEAP_ALLOCATE|[61]|Bytes:20
10:45:07.2 (9614117)|HEAP_ALLOCATE|[50]|Bytes:5
10:45:07.2 (9663447)|HEAP_ALLOCATE|[56]|Bytes:5
10:45:07.2 (9682862)|HEAP_ALLOCATE|[64]|Bytes:7
10:45:07.2 (9824383)|HEAP_ALLOCATE|[61]|Bytes:24
10:45:07.2 (9845011)|SYSTEM_METHOD_ENTRY|[1]|Type.Type()
10:45:07.2 (9849106)|STATEMENT_EXECUTE|[1]
10:45:07.2 (9858818)|SYSTEM_METHOD_EXIT|[1]|Type
10:45:07.2 (9866192)|HEAP_ALLOCATE|[61]|Bytes:8
10:45:07.2 (9890414)|HEAP_ALLOCATE|[61]|Bytes:8
10:45:07.2 (9895609)|VARIABLE_SCOPE_BEGIN|[4]|this|System.Type|true|false
10:45:07.2 (9938044)|VARIABLE_ASSIGNMENT|[4]|this|{}|0x1a3d2f4c
10:45:07.2 (9944403)|VARIABLE_SCOPE_BEGIN|[4]|apextype|java:common.apex.runtime.ApexObjectType|true|false
10:45:07.2 (10165245)|VARIABLE_ASSIGNMENT|[4]|apextype|"ETLC_ApexBridge_Data"|0x4b467333
10:45:07.2 (10264494)|HEAP_ALLOCATE|[61]|Bytes:8
10:45:07.2 (10320410)|HEAP_ALLOCATE|[61]|Bytes:24
10:45:07.2 (10335652)|SYSTEM_METHOD_ENTRY|[1]|JSON.JSON()
10:45:07.2 (10338481)|STATEMENT_EXECUTE|[1]
10:45:07.2 (10345634)|SYSTEM_METHOD_EXIT|[1]|JSON
10:45:07.2 (10359812)|METHOD_ENTRY|[61]||System.JSON.deserializeStrict(String, System.Type)
10:45:07.2 (10725734)|METHOD_EXIT|[61]||System.JSON.deserializeStrict(String, System.Type)
10:45:07.2 (10743057)|METHOD_EXIT|[6]|01p50000002CIEo|ETLC_ApexBridge_Data.fromJSON(String)
10:45:07.2 (10794960)|VARIABLE_ASSIGNMENT|[6]|data|{"debug":true,"input":"{\"mode\":\"fetchFollow (9 more) ...","operation":"BFFFollow_Controller"}|0x46b8cd3e
10:45:07.2 (10802927)|STATEMENT_EXECUTE|[7]
10:45:07.2 (10817233)|HEAP_ALLOCATE|[7]|Bytes:6
10:45:07.2 (10924524)|HEAP_ALLOCATE|[7]|Bytes:177
10:45:07.2 (10961621)|HEAP_ALLOCATE|[7]|Bytes:183
10:45:07.2 (10999845)|USER_DEBUG|[7]|DEBUG|data::ETLC_ApexBridge_Data:[debug=true, input={"mode":"fetchFollowedUsers"}, isSuccess=null, messages=null, operation=BFFFollow_Controller, output=null, outputFlag=null, records=null]
10:45:07.2 (11011065)|STATEMENT_EXECUTE|[8]
10:45:07.2 (11087436)|VARIABLE_ASSIGNMENT|[EXTERNAL]|this|{"debug":true,"input":"{\"mode\":\"fetchFollow (9 more) ...","operation":"BFFFollow_Controller"}|0x46b8cd3e
10:45:07.2 (11117090)|METHOD_ENTRY|[8]||System.Type.forName(String)
10:45:07.2 (14378995)|METHOD_EXIT|[8]||System.Type.forName(String)
10:45:07.2 (14398419)|METHOD_ENTRY|[8]||System.Type.newInstance()
10:45:07.2 (16847139)|STATEMENT_EXECUTE|[1]
10:45:07.2 (16865066)|HEAP_ALLOCATE|[33]|Bytes:5
10:45:07.2 (16883070)|METHOD_EXIT|[1]|BFFFollow_Controller
10:45:07.2 (16890711)|HEAP_ALLOCATE|[33]|Bytes:4
10:45:07.2 (16897689)|VARIABLE_SCOPE_BEGIN|[1]|this|BFFFollow_Controller|true|false
10:45:07.2 (16923485)|VARIABLE_ASSIGNMENT|[1]|this|{}|0x161b8005
10:45:07.2 (16932724)|HEAP_ALLOCATE|[33]|Bytes:5
10:45:07.2 (16943484)|HEAP_ALLOCATE|[33]|Bytes:11
10:45:07.2 (16956194)|METHOD_ENTRY|[1]|01p50000002CIEj|ETLC_ApexBridge_Abstract.ETLC_ApexBridge_Abstract()
10:45:07.2 (16959375)|STATEMENT_EXECUTE|[1]
10:45:07.2 (16962422)|STATEMENT_EXECUTE|[1]
10:45:07.2 (16967667)|METHOD_EXIT|[1]|ETLC_ApexBridge_Abstract
10:45:07.2 (16974961)|CONSTRUCTOR_ENTRY|[EXTERNAL]|01p50000002CIEj|<init>()
10:45:07.2 (16981696)|VARIABLE_SCOPE_BEGIN|[1]|this|ETLC_ApexBridge_Abstract|true|false
10:45:07.2 (16996209)|VARIABLE_ASSIGNMENT|[1]|this|{}|0x161b8005
10:45:07.2 (17010278)|STATEMENT_EXECUTE|[1]
10:45:07.2 (17022085)|CONSTRUCTOR_EXIT|[EXTERNAL]|01p50000002CIEj|<init>()
10:45:07.2 (17028034)|STATEMENT_EXECUTE|[1]
10:45:07.2 (17032953)|HEAP_ALLOCATE|[33]|Bytes:5
10:45:07.2 (17052040)|METHOD_EXIT|[8]||System.Type.newInstance()
10:45:07.2 (17060890)|VARIABLE_SCOPE_BEGIN|[8]|executor|ETLC_ApexBridge_Abstract|true|false
10:45:07.2 (17074164)|VARIABLE_ASSIGNMENT|[8]|executor|{}|0x161b8005
10:45:07.2 (17076918)|STATEMENT_EXECUTE|[9]
10:45:07.2 (17105364)|METHOD_ENTRY|[9]|01p50000002D8iw|BFFFollow_Controller.process(ETLC_ApexBridge_Data)
10:45:07.2 (17120682)|VARIABLE_SCOPE_BEGIN|[3]|this|BFFFollow_Controller|true|false
10:45:07.2 (17134629)|VARIABLE_ASSIGNMENT|[3]|this|{}|0x161b8005
10:45:07.2 (17137525)|VARIABLE_SCOPE_BEGIN|[3]|data|ETLC_ApexBridge_Data|true|false
10:45:07.2 (17170255)|VARIABLE_ASSIGNMENT|[3]|data|{"debug":true,"input":"{\"mode\":\"fetchFollow (9 more) ...","operation":"BFFFollow_Controller"}|0x46b8cd3e
10:45:07.2 (17180145)|HEAP_ALLOCATE|[4]|Bytes:5
10:45:07.2 (17184342)|STATEMENT_EXECUTE|[3]
10:45:07.2 (17185715)|STATEMENT_EXECUTE|[4]
10:45:07.2 (17245640)|VARIABLE_ASSIGNMENT|[EXTERNAL]|this|{"debug":true,"input":"{\"mode\":\"fetchFollow (9 more) ...","operation":"BFFFollow_Controller"}|0x46b8cd3e
10:45:07.2 (17267816)|VARIABLE_ASSIGNMENT|[4]|BFFFollow_Controller.debugFlag|true
10:45:07.2 (17306222)|VARIABLE_ASSIGNMENT|[EXTERNAL]|this|{"debug":true,"input":"{\"mode\":\"fetchFollow (9 more) ...","operation":"BFFFollow_Controller"}|0x46b8cd3e
10:45:07.2 (17321318)|STATEMENT_EXECUTE|[5]
10:45:07.2 (17331086)|HEAP_ALLOCATE|[5]|Bytes:12
10:45:07.2 (17384372)|HEAP_ALLOCATE|[5]|Bytes:177
10:45:07.2 (17402294)|HEAP_ALLOCATE|[5]|Bytes:189
10:45:07.2 (17423048)|USER_DEBUG|[5]|DEBUG|data BEFORE:ETLC_ApexBridge_Data:[debug=true, input={"mode":"fetchFollowedUsers"}, isSuccess=null, messages=null, operation=BFFFollow_Controller, output=null, outputFlag=null, records=null]
10:45:07.2 (17431215)|STATEMENT_EXECUTE|[7]
10:45:07.2 (17439128)|HEAP_ALLOCATE|[7]|Bytes:4
10:45:07.2 (17454346)|METHOD_ENTRY|[7]|01p50000002CIEo|ETLC_ApexBridge_Data.getInputValue(String)
10:45:07.2 (17468122)|VARIABLE_SCOPE_BEGIN|[52]|this|ETLC_ApexBridge_Data|true|false
10:45:07.2 (17496081)|VARIABLE_ASSIGNMENT|[52]|this|{"debug":true,"input":"{\"mode\":\"fetchFollow (9 more) ...","operation":"BFFFollow_Controller"}|0x46b8cd3e
10:45:07.2 (17500322)|VARIABLE_SCOPE_BEGIN|[52]|key|String|false|false
10:45:07.2 (17503955)|VARIABLE_ASSIGNMENT|[52]|key|"mode"
10:45:07.2 (17508693)|STATEMENT_EXECUTE|[52]
10:45:07.2 (17510160)|STATEMENT_EXECUTE|[53]
10:45:07.2 (17555802)|VARIABLE_ASSIGNMENT|[EXTERNAL]|this|{"debug":true,"input":"{\"mode\":\"fetchFollow (9 more) ...","operation":"BFFFollow_Controller"}|0x46b8cd3e
10:45:07.2 (17577201)|METHOD_ENTRY|[53]||System.JSON.deserializeUntyped(String)
10:45:07.2 (17848338)|METHOD_EXIT|[53]||System.JSON.deserializeUntyped(String)
10:45:07.2 (17857277)|VARIABLE_SCOPE_BEGIN|[53]|inputMap|Map<String,ANY>|true|false
10:45:07.2 (17888323)|VARIABLE_ASSIGNMENT|[53]|inputMap|{"s":1,"v":{"mode":"fetchFollowedUsers"}}|0x395e307d
10:45:07.2 (17893324)|STATEMENT_EXECUTE|[54]
10:45:07.2 (17955492)|METHOD_EXIT|[7]|01p50000002CIEo|ETLC_ApexBridge_Data.getInputValue(String)
10:45:07.2 (17963066)|VARIABLE_SCOPE_BEGIN|[7]|mode|String|false|false
10:45:07.2 (17970591)|VARIABLE_ASSIGNMENT|[7]|mode|"fetchFollowedUsers"
10:45:07.2 (17976347)|HEAP_ALLOCATE|[9]|Bytes:18
10:45:07.2 (18016724)|STATEMENT_EXECUTE|[9]
10:45:07.2 (18021393)|STATEMENT_EXECUTE|[10]
10:45:07.2 (18083763)|HEAP_ALLOCATE|[10]|Bytes:85
10:45:07.2 (18100447)|SYSTEM_METHOD_ENTRY|[1]|UserInfo.UserInfo()
10:45:07.2 (18103542)|STATEMENT_EXECUTE|[1]
10:45:07.2 (18110787)|SYSTEM_METHOD_EXIT|[1]|UserInfo
10:45:07.2 (18123408)|METHOD_ENTRY|[10]||System.UserInfo.getUserId()
10:45:07.2 (18160469)|METHOD_EXIT|[10]||System.UserInfo.getUserId()
10:45:07.2 (18179903)|HEAP_ALLOCATE|[10]|Bytes:4
10:45:07.2 (18202672)|METHOD_ENTRY|[10]|01p50000002D8iw|BFFFollow_Controller.fetchFollowedUsers(Id)
10:45:07.2 (18212155)|VARIABLE_SCOPE_BEGIN|[24]|this|BFFFollow_Controller|true|false
10:45:07.2 (18229070)|VARIABLE_ASSIGNMENT|[24]|this|{}|0x161b8005
10:45:07.2 (18234538)|VARIABLE_SCOPE_BEGIN|[24]|followedById|Id|false|false
10:45:07.2 (18348177)|VARIABLE_ASSIGNMENT|[24]|followedById|"00550000005cg71AAA"
10:45:07.2 (18363865)|HEAP_ALLOCATE|[25]|Bytes:5
10:45:07.2 (18368521)|STATEMENT_EXECUTE|[24]
10:45:07.2 (18370098)|STATEMENT_EXECUTE|[25]
10:45:07.2 (18378692)|HEAP_ALLOCATE|[25]|Bytes:63
10:45:07.2 (18415622)|HEAP_ALLOCATE|[25]|Bytes:18
10:45:07.2 (18427033)|HEAP_ALLOCATE|[25]|Bytes:9
10:45:07.2 (18439304)|HEAP_ALLOCATE|[25]|Bytes:90
10:45:07.2 (18443897)|VARIABLE_SCOPE_BEGIN|[25]|soql|String|false|false
10:45:07.2 (18452265)|VARIABLE_ASSIGNMENT|[25]|soql|"SELECT FollowedUsers (70 more) ..."
10:45:07.2 (18455471)|STATEMENT_EXECUTE|[26]
10:45:07.2 (18456681)|STATEMENT_EXECUTE|[26]
10:45:07.2 (18463541)|STATEMENT_EXECUTE|[27]
10:45:07.2 (18464532)|STATEMENT_EXECUTE|[27]
10:45:07.2 (18471978)|HEAP_ALLOCATE|[27]|Bytes:24
10:45:07.2 (18477917)|HEAP_ALLOCATE|[27]|Bytes:114
10:45:07.2 (18508846)|USER_DEBUG|[27]|DEBUG|fetchFollowedUsers:soql:SELECT FollowedUsers__c FROM BFFFollow__c WHERE FollowedBy__c='00550000005cg71AAA' limit 1
10:45:07.2 (18517300)|STATEMENT_EXECUTE|[28]
10:45:07.2 (23463881)|HEAP_ALLOCATE|[28]|Bytes:9
10:45:07.2 (23474320)|HEAP_ALLOCATE|[28]|Bytes:29
10:45:07.2 (23477682)|HEAP_ALLOCATE|[28]|Bytes:21
10:45:07.2 (23505028)|METHOD_ENTRY|[7]|01p50000002CIEt|ETLC_SecuredDB.ETLC_SecuredDB()
10:45:07.2 (23508907)|STATEMENT_EXECUTE|[7]
10:45:07.2 (23513240)|STATEMENT_EXECUTE|[7]
10:45:07.2 (23519536)|HEAP_ALLOCATE|[28]|Bytes:5
10:45:07.2 (23530492)|METHOD_EXIT|[7]|ETLC_SecuredDB
10:45:07.2 (23570712)|METHOD_ENTRY|[28]|01p50000002CIEt|ETLC_SecuredDB.query(String)
10:45:07.2 (23631491)|VARIABLE_SCOPE_BEGIN|[10]|SOQL|String|false|false
10:45:07.2 (23642604)|VARIABLE_ASSIGNMENT|[10]|SOQL|"SELECT FollowedUsers (70 more) ..."
10:45:07.2 (23652198)|HEAP_ALLOCATE|[12]|Bytes:5
10:45:07.2 (23656379)|STATEMENT_EXECUTE|[10]
10:45:07.2 (23658052)|STATEMENT_EXECUTE|[12]
10:45:07.2 (36311037)|SOQL_EXECUTE_BEGIN|[12]|Aggregations:0|SELECT FollowedUsers__c FROM BFFFollow__c WHERE FollowedBy__c='00550000005cg71AAA' limit 1
10:45:07.2 (41278184)|SOQL_EXECUTE_END|[12]|Rows:1
10:45:07.2 (41316149)|HEAP_ALLOCATE|[12]|Bytes:8
10:45:07.2 (41328574)|HEAP_ALLOCATE|[12]|Bytes:158
10:45:07.2 (41471147)|HEAP_ALLOCATE|[12]|Bytes:8
10:45:07.2 (41508518)|VARIABLE_SCOPE_BEGIN|[12]|dbRecords|List<SObject>|true|false
10:45:07.2 (41575116)|VARIABLE_ASSIGNMENT|[12]|dbRecords|{"s":1,"v":[{"s":2,"v":{"FollowedUsers__c":"[{\"id\":\"00550000005d (85 more) ...","Id":"a005000000ezW4dAAE"}}]}|0x2e236119
10:45:07.2 (41582992)|STATEMENT_EXECUTE|[20]
10:45:07.2 (42079187)|HEAP_ALLOCATE|[20]|Bytes:12
10:45:07.2 (42095475)|HEAP_ALLOCATE|[20]|Bytes:8
10:45:07.2 (42191136)|HEAP_ALLOCATE|[20]|Bytes:12
10:45:07.2 (42198022)|HEAP_ALLOCATE|[20]|Bytes:9
10:45:07.2 (42211391)|HEAP_ALLOCATE|[20]|Bytes:12
10:45:07.2 (42214790)|HEAP_ALLOCATE|[20]|Bytes:8
10:45:07.2 (42224876)|HEAP_ALLOCATE|[20]|Bytes:12
10:45:07.2 (42228014)|HEAP_ALLOCATE|[20]|Bytes:8
10:45:07.2 (42237684)|HEAP_ALLOCATE|[20]|Bytes:12
10:45:07.2 (42240694)|HEAP_ALLOCATE|[20]|Bytes:9
10:45:07.2 (42288460)|METHOD_ENTRY|[20]|01p50000002CIEt|ETLC_SecuredDB.findFields(List<SObject>)
10:45:07.2 (42337970)|VARIABLE_SCOPE_BEGIN|[108]|dbRecords|List<SObject>|true|false
10:45:07.2 (42362218)|VARIABLE_ASSIGNMENT|[108]|dbRecords|{"s":1,"v":[{"s":2,"v":{"FollowedUsers__c":"[{\"id\":\"00550000005d (85 more) ...","Id":"a005000000ezW4dAAE"}}]}|0x2e236119
10:45:07.2 (42381660)|HEAP_ALLOCATE|[109]|Bytes:5
10:45:07.2 (42386516)|STATEMENT_EXECUTE|[108]
10:45:07.2 (42387949)|STATEMENT_EXECUTE|[109]
10:45:07.2 (42398707)|VARIABLE_SCOPE_BEGIN|[109]|strJSON|String|false|false
10:45:07.2 (42407298)|VARIABLE_ASSIGNMENT|[109]|strJSON|null
10:45:07.2 (42410929)|STATEMENT_EXECUTE|[110]
10:45:07.2 (42420915)|VARIABLE_SCOPE_BEGIN|[110]|mapFields|Map<String,Set<String>>|true|false
10:45:07.2 (42430122)|VARIABLE_ASSIGNMENT|[110]|mapFields|null|
10:45:07.2 (42433732)|STATEMENT_EXECUTE|[112]
10:45:07.2 (42457737)|METHOD_ENTRY|[112]||System.JSON.serialize(Object)
10:45:07.2 (43060702)|METHOD_EXIT|[112]||System.JSON.serialize(Object)
10:45:07.2 (43083232)|VARIABLE_ASSIGNMENT|[112]|strJSON|"[{\"attributes\":{\"typ (259 more) ..."
10:45:07.2 (43088568)|STATEMENT_EXECUTE|[113]
10:45:07.2 (43104014)|HEAP_ALLOCATE|[113]|Bytes:5
10:45:07.2 (43125914)|HEAP_ALLOCATE|[113]|Bytes:284
10:45:07.2 (43191950)|USER_DEBUG|[113]|DEBUG|JSON:[{"attributes":{"type":"BFFFollow__c","url":"/services/data/v37.0/sobjects/BFFFollow__c/a005000000ezW4dAAE"},"FollowedUsers__c":"[{\"id\":\"00550000005d7KnAAI\",\"name\":\"Test User\"},{\"id\":\"00550000005cg71AAA\",\"name\":\"Jaswinder Rattanpal\"}]","Id":"a005000000ezW4dAAE"}]
10:45:07.2 (43209621)|STATEMENT_EXECUTE|[114]
10:45:07.2 (43226440)|HEAP_ALLOCATE|[114]|Bytes:4
10:45:07.2 (43269159)|VARIABLE_ASSIGNMENT|[114]|mapFields|{"s":1,"v":{}}|0x63865ce8
10:45:07.2 (43303317)|STATEMENT_EXECUTE|[115]
10:45:07.2 (43333257)|METHOD_ENTRY|[115]||System.JSON.deserializeUntyped(String)
10:45:07.2 (43899618)|METHOD_EXIT|[115]||System.JSON.deserializeUntyped(String)
10:45:07.2 (43911197)|VARIABLE_SCOPE_BEGIN|[115]|records|List<ANY>|true|false
10:45:07.2 (43940540)|HEAP_ALLOCATE|[EXTERNAL]|Bytes:8
10:45:07.2 (43970450)|VARIABLE_ASSIGNMENT|[115]|records|{"s":1,"v":[{"s":2,"v":{"attributes":{"s":3,"v":{"type":"BFFFollow__c","url":"/services/data/v37.0 (41 more) ..."}},"FollowedUsers__c":"[{\"id\":\"00550000005d (85 more) ...","Id":"a005000000ezW4dAAE"}}]}|0x16491352
10:45:07.2 (44026358)|HEAP_ALLOCATE|[116]|Bytes:5
10:45:07.2 (44048055)|HEAP_ALLOCATE|[116]|Bytes:16
10:45:07.2 (44061831)|VARIABLE_SCOPE_BEGIN|[116]|record|Object|false|false
10:45:07.2 (44087244)|VARIABLE_ASSIGNMENT|[116]|record|{"s":1,"v":{"attributes":{"s":2,"v":{"type":"BFFFollow__c","url":"/services/data/v37.0 (41 more) ..."}},"FollowedUsers__c":"[{\"id\":\"00550000005d (85 more) ...","Id":"a005000000ezW4dAAE"}}
10:45:07.2 (44092368)|STATEMENT_EXECUTE|[116]
10:45:07.2 (44093798)|STATEMENT_EXECUTE|[117]
10:45:07.2 (44121263)|METHOD_ENTRY|[117]|01p50000002CIEt|ETLC_SecuredDB.findFieldsRecursive(Map<String,Set<String>>, Map<String,ANY>)
10:45:07.2 (44154627)|VARIABLE_SCOPE_BEGIN|[124]|mapFields|Map<String,Set<String>>|true|false
10:45:07.2 (44172449)|VARIABLE_ASSIGNMENT|[124]|mapFields|{"s":1,"v":{}}|0x63865ce8
10:45:07.2 (44177885)|VARIABLE_SCOPE_BEGIN|[124]|record|Map<String,ANY>|true|false
10:45:07.2 (44193843)|VARIABLE_ASSIGNMENT|[124]|record|{"s":1,"v":{"attributes":{"s":2,"v":{"type":"BFFFollow__c","url":"/services/data/v37.0 (41 more) ..."}},"FollowedUsers__c":"[{\"id\":\"00550000005d (85 more) ...","Id":"a005000000ezW4dAAE"}}|0x16ac2e30
10:45:07.2 (44204103)|HEAP_ALLOCATE|[125]|Bytes:5
10:45:07.2 (44208738)|STATEMENT_EXECUTE|[124]
10:45:07.2 (44210104)|STATEMENT_EXECUTE|[125]
10:45:07.2 (44217438)|HEAP_ALLOCATE|[125]|Bytes:10
10:45:07.2 (44222175)|VARIABLE_SCOPE_BEGIN|[125]|strAttributes|String|false|false
10:45:07.2 (44227922)|VARIABLE_ASSIGNMENT|[125]|strAttributes|"attributes"
10:45:07.2 (44230039)|STATEMENT_EXECUTE|[126]
10:45:07.2 (44234910)|HEAP_ALLOCATE|[126]|Bytes:7
10:45:07.2 (44238033)|VARIABLE_SCOPE_BEGIN|[126]|strRecord|String|false|false
10:45:07.2 (44242039)|VARIABLE_ASSIGNMENT|[126]|strRecord|"records"
10:45:07.2 (44279673)|STATEMENT_EXECUTE|[127]
10:45:07.2 (44281940)|STATEMENT_EXECUTE|[128]
10:45:07.2 (44329497)|VARIABLE_SCOPE_BEGIN|[128]|attributes|Map<String,ANY>|true|false
10:45:07.2 (44349092)|VARIABLE_ASSIGNMENT|[128]|attributes|{"s":1,"v":{"type":"BFFFollow__c","url":"/services/data/v37.0 (41 more) ..."}}|0x1bcfc1a4
10:45:07.2 (44352792)|STATEMENT_EXECUTE|[129]
10:45:07.2 (44360810)|HEAP_ALLOCATE|[129]|Bytes:4
10:45:07.2 (44393153)|VARIABLE_SCOPE_BEGIN|[129]|objectName|String|false|false
10:45:07.2 (44400781)|VARIABLE_ASSIGNMENT|[129]|objectName|"BFFFollow__c"
10:45:07.2 (44412278)|HEAP_ALLOCATE|[130]|Bytes:4
10:45:07.2 (44522352)|HEAP_ALLOCATE|[130]|Bytes:44
10:45:07.2 (44543962)|HEAP_ALLOCATE|[130]|Bytes:12
10:45:07.2 (44568452)|HEAP_ALLOCATE|[130]|Bytes:5
10:45:07.2 (44593203)|VARIABLE_SCOPE_BEGIN|[130]|fieldName|String|false|false
10:45:07.2 (44604722)|VARIABLE_ASSIGNMENT|[130]|fieldName|"attributes"
10:45:07.2 (44610064)|STATEMENT_EXECUTE|[130]
10:45:07.2 (44611708)|STATEMENT_EXECUTE|[131]
10:45:07.2 (44655723)|VARIABLE_SCOPE_BEGIN|[131]|field|Object|false|false
10:45:07.2 (44715190)|VARIABLE_ASSIGNMENT|[131]|field|{"s":1,"v":{"type":"BFFFollow__c","url":"/services/data/v37.0 (41 more) ..."}}
10:45:07.2 (44753937)|STATEMENT_EXECUTE|[132]
10:45:07.2 (44774806)|HEAP_ALLOCATE|[130]|Bytes:5
10:45:07.2 (44788055)|VARIABLE_SCOPE_BEGIN|[130]|fieldName|String|false|false
10:45:07.2 (44795660)|VARIABLE_ASSIGNMENT|[130]|fieldName|"FollowedUsers__c"
10:45:07.2 (44798309)|STATEMENT_EXECUTE|[130]
10:45:07.2 (44799787)|STATEMENT_EXECUTE|[131]
10:45:07.2 (44819863)|VARIABLE_SCOPE_BEGIN|[131]|field|Object|false|false
10:45:07.2 (44830241)|VARIABLE_ASSIGNMENT|[131]|field|"[{\"id\":\"00550000005d (85 more) ..."
10:45:07.2 (44842126)|HEAP_ALLOCATE|[134]|Bytes:68
10:45:07.2 (44876572)|STATEMENT_EXECUTE|[136]
10:45:07.2 (44878445)|STATEMENT_EXECUTE|[137]
10:45:07.2 (44888996)|HEAP_ALLOCATE|[137]|Bytes:4
10:45:07.2 (44928656)|VARIABLE_SCOPE_BEGIN|[137]|fieldNames|Set<String>|true|false
10:45:07.2 (44975670)|VARIABLE_ASSIGNMENT|[137]|fieldNames|{"s":1,"v":[]}|0x14f2f6b7
10:45:07.2 (45015610)|STATEMENT_EXECUTE|[138]
10:45:07.2 (45022972)|STATEMENT_EXECUTE|[139]
10:45:07.2 (45056687)|HEAP_ALLOCATE|[EXTERNAL]|Bytes:4
10:45:07.2 (45072478)|STATEMENT_EXECUTE|[140]
10:45:07.2 (45112882)|HEAP_ALLOCATE|[EXTERNAL]|Bytes:-4
10:45:07.2 (45134009)|HEAP_ALLOCATE|[130]|Bytes:5
10:45:07.2 (45148113)|VARIABLE_SCOPE_BEGIN|[130]|fieldName|String|false|false
10:45:07.2 (45157043)|VARIABLE_ASSIGNMENT|[130]|fieldName|"Id"
10:45:07.2 (45160537)|STATEMENT_EXECUTE|[130]
10:45:07.2 (45161754)|STATEMENT_EXECUTE|[131]
10:45:07.2 (45194324)|VARIABLE_SCOPE_BEGIN|[131]|field|Object|false|false
10:45:07.2 (45211154)|VARIABLE_ASSIGNMENT|[131]|field|"a005000000ezW4dAAE"
10:45:07.2 (45235344)|STATEMENT_EXECUTE|[136]
10:45:07.2 (45238421)|STATEMENT_EXECUTE|[137]
10:45:07.2 (45250654)|HEAP_ALLOCATE|[137]|Bytes:4
10:45:07.2 (45273652)|VARIABLE_SCOPE_BEGIN|[137]|fieldNames|Set<String>|true|false
10:45:07.2 (45300417)|VARIABLE_ASSIGNMENT|[137]|fieldNames|{"s":1,"v":[]}|0x63d887b7
10:45:07.2 (45330490)|STATEMENT_EXECUTE|[138]
10:45:07.2 (45368026)|VARIABLE_ASSIGNMENT|[138]|fieldNames|{"s":1,"v":["FollowedUsers__c"]}|0x14f2f6b7
10:45:07.2 (45372448)|STATEMENT_EXECUTE|[139]
10:45:07.2 (45386234)|HEAP_ALLOCATE|[EXTERNAL]|Bytes:4
10:45:07.2 (45393371)|STATEMENT_EXECUTE|[140]
10:45:07.2 (45414846)|HEAP_ALLOCATE|[130]|Bytes:5
10:45:07.2 (45426380)|VARIABLE_ASSIGNMENT|[130]|fieldName|null
10:45:07.2 (45440313)|METHOD_EXIT|[117]|01p50000002CIEt|ETLC_SecuredDB.findFieldsRecursive(Map<String,Set<String>>, Map<String,ANY>)
10:45:07.2 (45450898)|HEAP_ALLOCATE|[116]|Bytes:5
10:45:07.2 (45466091)|VARIABLE_ASSIGNMENT|[116]|record|null
10:45:07.2 (45472355)|HEAP_ALLOCATE|[119]|Bytes:4
10:45:07.2 (45508013)|HEAP_ALLOCATE|[119]|Bytes:20
10:45:07.2 (45521230)|HEAP_ALLOCATE|[119]|Bytes:4
10:45:07.2 (45538278)|HEAP_ALLOCATE|[119]|Bytes:5
10:45:07.2 (45550334)|VARIABLE_SCOPE_BEGIN|[119]|objectName|String|false|false
10:45:07.2 (45557476)|VARIABLE_ASSIGNMENT|[119]|objectName|"BFFFollow__c"
10:45:07.2 (45560415)|STATEMENT_EXECUTE|[119]
10:45:07.2 (45561578)|STATEMENT_EXECUTE|[120]
10:45:07.2 (45569028)|HEAP_ALLOCATE|[120]|Bytes:2
10:45:07.2 (45629218)|HEAP_ALLOCATE|[120]|Bytes:22
10:45:07.2 (45645165)|HEAP_ALLOCATE|[120]|Bytes:36
10:45:07.2 (45659997)|USER_DEBUG|[120]|DEBUG|BFFFollow__c: {FollowedUsers__c, Id}
10:45:07.2 (45673724)|HEAP_ALLOCATE|[119]|Bytes:5
10:45:07.2 (45684773)|VARIABLE_ASSIGNMENT|[119]|objectName|null
10:45:07.2 (45688157)|STATEMENT_EXECUTE|[122]
10:45:07.2 (45700403)|METHOD_EXIT|[20]|01p50000002CIEt|ETLC_SecuredDB.findFields(List<SObject>)
10:45:07.2 (45718500)|METHOD_ENTRY|[20]|01p50000002CIEt|ETLC_SecuredDB.validate(ETLC_SecuredDB.Operation, Map<String,Set<String>>)
10:45:07.2 (45726719)|VARIABLE_SCOPE_BEGIN|[55]|op|ETLC_SecuredDB.Operation|true|false
10:45:07.2 (45746241)|VARIABLE_ASSIGNMENT|[55]|op|"Querying"|0x314e5998
10:45:07.2 (45751096)|VARIABLE_SCOPE_BEGIN|[55]|mapFieldNames|Map<String,Set<String>>|true|false
10:45:07.2 (45768744)|VARIABLE_ASSIGNMENT|[55]|mapFieldNames|{"s":1,"v":{"BFFFollow__c":{"s":2,"v":["FollowedUsers__c","Id"]}}}|0x63865ce8
10:45:07.2 (45778159)|HEAP_ALLOCATE|[56]|Bytes:5
10:45:07.2 (45782271)|STATEMENT_EXECUTE|[55]
10:45:07.2 (45783562)|STATEMENT_EXECUTE|[56]
10:45:07.2 (45790909)|VARIABLE_SCOPE_BEGIN|[56]|securityMessage|String|false|false
10:45:07.2 (45795634)|VARIABLE_ASSIGNMENT|[56]|securityMessage|null
10:45:07.2 (45797578)|STATEMENT_EXECUTE|[57]
10:45:07.2 (149745557)|HEAP_ALLOCATE|[57]|Bytes:1440
10:45:07.2 (149796681)|VARIABLE_SCOPE_BEGIN|[57]|mapObjects|Map<String,Schema.SObjectType>|true|false
10:45:07.2 (150121983)|VARIABLE_ASSIGNMENT|[57]|mapObjects|"{acceptedeventrelation=AcceptedEventRelation, account=Account, accountcontactrole=AccountContactRole, accountfeed=AccountFeed, accounthistory=AccountHistory, accountpartner=AccountPartner, accountshare=AccountShare, actionlinkgrouptemplate=ActionLinkGroupTemplate, actionlinktemplate=ActionLinkTemplate, activityhistory=ActivityHistory, ...}"|0x3c7da896
10:45:07.2 (150156101)|HEAP_ALLOCATE|[58]|Bytes:4
10:45:07.2 (150273981)|HEAP_ALLOCATE|[58]|Bytes:20
10:45:07.2 (150311077)|HEAP_ALLOCATE|[58]|Bytes:4
10:45:07.2 (150371521)|HEAP_ALLOCATE|[58]|Bytes:5
10:45:07.2 (150408365)|VARIABLE_SCOPE_BEGIN|[58]|sObjectName|String|false|false
10:45:07.2 (150422910)|VARIABLE_ASSIGNMENT|[58]|sObjectName|"BFFFollow__c"
10:45:07.2 (150430441)|STATEMENT_EXECUTE|[58]
10:45:07.2 (150433967)|STATEMENT_EXECUTE|[59]
10:45:07.2 (150459268)|HEAP_ALLOCATE|[59]|Bytes:9
10:45:07.2 (150468399)|HEAP_ALLOCATE|[59]|Bytes:7
10:45:07.2 (150553045)|HEAP_ALLOCATE|[59]|Bytes:8
10:45:07.2 (150573270)|HEAP_ALLOCATE|[59]|Bytes:1
10:45:07.2 (150595965)|HEAP_ALLOCATE|[59]|Bytes:37
10:45:07.2 (150608918)|VARIABLE_ASSIGNMENT|[59]|securityMessage|"CRUD on [BFFFollow__ (17 more) ..."
10:45:07.2 (150612338)|STATEMENT_EXECUTE|[60]
10:45:07.2 (150620562)|HEAP_ALLOCATE|[60]|Bytes:10
10:45:07.2 (150628795)|HEAP_ALLOCATE|[60]|Bytes:47
10:45:07.2 (150676655)|USER_DEBUG|[60]|DEBUG|Checking: CRUD on [BFFFollow__c] for [Querying]
10:45:07.2 (150685194)|STATEMENT_EXECUTE|[61]
10:45:07.2 (151096967)|HEAP_ALLOCATE|[61]|Bytes:4
10:45:07.2 (151168941)|VARIABLE_SCOPE_BEGIN|[61]|drSObj|Schema.DescribeSObjectResult|true|false
10:45:07.2 (151283447)|VARIABLE_ASSIGNMENT|[61]|drSObj|"common.api.soap.wsdl.DescribeSObjectResult@a54f9caa"|0x327def5d
10:45:07.2 (151482904)|STATEMENT_EXECUTE|[64]
10:45:07.2 (151514515)|STATEMENT_EXECUTE|[65]
10:45:07.2 (151600809)|STATEMENT_EXECUTE|[77]
10:45:07.2 (151604021)|STATEMENT_EXECUTE|[79]
10:45:07.2 (151949249)|HEAP_ALLOCATE|[79]|Bytes:56
10:45:07.2 (151964607)|VARIABLE_SCOPE_BEGIN|[79]|mapFields|Map<String,Schema.SObjectField>|true|false
10:45:07.2 (152202307)|VARIABLE_ASSIGNMENT|[79]|mapFields|"{createdbyid=CreatedById, createddate=CreatedDate, followedby__c=FollowedBy__c, followedusers__c=FollowedUsers__c, id=Id, isdeleted=IsDeleted, lastmodifiedbyid=LastModifiedById, lastmodifieddate=LastModifiedDate, lastreferenceddate=LastReferencedDate, lastvieweddate=LastViewedDate, ...}"|0x5cefb968
10:45:07.2 (152216656)|HEAP_ALLOCATE|[80]|Bytes:4
10:45:07.2 (152284667)|HEAP_ALLOCATE|[80]|Bytes:8
10:45:07.2 (152317181)|HEAP_ALLOCATE|[80]|Bytes:5
10:45:07.2 (152338270)|VARIABLE_SCOPE_BEGIN|[80]|fieldName|String|false|false
10:45:07.2 (152349657)|VARIABLE_ASSIGNMENT|[80]|fieldName|"FollowedUsers__c"
10:45:07.2 (152354217)|STATEMENT_EXECUTE|[80]
10:45:07.2 (152356197)|STATEMENT_EXECUTE|[81]
10:45:07.2 (158828849)|HEAP_ALLOCATE|[81]|Bytes:8
10:45:07.2 (158898277)|VARIABLE_SCOPE_BEGIN|[81]|drField|Schema.DescribeFieldResult|true|false
10:45:07.2 (159049246)|VARIABLE_ASSIGNMENT|[81]|drField|"common.api.soap.wsdl.Field@ecc27f44"|0x30d58c7c
10:45:07.2 (159085822)|STATEMENT_EXECUTE|[82]
10:45:07.2 (159089784)|STATEMENT_EXECUTE|[83]
10:45:07.2 (159106977)|HEAP_ALLOCATE|[83]|Bytes:8
10:45:07.2 (159115283)|HEAP_ALLOCATE|[83]|Bytes:1
10:45:07.2 (159205005)|HEAP_ALLOCATE|[83]|Bytes:8
10:45:07.2 (159243179)|HEAP_ALLOCATE|[83]|Bytes:52
10:45:07.2 (159257234)|HEAP_ALLOCATE|[83]|Bytes:53
10:45:07.2 (159272903)|VARIABLE_ASSIGNMENT|[83]|securityMessage|"FLS on [BFFFollow__c (33 more) ..."
10:45:07.2 (159277353)|STATEMENT_EXECUTE|[84]
10:45:07.2 (159292307)|HEAP_ALLOCATE|[84]|Bytes:63
10:45:07.2 (159349619)|USER_DEBUG|[84]|DEBUG|Checking: FLS on [BFFFollow__c.FollowedUsers__c] for [Querying]
10:45:07.2 (159519421)|STATEMENT_EXECUTE|[87]
10:45:07.2 (159542095)|STATEMENT_EXECUTE|[88]
10:45:07.2 (159572215)|HEAP_ALLOCATE|[80]|Bytes:5
10:45:07.2 (159597046)|VARIABLE_SCOPE_BEGIN|[80]|fieldName|String|false|false
10:45:07.2 (159609003)|VARIABLE_ASSIGNMENT|[80]|fieldName|"Id"
10:45:07.2 (159613952)|STATEMENT_EXECUTE|[80]
10:45:07.2 (159616053)|STATEMENT_EXECUTE|[81]
10:45:07.2 (159821618)|HEAP_ALLOCATE|[81]|Bytes:8
10:45:07.2 (159836431)|VARIABLE_SCOPE_BEGIN|[81]|drField|Schema.DescribeFieldResult|true|false
10:45:07.2 (159921573)|VARIABLE_ASSIGNMENT|[81]|drField|"common.api.soap.wsdl.Field@515c1550"|0x17c2bb8
10:45:07.2 (159937703)|STATEMENT_EXECUTE|[99]
10:45:07.2 (159940738)|STATEMENT_EXECUTE|[100]
10:45:07.2 (159952134)|HEAP_ALLOCATE|[100]|Bytes:22
10:45:07.2 (160007876)|HEAP_ALLOCATE|[100]|Bytes:8
10:45:07.2 (160033874)|HEAP_ALLOCATE|[100]|Bytes:52
10:45:07.2 (160041852)|HEAP_ALLOCATE|[100]|Bytes:35
10:45:07.2 (160050751)|HEAP_ALLOCATE|[100]|Bytes:87
10:45:07.2 (160073344)|USER_DEBUG|[100]|DEBUG|Bypass Check: FLS on [BFFFollow__c.Id] for [Querying] since it's not isPermissionable()
10:45:07.2 (160098099)|HEAP_ALLOCATE|[80]|Bytes:5
10:45:07.2 (160119317)|VARIABLE_ASSIGNMENT|[80]|fieldName|null
10:45:07.2 (160137049)|HEAP_ALLOCATE|[58]|Bytes:5
10:45:07.2 (160160244)|VARIABLE_ASSIGNMENT|[58]|sObjectName|null
10:45:07.2 (160184103)|METHOD_EXIT|[20]|01p50000002CIEt|ETLC_SecuredDB.validate(ETLC_SecuredDB.Operation, Map<String,Set<String>>)
10:45:07.2 (160191081)|STATEMENT_EXECUTE|[21]
10:45:07.2 (160211117)|METHOD_EXIT|[28]|01p50000002CIEt|ETLC_SecuredDB.query(String)
10:45:07.2 (160222926)|VARIABLE_SCOPE_BEGIN|[28]|dbRecords|List<SObject>|true|false
10:45:07.2 (160275647)|VARIABLE_ASSIGNMENT|[28]|dbRecords|{"s":1,"v":[{"s":2,"v":{"FollowedUsers__c":"[{\"id\":\"00550000005d (85 more) ...","Id":"a005000000ezW4dAAE"}}]}|0x2e236119
10:45:07.2 (160288460)|STATEMENT_EXECUTE|[29]
10:45:07.2 (160290825)|STATEMENT_EXECUTE|[29]
10:45:07.2 (160388214)|USER_DEBUG|[29]|DEBUG|(BFFFollow__c:{FollowedUsers__c=[{"id":"00550000005d7KnAAI","name":"Test User"},{"id":"00550000005cg71AAA","name":"Jaswinder Rattanpal"}], Id=a005000000ezW4dAAE})
10:45:07.2 (160538422)|STATEMENT_EXECUTE|[30]
10:45:07.2 (160546286)|STATEMENT_EXECUTE|[31]
10:45:07.2 (160548335)|STATEMENT_EXECUTE|[32]
10:45:07.2 (160560493)|HEAP_ALLOCATE|[32]|Bytes:18
10:45:07.2 (160583671)|HEAP_ALLOCATE|[32]|Bytes:12
10:45:07.2 (160597732)|HEAP_ALLOCATE|[32]|Bytes:16
10:45:07.2 (160689557)|HEAP_ALLOCATE|[32]|Bytes:105
10:45:07.2 (160722893)|HEAP_ALLOCATE|[32]|Bytes:105
10:45:07.2 (160742492)|HEAP_ALLOCATE|[32]|Bytes:123
10:45:07.2 (160765066)|USER_DEBUG|[32]|DEBUG|FollowedUsers__c::[{"id":"00550000005d7KnAAI","name":"Test User"},{"id":"00550000005cg71AAA","name":"Jaswinder Rattanpal"}]
10:45:07.2 (160777535)|STATEMENT_EXECUTE|[34]
10:45:07.2 (160796381)|HEAP_ALLOCATE|[34]|Bytes:12
10:45:07.2 (160867994)|HEAP_ALLOCATE|[34]|Bytes:105
10:45:07.2 (160896858)|METHOD_EXIT|[10]|01p50000002D8iw|BFFFollow_Controller.fetchFollowedUsers(Id)
10:45:07.2 (160983621)|VARIABLE_ASSIGNMENT|[EXTERNAL]|this|{"debug":true,"input":"{\"mode\":\"fetchFollow (9 more) ...","operation":"BFFFollow_Controller"}|0x46b8cd3e
10:45:07.2 (160997891)|VARIABLE_ASSIGNMENT|[EXTERNAL]|value|"[{\"id\":\"00550000005d (85 more) ..."
10:45:07.2 (161021771)|VARIABLE_ASSIGNMENT|[12]|this.output|"[{\"id\":\"00550000005d (85 more) ..."|0x46b8cd3e
10:45:07.2 (161035094)|STATEMENT_EXECUTE|[11]
10:45:07.2 (161112008)|VARIABLE_ASSIGNMENT|[EXTERNAL]|this|{"debug":true,"input":"{\"mode\":\"fetchFollow (9 more) ...","operation":"BFFFollow_Controller","output":"[{\"id\":\"00550000005d (85 more) ..."}|0x46b8cd3e
10:45:07.2 (161190589)|VARIABLE_ASSIGNMENT|[EXTERNAL]|this|{"debug":true,"input":"{\"mode\":\"fetchFollow (9 more) ...","operation":"BFFFollow_Controller","output":"[{\"id\":\"00550000005d (85 more) ..."}|0x46b8cd3e
10:45:07.2 (161201922)|VARIABLE_ASSIGNMENT|[EXTERNAL]|value|true
10:45:07.2 (161210222)|HEAP_ALLOCATE|[15]|Bytes:5
10:45:07.2 (161223190)|VARIABLE_ASSIGNMENT|[15]|this.outputFlag|true|0x46b8cd3e
10:45:07.2 (161238325)|STATEMENT_EXECUTE|[19]
10:45:07.2 (161241462)|STATEMENT_EXECUTE|[19]
10:45:07.2 (161251912)|HEAP_ALLOCATE|[19]|Bytes:11
10:45:07.2 (161333332)|HEAP_ALLOCATE|[19]|Bytes:278
10:45:07.2 (161358733)|HEAP_ALLOCATE|[19]|Bytes:289
10:45:07.2 (161381013)|USER_DEBUG|[19]|DEBUG|data AFTER:ETLC_ApexBridge_Data:[debug=true, input={"mode":"fetchFollowedUsers"}, isSuccess=null, messages=null, operation=BFFFollow_Controller, output=[{"id":"00550000005d7KnAAI","name":"Test User"},{"id":"00550000005cg71AAA","name":"Jaswinder Rattanpal"}], outputFlag=true, records=null]
10:45:07.2 (161404842)|METHOD_EXIT|[9]|01p50000002D8iw|BFFFollow_Controller.process(ETLC_ApexBridge_Data)
10:45:07.2 (161411745)|STATEMENT_EXECUTE|[24]
10:45:07.2 (161439998)|METHOD_ENTRY|[24]|01p50000002CIEo|ETLC_ApexBridge_Data.toJSON()
10:45:07.2 (161461274)|VARIABLE_SCOPE_BEGIN|[57]|this|ETLC_ApexBridge_Data|true|false
10:45:07.2 (161503436)|VARIABLE_ASSIGNMENT|[57]|this|{"debug":true,"input":"{\"mode\":\"fetchFollow (9 more) ...","operation":"BFFFollow_Controller","output":"[{\"id\":\"00550000005d (85 more) ...","outputFlag":true}|0x46b8cd3e
10:45:07.2 (161513614)|STATEMENT_EXECUTE|[57]
10:45:07.2 (161516024)|STATEMENT_EXECUTE|[58]
10:45:07.2 (161539902)|METHOD_ENTRY|[58]||System.JSON.serialize(Object)
10:45:07.2 (161662265)|STATEMENT_EXECUTE|[22]
10:45:07.2 (161668388)|STATEMENT_EXECUTE|[23]
10:45:07.2 (161681319)|HEAP_ALLOCATE|[23]|Bytes:5
10:45:07.2 (161695469)|VARIABLE_ASSIGNMENT|[23]|this.isSuccess|true|0x46b8cd3e
10:45:07.2 (161700155)|STATEMENT_EXECUTE|[24]
10:45:07.2 (161751107)|STATEMENT_EXECUTE|[31]
10:45:07.2 (161756725)|STATEMENT_EXECUTE|[32]
10:45:07.2 (161887697)|HEAP_ALLOCATE|[32]|Bytes:4
10:45:07.2 (161992508)|VARIABLE_ASSIGNMENT|[32]|this.messages|{"s":1,"v":{}}|0x46b8cd3e
10:45:07.2 (161999107)|STATEMENT_EXECUTE|[33]
10:45:07.2 (162468141)|METHOD_EXIT|[58]||System.JSON.serialize(Object)
10:45:07.2 (162480360)|METHOD_EXIT|[24]|01p50000002CIEo|ETLC_ApexBridge_Data.toJSON()
10:45:07.2 (162494432)|SYSTEM_MODE_EXIT|false
10:45:07.162 (162556337)|CUMULATIVE_LIMIT_USAGE
10:45:07.162 (162556337)|LIMIT_USAGE_FOR_NS|(default)|
  Number of SOQL queries: 1 out of 100
  Number of query rows: 1 out of 50000
  Number of SOSL queries: 0 out of 20
  Number of DML statements: 0 out of 150
  Number of DML rows: 0 out of 10000
  Maximum CPU time: 0 out of 10000
  Maximum heap size: 0 out of 6000000
  Number of callouts: 0 out of 100
  Number of Email Invocations: 0 out of 10
  Number of future calls: 0 out of 50
  Number of queueable jobs added to the queue: 0 out of 50
  Number of Mobile Apex push calls: 0 out of 10

10:45:07.162 (162556337)|CUMULATIVE_LIMIT_USAGE_END

10:45:07.2 (162621940)|CODE_UNIT_FINISHED|ETLC_ApexBridge_Controller.execute
