37.0 APEX_CODE,FINEST;APEX_PROFILING,INFO;CALLOUT,INFO;DB,INFO;SYSTEM,DEBUG;VALIDATION,INFO;VISUALFORCE,INFO;WORKFLOW,INFO
11:03:17.0 (528261)|USER_INFO|[EXTERNAL]|00550000005cg71|bfffollow@jr.te|Eastern Standard Time|GMT-04:00
11:03:17.0 (581898)|EXECUTION_STARTED
11:03:17.0 (587946)|CODE_UNIT_STARTED|[EXTERNAL]|aura
11:03:17.0 (1017943)|HEAP_ALLOCATE|[72]|Bytes:3
11:03:17.0 (1083358)|HEAP_ALLOCATE|[77]|Bytes:152
11:03:17.0 (1109935)|HEAP_ALLOCATE|[342]|Bytes:408
11:03:17.0 (1138608)|HEAP_ALLOCATE|[355]|Bytes:408
11:03:17.0 (1166487)|HEAP_ALLOCATE|[467]|Bytes:48
11:03:17.0 (1212243)|HEAP_ALLOCATE|[139]|Bytes:6
11:03:17.0 (1263384)|HEAP_ALLOCATE|[EXTERNAL]|Bytes:7
11:03:17.0 (1292274)|HEAP_ALLOCATE|[EXTERNAL]|Bytes:7
11:03:17.0 (1433398)|HEAP_ALLOCATE|[EXTERNAL]|Bytes:1
11:03:17.0 (1450342)|HEAP_ALLOCATE|[EXTERNAL]|Bytes:1
11:03:17.0 (2833691)|CODE_UNIT_STARTED|[EXTERNAL]|01p50000002CPgK|InputLookupController.getCurrentValue
11:03:17.0 (3520657)|HEAP_ALLOCATE|[EXTERNAL]|Bytes:12
11:03:17.0 (3529450)|HEAP_ALLOCATE|[EXTERNAL]|Bytes:7
11:03:17.0 (3535105)|HEAP_ALLOCATE|[EXTERNAL]|Bytes:5
11:03:17.0 (3553359)|METHOD_ENTRY|[1]|01p50000002CPgK|InputLookupController.InputLookupController()
11:03:17.0 (3562461)|STATEMENT_EXECUTE|[1]
11:03:17.0 (3569232)|STATEMENT_EXECUTE|[1]
11:03:17.0 (3570795)|STATEMENT_EXECUTE|[41]
11:03:17.0 (3578337)|METHOD_EXIT|[1]|InputLookupController
11:03:17.0 (3582822)|HEAP_ALLOCATE|[EXTERNAL]|Bytes:7
11:03:17.0 (3584909)|HEAP_ALLOCATE|[EXTERNAL]|Bytes:1
11:03:17.0 (3593855)|SYSTEM_MODE_ENTER|false
11:03:17.0 (3604012)|VARIABLE_SCOPE_BEGIN|[7]|type|String|false|false
11:03:17.0 (3652574)|VARIABLE_ASSIGNMENT|[7]|type|"Contact"
11:03:17.0 (3657531)|VARIABLE_SCOPE_BEGIN|[7]|value|String|false|false
11:03:17.0 (3661355)|VARIABLE_ASSIGNMENT|[7]|value|"a"
11:03:17.0 (3675288)|STATEMENT_EXECUTE|[7]
11:03:17.0 (3767613)|HEAP_ALLOCATE|[50]|Bytes:5
11:03:17.0 (3800395)|HEAP_ALLOCATE|[56]|Bytes:5
11:03:17.0 (3810057)|HEAP_ALLOCATE|[64]|Bytes:7
11:03:17.0 (3824772)|STATEMENT_EXECUTE|[8]
11:03:17.0 (3839603)|STATEMENT_EXECUTE|[12]
11:03:17.0 (3856394)|VARIABLE_SCOPE_BEGIN|[12]|lookupId|Id|false|false
11:03:17.0 (3865614)|VARIABLE_ASSIGNMENT|[12]|lookupId|null
11:03:17.0 (3867931)|STATEMENT_EXECUTE|[13]
11:03:17.0 (3869225)|STATEMENT_EXECUTE|[13]
11:03:17.0 (3870259)|STATEMENT_EXECUTE|[14]
11:03:17.0 (3990640)|HEAP_ALLOCATE|[14]|Bytes:17
11:03:17.0 (4028922)|VARIABLE_SCOPE_BEGIN|[15]|e|Exception|true|false
11:03:17.0 (4135549)|VARIABLE_ASSIGNMENT|[15]|e|"common.apex.runtime.impl.ExecutionException: Invalid id: a"|0x9a9a44b
11:03:17.0 (4141912)|STATEMENT_EXECUTE|[15]
11:03:17.0 (4143433)|STATEMENT_EXECUTE|[16]
11:03:17.0 (4155100)|SYSTEM_MODE_EXIT|false
11:03:17.4 (4184909)|CUMULATIVE_LIMIT_USAGE
11:03:17.4 (4184909)|LIMIT_USAGE_FOR_NS|(default)|
  Number of SOQL queries: 0 out of 100
  Number of query rows: 0 out of 50000
  Number of SOSL queries: 0 out of 20
  Number of DML statements: 0 out of 150
  Number of DML rows: 0 out of 10000
  Maximum CPU time: 0 out of 10000
  Maximum heap size: 0 out of 6000000
  Number of callouts: 0 out of 100
  Number of Email Invocations: 0 out of 10
  Number of future calls: 0 out of 50
  Number of queueable jobs added to the queue: 0 out of 50
  Number of Mobile Apex push calls: 0 out of 10

11:03:17.4 (4184909)|CUMULATIVE_LIMIT_USAGE_END

11:03:17.0 (4224475)|CODE_UNIT_FINISHED|InputLookupController.getCurrentValue
