37.0 APEX_CODE,FINEST;APEX_PROFILING,INFO;CALLOUT,INFO;DB,INFO;SYSTEM,DEBUG;VALIDATION,INFO;VISUALFORCE,INFO;WORKFLOW,INFO
15:40:07.0 (363466)|USER_INFO|[EXTERNAL]|00550000005cg71|bfffollow@jr.te|Eastern Standard Time|GMT-04:00
15:40:07.0 (397614)|EXECUTION_STARTED
15:40:07.0 (405184)|CODE_UNIT_STARTED|[EXTERNAL]|aura
15:40:07.0 (824934)|HEAP_ALLOCATE|[72]|Bytes:3
15:40:07.0 (881366)|HEAP_ALLOCATE|[77]|Bytes:152
15:40:07.0 (899182)|HEAP_ALLOCATE|[342]|Bytes:408
15:40:07.0 (916430)|HEAP_ALLOCATE|[355]|Bytes:408
15:40:07.0 (932627)|HEAP_ALLOCATE|[467]|Bytes:48
15:40:07.0 (960417)|HEAP_ALLOCATE|[139]|Bytes:6
15:40:07.0 (984765)|HEAP_ALLOCATE|[EXTERNAL]|Bytes:93
15:40:07.0 (1002442)|HEAP_ALLOCATE|[EXTERNAL]|Bytes:93
15:40:07.0 (2100131)|CODE_UNIT_STARTED|[EXTERNAL]|01p50000002CIEm|ETLC_ApexBridge_Controller.execute
15:40:07.0 (2704247)|HEAP_ALLOCATE|[EXTERNAL]|Bytes:1
15:40:07.0 (2711927)|HEAP_ALLOCATE|[EXTERNAL]|Bytes:10
15:40:07.0 (2726491)|METHOD_ENTRY|[1]|01p50000002CIEm|ETLC_ApexBridge_Controller.ETLC_ApexBridge_Controller()
15:40:07.0 (2730465)|STATEMENT_EXECUTE|[1]
15:40:07.0 (2735720)|STATEMENT_EXECUTE|[1]
15:40:07.0 (2741671)|METHOD_EXIT|[1]|ETLC_ApexBridge_Controller
15:40:07.0 (2745889)|HEAP_ALLOCATE|[EXTERNAL]|Bytes:93
15:40:07.0 (2759163)|SYSTEM_MODE_ENTER|false
15:40:07.0 (2801024)|VARIABLE_SCOPE_BEGIN|[3]|dataJson|String|false|false
15:40:07.0 (2848936)|VARIABLE_ASSIGNMENT|[3]|dataJson|"{\"operation\":\"BFFFol (73 more) ..."
15:40:07.0 (2867623)|STATEMENT_EXECUTE|[3]
15:40:07.0 (2869420)|STATEMENT_EXECUTE|[4]
15:40:07.0 (5025418)|VARIABLE_SCOPE_BEGIN|[4]|data|ETLC_ApexBridge_Data|true|false
15:40:07.0 (5040158)|VARIABLE_ASSIGNMENT|[4]|data|null|
15:40:07.0 (5043534)|STATEMENT_EXECUTE|[5]
15:40:07.0 (5045085)|STATEMENT_EXECUTE|[5]
15:40:07.0 (5046154)|STATEMENT_EXECUTE|[6]
15:40:07.0 (5062158)|HEAP_ALLOCATE|[6]|Bytes:11
15:40:07.0 (5071215)|HEAP_ALLOCATE|[6]|Bytes:248
15:40:07.0 (5074512)|HEAP_ALLOCATE|[6]|Bytes:39
15:40:07.0 (5111847)|METHOD_ENTRY|[2]|01p50000002CIEo|ETLC_ApexBridge_Data.ETLC_ApexBridge_Data()
15:40:07.0 (5115205)|STATEMENT_EXECUTE|[2]
15:40:07.0 (5119128)|STATEMENT_EXECUTE|[2]
15:40:07.0 (5124448)|METHOD_EXIT|[2]|ETLC_ApexBridge_Data
15:40:07.0 (5154611)|METHOD_ENTRY|[6]|01p50000002CIEo|ETLC_ApexBridge_Data.fromJSON(String)
15:40:07.0 (5181512)|VARIABLE_SCOPE_BEGIN|[60]|strJson|String|false|false
15:40:07.0 (5193225)|VARIABLE_ASSIGNMENT|[60]|strJson|"{\"operation\":\"BFFFol (73 more) ..."
15:40:07.0 (5197434)|STATEMENT_EXECUTE|[60]
15:40:07.0 (5198796)|STATEMENT_EXECUTE|[61]
15:40:07.0 (5207634)|HEAP_ALLOCATE|[61]|Bytes:20
15:40:07.0 (5231011)|HEAP_ALLOCATE|[50]|Bytes:5
15:40:07.0 (5257863)|HEAP_ALLOCATE|[56]|Bytes:5
15:40:07.0 (5267665)|HEAP_ALLOCATE|[64]|Bytes:7
15:40:07.0 (5361278)|HEAP_ALLOCATE|[61]|Bytes:24
15:40:07.0 (5372371)|SYSTEM_METHOD_ENTRY|[1]|Type.Type()
15:40:07.0 (5374994)|STATEMENT_EXECUTE|[1]
15:40:07.0 (5381367)|SYSTEM_METHOD_EXIT|[1]|Type
15:40:07.0 (5386918)|HEAP_ALLOCATE|[61]|Bytes:8
15:40:07.0 (5411032)|HEAP_ALLOCATE|[61]|Bytes:8
15:40:07.0 (5416536)|VARIABLE_SCOPE_BEGIN|[4]|this|System.Type|true|false
15:40:07.0 (5475600)|VARIABLE_ASSIGNMENT|[4]|this|{}|0x45a2044f
15:40:07.0 (5482243)|VARIABLE_SCOPE_BEGIN|[4]|apextype|java:common.apex.runtime.ApexObjectType|true|false
15:40:07.0 (5671068)|VARIABLE_ASSIGNMENT|[4]|apextype|"ETLC_ApexBridge_Data"|0x7b432fc3
15:40:07.0 (5773879)|HEAP_ALLOCATE|[61]|Bytes:8
15:40:07.0 (5813399)|HEAP_ALLOCATE|[61]|Bytes:24
15:40:07.0 (5823951)|SYSTEM_METHOD_ENTRY|[1]|JSON.JSON()
15:40:07.0 (5826198)|STATEMENT_EXECUTE|[1]
15:40:07.0 (5831903)|SYSTEM_METHOD_EXIT|[1]|JSON
15:40:07.0 (5847570)|METHOD_ENTRY|[61]||System.JSON.deserializeStrict(String, System.Type)
15:40:07.0 (6390760)|METHOD_EXIT|[61]||System.JSON.deserializeStrict(String, System.Type)
15:40:07.0 (6406585)|METHOD_EXIT|[6]|01p50000002CIEo|ETLC_ApexBridge_Data.fromJSON(String)
15:40:07.0 (6466745)|VARIABLE_ASSIGNMENT|[6]|data|{"debug":true,"input":"{\"mode\":\"fetchFollow (9 more) ...","operation":"BFFFollow_Controller"}|0x4e50cc97
15:40:07.0 (6471996)|STATEMENT_EXECUTE|[7]
15:40:07.0 (6481944)|HEAP_ALLOCATE|[7]|Bytes:6
15:40:07.0 (6550981)|HEAP_ALLOCATE|[7]|Bytes:177
15:40:07.0 (6570895)|HEAP_ALLOCATE|[7]|Bytes:183
15:40:07.0 (6591868)|USER_DEBUG|[7]|DEBUG|data::ETLC_ApexBridge_Data:[debug=true, input={"mode":"fetchFollowedUsers"}, isSuccess=null, messages=null, operation=BFFFollow_Controller, output=null, outputFlag=null, records=null]
15:40:07.0 (6598858)|STATEMENT_EXECUTE|[8]
15:40:07.0 (6658480)|VARIABLE_ASSIGNMENT|[EXTERNAL]|this|{"debug":true,"input":"{\"mode\":\"fetchFollow (9 more) ...","operation":"BFFFollow_Controller"}|0x4e50cc97
15:40:07.0 (6681574)|METHOD_ENTRY|[8]||System.Type.forName(String)
15:40:07.0 (8425115)|METHOD_EXIT|[8]||System.Type.forName(String)
15:40:07.0 (8437785)|METHOD_ENTRY|[8]||System.Type.newInstance()
15:40:07.0 (9705723)|STATEMENT_EXECUTE|[1]
15:40:07.0 (9718832)|HEAP_ALLOCATE|[33]|Bytes:5
15:40:07.0 (9731884)|METHOD_EXIT|[1]|BFFFollow_Controller
15:40:07.0 (9745954)|HEAP_ALLOCATE|[33]|Bytes:4
15:40:07.0 (9755140)|VARIABLE_SCOPE_BEGIN|[1]|this|BFFFollow_Controller|true|false
15:40:07.0 (9774227)|VARIABLE_ASSIGNMENT|[1]|this|{}|0x72467b00
15:40:07.0 (9782846)|HEAP_ALLOCATE|[33]|Bytes:5
15:40:07.0 (9791539)|HEAP_ALLOCATE|[33]|Bytes:11
15:40:07.0 (9809326)|METHOD_ENTRY|[1]|01p50000002CIEj|ETLC_ApexBridge_Abstract.ETLC_ApexBridge_Abstract()
15:40:07.0 (9812422)|STATEMENT_EXECUTE|[1]
15:40:07.0 (9816151)|STATEMENT_EXECUTE|[1]
15:40:07.0 (9820369)|METHOD_EXIT|[1]|ETLC_ApexBridge_Abstract
15:40:07.0 (9827454)|CONSTRUCTOR_ENTRY|[EXTERNAL]|01p50000002CIEj|<init>()
15:40:07.0 (9846719)|VARIABLE_SCOPE_BEGIN|[1]|this|ETLC_ApexBridge_Abstract|true|false
15:40:07.0 (9867127)|VARIABLE_ASSIGNMENT|[1]|this|{}|0x72467b00
15:40:07.0 (9883459)|STATEMENT_EXECUTE|[1]
15:40:07.0 (9887818)|CONSTRUCTOR_EXIT|[EXTERNAL]|01p50000002CIEj|<init>()
15:40:07.0 (9892978)|STATEMENT_EXECUTE|[1]
15:40:07.0 (9897812)|HEAP_ALLOCATE|[33]|Bytes:5
15:40:07.0 (9914346)|METHOD_EXIT|[8]||System.Type.newInstance()
15:40:07.0 (9923245)|VARIABLE_SCOPE_BEGIN|[8]|executor|ETLC_ApexBridge_Abstract|true|false
15:40:07.0 (9936845)|VARIABLE_ASSIGNMENT|[8]|executor|{}|0x72467b00
15:40:07.0 (9939807)|STATEMENT_EXECUTE|[9]
15:40:07.0 (9981451)|METHOD_ENTRY|[9]|01p50000002D8iw|BFFFollow_Controller.process(ETLC_ApexBridge_Data)
15:40:07.0 (10006336)|VARIABLE_SCOPE_BEGIN|[3]|this|BFFFollow_Controller|true|false
15:40:07.0 (10021802)|VARIABLE_ASSIGNMENT|[3]|this|{}|0x72467b00
15:40:07.0 (10026481)|VARIABLE_SCOPE_BEGIN|[3]|data|ETLC_ApexBridge_Data|true|false
15:40:07.0 (10051243)|VARIABLE_ASSIGNMENT|[3]|data|{"debug":true,"input":"{\"mode\":\"fetchFollow (9 more) ...","operation":"BFFFollow_Controller"}|0x4e50cc97
15:40:07.0 (10061044)|HEAP_ALLOCATE|[4]|Bytes:5
15:40:07.0 (10065070)|STATEMENT_EXECUTE|[3]
15:40:07.0 (10066471)|STATEMENT_EXECUTE|[4]
15:40:07.0 (10144394)|VARIABLE_ASSIGNMENT|[EXTERNAL]|this|{"debug":true,"input":"{\"mode\":\"fetchFollow (9 more) ...","operation":"BFFFollow_Controller"}|0x4e50cc97
15:40:07.0 (10165669)|VARIABLE_ASSIGNMENT|[4]|BFFFollow_Controller.debugFlag|true
15:40:07.0 (10201105)|VARIABLE_ASSIGNMENT|[EXTERNAL]|this|{"debug":true,"input":"{\"mode\":\"fetchFollow (9 more) ...","operation":"BFFFollow_Controller"}|0x4e50cc97
15:40:07.0 (10214131)|STATEMENT_EXECUTE|[5]
15:40:07.0 (10223181)|HEAP_ALLOCATE|[5]|Bytes:12
15:40:07.0 (10260574)|HEAP_ALLOCATE|[5]|Bytes:177
15:40:07.0 (10275228)|HEAP_ALLOCATE|[5]|Bytes:189
15:40:07.0 (10287366)|USER_DEBUG|[5]|DEBUG|data BEFORE:ETLC_ApexBridge_Data:[debug=true, input={"mode":"fetchFollowedUsers"}, isSuccess=null, messages=null, operation=BFFFollow_Controller, output=null, outputFlag=null, records=null]
15:40:07.0 (10293353)|STATEMENT_EXECUTE|[7]
15:40:07.0 (10300511)|HEAP_ALLOCATE|[7]|Bytes:4
15:40:07.0 (10322798)|METHOD_ENTRY|[7]|01p50000002CIEo|ETLC_ApexBridge_Data.getInputValue(String)
15:40:07.0 (10348038)|VARIABLE_SCOPE_BEGIN|[52]|this|ETLC_ApexBridge_Data|true|false
15:40:07.0 (10376907)|VARIABLE_ASSIGNMENT|[52]|this|{"debug":true,"input":"{\"mode\":\"fetchFollow (9 more) ...","operation":"BFFFollow_Controller"}|0x4e50cc97
15:40:07.0 (10383551)|VARIABLE_SCOPE_BEGIN|[52]|key|String|false|false
15:40:07.0 (10387596)|VARIABLE_ASSIGNMENT|[52]|key|"mode"
15:40:07.0 (10391689)|STATEMENT_EXECUTE|[52]
15:40:07.0 (10393084)|STATEMENT_EXECUTE|[53]
15:40:07.0 (10444431)|VARIABLE_ASSIGNMENT|[EXTERNAL]|this|{"debug":true,"input":"{\"mode\":\"fetchFollow (9 more) ...","operation":"BFFFollow_Controller"}|0x4e50cc97
15:40:07.0 (10463331)|METHOD_ENTRY|[53]||System.JSON.deserializeUntyped(String)
15:40:07.0 (10709793)|METHOD_EXIT|[53]||System.JSON.deserializeUntyped(String)
15:40:07.0 (10720819)|VARIABLE_SCOPE_BEGIN|[53]|inputMap|Map<String,ANY>|true|false
15:40:07.0 (10743836)|VARIABLE_ASSIGNMENT|[53]|inputMap|{"s":1,"v":{"mode":"fetchFollowedUsers"}}|0x4aa20ecc
15:40:07.0 (10747362)|STATEMENT_EXECUTE|[54]
15:40:07.0 (10808245)|METHOD_EXIT|[7]|01p50000002CIEo|ETLC_ApexBridge_Data.getInputValue(String)
15:40:07.0 (10818266)|VARIABLE_SCOPE_BEGIN|[7]|mode|String|false|false
15:40:07.0 (10829346)|VARIABLE_ASSIGNMENT|[7]|mode|"fetchFollowedUsers"
15:40:07.0 (10836231)|HEAP_ALLOCATE|[9]|Bytes:18
15:40:07.0 (10873604)|STATEMENT_EXECUTE|[9]
15:40:07.0 (10876053)|STATEMENT_EXECUTE|[10]
15:40:07.0 (10923344)|HEAP_ALLOCATE|[10]|Bytes:85
15:40:07.0 (10935658)|SYSTEM_METHOD_ENTRY|[1]|UserInfo.UserInfo()
15:40:07.0 (10938314)|STATEMENT_EXECUTE|[1]
15:40:07.0 (10944710)|SYSTEM_METHOD_EXIT|[1]|UserInfo
15:40:07.0 (10959517)|METHOD_ENTRY|[10]||System.UserInfo.getUserId()
15:40:07.0 (10993094)|METHOD_EXIT|[10]||System.UserInfo.getUserId()
15:40:07.0 (11007504)|HEAP_ALLOCATE|[10]|Bytes:4
15:40:07.0 (11023744)|METHOD_ENTRY|[10]|01p50000002D8iw|BFFFollow_Controller.fetchFollowedUsers(Id)
15:40:07.0 (11031808)|VARIABLE_SCOPE_BEGIN|[24]|this|BFFFollow_Controller|true|false
15:40:07.0 (11046515)|VARIABLE_ASSIGNMENT|[24]|this|{}|0x72467b00
15:40:07.0 (11051697)|VARIABLE_SCOPE_BEGIN|[24]|followedById|Id|false|false
15:40:07.0 (11129818)|VARIABLE_ASSIGNMENT|[24]|followedById|"00550000005cg71AAA"
15:40:07.0 (11141385)|HEAP_ALLOCATE|[25]|Bytes:5
15:40:07.0 (11145559)|STATEMENT_EXECUTE|[24]
15:40:07.0 (11147147)|STATEMENT_EXECUTE|[25]
15:40:07.0 (11155946)|HEAP_ALLOCATE|[25]|Bytes:63
15:40:07.0 (11203339)|HEAP_ALLOCATE|[25]|Bytes:18
15:40:07.0 (11221944)|HEAP_ALLOCATE|[25]|Bytes:9
15:40:07.0 (11233234)|HEAP_ALLOCATE|[25]|Bytes:90
15:40:07.0 (11238763)|VARIABLE_SCOPE_BEGIN|[25]|soql|String|false|false
15:40:07.0 (11247966)|VARIABLE_ASSIGNMENT|[25]|soql|"SELECT FollowedUsers (70 more) ..."
15:40:07.0 (11250948)|STATEMENT_EXECUTE|[26]
15:40:07.0 (11252453)|STATEMENT_EXECUTE|[26]
15:40:07.0 (11257773)|STATEMENT_EXECUTE|[27]
15:40:07.0 (11259048)|STATEMENT_EXECUTE|[27]
15:40:07.0 (11267295)|HEAP_ALLOCATE|[27]|Bytes:24
15:40:07.0 (11273949)|HEAP_ALLOCATE|[27]|Bytes:114
15:40:07.0 (11299345)|USER_DEBUG|[27]|DEBUG|fetchFollowedUsers:soql:SELECT FollowedUsers__c FROM BFFFollow__c WHERE FollowedBy__c='00550000005cg71AAA' limit 1
15:40:07.0 (11306683)|STATEMENT_EXECUTE|[28]
15:40:07.0 (13925476)|HEAP_ALLOCATE|[28]|Bytes:9
15:40:07.0 (13935334)|HEAP_ALLOCATE|[28]|Bytes:29
15:40:07.0 (13938725)|HEAP_ALLOCATE|[28]|Bytes:21
15:40:07.0 (13959055)|METHOD_ENTRY|[7]|01p50000002CIEt|ETLC_SecuredDB.ETLC_SecuredDB()
15:40:07.0 (13962405)|STATEMENT_EXECUTE|[7]
15:40:07.0 (13966898)|STATEMENT_EXECUTE|[7]
15:40:07.0 (13972836)|HEAP_ALLOCATE|[28]|Bytes:5
15:40:07.0 (13982815)|METHOD_EXIT|[7]|ETLC_SecuredDB
15:40:07.0 (14013134)|METHOD_ENTRY|[28]|01p50000002CIEt|ETLC_SecuredDB.query(String)
15:40:07.0 (14036575)|VARIABLE_SCOPE_BEGIN|[10]|SOQL|String|false|false
15:40:07.0 (14047168)|VARIABLE_ASSIGNMENT|[10]|SOQL|"SELECT FollowedUsers (70 more) ..."
15:40:07.0 (14055596)|HEAP_ALLOCATE|[12]|Bytes:5
15:40:07.0 (14059944)|STATEMENT_EXECUTE|[10]
15:40:07.0 (14061407)|STATEMENT_EXECUTE|[12]
15:40:07.0 (15068867)|SOQL_EXECUTE_BEGIN|[12]|Aggregations:0|SELECT FollowedUsers__c FROM BFFFollow__c WHERE FollowedBy__c='00550000005cg71AAA' limit 1
15:40:07.0 (18698753)|SOQL_EXECUTE_END|[12]|Rows:1
15:40:07.0 (18729243)|HEAP_ALLOCATE|[12]|Bytes:8
15:40:07.0 (18743946)|HEAP_ALLOCATE|[12]|Bytes:158
15:40:07.0 (18821796)|HEAP_ALLOCATE|[12]|Bytes:8
15:40:07.0 (18845787)|VARIABLE_SCOPE_BEGIN|[12]|dbRecords|List<SObject>|true|false
15:40:07.0 (18907003)|VARIABLE_ASSIGNMENT|[12]|dbRecords|{"s":1,"v":[{"s":2,"v":{"FollowedUsers__c":"[{\"id\":\"00550000005c (85 more) ...","Id":"a005000000ezW4dAAE"}}]}|0x29629540
15:40:07.0 (18915074)|STATEMENT_EXECUTE|[20]
15:40:07.0 (19287360)|HEAP_ALLOCATE|[20]|Bytes:12
15:40:07.0 (19299786)|HEAP_ALLOCATE|[20]|Bytes:8
15:40:07.0 (19369549)|HEAP_ALLOCATE|[20]|Bytes:12
15:40:07.0 (19376422)|HEAP_ALLOCATE|[20]|Bytes:9
15:40:07.0 (19390378)|HEAP_ALLOCATE|[20]|Bytes:12
15:40:07.0 (19393981)|HEAP_ALLOCATE|[20]|Bytes:8
15:40:07.0 (19405241)|HEAP_ALLOCATE|[20]|Bytes:12
15:40:07.0 (19408603)|HEAP_ALLOCATE|[20]|Bytes:8
15:40:07.0 (19419080)|HEAP_ALLOCATE|[20]|Bytes:12
15:40:07.0 (19422497)|HEAP_ALLOCATE|[20]|Bytes:9
15:40:07.0 (19456484)|METHOD_ENTRY|[20]|01p50000002CIEt|ETLC_SecuredDB.findFields(List<SObject>)
15:40:07.0 (19487118)|VARIABLE_SCOPE_BEGIN|[108]|dbRecords|List<SObject>|true|false
15:40:07.0 (19508222)|VARIABLE_ASSIGNMENT|[108]|dbRecords|{"s":1,"v":[{"s":2,"v":{"FollowedUsers__c":"[{\"id\":\"00550000005c (85 more) ...","Id":"a005000000ezW4dAAE"}}]}|0x29629540
15:40:07.0 (19519463)|HEAP_ALLOCATE|[109]|Bytes:5
15:40:07.0 (19523823)|STATEMENT_EXECUTE|[108]
15:40:07.0 (19525275)|STATEMENT_EXECUTE|[109]
15:40:07.0 (19535824)|VARIABLE_SCOPE_BEGIN|[109]|strJSON|String|false|false
15:40:07.0 (19542011)|VARIABLE_ASSIGNMENT|[109]|strJSON|null
15:40:07.0 (19544192)|STATEMENT_EXECUTE|[110]
15:40:07.0 (19549591)|VARIABLE_SCOPE_BEGIN|[110]|mapFields|Map<String,Set<String>>|true|false
15:40:07.0 (19554438)|VARIABLE_ASSIGNMENT|[110]|mapFields|null|
15:40:07.0 (19556499)|STATEMENT_EXECUTE|[112]
15:40:07.0 (19570630)|METHOD_ENTRY|[112]||System.JSON.serialize(Object)
15:40:07.0 (20000639)|METHOD_EXIT|[112]||System.JSON.serialize(Object)
15:40:07.0 (20016864)|VARIABLE_ASSIGNMENT|[112]|strJSON|"[{\"attributes\":{\"typ (259 more) ..."
15:40:07.0 (20020405)|STATEMENT_EXECUTE|[113]
15:40:07.0 (20029714)|HEAP_ALLOCATE|[113]|Bytes:5
15:40:07.0 (20040898)|HEAP_ALLOCATE|[113]|Bytes:284
15:40:07.0 (20069784)|USER_DEBUG|[113]|DEBUG|JSON:[{"attributes":{"type":"BFFFollow__c","url":"/services/data/v37.0/sobjects/BFFFollow__c/a005000000ezW4dAAE"},"FollowedUsers__c":"[{\"id\":\"00550000005cg71AAA\",\"name\":\"Jaswinder Rattanpal\"},{\"id\":\"00550000005d7KnAAI\",\"name\":\"Test User\"}]","Id":"a005000000ezW4dAAE"}]
15:40:07.0 (20078747)|STATEMENT_EXECUTE|[114]
15:40:07.0 (20089797)|HEAP_ALLOCATE|[114]|Bytes:4
15:40:07.0 (20114794)|VARIABLE_ASSIGNMENT|[114]|mapFields|{"s":1,"v":{}}|0x725cf8f5
15:40:07.0 (20117942)|STATEMENT_EXECUTE|[115]
15:40:07.0 (20130188)|METHOD_ENTRY|[115]||System.JSON.deserializeUntyped(String)
15:40:07.0 (20509831)|METHOD_EXIT|[115]||System.JSON.deserializeUntyped(String)
15:40:07.0 (20521489)|VARIABLE_SCOPE_BEGIN|[115]|records|List<ANY>|true|false
15:40:07.0 (20545979)|HEAP_ALLOCATE|[EXTERNAL]|Bytes:8
15:40:07.0 (20569592)|VARIABLE_ASSIGNMENT|[115]|records|{"s":1,"v":[{"s":2,"v":{"attributes":{"s":3,"v":{"type":"BFFFollow__c","url":"/services/data/v37.0 (41 more) ..."}},"FollowedUsers__c":"[{\"id\":\"00550000005c (85 more) ...","Id":"a005000000ezW4dAAE"}}]}|0x37c4557
15:40:07.0 (20616838)|HEAP_ALLOCATE|[116]|Bytes:5
15:40:07.0 (20633207)|HEAP_ALLOCATE|[116]|Bytes:16
15:40:07.0 (20644767)|VARIABLE_SCOPE_BEGIN|[116]|record|Object|false|false
15:40:07.0 (20666649)|VARIABLE_ASSIGNMENT|[116]|record|{"s":1,"v":{"attributes":{"s":2,"v":{"type":"BFFFollow__c","url":"/services/data/v37.0 (41 more) ..."}},"FollowedUsers__c":"[{\"id\":\"00550000005c (85 more) ...","Id":"a005000000ezW4dAAE"}}
15:40:07.0 (20671182)|STATEMENT_EXECUTE|[116]
15:40:07.0 (20672534)|STATEMENT_EXECUTE|[117]
15:40:07.0 (20696615)|METHOD_ENTRY|[117]|01p50000002CIEt|ETLC_SecuredDB.findFieldsRecursive(Map<String,Set<String>>, Map<String,ANY>)
15:40:07.0 (20724584)|VARIABLE_SCOPE_BEGIN|[124]|mapFields|Map<String,Set<String>>|true|false
15:40:07.0 (20741169)|VARIABLE_ASSIGNMENT|[124]|mapFields|{"s":1,"v":{}}|0x725cf8f5
15:40:07.0 (20746168)|VARIABLE_SCOPE_BEGIN|[124]|record|Map<String,ANY>|true|false
15:40:07.0 (20759306)|VARIABLE_ASSIGNMENT|[124]|record|{"s":1,"v":{"attributes":{"s":2,"v":{"type":"BFFFollow__c","url":"/services/data/v37.0 (41 more) ..."}},"FollowedUsers__c":"[{\"id\":\"00550000005c (85 more) ...","Id":"a005000000ezW4dAAE"}}|0x366b463e
15:40:07.0 (20769013)|HEAP_ALLOCATE|[125]|Bytes:5
15:40:07.0 (20772931)|STATEMENT_EXECUTE|[124]
15:40:07.0 (20774458)|STATEMENT_EXECUTE|[125]
15:40:07.0 (20782085)|HEAP_ALLOCATE|[125]|Bytes:10
15:40:07.0 (20787060)|VARIABLE_SCOPE_BEGIN|[125]|strAttributes|String|false|false
15:40:07.0 (20792905)|VARIABLE_ASSIGNMENT|[125]|strAttributes|"attributes"
15:40:07.0 (20795119)|STATEMENT_EXECUTE|[126]
15:40:07.0 (20799768)|HEAP_ALLOCATE|[126]|Bytes:7
15:40:07.0 (20803294)|VARIABLE_SCOPE_BEGIN|[126]|strRecord|String|false|false
15:40:07.0 (20807564)|VARIABLE_ASSIGNMENT|[126]|strRecord|"records"
15:40:07.0 (20842664)|STATEMENT_EXECUTE|[127]
15:40:07.0 (20844855)|STATEMENT_EXECUTE|[128]
15:40:07.0 (20886379)|VARIABLE_SCOPE_BEGIN|[128]|attributes|Map<String,ANY>|true|false
15:40:07.0 (20903454)|VARIABLE_ASSIGNMENT|[128]|attributes|{"s":1,"v":{"type":"BFFFollow__c","url":"/services/data/v37.0 (41 more) ..."}}|0x2dea131f
15:40:07.0 (20906885)|STATEMENT_EXECUTE|[129]
15:40:07.0 (20914618)|HEAP_ALLOCATE|[129]|Bytes:4
15:40:07.0 (20947102)|VARIABLE_SCOPE_BEGIN|[129]|objectName|String|false|false
15:40:07.0 (20954885)|VARIABLE_ASSIGNMENT|[129]|objectName|"BFFFollow__c"
15:40:07.0 (20963307)|HEAP_ALLOCATE|[130]|Bytes:4
15:40:07.0 (21028955)|HEAP_ALLOCATE|[130]|Bytes:44
15:40:07.0 (21050594)|HEAP_ALLOCATE|[130]|Bytes:12
15:40:07.0 (21075047)|HEAP_ALLOCATE|[130]|Bytes:5
15:40:07.0 (21090174)|VARIABLE_SCOPE_BEGIN|[130]|fieldName|String|false|false
15:40:07.0 (21097815)|VARIABLE_ASSIGNMENT|[130]|fieldName|"attributes"
15:40:07.0 (21100691)|STATEMENT_EXECUTE|[130]
15:40:07.0 (21102094)|STATEMENT_EXECUTE|[131]
15:40:07.0 (21143986)|VARIABLE_SCOPE_BEGIN|[131]|field|Object|false|false
15:40:07.0 (21162530)|VARIABLE_ASSIGNMENT|[131]|field|{"s":1,"v":{"type":"BFFFollow__c","url":"/services/data/v37.0 (41 more) ..."}}
15:40:07.0 (21186442)|STATEMENT_EXECUTE|[132]
15:40:07.0 (21203042)|HEAP_ALLOCATE|[130]|Bytes:5
15:40:07.0 (21215988)|VARIABLE_SCOPE_BEGIN|[130]|fieldName|String|false|false
15:40:07.0 (21223064)|VARIABLE_ASSIGNMENT|[130]|fieldName|"FollowedUsers__c"
15:40:07.0 (21225687)|STATEMENT_EXECUTE|[130]
15:40:07.0 (21226884)|STATEMENT_EXECUTE|[131]
15:40:07.0 (21246741)|VARIABLE_SCOPE_BEGIN|[131]|field|Object|false|false
15:40:07.0 (21256499)|VARIABLE_ASSIGNMENT|[131]|field|"[{\"id\":\"00550000005c (85 more) ..."
15:40:07.0 (21268400)|HEAP_ALLOCATE|[134]|Bytes:68
15:40:07.0 (21288446)|STATEMENT_EXECUTE|[136]
15:40:07.0 (21290187)|STATEMENT_EXECUTE|[137]
15:40:07.0 (21299994)|HEAP_ALLOCATE|[137]|Bytes:4
15:40:07.0 (21333890)|VARIABLE_SCOPE_BEGIN|[137]|fieldNames|Set<String>|true|false
15:40:07.0 (21353281)|VARIABLE_ASSIGNMENT|[137]|fieldNames|{"s":1,"v":[]}|0x595371a1
15:40:07.0 (21387443)|STATEMENT_EXECUTE|[138]
15:40:07.0 (21393845)|STATEMENT_EXECUTE|[139]
15:40:07.0 (21424447)|HEAP_ALLOCATE|[EXTERNAL]|Bytes:4
15:40:07.0 (21433540)|STATEMENT_EXECUTE|[140]
15:40:07.0 (21462220)|HEAP_ALLOCATE|[EXTERNAL]|Bytes:-4
15:40:07.0 (21477335)|HEAP_ALLOCATE|[130]|Bytes:5
15:40:07.0 (21489224)|VARIABLE_SCOPE_BEGIN|[130]|fieldName|String|false|false
15:40:07.0 (21496198)|VARIABLE_ASSIGNMENT|[130]|fieldName|"Id"
15:40:07.0 (21498940)|STATEMENT_EXECUTE|[130]
15:40:07.0 (21500410)|STATEMENT_EXECUTE|[131]
15:40:07.0 (21520643)|VARIABLE_SCOPE_BEGIN|[131]|field|Object|false|false
15:40:07.0 (21528792)|VARIABLE_ASSIGNMENT|[131]|field|"a005000000ezW4dAAE"
15:40:07.0 (21545321)|STATEMENT_EXECUTE|[136]
15:40:07.0 (21546962)|STATEMENT_EXECUTE|[137]
15:40:07.0 (21554886)|HEAP_ALLOCATE|[137]|Bytes:4
15:40:07.0 (21565879)|VARIABLE_SCOPE_BEGIN|[137]|fieldNames|Set<String>|true|false
15:40:07.0 (21580995)|VARIABLE_ASSIGNMENT|[137]|fieldNames|{"s":1,"v":[]}|0x35658603
15:40:07.0 (21593636)|STATEMENT_EXECUTE|[138]
15:40:07.0 (21619333)|VARIABLE_ASSIGNMENT|[138]|fieldNames|{"s":1,"v":["FollowedUsers__c"]}|0x595371a1
15:40:07.0 (21622570)|STATEMENT_EXECUTE|[139]
15:40:07.0 (21636227)|HEAP_ALLOCATE|[EXTERNAL]|Bytes:4
15:40:07.0 (21642956)|STATEMENT_EXECUTE|[140]
15:40:07.0 (21665561)|HEAP_ALLOCATE|[130]|Bytes:5
15:40:07.0 (21677094)|VARIABLE_ASSIGNMENT|[130]|fieldName|null
15:40:07.0 (21687413)|METHOD_EXIT|[117]|01p50000002CIEt|ETLC_SecuredDB.findFieldsRecursive(Map<String,Set<String>>, Map<String,ANY>)
15:40:07.0 (21697627)|HEAP_ALLOCATE|[116]|Bytes:5
15:40:07.0 (21715828)|VARIABLE_ASSIGNMENT|[116]|record|null
15:40:07.0 (21722743)|HEAP_ALLOCATE|[119]|Bytes:4
15:40:07.0 (21780114)|HEAP_ALLOCATE|[119]|Bytes:20
15:40:07.0 (21798345)|HEAP_ALLOCATE|[119]|Bytes:4
15:40:07.0 (21818697)|HEAP_ALLOCATE|[119]|Bytes:5
15:40:07.0 (21833465)|VARIABLE_SCOPE_BEGIN|[119]|objectName|String|false|false
15:40:07.0 (21842504)|VARIABLE_ASSIGNMENT|[119]|objectName|"BFFFollow__c"
15:40:07.0 (21845932)|STATEMENT_EXECUTE|[119]
15:40:07.0 (21847506)|STATEMENT_EXECUTE|[120]
15:40:07.0 (21856699)|HEAP_ALLOCATE|[120]|Bytes:2
15:40:07.0 (21920464)|HEAP_ALLOCATE|[120]|Bytes:22
15:40:07.0 (21935267)|HEAP_ALLOCATE|[120]|Bytes:36
15:40:07.0 (21946420)|USER_DEBUG|[120]|DEBUG|BFFFollow__c: {FollowedUsers__c, Id}
15:40:07.0 (21959370)|HEAP_ALLOCATE|[119]|Bytes:5
15:40:07.0 (21971592)|VARIABLE_ASSIGNMENT|[119]|objectName|null
15:40:07.0 (21975175)|STATEMENT_EXECUTE|[122]
15:40:07.0 (21988606)|METHOD_EXIT|[20]|01p50000002CIEt|ETLC_SecuredDB.findFields(List<SObject>)
15:40:07.0 (22006719)|METHOD_ENTRY|[20]|01p50000002CIEt|ETLC_SecuredDB.validate(ETLC_SecuredDB.Operation, Map<String,Set<String>>)
15:40:07.0 (22016775)|VARIABLE_SCOPE_BEGIN|[55]|op|ETLC_SecuredDB.Operation|true|false
15:40:07.0 (22035926)|VARIABLE_ASSIGNMENT|[55]|op|"Querying"|0x5678f9b4
15:40:07.0 (22041178)|VARIABLE_SCOPE_BEGIN|[55]|mapFieldNames|Map<String,Set<String>>|true|false
15:40:07.0 (22057398)|VARIABLE_ASSIGNMENT|[55]|mapFieldNames|{"s":1,"v":{"BFFFollow__c":{"s":2,"v":["FollowedUsers__c","Id"]}}}|0x725cf8f5
15:40:07.0 (22066598)|HEAP_ALLOCATE|[56]|Bytes:5
15:40:07.0 (22070638)|STATEMENT_EXECUTE|[55]
15:40:07.0 (22072151)|STATEMENT_EXECUTE|[56]
15:40:07.0 (22080654)|VARIABLE_SCOPE_BEGIN|[56]|securityMessage|String|false|false
15:40:07.0 (22085828)|VARIABLE_ASSIGNMENT|[56]|securityMessage|null
15:40:07.0 (22087877)|STATEMENT_EXECUTE|[57]
15:40:07.0 (38074354)|HEAP_ALLOCATE|[57]|Bytes:1440
15:40:07.0 (38105500)|VARIABLE_SCOPE_BEGIN|[57]|mapObjects|Map<String,Schema.SObjectType>|true|false
15:40:07.0 (38324164)|VARIABLE_ASSIGNMENT|[57]|mapObjects|"{acceptedeventrelation=AcceptedEventRelation, account=Account, accountcontactrole=AccountContactRole, accountfeed=AccountFeed, accounthistory=AccountHistory, accountpartner=AccountPartner, accountshare=AccountShare, actionlinkgrouptemplate=ActionLinkGroupTemplate, actionlinktemplate=ActionLinkTemplate, activityhistory=ActivityHistory, ...}"|0x14e444a3
15:40:07.0 (38341146)|HEAP_ALLOCATE|[58]|Bytes:4
15:40:07.0 (38413709)|HEAP_ALLOCATE|[58]|Bytes:20
15:40:07.0 (38431257)|HEAP_ALLOCATE|[58]|Bytes:4
15:40:07.0 (38459424)|HEAP_ALLOCATE|[58]|Bytes:5
15:40:07.0 (38479948)|VARIABLE_SCOPE_BEGIN|[58]|sObjectName|String|false|false
15:40:07.0 (38490856)|VARIABLE_ASSIGNMENT|[58]|sObjectName|"BFFFollow__c"
15:40:07.0 (38494937)|STATEMENT_EXECUTE|[58]
15:40:07.0 (38496698)|STATEMENT_EXECUTE|[59]
15:40:07.0 (38512250)|HEAP_ALLOCATE|[59]|Bytes:9
15:40:07.0 (38517779)|HEAP_ALLOCATE|[59]|Bytes:7
15:40:07.0 (38572277)|HEAP_ALLOCATE|[59]|Bytes:8
15:40:07.0 (38583889)|HEAP_ALLOCATE|[59]|Bytes:1
15:40:07.0 (38596579)|HEAP_ALLOCATE|[59]|Bytes:37
15:40:07.0 (38607377)|VARIABLE_ASSIGNMENT|[59]|securityMessage|"CRUD on [BFFFollow__ (17 more) ..."
15:40:07.0 (38610612)|STATEMENT_EXECUTE|[60]
15:40:07.0 (38618395)|HEAP_ALLOCATE|[60]|Bytes:10
15:40:07.0 (38625840)|HEAP_ALLOCATE|[60]|Bytes:47
15:40:07.0 (38656832)|USER_DEBUG|[60]|DEBUG|Checking: CRUD on [BFFFollow__c] for [Querying]
15:40:07.0 (38664084)|STATEMENT_EXECUTE|[61]
15:40:07.0 (38939408)|HEAP_ALLOCATE|[61]|Bytes:4
15:40:07.0 (38982423)|VARIABLE_SCOPE_BEGIN|[61]|drSObj|Schema.DescribeSObjectResult|true|false
15:40:07.0 (39060085)|VARIABLE_ASSIGNMENT|[61]|drSObj|"common.api.soap.wsdl.DescribeSObjectResult@a54f9caa"|0x7bcfc0cc
15:40:07.0 (39213444)|STATEMENT_EXECUTE|[64]
15:40:07.0 (39246631)|STATEMENT_EXECUTE|[65]
15:40:07.0 (39319299)|STATEMENT_EXECUTE|[77]
15:40:07.0 (39322207)|STATEMENT_EXECUTE|[79]
15:40:07.0 (39553992)|HEAP_ALLOCATE|[79]|Bytes:56
15:40:07.0 (39565232)|VARIABLE_SCOPE_BEGIN|[79]|mapFields|Map<String,Schema.SObjectField>|true|false
15:40:07.0 (39724858)|VARIABLE_ASSIGNMENT|[79]|mapFields|"{createdbyid=CreatedById, createddate=CreatedDate, followedby__c=FollowedBy__c, followedusers__c=FollowedUsers__c, id=Id, isdeleted=IsDeleted, lastmodifiedbyid=LastModifiedById, lastmodifieddate=LastModifiedDate, lastreferenceddate=LastReferencedDate, lastvieweddate=LastViewedDate, ...}"|0x69a1a6bd
15:40:07.0 (39735961)|HEAP_ALLOCATE|[80]|Bytes:4
15:40:07.0 (39783673)|HEAP_ALLOCATE|[80]|Bytes:8
15:40:07.0 (39804921)|HEAP_ALLOCATE|[80]|Bytes:5
15:40:07.0 (39818434)|VARIABLE_SCOPE_BEGIN|[80]|fieldName|String|false|false
15:40:07.0 (39826677)|VARIABLE_ASSIGNMENT|[80]|fieldName|"FollowedUsers__c"
15:40:07.0 (39829994)|STATEMENT_EXECUTE|[80]
15:40:07.0 (39831455)|STATEMENT_EXECUTE|[81]
15:40:07.0 (40692426)|HEAP_ALLOCATE|[81]|Bytes:8
15:40:07.0 (40733713)|VARIABLE_SCOPE_BEGIN|[81]|drField|Schema.DescribeFieldResult|true|false
15:40:07.0 (40806877)|VARIABLE_ASSIGNMENT|[81]|drField|"common.api.soap.wsdl.Field@fc2afdbc"|0x28bd836
15:40:07.0 (40829423)|STATEMENT_EXECUTE|[82]
15:40:07.0 (40831387)|STATEMENT_EXECUTE|[83]
15:40:07.0 (40841041)|HEAP_ALLOCATE|[83]|Bytes:8
15:40:07.0 (40845183)|HEAP_ALLOCATE|[83]|Bytes:1
15:40:07.0 (40889649)|HEAP_ALLOCATE|[83]|Bytes:8
15:40:07.0 (40909522)|HEAP_ALLOCATE|[83]|Bytes:52
15:40:07.0 (40915501)|HEAP_ALLOCATE|[83]|Bytes:53
15:40:07.0 (40926150)|VARIABLE_ASSIGNMENT|[83]|securityMessage|"FLS on [BFFFollow__c (33 more) ..."
15:40:07.0 (40929308)|STATEMENT_EXECUTE|[84]
15:40:07.0 (40939460)|HEAP_ALLOCATE|[84]|Bytes:63
15:40:07.0 (40963324)|USER_DEBUG|[84]|DEBUG|Checking: FLS on [BFFFollow__c.FollowedUsers__c] for [Querying]
15:40:07.0 (41053328)|STATEMENT_EXECUTE|[87]
15:40:07.0 (41070778)|STATEMENT_EXECUTE|[88]
15:40:07.0 (41088083)|HEAP_ALLOCATE|[80]|Bytes:5
15:40:07.0 (41101365)|VARIABLE_SCOPE_BEGIN|[80]|fieldName|String|false|false
15:40:07.0 (41109055)|VARIABLE_ASSIGNMENT|[80]|fieldName|"Id"
15:40:07.0 (41111831)|STATEMENT_EXECUTE|[80]
15:40:07.0 (41113091)|STATEMENT_EXECUTE|[81]
15:40:07.0 (41258323)|HEAP_ALLOCATE|[81]|Bytes:8
15:40:07.0 (41269399)|VARIABLE_SCOPE_BEGIN|[81]|drField|Schema.DescribeFieldResult|true|false
15:40:07.0 (41335525)|VARIABLE_ASSIGNMENT|[81]|drField|"common.api.soap.wsdl.Field@5f33dd83"|0x305033e
15:40:07.0 (41348779)|STATEMENT_EXECUTE|[99]
15:40:07.0 (41350402)|STATEMENT_EXECUTE|[100]
15:40:07.0 (41359822)|HEAP_ALLOCATE|[100]|Bytes:22
15:40:07.0 (41401434)|HEAP_ALLOCATE|[100]|Bytes:8
15:40:07.0 (41416322)|HEAP_ALLOCATE|[100]|Bytes:52
15:40:07.0 (41420412)|HEAP_ALLOCATE|[100]|Bytes:35
15:40:07.0 (41424617)|HEAP_ALLOCATE|[100]|Bytes:87
15:40:07.0 (41434630)|USER_DEBUG|[100]|DEBUG|Bypass Check: FLS on [BFFFollow__c.Id] for [Querying] since it's not isPermissionable()
15:40:07.0 (41447942)|HEAP_ALLOCATE|[80]|Bytes:5
15:40:07.0 (41460996)|VARIABLE_ASSIGNMENT|[80]|fieldName|null
15:40:07.0 (41470098)|HEAP_ALLOCATE|[58]|Bytes:5
15:40:07.0 (41478731)|VARIABLE_ASSIGNMENT|[58]|sObjectName|null
15:40:07.0 (41490174)|METHOD_EXIT|[20]|01p50000002CIEt|ETLC_SecuredDB.validate(ETLC_SecuredDB.Operation, Map<String,Set<String>>)
15:40:07.0 (41494880)|STATEMENT_EXECUTE|[21]
15:40:07.0 (41507087)|METHOD_EXIT|[28]|01p50000002CIEt|ETLC_SecuredDB.query(String)
15:40:07.0 (41513394)|VARIABLE_SCOPE_BEGIN|[28]|dbRecords|List<SObject>|true|false
15:40:07.0 (41546391)|VARIABLE_ASSIGNMENT|[28]|dbRecords|{"s":1,"v":[{"s":2,"v":{"FollowedUsers__c":"[{\"id\":\"00550000005c (85 more) ...","Id":"a005000000ezW4dAAE"}}]}|0x29629540
15:40:07.0 (41559584)|STATEMENT_EXECUTE|[29]
15:40:07.0 (41561101)|STATEMENT_EXECUTE|[29]
15:40:07.0 (41626625)|USER_DEBUG|[29]|DEBUG|(BFFFollow__c:{FollowedUsers__c=[{"id":"00550000005cg71AAA","name":"Jaswinder Rattanpal"},{"id":"00550000005d7KnAAI","name":"Test User"}], Id=a005000000ezW4dAAE})
15:40:07.0 (41695947)|STATEMENT_EXECUTE|[30]
15:40:07.0 (41706125)|STATEMENT_EXECUTE|[31]
15:40:07.0 (41707491)|STATEMENT_EXECUTE|[32]
15:40:07.0 (41716329)|HEAP_ALLOCATE|[32]|Bytes:18
15:40:07.0 (41728114)|HEAP_ALLOCATE|[32]|Bytes:12
15:40:07.0 (41734852)|HEAP_ALLOCATE|[32]|Bytes:16
15:40:07.0 (41802818)|HEAP_ALLOCATE|[32]|Bytes:105
15:40:07.0 (41822517)|HEAP_ALLOCATE|[32]|Bytes:105
15:40:07.0 (41832640)|HEAP_ALLOCATE|[32]|Bytes:123
15:40:07.0 (41842341)|USER_DEBUG|[32]|DEBUG|FollowedUsers__c::[{"id":"00550000005cg71AAA","name":"Jaswinder Rattanpal"},{"id":"00550000005d7KnAAI","name":"Test User"}]
15:40:07.0 (41848241)|STATEMENT_EXECUTE|[34]
15:40:07.0 (41863151)|HEAP_ALLOCATE|[34]|Bytes:12
15:40:07.0 (41916051)|HEAP_ALLOCATE|[34]|Bytes:105
15:40:07.0 (41934247)|METHOD_EXIT|[10]|01p50000002D8iw|BFFFollow_Controller.fetchFollowedUsers(Id)
15:40:07.0 (42000914)|VARIABLE_ASSIGNMENT|[EXTERNAL]|this|{"debug":true,"input":"{\"mode\":\"fetchFollow (9 more) ...","operation":"BFFFollow_Controller"}|0x4e50cc97
15:40:07.0 (42013569)|VARIABLE_ASSIGNMENT|[EXTERNAL]|value|"[{\"id\":\"00550000005c (85 more) ..."
15:40:07.0 (42028475)|VARIABLE_ASSIGNMENT|[12]|this.output|"[{\"id\":\"00550000005c (85 more) ..."|0x4e50cc97
15:40:07.0 (42036261)|STATEMENT_EXECUTE|[11]
15:40:07.0 (42094432)|VARIABLE_ASSIGNMENT|[EXTERNAL]|this|{"debug":true,"input":"{\"mode\":\"fetchFollow (9 more) ...","operation":"BFFFollow_Controller","output":"[{\"id\":\"00550000005c (85 more) ..."}|0x4e50cc97
15:40:07.0 (42148721)|VARIABLE_ASSIGNMENT|[EXTERNAL]|this|{"debug":true,"input":"{\"mode\":\"fetchFollow (9 more) ...","operation":"BFFFollow_Controller","output":"[{\"id\":\"00550000005c (85 more) ..."}|0x4e50cc97
15:40:07.0 (42158949)|VARIABLE_ASSIGNMENT|[EXTERNAL]|value|true
15:40:07.0 (42164588)|HEAP_ALLOCATE|[15]|Bytes:5
15:40:07.0 (42172484)|VARIABLE_ASSIGNMENT|[15]|this.outputFlag|true|0x4e50cc97
15:40:07.0 (42182907)|STATEMENT_EXECUTE|[19]
15:40:07.0 (42184737)|STATEMENT_EXECUTE|[19]
15:40:07.0 (42192636)|HEAP_ALLOCATE|[19]|Bytes:11
15:40:07.0 (42247050)|HEAP_ALLOCATE|[19]|Bytes:278
15:40:07.0 (42262179)|HEAP_ALLOCATE|[19]|Bytes:289
15:40:07.0 (42272409)|USER_DEBUG|[19]|DEBUG|data AFTER:ETLC_ApexBridge_Data:[debug=true, input={"mode":"fetchFollowedUsers"}, isSuccess=null, messages=null, operation=BFFFollow_Controller, output=[{"id":"00550000005cg71AAA","name":"Jaswinder Rattanpal"},{"id":"00550000005d7KnAAI","name":"Test User"}], outputFlag=true, records=null]
15:40:07.0 (42284736)|METHOD_EXIT|[9]|01p50000002D8iw|BFFFollow_Controller.process(ETLC_ApexBridge_Data)
15:40:07.0 (42289025)|STATEMENT_EXECUTE|[24]
15:40:07.0 (42308209)|METHOD_ENTRY|[24]|01p50000002CIEo|ETLC_ApexBridge_Data.toJSON()
15:40:07.0 (42330423)|VARIABLE_SCOPE_BEGIN|[57]|this|ETLC_ApexBridge_Data|true|false
15:40:07.0 (42361709)|VARIABLE_ASSIGNMENT|[57]|this|{"debug":true,"input":"{\"mode\":\"fetchFollow (9 more) ...","operation":"BFFFollow_Controller","output":"[{\"id\":\"00550000005c (85 more) ...","outputFlag":true}|0x4e50cc97
15:40:07.0 (42367808)|STATEMENT_EXECUTE|[57]
15:40:07.0 (42369175)|STATEMENT_EXECUTE|[58]
15:40:07.0 (42384133)|METHOD_ENTRY|[58]||System.JSON.serialize(Object)
15:40:07.0 (42468870)|STATEMENT_EXECUTE|[22]
15:40:07.0 (42473765)|STATEMENT_EXECUTE|[23]
15:40:07.0 (42483647)|HEAP_ALLOCATE|[23]|Bytes:5
15:40:07.0 (42493078)|VARIABLE_ASSIGNMENT|[23]|this.isSuccess|true|0x4e50cc97
15:40:07.0 (42495777)|STATEMENT_EXECUTE|[24]
15:40:07.0 (42540433)|STATEMENT_EXECUTE|[31]
15:40:07.0 (42544998)|STATEMENT_EXECUTE|[32]
15:40:07.0 (42553144)|HEAP_ALLOCATE|[32]|Bytes:4
15:40:07.0 (42600354)|VARIABLE_ASSIGNMENT|[32]|this.messages|{"s":1,"v":{}}|0x4e50cc97
15:40:07.0 (42604315)|STATEMENT_EXECUTE|[33]
15:40:07.0 (42917273)|METHOD_EXIT|[58]||System.JSON.serialize(Object)
15:40:07.0 (42923887)|METHOD_EXIT|[24]|01p50000002CIEo|ETLC_ApexBridge_Data.toJSON()
15:40:07.0 (42930018)|SYSTEM_MODE_EXIT|false
15:40:07.42 (42965710)|CUMULATIVE_LIMIT_USAGE
15:40:07.42 (42965710)|LIMIT_USAGE_FOR_NS|(default)|
  Number of SOQL queries: 1 out of 100
  Number of query rows: 1 out of 50000
  Number of SOSL queries: 0 out of 20
  Number of DML statements: 0 out of 150
  Number of DML rows: 0 out of 10000
  Maximum CPU time: 0 out of 10000
  Maximum heap size: 0 out of 6000000
  Number of callouts: 0 out of 100
  Number of Email Invocations: 0 out of 10
  Number of future calls: 0 out of 50
  Number of queueable jobs added to the queue: 0 out of 50
  Number of Mobile Apex push calls: 0 out of 10

15:40:07.42 (42965710)|CUMULATIVE_LIMIT_USAGE_END

15:40:07.0 (43010576)|CODE_UNIT_FINISHED|ETLC_ApexBridge_Controller.execute
