37.0 APEX_CODE,FINEST;APEX_PROFILING,INFO;CALLOUT,INFO;DB,INFO;SYSTEM,DEBUG;VALIDATION,INFO;VISUALFORCE,INFO;WORKFLOW,INFO
23:13:24.0 (442141)|USER_INFO|[EXTERNAL]|00550000005cg71|bfffollow@jr.te|Eastern Standard Time|GMT-04:00
23:13:24.0 (477683)|EXECUTION_STARTED
23:13:24.0 (484807)|CODE_UNIT_STARTED|[EXTERNAL]|aura
23:13:24.0 (876438)|HEAP_ALLOCATE|[72]|Bytes:3
23:13:24.0 (952724)|HEAP_ALLOCATE|[77]|Bytes:152
23:13:24.0 (975611)|HEAP_ALLOCATE|[342]|Bytes:408
23:13:24.0 (1002655)|HEAP_ALLOCATE|[355]|Bytes:408
23:13:24.0 (1027260)|HEAP_ALLOCATE|[467]|Bytes:48
23:13:24.0 (1061376)|HEAP_ALLOCATE|[139]|Bytes:6
23:13:24.0 (1091092)|HEAP_ALLOCATE|[EXTERNAL]|Bytes:3
23:13:24.0 (1108665)|HEAP_ALLOCATE|[EXTERNAL]|Bytes:3
23:13:24.0 (1202935)|HEAP_ALLOCATE|[EXTERNAL]|Bytes:4
23:13:24.0 (1212856)|HEAP_ALLOCATE|[EXTERNAL]|Bytes:4
23:13:24.0 (2025343)|CODE_UNIT_STARTED|[EXTERNAL]|01p50000002D2uA|LookupSObjectController.lookup
23:13:24.0 (2740406)|HEAP_ALLOCATE|[EXTERNAL]|Bytes:6
23:13:24.0 (2746913)|HEAP_ALLOCATE|[EXTERNAL]|Bytes:2
23:13:24.0 (2762697)|METHOD_ENTRY|[11]|01p50000002D2uA|LookupSObjectController.LookupSObjectController()
23:13:24.0 (2767856)|STATEMENT_EXECUTE|[11]
23:13:24.0 (2775694)|STATEMENT_EXECUTE|[11]
23:13:24.0 (2818717)|HEAP_ALLOCATE|[50]|Bytes:5
23:13:24.0 (2838045)|HEAP_ALLOCATE|[56]|Bytes:5
23:13:24.0 (2846970)|HEAP_ALLOCATE|[64]|Bytes:7
23:13:24.0 (2871064)|SYSTEM_MODE_ENTER|false
23:13:24.0 (2886198)|HEAP_ALLOCATE|[EXTERNAL]|Bytes:5
23:13:24.0 (2890490)|STATEMENT_EXECUTE|[43]
23:13:24.0 (2897775)|SYSTEM_MODE_EXIT|false
23:13:24.0 (2909328)|METHOD_EXIT|[11]|LookupSObjectController
23:13:24.0 (2914753)|HEAP_ALLOCATE|[EXTERNAL]|Bytes:3
23:13:24.0 (2916755)|HEAP_ALLOCATE|[EXTERNAL]|Bytes:4
23:13:24.0 (2927446)|SYSTEM_MODE_ENTER|false
23:13:24.0 (2939927)|VARIABLE_SCOPE_BEGIN|[17]|searchString|String|false|false
23:13:24.0 (2969110)|VARIABLE_ASSIGNMENT|[17]|searchString|"Jas"
23:13:24.0 (2974408)|VARIABLE_SCOPE_BEGIN|[17]|sObjectAPIName|String|false|false
23:13:24.0 (2978707)|VARIABLE_ASSIGNMENT|[17]|sObjectAPIName|"User"
23:13:24.0 (2990352)|HEAP_ALLOCATE|[20]|Bytes:5
23:13:24.0 (2994703)|STATEMENT_EXECUTE|[18]
23:13:24.0 (2996211)|STATEMENT_EXECUTE|[20]
23:13:24.0 (3052355)|HEAP_ALLOCATE|[20]|Bytes:3
23:13:24.0 (3068754)|VARIABLE_SCOPE_BEGIN|[20]|sanitizedSearchString|String|false|false
23:13:24.0 (3076936)|VARIABLE_ASSIGNMENT|[20]|sanitizedSearchString|"Jas"
23:13:24.0 (3079576)|STATEMENT_EXECUTE|[21]
23:13:24.0 (3108873)|HEAP_ALLOCATE|[21]|Bytes:4
23:13:24.0 (3120395)|VARIABLE_SCOPE_BEGIN|[21]|sanitizedSObjectAPIName|String|false|false
23:13:24.0 (3127490)|VARIABLE_ASSIGNMENT|[21]|sanitizedSObjectAPIName|"User"
23:13:24.0 (3130286)|STATEMENT_EXECUTE|[23]
23:13:24.0 (3141596)|HEAP_ALLOCATE|[23]|Bytes:4
23:13:24.0 (3246650)|VARIABLE_SCOPE_BEGIN|[23]|results|List<LookupSObjectController.Result>|true|false
23:13:24.0 (3265066)|HEAP_ALLOCATE|[EXTERNAL]|Bytes:4
23:13:24.0 (3288348)|VARIABLE_ASSIGNMENT|[23]|results|{"s":1,"v":[]}|0x792173f7
23:13:24.0 (3291964)|STATEMENT_EXECUTE|[26]
23:13:24.0 (3300401)|HEAP_ALLOCATE|[26]|Bytes:6
23:13:24.0 (3304970)|HEAP_ALLOCATE|[26]|Bytes:27
23:13:24.0 (3307939)|HEAP_ALLOCATE|[26]|Bytes:18
23:13:24.0 (3323400)|HEAP_ALLOCATE|[26]|Bytes:58
23:13:24.0 (3328750)|VARIABLE_SCOPE_BEGIN|[26]|searchQuery|String|false|false
23:13:24.0 (3339290)|VARIABLE_ASSIGNMENT|[26]|searchQuery|"FIND 'Jas*' IN ALL F (38 more) ..."
23:13:24.0 (3341943)|STATEMENT_EXECUTE|[29]
23:13:24.0 (6544045)|SOSL_EXECUTE_BEGIN|[29]|FIND 'Jas*' IN ALL FIELDS RETURNING User(id,name) Limit 50
23:13:24.0 (43140543)|HEAP_ALLOCATE|[29]|Bytes:4
23:13:24.0 (43150593)|HEAP_ALLOCATE|[29]|Bytes:4
23:13:24.0 (43159076)|HEAP_ALLOCATE|[29]|Bytes:8
23:13:24.0 (43169401)|SOSL_EXECUTE_END|[29]|Rows:1
23:13:24.0 (43226708)|HEAP_ALLOCATE|[29]|Bytes:8
23:13:24.0 (43256318)|VARIABLE_SCOPE_BEGIN|[29]|searchList|List<List<SObject>>|true|false
23:13:24.0 (43324570)|VARIABLE_ASSIGNMENT|[29]|searchList|{"s":1,"v":[{"s":2,"v":[{"s":3,"v":{"Id":"00550000005cg71AAA","Name":"Jaswinder Rattanpal"}}]}]}|0x4d08b544
23:13:24.0 (43392913)|HEAP_ALLOCATE|[32]|Bytes:8
23:13:24.0 (43659832)|HEAP_ALLOCATE|[32]|Bytes:5
23:13:24.0 (43710188)|HEAP_ALLOCATE|[32]|Bytes:12
23:13:24.0 (43723990)|VARIABLE_SCOPE_BEGIN|[32]|so|SObject|true|false
23:13:24.0 (43741580)|VARIABLE_ASSIGNMENT|[32]|so|{"s":1,"v":{"Id":"00550000005cg71AAA","Name":"Jaswinder Rattanpal"}}|0x1a353b02
23:13:24.0 (43746061)|STATEMENT_EXECUTE|[33]
23:13:24.0 (43748168)|STATEMENT_EXECUTE|[34]
23:13:24.0 (43790958)|HEAP_ALLOCATE|[34]|Bytes:116
23:13:24.0 (43797014)|HEAP_ALLOCATE|[34]|Bytes:8
23:13:24.0 (43817858)|HEAP_ALLOCATE|[34]|Bytes:12
23:13:24.0 (43822637)|HEAP_ALLOCATE|[34]|Bytes:4
23:13:24.0 (43898323)|HEAP_ALLOCATE|[34]|Bytes:19
23:13:24.0 (43961082)|CONSTRUCTOR_ENTRY|[34]|01p50000002D2uA|<init>(String,Id)
23:13:24.0 (43990474)|VARIABLE_SCOPE_BEGIN|[48]|this|LookupSObjectController.Result|true|false
23:13:24.0 (44033546)|VARIABLE_ASSIGNMENT|[48]|this|{}|0x34e5b553
23:13:24.0 (44039231)|VARIABLE_SCOPE_BEGIN|[48]|sObjectLabel|String|false|false
23:13:24.0 (44045845)|VARIABLE_ASSIGNMENT|[48]|sObjectLabel|"Jaswinder Rattanpal"
23:13:24.0 (44048320)|VARIABLE_SCOPE_BEGIN|[48]|sObjectId|Id|false|false
23:13:24.0 (44155745)|VARIABLE_ASSIGNMENT|[48]|sObjectId|"00550000005cg71AAA"
23:13:24.0 (44163623)|STATEMENT_EXECUTE|[43]
23:13:24.0 (44165808)|STATEMENT_EXECUTE|[45]
23:13:24.0 (44175110)|STATEMENT_EXECUTE|[46]
23:13:24.0 (44190657)|HEAP_ALLOCATE|[50]|Bytes:6
23:13:24.0 (44228048)|STATEMENT_EXECUTE|[49]
23:13:24.0 (44230527)|STATEMENT_EXECUTE|[50]
23:13:24.0 (44321715)|VARIABLE_ASSIGNMENT|[EXTERNAL]|this|{}|0x34e5b553
23:13:24.0 (44335171)|VARIABLE_ASSIGNMENT|[EXTERNAL]|value|"Jaswinder Rattanpal"
23:13:24.0 (44380899)|VARIABLE_ASSIGNMENT|[45]|this.SObjectLabel|"Jaswinder Rattanpal"|0x34e5b553
23:13:24.0 (44393998)|STATEMENT_EXECUTE|[51]
23:13:24.0 (44483252)|VARIABLE_ASSIGNMENT|[EXTERNAL]|this|{"SObjectLabel":"Jaswinder Rattanpal"}|0x34e5b553
23:13:24.0 (44564274)|VARIABLE_ASSIGNMENT|[EXTERNAL]|value|"00550000005cg71AAA"
23:13:24.0 (44646244)|VARIABLE_ASSIGNMENT|[46]|this.SObjectId|"00550000005cg71AAA"|0x34e5b553
23:13:24.0 (44670335)|CONSTRUCTOR_EXIT|[34]|01p50000002D2uA|<init>(String,Id)
23:13:24.0 (44694597)|HEAP_ALLOCATE|[EXTERNAL]|Bytes:4
23:13:24.0 (44720636)|HEAP_ALLOCATE|[32]|Bytes:5
23:13:24.0 (44742486)|VARIABLE_ASSIGNMENT|[32]|so|null|
23:13:24.0 (44746758)|STATEMENT_EXECUTE|[37]
23:13:24.0 (44765808)|SYSTEM_MODE_EXIT|false
23:13:24.44 (44805910)|CUMULATIVE_LIMIT_USAGE
23:13:24.44 (44805910)|LIMIT_USAGE_FOR_NS|(default)|
  Number of SOQL queries: 0 out of 100
  Number of query rows: 0 out of 50000
  Number of SOSL queries: 1 out of 20
  Number of DML statements: 0 out of 150
  Number of DML rows: 0 out of 10000
  Maximum CPU time: 0 out of 10000
  Maximum heap size: 0 out of 6000000
  Number of callouts: 0 out of 100
  Number of Email Invocations: 0 out of 10
  Number of future calls: 0 out of 50
  Number of queueable jobs added to the queue: 0 out of 50
  Number of Mobile Apex push calls: 0 out of 10

23:13:24.44 (44805910)|CUMULATIVE_LIMIT_USAGE_END

23:13:24.0 (44864926)|CODE_UNIT_FINISHED|LookupSObjectController.lookup
23:13:24.0 (46012428)|CODE_UNIT_STARTED|[EXTERNAL]|Aura
23:13:24.0 (46058792)|CODE_UNIT_FINISHED|Aura
