34.0 APEX_CODE,FINEST;APEX_PROFILING,INFO;CALLOUT,INFO;DB,INFO;SYSTEM,DEBUG;VALIDATION,INFO;VISUALFORCE,INFO;WORKFLOW,INFO
13:50:10.0 (404883)|USER_INFO|[EXTERNAL]|00550000005cg71|bfffollow@jr.te|Eastern Standard Time|GMT-04:00
13:50:10.0 (528847)|EXECUTION_STARTED
13:50:10.0 (534512)|CODE_UNIT_STARTED|[EXTERNAL]|01p50000002DHPJ|BFFFollow_Controller_Test.BFFFollow_Controller_fetchFollowedUserss_Positive_Test
13:50:10.0 (798950)|HEAP_ALLOCATE|[72]|Bytes:3
13:50:10.0 (857569)|HEAP_ALLOCATE|[77]|Bytes:152
13:50:10.0 (876070)|HEAP_ALLOCATE|[342]|Bytes:408
13:50:10.0 (895554)|HEAP_ALLOCATE|[355]|Bytes:408
13:50:10.0 (913993)|HEAP_ALLOCATE|[467]|Bytes:48
13:50:10.0 (945062)|HEAP_ALLOCATE|[139]|Bytes:6
13:50:10.0 (962767)|HEAP_ALLOCATE|[EXTERNAL]|Bytes:73
13:50:10.0 (1015339)|METHOD_ENTRY|[2]|01p50000002DHPJ|BFFFollow_Controller_Test.BFFFollow_Controller_Test()
13:50:10.0 (1022159)|STATEMENT_EXECUTE|[2]
13:50:10.0 (1030633)|STATEMENT_EXECUTE|[2]
13:50:10.0 (1066099)|HEAP_ALLOCATE|[50]|Bytes:5
13:50:10.0 (1089088)|HEAP_ALLOCATE|[56]|Bytes:5
13:50:10.0 (1100020)|HEAP_ALLOCATE|[64]|Bytes:7
13:50:10.0 (1967859)|SYSTEM_MODE_ENTER|false
13:50:10.0 (2118122)|HEAP_ALLOCATE|[EXTERNAL]|Bytes:5
13:50:10.0 (2127970)|SYSTEM_MODE_EXIT|false
13:50:10.0 (2158251)|METHOD_EXIT|[2]|BFFFollow_Controller_Test
13:50:10.0 (2216105)|SYSTEM_MODE_ENTER|false
13:50:10.0 (2222112)|HEAP_ALLOCATE|[23]|Bytes:5
13:50:10.0 (2226389)|STATEMENT_EXECUTE|[22]
13:50:10.0 (2228168)|STATEMENT_EXECUTE|[23]
13:50:10.0 (2280297)|METHOD_ENTRY|[23]|01p50000002DHPJ|BFFFollow_Controller_Test.BFFFollow_Controller_saveFollowedUsers_Positive_Test()
13:50:10.0 (2329905)|HEAP_ALLOCATE|[5]|Bytes:5
13:50:10.0 (2334756)|STATEMENT_EXECUTE|[4]
13:50:10.0 (2336257)|STATEMENT_EXECUTE|[5]
13:50:10.0 (2343433)|HEAP_ALLOCATE|[5]|Bytes:27
13:50:10.0 (2354913)|HEAP_ALLOCATE|[5]|Bytes:4
13:50:10.0 (2513786)|SOQL_EXECUTE_BEGIN|[5]|Aggregations:0|SELECT id FROM user LIMIT 1
13:50:10.0 (4569578)|SOQL_EXECUTE_END|[5]|Rows:1
13:50:10.0 (4591187)|HEAP_ALLOCATE|[5]|Bytes:8
13:50:10.0 (4605447)|HEAP_ALLOCATE|[5]|Bytes:33
13:50:10.0 (4708174)|HEAP_ALLOCATE|[5]|Bytes:8
13:50:10.0 (4718259)|HEAP_ALLOCATE|[5]|Bytes:30
13:50:10.0 (4820437)|HEAP_ALLOCATE|[5]|Bytes:8
13:50:10.0 (4832799)|VARIABLE_SCOPE_BEGIN|[5]|u|User|true|false
13:50:10.0 (4984245)|VARIABLE_ASSIGNMENT|[5]|u|{"s":1,"v":{"Id":"00550000005cg71AAA"}}|0x188d69ca
13:50:10.0 (4989079)|STATEMENT_EXECUTE|[7]
13:50:10.0 (4998497)|HEAP_ALLOCATE|[7]|Bytes:44
13:50:10.0 (5086126)|HEAP_ALLOCATE|[7]|Bytes:18
13:50:10.0 (5127122)|HEAP_ALLOCATE|[7]|Bytes:70
13:50:10.0 (5141122)|HEAP_ALLOCATE|[7]|Bytes:132
13:50:10.0 (5146710)|VARIABLE_SCOPE_BEGIN|[7]|data|String|false|false
13:50:10.0 (5160251)|VARIABLE_ASSIGNMENT|[7]|data|"{\"mode\":\"saveFollowe (112 more) ..."
13:50:10.0 (5163268)|STATEMENT_EXECUTE|[8]
13:50:10.0 (6489559)|HEAP_ALLOCATE|[8]|Bytes:11
13:50:10.0 (6499338)|HEAP_ALLOCATE|[8]|Bytes:248
13:50:10.0 (6502333)|HEAP_ALLOCATE|[8]|Bytes:39
13:50:10.0 (6529887)|METHOD_ENTRY|[2]|01p50000002CIEo|ETLC_ApexBridge_Data.ETLC_ApexBridge_Data()
13:50:10.0 (6534372)|STATEMENT_EXECUTE|[2]
13:50:10.0 (6541736)|STATEMENT_EXECUTE|[2]
13:50:10.0 (6550108)|METHOD_EXIT|[2]|ETLC_ApexBridge_Data
13:50:10.0 (7307925)|HEAP_ALLOCATE|[8]|Bytes:36
13:50:10.0 (7355129)|CONSTRUCTOR_ENTRY|[8]|01p50000002CIEo|<init>()
13:50:10.0 (7401491)|VARIABLE_SCOPE_BEGIN|[2]|this|ETLC_ApexBridge_Data|true|false
13:50:10.0 (7487112)|VARIABLE_ASSIGNMENT|[2]|this|{}|0x27248995
13:50:10.0 (7498482)|HEAP_ALLOCATE|[EXTERNAL]|Bytes:6
13:50:10.0 (7527971)|STATEMENT_EXECUTE|[2]
13:50:10.0 (7530056)|STATEMENT_EXECUTE|[6]
13:50:10.0 (7537697)|STATEMENT_EXECUTE|[9]
13:50:10.0 (7540729)|STATEMENT_EXECUTE|[12]
13:50:10.0 (7543357)|STATEMENT_EXECUTE|[15]
13:50:10.0 (7545805)|STATEMENT_EXECUTE|[18]
13:50:10.0 (7548244)|STATEMENT_EXECUTE|[21]
13:50:10.0 (7550613)|STATEMENT_EXECUTE|[30]
13:50:10.0 (7553087)|STATEMENT_EXECUTE|[39]
13:50:10.0 (7583137)|CONSTRUCTOR_EXIT|[8]|01p50000002CIEo|<init>()
13:50:10.0 (7589105)|VARIABLE_SCOPE_BEGIN|[8]|d1|ETLC_ApexBridge_Data|true|false
13:50:10.0 (7612997)|VARIABLE_ASSIGNMENT|[8]|d1|{}|0x27248995
13:50:10.0 (7616521)|STATEMENT_EXECUTE|[9]
13:50:10.0 (7625110)|HEAP_ALLOCATE|[9]|Bytes:20
13:50:10.0 (7700291)|VARIABLE_ASSIGNMENT|[EXTERNAL]|this|{}|0x27248995
13:50:10.0 (7710416)|VARIABLE_ASSIGNMENT|[EXTERNAL]|value|"BFFFollow_Controller"
13:50:10.0 (7740565)|VARIABLE_ASSIGNMENT|[6]|this.operation|"BFFFollow_Controller"|0x27248995
13:50:10.0 (7750061)|STATEMENT_EXECUTE|[10]
13:50:10.0 (7816922)|VARIABLE_ASSIGNMENT|[EXTERNAL]|this|{"operation":"BFFFollow_Controller"}|0x27248995
13:50:10.0 (7828067)|VARIABLE_ASSIGNMENT|[EXTERNAL]|value|"{\"mode\":\"saveFollowe (112 more) ..."
13:50:10.0 (7839691)|VARIABLE_ASSIGNMENT|[9]|this.input|"{\"mode\":\"saveFollowe (112 more) ..."|0x27248995
13:50:10.0 (7847634)|STATEMENT_EXECUTE|[11]
13:50:10.0 (7913774)|VARIABLE_ASSIGNMENT|[EXTERNAL]|this|{"input":"{\"mode\":\"saveFollowe (112 more) ...","operation":"BFFFollow_Controller"}|0x27248995
13:50:10.0 (7925517)|VARIABLE_ASSIGNMENT|[EXTERNAL]|value|true
13:50:10.0 (7931558)|HEAP_ALLOCATE|[18]|Bytes:5
13:50:10.0 (7940039)|VARIABLE_ASSIGNMENT|[18]|this.debug|true|0x27248995
13:50:10.0 (7947720)|STATEMENT_EXECUTE|[13]
13:50:10.0 (7978795)|METHOD_ENTRY|[13]|01p50000002CIEo|ETLC_ApexBridge_Data.toJSON()
13:50:10.0 (7998777)|VARIABLE_SCOPE_BEGIN|[57]|this|ETLC_ApexBridge_Data|true|false
13:50:10.0 (8025349)|VARIABLE_ASSIGNMENT|[57]|this|{"debug":true,"input":"{\"mode\":\"saveFollowe (112 more) ...","operation":"BFFFollow_Controller"}|0x27248995
13:50:10.0 (8042296)|STATEMENT_EXECUTE|[57]
13:50:10.0 (8043770)|STATEMENT_EXECUTE|[58]
13:50:10.0 (8090239)|HEAP_ALLOCATE|[58]|Bytes:24
13:50:10.0 (8105567)|SYSTEM_METHOD_ENTRY|[1]|JSON.JSON()
13:50:10.0 (8108964)|STATEMENT_EXECUTE|[1]
13:50:10.0 (8118087)|SYSTEM_METHOD_EXIT|[1]|JSON
13:50:10.0 (8131806)|METHOD_ENTRY|[58]||System.JSON.serialize(Object)
13:50:10.0 (8294354)|STATEMENT_EXECUTE|[22]
13:50:10.0 (8299535)|STATEMENT_EXECUTE|[23]
13:50:10.0 (8308919)|HEAP_ALLOCATE|[23]|Bytes:5
13:50:10.0 (8318925)|VARIABLE_ASSIGNMENT|[23]|this.isSuccess|true|0x27248995
13:50:10.0 (8322156)|STATEMENT_EXECUTE|[24]
13:50:10.0 (8384969)|STATEMENT_EXECUTE|[31]
13:50:10.0 (8389469)|STATEMENT_EXECUTE|[32]
13:50:10.0 (8400105)|HEAP_ALLOCATE|[32]|Bytes:4
13:50:10.0 (8466498)|VARIABLE_ASSIGNMENT|[32]|this.messages|{"s":1,"v":{}}|0x27248995
13:50:10.0 (8470657)|STATEMENT_EXECUTE|[33]
13:50:10.0 (8817289)|METHOD_EXIT|[58]||System.JSON.serialize(Object)
13:50:10.0 (8824099)|METHOD_EXIT|[13]|01p50000002CIEo|ETLC_ApexBridge_Data.toJSON()
13:50:10.0 (9690834)|HEAP_ALLOCATE|[13]|Bytes:1
13:50:10.0 (9698510)|HEAP_ALLOCATE|[13]|Bytes:10
13:50:10.0 (9719857)|METHOD_ENTRY|[1]|01p50000002CIEm|ETLC_ApexBridge_Controller.ETLC_ApexBridge_Controller()
13:50:10.0 (9723696)|STATEMENT_EXECUTE|[1]
13:50:10.0 (9729202)|STATEMENT_EXECUTE|[1]
13:50:10.0 (9736184)|METHOD_EXIT|[1]|ETLC_ApexBridge_Controller
13:50:10.0 (9761924)|METHOD_ENTRY|[13]|01p50000002CIEm|ETLC_ApexBridge_Controller.execute(String)
13:50:10.0 (9772418)|VARIABLE_SCOPE_BEGIN|[3]|dataJson|String|false|false
13:50:10.0 (9781930)|VARIABLE_ASSIGNMENT|[3]|dataJson|"{\"records\":null,\"out (272 more) ..."
13:50:10.0 (9792276)|STATEMENT_EXECUTE|[3]
13:50:10.0 (9793751)|STATEMENT_EXECUTE|[4]
13:50:10.0 (9802154)|VARIABLE_SCOPE_BEGIN|[4]|data|ETLC_ApexBridge_Data|true|false
13:50:10.0 (9808078)|VARIABLE_ASSIGNMENT|[4]|data|null|
13:50:10.0 (9810104)|STATEMENT_EXECUTE|[5]
13:50:10.0 (9811165)|STATEMENT_EXECUTE|[5]
13:50:10.0 (9812029)|STATEMENT_EXECUTE|[6]
13:50:10.0 (9828381)|METHOD_ENTRY|[6]|01p50000002CIEo|ETLC_ApexBridge_Data.fromJSON(String)
13:50:10.0 (9866622)|VARIABLE_SCOPE_BEGIN|[60]|strJson|String|false|false
13:50:10.0 (9876422)|VARIABLE_ASSIGNMENT|[60]|strJson|"{\"records\":null,\"out (272 more) ..."
13:50:10.0 (9885262)|STATEMENT_EXECUTE|[60]
13:50:10.0 (9886743)|STATEMENT_EXECUTE|[61]
13:50:10.0 (9894045)|HEAP_ALLOCATE|[61]|Bytes:20
13:50:10.0 (9976620)|HEAP_ALLOCATE|[61]|Bytes:24
13:50:10.0 (9991602)|SYSTEM_METHOD_ENTRY|[1]|Type.Type()
13:50:10.0 (9994542)|STATEMENT_EXECUTE|[1]
13:50:10.0 (10003432)|SYSTEM_METHOD_EXIT|[1]|Type
13:50:10.0 (10010096)|HEAP_ALLOCATE|[61]|Bytes:8
13:50:10.0 (10037101)|HEAP_ALLOCATE|[61]|Bytes:8
13:50:10.0 (10043077)|VARIABLE_SCOPE_BEGIN|[4]|this|System.Type|true|false
13:50:10.0 (10080713)|VARIABLE_ASSIGNMENT|[4]|this|{}|0x701a1396
13:50:10.0 (10085658)|VARIABLE_SCOPE_BEGIN|[4]|apextype|java:common.apex.runtime.ApexObjectType|true|false
13:50:10.0 (10300974)|VARIABLE_ASSIGNMENT|[4]|apextype|"ETLC_ApexBridge_Data"|0x4d3b2402
13:50:10.0 (10336184)|HEAP_ALLOCATE|[61]|Bytes:8
13:50:10.0 (10351229)|METHOD_ENTRY|[61]||System.JSON.deserializeStrict(String, System.Type)
13:50:10.0 (10798571)|METHOD_EXIT|[61]||System.JSON.deserializeStrict(String, System.Type)
13:50:10.0 (10809859)|METHOD_EXIT|[6]|01p50000002CIEo|ETLC_ApexBridge_Data.fromJSON(String)
13:50:10.0 (10844325)|VARIABLE_ASSIGNMENT|[6]|data|{"debug":true,"input":"{\"mode\":\"saveFollowe (112 more) ...","isSuccess":true,"messages":"0x69f3315a","operation":"BFFFollow_Controller"}|0x49d51951
13:50:10.0 (10849138)|STATEMENT_EXECUTE|[7]
13:50:10.0 (10857872)|HEAP_ALLOCATE|[7]|Bytes:6
13:50:10.0 (10929113)|HEAP_ALLOCATE|[7]|Bytes:278
13:50:10.0 (10948870)|HEAP_ALLOCATE|[7]|Bytes:284
13:50:10.0 (10989647)|USER_DEBUG|[7]|DEBUG|data::ETLC_ApexBridge_Data:[debug=true, input={"mode":"saveFollowedUsers","followedById":"00550000005cg71AAA","followedUsers":[{"005":{"name":"user 1"},"006":{"name":"User 2"}}]}, isSuccess=true, messages={}, operation=BFFFollow_Controller, output=null, outputFlag=null, records=null]
13:50:10.0 (10999501)|STATEMENT_EXECUTE|[8]
13:50:10.0 (11064921)|VARIABLE_ASSIGNMENT|[EXTERNAL]|this|{"debug":true,"input":"{\"mode\":\"saveFollowe (112 more) ...","isSuccess":true,"messages":"0x69f3315a","operation":"BFFFollow_Controller"}|0x49d51951
13:50:10.0 (11086404)|METHOD_ENTRY|[8]||System.Type.forName(String)
13:50:10.0 (30950367)|METHOD_EXIT|[8]||System.Type.forName(String)
13:50:10.0 (30976151)|METHOD_ENTRY|[8]||System.Type.newInstance()
13:50:10.0 (32268768)|STATEMENT_EXECUTE|[1]
13:50:10.0 (32280618)|HEAP_ALLOCATE|[33]|Bytes:5
13:50:10.0 (32304421)|METHOD_EXIT|[1]|BFFFollow_Controller
13:50:10.0 (32322491)|HEAP_ALLOCATE|[33]|Bytes:4
13:50:10.0 (32336414)|VARIABLE_SCOPE_BEGIN|[1]|this|BFFFollow_Controller|true|false
13:50:10.0 (32375049)|VARIABLE_ASSIGNMENT|[1]|this|{}|0x48f0bb20
13:50:10.0 (32385379)|HEAP_ALLOCATE|[33]|Bytes:5
13:50:10.0 (32393976)|HEAP_ALLOCATE|[33]|Bytes:11
13:50:10.0 (32432531)|METHOD_ENTRY|[1]|01p50000002CIEj|ETLC_ApexBridge_Abstract.ETLC_ApexBridge_Abstract()
13:50:10.0 (32441873)|STATEMENT_EXECUTE|[1]
13:50:10.0 (32447364)|STATEMENT_EXECUTE|[1]
13:50:10.0 (32454785)|METHOD_EXIT|[1]|ETLC_ApexBridge_Abstract
13:50:10.0 (32462985)|CONSTRUCTOR_ENTRY|[EXTERNAL]|01p50000002CIEj|<init>()
13:50:10.0 (32478790)|VARIABLE_SCOPE_BEGIN|[1]|this|ETLC_ApexBridge_Abstract|true|false
13:50:10.0 (32494395)|VARIABLE_ASSIGNMENT|[1]|this|{}|0x48f0bb20
13:50:10.0 (32509115)|STATEMENT_EXECUTE|[1]
13:50:10.0 (32513803)|CONSTRUCTOR_EXIT|[EXTERNAL]|01p50000002CIEj|<init>()
13:50:10.0 (32519899)|STATEMENT_EXECUTE|[1]
13:50:10.0 (32525316)|HEAP_ALLOCATE|[33]|Bytes:5
13:50:10.0 (32543377)|METHOD_EXIT|[8]||System.Type.newInstance()
13:50:10.0 (32553573)|VARIABLE_SCOPE_BEGIN|[8]|executor|ETLC_ApexBridge_Abstract|true|false
13:50:10.0 (32566193)|VARIABLE_ASSIGNMENT|[8]|executor|{}|0x48f0bb20
13:50:10.0 (32568949)|STATEMENT_EXECUTE|[9]
13:50:10.0 (32625318)|METHOD_ENTRY|[9]|01p50000002D8iw|BFFFollow_Controller.process(ETLC_ApexBridge_Data)
13:50:10.0 (32658242)|VARIABLE_SCOPE_BEGIN|[3]|this|BFFFollow_Controller|true|false
13:50:10.0 (32672664)|VARIABLE_ASSIGNMENT|[3]|this|{}|0x48f0bb20
13:50:10.0 (32677071)|VARIABLE_SCOPE_BEGIN|[3]|data|ETLC_ApexBridge_Data|true|false
13:50:10.0 (32727313)|VARIABLE_ASSIGNMENT|[3]|data|{"debug":true,"input":"{\"mode\":\"saveFollowe (112 more) ...","isSuccess":true,"messages":"0x69f3315a","operation":"BFFFollow_Controller"}|0x49d51951
13:50:10.0 (32743753)|HEAP_ALLOCATE|[4]|Bytes:5
13:50:10.0 (32748058)|STATEMENT_EXECUTE|[3]
13:50:10.0 (32749383)|STATEMENT_EXECUTE|[4]
13:50:10.0 (32835929)|VARIABLE_ASSIGNMENT|[EXTERNAL]|this|{"debug":true,"input":"{\"mode\":\"saveFollowe (112 more) ...","isSuccess":true,"messages":"0x69f3315a","operation":"BFFFollow_Controller"}|0x49d51951
13:50:10.0 (32888217)|VARIABLE_ASSIGNMENT|[4]|BFFFollow_Controller.debugFlag|true
13:50:10.0 (32934770)|VARIABLE_ASSIGNMENT|[EXTERNAL]|this|{"debug":true,"input":"{\"mode\":\"saveFollowe (112 more) ...","isSuccess":true,"messages":"0x69f3315a","operation":"BFFFollow_Controller"}|0x49d51951
13:50:10.0 (32951361)|STATEMENT_EXECUTE|[5]
13:50:10.0 (33010047)|USER_DEBUG|[5]|DEBUG|ETLC_ApexBridge_Data:[debug=true, input={"mode":"saveFollowedUsers","followedById":"00550000005cg71AAA","followedUsers":[{"005":{"name":"user 1"},"006":{"name":"User 2"}}]}, isSuccess=true, messages={}, operation=BFFFollow_Controller, output=null, outputFlag=null, records=null]
13:50:10.0 (33020142)|STATEMENT_EXECUTE|[7]
13:50:10.0 (33028019)|HEAP_ALLOCATE|[7]|Bytes:4
13:50:10.0 (33048864)|METHOD_ENTRY|[7]|01p50000002CIEo|ETLC_ApexBridge_Data.getInputValue(String)
13:50:10.0 (33074882)|VARIABLE_SCOPE_BEGIN|[52]|this|ETLC_ApexBridge_Data|true|false
13:50:10.0 (33106527)|VARIABLE_ASSIGNMENT|[52]|this|{"debug":true,"input":"{\"mode\":\"saveFollowe (112 more) ...","isSuccess":true,"messages":"0x69f3315a","operation":"BFFFollow_Controller"}|0x49d51951
13:50:10.0 (33113141)|VARIABLE_SCOPE_BEGIN|[52]|key|String|false|false
13:50:10.0 (33117402)|VARIABLE_ASSIGNMENT|[52]|key|"mode"
13:50:10.0 (33126318)|STATEMENT_EXECUTE|[52]
13:50:10.0 (33127922)|STATEMENT_EXECUTE|[53]
13:50:10.0 (33185502)|VARIABLE_ASSIGNMENT|[EXTERNAL]|this|{"debug":true,"input":"{\"mode\":\"saveFollowe (112 more) ...","isSuccess":true,"messages":"0x69f3315a","operation":"BFFFollow_Controller"}|0x49d51951
13:50:10.0 (33209630)|METHOD_ENTRY|[53]||System.JSON.deserializeUntyped(String)
13:50:10.0 (33876170)|METHOD_EXIT|[53]||System.JSON.deserializeUntyped(String)
13:50:10.0 (33885853)|VARIABLE_SCOPE_BEGIN|[53]|inputMap|Map<String,ANY>|true|false
13:50:10.0 (33914400)|HEAP_ALLOCATE|[EXTERNAL]|Bytes:8
13:50:10.0 (33946420)|VARIABLE_ASSIGNMENT|[53]|inputMap|{"s":1,"v":{"mode":"saveFollowedUsers","followedById":"00550000005cg71AAA","followedUsers":{"s":2,"v":[{"s":3,"v":{"005":{"s":4,"v":{"name":"user 1"}},"006":{"s":5,"v":{"name":"User 2"}}}}]}}}|0x787e8bd2
13:50:10.0 (33951290)|STATEMENT_EXECUTE|[54]
13:50:10.0 (33998081)|METHOD_EXIT|[7]|01p50000002CIEo|ETLC_ApexBridge_Data.getInputValue(String)
13:50:10.0 (34004397)|VARIABLE_SCOPE_BEGIN|[7]|mode|String|false|false
13:50:10.0 (34012520)|VARIABLE_ASSIGNMENT|[7]|mode|"saveFollowedUsers"
13:50:10.0 (34017554)|HEAP_ALLOCATE|[9]|Bytes:18
13:50:10.0 (34049739)|HEAP_ALLOCATE|[13]|Bytes:17
13:50:10.0 (34061939)|STATEMENT_EXECUTE|[13]
13:50:10.0 (34063504)|STATEMENT_EXECUTE|[14]
13:50:10.0 (34070453)|HEAP_ALLOCATE|[14]|Bytes:12
13:50:10.0 (34081361)|METHOD_ENTRY|[14]|01p50000002CIEo|ETLC_ApexBridge_Data.getInputValue(String)
13:50:10.0 (34094871)|VARIABLE_SCOPE_BEGIN|[52]|this|ETLC_ApexBridge_Data|true|false
13:50:10.0 (34127247)|VARIABLE_ASSIGNMENT|[52]|this|{"debug":true,"input":"{\"mode\":\"saveFollowe (112 more) ...","isSuccess":true,"messages":"0x69f3315a","operation":"BFFFollow_Controller"}|0x49d51951
13:50:10.0 (34131720)|VARIABLE_SCOPE_BEGIN|[52]|key|String|false|false
13:50:10.0 (34135532)|VARIABLE_ASSIGNMENT|[52]|key|"followedById"
13:50:10.0 (34143755)|STATEMENT_EXECUTE|[52]
13:50:10.0 (34145220)|STATEMENT_EXECUTE|[53]
13:50:10.0 (34180807)|VARIABLE_ASSIGNMENT|[EXTERNAL]|this|{"debug":true,"input":"{\"mode\":\"saveFollowe (112 more) ...","isSuccess":true,"messages":"0x69f3315a","operation":"BFFFollow_Controller"}|0x49d51951
13:50:10.0 (34193720)|METHOD_ENTRY|[53]||System.JSON.deserializeUntyped(String)
13:50:10.0 (34584330)|METHOD_EXIT|[53]||System.JSON.deserializeUntyped(String)
13:50:10.0 (34593381)|VARIABLE_SCOPE_BEGIN|[53]|inputMap|Map<String,ANY>|true|false
13:50:10.0 (34608655)|HEAP_ALLOCATE|[EXTERNAL]|Bytes:8
13:50:10.0 (34629044)|VARIABLE_ASSIGNMENT|[53]|inputMap|{"s":1,"v":{"mode":"saveFollowedUsers","followedById":"00550000005cg71AAA","followedUsers":{"s":2,"v":[{"s":3,"v":{"005":{"s":4,"v":{"name":"user 1"}},"006":{"s":5,"v":{"name":"User 2"}}}}]}}}|0x3ff5e1c9
13:50:10.0 (34633598)|STATEMENT_EXECUTE|[54]
13:50:10.0 (34654618)|METHOD_EXIT|[14]|01p50000002CIEo|ETLC_ApexBridge_Data.getInputValue(String)
13:50:10.0 (34671545)|HEAP_ALLOCATE|[14]|Bytes:4
13:50:10.0 (34676595)|HEAP_ALLOCATE|[14]|Bytes:13
13:50:10.0 (34685656)|METHOD_ENTRY|[14]|01p50000002CIEo|ETLC_ApexBridge_Data.getInputValue(String)
13:50:10.0 (34690834)|VARIABLE_SCOPE_BEGIN|[52]|this|ETLC_ApexBridge_Data|true|false
13:50:10.0 (34721148)|VARIABLE_ASSIGNMENT|[52]|this|{"debug":true,"input":"{\"mode\":\"saveFollowe (112 more) ...","isSuccess":true,"messages":"0x69f3315a","operation":"BFFFollow_Controller"}|0x49d51951
13:50:10.0 (34725102)|VARIABLE_SCOPE_BEGIN|[52]|key|String|false|false
13:50:10.0 (34728644)|VARIABLE_ASSIGNMENT|[52]|key|"FollowedUsers"
13:50:10.0 (34736924)|STATEMENT_EXECUTE|[52]
13:50:10.0 (34738381)|STATEMENT_EXECUTE|[53]
13:50:10.0 (34773101)|VARIABLE_ASSIGNMENT|[EXTERNAL]|this|{"debug":true,"input":"{\"mode\":\"saveFollowe (112 more) ...","isSuccess":true,"messages":"0x69f3315a","operation":"BFFFollow_Controller"}|0x49d51951
13:50:10.0 (34786256)|METHOD_ENTRY|[53]||System.JSON.deserializeUntyped(String)
13:50:10.0 (35155165)|METHOD_EXIT|[53]||System.JSON.deserializeUntyped(String)
13:50:10.0 (35164746)|VARIABLE_SCOPE_BEGIN|[53]|inputMap|Map<String,ANY>|true|false
13:50:10.0 (35179578)|HEAP_ALLOCATE|[EXTERNAL]|Bytes:8
13:50:10.0 (35199789)|VARIABLE_ASSIGNMENT|[53]|inputMap|{"s":1,"v":{"mode":"saveFollowedUsers","followedById":"00550000005cg71AAA","followedUsers":{"s":2,"v":[{"s":3,"v":{"005":{"s":4,"v":{"name":"user 1"}},"006":{"s":5,"v":{"name":"User 2"}}}}]}}}|0x5d8f2e08
13:50:10.0 (35203667)|STATEMENT_EXECUTE|[54]
13:50:10.0 (35223425)|METHOD_EXIT|[14]|01p50000002CIEo|ETLC_ApexBridge_Data.getInputValue(String)
13:50:10.0 (35239047)|METHOD_ENTRY|[14]|01p50000002D8iw|BFFFollow_Controller.saveFollowedUsers(Id, String)
13:50:10.0 (35248173)|VARIABLE_SCOPE_BEGIN|[37]|this|BFFFollow_Controller|true|false
13:50:10.0 (35265731)|VARIABLE_ASSIGNMENT|[37]|this|{}|0x48f0bb20
13:50:10.0 (35271473)|VARIABLE_SCOPE_BEGIN|[37]|followedById|Id|false|false
13:50:10.0 (35365247)|VARIABLE_ASSIGNMENT|[37]|followedById|"00550000005cg71AAA"
13:50:10.0 (35373843)|VARIABLE_SCOPE_BEGIN|[37]|followedUsers|String|false|false
13:50:10.0 (35378302)|VARIABLE_ASSIGNMENT|[37]|followedUsers|null
13:50:10.0 (35393249)|HEAP_ALLOCATE|[38]|Bytes:5
13:50:10.0 (35397364)|STATEMENT_EXECUTE|[37]
13:50:10.0 (35398713)|STATEMENT_EXECUTE|[38]
13:50:10.0 (35405823)|HEAP_ALLOCATE|[38]|Bytes:49
13:50:10.0 (35451034)|HEAP_ALLOCATE|[38]|Bytes:18
13:50:10.0 (35462197)|HEAP_ALLOCATE|[38]|Bytes:9
13:50:10.0 (35470778)|HEAP_ALLOCATE|[38]|Bytes:76
13:50:10.0 (35475367)|VARIABLE_SCOPE_BEGIN|[38]|soql1|String|false|false
13:50:10.0 (35483878)|VARIABLE_ASSIGNMENT|[38]|soql1|"SELECT Id FROM BFFFo (56 more) ..."
13:50:10.0 (35486524)|STATEMENT_EXECUTE|[40]
13:50:10.0 (35487770)|STATEMENT_EXECUTE|[40]
13:50:10.0 (35488660)|STATEMENT_EXECUTE|[41]
13:50:10.0 (38132012)|HEAP_ALLOCATE|[41]|Bytes:9
13:50:10.0 (38144060)|HEAP_ALLOCATE|[41]|Bytes:29
13:50:10.0 (38149326)|HEAP_ALLOCATE|[41]|Bytes:21
13:50:10.0 (38177472)|METHOD_ENTRY|[7]|01p50000002CIEt|ETLC_SecuredDB.ETLC_SecuredDB()
13:50:10.0 (38183072)|STATEMENT_EXECUTE|[7]
13:50:10.0 (38195310)|STATEMENT_EXECUTE|[7]
13:50:10.0 (38204282)|HEAP_ALLOCATE|[41]|Bytes:5
13:50:10.0 (38220502)|METHOD_EXIT|[7]|ETLC_SecuredDB
13:50:10.0 (38258766)|METHOD_ENTRY|[41]|01p50000002CIEt|ETLC_SecuredDB.query(String)
13:50:10.0 (38288943)|VARIABLE_SCOPE_BEGIN|[10]|SOQL|String|false|false
13:50:10.0 (38301448)|VARIABLE_ASSIGNMENT|[10]|SOQL|"SELECT Id FROM BFFFo (56 more) ..."
13:50:10.0 (38319536)|HEAP_ALLOCATE|[12]|Bytes:5
13:50:10.0 (38325588)|STATEMENT_EXECUTE|[10]
13:50:10.0 (38328013)|STATEMENT_EXECUTE|[12]
13:50:10.0 (38789739)|SOQL_EXECUTE_BEGIN|[12]|Aggregations:0|SELECT Id FROM BFFFollow__c WHERE FollowedBy__c='00550000005cg71AAA' limit 1
13:50:10.0 (41033753)|SOQL_EXECUTE_END|[12]|Rows:0
13:50:10.0 (41063190)|HEAP_ALLOCATE|[12]|Bytes:4
13:50:10.0 (41076409)|HEAP_ALLOCATE|[12]|Bytes:0
13:50:10.0 (41153566)|HEAP_ALLOCATE|[12]|Bytes:4
13:50:10.0 (41168920)|VARIABLE_SCOPE_BEGIN|[12]|dbRecords|List<SObject>|true|false
13:50:10.0 (41189582)|VARIABLE_ASSIGNMENT|[12]|dbRecords|{"s":1,"v":[]}|0x39814fa3
13:50:10.0 (41200039)|STATEMENT_EXECUTE|[20]
13:50:10.0 (42281065)|HEAP_ALLOCATE|[20]|Bytes:12
13:50:10.0 (42291893)|HEAP_ALLOCATE|[20]|Bytes:8
13:50:10.0 (42373060)|HEAP_ALLOCATE|[20]|Bytes:12
13:50:10.0 (42380546)|HEAP_ALLOCATE|[20]|Bytes:9
13:50:10.0 (42399220)|HEAP_ALLOCATE|[20]|Bytes:12
13:50:10.0 (42404427)|HEAP_ALLOCATE|[20]|Bytes:8
13:50:10.0 (42420272)|HEAP_ALLOCATE|[20]|Bytes:12
13:50:10.0 (42425376)|HEAP_ALLOCATE|[20]|Bytes:8
13:50:10.0 (42441468)|HEAP_ALLOCATE|[20]|Bytes:12
13:50:10.0 (42446333)|HEAP_ALLOCATE|[20]|Bytes:9
13:50:10.0 (42481736)|METHOD_ENTRY|[20]|01p50000002CIEt|ETLC_SecuredDB.findFields(List<SObject>)
13:50:10.0 (42514014)|VARIABLE_SCOPE_BEGIN|[108]|dbRecords|List<SObject>|true|false
13:50:10.0 (42529813)|VARIABLE_ASSIGNMENT|[108]|dbRecords|{"s":1,"v":[]}|0x39814fa3
13:50:10.0 (42549007)|HEAP_ALLOCATE|[109]|Bytes:5
13:50:10.0 (42554556)|STATEMENT_EXECUTE|[108]
13:50:10.0 (42557042)|STATEMENT_EXECUTE|[109]
13:50:10.0 (42567709)|VARIABLE_SCOPE_BEGIN|[109]|strJSON|String|false|false
13:50:10.0 (42575918)|VARIABLE_ASSIGNMENT|[109]|strJSON|null
13:50:10.0 (42579170)|STATEMENT_EXECUTE|[110]
13:50:10.0 (42587270)|VARIABLE_SCOPE_BEGIN|[110]|mapFields|Map<String,Set<String>>|true|false
13:50:10.0 (42594250)|VARIABLE_ASSIGNMENT|[110]|mapFields|null|
13:50:10.0 (42597648)|STATEMENT_EXECUTE|[112]
13:50:10.0 (42613716)|METHOD_ENTRY|[112]||System.JSON.serialize(Object)
13:50:10.0 (42783544)|METHOD_EXIT|[112]||System.JSON.serialize(Object)
13:50:10.0 (42797168)|VARIABLE_ASSIGNMENT|[112]|strJSON|"[]"
13:50:10.0 (42801351)|STATEMENT_EXECUTE|[113]
13:50:10.0 (42811485)|HEAP_ALLOCATE|[113]|Bytes:5
13:50:10.0 (42823187)|HEAP_ALLOCATE|[113]|Bytes:7
13:50:10.0 (42861660)|USER_DEBUG|[113]|DEBUG|JSON:[]
13:50:10.0 (42871762)|STATEMENT_EXECUTE|[114]
13:50:10.0 (42884414)|HEAP_ALLOCATE|[114]|Bytes:4
13:50:10.0 (42914131)|VARIABLE_ASSIGNMENT|[114]|mapFields|{"s":1,"v":{}}|0x4200b729
13:50:10.0 (42918497)|STATEMENT_EXECUTE|[115]
13:50:10.0 (42932978)|METHOD_ENTRY|[115]||System.JSON.deserializeUntyped(String)
13:50:10.0 (43019477)|METHOD_EXIT|[115]||System.JSON.deserializeUntyped(String)
13:50:10.0 (43031852)|VARIABLE_SCOPE_BEGIN|[115]|records|List<ANY>|true|false
13:50:10.0 (43045477)|HEAP_ALLOCATE|[EXTERNAL]|Bytes:4
13:50:10.0 (43058614)|VARIABLE_ASSIGNMENT|[115]|records|{"s":1,"v":[]}|0x11e86e51
13:50:10.0 (43107722)|HEAP_ALLOCATE|[116]|Bytes:5
13:50:10.0 (43153244)|VARIABLE_ASSIGNMENT|[116]|record|null
13:50:10.0 (43158790)|STATEMENT_EXECUTE|[116]
13:50:10.0 (43174210)|HEAP_ALLOCATE|[119]|Bytes:4
13:50:10.0 (43261225)|HEAP_ALLOCATE|[119]|Bytes:4
13:50:10.0 (43281375)|HEAP_ALLOCATE|[119]|Bytes:0
13:50:10.0 (43313582)|HEAP_ALLOCATE|[119]|Bytes:5
13:50:10.0 (43329051)|VARIABLE_ASSIGNMENT|[119]|objectName|null
13:50:10.0 (43333736)|STATEMENT_EXECUTE|[119]
13:50:10.0 (43341071)|STATEMENT_EXECUTE|[122]
13:50:10.0 (43356473)|METHOD_EXIT|[20]|01p50000002CIEt|ETLC_SecuredDB.findFields(List<SObject>)
13:50:10.0 (43379105)|METHOD_ENTRY|[20]|01p50000002CIEt|ETLC_SecuredDB.validate(ETLC_SecuredDB.Operation, Map<String,Set<String>>)
13:50:10.0 (43390675)|VARIABLE_SCOPE_BEGIN|[55]|op|ETLC_SecuredDB.Operation|true|false
13:50:10.0 (43409130)|VARIABLE_ASSIGNMENT|[55]|op|"Querying"|0x5fac40
13:50:10.0 (43415756)|VARIABLE_SCOPE_BEGIN|[55]|mapFieldNames|Map<String,Set<String>>|true|false
13:50:10.0 (43429620)|VARIABLE_ASSIGNMENT|[55]|mapFieldNames|{"s":1,"v":{}}|0x4200b729
13:50:10.0 (43445982)|HEAP_ALLOCATE|[56]|Bytes:5
13:50:10.0 (43451468)|STATEMENT_EXECUTE|[55]
13:50:10.0 (43454072)|STATEMENT_EXECUTE|[56]
13:50:10.0 (43463485)|VARIABLE_SCOPE_BEGIN|[56]|securityMessage|String|false|false
13:50:10.0 (43470756)|VARIABLE_ASSIGNMENT|[56]|securityMessage|null
13:50:10.0 (43473870)|STATEMENT_EXECUTE|[57]
13:50:10.0 (65348619)|HEAP_ALLOCATE|[57]|Bytes:1236
13:50:10.0 (65393005)|VARIABLE_SCOPE_BEGIN|[57]|mapObjects|Map<String,Schema.SObjectType>|true|false
13:50:10.0 (65708349)|VARIABLE_ASSIGNMENT|[57]|mapObjects|"{acceptedeventrelation=AcceptedEventRelation, account=Account, accountcontactrole=AccountContactRole, accounthistory=AccountHistory, accountpartner=AccountPartner, accountshare=AccountShare, actionlinkgrouptemplate=ActionLinkGroupTemplate, actionlinktemplate=ActionLinkTemplate, activityhistory=ActivityHistory, additionalnumber=AdditionalNumber, ...}"|0x47a1fa9d
13:50:10.0 (65725221)|HEAP_ALLOCATE|[58]|Bytes:4
13:50:10.0 (65823011)|HEAP_ALLOCATE|[58]|Bytes:4
13:50:10.0 (65849939)|HEAP_ALLOCATE|[58]|Bytes:0
13:50:10.0 (65892357)|HEAP_ALLOCATE|[58]|Bytes:5
13:50:10.0 (65916340)|VARIABLE_ASSIGNMENT|[58]|sObjectName|null
13:50:10.0 (65924279)|STATEMENT_EXECUTE|[58]
13:50:10.0 (65973253)|METHOD_EXIT|[20]|01p50000002CIEt|ETLC_SecuredDB.validate(ETLC_SecuredDB.Operation, Map<String,Set<String>>)
13:50:10.0 (65982478)|STATEMENT_EXECUTE|[21]
13:50:10.0 (66000821)|METHOD_EXIT|[41]|01p50000002CIEt|ETLC_SecuredDB.query(String)
13:50:10.0 (66010283)|VARIABLE_SCOPE_BEGIN|[41]|dbRecords|List<SObject>|true|false
13:50:10.0 (66033817)|VARIABLE_ASSIGNMENT|[41]|dbRecords|{"s":1,"v":[]}|0x39814fa3
13:50:10.0 (66036612)|STATEMENT_EXECUTE|[42]
13:50:10.0 (66065213)|HEAP_ALLOCATE|[42]|Bytes:4
13:50:10.0 (66191252)|VARIABLE_SCOPE_BEGIN|[42]|record|BFFFollow__c|true|false
13:50:10.0 (66212264)|VARIABLE_ASSIGNMENT|[42]|record|{}|0x15e99ede
13:50:10.0 (66330152)|STATEMENT_EXECUTE|[43]
13:50:10.0 (66341139)|STATEMENT_EXECUTE|[46]
13:50:10.0 (66463648)|VARIABLE_ASSIGNMENT|[46]|this.FollowedUsers__c|null|0x15e99ede
13:50:10.0 (66468435)|STATEMENT_EXECUTE|[47]
13:50:10.0 (66534499)|VARIABLE_ASSIGNMENT|[47]|this.FollowedBy__c|"00550000005cg71AAA"|0x15e99ede
13:50:10.0 (66539075)|STATEMENT_EXECUTE|[48]
13:50:10.0 (66585928)|HEAP_ALLOCATE|[48]|Bytes:8
13:50:10.0 (66626312)|DML_BEGIN|[48]|Op:Upsert|Type:BFFFollow__c|Rows:1
13:50:10.0 (66673285)|HEAP_ALLOCATE|[EXTERNAL]|Bytes:8
13:50:10.0 (107739589)|DML_END|[48]
13:50:10.0 (107775581)|STATEMENT_EXECUTE|[49]
13:50:10.0 (107798926)|HEAP_ALLOCATE|[49]|Bytes:5
13:50:10.0 (107823690)|METHOD_EXIT|[14]|01p50000002D8iw|BFFFollow_Controller.saveFollowedUsers(Id, String)
13:50:10.0 (107943701)|VARIABLE_ASSIGNMENT|[EXTERNAL]|this|{"debug":true,"input":"{\"mode\":\"saveFollowe (112 more) ...","isSuccess":true,"messages":"0x69f3315a","operation":"BFFFollow_Controller"}|0x49d51951
13:50:10.0 (107957179)|VARIABLE_ASSIGNMENT|[EXTERNAL]|value|true
13:50:10.0 (107965982)|HEAP_ALLOCATE|[15]|Bytes:5
13:50:10.0 (107980194)|VARIABLE_ASSIGNMENT|[15]|this.outputFlag|true|0x49d51951
13:50:10.0 (107996664)|METHOD_EXIT|[9]|01p50000002D8iw|BFFFollow_Controller.process(ETLC_ApexBridge_Data)
13:50:10.0 (108002067)|STATEMENT_EXECUTE|[24]
13:50:10.0 (108024852)|METHOD_ENTRY|[24]|01p50000002CIEo|ETLC_ApexBridge_Data.toJSON()
13:50:10.0 (108054894)|VARIABLE_SCOPE_BEGIN|[57]|this|ETLC_ApexBridge_Data|true|false
13:50:10.0 (108089398)|VARIABLE_ASSIGNMENT|[57]|this|{"debug":true,"input":"{\"mode\":\"saveFollowe (112 more) ...","isSuccess":true,"messages":"0x69f3315a","operation":"BFFFollow_Controller","outputFlag":true}|0x49d51951
13:50:10.0 (108109903)|STATEMENT_EXECUTE|[57]
13:50:10.0 (108111614)|STATEMENT_EXECUTE|[58]
13:50:10.0 (108127461)|METHOD_ENTRY|[58]||System.JSON.serialize(Object)
13:50:10.0 (108217288)|STATEMENT_EXECUTE|[22]
13:50:10.0 (108221001)|STATEMENT_EXECUTE|[23]
13:50:10.0 (108226118)|STATEMENT_EXECUTE|[24]
13:50:10.0 (108259848)|STATEMENT_EXECUTE|[31]
13:50:10.0 (108262963)|STATEMENT_EXECUTE|[32]
13:50:10.0 (108267339)|STATEMENT_EXECUTE|[33]
13:50:10.0 (108475074)|METHOD_EXIT|[58]||System.JSON.serialize(Object)
13:50:10.0 (108481505)|METHOD_EXIT|[24]|01p50000002CIEo|ETLC_ApexBridge_Data.toJSON()
13:50:10.0 (108486093)|METHOD_EXIT|[13]|01p50000002CIEm|ETLC_ApexBridge_Controller.execute(String)
13:50:10.0 (108491550)|VARIABLE_SCOPE_BEGIN|[13]|strD2|String|false|false
13:50:10.0 (108502118)|VARIABLE_ASSIGNMENT|[13]|strD2|"{\"records\":null,\"out (272 more) ..."
13:50:10.0 (108505028)|STATEMENT_EXECUTE|[14]
13:50:10.0 (108518560)|METHOD_ENTRY|[14]|01p50000002CIEo|ETLC_ApexBridge_Data.fromJSON(String)
13:50:10.0 (108533600)|VARIABLE_SCOPE_BEGIN|[60]|strJson|String|false|false
13:50:10.0 (108540985)|VARIABLE_ASSIGNMENT|[60]|strJson|"{\"records\":null,\"out (272 more) ..."
13:50:10.0 (108548746)|STATEMENT_EXECUTE|[60]
13:50:10.0 (108550453)|STATEMENT_EXECUTE|[61]
13:50:10.0 (108612223)|HEAP_ALLOCATE|[61]|Bytes:8
13:50:10.0 (108621150)|HEAP_ALLOCATE|[61]|Bytes:8
13:50:10.0 (108626041)|VARIABLE_SCOPE_BEGIN|[4]|this|System.Type|true|false
13:50:10.0 (108646925)|VARIABLE_ASSIGNMENT|[4]|this|{}|0x74d24f6e
13:50:10.0 (108650663)|VARIABLE_SCOPE_BEGIN|[4]|apextype|java:common.apex.runtime.ApexObjectType|true|false
13:50:10.0 (108734996)|VARIABLE_ASSIGNMENT|[4]|apextype|"ETLC_ApexBridge_Data"|0x4d3b2402
13:50:10.0 (108773695)|HEAP_ALLOCATE|[61]|Bytes:8
13:50:10.0 (108785850)|METHOD_ENTRY|[61]||System.JSON.deserializeStrict(String, System.Type)
13:50:10.0 (109124436)|METHOD_EXIT|[61]||System.JSON.deserializeStrict(String, System.Type)
13:50:10.0 (109137182)|METHOD_EXIT|[14]|01p50000002CIEo|ETLC_ApexBridge_Data.fromJSON(String)
13:50:10.0 (109141724)|VARIABLE_SCOPE_BEGIN|[14]|d2|ETLC_ApexBridge_Data|true|false
13:50:10.0 (109176065)|VARIABLE_ASSIGNMENT|[14]|d2|{"debug":true,"input":"{\"mode\":\"saveFollowe (112 more) ...","isSuccess":true,"messages":"0x204fa08e","operation":"BFFFollow_Controller","outputFlag":true}|0x461f7c69
13:50:10.0 (109181109)|STATEMENT_EXECUTE|[15]
13:50:10.0 (109256831)|VARIABLE_ASSIGNMENT|[EXTERNAL]|this|{"debug":true,"input":"{\"mode\":\"saveFollowe (112 more) ...","isSuccess":true,"messages":"0x204fa08e","operation":"BFFFollow_Controller","outputFlag":true}|0x461f7c69
13:50:10.0 (109302801)|STATEMENT_EXECUTE|[18]
13:50:10.0 (109312692)|HEAP_ALLOCATE|[18]|Bytes:27
13:50:10.0 (109322540)|HEAP_ALLOCATE|[18]|Bytes:4
13:50:10.0 (109450918)|SOQL_EXECUTE_BEGIN|[18]|Aggregations:0|SELECT Id FROM BFFFollow__c
13:50:10.0 (111282298)|SOQL_EXECUTE_END|[18]|Rows:1
13:50:10.0 (111304557)|HEAP_ALLOCATE|[18]|Bytes:8
13:50:10.0 (111321164)|HEAP_ALLOCATE|[18]|Bytes:33
13:50:10.0 (111341193)|HEAP_ALLOCATE|[18]|Bytes:8
13:50:10.0 (111353899)|VARIABLE_SCOPE_BEGIN|[18]|objList|List<BFFFollow__c>|true|false
13:50:10.0 (111383558)|VARIABLE_ASSIGNMENT|[18]|objList|{"s":1,"v":[{"s":2,"v":{"Id":"a005000000ezSoAAAU"}}]}|0x4c605e3b
13:50:10.0 (111387744)|STATEMENT_EXECUTE|[19]
13:50:10.0 (111455488)|METHOD_EXIT|[23]|01p50000002DHPJ|BFFFollow_Controller_Test.BFFFollow_Controller_saveFollowedUsers_Positive_Test()
13:50:10.0 (111460751)|STATEMENT_EXECUTE|[25]
13:50:10.0 (111471378)|HEAP_ALLOCATE|[25]|Bytes:4
13:50:10.0 (111568902)|SOQL_EXECUTE_BEGIN|[25]|Aggregations:0|SELECT Id FROM BFFFollow__c
13:50:10.0 (112920874)|SOQL_EXECUTE_END|[25]|Rows:1
13:50:10.0 (112939733)|HEAP_ALLOCATE|[25]|Bytes:8
13:50:10.0 (112951182)|HEAP_ALLOCATE|[25]|Bytes:33
13:50:10.0 (112965075)|HEAP_ALLOCATE|[25]|Bytes:8
13:50:10.0 (112973743)|VARIABLE_SCOPE_BEGIN|[25]|objList|List<BFFFollow__c>|true|false
13:50:10.0 (112993530)|VARIABLE_ASSIGNMENT|[25]|objList|{"s":1,"v":[{"s":2,"v":{"Id":"a005000000ezSoAAAU"}}]}|0x748cf1da
13:50:10.0 (112997990)|STATEMENT_EXECUTE|[26]
13:50:10.0 (113048094)|STATEMENT_EXECUTE|[29]
13:50:10.0 (113059863)|HEAP_ALLOCATE|[29]|Bytes:4
13:50:10.0 (113157498)|SOQL_EXECUTE_BEGIN|[29]|Aggregations:0|SELECT id FROM user LIMIT 1
13:50:10.0 (115147767)|SOQL_EXECUTE_END|[29]|Rows:1
13:50:10.0 (115167389)|HEAP_ALLOCATE|[29]|Bytes:8
13:50:10.0 (115178016)|HEAP_ALLOCATE|[29]|Bytes:33
13:50:10.0 (115194947)|HEAP_ALLOCATE|[29]|Bytes:8
13:50:10.0 (115227093)|HEAP_ALLOCATE|[29]|Bytes:8
13:50:10.0 (115242272)|VARIABLE_SCOPE_BEGIN|[29]|u|User|true|false
13:50:10.0 (115261443)|VARIABLE_ASSIGNMENT|[29]|u|{"s":1,"v":{"Id":"00550000005cg71AAA"}}|0x725e0f9a
13:50:10.0 (115265307)|STATEMENT_EXECUTE|[31]
13:50:10.0 (115275005)|HEAP_ALLOCATE|[31]|Bytes:51
13:50:10.0 (115280601)|VARIABLE_SCOPE_BEGIN|[31]|followedUsers|String|false|false
13:50:10.0 (115290227)|VARIABLE_ASSIGNMENT|[31]|followedUsers|"[{\"005\":{\"name\":\"use (31 more) ..."
13:50:10.0 (115292626)|STATEMENT_EXECUTE|[32]
13:50:10.0 (115298791)|HEAP_ALLOCATE|[32]|Bytes:45
13:50:10.0 (115361524)|HEAP_ALLOCATE|[32]|Bytes:18
13:50:10.0 (115373836)|HEAP_ALLOCATE|[32]|Bytes:2
13:50:10.0 (115382724)|HEAP_ALLOCATE|[32]|Bytes:65
13:50:10.0 (115387473)|VARIABLE_SCOPE_BEGIN|[32]|data|String|false|false
13:50:10.0 (115396996)|VARIABLE_ASSIGNMENT|[32]|data|"{\"mode\":\"fetchFollow (45 more) ..."
13:50:10.0 (115399697)|STATEMENT_EXECUTE|[33]
13:50:10.0 (115411321)|HEAP_ALLOCATE|[33]|Bytes:36
13:50:10.0 (115421153)|CONSTRUCTOR_ENTRY|[33]|01p50000002CIEo|<init>()
13:50:10.0 (115443599)|VARIABLE_SCOPE_BEGIN|[2]|this|ETLC_ApexBridge_Data|true|false
13:50:10.0 (115474904)|VARIABLE_ASSIGNMENT|[2]|this|{}|0x4d1a02a
13:50:10.0 (115492964)|STATEMENT_EXECUTE|[2]
13:50:10.0 (115495043)|STATEMENT_EXECUTE|[6]
13:50:10.0 (115500866)|STATEMENT_EXECUTE|[9]
13:50:10.0 (115503914)|STATEMENT_EXECUTE|[12]
13:50:10.0 (115506468)|STATEMENT_EXECUTE|[15]
13:50:10.0 (115508810)|STATEMENT_EXECUTE|[18]
13:50:10.0 (115511323)|STATEMENT_EXECUTE|[21]
13:50:10.0 (115513727)|STATEMENT_EXECUTE|[30]
13:50:10.0 (115517154)|STATEMENT_EXECUTE|[39]
13:50:10.0 (115524066)|CONSTRUCTOR_EXIT|[33]|01p50000002CIEo|<init>()
13:50:10.0 (115528595)|VARIABLE_SCOPE_BEGIN|[33]|d1|ETLC_ApexBridge_Data|true|false
13:50:10.0 (115548896)|VARIABLE_ASSIGNMENT|[33]|d1|{}|0x4d1a02a
13:50:10.0 (115551890)|STATEMENT_EXECUTE|[34]
13:50:10.0 (115593464)|VARIABLE_ASSIGNMENT|[EXTERNAL]|this|{}|0x4d1a02a
13:50:10.0 (115601062)|VARIABLE_ASSIGNMENT|[EXTERNAL]|value|"BFFFollow_Controller"
13:50:10.0 (115613627)|VARIABLE_ASSIGNMENT|[6]|this.operation|"BFFFollow_Controller"|0x4d1a02a
13:50:10.0 (115620996)|STATEMENT_EXECUTE|[35]
13:50:10.0 (115661639)|VARIABLE_ASSIGNMENT|[EXTERNAL]|this|{"operation":"BFFFollow_Controller"}|0x4d1a02a
13:50:10.0 (115669055)|VARIABLE_ASSIGNMENT|[EXTERNAL]|value|"{\"mode\":\"fetchFollow (45 more) ..."
13:50:10.0 (115678336)|VARIABLE_ASSIGNMENT|[9]|this.input|"{\"mode\":\"fetchFollow (45 more) ..."|0x4d1a02a
13:50:10.0 (115685424)|STATEMENT_EXECUTE|[36]
13:50:10.0 (115726844)|VARIABLE_ASSIGNMENT|[EXTERNAL]|this|{"input":"{\"mode\":\"fetchFollow (45 more) ...","operation":"BFFFollow_Controller"}|0x4d1a02a
13:50:10.0 (115735985)|VARIABLE_ASSIGNMENT|[EXTERNAL]|value|true
13:50:10.0 (115740739)|HEAP_ALLOCATE|[18]|Bytes:5
13:50:10.0 (115747809)|VARIABLE_ASSIGNMENT|[18]|this.debug|true|0x4d1a02a
13:50:10.0 (115755134)|STATEMENT_EXECUTE|[38]
13:50:10.0 (115774395)|METHOD_ENTRY|[38]|01p50000002CIEo|ETLC_ApexBridge_Data.toJSON()
13:50:10.0 (115786888)|VARIABLE_SCOPE_BEGIN|[57]|this|ETLC_ApexBridge_Data|true|false
13:50:10.0 (115812191)|VARIABLE_ASSIGNMENT|[57]|this|{"debug":true,"input":"{\"mode\":\"fetchFollow (45 more) ...","operation":"BFFFollow_Controller"}|0x4d1a02a
13:50:10.0 (115830733)|STATEMENT_EXECUTE|[57]
13:50:10.0 (115832328)|STATEMENT_EXECUTE|[58]
13:50:10.0 (115845372)|METHOD_ENTRY|[58]||System.JSON.serialize(Object)
13:50:10.0 (115925095)|STATEMENT_EXECUTE|[22]
13:50:10.0 (115928704)|STATEMENT_EXECUTE|[23]
13:50:10.0 (115937185)|HEAP_ALLOCATE|[23]|Bytes:5
13:50:10.0 (115946224)|VARIABLE_ASSIGNMENT|[23]|this.isSuccess|true|0x4d1a02a
13:50:10.0 (115949826)|STATEMENT_EXECUTE|[24]
13:50:10.0 (115981841)|STATEMENT_EXECUTE|[31]
13:50:10.0 (115984909)|STATEMENT_EXECUTE|[32]
13:50:10.0 (115993065)|HEAP_ALLOCATE|[32]|Bytes:4
13:50:10.0 (116014438)|VARIABLE_ASSIGNMENT|[32]|this.messages|{"s":1,"v":{}}|0x4d1a02a
13:50:10.0 (116018651)|STATEMENT_EXECUTE|[33]
13:50:10.0 (116203651)|METHOD_EXIT|[58]||System.JSON.serialize(Object)
13:50:10.0 (116210225)|METHOD_EXIT|[38]|01p50000002CIEo|ETLC_ApexBridge_Data.toJSON()
13:50:10.0 (116218117)|METHOD_ENTRY|[38]|01p50000002CIEm|ETLC_ApexBridge_Controller.execute(String)
13:50:10.0 (116223529)|VARIABLE_SCOPE_BEGIN|[3]|dataJson|String|false|false
13:50:10.0 (116236526)|VARIABLE_ASSIGNMENT|[3]|dataJson|"{\"records\":null,\"out (191 more) ..."
13:50:10.0 (116245854)|STATEMENT_EXECUTE|[3]
13:50:10.0 (116247551)|STATEMENT_EXECUTE|[4]
13:50:10.0 (116255113)|VARIABLE_SCOPE_BEGIN|[4]|data|ETLC_ApexBridge_Data|true|false
13:50:10.0 (116260956)|VARIABLE_ASSIGNMENT|[4]|data|null|
13:50:10.0 (116263733)|STATEMENT_EXECUTE|[5]
13:50:10.0 (116264805)|STATEMENT_EXECUTE|[5]
13:50:10.0 (116265818)|STATEMENT_EXECUTE|[6]
13:50:10.0 (116274740)|METHOD_ENTRY|[6]|01p50000002CIEo|ETLC_ApexBridge_Data.fromJSON(String)
13:50:10.0 (116279194)|VARIABLE_SCOPE_BEGIN|[60]|strJson|String|false|false
13:50:10.0 (116285780)|VARIABLE_ASSIGNMENT|[60]|strJson|"{\"records\":null,\"out (191 more) ..."
13:50:10.0 (116291910)|STATEMENT_EXECUTE|[60]
13:50:10.0 (116293391)|STATEMENT_EXECUTE|[61]
13:50:10.0 (116347675)|HEAP_ALLOCATE|[61]|Bytes:8
13:50:10.0 (116356564)|HEAP_ALLOCATE|[61]|Bytes:8
13:50:10.0 (116361236)|VARIABLE_SCOPE_BEGIN|[4]|this|System.Type|true|false
13:50:10.0 (116380382)|VARIABLE_ASSIGNMENT|[4]|this|{}|0x102618db
13:50:10.0 (116384150)|VARIABLE_SCOPE_BEGIN|[4]|apextype|java:common.apex.runtime.ApexObjectType|true|false
13:50:10.0 (116486036)|VARIABLE_ASSIGNMENT|[4]|apextype|"ETLC_ApexBridge_Data"|0x4d3b2402
13:50:10.0 (116517884)|HEAP_ALLOCATE|[61]|Bytes:8
13:50:10.0 (116529446)|METHOD_ENTRY|[61]||System.JSON.deserializeStrict(String, System.Type)
13:50:10.0 (116862072)|METHOD_EXIT|[61]||System.JSON.deserializeStrict(String, System.Type)
13:50:10.0 (116872820)|METHOD_EXIT|[6]|01p50000002CIEo|ETLC_ApexBridge_Data.fromJSON(String)
13:50:10.0 (116905547)|VARIABLE_ASSIGNMENT|[6]|data|{"debug":true,"input":"{\"mode\":\"fetchFollow (45 more) ...","isSuccess":true,"messages":"0x23740491","operation":"BFFFollow_Controller"}|0x2a2d3025
13:50:10.0 (116910410)|STATEMENT_EXECUTE|[7]
13:50:10.0 (116963892)|HEAP_ALLOCATE|[7]|Bytes:211
13:50:10.0 (116979896)|HEAP_ALLOCATE|[7]|Bytes:217
13:50:10.0 (116994889)|USER_DEBUG|[7]|DEBUG|data::ETLC_ApexBridge_Data:[debug=true, input={"mode":"fetchFollowedUsers","followedById":"00550000005cg71AAA"}, isSuccess=true, messages={}, operation=BFFFollow_Controller, output=null, outputFlag=null, records=null]
13:50:10.0 (117001749)|STATEMENT_EXECUTE|[8]
13:50:10.0 (117047435)|VARIABLE_ASSIGNMENT|[EXTERNAL]|this|{"debug":true,"input":"{\"mode\":\"fetchFollow (45 more) ...","isSuccess":true,"messages":"0x23740491","operation":"BFFFollow_Controller"}|0x2a2d3025
13:50:10.0 (117062616)|METHOD_ENTRY|[8]||System.Type.forName(String)
13:50:10.0 (117183800)|METHOD_EXIT|[8]||System.Type.forName(String)
13:50:10.0 (117192420)|METHOD_ENTRY|[8]||System.Type.newInstance()
13:50:10.0 (117250536)|HEAP_ALLOCATE|[33]|Bytes:5
13:50:10.0 (117259149)|CONSTRUCTOR_ENTRY|[EXTERNAL]|01p50000002CIEj|<init>()
13:50:10.0 (117263942)|VARIABLE_SCOPE_BEGIN|[1]|this|ETLC_ApexBridge_Abstract|true|false
13:50:10.0 (117278326)|VARIABLE_ASSIGNMENT|[1]|this|{}|0x26bfde60
13:50:10.0 (117291008)|STATEMENT_EXECUTE|[1]
13:50:10.0 (117295004)|CONSTRUCTOR_EXIT|[EXTERNAL]|01p50000002CIEj|<init>()
13:50:10.0 (117300295)|STATEMENT_EXECUTE|[1]
13:50:10.0 (117304823)|HEAP_ALLOCATE|[33]|Bytes:5
13:50:10.0 (117319718)|METHOD_EXIT|[8]||System.Type.newInstance()
13:50:10.0 (117327854)|VARIABLE_SCOPE_BEGIN|[8]|executor|ETLC_ApexBridge_Abstract|true|false
13:50:10.0 (117339768)|VARIABLE_ASSIGNMENT|[8]|executor|{}|0x26bfde60
13:50:10.0 (117343109)|STATEMENT_EXECUTE|[9]
13:50:10.0 (117356832)|METHOD_ENTRY|[9]|01p50000002D8iw|BFFFollow_Controller.process(ETLC_ApexBridge_Data)
13:50:10.0 (117362362)|VARIABLE_SCOPE_BEGIN|[3]|this|BFFFollow_Controller|true|false
13:50:10.0 (117372754)|VARIABLE_ASSIGNMENT|[3]|this|{}|0x26bfde60
13:50:10.0 (117375373)|VARIABLE_SCOPE_BEGIN|[3]|data|ETLC_ApexBridge_Data|true|false
13:50:10.0 (117400262)|VARIABLE_ASSIGNMENT|[3]|data|{"debug":true,"input":"{\"mode\":\"fetchFollow (45 more) ...","isSuccess":true,"messages":"0x23740491","operation":"BFFFollow_Controller"}|0x2a2d3025
13:50:10.0 (117414024)|HEAP_ALLOCATE|[4]|Bytes:5
13:50:10.0 (117418058)|STATEMENT_EXECUTE|[3]
13:50:10.0 (117419610)|STATEMENT_EXECUTE|[4]
13:50:10.0 (117456223)|VARIABLE_ASSIGNMENT|[EXTERNAL]|this|{"debug":true,"input":"{\"mode\":\"fetchFollow (45 more) ...","isSuccess":true,"messages":"0x23740491","operation":"BFFFollow_Controller"}|0x2a2d3025
13:50:10.0 (117476751)|VARIABLE_ASSIGNMENT|[4]|BFFFollow_Controller.debugFlag|true
13:50:10.0 (117506258)|VARIABLE_ASSIGNMENT|[EXTERNAL]|this|{"debug":true,"input":"{\"mode\":\"fetchFollow (45 more) ...","isSuccess":true,"messages":"0x23740491","operation":"BFFFollow_Controller"}|0x2a2d3025
13:50:10.0 (117516137)|STATEMENT_EXECUTE|[5]
13:50:10.0 (117550417)|USER_DEBUG|[5]|DEBUG|ETLC_ApexBridge_Data:[debug=true, input={"mode":"fetchFollowedUsers","followedById":"00550000005cg71AAA"}, isSuccess=true, messages={}, operation=BFFFollow_Controller, output=null, outputFlag=null, records=null]
13:50:10.0 (117558317)|STATEMENT_EXECUTE|[7]
13:50:10.0 (117569415)|METHOD_ENTRY|[7]|01p50000002CIEo|ETLC_ApexBridge_Data.getInputValue(String)
13:50:10.0 (117574633)|VARIABLE_SCOPE_BEGIN|[52]|this|ETLC_ApexBridge_Data|true|false
13:50:10.0 (117601698)|VARIABLE_ASSIGNMENT|[52]|this|{"debug":true,"input":"{\"mode\":\"fetchFollow (45 more) ...","isSuccess":true,"messages":"0x23740491","operation":"BFFFollow_Controller"}|0x2a2d3025
13:50:10.0 (117605639)|VARIABLE_SCOPE_BEGIN|[52]|key|String|false|false
13:50:10.0 (117610021)|VARIABLE_ASSIGNMENT|[52]|key|"mode"
13:50:10.0 (117618210)|STATEMENT_EXECUTE|[52]
13:50:10.0 (117619863)|STATEMENT_EXECUTE|[53]
13:50:10.0 (117654030)|VARIABLE_ASSIGNMENT|[EXTERNAL]|this|{"debug":true,"input":"{\"mode\":\"fetchFollow (45 more) ...","isSuccess":true,"messages":"0x23740491","operation":"BFFFollow_Controller"}|0x2a2d3025
13:50:10.0 (117667440)|METHOD_ENTRY|[53]||System.JSON.deserializeUntyped(String)
13:50:10.0 (117841600)|METHOD_EXIT|[53]||System.JSON.deserializeUntyped(String)
13:50:10.0 (117850733)|VARIABLE_SCOPE_BEGIN|[53]|inputMap|Map<String,ANY>|true|false
13:50:10.0 (117871489)|VARIABLE_ASSIGNMENT|[53]|inputMap|{"s":1,"v":{"mode":"fetchFollowedUsers","followedById":"00550000005cg71AAA"}}|0x67feaac
13:50:10.0 (117875304)|STATEMENT_EXECUTE|[54]
13:50:10.0 (117895966)|METHOD_EXIT|[7]|01p50000002CIEo|ETLC_ApexBridge_Data.getInputValue(String)
13:50:10.0 (117901588)|VARIABLE_SCOPE_BEGIN|[7]|mode|String|false|false
13:50:10.0 (117907975)|VARIABLE_ASSIGNMENT|[7]|mode|"fetchFollowedUsers"
13:50:10.0 (117933181)|STATEMENT_EXECUTE|[9]
13:50:10.0 (117934854)|STATEMENT_EXECUTE|[10]
13:50:10.0 (117949498)|METHOD_ENTRY|[10]|01p50000002CIEo|ETLC_ApexBridge_Data.getInputValue(String)
13:50:10.0 (117963767)|VARIABLE_SCOPE_BEGIN|[52]|this|ETLC_ApexBridge_Data|true|false
13:50:10.0 (117993868)|VARIABLE_ASSIGNMENT|[52]|this|{"debug":true,"input":"{\"mode\":\"fetchFollow (45 more) ...","isSuccess":true,"messages":"0x23740491","operation":"BFFFollow_Controller"}|0x2a2d3025
13:50:10.0 (117997887)|VARIABLE_SCOPE_BEGIN|[52]|key|String|false|false
13:50:10.0 (118001796)|VARIABLE_ASSIGNMENT|[52]|key|"followedById"
13:50:10.0 (118010548)|STATEMENT_EXECUTE|[52]
13:50:10.0 (118012056)|STATEMENT_EXECUTE|[53]
13:50:10.0 (118046386)|VARIABLE_ASSIGNMENT|[EXTERNAL]|this|{"debug":true,"input":"{\"mode\":\"fetchFollow (45 more) ...","isSuccess":true,"messages":"0x23740491","operation":"BFFFollow_Controller"}|0x2a2d3025
13:50:10.0 (118058595)|METHOD_ENTRY|[53]||System.JSON.deserializeUntyped(String)
13:50:10.0 (118211086)|METHOD_EXIT|[53]||System.JSON.deserializeUntyped(String)
13:50:10.0 (118220708)|VARIABLE_SCOPE_BEGIN|[53]|inputMap|Map<String,ANY>|true|false
13:50:10.0 (118242926)|VARIABLE_ASSIGNMENT|[53]|inputMap|{"s":1,"v":{"mode":"fetchFollowedUsers","followedById":"00550000005cg71AAA"}}|0x52c267e
13:50:10.0 (118246979)|STATEMENT_EXECUTE|[54]
13:50:10.0 (118266919)|METHOD_EXIT|[10]|01p50000002CIEo|ETLC_ApexBridge_Data.getInputValue(String)
13:50:10.0 (118276764)|HEAP_ALLOCATE|[10]|Bytes:4
13:50:10.0 (118294172)|METHOD_ENTRY|[10]|01p50000002D8iw|BFFFollow_Controller.fetchFollowedUsers(Id)
13:50:10.0 (118304316)|VARIABLE_SCOPE_BEGIN|[20]|this|BFFFollow_Controller|true|false
13:50:10.0 (118318002)|VARIABLE_ASSIGNMENT|[20]|this|{}|0x26bfde60
13:50:10.0 (118322607)|VARIABLE_SCOPE_BEGIN|[20]|followedById|Id|false|false
13:50:10.0 (118386875)|VARIABLE_ASSIGNMENT|[20]|followedById|"00550000005cg71AAA"
13:50:10.0 (118404518)|HEAP_ALLOCATE|[21]|Bytes:5
13:50:10.0 (118408867)|STATEMENT_EXECUTE|[20]
13:50:10.0 (118410130)|STATEMENT_EXECUTE|[21]
13:50:10.0 (118418152)|HEAP_ALLOCATE|[21]|Bytes:63
13:50:10.0 (118455464)|HEAP_ALLOCATE|[21]|Bytes:18
13:50:10.0 (118472089)|HEAP_ALLOCATE|[21]|Bytes:90
13:50:10.0 (118477225)|VARIABLE_SCOPE_BEGIN|[21]|soql|String|false|false
13:50:10.0 (118486112)|VARIABLE_ASSIGNMENT|[21]|soql|"SELECT FollowedUsers (70 more) ..."
13:50:10.0 (118489091)|STATEMENT_EXECUTE|[23]
13:50:10.0 (118490335)|STATEMENT_EXECUTE|[23]
13:50:10.0 (118491200)|STATEMENT_EXECUTE|[24]
13:50:10.0 (118504262)|METHOD_ENTRY|[24]|01p50000002CIEt|ETLC_SecuredDB.query(String)
13:50:10.0 (118518908)|VARIABLE_SCOPE_BEGIN|[10]|SOQL|String|false|false
13:50:10.0 (118525407)|VARIABLE_ASSIGNMENT|[10]|SOQL|"SELECT FollowedUsers (70 more) ..."
13:50:10.0 (118537495)|HEAP_ALLOCATE|[12]|Bytes:5
13:50:10.0 (118541074)|STATEMENT_EXECUTE|[10]
13:50:10.0 (118542416)|STATEMENT_EXECUTE|[12]
13:50:10.0 (118727042)|SOQL_EXECUTE_BEGIN|[12]|Aggregations:0|SELECT FollowedUsers__c FROM BFFFollow__c WHERE FollowedBy__c='00550000005cg71AAA' limit 1
13:50:10.0 (122106123)|SOQL_EXECUTE_END|[12]|Rows:1
13:50:10.0 (122131264)|HEAP_ALLOCATE|[12]|Bytes:8
13:50:10.0 (122142175)|HEAP_ALLOCATE|[12]|Bytes:33
13:50:10.0 (122162544)|HEAP_ALLOCATE|[12]|Bytes:8
13:50:10.0 (122177665)|VARIABLE_SCOPE_BEGIN|[12]|dbRecords|List<SObject>|true|false
13:50:10.0 (122210775)|VARIABLE_ASSIGNMENT|[12]|dbRecords|{"s":1,"v":[{"s":2,"v":{"Id":"a005000000ezSoAAAU"}}]}|0x2cbed534
13:50:10.0 (122215382)|STATEMENT_EXECUTE|[20]
13:50:10.0 (122240975)|METHOD_ENTRY|[20]|01p50000002CIEt|ETLC_SecuredDB.findFields(List<SObject>)
13:50:10.0 (122248173)|VARIABLE_SCOPE_BEGIN|[108]|dbRecords|List<SObject>|true|false
13:50:10.0 (122260622)|VARIABLE_ASSIGNMENT|[108]|dbRecords|{"s":1,"v":[{"s":2,"v":{"Id":"a005000000ezSoAAAU"}}]}|0x2cbed534
13:50:10.0 (122277965)|HEAP_ALLOCATE|[109]|Bytes:5
13:50:10.0 (122282256)|STATEMENT_EXECUTE|[108]
13:50:10.0 (122283771)|STATEMENT_EXECUTE|[109]
13:50:10.0 (122291661)|VARIABLE_SCOPE_BEGIN|[109]|strJSON|String|false|false
13:50:10.0 (122298065)|VARIABLE_ASSIGNMENT|[109]|strJSON|null
13:50:10.0 (122300753)|STATEMENT_EXECUTE|[110]
13:50:10.0 (122306638)|VARIABLE_SCOPE_BEGIN|[110]|mapFields|Map<String,Set<String>>|true|false
13:50:10.0 (122312208)|VARIABLE_ASSIGNMENT|[110]|mapFields|null|
13:50:10.0 (122314318)|STATEMENT_EXECUTE|[112]
13:50:10.0 (122325412)|METHOD_ENTRY|[112]||System.JSON.serialize(Object)
13:50:10.0 (122600078)|METHOD_EXIT|[112]||System.JSON.serialize(Object)
13:50:10.0 (122615804)|VARIABLE_ASSIGNMENT|[112]|strJSON|"[{\"attributes\":{\"typ (116 more) ..."
13:50:10.0 (122619279)|STATEMENT_EXECUTE|[113]
13:50:10.0 (122632972)|HEAP_ALLOCATE|[113]|Bytes:141
13:50:10.0 (122648305)|USER_DEBUG|[113]|DEBUG|JSON:[{"attributes":{"type":"BFFFollow__c","url":"/services/data/v37.0/sobjects/BFFFollow__c/a005000000ezSoAAAU"},"Id":"a005000000ezSoAAAU"}]
13:50:10.0 (122654343)|STATEMENT_EXECUTE|[114]
13:50:10.0 (122663353)|HEAP_ALLOCATE|[114]|Bytes:4
13:50:10.0 (122682915)|VARIABLE_ASSIGNMENT|[114]|mapFields|{"s":1,"v":{}}|0x6793d7a8
13:50:10.0 (122685879)|STATEMENT_EXECUTE|[115]
13:50:10.0 (122697022)|METHOD_ENTRY|[115]||System.JSON.deserializeUntyped(String)
13:50:10.0 (122969051)|METHOD_EXIT|[115]||System.JSON.deserializeUntyped(String)
13:50:10.0 (122979383)|VARIABLE_SCOPE_BEGIN|[115]|records|List<ANY>|true|false
13:50:10.0 (122997888)|HEAP_ALLOCATE|[EXTERNAL]|Bytes:8
13:50:10.0 (123017903)|VARIABLE_ASSIGNMENT|[115]|records|{"s":1,"v":[{"s":2,"v":{"attributes":{"s":3,"v":{"type":"BFFFollow__c","url":"/services/data/v37.0 (41 more) ..."}},"Id":"a005000000ezSoAAAU"}}]}|0x24f2502a
13:50:10.0 (123044306)|HEAP_ALLOCATE|[116]|Bytes:5
13:50:10.0 (123061646)|HEAP_ALLOCATE|[116]|Bytes:12
13:50:10.0 (123072787)|VARIABLE_SCOPE_BEGIN|[116]|record|Object|false|false
13:50:10.0 (123093197)|VARIABLE_ASSIGNMENT|[116]|record|{"s":1,"v":{"attributes":{"s":2,"v":{"type":"BFFFollow__c","url":"/services/data/v37.0 (41 more) ..."}},"Id":"a005000000ezSoAAAU"}}
13:50:10.0 (123097777)|STATEMENT_EXECUTE|[116]
13:50:10.0 (123099253)|STATEMENT_EXECUTE|[117]
13:50:10.0 (123128802)|METHOD_ENTRY|[117]|01p50000002CIEt|ETLC_SecuredDB.findFieldsRecursive(Map<String,Set<String>>, Map<String,ANY>)
13:50:10.0 (123162447)|VARIABLE_SCOPE_BEGIN|[124]|mapFields|Map<String,Set<String>>|true|false
13:50:10.0 (123175246)|VARIABLE_ASSIGNMENT|[124]|mapFields|{"s":1,"v":{}}|0x6793d7a8
13:50:10.0 (123179588)|VARIABLE_SCOPE_BEGIN|[124]|record|Map<String,ANY>|true|false
13:50:10.0 (123190503)|VARIABLE_ASSIGNMENT|[124]|record|{"s":1,"v":{"attributes":{"s":2,"v":{"type":"BFFFollow__c","url":"/services/data/v37.0 (41 more) ..."}},"Id":"a005000000ezSoAAAU"}}|0x7ebf36f5
13:50:10.0 (123205797)|HEAP_ALLOCATE|[125]|Bytes:5
13:50:10.0 (123209865)|STATEMENT_EXECUTE|[124]
13:50:10.0 (123211213)|STATEMENT_EXECUTE|[125]
13:50:10.0 (123217901)|HEAP_ALLOCATE|[125]|Bytes:10
13:50:10.0 (123222867)|VARIABLE_SCOPE_BEGIN|[125]|strAttributes|String|false|false
13:50:10.0 (123237048)|VARIABLE_ASSIGNMENT|[125]|strAttributes|"attributes"
13:50:10.0 (123239827)|STATEMENT_EXECUTE|[126]
13:50:10.0 (123246090)|HEAP_ALLOCATE|[126]|Bytes:7
13:50:10.0 (123250316)|VARIABLE_SCOPE_BEGIN|[126]|strRecord|String|false|false
13:50:10.0 (123255716)|VARIABLE_ASSIGNMENT|[126]|strRecord|"records"
13:50:10.0 (123294152)|STATEMENT_EXECUTE|[127]
13:50:10.0 (123296397)|STATEMENT_EXECUTE|[128]
13:50:10.0 (123333023)|VARIABLE_SCOPE_BEGIN|[128]|attributes|Map<String,ANY>|true|false
13:50:10.0 (123350129)|VARIABLE_ASSIGNMENT|[128]|attributes|{"s":1,"v":{"type":"BFFFollow__c","url":"/services/data/v37.0 (41 more) ..."}}|0x359047b5
13:50:10.0 (123353777)|STATEMENT_EXECUTE|[129]
13:50:10.0 (123361314)|HEAP_ALLOCATE|[129]|Bytes:4
13:50:10.0 (123396446)|VARIABLE_SCOPE_BEGIN|[129]|objectName|String|false|false
13:50:10.0 (123404660)|VARIABLE_ASSIGNMENT|[129]|objectName|"BFFFollow__c"
13:50:10.0 (123412027)|HEAP_ALLOCATE|[130]|Bytes:4
13:50:10.0 (123460504)|HEAP_ALLOCATE|[130]|Bytes:24
13:50:10.0 (123477837)|HEAP_ALLOCATE|[130]|Bytes:8
13:50:10.0 (123498864)|HEAP_ALLOCATE|[130]|Bytes:5
13:50:10.0 (123511285)|VARIABLE_SCOPE_BEGIN|[130]|fieldName|String|false|false
13:50:10.0 (123518745)|VARIABLE_ASSIGNMENT|[130]|fieldName|"attributes"
13:50:10.0 (123522308)|STATEMENT_EXECUTE|[130]
13:50:10.0 (123523667)|STATEMENT_EXECUTE|[131]
13:50:10.0 (123565807)|VARIABLE_SCOPE_BEGIN|[131]|field|Object|false|false
13:50:10.0 (123584565)|VARIABLE_ASSIGNMENT|[131]|field|{"s":1,"v":{"type":"BFFFollow__c","url":"/services/data/v37.0 (41 more) ..."}}
13:50:10.0 (123612850)|STATEMENT_EXECUTE|[132]
13:50:10.0 (123629379)|HEAP_ALLOCATE|[130]|Bytes:5
13:50:10.0 (123641268)|VARIABLE_SCOPE_BEGIN|[130]|fieldName|String|false|false
13:50:10.0 (123647766)|VARIABLE_ASSIGNMENT|[130]|fieldName|"Id"
13:50:10.0 (123650268)|STATEMENT_EXECUTE|[130]
13:50:10.0 (123651424)|STATEMENT_EXECUTE|[131]
13:50:10.0 (123670555)|VARIABLE_SCOPE_BEGIN|[131]|field|Object|false|false
13:50:10.0 (123678927)|VARIABLE_ASSIGNMENT|[131]|field|"a005000000ezSoAAAU"
13:50:10.0 (123690147)|HEAP_ALLOCATE|[134]|Bytes:68
13:50:10.0 (123707905)|STATEMENT_EXECUTE|[136]
13:50:10.0 (123709885)|STATEMENT_EXECUTE|[137]
13:50:10.0 (123720420)|HEAP_ALLOCATE|[137]|Bytes:4
13:50:10.0 (123754467)|VARIABLE_SCOPE_BEGIN|[137]|fieldNames|Set<String>|true|false
13:50:10.0 (123774079)|VARIABLE_ASSIGNMENT|[137]|fieldNames|{"s":1,"v":[]}|0x7a02828a
13:50:10.0 (123807355)|STATEMENT_EXECUTE|[138]
13:50:10.0 (123813682)|STATEMENT_EXECUTE|[139]
13:50:10.0 (123841908)|HEAP_ALLOCATE|[EXTERNAL]|Bytes:4
13:50:10.0 (123850499)|STATEMENT_EXECUTE|[140]
13:50:10.0 (123879895)|HEAP_ALLOCATE|[EXTERNAL]|Bytes:-4
13:50:10.0 (123895161)|HEAP_ALLOCATE|[130]|Bytes:5
13:50:10.0 (123906681)|VARIABLE_ASSIGNMENT|[130]|fieldName|null
13:50:10.0 (123918761)|METHOD_EXIT|[117]|01p50000002CIEt|ETLC_SecuredDB.findFieldsRecursive(Map<String,Set<String>>, Map<String,ANY>)
13:50:10.0 (123929191)|HEAP_ALLOCATE|[116]|Bytes:5
13:50:10.0 (123943117)|VARIABLE_ASSIGNMENT|[116]|record|null
13:50:10.0 (123949076)|HEAP_ALLOCATE|[119]|Bytes:4
13:50:10.0 (123969140)|HEAP_ALLOCATE|[119]|Bytes:20
13:50:10.0 (123979617)|HEAP_ALLOCATE|[119]|Bytes:4
13:50:10.0 (123994840)|HEAP_ALLOCATE|[119]|Bytes:5
13:50:10.0 (124006858)|VARIABLE_SCOPE_BEGIN|[119]|objectName|String|false|false
13:50:10.0 (124015536)|VARIABLE_ASSIGNMENT|[119]|objectName|"BFFFollow__c"
13:50:10.0 (124018586)|STATEMENT_EXECUTE|[119]
13:50:10.0 (124019799)|STATEMENT_EXECUTE|[120]
13:50:10.0 (124027405)|HEAP_ALLOCATE|[120]|Bytes:2
13:50:10.0 (124084037)|HEAP_ALLOCATE|[120]|Bytes:4
13:50:10.0 (124098375)|HEAP_ALLOCATE|[120]|Bytes:18
13:50:10.0 (124109691)|USER_DEBUG|[120]|DEBUG|BFFFollow__c: {Id}
13:50:10.0 (124121444)|HEAP_ALLOCATE|[119]|Bytes:5
13:50:10.0 (124132301)|VARIABLE_ASSIGNMENT|[119]|objectName|null
13:50:10.0 (124135713)|STATEMENT_EXECUTE|[122]
13:50:10.0 (124148694)|METHOD_EXIT|[20]|01p50000002CIEt|ETLC_SecuredDB.findFields(List<SObject>)
13:50:10.0 (124155993)|METHOD_ENTRY|[20]|01p50000002CIEt|ETLC_SecuredDB.validate(ETLC_SecuredDB.Operation, Map<String,Set<String>>)
13:50:10.0 (124160845)|VARIABLE_SCOPE_BEGIN|[55]|op|ETLC_SecuredDB.Operation|true|false
13:50:10.0 (124175413)|VARIABLE_ASSIGNMENT|[55]|op|"Querying"|0x5fac40
13:50:10.0 (124178011)|VARIABLE_SCOPE_BEGIN|[55]|mapFieldNames|Map<String,Set<String>>|true|false
13:50:10.0 (124191657)|VARIABLE_ASSIGNMENT|[55]|mapFieldNames|{"s":1,"v":{"BFFFollow__c":{"s":2,"v":["Id"]}}}|0x6793d7a8
13:50:10.0 (124205199)|HEAP_ALLOCATE|[56]|Bytes:5
13:50:10.0 (124209167)|STATEMENT_EXECUTE|[55]
13:50:10.0 (124210687)|STATEMENT_EXECUTE|[56]
13:50:10.0 (124217822)|VARIABLE_SCOPE_BEGIN|[56]|securityMessage|String|false|false
13:50:10.0 (124222990)|VARIABLE_ASSIGNMENT|[56]|securityMessage|null
13:50:10.0 (124224897)|STATEMENT_EXECUTE|[57]
13:50:10.0 (127838749)|HEAP_ALLOCATE|[57]|Bytes:1236
13:50:10.0 (127860556)|VARIABLE_SCOPE_BEGIN|[57]|mapObjects|Map<String,Schema.SObjectType>|true|false
13:50:10.0 (128051685)|VARIABLE_ASSIGNMENT|[57]|mapObjects|"{acceptedeventrelation=AcceptedEventRelation, account=Account, accountcontactrole=AccountContactRole, accounthistory=AccountHistory, accountpartner=AccountPartner, accountshare=AccountShare, actionlinkgrouptemplate=ActionLinkGroupTemplate, actionlinktemplate=ActionLinkTemplate, activityhistory=ActivityHistory, additionalnumber=AdditionalNumber, ...}"|0x7d8d0ba1
13:50:10.0 (128063834)|HEAP_ALLOCATE|[58]|Bytes:4
13:50:10.0 (128096055)|HEAP_ALLOCATE|[58]|Bytes:20
13:50:10.0 (128108656)|HEAP_ALLOCATE|[58]|Bytes:4
13:50:10.0 (128126966)|HEAP_ALLOCATE|[58]|Bytes:5
13:50:10.0 (128140913)|VARIABLE_SCOPE_BEGIN|[58]|sObjectName|String|false|false
13:50:10.0 (128149318)|VARIABLE_ASSIGNMENT|[58]|sObjectName|"BFFFollow__c"
13:50:10.0 (128153971)|STATEMENT_EXECUTE|[58]
13:50:10.0 (128155725)|STATEMENT_EXECUTE|[59]
13:50:10.0 (128166756)|HEAP_ALLOCATE|[59]|Bytes:9
13:50:10.0 (128170585)|HEAP_ALLOCATE|[59]|Bytes:7
13:50:10.0 (128227286)|HEAP_ALLOCATE|[59]|Bytes:8
13:50:10.0 (128243871)|HEAP_ALLOCATE|[59]|Bytes:1
13:50:10.0 (128258484)|HEAP_ALLOCATE|[59]|Bytes:37
13:50:10.0 (128268902)|VARIABLE_ASSIGNMENT|[59]|securityMessage|"CRUD on [BFFFollow__ (17 more) ..."
13:50:10.0 (128272088)|STATEMENT_EXECUTE|[60]
13:50:10.0 (128279715)|HEAP_ALLOCATE|[60]|Bytes:10
13:50:10.0 (128291569)|HEAP_ALLOCATE|[60]|Bytes:47
13:50:10.0 (128324406)|USER_DEBUG|[60]|DEBUG|Checking: CRUD on [BFFFollow__c] for [Querying]
13:50:10.0 (128331954)|STATEMENT_EXECUTE|[61]
13:50:10.0 (128617903)|HEAP_ALLOCATE|[61]|Bytes:4
13:50:10.0 (128665908)|VARIABLE_SCOPE_BEGIN|[61]|drSObj|Schema.DescribeSObjectResult|true|false
13:50:10.0 (128739930)|VARIABLE_ASSIGNMENT|[61]|drSObj|"common.api.soap.wsdl.DescribeSObjectResult@a54f9caa"|0x320ad03a
13:50:10.0 (128887822)|STATEMENT_EXECUTE|[64]
13:50:10.0 (128915164)|STATEMENT_EXECUTE|[65]
13:50:10.0 (128973593)|STATEMENT_EXECUTE|[77]
13:50:10.0 (128976193)|STATEMENT_EXECUTE|[79]
13:50:10.0 (129199583)|HEAP_ALLOCATE|[79]|Bytes:56
13:50:10.0 (129212114)|VARIABLE_SCOPE_BEGIN|[79]|mapFields|Map<String,Schema.SObjectField>|true|false
13:50:10.0 (129368030)|VARIABLE_ASSIGNMENT|[79]|mapFields|"{createdbyid=CreatedById, createddate=CreatedDate, followedby__c=FollowedBy__c, followedusers__c=FollowedUsers__c, id=Id, isdeleted=IsDeleted, lastmodifiedbyid=LastModifiedById, lastmodifieddate=LastModifiedDate, lastreferenceddate=LastReferencedDate, lastvieweddate=LastViewedDate, ...}"|0x184a9dc2
13:50:10.0 (129379272)|HEAP_ALLOCATE|[80]|Bytes:4
13:50:10.0 (129430962)|HEAP_ALLOCATE|[80]|Bytes:4
13:50:10.0 (129451272)|HEAP_ALLOCATE|[80]|Bytes:5
13:50:10.0 (129464111)|VARIABLE_SCOPE_BEGIN|[80]|fieldName|String|false|false
13:50:10.0 (129472183)|VARIABLE_ASSIGNMENT|[80]|fieldName|"Id"
13:50:10.0 (129475442)|STATEMENT_EXECUTE|[80]
13:50:10.0 (129477015)|STATEMENT_EXECUTE|[81]
13:50:10.0 (130078381)|HEAP_ALLOCATE|[81]|Bytes:8
13:50:10.0 (130114786)|VARIABLE_SCOPE_BEGIN|[81]|drField|Schema.DescribeFieldResult|true|false
13:50:10.0 (130178105)|VARIABLE_ASSIGNMENT|[81]|drField|"common.api.soap.wsdl.Field@855f40e1"|0x4791cc46
13:50:10.0 (130201004)|STATEMENT_EXECUTE|[99]
13:50:10.0 (130202956)|STATEMENT_EXECUTE|[100]
13:50:10.0 (130212004)|HEAP_ALLOCATE|[100]|Bytes:22
13:50:10.0 (130216681)|HEAP_ALLOCATE|[100]|Bytes:1
13:50:10.0 (130264280)|HEAP_ALLOCATE|[100]|Bytes:8
13:50:10.0 (130284538)|HEAP_ALLOCATE|[100]|Bytes:52
13:50:10.0 (130294539)|HEAP_ALLOCATE|[100]|Bytes:35
13:50:10.0 (130300015)|HEAP_ALLOCATE|[100]|Bytes:87
13:50:10.0 (130311658)|USER_DEBUG|[100]|DEBUG|Bypass Check: FLS on [BFFFollow__c.Id] for [Querying] since it's not isPermissionable()
13:50:10.0 (130325933)|HEAP_ALLOCATE|[80]|Bytes:5
13:50:10.0 (130338123)|VARIABLE_ASSIGNMENT|[80]|fieldName|null
13:50:10.0 (130348119)|HEAP_ALLOCATE|[58]|Bytes:5
13:50:10.0 (130356463)|VARIABLE_ASSIGNMENT|[58]|sObjectName|null
13:50:10.0 (130370797)|METHOD_EXIT|[20]|01p50000002CIEt|ETLC_SecuredDB.validate(ETLC_SecuredDB.Operation, Map<String,Set<String>>)
13:50:10.0 (130375179)|STATEMENT_EXECUTE|[21]
13:50:10.0 (130387790)|METHOD_EXIT|[24]|01p50000002CIEt|ETLC_SecuredDB.query(String)
13:50:10.0 (130394143)|VARIABLE_SCOPE_BEGIN|[24]|dbRecords|List<SObject>|true|false
13:50:10.0 (130420358)|VARIABLE_ASSIGNMENT|[24]|dbRecords|{"s":1,"v":[{"s":2,"v":{"Id":"a005000000ezSoAAAU"}}]}|0x2cbed534
13:50:10.0 (130428389)|STATEMENT_EXECUTE|[25]
13:50:10.0 (130429860)|STATEMENT_EXECUTE|[25]
13:50:10.0 (130493074)|USER_DEBUG|[25]|DEBUG|(BFFFollow__c:{Id=a005000000ezSoAAAU})
13:50:10.0 (130527622)|STATEMENT_EXECUTE|[26]
13:50:10.0 (130529865)|STATEMENT_EXECUTE|[27]
13:50:10.0 (130545309)|HEAP_ALLOCATE|[27]|Bytes:8
13:50:10.0 (130552892)|HEAP_ALLOCATE|[27]|Bytes:16
13:50:10.0 (130631234)|METHOD_EXIT|[10]|01p50000002D8iw|BFFFollow_Controller.fetchFollowedUsers(Id)
13:50:10.0 (130717684)|VARIABLE_ASSIGNMENT|[EXTERNAL]|this|{"debug":true,"input":"{\"mode\":\"fetchFollow (45 more) ...","isSuccess":true,"messages":"0x23740491","operation":"BFFFollow_Controller"}|0x2a2d3025
13:50:10.0 (130727266)|VARIABLE_ASSIGNMENT|[EXTERNAL]|value|null
13:50:10.0 (130742285)|VARIABLE_ASSIGNMENT|[12]|this.output|null|0x2a2d3025
13:50:10.0 (130750144)|STATEMENT_EXECUTE|[11]
13:50:10.0 (130813593)|VARIABLE_ASSIGNMENT|[EXTERNAL]|this|{"debug":true,"input":"{\"mode\":\"fetchFollow (45 more) ...","isSuccess":true,"messages":"0x23740491","operation":"BFFFollow_Controller"}|0x2a2d3025
13:50:10.0 (130857322)|VARIABLE_ASSIGNMENT|[EXTERNAL]|this|{"debug":true,"input":"{\"mode\":\"fetchFollow (45 more) ...","isSuccess":true,"messages":"0x23740491","operation":"BFFFollow_Controller"}|0x2a2d3025
13:50:10.0 (130865821)|VARIABLE_ASSIGNMENT|[EXTERNAL]|value|false
13:50:10.0 (130870695)|HEAP_ALLOCATE|[15]|Bytes:5
13:50:10.0 (130878280)|VARIABLE_ASSIGNMENT|[15]|this.outputFlag|false|0x2a2d3025
13:50:10.0 (130888236)|STATEMENT_EXECUTE|[12]
13:50:10.0 (130889961)|STATEMENT_EXECUTE|[12]
13:50:10.0 (130948387)|USER_DEBUG|[12]|DEBUG|ETLC_ApexBridge_Data:[debug=true, input={"mode":"fetchFollowedUsers","followedById":"00550000005cg71AAA"}, isSuccess=true, messages={}, operation=BFFFollow_Controller, output=null, outputFlag=false, records=null]
13:50:10.0 (130964804)|METHOD_EXIT|[9]|01p50000002D8iw|BFFFollow_Controller.process(ETLC_ApexBridge_Data)
13:50:10.0 (130968601)|STATEMENT_EXECUTE|[24]
13:50:10.0 (130979681)|METHOD_ENTRY|[24]|01p50000002CIEo|ETLC_ApexBridge_Data.toJSON()
13:50:10.0 (130985320)|VARIABLE_SCOPE_BEGIN|[57]|this|ETLC_ApexBridge_Data|true|false
13:50:10.0 (131015972)|VARIABLE_ASSIGNMENT|[57]|this|{"debug":true,"input":"{\"mode\":\"fetchFollow (45 more) ...","isSuccess":true,"messages":"0x23740491","operation":"BFFFollow_Controller","outputFlag":false}|0x2a2d3025
13:50:10.0 (131033478)|STATEMENT_EXECUTE|[57]
13:50:10.0 (131035048)|STATEMENT_EXECUTE|[58]
13:50:10.0 (131049594)|METHOD_ENTRY|[58]||System.JSON.serialize(Object)
13:50:10.0 (131140205)|STATEMENT_EXECUTE|[22]
13:50:10.0 (131143876)|STATEMENT_EXECUTE|[23]
13:50:10.0 (131149010)|STATEMENT_EXECUTE|[24]
13:50:10.0 (131176919)|STATEMENT_EXECUTE|[31]
13:50:10.0 (131180055)|STATEMENT_EXECUTE|[32]
13:50:10.0 (131184060)|STATEMENT_EXECUTE|[33]
13:50:10.0 (131370696)|METHOD_EXIT|[58]||System.JSON.serialize(Object)
13:50:10.0 (131377001)|METHOD_EXIT|[24]|01p50000002CIEo|ETLC_ApexBridge_Data.toJSON()
13:50:10.0 (131381812)|METHOD_EXIT|[38]|01p50000002CIEm|ETLC_ApexBridge_Controller.execute(String)
13:50:10.0 (131387193)|VARIABLE_SCOPE_BEGIN|[38]|strD2|String|false|false
13:50:10.0 (131397292)|VARIABLE_ASSIGNMENT|[38]|strD2|"{\"records\":null,\"out (192 more) ..."
13:50:10.0 (131401063)|STATEMENT_EXECUTE|[39]
13:50:10.0 (131429978)|USER_DEBUG|[39]|DEBUG|{"records":null,"outputFlag":false,"output":null,"operation":"BFFFollow_Controller","messages":{},"isSuccess":true,"input":"{\"mode\":\"fetchFollowedUsers\",\"followedById\":\"00550000005cg71AAA\"}","debug":true}
13:50:10.0 (131437912)|STATEMENT_EXECUTE|[40]
13:50:10.0 (131449036)|METHOD_ENTRY|[40]|01p50000002CIEo|ETLC_ApexBridge_Data.fromJSON(String)
13:50:10.0 (131460513)|VARIABLE_SCOPE_BEGIN|[60]|strJson|String|false|false
13:50:10.0 (131468845)|VARIABLE_ASSIGNMENT|[60]|strJson|"{\"records\":null,\"out (192 more) ..."
13:50:10.0 (131476558)|STATEMENT_EXECUTE|[60]
13:50:10.0 (131477954)|STATEMENT_EXECUTE|[61]
13:50:10.0 (131534690)|HEAP_ALLOCATE|[61]|Bytes:8
13:50:10.0 (131543972)|HEAP_ALLOCATE|[61]|Bytes:8
13:50:10.0 (131548770)|VARIABLE_SCOPE_BEGIN|[4]|this|System.Type|true|false
13:50:10.0 (131569668)|VARIABLE_ASSIGNMENT|[4]|this|{}|0x2ff25caa
13:50:10.0 (131573904)|VARIABLE_SCOPE_BEGIN|[4]|apextype|java:common.apex.runtime.ApexObjectType|true|false
13:50:10.0 (131643521)|VARIABLE_ASSIGNMENT|[4]|apextype|"ETLC_ApexBridge_Data"|0x4d3b2402
13:50:10.0 (131678140)|HEAP_ALLOCATE|[61]|Bytes:8
13:50:10.0 (131689868)|METHOD_ENTRY|[61]||System.JSON.deserializeStrict(String, System.Type)
13:50:10.0 (132020078)|METHOD_EXIT|[61]||System.JSON.deserializeStrict(String, System.Type)
13:50:10.0 (132031128)|METHOD_EXIT|[40]|01p50000002CIEo|ETLC_ApexBridge_Data.fromJSON(String)
13:50:10.0 (132035855)|VARIABLE_SCOPE_BEGIN|[40]|d2|ETLC_ApexBridge_Data|true|false
13:50:10.0 (132069224)|VARIABLE_ASSIGNMENT|[40]|d2|{"debug":true,"input":"{\"mode\":\"fetchFollow (45 more) ...","isSuccess":true,"messages":"0x7e936e1b","operation":"BFFFollow_Controller","outputFlag":false}|0x7ae8d2f2
13:50:10.0 (132074031)|STATEMENT_EXECUTE|[41]
13:50:10.0 (132127880)|VARIABLE_ASSIGNMENT|[EXTERNAL]|this|{"debug":true,"input":"{\"mode\":\"fetchFollow (45 more) ...","isSuccess":true,"messages":"0x7e936e1b","operation":"BFFFollow_Controller","outputFlag":false}|0x7ae8d2f2
13:50:10.0 (132184250)|EXCEPTION_THROWN|[41]|System.AssertException: Assertion Failed: Expected: false, Actual: true
13:50:10.0 (132281249)|HEAP_ALLOCATE|[41]|Bytes:51
13:50:10.0 (132299410)|SYSTEM_MODE_EXIT|false
13:50:10.0 (132382499)|FATAL_ERROR|System.AssertException: Assertion Failed: Expected: false, Actual: true

Class.BFFFollow_Controller_Test.BFFFollow_Controller_fetchFollowedUserss_Positive_Test: line 41, column 1
13:50:10.0 (132394522)|FATAL_ERROR|System.AssertException: Assertion Failed: Expected: false, Actual: true

Class.BFFFollow_Controller_Test.BFFFollow_Controller_fetchFollowedUserss_Positive_Test: line 41, column 1
13:50:10.132 (132403143)|CUMULATIVE_LIMIT_USAGE
13:50:10.132 (132403143)|LIMIT_USAGE_FOR_NS|(default)|
  Number of SOQL queries: 6 out of 100
  Number of query rows: 5 out of 50000
  Number of SOSL queries: 0 out of 20
  Number of DML statements: 1 out of 150
  Number of DML rows: 1 out of 10000
  Maximum CPU time: 0 out of 10000
  Maximum heap size: 0 out of 6000000
  Number of callouts: 0 out of 100
  Number of Email Invocations: 0 out of 10
  Number of future calls: 0 out of 50
  Number of queueable jobs added to the queue: 0 out of 50
  Number of Mobile Apex push calls: 0 out of 10

13:50:10.132 (132403143)|CUMULATIVE_LIMIT_USAGE_END

13:50:10.0 (132449674)|CODE_UNIT_FINISHED|BFFFollow_Controller_Test.BFFFollow_Controller_fetchFollowedUserss_Positive_Test
13:50:10.0 (133977289)|EXECUTION_FINISHED
13:50:10.157 (157507212)|USER_INFO|[EXTERNAL]|00550000005cg71|bfffollow@jr.te|Eastern Standard Time|GMT-04:00
13:50:10.157 (157538394)|EXECUTION_STARTED
13:50:10.157 (157547001)|CODE_UNIT_STARTED|[EXTERNAL]|01p50000002DHPJ|BFFFollow_Controller_Test.BFFFollow_Controller_saveFollowedUsers_Positive_Test
13:50:10.157 (157704317)|HEAP_ALLOCATE|[72]|Bytes:3
13:50:10.157 (157751266)|HEAP_ALLOCATE|[77]|Bytes:152
13:50:10.157 (157775527)|HEAP_ALLOCATE|[342]|Bytes:408
13:50:10.157 (157807023)|HEAP_ALLOCATE|[355]|Bytes:408
13:50:10.157 (157839834)|HEAP_ALLOCATE|[467]|Bytes:48
13:50:10.157 (157881894)|HEAP_ALLOCATE|[139]|Bytes:6
13:50:10.157 (157916001)|HEAP_ALLOCATE|[EXTERNAL]|Bytes:73
13:50:10.157 (157940899)|METHOD_ENTRY|[2]|01p50000002DHPJ|BFFFollow_Controller_Test.BFFFollow_Controller_Test()
13:50:10.157 (157948063)|STATEMENT_EXECUTE|[2]
13:50:10.157 (157960118)|STATEMENT_EXECUTE|[2]
13:50:10.157 (158459128)|SYSTEM_MODE_ENTER|false
13:50:10.157 (158494936)|HEAP_ALLOCATE|[50]|Bytes:5
13:50:10.157 (158529168)|HEAP_ALLOCATE|[56]|Bytes:5
13:50:10.157 (158546054)|HEAP_ALLOCATE|[64]|Bytes:7
13:50:10.157 (158564345)|HEAP_ALLOCATE|[EXTERNAL]|Bytes:5
13:50:10.157 (158574650)|SYSTEM_MODE_EXIT|false
13:50:10.157 (158592407)|METHOD_EXIT|[2]|BFFFollow_Controller_Test
13:50:10.157 (158648080)|SYSTEM_MODE_ENTER|false
13:50:10.157 (158655431)|HEAP_ALLOCATE|[5]|Bytes:5
13:50:10.157 (158660974)|STATEMENT_EXECUTE|[4]
13:50:10.157 (158663371)|STATEMENT_EXECUTE|[5]
13:50:10.157 (158682034)|HEAP_ALLOCATE|[5]|Bytes:27
13:50:10.157 (158697319)|HEAP_ALLOCATE|[5]|Bytes:4
13:50:10.157 (158919278)|SOQL_EXECUTE_BEGIN|[5]|Aggregations:0|SELECT id FROM user LIMIT 1
13:50:10.157 (161222099)|SOQL_EXECUTE_END|[5]|Rows:1
13:50:10.157 (161256787)|HEAP_ALLOCATE|[5]|Bytes:8
13:50:10.157 (161277755)|HEAP_ALLOCATE|[5]|Bytes:33
13:50:10.157 (161324525)|HEAP_ALLOCATE|[5]|Bytes:8
13:50:10.157 (161337637)|HEAP_ALLOCATE|[5]|Bytes:30
13:50:10.157 (161376630)|HEAP_ALLOCATE|[5]|Bytes:8
13:50:10.157 (161391672)|VARIABLE_SCOPE_BEGIN|[5]|u|User|true|false
13:50:10.157 (161455168)|VARIABLE_ASSIGNMENT|[5]|u|{"s":1,"v":{"Id":"00550000005cg71AAA"}}|0x23f9fda7
13:50:10.157 (161460658)|STATEMENT_EXECUTE|[7]
13:50:10.157 (161469620)|HEAP_ALLOCATE|[7]|Bytes:44
13:50:10.157 (161519925)|HEAP_ALLOCATE|[7]|Bytes:18
13:50:10.157 (161531080)|HEAP_ALLOCATE|[7]|Bytes:70
13:50:10.157 (161542157)|HEAP_ALLOCATE|[7]|Bytes:132
13:50:10.157 (161547474)|VARIABLE_SCOPE_BEGIN|[7]|data|String|false|false
13:50:10.157 (161560465)|VARIABLE_ASSIGNMENT|[7]|data|"{\"mode\":\"saveFollowe (112 more) ..."
13:50:10.157 (161564227)|STATEMENT_EXECUTE|[8]
13:50:10.157 (161583920)|HEAP_ALLOCATE|[8]|Bytes:11
13:50:10.157 (161589622)|HEAP_ALLOCATE|[8]|Bytes:248
13:50:10.157 (161592713)|HEAP_ALLOCATE|[8]|Bytes:39
13:50:10.157 (161606089)|METHOD_ENTRY|[2]|01p50000002CIEo|ETLC_ApexBridge_Data.ETLC_ApexBridge_Data()
13:50:10.157 (161610008)|STATEMENT_EXECUTE|[2]
13:50:10.157 (161614857)|STATEMENT_EXECUTE|[2]
13:50:10.157 (161622470)|METHOD_EXIT|[2]|ETLC_ApexBridge_Data
13:50:10.157 (161629867)|HEAP_ALLOCATE|[8]|Bytes:36
13:50:10.157 (161644884)|CONSTRUCTOR_ENTRY|[8]|01p50000002CIEo|<init>()
13:50:10.157 (161651116)|VARIABLE_SCOPE_BEGIN|[2]|this|ETLC_ApexBridge_Data|true|false
13:50:10.157 (161695598)|VARIABLE_ASSIGNMENT|[2]|this|{}|0x6f2bb8e0
13:50:10.157 (161710876)|HEAP_ALLOCATE|[EXTERNAL]|Bytes:6
13:50:10.157 (161750143)|STATEMENT_EXECUTE|[2]
13:50:10.157 (161753684)|STATEMENT_EXECUTE|[6]
13:50:10.157 (161762973)|STATEMENT_EXECUTE|[9]
13:50:10.157 (161768770)|STATEMENT_EXECUTE|[12]
13:50:10.157 (161774020)|STATEMENT_EXECUTE|[15]
13:50:10.157 (161780077)|STATEMENT_EXECUTE|[18]
13:50:10.157 (161784748)|STATEMENT_EXECUTE|[21]
13:50:10.157 (161789151)|STATEMENT_EXECUTE|[30]
13:50:10.157 (161794171)|STATEMENT_EXECUTE|[39]
13:50:10.157 (161806029)|CONSTRUCTOR_EXIT|[8]|01p50000002CIEo|<init>()
13:50:10.157 (161812928)|VARIABLE_SCOPE_BEGIN|[8]|d1|ETLC_ApexBridge_Data|true|false
13:50:10.157 (161844575)|VARIABLE_ASSIGNMENT|[8]|d1|{}|0x6f2bb8e0
13:50:10.157 (161849769)|STATEMENT_EXECUTE|[9]
13:50:10.157 (161860067)|HEAP_ALLOCATE|[9]|Bytes:20
13:50:10.157 (161910494)|VARIABLE_ASSIGNMENT|[EXTERNAL]|this|{}|0x6f2bb8e0
13:50:10.157 (161921970)|VARIABLE_ASSIGNMENT|[EXTERNAL]|value|"BFFFollow_Controller"
13:50:10.157 (161941842)|VARIABLE_ASSIGNMENT|[6]|this.operation|"BFFFollow_Controller"|0x6f2bb8e0
13:50:10.157 (161952034)|STATEMENT_EXECUTE|[10]
13:50:10.157 (162006728)|VARIABLE_ASSIGNMENT|[EXTERNAL]|this|{"operation":"BFFFollow_Controller"}|0x6f2bb8e0
13:50:10.157 (162020062)|VARIABLE_ASSIGNMENT|[EXTERNAL]|value|"{\"mode\":\"saveFollowe (112 more) ..."
13:50:10.157 (162037418)|VARIABLE_ASSIGNMENT|[9]|this.input|"{\"mode\":\"saveFollowe (112 more) ..."|0x6f2bb8e0
13:50:10.157 (162047785)|STATEMENT_EXECUTE|[11]
13:50:10.157 (162102133)|VARIABLE_ASSIGNMENT|[EXTERNAL]|this|{"input":"{\"mode\":\"saveFollowe (112 more) ...","operation":"BFFFollow_Controller"}|0x6f2bb8e0
13:50:10.157 (162114085)|VARIABLE_ASSIGNMENT|[EXTERNAL]|value|true
13:50:10.157 (162122765)|HEAP_ALLOCATE|[18]|Bytes:5
13:50:10.157 (162134461)|VARIABLE_ASSIGNMENT|[18]|this.debug|true|0x6f2bb8e0
13:50:10.157 (162144877)|STATEMENT_EXECUTE|[13]
13:50:10.157 (162170737)|METHOD_ENTRY|[13]|01p50000002CIEo|ETLC_ApexBridge_Data.toJSON()
13:50:10.157 (162178512)|VARIABLE_SCOPE_BEGIN|[57]|this|ETLC_ApexBridge_Data|true|false
13:50:10.157 (162222464)|VARIABLE_ASSIGNMENT|[57]|this|{"debug":true,"input":"{\"mode\":\"saveFollowe (112 more) ...","operation":"BFFFollow_Controller"}|0x6f2bb8e0
13:50:10.157 (162242679)|STATEMENT_EXECUTE|[57]
13:50:10.157 (162245380)|STATEMENT_EXECUTE|[58]
13:50:10.157 (162269059)|HEAP_ALLOCATE|[58]|Bytes:24
13:50:10.157 (162287753)|SYSTEM_METHOD_ENTRY|[1]|JSON.JSON()
13:50:10.157 (162292710)|STATEMENT_EXECUTE|[1]
13:50:10.157 (162307022)|SYSTEM_METHOD_EXIT|[1]|JSON
13:50:10.157 (162323747)|METHOD_ENTRY|[58]||System.JSON.serialize(Object)
13:50:10.157 (162454323)|STATEMENT_EXECUTE|[22]
13:50:10.157 (162459834)|STATEMENT_EXECUTE|[23]
13:50:10.157 (162479059)|HEAP_ALLOCATE|[23]|Bytes:5
13:50:10.157 (162493969)|VARIABLE_ASSIGNMENT|[23]|this.isSuccess|true|0x6f2bb8e0
13:50:10.157 (162498368)|STATEMENT_EXECUTE|[24]
13:50:10.157 (162548540)|STATEMENT_EXECUTE|[31]
13:50:10.157 (162553851)|STATEMENT_EXECUTE|[32]
13:50:10.157 (162569579)|HEAP_ALLOCATE|[32]|Bytes:4
13:50:10.157 (162607111)|VARIABLE_ASSIGNMENT|[32]|this.messages|{"s":1,"v":{}}|0x6f2bb8e0
13:50:10.157 (162612746)|STATEMENT_EXECUTE|[33]
13:50:10.157 (162898321)|METHOD_EXIT|[58]||System.JSON.serialize(Object)
13:50:10.157 (162908250)|METHOD_EXIT|[13]|01p50000002CIEo|ETLC_ApexBridge_Data.toJSON()
13:50:10.157 (162928209)|HEAP_ALLOCATE|[13]|Bytes:1
13:50:10.157 (162936606)|HEAP_ALLOCATE|[13]|Bytes:10
13:50:10.157 (162953014)|METHOD_ENTRY|[1]|01p50000002CIEm|ETLC_ApexBridge_Controller.ETLC_ApexBridge_Controller()
13:50:10.157 (162958389)|STATEMENT_EXECUTE|[1]
13:50:10.157 (162966220)|STATEMENT_EXECUTE|[1]
13:50:10.157 (162978050)|METHOD_EXIT|[1]|ETLC_ApexBridge_Controller
13:50:10.157 (162991762)|METHOD_ENTRY|[13]|01p50000002CIEm|ETLC_ApexBridge_Controller.execute(String)
13:50:10.157 (163000962)|VARIABLE_SCOPE_BEGIN|[3]|dataJson|String|false|false
13:50:10.157 (163014579)|VARIABLE_ASSIGNMENT|[3]|dataJson|"{\"records\":null,\"out (272 more) ..."
13:50:10.157 (163029017)|STATEMENT_EXECUTE|[3]
13:50:10.157 (163031948)|STATEMENT_EXECUTE|[4]
13:50:10.157 (163045068)|VARIABLE_SCOPE_BEGIN|[4]|data|ETLC_ApexBridge_Data|true|false
13:50:10.157 (163056092)|VARIABLE_ASSIGNMENT|[4]|data|null|
13:50:10.157 (163060846)|STATEMENT_EXECUTE|[5]
13:50:10.157 (163062663)|STATEMENT_EXECUTE|[5]
13:50:10.157 (163064143)|STATEMENT_EXECUTE|[6]
13:50:10.157 (163090141)|METHOD_ENTRY|[6]|01p50000002CIEo|ETLC_ApexBridge_Data.fromJSON(String)
13:50:10.157 (163097317)|VARIABLE_SCOPE_BEGIN|[60]|strJson|String|false|false
13:50:10.157 (163106246)|VARIABLE_ASSIGNMENT|[60]|strJson|"{\"records\":null,\"out (272 more) ..."
13:50:10.157 (163115109)|STATEMENT_EXECUTE|[60]
13:50:10.157 (163116864)|STATEMENT_EXECUTE|[61]
13:50:10.157 (163123289)|HEAP_ALLOCATE|[61]|Bytes:20
13:50:10.157 (163189439)|HEAP_ALLOCATE|[61]|Bytes:24
13:50:10.157 (163210117)|SYSTEM_METHOD_ENTRY|[1]|Type.Type()
13:50:10.157 (163214621)|STATEMENT_EXECUTE|[1]
13:50:10.157 (163230089)|SYSTEM_METHOD_EXIT|[1]|Type
13:50:10.157 (163239698)|HEAP_ALLOCATE|[61]|Bytes:8
13:50:10.157 (163269397)|HEAP_ALLOCATE|[61]|Bytes:8
13:50:10.157 (163278697)|VARIABLE_SCOPE_BEGIN|[4]|this|System.Type|true|false
13:50:10.157 (163306894)|VARIABLE_ASSIGNMENT|[4]|this|{}|0x2a15d82e
13:50:10.157 (163313458)|VARIABLE_SCOPE_BEGIN|[4]|apextype|java:common.apex.runtime.ApexObjectType|true|false
13:50:10.157 (163484794)|VARIABLE_ASSIGNMENT|[4]|apextype|"ETLC_ApexBridge_Data"|0x4d3b2402
13:50:10.157 (163522308)|HEAP_ALLOCATE|[61]|Bytes:8
13:50:10.157 (163537952)|METHOD_ENTRY|[61]||System.JSON.deserializeStrict(String, System.Type)
13:50:10.157 (163874596)|METHOD_EXIT|[61]||System.JSON.deserializeStrict(String, System.Type)
13:50:10.157 (163886512)|METHOD_EXIT|[6]|01p50000002CIEo|ETLC_ApexBridge_Data.fromJSON(String)
13:50:10.157 (163920733)|VARIABLE_ASSIGNMENT|[6]|data|{"debug":true,"input":"{\"mode\":\"saveFollowe (112 more) ...","isSuccess":true,"messages":"0x466d1c0e","operation":"BFFFollow_Controller"}|0x7433509b
13:50:10.157 (163925570)|STATEMENT_EXECUTE|[7]
13:50:10.157 (163934334)|HEAP_ALLOCATE|[7]|Bytes:6
13:50:10.157 (163986754)|HEAP_ALLOCATE|[7]|Bytes:278
13:50:10.157 (164009523)|HEAP_ALLOCATE|[7]|Bytes:284
13:50:10.157 (164031405)|USER_DEBUG|[7]|DEBUG|data::ETLC_ApexBridge_Data:[debug=true, input={"mode":"saveFollowedUsers","followedById":"00550000005cg71AAA","followedUsers":[{"005":{"name":"user 1"},"006":{"name":"User 2"}}]}, isSuccess=true, messages={}, operation=BFFFollow_Controller, output=null, outputFlag=null, records=null]
13:50:10.157 (164042745)|STATEMENT_EXECUTE|[8]
13:50:10.157 (164087099)|VARIABLE_ASSIGNMENT|[EXTERNAL]|this|{"debug":true,"input":"{\"mode\":\"saveFollowe (112 more) ...","isSuccess":true,"messages":"0x466d1c0e","operation":"BFFFollow_Controller"}|0x7433509b
13:50:10.157 (164105758)|METHOD_ENTRY|[8]||System.Type.forName(String)
13:50:10.157 (164244563)|METHOD_EXIT|[8]||System.Type.forName(String)
13:50:10.157 (164255670)|METHOD_ENTRY|[8]||System.Type.newInstance()
13:50:10.157 (164333897)|STATEMENT_EXECUTE|[1]
13:50:10.157 (164342008)|HEAP_ALLOCATE|[33]|Bytes:5
13:50:10.157 (164355017)|METHOD_EXIT|[1]|BFFFollow_Controller
13:50:10.157 (164360311)|HEAP_ALLOCATE|[33]|Bytes:4
13:50:10.157 (164365381)|VARIABLE_SCOPE_BEGIN|[1]|this|BFFFollow_Controller|true|false
13:50:10.157 (164383089)|VARIABLE_ASSIGNMENT|[1]|this|{}|0x5c310a37
13:50:10.157 (164391719)|HEAP_ALLOCATE|[33]|Bytes:5
13:50:10.157 (164400477)|HEAP_ALLOCATE|[33]|Bytes:11
13:50:10.157 (164412999)|METHOD_ENTRY|[1]|01p50000002CIEj|ETLC_ApexBridge_Abstract.ETLC_ApexBridge_Abstract()
13:50:10.157 (164417390)|STATEMENT_EXECUTE|[1]
13:50:10.157 (164422243)|STATEMENT_EXECUTE|[1]
13:50:10.157 (164428748)|METHOD_EXIT|[1]|ETLC_ApexBridge_Abstract
13:50:10.157 (164435284)|CONSTRUCTOR_ENTRY|[EXTERNAL]|01p50000002CIEj|<init>()
13:50:10.157 (164439807)|VARIABLE_SCOPE_BEGIN|[1]|this|ETLC_ApexBridge_Abstract|true|false
13:50:10.157 (164453620)|VARIABLE_ASSIGNMENT|[1]|this|{}|0x5c310a37
13:50:10.157 (164466457)|STATEMENT_EXECUTE|[1]
13:50:10.157 (164470680)|CONSTRUCTOR_EXIT|[EXTERNAL]|01p50000002CIEj|<init>()
13:50:10.157 (164476057)|STATEMENT_EXECUTE|[1]
13:50:10.157 (164480817)|HEAP_ALLOCATE|[33]|Bytes:5
13:50:10.157 (164496365)|METHOD_EXIT|[8]||System.Type.newInstance()
13:50:10.157 (164503777)|VARIABLE_SCOPE_BEGIN|[8]|executor|ETLC_ApexBridge_Abstract|true|false
13:50:10.157 (164516073)|VARIABLE_ASSIGNMENT|[8]|executor|{}|0x5c310a37
13:50:10.157 (164518681)|STATEMENT_EXECUTE|[9]
13:50:10.157 (164535144)|METHOD_ENTRY|[9]|01p50000002D8iw|BFFFollow_Controller.process(ETLC_ApexBridge_Data)
13:50:10.157 (164540646)|VARIABLE_SCOPE_BEGIN|[3]|this|BFFFollow_Controller|true|false
13:50:10.157 (164551218)|VARIABLE_ASSIGNMENT|[3]|this|{}|0x5c310a37
13:50:10.157 (164553801)|VARIABLE_SCOPE_BEGIN|[3]|data|ETLC_ApexBridge_Data|true|false
13:50:10.157 (164580185)|VARIABLE_ASSIGNMENT|[3]|data|{"debug":true,"input":"{\"mode\":\"saveFollowe (112 more) ...","isSuccess":true,"messages":"0x466d1c0e","operation":"BFFFollow_Controller"}|0x7433509b
13:50:10.157 (164594723)|HEAP_ALLOCATE|[4]|Bytes:5
13:50:10.157 (164598875)|STATEMENT_EXECUTE|[3]
13:50:10.157 (164600193)|STATEMENT_EXECUTE|[4]
13:50:10.157 (164641368)|VARIABLE_ASSIGNMENT|[EXTERNAL]|this|{"debug":true,"input":"{\"mode\":\"saveFollowe (112 more) ...","isSuccess":true,"messages":"0x466d1c0e","operation":"BFFFollow_Controller"}|0x7433509b
13:50:10.157 (164661266)|VARIABLE_ASSIGNMENT|[4]|BFFFollow_Controller.debugFlag|true
13:50:10.157 (164692844)|VARIABLE_ASSIGNMENT|[EXTERNAL]|this|{"debug":true,"input":"{\"mode\":\"saveFollowe (112 more) ...","isSuccess":true,"messages":"0x466d1c0e","operation":"BFFFollow_Controller"}|0x7433509b
13:50:10.157 (164703219)|STATEMENT_EXECUTE|[5]
13:50:10.157 (164740133)|USER_DEBUG|[5]|DEBUG|ETLC_ApexBridge_Data:[debug=true, input={"mode":"saveFollowedUsers","followedById":"00550000005cg71AAA","followedUsers":[{"005":{"name":"user 1"},"006":{"name":"User 2"}}]}, isSuccess=true, messages={}, operation=BFFFollow_Controller, output=null, outputFlag=null, records=null]
13:50:10.157 (164748733)|STATEMENT_EXECUTE|[7]
13:50:10.157 (164755953)|HEAP_ALLOCATE|[7]|Bytes:4
13:50:10.157 (164768327)|METHOD_ENTRY|[7]|01p50000002CIEo|ETLC_ApexBridge_Data.getInputValue(String)
13:50:10.157 (164773715)|VARIABLE_SCOPE_BEGIN|[52]|this|ETLC_ApexBridge_Data|true|false
13:50:10.157 (164801742)|VARIABLE_ASSIGNMENT|[52]|this|{"debug":true,"input":"{\"mode\":\"saveFollowe (112 more) ...","isSuccess":true,"messages":"0x466d1c0e","operation":"BFFFollow_Controller"}|0x7433509b
13:50:10.157 (164806325)|VARIABLE_SCOPE_BEGIN|[52]|key|String|false|false
13:50:10.157 (164813391)|VARIABLE_ASSIGNMENT|[52]|key|"mode"
13:50:10.157 (164822682)|STATEMENT_EXECUTE|[52]
13:50:10.157 (164824395)|STATEMENT_EXECUTE|[53]
13:50:10.157 (164864457)|VARIABLE_ASSIGNMENT|[EXTERNAL]|this|{"debug":true,"input":"{\"mode\":\"saveFollowe (112 more) ...","isSuccess":true,"messages":"0x466d1c0e","operation":"BFFFollow_Controller"}|0x7433509b
13:50:10.157 (164882203)|METHOD_ENTRY|[53]||System.JSON.deserializeUntyped(String)
13:50:10.157 (165363916)|METHOD_EXIT|[53]||System.JSON.deserializeUntyped(String)
13:50:10.157 (165374936)|VARIABLE_SCOPE_BEGIN|[53]|inputMap|Map<String,ANY>|true|false
13:50:10.157 (165397322)|HEAP_ALLOCATE|[EXTERNAL]|Bytes:8
13:50:10.157 (165423903)|VARIABLE_ASSIGNMENT|[53]|inputMap|{"s":1,"v":{"mode":"saveFollowedUsers","followedById":"00550000005cg71AAA","followedUsers":{"s":2,"v":[{"s":3,"v":{"005":{"s":4,"v":{"name":"user 1"}},"006":{"s":5,"v":{"name":"User 2"}}}}]}}}|0x58e17d37
13:50:10.157 (165429067)|STATEMENT_EXECUTE|[54]
13:50:10.157 (165455942)|METHOD_EXIT|[7]|01p50000002CIEo|ETLC_ApexBridge_Data.getInputValue(String)
13:50:10.157 (165462096)|VARIABLE_SCOPE_BEGIN|[7]|mode|String|false|false
13:50:10.157 (165468858)|VARIABLE_ASSIGNMENT|[7]|mode|"saveFollowedUsers"
13:50:10.157 (165473392)|HEAP_ALLOCATE|[9]|Bytes:18
13:50:10.157 (165501604)|HEAP_ALLOCATE|[13]|Bytes:17
13:50:10.157 (165513402)|STATEMENT_EXECUTE|[13]
13:50:10.157 (165514917)|STATEMENT_EXECUTE|[14]
13:50:10.157 (165520907)|HEAP_ALLOCATE|[14]|Bytes:12
13:50:10.157 (165531574)|METHOD_ENTRY|[14]|01p50000002CIEo|ETLC_ApexBridge_Data.getInputValue(String)
13:50:10.157 (165536646)|VARIABLE_SCOPE_BEGIN|[52]|this|ETLC_ApexBridge_Data|true|false
13:50:10.157 (165567561)|VARIABLE_ASSIGNMENT|[52]|this|{"debug":true,"input":"{\"mode\":\"saveFollowe (112 more) ...","isSuccess":true,"messages":"0x466d1c0e","operation":"BFFFollow_Controller"}|0x7433509b
13:50:10.157 (165571453)|VARIABLE_SCOPE_BEGIN|[52]|key|String|false|false
13:50:10.157 (165575831)|VARIABLE_ASSIGNMENT|[52]|key|"followedById"
13:50:10.157 (165584010)|STATEMENT_EXECUTE|[52]
13:50:10.157 (165585427)|STATEMENT_EXECUTE|[53]
13:50:10.157 (165619732)|VARIABLE_ASSIGNMENT|[EXTERNAL]|this|{"debug":true,"input":"{\"mode\":\"saveFollowe (112 more) ...","isSuccess":true,"messages":"0x466d1c0e","operation":"BFFFollow_Controller"}|0x7433509b
13:50:10.157 (165632357)|METHOD_ENTRY|[53]||System.JSON.deserializeUntyped(String)
13:50:10.157 (166017528)|METHOD_EXIT|[53]||System.JSON.deserializeUntyped(String)
13:50:10.157 (166035020)|VARIABLE_SCOPE_BEGIN|[53]|inputMap|Map<String,ANY>|true|false
13:50:10.157 (166056062)|HEAP_ALLOCATE|[EXTERNAL]|Bytes:8
13:50:10.157 (166077925)|VARIABLE_ASSIGNMENT|[53]|inputMap|{"s":1,"v":{"mode":"saveFollowedUsers","followedById":"00550000005cg71AAA","followedUsers":{"s":2,"v":[{"s":3,"v":{"005":{"s":4,"v":{"name":"user 1"}},"006":{"s":5,"v":{"name":"User 2"}}}}]}}}|0x7dee071b
13:50:10.157 (166086170)|STATEMENT_EXECUTE|[54]
13:50:10.157 (166110925)|METHOD_EXIT|[14]|01p50000002CIEo|ETLC_ApexBridge_Data.getInputValue(String)
13:50:10.157 (166125854)|HEAP_ALLOCATE|[14]|Bytes:4
13:50:10.157 (166130421)|HEAP_ALLOCATE|[14]|Bytes:13
13:50:10.157 (166139455)|METHOD_ENTRY|[14]|01p50000002CIEo|ETLC_ApexBridge_Data.getInputValue(String)
13:50:10.157 (166144683)|VARIABLE_SCOPE_BEGIN|[52]|this|ETLC_ApexBridge_Data|true|false
13:50:10.157 (166182817)|VARIABLE_ASSIGNMENT|[52]|this|{"debug":true,"input":"{\"mode\":\"saveFollowe (112 more) ...","isSuccess":true,"messages":"0x466d1c0e","operation":"BFFFollow_Controller"}|0x7433509b
13:50:10.157 (166189803)|VARIABLE_SCOPE_BEGIN|[52]|key|String|false|false
13:50:10.157 (166201975)|VARIABLE_ASSIGNMENT|[52]|key|"FollowedUsers"
13:50:10.157 (166215892)|STATEMENT_EXECUTE|[52]
13:50:10.157 (166218569)|STATEMENT_EXECUTE|[53]
13:50:10.157 (166276459)|VARIABLE_ASSIGNMENT|[EXTERNAL]|this|{"debug":true,"input":"{\"mode\":\"saveFollowe (112 more) ...","isSuccess":true,"messages":"0x466d1c0e","operation":"BFFFollow_Controller"}|0x7433509b
13:50:10.157 (166292907)|METHOD_ENTRY|[53]||System.JSON.deserializeUntyped(String)
13:50:10.157 (166674455)|METHOD_EXIT|[53]||System.JSON.deserializeUntyped(String)
13:50:10.157 (166683540)|VARIABLE_SCOPE_BEGIN|[53]|inputMap|Map<String,ANY>|true|false
13:50:10.157 (166699077)|HEAP_ALLOCATE|[EXTERNAL]|Bytes:8
13:50:10.157 (166719553)|VARIABLE_ASSIGNMENT|[53]|inputMap|{"s":1,"v":{"mode":"saveFollowedUsers","followedById":"00550000005cg71AAA","followedUsers":{"s":2,"v":[{"s":3,"v":{"005":{"s":4,"v":{"name":"user 1"}},"006":{"s":5,"v":{"name":"User 2"}}}}]}}}|0x243e9201
13:50:10.157 (166723788)|STATEMENT_EXECUTE|[54]
13:50:10.157 (166744280)|METHOD_EXIT|[14]|01p50000002CIEo|ETLC_ApexBridge_Data.getInputValue(String)
13:50:10.157 (166754511)|METHOD_ENTRY|[14]|01p50000002D8iw|BFFFollow_Controller.saveFollowedUsers(Id, String)
13:50:10.157 (166759799)|VARIABLE_SCOPE_BEGIN|[37]|this|BFFFollow_Controller|true|false
13:50:10.157 (166773615)|VARIABLE_ASSIGNMENT|[37]|this|{}|0x5c310a37
13:50:10.157 (166777168)|VARIABLE_SCOPE_BEGIN|[37]|followedById|Id|false|false
13:50:10.157 (166842950)|VARIABLE_ASSIGNMENT|[37]|followedById|"00550000005cg71AAA"
13:50:10.157 (166848068)|VARIABLE_SCOPE_BEGIN|[37]|followedUsers|String|false|false
13:50:10.157 (166852749)|VARIABLE_ASSIGNMENT|[37]|followedUsers|null
13:50:10.157 (166867746)|HEAP_ALLOCATE|[38]|Bytes:5
13:50:10.157 (166872480)|STATEMENT_EXECUTE|[37]
13:50:10.157 (166873875)|STATEMENT_EXECUTE|[38]
13:50:10.157 (166880424)|HEAP_ALLOCATE|[38]|Bytes:49
13:50:10.157 (166897909)|HEAP_ALLOCATE|[38]|Bytes:18
13:50:10.157 (166906776)|HEAP_ALLOCATE|[38]|Bytes:9
13:50:10.157 (166913172)|HEAP_ALLOCATE|[38]|Bytes:76
13:50:10.157 (166917808)|VARIABLE_SCOPE_BEGIN|[38]|soql1|String|false|false
13:50:10.157 (166926454)|VARIABLE_ASSIGNMENT|[38]|soql1|"SELECT Id FROM BFFFo (56 more) ..."
13:50:10.157 (166929065)|STATEMENT_EXECUTE|[40]
13:50:10.157 (166930304)|STATEMENT_EXECUTE|[40]
13:50:10.157 (166931372)|STATEMENT_EXECUTE|[41]
13:50:10.157 (166949302)|HEAP_ALLOCATE|[41]|Bytes:9
13:50:10.157 (166954378)|HEAP_ALLOCATE|[41]|Bytes:29
13:50:10.157 (166957087)|HEAP_ALLOCATE|[41]|Bytes:21
13:50:10.157 (166969102)|METHOD_ENTRY|[7]|01p50000002CIEt|ETLC_SecuredDB.ETLC_SecuredDB()
13:50:10.157 (166972582)|STATEMENT_EXECUTE|[7]
13:50:10.157 (166977065)|STATEMENT_EXECUTE|[7]
13:50:10.157 (166983447)|HEAP_ALLOCATE|[41]|Bytes:5
13:50:10.157 (166994073)|METHOD_EXIT|[7]|ETLC_SecuredDB
13:50:10.157 (167003293)|METHOD_ENTRY|[41]|01p50000002CIEt|ETLC_SecuredDB.query(String)
13:50:10.157 (167009136)|VARIABLE_SCOPE_BEGIN|[10]|SOQL|String|false|false
13:50:10.157 (167016718)|VARIABLE_ASSIGNMENT|[10]|SOQL|"SELECT Id FROM BFFFo (56 more) ..."
13:50:10.157 (167029171)|HEAP_ALLOCATE|[12]|Bytes:5
13:50:10.157 (167032756)|STATEMENT_EXECUTE|[10]
13:50:10.157 (167034000)|STATEMENT_EXECUTE|[12]
13:50:10.157 (167291350)|SOQL_EXECUTE_BEGIN|[12]|Aggregations:0|SELECT Id FROM BFFFollow__c WHERE FollowedBy__c='00550000005cg71AAA' limit 1
13:50:10.157 (168926951)|SOQL_EXECUTE_END|[12]|Rows:0
13:50:10.157 (168949722)|HEAP_ALLOCATE|[12]|Bytes:4
13:50:10.157 (168959210)|HEAP_ALLOCATE|[12]|Bytes:0
13:50:10.157 (168991923)|HEAP_ALLOCATE|[12]|Bytes:4
13:50:10.157 (169011688)|VARIABLE_SCOPE_BEGIN|[12]|dbRecords|List<SObject>|true|false
13:50:10.157 (169033667)|VARIABLE_ASSIGNMENT|[12]|dbRecords|{"s":1,"v":[]}|0x41aa87c2
13:50:10.157 (169037853)|STATEMENT_EXECUTE|[20]
13:50:10.157 (169062931)|HEAP_ALLOCATE|[20]|Bytes:12
13:50:10.157 (169068827)|HEAP_ALLOCATE|[20]|Bytes:8
13:50:10.157 (169094447)|HEAP_ALLOCATE|[20]|Bytes:12
13:50:10.157 (169100068)|HEAP_ALLOCATE|[20]|Bytes:9
13:50:10.157 (169113002)|HEAP_ALLOCATE|[20]|Bytes:12
13:50:10.157 (169119773)|HEAP_ALLOCATE|[20]|Bytes:8
13:50:10.157 (169131310)|HEAP_ALLOCATE|[20]|Bytes:12
13:50:10.157 (169134355)|HEAP_ALLOCATE|[20]|Bytes:8
13:50:10.157 (169144972)|HEAP_ALLOCATE|[20]|Bytes:12
13:50:10.157 (169147907)|HEAP_ALLOCATE|[20]|Bytes:9
13:50:10.157 (169173040)|METHOD_ENTRY|[20]|01p50000002CIEt|ETLC_SecuredDB.findFields(List<SObject>)
13:50:10.157 (169179539)|VARIABLE_SCOPE_BEGIN|[108]|dbRecords|List<SObject>|true|false
13:50:10.157 (169206195)|VARIABLE_ASSIGNMENT|[108]|dbRecords|{"s":1,"v":[]}|0x41aa87c2
13:50:10.157 (169223618)|HEAP_ALLOCATE|[109]|Bytes:5
13:50:10.157 (169227941)|STATEMENT_EXECUTE|[108]
13:50:10.157 (169229602)|STATEMENT_EXECUTE|[109]
13:50:10.157 (169237738)|VARIABLE_SCOPE_BEGIN|[109]|strJSON|String|false|false
13:50:10.157 (169243929)|VARIABLE_ASSIGNMENT|[109]|strJSON|null
13:50:10.157 (169246027)|STATEMENT_EXECUTE|[110]
13:50:10.157 (169254053)|VARIABLE_SCOPE_BEGIN|[110]|mapFields|Map<String,Set<String>>|true|false
13:50:10.157 (169259536)|VARIABLE_ASSIGNMENT|[110]|mapFields|null|
13:50:10.157 (169261614)|STATEMENT_EXECUTE|[112]
13:50:10.157 (169272885)|METHOD_ENTRY|[112]||System.JSON.serialize(Object)
13:50:10.157 (169425669)|METHOD_EXIT|[112]||System.JSON.serialize(Object)
13:50:10.157 (169436862)|VARIABLE_ASSIGNMENT|[112]|strJSON|"[]"
13:50:10.157 (169440231)|STATEMENT_EXECUTE|[113]
13:50:10.157 (169448033)|HEAP_ALLOCATE|[113]|Bytes:5
13:50:10.157 (169457010)|HEAP_ALLOCATE|[113]|Bytes:7
13:50:10.157 (169471147)|USER_DEBUG|[113]|DEBUG|JSON:[]
13:50:10.157 (169476401)|STATEMENT_EXECUTE|[114]
13:50:10.157 (169495712)|HEAP_ALLOCATE|[114]|Bytes:4
13:50:10.157 (169529567)|VARIABLE_ASSIGNMENT|[114]|mapFields|{"s":1,"v":{}}|0x1adc20c8
13:50:10.157 (169534029)|STATEMENT_EXECUTE|[115]
13:50:10.157 (169550397)|METHOD_ENTRY|[115]||System.JSON.deserializeUntyped(String)
13:50:10.157 (169612507)|METHOD_EXIT|[115]||System.JSON.deserializeUntyped(String)
13:50:10.157 (169622080)|VARIABLE_SCOPE_BEGIN|[115]|records|List<ANY>|true|false
13:50:10.157 (169633470)|HEAP_ALLOCATE|[EXTERNAL]|Bytes:4
13:50:10.157 (169644000)|VARIABLE_ASSIGNMENT|[115]|records|{"s":1,"v":[]}|0x59731069
13:50:10.157 (169670986)|HEAP_ALLOCATE|[116]|Bytes:5
13:50:10.157 (169688370)|VARIABLE_ASSIGNMENT|[116]|record|null
13:50:10.157 (169692898)|STATEMENT_EXECUTE|[116]
13:50:10.157 (169705003)|HEAP_ALLOCATE|[119]|Bytes:4
13:50:10.157 (169742531)|HEAP_ALLOCATE|[119]|Bytes:4
13:50:10.157 (169766429)|HEAP_ALLOCATE|[119]|Bytes:0
13:50:10.157 (169807962)|HEAP_ALLOCATE|[119]|Bytes:5
13:50:10.157 (169828318)|VARIABLE_ASSIGNMENT|[119]|objectName|null
13:50:10.157 (169834572)|STATEMENT_EXECUTE|[119]
13:50:10.157 (169844031)|STATEMENT_EXECUTE|[122]
13:50:10.157 (169861124)|METHOD_EXIT|[20]|01p50000002CIEt|ETLC_SecuredDB.findFields(List<SObject>)
13:50:10.157 (169879397)|METHOD_ENTRY|[20]|01p50000002CIEt|ETLC_SecuredDB.validate(ETLC_SecuredDB.Operation, Map<String,Set<String>>)
13:50:10.157 (169888850)|VARIABLE_SCOPE_BEGIN|[55]|op|ETLC_SecuredDB.Operation|true|false
13:50:10.157 (169907955)|VARIABLE_ASSIGNMENT|[55]|op|"Querying"|0x44b79bcc
13:50:10.157 (169913234)|VARIABLE_SCOPE_BEGIN|[55]|mapFieldNames|Map<String,Set<String>>|true|false
13:50:10.157 (169928627)|VARIABLE_ASSIGNMENT|[55]|mapFieldNames|{"s":1,"v":{}}|0x1adc20c8
13:50:10.157 (169948299)|HEAP_ALLOCATE|[56]|Bytes:5
13:50:10.157 (169955153)|STATEMENT_EXECUTE|[55]
13:50:10.157 (169957702)|STATEMENT_EXECUTE|[56]
13:50:10.157 (169969000)|VARIABLE_SCOPE_BEGIN|[56]|securityMessage|String|false|false
13:50:10.157 (169978069)|VARIABLE_ASSIGNMENT|[56]|securityMessage|null
13:50:10.157 (169981685)|STATEMENT_EXECUTE|[57]
13:50:10.157 (174065167)|HEAP_ALLOCATE|[57]|Bytes:1236
13:50:10.157 (174090049)|VARIABLE_SCOPE_BEGIN|[57]|mapObjects|Map<String,Schema.SObjectType>|true|false
13:50:10.157 (174290639)|VARIABLE_ASSIGNMENT|[57]|mapObjects|"{acceptedeventrelation=AcceptedEventRelation, account=Account, accountcontactrole=AccountContactRole, accounthistory=AccountHistory, accountpartner=AccountPartner, accountshare=AccountShare, actionlinkgrouptemplate=ActionLinkGroupTemplate, actionlinktemplate=ActionLinkTemplate, activityhistory=ActivityHistory, additionalnumber=AdditionalNumber, ...}"|0x51b6900f
13:50:10.157 (174303830)|HEAP_ALLOCATE|[58]|Bytes:4
13:50:10.157 (174343814)|HEAP_ALLOCATE|[58]|Bytes:4
13:50:10.157 (174358686)|HEAP_ALLOCATE|[58]|Bytes:0
13:50:10.157 (174379753)|HEAP_ALLOCATE|[58]|Bytes:5
13:50:10.157 (174393184)|VARIABLE_ASSIGNMENT|[58]|sObjectName|null
13:50:10.157 (174399924)|STATEMENT_EXECUTE|[58]
13:50:10.157 (174424007)|METHOD_EXIT|[20]|01p50000002CIEt|ETLC_SecuredDB.validate(ETLC_SecuredDB.Operation, Map<String,Set<String>>)
13:50:10.157 (174428401)|STATEMENT_EXECUTE|[21]
13:50:10.157 (174438631)|METHOD_EXIT|[41]|01p50000002CIEt|ETLC_SecuredDB.query(String)
13:50:10.157 (174444493)|VARIABLE_SCOPE_BEGIN|[41]|dbRecords|List<SObject>|true|false
13:50:10.157 (174459580)|VARIABLE_ASSIGNMENT|[41]|dbRecords|{"s":1,"v":[]}|0x41aa87c2
13:50:10.157 (174462248)|STATEMENT_EXECUTE|[42]
13:50:10.157 (174489559)|HEAP_ALLOCATE|[42]|Bytes:4
13:50:10.157 (174529929)|VARIABLE_SCOPE_BEGIN|[42]|record|BFFFollow__c|true|false
13:50:10.157 (174544414)|VARIABLE_ASSIGNMENT|[42]|record|{}|0x2a973091
13:50:10.157 (174560932)|STATEMENT_EXECUTE|[43]
13:50:10.157 (174567176)|STATEMENT_EXECUTE|[46]
13:50:10.157 (174629420)|VARIABLE_ASSIGNMENT|[46]|this.FollowedUsers__c|null|0x2a973091
13:50:10.157 (174633898)|STATEMENT_EXECUTE|[47]
13:50:10.157 (174684328)|VARIABLE_ASSIGNMENT|[47]|this.FollowedBy__c|"00550000005cg71AAA"|0x2a973091
13:50:10.157 (174689050)|STATEMENT_EXECUTE|[48]
13:50:10.157 (174729598)|HEAP_ALLOCATE|[48]|Bytes:8
13:50:10.157 (174756797)|DML_BEGIN|[48]|Op:Upsert|Type:BFFFollow__c|Rows:1
13:50:10.157 (174789272)|HEAP_ALLOCATE|[EXTERNAL]|Bytes:8
13:50:10.157 (188487777)|DML_END|[48]
13:50:10.157 (188526047)|STATEMENT_EXECUTE|[49]
13:50:10.157 (188554149)|HEAP_ALLOCATE|[49]|Bytes:5
13:50:10.157 (188580203)|METHOD_EXIT|[14]|01p50000002D8iw|BFFFollow_Controller.saveFollowedUsers(Id, String)
13:50:10.157 (188693936)|VARIABLE_ASSIGNMENT|[EXTERNAL]|this|{"debug":true,"input":"{\"mode\":\"saveFollowe (112 more) ...","isSuccess":true,"messages":"0x466d1c0e","operation":"BFFFollow_Controller"}|0x7433509b
13:50:10.157 (188704356)|VARIABLE_ASSIGNMENT|[EXTERNAL]|value|true
13:50:10.157 (188712926)|HEAP_ALLOCATE|[15]|Bytes:5
13:50:10.157 (188727563)|VARIABLE_ASSIGNMENT|[15]|this.outputFlag|true|0x7433509b
13:50:10.157 (188744506)|METHOD_EXIT|[9]|01p50000002D8iw|BFFFollow_Controller.process(ETLC_ApexBridge_Data)
13:50:10.157 (188750927)|STATEMENT_EXECUTE|[24]
13:50:10.157 (188772624)|METHOD_ENTRY|[24]|01p50000002CIEo|ETLC_ApexBridge_Data.toJSON()
13:50:10.157 (188779532)|VARIABLE_SCOPE_BEGIN|[57]|this|ETLC_ApexBridge_Data|true|false
13:50:10.157 (188812544)|VARIABLE_ASSIGNMENT|[57]|this|{"debug":true,"input":"{\"mode\":\"saveFollowe (112 more) ...","isSuccess":true,"messages":"0x466d1c0e","operation":"BFFFollow_Controller","outputFlag":true}|0x7433509b
13:50:10.157 (188833545)|STATEMENT_EXECUTE|[57]
13:50:10.157 (188835225)|STATEMENT_EXECUTE|[58]
13:50:10.157 (188850212)|METHOD_ENTRY|[58]||System.JSON.serialize(Object)
13:50:10.157 (188952104)|STATEMENT_EXECUTE|[22]
13:50:10.157 (188955858)|STATEMENT_EXECUTE|[23]
13:50:10.157 (188961166)|STATEMENT_EXECUTE|[24]
13:50:10.157 (188990412)|STATEMENT_EXECUTE|[31]
13:50:10.157 (188993158)|STATEMENT_EXECUTE|[32]
13:50:10.157 (188997119)|STATEMENT_EXECUTE|[33]
13:50:10.157 (189197700)|METHOD_EXIT|[58]||System.JSON.serialize(Object)
13:50:10.157 (189205665)|METHOD_EXIT|[24]|01p50000002CIEo|ETLC_ApexBridge_Data.toJSON()
13:50:10.157 (189215119)|METHOD_EXIT|[13]|01p50000002CIEm|ETLC_ApexBridge_Controller.execute(String)
13:50:10.157 (189221164)|VARIABLE_SCOPE_BEGIN|[13]|strD2|String|false|false
13:50:10.157 (189231807)|VARIABLE_ASSIGNMENT|[13]|strD2|"{\"records\":null,\"out (272 more) ..."
13:50:10.157 (189235327)|STATEMENT_EXECUTE|[14]
13:50:10.157 (189249760)|METHOD_ENTRY|[14]|01p50000002CIEo|ETLC_ApexBridge_Data.fromJSON(String)
13:50:10.157 (189254928)|VARIABLE_SCOPE_BEGIN|[60]|strJson|String|false|false
13:50:10.157 (189261439)|VARIABLE_ASSIGNMENT|[60]|strJson|"{\"records\":null,\"out (272 more) ..."
13:50:10.157 (189269342)|STATEMENT_EXECUTE|[60]
13:50:10.157 (189270840)|STATEMENT_EXECUTE|[61]
13:50:10.157 (189334628)|HEAP_ALLOCATE|[61]|Bytes:8
13:50:10.157 (189344403)|HEAP_ALLOCATE|[61]|Bytes:8
13:50:10.157 (189349539)|VARIABLE_SCOPE_BEGIN|[4]|this|System.Type|true|false
13:50:10.157 (189371786)|VARIABLE_ASSIGNMENT|[4]|this|{}|0x471b49ed
13:50:10.157 (189376563)|VARIABLE_SCOPE_BEGIN|[4]|apextype|java:common.apex.runtime.ApexObjectType|true|false
13:50:10.157 (189485029)|VARIABLE_ASSIGNMENT|[4]|apextype|"ETLC_ApexBridge_Data"|0x4d3b2402
13:50:10.157 (189524726)|HEAP_ALLOCATE|[61]|Bytes:8
13:50:10.157 (189536756)|METHOD_ENTRY|[61]||System.JSON.deserializeStrict(String, System.Type)
13:50:10.157 (189877211)|METHOD_EXIT|[61]||System.JSON.deserializeStrict(String, System.Type)
13:50:10.157 (189888768)|METHOD_EXIT|[14]|01p50000002CIEo|ETLC_ApexBridge_Data.fromJSON(String)
13:50:10.157 (189893142)|VARIABLE_SCOPE_BEGIN|[14]|d2|ETLC_ApexBridge_Data|true|false
13:50:10.157 (189928198)|VARIABLE_ASSIGNMENT|[14]|d2|{"debug":true,"input":"{\"mode\":\"saveFollowe (112 more) ...","isSuccess":true,"messages":"0x113ac05d","operation":"BFFFollow_Controller","outputFlag":true}|0x64a96ab
13:50:10.157 (189932927)|STATEMENT_EXECUTE|[15]
13:50:10.157 (189977960)|VARIABLE_ASSIGNMENT|[EXTERNAL]|this|{"debug":true,"input":"{\"mode\":\"saveFollowe (112 more) ...","isSuccess":true,"messages":"0x113ac05d","operation":"BFFFollow_Controller","outputFlag":true}|0x64a96ab
13:50:10.157 (190022277)|STATEMENT_EXECUTE|[18]
13:50:10.157 (190032410)|HEAP_ALLOCATE|[18]|Bytes:27
13:50:10.157 (190043429)|HEAP_ALLOCATE|[18]|Bytes:4
13:50:10.157 (190181364)|SOQL_EXECUTE_BEGIN|[18]|Aggregations:0|SELECT Id FROM BFFFollow__c
13:50:10.157 (192065201)|SOQL_EXECUTE_END|[18]|Rows:1
13:50:10.157 (192098853)|HEAP_ALLOCATE|[18]|Bytes:8
13:50:10.157 (192123033)|HEAP_ALLOCATE|[18]|Bytes:33
13:50:10.157 (192151239)|HEAP_ALLOCATE|[18]|Bytes:8
13:50:10.157 (192166955)|VARIABLE_SCOPE_BEGIN|[18]|objList|List<BFFFollow__c>|true|false
13:50:10.157 (192220043)|VARIABLE_ASSIGNMENT|[18]|objList|{"s":1,"v":[{"s":2,"v":{"Id":"a005000000ezSoBAAU"}}]}|0x5c24bb46
13:50:10.157 (192228685)|STATEMENT_EXECUTE|[19]
13:50:10.157 (192303990)|SYSTEM_MODE_EXIT|false
13:50:10.192 (192328885)|CUMULATIVE_LIMIT_USAGE
13:50:10.192 (192328885)|LIMIT_USAGE_FOR_NS|(default)|
  Number of SOQL queries: 3 out of 100
  Number of query rows: 2 out of 50000
  Number of SOSL queries: 0 out of 20
  Number of DML statements: 1 out of 150
  Number of DML rows: 1 out of 10000
  Maximum CPU time: 0 out of 10000
  Maximum heap size: 0 out of 6000000
  Number of callouts: 0 out of 100
  Number of Email Invocations: 0 out of 10
  Number of future calls: 0 out of 50
  Number of queueable jobs added to the queue: 0 out of 50
  Number of Mobile Apex push calls: 0 out of 10

13:50:10.192 (192328885)|CUMULATIVE_LIMIT_USAGE_END

13:50:10.157 (192392871)|CODE_UNIT_FINISHED|BFFFollow_Controller_Test.BFFFollow_Controller_saveFollowedUsers_Positive_Test
13:50:10.157 (193999256)|EXECUTION_FINISHED
