37.0 APEX_CODE,FINEST;APEX_PROFILING,INFO;CALLOUT,INFO;DB,INFO;SYSTEM,DEBUG;VALIDATION,INFO;VISUALFORCE,INFO;WORKFLOW,INFO
10:37:23.0 (375028)|USER_INFO|[EXTERNAL]|00550000005cg71|bfffollow@jr.te|Eastern Standard Time|GMT-04:00
10:37:23.0 (417627)|EXECUTION_STARTED
10:37:23.0 (422206)|CODE_UNIT_STARTED|[EXTERNAL]|aura
10:37:23.0 (798637)|HEAP_ALLOCATE|[72]|Bytes:3
10:37:23.0 (845621)|HEAP_ALLOCATE|[77]|Bytes:152
10:37:23.0 (860126)|HEAP_ALLOCATE|[342]|Bytes:408
10:37:23.0 (877285)|HEAP_ALLOCATE|[355]|Bytes:408
10:37:23.0 (892439)|HEAP_ALLOCATE|[467]|Bytes:48
10:37:23.0 (919929)|HEAP_ALLOCATE|[139]|Bytes:6
10:37:23.0 (946350)|HEAP_ALLOCATE|[EXTERNAL]|Bytes:123
10:37:23.0 (962191)|HEAP_ALLOCATE|[EXTERNAL]|Bytes:123
10:37:23.0 (1862228)|CODE_UNIT_STARTED|[EXTERNAL]|01p50000002CIEm|ETLC_ApexBridge_Controller.execute
10:37:23.0 (2468002)|HEAP_ALLOCATE|[EXTERNAL]|Bytes:1
10:37:23.0 (2480129)|HEAP_ALLOCATE|[EXTERNAL]|Bytes:10
10:37:23.0 (2505870)|METHOD_ENTRY|[1]|01p50000002CIEm|ETLC_ApexBridge_Controller.ETLC_ApexBridge_Controller()
10:37:23.0 (2512893)|STATEMENT_EXECUTE|[1]
10:37:23.0 (2523036)|STATEMENT_EXECUTE|[1]
10:37:23.0 (2537090)|METHOD_EXIT|[1]|ETLC_ApexBridge_Controller
10:37:23.0 (2545732)|HEAP_ALLOCATE|[EXTERNAL]|Bytes:123
10:37:23.0 (2559790)|SYSTEM_MODE_ENTER|false
10:37:23.0 (2576727)|VARIABLE_SCOPE_BEGIN|[3]|dataJson|String|false|false
10:37:23.0 (2628072)|VARIABLE_ASSIGNMENT|[3]|dataJson|"{\"operation\":\"BFFFol (103 more) ..."
10:37:23.0 (2644772)|STATEMENT_EXECUTE|[3]
10:37:23.0 (2647185)|STATEMENT_EXECUTE|[4]
10:37:23.0 (5202989)|VARIABLE_SCOPE_BEGIN|[4]|data|ETLC_ApexBridge_Data|true|false
10:37:23.0 (5222762)|VARIABLE_ASSIGNMENT|[4]|data|null|
10:37:23.0 (5227503)|STATEMENT_EXECUTE|[5]
10:37:23.0 (5229624)|STATEMENT_EXECUTE|[5]
10:37:23.0 (5231271)|STATEMENT_EXECUTE|[6]
10:37:23.0 (5252460)|HEAP_ALLOCATE|[6]|Bytes:11
10:37:23.0 (5264484)|HEAP_ALLOCATE|[6]|Bytes:248
10:37:23.0 (5269659)|HEAP_ALLOCATE|[6]|Bytes:39
10:37:23.0 (5326157)|METHOD_ENTRY|[2]|01p50000002CIEo|ETLC_ApexBridge_Data.ETLC_ApexBridge_Data()
10:37:23.0 (5332474)|STATEMENT_EXECUTE|[2]
10:37:23.0 (5340866)|STATEMENT_EXECUTE|[2]
10:37:23.0 (5353171)|METHOD_EXIT|[2]|ETLC_ApexBridge_Data
10:37:23.0 (5397577)|METHOD_ENTRY|[6]|01p50000002CIEo|ETLC_ApexBridge_Data.fromJSON(String)
10:37:23.0 (5433083)|VARIABLE_SCOPE_BEGIN|[60]|strJson|String|false|false
10:37:23.0 (5448089)|VARIABLE_ASSIGNMENT|[60]|strJson|"{\"operation\":\"BFFFol (103 more) ..."
10:37:23.0 (5455048)|STATEMENT_EXECUTE|[60]
10:37:23.0 (5457172)|STATEMENT_EXECUTE|[61]
10:37:23.0 (5469739)|HEAP_ALLOCATE|[61]|Bytes:20
10:37:23.0 (5506755)|HEAP_ALLOCATE|[50]|Bytes:5
10:37:23.0 (5544615)|HEAP_ALLOCATE|[56]|Bytes:5
10:37:23.0 (5566516)|HEAP_ALLOCATE|[64]|Bytes:7
10:37:23.0 (5711657)|HEAP_ALLOCATE|[61]|Bytes:24
10:37:23.0 (5733149)|SYSTEM_METHOD_ENTRY|[1]|Type.Type()
10:37:23.0 (5738195)|STATEMENT_EXECUTE|[1]
10:37:23.0 (5754855)|SYSTEM_METHOD_EXIT|[1]|Type
10:37:23.0 (5764116)|HEAP_ALLOCATE|[61]|Bytes:8
10:37:23.0 (5798376)|HEAP_ALLOCATE|[61]|Bytes:8
10:37:23.0 (5808338)|VARIABLE_SCOPE_BEGIN|[4]|this|System.Type|true|false
10:37:23.0 (5847753)|VARIABLE_ASSIGNMENT|[4]|this|{}|0xe08f9bd
10:37:23.0 (5855176)|VARIABLE_SCOPE_BEGIN|[4]|apextype|java:common.apex.runtime.ApexObjectType|true|false
10:37:23.0 (6078773)|VARIABLE_ASSIGNMENT|[4]|apextype|"ETLC_ApexBridge_Data"|0x44c580ef
10:37:23.0 (6181322)|HEAP_ALLOCATE|[61]|Bytes:8
10:37:23.0 (6234150)|HEAP_ALLOCATE|[61]|Bytes:24
10:37:23.0 (6254095)|SYSTEM_METHOD_ENTRY|[1]|JSON.JSON()
10:37:23.0 (6258559)|STATEMENT_EXECUTE|[1]
10:37:23.0 (6272887)|SYSTEM_METHOD_EXIT|[1]|JSON
10:37:23.0 (6292560)|METHOD_ENTRY|[61]||System.JSON.deserializeStrict(String, System.Type)
10:37:23.0 (7119217)|METHOD_EXIT|[61]||System.JSON.deserializeStrict(String, System.Type)
10:37:23.0 (7138149)|METHOD_EXIT|[6]|01p50000002CIEo|ETLC_ApexBridge_Data.fromJSON(String)
10:37:23.0 (7236562)|VARIABLE_ASSIGNMENT|[6]|data|{"debug":false,"input":"{\"mode\":\"fetchUserFe (34 more) ...","operation":"BFFFollow_Controller"}|0x5ece8f46
10:37:23.0 (7244822)|STATEMENT_EXECUTE|[7]
10:37:23.0 (7258664)|HEAP_ALLOCATE|[7]|Bytes:6
10:37:23.0 (7361117)|HEAP_ALLOCATE|[7]|Bytes:203
10:37:23.0 (7399746)|HEAP_ALLOCATE|[7]|Bytes:209
10:37:23.0 (7434374)|USER_DEBUG|[7]|DEBUG|data::ETLC_ApexBridge_Data:[debug=false, input={"mode":"fetchUserFeed","userId":"00550000005d7KnAAI"}, isSuccess=null, messages=null, operation=BFFFollow_Controller, output=null, outputFlag=null, records=null]
10:37:23.0 (7450831)|STATEMENT_EXECUTE|[8]
10:37:23.0 (7542818)|VARIABLE_ASSIGNMENT|[EXTERNAL]|this|{"debug":false,"input":"{\"mode\":\"fetchUserFe (34 more) ...","operation":"BFFFollow_Controller"}|0x5ece8f46
10:37:23.0 (7573137)|METHOD_ENTRY|[8]||System.Type.forName(String)
10:37:23.0 (10126752)|METHOD_EXIT|[8]||System.Type.forName(String)
10:37:23.0 (10147647)|METHOD_ENTRY|[8]||System.Type.newInstance()
10:37:23.0 (11628466)|STATEMENT_EXECUTE|[1]
10:37:23.0 (11642079)|HEAP_ALLOCATE|[33]|Bytes:5
10:37:23.0 (11659769)|METHOD_EXIT|[1]|BFFFollow_Controller
10:37:23.0 (11675730)|HEAP_ALLOCATE|[33]|Bytes:4
10:37:23.0 (11684867)|VARIABLE_SCOPE_BEGIN|[1]|this|BFFFollow_Controller|true|false
10:37:23.0 (11705995)|VARIABLE_ASSIGNMENT|[1]|this|{}|0x95f833a
10:37:23.0 (11714732)|HEAP_ALLOCATE|[33]|Bytes:5
10:37:23.0 (11723263)|HEAP_ALLOCATE|[33]|Bytes:11
10:37:23.0 (11745645)|METHOD_ENTRY|[1]|01p50000002CIEj|ETLC_ApexBridge_Abstract.ETLC_ApexBridge_Abstract()
10:37:23.0 (11748968)|STATEMENT_EXECUTE|[1]
10:37:23.0 (11754024)|STATEMENT_EXECUTE|[1]
10:37:23.0 (11760006)|METHOD_EXIT|[1]|ETLC_ApexBridge_Abstract
10:37:23.0 (11768256)|CONSTRUCTOR_ENTRY|[EXTERNAL]|01p50000002CIEj|<init>()
10:37:23.0 (11788709)|VARIABLE_SCOPE_BEGIN|[1]|this|ETLC_ApexBridge_Abstract|true|false
10:37:23.0 (11805406)|VARIABLE_ASSIGNMENT|[1]|this|{}|0x95f833a
10:37:23.0 (11821074)|STATEMENT_EXECUTE|[1]
10:37:23.0 (11825840)|CONSTRUCTOR_EXIT|[EXTERNAL]|01p50000002CIEj|<init>()
10:37:23.0 (11830732)|STATEMENT_EXECUTE|[1]
10:37:23.0 (11835672)|HEAP_ALLOCATE|[33]|Bytes:5
10:37:23.0 (11852676)|METHOD_EXIT|[8]||System.Type.newInstance()
10:37:23.0 (11862110)|VARIABLE_SCOPE_BEGIN|[8]|executor|ETLC_ApexBridge_Abstract|true|false
10:37:23.0 (11875797)|VARIABLE_ASSIGNMENT|[8]|executor|{}|0x95f833a
10:37:23.0 (11878719)|STATEMENT_EXECUTE|[9]
10:37:23.0 (11919712)|METHOD_ENTRY|[9]|01p50000002D8iw|BFFFollow_Controller.process(ETLC_ApexBridge_Data)
10:37:23.0 (11945526)|VARIABLE_SCOPE_BEGIN|[3]|this|BFFFollow_Controller|true|false
10:37:23.0 (11959779)|VARIABLE_ASSIGNMENT|[3]|this|{}|0x95f833a
10:37:23.0 (11963461)|VARIABLE_SCOPE_BEGIN|[3]|data|ETLC_ApexBridge_Data|true|false
10:37:23.0 (11991292)|VARIABLE_ASSIGNMENT|[3]|data|{"debug":false,"input":"{\"mode\":\"fetchUserFe (34 more) ...","operation":"BFFFollow_Controller"}|0x5ece8f46
10:37:23.0 (12000278)|HEAP_ALLOCATE|[4]|Bytes:5
10:37:23.0 (12005244)|STATEMENT_EXECUTE|[3]
10:37:23.0 (12006444)|STATEMENT_EXECUTE|[4]
10:37:23.0 (12088076)|VARIABLE_ASSIGNMENT|[EXTERNAL]|this|{"debug":false,"input":"{\"mode\":\"fetchUserFe (34 more) ...","operation":"BFFFollow_Controller"}|0x5ece8f46
10:37:23.0 (12111973)|VARIABLE_ASSIGNMENT|[4]|BFFFollow_Controller.debugFlag|false
10:37:23.0 (12151351)|VARIABLE_ASSIGNMENT|[EXTERNAL]|this|{"debug":false,"input":"{\"mode\":\"fetchUserFe (34 more) ...","operation":"BFFFollow_Controller"}|0x5ece8f46
10:37:23.0 (12165241)|STATEMENT_EXECUTE|[5]
10:37:23.0 (12171531)|STATEMENT_EXECUTE|[7]
10:37:23.0 (12176707)|HEAP_ALLOCATE|[7]|Bytes:4
10:37:23.0 (12200148)|METHOD_ENTRY|[7]|01p50000002CIEo|ETLC_ApexBridge_Data.getInputValue(String)
10:37:23.0 (12223156)|VARIABLE_SCOPE_BEGIN|[52]|this|ETLC_ApexBridge_Data|true|false
10:37:23.0 (12250158)|VARIABLE_ASSIGNMENT|[52]|this|{"debug":false,"input":"{\"mode\":\"fetchUserFe (34 more) ...","operation":"BFFFollow_Controller"}|0x5ece8f46
10:37:23.0 (12255691)|VARIABLE_SCOPE_BEGIN|[52]|key|String|false|false
10:37:23.0 (12259620)|VARIABLE_ASSIGNMENT|[52]|key|"mode"
10:37:23.0 (12263812)|STATEMENT_EXECUTE|[52]
10:37:23.0 (12265053)|STATEMENT_EXECUTE|[53]
10:37:23.0 (12317305)|VARIABLE_ASSIGNMENT|[EXTERNAL]|this|{"debug":false,"input":"{\"mode\":\"fetchUserFe (34 more) ...","operation":"BFFFollow_Controller"}|0x5ece8f46
10:37:23.0 (12336134)|METHOD_ENTRY|[53]||System.JSON.deserializeUntyped(String)
10:37:23.0 (12628293)|METHOD_EXIT|[53]||System.JSON.deserializeUntyped(String)
10:37:23.0 (12637963)|VARIABLE_SCOPE_BEGIN|[53]|inputMap|Map<String,ANY>|true|false
10:37:23.0 (12667377)|VARIABLE_ASSIGNMENT|[53]|inputMap|{"s":1,"v":{"mode":"fetchUserFeed","userId":"00550000005d7KnAAI"}}|0x5c26d59c
10:37:23.0 (12671384)|STATEMENT_EXECUTE|[54]
10:37:23.0 (12715367)|METHOD_EXIT|[7]|01p50000002CIEo|ETLC_ApexBridge_Data.getInputValue(String)
10:37:23.0 (12721562)|VARIABLE_SCOPE_BEGIN|[7]|mode|String|false|false
10:37:23.0 (12728739)|VARIABLE_ASSIGNMENT|[7]|mode|"fetchUserFeed"
10:37:23.0 (12733691)|HEAP_ALLOCATE|[9]|Bytes:18
10:37:23.0 (12761070)|HEAP_ALLOCATE|[12]|Bytes:17
10:37:23.0 (12770534)|HEAP_ALLOCATE|[14]|Bytes:13
10:37:23.0 (12781021)|STATEMENT_EXECUTE|[14]
10:37:23.0 (12782519)|STATEMENT_EXECUTE|[15]
10:37:23.0 (12789000)|HEAP_ALLOCATE|[15]|Bytes:6
10:37:23.0 (12798785)|METHOD_ENTRY|[15]|01p50000002CIEo|ETLC_ApexBridge_Data.getInputValue(String)
10:37:23.0 (12811976)|VARIABLE_SCOPE_BEGIN|[52]|this|ETLC_ApexBridge_Data|true|false
10:37:23.0 (12840780)|VARIABLE_ASSIGNMENT|[52]|this|{"debug":false,"input":"{\"mode\":\"fetchUserFe (34 more) ...","operation":"BFFFollow_Controller"}|0x5ece8f46
10:37:23.0 (12845112)|VARIABLE_SCOPE_BEGIN|[52]|key|String|false|false
10:37:23.0 (12848649)|VARIABLE_ASSIGNMENT|[52]|key|"userId"
10:37:23.0 (12852034)|STATEMENT_EXECUTE|[52]
10:37:23.0 (12853159)|STATEMENT_EXECUTE|[53]
10:37:23.0 (12885273)|VARIABLE_ASSIGNMENT|[EXTERNAL]|this|{"debug":false,"input":"{\"mode\":\"fetchUserFe (34 more) ...","operation":"BFFFollow_Controller"}|0x5ece8f46
10:37:23.0 (12897611)|METHOD_ENTRY|[53]||System.JSON.deserializeUntyped(String)
10:37:23.0 (13044723)|METHOD_EXIT|[53]||System.JSON.deserializeUntyped(String)
10:37:23.0 (13054452)|VARIABLE_SCOPE_BEGIN|[53]|inputMap|Map<String,ANY>|true|false
10:37:23.0 (13075679)|VARIABLE_ASSIGNMENT|[53]|inputMap|{"s":1,"v":{"mode":"fetchUserFeed","userId":"00550000005d7KnAAI"}}|0x6ecef048
10:37:23.0 (13079356)|STATEMENT_EXECUTE|[54]
10:37:23.0 (13099641)|METHOD_EXIT|[15]|01p50000002CIEo|ETLC_ApexBridge_Data.getInputValue(String)
10:37:23.0 (13114648)|HEAP_ALLOCATE|[15]|Bytes:4
10:37:23.0 (13129251)|METHOD_ENTRY|[15]|01p50000002D8iw|BFFFollow_Controller.fetchUserFeed(Id)
10:37:23.0 (13135747)|VARIABLE_SCOPE_BEGIN|[68]|this|BFFFollow_Controller|true|false
10:37:23.0 (13150275)|VARIABLE_ASSIGNMENT|[68]|this|{}|0x95f833a
10:37:23.0 (13154364)|VARIABLE_SCOPE_BEGIN|[68]|userId|Id|false|false
10:37:23.0 (13289392)|VARIABLE_ASSIGNMENT|[68]|userId|"00550000005d7KnAAI"
10:37:23.0 (13301189)|HEAP_ALLOCATE|[69]|Bytes:5
10:37:23.0 (13305736)|STATEMENT_EXECUTE|[68]
10:37:23.0 (13307031)|STATEMENT_EXECUTE|[69]
10:37:23.0 (13313899)|HEAP_ALLOCATE|[69]|Bytes:7
10:37:23.0 (13352020)|HEAP_ALLOCATE|[69]|Bytes:18
10:37:23.0 (13366827)|HEAP_ALLOCATE|[69]|Bytes:25
10:37:23.0 (13385714)|USER_DEBUG|[69]|DEBUG|userId:00550000005d7KnAAI
10:37:23.0 (13392800)|STATEMENT_EXECUTE|[70]
10:37:23.0 (13394170)|STATEMENT_EXECUTE|[70]
10:37:23.0 (13395158)|STATEMENT_EXECUTE|[71]
10:37:23.0 (13437336)|HEAP_ALLOCATE|[71]|Bytes:24
10:37:23.0 (13452343)|SYSTEM_METHOD_ENTRY|[1]|Network.Network()
10:37:23.0 (13455415)|STATEMENT_EXECUTE|[1]
10:37:23.0 (13463890)|SYSTEM_METHOD_EXIT|[1]|Network
10:37:23.0 (13475292)|METHOD_ENTRY|[71]||System.Network.getNetworkId()
10:37:23.0 (13515745)|METHOD_EXIT|[71]||System.Network.getNetworkId()
10:37:23.0 (13733547)|HEAP_ALLOCATE|[71]|Bytes:18
10:37:23.0 (13770137)|HEAP_ALLOCATE|[71]|Bytes:968
10:37:23.0 (13783905)|SYSTEM_METHOD_ENTRY|[5]|ChatterFeeds.ChatterFeeds()
10:37:23.0 (13786760)|STATEMENT_EXECUTE|[5]
10:37:23.0 (13794424)|SYSTEM_METHOD_EXIT|[5]|ChatterFeeds
10:37:23.0 (13806985)|METHOD_ENTRY|[71]||ConnectApi.ChatterFeeds.getFeedElementsFromFeed(String, ConnectApi.FeedType, String)
10:37:23.0 (114582513)|SYSTEM_METHOD_EXIT|[5]|FeedElementPage
10:37:23.0 (114600845)|HEAP_ALLOCATE|[3649]|Bytes:84
10:37:23.0 (114609169)|HEAP_ALLOCATE|[3649]|Bytes:12
10:37:23.0 (114612973)|HEAP_ALLOCATE|[3649]|Bytes:8
10:37:23.0 (114620336)|VARIABLE_SCOPE_BEGIN|[39]|this|ConnectApi.FeedElementPage|true|false
10:37:23.0 (114670524)|VARIABLE_ASSIGNMENT|[39]|this|{}|0x1baefe1c
10:37:23.0 (114674705)|VARIABLE_SCOPE_BEGIN|[39]|versionIn|Double|false|false
10:37:23.0 (114682229)|VARIABLE_ASSIGNMENT|[39]|versionIn|34.0
10:37:23.0 (114685603)|VARIABLE_SCOPE_BEGIN|[39]|javaObj|java:sfdc.chatter.connect.api.output.feeds.FeedElementCollectionRepresentation|true|false
10:37:23.0 (114788243)|VARIABLE_ASSIGNMENT|[39]|javaObj|"sfdc.chatter.connect.api.output.feeds.FeedElementCollectionRepresentation@f0c038d"|0xf0c038d
10:37:23.0 (115301961)|SYSTEM_METHOD_EXIT|[5]|FeedItem
10:37:23.0 (115311647)|HEAP_ALLOCATE|[59]|Bytes:252
10:37:23.0 (115316548)|HEAP_ALLOCATE|[59]|Bytes:12
10:37:23.0 (115319956)|HEAP_ALLOCATE|[59]|Bytes:8
10:37:23.0 (115324366)|VARIABLE_SCOPE_BEGIN|[56]|this|ConnectApi.FeedItem|true|false
10:37:23.0 (115366808)|HEAP_ALLOCATE|[59]|Bytes:312
10:37:23.0 (115373621)|HEAP_ALLOCATE|[59]|Bytes:75
10:37:23.0 (115407254)|SYSTEM_METHOD_ENTRY|[5]|FeedElement.FeedElement()
10:37:23.0 (115410564)|STATEMENT_EXECUTE|[5]
10:37:23.0 (115419043)|SYSTEM_METHOD_EXIT|[5]|FeedElement
10:37:23.0 (115448633)|VARIABLE_ASSIGNMENT|[56]|this|{}|0x21a7505d
10:37:23.0 (115452895)|VARIABLE_SCOPE_BEGIN|[56]|versionIn|Double|false|false
10:37:23.0 (115458820)|VARIABLE_ASSIGNMENT|[56]|versionIn|34.0
10:37:23.0 (115461120)|VARIABLE_SCOPE_BEGIN|[56]|javaObj|java:sfdc.chatter.connect.api.output.feeds.FeedItemRepresentation|true|false
10:37:23.0 (115556962)|VARIABLE_ASSIGNMENT|[56]|javaObj|"\n\u003CFeedItem id(0D55000003LnC3uCAF)\u003E\n\u003CUser id(00550000005d7KnAAI) name(Test User) /\u003E\n\u003CFeedBody text(Account test 1\n), isRichText(true) /\u003Esfdc.chatter.connect.api.output.feeds.FeedElementCommentCollectionRepresentation@5b695892\n\u003C/FeedItem\u003E"|0x375b13fd
10:37:23.0 (115804975)|SYSTEM_METHOD_EXIT|[5]|FeedBody
10:37:23.0 (115815854)|HEAP_ALLOCATE|[46]|Bytes:36
10:37:23.0 (115824066)|HEAP_ALLOCATE|[46]|Bytes:12
10:37:23.0 (115830621)|HEAP_ALLOCATE|[46]|Bytes:8
10:37:23.0 (115840796)|VARIABLE_SCOPE_BEGIN|[16]|this|ConnectApi.FeedBody|true|false
10:37:23.0 (115869925)|HEAP_ALLOCATE|[46]|Bytes:164
10:37:23.0 (115881557)|HEAP_ALLOCATE|[46]|Bytes:44
10:37:23.0 (115925910)|SYSTEM_METHOD_ENTRY|[5]|AbstractMessageBody.AbstractMessageBody()
10:37:23.0 (115930373)|STATEMENT_EXECUTE|[5]
10:37:23.0 (115939640)|SYSTEM_METHOD_EXIT|[5]|AbstractMessageBody
10:37:23.0 (115955254)|VARIABLE_ASSIGNMENT|[16]|this|{}|0x58a46ef0
10:37:23.0 (115959441)|VARIABLE_SCOPE_BEGIN|[16]|versionIn|Double|false|false
10:37:23.0 (115965483)|VARIABLE_ASSIGNMENT|[16]|versionIn|34.0
10:37:23.0 (115967834)|VARIABLE_SCOPE_BEGIN|[16]|javaObj|java:sfdc.chatter.connect.api.output.feeds.FeedBodyRepresentation|true|false
10:37:23.0 (116037000)|VARIABLE_ASSIGNMENT|[16]|javaObj|"\n\u003CFeedBody text(Account test 1\n), isRichText(true) /\u003E"|0x439ae801
10:37:23.0 (116404790)|SYSTEM_METHOD_EXIT|[5]|MarkupBeginSegment
10:37:23.0 (116413387)|HEAP_ALLOCATE|[43]|Bytes:44
10:37:23.0 (116420948)|HEAP_ALLOCATE|[43]|Bytes:12
10:37:23.0 (116426321)|HEAP_ALLOCATE|[43]|Bytes:8
10:37:23.0 (116432304)|VARIABLE_SCOPE_BEGIN|[20]|this|ConnectApi.MarkupBeginSegment|true|false
10:37:23.0 (116464223)|HEAP_ALLOCATE|[43]|Bytes:120
10:37:23.0 (116472406)|HEAP_ALLOCATE|[43]|Bytes:40
10:37:23.0 (116503942)|SYSTEM_METHOD_ENTRY|[5]|MessageSegment.MessageSegment()
10:37:23.0 (116507314)|STATEMENT_EXECUTE|[5]
10:37:23.0 (116520441)|SYSTEM_METHOD_EXIT|[5]|MessageSegment
10:37:23.0 (116545952)|VARIABLE_ASSIGNMENT|[20]|this|{}|0x52269528
10:37:23.0 (116552443)|VARIABLE_SCOPE_BEGIN|[20]|versionIn|Double|false|false
10:37:23.0 (116561962)|VARIABLE_ASSIGNMENT|[20]|versionIn|34.0
10:37:23.0 (116564941)|VARIABLE_SCOPE_BEGIN|[20]|javaObj|java:sfdc.chatter.connect.api.output.feeds.MarkupBeginMessageSegmentRepresentation|true|false
10:37:23.0 (116636691)|VARIABLE_ASSIGNMENT|[20]|javaObj|"MarkupBegin(\"Paragraph\", \"p\")"|0x3d0db06a
10:37:23.0 (117509232)|SYSTEM_METHOD_EXIT|[5]|TextSegment
10:37:23.0 (117518115)|HEAP_ALLOCATE|[43]|Bytes:28
10:37:23.0 (117527521)|HEAP_ALLOCATE|[43]|Bytes:12
10:37:23.0 (117530967)|HEAP_ALLOCATE|[43]|Bytes:8
10:37:23.0 (117535025)|VARIABLE_SCOPE_BEGIN|[16]|this|ConnectApi.TextSegment|true|false
10:37:23.0 (117558381)|VARIABLE_ASSIGNMENT|[16]|this|{}|0x52eba8f0
10:37:23.0 (117562276)|VARIABLE_SCOPE_BEGIN|[16]|versionIn|Double|false|false
10:37:23.0 (117567241)|VARIABLE_ASSIGNMENT|[16]|versionIn|34.0
10:37:23.0 (117569407)|VARIABLE_SCOPE_BEGIN|[16]|javaObj|java:sfdc.chatter.connect.api.output.feeds.TextMessageSegmentRepresentation|true|false
10:37:23.0 (117645029)|VARIABLE_ASSIGNMENT|[16]|javaObj|"Text(\"Account test 1\")"|0x3482e850
10:37:23.0 (118108968)|SYSTEM_METHOD_EXIT|[5]|MarkupEndSegment
10:37:23.0 (118117509)|HEAP_ALLOCATE|[43]|Bytes:44
10:37:23.0 (118122389)|HEAP_ALLOCATE|[43]|Bytes:12
10:37:23.0 (118125588)|HEAP_ALLOCATE|[43]|Bytes:8
10:37:23.0 (118129877)|VARIABLE_SCOPE_BEGIN|[20]|this|ConnectApi.MarkupEndSegment|true|false
10:37:23.0 (118155365)|VARIABLE_ASSIGNMENT|[20]|this|{}|0x645c804a
10:37:23.0 (118159503)|VARIABLE_SCOPE_BEGIN|[20]|versionIn|Double|false|false
10:37:23.0 (118164256)|VARIABLE_ASSIGNMENT|[20]|versionIn|34.0
10:37:23.0 (118166267)|VARIABLE_SCOPE_BEGIN|[20]|javaObj|java:sfdc.chatter.connect.api.output.feeds.MarkupEndMessageSegmentRepresentation|true|false
10:37:23.0 (118234608)|VARIABLE_ASSIGNMENT|[20]|javaObj|"MarkupEnd(\"Paragraph\", \"p\")"|0xec5dd36
10:37:23.0 (118757758)|SYSTEM_METHOD_EXIT|[5]|FeedElementCapabilities
10:37:23.0 (118769728)|HEAP_ALLOCATE|[49]|Bytes:236
10:37:23.0 (118777697)|HEAP_ALLOCATE|[49]|Bytes:12
10:37:23.0 (118783216)|HEAP_ALLOCATE|[49]|Bytes:8
10:37:23.0 (118788650)|VARIABLE_SCOPE_BEGIN|[77]|this|ConnectApi.FeedElementCapabilities|true|false
10:37:23.0 (118865758)|VARIABLE_ASSIGNMENT|[77]|this|{}|0x1e64836
10:37:23.0 (118872319)|VARIABLE_SCOPE_BEGIN|[77]|versionIn|Double|false|false
10:37:23.0 (118880874)|VARIABLE_ASSIGNMENT|[77]|versionIn|34.0
10:37:23.0 (118884749)|VARIABLE_SCOPE_BEGIN|[77]|javaObj|java:sfdc.chatter.connect.api.output.feeds.FeedElementCapabilitySetRepresentation|true|false
10:37:23.0 (118973844)|VARIABLE_ASSIGNMENT|[77]|javaObj|"sfdc.chatter.connect.api.output.feeds.FeedElementCapabilitySetRepresentation@2205e032"|0x2205e032
10:37:23.0 (119268133)|SYSTEM_METHOD_EXIT|[5]|AssociatedActionsCapability
10:37:23.0 (119280784)|HEAP_ALLOCATE|[85]|Bytes:20
10:37:23.0 (119287482)|HEAP_ALLOCATE|[85]|Bytes:12
10:37:23.0 (119292423)|HEAP_ALLOCATE|[85]|Bytes:8
10:37:23.0 (119298755)|VARIABLE_SCOPE_BEGIN|[18]|this|ConnectApi.AssociatedActionsCapability|true|false
10:37:23.0 (119329342)|VARIABLE_ASSIGNMENT|[18]|this|{}|0x22db6ae8
10:37:23.0 (119335455)|VARIABLE_SCOPE_BEGIN|[18]|versionIn|Double|false|false
10:37:23.0 (119343286)|VARIABLE_ASSIGNMENT|[18]|versionIn|34.0
10:37:23.0 (119346882)|VARIABLE_SCOPE_BEGIN|[18]|javaObj|java:sfdc.chatter.connect.api.output.feeds.AssociatedActionsCapabilityRepresentation|true|false
10:37:23.0 (119440191)|VARIABLE_ASSIGNMENT|[18]|javaObj|"sfdc.chatter.connect.api.output.feeds.AssociatedActionsCapabilityRepresentation@2573fe8"|0x2573fe8
10:37:23.0 (119990705)|SYSTEM_METHOD_EXIT|[5]|BookmarksCapability
10:37:23.0 (119998459)|HEAP_ALLOCATE|[91]|Bytes:20
10:37:23.0 (120003100)|HEAP_ALLOCATE|[91]|Bytes:12
10:37:23.0 (120007272)|HEAP_ALLOCATE|[91]|Bytes:8
10:37:23.0 (120011244)|VARIABLE_SCOPE_BEGIN|[18]|this|ConnectApi.BookmarksCapability|true|false
10:37:23.0 (120032661)|VARIABLE_ASSIGNMENT|[18]|this|{}|0x31c3606c
10:37:23.0 (120036408)|VARIABLE_SCOPE_BEGIN|[18]|versionIn|Double|false|false
10:37:23.0 (120041195)|VARIABLE_ASSIGNMENT|[18]|versionIn|34.0
10:37:23.0 (120043262)|VARIABLE_SCOPE_BEGIN|[18]|javaObj|java:sfdc.chatter.connect.api.output.feeds.BookmarksCapabilityRepresentation|true|false
10:37:23.0 (120113484)|VARIABLE_ASSIGNMENT|[18]|javaObj|"sfdc.chatter.connect.api.output.feeds.BookmarksCapabilityRepresentation@3cca1216"|0x3cca1216
10:37:23.0 (120423472)|SYSTEM_METHOD_EXIT|[5]|ChatterLikesCapability
10:37:23.0 (120431044)|HEAP_ALLOCATE|[103]|Bytes:44
10:37:23.0 (120435751)|HEAP_ALLOCATE|[103]|Bytes:12
10:37:23.0 (120439201)|HEAP_ALLOCATE|[103]|Bytes:8
10:37:23.0 (120443001)|VARIABLE_SCOPE_BEGIN|[24]|this|ConnectApi.ChatterLikesCapability|true|false
10:37:23.0 (120468983)|VARIABLE_ASSIGNMENT|[24]|this|{}|0x453fb34d
10:37:23.0 (120472889)|VARIABLE_SCOPE_BEGIN|[24]|versionIn|Double|false|false
10:37:23.0 (120477937)|VARIABLE_ASSIGNMENT|[24]|versionIn|34.0
10:37:23.0 (120479891)|VARIABLE_SCOPE_BEGIN|[24]|javaObj|java:sfdc.chatter.connect.api.output.feeds.ChatterLikesCapabilityRepresentation|true|false
10:37:23.0 (120549954)|VARIABLE_ASSIGNMENT|[24]|javaObj|"sfdc.chatter.connect.api.output.feeds.ChatterLikesCapabilityRepresentation@7e2c6c7d"|0x7e2c6c7d
10:37:23.0 (120750390)|SYSTEM_METHOD_EXIT|[5]|MessageBody
10:37:23.0 (120758122)|HEAP_ALLOCATE|[32]|Bytes:36
10:37:23.0 (120762777)|HEAP_ALLOCATE|[32]|Bytes:12
10:37:23.0 (120765989)|HEAP_ALLOCATE|[32]|Bytes:8
10:37:23.0 (120770120)|VARIABLE_SCOPE_BEGIN|[16]|this|ConnectApi.MessageBody|true|false
10:37:23.0 (120796454)|VARIABLE_ASSIGNMENT|[16]|this|{}|0x54c6b3d4
10:37:23.0 (120801501)|VARIABLE_SCOPE_BEGIN|[16]|versionIn|Double|false|false
10:37:23.0 (120809697)|VARIABLE_ASSIGNMENT|[16]|versionIn|34.0
10:37:23.0 (120813416)|VARIABLE_SCOPE_BEGIN|[16]|javaObj|java:sfdc.chatter.connect.api.output.feeds.MessageBodyRepresentation|true|false
10:37:23.0 (120916987)|VARIABLE_ASSIGNMENT|[16]|javaObj|"\n\u003CMessageBody text(You and Test User like this.), isRichText(null) /\u003E"|0x38f051f8
10:37:23.0 (121717342)|SYSTEM_METHOD_EXIT|[5]|EntityLinkSegment
10:37:23.0 (121729599)|HEAP_ALLOCATE|[43]|Bytes:44
10:37:23.0 (121737613)|HEAP_ALLOCATE|[43]|Bytes:12
10:37:23.0 (121742674)|HEAP_ALLOCATE|[43]|Bytes:8
10:37:23.0 (121748388)|VARIABLE_SCOPE_BEGIN|[20]|this|ConnectApi.EntityLinkSegment|true|false
10:37:23.0 (121784947)|VARIABLE_ASSIGNMENT|[20]|this|{}|0xed3870
10:37:23.0 (121790319)|VARIABLE_SCOPE_BEGIN|[20]|versionIn|Double|false|false
10:37:23.0 (121798493)|VARIABLE_ASSIGNMENT|[20]|versionIn|34.0
10:37:23.0 (121802052)|VARIABLE_SCOPE_BEGIN|[20]|javaObj|java:sfdc.chatter.connect.api.output.feeds.EntityLinkMessageSegmentRepresentation|true|false
10:37:23.0 (121905822)|VARIABLE_ASSIGNMENT|[20]|javaObj|"EntityLink(\"Test User\")"|0x1d3ff394
10:37:23.0 (122309127)|SYSTEM_METHOD_EXIT|[5]|Motif
10:37:23.0 (122320545)|HEAP_ALLOCATE|[25]|Bytes:52
10:37:23.0 (122327693)|HEAP_ALLOCATE|[25]|Bytes:12
10:37:23.0 (122333330)|HEAP_ALLOCATE|[25]|Bytes:8
10:37:23.0 (122339945)|VARIABLE_SCOPE_BEGIN|[31]|this|ConnectApi.Motif|true|false
10:37:23.0 (122374544)|VARIABLE_ASSIGNMENT|[31]|this|{}|0x7c86abf4
10:37:23.0 (122380181)|VARIABLE_SCOPE_BEGIN|[31]|versionIn|Double|false|false
10:37:23.0 (122388055)|VARIABLE_ASSIGNMENT|[31]|versionIn|34.0
10:37:23.0 (122391608)|VARIABLE_SCOPE_BEGIN|[31]|javaObj|java:sfdc.common.connect.api.output.common.MotifRepresentation|true|false
10:37:23.0 (122489622)|VARIABLE_ASSIGNMENT|[31]|javaObj|"sfdc.common.connect.api.output.common.MotifRepresentation@46c34a0d"|0x46c34a0d
10:37:23.0 (122853608)|SYSTEM_METHOD_EXIT|[5]|Reference
10:37:23.0 (122863506)|HEAP_ALLOCATE|[28]|Bytes:28
10:37:23.0 (122870398)|HEAP_ALLOCATE|[28]|Bytes:12
10:37:23.0 (122875522)|HEAP_ALLOCATE|[28]|Bytes:8
10:37:23.0 (122881708)|VARIABLE_SCOPE_BEGIN|[25]|this|ConnectApi.Reference|true|false
10:37:23.0 (122909581)|VARIABLE_ASSIGNMENT|[25]|this|{}|0x2f84d41d
10:37:23.0 (122914854)|VARIABLE_SCOPE_BEGIN|[25]|versionIn|Double|false|false
10:37:23.0 (122922541)|VARIABLE_ASSIGNMENT|[25]|versionIn|34.0
10:37:23.0 (122926621)|VARIABLE_SCOPE_BEGIN|[25]|javaObj|java:sfdc.common.connect.api.output.common.ReferenceRepresentation|true|false
10:37:23.0 (123019252)|VARIABLE_ASSIGNMENT|[25]|javaObj|"sfdc.common.connect.api.output.common.ReferenceRepresentation@4d45212a"|0x4d45212a
10:37:23.0 (124041168)|SYSTEM_METHOD_EXIT|[5]|ChatterLikePage
10:37:23.0 (124053515)|HEAP_ALLOCATE|[38]|Bytes:84
10:37:23.0 (124061088)|HEAP_ALLOCATE|[38]|Bytes:12
10:37:23.0 (124066407)|HEAP_ALLOCATE|[38]|Bytes:8
10:37:23.0 (124086075)|VARIABLE_SCOPE_BEGIN|[39]|this|ConnectApi.ChatterLikePage|true|false
10:37:23.0 (124432138)|VARIABLE_ASSIGNMENT|[39]|this|{}|0x4d5fa7d
10:37:23.0 (124440106)|VARIABLE_SCOPE_BEGIN|[39]|versionIn|Double|false|false
10:37:23.0 (124449348)|VARIABLE_ASSIGNMENT|[39]|versionIn|34.0
10:37:23.0 (124453275)|VARIABLE_SCOPE_BEGIN|[39]|javaObj|java:sfdc.chatter.connect.api.output.feeds.LikeCollectionRepresentation|true|false
10:37:23.0 (124555509)|VARIABLE_ASSIGNMENT|[39]|javaObj|"sfdc.chatter.connect.api.output.feeds.LikeCollectionRepresentation@581a4bc8"|0x581a4bc8
10:37:23.0 (125163037)|SYSTEM_METHOD_EXIT|[5]|ChatterLike
10:37:23.0 (125171660)|HEAP_ALLOCATE|[59]|Bytes:44
10:37:23.0 (125176189)|HEAP_ALLOCATE|[59]|Bytes:12
10:37:23.0 (125179385)|HEAP_ALLOCATE|[59]|Bytes:8
10:37:23.0 (125183620)|VARIABLE_SCOPE_BEGIN|[29]|this|ConnectApi.ChatterLike|true|false
10:37:23.0 (125211858)|VARIABLE_ASSIGNMENT|[29]|this|{}|0x513758ea
10:37:23.0 (125216633)|VARIABLE_SCOPE_BEGIN|[29]|versionIn|Double|false|false
10:37:23.0 (125222611)|VARIABLE_ASSIGNMENT|[29]|versionIn|34.0
10:37:23.0 (125226072)|VARIABLE_SCOPE_BEGIN|[29]|javaObj|java:sfdc.chatter.connect.api.output.feeds.LikeRepresentation|true|false
10:37:23.0 (125297401)|VARIABLE_ASSIGNMENT|[29]|javaObj|"sfdc.chatter.connect.api.output.feeds.LikeRepresentation@351f6f97"|0x351f6f97
10:37:23.0 (125713687)|SYSTEM_METHOD_EXIT|[5]|UserSummary
10:37:23.0 (125725121)|HEAP_ALLOCATE|[44]|Bytes:164
10:37:23.0 (125732955)|HEAP_ALLOCATE|[44]|Bytes:12
10:37:23.0 (125738227)|HEAP_ALLOCATE|[44]|Bytes:8
10:37:23.0 (125744434)|VARIABLE_SCOPE_BEGIN|[18]|this|ConnectApi.UserSummary|true|false
10:37:23.0 (125801734)|HEAP_ALLOCATE|[44]|Bytes:344
10:37:23.0 (125813130)|HEAP_ALLOCATE|[44]|Bytes:76
10:37:23.0 (125849298)|SYSTEM_METHOD_ENTRY|[5]|User.User()
10:37:23.0 (125852796)|STATEMENT_EXECUTE|[5]
10:37:23.0 (125861913)|SYSTEM_METHOD_EXIT|[5]|User
10:37:23.0 (125878491)|HEAP_ALLOCATE|[44]|Bytes:204
10:37:23.0 (125884652)|HEAP_ALLOCATE|[44]|Bytes:49
10:37:23.0 (125894041)|SYSTEM_METHOD_ENTRY|[5]|ActorWithId.ActorWithId()
10:37:23.0 (125896325)|STATEMENT_EXECUTE|[5]
10:37:23.0 (125902222)|SYSTEM_METHOD_EXIT|[5]|ActorWithId
10:37:23.0 (125912053)|HEAP_ALLOCATE|[44]|Bytes:116
10:37:23.0 (125917571)|HEAP_ALLOCATE|[44]|Bytes:40
10:37:23.0 (125926105)|SYSTEM_METHOD_ENTRY|[5]|Actor.Actor()
10:37:23.0 (125928277)|STATEMENT_EXECUTE|[5]
10:37:23.0 (125933733)|SYSTEM_METHOD_EXIT|[5]|Actor
10:37:23.0 (125950456)|VARIABLE_ASSIGNMENT|[18]|this|{}|0x1eb27d5b
10:37:23.0 (125954571)|VARIABLE_SCOPE_BEGIN|[18]|versionIn|Double|false|false
10:37:23.0 (125960352)|VARIABLE_ASSIGNMENT|[18]|versionIn|34.0
10:37:23.0 (125962517)|VARIABLE_SCOPE_BEGIN|[18]|javaObj|java:sfdc.chatter.connect.api.output.user.UserSummaryRepresentation|true|false
10:37:23.0 (126040552)|VARIABLE_ASSIGNMENT|[18]|javaObj|"\n\u003CUser id(00550000005d7KnAAI) name(Test User) /\u003E"|0x147c214e
10:37:23.0 (127082021)|SYSTEM_METHOD_EXIT|[5]|Photo
10:37:23.0 (127094003)|HEAP_ALLOCATE|[64]|Bytes:68
10:37:23.0 (127101539)|HEAP_ALLOCATE|[64]|Bytes:12
10:37:23.0 (127107834)|HEAP_ALLOCATE|[64]|Bytes:8
10:37:23.0 (127114557)|VARIABLE_SCOPE_BEGIN|[35]|this|ConnectApi.Photo|true|false
10:37:23.0 (127151979)|VARIABLE_ASSIGNMENT|[35]|this|{}|0x7f67db23
10:37:23.0 (127159247)|VARIABLE_SCOPE_BEGIN|[35]|versionIn|Double|false|false
10:37:23.0 (127168202)|VARIABLE_ASSIGNMENT|[35]|versionIn|34.0
10:37:23.0 (127172165)|VARIABLE_SCOPE_BEGIN|[35]|javaObj|java:sfdc.chatter.connect.api.output.photo.PhotoRepresentation|true|false
10:37:23.0 (127285929)|VARIABLE_ASSIGNMENT|[35]|javaObj|"sfdc.chatter.connect.api.output.photo.PhotoRepresentation@31ca708f"|0x31ca708f
10:37:23.0 (131185763)|SYSTEM_METHOD_EXIT|[5]|CommentsCapability
10:37:23.0 (131198174)|HEAP_ALLOCATE|[106]|Bytes:20
10:37:23.0 (131204711)|HEAP_ALLOCATE|[106]|Bytes:12
10:37:23.0 (131208060)|HEAP_ALLOCATE|[106]|Bytes:8
10:37:23.0 (131213065)|VARIABLE_SCOPE_BEGIN|[18]|this|ConnectApi.CommentsCapability|true|false
10:37:23.0 (131247668)|VARIABLE_ASSIGNMENT|[18]|this|{}|0x491cabc4
10:37:23.0 (131252247)|VARIABLE_SCOPE_BEGIN|[18]|versionIn|Double|false|false
10:37:23.0 (131258966)|VARIABLE_ASSIGNMENT|[18]|versionIn|34.0
10:37:23.0 (131261383)|VARIABLE_SCOPE_BEGIN|[18]|javaObj|java:sfdc.chatter.connect.api.output.feeds.CommentsCapabilityRepresentation|true|false
10:37:23.0 (131400887)|VARIABLE_ASSIGNMENT|[18]|javaObj|"sfdc.chatter.connect.api.output.feeds.CommentsCapabilityRepresentation@863cf07"|0x863cf07
10:37:23.0 (131677054)|SYSTEM_METHOD_EXIT|[5]|CommentPage
10:37:23.0 (131687317)|HEAP_ALLOCATE|[23]|Bytes:68
10:37:23.0 (131694615)|HEAP_ALLOCATE|[23]|Bytes:12
10:37:23.0 (131699492)|HEAP_ALLOCATE|[23]|Bytes:8
10:37:23.0 (131705254)|VARIABLE_SCOPE_BEGIN|[35]|this|ConnectApi.CommentPage|true|false
10:37:23.0 (131742820)|VARIABLE_ASSIGNMENT|[35]|this|{}|0x6a4f888c
10:37:23.0 (131747524)|VARIABLE_SCOPE_BEGIN|[35]|versionIn|Double|false|false
10:37:23.0 (131753976)|VARIABLE_ASSIGNMENT|[35]|versionIn|34.0
10:37:23.0 (131756871)|VARIABLE_SCOPE_BEGIN|[35]|javaObj|java:sfdc.chatter.connect.api.output.feeds.FeedElementCommentCollectionRepresentation|true|false
10:37:23.0 (131852219)|VARIABLE_ASSIGNMENT|[35]|javaObj|"sfdc.chatter.connect.api.output.feeds.FeedElementCommentCollectionRepresentation@2a4a8b46"|0x2a4a8b46
10:37:23.0 (132695019)|SYSTEM_METHOD_EXIT|[5]|InteractionsCapability
10:37:23.0 (132705636)|HEAP_ALLOCATE|[127]|Bytes:20
10:37:23.0 (132712253)|HEAP_ALLOCATE|[127]|Bytes:12
10:37:23.0 (132717353)|HEAP_ALLOCATE|[127]|Bytes:8
10:37:23.0 (132722789)|VARIABLE_SCOPE_BEGIN|[18]|this|ConnectApi.InteractionsCapability|true|false
10:37:23.0 (132752465)|VARIABLE_ASSIGNMENT|[18]|this|{}|0x6245740
10:37:23.0 (132758514)|VARIABLE_SCOPE_BEGIN|[18]|versionIn|Double|false|false
10:37:23.0 (132766422)|VARIABLE_ASSIGNMENT|[18]|versionIn|34.0
10:37:23.0 (132770398)|VARIABLE_SCOPE_BEGIN|[18]|javaObj|java:sfdc.chatter.connect.api.output.feeds.InteractionsCapabilityRepresentation|true|false
10:37:23.0 (132860060)|VARIABLE_ASSIGNMENT|[18]|javaObj|"sfdc.chatter.connect.api.output.feeds.InteractionsCapabilityRepresentation@1029ab74"|0x1029ab74
10:37:23.0 (133186279)|SYSTEM_METHOD_EXIT|[5]|MuteCapability
10:37:23.0 (133198139)|HEAP_ALLOCATE|[136]|Bytes:20
10:37:23.0 (133206149)|HEAP_ALLOCATE|[136]|Bytes:12
10:37:23.0 (133211978)|HEAP_ALLOCATE|[136]|Bytes:8
10:37:23.0 (133218319)|VARIABLE_SCOPE_BEGIN|[18]|this|ConnectApi.MuteCapability|true|false
10:37:23.0 (133250308)|VARIABLE_ASSIGNMENT|[18]|this|{}|0x6345a15
10:37:23.0 (133257238)|VARIABLE_SCOPE_BEGIN|[18]|versionIn|Double|false|false
10:37:23.0 (133265577)|VARIABLE_ASSIGNMENT|[18]|versionIn|34.0
10:37:23.0 (133269691)|VARIABLE_SCOPE_BEGIN|[18]|javaObj|java:sfdc.chatter.connect.api.output.feeds.MuteCapabilityRepresentation|true|false
10:37:23.0 (133362901)|VARIABLE_ASSIGNMENT|[18]|javaObj|"sfdc.chatter.connect.api.output.feeds.MuteCapabilityRepresentation@78dae12e"|0x78dae12e
10:37:23.0 (133749369)|SYSTEM_METHOD_EXIT|[5]|StatusCapability
10:37:23.0 (133759265)|HEAP_ALLOCATE|[157]|Bytes:28
10:37:23.0 (133766439)|HEAP_ALLOCATE|[157]|Bytes:12
10:37:23.0 (133771575)|HEAP_ALLOCATE|[157]|Bytes:8
10:37:23.0 (133778497)|VARIABLE_SCOPE_BEGIN|[20]|this|ConnectApi.StatusCapability|true|false
10:37:23.0 (133813426)|VARIABLE_ASSIGNMENT|[20]|this|{}|0x5ce02722
10:37:23.0 (133820424)|VARIABLE_SCOPE_BEGIN|[20]|versionIn|Double|false|false
10:37:23.0 (133828414)|VARIABLE_ASSIGNMENT|[20]|versionIn|34.0
10:37:23.0 (133832404)|VARIABLE_SCOPE_BEGIN|[20]|javaObj|java:sfdc.chatter.connect.api.output.feeds.StatusCapabilityRepresentation|true|false
10:37:23.0 (133923009)|VARIABLE_ASSIGNMENT|[20]|javaObj|"sfdc.chatter.connect.api.output.feeds.StatusCapabilityRepresentation@14f45c1"|0x14f45c1
10:37:23.0 (134470225)|SYSTEM_METHOD_EXIT|[5]|TopicsCapability
10:37:23.0 (134481823)|HEAP_ALLOCATE|[160]|Bytes:28
10:37:23.0 (134489632)|HEAP_ALLOCATE|[160]|Bytes:12
10:37:23.0 (134495649)|HEAP_ALLOCATE|[160]|Bytes:8
10:37:23.0 (134502202)|VARIABLE_SCOPE_BEGIN|[20]|this|ConnectApi.TopicsCapability|true|false
10:37:23.0 (134538621)|VARIABLE_ASSIGNMENT|[20]|this|{}|0x258f530f
10:37:23.0 (134545362)|VARIABLE_SCOPE_BEGIN|[20]|versionIn|Double|false|false
10:37:23.0 (134554227)|VARIABLE_ASSIGNMENT|[20]|versionIn|34.0
10:37:23.0 (134557796)|VARIABLE_SCOPE_BEGIN|[20]|javaObj|java:sfdc.chatter.connect.api.output.feeds.TopicsCapabilityRepresentation|true|false
10:37:23.0 (134652269)|VARIABLE_ASSIGNMENT|[20]|javaObj|"sfdc.chatter.connect.api.output.feeds.TopicsCapabilityRepresentation@af31501"|0xaf31501
10:37:23.0 (135153241)|SYSTEM_METHOD_EXIT|[5]|Topic
10:37:23.0 (135163408)|HEAP_ALLOCATE|[36]|Bytes:84
10:37:23.0 (135169181)|HEAP_ALLOCATE|[36]|Bytes:12
10:37:23.0 (135173628)|HEAP_ALLOCATE|[36]|Bytes:8
10:37:23.0 (135178912)|VARIABLE_SCOPE_BEGIN|[39]|this|ConnectApi.Topic|true|false
10:37:23.0 (135216872)|VARIABLE_ASSIGNMENT|[39]|this|{}|0x57f7ea4a
10:37:23.0 (135221648)|VARIABLE_SCOPE_BEGIN|[39]|versionIn|Double|false|false
10:37:23.0 (135228204)|VARIABLE_ASSIGNMENT|[39]|versionIn|34.0
10:37:23.0 (135231829)|VARIABLE_SCOPE_BEGIN|[39]|javaObj|java:sfdc.chatter.connect.api.output.topics.TopicRepresentation|true|false
10:37:23.0 (135327228)|VARIABLE_ASSIGNMENT|[39]|javaObj|"sfdc.chatter.connect.api.output.topics.TopicRepresentation@2cedcc38"|0x2cedcc38
10:37:23.0 (135587014)|SYSTEM_METHOD_EXIT|[5]|TopicImages
10:37:23.0 (135594460)|HEAP_ALLOCATE|[53]|Bytes:28
10:37:23.0 (135599048)|HEAP_ALLOCATE|[53]|Bytes:12
10:37:23.0 (135602145)|HEAP_ALLOCATE|[53]|Bytes:8
10:37:23.0 (135606246)|VARIABLE_SCOPE_BEGIN|[25]|this|ConnectApi.TopicImages|true|false
10:37:23.0 (135627365)|VARIABLE_ASSIGNMENT|[25]|this|{}|0x73a5f581
10:37:23.0 (135631146)|VARIABLE_SCOPE_BEGIN|[25]|versionIn|Double|false|false
10:37:23.0 (135636010)|VARIABLE_ASSIGNMENT|[25]|versionIn|34.0
10:37:23.0 (135638274)|VARIABLE_SCOPE_BEGIN|[25]|javaObj|java:sfdc.chatter.connect.api.output.topics.TopicImagesRepresentation|true|false
10:37:23.0 (135709054)|VARIABLE_ASSIGNMENT|[25]|javaObj|"sfdc.chatter.connect.api.output.topics.TopicImagesRepresentation@61ecbde9"|0x61ecbde9
10:37:23.0 (138461481)|SYSTEM_METHOD_EXIT|[5]|RecordSummary
10:37:23.0 (138471657)|HEAP_ALLOCATE|[68]|Bytes:68
10:37:23.0 (138477449)|HEAP_ALLOCATE|[68]|Bytes:12
10:37:23.0 (138481218)|HEAP_ALLOCATE|[68]|Bytes:8
10:37:23.0 (138488080)|VARIABLE_SCOPE_BEGIN|[16]|this|ConnectApi.RecordSummary|true|false
10:37:23.0 (138549999)|VARIABLE_ASSIGNMENT|[16]|this|{}|0x4b6f3f24
10:37:23.0 (138556614)|VARIABLE_SCOPE_BEGIN|[16]|versionIn|Double|false|false
10:37:23.0 (138565141)|VARIABLE_ASSIGNMENT|[16]|versionIn|34.0
10:37:23.0 (138568792)|VARIABLE_SCOPE_BEGIN|[16]|javaObj|java:sfdc.common.connect.api.output.records.RecordSummaryRepresentation|true|false
10:37:23.0 (138698205)|VARIABLE_ASSIGNMENT|[16]|javaObj|"\n\u003CRecord type(Account) id(0015000001Bc4SPAAZ) name(Edge Communications) /\u003E"|0x173ad235
10:37:23.0 (168681375)|SYSTEM_METHOD_EXIT|[5]|Comment
10:37:23.0 (168696069)|HEAP_ALLOCATE|[48]|Bytes:156
10:37:23.0 (168702363)|HEAP_ALLOCATE|[48]|Bytes:12
10:37:23.0 (168705737)|HEAP_ALLOCATE|[48]|Bytes:8
10:37:23.0 (168711143)|VARIABLE_SCOPE_BEGIN|[57]|this|ConnectApi.Comment|true|false
10:37:23.0 (168772972)|VARIABLE_ASSIGNMENT|[57]|this|{}|0x17697a03
10:37:23.0 (168777857)|VARIABLE_SCOPE_BEGIN|[57]|versionIn|Double|false|false
10:37:23.0 (168786840)|VARIABLE_ASSIGNMENT|[57]|versionIn|34.0
10:37:23.0 (168789169)|VARIABLE_SCOPE_BEGIN|[57]|javaObj|java:sfdc.chatter.connect.api.output.feeds.CommentRepresentation|true|false
10:37:23.0 (168974177)|VARIABLE_ASSIGNMENT|[57]|javaObj|"\n\u003CComment id(0D750000002KRgU) parent(sfdc.common.connect.api.output.common.ReferenceRepresentation@254df1d5) \u003E\n\u003CFeedBody text(Test), isRichText(false) /\u003E\n\u003CUser id(00550000005d7KnAAI) name(Test User) /\u003E\n\u003C/Comment"|0x64a73433
10:37:23.0 (169548466)|SYSTEM_METHOD_EXIT|[5]|CommentCapabilities
10:37:23.0 (169556764)|HEAP_ALLOCATE|[68]|Bytes:28
10:37:23.0 (169561241)|HEAP_ALLOCATE|[68]|Bytes:12
10:37:23.0 (169564318)|HEAP_ALLOCATE|[68]|Bytes:8
10:37:23.0 (169568199)|VARIABLE_SCOPE_BEGIN|[25]|this|ConnectApi.CommentCapabilities|true|false
10:37:23.0 (169589996)|VARIABLE_ASSIGNMENT|[25]|this|{}|0x1e56e52f
10:37:23.0 (169594010)|VARIABLE_SCOPE_BEGIN|[25]|versionIn|Double|false|false
10:37:23.0 (169598943)|VARIABLE_ASSIGNMENT|[25]|versionIn|34.0
10:37:23.0 (169601577)|VARIABLE_SCOPE_BEGIN|[25]|javaObj|java:sfdc.chatter.connect.api.output.feeds.CommentCapabilitySetRepresentation|true|false
10:37:23.0 (169670862)|VARIABLE_ASSIGNMENT|[25]|javaObj|"sfdc.chatter.connect.api.output.feeds.CommentCapabilitySetRepresentation@42b32d84"|0x42b32d84
10:37:23.0 (171757298)|SYSTEM_METHOD_EXIT|[5]|MentionSegment
10:37:23.0 (171766074)|HEAP_ALLOCATE|[43]|Bytes:60
10:37:23.0 (171770924)|HEAP_ALLOCATE|[43]|Bytes:12
10:37:23.0 (171774161)|HEAP_ALLOCATE|[43]|Bytes:8
10:37:23.0 (171778518)|VARIABLE_SCOPE_BEGIN|[24]|this|ConnectApi.MentionSegment|true|false
10:37:23.0 (171809602)|VARIABLE_ASSIGNMENT|[24]|this|{}|0x556104d6
10:37:23.0 (171813429)|VARIABLE_SCOPE_BEGIN|[24]|versionIn|Double|false|false
10:37:23.0 (171818903)|VARIABLE_ASSIGNMENT|[24]|versionIn|34.0
10:37:23.0 (171821085)|VARIABLE_SCOPE_BEGIN|[24]|javaObj|java:sfdc.chatter.connect.api.output.feeds.MentionMessageSegmentRepresentation|true|false
10:37:23.0 (171903867)|VARIABLE_ASSIGNMENT|[24]|javaObj|"Mention(\"Test User\",00550000005d7KnAAI,true)"|0x7c37fcc8
10:37:23.0 (197236746)|METHOD_EXIT|[71]||ConnectApi.ChatterFeeds.getFeedElementsFromFeed(String, ConnectApi.FeedType, String)
10:37:23.0 (197251610)|VARIABLE_SCOPE_BEGIN|[71]|fep|ConnectApi.FeedElementPage|true|false
10:37:23.0 (197303775)|VARIABLE_ASSIGNMENT|[71]|fep|{}|0x1baefe1c
10:37:23.0 (197315587)|STATEMENT_EXECUTE|[72]
10:37:23.0 (197334829)|STATEMENT_EXECUTE|[73]
10:37:23.0 (197352205)|METHOD_ENTRY|[73]||System.JSON.serialize(Object)
10:37:23.0 (255877674)|METHOD_EXIT|[73]||System.JSON.serialize(Object)
10:37:23.0 (255907113)|METHOD_EXIT|[15]|01p50000002D8iw|BFFFollow_Controller.fetchUserFeed(Id)
10:37:23.0 (256040595)|VARIABLE_ASSIGNMENT|[EXTERNAL]|this|{"debug":false,"input":"{\"mode\":\"fetchUserFe (34 more) ...","operation":"BFFFollow_Controller"}|0x5ece8f46
10:37:23.0 (256063949)|VARIABLE_ASSIGNMENT|[EXTERNAL]|value|"{\"currentPageToken\": (26498 more) ..."
10:37:23.0 (256092802)|VARIABLE_ASSIGNMENT|[12]|this.output|"{\"currentPageToken\": (26498 more) ..."|0x5ece8f46
10:37:23.0 (256106507)|STATEMENT_EXECUTE|[16]
10:37:23.0 (256222135)|VARIABLE_ASSIGNMENT|[EXTERNAL]|this|{"debug":false,"input":"{\"mode\":\"fetchUserFe (34 more) ...","operation":"BFFFollow_Controller","output":"{\"currentPageToken\": (26498 more) ..."}|0x5ece8f46
10:37:23.0 (256308586)|VARIABLE_ASSIGNMENT|[EXTERNAL]|this|{"debug":false,"input":"{\"mode\":\"fetchUserFe (34 more) ...","operation":"BFFFollow_Controller","output":"{\"currentPageToken\": (26498 more) ..."}|0x5ece8f46
10:37:23.0 (256325889)|VARIABLE_ASSIGNMENT|[EXTERNAL]|value|true
10:37:23.0 (256335194)|HEAP_ALLOCATE|[15]|Bytes:5
10:37:23.0 (256351287)|VARIABLE_ASSIGNMENT|[15]|this.outputFlag|true|0x5ece8f46
10:37:23.0 (256369469)|STATEMENT_EXECUTE|[19]
10:37:23.0 (256390837)|METHOD_EXIT|[9]|01p50000002D8iw|BFFFollow_Controller.process(ETLC_ApexBridge_Data)
10:37:23.0 (256396963)|STATEMENT_EXECUTE|[24]
10:37:23.0 (256425427)|METHOD_ENTRY|[24]|01p50000002CIEo|ETLC_ApexBridge_Data.toJSON()
10:37:23.0 (256453784)|VARIABLE_SCOPE_BEGIN|[57]|this|ETLC_ApexBridge_Data|true|false
10:37:23.0 (256499009)|VARIABLE_ASSIGNMENT|[57]|this|{"debug":false,"input":"{\"mode\":\"fetchUserFe (34 more) ...","operation":"BFFFollow_Controller","output":"{\"currentPageToken\": (26498 more) ...","outputFlag":true}|0x5ece8f46
10:37:23.0 (256508968)|STATEMENT_EXECUTE|[57]
10:37:23.0 (256511210)|STATEMENT_EXECUTE|[58]
10:37:23.0 (256529420)|METHOD_ENTRY|[58]||System.JSON.serialize(Object)
10:37:23.0 (256646057)|STATEMENT_EXECUTE|[22]
10:37:23.0 (256653388)|STATEMENT_EXECUTE|[23]
10:37:23.0 (256666193)|HEAP_ALLOCATE|[23]|Bytes:5
10:37:23.0 (256680131)|VARIABLE_ASSIGNMENT|[23]|this.isSuccess|true|0x5ece8f46
10:37:23.0 (256684333)|STATEMENT_EXECUTE|[24]
10:37:23.0 (256763590)|STATEMENT_EXECUTE|[31]
10:37:23.0 (256770687)|STATEMENT_EXECUTE|[32]
10:37:23.0 (256783273)|HEAP_ALLOCATE|[32]|Bytes:4
10:37:23.0 (256885516)|VARIABLE_ASSIGNMENT|[32]|this.messages|{"s":1,"v":{}}|0x5ece8f46
10:37:23.0 (256891538)|STATEMENT_EXECUTE|[33]
10:37:23.0 (257542538)|METHOD_EXIT|[58]||System.JSON.serialize(Object)
10:37:23.0 (257550678)|METHOD_EXIT|[24]|01p50000002CIEo|ETLC_ApexBridge_Data.toJSON()
10:37:23.0 (257560423)|SYSTEM_MODE_EXIT|false
10:37:23.257 (257611511)|CUMULATIVE_LIMIT_USAGE
10:37:23.257 (257611511)|LIMIT_USAGE_FOR_NS|(default)|
  Number of SOQL queries: 0 out of 100
  Number of query rows: 0 out of 50000
  Number of SOSL queries: 0 out of 20
  Number of DML statements: 0 out of 150
  Number of DML rows: 0 out of 10000
  Maximum CPU time: 0 out of 10000
  Maximum heap size: 0 out of 6000000
  Number of callouts: 0 out of 100
  Number of Email Invocations: 0 out of 10
  Number of future calls: 0 out of 50
  Number of queueable jobs added to the queue: 0 out of 50
  Number of Mobile Apex push calls: 0 out of 10

10:37:23.257 (257611511)|CUMULATIVE_LIMIT_USAGE_END

10:37:23.0 (257656373)|CODE_UNIT_FINISHED|ETLC_ApexBridge_Controller.execute
