37.0 APEX_CODE,FINEST;APEX_PROFILING,INFO;CALLOUT,INFO;DB,INFO;SYSTEM,DEBUG;VALIDATION,INFO;VISUALFORCE,INFO;WORKFLOW,INFO
10:29:52.0 (405108)|USER_INFO|[EXTERNAL]|00550000005cg71|bfffollow@jr.te|Eastern Standard Time|GMT-04:00
10:29:52.0 (455658)|EXECUTION_STARTED
10:29:52.0 (465081)|CODE_UNIT_STARTED|[EXTERNAL]|aura
10:29:52.0 (905184)|HEAP_ALLOCATE|[72]|Bytes:3
10:29:52.0 (986297)|HEAP_ALLOCATE|[77]|Bytes:152
10:29:52.0 (1011238)|HEAP_ALLOCATE|[342]|Bytes:408
10:29:52.0 (1032553)|HEAP_ALLOCATE|[355]|Bytes:408
10:29:52.0 (1051106)|HEAP_ALLOCATE|[467]|Bytes:48
10:29:52.0 (1085956)|HEAP_ALLOCATE|[139]|Bytes:6
10:29:52.0 (1120858)|HEAP_ALLOCATE|[EXTERNAL]|Bytes:93
10:29:52.0 (1146499)|HEAP_ALLOCATE|[EXTERNAL]|Bytes:93
10:29:52.0 (2406273)|CODE_UNIT_STARTED|[EXTERNAL]|01p50000002CIEm|ETLC_ApexBridge_Controller.execute
10:29:52.0 (3020443)|HEAP_ALLOCATE|[EXTERNAL]|Bytes:1
10:29:52.0 (3029606)|HEAP_ALLOCATE|[EXTERNAL]|Bytes:10
10:29:52.0 (3051452)|METHOD_ENTRY|[1]|01p50000002CIEm|ETLC_ApexBridge_Controller.ETLC_ApexBridge_Controller()
10:29:52.0 (3057863)|STATEMENT_EXECUTE|[1]
10:29:52.0 (3063718)|STATEMENT_EXECUTE|[1]
10:29:52.0 (3071084)|METHOD_EXIT|[1]|ETLC_ApexBridge_Controller
10:29:52.0 (3076333)|HEAP_ALLOCATE|[EXTERNAL]|Bytes:93
10:29:52.0 (3090595)|SYSTEM_MODE_ENTER|false
10:29:52.0 (3104901)|VARIABLE_SCOPE_BEGIN|[3]|dataJson|String|false|false
10:29:52.0 (3154064)|VARIABLE_ASSIGNMENT|[3]|dataJson|"{\"operation\":\"BFFFol (73 more) ..."
10:29:52.0 (3171402)|STATEMENT_EXECUTE|[3]
10:29:52.0 (3173056)|STATEMENT_EXECUTE|[4]
10:29:52.0 (5283999)|VARIABLE_SCOPE_BEGIN|[4]|data|ETLC_ApexBridge_Data|true|false
10:29:52.0 (5297690)|VARIABLE_ASSIGNMENT|[4]|data|null|
10:29:52.0 (5300602)|STATEMENT_EXECUTE|[5]
10:29:52.0 (5301835)|STATEMENT_EXECUTE|[5]
10:29:52.0 (5302722)|STATEMENT_EXECUTE|[6]
10:29:52.0 (5318845)|HEAP_ALLOCATE|[6]|Bytes:11
10:29:52.0 (5328987)|HEAP_ALLOCATE|[6]|Bytes:248
10:29:52.0 (5333337)|HEAP_ALLOCATE|[6]|Bytes:39
10:29:52.0 (5369885)|METHOD_ENTRY|[2]|01p50000002CIEo|ETLC_ApexBridge_Data.ETLC_ApexBridge_Data()
10:29:52.0 (5374234)|STATEMENT_EXECUTE|[2]
10:29:52.0 (5381907)|STATEMENT_EXECUTE|[2]
10:29:52.0 (5392090)|METHOD_EXIT|[2]|ETLC_ApexBridge_Data
10:29:52.0 (5437329)|METHOD_ENTRY|[6]|01p50000002CIEo|ETLC_ApexBridge_Data.fromJSON(String)
10:29:52.0 (5466522)|VARIABLE_SCOPE_BEGIN|[60]|strJson|String|false|false
10:29:52.0 (5476491)|VARIABLE_ASSIGNMENT|[60]|strJson|"{\"operation\":\"BFFFol (73 more) ..."
10:29:52.0 (5480857)|STATEMENT_EXECUTE|[60]
10:29:52.0 (5482060)|STATEMENT_EXECUTE|[61]
10:29:52.0 (5491338)|HEAP_ALLOCATE|[61]|Bytes:20
10:29:52.0 (5520727)|HEAP_ALLOCATE|[50]|Bytes:5
10:29:52.0 (5553434)|HEAP_ALLOCATE|[56]|Bytes:5
10:29:52.0 (5565147)|HEAP_ALLOCATE|[64]|Bytes:7
10:29:52.0 (5704330)|HEAP_ALLOCATE|[61]|Bytes:24
10:29:52.0 (5728805)|SYSTEM_METHOD_ENTRY|[1]|Type.Type()
10:29:52.0 (5734897)|STATEMENT_EXECUTE|[1]
10:29:52.0 (5750549)|SYSTEM_METHOD_EXIT|[1]|Type
10:29:52.0 (5759321)|HEAP_ALLOCATE|[61]|Bytes:8
10:29:52.0 (5793869)|HEAP_ALLOCATE|[61]|Bytes:8
10:29:52.0 (5801214)|VARIABLE_SCOPE_BEGIN|[4]|this|System.Type|true|false
10:29:52.0 (5844003)|VARIABLE_ASSIGNMENT|[4]|this|{}|0x6e076375
10:29:52.0 (5848561)|VARIABLE_SCOPE_BEGIN|[4]|apextype|java:common.apex.runtime.ApexObjectType|true|false
10:29:52.0 (6065681)|VARIABLE_ASSIGNMENT|[4]|apextype|"ETLC_ApexBridge_Data"|0x2c39d907
10:29:52.0 (6161487)|HEAP_ALLOCATE|[61]|Bytes:8
10:29:52.0 (6220110)|HEAP_ALLOCATE|[61]|Bytes:24
10:29:52.0 (6243140)|SYSTEM_METHOD_ENTRY|[1]|JSON.JSON()
10:29:52.0 (6248196)|STATEMENT_EXECUTE|[1]
10:29:52.0 (6259727)|SYSTEM_METHOD_EXIT|[1]|JSON
10:29:52.0 (6279254)|METHOD_ENTRY|[61]||System.JSON.deserializeStrict(String, System.Type)
10:29:52.0 (6950229)|METHOD_EXIT|[61]||System.JSON.deserializeStrict(String, System.Type)
10:29:52.0 (6961954)|METHOD_EXIT|[6]|01p50000002CIEo|ETLC_ApexBridge_Data.fromJSON(String)
10:29:52.0 (7028912)|VARIABLE_ASSIGNMENT|[6]|data|{"debug":true,"input":"{\"mode\":\"fetchFollow (9 more) ...","operation":"BFFFollow_Controller"}|0x3c0b7714
10:29:52.0 (7035323)|STATEMENT_EXECUTE|[7]
10:29:52.0 (7045796)|HEAP_ALLOCATE|[7]|Bytes:6
10:29:52.0 (7128863)|HEAP_ALLOCATE|[7]|Bytes:177
10:29:52.0 (7159014)|HEAP_ALLOCATE|[7]|Bytes:183
10:29:52.0 (7186404)|USER_DEBUG|[7]|DEBUG|data::ETLC_ApexBridge_Data:[debug=true, input={"mode":"fetchFollowedUsers"}, isSuccess=null, messages=null, operation=BFFFollow_Controller, output=null, outputFlag=null, records=null]
10:29:52.0 (7194134)|STATEMENT_EXECUTE|[8]
10:29:52.0 (7252886)|VARIABLE_ASSIGNMENT|[EXTERNAL]|this|{"debug":true,"input":"{\"mode\":\"fetchFollow (9 more) ...","operation":"BFFFollow_Controller"}|0x3c0b7714
10:29:52.0 (7274537)|METHOD_ENTRY|[8]||System.Type.forName(String)
10:29:52.0 (9175356)|METHOD_EXIT|[8]||System.Type.forName(String)
10:29:52.0 (9189180)|METHOD_ENTRY|[8]||System.Type.newInstance()
10:29:52.0 (10500758)|STATEMENT_EXECUTE|[1]
10:29:52.0 (10514948)|HEAP_ALLOCATE|[33]|Bytes:5
10:29:52.0 (10535162)|METHOD_EXIT|[1]|BFFFollow_Controller
10:29:52.0 (10551692)|HEAP_ALLOCATE|[33]|Bytes:4
10:29:52.0 (10562181)|VARIABLE_SCOPE_BEGIN|[1]|this|BFFFollow_Controller|true|false
10:29:52.0 (10582422)|VARIABLE_ASSIGNMENT|[1]|this|{}|0x37ee26b1
10:29:52.0 (10592405)|HEAP_ALLOCATE|[33]|Bytes:5
10:29:52.0 (10603293)|HEAP_ALLOCATE|[33]|Bytes:11
10:29:52.0 (10625497)|METHOD_ENTRY|[1]|01p50000002CIEj|ETLC_ApexBridge_Abstract.ETLC_ApexBridge_Abstract()
10:29:52.0 (10629716)|STATEMENT_EXECUTE|[1]
10:29:52.0 (10633210)|STATEMENT_EXECUTE|[1]
10:29:52.0 (10639202)|METHOD_EXIT|[1]|ETLC_ApexBridge_Abstract
10:29:52.0 (10648873)|CONSTRUCTOR_ENTRY|[EXTERNAL]|01p50000002CIEj|<init>()
10:29:52.0 (10670002)|VARIABLE_SCOPE_BEGIN|[1]|this|ETLC_ApexBridge_Abstract|true|false
10:29:52.0 (10694084)|VARIABLE_ASSIGNMENT|[1]|this|{}|0x37ee26b1
10:29:52.0 (10717824)|STATEMENT_EXECUTE|[1]
10:29:52.0 (10727889)|CONSTRUCTOR_EXIT|[EXTERNAL]|01p50000002CIEj|<init>()
10:29:52.0 (10736371)|STATEMENT_EXECUTE|[1]
10:29:52.0 (10742850)|HEAP_ALLOCATE|[33]|Bytes:5
10:29:52.0 (10772987)|METHOD_EXIT|[8]||System.Type.newInstance()
10:29:52.0 (10785348)|VARIABLE_SCOPE_BEGIN|[8]|executor|ETLC_ApexBridge_Abstract|true|false
10:29:52.0 (10807860)|VARIABLE_ASSIGNMENT|[8]|executor|{}|0x37ee26b1
10:29:52.0 (10812283)|STATEMENT_EXECUTE|[9]
10:29:52.0 (10864643)|METHOD_ENTRY|[9]|01p50000002D8iw|BFFFollow_Controller.process(ETLC_ApexBridge_Data)
10:29:52.0 (10900520)|VARIABLE_SCOPE_BEGIN|[3]|this|BFFFollow_Controller|true|false
10:29:52.0 (10925002)|VARIABLE_ASSIGNMENT|[3]|this|{}|0x37ee26b1
10:29:52.0 (10933882)|VARIABLE_SCOPE_BEGIN|[3]|data|ETLC_ApexBridge_Data|true|false
10:29:52.0 (10986794)|VARIABLE_ASSIGNMENT|[3]|data|{"debug":true,"input":"{\"mode\":\"fetchFollow (9 more) ...","operation":"BFFFollow_Controller"}|0x3c0b7714
10:29:52.0 (11001979)|HEAP_ALLOCATE|[4]|Bytes:5
10:29:52.0 (11012623)|STATEMENT_EXECUTE|[3]
10:29:52.0 (11014906)|STATEMENT_EXECUTE|[4]
10:29:52.0 (11131272)|VARIABLE_ASSIGNMENT|[EXTERNAL]|this|{"debug":true,"input":"{\"mode\":\"fetchFollow (9 more) ...","operation":"BFFFollow_Controller"}|0x3c0b7714
10:29:52.0 (11187336)|VARIABLE_ASSIGNMENT|[4]|BFFFollow_Controller.debugFlag|true
10:29:52.0 (11253503)|VARIABLE_ASSIGNMENT|[EXTERNAL]|this|{"debug":true,"input":"{\"mode\":\"fetchFollow (9 more) ...","operation":"BFFFollow_Controller"}|0x3c0b7714
10:29:52.0 (11276690)|STATEMENT_EXECUTE|[5]
10:29:52.0 (11337436)|USER_DEBUG|[5]|DEBUG|ETLC_ApexBridge_Data:[debug=true, input={"mode":"fetchFollowedUsers"}, isSuccess=null, messages=null, operation=BFFFollow_Controller, output=null, outputFlag=null, records=null]
10:29:52.0 (11352923)|STATEMENT_EXECUTE|[7]
10:29:52.0 (11366378)|HEAP_ALLOCATE|[7]|Bytes:4
10:29:52.0 (11406410)|METHOD_ENTRY|[7]|01p50000002CIEo|ETLC_ApexBridge_Data.getInputValue(String)
10:29:52.0 (11442071)|VARIABLE_SCOPE_BEGIN|[52]|this|ETLC_ApexBridge_Data|true|false
10:29:52.0 (11479107)|VARIABLE_ASSIGNMENT|[52]|this|{"debug":true,"input":"{\"mode\":\"fetchFollow (9 more) ...","operation":"BFFFollow_Controller"}|0x3c0b7714
10:29:52.0 (11488368)|VARIABLE_SCOPE_BEGIN|[52]|key|String|false|false
10:29:52.0 (11494244)|VARIABLE_ASSIGNMENT|[52]|key|"mode"
10:29:52.0 (11499690)|STATEMENT_EXECUTE|[52]
10:29:52.0 (11501729)|STATEMENT_EXECUTE|[53]
10:29:52.0 (11578159)|VARIABLE_ASSIGNMENT|[EXTERNAL]|this|{"debug":true,"input":"{\"mode\":\"fetchFollow (9 more) ...","operation":"BFFFollow_Controller"}|0x3c0b7714
10:29:52.0 (11609452)|METHOD_ENTRY|[53]||System.JSON.deserializeUntyped(String)
10:29:52.0 (11919929)|METHOD_EXIT|[53]||System.JSON.deserializeUntyped(String)
10:29:52.0 (11929597)|VARIABLE_SCOPE_BEGIN|[53]|inputMap|Map<String,ANY>|true|false
10:29:52.0 (11961770)|VARIABLE_ASSIGNMENT|[53]|inputMap|{"s":1,"v":{"mode":"fetchFollowedUsers"}}|0x769e2f77
10:29:52.0 (11965336)|STATEMENT_EXECUTE|[54]
10:29:52.0 (12017784)|METHOD_EXIT|[7]|01p50000002CIEo|ETLC_ApexBridge_Data.getInputValue(String)
10:29:52.0 (12025643)|VARIABLE_SCOPE_BEGIN|[7]|mode|String|false|false
10:29:52.0 (12032705)|VARIABLE_ASSIGNMENT|[7]|mode|"fetchFollowedUsers"
10:29:52.0 (12037844)|HEAP_ALLOCATE|[9]|Bytes:18
10:29:52.0 (12074158)|STATEMENT_EXECUTE|[9]
10:29:52.0 (12075929)|STATEMENT_EXECUTE|[10]
10:29:52.0 (12120154)|HEAP_ALLOCATE|[10]|Bytes:85
10:29:52.0 (12138907)|SYSTEM_METHOD_ENTRY|[1]|UserInfo.UserInfo()
10:29:52.0 (12142362)|STATEMENT_EXECUTE|[1]
10:29:52.0 (12150238)|SYSTEM_METHOD_EXIT|[1]|UserInfo
10:29:52.0 (12162994)|METHOD_ENTRY|[10]||System.UserInfo.getUserId()
10:29:52.0 (12201532)|METHOD_EXIT|[10]||System.UserInfo.getUserId()
10:29:52.0 (12218647)|HEAP_ALLOCATE|[10]|Bytes:4
10:29:52.0 (12236395)|METHOD_ENTRY|[10]|01p50000002D8iw|BFFFollow_Controller.fetchFollowedUsers(Id)
10:29:52.0 (12244002)|VARIABLE_SCOPE_BEGIN|[22]|this|BFFFollow_Controller|true|false
10:29:52.0 (12260444)|VARIABLE_ASSIGNMENT|[22]|this|{}|0x37ee26b1
10:29:52.0 (12265418)|VARIABLE_SCOPE_BEGIN|[22]|followedById|Id|false|false
10:29:52.0 (12374102)|VARIABLE_ASSIGNMENT|[22]|followedById|"00550000005cg71AAA"
10:29:52.0 (12385641)|HEAP_ALLOCATE|[23]|Bytes:5
10:29:52.0 (12392281)|STATEMENT_EXECUTE|[22]
10:29:52.0 (12393476)|STATEMENT_EXECUTE|[23]
10:29:52.0 (12402143)|HEAP_ALLOCATE|[23]|Bytes:63
10:29:52.0 (12440554)|HEAP_ALLOCATE|[23]|Bytes:18
10:29:52.0 (12454721)|HEAP_ALLOCATE|[23]|Bytes:9
10:29:52.0 (12467042)|HEAP_ALLOCATE|[23]|Bytes:90
10:29:52.0 (12472919)|VARIABLE_SCOPE_BEGIN|[23]|soql|String|false|false
10:29:52.0 (12481517)|VARIABLE_ASSIGNMENT|[23]|soql|"SELECT FollowedUsers (70 more) ..."
10:29:52.0 (12483998)|STATEMENT_EXECUTE|[24]
10:29:52.0 (12485095)|STATEMENT_EXECUTE|[24]
10:29:52.0 (12491497)|STATEMENT_EXECUTE|[25]
10:29:52.0 (12492556)|STATEMENT_EXECUTE|[25]
10:29:52.0 (12500568)|HEAP_ALLOCATE|[25]|Bytes:24
10:29:52.0 (12509807)|HEAP_ALLOCATE|[25]|Bytes:114
10:29:52.0 (12542949)|USER_DEBUG|[25]|DEBUG|fetchFollowedUsers:soql:SELECT FollowedUsers__c FROM BFFFollow__c WHERE FollowedBy__c='00550000005cg71AAA' limit 1
10:29:52.0 (12550830)|STATEMENT_EXECUTE|[26]
10:29:52.0 (15839823)|HEAP_ALLOCATE|[26]|Bytes:9
10:29:52.0 (15851092)|HEAP_ALLOCATE|[26]|Bytes:29
10:29:52.0 (15855657)|HEAP_ALLOCATE|[26]|Bytes:21
10:29:52.0 (15878515)|METHOD_ENTRY|[7]|01p50000002CIEt|ETLC_SecuredDB.ETLC_SecuredDB()
10:29:52.0 (15882999)|STATEMENT_EXECUTE|[7]
10:29:52.0 (15886935)|STATEMENT_EXECUTE|[7]
10:29:52.0 (15893023)|HEAP_ALLOCATE|[26]|Bytes:5
10:29:52.0 (15905900)|METHOD_EXIT|[7]|ETLC_SecuredDB
10:29:52.0 (15932274)|METHOD_ENTRY|[26]|01p50000002CIEt|ETLC_SecuredDB.query(String)
10:29:52.0 (15953690)|VARIABLE_SCOPE_BEGIN|[10]|SOQL|String|false|false
10:29:52.0 (15963153)|VARIABLE_ASSIGNMENT|[10]|SOQL|"SELECT FollowedUsers (70 more) ..."
10:29:52.0 (15976445)|HEAP_ALLOCATE|[12]|Bytes:5
10:29:52.0 (15983569)|STATEMENT_EXECUTE|[10]
10:29:52.0 (15984892)|STATEMENT_EXECUTE|[12]
10:29:52.0 (17292189)|SOQL_EXECUTE_BEGIN|[12]|Aggregations:0|SELECT FollowedUsers__c FROM BFFFollow__c WHERE FollowedBy__c='00550000005cg71AAA' limit 1
10:29:52.0 (22045522)|SOQL_EXECUTE_END|[12]|Rows:1
10:29:52.0 (22082881)|HEAP_ALLOCATE|[12]|Bytes:8
10:29:52.0 (22099210)|HEAP_ALLOCATE|[12]|Bytes:158
10:29:52.0 (22229276)|HEAP_ALLOCATE|[12]|Bytes:8
10:29:52.0 (22277191)|VARIABLE_SCOPE_BEGIN|[12]|dbRecords|List<SObject>|true|false
10:29:52.0 (22336948)|VARIABLE_ASSIGNMENT|[12]|dbRecords|{"s":1,"v":[{"s":2,"v":{"FollowedUsers__c":"[{\"id\":\"00550000005c (85 more) ...","Id":"a005000000ezW4dAAE"}}]}|0x674ec6fa
10:29:52.0 (22345923)|STATEMENT_EXECUTE|[20]
10:29:52.0 (22811395)|HEAP_ALLOCATE|[20]|Bytes:12
10:29:52.0 (22829290)|HEAP_ALLOCATE|[20]|Bytes:8
10:29:52.0 (22924295)|HEAP_ALLOCATE|[20]|Bytes:12
10:29:52.0 (22934613)|HEAP_ALLOCATE|[20]|Bytes:9
10:29:52.0 (22950632)|HEAP_ALLOCATE|[20]|Bytes:12
10:29:52.0 (22956125)|HEAP_ALLOCATE|[20]|Bytes:8
10:29:52.0 (22968326)|HEAP_ALLOCATE|[20]|Bytes:12
10:29:52.0 (22973441)|HEAP_ALLOCATE|[20]|Bytes:8
10:29:52.0 (22985108)|HEAP_ALLOCATE|[20]|Bytes:12
10:29:52.0 (22990133)|HEAP_ALLOCATE|[20]|Bytes:9
10:29:52.0 (23027125)|METHOD_ENTRY|[20]|01p50000002CIEt|ETLC_SecuredDB.findFields(List<SObject>)
10:29:52.0 (23062636)|VARIABLE_SCOPE_BEGIN|[108]|dbRecords|List<SObject>|true|false
10:29:52.0 (23086538)|VARIABLE_ASSIGNMENT|[108]|dbRecords|{"s":1,"v":[{"s":2,"v":{"FollowedUsers__c":"[{\"id\":\"00550000005c (85 more) ...","Id":"a005000000ezW4dAAE"}}]}|0x674ec6fa
10:29:52.0 (23103059)|HEAP_ALLOCATE|[109]|Bytes:5
10:29:52.0 (23109485)|STATEMENT_EXECUTE|[108]
10:29:52.0 (23110898)|STATEMENT_EXECUTE|[109]
10:29:52.0 (23122172)|VARIABLE_SCOPE_BEGIN|[109]|strJSON|String|false|false
10:29:52.0 (23133435)|VARIABLE_ASSIGNMENT|[109]|strJSON|null
10:29:52.0 (23135803)|STATEMENT_EXECUTE|[110]
10:29:52.0 (23141329)|VARIABLE_SCOPE_BEGIN|[110]|mapFields|Map<String,Set<String>>|true|false
10:29:52.0 (23145744)|VARIABLE_ASSIGNMENT|[110]|mapFields|null|
10:29:52.0 (23147628)|STATEMENT_EXECUTE|[112]
10:29:52.0 (23165077)|METHOD_ENTRY|[112]||System.JSON.serialize(Object)
10:29:52.0 (23679982)|METHOD_EXIT|[112]||System.JSON.serialize(Object)
10:29:52.0 (23694759)|VARIABLE_ASSIGNMENT|[112]|strJSON|"[{\"attributes\":{\"typ (259 more) ..."
10:29:52.0 (23697989)|STATEMENT_EXECUTE|[113]
10:29:52.0 (23706926)|HEAP_ALLOCATE|[113]|Bytes:5
10:29:52.0 (23729196)|HEAP_ALLOCATE|[113]|Bytes:284
10:29:52.0 (23777220)|USER_DEBUG|[113]|DEBUG|JSON:[{"attributes":{"type":"BFFFollow__c","url":"/services/data/v37.0/sobjects/BFFFollow__c/a005000000ezW4dAAE"},"FollowedUsers__c":"[{\"id\":\"00550000005cg71AAA\",\"name\":\"Jaswinder Rattanpal\"},{\"id\":\"00550000005d7KnAAI\",\"name\":\"Test User\"}]","Id":"a005000000ezW4dAAE"}]
10:29:52.0 (23787775)|STATEMENT_EXECUTE|[114]
10:29:52.0 (23800101)|HEAP_ALLOCATE|[114]|Bytes:4
10:29:52.0 (23835685)|VARIABLE_ASSIGNMENT|[114]|mapFields|{"s":1,"v":{}}|0x2d55ac6d
10:29:52.0 (23839035)|STATEMENT_EXECUTE|[115]
10:29:52.0 (23852907)|METHOD_ENTRY|[115]||System.JSON.deserializeUntyped(String)
10:29:52.0 (24236453)|METHOD_EXIT|[115]||System.JSON.deserializeUntyped(String)
10:29:52.0 (24248014)|VARIABLE_SCOPE_BEGIN|[115]|records|List<ANY>|true|false
10:29:52.0 (24276857)|HEAP_ALLOCATE|[EXTERNAL]|Bytes:8
10:29:52.0 (24304782)|VARIABLE_ASSIGNMENT|[115]|records|{"s":1,"v":[{"s":2,"v":{"attributes":{"s":3,"v":{"type":"BFFFollow__c","url":"/services/data/v37.0 (41 more) ..."}},"FollowedUsers__c":"[{\"id\":\"00550000005c (85 more) ...","Id":"a005000000ezW4dAAE"}}]}|0x45ba39ca
10:29:52.0 (24360409)|HEAP_ALLOCATE|[116]|Bytes:5
10:29:52.0 (24385618)|HEAP_ALLOCATE|[116]|Bytes:16
10:29:52.0 (24399192)|VARIABLE_SCOPE_BEGIN|[116]|record|Object|false|false
10:29:52.0 (24424836)|VARIABLE_ASSIGNMENT|[116]|record|{"s":1,"v":{"attributes":{"s":2,"v":{"type":"BFFFollow__c","url":"/services/data/v37.0 (41 more) ..."}},"FollowedUsers__c":"[{\"id\":\"00550000005c (85 more) ...","Id":"a005000000ezW4dAAE"}}
10:29:52.0 (24429856)|STATEMENT_EXECUTE|[116]
10:29:52.0 (24431062)|STATEMENT_EXECUTE|[117]
10:29:52.0 (24455917)|METHOD_ENTRY|[117]|01p50000002CIEt|ETLC_SecuredDB.findFieldsRecursive(Map<String,Set<String>>, Map<String,ANY>)
10:29:52.0 (24482411)|VARIABLE_SCOPE_BEGIN|[124]|mapFields|Map<String,Set<String>>|true|false
10:29:52.0 (24496416)|VARIABLE_ASSIGNMENT|[124]|mapFields|{"s":1,"v":{}}|0x2d55ac6d
10:29:52.0 (24501305)|VARIABLE_SCOPE_BEGIN|[124]|record|Map<String,ANY>|true|false
10:29:52.0 (24516653)|VARIABLE_ASSIGNMENT|[124]|record|{"s":1,"v":{"attributes":{"s":2,"v":{"type":"BFFFollow__c","url":"/services/data/v37.0 (41 more) ..."}},"FollowedUsers__c":"[{\"id\":\"00550000005c (85 more) ...","Id":"a005000000ezW4dAAE"}}|0x5f7c9f61
10:29:52.0 (24526882)|HEAP_ALLOCATE|[125]|Bytes:5
10:29:52.0 (24533308)|STATEMENT_EXECUTE|[124]
10:29:52.0 (24534694)|STATEMENT_EXECUTE|[125]
10:29:52.0 (24542595)|HEAP_ALLOCATE|[125]|Bytes:10
10:29:52.0 (24548786)|VARIABLE_SCOPE_BEGIN|[125]|strAttributes|String|false|false
10:29:52.0 (24555369)|VARIABLE_ASSIGNMENT|[125]|strAttributes|"attributes"
10:29:52.0 (24557366)|STATEMENT_EXECUTE|[126]
10:29:52.0 (24562739)|HEAP_ALLOCATE|[126]|Bytes:7
10:29:52.0 (24567974)|VARIABLE_SCOPE_BEGIN|[126]|strRecord|String|false|false
10:29:52.0 (24572454)|VARIABLE_ASSIGNMENT|[126]|strRecord|"records"
10:29:52.0 (24608905)|STATEMENT_EXECUTE|[127]
10:29:52.0 (24610990)|STATEMENT_EXECUTE|[128]
10:29:52.0 (24646298)|VARIABLE_SCOPE_BEGIN|[128]|attributes|Map<String,ANY>|true|false
10:29:52.0 (24673023)|VARIABLE_ASSIGNMENT|[128]|attributes|{"s":1,"v":{"type":"BFFFollow__c","url":"/services/data/v37.0 (41 more) ..."}}|0x5e770c52
10:29:52.0 (24679259)|STATEMENT_EXECUTE|[129]
10:29:52.0 (24695285)|HEAP_ALLOCATE|[129]|Bytes:4
10:29:52.0 (24738091)|VARIABLE_SCOPE_BEGIN|[129]|objectName|String|false|false
10:29:52.0 (24746003)|VARIABLE_ASSIGNMENT|[129]|objectName|"BFFFollow__c"
10:29:52.0 (24757196)|HEAP_ALLOCATE|[130]|Bytes:4
10:29:52.0 (24836668)|HEAP_ALLOCATE|[130]|Bytes:44
10:29:52.0 (24859288)|HEAP_ALLOCATE|[130]|Bytes:12
10:29:52.0 (24885889)|HEAP_ALLOCATE|[130]|Bytes:5
10:29:52.0 (24904118)|VARIABLE_SCOPE_BEGIN|[130]|fieldName|String|false|false
10:29:52.0 (24911740)|VARIABLE_ASSIGNMENT|[130]|fieldName|"attributes"
10:29:52.0 (24914636)|STATEMENT_EXECUTE|[130]
10:29:52.0 (24915839)|STATEMENT_EXECUTE|[131]
10:29:52.0 (24956664)|VARIABLE_SCOPE_BEGIN|[131]|field|Object|false|false
10:29:52.0 (24977282)|VARIABLE_ASSIGNMENT|[131]|field|{"s":1,"v":{"type":"BFFFollow__c","url":"/services/data/v37.0 (41 more) ..."}}
10:29:52.0 (25003546)|STATEMENT_EXECUTE|[132]
10:29:52.0 (25022479)|HEAP_ALLOCATE|[130]|Bytes:5
10:29:52.0 (25039157)|VARIABLE_SCOPE_BEGIN|[130]|fieldName|String|false|false
10:29:52.0 (25046344)|VARIABLE_ASSIGNMENT|[130]|fieldName|"FollowedUsers__c"
10:29:52.0 (25048791)|STATEMENT_EXECUTE|[130]
10:29:52.0 (25049859)|STATEMENT_EXECUTE|[131]
10:29:52.0 (25069250)|VARIABLE_SCOPE_BEGIN|[131]|field|Object|false|false
10:29:52.0 (25078839)|VARIABLE_ASSIGNMENT|[131]|field|"[{\"id\":\"00550000005c (85 more) ..."
10:29:52.0 (25090608)|HEAP_ALLOCATE|[134]|Bytes:68
10:29:52.0 (25118597)|STATEMENT_EXECUTE|[136]
10:29:52.0 (25120114)|STATEMENT_EXECUTE|[137]
10:29:52.0 (25133925)|HEAP_ALLOCATE|[137]|Bytes:4
10:29:52.0 (25175685)|VARIABLE_SCOPE_BEGIN|[137]|fieldNames|Set<String>|true|false
10:29:52.0 (25199205)|VARIABLE_ASSIGNMENT|[137]|fieldNames|{"s":1,"v":[]}|0x719deafc
10:29:52.0 (25231425)|STATEMENT_EXECUTE|[138]
10:29:52.0 (25237601)|STATEMENT_EXECUTE|[139]
10:29:52.0 (25268542)|HEAP_ALLOCATE|[EXTERNAL]|Bytes:4
10:29:52.0 (25277811)|STATEMENT_EXECUTE|[140]
10:29:52.0 (25306797)|HEAP_ALLOCATE|[EXTERNAL]|Bytes:-4
10:29:52.0 (25321471)|HEAP_ALLOCATE|[130]|Bytes:5
10:29:52.0 (25338054)|VARIABLE_SCOPE_BEGIN|[130]|fieldName|String|false|false
10:29:52.0 (25345048)|VARIABLE_ASSIGNMENT|[130]|fieldName|"Id"
10:29:52.0 (25347698)|STATEMENT_EXECUTE|[130]
10:29:52.0 (25348810)|STATEMENT_EXECUTE|[131]
10:29:52.0 (25368982)|VARIABLE_SCOPE_BEGIN|[131]|field|Object|false|false
10:29:52.0 (25377677)|VARIABLE_ASSIGNMENT|[131]|field|"a005000000ezW4dAAE"
10:29:52.0 (25393428)|STATEMENT_EXECUTE|[136]
10:29:52.0 (25394845)|STATEMENT_EXECUTE|[137]
10:29:52.0 (25402508)|HEAP_ALLOCATE|[137]|Bytes:4
10:29:52.0 (25416934)|VARIABLE_SCOPE_BEGIN|[137]|fieldNames|Set<String>|true|false
10:29:52.0 (25433994)|VARIABLE_ASSIGNMENT|[137]|fieldNames|{"s":1,"v":[]}|0x176e6d01
10:29:52.0 (25447501)|STATEMENT_EXECUTE|[138]
10:29:52.0 (25473845)|VARIABLE_ASSIGNMENT|[138]|fieldNames|{"s":1,"v":["FollowedUsers__c"]}|0x719deafc
10:29:52.0 (25477444)|STATEMENT_EXECUTE|[139]
10:29:52.0 (25490399)|HEAP_ALLOCATE|[EXTERNAL]|Bytes:4
10:29:52.0 (25497579)|STATEMENT_EXECUTE|[140]
10:29:52.0 (25519211)|HEAP_ALLOCATE|[130]|Bytes:5
10:29:52.0 (25534292)|VARIABLE_ASSIGNMENT|[130]|fieldName|null
10:29:52.0 (25547867)|METHOD_EXIT|[117]|01p50000002CIEt|ETLC_SecuredDB.findFieldsRecursive(Map<String,Set<String>>, Map<String,ANY>)
10:29:52.0 (25558094)|HEAP_ALLOCATE|[116]|Bytes:5
10:29:52.0 (25576034)|VARIABLE_ASSIGNMENT|[116]|record|null
10:29:52.0 (25582550)|HEAP_ALLOCATE|[119]|Bytes:4
10:29:52.0 (25617550)|HEAP_ALLOCATE|[119]|Bytes:20
10:29:52.0 (25633533)|HEAP_ALLOCATE|[119]|Bytes:4
10:29:52.0 (25653566)|HEAP_ALLOCATE|[119]|Bytes:5
10:29:52.0 (25668913)|VARIABLE_SCOPE_BEGIN|[119]|objectName|String|false|false
10:29:52.0 (25675953)|VARIABLE_ASSIGNMENT|[119]|objectName|"BFFFollow__c"
10:29:52.0 (25678701)|STATEMENT_EXECUTE|[119]
10:29:52.0 (25679779)|STATEMENT_EXECUTE|[120]
10:29:52.0 (25688171)|HEAP_ALLOCATE|[120]|Bytes:2
10:29:52.0 (25749623)|HEAP_ALLOCATE|[120]|Bytes:22
10:29:52.0 (25768230)|HEAP_ALLOCATE|[120]|Bytes:36
10:29:52.0 (25784678)|USER_DEBUG|[120]|DEBUG|BFFFollow__c: {FollowedUsers__c, Id}
10:29:52.0 (25798854)|HEAP_ALLOCATE|[119]|Bytes:5
10:29:52.0 (25812964)|VARIABLE_ASSIGNMENT|[119]|objectName|null
10:29:52.0 (25816240)|STATEMENT_EXECUTE|[122]
10:29:52.0 (25828613)|METHOD_EXIT|[20]|01p50000002CIEt|ETLC_SecuredDB.findFields(List<SObject>)
10:29:52.0 (25845648)|METHOD_ENTRY|[20]|01p50000002CIEt|ETLC_SecuredDB.validate(ETLC_SecuredDB.Operation, Map<String,Set<String>>)
10:29:52.0 (25853908)|VARIABLE_SCOPE_BEGIN|[55]|op|ETLC_SecuredDB.Operation|true|false
10:29:52.0 (25873395)|VARIABLE_ASSIGNMENT|[55]|op|"Querying"|0x3297a93
10:29:52.0 (25878302)|VARIABLE_SCOPE_BEGIN|[55]|mapFieldNames|Map<String,Set<String>>|true|false
10:29:52.0 (25895249)|VARIABLE_ASSIGNMENT|[55]|mapFieldNames|{"s":1,"v":{"BFFFollow__c":{"s":2,"v":["FollowedUsers__c","Id"]}}}|0x2d55ac6d
10:29:52.0 (25905241)|HEAP_ALLOCATE|[56]|Bytes:5
10:29:52.0 (25911799)|STATEMENT_EXECUTE|[55]
10:29:52.0 (25913242)|STATEMENT_EXECUTE|[56]
10:29:52.0 (25921235)|VARIABLE_SCOPE_BEGIN|[56]|securityMessage|String|false|false
10:29:52.0 (25926425)|VARIABLE_ASSIGNMENT|[56]|securityMessage|null
10:29:52.0 (25928372)|STATEMENT_EXECUTE|[57]
10:29:52.0 (47523479)|HEAP_ALLOCATE|[57]|Bytes:1440
10:29:52.0 (47570560)|VARIABLE_SCOPE_BEGIN|[57]|mapObjects|Map<String,Schema.SObjectType>|true|false
10:29:52.0 (47833962)|VARIABLE_ASSIGNMENT|[57]|mapObjects|"{acceptedeventrelation=AcceptedEventRelation, account=Account, accountcontactrole=AccountContactRole, accountfeed=AccountFeed, accounthistory=AccountHistory, accountpartner=AccountPartner, accountshare=AccountShare, actionlinkgrouptemplate=ActionLinkGroupTemplate, actionlinktemplate=ActionLinkTemplate, activityhistory=ActivityHistory, ...}"|0x1d7dba00
10:29:52.0 (47848962)|HEAP_ALLOCATE|[58]|Bytes:4
10:29:52.0 (47928308)|HEAP_ALLOCATE|[58]|Bytes:20
10:29:52.0 (47950924)|HEAP_ALLOCATE|[58]|Bytes:4
10:29:52.0 (47985644)|HEAP_ALLOCATE|[58]|Bytes:5
10:29:52.0 (48006236)|VARIABLE_SCOPE_BEGIN|[58]|sObjectName|String|false|false
10:29:52.0 (48017761)|VARIABLE_ASSIGNMENT|[58]|sObjectName|"BFFFollow__c"
10:29:52.0 (48022755)|STATEMENT_EXECUTE|[58]
10:29:52.0 (48024878)|STATEMENT_EXECUTE|[59]
10:29:52.0 (48039930)|HEAP_ALLOCATE|[59]|Bytes:9
10:29:52.0 (48047339)|HEAP_ALLOCATE|[59]|Bytes:7
10:29:52.0 (48108121)|HEAP_ALLOCATE|[59]|Bytes:8
10:29:52.0 (48126098)|HEAP_ALLOCATE|[59]|Bytes:1
10:29:52.0 (48142841)|HEAP_ALLOCATE|[59]|Bytes:37
10:29:52.0 (48155514)|VARIABLE_ASSIGNMENT|[59]|securityMessage|"CRUD on [BFFFollow__ (17 more) ..."
10:29:52.0 (48158782)|STATEMENT_EXECUTE|[60]
10:29:52.0 (48166954)|HEAP_ALLOCATE|[60]|Bytes:10
10:29:52.0 (48176453)|HEAP_ALLOCATE|[60]|Bytes:47
10:29:52.0 (48217181)|USER_DEBUG|[60]|DEBUG|Checking: CRUD on [BFFFollow__c] for [Querying]
10:29:52.0 (48225382)|STATEMENT_EXECUTE|[61]
10:29:52.0 (48592063)|HEAP_ALLOCATE|[61]|Bytes:4
10:29:52.0 (48648486)|VARIABLE_SCOPE_BEGIN|[61]|drSObj|Schema.DescribeSObjectResult|true|false
10:29:52.0 (48738397)|VARIABLE_ASSIGNMENT|[61]|drSObj|"common.api.soap.wsdl.DescribeSObjectResult@a54f9caa"|0x3ac66123
10:29:52.0 (48902118)|STATEMENT_EXECUTE|[64]
10:29:52.0 (48930571)|STATEMENT_EXECUTE|[65]
10:29:52.0 (48995476)|STATEMENT_EXECUTE|[77]
10:29:52.0 (48998080)|STATEMENT_EXECUTE|[79]
10:29:52.0 (49258251)|HEAP_ALLOCATE|[79]|Bytes:56
10:29:52.0 (49274378)|VARIABLE_SCOPE_BEGIN|[79]|mapFields|Map<String,Schema.SObjectField>|true|false
10:29:52.0 (49421127)|VARIABLE_ASSIGNMENT|[79]|mapFields|"{createdbyid=CreatedById, createddate=CreatedDate, followedby__c=FollowedBy__c, followedusers__c=FollowedUsers__c, id=Id, isdeleted=IsDeleted, lastmodifiedbyid=LastModifiedById, lastmodifieddate=LastModifiedDate, lastreferenceddate=LastReferencedDate, lastvieweddate=LastViewedDate, ...}"|0x3ec27af1
10:29:52.0 (49431407)|HEAP_ALLOCATE|[80]|Bytes:4
10:29:52.0 (49480093)|HEAP_ALLOCATE|[80]|Bytes:8
10:29:52.0 (49504015)|HEAP_ALLOCATE|[80]|Bytes:5
10:29:52.0 (49520260)|VARIABLE_SCOPE_BEGIN|[80]|fieldName|String|false|false
10:29:52.0 (49528527)|VARIABLE_ASSIGNMENT|[80]|fieldName|"FollowedUsers__c"
10:29:52.0 (49531700)|STATEMENT_EXECUTE|[80]
10:29:52.0 (49533037)|STATEMENT_EXECUTE|[81]
10:29:52.0 (50480123)|HEAP_ALLOCATE|[81]|Bytes:8
10:29:52.0 (50545238)|VARIABLE_SCOPE_BEGIN|[81]|drField|Schema.DescribeFieldResult|true|false
10:29:52.0 (50648457)|VARIABLE_ASSIGNMENT|[81]|drField|"common.api.soap.wsdl.Field@fe6accaf"|0x289058b
10:29:52.0 (50678194)|STATEMENT_EXECUTE|[82]
10:29:52.0 (50681540)|STATEMENT_EXECUTE|[83]
10:29:52.0 (50694028)|HEAP_ALLOCATE|[83]|Bytes:8
10:29:52.0 (50705431)|HEAP_ALLOCATE|[83]|Bytes:1
10:29:52.0 (50765256)|HEAP_ALLOCATE|[83]|Bytes:8
10:29:52.0 (50802943)|HEAP_ALLOCATE|[83]|Bytes:52
10:29:52.0 (50819291)|HEAP_ALLOCATE|[83]|Bytes:53
10:29:52.0 (50837028)|VARIABLE_ASSIGNMENT|[83]|securityMessage|"FLS on [BFFFollow__c (33 more) ..."
10:29:52.0 (50843055)|STATEMENT_EXECUTE|[84]
10:29:52.0 (50859817)|HEAP_ALLOCATE|[84]|Bytes:63
10:29:52.0 (50903820)|USER_DEBUG|[84]|DEBUG|Checking: FLS on [BFFFollow__c.FollowedUsers__c] for [Querying]
10:29:52.0 (51063224)|STATEMENT_EXECUTE|[87]
10:29:52.0 (51083362)|STATEMENT_EXECUTE|[88]
10:29:52.0 (51103296)|HEAP_ALLOCATE|[80]|Bytes:5
10:29:52.0 (51122628)|VARIABLE_SCOPE_BEGIN|[80]|fieldName|String|false|false
10:29:52.0 (51131101)|VARIABLE_ASSIGNMENT|[80]|fieldName|"Id"
10:29:52.0 (51133860)|STATEMENT_EXECUTE|[80]
10:29:52.0 (51135021)|STATEMENT_EXECUTE|[81]
10:29:52.0 (51289006)|HEAP_ALLOCATE|[81]|Bytes:8
10:29:52.0 (51304975)|VARIABLE_SCOPE_BEGIN|[81]|drField|Schema.DescribeFieldResult|true|false
10:29:52.0 (51373293)|VARIABLE_ASSIGNMENT|[81]|drField|"common.api.soap.wsdl.Field@a95bbe65"|0x32d910a0
10:29:52.0 (51385794)|STATEMENT_EXECUTE|[99]
10:29:52.0 (51387146)|STATEMENT_EXECUTE|[100]
10:29:52.0 (51396503)|HEAP_ALLOCATE|[100]|Bytes:22
10:29:52.0 (51442851)|HEAP_ALLOCATE|[100]|Bytes:8
10:29:52.0 (51461685)|HEAP_ALLOCATE|[100]|Bytes:52
10:29:52.0 (51468620)|HEAP_ALLOCATE|[100]|Bytes:35
10:29:52.0 (51474504)|HEAP_ALLOCATE|[100]|Bytes:87
10:29:52.0 (51489630)|USER_DEBUG|[100]|DEBUG|Bypass Check: FLS on [BFFFollow__c.Id] for [Querying] since it's not isPermissionable()
10:29:52.0 (51504631)|HEAP_ALLOCATE|[80]|Bytes:5
10:29:52.0 (51521044)|VARIABLE_ASSIGNMENT|[80]|fieldName|null
10:29:52.0 (51530931)|HEAP_ALLOCATE|[58]|Bytes:5
10:29:52.0 (51542704)|VARIABLE_ASSIGNMENT|[58]|sObjectName|null
10:29:52.0 (51558217)|METHOD_EXIT|[20]|01p50000002CIEt|ETLC_SecuredDB.validate(ETLC_SecuredDB.Operation, Map<String,Set<String>>)
10:29:52.0 (51562713)|STATEMENT_EXECUTE|[21]
10:29:52.0 (51575043)|METHOD_EXIT|[26]|01p50000002CIEt|ETLC_SecuredDB.query(String)
10:29:52.0 (51580953)|VARIABLE_SCOPE_BEGIN|[26]|dbRecords|List<SObject>|true|false
10:29:52.0 (51617645)|VARIABLE_ASSIGNMENT|[26]|dbRecords|{"s":1,"v":[{"s":2,"v":{"FollowedUsers__c":"[{\"id\":\"00550000005c (85 more) ...","Id":"a005000000ezW4dAAE"}}]}|0x674ec6fa
10:29:52.0 (51625734)|STATEMENT_EXECUTE|[27]
10:29:52.0 (51627068)|STATEMENT_EXECUTE|[27]
10:29:52.0 (51698676)|USER_DEBUG|[27]|DEBUG|(BFFFollow__c:{FollowedUsers__c=[{"id":"00550000005cg71AAA","name":"Jaswinder Rattanpal"},{"id":"00550000005d7KnAAI","name":"Test User"}], Id=a005000000ezW4dAAE})
10:29:52.0 (51772245)|STATEMENT_EXECUTE|[28]
10:29:52.0 (51777513)|STATEMENT_EXECUTE|[29]
10:29:52.0 (51778652)|STATEMENT_EXECUTE|[30]
10:29:52.0 (51787221)|HEAP_ALLOCATE|[30]|Bytes:18
10:29:52.0 (51801647)|HEAP_ALLOCATE|[30]|Bytes:12
10:29:52.0 (51808424)|HEAP_ALLOCATE|[30]|Bytes:16
10:29:52.0 (51878772)|HEAP_ALLOCATE|[30]|Bytes:105
10:29:52.0 (51903134)|HEAP_ALLOCATE|[30]|Bytes:105
10:29:52.0 (51915891)|HEAP_ALLOCATE|[30]|Bytes:123
10:29:52.0 (51931565)|USER_DEBUG|[30]|DEBUG|FollowedUsers__c::[{"id":"00550000005cg71AAA","name":"Jaswinder Rattanpal"},{"id":"00550000005d7KnAAI","name":"Test User"}]
10:29:52.0 (51938462)|STATEMENT_EXECUTE|[32]
10:29:52.0 (51952535)|HEAP_ALLOCATE|[32]|Bytes:12
10:29:52.0 (52013470)|HEAP_ALLOCATE|[32]|Bytes:105
10:29:52.0 (52037933)|METHOD_EXIT|[10]|01p50000002D8iw|BFFFollow_Controller.fetchFollowedUsers(Id)
10:29:52.0 (52114594)|VARIABLE_ASSIGNMENT|[EXTERNAL]|this|{"debug":true,"input":"{\"mode\":\"fetchFollow (9 more) ...","operation":"BFFFollow_Controller"}|0x3c0b7714
10:29:52.0 (52126219)|VARIABLE_ASSIGNMENT|[EXTERNAL]|value|"[{\"id\":\"00550000005c (85 more) ..."
10:29:52.0 (52140935)|VARIABLE_ASSIGNMENT|[12]|this.output|"[{\"id\":\"00550000005c (85 more) ..."|0x3c0b7714
10:29:52.0 (52149104)|STATEMENT_EXECUTE|[11]
10:29:52.0 (52212711)|VARIABLE_ASSIGNMENT|[EXTERNAL]|this|{"debug":true,"input":"{\"mode\":\"fetchFollow (9 more) ...","operation":"BFFFollow_Controller","output":"[{\"id\":\"00550000005c (85 more) ..."}|0x3c0b7714
10:29:52.0 (52272749)|VARIABLE_ASSIGNMENT|[EXTERNAL]|this|{"debug":true,"input":"{\"mode\":\"fetchFollow (9 more) ...","operation":"BFFFollow_Controller","output":"[{\"id\":\"00550000005c (85 more) ..."}|0x3c0b7714
10:29:52.0 (52283107)|VARIABLE_ASSIGNMENT|[EXTERNAL]|value|true
10:29:52.0 (52288598)|HEAP_ALLOCATE|[15]|Bytes:5
10:29:52.0 (52299892)|VARIABLE_ASSIGNMENT|[15]|this.outputFlag|true|0x3c0b7714
10:29:52.0 (52310047)|STATEMENT_EXECUTE|[12]
10:29:52.0 (52311512)|STATEMENT_EXECUTE|[12]
10:29:52.0 (52368911)|USER_DEBUG|[12]|DEBUG|ETLC_ApexBridge_Data:[debug=true, input={"mode":"fetchFollowedUsers"}, isSuccess=null, messages=null, operation=BFFFollow_Controller, output=[{"id":"00550000005cg71AAA","name":"Jaswinder Rattanpal"},{"id":"00550000005d7KnAAI","name":"Test User"}], outputFlag=true, records=null]
10:29:52.0 (52387065)|METHOD_EXIT|[9]|01p50000002D8iw|BFFFollow_Controller.process(ETLC_ApexBridge_Data)
10:29:52.0 (52391912)|STATEMENT_EXECUTE|[24]
10:29:52.0 (52412366)|METHOD_ENTRY|[24]|01p50000002CIEo|ETLC_ApexBridge_Data.toJSON()
10:29:52.0 (52432704)|VARIABLE_SCOPE_BEGIN|[57]|this|ETLC_ApexBridge_Data|true|false
10:29:52.0 (52462754)|VARIABLE_ASSIGNMENT|[57]|this|{"debug":true,"input":"{\"mode\":\"fetchFollow (9 more) ...","operation":"BFFFollow_Controller","output":"[{\"id\":\"00550000005c (85 more) ...","outputFlag":true}|0x3c0b7714
10:29:52.0 (52468459)|STATEMENT_EXECUTE|[57]
10:29:52.0 (52469580)|STATEMENT_EXECUTE|[58]
10:29:52.0 (52485267)|METHOD_ENTRY|[58]||System.JSON.serialize(Object)
10:29:52.0 (52576672)|STATEMENT_EXECUTE|[22]
10:29:52.0 (52581443)|STATEMENT_EXECUTE|[23]
10:29:52.0 (52590472)|HEAP_ALLOCATE|[23]|Bytes:5
10:29:52.0 (52604363)|VARIABLE_ASSIGNMENT|[23]|this.isSuccess|true|0x3c0b7714
10:29:52.0 (52606889)|STATEMENT_EXECUTE|[24]
10:29:52.0 (52655065)|STATEMENT_EXECUTE|[31]
10:29:52.0 (52659360)|STATEMENT_EXECUTE|[32]
10:29:52.0 (52668006)|HEAP_ALLOCATE|[32]|Bytes:4
10:29:52.0 (52722078)|VARIABLE_ASSIGNMENT|[32]|this.messages|{"s":1,"v":{}}|0x3c0b7714
10:29:52.0 (52726115)|STATEMENT_EXECUTE|[33]
10:29:52.0 (53105429)|METHOD_EXIT|[58]||System.JSON.serialize(Object)
10:29:52.0 (53113416)|METHOD_EXIT|[24]|01p50000002CIEo|ETLC_ApexBridge_Data.toJSON()
10:29:52.0 (53127130)|SYSTEM_MODE_EXIT|false
10:29:52.53 (53176036)|CUMULATIVE_LIMIT_USAGE
10:29:52.53 (53176036)|LIMIT_USAGE_FOR_NS|(default)|
  Number of SOQL queries: 1 out of 100
  Number of query rows: 1 out of 50000
  Number of SOSL queries: 0 out of 20
  Number of DML statements: 0 out of 150
  Number of DML rows: 0 out of 10000
  Maximum CPU time: 0 out of 10000
  Maximum heap size: 0 out of 6000000
  Number of callouts: 0 out of 100
  Number of Email Invocations: 0 out of 10
  Number of future calls: 0 out of 50
  Number of queueable jobs added to the queue: 0 out of 50
  Number of Mobile Apex push calls: 0 out of 10

10:29:52.53 (53176036)|CUMULATIVE_LIMIT_USAGE_END

10:29:52.0 (53238241)|CODE_UNIT_FINISHED|ETLC_ApexBridge_Controller.execute
