37.0 APEX_CODE,FINEST;APEX_PROFILING,INFO;CALLOUT,INFO;DB,INFO;SYSTEM,DEBUG;VALIDATION,INFO;VISUALFORCE,INFO;WORKFLOW,INFO
16:14:20.1 (1877661)|USER_INFO|[EXTERNAL]|00550000005cg71|bfffollow@jr.te|Eastern Standard Time|GMT-04:00
16:14:20.1 (2331463)|HEAP_ALLOCATE|[72]|Bytes:3
16:14:20.1 (2410326)|HEAP_ALLOCATE|[77]|Bytes:152
16:14:20.1 (2426125)|HEAP_ALLOCATE|[342]|Bytes:408
16:14:20.1 (2442697)|HEAP_ALLOCATE|[355]|Bytes:408
16:14:20.1 (2472078)|HEAP_ALLOCATE|[467]|Bytes:48
16:14:20.3 (3915718)|USER_INFO|[EXTERNAL]|00550000005cg71|bfffollow@jr.te|Eastern Standard Time|GMT-04:00
16:14:20.3 (4765393)|STATEMENT_EXECUTE|[1]
16:14:20.3 (4805577)|METHOD_EXIT|[1]|ETLC_ApexBridge_Controller
16:14:20.3 (4815539)|HEAP_ALLOCATE|[EXTERNAL]|Bytes:94
16:14:20.3 (4854682)|SYSTEM_MODE_ENTER|false
16:14:20.3 (4872932)|VARIABLE_SCOPE_BEGIN|[3]|dataJson|String|false|false
16:14:20.3 (5094238)|VARIABLE_ASSIGNMENT|[3]|dataJson|"{\"operation\":\"BFFFol (74 more) ..."
16:14:20.3 (5113775)|STATEMENT_EXECUTE|[3]
16:14:20.3 (5116568)|STATEMENT_EXECUTE|[4]
16:14:20.3 (10122264)|VARIABLE_SCOPE_BEGIN|[4]|data|BFFFollow.ETLC_ApexBridge_Data|true|false
16:14:20.3 (10135861)|VARIABLE_ASSIGNMENT|[4]|data|null|
16:14:20.3 (10139005)|STATEMENT_EXECUTE|[5]
16:14:20.3 (10140471)|STATEMENT_EXECUTE|[5]
16:14:20.3 (10141363)|STATEMENT_EXECUTE|[6]
16:14:20.3 (10158099)|HEAP_ALLOCATE|[6]|Bytes:11
16:14:20.3 (10164738)|HEAP_ALLOCATE|[6]|Bytes:248
16:14:20.3 (10167908)|HEAP_ALLOCATE|[6]|Bytes:39
16:14:20.3 (10212295)|METHOD_ENTRY|[2]|01p50000002CIEo|ETLC_ApexBridge_Data.ETLC_ApexBridge_Data()
16:14:20.3 (10216365)|STATEMENT_EXECUTE|[2]
16:14:20.3 (10221338)|STATEMENT_EXECUTE|[2]
16:14:20.3 (10228000)|METHOD_EXIT|[2]|ETLC_ApexBridge_Data
16:14:20.3 (10260026)|METHOD_ENTRY|[6]|01p50000002CIEo|BFFFollow.ETLC_ApexBridge_Data.fromJSON(String)
16:14:20.3 (10285859)|VARIABLE_SCOPE_BEGIN|[60]|strJson|String|false|false
16:14:20.3 (10307797)|VARIABLE_ASSIGNMENT|[60]|strJson|"{\"operation\":\"BFFFol (74 more) ..."
16:14:20.3 (10314739)|STATEMENT_EXECUTE|[60]
16:14:20.3 (10316827)|STATEMENT_EXECUTE|[61]
16:14:20.3 (10329359)|HEAP_ALLOCATE|[61]|Bytes:30
16:14:20.3 (10357227)|HEAP_ALLOCATE|[50]|Bytes:5
16:14:20.3 (10398402)|HEAP_ALLOCATE|[56]|Bytes:5
16:14:20.3 (10418700)|HEAP_ALLOCATE|[64]|Bytes:7
16:14:20.3 (10547021)|HEAP_ALLOCATE|[61]|Bytes:24
16:14:20.3 (10566466)|SYSTEM_METHOD_ENTRY|[1]|Type.Type()
16:14:20.3 (10572115)|STATEMENT_EXECUTE|[1]
16:14:20.3 (10586252)|SYSTEM_METHOD_EXIT|[1]|Type
16:14:20.3 (10593987)|HEAP_ALLOCATE|[61]|Bytes:8
16:14:20.3 (10625909)|HEAP_ALLOCATE|[61]|Bytes:8
16:14:20.3 (10633770)|VARIABLE_SCOPE_BEGIN|[4]|this|System.Type|true|false
16:14:20.3 (10693379)|VARIABLE_ASSIGNMENT|[4]|this|{}|0x16020132
16:14:20.3 (10699243)|VARIABLE_SCOPE_BEGIN|[4]|apextype|java:common.apex.runtime.ApexObjectType|true|false
16:14:20.3 (10812164)|VARIABLE_ASSIGNMENT|[4]|apextype|"BFFFollow.ETLC_ApexBridge_Data"|0x74c771cf
16:14:20.3 (10891475)|HEAP_ALLOCATE|[61]|Bytes:8
16:14:20.3 (10930812)|HEAP_ALLOCATE|[61]|Bytes:24
16:14:20.3 (10944261)|SYSTEM_METHOD_ENTRY|[1]|JSON.JSON()
16:14:20.3 (10946971)|STATEMENT_EXECUTE|[1]
16:14:20.3 (10953675)|SYSTEM_METHOD_EXIT|[1]|JSON
16:14:20.3 (10967472)|METHOD_ENTRY|[61]||System.JSON.deserializeStrict(String, System.Type)
16:14:20.3 (11547465)|METHOD_EXIT|[61]||System.JSON.deserializeStrict(String, System.Type)
16:14:20.3 (11561906)|METHOD_EXIT|[6]|01p50000002CIEo|BFFFollow.ETLC_ApexBridge_Data.fromJSON(String)
16:14:20.3 (11621550)|VARIABLE_ASSIGNMENT|[6]|data|{"debug":true,"input":"{\"mode\":\"checkChatte (10 more) ...","operation":"BFFFollow_Controller"}|0xfa2fbba
16:14:20.3 (11626898)|STATEMENT_EXECUTE|[7]
16:14:20.3 (11636704)|HEAP_ALLOCATE|[7]|Bytes:6
16:14:20.3 (11667201)|ENTERING_MANAGED_PKG|
16:14:20.3 (11718664)|HEAP_ALLOCATE|[7]|Bytes:178
16:14:20.3 (11743767)|HEAP_ALLOCATE|[7]|Bytes:184
16:14:20.3 (11789994)|ENTERING_MANAGED_PKG|
16:14:20.3 (11799683)|USER_DEBUG|[7]|DEBUG|data::ETLC_ApexBridge_Data:[debug=true, input={"mode":"checkChatterEnabled"}, isSuccess=null, messages=null, operation=BFFFollow_Controller, output=null, outputFlag=null, records=null]
16:14:20.3 (11813256)|STATEMENT_EXECUTE|[8]
16:14:20.3 (11895763)|VARIABLE_ASSIGNMENT|[EXTERNAL]|this|{"debug":true,"input":"{\"mode\":\"checkChatte (10 more) ...","operation":"BFFFollow_Controller"}|0xfa2fbba
16:14:20.3 (11918464)|METHOD_ENTRY|[8]||System.Type.forName(String)
16:14:20.3 (16413781)|METHOD_EXIT|[8]||System.Type.forName(String)
16:14:20.3 (16437043)|METHOD_ENTRY|[8]||System.Type.newInstance()
16:14:20.3 (20159638)|STATEMENT_EXECUTE|[1]
16:14:20.3 (20174999)|HEAP_ALLOCATE|[33]|Bytes:5
16:14:20.3 (20195249)|METHOD_EXIT|[1]|BFFFollow_Controller
16:14:20.3 (20217500)|HEAP_ALLOCATE|[33]|Bytes:4
16:14:20.3 (20228038)|VARIABLE_SCOPE_BEGIN|[1]|this|BFFFollow.BFFFollow_Controller|true|false
16:14:20.3 (20252217)|VARIABLE_ASSIGNMENT|[1]|this|{}|0xb53ffdb
16:14:20.3 (20262694)|HEAP_ALLOCATE|[33]|Bytes:5
16:14:20.3 (20273211)|HEAP_ALLOCATE|[33]|Bytes:11
16:14:20.3 (20299854)|METHOD_ENTRY|[1]|01p50000002CIEj|ETLC_ApexBridge_Abstract.ETLC_ApexBridge_Abstract()
16:14:20.3 (20304583)|STATEMENT_EXECUTE|[1]
16:14:20.3 (20310406)|STATEMENT_EXECUTE|[1]
16:14:20.3 (20318197)|METHOD_EXIT|[1]|ETLC_ApexBridge_Abstract
16:14:20.3 (20327358)|CONSTRUCTOR_ENTRY|[EXTERNAL]|01p50000002CIEj|<init>()
16:14:20.3 (20362414)|VARIABLE_SCOPE_BEGIN|[1]|this|BFFFollow.ETLC_ApexBridge_Abstract|true|false
16:14:20.3 (20384408)|VARIABLE_ASSIGNMENT|[1]|this|{}|0xb53ffdb
16:14:20.3 (20401632)|STATEMENT_EXECUTE|[1]
16:14:20.3 (20406559)|CONSTRUCTOR_EXIT|[EXTERNAL]|01p50000002CIEj|<init>()
16:14:20.3 (20412419)|STATEMENT_EXECUTE|[1]
16:14:20.3 (20418191)|HEAP_ALLOCATE|[33]|Bytes:5
16:14:20.3 (20436476)|METHOD_EXIT|[8]||System.Type.newInstance()
16:14:20.3 (20445118)|VARIABLE_SCOPE_BEGIN|[8]|executor|BFFFollow.ETLC_ApexBridge_Abstract|true|false
16:14:20.3 (20458442)|VARIABLE_ASSIGNMENT|[8]|executor|{}|0xb53ffdb
16:14:20.3 (20461362)|STATEMENT_EXECUTE|[9]
16:14:20.3 (20506442)|METHOD_ENTRY|[9]|01p50000002D8iw|BFFFollow.BFFFollow_Controller.process(BFFFollow.ETLC_ApexBridge_Data)
16:14:20.3 (20534749)|VARIABLE_SCOPE_BEGIN|[3]|this|BFFFollow.BFFFollow_Controller|true|false
16:14:20.3 (20549496)|VARIABLE_ASSIGNMENT|[3]|this|{}|0xb53ffdb
16:14:20.3 (20553863)|VARIABLE_SCOPE_BEGIN|[3]|data|BFFFollow.ETLC_ApexBridge_Data|true|false
16:14:20.3 (20580079)|VARIABLE_ASSIGNMENT|[3]|data|{"debug":true,"input":"{\"mode\":\"checkChatte (10 more) ...","operation":"BFFFollow_Controller"}|0xfa2fbba
16:14:20.3 (20589501)|HEAP_ALLOCATE|[4]|Bytes:5
16:14:20.3 (20593471)|STATEMENT_EXECUTE|[3]
16:14:20.3 (20594736)|STATEMENT_EXECUTE|[4]
16:14:20.3 (20677969)|VARIABLE_ASSIGNMENT|[EXTERNAL]|this|{"debug":true,"input":"{\"mode\":\"checkChatte (10 more) ...","operation":"BFFFollow_Controller"}|0xfa2fbba
16:14:20.3 (20715141)|VARIABLE_ASSIGNMENT|[4]|BFFFollow_Controller.debugFlag|true
16:14:20.3 (20756606)|VARIABLE_ASSIGNMENT|[EXTERNAL]|this|{"debug":true,"input":"{\"mode\":\"checkChatte (10 more) ...","operation":"BFFFollow_Controller"}|0xfa2fbba
16:14:20.3 (20770276)|STATEMENT_EXECUTE|[5]
16:14:20.3 (20780098)|HEAP_ALLOCATE|[5]|Bytes:12
16:14:20.3 (20802490)|ENTERING_MANAGED_PKG|
16:14:20.3 (20826112)|HEAP_ALLOCATE|[5]|Bytes:178
16:14:20.3 (20840712)|HEAP_ALLOCATE|[5]|Bytes:190
16:14:20.3 (20855136)|ENTERING_MANAGED_PKG|
16:14:20.3 (20859365)|USER_DEBUG|[5]|DEBUG|data BEFORE:ETLC_ApexBridge_Data:[debug=true, input={"mode":"checkChatterEnabled"}, isSuccess=null, messages=null, operation=BFFFollow_Controller, output=null, outputFlag=null, records=null]
16:14:20.3 (20866649)|STATEMENT_EXECUTE|[7]
16:14:20.3 (20874190)|HEAP_ALLOCATE|[7]|Bytes:4
16:14:20.3 (20899125)|METHOD_ENTRY|[7]|01p50000002CIEo|BFFFollow.ETLC_ApexBridge_Data.getInputValue(String)
16:14:20.3 (20922062)|VARIABLE_SCOPE_BEGIN|[52]|this|BFFFollow.ETLC_ApexBridge_Data|true|false
16:14:20.3 (20949016)|VARIABLE_ASSIGNMENT|[52]|this|{"debug":true,"input":"{\"mode\":\"checkChatte (10 more) ...","operation":"BFFFollow_Controller"}|0xfa2fbba
16:14:20.3 (20955960)|VARIABLE_SCOPE_BEGIN|[52]|key|String|false|false
16:14:20.3 (20959855)|VARIABLE_ASSIGNMENT|[52]|key|"mode"
16:14:20.3 (20964259)|STATEMENT_EXECUTE|[52]
16:14:20.3 (20965504)|STATEMENT_EXECUTE|[53]
16:14:20.3 (21016956)|VARIABLE_ASSIGNMENT|[EXTERNAL]|this|{"debug":true,"input":"{\"mode\":\"checkChatte (10 more) ...","operation":"BFFFollow_Controller"}|0xfa2fbba
16:14:20.3 (21038264)|METHOD_ENTRY|[53]||System.JSON.deserializeUntyped(String)
16:14:20.3 (21242271)|METHOD_EXIT|[53]||System.JSON.deserializeUntyped(String)
16:14:20.3 (21250930)|VARIABLE_SCOPE_BEGIN|[53]|inputMap|Map<String,ANY>|true|false
16:14:20.3 (21275682)|VARIABLE_ASSIGNMENT|[53]|inputMap|{"s":1,"v":{"mode":"checkChatterEnabled"}}|0x67f7816a
16:14:20.3 (21279289)|STATEMENT_EXECUTE|[54]
16:14:20.3 (21301070)|ENTERING_MANAGED_PKG|
16:14:20.3 (21328884)|METHOD_EXIT|[7]|01p50000002CIEo|BFFFollow.ETLC_ApexBridge_Data.getInputValue(String)
16:14:20.3 (21334899)|VARIABLE_SCOPE_BEGIN|[7]|mode|String|false|false
16:14:20.3 (21347895)|VARIABLE_ASSIGNMENT|[7]|mode|"checkChatterEnabled"
16:14:20.3 (21353241)|HEAP_ALLOCATE|[9]|Bytes:19
16:14:20.3 (21376029)|STATEMENT_EXECUTE|[9]
16:14:20.3 (21377894)|STATEMENT_EXECUTE|[10]
16:14:20.3 (21393719)|METHOD_ENTRY|[10]|01p50000002D8iw|BFFFollow.BFFFollow_Controller.checkChatterEnabled()
16:14:20.3 (21412382)|VARIABLE_SCOPE_BEGIN|[27]|this|BFFFollow.BFFFollow_Controller|true|false
16:14:20.3 (21427001)|VARIABLE_ASSIGNMENT|[27]|this|{}|0xb53ffdb
16:14:20.3 (21435392)|HEAP_ALLOCATE|[28]|Bytes:5
16:14:20.3 (21438930)|STATEMENT_EXECUTE|[27]
16:14:20.3 (21440091)|STATEMENT_EXECUTE|[28]
16:14:20.3 (21440955)|STATEMENT_EXECUTE|[28]
16:14:20.3 (21441781)|STATEMENT_EXECUTE|[29]
16:14:20.3 (21466298)|ENTERING_MANAGED_PKG|
16:14:20.3 (161966645)|HEAP_ALLOCATE|[29]|Bytes:1440
16:14:20.3 (162004967)|VARIABLE_SCOPE_BEGIN|[29]|gd|Map<String,Schema.SObjectType>|true|false
16:14:20.3 (162243924)|VARIABLE_ASSIGNMENT|[29]|gd|"{acceptedeventrelation=AcceptedEventRelation, account=Account, accountcontactrole=AccountContactRole, accountfeed=AccountFeed, accounthistory=AccountHistory, accountpartner=AccountPartner, accountshare=AccountShare, actionlinkgrouptemplate=ActionLinkGroupTemplate, actionlinktemplate=ActionLinkTemplate, activityhistory=ActivityHistory, ...}"|0x4c51e5cd
16:14:20.3 (162254859)|HEAP_ALLOCATE|[30]|Bytes:8
16:14:20.3 (162289846)|ENTERING_MANAGED_PKG|
16:14:20.3 (162346307)|STATEMENT_EXECUTE|[30]
16:14:20.3 (162349033)|STATEMENT_EXECUTE|[31]
16:14:20.3 (162364507)|HEAP_ALLOCATE|[31]|Bytes:5
16:14:20.3 (162383638)|METHOD_EXIT|[10]|01p50000002D8iw|BFFFollow.BFFFollow_Controller.checkChatterEnabled()
16:14:20.3 (162478700)|VARIABLE_ASSIGNMENT|[EXTERNAL]|this|{"debug":true,"input":"{\"mode\":\"checkChatte (10 more) ...","operation":"BFFFollow_Controller"}|0xfa2fbba
16:14:20.3 (162490304)|VARIABLE_ASSIGNMENT|[EXTERNAL]|value|true
16:14:20.3 (162496946)|HEAP_ALLOCATE|[15]|Bytes:5
16:14:20.3 (162509608)|VARIABLE_ASSIGNMENT|[15]|this.outputFlag|true|0xfa2fbba
16:14:20.3 (162524013)|STATEMENT_EXECUTE|[21]
16:14:20.3 (162525644)|STATEMENT_EXECUTE|[21]
16:14:20.3 (162534198)|HEAP_ALLOCATE|[21]|Bytes:11
16:14:20.3 (162558258)|ENTERING_MANAGED_PKG|
16:14:20.3 (162610486)|HEAP_ALLOCATE|[21]|Bytes:178
16:14:20.3 (162627661)|HEAP_ALLOCATE|[21]|Bytes:189
16:14:20.3 (162646818)|ENTERING_MANAGED_PKG|
16:14:20.3 (162653731)|USER_DEBUG|[21]|DEBUG|data AFTER:ETLC_ApexBridge_Data:[debug=true, input={"mode":"checkChatterEnabled"}, isSuccess=null, messages=null, operation=BFFFollow_Controller, output=null, outputFlag=true, records=null]
16:14:20.3 (162668787)|METHOD_EXIT|[9]|01p50000002D8iw|BFFFollow.BFFFollow_Controller.process(BFFFollow.ETLC_ApexBridge_Data)
16:14:20.3 (162673268)|STATEMENT_EXECUTE|[24]
16:14:20.3 (162696855)|METHOD_ENTRY|[24]|01p50000002CIEo|BFFFollow.ETLC_ApexBridge_Data.toJSON()
16:14:20.3 (162720732)|VARIABLE_SCOPE_BEGIN|[57]|this|BFFFollow.ETLC_ApexBridge_Data|true|false
16:14:20.3 (162748885)|VARIABLE_ASSIGNMENT|[57]|this|{"debug":true,"input":"{\"mode\":\"checkChatte (10 more) ...","operation":"BFFFollow_Controller","outputFlag":true}|0xfa2fbba
16:14:20.3 (162755337)|STATEMENT_EXECUTE|[57]
16:14:20.3 (162756599)|STATEMENT_EXECUTE|[58]
16:14:20.3 (162780508)|METHOD_ENTRY|[58]||System.JSON.serialize(Object)
16:14:20.3 (162879804)|STATEMENT_EXECUTE|[22]
16:14:20.3 (162885359)|STATEMENT_EXECUTE|[23]
16:14:20.3 (162894014)|HEAP_ALLOCATE|[23]|Bytes:5
16:14:20.3 (162903270)|VARIABLE_ASSIGNMENT|[23]|this.isSuccess|true|0xfa2fbba
16:14:20.3 (162905963)|STATEMENT_EXECUTE|[24]
16:14:20.3 (162953223)|STATEMENT_EXECUTE|[31]
16:14:20.3 (162957785)|STATEMENT_EXECUTE|[32]
16:14:20.3 (162970908)|HEAP_ALLOCATE|[32]|Bytes:4
16:14:20.3 (163045840)|VARIABLE_ASSIGNMENT|[32]|this.messages|{"s":1,"v":{}}|0xfa2fbba
16:14:20.3 (163050988)|STATEMENT_EXECUTE|[33]
16:14:20.3 (163456202)|METHOD_EXIT|[58]||System.JSON.serialize(Object)
16:14:20.3 (163462765)|METHOD_EXIT|[24]|01p50000002CIEo|BFFFollow.ETLC_ApexBridge_Data.toJSON()
16:14:20.3 (163473930)|SYSTEM_MODE_EXIT|false
16:14:20.163 (163519216)|CUMULATIVE_LIMIT_USAGE
16:14:20.163 (163519216)|LIMIT_USAGE_FOR_NS|(default)|
  Number of SOQL queries: 0 out of 100
  Number of query rows: 0 out of 50000
  Number of SOSL queries: 0 out of 20
  Number of DML statements: 0 out of 150
  Number of DML rows: 0 out of 10000
  Maximum CPU time: 0 out of 10000
  Maximum heap size: 0 out of 6000000
  Number of callouts: 0 out of 100
  Number of Email Invocations: 0 out of 10
  Number of future calls: 0 out of 50
  Number of queueable jobs added to the queue: 0 out of 50
  Number of Mobile Apex push calls: 0 out of 10

16:14:20.163 (163519216)|LIMIT_USAGE_FOR_NS|BFFFollow|
  Number of SOQL queries: 0 out of 100
  Number of query rows: 0 out of 50000
  Number of SOSL queries: 0 out of 20
  Number of DML statements: 0 out of 150
  Number of DML rows: 0 out of 10000
  Maximum CPU time: 0 out of 10000
  Maximum heap size: 0 out of 6000000
  Number of callouts: 0 out of 100
  Number of Email Invocations: 0 out of 10
  Number of future calls: 0 out of 50
  Number of queueable jobs added to the queue: 0 out of 50
  Number of Mobile Apex push calls: 0 out of 10

16:14:20.163 (163519216)|CUMULATIVE_LIMIT_USAGE_END

16:14:20.3 (163582909)|CODE_UNIT_FINISHED|ETLC_ApexBridge_Controller.execute
