37.0 APEX_CODE,FINEST;APEX_PROFILING,INFO;CALLOUT,INFO;DB,INFO;SYSTEM,DEBUG;VALIDATION,INFO;VISUALFORCE,INFO;WORKFLOW,INFO
15:41:47.0 (521545)|USER_INFO|[EXTERNAL]|00550000005cg71|bfffollow@jr.te|Eastern Standard Time|GMT-04:00
15:41:47.0 (558030)|EXECUTION_STARTED
15:41:47.0 (564280)|CODE_UNIT_STARTED|[EXTERNAL]|aura
15:41:47.0 (957032)|HEAP_ALLOCATE|[72]|Bytes:3
15:41:47.0 (1050080)|HEAP_ALLOCATE|[77]|Bytes:152
15:41:47.0 (1075909)|HEAP_ALLOCATE|[342]|Bytes:408
15:41:47.0 (1109150)|HEAP_ALLOCATE|[355]|Bytes:408
15:41:47.0 (1135557)|HEAP_ALLOCATE|[467]|Bytes:48
15:41:47.0 (1228469)|HEAP_ALLOCATE|[139]|Bytes:6
15:41:47.0 (1270892)|HEAP_ALLOCATE|[EXTERNAL]|Bytes:122
15:41:47.0 (1318848)|HEAP_ALLOCATE|[EXTERNAL]|Bytes:122
15:41:47.0 (2208510)|CODE_UNIT_STARTED|[EXTERNAL]|01p50000002CIEm|ETLC_ApexBridge_Controller.execute
15:41:47.0 (2828841)|HEAP_ALLOCATE|[EXTERNAL]|Bytes:1
15:41:47.0 (2835431)|HEAP_ALLOCATE|[EXTERNAL]|Bytes:10
15:41:47.0 (2869607)|METHOD_ENTRY|[1]|01p50000002CIEm|ETLC_ApexBridge_Controller.ETLC_ApexBridge_Controller()
15:41:47.0 (2875150)|STATEMENT_EXECUTE|[1]
15:41:47.0 (2881348)|STATEMENT_EXECUTE|[1]
15:41:47.0 (2901668)|METHOD_EXIT|[1]|ETLC_ApexBridge_Controller
15:41:47.0 (2907859)|HEAP_ALLOCATE|[EXTERNAL]|Bytes:122
15:41:47.0 (2920925)|SYSTEM_MODE_ENTER|false
15:41:47.0 (3072451)|VARIABLE_SCOPE_BEGIN|[3]|dataJson|String|false|false
15:41:47.0 (3185112)|VARIABLE_ASSIGNMENT|[3]|dataJson|"{\"operation\":\"BFFFol (102 more) ..."
15:41:47.0 (3199695)|STATEMENT_EXECUTE|[3]
15:41:47.0 (3201560)|STATEMENT_EXECUTE|[4]
15:41:47.0 (5190279)|VARIABLE_SCOPE_BEGIN|[4]|data|ETLC_ApexBridge_Data|true|false
15:41:47.0 (5214096)|VARIABLE_ASSIGNMENT|[4]|data|null|
15:41:47.0 (5219216)|STATEMENT_EXECUTE|[5]
15:41:47.0 (5221578)|STATEMENT_EXECUTE|[5]
15:41:47.0 (5223654)|STATEMENT_EXECUTE|[6]
15:41:47.0 (5244813)|HEAP_ALLOCATE|[6]|Bytes:11
15:41:47.0 (5256306)|HEAP_ALLOCATE|[6]|Bytes:248
15:41:47.0 (5266691)|HEAP_ALLOCATE|[6]|Bytes:39
15:41:47.0 (5316665)|METHOD_ENTRY|[2]|01p50000002CIEo|ETLC_ApexBridge_Data.ETLC_ApexBridge_Data()
15:41:47.0 (5321682)|STATEMENT_EXECUTE|[2]
15:41:47.0 (5327192)|STATEMENT_EXECUTE|[2]
15:41:47.0 (5337070)|METHOD_EXIT|[2]|ETLC_ApexBridge_Data
15:41:47.0 (5426479)|METHOD_ENTRY|[6]|01p50000002CIEo|ETLC_ApexBridge_Data.fromJSON(String)
15:41:47.0 (5454704)|VARIABLE_SCOPE_BEGIN|[60]|strJson|String|false|false
15:41:47.0 (5470899)|VARIABLE_ASSIGNMENT|[60]|strJson|"{\"operation\":\"BFFFol (102 more) ..."
15:41:47.0 (5475858)|STATEMENT_EXECUTE|[60]
15:41:47.0 (5477276)|STATEMENT_EXECUTE|[61]
15:41:47.0 (5487149)|HEAP_ALLOCATE|[61]|Bytes:20
15:41:47.0 (5514481)|HEAP_ALLOCATE|[50]|Bytes:5
15:41:47.0 (5554015)|HEAP_ALLOCATE|[56]|Bytes:5
15:41:47.0 (5569464)|HEAP_ALLOCATE|[64]|Bytes:7
15:41:47.0 (5673065)|HEAP_ALLOCATE|[61]|Bytes:24
15:41:47.0 (5687950)|SYSTEM_METHOD_ENTRY|[1]|Type.Type()
15:41:47.0 (5692149)|STATEMENT_EXECUTE|[1]
15:41:47.0 (5706516)|SYSTEM_METHOD_EXIT|[1]|Type
15:41:47.0 (5714912)|HEAP_ALLOCATE|[61]|Bytes:8
15:41:47.0 (5745998)|HEAP_ALLOCATE|[61]|Bytes:8
15:41:47.0 (5754913)|VARIABLE_SCOPE_BEGIN|[4]|this|System.Type|true|false
15:41:47.0 (5816906)|VARIABLE_ASSIGNMENT|[4]|this|{}|0x66517ca6
15:41:47.0 (5822037)|VARIABLE_SCOPE_BEGIN|[4]|apextype|java:common.apex.runtime.ApexObjectType|true|false
15:41:47.0 (5946766)|VARIABLE_ASSIGNMENT|[4]|apextype|"ETLC_ApexBridge_Data"|0x9213d76
15:41:47.0 (6034047)|HEAP_ALLOCATE|[61]|Bytes:8
15:41:47.0 (6076196)|HEAP_ALLOCATE|[61]|Bytes:24
15:41:47.0 (6089752)|SYSTEM_METHOD_ENTRY|[1]|JSON.JSON()
15:41:47.0 (6093246)|STATEMENT_EXECUTE|[1]
15:41:47.0 (6105494)|SYSTEM_METHOD_EXIT|[1]|JSON
15:41:47.0 (6126971)|METHOD_ENTRY|[61]||System.JSON.deserializeStrict(String, System.Type)
15:41:47.0 (6755121)|METHOD_EXIT|[61]||System.JSON.deserializeStrict(String, System.Type)
15:41:47.0 (6766447)|METHOD_EXIT|[6]|01p50000002CIEo|ETLC_ApexBridge_Data.fromJSON(String)
15:41:47.0 (6834627)|VARIABLE_ASSIGNMENT|[6]|data|{"debug":true,"input":"{\"mode\":\"fetchUserFe (34 more) ...","operation":"BFFFollow_Controller"}|0x5fa41f6c
15:41:47.0 (6839962)|STATEMENT_EXECUTE|[7]
15:41:47.0 (6850212)|HEAP_ALLOCATE|[7]|Bytes:6
15:41:47.0 (6925029)|HEAP_ALLOCATE|[7]|Bytes:202
15:41:47.0 (6947202)|HEAP_ALLOCATE|[7]|Bytes:208
15:41:47.0 (6985393)|USER_DEBUG|[7]|DEBUG|data::ETLC_ApexBridge_Data:[debug=true, input={"mode":"fetchUserFeed","userId":"00550000005cg71AAA"}, isSuccess=null, messages=null, operation=BFFFollow_Controller, output=null, outputFlag=null, records=null]
15:41:47.0 (6994241)|STATEMENT_EXECUTE|[8]
15:41:47.0 (7058318)|VARIABLE_ASSIGNMENT|[EXTERNAL]|this|{"debug":true,"input":"{\"mode\":\"fetchUserFe (34 more) ...","operation":"BFFFollow_Controller"}|0x5fa41f6c
15:41:47.0 (7080448)|METHOD_ENTRY|[8]||System.Type.forName(String)
15:41:47.0 (9151934)|METHOD_EXIT|[8]||System.Type.forName(String)
15:41:47.0 (9166293)|METHOD_ENTRY|[8]||System.Type.newInstance()
15:41:47.0 (10377637)|STATEMENT_EXECUTE|[1]
15:41:47.0 (10389825)|HEAP_ALLOCATE|[33]|Bytes:5
15:41:47.0 (10401813)|METHOD_EXIT|[1]|BFFFollow_Controller
15:41:47.0 (10422744)|HEAP_ALLOCATE|[33]|Bytes:4
15:41:47.0 (10433770)|VARIABLE_SCOPE_BEGIN|[1]|this|BFFFollow_Controller|true|false
15:41:47.0 (10458706)|VARIABLE_ASSIGNMENT|[1]|this|{}|0x1e9a3667
15:41:47.0 (10468407)|HEAP_ALLOCATE|[33]|Bytes:5
15:41:47.0 (10477357)|HEAP_ALLOCATE|[33]|Bytes:11
15:41:47.0 (10494250)|METHOD_ENTRY|[1]|01p50000002CIEj|ETLC_ApexBridge_Abstract.ETLC_ApexBridge_Abstract()
15:41:47.0 (10497278)|STATEMENT_EXECUTE|[1]
15:41:47.0 (10500742)|STATEMENT_EXECUTE|[1]
15:41:47.0 (10505955)|METHOD_EXIT|[1]|ETLC_ApexBridge_Abstract
15:41:47.0 (10513425)|CONSTRUCTOR_ENTRY|[EXTERNAL]|01p50000002CIEj|<init>()
15:41:47.0 (10532674)|VARIABLE_SCOPE_BEGIN|[1]|this|ETLC_ApexBridge_Abstract|true|false
15:41:47.0 (10552603)|VARIABLE_ASSIGNMENT|[1]|this|{}|0x1e9a3667
15:41:47.0 (10568561)|STATEMENT_EXECUTE|[1]
15:41:47.0 (10573009)|CONSTRUCTOR_EXIT|[EXTERNAL]|01p50000002CIEj|<init>()
15:41:47.0 (10580217)|STATEMENT_EXECUTE|[1]
15:41:47.0 (10585778)|HEAP_ALLOCATE|[33]|Bytes:5
15:41:47.0 (10604127)|METHOD_EXIT|[8]||System.Type.newInstance()
15:41:47.0 (10612388)|VARIABLE_SCOPE_BEGIN|[8]|executor|ETLC_ApexBridge_Abstract|true|false
15:41:47.0 (10631761)|VARIABLE_ASSIGNMENT|[8]|executor|{}|0x1e9a3667
15:41:47.0 (10634903)|STATEMENT_EXECUTE|[9]
15:41:47.0 (10674823)|METHOD_ENTRY|[9]|01p50000002D8iw|BFFFollow_Controller.process(ETLC_ApexBridge_Data)
15:41:47.0 (10698540)|VARIABLE_SCOPE_BEGIN|[3]|this|BFFFollow_Controller|true|false
15:41:47.0 (10717832)|VARIABLE_ASSIGNMENT|[3]|this|{}|0x1e9a3667
15:41:47.0 (10721652)|VARIABLE_SCOPE_BEGIN|[3]|data|ETLC_ApexBridge_Data|true|false
15:41:47.0 (10749683)|VARIABLE_ASSIGNMENT|[3]|data|{"debug":true,"input":"{\"mode\":\"fetchUserFe (34 more) ...","operation":"BFFFollow_Controller"}|0x5fa41f6c
15:41:47.0 (10758767)|HEAP_ALLOCATE|[4]|Bytes:5
15:41:47.0 (10762853)|STATEMENT_EXECUTE|[3]
15:41:47.0 (10764149)|STATEMENT_EXECUTE|[4]
15:41:47.0 (10846905)|VARIABLE_ASSIGNMENT|[EXTERNAL]|this|{"debug":true,"input":"{\"mode\":\"fetchUserFe (34 more) ...","operation":"BFFFollow_Controller"}|0x5fa41f6c
15:41:47.0 (10872822)|VARIABLE_ASSIGNMENT|[4]|BFFFollow_Controller.debugFlag|true
15:41:47.0 (10916620)|VARIABLE_ASSIGNMENT|[EXTERNAL]|this|{"debug":true,"input":"{\"mode\":\"fetchUserFe (34 more) ...","operation":"BFFFollow_Controller"}|0x5fa41f6c
15:41:47.0 (10929609)|STATEMENT_EXECUTE|[5]
15:41:47.0 (10938876)|HEAP_ALLOCATE|[5]|Bytes:12
15:41:47.0 (10977202)|HEAP_ALLOCATE|[5]|Bytes:202
15:41:47.0 (10991546)|HEAP_ALLOCATE|[5]|Bytes:214
15:41:47.0 (11004310)|USER_DEBUG|[5]|DEBUG|data BEFORE:ETLC_ApexBridge_Data:[debug=true, input={"mode":"fetchUserFeed","userId":"00550000005cg71AAA"}, isSuccess=null, messages=null, operation=BFFFollow_Controller, output=null, outputFlag=null, records=null]
15:41:47.0 (11012434)|STATEMENT_EXECUTE|[7]
15:41:47.0 (11019754)|HEAP_ALLOCATE|[7]|Bytes:4
15:41:47.0 (11043099)|METHOD_ENTRY|[7]|01p50000002CIEo|ETLC_ApexBridge_Data.getInputValue(String)
15:41:47.0 (11064162)|VARIABLE_SCOPE_BEGIN|[52]|this|ETLC_ApexBridge_Data|true|false
15:41:47.0 (11097225)|VARIABLE_ASSIGNMENT|[52]|this|{"debug":true,"input":"{\"mode\":\"fetchUserFe (34 more) ...","operation":"BFFFollow_Controller"}|0x5fa41f6c
15:41:47.0 (11102884)|VARIABLE_SCOPE_BEGIN|[52]|key|String|false|false
15:41:47.0 (11109349)|VARIABLE_ASSIGNMENT|[52]|key|"mode"
15:41:47.0 (11113617)|STATEMENT_EXECUTE|[52]
15:41:47.0 (11114981)|STATEMENT_EXECUTE|[53]
15:41:47.0 (11170815)|VARIABLE_ASSIGNMENT|[EXTERNAL]|this|{"debug":true,"input":"{\"mode\":\"fetchUserFe (34 more) ...","operation":"BFFFollow_Controller"}|0x5fa41f6c
15:41:47.0 (11190175)|METHOD_ENTRY|[53]||System.JSON.deserializeUntyped(String)
15:41:47.0 (11422308)|METHOD_EXIT|[53]||System.JSON.deserializeUntyped(String)
15:41:47.0 (11432030)|VARIABLE_SCOPE_BEGIN|[53]|inputMap|Map<String,ANY>|true|false
15:41:47.0 (11463639)|VARIABLE_ASSIGNMENT|[53]|inputMap|{"s":1,"v":{"mode":"fetchUserFeed","userId":"00550000005cg71AAA"}}|0x1aff4d73
15:41:47.0 (11467743)|STATEMENT_EXECUTE|[54]
15:41:47.0 (11532593)|METHOD_EXIT|[7]|01p50000002CIEo|ETLC_ApexBridge_Data.getInputValue(String)
15:41:47.0 (11539375)|VARIABLE_SCOPE_BEGIN|[7]|mode|String|false|false
15:41:47.0 (11551504)|VARIABLE_ASSIGNMENT|[7]|mode|"fetchUserFeed"
15:41:47.0 (11556724)|HEAP_ALLOCATE|[9]|Bytes:18
15:41:47.0 (11580468)|HEAP_ALLOCATE|[12]|Bytes:17
15:41:47.0 (11591687)|HEAP_ALLOCATE|[14]|Bytes:13
15:41:47.0 (11602386)|STATEMENT_EXECUTE|[14]
15:41:47.0 (11604026)|STATEMENT_EXECUTE|[15]
15:41:47.0 (11611230)|HEAP_ALLOCATE|[15]|Bytes:6
15:41:47.0 (11621813)|METHOD_ENTRY|[15]|01p50000002CIEo|ETLC_ApexBridge_Data.getInputValue(String)
15:41:47.0 (11634832)|VARIABLE_SCOPE_BEGIN|[52]|this|ETLC_ApexBridge_Data|true|false
15:41:47.0 (11669515)|VARIABLE_ASSIGNMENT|[52]|this|{"debug":true,"input":"{\"mode\":\"fetchUserFe (34 more) ...","operation":"BFFFollow_Controller"}|0x5fa41f6c
15:41:47.0 (11673310)|VARIABLE_SCOPE_BEGIN|[52]|key|String|false|false
15:41:47.0 (11678893)|VARIABLE_ASSIGNMENT|[52]|key|"userId"
15:41:47.0 (11682686)|STATEMENT_EXECUTE|[52]
15:41:47.0 (11683915)|STATEMENT_EXECUTE|[53]
15:41:47.0 (11721032)|VARIABLE_ASSIGNMENT|[EXTERNAL]|this|{"debug":true,"input":"{\"mode\":\"fetchUserFe (34 more) ...","operation":"BFFFollow_Controller"}|0x5fa41f6c
15:41:47.0 (11734152)|METHOD_ENTRY|[53]||System.JSON.deserializeUntyped(String)
15:41:47.0 (11860133)|METHOD_EXIT|[53]||System.JSON.deserializeUntyped(String)
15:41:47.0 (11868561)|VARIABLE_SCOPE_BEGIN|[53]|inputMap|Map<String,ANY>|true|false
15:41:47.0 (11891954)|VARIABLE_ASSIGNMENT|[53]|inputMap|{"s":1,"v":{"mode":"fetchUserFeed","userId":"00550000005cg71AAA"}}|0x259f8b04
15:41:47.0 (11896207)|STATEMENT_EXECUTE|[54]
15:41:47.0 (11917537)|METHOD_EXIT|[15]|01p50000002CIEo|ETLC_ApexBridge_Data.getInputValue(String)
15:41:47.0 (11933680)|HEAP_ALLOCATE|[15]|Bytes:4
15:41:47.0 (11948652)|METHOD_ENTRY|[15]|01p50000002D8iw|BFFFollow_Controller.fetchUserFeed(Id)
15:41:47.0 (11955253)|VARIABLE_SCOPE_BEGIN|[65]|this|BFFFollow_Controller|true|false
15:41:47.0 (11974194)|VARIABLE_ASSIGNMENT|[65]|this|{}|0x1e9a3667
15:41:47.0 (11978502)|VARIABLE_SCOPE_BEGIN|[65]|userId|Id|false|false
15:41:47.0 (12059268)|VARIABLE_ASSIGNMENT|[65]|userId|"00550000005cg71AAA"
15:41:47.0 (12071691)|HEAP_ALLOCATE|[66]|Bytes:5
15:41:47.0 (12075826)|STATEMENT_EXECUTE|[65]
15:41:47.0 (12077085)|STATEMENT_EXECUTE|[66]
15:41:47.0 (12078067)|STATEMENT_EXECUTE|[66]
15:41:47.0 (12079148)|STATEMENT_EXECUTE|[67]
15:41:47.0 (12123618)|HEAP_ALLOCATE|[67]|Bytes:24
15:41:47.0 (12134683)|SYSTEM_METHOD_ENTRY|[1]|Network.Network()
15:41:47.0 (12137201)|STATEMENT_EXECUTE|[1]
15:41:47.0 (12144889)|SYSTEM_METHOD_EXIT|[1]|Network
15:41:47.0 (12155931)|METHOD_ENTRY|[67]||System.Network.getNetworkId()
15:41:47.0 (12191496)|METHOD_EXIT|[67]||System.Network.getNetworkId()
15:41:47.0 (12719304)|HEAP_ALLOCATE|[67]|Bytes:18
15:41:47.0 (12757472)|HEAP_ALLOCATE|[67]|Bytes:968
15:41:47.0 (12767812)|SYSTEM_METHOD_ENTRY|[5]|ChatterFeeds.ChatterFeeds()
15:41:47.0 (12770318)|STATEMENT_EXECUTE|[5]
15:41:47.0 (12777360)|SYSTEM_METHOD_EXIT|[5]|ChatterFeeds
15:41:47.0 (12790830)|METHOD_ENTRY|[67]||ConnectApi.ChatterFeeds.getFeedElementsFromFeed(String, ConnectApi.FeedType, String)
15:41:47.0 (91824571)|SYSTEM_METHOD_EXIT|[5]|FeedElementPage
15:41:47.0 (91838455)|HEAP_ALLOCATE|[3649]|Bytes:84
15:41:47.0 (91845543)|HEAP_ALLOCATE|[3649]|Bytes:12
15:41:47.0 (91849147)|HEAP_ALLOCATE|[3649]|Bytes:8
15:41:47.0 (91856200)|VARIABLE_SCOPE_BEGIN|[39]|this|ConnectApi.FeedElementPage|true|false
15:41:47.0 (91921068)|VARIABLE_ASSIGNMENT|[39]|this|{}|0x256871d7
15:41:47.0 (91925424)|VARIABLE_SCOPE_BEGIN|[39]|versionIn|Double|false|false
15:41:47.0 (91934960)|VARIABLE_ASSIGNMENT|[39]|versionIn|34.0
15:41:47.0 (91937372)|VARIABLE_SCOPE_BEGIN|[39]|javaObj|java:sfdc.chatter.connect.api.output.feeds.FeedElementCollectionRepresentation|true|false
15:41:47.0 (92043252)|VARIABLE_ASSIGNMENT|[39]|javaObj|"sfdc.chatter.connect.api.output.feeds.FeedElementCollectionRepresentation@11f02fae"|0x11f02fae
15:41:47.0 (92858414)|SYSTEM_METHOD_EXIT|[5]|FeedItem
15:41:47.0 (92868432)|HEAP_ALLOCATE|[59]|Bytes:252
15:41:47.0 (92876234)|HEAP_ALLOCATE|[59]|Bytes:12
15:41:47.0 (92881645)|HEAP_ALLOCATE|[59]|Bytes:8
15:41:47.0 (92887977)|VARIABLE_SCOPE_BEGIN|[56]|this|ConnectApi.FeedItem|true|false
15:41:47.0 (92959811)|HEAP_ALLOCATE|[59]|Bytes:312
15:41:47.0 (92969971)|HEAP_ALLOCATE|[59]|Bytes:75
15:41:47.0 (93014796)|SYSTEM_METHOD_ENTRY|[5]|FeedElement.FeedElement()
15:41:47.0 (93020169)|STATEMENT_EXECUTE|[5]
15:41:47.0 (93032193)|SYSTEM_METHOD_EXIT|[5]|FeedElement
15:41:47.0 (93085126)|VARIABLE_ASSIGNMENT|[56]|this|{}|0x243e3186
15:41:47.0 (93096436)|VARIABLE_SCOPE_BEGIN|[56]|versionIn|Double|false|false
15:41:47.0 (93122122)|VARIABLE_ASSIGNMENT|[56]|versionIn|34.0
15:41:47.0 (93131138)|VARIABLE_SCOPE_BEGIN|[56]|javaObj|java:sfdc.chatter.connect.api.output.feeds.FeedItemRepresentation|true|false
15:41:47.0 (93266406)|VARIABLE_ASSIGNMENT|[56]|javaObj|"\n\u003CFeedItem id(0D55000003LmBsDCAV)\u003E\n\u003CUser id(00550000005cg71AAA) name(Jaswinder Rattanpal) /\u003E\n\u003CFeedBody text(Test 1\n), isRichText(true) /\u003Esfdc.chatter.connect.api.output.feeds.FeedElementCommentCollectionRepresentation@6f846a2f\n\u003C/FeedItem\u003E"|0x98448c1
15:41:47.0 (93505878)|SYSTEM_METHOD_EXIT|[5]|FeedBody
15:41:47.0 (93512575)|HEAP_ALLOCATE|[46]|Bytes:36
15:41:47.0 (93517847)|HEAP_ALLOCATE|[46]|Bytes:12
15:41:47.0 (93523481)|HEAP_ALLOCATE|[46]|Bytes:8
15:41:47.0 (93529608)|VARIABLE_SCOPE_BEGIN|[16]|this|ConnectApi.FeedBody|true|false
15:41:47.0 (93564202)|HEAP_ALLOCATE|[46]|Bytes:164
15:41:47.0 (93579062)|HEAP_ALLOCATE|[46]|Bytes:44
15:41:47.0 (93616857)|SYSTEM_METHOD_ENTRY|[5]|AbstractMessageBody.AbstractMessageBody()
15:41:47.0 (93621369)|STATEMENT_EXECUTE|[5]
15:41:47.0 (93632703)|SYSTEM_METHOD_EXIT|[5]|AbstractMessageBody
15:41:47.0 (93656063)|VARIABLE_ASSIGNMENT|[16]|this|{}|0x19998b00
15:41:47.0 (93662318)|VARIABLE_SCOPE_BEGIN|[16]|versionIn|Double|false|false
15:41:47.0 (93674505)|VARIABLE_ASSIGNMENT|[16]|versionIn|34.0
15:41:47.0 (93678574)|VARIABLE_SCOPE_BEGIN|[16]|javaObj|java:sfdc.chatter.connect.api.output.feeds.FeedBodyRepresentation|true|false
15:41:47.0 (93777727)|VARIABLE_ASSIGNMENT|[16]|javaObj|"\n\u003CFeedBody text(Test 1\n), isRichText(true) /\u003E"|0x4c7e3bb4
15:41:47.0 (94297191)|SYSTEM_METHOD_EXIT|[5]|MarkupBeginSegment
15:41:47.0 (94309084)|HEAP_ALLOCATE|[43]|Bytes:44
15:41:47.0 (94316843)|HEAP_ALLOCATE|[43]|Bytes:12
15:41:47.0 (94322891)|HEAP_ALLOCATE|[43]|Bytes:8
15:41:47.0 (94329643)|VARIABLE_SCOPE_BEGIN|[20]|this|ConnectApi.MarkupBeginSegment|true|false
15:41:47.0 (94370701)|HEAP_ALLOCATE|[43]|Bytes:120
15:41:47.0 (94381661)|HEAP_ALLOCATE|[43]|Bytes:40
15:41:47.0 (94420079)|SYSTEM_METHOD_ENTRY|[5]|MessageSegment.MessageSegment()
15:41:47.0 (94424319)|STATEMENT_EXECUTE|[5]
15:41:47.0 (94437131)|SYSTEM_METHOD_EXIT|[5]|MessageSegment
15:41:47.0 (94461460)|VARIABLE_ASSIGNMENT|[20]|this|{}|0xe7f506
15:41:47.0 (94467743)|VARIABLE_SCOPE_BEGIN|[20]|versionIn|Double|false|false
15:41:47.0 (94481708)|VARIABLE_ASSIGNMENT|[20]|versionIn|34.0
15:41:47.0 (94486367)|VARIABLE_SCOPE_BEGIN|[20]|javaObj|java:sfdc.chatter.connect.api.output.feeds.MarkupBeginMessageSegmentRepresentation|true|false
15:41:47.0 (94603509)|VARIABLE_ASSIGNMENT|[20]|javaObj|"MarkupBegin(\"Paragraph\", \"p\")"|0x2b8e779b
15:41:47.0 (95542220)|SYSTEM_METHOD_EXIT|[5]|TextSegment
15:41:47.0 (95549878)|HEAP_ALLOCATE|[43]|Bytes:28
15:41:47.0 (95554635)|HEAP_ALLOCATE|[43]|Bytes:12
15:41:47.0 (95558097)|HEAP_ALLOCATE|[43]|Bytes:8
15:41:47.0 (95561851)|VARIABLE_SCOPE_BEGIN|[16]|this|ConnectApi.TextSegment|true|false
15:41:47.0 (95594497)|VARIABLE_ASSIGNMENT|[16]|this|{}|0x43841f9d
15:41:47.0 (95598966)|VARIABLE_SCOPE_BEGIN|[16]|versionIn|Double|false|false
15:41:47.0 (95606364)|VARIABLE_ASSIGNMENT|[16]|versionIn|34.0
15:41:47.0 (95609111)|VARIABLE_SCOPE_BEGIN|[16]|javaObj|java:sfdc.chatter.connect.api.output.feeds.TextMessageSegmentRepresentation|true|false
15:41:47.0 (95683353)|VARIABLE_ASSIGNMENT|[16]|javaObj|"Text(\"Test 1\")"|0x7cf48d2e
15:41:47.0 (96004109)|SYSTEM_METHOD_EXIT|[5]|MarkupEndSegment
15:41:47.0 (96015041)|HEAP_ALLOCATE|[43]|Bytes:44
15:41:47.0 (96022137)|HEAP_ALLOCATE|[43]|Bytes:12
15:41:47.0 (96027861)|HEAP_ALLOCATE|[43]|Bytes:8
15:41:47.0 (96034110)|VARIABLE_SCOPE_BEGIN|[20]|this|ConnectApi.MarkupEndSegment|true|false
15:41:47.0 (96078190)|VARIABLE_ASSIGNMENT|[20]|this|{}|0x241e0f84
15:41:47.0 (96085114)|VARIABLE_SCOPE_BEGIN|[20]|versionIn|Double|false|false
15:41:47.0 (96097678)|VARIABLE_ASSIGNMENT|[20]|versionIn|34.0
15:41:47.0 (96102339)|VARIABLE_SCOPE_BEGIN|[20]|javaObj|java:sfdc.chatter.connect.api.output.feeds.MarkupEndMessageSegmentRepresentation|true|false
15:41:47.0 (96207043)|VARIABLE_ASSIGNMENT|[20]|javaObj|"MarkupEnd(\"Paragraph\", \"p\")"|0xb68f246
15:41:47.0 (96852432)|SYSTEM_METHOD_EXIT|[5]|FeedElementCapabilities
15:41:47.0 (96863049)|HEAP_ALLOCATE|[49]|Bytes:236
15:41:47.0 (96870372)|HEAP_ALLOCATE|[49]|Bytes:12
15:41:47.0 (96875789)|HEAP_ALLOCATE|[49]|Bytes:8
15:41:47.0 (96882412)|VARIABLE_SCOPE_BEGIN|[77]|this|ConnectApi.FeedElementCapabilities|true|false
15:41:47.0 (96973488)|VARIABLE_ASSIGNMENT|[77]|this|{}|0x68f36c41
15:41:47.0 (96980365)|VARIABLE_SCOPE_BEGIN|[77]|versionIn|Double|false|false
15:41:47.0 (96993652)|VARIABLE_ASSIGNMENT|[77]|versionIn|34.0
15:41:47.0 (96998696)|VARIABLE_SCOPE_BEGIN|[77]|javaObj|java:sfdc.chatter.connect.api.output.feeds.FeedElementCapabilitySetRepresentation|true|false
15:41:47.0 (97091348)|VARIABLE_ASSIGNMENT|[77]|javaObj|"sfdc.chatter.connect.api.output.feeds.FeedElementCapabilitySetRepresentation@3036018c"|0x3036018c
15:41:47.0 (97281123)|SYSTEM_METHOD_EXIT|[5]|AssociatedActionsCapability
15:41:47.0 (97287799)|HEAP_ALLOCATE|[85]|Bytes:20
15:41:47.0 (97292091)|HEAP_ALLOCATE|[85]|Bytes:12
15:41:47.0 (97295307)|HEAP_ALLOCATE|[85]|Bytes:8
15:41:47.0 (97299035)|VARIABLE_SCOPE_BEGIN|[18]|this|ConnectApi.AssociatedActionsCapability|true|false
15:41:47.0 (97326842)|VARIABLE_ASSIGNMENT|[18]|this|{}|0x64804a21
15:41:47.0 (97330521)|VARIABLE_SCOPE_BEGIN|[18]|versionIn|Double|false|false
15:41:47.0 (97337514)|VARIABLE_ASSIGNMENT|[18]|versionIn|34.0
15:41:47.0 (97339720)|VARIABLE_SCOPE_BEGIN|[18]|javaObj|java:sfdc.chatter.connect.api.output.feeds.AssociatedActionsCapabilityRepresentation|true|false
15:41:47.0 (97408042)|VARIABLE_ASSIGNMENT|[18]|javaObj|"sfdc.chatter.connect.api.output.feeds.AssociatedActionsCapabilityRepresentation@28b66e35"|0x28b66e35
15:41:47.0 (97801885)|SYSTEM_METHOD_EXIT|[5]|BookmarksCapability
15:41:47.0 (97808577)|HEAP_ALLOCATE|[91]|Bytes:20
15:41:47.0 (97812929)|HEAP_ALLOCATE|[91]|Bytes:12
15:41:47.0 (97816248)|HEAP_ALLOCATE|[91]|Bytes:8
15:41:47.0 (97820154)|VARIABLE_SCOPE_BEGIN|[18]|this|ConnectApi.BookmarksCapability|true|false
15:41:47.0 (97846715)|VARIABLE_ASSIGNMENT|[18]|this|{}|0x5bd49e06
15:41:47.0 (97851261)|VARIABLE_SCOPE_BEGIN|[18]|versionIn|Double|false|false
15:41:47.0 (97863243)|VARIABLE_ASSIGNMENT|[18]|versionIn|34.0
15:41:47.0 (97867464)|VARIABLE_SCOPE_BEGIN|[18]|javaObj|java:sfdc.chatter.connect.api.output.feeds.BookmarksCapabilityRepresentation|true|false
15:41:47.0 (97967140)|VARIABLE_ASSIGNMENT|[18]|javaObj|"sfdc.chatter.connect.api.output.feeds.BookmarksCapabilityRepresentation@5b6ede91"|0x5b6ede91
15:41:47.0 (98201399)|SYSTEM_METHOD_EXIT|[5]|ChatterLikesCapability
15:41:47.0 (98212240)|HEAP_ALLOCATE|[103]|Bytes:44
15:41:47.0 (98219586)|HEAP_ALLOCATE|[103]|Bytes:12
15:41:47.0 (98225102)|HEAP_ALLOCATE|[103]|Bytes:8
15:41:47.0 (98230550)|VARIABLE_SCOPE_BEGIN|[24]|this|ConnectApi.ChatterLikesCapability|true|false
15:41:47.0 (98276355)|VARIABLE_ASSIGNMENT|[24]|this|{}|0x3d59469f
15:41:47.0 (98283087)|VARIABLE_SCOPE_BEGIN|[24]|versionIn|Double|false|false
15:41:47.0 (98296370)|VARIABLE_ASSIGNMENT|[24]|versionIn|34.0
15:41:47.0 (98301401)|VARIABLE_SCOPE_BEGIN|[24]|javaObj|java:sfdc.chatter.connect.api.output.feeds.ChatterLikesCapabilityRepresentation|true|false
15:41:47.0 (98378750)|VARIABLE_ASSIGNMENT|[24]|javaObj|"sfdc.chatter.connect.api.output.feeds.ChatterLikesCapabilityRepresentation@260550c7"|0x260550c7
15:41:47.0 (98612743)|SYSTEM_METHOD_EXIT|[5]|MessageBody
15:41:47.0 (98619531)|HEAP_ALLOCATE|[32]|Bytes:36
15:41:47.0 (98623986)|HEAP_ALLOCATE|[32]|Bytes:12
15:41:47.0 (98627409)|HEAP_ALLOCATE|[32]|Bytes:8
15:41:47.0 (98631379)|VARIABLE_SCOPE_BEGIN|[16]|this|ConnectApi.MessageBody|true|false
15:41:47.0 (98659883)|VARIABLE_ASSIGNMENT|[16]|this|{}|0x595edeaf
15:41:47.0 (98663873)|VARIABLE_SCOPE_BEGIN|[16]|versionIn|Double|false|false
15:41:47.0 (98671069)|VARIABLE_ASSIGNMENT|[16]|versionIn|34.0
15:41:47.0 (98673396)|VARIABLE_SCOPE_BEGIN|[16]|javaObj|java:sfdc.chatter.connect.api.output.feeds.MessageBodyRepresentation|true|false
15:41:47.0 (98745646)|VARIABLE_ASSIGNMENT|[16]|javaObj|"\n\u003CMessageBody text(Test User likes this.), isRichText(null) /\u003E"|0x74e91943
15:41:47.0 (98989933)|SYSTEM_METHOD_EXIT|[5]|EntityLinkSegment
15:41:47.0 (98997014)|HEAP_ALLOCATE|[43]|Bytes:44
15:41:47.0 (99001356)|HEAP_ALLOCATE|[43]|Bytes:12
15:41:47.0 (99005743)|HEAP_ALLOCATE|[43]|Bytes:8
15:41:47.0 (99009704)|VARIABLE_SCOPE_BEGIN|[20]|this|ConnectApi.EntityLinkSegment|true|false
15:41:47.0 (99040468)|VARIABLE_ASSIGNMENT|[20]|this|{}|0x3f3c4ff
15:41:47.0 (99044516)|VARIABLE_SCOPE_BEGIN|[20]|versionIn|Double|false|false
15:41:47.0 (99052566)|VARIABLE_ASSIGNMENT|[20]|versionIn|34.0
15:41:47.0 (99055191)|VARIABLE_SCOPE_BEGIN|[20]|javaObj|java:sfdc.chatter.connect.api.output.feeds.EntityLinkMessageSegmentRepresentation|true|false
15:41:47.0 (99126294)|VARIABLE_ASSIGNMENT|[20]|javaObj|"EntityLink(\"Test User\")"|0xf7c2f2e
15:41:47.0 (99475419)|SYSTEM_METHOD_EXIT|[5]|Motif
15:41:47.0 (99484243)|HEAP_ALLOCATE|[25]|Bytes:52
15:41:47.0 (99491961)|HEAP_ALLOCATE|[25]|Bytes:12
15:41:47.0 (99497642)|HEAP_ALLOCATE|[25]|Bytes:8
15:41:47.0 (99504574)|VARIABLE_SCOPE_BEGIN|[31]|this|ConnectApi.Motif|true|false
15:41:47.0 (99546251)|VARIABLE_ASSIGNMENT|[31]|this|{}|0x207823c8
15:41:47.0 (99552496)|VARIABLE_SCOPE_BEGIN|[31]|versionIn|Double|false|false
15:41:47.0 (99564810)|VARIABLE_ASSIGNMENT|[31]|versionIn|34.0
15:41:47.0 (99569197)|VARIABLE_SCOPE_BEGIN|[31]|javaObj|java:sfdc.common.connect.api.output.common.MotifRepresentation|true|false
15:41:47.0 (99653499)|VARIABLE_ASSIGNMENT|[31]|javaObj|"sfdc.common.connect.api.output.common.MotifRepresentation@1c671585"|0x1c671585
15:41:47.0 (99911593)|SYSTEM_METHOD_EXIT|[5]|Reference
15:41:47.0 (99920698)|HEAP_ALLOCATE|[28]|Bytes:28
15:41:47.0 (99927441)|HEAP_ALLOCATE|[28]|Bytes:12
15:41:47.0 (99932796)|HEAP_ALLOCATE|[28]|Bytes:8
15:41:47.0 (99938699)|VARIABLE_SCOPE_BEGIN|[25]|this|ConnectApi.Reference|true|false
15:41:47.0 (99977024)|VARIABLE_ASSIGNMENT|[25]|this|{}|0x12eeeca
15:41:47.0 (99983958)|VARIABLE_SCOPE_BEGIN|[25]|versionIn|Double|false|false
15:41:47.0 (99997246)|VARIABLE_ASSIGNMENT|[25]|versionIn|34.0
15:41:47.0 (100002219)|VARIABLE_SCOPE_BEGIN|[25]|javaObj|java:sfdc.common.connect.api.output.common.ReferenceRepresentation|true|false
15:41:47.0 (100109598)|VARIABLE_ASSIGNMENT|[25]|javaObj|"sfdc.common.connect.api.output.common.ReferenceRepresentation@6fc5b49e"|0x6fc5b49e
15:41:47.0 (101324322)|SYSTEM_METHOD_EXIT|[5]|ChatterLikePage
15:41:47.0 (101334071)|HEAP_ALLOCATE|[38]|Bytes:84
15:41:47.0 (101340183)|HEAP_ALLOCATE|[38]|Bytes:12
15:41:47.0 (101345211)|HEAP_ALLOCATE|[38]|Bytes:8
15:41:47.0 (101357509)|VARIABLE_SCOPE_BEGIN|[39]|this|ConnectApi.ChatterLikePage|true|false
15:41:47.0 (101404936)|VARIABLE_ASSIGNMENT|[39]|this|{}|0xec2accd
15:41:47.0 (101410325)|VARIABLE_SCOPE_BEGIN|[39]|versionIn|Double|false|false
15:41:47.0 (101422609)|VARIABLE_ASSIGNMENT|[39]|versionIn|34.0
15:41:47.0 (101426742)|VARIABLE_SCOPE_BEGIN|[39]|javaObj|java:sfdc.chatter.connect.api.output.feeds.LikeCollectionRepresentation|true|false
15:41:47.0 (101523644)|VARIABLE_ASSIGNMENT|[39]|javaObj|"sfdc.chatter.connect.api.output.feeds.LikeCollectionRepresentation@2aad4bad"|0x2aad4bad
15:41:47.0 (101967912)|SYSTEM_METHOD_EXIT|[5]|ChatterLike
15:41:47.0 (101976482)|HEAP_ALLOCATE|[59]|Bytes:44
15:41:47.0 (101982373)|HEAP_ALLOCATE|[59]|Bytes:12
15:41:47.0 (101987030)|HEAP_ALLOCATE|[59]|Bytes:8
15:41:47.0 (101992169)|VARIABLE_SCOPE_BEGIN|[29]|this|ConnectApi.ChatterLike|true|false
15:41:47.0 (102027991)|VARIABLE_ASSIGNMENT|[29]|this|{}|0x5c83a88c
15:41:47.0 (102034137)|VARIABLE_SCOPE_BEGIN|[29]|versionIn|Double|false|false
15:41:47.0 (102045004)|VARIABLE_ASSIGNMENT|[29]|versionIn|34.0
15:41:47.0 (102048611)|VARIABLE_SCOPE_BEGIN|[29]|javaObj|java:sfdc.chatter.connect.api.output.feeds.LikeRepresentation|true|false
15:41:47.0 (102143104)|VARIABLE_ASSIGNMENT|[29]|javaObj|"sfdc.chatter.connect.api.output.feeds.LikeRepresentation@1e2086c6"|0x1e2086c6
15:41:47.0 (102737793)|SYSTEM_METHOD_EXIT|[5]|UserSummary
15:41:47.0 (102746863)|HEAP_ALLOCATE|[44]|Bytes:164
15:41:47.0 (102753203)|HEAP_ALLOCATE|[44]|Bytes:12
15:41:47.0 (102758169)|HEAP_ALLOCATE|[44]|Bytes:8
15:41:47.0 (102763206)|VARIABLE_SCOPE_BEGIN|[18]|this|ConnectApi.UserSummary|true|false
15:41:47.0 (102816384)|HEAP_ALLOCATE|[44]|Bytes:344
15:41:47.0 (102825823)|HEAP_ALLOCATE|[44]|Bytes:76
15:41:47.0 (102860781)|SYSTEM_METHOD_ENTRY|[5]|User.User()
15:41:47.0 (102863888)|STATEMENT_EXECUTE|[5]
15:41:47.0 (102873613)|SYSTEM_METHOD_EXIT|[5]|User
15:41:47.0 (102897695)|HEAP_ALLOCATE|[44]|Bytes:204
15:41:47.0 (102905672)|HEAP_ALLOCATE|[44]|Bytes:49
15:41:47.0 (102915735)|SYSTEM_METHOD_ENTRY|[5]|ActorWithId.ActorWithId()
15:41:47.0 (102918997)|STATEMENT_EXECUTE|[5]
15:41:47.0 (102927443)|SYSTEM_METHOD_EXIT|[5]|ActorWithId
15:41:47.0 (102942079)|HEAP_ALLOCATE|[44]|Bytes:116
15:41:47.0 (102949546)|HEAP_ALLOCATE|[44]|Bytes:40
15:41:47.0 (102958357)|SYSTEM_METHOD_ENTRY|[5]|Actor.Actor()
15:41:47.0 (102961005)|STATEMENT_EXECUTE|[5]
15:41:47.0 (102968135)|SYSTEM_METHOD_EXIT|[5]|Actor
15:41:47.0 (102990409)|VARIABLE_ASSIGNMENT|[18]|this|{}|0x51ff50b
15:41:47.0 (102995207)|VARIABLE_SCOPE_BEGIN|[18]|versionIn|Double|false|false
15:41:47.0 (103006152)|VARIABLE_ASSIGNMENT|[18]|versionIn|34.0
15:41:47.0 (103010882)|VARIABLE_SCOPE_BEGIN|[18]|javaObj|java:sfdc.chatter.connect.api.output.user.UserSummaryRepresentation|true|false
15:41:47.0 (103111452)|VARIABLE_ASSIGNMENT|[18]|javaObj|"\n\u003CUser id(00550000005d7KnAAI) name(Test User) /\u003E"|0x45af2626
15:41:47.0 (104009371)|SYSTEM_METHOD_EXIT|[5]|Photo
15:41:47.0 (104020616)|HEAP_ALLOCATE|[64]|Bytes:68
15:41:47.0 (104027800)|HEAP_ALLOCATE|[64]|Bytes:12
15:41:47.0 (104033324)|HEAP_ALLOCATE|[64]|Bytes:8
15:41:47.0 (104039940)|VARIABLE_SCOPE_BEGIN|[35]|this|ConnectApi.Photo|true|false
15:41:47.0 (104087826)|VARIABLE_ASSIGNMENT|[35]|this|{}|0x42921d7
15:41:47.0 (104094372)|VARIABLE_SCOPE_BEGIN|[35]|versionIn|Double|false|false
15:41:47.0 (104108280)|VARIABLE_ASSIGNMENT|[35]|versionIn|34.0
15:41:47.0 (104113157)|VARIABLE_SCOPE_BEGIN|[35]|javaObj|java:sfdc.chatter.connect.api.output.photo.PhotoRepresentation|true|false
15:41:47.0 (104225313)|VARIABLE_ASSIGNMENT|[35]|javaObj|"sfdc.chatter.connect.api.output.photo.PhotoRepresentation@1ea58122"|0x1ea58122
15:41:47.0 (107228598)|SYSTEM_METHOD_EXIT|[5]|CommentsCapability
15:41:47.0 (107239459)|HEAP_ALLOCATE|[106]|Bytes:20
15:41:47.0 (107247469)|HEAP_ALLOCATE|[106]|Bytes:12
15:41:47.0 (107252834)|HEAP_ALLOCATE|[106]|Bytes:8
15:41:47.0 (107259051)|VARIABLE_SCOPE_BEGIN|[18]|this|ConnectApi.CommentsCapability|true|false
15:41:47.0 (107298234)|VARIABLE_ASSIGNMENT|[18]|this|{}|0x584a0cfd
15:41:47.0 (107304683)|VARIABLE_SCOPE_BEGIN|[18]|versionIn|Double|false|false
15:41:47.0 (107318821)|VARIABLE_ASSIGNMENT|[18]|versionIn|34.0
15:41:47.0 (107338323)|VARIABLE_SCOPE_BEGIN|[18]|javaObj|java:sfdc.chatter.connect.api.output.feeds.CommentsCapabilityRepresentation|true|false
15:41:47.0 (107456541)|VARIABLE_ASSIGNMENT|[18]|javaObj|"sfdc.chatter.connect.api.output.feeds.CommentsCapabilityRepresentation@1520b9ba"|0x1520b9ba
15:41:47.0 (107713970)|SYSTEM_METHOD_EXIT|[5]|CommentPage
15:41:47.0 (107724136)|HEAP_ALLOCATE|[23]|Bytes:68
15:41:47.0 (107743759)|HEAP_ALLOCATE|[23]|Bytes:12
15:41:47.0 (107750239)|HEAP_ALLOCATE|[23]|Bytes:8
15:41:47.0 (107759373)|VARIABLE_SCOPE_BEGIN|[35]|this|ConnectApi.CommentPage|true|false
15:41:47.0 (107809140)|VARIABLE_ASSIGNMENT|[35]|this|{}|0x273e86ad
15:41:47.0 (107815647)|VARIABLE_SCOPE_BEGIN|[35]|versionIn|Double|false|false
15:41:47.0 (107828816)|VARIABLE_ASSIGNMENT|[35]|versionIn|34.0
15:41:47.0 (107834091)|VARIABLE_SCOPE_BEGIN|[35]|javaObj|java:sfdc.chatter.connect.api.output.feeds.FeedElementCommentCollectionRepresentation|true|false
15:41:47.0 (107939296)|VARIABLE_ASSIGNMENT|[35]|javaObj|"sfdc.chatter.connect.api.output.feeds.FeedElementCommentCollectionRepresentation@7b43012"|0x7b43012
15:41:47.0 (108390832)|SYSTEM_METHOD_EXIT|[5]|Comment
15:41:47.0 (108401969)|HEAP_ALLOCATE|[48]|Bytes:156
15:41:47.0 (108409678)|HEAP_ALLOCATE|[48]|Bytes:12
15:41:47.0 (108414847)|HEAP_ALLOCATE|[48]|Bytes:8
15:41:47.0 (108420926)|VARIABLE_SCOPE_BEGIN|[57]|this|ConnectApi.Comment|true|false
15:41:47.0 (108472079)|VARIABLE_ASSIGNMENT|[57]|this|{}|0xf91e9fd
15:41:47.0 (108476399)|VARIABLE_SCOPE_BEGIN|[57]|versionIn|Double|false|false
15:41:47.0 (108484004)|VARIABLE_ASSIGNMENT|[57]|versionIn|34.0
15:41:47.0 (108486380)|VARIABLE_SCOPE_BEGIN|[57]|javaObj|java:sfdc.chatter.connect.api.output.feeds.CommentRepresentation|true|false
15:41:47.0 (108578096)|VARIABLE_ASSIGNMENT|[57]|javaObj|"\n\u003CComment id(0D750000002KRgU) parent(sfdc.common.connect.api.output.common.ReferenceRepresentation@1f6c7cdc) \u003E\n\u003CFeedBody text(Test), isRichText(false) /\u003E\n\u003CUser id(00550000005d7KnAAI) name(Test User) /\u003E\n\u003C/Comment"|0x4c348a72
15:41:47.0 (109161769)|SYSTEM_METHOD_EXIT|[5]|CommentCapabilities
15:41:47.0 (109169568)|HEAP_ALLOCATE|[68]|Bytes:28
15:41:47.0 (109174117)|HEAP_ALLOCATE|[68]|Bytes:12
15:41:47.0 (109177410)|HEAP_ALLOCATE|[68]|Bytes:8
15:41:47.0 (109181076)|VARIABLE_SCOPE_BEGIN|[25]|this|ConnectApi.CommentCapabilities|true|false
15:41:47.0 (109208626)|VARIABLE_ASSIGNMENT|[25]|this|{}|0x6a260746
15:41:47.0 (109212359)|VARIABLE_SCOPE_BEGIN|[25]|versionIn|Double|false|false
15:41:47.0 (109221659)|VARIABLE_ASSIGNMENT|[25]|versionIn|34.0
15:41:47.0 (109225952)|VARIABLE_SCOPE_BEGIN|[25]|javaObj|java:sfdc.chatter.connect.api.output.feeds.CommentCapabilitySetRepresentation|true|false
15:41:47.0 (109315470)|VARIABLE_ASSIGNMENT|[25]|javaObj|"sfdc.chatter.connect.api.output.feeds.CommentCapabilitySetRepresentation@6af8c5fe"|0x6af8c5fe
15:41:47.0 (111633429)|SYSTEM_METHOD_EXIT|[5]|MentionSegment
15:41:47.0 (111641208)|HEAP_ALLOCATE|[43]|Bytes:60
15:41:47.0 (111646070)|HEAP_ALLOCATE|[43]|Bytes:12
15:41:47.0 (111649417)|HEAP_ALLOCATE|[43]|Bytes:8
15:41:47.0 (111653447)|VARIABLE_SCOPE_BEGIN|[24]|this|ConnectApi.MentionSegment|true|false
15:41:47.0 (111687473)|VARIABLE_ASSIGNMENT|[24]|this|{}|0x7e81b158
15:41:47.0 (111691640)|VARIABLE_SCOPE_BEGIN|[24]|versionIn|Double|false|false
15:41:47.0 (111702162)|VARIABLE_ASSIGNMENT|[24]|versionIn|34.0
15:41:47.0 (111704515)|VARIABLE_SCOPE_BEGIN|[24]|javaObj|java:sfdc.chatter.connect.api.output.feeds.MentionMessageSegmentRepresentation|true|false
15:41:47.0 (111789664)|VARIABLE_ASSIGNMENT|[24]|javaObj|"Mention(\"Test User\",00550000005d7KnAAI,true)"|0x244795f9
15:41:47.0 (122585553)|SYSTEM_METHOD_EXIT|[5]|InteractionsCapability
15:41:47.0 (122594506)|HEAP_ALLOCATE|[127]|Bytes:20
15:41:47.0 (122599835)|HEAP_ALLOCATE|[127]|Bytes:12
15:41:47.0 (122603288)|HEAP_ALLOCATE|[127]|Bytes:8
15:41:47.0 (122607412)|VARIABLE_SCOPE_BEGIN|[18]|this|ConnectApi.InteractionsCapability|true|false
15:41:47.0 (122642165)|VARIABLE_ASSIGNMENT|[18]|this|{}|0x8bc63ba
15:41:47.0 (122646247)|VARIABLE_SCOPE_BEGIN|[18]|versionIn|Double|false|false
15:41:47.0 (122654326)|VARIABLE_ASSIGNMENT|[18]|versionIn|34.0
15:41:47.0 (122656522)|VARIABLE_SCOPE_BEGIN|[18]|javaObj|java:sfdc.chatter.connect.api.output.feeds.InteractionsCapabilityRepresentation|true|false
15:41:47.0 (122743477)|VARIABLE_ASSIGNMENT|[18]|javaObj|"sfdc.chatter.connect.api.output.feeds.InteractionsCapabilityRepresentation@68254d8a"|0x68254d8a
15:41:47.0 (122953167)|SYSTEM_METHOD_EXIT|[5]|MuteCapability
15:41:47.0 (122960158)|HEAP_ALLOCATE|[136]|Bytes:20
15:41:47.0 (122964333)|HEAP_ALLOCATE|[136]|Bytes:12
15:41:47.0 (122967716)|HEAP_ALLOCATE|[136]|Bytes:8
15:41:47.0 (122971526)|VARIABLE_SCOPE_BEGIN|[18]|this|ConnectApi.MuteCapability|true|false
15:41:47.0 (122998323)|VARIABLE_ASSIGNMENT|[18]|this|{}|0x1b5d2aa7
15:41:47.0 (123002021)|VARIABLE_SCOPE_BEGIN|[18]|versionIn|Double|false|false
15:41:47.0 (123010329)|VARIABLE_ASSIGNMENT|[18]|versionIn|34.0
15:41:47.0 (123013003)|VARIABLE_SCOPE_BEGIN|[18]|javaObj|java:sfdc.chatter.connect.api.output.feeds.MuteCapabilityRepresentation|true|false
15:41:47.0 (123081128)|VARIABLE_ASSIGNMENT|[18]|javaObj|"sfdc.chatter.connect.api.output.feeds.MuteCapabilityRepresentation@32d8c68"|0x32d8c68
15:41:47.0 (123310125)|SYSTEM_METHOD_EXIT|[5]|StatusCapability
15:41:47.0 (123317018)|HEAP_ALLOCATE|[157]|Bytes:28
15:41:47.0 (123321206)|HEAP_ALLOCATE|[157]|Bytes:12
15:41:47.0 (123324712)|HEAP_ALLOCATE|[157]|Bytes:8
15:41:47.0 (123328524)|VARIABLE_SCOPE_BEGIN|[20]|this|ConnectApi.StatusCapability|true|false
15:41:47.0 (123357960)|VARIABLE_ASSIGNMENT|[20]|this|{}|0x68e79e04
15:41:47.0 (123362157)|VARIABLE_SCOPE_BEGIN|[20]|versionIn|Double|false|false
15:41:47.0 (123369380)|VARIABLE_ASSIGNMENT|[20]|versionIn|34.0
15:41:47.0 (123371887)|VARIABLE_SCOPE_BEGIN|[20]|javaObj|java:sfdc.chatter.connect.api.output.feeds.StatusCapabilityRepresentation|true|false
15:41:47.0 (123445051)|VARIABLE_ASSIGNMENT|[20]|javaObj|"sfdc.chatter.connect.api.output.feeds.StatusCapabilityRepresentation@2a6cc78f"|0x2a6cc78f
15:41:47.0 (123826595)|SYSTEM_METHOD_EXIT|[5]|TopicsCapability
15:41:47.0 (123833338)|HEAP_ALLOCATE|[160]|Bytes:28
15:41:47.0 (123837606)|HEAP_ALLOCATE|[160]|Bytes:12
15:41:47.0 (123841076)|HEAP_ALLOCATE|[160]|Bytes:8
15:41:47.0 (123844764)|VARIABLE_SCOPE_BEGIN|[20]|this|ConnectApi.TopicsCapability|true|false
15:41:47.0 (123874011)|VARIABLE_ASSIGNMENT|[20]|this|{}|0x5816c877
15:41:47.0 (123877679)|VARIABLE_SCOPE_BEGIN|[20]|versionIn|Double|false|false
15:41:47.0 (123885213)|VARIABLE_ASSIGNMENT|[20]|versionIn|34.0
15:41:47.0 (123887425)|VARIABLE_SCOPE_BEGIN|[20]|javaObj|java:sfdc.chatter.connect.api.output.feeds.TopicsCapabilityRepresentation|true|false
15:41:47.0 (123956983)|VARIABLE_ASSIGNMENT|[20]|javaObj|"sfdc.chatter.connect.api.output.feeds.TopicsCapabilityRepresentation@373751d1"|0x373751d1
15:41:47.0 (154349707)|METHOD_EXIT|[67]||ConnectApi.ChatterFeeds.getFeedElementsFromFeed(String, ConnectApi.FeedType, String)
15:41:47.0 (154365999)|VARIABLE_SCOPE_BEGIN|[67]|fep|ConnectApi.FeedElementPage|true|false
15:41:47.0 (154434822)|VARIABLE_ASSIGNMENT|[67]|fep|{}|0x256871d7
15:41:47.0 (154442051)|STATEMENT_EXECUTE|[68]
15:41:47.0 (154529599)|HEAP_ALLOCATE|[68]|Bytes:84
15:41:47.0 (154539112)|VARIABLE_SCOPE_BEGIN|[105]|this|ConnectApi.FeedElementPage|true|false
15:41:47.0 (154577638)|VARIABLE_ASSIGNMENT|[105]|this|{}|0x256871d7
15:41:47.0 (245443711)|USER_DEBUG|[68]|DEBUG|ConnectApi.FeedElementPage[buildVersion=34.0, currentPageToken=null, currentPageUrl=/services/data/v34.0/chatter/feeds/user-profile/00550000005cg71AAA/feed-elements, elements=(ConnectApi.FeedItem[buildVersion=34.0, actor=ConnectApi.UserSummary[buildVersion=34.0, additionalLabel=null, communityNickname=bfffollow1.4689653052892656E12, companyName=BFFFollow, displayName=Jaswinder Rattanpal, firstName=Jaswinder, id=00550000005cg71AAA, isActive=true, isInThisCommunity=true, lastName=Rattanpal, motif=ConnectApi.Motif[buildVersion=34.0, color=65CAE4, largeIconUrl=/img/icon/profile64.png, mediumIconUrl=/img/icon/profile32.png, smallIconUrl=/img/icon/profile16.png, svgIconUrl=null], mySubscription=null, name=Jaswinder Rattanpal, photo=ConnectApi.Photo[buildVersion=34.0, fullEmailPhotoUrl=https://bfffollow-dev-ed.my.salesforce.com/img/userprofile/default_profile_200.png?fromEmail=1, largePhotoUrl=https://bfffollow-dev-ed--c.na3.content.force.com/profilephoto/005/F, photoVersionId=null, smallPhotoUrl=https://bfffollow-dev-ed--c.na3.content.force.com/profilephoto/005/T, standardEmailPhotoUrl=https://bfffollow-dev-ed.my.salesforce.com/img/userprofile/default_profile_45.png?fromEmail=1, url=/services/data/v34.0/chatter/users/00550000005cg71AAA/photo], reputation=null, title=null, type=User, url=/services/data/v34.0/chatter/users/00550000005cg71AAA, userType=Internal], body=ConnectApi.FeedBody[buildVersion=34.0, messageSegments=(ConnectApi.MarkupBeginSegment[buildVersion=34.0, text=, type=MarkupBegin], ConnectApi.TextSegment[buildVersion=34.0, text=Test 1, type=Text], ConnectApi.MarkupEndSegment[buildVersion=34.0, text=
, type=MarkupEnd]), text=Test 1
], canShare=true, capabilities=ConnectApi.FeedElementCapabilities[buildVersion=34.0, approval=null, associatedActions=ConnectApi.AssociatedActionsCapability[buildVersion=34.0, platformActionGroups=()], banner=null, bookmarks=ConnectApi.BookmarksCapability[buildVersion=34.0, isBookmarkedByCurrentUser=false], bundle=null, canvas=null, caseComment=null, chatterLikes=ConnectApi.ChatterLikesCapability[buildVersion=34.0, isLikedByCurrentUser=false, likesMessage=ConnectApi.MessageBody[buildVersion=34.0, messageSegments=(ConnectApi.EntityLinkSegment[buildVersion=34.0, motif=ConnectApi.Motif[buildVersion=34.0, color=65CAE4, largeIconUrl=/img/icon/profile64.png, mediumIconUrl=/img/icon/profile32.png, smallIconUrl=/img/icon/profile16.png, svgIconUrl=null], reference=ConnectApi.Reference[buildVersion=34.0, id=00550000005d7KnAAI, url=/services/data/v34.0/chatter/users/00550000005d7KnAAI], text=Test User, type=EntityLink], ConnectApi.TextSegment[buildVersion=34.0, text= likes this., type=Text]), text=Test User likes this.], myLike=null, page=ConnectApi.ChatterLikePage[buildVersion=34.0, currentPageToken=0, currentPageUrl=/services/data/v34.0/chatter/feed-elements/0D55000003LmBsDCAV/capabilities/chatter-likes/items, items=(ConnectApi.ChatterLike[buildVersion=34.0, id=0I050000001eN0WCAU, likedItem=ConnectApi.Reference[buildVersion=34.0, id=0D55000003LmBsDCAV, url=/services/data/v34.0/chatter/feed-elements/0D55000003LmBsDCAV], url=/services/data/v34.0/chatter/likes/0I050000001eN0WCAU, user=ConnectApi.UserSummary[buildVersion=34.0, additionalLabel=null, communityNickname=jrattanpal, companyName=null, displayName=Test User, firstName=Test, id=00550000005d7KnAAI, isActive=true, isInThisCommunity=true, lastName=User, motif=ConnectApi.Motif[buildVersion=34.0, color=65CAE4, largeIconUrl=/img/icon/profile64.png, mediumIconUrl=/img/icon/profile32.png, smallIconUrl=/img/icon/profile16.png, svgIconUrl=null], mySubscription=ConnectApi.Reference[buildVersion=34.0, id=0E85000000Dvxc2CAB, url=/services/data/v34.0/chatter/subscriptions/0E85000000Dvxc2CAB], name=Test User, photo=ConnectApi.Photo[buildVersion=34.0, fullEmailPhotoUrl=https://bfffollow-dev-ed.my.salesforce.com/img/userprofile/default_profile_200.png?fromEmail=1, largePhotoUrl=https://bfffollow-dev-ed--c.na3.content.force.com/profilephoto/005/F, photoVersionId=null, smallPhotoUrl=https://bfffollow-dev-ed--c.na3.content.force.com/profilephoto/005/T, standardEmailPhotoUrl=https://bfffollow-dev-ed.my.salesforce.com/img/userprofile/default_profile_45.png?fromEmail=1, url=/services/data/v34.0/chatter/users/00550000005d7KnAAI/photo], reputation=null, title=null, type=User, url=/services/data/v34.0/chatter/users/00550000005d7KnAAI, userType=Internal]]), nextPageToken=null, nextPageUrl=null, previousPageToken=null, previousPageUrl=null, total=1]], comments=ConnectApi.CommentsCapability[buildVersion=34.0, page=ConnectApi.CommentPage[buildVersion=34.0, currentPageToken=null, currentPageUrl=/services/data/v34.0/chatter/feed-elements/0D55000003LmBsDCAV/capabilities/comments/items, items=(ConnectApi.Comment[buildVersion=34.0, body=ConnectApi.FeedBody[buildVersion=34.0, messageSegments=(ConnectApi.TextSegment[buildVersion=34.0, text=Test, type=Text]), text=Test], capabilities=ConnectApi.CommentCapabilities[buildVersion=34.0, content=null, edit=null], clientInfo=null, createdDate=2016-07-21 10:45:26, feedElement=ConnectApi.Reference[buildVersion=34.0, id=0D55000003LmBsDCAV, url=/services/data/v34.0/chatter/feed-elements/0D55000003LmBsDCAV], id=0D750000002KRgUCAW, isDeleteRestricted=false, likes=ConnectApi.ChatterLikePage[buildVersion=34.0, currentPageToken=null, currentPageUrl=/services/data/v34.0/chatter/comments/0D750000002KRgUCAW/likes, items=(), nextPageToken=null, nextPageUrl=null, previousPageToken=null, previousPageUrl=null, total=0], likesMessage=null, moderationFlags=null, myLike=null, parent=ConnectApi.Reference[buildVersion=34.0, id=00550000005cg71AAA, url=/services/data/v34.0/chatter/users/00550000005cg71AAA], relativeCreatedDate=4h ago, type=TextComment, url=/services/data/v34.0/chatter/comments/0D750000002KRgUCAW, user=ConnectApi.UserSummary[buildVersion=34.0, additionalLabel=null, communityNickname=jrattanpal, companyName=null, displayName=Test User, firstName=Test, id=00550000005d7KnAAI, isActive=true, isInThisCommunity=true, lastName=User, motif=ConnectApi.Motif[buildVersion=34.0, color=65CAE4, largeIconUrl=/img/icon/profile64.png, mediumIconUrl=/img/icon/profile32.png, smallIconUrl=/img/icon/profile16.png, svgIconUrl=null], mySubscription=ConnectApi.Reference[buildVersion=34.0, id=0E85000000Dvxc2CAB, url=/services/data/v34.0/chatter/subscriptions/0E85000000Dvxc2CAB], name=Test User, photo=ConnectApi.Photo[buildVersion=34.0, fullEmailPhotoUrl=https://bfffollow-dev-ed.my.salesforce.com/img/userprofile/default_profile_200.png?fromEmail=1, largePhotoUrl=https://bfffollow-dev-ed--c.na3.content.force.com/profilephoto/005/F, photoVersionId=null, smallPhotoUrl=https://bfffollow-dev-ed--c.na3.content.force.com/profilephoto/005/T, standardEmailPhotoUrl=https://bfffollow-dev-ed.my.salesforce.com/img/userprofile/default_profile_45.png?fromEmail=1, url=/services/data/v34.0/chatter/users/00550000005d7KnAAI/photo], reputation=null, title=null, type=User, url=/services/data/v34.0/chatter/users/00550000005d7KnAAI, userType=Internal]], ConnectApi.Comment[buildVersion=34.0, body=ConnectApi.FeedBody[buildVersion=34.0, messageSegments=(ConnectApi.MentionSegment[buildVersion=34.0, accessible=true, name=Test User, record=ConnectApi.UserSummary[buildVersion=34.0, additionalLabel=null, communityNickname=jrattanpal, companyName=null, displayName=Test User, firstName=Test, id=00550000005d7KnAAI, isActive=true, isInThisCommunity=true, lastName=User, motif=ConnectApi.Motif[buildVersion=34.0, color=65CAE4, largeIconUrl=/img/icon/profile64.png, mediumIconUrl=/img/icon/profile32.png, smallIconUrl=/img/icon/profile16.png, svgIconUrl=null], mySubscription=ConnectApi.Reference[buildVersion=34.0, id=0E85000000Dvxc2CAB, url=/services/data/v34.0/chatter/subscriptions/0E85000000Dvxc2CAB], name=Test User, photo=ConnectApi.Photo[buildVersion=34.0, fullEmailPhotoUrl=https://bfffollow-dev-ed.my.salesforce.com/img/userprofile/default_profile_200.png?fromEmail=1, largePhotoUrl=https://bfffollow-dev-ed--c.na3.content.force.com/profilephoto/005/F, photoVersionId=null, smallPhotoUrl=https://bfffollow-dev-ed--c.na3.content.force.com/profilephoto/005/T, standardEmailPhotoUrl=https://bfffollow-dev-ed.my.salesforce.com/img/userprofile/default_profile_45.png?fromEmail=1, url=/services/data/v34.0/chatter/users/00550000005d7KnAAI/photo], reputation=null, title=null, type=User, url=/services/data/v34.0/chatter/users/00550000005d7KnAAI, userType=Internal], text=@Test User, type=Mention]), text=@Test User], capabilities=ConnectApi.CommentCapabilities[buildVersion=34.0, content=null, edit=null], clientInfo=null, createdDate=2016-07-21 10:45:59, feedElement=ConnectApi.Reference[buildVersion=34.0, id=0D55000003LmBsDCAV, url=/services/data/v34.0/chatter/feed-elements/0D55000003LmBsDCAV], id=0D750000002KRl0CAG, isDeleteRestricted=false, likes=ConnectApi.ChatterLikePage[buildVersion=34.0, currentPageToken=null, currentPageUrl=/services/data/v34.0/chatter/comments/0D750000002KRl0CAG/likes, items=(), nextPageToken=null, nextPageUrl=null, previousPageToken=null, previousPageUrl=null, total=0], likesMessage=null, moderationFlags=null, myLike=null, parent=ConnectApi.Reference[buildVersion=34.0, id=00550000005cg71AAA, url=/services/data/v34.0/chatter/users/00550000005cg71AAA], relativeCreatedDate=4h ago, type=TextComment, url=/services/data/v34.0/chatter/comments/0D750000002KRl0CAG, user=ConnectApi.UserSummary[buildVersion=34.0, additionalLabel=null, communityNickname=bfffollow1.4689653052892656E12, companyName=BFFFollow, displayName=Jaswinder Rattanpal, firstName=Jaswinder, id=00550000005cg71AAA, isActive=true, isInThisCommunity=true, lastName=Rattanpal, motif=ConnectApi.Motif[buildVersion=34.0, color=65CAE4, largeIconUrl=/img/icon/profile64.png, mediumIconUrl=/img/icon/profile32.png, smallIconUrl=/img/icon/profile16.png, svgIconUrl=null], mySubscription=null, name=Jaswinder Rattanpal, photo=ConnectApi.Photo[buildVersion=34.0, fullEmailPhotoUrl=https://bfffollow-dev-ed.my.salesforce.com/img/userprofile/default_profile_200.png?fromEmail=1, largePhotoUrl=https://bfffollow-dev-ed--c.na3.content.force.com/profilephoto/005/F, photoVersionId=null, smallPhotoUrl=https://bfffollow-dev-ed--c.na3.content.force.com/profilephoto/005/T, standardEmailPhotoUrl=https://bfffollow-dev-ed.my.salesforce.com/img/userprofile/default_profile_45.png?fromEmail=1, url=/services/data/v34.0/chatter/users/00550000005cg71AAA/photo], reputation=null, title=null, type=User, url=/services/data/v34.0/chatter/users/00550000005cg71AAA, userType=Internal]]), nextPageToken=null, nextPageUrl=null, total=2]], content=null, dashboardComponentSnapshot=null, edit=null, emailMessage=null, enhancedLink=null, link=null, moderation=null, origin=null, poll=null, questionAndAnswers=null, recommendations=null, recordSnapshot=null, topics=ConnectApi.TopicsCapability[buildVersion=34.0, canAssignTopics=true, items=()], trackedChanges=null], clientInfo=null, createdDate=2016-07-21 00:33:49, event=false, feedElementType=FeedItem, header=ConnectApi.MessageBody[buildVersion=34.0, messageSegments=(ConnectApi.EntityLinkSegment[buildVersion=34.0, motif=ConnectApi.Motif[buildVersion=34.0, color=65CAE4, largeIconUrl=/img/icon/profile64.png, mediumIconUrl=/img/icon/profile32.png, smallIconUrl=/img/icon/profile16.png, svgIconUrl=null], reference=ConnectApi.Reference[buildVersion=34.0, id=00550000005cg71AAA, url=/services/data/v34.0/chatter/users/00550000005cg71AAA], text=Jaswinder Rattanpal, type=EntityLink]), text=Jaswinder Rattanpal], id=0D55000003LmBsDCAV, isDeleteRestricted=false, modifiedDate=2016-07-21 10:45:59, originalFeedItem=null, originalFeedItemActor=null, parent=ConnectApi.UserSummary[buildVersion=34.0, additionalLabel=null, communityNickname=bfffollow1.4689653052892656E12, companyName=BFFFollow, displayName=Jaswinder Rattanpal, firstName=Jaswinder, id=00550000005cg71AAA, isActive=true, isInThisCommunity=true, lastName=Rattanpal, motif=ConnectApi.Motif[buildVersion=34.0, color=65CAE4, largeIconUrl=/img/icon/profile64.png, mediumIconUrl=/img/icon/profile32.png, smallIconUrl=/img/icon/profile16.png, svgIconUrl=null], mySubscription=null, name=Jaswinder Rattanpal, photo=ConnectApi.Photo[buildVersion=34.0, fullEmailPhotoUrl=https://bfffollow-dev-ed.my.salesforce.com/img/userprofile/default_profile_200.png?fromEmail=1, largePhotoUrl=https://bfffollow-dev-ed--c.na3.content.force.com/profilephoto/005/F, photoVersionId=null, smallPhotoUrl=https://bfffollow-dev-ed--c.na3.content.force.com/profilephoto/005/T, standardEmailPhotoUrl=https://bfffollow-dev-ed.my.salesforce.com/img/userprofile/default_profile_45.png?fromEmail=1, url=/services/data/v34.0/chatter/users/00550000005cg71AAA/photo], reputation=null, title=null, type=User, url=/services/data/v34.0/chatter/users/00550000005cg71AAA, userType=Internal], photoUrl=https://bfffollow-dev-ed--c.na3.content.force.com/profilephoto/005/T, relativeCreatedDate=15h ago, type=TextPost, url=/services/data/v34.0/chatter/feed-elements/0D55000003LmBsDCAV, visibility=AllUsers], ConnectApi.FeedItem[buildVersion=34.0, actor=ConnectApi.UserSummary[buildVersion=34.0, additionalLabel=null, communityNickname=bfffollow1.4689653052892656E12, companyName=BFFFollow, displayName=Jaswinder Rattanpal, firstName=Jaswinder, id=00550000005cg71AAA, isActive=true, isInThisCommunity=true, lastName=Rattanpal, motif=ConnectApi.Motif[buildVersion=34.0, color=65CAE4, largeIconUrl=/img/icon/profile64.png, mediumIconUrl=/img/icon/profile32.png, smallIconUrl=/img/icon/profile16.png, svgIconUrl=null], mySubscription=null, name=Jaswinder Rattanpal, photo=ConnectApi.Photo[buildVersion=34.0, fullEmailPhotoUrl=https://bfffollow-dev-ed.my.salesforce.com/img/userprofile/default_profile_200.png?fromEmail=1, largePhotoUrl=https://bfffollow-dev-ed--c.na3.content.force.com/profilephoto/005/F, photoVersionId=null, smallPhotoUrl=https://bfffollow-dev-ed--c.na3.content.force.com/profilephoto/005/T, standardEmailPhotoUrl=https://bfffollow-dev-ed.my.salesforce.com/img/userprofile/default_profile_45.png?fromEmail=1, url=/services/data/v34.0/chatter/users/00550000005cg71AAA/photo], reputation=null, title=null, type=User, url=/services/data/v34.0/chatter/users/00550000005cg71AAA, userType=Internal], body=ConnectApi.FeedBody[buildVersion=34.0, messageSegments=(), text=null], canShare=false, capabilities=ConnectApi.FeedElementCapabilities[buildVersion=34.0, approval=null, associatedActions=ConnectApi.AssociatedActionsCapability[buildVersion=34.0, platformActionGroups=()], banner=null, bookmarks=ConnectApi.BookmarksCapability[buildVersion=34.0, isBookmarkedByCurrentUser=false], bundle=null, canvas=null, caseComment=null, chatterLikes=ConnectApi.ChatterLikesCapability[buildVersion=34.0, isLikedByCurrentUser=false, likesMessage=null, myLike=null, page=ConnectApi.ChatterLikePage[buildVersion=34.0, currentPageToken=0, currentPageUrl=/services/data/v34.0/chatter/feed-elements/0D55000003LmBs8CAF/capabilities/chatter-likes/items, items=(), nextPageToken=null, nextPageUrl=null, previousPageToken=null, previousPageUrl=null, total=0]], comments=ConnectApi.CommentsCapability[buildVersion=34.0, page=ConnectApi.CommentPage[buildVersion=34.0, currentPageToken=null, currentPageUrl=/services/data/v34.0/chatter/feed-elements/0D55000003LmBs8CAF/capabilities/comments/items, items=(), nextPageToken=null, nextPageUrl=null, total=0]], content=null, dashboardComponentSnapshot=null, edit=null, emailMessage=null, enhancedLink=null, link=null, moderation=null, origin=null, poll=null, questionAndAnswers=null, recommendations=null, recordSnapshot=null, topics=ConnectApi.TopicsCapability[buildVersion=34.0, canAssignTopics=true, items=()], trackedChanges=null], clientInfo=null, createdDate=2016-07-21 00:33:42, event=false, feedElementType=FeedItem, header=ConnectApi.MessageBody[buildVersion=34.0, messageSegments=(ConnectApi.EntityLinkSegment[buildVersion=34.0, motif=ConnectApi.Motif[buildVersion=34.0, color=65CAE4, largeIconUrl=/img/icon/profile64.png, mediumIconUrl=/img/icon/profile32.png, smallIconUrl=/img/icon/profile16.png, svgIconUrl=null], reference=ConnectApi.Reference[buildVersion=34.0, id=00550000005cg71AAA, url=/services/data/v34.0/chatter/users/00550000005cg71AAA], text=Jaswinder Rattanpal, type=EntityLink], ConnectApi.TextSegment[buildVersion=34.0, text= created the public group , type=Text], ConnectApi.EntityLinkSegment[buildVersion=34.0, motif=ConnectApi.Motif[buildVersion=34.0, color=83B6FF, largeIconUrl=/img/icon/groups64.png, mediumIconUrl=/img/icon/groups32.png, smallIconUrl=/img/icon/groups16.png, svgIconUrl=null], reference=ConnectApi.Reference[buildVersion=34.0, id=0F950000000YJ5jCAG, url=/services/data/v34.0/chatter/groups/0F950000000YJ5jCAG], text=All BFFFollow, type=EntityLink], ConnectApi.TextSegment[buildVersion=34.0, text=., type=Text]), text=Jaswinder Rattanpal created the public group All BFFFollow.], id=0D55000003LmBs8CAF, isDeleteRestricted=true, modifiedDate=2016-07-21 00:33:42, originalFeedItem=null, originalFeedItemActor=null, parent=ConnectApi.UserSummary[buildVersion=34.0, additionalLabel=null, communityNickname=bfffollow1.4689653052892656E12, companyName=BFFFollow, displayName=Jaswinder Rattanpal, firstName=Jaswinder, id=00550000005cg71AAA, isActive=true, isInThisCommunity=true, lastName=Rattanpal, motif=ConnectApi.Motif[buildVersion=34.0, color=65CAE4, largeIconUrl=/img/icon/profile64.png, mediumIconUrl=/img/icon/profile32.png, smallIconUrl=/img/icon/profile16.png, svgIconUrl=null], mySubscription=null, name=Jaswinder Rattanpal, photo=ConnectApi.Photo[buildVersion=34.0, fullEmailPhotoUrl=https://bfffollow-dev-ed.my.salesforce.com/img/userprofile/default_profile_200.png?fromEmail=1, largePhotoUrl=https://bfffollow-dev-ed--c.na3.content.force.com/profilephoto/005/F, photoVersionId=null, smallPhotoUrl=https://bfffollow-dev-ed--c.na3.content.force.com/profilephoto/005/T, standardEmailPhotoUrl=https://bfffollow-dev-ed.my.salesforce.com/img/userprofile/default_profile_45.png?fromEmail=1, url=/services/data/v34.0/chatter/users/00550000005cg71AAA/photo], reputation=null, title=null, type=User, url=/services/data/v34.0/chatter/users/00550000005cg71AAA, userType=Internal], photoUrl=https://bfffollow-dev-ed--c.na3.content.force.com/profilephoto/005/T, relativeCreatedDate=15h ago, type=CollaborationGroupCreated, url=/services/data/v34.0/chatter/feed-elements/0D55000003LmBs8CAF, visibility=AllUsers]), isModifiedToken=null, isModifiedUrl=null, nextPageToken=null, nextPageUrl=null, updatesToken=null, updatesUrl=null]
15:41:47.0 (245557457)|STATEMENT_EXECUTE|[69]
15:41:47.0 (245588048)|METHOD_ENTRY|[69]||System.JSON.serialize(Object)
15:41:47.0 (268528030)|METHOD_EXIT|[69]||System.JSON.serialize(Object)
15:41:47.0 (268555466)|METHOD_EXIT|[15]|01p50000002D8iw|BFFFollow_Controller.fetchUserFeed(Id)
15:41:47.0 (268668842)|VARIABLE_ASSIGNMENT|[EXTERNAL]|this|{"debug":true,"input":"{\"mode\":\"fetchUserFe (34 more) ...","operation":"BFFFollow_Controller"}|0x5fa41f6c
15:41:47.0 (268685051)|VARIABLE_ASSIGNMENT|[EXTERNAL]|value|"{\"currentPageToken\": (15405 more) ..."
15:41:47.0 (268703656)|VARIABLE_ASSIGNMENT|[12]|this.output|"{\"currentPageToken\": (15405 more) ..."|0x5fa41f6c
15:41:47.0 (268714245)|STATEMENT_EXECUTE|[16]
15:41:47.0 (268794909)|VARIABLE_ASSIGNMENT|[EXTERNAL]|this|{"debug":true,"input":"{\"mode\":\"fetchUserFe (34 more) ...","operation":"BFFFollow_Controller","output":"{\"currentPageToken\": (15405 more) ..."}|0x5fa41f6c
15:41:47.0 (268855252)|VARIABLE_ASSIGNMENT|[EXTERNAL]|this|{"debug":true,"input":"{\"mode\":\"fetchUserFe (34 more) ...","operation":"BFFFollow_Controller","output":"{\"currentPageToken\": (15405 more) ..."}|0x5fa41f6c
15:41:47.0 (268870894)|VARIABLE_ASSIGNMENT|[EXTERNAL]|value|true
15:41:47.0 (268876688)|HEAP_ALLOCATE|[15]|Bytes:5
15:41:47.0 (268889370)|VARIABLE_ASSIGNMENT|[15]|this.outputFlag|true|0x5fa41f6c
15:41:47.0 (268905690)|STATEMENT_EXECUTE|[19]
15:41:47.0 (268907548)|STATEMENT_EXECUTE|[19]
15:41:47.0 (268917062)|HEAP_ALLOCATE|[19]|Bytes:11
15:41:47.0 (269075070)|HEAP_ALLOCATE|[19]|Bytes:15623
15:41:47.0 (269104902)|HEAP_ALLOCATE|[19]|Bytes:15634
15:41:47.0 (269130465)|USER_DEBUG|[19]|DEBUG|data AFTER:ETLC_ApexBridge_Data:[debug=true, input={"mode":"fetchUserFeed","userId":"00550000005cg71AAA"}, isSuccess=null, messages=null, operation=BFFFollow_Controller, output={"currentPageToken":null,"currentPageUrl":"/services/data/v34.0/chatter/feeds/user-profile/00550000005cg71AAA/feed-elements","elements":[{"actor":{"additionalLabel":null,"communityNickname":"bfffollow1.4689653052892656E12","companyName":"BFFFollow","displayName":"Jaswinder Rattanpal","firstName":"Jaswinder","id":"00550000005cg71AAA","isActive":true,"isInThisCommunity":true,"lastName":"Rattanpal","motif":{"color":"65CAE4","largeIconUrl":"/img/icon/profile64.png","mediumIconUrl":"/img/icon/profile32.png","smallIconUrl":"/img/icon/profile16.png","svgIconUrl":null},"mySubscription":null,"name":"Jaswinder Rattanpal","photo":{"fullEmailPhotoUrl":"https://bfffollow-dev-ed.my.salesforce.com/img/userprofile/default_profile_200.png?fromEmail=1","largePhotoUrl":"https://bfffollow-dev-ed--c.na3.content.force.com/profilephoto/005/F","photoVersionId":null,"smallPhotoUrl":"https://bfffollow-dev-ed--c.na3.content.force.com/profilephoto/005/T","standardEmailPhotoUrl":"https://bfffollow-dev-ed.my.salesforce.com/img/userprofile/default_profile_45.png?fromEmail=1","url":"/services/data/v34.0/chatter/users/00550000005cg71AAA/photo"},"reputation":null,"title":null,"type":"User","url":"/services/data/v34.0/chatter/users/00550000005cg71AAA","userType":"Internal"},"body":{"messageSegments":[{"text":"","type":"MarkupBegin"},{"text":"Test 1","type":"Text"},{"text":"\n","type":"MarkupEnd"}],"text":"Test 1\n"},"canShare":true,"capabilities":{"associatedActions":{"platformActionGroups":[]},"bookmarks":{"isBookmarkedByCurrentUser":false},"chatterLikes":{"isLikedByCurrentUser":false,"likesMessage":{"messageSegments":[{"motif":{"color":"65CAE4","largeIconUrl":"/img/icon/profile64.png","mediumIconUrl":"/img/icon/profile32.png","smallIconUrl":"/img/icon/profile16.png","svgIconUrl":null},"reference":{"id":"00550000005d7KnAAI","url":"/services/data/v34.0/chatter/users/00550000005d7KnAAI"},"text":"Test User","type":"EntityLink"},{"text":" likes this.","type":"Text"}],"text":"Test User likes this."},"myLike":null,"page":{"currentPageToken":0,"currentPageUrl":"/services/data/v34.0/chatter/feed-elements/0D55000003LmBsDCAV/capabilities/chatter-likes/items","items":[{"id":"0I050000001eN0WCAU","likedItem":{"id":"0D55000003LmBsDCAV","url":"/services/data/v34.0/chatter/feed-elements/0D55000003LmBsDCAV"},"url":"/services/data/v34.0/chatter/likes/0I050000001eN0WCAU","user":{"additionalLabel":null,"communityNickname":"jrattanpal","companyName":null,"displayName":"Test User","firstName":"Test","id":"00550000005d7KnAAI","isActive":true,"isInThisCommunity":true,"lastName":"User","motif":{"color":"65CAE4","largeIconUrl":"/img/icon/profile64.png","mediumIconUrl":"/img/icon/profile32.png","smallIconUrl":"/img/icon/profile16.png","svgIconUrl":null},"mySubscription":{"id":"0E85000000Dvxc2CAB","url":"/services/data/v34.0/chatter/subscriptions/0E85000000Dvxc2CAB"},"name":"Test User","photo":{"fullEmailPhotoUrl":"https://bfffollow-dev-ed.my.salesforce.com/img/userprofile/default_profile_200.png?fromEmail=1","largePhotoUrl":"https://bfffollow-dev-ed--c.na3.content.force.com/profilephoto/005/F","photoVersionId":null,"smallPhotoUrl":"https://bfffollow-dev-ed--c.na3.content.force.com/profilephoto/005/T","standardEmailPhotoUrl":"https://bfffollow-dev-ed.my.salesforce.com/img/userprofile/default_profile_45.png?fromEmail=1","url":"/services/data/v34.0/chatter/users/00550000005d7KnAAI/photo"},"reputation":null,"title":null,"type":"User","url":"/services/data/v34.0/chatter/users/00550000005d7KnAAI","userType":"Internal"}}],"nextPageToken":null,"nextPageUrl":null,"previousPageToken":null,"previousPageUrl":null,"total":1}},"comments":{"page":{"currentPageToken":null,"currentPageUrl":"/services/data/v34.0/chatter/feed-elements/0D55000003LmBsDCAV/capabilities/comments/items","items":[{"body":{"messageSegments":[{"text":"Test","type":"Text"}],"text":"Test"},"capabilities":{},"clientInfo":null,"createdDate":"2016-07-21T14:45:26.000Z","feedElement":{"id":"0D55000003LmBsDCAV","url":"/services/data/v34.0/chatter/feed-elements/0D55000003LmBsDCAV"},"id":"0D750000002KRgUCAW","isDeleteRestricted":false,"likes":{"currentPageToken":null,"currentPageUrl":"/services/data/v34.0/chatter/comments/0D750000002KRgUCAW/likes","items":[],"nextPageToken":null,"nextPageUrl":null,"previousPageToken":null,"previousPageUrl":null,"total":0},"likesMessage":null,"moderationFlags":null,"myLike":null,"parent":{"id":"00550000005cg71AAA","url":"/services/data/v34.0/chatter/users/00550000005cg71AAA"},"relativeCreatedDate":"4h ago","type":"TextComment","url":"/services/data/v34.0/chatter/comments/0D750000002KRgUCAW","user":{"additionalLabel":null,"communityNickname":"jrattanpal","companyName":null,"displayName":"Test User","firstName":"Test","id":"00550000005d7KnAAI","isActive":true,"isInThisCommunity":true,"lastName":"User","motif":{"color":"65CAE4","largeIconUrl":"/img/icon/profile64.png","mediumIconUrl":"/img/icon/profile32.png","smallIconUrl":"/img/icon/profile16.png","svgIconUrl":null},"mySubscription":{"id":"0E85000000Dvxc2CAB","url":"/services/data/v34.0/chatter/subscriptions/0E85000000Dvxc2CAB"},"name":"Test User","photo":{"fullEmailPhotoUrl":"https://bfffollow-dev-ed.my.salesforce.com/img/userprofile/default_profile_200.png?fromEmail=1","largePhotoUrl":"https://bfffollow-dev-ed--c.na3.content.force.com/profilephoto/005/F","photoVersionId":null,"smallPhotoUrl":"https://bfffollow-dev-ed--c.na3.content.force.com/profilephoto/005/T","standardEmailPhotoUrl":"https://bfffollow-dev-ed.my.salesforce.com/img/userprofile/default_profile_45.png?fromEmail=1","url":"/services/data/v34.0/chatter/users/00550000005d7KnAAI/photo"},"reputation":null,"title":null,"type":"User","url":"/services/data/v34.0/chatter/users/00550000005d7KnAAI","userType":"Internal"}},{"body":{"messageSegments":[{"accessible":true,"name":"Test User","record":{"additionalLabel":null,"communityNickname":"jrattanpal","companyName":null,"displayName":"Test User","firstName":"Test","id":"00550000005d7KnAAI","isActive":true,"isInThisCommunity":true,"lastName":"User","motif":{"color":"65CAE4","largeIconUrl":"/img/icon/profile64.png","mediumIconUrl":"/img/icon/profile32.png","smallIconUrl":"/img/icon/profile16.png","svgIconUrl":null},"mySubscription":{"id":"0E85000000Dvxc2CAB","url":"/services/data/v34.0/chatter/subscriptions/0E85000000Dvxc2CAB"},"name":"Test User","photo":{"fullEmailPhotoUrl":"https://bfffollow-dev-ed.my.salesforce.com/img/userprofile/default_profile_200.png?fromEmail=1","largePhotoUrl":"https://bfffollow-dev-ed--c.na3.content.force.com/profilephoto/005/F","photoVersionId":null,"smallPhotoUrl":"https://bfffollow-dev-ed--c.na3.content.force.com/profilephoto/005/T","standardEmailPhotoUrl":"https://bfffollow-dev-ed.my.salesforce.com/img/userprofile/default_profile_45.png?fromEmail=1","url":"/services/data/v34.0/chatter/users/00550000005d7KnAAI/photo"},"reputation":null,"title":null,"type":"User","url":"/services/data/v34.0/chatter/users/00550000005d7KnAAI","userType":"Internal"},"text":"@Test User","type":"Mention"}],"text":"@Test User"},"capabilities":{},"clientInfo":null,"createdDate":"2016-07-21T14:45:59.000Z","feedElement":{"id":"0D55000003LmBsDCAV","url":"/services/data/v34.0/chatter/feed-elements/0D55000003LmBsDCAV"},"id":"0D750000002KRl0CAG","isDeleteRestricted":false,"likes":{"currentPageToken":null,"currentPageUrl":"/services/data/v34.0/chatter/comments/0D750000002KRl0CAG/likes","items":[],"nextPageToken":null,"nextPageUrl":null,"previousPageToken":null,"previousPageUrl":null,"total":0},"likesMessage":null,"moderationFlags":null,"myLike":null,"parent":{"id":"00550000005cg71AAA","url":"/services/data/v34.0/chatter/users/00550000005cg71AAA"},"relativeCreatedDate":"4h ago","type":"TextComment","url":"/services/data/v34.0/chatter/comments/0D750000002KRl0CAG","user":{"additionalLabel":null,"communityNickname":"bfffollow1.4689653052892656E12","companyName":"BFFFollow","displayName":"Jaswinder Rattanpal","firstName":"Jaswinder","id":"00550000005cg71AAA","isActive":true,"isInThisCommunity":true,"lastName":"Rattanpal","motif":{"color":"65CAE4","largeIconUrl":"/img/icon/profile64.png","mediumIconUrl":"/img/icon/profile32.png","smallIconUrl":"/img/icon/profile16.png","svgIconUrl":null},"mySubscription":null,"name":"Jaswinder Rattanpal","photo":{"fullEmailPhotoUrl":"https://bfffollow-dev-ed.my.salesforce.com/img/userprofile/default_profile_200.png?fromEmail=1","largePhotoUrl":"https://bfffollow-dev-ed--c.na3.content.force.com/profilephoto/005/F","photoVersionId":null,"smallPhotoUrl":"https://bfffollow-dev-ed--c.na3.content.force.com/profilephoto/005/T","standardEmailPhotoUrl":"https://bfffollow-dev-ed.my.salesforce.com/img/userprofile/default_profile_45.png?fromEmail=1","url":"/services/data/v34.0/chatter/users/00550000005cg71AAA/photo"},"reputation":null,"title":null,"type":"User","url":"/services/data/v34.0/chatter/users/00550000005cg71AAA","userType":"Internal"}}],"nextPageToken":null,"nextPageUrl":null,"total":2}},"topics":{"canAssignTopics":true,"items":[]}},"clientInfo":null,"createdDate":"2016-07-21T04:33:49.000Z","event":false,"feedElementType":"FeedItem","header":{"messageSegments":[{"motif":{"color":"65CAE4","largeIconUrl":"/img/icon/profile64.png","mediumIconUrl":"/img/icon/profile32.png","smallIconUrl":"/img/icon/profile16.png","svgIconUrl":null},"reference":{"id":"00550000005cg71AAA","url":"/services/data/v34.0/chatter/users/00550000005cg71AAA"},"text":"Jaswinder Rattanpal","type":"EntityLink"}],"text":"Jaswinder Rattanpal"},"id":"0D55000003LmBsDCAV","isDeleteRestricted":false,"modifiedDate":"2016-07-21T14:45:59.000Z","originalFeedItem":null,"originalFeedItemActor":null,"parent":{"additionalLabel":null,"communityNickname":"bfffollow1.4689653052892656E12","companyName":"BFFFollow","displayName":"Jaswinder Rattanpal","firstName":"Jaswinder","id":"00550000005cg71AAA","isActive":true,"isInThisCommunity":true,"lastName":"Rattanpal","motif":{"color":"65CAE4","largeIconUrl":"/img/icon/profile64.png","mediumIconUrl":"/img/icon/profile32.png","smallIconUrl":"/img/icon/profile16.png","svgIconUrl":null},"mySubscription":null,"name":"Jaswinder Rattanpal","photo":{"fullEmailPhotoUrl":"https://bfffollow-dev-ed.my.salesforce.com/img/userprofile/default_profile_200.png?fromEmail=1","largePhotoUrl":"https://bfffollow-dev-ed--c.na3.content.force.com/profilephoto/005/F","photoVersionId":null,"smallPhotoUrl":"https://bfffollow-dev-ed--c.na3.content.force.com/profilephoto/005/T","standardEmailPhotoUrl":"https://bfffollow-dev-ed.my.salesforce.com/img/userprofile/default_profile_45.png?fromEmail=1","url":"/services/data/v34.0/chatter/users/00550000005cg71AAA/photo"},"reputation":null,"title":null,"type":"User","url":"/services/data/v34.0/chatter/users/00550000005cg71AAA","userType":"Internal"},"photoUrl":"https://bfffollow-dev-ed--c.na3.content.force.com/profilephoto/005/T","relativeCreatedDate":"15h ago","type":"TextPost","url":"/services/data/v34.0/chatter/feed-elements/0D55000003LmBsDCAV","visibility":"AllUsers"},{"actor":{"additionalLabel":null,"communityNickname":"bfffollow1.4689653052892656E12","companyName":"BFFFollow","displayName":"Jaswinder Rattanpal","firstName":"Jaswinder","id":"00550000005cg71AAA","isActive":true,"isInThisCommunity":true,"lastName":"Rattanpal","motif":{"color":"65CAE4","largeIconUrl":"/img/icon/profile64.png","mediumIconUrl":"/img/icon/profile32.png","smallIconUrl":"/img/icon/profile16.png","svgIconUrl":null},"mySubscription":null,"name":"Jaswinder Rattanpal","photo":{"fullEmailPhotoUrl":"https://bfffollow-dev-ed.my.salesforce.com/img/userprofile/default_profile_200.png?fromEmail=1","largePhotoUrl":"https://bfffollow-dev-ed--c.na3.content.force.com/profilephoto/005/F","photoVersionId":null,"smallPhotoUrl":"https://bfffollow-dev-ed--c.na3.content.force.com/profilephoto/005/T","standardEmailPhotoUrl":"https://bfffollow-dev-ed.my.salesforce.com/img/userprofile/default_profile_45.png?fromEmail=1","url":"/services/data/v34.0/chatter/users/00550000005cg71AAA/photo"},"reputation":null,"title":null,"type":"User","url":"/services/data/v34.0/chatter/users/00550000005cg71AAA","userType":"Internal"},"body":{"messageSegments":[],"text":null},"canShare":false,"capabilities":{"associatedActions":{"platformActionGroups":[]},"bookmarks":{"isBookmarkedByCurrentUser":false},"chatterLikes":{"isLikedByCurrentUser":false,"likesMessage":null,"myLike":null,"page":{"currentPageToken":0,"currentPageUrl":"/services/data/v34.0/chatter/feed-elements/0D55000003LmBs8CAF/capabilities/chatter-likes/items","items":[],"nextPageToken":null,"nextPageUrl":null,"previousPageToken":null,"previousPageUrl":null,"total":0}},"comments":{"page":{"currentPageToken":null,"currentPageUrl":"/services/data/v34.0/chatter/feed-elements/0D55000003LmBs8CAF/capabilities/comments/items","items":[],"nextPageToken":null,"nextPageUrl":null,"total":0}},"topics":{"canAssignTopics":true,"items":[]}},"clientInfo":null,"createdDate":"2016-07-21T04:33:42.000Z","event":false,"feedElementType":"FeedItem","header":{"messageSegments":[{"motif":{"color":"65CAE4","largeIconUrl":"/img/icon/profile64.png","mediumIconUrl":"/img/icon/profile32.png","smallIconUrl":"/img/icon/profile16.png","svgIconUrl":null},"reference":{"id":"00550000005cg71AAA","url":"/services/data/v34.0/chatter/users/00550000005cg71AAA"},"text":"Jaswinder Rattanpal","type":"EntityLink"},{"text":" created the public group ","type":"Text"},{"motif":{"color":"83B6FF","largeIconUrl":"/img/icon/groups64.png","mediumIconUrl":"/img/icon/groups32.png","smallIconUrl":"/img/icon/groups16.png","svgIconUrl":null},"reference":{"id":"0F950000000YJ5jCAG","url":"/services/data/v34.0/chatter/groups/0F950000000YJ5jCAG"},"text":"All BFFFollow","type":"EntityLink"},{"text":".","type":"Text"}],"text":"Jaswinder Rattanpal created the public group All BFFFollow."},"id":"0D55000003LmBs8CAF","isDeleteRestricted":true,"modifiedDate":"2016-07-21T04:33:42.000Z","originalFeedItem":null,"originalFeedItemActor":null,"parent":{"additionalLabel":null,"communityNickname":"bfffollow1.4689653052892656E12","companyName":"BFFFollow","displayName":"Jaswinder Rattanpal","firstName":"Jaswinder","id":"00550000005cg71AAA","isActive":true,"isInThisCommunity":true,"lastName":"Rattanpal","motif":{"color":"65CAE4","largeIconUrl":"/img/icon/profile64.png","mediumIconUrl":"/img/icon/profile32.png","smallIconUrl":"/img/icon/profile16.png","svgIconUrl":null},"mySubscription":null,"name":"Jaswinder Rattanpal","photo":{"fullEmailPhotoUrl":"https://bfffollow-dev-ed.my.salesforce.com/img/userprofile/default_profile_200.png?fromEmail=1","largePhotoUrl":"https://bfffollow-dev-ed--c.na3.content.force.com/profilephoto/005/F","photoVersionId":null,"smallPhotoUrl":"https://bfffollow-dev-ed--c.na3.content.force.com/profilephoto/005/T","standardEmailPhotoUrl":"https://bfffollow-dev-ed.my.salesforce.com/img/userprofile/default_profile_45.png?fromEmail=1","url":"/services/data/v34.0/chatter/users/00550000005cg71AAA/photo"},"reputation":null,"title":null,"type":"User","url":"/services/data/v34.0/chatter/users/00550000005cg71AAA","userType":"Internal"},"photoUrl":"https://bfffollow-dev-ed--c.na3.content.force.com/profilephoto/005/T","relativeCreatedDate":"15h ago","type":"CollaborationGroupCreated","url":"/services/data/v34.0/chatter/feed-elements/0D55000003LmBs8CAF","visibility":"AllUsers"}],"isModifiedToken":null,"isModifiedUrl":null,"nextPageToken":null,"nextPageUrl":null,"updatesToken":null,"updatesUrl":null}, outputFlag=true, records=null]
15:41:47.0 (269217504)|METHOD_EXIT|[9]|01p50000002D8iw|BFFFollow_Controller.process(ETLC_ApexBridge_Data)
15:41:47.0 (269222410)|STATEMENT_EXECUTE|[24]
15:41:47.0 (269247431)|METHOD_ENTRY|[24]|01p50000002CIEo|ETLC_ApexBridge_Data.toJSON()
15:41:47.0 (269268230)|VARIABLE_SCOPE_BEGIN|[57]|this|ETLC_ApexBridge_Data|true|false
15:41:47.0 (269305558)|VARIABLE_ASSIGNMENT|[57]|this|{"debug":true,"input":"{\"mode\":\"fetchUserFe (34 more) ...","operation":"BFFFollow_Controller","output":"{\"currentPageToken\": (15405 more) ...","outputFlag":true}|0x5fa41f6c
15:41:47.0 (269312140)|STATEMENT_EXECUTE|[57]
15:41:47.0 (269313586)|STATEMENT_EXECUTE|[58]
15:41:47.0 (269329426)|METHOD_ENTRY|[58]||System.JSON.serialize(Object)
15:41:47.0 (269425788)|STATEMENT_EXECUTE|[22]
15:41:47.0 (269430594)|STATEMENT_EXECUTE|[23]
15:41:47.0 (269440498)|HEAP_ALLOCATE|[23]|Bytes:5
15:41:47.0 (269455032)|VARIABLE_ASSIGNMENT|[23]|this.isSuccess|true|0x5fa41f6c
15:41:47.0 (269457799)|STATEMENT_EXECUTE|[24]
15:41:47.0 (269511595)|STATEMENT_EXECUTE|[31]
15:41:47.0 (269516059)|STATEMENT_EXECUTE|[32]
15:41:47.0 (269529474)|HEAP_ALLOCATE|[32]|Bytes:4
15:41:47.0 (269616223)|VARIABLE_ASSIGNMENT|[32]|this.messages|{"s":1,"v":{}}|0x5fa41f6c
15:41:47.0 (269620518)|STATEMENT_EXECUTE|[33]
15:41:47.0 (270174145)|METHOD_EXIT|[58]||System.JSON.serialize(Object)
15:41:47.0 (270181904)|METHOD_EXIT|[24]|01p50000002CIEo|ETLC_ApexBridge_Data.toJSON()
15:41:47.0 (270194034)|SYSTEM_MODE_EXIT|false
15:41:47.270 (270243040)|CUMULATIVE_LIMIT_USAGE
15:41:47.270 (270243040)|LIMIT_USAGE_FOR_NS|(default)|
  Number of SOQL queries: 0 out of 100
  Number of query rows: 0 out of 50000
  Number of SOSL queries: 0 out of 20
  Number of DML statements: 0 out of 150
  Number of DML rows: 0 out of 10000
  Maximum CPU time: 174 out of 10000
  Maximum heap size: 0 out of 6000000
  Number of callouts: 0 out of 100
  Number of Email Invocations: 0 out of 10
  Number of future calls: 0 out of 50
  Number of queueable jobs added to the queue: 0 out of 50
  Number of Mobile Apex push calls: 0 out of 10

15:41:47.270 (270243040)|CUMULATIVE_LIMIT_USAGE_END

15:41:47.0 (270302321)|CODE_UNIT_FINISHED|ETLC_ApexBridge_Controller.execute
