37.0 APEX_CODE,FINEST;APEX_PROFILING,INFO;CALLOUT,INFO;DB,INFO;SYSTEM,DEBUG;VALIDATION,INFO;VISUALFORCE,INFO;WORKFLOW,INFO
10:43:31.0 (395274)|USER_INFO|[EXTERNAL]|00550000005cg71|bfffollow@jr.te|Eastern Standard Time|GMT-04:00
10:43:31.0 (434517)|EXECUTION_STARTED
10:43:31.0 (438637)|CODE_UNIT_STARTED|[EXTERNAL]|aura
10:43:31.0 (823513)|HEAP_ALLOCATE|[72]|Bytes:3
10:43:31.0 (867633)|HEAP_ALLOCATE|[77]|Bytes:152
10:43:31.0 (882963)|HEAP_ALLOCATE|[342]|Bytes:408
10:43:31.0 (900780)|HEAP_ALLOCATE|[355]|Bytes:408
10:43:31.0 (917931)|HEAP_ALLOCATE|[467]|Bytes:48
10:43:31.0 (949116)|HEAP_ALLOCATE|[139]|Bytes:6
10:43:31.0 (974123)|HEAP_ALLOCATE|[EXTERNAL]|Bytes:7
10:43:31.0 (1040745)|HEAP_ALLOCATE|[EXTERNAL]|Bytes:7
10:43:31.0 (1187562)|HEAP_ALLOCATE|[EXTERNAL]|Bytes:3
10:43:31.0 (1209782)|HEAP_ALLOCATE|[EXTERNAL]|Bytes:3
10:43:31.0 (2122388)|CODE_UNIT_STARTED|[EXTERNAL]|01p50000002CPgK|InputLookupController.getCurrentValue
10:43:31.0 (2726171)|HEAP_ALLOCATE|[EXTERNAL]|Bytes:12
10:43:31.0 (2732912)|HEAP_ALLOCATE|[EXTERNAL]|Bytes:7
10:43:31.0 (2735317)|HEAP_ALLOCATE|[EXTERNAL]|Bytes:5
10:43:31.0 (2758040)|METHOD_ENTRY|[1]|01p50000002CPgK|InputLookupController.InputLookupController()
10:43:31.0 (2764795)|STATEMENT_EXECUTE|[1]
10:43:31.0 (2777395)|STATEMENT_EXECUTE|[1]
10:43:31.0 (2779748)|STATEMENT_EXECUTE|[41]
10:43:31.0 (2793546)|METHOD_EXIT|[1]|InputLookupController
10:43:31.0 (2801610)|HEAP_ALLOCATE|[EXTERNAL]|Bytes:7
10:43:31.0 (2805456)|HEAP_ALLOCATE|[EXTERNAL]|Bytes:3
10:43:31.0 (2818064)|SYSTEM_MODE_ENTER|false
10:43:31.0 (2830832)|VARIABLE_SCOPE_BEGIN|[7]|type|String|false|false
10:43:31.0 (2867919)|VARIABLE_ASSIGNMENT|[7]|type|"Contact"
10:43:31.0 (2873348)|VARIABLE_SCOPE_BEGIN|[7]|value|String|false|false
10:43:31.0 (2876881)|VARIABLE_ASSIGNMENT|[7]|value|"123"
10:43:31.0 (2888362)|STATEMENT_EXECUTE|[7]
10:43:31.0 (2993335)|HEAP_ALLOCATE|[50]|Bytes:5
10:43:31.0 (3030443)|HEAP_ALLOCATE|[56]|Bytes:5
10:43:31.0 (3049572)|HEAP_ALLOCATE|[64]|Bytes:7
10:43:31.0 (3071640)|STATEMENT_EXECUTE|[8]
10:43:31.0 (3087480)|STATEMENT_EXECUTE|[12]
10:43:31.0 (3111082)|VARIABLE_SCOPE_BEGIN|[12]|lookupId|Id|false|false
10:43:31.0 (3124369)|VARIABLE_ASSIGNMENT|[12]|lookupId|null
10:43:31.0 (3128346)|STATEMENT_EXECUTE|[13]
10:43:31.0 (3130232)|STATEMENT_EXECUTE|[13]
10:43:31.0 (3132470)|STATEMENT_EXECUTE|[14]
10:43:31.0 (3300599)|HEAP_ALLOCATE|[14]|Bytes:19
10:43:31.0 (3350510)|VARIABLE_SCOPE_BEGIN|[15]|e|Exception|true|false
10:43:31.0 (3486481)|VARIABLE_ASSIGNMENT|[15]|e|"common.apex.runtime.impl.ExecutionException: Invalid id: 123"|0x1d114543
10:43:31.0 (3493349)|STATEMENT_EXECUTE|[15]
10:43:31.0 (3495550)|STATEMENT_EXECUTE|[16]
10:43:31.0 (3512149)|SYSTEM_MODE_EXIT|false
10:43:31.3 (3569878)|CUMULATIVE_LIMIT_USAGE
10:43:31.3 (3569878)|LIMIT_USAGE_FOR_NS|(default)|
  Number of SOQL queries: 0 out of 100
  Number of query rows: 0 out of 50000
  Number of SOSL queries: 0 out of 20
  Number of DML statements: 0 out of 150
  Number of DML rows: 0 out of 10000
  Maximum CPU time: 0 out of 10000
  Maximum heap size: 0 out of 6000000
  Number of callouts: 0 out of 100
  Number of Email Invocations: 0 out of 10
  Number of future calls: 0 out of 50
  Number of queueable jobs added to the queue: 0 out of 50
  Number of Mobile Apex push calls: 0 out of 10

10:43:31.3 (3569878)|CUMULATIVE_LIMIT_USAGE_END

10:43:31.0 (3624788)|CODE_UNIT_FINISHED|InputLookupController.getCurrentValue
