37.0 APEX_CODE,FINEST;APEX_PROFILING,INFO;CALLOUT,INFO;DB,INFO;SYSTEM,DEBUG;VALIDATION,INFO;VISUALFORCE,INFO;WORKFLOW,INFO
14:10:45.0 (117300)|USER_INFO|[EXTERNAL]|00550000005cg71|bfffollow@jr.te|Eastern Standard Time|GMT-04:00
14:10:45.0 (170869)|EXECUTION_STARTED
14:10:45.0 (183545)|CODE_UNIT_STARTED|[EXTERNAL]|aura
14:10:45.0 (664513)|HEAP_ALLOCATE|[72]|Bytes:3
14:10:45.0 (766671)|HEAP_ALLOCATE|[77]|Bytes:152
14:10:45.0 (791512)|HEAP_ALLOCATE|[342]|Bytes:408
14:10:45.0 (819495)|HEAP_ALLOCATE|[355]|Bytes:408
14:10:45.0 (842415)|HEAP_ALLOCATE|[467]|Bytes:48
14:10:45.0 (888576)|HEAP_ALLOCATE|[139]|Bytes:6
14:10:45.0 (927237)|HEAP_ALLOCATE|[EXTERNAL]|Bytes:93
14:10:45.0 (976907)|HEAP_ALLOCATE|[EXTERNAL]|Bytes:93
14:10:45.0 (2910880)|CODE_UNIT_STARTED|[EXTERNAL]|01p50000002CIEm|ETLC_ApexBridge_Controller.execute
14:10:45.0 (3479329)|HEAP_ALLOCATE|[EXTERNAL]|Bytes:1
14:10:45.0 (3491412)|HEAP_ALLOCATE|[EXTERNAL]|Bytes:10
14:10:45.0 (3531190)|METHOD_ENTRY|[1]|01p50000002CIEm|ETLC_ApexBridge_Controller.ETLC_ApexBridge_Controller()
14:10:45.0 (3542031)|STATEMENT_EXECUTE|[1]
14:10:45.0 (3551580)|STATEMENT_EXECUTE|[1]
14:10:45.0 (3563152)|METHOD_EXIT|[1]|ETLC_ApexBridge_Controller
14:10:45.0 (3570511)|HEAP_ALLOCATE|[EXTERNAL]|Bytes:93
14:10:45.0 (3586483)|SYSTEM_MODE_ENTER|false
14:10:45.0 (3750060)|VARIABLE_SCOPE_BEGIN|[3]|dataJson|String|false|false
14:10:45.0 (3903389)|VARIABLE_ASSIGNMENT|[3]|dataJson|"{\"operation\":\"BFFFol (73 more) ..."
14:10:45.0 (3926759)|STATEMENT_EXECUTE|[3]
14:10:45.0 (3930547)|STATEMENT_EXECUTE|[4]
14:10:45.0 (4071750)|VARIABLE_SCOPE_BEGIN|[4]|data|ETLC_ApexBridge_Data|true|false
14:10:45.0 (4087714)|VARIABLE_ASSIGNMENT|[4]|data|null|
14:10:45.0 (4095101)|STATEMENT_EXECUTE|[5]
14:10:45.0 (4098359)|STATEMENT_EXECUTE|[5]
14:10:45.0 (4101441)|STATEMENT_EXECUTE|[6]
14:10:45.0 (4125630)|HEAP_ALLOCATE|[6]|Bytes:11
14:10:45.0 (4137166)|HEAP_ALLOCATE|[6]|Bytes:248
14:10:45.0 (4142765)|HEAP_ALLOCATE|[6]|Bytes:39
14:10:45.0 (4179136)|METHOD_ENTRY|[2]|01p50000002CIEo|ETLC_ApexBridge_Data.ETLC_ApexBridge_Data()
14:10:45.0 (4184680)|STATEMENT_EXECUTE|[2]
14:10:45.0 (4190207)|STATEMENT_EXECUTE|[2]
14:10:45.0 (4198094)|METHOD_EXIT|[2]|ETLC_ApexBridge_Data
14:10:45.0 (4219522)|METHOD_ENTRY|[6]|01p50000002CIEo|ETLC_ApexBridge_Data.fromJSON(String)
14:10:45.0 (4243674)|VARIABLE_SCOPE_BEGIN|[60]|strJson|String|false|false
14:10:45.0 (4256013)|VARIABLE_ASSIGNMENT|[60]|strJson|"{\"operation\":\"BFFFol (73 more) ..."
14:10:45.0 (4265144)|STATEMENT_EXECUTE|[60]
14:10:45.0 (4268651)|STATEMENT_EXECUTE|[61]
14:10:45.0 (4280227)|HEAP_ALLOCATE|[61]|Bytes:20
14:10:45.0 (4312423)|HEAP_ALLOCATE|[50]|Bytes:5
14:10:45.0 (4351125)|HEAP_ALLOCATE|[56]|Bytes:5
14:10:45.0 (4364545)|HEAP_ALLOCATE|[64]|Bytes:7
14:10:45.0 (4488780)|HEAP_ALLOCATE|[61]|Bytes:24
14:10:45.0 (4506018)|SYSTEM_METHOD_ENTRY|[1]|Type.Type()
14:10:45.0 (4511302)|STATEMENT_EXECUTE|[1]
14:10:45.0 (4522023)|SYSTEM_METHOD_EXIT|[1]|Type
14:10:45.0 (4530642)|HEAP_ALLOCATE|[61]|Bytes:8
14:10:45.0 (4568883)|HEAP_ALLOCATE|[61]|Bytes:8
14:10:45.0 (4576218)|VARIABLE_SCOPE_BEGIN|[4]|this|System.Type|true|false
14:10:45.0 (4690004)|VARIABLE_ASSIGNMENT|[4]|this|{}|0x56434363
14:10:45.0 (4698210)|VARIABLE_SCOPE_BEGIN|[4]|apextype|java:common.apex.runtime.ApexObjectType|true|false
14:10:45.0 (4864989)|VARIABLE_ASSIGNMENT|[4]|apextype|"ETLC_ApexBridge_Data"|0x6b47c746
14:10:45.0 (4970283)|HEAP_ALLOCATE|[61]|Bytes:8
14:10:45.0 (5020321)|HEAP_ALLOCATE|[61]|Bytes:24
14:10:45.0 (5038100)|SYSTEM_METHOD_ENTRY|[1]|JSON.JSON()
14:10:45.0 (5047346)|STATEMENT_EXECUTE|[1]
14:10:45.0 (5057835)|SYSTEM_METHOD_EXIT|[1]|JSON
14:10:45.0 (5075311)|METHOD_ENTRY|[61]||System.JSON.deserializeStrict(String, System.Type)
14:10:45.0 (5795961)|METHOD_EXIT|[61]||System.JSON.deserializeStrict(String, System.Type)
14:10:45.0 (5810628)|METHOD_EXIT|[6]|01p50000002CIEo|ETLC_ApexBridge_Data.fromJSON(String)
14:10:45.0 (5865771)|VARIABLE_ASSIGNMENT|[6]|data|{"debug":true,"input":"{\"mode\":\"fetchFollow (9 more) ...","operation":"BFFFollow_Controller"}|0x26264918
14:10:45.0 (5878810)|STATEMENT_EXECUTE|[7]
14:10:45.0 (5892521)|HEAP_ALLOCATE|[7]|Bytes:6
14:10:45.0 (6007599)|HEAP_ALLOCATE|[7]|Bytes:177
14:10:45.0 (6049224)|HEAP_ALLOCATE|[7]|Bytes:183
14:10:45.0 (6091478)|USER_DEBUG|[7]|DEBUG|data::ETLC_ApexBridge_Data:[debug=true, input={"mode":"fetchFollowedUsers"}, isSuccess=null, messages=null, operation=BFFFollow_Controller, output=null, outputFlag=null, records=null]
14:10:45.0 (6107538)|STATEMENT_EXECUTE|[8]
14:10:45.0 (6193243)|VARIABLE_ASSIGNMENT|[EXTERNAL]|this|{"debug":true,"input":"{\"mode\":\"fetchFollow (9 more) ...","operation":"BFFFollow_Controller"}|0x26264918
14:10:45.0 (6236223)|METHOD_ENTRY|[8]||System.Type.forName(String)
14:10:45.0 (6518527)|METHOD_EXIT|[8]||System.Type.forName(String)
14:10:45.0 (6530836)|METHOD_ENTRY|[8]||System.Type.newInstance()
14:10:45.0 (6677765)|STATEMENT_EXECUTE|[1]
14:10:45.0 (6691289)|HEAP_ALLOCATE|[33]|Bytes:5
14:10:45.0 (6706282)|METHOD_EXIT|[1]|BFFFollow_Controller
14:10:45.0 (6711613)|HEAP_ALLOCATE|[33]|Bytes:4
14:10:45.0 (6717316)|VARIABLE_SCOPE_BEGIN|[1]|this|BFFFollow_Controller|true|false
14:10:45.0 (6738687)|VARIABLE_ASSIGNMENT|[1]|this|{}|0x76abacc5
14:10:45.0 (6761844)|HEAP_ALLOCATE|[33]|Bytes:5
14:10:45.0 (6777996)|HEAP_ALLOCATE|[33]|Bytes:11
14:10:45.0 (6796489)|METHOD_ENTRY|[1]|01p50000002CIEj|ETLC_ApexBridge_Abstract.ETLC_ApexBridge_Abstract()
14:10:45.0 (6802699)|STATEMENT_EXECUTE|[1]
14:10:45.0 (6809753)|STATEMENT_EXECUTE|[1]
14:10:45.0 (6819481)|METHOD_EXIT|[1]|ETLC_ApexBridge_Abstract
14:10:45.0 (6835379)|CONSTRUCTOR_ENTRY|[EXTERNAL]|01p50000002CIEj|<init>()
14:10:45.0 (6849826)|VARIABLE_SCOPE_BEGIN|[1]|this|ETLC_ApexBridge_Abstract|true|false
14:10:45.0 (6881037)|VARIABLE_ASSIGNMENT|[1]|this|{}|0x76abacc5
14:10:45.0 (6907724)|STATEMENT_EXECUTE|[1]
14:10:45.0 (6916269)|CONSTRUCTOR_EXIT|[EXTERNAL]|01p50000002CIEj|<init>()
14:10:45.0 (6923318)|STATEMENT_EXECUTE|[1]
14:10:45.0 (6928571)|HEAP_ALLOCATE|[33]|Bytes:5
14:10:45.0 (6947304)|METHOD_EXIT|[8]||System.Type.newInstance()
14:10:45.0 (6956314)|VARIABLE_SCOPE_BEGIN|[8]|executor|ETLC_ApexBridge_Abstract|true|false
14:10:45.0 (6973030)|VARIABLE_ASSIGNMENT|[8]|executor|{}|0x76abacc5
14:10:45.0 (6977915)|STATEMENT_EXECUTE|[9]
14:10:45.0 (7001491)|METHOD_ENTRY|[9]|01p50000002D8iw|BFFFollow_Controller.process(ETLC_ApexBridge_Data)
14:10:45.0 (7018297)|VARIABLE_SCOPE_BEGIN|[3]|this|BFFFollow_Controller|true|false
14:10:45.0 (7034865)|VARIABLE_ASSIGNMENT|[3]|this|{}|0x76abacc5
14:10:45.0 (7038076)|VARIABLE_SCOPE_BEGIN|[3]|data|ETLC_ApexBridge_Data|true|false
14:10:45.0 (7068232)|VARIABLE_ASSIGNMENT|[3]|data|{"debug":true,"input":"{\"mode\":\"fetchFollow (9 more) ...","operation":"BFFFollow_Controller"}|0x26264918
14:10:45.0 (7079023)|HEAP_ALLOCATE|[4]|Bytes:5
14:10:45.0 (7085798)|STATEMENT_EXECUTE|[3]
14:10:45.0 (7091698)|STATEMENT_EXECUTE|[4]
14:10:45.0 (7183505)|VARIABLE_ASSIGNMENT|[EXTERNAL]|this|{"debug":true,"input":"{\"mode\":\"fetchFollow (9 more) ...","operation":"BFFFollow_Controller"}|0x26264918
14:10:45.0 (7226309)|VARIABLE_ASSIGNMENT|[4]|BFFFollow_Controller.debugFlag|true
14:10:45.0 (7288471)|VARIABLE_ASSIGNMENT|[EXTERNAL]|this|{"debug":true,"input":"{\"mode\":\"fetchFollow (9 more) ...","operation":"BFFFollow_Controller"}|0x26264918
14:10:45.0 (7308146)|STATEMENT_EXECUTE|[5]
14:10:45.0 (7317719)|HEAP_ALLOCATE|[5]|Bytes:12
14:10:45.0 (7356976)|HEAP_ALLOCATE|[5]|Bytes:177
14:10:45.0 (7372046)|HEAP_ALLOCATE|[5]|Bytes:189
14:10:45.0 (7387644)|USER_DEBUG|[5]|DEBUG|data BEFORE:ETLC_ApexBridge_Data:[debug=true, input={"mode":"fetchFollowedUsers"}, isSuccess=null, messages=null, operation=BFFFollow_Controller, output=null, outputFlag=null, records=null]
14:10:45.0 (7396414)|STATEMENT_EXECUTE|[7]
14:10:45.0 (7404582)|HEAP_ALLOCATE|[7]|Bytes:4
14:10:45.0 (7420153)|METHOD_ENTRY|[7]|01p50000002CIEo|ETLC_ApexBridge_Data.getInputValue(String)
14:10:45.0 (7434199)|VARIABLE_SCOPE_BEGIN|[52]|this|ETLC_ApexBridge_Data|true|false
14:10:45.0 (7463594)|VARIABLE_ASSIGNMENT|[52]|this|{"debug":true,"input":"{\"mode\":\"fetchFollow (9 more) ...","operation":"BFFFollow_Controller"}|0x26264918
14:10:45.0 (7467785)|VARIABLE_SCOPE_BEGIN|[52]|key|String|false|false
14:10:45.0 (7471707)|VARIABLE_ASSIGNMENT|[52]|key|"mode"
14:10:45.0 (7478823)|STATEMENT_EXECUTE|[52]
14:10:45.0 (7481066)|STATEMENT_EXECUTE|[53]
14:10:45.0 (7534553)|VARIABLE_ASSIGNMENT|[EXTERNAL]|this|{"debug":true,"input":"{\"mode\":\"fetchFollow (9 more) ...","operation":"BFFFollow_Controller"}|0x26264918
14:10:45.0 (7559539)|METHOD_ENTRY|[53]||System.JSON.deserializeUntyped(String)
14:10:45.0 (7823440)|METHOD_EXIT|[53]||System.JSON.deserializeUntyped(String)
14:10:45.0 (7832944)|VARIABLE_SCOPE_BEGIN|[53]|inputMap|Map<String,ANY>|true|false
14:10:45.0 (7864510)|VARIABLE_ASSIGNMENT|[53]|inputMap|{"s":1,"v":{"mode":"fetchFollowedUsers"}}|0x49a1404e
14:10:45.0 (7870552)|STATEMENT_EXECUTE|[54]
14:10:45.0 (7920571)|METHOD_EXIT|[7]|01p50000002CIEo|ETLC_ApexBridge_Data.getInputValue(String)
14:10:45.0 (7927648)|VARIABLE_SCOPE_BEGIN|[7]|mode|String|false|false
14:10:45.0 (7935611)|VARIABLE_ASSIGNMENT|[7]|mode|"fetchFollowedUsers"
14:10:45.0 (7940209)|HEAP_ALLOCATE|[9]|Bytes:18
14:10:45.0 (7991122)|STATEMENT_EXECUTE|[9]
14:10:45.0 (7996818)|STATEMENT_EXECUTE|[10]
14:10:45.0 (8073372)|HEAP_ALLOCATE|[10]|Bytes:85
14:10:45.0 (8106327)|SYSTEM_METHOD_ENTRY|[1]|UserInfo.UserInfo()
14:10:45.0 (8112836)|STATEMENT_EXECUTE|[1]
14:10:45.0 (8125766)|SYSTEM_METHOD_EXIT|[1]|UserInfo
14:10:45.0 (8146658)|METHOD_ENTRY|[10]||System.UserInfo.getUserId()
14:10:45.0 (8187038)|METHOD_EXIT|[10]||System.UserInfo.getUserId()
14:10:45.0 (8204608)|HEAP_ALLOCATE|[10]|Bytes:4
14:10:45.0 (8216084)|METHOD_ENTRY|[10]|01p50000002D8iw|BFFFollow_Controller.fetchFollowedUsers(Id)
14:10:45.0 (8220597)|VARIABLE_SCOPE_BEGIN|[24]|this|BFFFollow_Controller|true|false
14:10:45.0 (8239175)|VARIABLE_ASSIGNMENT|[24]|this|{}|0x76abacc5
14:10:45.0 (8242708)|VARIABLE_SCOPE_BEGIN|[24]|followedById|Id|false|false
14:10:45.0 (8336692)|VARIABLE_ASSIGNMENT|[24]|followedById|"00550000005cg71AAA"
14:10:45.0 (8348993)|HEAP_ALLOCATE|[25]|Bytes:5
14:10:45.0 (8356655)|STATEMENT_EXECUTE|[24]
14:10:45.0 (8359051)|STATEMENT_EXECUTE|[25]
14:10:45.0 (8367636)|HEAP_ALLOCATE|[25]|Bytes:63
14:10:45.0 (8406818)|HEAP_ALLOCATE|[25]|Bytes:18
14:10:45.0 (8419892)|HEAP_ALLOCATE|[25]|Bytes:9
14:10:45.0 (8430398)|HEAP_ALLOCATE|[25]|Bytes:90
14:10:45.0 (8435161)|VARIABLE_SCOPE_BEGIN|[25]|soql|String|false|false
14:10:45.0 (8444651)|VARIABLE_ASSIGNMENT|[25]|soql|"SELECT FollowedUsers (70 more) ..."
14:10:45.0 (8450208)|STATEMENT_EXECUTE|[26]
14:10:45.0 (8452441)|STATEMENT_EXECUTE|[26]
14:10:45.0 (8459120)|STATEMENT_EXECUTE|[27]
14:10:45.0 (8460903)|STATEMENT_EXECUTE|[27]
14:10:45.0 (8479892)|HEAP_ALLOCATE|[27]|Bytes:24
14:10:45.0 (8493104)|HEAP_ALLOCATE|[27]|Bytes:114
14:10:45.0 (8541026)|USER_DEBUG|[27]|DEBUG|fetchFollowedUsers:soql:SELECT FollowedUsers__c FROM BFFFollow__c WHERE FollowedBy__c='00550000005cg71AAA' limit 1
14:10:45.0 (8560074)|STATEMENT_EXECUTE|[28]
14:10:45.0 (8675764)|HEAP_ALLOCATE|[28]|Bytes:9
14:10:45.0 (8683917)|HEAP_ALLOCATE|[28]|Bytes:29
14:10:45.0 (8686724)|HEAP_ALLOCATE|[28]|Bytes:21
14:10:45.0 (8698960)|METHOD_ENTRY|[7]|01p50000002CIEt|ETLC_SecuredDB.ETLC_SecuredDB()
14:10:45.0 (8702789)|STATEMENT_EXECUTE|[7]
14:10:45.0 (8706624)|STATEMENT_EXECUTE|[7]
14:10:45.0 (8713291)|HEAP_ALLOCATE|[28]|Bytes:5
14:10:45.0 (8723973)|METHOD_EXIT|[7]|ETLC_SecuredDB
14:10:45.0 (8736439)|METHOD_ENTRY|[28]|01p50000002CIEt|ETLC_SecuredDB.query(String)
14:10:45.0 (8750669)|VARIABLE_SCOPE_BEGIN|[10]|SOQL|String|false|false
14:10:45.0 (8760072)|VARIABLE_ASSIGNMENT|[10]|SOQL|"SELECT FollowedUsers (70 more) ..."
14:10:45.0 (8768095)|HEAP_ALLOCATE|[12]|Bytes:5
14:10:45.0 (8774679)|STATEMENT_EXECUTE|[10]
14:10:45.0 (8776934)|STATEMENT_EXECUTE|[12]
14:10:45.0 (9320463)|SOQL_EXECUTE_BEGIN|[12]|Aggregations:0|SELECT FollowedUsers__c FROM BFFFollow__c WHERE FollowedBy__c='00550000005cg71AAA' limit 1
14:10:45.0 (14640837)|SOQL_EXECUTE_END|[12]|Rows:1
14:10:45.0 (14688473)|HEAP_ALLOCATE|[12]|Bytes:8
14:10:45.0 (14706356)|HEAP_ALLOCATE|[12]|Bytes:158
14:10:45.0 (14835173)|HEAP_ALLOCATE|[12]|Bytes:8
14:10:45.0 (14872419)|VARIABLE_SCOPE_BEGIN|[12]|dbRecords|List<SObject>|true|false
14:10:45.0 (14943078)|VARIABLE_ASSIGNMENT|[12]|dbRecords|{"s":1,"v":[{"s":2,"v":{"FollowedUsers__c":"[{\"id\":\"00550000005c (85 more) ...","Id":"a005000000ezW4dAAE"}}]}|0x77014118
14:10:45.0 (14956516)|STATEMENT_EXECUTE|[20]
14:10:45.0 (15075272)|HEAP_ALLOCATE|[20]|Bytes:12
14:10:45.0 (15089064)|HEAP_ALLOCATE|[20]|Bytes:8
14:10:45.0 (15138903)|HEAP_ALLOCATE|[20]|Bytes:12
14:10:45.0 (15147043)|HEAP_ALLOCATE|[20]|Bytes:9
14:10:45.0 (15169017)|HEAP_ALLOCATE|[20]|Bytes:12
14:10:45.0 (15176972)|HEAP_ALLOCATE|[20]|Bytes:8
14:10:45.0 (15199474)|HEAP_ALLOCATE|[20]|Bytes:12
14:10:45.0 (15206762)|HEAP_ALLOCATE|[20]|Bytes:8
14:10:45.0 (15227163)|HEAP_ALLOCATE|[20]|Bytes:12
14:10:45.0 (15234151)|HEAP_ALLOCATE|[20]|Bytes:9
14:10:45.0 (15276988)|METHOD_ENTRY|[20]|01p50000002CIEt|ETLC_SecuredDB.findFields(List<SObject>)
14:10:45.0 (15309017)|VARIABLE_SCOPE_BEGIN|[108]|dbRecords|List<SObject>|true|false
14:10:45.0 (15334384)|VARIABLE_ASSIGNMENT|[108]|dbRecords|{"s":1,"v":[{"s":2,"v":{"FollowedUsers__c":"[{\"id\":\"00550000005c (85 more) ...","Id":"a005000000ezW4dAAE"}}]}|0x77014118
14:10:45.0 (15364777)|HEAP_ALLOCATE|[109]|Bytes:5
14:10:45.0 (15379286)|STATEMENT_EXECUTE|[108]
14:10:45.0 (15383486)|STATEMENT_EXECUTE|[109]
14:10:45.0 (15399048)|VARIABLE_SCOPE_BEGIN|[109]|strJSON|String|false|false
14:10:45.0 (15410210)|VARIABLE_ASSIGNMENT|[109]|strJSON|null
14:10:45.0 (15416697)|STATEMENT_EXECUTE|[110]
14:10:45.0 (15433703)|VARIABLE_SCOPE_BEGIN|[110]|mapFields|Map<String,Set<String>>|true|false
14:10:45.0 (15444252)|VARIABLE_ASSIGNMENT|[110]|mapFields|null|
14:10:45.0 (15451151)|STATEMENT_EXECUTE|[112]
14:10:45.0 (15478980)|METHOD_ENTRY|[112]||System.JSON.serialize(Object)
14:10:45.0 (16171514)|METHOD_EXIT|[112]||System.JSON.serialize(Object)
14:10:45.0 (16194580)|VARIABLE_ASSIGNMENT|[112]|strJSON|"[{\"attributes\":{\"typ (259 more) ..."
14:10:45.0 (16203555)|STATEMENT_EXECUTE|[113]
14:10:45.0 (16217502)|HEAP_ALLOCATE|[113]|Bytes:5
14:10:45.0 (16237486)|HEAP_ALLOCATE|[113]|Bytes:284
14:10:45.0 (16295775)|USER_DEBUG|[113]|DEBUG|JSON:[{"attributes":{"type":"BFFFollow__c","url":"/services/data/v37.0/sobjects/BFFFollow__c/a005000000ezW4dAAE"},"FollowedUsers__c":"[{\"id\":\"00550000005cg71AAA\",\"name\":\"Jaswinder Rattanpal\"},{\"id\":\"00550000005d7KnAAI\",\"name\":\"Test User\"}]","Id":"a005000000ezW4dAAE"}]
14:10:45.0 (16313581)|STATEMENT_EXECUTE|[114]
14:10:45.0 (16329944)|HEAP_ALLOCATE|[114]|Bytes:4
14:10:45.0 (16375643)|VARIABLE_ASSIGNMENT|[114]|mapFields|{"s":1,"v":{}}|0xebf8eaa
14:10:45.0 (16383639)|STATEMENT_EXECUTE|[115]
14:10:45.0 (16404573)|METHOD_ENTRY|[115]||System.JSON.deserializeUntyped(String)
14:10:45.0 (16934051)|METHOD_EXIT|[115]||System.JSON.deserializeUntyped(String)
14:10:45.0 (16945751)|VARIABLE_SCOPE_BEGIN|[115]|records|List<ANY>|true|false
14:10:45.0 (16977580)|HEAP_ALLOCATE|[EXTERNAL]|Bytes:8
14:10:45.0 (17029799)|VARIABLE_ASSIGNMENT|[115]|records|{"s":1,"v":[{"s":2,"v":{"attributes":{"s":3,"v":{"type":"BFFFollow__c","url":"/services/data/v37.0 (41 more) ..."}},"FollowedUsers__c":"[{\"id\":\"00550000005c (85 more) ...","Id":"a005000000ezW4dAAE"}}]}|0x734b07e4
14:10:45.0 (17111693)|HEAP_ALLOCATE|[116]|Bytes:5
14:10:45.0 (17180905)|HEAP_ALLOCATE|[116]|Bytes:16
14:10:45.0 (17193893)|VARIABLE_SCOPE_BEGIN|[116]|record|Object|false|false
14:10:45.0 (17222157)|VARIABLE_ASSIGNMENT|[116]|record|{"s":1,"v":{"attributes":{"s":2,"v":{"type":"BFFFollow__c","url":"/services/data/v37.0 (41 more) ..."}},"FollowedUsers__c":"[{\"id\":\"00550000005c (85 more) ...","Id":"a005000000ezW4dAAE"}}
14:10:45.0 (17230040)|STATEMENT_EXECUTE|[116]
14:10:45.0 (17232518)|STATEMENT_EXECUTE|[117]
14:10:45.0 (17256343)|METHOD_ENTRY|[117]|01p50000002CIEt|ETLC_SecuredDB.findFieldsRecursive(Map<String,Set<String>>, Map<String,ANY>)
14:10:45.0 (17273382)|VARIABLE_SCOPE_BEGIN|[124]|mapFields|Map<String,Set<String>>|true|false
14:10:45.0 (17288466)|VARIABLE_ASSIGNMENT|[124]|mapFields|{"s":1,"v":{}}|0xebf8eaa
14:10:45.0 (17292014)|VARIABLE_SCOPE_BEGIN|[124]|record|Map<String,ANY>|true|false
14:10:45.0 (17308219)|VARIABLE_ASSIGNMENT|[124]|record|{"s":1,"v":{"attributes":{"s":2,"v":{"type":"BFFFollow__c","url":"/services/data/v37.0 (41 more) ..."}},"FollowedUsers__c":"[{\"id\":\"00550000005c (85 more) ...","Id":"a005000000ezW4dAAE"}}|0x112909c8
14:10:45.0 (17318900)|HEAP_ALLOCATE|[125]|Bytes:5
14:10:45.0 (17326012)|STATEMENT_EXECUTE|[124]
14:10:45.0 (17328336)|STATEMENT_EXECUTE|[125]
14:10:45.0 (17336973)|HEAP_ALLOCATE|[125]|Bytes:10
14:10:45.0 (17342446)|VARIABLE_SCOPE_BEGIN|[125]|strAttributes|String|false|false
14:10:45.0 (17349612)|VARIABLE_ASSIGNMENT|[125]|strAttributes|"attributes"
14:10:45.0 (17353404)|STATEMENT_EXECUTE|[126]
14:10:45.0 (17359619)|HEAP_ALLOCATE|[126]|Bytes:7
14:10:45.0 (17363673)|VARIABLE_SCOPE_BEGIN|[126]|strRecord|String|false|false
14:10:45.0 (17369162)|VARIABLE_ASSIGNMENT|[126]|strRecord|"records"
14:10:45.0 (17409332)|STATEMENT_EXECUTE|[127]
14:10:45.0 (17412373)|STATEMENT_EXECUTE|[128]
14:10:45.0 (17452161)|VARIABLE_SCOPE_BEGIN|[128]|attributes|Map<String,ANY>|true|false
14:10:45.0 (17471949)|VARIABLE_ASSIGNMENT|[128]|attributes|{"s":1,"v":{"type":"BFFFollow__c","url":"/services/data/v37.0 (41 more) ..."}}|0x47f1217f
14:10:45.0 (17477827)|STATEMENT_EXECUTE|[129]
14:10:45.0 (17486155)|HEAP_ALLOCATE|[129]|Bytes:4
14:10:45.0 (17520696)|VARIABLE_SCOPE_BEGIN|[129]|objectName|String|false|false
14:10:45.0 (17528519)|VARIABLE_ASSIGNMENT|[129]|objectName|"BFFFollow__c"
14:10:45.0 (17538765)|HEAP_ALLOCATE|[130]|Bytes:4
14:10:45.0 (17622264)|HEAP_ALLOCATE|[130]|Bytes:44
14:10:45.0 (17643921)|HEAP_ALLOCATE|[130]|Bytes:12
14:10:45.0 (17670005)|HEAP_ALLOCATE|[130]|Bytes:5
14:10:45.0 (17685969)|VARIABLE_SCOPE_BEGIN|[130]|fieldName|String|false|false
14:10:45.0 (17693623)|VARIABLE_ASSIGNMENT|[130]|fieldName|"attributes"
14:10:45.0 (17699607)|STATEMENT_EXECUTE|[130]
14:10:45.0 (17701928)|STATEMENT_EXECUTE|[131]
14:10:45.0 (17746009)|VARIABLE_SCOPE_BEGIN|[131]|field|Object|false|false
14:10:45.0 (17767373)|VARIABLE_ASSIGNMENT|[131]|field|{"s":1,"v":{"type":"BFFFollow__c","url":"/services/data/v37.0 (41 more) ..."}}
14:10:45.0 (17796388)|STATEMENT_EXECUTE|[132]
14:10:45.0 (17815152)|HEAP_ALLOCATE|[130]|Bytes:5
14:10:45.0 (17828803)|VARIABLE_SCOPE_BEGIN|[130]|fieldName|String|false|false
14:10:45.0 (17836295)|VARIABLE_ASSIGNMENT|[130]|fieldName|"FollowedUsers__c"
14:10:45.0 (17841053)|STATEMENT_EXECUTE|[130]
14:10:45.0 (17843078)|STATEMENT_EXECUTE|[131]
14:10:45.0 (17865242)|VARIABLE_SCOPE_BEGIN|[131]|field|Object|false|false
14:10:45.0 (17876655)|VARIABLE_ASSIGNMENT|[131]|field|"[{\"id\":\"00550000005c (85 more) ..."
14:10:45.0 (17889465)|HEAP_ALLOCATE|[134]|Bytes:68
14:10:45.0 (17918399)|STATEMENT_EXECUTE|[136]
14:10:45.0 (17921421)|STATEMENT_EXECUTE|[137]
14:10:45.0 (17932349)|HEAP_ALLOCATE|[137]|Bytes:4
14:10:45.0 (17972344)|VARIABLE_SCOPE_BEGIN|[137]|fieldNames|Set<String>|true|false
14:10:45.0 (17996314)|VARIABLE_ASSIGNMENT|[137]|fieldNames|{"s":1,"v":[]}|0x35c92df5
14:10:45.0 (18032717)|STATEMENT_EXECUTE|[138]
14:10:45.0 (18041342)|STATEMENT_EXECUTE|[139]
14:10:45.0 (18081979)|HEAP_ALLOCATE|[EXTERNAL]|Bytes:4
14:10:45.0 (18094216)|STATEMENT_EXECUTE|[140]
14:10:45.0 (18133994)|HEAP_ALLOCATE|[EXTERNAL]|Bytes:-4
14:10:45.0 (18161001)|HEAP_ALLOCATE|[130]|Bytes:5
14:10:45.0 (18187083)|VARIABLE_SCOPE_BEGIN|[130]|fieldName|String|false|false
14:10:45.0 (18197874)|VARIABLE_ASSIGNMENT|[130]|fieldName|"Id"
14:10:45.0 (18205934)|STATEMENT_EXECUTE|[130]
14:10:45.0 (18209384)|STATEMENT_EXECUTE|[131]
14:10:45.0 (18250501)|VARIABLE_SCOPE_BEGIN|[131]|field|Object|false|false
14:10:45.0 (18268107)|VARIABLE_ASSIGNMENT|[131]|field|"a005000000ezW4dAAE"
14:10:45.0 (18300053)|STATEMENT_EXECUTE|[136]
14:10:45.0 (18304939)|STATEMENT_EXECUTE|[137]
14:10:45.0 (18316975)|HEAP_ALLOCATE|[137]|Bytes:4
14:10:45.0 (18345661)|VARIABLE_SCOPE_BEGIN|[137]|fieldNames|Set<String>|true|false
14:10:45.0 (18376865)|VARIABLE_ASSIGNMENT|[137]|fieldNames|{"s":1,"v":[]}|0x1e16788f
14:10:45.0 (18402336)|STATEMENT_EXECUTE|[138]
14:10:45.0 (18435247)|VARIABLE_ASSIGNMENT|[138]|fieldNames|{"s":1,"v":["FollowedUsers__c"]}|0x35c92df5
14:10:45.0 (18440837)|STATEMENT_EXECUTE|[139]
14:10:45.0 (18455983)|HEAP_ALLOCATE|[EXTERNAL]|Bytes:4
14:10:45.0 (18465051)|STATEMENT_EXECUTE|[140]
14:10:45.0 (18489632)|HEAP_ALLOCATE|[130]|Bytes:5
14:10:45.0 (18505378)|VARIABLE_ASSIGNMENT|[130]|fieldName|null
14:10:45.0 (18517891)|METHOD_EXIT|[117]|01p50000002CIEt|ETLC_SecuredDB.findFieldsRecursive(Map<String,Set<String>>, Map<String,ANY>)
14:10:45.0 (18529216)|HEAP_ALLOCATE|[116]|Bytes:5
14:10:45.0 (18545690)|VARIABLE_ASSIGNMENT|[116]|record|null
14:10:45.0 (18552400)|HEAP_ALLOCATE|[119]|Bytes:4
14:10:45.0 (18589901)|HEAP_ALLOCATE|[119]|Bytes:20
14:10:45.0 (18603334)|HEAP_ALLOCATE|[119]|Bytes:4
14:10:45.0 (18621391)|HEAP_ALLOCATE|[119]|Bytes:5
14:10:45.0 (18634252)|VARIABLE_SCOPE_BEGIN|[119]|objectName|String|false|false
14:10:45.0 (18641746)|VARIABLE_ASSIGNMENT|[119]|objectName|"BFFFollow__c"
14:10:45.0 (18647782)|STATEMENT_EXECUTE|[119]
14:10:45.0 (18649903)|STATEMENT_EXECUTE|[120]
14:10:45.0 (18658417)|HEAP_ALLOCATE|[120]|Bytes:2
14:10:45.0 (18719081)|HEAP_ALLOCATE|[120]|Bytes:22
14:10:45.0 (18735784)|HEAP_ALLOCATE|[120]|Bytes:36
14:10:45.0 (18752934)|USER_DEBUG|[120]|DEBUG|BFFFollow__c: {FollowedUsers__c, Id}
14:10:45.0 (18767600)|HEAP_ALLOCATE|[119]|Bytes:5
14:10:45.0 (18784130)|VARIABLE_ASSIGNMENT|[119]|objectName|null
14:10:45.0 (18793127)|STATEMENT_EXECUTE|[122]
14:10:45.0 (18817364)|METHOD_EXIT|[20]|01p50000002CIEt|ETLC_SecuredDB.findFields(List<SObject>)
14:10:45.0 (18842290)|METHOD_ENTRY|[20]|01p50000002CIEt|ETLC_SecuredDB.validate(ETLC_SecuredDB.Operation, Map<String,Set<String>>)
14:10:45.0 (18851442)|VARIABLE_SCOPE_BEGIN|[55]|op|ETLC_SecuredDB.Operation|true|false
14:10:45.0 (18880207)|VARIABLE_ASSIGNMENT|[55]|op|"Querying"|0x47a845cc
14:10:45.0 (18885829)|VARIABLE_SCOPE_BEGIN|[55]|mapFieldNames|Map<String,Set<String>>|true|false
14:10:45.0 (18920360)|VARIABLE_ASSIGNMENT|[55]|mapFieldNames|{"s":1,"v":{"BFFFollow__c":{"s":2,"v":["FollowedUsers__c","Id"]}}}|0xebf8eaa
14:10:45.0 (18931963)|HEAP_ALLOCATE|[56]|Bytes:5
14:10:45.0 (18940023)|STATEMENT_EXECUTE|[55]
14:10:45.0 (18942504)|STATEMENT_EXECUTE|[56]
14:10:45.0 (18952060)|VARIABLE_SCOPE_BEGIN|[56]|securityMessage|String|false|false
14:10:45.0 (18961186)|VARIABLE_ASSIGNMENT|[56]|securityMessage|null
14:10:45.0 (18965587)|STATEMENT_EXECUTE|[57]
14:10:45.0 (33047191)|HEAP_ALLOCATE|[57]|Bytes:1440
14:10:45.0 (33086477)|VARIABLE_SCOPE_BEGIN|[57]|mapObjects|Map<String,Schema.SObjectType>|true|false
14:10:45.0 (33392174)|VARIABLE_ASSIGNMENT|[57]|mapObjects|"{acceptedeventrelation=AcceptedEventRelation, account=Account, accountcontactrole=AccountContactRole, accountfeed=AccountFeed, accounthistory=AccountHistory, accountpartner=AccountPartner, accountshare=AccountShare, actionlinkgrouptemplate=ActionLinkGroupTemplate, actionlinktemplate=ActionLinkTemplate, activityhistory=ActivityHistory, ...}"|0x91c6e9f
14:10:45.0 (33407736)|HEAP_ALLOCATE|[58]|Bytes:4
14:10:45.0 (33507173)|HEAP_ALLOCATE|[58]|Bytes:20
14:10:45.0 (33537175)|HEAP_ALLOCATE|[58]|Bytes:4
14:10:45.0 (33580095)|HEAP_ALLOCATE|[58]|Bytes:5
14:10:45.0 (33600867)|VARIABLE_SCOPE_BEGIN|[58]|sObjectName|String|false|false
14:10:45.0 (33612138)|VARIABLE_ASSIGNMENT|[58]|sObjectName|"BFFFollow__c"
14:10:45.0 (33622899)|STATEMENT_EXECUTE|[58]
14:10:45.0 (33626261)|STATEMENT_EXECUTE|[59]
14:10:45.0 (33642202)|HEAP_ALLOCATE|[59]|Bytes:9
14:10:45.0 (33647254)|HEAP_ALLOCATE|[59]|Bytes:7
14:10:45.0 (33713983)|HEAP_ALLOCATE|[59]|Bytes:8
14:10:45.0 (33735684)|HEAP_ALLOCATE|[59]|Bytes:1
14:10:45.0 (33755978)|HEAP_ALLOCATE|[59]|Bytes:37
14:10:45.0 (33772385)|VARIABLE_ASSIGNMENT|[59]|securityMessage|"CRUD on [BFFFollow__ (17 more) ..."
14:10:45.0 (33781672)|STATEMENT_EXECUTE|[60]
14:10:45.0 (33794417)|HEAP_ALLOCATE|[60]|Bytes:10
14:10:45.0 (33808663)|HEAP_ALLOCATE|[60]|Bytes:47
14:10:45.0 (33867732)|USER_DEBUG|[60]|DEBUG|Checking: CRUD on [BFFFollow__c] for [Querying]
14:10:45.0 (33885080)|STATEMENT_EXECUTE|[61]
14:10:45.0 (34264574)|HEAP_ALLOCATE|[61]|Bytes:4
14:10:45.0 (34334831)|VARIABLE_SCOPE_BEGIN|[61]|drSObj|Schema.DescribeSObjectResult|true|false
14:10:45.0 (34460837)|VARIABLE_ASSIGNMENT|[61]|drSObj|"common.api.soap.wsdl.DescribeSObjectResult@a54f9caa"|0x583990fb
14:10:45.0 (34701901)|STATEMENT_EXECUTE|[64]
14:10:45.0 (34737044)|STATEMENT_EXECUTE|[65]
14:10:45.0 (34831490)|STATEMENT_EXECUTE|[77]
14:10:45.0 (34835944)|STATEMENT_EXECUTE|[79]
14:10:45.0 (35230767)|HEAP_ALLOCATE|[79]|Bytes:56
14:10:45.0 (35248463)|VARIABLE_SCOPE_BEGIN|[79]|mapFields|Map<String,Schema.SObjectField>|true|false
14:10:45.0 (35410205)|VARIABLE_ASSIGNMENT|[79]|mapFields|"{createdbyid=CreatedById, createddate=CreatedDate, followedby__c=FollowedBy__c, followedusers__c=FollowedUsers__c, id=Id, isdeleted=IsDeleted, lastmodifiedbyid=LastModifiedById, lastmodifieddate=LastModifiedDate, lastreferenceddate=LastReferencedDate, lastvieweddate=LastViewedDate, ...}"|0x5dba3815
14:10:45.0 (35421179)|HEAP_ALLOCATE|[80]|Bytes:4
14:10:45.0 (35477472)|HEAP_ALLOCATE|[80]|Bytes:8
14:10:45.0 (35499013)|HEAP_ALLOCATE|[80]|Bytes:5
14:10:45.0 (35516039)|VARIABLE_SCOPE_BEGIN|[80]|fieldName|String|false|false
14:10:45.0 (35528693)|VARIABLE_ASSIGNMENT|[80]|fieldName|"FollowedUsers__c"
14:10:45.0 (35538630)|STATEMENT_EXECUTE|[80]
14:10:45.0 (35542527)|STATEMENT_EXECUTE|[81]
14:10:45.0 (36015292)|HEAP_ALLOCATE|[81]|Bytes:8
14:10:45.0 (36057917)|VARIABLE_SCOPE_BEGIN|[81]|drField|Schema.DescribeFieldResult|true|false
14:10:45.0 (36134618)|VARIABLE_ASSIGNMENT|[81]|drField|"common.api.soap.wsdl.Field@ad12e357"|0x6803591f
14:10:45.0 (36162039)|STATEMENT_EXECUTE|[82]
14:10:45.0 (36165067)|STATEMENT_EXECUTE|[83]
14:10:45.0 (36175012)|HEAP_ALLOCATE|[83]|Bytes:8
14:10:45.0 (36180665)|HEAP_ALLOCATE|[83]|Bytes:1
14:10:45.0 (36229800)|HEAP_ALLOCATE|[83]|Bytes:8
14:10:45.0 (36252782)|HEAP_ALLOCATE|[83]|Bytes:52
14:10:45.0 (36258880)|HEAP_ALLOCATE|[83]|Bytes:53
14:10:45.0 (36268891)|VARIABLE_ASSIGNMENT|[83]|securityMessage|"FLS on [BFFFollow__c (33 more) ..."
14:10:45.0 (36275660)|STATEMENT_EXECUTE|[84]
14:10:45.0 (36287754)|HEAP_ALLOCATE|[84]|Bytes:63
14:10:45.0 (36321248)|USER_DEBUG|[84]|DEBUG|Checking: FLS on [BFFFollow__c.FollowedUsers__c] for [Querying]
14:10:45.0 (36427961)|STATEMENT_EXECUTE|[87]
14:10:45.0 (36447069)|STATEMENT_EXECUTE|[88]
14:10:45.0 (36472917)|HEAP_ALLOCATE|[80]|Bytes:5
14:10:45.0 (36498944)|VARIABLE_SCOPE_BEGIN|[80]|fieldName|String|false|false
14:10:45.0 (36511092)|VARIABLE_ASSIGNMENT|[80]|fieldName|"Id"
14:10:45.0 (36520477)|STATEMENT_EXECUTE|[80]
14:10:45.0 (36523889)|STATEMENT_EXECUTE|[81]
14:10:45.0 (36668335)|HEAP_ALLOCATE|[81]|Bytes:8
14:10:45.0 (36680312)|VARIABLE_SCOPE_BEGIN|[81]|drField|Schema.DescribeFieldResult|true|false
14:10:45.0 (36746335)|VARIABLE_ASSIGNMENT|[81]|drField|"common.api.soap.wsdl.Field@73a52db7"|0x28b22383
14:10:45.0 (36762368)|STATEMENT_EXECUTE|[99]
14:10:45.0 (36764855)|STATEMENT_EXECUTE|[100]
14:10:45.0 (36774029)|HEAP_ALLOCATE|[100]|Bytes:22
14:10:45.0 (36817388)|HEAP_ALLOCATE|[100]|Bytes:8
14:10:45.0 (36833505)|HEAP_ALLOCATE|[100]|Bytes:52
14:10:45.0 (36837881)|HEAP_ALLOCATE|[100]|Bytes:35
14:10:45.0 (36842182)|HEAP_ALLOCATE|[100]|Bytes:87
14:10:45.0 (36857199)|USER_DEBUG|[100]|DEBUG|Bypass Check: FLS on [BFFFollow__c.Id] for [Querying] since it's not isPermissionable()
14:10:45.0 (36881395)|HEAP_ALLOCATE|[80]|Bytes:5
14:10:45.0 (36905431)|VARIABLE_ASSIGNMENT|[80]|fieldName|null
14:10:45.0 (36920047)|HEAP_ALLOCATE|[58]|Bytes:5
14:10:45.0 (36936405)|VARIABLE_ASSIGNMENT|[58]|sObjectName|null
14:10:45.0 (36955587)|METHOD_EXIT|[20]|01p50000002CIEt|ETLC_SecuredDB.validate(ETLC_SecuredDB.Operation, Map<String,Set<String>>)
14:10:45.0 (36963616)|STATEMENT_EXECUTE|[21]
14:10:45.0 (36979092)|METHOD_EXIT|[28]|01p50000002CIEt|ETLC_SecuredDB.query(String)
14:10:45.0 (36986679)|VARIABLE_SCOPE_BEGIN|[28]|dbRecords|List<SObject>|true|false
14:10:45.0 (37022693)|VARIABLE_ASSIGNMENT|[28]|dbRecords|{"s":1,"v":[{"s":2,"v":{"FollowedUsers__c":"[{\"id\":\"00550000005c (85 more) ...","Id":"a005000000ezW4dAAE"}}]}|0x77014118
14:10:45.0 (37032895)|STATEMENT_EXECUTE|[29]
14:10:45.0 (37034997)|STATEMENT_EXECUTE|[29]
14:10:45.0 (37132106)|USER_DEBUG|[29]|DEBUG|(BFFFollow__c:{FollowedUsers__c=[{"id":"00550000005cg71AAA","name":"Jaswinder Rattanpal"},{"id":"00550000005d7KnAAI","name":"Test User"}], Id=a005000000ezW4dAAE})
14:10:45.0 (37229152)|STATEMENT_EXECUTE|[30]
14:10:45.0 (37235221)|STATEMENT_EXECUTE|[31]
14:10:45.0 (37236927)|STATEMENT_EXECUTE|[32]
14:10:45.0 (37245622)|HEAP_ALLOCATE|[32]|Bytes:18
14:10:45.0 (37263009)|HEAP_ALLOCATE|[32]|Bytes:12
14:10:45.0 (37269520)|HEAP_ALLOCATE|[32]|Bytes:16
14:10:45.0 (37345207)|HEAP_ALLOCATE|[32]|Bytes:105
14:10:45.0 (37367689)|HEAP_ALLOCATE|[32]|Bytes:105
14:10:45.0 (37377875)|HEAP_ALLOCATE|[32]|Bytes:123
14:10:45.0 (37392703)|USER_DEBUG|[32]|DEBUG|FollowedUsers__c::[{"id":"00550000005cg71AAA","name":"Jaswinder Rattanpal"},{"id":"00550000005d7KnAAI","name":"Test User"}]
14:10:45.0 (37401321)|STATEMENT_EXECUTE|[34]
14:10:45.0 (37415998)|HEAP_ALLOCATE|[34]|Bytes:12
14:10:45.0 (37471138)|HEAP_ALLOCATE|[34]|Bytes:105
14:10:45.0 (37491825)|METHOD_EXIT|[10]|01p50000002D8iw|BFFFollow_Controller.fetchFollowedUsers(Id)
14:10:45.0 (37561588)|VARIABLE_ASSIGNMENT|[EXTERNAL]|this|{"debug":true,"input":"{\"mode\":\"fetchFollow (9 more) ...","operation":"BFFFollow_Controller"}|0x26264918
14:10:45.0 (37570832)|VARIABLE_ASSIGNMENT|[EXTERNAL]|value|"[{\"id\":\"00550000005c (85 more) ..."
14:10:45.0 (37587645)|VARIABLE_ASSIGNMENT|[12]|this.output|"[{\"id\":\"00550000005c (85 more) ..."|0x26264918
14:10:45.0 (37598396)|STATEMENT_EXECUTE|[11]
14:10:45.0 (37657357)|VARIABLE_ASSIGNMENT|[EXTERNAL]|this|{"debug":true,"input":"{\"mode\":\"fetchFollow (9 more) ...","operation":"BFFFollow_Controller","output":"[{\"id\":\"00550000005c (85 more) ..."}|0x26264918
14:10:45.0 (37708252)|VARIABLE_ASSIGNMENT|[EXTERNAL]|this|{"debug":true,"input":"{\"mode\":\"fetchFollow (9 more) ...","operation":"BFFFollow_Controller","output":"[{\"id\":\"00550000005c (85 more) ..."}|0x26264918
14:10:45.0 (37716188)|VARIABLE_ASSIGNMENT|[EXTERNAL]|value|true
14:10:45.0 (37722080)|HEAP_ALLOCATE|[15]|Bytes:5
14:10:45.0 (37730398)|VARIABLE_ASSIGNMENT|[15]|this.outputFlag|true|0x26264918
14:10:45.0 (37742949)|STATEMENT_EXECUTE|[19]
14:10:45.0 (37745441)|STATEMENT_EXECUTE|[19]
14:10:45.0 (37753189)|HEAP_ALLOCATE|[19]|Bytes:11
14:10:45.0 (37815738)|HEAP_ALLOCATE|[19]|Bytes:278
14:10:45.0 (37832185)|HEAP_ALLOCATE|[19]|Bytes:289
14:10:45.0 (37847001)|USER_DEBUG|[19]|DEBUG|data AFTER:ETLC_ApexBridge_Data:[debug=true, input={"mode":"fetchFollowedUsers"}, isSuccess=null, messages=null, operation=BFFFollow_Controller, output=[{"id":"00550000005cg71AAA","name":"Jaswinder Rattanpal"},{"id":"00550000005d7KnAAI","name":"Test User"}], outputFlag=true, records=null]
14:10:45.0 (37862314)|METHOD_EXIT|[9]|01p50000002D8iw|BFFFollow_Controller.process(ETLC_ApexBridge_Data)
14:10:45.0 (37868149)|STATEMENT_EXECUTE|[24]
14:10:45.0 (37889916)|METHOD_ENTRY|[24]|01p50000002CIEo|ETLC_ApexBridge_Data.toJSON()
14:10:45.0 (37905700)|VARIABLE_SCOPE_BEGIN|[57]|this|ETLC_ApexBridge_Data|true|false
14:10:45.0 (37942224)|VARIABLE_ASSIGNMENT|[57]|this|{"debug":true,"input":"{\"mode\":\"fetchFollow (9 more) ...","operation":"BFFFollow_Controller","output":"[{\"id\":\"00550000005c (85 more) ...","outputFlag":true}|0x26264918
14:10:45.0 (37951473)|STATEMENT_EXECUTE|[57]
14:10:45.0 (37953765)|STATEMENT_EXECUTE|[58]
14:10:45.0 (37972403)|METHOD_ENTRY|[58]||System.JSON.serialize(Object)
14:10:45.0 (38070712)|STATEMENT_EXECUTE|[22]
14:10:45.0 (38076717)|STATEMENT_EXECUTE|[23]
14:10:45.0 (38086207)|HEAP_ALLOCATE|[23]|Bytes:5
14:10:45.0 (38097685)|VARIABLE_ASSIGNMENT|[23]|this.isSuccess|true|0x26264918
14:10:45.0 (38101928)|STATEMENT_EXECUTE|[24]
14:10:45.0 (38141054)|STATEMENT_EXECUTE|[31]
14:10:45.0 (38145452)|STATEMENT_EXECUTE|[32]
14:10:45.0 (38258996)|HEAP_ALLOCATE|[32]|Bytes:4
14:10:45.0 (38339371)|VARIABLE_ASSIGNMENT|[32]|this.messages|{"s":1,"v":{}}|0x26264918
14:10:45.0 (38345942)|STATEMENT_EXECUTE|[33]
14:10:45.0 (38692137)|METHOD_EXIT|[58]||System.JSON.serialize(Object)
14:10:45.0 (38699114)|METHOD_EXIT|[24]|01p50000002CIEo|ETLC_ApexBridge_Data.toJSON()
14:10:45.0 (38709824)|SYSTEM_MODE_EXIT|false
14:10:45.38 (38760357)|CUMULATIVE_LIMIT_USAGE
14:10:45.38 (38760357)|LIMIT_USAGE_FOR_NS|(default)|
  Number of SOQL queries: 1 out of 100
  Number of query rows: 1 out of 50000
  Number of SOSL queries: 0 out of 20
  Number of DML statements: 0 out of 150
  Number of DML rows: 0 out of 10000
  Maximum CPU time: 0 out of 10000
  Maximum heap size: 0 out of 6000000
  Number of callouts: 0 out of 100
  Number of Email Invocations: 0 out of 10
  Number of future calls: 0 out of 50
  Number of queueable jobs added to the queue: 0 out of 50
  Number of Mobile Apex push calls: 0 out of 10

14:10:45.38 (38760357)|CUMULATIVE_LIMIT_USAGE_END

14:10:45.0 (38816830)|CODE_UNIT_FINISHED|ETLC_ApexBridge_Controller.execute
