37.0 APEX_CODE,FINEST;APEX_PROFILING,INFO;CALLOUT,INFO;DB,INFO;SYSTEM,DEBUG;VALIDATION,INFO;VISUALFORCE,INFO;WORKFLOW,INFO
15:20:52.0 (410034)|USER_INFO|[EXTERNAL]|00550000005cg71|bfffollow@jr.te|Eastern Standard Time|GMT-04:00
15:20:52.0 (453070)|EXECUTION_STARTED
15:20:52.0 (457148)|CODE_UNIT_STARTED|[EXTERNAL]|aura
15:20:52.0 (830938)|HEAP_ALLOCATE|[72]|Bytes:3
15:20:52.0 (923903)|HEAP_ALLOCATE|[77]|Bytes:152
15:20:52.0 (948210)|HEAP_ALLOCATE|[342]|Bytes:408
15:20:52.0 (981142)|HEAP_ALLOCATE|[355]|Bytes:408
15:20:52.0 (1008578)|HEAP_ALLOCATE|[467]|Bytes:48
15:20:52.0 (1052805)|HEAP_ALLOCATE|[139]|Bytes:6
15:20:52.0 (1088012)|HEAP_ALLOCATE|[EXTERNAL]|Bytes:3
15:20:52.0 (1149602)|HEAP_ALLOCATE|[EXTERNAL]|Bytes:3
15:20:52.0 (1358494)|HEAP_ALLOCATE|[EXTERNAL]|Bytes:4
15:20:52.0 (1375972)|HEAP_ALLOCATE|[EXTERNAL]|Bytes:4
15:20:52.0 (3107226)|CODE_UNIT_STARTED|[EXTERNAL]|01p50000002D2uA|LookupSObjectController.lookup
15:20:52.0 (4277443)|HEAP_ALLOCATE|[EXTERNAL]|Bytes:6
15:20:52.0 (4289510)|HEAP_ALLOCATE|[EXTERNAL]|Bytes:2
15:20:52.0 (4353662)|METHOD_ENTRY|[11]|01p50000002D2uA|LookupSObjectController.LookupSObjectController()
15:20:52.0 (4362092)|STATEMENT_EXECUTE|[11]
15:20:52.0 (4375385)|STATEMENT_EXECUTE|[11]
15:20:52.0 (4436722)|HEAP_ALLOCATE|[50]|Bytes:5
15:20:52.0 (4474864)|HEAP_ALLOCATE|[56]|Bytes:5
15:20:52.0 (4493093)|HEAP_ALLOCATE|[64]|Bytes:7
15:20:52.0 (4521360)|SYSTEM_MODE_ENTER|false
15:20:52.0 (4676625)|HEAP_ALLOCATE|[EXTERNAL]|Bytes:5
15:20:52.0 (4685022)|STATEMENT_EXECUTE|[43]
15:20:52.0 (4692369)|SYSTEM_MODE_EXIT|false
15:20:52.0 (4734882)|METHOD_EXIT|[11]|LookupSObjectController
15:20:52.0 (4745571)|HEAP_ALLOCATE|[EXTERNAL]|Bytes:3
15:20:52.0 (4749537)|HEAP_ALLOCATE|[EXTERNAL]|Bytes:4
15:20:52.0 (4762812)|SYSTEM_MODE_ENTER|false
15:20:52.0 (4778405)|VARIABLE_SCOPE_BEGIN|[17]|searchString|String|false|false
15:20:52.0 (4978098)|VARIABLE_ASSIGNMENT|[17]|searchString|"Jas"
15:20:52.0 (4988005)|VARIABLE_SCOPE_BEGIN|[17]|sObjectAPIName|String|false|false
15:20:52.0 (4995486)|VARIABLE_ASSIGNMENT|[17]|sObjectAPIName|"User"
15:20:52.0 (5016621)|HEAP_ALLOCATE|[20]|Bytes:5
15:20:52.0 (5024727)|STATEMENT_EXECUTE|[18]
15:20:52.0 (5027320)|STATEMENT_EXECUTE|[20]
15:20:52.0 (5126502)|HEAP_ALLOCATE|[20]|Bytes:3
15:20:52.0 (5152093)|VARIABLE_SCOPE_BEGIN|[20]|sanitizedSearchString|String|false|false
15:20:52.0 (5163559)|VARIABLE_ASSIGNMENT|[20]|sanitizedSearchString|"Jas"
15:20:52.0 (5167568)|STATEMENT_EXECUTE|[21]
15:20:52.0 (5211820)|HEAP_ALLOCATE|[21]|Bytes:4
15:20:52.0 (5231965)|VARIABLE_SCOPE_BEGIN|[21]|sanitizedSObjectAPIName|String|false|false
15:20:52.0 (5241367)|VARIABLE_ASSIGNMENT|[21]|sanitizedSObjectAPIName|"User"
15:20:52.0 (5244747)|STATEMENT_EXECUTE|[23]
15:20:52.0 (5255490)|HEAP_ALLOCATE|[23]|Bytes:4
15:20:52.0 (5328301)|VARIABLE_SCOPE_BEGIN|[23]|results|List<LookupSObjectController.Result>|true|false
15:20:52.0 (5347136)|HEAP_ALLOCATE|[EXTERNAL]|Bytes:4
15:20:52.0 (5368254)|VARIABLE_ASSIGNMENT|[23]|results|{"s":1,"v":[]}|0x40c4890e
15:20:52.0 (5371932)|STATEMENT_EXECUTE|[26]
15:20:52.0 (5380518)|HEAP_ALLOCATE|[26]|Bytes:6
15:20:52.0 (5385029)|HEAP_ALLOCATE|[26]|Bytes:27
15:20:52.0 (5387687)|HEAP_ALLOCATE|[26]|Bytes:18
15:20:52.0 (5400521)|HEAP_ALLOCATE|[26]|Bytes:58
15:20:52.0 (5405354)|VARIABLE_SCOPE_BEGIN|[26]|searchQuery|String|false|false
15:20:52.0 (5414964)|VARIABLE_ASSIGNMENT|[26]|searchQuery|"FIND 'Jas*' IN ALL F (38 more) ..."
15:20:52.0 (5417552)|STATEMENT_EXECUTE|[29]
15:20:52.0 (7983926)|SOSL_EXECUTE_BEGIN|[29]|FIND 'Jas*' IN ALL FIELDS RETURNING User(id,name) Limit 50
15:20:52.0 (44216604)|HEAP_ALLOCATE|[29]|Bytes:4
15:20:52.0 (44243673)|HEAP_ALLOCATE|[29]|Bytes:4
15:20:52.0 (44260142)|HEAP_ALLOCATE|[29]|Bytes:8
15:20:52.0 (44273573)|SOSL_EXECUTE_END|[29]|Rows:1
15:20:52.0 (44330766)|HEAP_ALLOCATE|[29]|Bytes:8
15:20:52.0 (44367539)|VARIABLE_SCOPE_BEGIN|[29]|searchList|List<List<SObject>>|true|false
15:20:52.0 (44457666)|VARIABLE_ASSIGNMENT|[29]|searchList|{"s":1,"v":[{"s":2,"v":[{"s":3,"v":{"Id":"00550000005cg71AAA","Name":"Jaswinder Rattanpal"}}]}]}|0x59295632
15:20:52.0 (44563376)|HEAP_ALLOCATE|[32]|Bytes:8
15:20:52.0 (44915337)|HEAP_ALLOCATE|[32]|Bytes:5
15:20:52.0 (44965400)|HEAP_ALLOCATE|[32]|Bytes:12
15:20:52.0 (44985017)|VARIABLE_SCOPE_BEGIN|[32]|so|SObject|true|false
15:20:52.0 (45012943)|VARIABLE_ASSIGNMENT|[32]|so|{"s":1,"v":{"Id":"00550000005cg71AAA","Name":"Jaswinder Rattanpal"}}|0x310e58a
15:20:52.0 (45022506)|STATEMENT_EXECUTE|[33]
15:20:52.0 (45027302)|STATEMENT_EXECUTE|[34]
15:20:52.0 (45084630)|HEAP_ALLOCATE|[34]|Bytes:116
15:20:52.0 (45095355)|HEAP_ALLOCATE|[34]|Bytes:8
15:20:52.0 (45123567)|HEAP_ALLOCATE|[34]|Bytes:12
15:20:52.0 (45131872)|HEAP_ALLOCATE|[34]|Bytes:4
15:20:52.0 (45239635)|HEAP_ALLOCATE|[34]|Bytes:19
15:20:52.0 (45324639)|CONSTRUCTOR_ENTRY|[34]|01p50000002D2uA|<init>(String,Id)
15:20:52.0 (45362658)|VARIABLE_SCOPE_BEGIN|[48]|this|LookupSObjectController.Result|true|false
15:20:52.0 (45431507)|VARIABLE_ASSIGNMENT|[48]|this|{}|0x71a70122
15:20:52.0 (45439023)|VARIABLE_SCOPE_BEGIN|[48]|sObjectLabel|String|false|false
15:20:52.0 (45449814)|VARIABLE_ASSIGNMENT|[48]|sObjectLabel|"Jaswinder Rattanpal"
15:20:52.0 (45454796)|VARIABLE_SCOPE_BEGIN|[48]|sObjectId|Id|false|false
15:20:52.0 (45647334)|VARIABLE_ASSIGNMENT|[48]|sObjectId|"00550000005cg71AAA"
15:20:52.0 (45655588)|STATEMENT_EXECUTE|[43]
15:20:52.0 (45658598)|STATEMENT_EXECUTE|[45]
15:20:52.0 (45668451)|STATEMENT_EXECUTE|[46]
15:20:52.0 (45685185)|HEAP_ALLOCATE|[50]|Bytes:6
15:20:52.0 (45727938)|STATEMENT_EXECUTE|[49]
15:20:52.0 (45731733)|STATEMENT_EXECUTE|[50]
15:20:52.0 (45845325)|VARIABLE_ASSIGNMENT|[EXTERNAL]|this|{}|0x71a70122
15:20:52.0 (45858773)|VARIABLE_ASSIGNMENT|[EXTERNAL]|value|"Jaswinder Rattanpal"
15:20:52.0 (45898576)|VARIABLE_ASSIGNMENT|[45]|this.SObjectLabel|"Jaswinder Rattanpal"|0x71a70122
15:20:52.0 (45911462)|STATEMENT_EXECUTE|[51]
15:20:52.0 (46005133)|VARIABLE_ASSIGNMENT|[EXTERNAL]|this|{"SObjectLabel":"Jaswinder Rattanpal"}|0x71a70122
15:20:52.0 (46112454)|VARIABLE_ASSIGNMENT|[EXTERNAL]|value|"00550000005cg71AAA"
15:20:52.0 (46203287)|VARIABLE_ASSIGNMENT|[46]|this.SObjectId|"00550000005cg71AAA"|0x71a70122
15:20:52.0 (46228352)|CONSTRUCTOR_EXIT|[34]|01p50000002D2uA|<init>(String,Id)
15:20:52.0 (46253413)|HEAP_ALLOCATE|[EXTERNAL]|Bytes:4
15:20:52.0 (46279460)|HEAP_ALLOCATE|[32]|Bytes:5
15:20:52.0 (46304180)|VARIABLE_ASSIGNMENT|[32]|so|null|
15:20:52.0 (46309988)|STATEMENT_EXECUTE|[37]
15:20:52.0 (46329896)|SYSTEM_MODE_EXIT|false
15:20:52.46 (46404304)|CUMULATIVE_LIMIT_USAGE
15:20:52.46 (46404304)|LIMIT_USAGE_FOR_NS|(default)|
  Number of SOQL queries: 0 out of 100
  Number of query rows: 0 out of 50000
  Number of SOSL queries: 1 out of 20
  Number of DML statements: 0 out of 150
  Number of DML rows: 0 out of 10000
  Maximum CPU time: 0 out of 10000
  Maximum heap size: 0 out of 6000000
  Number of callouts: 0 out of 100
  Number of Email Invocations: 0 out of 10
  Number of future calls: 0 out of 50
  Number of queueable jobs added to the queue: 0 out of 50
  Number of Mobile Apex push calls: 0 out of 10

15:20:52.46 (46404304)|CUMULATIVE_LIMIT_USAGE_END

15:20:52.0 (46463224)|CODE_UNIT_FINISHED|LookupSObjectController.lookup
15:20:52.0 (48298239)|CODE_UNIT_STARTED|[EXTERNAL]|Aura
15:20:52.0 (48356756)|CODE_UNIT_FINISHED|Aura
:52.15 (65019054)|CODE_UNIT_FINISHED|LookupSObjectController.lookup
15:20:52.15 (67012585)|CODE_UNIT_STARTED|[EXTERNAL]|Aura
15:20:52.15 (67067593)|CODE_UNIT_FINISHED|Aura
