37.0 APEX_CODE,FINEST;APEX_PROFILING,INFO;CALLOUT,INFO;DB,INFO;SYSTEM,DEBUG;VALIDATION,INFO;VISUALFORCE,INFO;WORKFLOW,INFO
23:42:33.0 (498265)|USER_INFO|[EXTERNAL]|00550000005cg71|bfffollow@jr.te|Eastern Standard Time|GMT-04:00
23:42:33.0 (546325)|EXECUTION_STARTED
23:42:33.0 (555103)|CODE_UNIT_STARTED|[EXTERNAL]|aura
23:42:33.0 (1013630)|HEAP_ALLOCATE|[72]|Bytes:3
23:42:33.0 (1117577)|HEAP_ALLOCATE|[77]|Bytes:152
23:42:33.0 (1145777)|HEAP_ALLOCATE|[342]|Bytes:408
23:42:33.0 (1175633)|HEAP_ALLOCATE|[355]|Bytes:408
23:42:33.0 (1201559)|HEAP_ALLOCATE|[467]|Bytes:48
23:42:33.0 (1317136)|HEAP_ALLOCATE|[139]|Bytes:6
23:42:33.0 (1363302)|HEAP_ALLOCATE|[EXTERNAL]|Bytes:268
23:42:33.0 (1422815)|HEAP_ALLOCATE|[EXTERNAL]|Bytes:268
23:42:33.0 (2451006)|CODE_UNIT_STARTED|[EXTERNAL]|01p50000002CIEm|ETLC_ApexBridge_Controller.execute
23:42:33.0 (3080230)|HEAP_ALLOCATE|[EXTERNAL]|Bytes:1
23:42:33.0 (3091055)|HEAP_ALLOCATE|[EXTERNAL]|Bytes:10
23:42:33.0 (3134976)|METHOD_ENTRY|[1]|01p50000002CIEm|ETLC_ApexBridge_Controller.ETLC_ApexBridge_Controller()
23:42:33.0 (3141569)|STATEMENT_EXECUTE|[1]
23:42:33.0 (3150598)|STATEMENT_EXECUTE|[1]
23:42:33.0 (3185019)|METHOD_EXIT|[1]|ETLC_ApexBridge_Controller
23:42:33.0 (3194011)|HEAP_ALLOCATE|[EXTERNAL]|Bytes:268
23:42:33.0 (3229971)|SYSTEM_MODE_ENTER|false
23:42:33.0 (3246392)|VARIABLE_SCOPE_BEGIN|[3]|dataJson|String|false|false
23:42:33.0 (3444420)|VARIABLE_ASSIGNMENT|[3]|dataJson|"{\"operation\":\"BFFFol (248 more) ..."
23:42:33.0 (3466619)|STATEMENT_EXECUTE|[3]
23:42:33.0 (3469603)|STATEMENT_EXECUTE|[4]
23:42:33.0 (5922736)|VARIABLE_SCOPE_BEGIN|[4]|data|ETLC_ApexBridge_Data|true|false
23:42:33.0 (5941500)|VARIABLE_ASSIGNMENT|[4]|data|null|
23:42:33.0 (5946076)|STATEMENT_EXECUTE|[5]
23:42:33.0 (5948264)|STATEMENT_EXECUTE|[5]
23:42:33.0 (5950208)|STATEMENT_EXECUTE|[6]
23:42:33.0 (5974334)|HEAP_ALLOCATE|[6]|Bytes:11
23:42:33.0 (5988116)|HEAP_ALLOCATE|[6]|Bytes:248
23:42:33.0 (5994940)|HEAP_ALLOCATE|[6]|Bytes:39
23:42:33.0 (6045353)|METHOD_ENTRY|[2]|01p50000002CIEo|ETLC_ApexBridge_Data.ETLC_ApexBridge_Data()
23:42:33.0 (6051482)|STATEMENT_EXECUTE|[2]
23:42:33.0 (6057851)|STATEMENT_EXECUTE|[2]
23:42:33.0 (6068691)|METHOD_EXIT|[2]|ETLC_ApexBridge_Data
23:42:33.0 (6164943)|METHOD_ENTRY|[6]|01p50000002CIEo|ETLC_ApexBridge_Data.fromJSON(String)
23:42:33.0 (6199663)|VARIABLE_SCOPE_BEGIN|[60]|strJson|String|false|false
23:42:33.0 (6213711)|VARIABLE_ASSIGNMENT|[60]|strJson|"{\"operation\":\"BFFFol (248 more) ..."
23:42:33.0 (6220738)|STATEMENT_EXECUTE|[60]
23:42:33.0 (6222886)|STATEMENT_EXECUTE|[61]
23:42:33.0 (6235854)|HEAP_ALLOCATE|[61]|Bytes:20
23:42:33.0 (6267435)|HEAP_ALLOCATE|[50]|Bytes:5
23:42:33.0 (6309611)|HEAP_ALLOCATE|[56]|Bytes:5
23:42:33.0 (6323780)|HEAP_ALLOCATE|[64]|Bytes:7
23:42:33.0 (6441018)|HEAP_ALLOCATE|[61]|Bytes:24
23:42:33.0 (6453198)|SYSTEM_METHOD_ENTRY|[1]|Type.Type()
23:42:33.0 (6455880)|STATEMENT_EXECUTE|[1]
23:42:33.0 (6464370)|SYSTEM_METHOD_EXIT|[1]|Type
23:42:33.0 (6469769)|HEAP_ALLOCATE|[61]|Bytes:8
23:42:33.0 (6494005)|HEAP_ALLOCATE|[61]|Bytes:8
23:42:33.0 (6498510)|VARIABLE_SCOPE_BEGIN|[4]|this|System.Type|true|false
23:42:33.0 (6557761)|VARIABLE_ASSIGNMENT|[4]|this|{}|0x107c5b9a
23:42:33.0 (6562714)|VARIABLE_SCOPE_BEGIN|[4]|apextype|java:common.apex.runtime.ApexObjectType|true|false
23:42:33.0 (6689540)|VARIABLE_ASSIGNMENT|[4]|apextype|"ETLC_ApexBridge_Data"|0x5b9302db
23:42:33.0 (6773680)|HEAP_ALLOCATE|[61]|Bytes:8
23:42:33.0 (6819118)|HEAP_ALLOCATE|[61]|Bytes:24
23:42:33.0 (6833125)|SYSTEM_METHOD_ENTRY|[1]|JSON.JSON()
23:42:33.0 (6835461)|STATEMENT_EXECUTE|[1]
23:42:33.0 (6842250)|SYSTEM_METHOD_EXIT|[1]|JSON
23:42:33.0 (6856353)|METHOD_ENTRY|[61]||System.JSON.deserializeStrict(String, System.Type)
23:42:33.0 (7608158)|METHOD_EXIT|[61]||System.JSON.deserializeStrict(String, System.Type)
23:42:33.0 (7624923)|METHOD_EXIT|[6]|01p50000002CIEo|ETLC_ApexBridge_Data.fromJSON(String)
23:42:33.0 (7716659)|VARIABLE_ASSIGNMENT|[6]|data|{"debug":true,"input":"{\"mode\":\"saveFollowe (148 more) ...","operation":"BFFFollow_Controller"}|0x42889037
23:42:33.0 (7722773)|STATEMENT_EXECUTE|[7]
23:42:33.0 (7732660)|HEAP_ALLOCATE|[7]|Bytes:6
23:42:33.0 (7818275)|HEAP_ALLOCATE|[7]|Bytes:316
23:42:33.0 (7853491)|HEAP_ALLOCATE|[7]|Bytes:322
23:42:33.0 (7911637)|USER_DEBUG|[7]|DEBUG|data::ETLC_ApexBridge_Data:[debug=true, input={"mode":"saveFollowedUsers","followedUsers":"[{\"id\":\"00550000005cg71AAA\",\"name\":\"Jaswinder Rattanpal\"},{\"id\":\"00550000005d7KnAAI\",\"name\":\"Test User\"}]"}, isSuccess=null, messages=null, operation=BFFFollow_Controller, output=null, outputFlag=null, records=null]
23:42:33.0 (7927172)|STATEMENT_EXECUTE|[8]
23:42:33.0 (8017326)|VARIABLE_ASSIGNMENT|[EXTERNAL]|this|{"debug":true,"input":"{\"mode\":\"saveFollowe (148 more) ...","operation":"BFFFollow_Controller"}|0x42889037
23:42:33.0 (8053329)|METHOD_ENTRY|[8]||System.Type.forName(String)
23:42:33.0 (9979832)|METHOD_EXIT|[8]||System.Type.forName(String)
23:42:33.0 (9994028)|METHOD_ENTRY|[8]||System.Type.newInstance()
23:42:33.0 (11231963)|STATEMENT_EXECUTE|[1]
23:42:33.0 (11246585)|HEAP_ALLOCATE|[33]|Bytes:5
23:42:33.0 (11261822)|METHOD_EXIT|[1]|BFFFollow_Controller
23:42:33.0 (11279654)|HEAP_ALLOCATE|[33]|Bytes:4
23:42:33.0 (11287013)|VARIABLE_SCOPE_BEGIN|[1]|this|BFFFollow_Controller|true|false
23:42:33.0 (11303898)|VARIABLE_ASSIGNMENT|[1]|this|{}|0xb8edd08
23:42:33.0 (11312139)|HEAP_ALLOCATE|[33]|Bytes:5
23:42:33.0 (11325405)|HEAP_ALLOCATE|[33]|Bytes:11
23:42:33.0 (11342737)|METHOD_ENTRY|[1]|01p50000002CIEj|ETLC_ApexBridge_Abstract.ETLC_ApexBridge_Abstract()
23:42:33.0 (11345900)|STATEMENT_EXECUTE|[1]
23:42:33.0 (11349812)|STATEMENT_EXECUTE|[1]
23:42:33.0 (11356733)|METHOD_EXIT|[1]|ETLC_ApexBridge_Abstract
23:42:33.0 (11365349)|CONSTRUCTOR_ENTRY|[EXTERNAL]|01p50000002CIEj|<init>()
23:42:33.0 (11383601)|VARIABLE_SCOPE_BEGIN|[1]|this|ETLC_ApexBridge_Abstract|true|false
23:42:33.0 (11399902)|VARIABLE_ASSIGNMENT|[1]|this|{}|0xb8edd08
23:42:33.0 (11414305)|STATEMENT_EXECUTE|[1]
23:42:33.0 (11418268)|CONSTRUCTOR_EXIT|[EXTERNAL]|01p50000002CIEj|<init>()
23:42:33.0 (11423826)|STATEMENT_EXECUTE|[1]
23:42:33.0 (11428498)|HEAP_ALLOCATE|[33]|Bytes:5
23:42:33.0 (11445240)|METHOD_EXIT|[8]||System.Type.newInstance()
23:42:33.0 (11452963)|VARIABLE_SCOPE_BEGIN|[8]|executor|ETLC_ApexBridge_Abstract|true|false
23:42:33.0 (11466556)|VARIABLE_ASSIGNMENT|[8]|executor|{}|0xb8edd08
23:42:33.0 (11469163)|STATEMENT_EXECUTE|[9]
23:42:33.0 (11511619)|METHOD_ENTRY|[9]|01p50000002D8iw|BFFFollow_Controller.process(ETLC_ApexBridge_Data)
23:42:33.0 (11534586)|VARIABLE_SCOPE_BEGIN|[3]|this|BFFFollow_Controller|true|false
23:42:33.0 (11548522)|VARIABLE_ASSIGNMENT|[3]|this|{}|0xb8edd08
23:42:33.0 (11551872)|VARIABLE_SCOPE_BEGIN|[3]|data|ETLC_ApexBridge_Data|true|false
23:42:33.0 (11577593)|VARIABLE_ASSIGNMENT|[3]|data|{"debug":true,"input":"{\"mode\":\"saveFollowe (148 more) ...","operation":"BFFFollow_Controller"}|0x42889037
23:42:33.0 (11587306)|HEAP_ALLOCATE|[4]|Bytes:5
23:42:33.0 (11591084)|STATEMENT_EXECUTE|[3]
23:42:33.0 (11592627)|STATEMENT_EXECUTE|[4]
23:42:33.0 (11667039)|VARIABLE_ASSIGNMENT|[EXTERNAL]|this|{"debug":true,"input":"{\"mode\":\"saveFollowe (148 more) ...","operation":"BFFFollow_Controller"}|0x42889037
23:42:33.0 (11689628)|VARIABLE_ASSIGNMENT|[4]|BFFFollow_Controller.debugFlag|true
23:42:33.0 (11729666)|VARIABLE_ASSIGNMENT|[EXTERNAL]|this|{"debug":true,"input":"{\"mode\":\"saveFollowe (148 more) ...","operation":"BFFFollow_Controller"}|0x42889037
23:42:33.0 (11745404)|STATEMENT_EXECUTE|[5]
23:42:33.0 (11783850)|USER_DEBUG|[5]|DEBUG|ETLC_ApexBridge_Data:[debug=true, input={"mode":"saveFollowedUsers","followedUsers":"[{\"id\":\"00550000005cg71AAA\",\"name\":\"Jaswinder Rattanpal\"},{\"id\":\"00550000005d7KnAAI\",\"name\":\"Test User\"}]"}, isSuccess=null, messages=null, operation=BFFFollow_Controller, output=null, outputFlag=null, records=null]
23:42:33.0 (11793383)|STATEMENT_EXECUTE|[7]
23:42:33.0 (11800952)|HEAP_ALLOCATE|[7]|Bytes:4
23:42:33.0 (11823870)|METHOD_ENTRY|[7]|01p50000002CIEo|ETLC_ApexBridge_Data.getInputValue(String)
23:42:33.0 (11846906)|VARIABLE_SCOPE_BEGIN|[52]|this|ETLC_ApexBridge_Data|true|false
23:42:33.0 (11876309)|VARIABLE_ASSIGNMENT|[52]|this|{"debug":true,"input":"{\"mode\":\"saveFollowe (148 more) ...","operation":"BFFFollow_Controller"}|0x42889037
23:42:33.0 (11881475)|VARIABLE_SCOPE_BEGIN|[52]|key|String|false|false
23:42:33.0 (11885628)|VARIABLE_ASSIGNMENT|[52]|key|"mode"
23:42:33.0 (11889730)|STATEMENT_EXECUTE|[52]
23:42:33.0 (11891017)|STATEMENT_EXECUTE|[53]
23:42:33.0 (11942351)|VARIABLE_ASSIGNMENT|[EXTERNAL]|this|{"debug":true,"input":"{\"mode\":\"saveFollowe (148 more) ...","operation":"BFFFollow_Controller"}|0x42889037
23:42:33.0 (11964003)|METHOD_ENTRY|[53]||System.JSON.deserializeUntyped(String)
23:42:33.0 (12245325)|METHOD_EXIT|[53]||System.JSON.deserializeUntyped(String)
23:42:33.0 (12255000)|VARIABLE_SCOPE_BEGIN|[53]|inputMap|Map<String,ANY>|true|false
23:42:33.0 (12287334)|VARIABLE_ASSIGNMENT|[53]|inputMap|{"s":1,"v":{"mode":"saveFollowedUsers","followedUsers":"[{\"id\":\"00550000005c (85 more) ..."}}|0x45659cbf
23:42:33.0 (12291832)|STATEMENT_EXECUTE|[54]
23:42:33.0 (12359546)|METHOD_EXIT|[7]|01p50000002CIEo|ETLC_ApexBridge_Data.getInputValue(String)
23:42:33.0 (12365964)|VARIABLE_SCOPE_BEGIN|[7]|mode|String|false|false
23:42:33.0 (12373173)|VARIABLE_ASSIGNMENT|[7]|mode|"saveFollowedUsers"
23:42:33.0 (12378373)|HEAP_ALLOCATE|[9]|Bytes:18
23:42:33.0 (12402811)|HEAP_ALLOCATE|[13]|Bytes:17
23:42:33.0 (12415800)|STATEMENT_EXECUTE|[13]
23:42:33.0 (12417335)|STATEMENT_EXECUTE|[14]
23:42:33.0 (12460389)|HEAP_ALLOCATE|[14]|Bytes:85
23:42:33.0 (12472240)|SYSTEM_METHOD_ENTRY|[1]|UserInfo.UserInfo()
23:42:33.0 (12474845)|STATEMENT_EXECUTE|[1]
23:42:33.0 (12484211)|SYSTEM_METHOD_EXIT|[1]|UserInfo
23:42:33.0 (12497279)|METHOD_ENTRY|[14]||System.UserInfo.getUserId()
23:42:33.0 (12547343)|METHOD_EXIT|[14]||System.UserInfo.getUserId()
23:42:33.0 (12570250)|HEAP_ALLOCATE|[14]|Bytes:4
23:42:33.0 (12579921)|HEAP_ALLOCATE|[14]|Bytes:13
23:42:33.0 (12596029)|METHOD_ENTRY|[14]|01p50000002CIEo|ETLC_ApexBridge_Data.getInputValue(String)
23:42:33.0 (12603277)|VARIABLE_SCOPE_BEGIN|[52]|this|ETLC_ApexBridge_Data|true|false
23:42:33.0 (12646594)|VARIABLE_ASSIGNMENT|[52]|this|{"debug":true,"input":"{\"mode\":\"saveFollowe (148 more) ...","operation":"BFFFollow_Controller"}|0x42889037
23:42:33.0 (12652511)|VARIABLE_SCOPE_BEGIN|[52]|key|String|false|false
23:42:33.0 (12659472)|VARIABLE_ASSIGNMENT|[52]|key|"followedUsers"
23:42:33.0 (12664484)|STATEMENT_EXECUTE|[52]
23:42:33.0 (12666730)|STATEMENT_EXECUTE|[53]
23:42:33.0 (12721264)|VARIABLE_ASSIGNMENT|[EXTERNAL]|this|{"debug":true,"input":"{\"mode\":\"saveFollowe (148 more) ...","operation":"BFFFollow_Controller"}|0x42889037
23:42:33.0 (12744103)|METHOD_ENTRY|[53]||System.JSON.deserializeUntyped(String)
23:42:33.0 (12920901)|METHOD_EXIT|[53]||System.JSON.deserializeUntyped(String)
23:42:33.0 (12929094)|VARIABLE_SCOPE_BEGIN|[53]|inputMap|Map<String,ANY>|true|false
23:42:33.0 (12949719)|VARIABLE_ASSIGNMENT|[53]|inputMap|{"s":1,"v":{"mode":"saveFollowedUsers","followedUsers":"[{\"id\":\"00550000005c (85 more) ..."}}|0x4ecdfd77
23:42:33.0 (12954010)|STATEMENT_EXECUTE|[54]
23:42:33.0 (12974042)|METHOD_EXIT|[14]|01p50000002CIEo|ETLC_ApexBridge_Data.getInputValue(String)
23:42:33.0 (12989664)|METHOD_ENTRY|[14]|01p50000002D8iw|BFFFollow_Controller.saveFollowedUsers(Id, String)
23:42:33.0 (12996003)|VARIABLE_SCOPE_BEGIN|[40]|this|BFFFollow_Controller|true|false
23:42:33.0 (13009584)|VARIABLE_ASSIGNMENT|[40]|this|{}|0xb8edd08
23:42:33.0 (13014047)|VARIABLE_SCOPE_BEGIN|[40]|followedById|Id|false|false
23:42:33.0 (13087287)|VARIABLE_ASSIGNMENT|[40]|followedById|"00550000005cg71AAA"
23:42:33.0 (13093596)|VARIABLE_SCOPE_BEGIN|[40]|followedUsers|String|false|false
23:42:33.0 (13100284)|VARIABLE_ASSIGNMENT|[40]|followedUsers|"[{\"id\":\"00550000005c (85 more) ..."
23:42:33.0 (13109769)|HEAP_ALLOCATE|[41]|Bytes:5
23:42:33.0 (13113635)|STATEMENT_EXECUTE|[40]
23:42:33.0 (13114970)|STATEMENT_EXECUTE|[41]
23:42:33.0 (13122628)|HEAP_ALLOCATE|[41]|Bytes:49
23:42:33.0 (13158970)|HEAP_ALLOCATE|[41]|Bytes:18
23:42:33.0 (13170482)|HEAP_ALLOCATE|[41]|Bytes:9
23:42:33.0 (13181192)|HEAP_ALLOCATE|[41]|Bytes:76
23:42:33.0 (13185423)|VARIABLE_SCOPE_BEGIN|[41]|soql|String|false|false
23:42:33.0 (13193624)|VARIABLE_ASSIGNMENT|[41]|soql|"SELECT Id FROM BFFFo (56 more) ..."
23:42:33.0 (13196475)|STATEMENT_EXECUTE|[43]
23:42:33.0 (13197740)|STATEMENT_EXECUTE|[43]
23:42:33.0 (13202853)|STATEMENT_EXECUTE|[44]
23:42:33.0 (13203906)|STATEMENT_EXECUTE|[44]
23:42:33.0 (13211109)|HEAP_ALLOCATE|[44]|Bytes:24
23:42:33.0 (13217763)|HEAP_ALLOCATE|[44]|Bytes:100
23:42:33.0 (13248430)|USER_DEBUG|[44]|DEBUG|fetchFollowedUsers:soql:SELECT Id FROM BFFFollow__c WHERE FollowedBy__c='00550000005cg71AAA' limit 1
23:42:33.0 (13256193)|STATEMENT_EXECUTE|[45]
23:42:33.0 (15662401)|HEAP_ALLOCATE|[45]|Bytes:9
23:42:33.0 (15670535)|HEAP_ALLOCATE|[45]|Bytes:29
23:42:33.0 (15673587)|HEAP_ALLOCATE|[45]|Bytes:21
23:42:33.0 (15690850)|METHOD_ENTRY|[7]|01p50000002CIEt|ETLC_SecuredDB.ETLC_SecuredDB()
23:42:33.0 (15694067)|STATEMENT_EXECUTE|[7]
23:42:33.0 (15698128)|STATEMENT_EXECUTE|[7]
23:42:33.0 (15704822)|HEAP_ALLOCATE|[45]|Bytes:5
23:42:33.0 (15715637)|METHOD_EXIT|[7]|ETLC_SecuredDB
23:42:33.0 (15742990)|METHOD_ENTRY|[45]|01p50000002CIEt|ETLC_SecuredDB.query(String)
23:42:33.0 (15762949)|VARIABLE_SCOPE_BEGIN|[10]|SOQL|String|false|false
23:42:33.0 (15771986)|VARIABLE_ASSIGNMENT|[10]|SOQL|"SELECT Id FROM BFFFo (56 more) ..."
23:42:33.0 (15780705)|HEAP_ALLOCATE|[12]|Bytes:5
23:42:33.0 (15784903)|STATEMENT_EXECUTE|[10]
23:42:33.0 (15786369)|STATEMENT_EXECUTE|[12]
23:42:33.0 (16360686)|SOQL_EXECUTE_BEGIN|[12]|Aggregations:0|SELECT Id FROM BFFFollow__c WHERE FollowedBy__c='00550000005cg71AAA' limit 1
23:42:33.0 (19668078)|SOQL_EXECUTE_END|[12]|Rows:1
23:42:33.0 (19691078)|HEAP_ALLOCATE|[12]|Bytes:8
23:42:33.0 (19709035)|HEAP_ALLOCATE|[12]|Bytes:33
23:42:33.0 (19790695)|HEAP_ALLOCATE|[12]|Bytes:8
23:42:33.0 (19804740)|VARIABLE_SCOPE_BEGIN|[12]|dbRecords|List<SObject>|true|false
23:42:33.0 (19831492)|VARIABLE_ASSIGNMENT|[12]|dbRecords|{"s":1,"v":[{"s":2,"v":{"Id":"a005000000ezW4dAAE"}}]}|0x496bfb8f
23:42:33.0 (19835492)|STATEMENT_EXECUTE|[20]
23:42:33.0 (20063514)|HEAP_ALLOCATE|[20]|Bytes:12
23:42:33.0 (20074333)|HEAP_ALLOCATE|[20]|Bytes:8
23:42:33.0 (20131492)|HEAP_ALLOCATE|[20]|Bytes:12
23:42:33.0 (20137005)|HEAP_ALLOCATE|[20]|Bytes:9
23:42:33.0 (20150882)|HEAP_ALLOCATE|[20]|Bytes:12
23:42:33.0 (20154364)|HEAP_ALLOCATE|[20]|Bytes:8
23:42:33.0 (20164725)|HEAP_ALLOCATE|[20]|Bytes:12
23:42:33.0 (20167920)|HEAP_ALLOCATE|[20]|Bytes:8
23:42:33.0 (20180671)|HEAP_ALLOCATE|[20]|Bytes:12
23:42:33.0 (20183958)|HEAP_ALLOCATE|[20]|Bytes:9
23:42:33.0 (20215359)|METHOD_ENTRY|[20]|01p50000002CIEt|ETLC_SecuredDB.findFields(List<SObject>)
23:42:33.0 (20239351)|VARIABLE_SCOPE_BEGIN|[108]|dbRecords|List<SObject>|true|false
23:42:33.0 (20256354)|VARIABLE_ASSIGNMENT|[108]|dbRecords|{"s":1,"v":[{"s":2,"v":{"Id":"a005000000ezW4dAAE"}}]}|0x496bfb8f
23:42:33.0 (20266592)|HEAP_ALLOCATE|[109]|Bytes:5
23:42:33.0 (20270409)|STATEMENT_EXECUTE|[108]
23:42:33.0 (20271988)|STATEMENT_EXECUTE|[109]
23:42:33.0 (20280717)|VARIABLE_SCOPE_BEGIN|[109]|strJSON|String|false|false
23:42:33.0 (20286139)|VARIABLE_ASSIGNMENT|[109]|strJSON|null
23:42:33.0 (20288058)|STATEMENT_EXECUTE|[110]
23:42:33.0 (20292478)|VARIABLE_SCOPE_BEGIN|[110]|mapFields|Map<String,Set<String>>|true|false
23:42:33.0 (20296516)|VARIABLE_ASSIGNMENT|[110]|mapFields|null|
23:42:33.0 (20298365)|STATEMENT_EXECUTE|[112]
23:42:33.0 (20312095)|METHOD_ENTRY|[112]||System.JSON.serialize(Object)
23:42:33.0 (20882717)|METHOD_EXIT|[112]||System.JSON.serialize(Object)
23:42:33.0 (20903141)|VARIABLE_ASSIGNMENT|[112]|strJSON|"[{\"attributes\":{\"typ (116 more) ..."
23:42:33.0 (20908263)|STATEMENT_EXECUTE|[113]
23:42:33.0 (20920850)|HEAP_ALLOCATE|[113]|Bytes:5
23:42:33.0 (20936779)|HEAP_ALLOCATE|[113]|Bytes:141
23:42:33.0 (20977668)|USER_DEBUG|[113]|DEBUG|JSON:[{"attributes":{"type":"BFFFollow__c","url":"/services/data/v37.0/sobjects/BFFFollow__c/a005000000ezW4dAAE"},"Id":"a005000000ezW4dAAE"}]
23:42:33.0 (20990433)|STATEMENT_EXECUTE|[114]
23:42:33.0 (21006161)|HEAP_ALLOCATE|[114]|Bytes:4
23:42:33.0 (21063290)|VARIABLE_ASSIGNMENT|[114]|mapFields|{"s":1,"v":{}}|0x25dfe489
23:42:33.0 (21067879)|STATEMENT_EXECUTE|[115]
23:42:33.0 (21083628)|METHOD_ENTRY|[115]||System.JSON.deserializeUntyped(String)
23:42:33.0 (21416444)|METHOD_EXIT|[115]||System.JSON.deserializeUntyped(String)
23:42:33.0 (21428567)|VARIABLE_SCOPE_BEGIN|[115]|records|List<ANY>|true|false
23:42:33.0 (21469257)|HEAP_ALLOCATE|[EXTERNAL]|Bytes:8
23:42:33.0 (21491343)|VARIABLE_ASSIGNMENT|[115]|records|{"s":1,"v":[{"s":2,"v":{"attributes":{"s":3,"v":{"type":"BFFFollow__c","url":"/services/data/v37.0 (41 more) ..."}},"Id":"a005000000ezW4dAAE"}}]}|0x1b05d246
23:42:33.0 (21538474)|HEAP_ALLOCATE|[116]|Bytes:5
23:42:33.0 (21556311)|HEAP_ALLOCATE|[116]|Bytes:12
23:42:33.0 (21569010)|VARIABLE_SCOPE_BEGIN|[116]|record|Object|false|false
23:42:33.0 (21597952)|VARIABLE_ASSIGNMENT|[116]|record|{"s":1,"v":{"attributes":{"s":2,"v":{"type":"BFFFollow__c","url":"/services/data/v37.0 (41 more) ..."}},"Id":"a005000000ezW4dAAE"}}
23:42:33.0 (21605113)|STATEMENT_EXECUTE|[116]
23:42:33.0 (21607263)|STATEMENT_EXECUTE|[117]
23:42:33.0 (21642580)|METHOD_ENTRY|[117]|01p50000002CIEt|ETLC_SecuredDB.findFieldsRecursive(Map<String,Set<String>>, Map<String,ANY>)
23:42:33.0 (21679313)|VARIABLE_SCOPE_BEGIN|[124]|mapFields|Map<String,Set<String>>|true|false
23:42:33.0 (21698125)|VARIABLE_ASSIGNMENT|[124]|mapFields|{"s":1,"v":{}}|0x25dfe489
23:42:33.0 (21704778)|VARIABLE_SCOPE_BEGIN|[124]|record|Map<String,ANY>|true|false
23:42:33.0 (21724659)|VARIABLE_ASSIGNMENT|[124]|record|{"s":1,"v":{"attributes":{"s":2,"v":{"type":"BFFFollow__c","url":"/services/data/v37.0 (41 more) ..."}},"Id":"a005000000ezW4dAAE"}}|0x4a83e5d7
23:42:33.0 (21739092)|HEAP_ALLOCATE|[125]|Bytes:5
23:42:33.0 (21744609)|STATEMENT_EXECUTE|[124]
23:42:33.0 (21746527)|STATEMENT_EXECUTE|[125]
23:42:33.0 (21757888)|HEAP_ALLOCATE|[125]|Bytes:10
23:42:33.0 (21764969)|VARIABLE_SCOPE_BEGIN|[125]|strAttributes|String|false|false
23:42:33.0 (21774546)|VARIABLE_ASSIGNMENT|[125]|strAttributes|"attributes"
23:42:33.0 (21778207)|STATEMENT_EXECUTE|[126]
23:42:33.0 (21787791)|HEAP_ALLOCATE|[126]|Bytes:7
23:42:33.0 (21794493)|VARIABLE_SCOPE_BEGIN|[126]|strRecord|String|false|false
23:42:33.0 (21802772)|VARIABLE_ASSIGNMENT|[126]|strRecord|"records"
23:42:33.0 (21854674)|STATEMENT_EXECUTE|[127]
23:42:33.0 (21858266)|STATEMENT_EXECUTE|[128]
23:42:33.0 (21922658)|VARIABLE_SCOPE_BEGIN|[128]|attributes|Map<String,ANY>|true|false
23:42:33.0 (21941626)|VARIABLE_ASSIGNMENT|[128]|attributes|{"s":1,"v":{"type":"BFFFollow__c","url":"/services/data/v37.0 (41 more) ..."}}|0x28f7e3
23:42:33.0 (21945366)|STATEMENT_EXECUTE|[129]
23:42:33.0 (21953633)|HEAP_ALLOCATE|[129]|Bytes:4
23:42:33.0 (21987896)|VARIABLE_SCOPE_BEGIN|[129]|objectName|String|false|false
23:42:33.0 (21995532)|VARIABLE_ASSIGNMENT|[129]|objectName|"BFFFollow__c"
23:42:33.0 (22005736)|HEAP_ALLOCATE|[130]|Bytes:4
23:42:33.0 (22068585)|HEAP_ALLOCATE|[130]|Bytes:24
23:42:33.0 (22087455)|HEAP_ALLOCATE|[130]|Bytes:8
23:42:33.0 (22111133)|HEAP_ALLOCATE|[130]|Bytes:5
23:42:33.0 (22127849)|VARIABLE_SCOPE_BEGIN|[130]|fieldName|String|false|false
23:42:33.0 (22135135)|VARIABLE_ASSIGNMENT|[130]|fieldName|"attributes"
23:42:33.0 (22137949)|STATEMENT_EXECUTE|[130]
23:42:33.0 (22139203)|STATEMENT_EXECUTE|[131]
23:42:33.0 (22180529)|VARIABLE_SCOPE_BEGIN|[131]|field|Object|false|false
23:42:33.0 (22201334)|VARIABLE_ASSIGNMENT|[131]|field|{"s":1,"v":{"type":"BFFFollow__c","url":"/services/data/v37.0 (41 more) ..."}}
23:42:33.0 (22221615)|STATEMENT_EXECUTE|[132]
23:42:33.0 (22237420)|HEAP_ALLOCATE|[130]|Bytes:5
23:42:33.0 (22248761)|VARIABLE_SCOPE_BEGIN|[130]|fieldName|String|false|false
23:42:33.0 (22255055)|VARIABLE_ASSIGNMENT|[130]|fieldName|"Id"
23:42:33.0 (22257456)|STATEMENT_EXECUTE|[130]
23:42:33.0 (22258525)|STATEMENT_EXECUTE|[131]
23:42:33.0 (22276591)|VARIABLE_SCOPE_BEGIN|[131]|field|Object|false|false
23:42:33.0 (22284603)|VARIABLE_ASSIGNMENT|[131]|field|"a005000000ezW4dAAE"
23:42:33.0 (22294851)|HEAP_ALLOCATE|[134]|Bytes:68
23:42:33.0 (22314583)|STATEMENT_EXECUTE|[136]
23:42:33.0 (22316225)|STATEMENT_EXECUTE|[137]
23:42:33.0 (22329805)|HEAP_ALLOCATE|[137]|Bytes:4
23:42:33.0 (22361808)|VARIABLE_SCOPE_BEGIN|[137]|fieldNames|Set<String>|true|false
23:42:33.0 (22380688)|VARIABLE_ASSIGNMENT|[137]|fieldNames|{"s":1,"v":[]}|0x6fabde36
23:42:33.0 (22413309)|STATEMENT_EXECUTE|[138]
23:42:33.0 (22419302)|STATEMENT_EXECUTE|[139]
23:42:33.0 (22443383)|HEAP_ALLOCATE|[EXTERNAL]|Bytes:4
23:42:33.0 (22451541)|STATEMENT_EXECUTE|[140]
23:42:33.0 (22491055)|HEAP_ALLOCATE|[EXTERNAL]|Bytes:-4
23:42:33.0 (22511586)|HEAP_ALLOCATE|[130]|Bytes:5
23:42:33.0 (22524107)|VARIABLE_ASSIGNMENT|[130]|fieldName|null
23:42:33.0 (22535592)|METHOD_EXIT|[117]|01p50000002CIEt|ETLC_SecuredDB.findFieldsRecursive(Map<String,Set<String>>, Map<String,ANY>)
23:42:33.0 (22546020)|HEAP_ALLOCATE|[116]|Bytes:5
23:42:33.0 (22559580)|VARIABLE_ASSIGNMENT|[116]|record|null
23:42:33.0 (22565595)|HEAP_ALLOCATE|[119]|Bytes:4
23:42:33.0 (22595912)|HEAP_ALLOCATE|[119]|Bytes:20
23:42:33.0 (22608683)|HEAP_ALLOCATE|[119]|Bytes:4
23:42:33.0 (22629155)|HEAP_ALLOCATE|[119]|Bytes:5
23:42:33.0 (22641347)|VARIABLE_SCOPE_BEGIN|[119]|objectName|String|false|false
23:42:33.0 (22648656)|VARIABLE_ASSIGNMENT|[119]|objectName|"BFFFollow__c"
23:42:33.0 (22651384)|STATEMENT_EXECUTE|[119]
23:42:33.0 (22652571)|STATEMENT_EXECUTE|[120]
23:42:33.0 (22672388)|HEAP_ALLOCATE|[120]|Bytes:2
23:42:33.0 (22754509)|HEAP_ALLOCATE|[120]|Bytes:4
23:42:33.0 (22780395)|HEAP_ALLOCATE|[120]|Bytes:18
23:42:33.0 (22801469)|USER_DEBUG|[120]|DEBUG|BFFFollow__c: {Id}
23:42:33.0 (22824144)|HEAP_ALLOCATE|[119]|Bytes:5
23:42:33.0 (22845106)|VARIABLE_ASSIGNMENT|[119]|objectName|null
23:42:33.0 (22850265)|STATEMENT_EXECUTE|[122]
23:42:33.0 (22871675)|METHOD_EXIT|[20]|01p50000002CIEt|ETLC_SecuredDB.findFields(List<SObject>)
23:42:33.0 (22898416)|METHOD_ENTRY|[20]|01p50000002CIEt|ETLC_SecuredDB.validate(ETLC_SecuredDB.Operation, Map<String,Set<String>>)
23:42:33.0 (22910289)|VARIABLE_SCOPE_BEGIN|[55]|op|ETLC_SecuredDB.Operation|true|false
23:42:33.0 (22932381)|VARIABLE_ASSIGNMENT|[55]|op|"Querying"|0x7d034c1f
23:42:33.0 (22938591)|VARIABLE_SCOPE_BEGIN|[55]|mapFieldNames|Map<String,Set<String>>|true|false
23:42:33.0 (23014761)|VARIABLE_ASSIGNMENT|[55]|mapFieldNames|{"s":1,"v":{"BFFFollow__c":{"s":2,"v":["Id"]}}}|0x25dfe489
23:42:33.0 (23029042)|HEAP_ALLOCATE|[56]|Bytes:5
23:42:33.0 (23033221)|STATEMENT_EXECUTE|[55]
23:42:33.0 (23034720)|STATEMENT_EXECUTE|[56]
23:42:33.0 (23043072)|VARIABLE_SCOPE_BEGIN|[56]|securityMessage|String|false|false
23:42:33.0 (23049205)|VARIABLE_ASSIGNMENT|[56]|securityMessage|null
23:42:33.0 (23051152)|STATEMENT_EXECUTE|[57]
23:42:33.0 (39140334)|HEAP_ALLOCATE|[57]|Bytes:1256
23:42:33.0 (39170810)|VARIABLE_SCOPE_BEGIN|[57]|mapObjects|Map<String,Schema.SObjectType>|true|false
23:42:33.0 (39413640)|VARIABLE_ASSIGNMENT|[57]|mapObjects|"{acceptedeventrelation=AcceptedEventRelation, account=Account, accountcontactrole=AccountContactRole, accounthistory=AccountHistory, accountpartner=AccountPartner, accountshare=AccountShare, actionlinkgrouptemplate=ActionLinkGroupTemplate, actionlinktemplate=ActionLinkTemplate, activityhistory=ActivityHistory, additionalnumber=AdditionalNumber, ...}"|0x6a9b74c4
23:42:33.0 (39429761)|HEAP_ALLOCATE|[58]|Bytes:4
23:42:33.0 (39494358)|HEAP_ALLOCATE|[58]|Bytes:20
23:42:33.0 (39510828)|HEAP_ALLOCATE|[58]|Bytes:4
23:42:33.0 (39533004)|HEAP_ALLOCATE|[58]|Bytes:5
23:42:33.0 (39549851)|VARIABLE_SCOPE_BEGIN|[58]|sObjectName|String|false|false
23:42:33.0 (39559551)|VARIABLE_ASSIGNMENT|[58]|sObjectName|"BFFFollow__c"
23:42:33.0 (39564243)|STATEMENT_EXECUTE|[58]
23:42:33.0 (39566574)|STATEMENT_EXECUTE|[59]
23:42:33.0 (39581394)|HEAP_ALLOCATE|[59]|Bytes:9
23:42:33.0 (39585807)|HEAP_ALLOCATE|[59]|Bytes:7
23:42:33.0 (39642170)|HEAP_ALLOCATE|[59]|Bytes:8
23:42:33.0 (39653860)|HEAP_ALLOCATE|[59]|Bytes:1
23:42:33.0 (39666776)|HEAP_ALLOCATE|[59]|Bytes:37
23:42:33.0 (39677300)|VARIABLE_ASSIGNMENT|[59]|securityMessage|"CRUD on [BFFFollow__ (17 more) ..."
23:42:33.0 (39680150)|STATEMENT_EXECUTE|[60]
23:42:33.0 (39688161)|HEAP_ALLOCATE|[60]|Bytes:10
23:42:33.0 (39694875)|HEAP_ALLOCATE|[60]|Bytes:47
23:42:33.0 (39726000)|USER_DEBUG|[60]|DEBUG|Checking: CRUD on [BFFFollow__c] for [Querying]
23:42:33.0 (39733524)|STATEMENT_EXECUTE|[61]
23:42:33.0 (39996324)|HEAP_ALLOCATE|[61]|Bytes:4
23:42:33.0 (40043391)|VARIABLE_SCOPE_BEGIN|[61]|drSObj|Schema.DescribeSObjectResult|true|false
23:42:33.0 (40116469)|VARIABLE_ASSIGNMENT|[61]|drSObj|"common.api.soap.wsdl.DescribeSObjectResult@a54f9caa"|0x7755e870
23:42:33.0 (40314493)|STATEMENT_EXECUTE|[64]
23:42:33.0 (40342712)|STATEMENT_EXECUTE|[65]
23:42:33.0 (40402100)|STATEMENT_EXECUTE|[77]
23:42:33.0 (40404602)|STATEMENT_EXECUTE|[79]
23:42:33.0 (40664353)|HEAP_ALLOCATE|[79]|Bytes:56
23:42:33.0 (40676482)|VARIABLE_SCOPE_BEGIN|[79]|mapFields|Map<String,Schema.SObjectField>|true|false
23:42:33.0 (40837423)|VARIABLE_ASSIGNMENT|[79]|mapFields|"{createdbyid=CreatedById, createddate=CreatedDate, followedby__c=FollowedBy__c, followedusers__c=FollowedUsers__c, id=Id, isdeleted=IsDeleted, lastmodifiedbyid=LastModifiedById, lastmodifieddate=LastModifiedDate, lastreferenceddate=LastReferencedDate, lastvieweddate=LastViewedDate, ...}"|0x5c40b4f5
23:42:33.0 (40847903)|HEAP_ALLOCATE|[80]|Bytes:4
23:42:33.0 (40889363)|HEAP_ALLOCATE|[80]|Bytes:4
23:42:33.0 (40908821)|HEAP_ALLOCATE|[80]|Bytes:5
23:42:33.0 (40922221)|VARIABLE_SCOPE_BEGIN|[80]|fieldName|String|false|false
23:42:33.0 (40931206)|VARIABLE_ASSIGNMENT|[80]|fieldName|"Id"
23:42:33.0 (40934457)|STATEMENT_EXECUTE|[80]
23:42:33.0 (40935812)|STATEMENT_EXECUTE|[81]
23:42:33.0 (41486486)|HEAP_ALLOCATE|[81]|Bytes:8
23:42:33.0 (41520965)|VARIABLE_SCOPE_BEGIN|[81]|drField|Schema.DescribeFieldResult|true|false
23:42:33.0 (41586520)|VARIABLE_ASSIGNMENT|[81]|drField|"common.api.soap.wsdl.Field@63cf8847"|0xfbd8a4e
23:42:33.0 (41607810)|STATEMENT_EXECUTE|[99]
23:42:33.0 (41609866)|STATEMENT_EXECUTE|[100]
23:42:33.0 (41619174)|HEAP_ALLOCATE|[100]|Bytes:22
23:42:33.0 (41623616)|HEAP_ALLOCATE|[100]|Bytes:1
23:42:33.0 (41663045)|HEAP_ALLOCATE|[100]|Bytes:8
23:42:33.0 (41682191)|HEAP_ALLOCATE|[100]|Bytes:52
23:42:33.0 (41687369)|HEAP_ALLOCATE|[100]|Bytes:35
23:42:33.0 (41691858)|HEAP_ALLOCATE|[100]|Bytes:87
23:42:33.0 (41702092)|USER_DEBUG|[100]|DEBUG|Bypass Check: FLS on [BFFFollow__c.Id] for [Querying] since it's not isPermissionable()
23:42:33.0 (41716461)|HEAP_ALLOCATE|[80]|Bytes:5
23:42:33.0 (41730374)|VARIABLE_ASSIGNMENT|[80]|fieldName|null
23:42:33.0 (41740781)|HEAP_ALLOCATE|[58]|Bytes:5
23:42:33.0 (41749329)|VARIABLE_ASSIGNMENT|[58]|sObjectName|null
23:42:33.0 (41764707)|METHOD_EXIT|[20]|01p50000002CIEt|ETLC_SecuredDB.validate(ETLC_SecuredDB.Operation, Map<String,Set<String>>)
23:42:33.0 (41768677)|STATEMENT_EXECUTE|[21]
23:42:33.0 (41780750)|METHOD_EXIT|[45]|01p50000002CIEt|ETLC_SecuredDB.query(String)
23:42:33.0 (41786016)|VARIABLE_SCOPE_BEGIN|[45]|dbRecords|List<SObject>|true|false
23:42:33.0 (41816032)|VARIABLE_ASSIGNMENT|[45]|dbRecords|{"s":1,"v":[{"s":2,"v":{"Id":"a005000000ezW4dAAE"}}]}|0x496bfb8f
23:42:33.0 (41818861)|STATEMENT_EXECUTE|[46]
23:42:33.0 (41841609)|HEAP_ALLOCATE|[46]|Bytes:4
23:42:33.0 (41953661)|VARIABLE_SCOPE_BEGIN|[46]|record|BFFFollow__c|true|false
23:42:33.0 (41968520)|VARIABLE_ASSIGNMENT|[46]|record|{}|0x3b491458
23:42:33.0 (42040508)|STATEMENT_EXECUTE|[47]
23:42:33.0 (42043727)|STATEMENT_EXECUTE|[48]
23:42:33.0 (42058334)|HEAP_ALLOCATE|[48]|Bytes:8
23:42:33.0 (42066559)|HEAP_ALLOCATE|[48]|Bytes:2
23:42:33.0 (42133486)|HEAP_ALLOCATE|[48]|Bytes:4
23:42:33.0 (42151582)|HEAP_ALLOCATE|[48]|Bytes:4
23:42:33.0 (42191464)|VARIABLE_ASSIGNMENT|[48]|this.Id|"a005000000ezW4dAAE"|0x3b491458
23:42:33.0 (42195569)|STATEMENT_EXECUTE|[50]
23:42:33.0 (42249803)|VARIABLE_ASSIGNMENT|[50]|this.FollowedUsers__c|"[{\"id\":\"00550000005c (85 more) ..."|0x3b491458
23:42:33.0 (42253722)|STATEMENT_EXECUTE|[51]
23:42:33.0 (42312509)|VARIABLE_ASSIGNMENT|[51]|this.FollowedBy__c|"00550000005cg71AAA"|0x3b491458
23:42:33.0 (42317993)|STATEMENT_EXECUTE|[52]
23:42:33.0 (42359627)|HEAP_ALLOCATE|[52]|Bytes:8
23:42:33.0 (42384974)|DML_BEGIN|[52]|Op:Upsert|Type:BFFFollow__c|Rows:1
23:42:33.0 (42415034)|HEAP_ALLOCATE|[EXTERNAL]|Bytes:8
23:42:33.0 (65146374)|DML_END|[52]
23:42:33.0 (65174836)|STATEMENT_EXECUTE|[53]
23:42:33.0 (65177386)|STATEMENT_EXECUTE|[53]
23:42:33.0 (65254964)|USER_DEBUG|[53]|DEBUG|BFFFollow__c:{Id=a005000000ezW4dAAE, FollowedUsers__c=[{"id":"00550000005cg71AAA","name":"Jaswinder Rattanpal"},{"id":"00550000005d7KnAAI","name":"Test User"}], FollowedBy__c=00550000005cg71AAA}
23:42:33.0 (65265740)|STATEMENT_EXECUTE|[54]
23:42:33.0 (65278003)|HEAP_ALLOCATE|[54]|Bytes:5
23:42:33.0 (65293683)|METHOD_EXIT|[14]|01p50000002D8iw|BFFFollow_Controller.saveFollowedUsers(Id, String)
23:42:33.0 (65390814)|VARIABLE_ASSIGNMENT|[EXTERNAL]|this|{"debug":true,"input":"{\"mode\":\"saveFollowe (148 more) ...","operation":"BFFFollow_Controller"}|0x42889037
23:42:33.0 (65401219)|VARIABLE_ASSIGNMENT|[EXTERNAL]|value|true
23:42:33.0 (65408203)|HEAP_ALLOCATE|[15]|Bytes:5
23:42:33.0 (65423116)|VARIABLE_ASSIGNMENT|[15]|this.outputFlag|true|0x42889037
23:42:33.0 (65441930)|METHOD_EXIT|[9]|01p50000002D8iw|BFFFollow_Controller.process(ETLC_ApexBridge_Data)
23:42:33.0 (65446848)|STATEMENT_EXECUTE|[24]
23:42:33.0 (65471368)|METHOD_ENTRY|[24]|01p50000002CIEo|ETLC_ApexBridge_Data.toJSON()
23:42:33.0 (65496393)|VARIABLE_SCOPE_BEGIN|[57]|this|ETLC_ApexBridge_Data|true|false
23:42:33.0 (65525714)|VARIABLE_ASSIGNMENT|[57]|this|{"debug":true,"input":"{\"mode\":\"saveFollowe (148 more) ...","operation":"BFFFollow_Controller","outputFlag":true}|0x42889037
23:42:33.0 (65532671)|STATEMENT_EXECUTE|[57]
23:42:33.0 (65533859)|STATEMENT_EXECUTE|[58]
23:42:33.0 (65564563)|METHOD_ENTRY|[58]||System.JSON.serialize(Object)
23:42:33.0 (65688340)|STATEMENT_EXECUTE|[22]
23:42:33.0 (65697269)|STATEMENT_EXECUTE|[23]
23:42:33.0 (65711826)|HEAP_ALLOCATE|[23]|Bytes:5
23:42:33.0 (65728172)|VARIABLE_ASSIGNMENT|[23]|this.isSuccess|true|0x42889037
23:42:33.0 (65732837)|STATEMENT_EXECUTE|[24]
23:42:33.0 (65804451)|STATEMENT_EXECUTE|[31]
23:42:33.0 (65811247)|STATEMENT_EXECUTE|[32]
23:42:33.0 (65826835)|HEAP_ALLOCATE|[32]|Bytes:4
23:42:33.0 (65924289)|VARIABLE_ASSIGNMENT|[32]|this.messages|{"s":1,"v":{}}|0x42889037
23:42:33.0 (65930305)|STATEMENT_EXECUTE|[33]
23:42:33.0 (66378182)|METHOD_EXIT|[58]||System.JSON.serialize(Object)
23:42:33.0 (66386241)|METHOD_EXIT|[24]|01p50000002CIEo|ETLC_ApexBridge_Data.toJSON()
23:42:33.0 (66396124)|SYSTEM_MODE_EXIT|false
23:42:33.68 (68562749)|CUMULATIVE_LIMIT_USAGE
23:42:33.68 (68562749)|LIMIT_USAGE_FOR_NS|(default)|
  Number of SOQL queries: 1 out of 100
  Number of query rows: 1 out of 50000
  Number of SOSL queries: 0 out of 20
  Number of DML statements: 1 out of 150
  Number of DML rows: 1 out of 10000
  Maximum CPU time: 0 out of 10000
  Maximum heap size: 0 out of 6000000
  Number of callouts: 0 out of 100
  Number of Email Invocations: 0 out of 10
  Number of future calls: 0 out of 50
  Number of queueable jobs added to the queue: 0 out of 50
  Number of Mobile Apex push calls: 0 out of 10

23:42:33.68 (68562749)|CUMULATIVE_LIMIT_USAGE_END

23:42:33.0 (68608836)|CODE_UNIT_FINISHED|ETLC_ApexBridge_Controller.execute
