37.0 APEX_CODE,FINEST;APEX_PROFILING,INFO;CALLOUT,INFO;DB,INFO;SYSTEM,DEBUG;VALIDATION,INFO;VISUALFORCE,INFO;WORKFLOW,INFO
16:12:13.0 (367925)|USER_INFO|[EXTERNAL]|00550000005cg71|bfffollow@jr.te|Eastern Standard Time|GMT-04:00
16:12:13.0 (794187)|HEAP_ALLOCATE|[72]|Bytes:3
16:12:13.0 (865090)|HEAP_ALLOCATE|[77]|Bytes:152
16:12:13.0 (880843)|HEAP_ALLOCATE|[342]|Bytes:408
16:12:13.0 (897775)|HEAP_ALLOCATE|[355]|Bytes:408
16:12:13.0 (913119)|HEAP_ALLOCATE|[467]|Bytes:48
16:12:13.1 (1825155)|USER_INFO|[EXTERNAL]|00550000005cg71|bfffollow@jr.te|Eastern Standard Time|GMT-04:00
16:12:13.1 (2367003)|STATEMENT_EXECUTE|[1]
16:12:13.1 (2391609)|METHOD_EXIT|[1]|ETLC_ApexBridge_Controller
16:12:13.1 (2398002)|HEAP_ALLOCATE|[EXTERNAL]|Bytes:93
16:12:13.1 (2421291)|SYSTEM_MODE_ENTER|false
16:12:13.1 (2434021)|VARIABLE_SCOPE_BEGIN|[3]|dataJson|String|false|false
16:12:13.1 (2569278)|VARIABLE_ASSIGNMENT|[3]|dataJson|"{\"operation\":\"BFFFol (73 more) ..."
16:12:13.1 (2584254)|STATEMENT_EXECUTE|[3]
16:12:13.1 (2587527)|STATEMENT_EXECUTE|[4]
16:12:13.1 (4408612)|VARIABLE_SCOPE_BEGIN|[4]|data|BFFFollow.ETLC_ApexBridge_Data|true|false
16:12:13.1 (4421682)|VARIABLE_ASSIGNMENT|[4]|data|null|
16:12:13.1 (4424858)|STATEMENT_EXECUTE|[5]
16:12:13.1 (4426181)|STATEMENT_EXECUTE|[5]
16:12:13.1 (4427098)|STATEMENT_EXECUTE|[6]
16:12:13.1 (4443239)|HEAP_ALLOCATE|[6]|Bytes:11
16:12:13.1 (4450305)|HEAP_ALLOCATE|[6]|Bytes:248
16:12:13.1 (4453343)|HEAP_ALLOCATE|[6]|Bytes:39
16:12:13.1 (4502323)|METHOD_ENTRY|[2]|01p50000002CIEo|ETLC_ApexBridge_Data.ETLC_ApexBridge_Data()
16:12:13.1 (4508566)|STATEMENT_EXECUTE|[2]
16:12:13.1 (4517821)|STATEMENT_EXECUTE|[2]
16:12:13.1 (4528565)|METHOD_EXIT|[2]|ETLC_ApexBridge_Data
16:12:13.1 (4563137)|METHOD_ENTRY|[6]|01p50000002CIEo|BFFFollow.ETLC_ApexBridge_Data.fromJSON(String)
16:12:13.1 (4590635)|VARIABLE_SCOPE_BEGIN|[60]|strJson|String|false|false
16:12:13.1 (4601421)|VARIABLE_ASSIGNMENT|[60]|strJson|"{\"operation\":\"BFFFol (73 more) ..."
16:12:13.1 (4606208)|STATEMENT_EXECUTE|[60]
16:12:13.1 (4607494)|STATEMENT_EXECUTE|[61]
16:12:13.1 (4617326)|HEAP_ALLOCATE|[61]|Bytes:30
16:12:13.1 (4638660)|HEAP_ALLOCATE|[50]|Bytes:5
16:12:13.1 (4661592)|HEAP_ALLOCATE|[56]|Bytes:5
16:12:13.1 (4670991)|HEAP_ALLOCATE|[64]|Bytes:7
16:12:13.1 (4760509)|HEAP_ALLOCATE|[61]|Bytes:24
16:12:13.1 (4775053)|SYSTEM_METHOD_ENTRY|[1]|Type.Type()
16:12:13.1 (4777953)|STATEMENT_EXECUTE|[1]
16:12:13.1 (4786419)|SYSTEM_METHOD_EXIT|[1]|Type
16:12:13.1 (4792220)|HEAP_ALLOCATE|[61]|Bytes:8
16:12:13.1 (4817990)|HEAP_ALLOCATE|[61]|Bytes:8
16:12:13.1 (4822889)|VARIABLE_SCOPE_BEGIN|[4]|this|System.Type|true|false
16:12:13.1 (4852076)|VARIABLE_ASSIGNMENT|[4]|this|{}|0x7738c77d
16:12:13.1 (4855718)|VARIABLE_SCOPE_BEGIN|[4]|apextype|java:common.apex.runtime.ApexObjectType|true|false
16:12:13.1 (4963476)|VARIABLE_ASSIGNMENT|[4]|apextype|"BFFFollow.ETLC_ApexBridge_Data"|0x5bb8642c
16:12:13.1 (5054611)|HEAP_ALLOCATE|[61]|Bytes:8
16:12:13.1 (5094975)|HEAP_ALLOCATE|[61]|Bytes:24
16:12:13.1 (5108758)|SYSTEM_METHOD_ENTRY|[1]|JSON.JSON()
16:12:13.1 (5111604)|STATEMENT_EXECUTE|[1]
16:12:13.1 (5119495)|SYSTEM_METHOD_EXIT|[1]|JSON
16:12:13.1 (5132158)|METHOD_ENTRY|[61]||System.JSON.deserializeStrict(String, System.Type)
16:12:13.1 (5714941)|METHOD_EXIT|[61]||System.JSON.deserializeStrict(String, System.Type)
16:12:13.1 (5725952)|METHOD_EXIT|[6]|01p50000002CIEo|BFFFollow.ETLC_ApexBridge_Data.fromJSON(String)
16:12:13.1 (5784736)|VARIABLE_ASSIGNMENT|[6]|data|{"debug":true,"input":"{\"mode\":\"fetchFollow (9 more) ...","operation":"BFFFollow_Controller"}|0x66f064ed
16:12:13.1 (5789708)|STATEMENT_EXECUTE|[7]
16:12:13.1 (5799782)|HEAP_ALLOCATE|[7]|Bytes:6
16:12:13.1 (5827081)|ENTERING_MANAGED_PKG|
16:12:13.1 (5876808)|HEAP_ALLOCATE|[7]|Bytes:177
16:12:13.1 (5896972)|HEAP_ALLOCATE|[7]|Bytes:183
16:12:13.1 (5916458)|ENTERING_MANAGED_PKG|
16:12:13.1 (5926911)|USER_DEBUG|[7]|DEBUG|data::ETLC_ApexBridge_Data:[debug=true, input={"mode":"fetchFollowedUsers"}, isSuccess=null, messages=null, operation=BFFFollow_Controller, output=null, outputFlag=null, records=null]
16:12:13.1 (5936160)|STATEMENT_EXECUTE|[8]
16:12:13.1 (5992883)|VARIABLE_ASSIGNMENT|[EXTERNAL]|this|{"debug":true,"input":"{\"mode\":\"fetchFollow (9 more) ...","operation":"BFFFollow_Controller"}|0x66f064ed
16:12:13.1 (6017228)|METHOD_ENTRY|[8]||System.Type.forName(String)
16:12:13.1 (7878720)|METHOD_EXIT|[8]||System.Type.forName(String)
16:12:13.1 (7897364)|METHOD_ENTRY|[8]||System.Type.newInstance()
16:12:13.1 (9118072)|STATEMENT_EXECUTE|[1]
16:12:13.1 (9130169)|HEAP_ALLOCATE|[33]|Bytes:5
16:12:13.1 (9145578)|METHOD_EXIT|[1]|BFFFollow_Controller
16:12:13.1 (9161563)|HEAP_ALLOCATE|[33]|Bytes:4
16:12:13.1 (9169779)|VARIABLE_SCOPE_BEGIN|[1]|this|BFFFollow.BFFFollow_Controller|true|false
16:12:13.1 (9189109)|VARIABLE_ASSIGNMENT|[1]|this|{}|0x83774b6
16:12:13.1 (9198167)|HEAP_ALLOCATE|[33]|Bytes:5
16:12:13.1 (9206213)|HEAP_ALLOCATE|[33]|Bytes:11
16:12:13.1 (9228000)|METHOD_ENTRY|[1]|01p50000002CIEj|ETLC_ApexBridge_Abstract.ETLC_ApexBridge_Abstract()
16:12:13.1 (9231521)|STATEMENT_EXECUTE|[1]
16:12:13.1 (9237030)|STATEMENT_EXECUTE|[1]
16:12:13.1 (9243384)|METHOD_EXIT|[1]|ETLC_ApexBridge_Abstract
16:12:13.1 (9251655)|CONSTRUCTOR_ENTRY|[EXTERNAL]|01p50000002CIEj|<init>()
16:12:13.1 (9278792)|VARIABLE_SCOPE_BEGIN|[1]|this|BFFFollow.ETLC_ApexBridge_Abstract|true|false
16:12:13.1 (9302296)|VARIABLE_ASSIGNMENT|[1]|this|{}|0x83774b6
16:12:13.1 (9321666)|STATEMENT_EXECUTE|[1]
16:12:13.1 (9326710)|CONSTRUCTOR_EXIT|[EXTERNAL]|01p50000002CIEj|<init>()
16:12:13.1 (9331919)|STATEMENT_EXECUTE|[1]
16:12:13.1 (9336823)|HEAP_ALLOCATE|[33]|Bytes:5
16:12:13.1 (9353685)|METHOD_EXIT|[8]||System.Type.newInstance()
16:12:13.1 (9362814)|VARIABLE_SCOPE_BEGIN|[8]|executor|BFFFollow.ETLC_ApexBridge_Abstract|true|false
16:12:13.1 (9384065)|VARIABLE_ASSIGNMENT|[8]|executor|{}|0x83774b6
16:12:13.1 (9389291)|STATEMENT_EXECUTE|[9]
16:12:13.1 (9437154)|METHOD_ENTRY|[9]|01p50000002D8iw|BFFFollow.BFFFollow_Controller.process(BFFFollow.ETLC_ApexBridge_Data)
16:12:13.1 (9464510)|VARIABLE_SCOPE_BEGIN|[3]|this|BFFFollow.BFFFollow_Controller|true|false
16:12:13.1 (9486680)|VARIABLE_ASSIGNMENT|[3]|this|{}|0x83774b6
16:12:13.1 (9493805)|VARIABLE_SCOPE_BEGIN|[3]|data|BFFFollow.ETLC_ApexBridge_Data|true|false
16:12:13.1 (9524312)|VARIABLE_ASSIGNMENT|[3]|data|{"debug":true,"input":"{\"mode\":\"fetchFollow (9 more) ...","operation":"BFFFollow_Controller"}|0x66f064ed
16:12:13.1 (9534421)|HEAP_ALLOCATE|[4]|Bytes:5
16:12:13.1 (9538640)|STATEMENT_EXECUTE|[3]
16:12:13.1 (9539903)|STATEMENT_EXECUTE|[4]
16:12:13.1 (9640877)|VARIABLE_ASSIGNMENT|[EXTERNAL]|this|{"debug":true,"input":"{\"mode\":\"fetchFollow (9 more) ...","operation":"BFFFollow_Controller"}|0x66f064ed
16:12:13.1 (9665655)|VARIABLE_ASSIGNMENT|[4]|BFFFollow_Controller.debugFlag|true
16:12:13.1 (9728258)|VARIABLE_ASSIGNMENT|[EXTERNAL]|this|{"debug":true,"input":"{\"mode\":\"fetchFollow (9 more) ...","operation":"BFFFollow_Controller"}|0x66f064ed
16:12:13.1 (9749140)|STATEMENT_EXECUTE|[5]
16:12:13.1 (9760427)|HEAP_ALLOCATE|[5]|Bytes:12
16:12:13.1 (9782524)|ENTERING_MANAGED_PKG|
16:12:13.1 (9806655)|HEAP_ALLOCATE|[5]|Bytes:177
16:12:13.1 (9821987)|HEAP_ALLOCATE|[5]|Bytes:189
16:12:13.1 (9834966)|ENTERING_MANAGED_PKG|
16:12:13.1 (9843256)|USER_DEBUG|[5]|DEBUG|data BEFORE:ETLC_ApexBridge_Data:[debug=true, input={"mode":"fetchFollowedUsers"}, isSuccess=null, messages=null, operation=BFFFollow_Controller, output=null, outputFlag=null, records=null]
16:12:13.1 (9852236)|STATEMENT_EXECUTE|[7]
16:12:13.1 (9860593)|HEAP_ALLOCATE|[7]|Bytes:4
16:12:13.1 (9882227)|METHOD_ENTRY|[7]|01p50000002CIEo|BFFFollow.ETLC_ApexBridge_Data.getInputValue(String)
16:12:13.1 (9905713)|VARIABLE_SCOPE_BEGIN|[52]|this|BFFFollow.ETLC_ApexBridge_Data|true|false
16:12:13.1 (9934195)|VARIABLE_ASSIGNMENT|[52]|this|{"debug":true,"input":"{\"mode\":\"fetchFollow (9 more) ...","operation":"BFFFollow_Controller"}|0x66f064ed
16:12:13.1 (9939560)|VARIABLE_SCOPE_BEGIN|[52]|key|String|false|false
16:12:13.1 (9943768)|VARIABLE_ASSIGNMENT|[52]|key|"mode"
16:12:13.1 (9948056)|STATEMENT_EXECUTE|[52]
16:12:13.1 (9949359)|STATEMENT_EXECUTE|[53]
16:12:13.1 (10002156)|VARIABLE_ASSIGNMENT|[EXTERNAL]|this|{"debug":true,"input":"{\"mode\":\"fetchFollow (9 more) ...","operation":"BFFFollow_Controller"}|0x66f064ed
16:12:13.1 (10026157)|METHOD_ENTRY|[53]||System.JSON.deserializeUntyped(String)
16:12:13.1 (10231141)|METHOD_EXIT|[53]||System.JSON.deserializeUntyped(String)
16:12:13.1 (10240511)|VARIABLE_SCOPE_BEGIN|[53]|inputMap|Map<String,ANY>|true|false
16:12:13.1 (10266631)|VARIABLE_ASSIGNMENT|[53]|inputMap|{"s":1,"v":{"mode":"fetchFollowedUsers"}}|0x23477b91
16:12:13.1 (10270755)|STATEMENT_EXECUTE|[54]
16:12:13.1 (10292520)|ENTERING_MANAGED_PKG|
16:12:13.1 (10323895)|METHOD_EXIT|[7]|01p50000002CIEo|BFFFollow.ETLC_ApexBridge_Data.getInputValue(String)
16:12:13.1 (10330303)|VARIABLE_SCOPE_BEGIN|[7]|mode|String|false|false
16:12:13.1 (10338093)|VARIABLE_ASSIGNMENT|[7]|mode|"fetchFollowedUsers"
16:12:13.1 (10343018)|HEAP_ALLOCATE|[9]|Bytes:19
16:12:13.1 (10366545)|HEAP_ALLOCATE|[11]|Bytes:18
16:12:13.1 (10379415)|STATEMENT_EXECUTE|[11]
16:12:13.1 (10380957)|STATEMENT_EXECUTE|[12]
16:12:13.1 (10423245)|HEAP_ALLOCATE|[12]|Bytes:85
16:12:13.1 (10442503)|SYSTEM_METHOD_ENTRY|[1]|UserInfo.UserInfo()
16:12:13.1 (10447415)|STATEMENT_EXECUTE|[1]
16:12:13.1 (10462087)|SYSTEM_METHOD_EXIT|[1]|UserInfo
16:12:13.1 (10480329)|METHOD_ENTRY|[12]||System.UserInfo.getUserId()
16:12:13.1 (10524208)|METHOD_EXIT|[12]||System.UserInfo.getUserId()
16:12:13.1 (10538040)|HEAP_ALLOCATE|[12]|Bytes:4
16:12:13.1 (10552972)|METHOD_ENTRY|[12]|01p50000002D8iw|BFFFollow.BFFFollow_Controller.fetchFollowedUsers(Id)
16:12:13.1 (10561102)|VARIABLE_SCOPE_BEGIN|[41]|this|BFFFollow.BFFFollow_Controller|true|false
16:12:13.1 (10583160)|VARIABLE_ASSIGNMENT|[41]|this|{}|0x83774b6
16:12:13.1 (10591129)|VARIABLE_SCOPE_BEGIN|[41]|followedById|Id|false|false
16:12:13.1 (10656882)|VARIABLE_ASSIGNMENT|[41]|followedById|"00550000005cg71AAA"
16:12:13.1 (10668602)|HEAP_ALLOCATE|[42]|Bytes:5
16:12:13.1 (10672937)|STATEMENT_EXECUTE|[41]
16:12:13.1 (10674266)|STATEMENT_EXECUTE|[42]
16:12:13.1 (10683470)|HEAP_ALLOCATE|[42]|Bytes:63
16:12:13.1 (10703891)|ENTERING_MANAGED_PKG|
16:12:13.1 (10727292)|HEAP_ALLOCATE|[42]|Bytes:18
16:12:13.1 (10738939)|HEAP_ALLOCATE|[42]|Bytes:9
16:12:13.1 (10748189)|HEAP_ALLOCATE|[42]|Bytes:90
16:12:13.1 (10753092)|VARIABLE_SCOPE_BEGIN|[42]|soql|String|false|false
16:12:13.1 (10762429)|VARIABLE_ASSIGNMENT|[42]|soql|"SELECT FollowedUsers (70 more) ..."
16:12:13.1 (10765655)|STATEMENT_EXECUTE|[43]
16:12:13.1 (10766788)|STATEMENT_EXECUTE|[43]
16:12:13.1 (10771732)|STATEMENT_EXECUTE|[44]
16:12:13.1 (10772938)|STATEMENT_EXECUTE|[44]
16:12:13.1 (10780951)|HEAP_ALLOCATE|[44]|Bytes:24
16:12:13.1 (10786906)|HEAP_ALLOCATE|[44]|Bytes:114
16:12:13.1 (10801194)|ENTERING_MANAGED_PKG|
16:12:13.1 (10823891)|USER_DEBUG|[44]|DEBUG|fetchFollowedUsers:soql:SELECT FollowedUsers__c FROM BFFFollow__c WHERE FollowedBy__c='00550000005cg71AAA' limit 1
16:12:13.1 (10832817)|STATEMENT_EXECUTE|[45]
16:12:13.1 (15670737)|HEAP_ALLOCATE|[45]|Bytes:9
16:12:13.1 (15681002)|HEAP_ALLOCATE|[45]|Bytes:29
16:12:13.1 (15684563)|HEAP_ALLOCATE|[45]|Bytes:21
16:12:13.1 (15712361)|METHOD_ENTRY|[7]|01p50000002CIEt|ETLC_SecuredDB.ETLC_SecuredDB()
16:12:13.1 (15716245)|STATEMENT_EXECUTE|[7]
16:12:13.1 (15724583)|STATEMENT_EXECUTE|[7]
16:12:13.1 (15731078)|HEAP_ALLOCATE|[45]|Bytes:5
16:12:13.1 (15742848)|METHOD_EXIT|[7]|ETLC_SecuredDB
16:12:13.1 (15774741)|METHOD_ENTRY|[45]|01p50000002CIEt|BFFFollow.ETLC_SecuredDB.query(String)
16:12:13.1 (15800405)|VARIABLE_SCOPE_BEGIN|[10]|SOQL|String|false|false
16:12:13.1 (15812000)|VARIABLE_ASSIGNMENT|[10]|SOQL|"SELECT FollowedUsers (70 more) ..."
16:12:13.1 (15820861)|HEAP_ALLOCATE|[12]|Bytes:5
16:12:13.1 (15825891)|STATEMENT_EXECUTE|[10]
16:12:13.1 (15827200)|STATEMENT_EXECUTE|[12]
16:12:13.1 (15863118)|ENTERING_MANAGED_PKG|
16:12:13.1 (27336778)|SOQL_EXECUTE_BEGIN|[12]|Aggregations:0|SELECT FollowedUsers__c FROM BFFFollow__c WHERE FollowedBy__c='00550000005cg71AAA' limit 1
16:12:13.1 (31674381)|SOQL_EXECUTE_END|[12]|Rows:1
16:12:13.1 (31707839)|HEAP_ALLOCATE|[12]|Bytes:8
16:12:13.1 (31721324)|HEAP_ALLOCATE|[12]|Bytes:169
16:12:13.1 (31803556)|HEAP_ALLOCATE|[12]|Bytes:8
16:12:13.1 (31832622)|VARIABLE_SCOPE_BEGIN|[12]|dbRecords|List<SObject>|true|false
16:12:13.1 (31885150)|VARIABLE_ASSIGNMENT|[12]|dbRecords|{"s":1,"v":[{"s":2,"v":{"BFFFollow__FollowedU (7 more) ...":"[{\"id\":\"00550000005c (85 more) ...","Id":"a005000000f0TxbAAE"}}]}|0x758e39a2
16:12:13.1 (31892754)|STATEMENT_EXECUTE|[20]
16:12:13.1 (32308550)|HEAP_ALLOCATE|[20]|Bytes:12
16:12:13.1 (32318766)|HEAP_ALLOCATE|[20]|Bytes:8
16:12:13.1 (32394552)|HEAP_ALLOCATE|[20]|Bytes:12
16:12:13.1 (32400098)|HEAP_ALLOCATE|[20]|Bytes:9
16:12:13.1 (32413655)|HEAP_ALLOCATE|[20]|Bytes:12
16:12:13.1 (32417179)|HEAP_ALLOCATE|[20]|Bytes:8
16:12:13.1 (32431391)|HEAP_ALLOCATE|[20]|Bytes:12
16:12:13.1 (32434951)|HEAP_ALLOCATE|[20]|Bytes:8
16:12:13.1 (32449366)|HEAP_ALLOCATE|[20]|Bytes:12
16:12:13.1 (32452780)|HEAP_ALLOCATE|[20]|Bytes:9
16:12:13.1 (32490223)|METHOD_ENTRY|[20]|01p50000002CIEt|BFFFollow.ETLC_SecuredDB.findFields(List<SObject>)
16:12:13.1 (32527517)|VARIABLE_SCOPE_BEGIN|[108]|dbRecords|List<SObject>|true|false
16:12:13.1 (32550253)|VARIABLE_ASSIGNMENT|[108]|dbRecords|{"s":1,"v":[{"s":2,"v":{"BFFFollow__FollowedU (7 more) ...":"[{\"id\":\"00550000005c (85 more) ...","Id":"a005000000f0TxbAAE"}}]}|0x758e39a2
16:12:13.1 (32566765)|HEAP_ALLOCATE|[109]|Bytes:5
16:12:13.1 (32571304)|STATEMENT_EXECUTE|[108]
16:12:13.1 (32572836)|STATEMENT_EXECUTE|[109]
16:12:13.1 (32583005)|VARIABLE_SCOPE_BEGIN|[109]|strJSON|String|false|false
16:12:13.1 (32589961)|VARIABLE_ASSIGNMENT|[109]|strJSON|null
16:12:13.1 (32592001)|STATEMENT_EXECUTE|[110]
16:12:13.1 (32597516)|VARIABLE_SCOPE_BEGIN|[110]|mapFields|Map<String,Set<String>>|true|false
16:12:13.1 (32602628)|VARIABLE_ASSIGNMENT|[110]|mapFields|null|
16:12:13.1 (32604637)|STATEMENT_EXECUTE|[112]
16:12:13.1 (32619823)|METHOD_ENTRY|[112]||System.JSON.serialize(Object)
16:12:13.1 (33078386)|METHOD_EXIT|[112]||System.JSON.serialize(Object)
16:12:13.1 (33094583)|VARIABLE_ASSIGNMENT|[112]|strJSON|"[{\"attributes\":{\"typ (292 more) ..."
16:12:13.1 (33098957)|STATEMENT_EXECUTE|[113]
16:12:13.1 (33108673)|HEAP_ALLOCATE|[113]|Bytes:5
16:12:13.1 (33121672)|HEAP_ALLOCATE|[113]|Bytes:317
16:12:13.1 (33143719)|ENTERING_MANAGED_PKG|
16:12:13.1 (33171211)|USER_DEBUG|[113]|DEBUG|JSON:[{"attributes":{"type":"BFFFollow__BFFFollow__c","url":"/services/data/v37.0/sobjects/BFFFollow__BFFFollow__c/a005000000f0TxbAAE"},"BFFFollow__FollowedUsers__c":"[{\"id\":\"00550000005cg71AAA\",\"name\":\"Jaswinder Rattanpal\"},{\"id\":\"00550000005d7KnAAI\",\"name\":\"Test User\"}]","Id":"a005000000f0TxbAAE"}]
16:12:13.1 (33182909)|STATEMENT_EXECUTE|[114]
16:12:13.1 (33194056)|HEAP_ALLOCATE|[114]|Bytes:4
16:12:13.1 (33226576)|VARIABLE_ASSIGNMENT|[114]|mapFields|{"s":1,"v":{}}|0x2e8112f
16:12:13.1 (33231380)|STATEMENT_EXECUTE|[115]
16:12:13.1 (33245291)|METHOD_ENTRY|[115]||System.JSON.deserializeUntyped(String)
16:12:13.1 (33615591)|METHOD_EXIT|[115]||System.JSON.deserializeUntyped(String)
16:12:13.1 (33626633)|VARIABLE_SCOPE_BEGIN|[115]|records|List<ANY>|true|false
16:12:13.1 (33649869)|HEAP_ALLOCATE|[EXTERNAL]|Bytes:8
16:12:13.1 (33678025)|VARIABLE_ASSIGNMENT|[115]|records|{"s":1,"v":[{"s":2,"v":{"attributes":{"s":3,"v":{"type":"BFFFollow__BFFFollow (3 more) ...","url":"/services/data/v37.0 (52 more) ..."}},"BFFFollow__FollowedU (7 more) ...":"[{\"id\":\"00550000005c (85 more) ...","Id":"a005000000f0TxbAAE"}}]}|0x21686fe6
16:12:13.1 (33703007)|ENTERING_MANAGED_PKG|
16:12:13.1 (33734491)|HEAP_ALLOCATE|[116]|Bytes:5
16:12:13.1 (33791127)|HEAP_ALLOCATE|[116]|Bytes:16
16:12:13.1 (33803012)|VARIABLE_SCOPE_BEGIN|[116]|record|Object|false|false
16:12:13.1 (33831042)|VARIABLE_ASSIGNMENT|[116]|record|{"s":1,"v":{"attributes":{"s":2,"v":{"type":"BFFFollow__BFFFollow (3 more) ...","url":"/services/data/v37.0 (52 more) ..."}},"BFFFollow__FollowedU (7 more) ...":"[{\"id\":\"00550000005c (85 more) ...","Id":"a005000000f0TxbAAE"}}
16:12:13.1 (33836420)|STATEMENT_EXECUTE|[116]
16:12:13.1 (33837755)|STATEMENT_EXECUTE|[117]
16:12:13.1 (33863844)|METHOD_ENTRY|[117]|01p50000002CIEt|BFFFollow.ETLC_SecuredDB.findFieldsRecursive(Map<String,Set<String>>, Map<String,ANY>)
16:12:13.1 (33889696)|VARIABLE_SCOPE_BEGIN|[124]|mapFields|Map<String,Set<String>>|true|false
16:12:13.1 (33904412)|VARIABLE_ASSIGNMENT|[124]|mapFields|{"s":1,"v":{}}|0x2e8112f
16:12:13.1 (33908724)|VARIABLE_SCOPE_BEGIN|[124]|record|Map<String,ANY>|true|false
16:12:13.1 (33924967)|VARIABLE_ASSIGNMENT|[124]|record|{"s":1,"v":{"attributes":{"s":2,"v":{"type":"BFFFollow__BFFFollow (3 more) ...","url":"/services/data/v37.0 (52 more) ..."}},"BFFFollow__FollowedU (7 more) ...":"[{\"id\":\"00550000005c (85 more) ...","Id":"a005000000f0TxbAAE"}}|0x43d504ac
16:12:13.1 (33935290)|HEAP_ALLOCATE|[125]|Bytes:5
16:12:13.1 (33939904)|STATEMENT_EXECUTE|[124]
16:12:13.1 (33941296)|STATEMENT_EXECUTE|[125]
16:12:13.1 (33948791)|HEAP_ALLOCATE|[125]|Bytes:10
16:12:13.1 (33953447)|VARIABLE_SCOPE_BEGIN|[125]|strAttributes|String|false|false
16:12:13.1 (33959673)|VARIABLE_ASSIGNMENT|[125]|strAttributes|"attributes"
16:12:13.1 (33961912)|STATEMENT_EXECUTE|[126]
16:12:13.1 (33966847)|HEAP_ALLOCATE|[126]|Bytes:7
16:12:13.1 (33970538)|VARIABLE_SCOPE_BEGIN|[126]|strRecord|String|false|false
16:12:13.1 (33975302)|VARIABLE_ASSIGNMENT|[126]|strRecord|"records"
16:12:13.1 (33990309)|ENTERING_MANAGED_PKG|
16:12:13.1 (34019325)|STATEMENT_EXECUTE|[127]
16:12:13.1 (34022708)|STATEMENT_EXECUTE|[128]
16:12:13.1 (34038110)|ENTERING_MANAGED_PKG|
16:12:13.1 (34075030)|VARIABLE_SCOPE_BEGIN|[128]|attributes|Map<String,ANY>|true|false
16:12:13.1 (34095550)|VARIABLE_ASSIGNMENT|[128]|attributes|{"s":1,"v":{"type":"BFFFollow__BFFFollow (3 more) ...","url":"/services/data/v37.0 (52 more) ..."}}|0x62fb2f76
16:12:13.1 (34100216)|STATEMENT_EXECUTE|[129]
16:12:13.1 (34108449)|HEAP_ALLOCATE|[129]|Bytes:4
16:12:13.1 (34123235)|ENTERING_MANAGED_PKG|
16:12:13.1 (34150117)|VARIABLE_SCOPE_BEGIN|[129]|objectName|String|false|false
16:12:13.1 (34159214)|VARIABLE_ASSIGNMENT|[129]|objectName|"BFFFollow__BFFFollow (3 more) ..."
16:12:13.1 (34169067)|HEAP_ALLOCATE|[130]|Bytes:4
16:12:13.1 (34189733)|ENTERING_MANAGED_PKG|
16:12:13.1 (34236356)|ENTERING_MANAGED_PKG|
16:12:13.1 (34291242)|HEAP_ALLOCATE|[130]|Bytes:55
16:12:13.1 (34328540)|ENTERING_MANAGED_PKG|
16:12:13.1 (34338617)|HEAP_ALLOCATE|[130]|Bytes:12
16:12:13.1 (34360897)|ENTERING_MANAGED_PKG|
16:12:13.1 (34381534)|HEAP_ALLOCATE|[130]|Bytes:5
16:12:13.1 (34397276)|VARIABLE_SCOPE_BEGIN|[130]|fieldName|String|false|false
16:12:13.1 (34405424)|VARIABLE_ASSIGNMENT|[130]|fieldName|"attributes"
16:12:13.1 (34408761)|STATEMENT_EXECUTE|[130]
16:12:13.1 (34410507)|STATEMENT_EXECUTE|[131]
16:12:13.1 (34426561)|ENTERING_MANAGED_PKG|
16:12:13.1 (34460195)|VARIABLE_SCOPE_BEGIN|[131]|field|Object|false|false
16:12:13.1 (34482623)|VARIABLE_ASSIGNMENT|[131]|field|{"s":1,"v":{"type":"BFFFollow__BFFFollow (3 more) ...","url":"/services/data/v37.0 (52 more) ..."}}
16:12:13.1 (34509594)|STATEMENT_EXECUTE|[132]
16:12:13.1 (34529078)|HEAP_ALLOCATE|[130]|Bytes:5
16:12:13.1 (34551381)|VARIABLE_SCOPE_BEGIN|[130]|fieldName|String|false|false
16:12:13.1 (34564539)|VARIABLE_ASSIGNMENT|[130]|fieldName|"BFFFollow__FollowedU (7 more) ..."
16:12:13.1 (34569778)|STATEMENT_EXECUTE|[130]
16:12:13.1 (34571950)|STATEMENT_EXECUTE|[131]
16:12:13.1 (34594147)|ENTERING_MANAGED_PKG|
16:12:13.1 (34616049)|VARIABLE_SCOPE_BEGIN|[131]|field|Object|false|false
16:12:13.1 (34635970)|VARIABLE_ASSIGNMENT|[131]|field|"[{\"id\":\"00550000005c (85 more) ..."
16:12:13.1 (34654787)|HEAP_ALLOCATE|[134]|Bytes:68
16:12:13.1 (34682477)|STATEMENT_EXECUTE|[136]
16:12:13.1 (34686113)|STATEMENT_EXECUTE|[137]
16:12:13.1 (34702337)|HEAP_ALLOCATE|[137]|Bytes:4
16:12:13.1 (34729607)|ENTERING_MANAGED_PKG|
16:12:13.1 (34766750)|VARIABLE_SCOPE_BEGIN|[137]|fieldNames|Set<String>|true|false
16:12:13.1 (34797097)|VARIABLE_ASSIGNMENT|[137]|fieldNames|{"s":1,"v":[]}|0x422d67cd
16:12:13.1 (34821575)|ENTERING_MANAGED_PKG|
16:12:13.1 (34861458)|STATEMENT_EXECUTE|[138]
16:12:13.1 (34872315)|STATEMENT_EXECUTE|[139]
16:12:13.1 (34895955)|ENTERING_MANAGED_PKG|
16:12:13.1 (34931099)|HEAP_ALLOCATE|[EXTERNAL]|Bytes:4
16:12:13.1 (34947858)|STATEMENT_EXECUTE|[140]
16:12:13.1 (34975516)|ENTERING_MANAGED_PKG|
16:12:13.1 (35015148)|HEAP_ALLOCATE|[EXTERNAL]|Bytes:-4
16:12:13.1 (35041914)|HEAP_ALLOCATE|[130]|Bytes:5
16:12:13.1 (35072022)|VARIABLE_SCOPE_BEGIN|[130]|fieldName|String|false|false
16:12:13.1 (35084741)|VARIABLE_ASSIGNMENT|[130]|fieldName|"Id"
16:12:13.1 (35090488)|STATEMENT_EXECUTE|[130]
16:12:13.1 (35092884)|STATEMENT_EXECUTE|[131]
16:12:13.1 (35116165)|ENTERING_MANAGED_PKG|
16:12:13.1 (35140113)|VARIABLE_SCOPE_BEGIN|[131]|field|Object|false|false
16:12:13.1 (35157755)|VARIABLE_ASSIGNMENT|[131]|field|"a005000000f0TxbAAE"
16:12:13.1 (35185822)|STATEMENT_EXECUTE|[136]
16:12:13.1 (35189131)|STATEMENT_EXECUTE|[137]
16:12:13.1 (35203395)|HEAP_ALLOCATE|[137]|Bytes:4
16:12:13.1 (35222334)|ENTERING_MANAGED_PKG|
16:12:13.1 (35235793)|VARIABLE_SCOPE_BEGIN|[137]|fieldNames|Set<String>|true|false
16:12:13.1 (35261508)|VARIABLE_ASSIGNMENT|[137]|fieldNames|{"s":1,"v":[]}|0x2936fb40
16:12:13.1 (35281811)|ENTERING_MANAGED_PKG|
16:12:13.1 (35296090)|STATEMENT_EXECUTE|[138]
16:12:13.1 (35321117)|ENTERING_MANAGED_PKG|
16:12:13.1 (35359899)|VARIABLE_ASSIGNMENT|[138]|fieldNames|{"s":1,"v":["BFFFollow__FollowedU (7 more) ..."]}|0x422d67cd
16:12:13.1 (35366961)|STATEMENT_EXECUTE|[139]
16:12:13.1 (35391167)|ENTERING_MANAGED_PKG|
16:12:13.1 (35402356)|HEAP_ALLOCATE|[EXTERNAL]|Bytes:4
16:12:13.1 (35417434)|STATEMENT_EXECUTE|[140]
16:12:13.1 (35441839)|ENTERING_MANAGED_PKG|
16:12:13.1 (35473728)|HEAP_ALLOCATE|[130]|Bytes:5
16:12:13.1 (35495895)|VARIABLE_ASSIGNMENT|[130]|fieldName|null
16:12:13.1 (35513926)|METHOD_EXIT|[117]|01p50000002CIEt|BFFFollow.ETLC_SecuredDB.findFieldsRecursive(Map<String,Set<String>>, Map<String,ANY>)
16:12:13.1 (35534588)|HEAP_ALLOCATE|[116]|Bytes:5
16:12:13.1 (35564255)|VARIABLE_ASSIGNMENT|[116]|record|null
16:12:13.1 (35574783)|HEAP_ALLOCATE|[119]|Bytes:4
16:12:13.1 (35593567)|ENTERING_MANAGED_PKG|
16:12:13.1 (35632628)|ENTERING_MANAGED_PKG|
16:12:13.1 (35648575)|HEAP_ALLOCATE|[119]|Bytes:31
16:12:13.1 (35670169)|ENTERING_MANAGED_PKG|
16:12:13.1 (35674338)|HEAP_ALLOCATE|[119]|Bytes:4
16:12:13.1 (35683765)|ENTERING_MANAGED_PKG|
16:12:13.1 (35698454)|HEAP_ALLOCATE|[119]|Bytes:5
16:12:13.1 (35711638)|VARIABLE_SCOPE_BEGIN|[119]|objectName|String|false|false
16:12:13.1 (35721268)|VARIABLE_ASSIGNMENT|[119]|objectName|"BFFFollow__BFFFollow (3 more) ..."
16:12:13.1 (35724681)|STATEMENT_EXECUTE|[119]
16:12:13.1 (35725971)|STATEMENT_EXECUTE|[120]
16:12:13.1 (35734167)|HEAP_ALLOCATE|[120]|Bytes:2
16:12:13.1 (35747251)|ENTERING_MANAGED_PKG|
16:12:13.1 (35790441)|ENTERING_MANAGED_PKG|
16:12:13.1 (35806653)|HEAP_ALLOCATE|[120]|Bytes:33
16:12:13.1 (35832396)|HEAP_ALLOCATE|[120]|Bytes:58
16:12:13.1 (35852675)|ENTERING_MANAGED_PKG|
16:12:13.1 (35863603)|USER_DEBUG|[120]|DEBUG|BFFFollow__BFFFollow__c: {BFFFollow__FollowedUsers__c, Id}
16:12:13.1 (35887525)|HEAP_ALLOCATE|[119]|Bytes:5
16:12:13.1 (35908934)|VARIABLE_ASSIGNMENT|[119]|objectName|null
16:12:13.1 (35914762)|STATEMENT_EXECUTE|[122]
16:12:13.1 (35935091)|METHOD_EXIT|[20]|01p50000002CIEt|BFFFollow.ETLC_SecuredDB.findFields(List<SObject>)
16:12:13.1 (35964387)|METHOD_ENTRY|[20]|01p50000002CIEt|BFFFollow.ETLC_SecuredDB.validate(BFFFollow.ETLC_SecuredDB.Operation, Map<String,Set<String>>)
16:12:13.1 (35978430)|VARIABLE_SCOPE_BEGIN|[55]|op|BFFFollow.ETLC_SecuredDB.Operation|true|false
16:12:13.1 (36003374)|VARIABLE_ASSIGNMENT|[55]|op|"Querying"|0x73efa3f2
16:12:13.1 (36012198)|VARIABLE_SCOPE_BEGIN|[55]|mapFieldNames|Map<String,Set<String>>|true|false
16:12:13.1 (36044739)|VARIABLE_ASSIGNMENT|[55]|mapFieldNames|{"s":1,"v":{"BFFFollow__BFFFollow (3 more) ...":{"s":2,"v":["BFFFollow__FollowedU (7 more) ...","Id"]}}}|0x2e8112f
16:12:13.1 (36066516)|HEAP_ALLOCATE|[56]|Bytes:5
16:12:13.1 (36074474)|STATEMENT_EXECUTE|[55]
16:12:13.1 (36077735)|STATEMENT_EXECUTE|[56]
16:12:13.1 (36091827)|VARIABLE_SCOPE_BEGIN|[56]|securityMessage|String|false|false
16:12:13.1 (36101533)|VARIABLE_ASSIGNMENT|[56]|securityMessage|null
16:12:13.1 (36105939)|STATEMENT_EXECUTE|[57]
16:12:13.1 (36140785)|ENTERING_MANAGED_PKG|
16:12:13.1 (55319765)|HEAP_ALLOCATE|[57]|Bytes:1440
16:12:13.1 (55357762)|VARIABLE_SCOPE_BEGIN|[57]|mapObjects|Map<String,Schema.SObjectType>|true|false
16:12:13.1 (55576813)|VARIABLE_ASSIGNMENT|[57]|mapObjects|"{acceptedeventrelation=AcceptedEventRelation, account=Account, accountcontactrole=AccountContactRole, accountfeed=AccountFeed, accounthistory=AccountHistory, accountpartner=AccountPartner, accountshare=AccountShare, actionlinkgrouptemplate=ActionLinkGroupTemplate, actionlinktemplate=ActionLinkTemplate, activityhistory=ActivityHistory, ...}"|0x5ad5a14d
16:12:13.1 (55594977)|HEAP_ALLOCATE|[58]|Bytes:4
16:12:13.1 (55621785)|ENTERING_MANAGED_PKG|
16:12:13.1 (55671654)|ENTERING_MANAGED_PKG|
16:12:13.1 (55690303)|HEAP_ALLOCATE|[58]|Bytes:31
16:12:13.1 (55708639)|ENTERING_MANAGED_PKG|
16:12:13.1 (55715412)|HEAP_ALLOCATE|[58]|Bytes:4
16:12:13.1 (55726168)|ENTERING_MANAGED_PKG|
16:12:13.1 (55752075)|HEAP_ALLOCATE|[58]|Bytes:5
16:12:13.1 (55774045)|VARIABLE_SCOPE_BEGIN|[58]|sObjectName|String|false|false
16:12:13.1 (55786221)|VARIABLE_ASSIGNMENT|[58]|sObjectName|"BFFFollow__BFFFollow (3 more) ..."
16:12:13.1 (55793608)|STATEMENT_EXECUTE|[58]
16:12:13.1 (55797707)|STATEMENT_EXECUTE|[59]
16:12:13.1 (55816704)|HEAP_ALLOCATE|[59]|Bytes:9
16:12:13.1 (55821604)|HEAP_ALLOCATE|[59]|Bytes:7
16:12:13.1 (55847345)|ENTERING_MANAGED_PKG|
16:12:13.1 (55892016)|HEAP_ALLOCATE|[59]|Bytes:8
16:12:13.1 (55904244)|HEAP_ALLOCATE|[59]|Bytes:1
16:12:13.1 (55917153)|HEAP_ALLOCATE|[59]|Bytes:48
16:12:13.1 (55927287)|VARIABLE_ASSIGNMENT|[59]|securityMessage|"CRUD on [BFFFollow__ (28 more) ..."
16:12:13.1 (55931085)|STATEMENT_EXECUTE|[60]
16:12:13.1 (55939640)|HEAP_ALLOCATE|[60]|Bytes:10
16:12:13.1 (55947414)|HEAP_ALLOCATE|[60]|Bytes:58
16:12:13.1 (55969047)|ENTERING_MANAGED_PKG|
16:12:13.1 (55996046)|USER_DEBUG|[60]|DEBUG|Checking: CRUD on [BFFFollow__BFFFollow__c] for [Querying]
16:12:13.1 (56005266)|STATEMENT_EXECUTE|[61]
16:12:13.1 (56023016)|ENTERING_MANAGED_PKG|
16:12:13.1 (56295817)|HEAP_ALLOCATE|[61]|Bytes:4
16:12:13.1 (56338538)|VARIABLE_SCOPE_BEGIN|[61]|drSObj|Schema.DescribeSObjectResult|true|false
16:12:13.1 (56416068)|VARIABLE_ASSIGNMENT|[61]|drSObj|"common.api.soap.wsdl.DescribeSObjectResult@6e1daf55"|0x39be66c4
16:12:13.1 (56573452)|STATEMENT_EXECUTE|[64]
16:12:13.1 (56597467)|STATEMENT_EXECUTE|[65]
16:12:13.1 (56655879)|STATEMENT_EXECUTE|[77]
16:12:13.1 (56658501)|STATEMENT_EXECUTE|[79]
16:12:13.1 (56912545)|HEAP_ALLOCATE|[79]|Bytes:56
16:12:13.1 (56924066)|VARIABLE_SCOPE_BEGIN|[79]|mapFields|Map<String,Schema.SObjectField>|true|false
16:12:13.1 (57086359)|VARIABLE_ASSIGNMENT|[79]|mapFields|"{bfffollow__followedby__c=BFFFollow__FollowedBy__c, bfffollow__followedusers__c=BFFFollow__FollowedUsers__c, createdbyid=CreatedById, createddate=CreatedDate, id=Id, isdeleted=IsDeleted, lastmodifiedbyid=LastModifiedById, lastmodifieddate=LastModifiedDate, lastreferenceddate=LastReferencedDate, lastvieweddate=LastViewedDate, ...}"|0x596c1e90
16:12:13.1 (57098415)|HEAP_ALLOCATE|[80]|Bytes:4
16:12:13.1 (57112047)|ENTERING_MANAGED_PKG|
16:12:13.1 (57138349)|ENTERING_MANAGED_PKG|
16:12:13.1 (57157931)|ENTERING_MANAGED_PKG|
16:12:13.1 (57162694)|HEAP_ALLOCATE|[80]|Bytes:8
16:12:13.1 (57172636)|ENTERING_MANAGED_PKG|
16:12:13.1 (57187073)|HEAP_ALLOCATE|[80]|Bytes:5
16:12:13.1 (57200610)|VARIABLE_SCOPE_BEGIN|[80]|fieldName|String|false|false
16:12:13.1 (57211760)|VARIABLE_ASSIGNMENT|[80]|fieldName|"BFFFollow__FollowedU (7 more) ..."
16:12:13.1 (57217074)|STATEMENT_EXECUTE|[80]
16:12:13.1 (57218543)|STATEMENT_EXECUTE|[81]
16:12:13.1 (57236684)|ENTERING_MANAGED_PKG|
16:12:13.1 (62864077)|HEAP_ALLOCATE|[81]|Bytes:8
16:12:13.1 (62899508)|VARIABLE_SCOPE_BEGIN|[81]|drField|Schema.DescribeFieldResult|true|false
16:12:13.1 (62967479)|VARIABLE_ASSIGNMENT|[81]|drField|"common.api.soap.wsdl.Field@89e08ebe"|0x1d93f7ba
16:12:13.1 (62990681)|STATEMENT_EXECUTE|[82]
16:12:13.1 (62992653)|STATEMENT_EXECUTE|[83]
16:12:13.1 (63002935)|HEAP_ALLOCATE|[83]|Bytes:8
16:12:13.1 (63008107)|HEAP_ALLOCATE|[83]|Bytes:1
16:12:13.1 (63029003)|ENTERING_MANAGED_PKG|
16:12:13.1 (63056402)|HEAP_ALLOCATE|[83]|Bytes:8
16:12:13.1 (63076030)|HEAP_ALLOCATE|[83]|Bytes:74
16:12:13.1 (63082157)|HEAP_ALLOCATE|[83]|Bytes:75
16:12:13.1 (63092385)|VARIABLE_ASSIGNMENT|[83]|securityMessage|"FLS on [BFFFollow__B (55 more) ..."
16:12:13.1 (63095859)|STATEMENT_EXECUTE|[84]
16:12:13.1 (63106682)|HEAP_ALLOCATE|[84]|Bytes:85
16:12:13.1 (63122080)|ENTERING_MANAGED_PKG|
16:12:13.1 (63141229)|USER_DEBUG|[84]|DEBUG|Checking: FLS on [BFFFollow__BFFFollow__c.BFFFollow__FollowedUsers__c] for [Querying]
16:12:13.1 (63243511)|STATEMENT_EXECUTE|[87]
16:12:13.1 (63259796)|STATEMENT_EXECUTE|[88]
16:12:13.1 (63277889)|HEAP_ALLOCATE|[80]|Bytes:5
16:12:13.1 (63291493)|VARIABLE_SCOPE_BEGIN|[80]|fieldName|String|false|false
16:12:13.1 (63300141)|VARIABLE_ASSIGNMENT|[80]|fieldName|"Id"
16:12:13.1 (63303365)|STATEMENT_EXECUTE|[80]
16:12:13.1 (63304480)|STATEMENT_EXECUTE|[81]
16:12:13.1 (63319717)|ENTERING_MANAGED_PKG|
16:12:13.1 (63454330)|HEAP_ALLOCATE|[81]|Bytes:8
16:12:13.1 (63466093)|VARIABLE_SCOPE_BEGIN|[81]|drField|Schema.DescribeFieldResult|true|false
16:12:13.1 (63529679)|VARIABLE_ASSIGNMENT|[81]|drField|"common.api.soap.wsdl.Field@3e7deffa"|0x35ca364f
16:12:13.1 (63542478)|STATEMENT_EXECUTE|[99]
16:12:13.1 (63544117)|STATEMENT_EXECUTE|[100]
16:12:13.1 (63553682)|HEAP_ALLOCATE|[100]|Bytes:22
16:12:13.1 (63575845)|ENTERING_MANAGED_PKG|
16:12:13.1 (63600964)|HEAP_ALLOCATE|[100]|Bytes:8
16:12:13.1 (63616572)|HEAP_ALLOCATE|[100]|Bytes:63
16:12:13.1 (63621212)|HEAP_ALLOCATE|[100]|Bytes:35
16:12:13.1 (63625554)|HEAP_ALLOCATE|[100]|Bytes:98
16:12:13.1 (63638586)|ENTERING_MANAGED_PKG|
16:12:13.1 (63646492)|USER_DEBUG|[100]|DEBUG|Bypass Check: FLS on [BFFFollow__BFFFollow__c.Id] for [Querying] since it's not isPermissionable()
16:12:13.1 (63662881)|HEAP_ALLOCATE|[80]|Bytes:5
16:12:13.1 (63677079)|VARIABLE_ASSIGNMENT|[80]|fieldName|null
16:12:13.1 (63686994)|HEAP_ALLOCATE|[58]|Bytes:5
16:12:13.1 (63695968)|VARIABLE_ASSIGNMENT|[58]|sObjectName|null
16:12:13.1 (63708269)|METHOD_EXIT|[20]|01p50000002CIEt|BFFFollow.ETLC_SecuredDB.validate(BFFFollow.ETLC_SecuredDB.Operation, Map<String,Set<String>>)
16:12:13.1 (63713255)|STATEMENT_EXECUTE|[21]
16:12:13.1 (63728132)|METHOD_EXIT|[45]|01p50000002CIEt|BFFFollow.ETLC_SecuredDB.query(String)
16:12:13.1 (63734808)|VARIABLE_SCOPE_BEGIN|[45]|dbRecords|List<SObject>|true|false
16:12:13.1 (63771319)|VARIABLE_ASSIGNMENT|[45]|dbRecords|{"s":1,"v":[{"s":2,"v":{"BFFFollow__FollowedU (7 more) ...":"[{\"id\":\"00550000005c (85 more) ...","Id":"a005000000f0TxbAAE"}}]}|0x758e39a2
16:12:13.1 (63780257)|STATEMENT_EXECUTE|[46]
16:12:13.1 (63781581)|STATEMENT_EXECUTE|[46]
16:12:13.1 (63805924)|ENTERING_MANAGED_PKG|
16:12:13.1 (63862821)|USER_DEBUG|[46]|DEBUG|(BFFFollow__BFFFollow__c:{BFFFollow__FollowedUsers__c=[{"id":"00550000005cg71AAA","name":"Jaswinder Rattanpal"},{"id":"00550000005d7KnAAI","name":"Test User"}], Id=a005000000f0TxbAAE})
16:12:13.1 (63919639)|ENTERING_MANAGED_PKG|
16:12:13.1 (63941346)|STATEMENT_EXECUTE|[47]
16:12:13.1 (63946426)|STATEMENT_EXECUTE|[48]
16:12:13.1 (63947985)|STATEMENT_EXECUTE|[49]
16:12:13.1 (63956828)|HEAP_ALLOCATE|[49]|Bytes:18
16:12:13.1 (63971240)|HEAP_ALLOCATE|[49]|Bytes:12
16:12:13.1 (63978059)|HEAP_ALLOCATE|[49]|Bytes:16
16:12:13.1 (64004116)|ENTERING_MANAGED_PKG|
16:12:13.1 (64052774)|HEAP_ALLOCATE|[49]|Bytes:105
16:12:13.1 (64075939)|ENTERING_MANAGED_PKG|
16:12:13.1 (64079698)|HEAP_ALLOCATE|[49]|Bytes:105
16:12:13.1 (64089842)|HEAP_ALLOCATE|[49]|Bytes:123
16:12:13.1 (64100807)|ENTERING_MANAGED_PKG|
16:12:13.1 (64108050)|USER_DEBUG|[49]|DEBUG|FollowedUsers__c::[{"id":"00550000005cg71AAA","name":"Jaswinder Rattanpal"},{"id":"00550000005d7KnAAI","name":"Test User"}]
16:12:13.1 (64116036)|STATEMENT_EXECUTE|[51]
16:12:13.1 (64130056)|HEAP_ALLOCATE|[51]|Bytes:12
16:12:13.1 (64148690)|ENTERING_MANAGED_PKG|
16:12:13.1 (64187056)|HEAP_ALLOCATE|[51]|Bytes:105
16:12:13.1 (64212688)|METHOD_EXIT|[12]|01p50000002D8iw|BFFFollow.BFFFollow_Controller.fetchFollowedUsers(Id)
16:12:13.1 (64289364)|VARIABLE_ASSIGNMENT|[EXTERNAL]|this|{"debug":true,"input":"{\"mode\":\"fetchFollow (9 more) ...","operation":"BFFFollow_Controller"}|0x66f064ed
16:12:13.1 (64299787)|VARIABLE_ASSIGNMENT|[EXTERNAL]|value|"[{\"id\":\"00550000005c (85 more) ..."
16:12:13.1 (64313741)|VARIABLE_ASSIGNMENT|[12]|this.output|"[{\"id\":\"00550000005c (85 more) ..."|0x66f064ed
16:12:13.1 (64321634)|STATEMENT_EXECUTE|[13]
16:12:13.1 (64383055)|VARIABLE_ASSIGNMENT|[EXTERNAL]|this|{"debug":true,"input":"{\"mode\":\"fetchFollow (9 more) ...","operation":"BFFFollow_Controller","output":"[{\"id\":\"00550000005c (85 more) ..."}|0x66f064ed
16:12:13.1 (64440289)|VARIABLE_ASSIGNMENT|[EXTERNAL]|this|{"debug":true,"input":"{\"mode\":\"fetchFollow (9 more) ...","operation":"BFFFollow_Controller","output":"[{\"id\":\"00550000005c (85 more) ..."}|0x66f064ed
16:12:13.1 (64449778)|VARIABLE_ASSIGNMENT|[EXTERNAL]|value|true
16:12:13.1 (64455041)|HEAP_ALLOCATE|[15]|Bytes:5
16:12:13.1 (64462980)|VARIABLE_ASSIGNMENT|[15]|this.outputFlag|true|0x66f064ed
16:12:13.1 (64473968)|STATEMENT_EXECUTE|[21]
16:12:13.1 (64475540)|STATEMENT_EXECUTE|[21]
16:12:13.1 (64484698)|HEAP_ALLOCATE|[21]|Bytes:11
16:12:13.1 (64504313)|ENTERING_MANAGED_PKG|
16:12:13.1 (64549834)|HEAP_ALLOCATE|[21]|Bytes:278
16:12:13.1 (64564900)|HEAP_ALLOCATE|[21]|Bytes:289
16:12:13.1 (64577895)|ENTERING_MANAGED_PKG|
16:12:13.1 (64585479)|USER_DEBUG|[21]|DEBUG|data AFTER:ETLC_ApexBridge_Data:[debug=true, input={"mode":"fetchFollowedUsers"}, isSuccess=null, messages=null, operation=BFFFollow_Controller, output=[{"id":"00550000005cg71AAA","name":"Jaswinder Rattanpal"},{"id":"00550000005d7KnAAI","name":"Test User"}], outputFlag=true, records=null]
16:12:13.1 (64600979)|METHOD_EXIT|[9]|01p50000002D8iw|BFFFollow.BFFFollow_Controller.process(BFFFollow.ETLC_ApexBridge_Data)
16:12:13.1 (64605512)|STATEMENT_EXECUTE|[24]
16:12:13.1 (64627627)|METHOD_ENTRY|[24]|01p50000002CIEo|BFFFollow.ETLC_ApexBridge_Data.toJSON()
16:12:13.1 (64647175)|VARIABLE_SCOPE_BEGIN|[57]|this|BFFFollow.ETLC_ApexBridge_Data|true|false
16:12:13.1 (64676520)|VARIABLE_ASSIGNMENT|[57]|this|{"debug":true,"input":"{\"mode\":\"fetchFollow (9 more) ...","operation":"BFFFollow_Controller","output":"[{\"id\":\"00550000005c (85 more) ...","outputFlag":true}|0x66f064ed
16:12:13.1 (64683750)|STATEMENT_EXECUTE|[57]
16:12:13.1 (64685025)|STATEMENT_EXECUTE|[58]
16:12:13.1 (64700845)|METHOD_ENTRY|[58]||System.JSON.serialize(Object)
16:12:13.1 (64789824)|STATEMENT_EXECUTE|[22]
16:12:13.1 (64795008)|STATEMENT_EXECUTE|[23]
16:12:13.1 (64804348)|HEAP_ALLOCATE|[23]|Bytes:5
16:12:13.1 (64814553)|VARIABLE_ASSIGNMENT|[23]|this.isSuccess|true|0x66f064ed
16:12:13.1 (64817235)|STATEMENT_EXECUTE|[24]
16:12:13.1 (64862241)|STATEMENT_EXECUTE|[31]
16:12:13.1 (64866700)|STATEMENT_EXECUTE|[32]
16:12:13.1 (64876564)|HEAP_ALLOCATE|[32]|Bytes:4
16:12:13.1 (64939641)|VARIABLE_ASSIGNMENT|[32]|this.messages|{"s":1,"v":{}}|0x66f064ed
16:12:13.1 (64944169)|STATEMENT_EXECUTE|[33]
16:12:13.1 (65253807)|METHOD_EXIT|[58]||System.JSON.serialize(Object)
16:12:13.1 (65261324)|METHOD_EXIT|[24]|01p50000002CIEo|BFFFollow.ETLC_ApexBridge_Data.toJSON()
16:12:13.1 (65268860)|SYSTEM_MODE_EXIT|false
16:12:13.65 (65300527)|CUMULATIVE_LIMIT_USAGE
16:12:13.65 (65300527)|LIMIT_USAGE_FOR_NS|(default)|
  Number of SOQL queries: 0 out of 100
  Number of query rows: 0 out of 50000
  Number of SOSL queries: 0 out of 20
  Number of DML statements: 0 out of 150
  Number of DML rows: 0 out of 10000
  Maximum CPU time: 0 out of 10000
  Maximum heap size: 0 out of 6000000
  Number of callouts: 0 out of 100
  Number of Email Invocations: 0 out of 10
  Number of future calls: 0 out of 50
  Number of queueable jobs added to the queue: 0 out of 50
  Number of Mobile Apex push calls: 0 out of 10

16:12:13.65 (65300527)|LIMIT_USAGE_FOR_NS|BFFFollow|
  Number of SOQL queries: 1 out of 100
  Number of query rows: 1 out of 50000
  Number of SOSL queries: 0 out of 20
  Number of DML statements: 0 out of 150
  Number of DML rows: 0 out of 10000
  Maximum CPU time: 0 out of 10000
  Maximum heap size: 0 out of 6000000
  Number of callouts: 0 out of 100
  Number of Email Invocations: 0 out of 10
  Number of future calls: 0 out of 50
  Number of queueable jobs added to the queue: 0 out of 50
  Number of Mobile Apex push calls: 0 out of 10

16:12:13.65 (65300527)|CUMULATIVE_LIMIT_USAGE_END

16:12:13.1 (65352249)|CODE_UNIT_FINISHED|ETLC_ApexBridge_Controller.execute
