37.0 APEX_CODE,FINEST;APEX_PROFILING,INFO;CALLOUT,INFO;DB,INFO;SYSTEM,DEBUG;VALIDATION,INFO;VISUALFORCE,INFO;WORKFLOW,INFO
15:29:49.0 (423018)|USER_INFO|[EXTERNAL]|00550000005cg71|bfffollow@jr.te|Eastern Standard Time|GMT-04:00
15:29:49.0 (591013)|EXECUTION_STARTED
15:29:49.0 (595720)|CODE_UNIT_STARTED|[EXTERNAL]|aura
15:29:49.0 (1022779)|HEAP_ALLOCATE|[72]|Bytes:3
15:29:49.0 (1115571)|HEAP_ALLOCATE|[77]|Bytes:152
15:29:49.0 (1161389)|HEAP_ALLOCATE|[342]|Bytes:408
15:29:49.0 (1198695)|HEAP_ALLOCATE|[355]|Bytes:408
15:29:49.0 (1227092)|HEAP_ALLOCATE|[467]|Bytes:48
15:29:49.0 (1300430)|HEAP_ALLOCATE|[139]|Bytes:6
15:29:49.0 (1331124)|HEAP_ALLOCATE|[EXTERNAL]|Bytes:3
15:29:49.0 (1371975)|HEAP_ALLOCATE|[EXTERNAL]|Bytes:3
15:29:49.0 (1497843)|HEAP_ALLOCATE|[EXTERNAL]|Bytes:4
15:29:49.0 (1508601)|HEAP_ALLOCATE|[EXTERNAL]|Bytes:4
15:29:49.0 (2709832)|CODE_UNIT_STARTED|[EXTERNAL]|01p50000002D2uA|LookupSObjectController.lookup
15:29:49.0 (3563187)|HEAP_ALLOCATE|[EXTERNAL]|Bytes:6
15:29:49.0 (3575766)|HEAP_ALLOCATE|[EXTERNAL]|Bytes:2
15:29:49.0 (3629179)|METHOD_ENTRY|[11]|01p50000002D2uA|LookupSObjectController.LookupSObjectController()
15:29:49.0 (3636706)|STATEMENT_EXECUTE|[11]
15:29:49.0 (3649514)|STATEMENT_EXECUTE|[11]
15:29:49.0 (3707969)|HEAP_ALLOCATE|[50]|Bytes:5
15:29:49.0 (3750301)|HEAP_ALLOCATE|[56]|Bytes:5
15:29:49.0 (3770820)|HEAP_ALLOCATE|[64]|Bytes:7
15:29:49.0 (3834039)|SYSTEM_MODE_ENTER|false
15:29:49.0 (3964574)|HEAP_ALLOCATE|[EXTERNAL]|Bytes:5
15:29:49.0 (3971419)|STATEMENT_EXECUTE|[43]
15:29:49.0 (3979888)|SYSTEM_MODE_EXIT|false
15:29:49.0 (4007945)|METHOD_EXIT|[11]|LookupSObjectController
15:29:49.0 (4016168)|HEAP_ALLOCATE|[EXTERNAL]|Bytes:3
15:29:49.0 (4018740)|HEAP_ALLOCATE|[EXTERNAL]|Bytes:4
15:29:49.0 (4025870)|SYSTEM_MODE_ENTER|false
15:29:49.0 (4037919)|VARIABLE_SCOPE_BEGIN|[17]|searchString|String|false|false
15:29:49.0 (4077101)|VARIABLE_ASSIGNMENT|[17]|searchString|"jas"
15:29:49.0 (4082413)|VARIABLE_SCOPE_BEGIN|[17]|sObjectAPIName|String|false|false
15:29:49.0 (4086402)|VARIABLE_ASSIGNMENT|[17]|sObjectAPIName|"User"
15:29:49.0 (4102515)|HEAP_ALLOCATE|[20]|Bytes:5
15:29:49.0 (4106970)|STATEMENT_EXECUTE|[18]
15:29:49.0 (4108389)|STATEMENT_EXECUTE|[20]
15:29:49.0 (4168087)|HEAP_ALLOCATE|[20]|Bytes:3
15:29:49.0 (4186906)|VARIABLE_SCOPE_BEGIN|[20]|sanitizedSearchString|String|false|false
15:29:49.0 (4195286)|VARIABLE_ASSIGNMENT|[20]|sanitizedSearchString|"jas"
15:29:49.0 (4198055)|STATEMENT_EXECUTE|[21]
15:29:49.0 (4233713)|HEAP_ALLOCATE|[21]|Bytes:4
15:29:49.0 (4247669)|VARIABLE_SCOPE_BEGIN|[21]|sanitizedSObjectAPIName|String|false|false
15:29:49.0 (4255207)|VARIABLE_ASSIGNMENT|[21]|sanitizedSObjectAPIName|"User"
15:29:49.0 (4258130)|STATEMENT_EXECUTE|[23]
15:29:49.0 (4268061)|HEAP_ALLOCATE|[23]|Bytes:4
15:29:49.0 (4387158)|VARIABLE_SCOPE_BEGIN|[23]|results|List<LookupSObjectController.Result>|true|false
15:29:49.0 (4407325)|HEAP_ALLOCATE|[EXTERNAL]|Bytes:4
15:29:49.0 (4427569)|VARIABLE_ASSIGNMENT|[23]|results|{"s":1,"v":[]}|0x73d90c3f
15:29:49.0 (4430899)|STATEMENT_EXECUTE|[26]
15:29:49.0 (4439544)|HEAP_ALLOCATE|[26]|Bytes:6
15:29:49.0 (4444586)|HEAP_ALLOCATE|[26]|Bytes:27
15:29:49.0 (4447755)|HEAP_ALLOCATE|[26]|Bytes:18
15:29:49.0 (4464142)|HEAP_ALLOCATE|[26]|Bytes:58
15:29:49.0 (4473756)|VARIABLE_SCOPE_BEGIN|[26]|searchQuery|String|false|false
15:29:49.0 (4489589)|VARIABLE_ASSIGNMENT|[26]|searchQuery|"FIND 'jas*' IN ALL F (38 more) ..."
15:29:49.0 (4494788)|STATEMENT_EXECUTE|[29]
15:29:49.0 (6613319)|SOSL_EXECUTE_BEGIN|[29]|FIND 'jas*' IN ALL FIELDS RETURNING User(id,name) Limit 50
15:29:49.0 (47364646)|HEAP_ALLOCATE|[29]|Bytes:4
15:29:49.0 (47376552)|HEAP_ALLOCATE|[29]|Bytes:4
15:29:49.0 (47385128)|HEAP_ALLOCATE|[29]|Bytes:8
15:29:49.0 (47400127)|SOSL_EXECUTE_END|[29]|Rows:1
15:29:49.0 (47457749)|HEAP_ALLOCATE|[29]|Bytes:8
15:29:49.0 (47481985)|VARIABLE_SCOPE_BEGIN|[29]|searchList|List<List<SObject>>|true|false
15:29:49.0 (47535747)|VARIABLE_ASSIGNMENT|[29]|searchList|{"s":1,"v":[{"s":2,"v":[{"s":3,"v":{"Id":"00550000005cg71AAA","Name":"Jaswinder Rattanpal"}}]}]}|0x674a631a
15:29:49.0 (47624055)|HEAP_ALLOCATE|[32]|Bytes:8
15:29:49.0 (47937036)|HEAP_ALLOCATE|[32]|Bytes:5
15:29:49.0 (47975272)|HEAP_ALLOCATE|[32]|Bytes:12
15:29:49.0 (47988282)|VARIABLE_SCOPE_BEGIN|[32]|so|SObject|true|false
15:29:49.0 (48004355)|VARIABLE_ASSIGNMENT|[32]|so|{"s":1,"v":{"Id":"00550000005cg71AAA","Name":"Jaswinder Rattanpal"}}|0x30b92f5a
15:29:49.0 (48010113)|STATEMENT_EXECUTE|[33]
15:29:49.0 (48012052)|STATEMENT_EXECUTE|[34]
15:29:49.0 (48060338)|HEAP_ALLOCATE|[34]|Bytes:116
15:29:49.0 (48067565)|HEAP_ALLOCATE|[34]|Bytes:8
15:29:49.0 (48089966)|HEAP_ALLOCATE|[34]|Bytes:12
15:29:49.0 (48095304)|HEAP_ALLOCATE|[34]|Bytes:4
15:29:49.0 (48178652)|HEAP_ALLOCATE|[34]|Bytes:19
15:29:49.0 (48244433)|CONSTRUCTOR_ENTRY|[34]|01p50000002D2uA|<init>(String,Id)
15:29:49.0 (48274896)|VARIABLE_SCOPE_BEGIN|[48]|this|LookupSObjectController.Result|true|false
15:29:49.0 (48325702)|VARIABLE_ASSIGNMENT|[48]|this|{}|0x552761b
15:29:49.0 (48331101)|VARIABLE_SCOPE_BEGIN|[48]|sObjectLabel|String|false|false
15:29:49.0 (48337643)|VARIABLE_ASSIGNMENT|[48]|sObjectLabel|"Jaswinder Rattanpal"
15:29:49.0 (48340618)|VARIABLE_SCOPE_BEGIN|[48]|sObjectId|Id|false|false
15:29:49.0 (48451235)|VARIABLE_ASSIGNMENT|[48]|sObjectId|"00550000005cg71AAA"
15:29:49.0 (48458700)|STATEMENT_EXECUTE|[43]
15:29:49.0 (48460140)|STATEMENT_EXECUTE|[45]
15:29:49.0 (48466552)|STATEMENT_EXECUTE|[46]
15:29:49.0 (48478161)|HEAP_ALLOCATE|[50]|Bytes:6
15:29:49.0 (48508775)|STATEMENT_EXECUTE|[49]
15:29:49.0 (48510911)|STATEMENT_EXECUTE|[50]
15:29:49.0 (48582699)|VARIABLE_ASSIGNMENT|[EXTERNAL]|this|{}|0x552761b
15:29:49.0 (48591674)|VARIABLE_ASSIGNMENT|[EXTERNAL]|value|"Jaswinder Rattanpal"
15:29:49.0 (48636905)|VARIABLE_ASSIGNMENT|[45]|this.SObjectLabel|"Jaswinder Rattanpal"|0x552761b
15:29:49.0 (48646006)|STATEMENT_EXECUTE|[51]
15:29:49.0 (48704428)|VARIABLE_ASSIGNMENT|[EXTERNAL]|this|{"SObjectLabel":"Jaswinder Rattanpal"}|0x552761b
15:29:49.0 (48759016)|VARIABLE_ASSIGNMENT|[EXTERNAL]|value|"00550000005cg71AAA"
15:29:49.0 (48836782)|VARIABLE_ASSIGNMENT|[46]|this.SObjectId|"00550000005cg71AAA"|0x552761b
15:29:49.0 (48863351)|CONSTRUCTOR_EXIT|[34]|01p50000002D2uA|<init>(String,Id)
15:29:49.0 (48891960)|HEAP_ALLOCATE|[EXTERNAL]|Bytes:4
15:29:49.0 (48917775)|HEAP_ALLOCATE|[32]|Bytes:5
15:29:49.0 (48940958)|VARIABLE_ASSIGNMENT|[32]|so|null|
15:29:49.0 (48946928)|STATEMENT_EXECUTE|[37]
15:29:49.0 (48975253)|SYSTEM_MODE_EXIT|false
15:29:49.49 (49026417)|CUMULATIVE_LIMIT_USAGE
15:29:49.49 (49026417)|LIMIT_USAGE_FOR_NS|(default)|
  Number of SOQL queries: 0 out of 100
  Number of query rows: 0 out of 50000
  Number of SOSL queries: 1 out of 20
  Number of DML statements: 0 out of 150
  Number of DML rows: 0 out of 10000
  Maximum CPU time: 0 out of 10000
  Maximum heap size: 0 out of 6000000
  Number of callouts: 0 out of 100
  Number of Email Invocations: 0 out of 10
  Number of future calls: 0 out of 50
  Number of queueable jobs added to the queue: 0 out of 50
  Number of Mobile Apex push calls: 0 out of 10

15:29:49.49 (49026417)|CUMULATIVE_LIMIT_USAGE_END

15:29:49.0 (49076232)|CODE_UNIT_FINISHED|LookupSObjectController.lookup
15:29:49.0 (51774024)|CODE_UNIT_STARTED|[EXTERNAL]|Aura
15:29:49.0 (51825130)|CODE_UNIT_FINISHED|Aura
ra
