37.0 APEX_CODE,FINEST;APEX_PROFILING,INFO;CALLOUT,INFO;DB,INFO;SYSTEM,DEBUG;VALIDATION,INFO;VISUALFORCE,INFO;WORKFLOW,INFO
21:10:17.0 (499969)|USER_INFO|[EXTERNAL]|00550000005cg71|bfffollow@jr.te|Eastern Standard Time|GMT-04:00
21:10:17.0 (685227)|EXECUTION_STARTED
21:10:17.0 (692600)|CODE_UNIT_STARTED|[EXTERNAL]|aura
21:10:17.0 (1070392)|HEAP_ALLOCATE|[72]|Bytes:3
21:10:17.0 (1144676)|HEAP_ALLOCATE|[77]|Bytes:152
21:10:17.0 (1172830)|HEAP_ALLOCATE|[342]|Bytes:408
21:10:17.0 (1205314)|HEAP_ALLOCATE|[355]|Bytes:408
21:10:17.0 (1238538)|HEAP_ALLOCATE|[467]|Bytes:48
21:10:17.0 (1331172)|HEAP_ALLOCATE|[139]|Bytes:6
21:10:17.0 (1369675)|HEAP_ALLOCATE|[EXTERNAL]|Bytes:122
21:10:17.0 (1411628)|HEAP_ALLOCATE|[EXTERNAL]|Bytes:122
21:10:17.0 (16386238)|CODE_UNIT_STARTED|[EXTERNAL]|01p50000002CIEm|ETLC_ApexBridge_Controller.execute
21:10:17.0 (17023876)|HEAP_ALLOCATE|[EXTERNAL]|Bytes:1
21:10:17.0 (17034064)|HEAP_ALLOCATE|[EXTERNAL]|Bytes:10
21:10:17.0 (17073744)|METHOD_ENTRY|[1]|01p50000002CIEm|ETLC_ApexBridge_Controller.ETLC_ApexBridge_Controller()
21:10:17.0 (17079590)|STATEMENT_EXECUTE|[1]
21:10:17.0 (17084924)|STATEMENT_EXECUTE|[1]
21:10:17.0 (17105773)|METHOD_EXIT|[1]|ETLC_ApexBridge_Controller
21:10:17.0 (17112044)|HEAP_ALLOCATE|[EXTERNAL]|Bytes:122
21:10:17.0 (17123869)|SYSTEM_MODE_ENTER|false
21:10:17.0 (17249564)|VARIABLE_SCOPE_BEGIN|[3]|dataJson|String|false|false
21:10:17.0 (17294455)|VARIABLE_ASSIGNMENT|[3]|dataJson|"{\"operation\":\"BFFFol (102 more) ..."
21:10:17.0 (17306355)|STATEMENT_EXECUTE|[3]
21:10:17.0 (17307995)|STATEMENT_EXECUTE|[4]
21:10:17.0 (18048329)|VARIABLE_SCOPE_BEGIN|[4]|data|ETLC_ApexBridge_Data|true|false
21:10:17.0 (18062212)|VARIABLE_ASSIGNMENT|[4]|data|null|
21:10:17.0 (18064851)|STATEMENT_EXECUTE|[5]
21:10:17.0 (18066099)|STATEMENT_EXECUTE|[5]
21:10:17.0 (18067084)|STATEMENT_EXECUTE|[6]
21:10:17.0 (18083618)|HEAP_ALLOCATE|[6]|Bytes:11
21:10:17.0 (18091725)|HEAP_ALLOCATE|[6]|Bytes:248
21:10:17.0 (18094997)|HEAP_ALLOCATE|[6]|Bytes:39
21:10:17.0 (18124079)|METHOD_ENTRY|[2]|01p50000002CIEo|ETLC_ApexBridge_Data.ETLC_ApexBridge_Data()
21:10:17.0 (18126826)|STATEMENT_EXECUTE|[2]
21:10:17.0 (18129847)|STATEMENT_EXECUTE|[2]
21:10:17.0 (18135803)|METHOD_EXIT|[2]|ETLC_ApexBridge_Data
21:10:17.0 (18154241)|METHOD_ENTRY|[6]|01p50000002CIEo|ETLC_ApexBridge_Data.fromJSON(String)
21:10:17.0 (18174127)|VARIABLE_SCOPE_BEGIN|[60]|strJson|String|false|false
21:10:17.0 (18184363)|VARIABLE_ASSIGNMENT|[60]|strJson|"{\"operation\":\"BFFFol (102 more) ..."
21:10:17.0 (18188682)|STATEMENT_EXECUTE|[60]
21:10:17.0 (18190036)|STATEMENT_EXECUTE|[61]
21:10:17.0 (18199157)|HEAP_ALLOCATE|[61]|Bytes:20
21:10:17.0 (18217845)|HEAP_ALLOCATE|[50]|Bytes:5
21:10:17.0 (18235373)|HEAP_ALLOCATE|[56]|Bytes:5
21:10:17.0 (18244307)|HEAP_ALLOCATE|[64]|Bytes:7
21:10:17.0 (18324265)|HEAP_ALLOCATE|[61]|Bytes:24
21:10:17.0 (18335889)|SYSTEM_METHOD_ENTRY|[1]|Type.Type()
21:10:17.0 (18338373)|STATEMENT_EXECUTE|[1]
21:10:17.0 (18347211)|SYSTEM_METHOD_EXIT|[1]|Type
21:10:17.0 (18352348)|HEAP_ALLOCATE|[61]|Bytes:8
21:10:17.0 (18368215)|HEAP_ALLOCATE|[61]|Bytes:8
21:10:17.0 (18373602)|VARIABLE_SCOPE_BEGIN|[4]|this|System.Type|true|false
21:10:17.0 (18428953)|VARIABLE_ASSIGNMENT|[4]|this|{}|0x79cc30db
21:10:17.0 (18434020)|VARIABLE_SCOPE_BEGIN|[4]|apextype|java:common.apex.runtime.ApexObjectType|true|false
21:10:17.0 (18599238)|VARIABLE_ASSIGNMENT|[4]|apextype|"ETLC_ApexBridge_Data"|0x322abdc0
21:10:17.0 (18685914)|HEAP_ALLOCATE|[61]|Bytes:8
21:10:17.0 (18725790)|HEAP_ALLOCATE|[61]|Bytes:24
21:10:17.0 (18736143)|SYSTEM_METHOD_ENTRY|[1]|JSON.JSON()
21:10:17.0 (18738249)|STATEMENT_EXECUTE|[1]
21:10:17.0 (18744745)|SYSTEM_METHOD_EXIT|[1]|JSON
21:10:17.0 (18758710)|METHOD_ENTRY|[61]||System.JSON.deserializeStrict(String, System.Type)
21:10:17.0 (19030293)|METHOD_EXIT|[61]||System.JSON.deserializeStrict(String, System.Type)
21:10:17.0 (19043093)|METHOD_EXIT|[6]|01p50000002CIEo|ETLC_ApexBridge_Data.fromJSON(String)
21:10:17.0 (19079325)|VARIABLE_ASSIGNMENT|[6]|data|{"debug":true,"input":"{\"mode\":\"fetchUserFe (34 more) ...","operation":"BFFFollow_Controller"}|0x5afb1ff
21:10:17.0 (19084593)|STATEMENT_EXECUTE|[7]
21:10:17.0 (19094368)|HEAP_ALLOCATE|[7]|Bytes:6
21:10:17.0 (19173197)|HEAP_ALLOCATE|[7]|Bytes:202
21:10:17.0 (19192443)|HEAP_ALLOCATE|[7]|Bytes:208
21:10:17.0 (19210445)|USER_DEBUG|[7]|DEBUG|data::ETLC_ApexBridge_Data:[debug=true, input={"mode":"fetchUserFeed","userId":"00550000005cg71AAA"}, isSuccess=null, messages=null, operation=BFFFollow_Controller, output=null, outputFlag=null, records=null]
21:10:17.0 (19217926)|STATEMENT_EXECUTE|[8]
21:10:17.0 (19271640)|VARIABLE_ASSIGNMENT|[EXTERNAL]|this|{"debug":true,"input":"{\"mode\":\"fetchUserFe (34 more) ...","operation":"BFFFollow_Controller"}|0x5afb1ff
21:10:17.0 (19291200)|METHOD_ENTRY|[8]||System.Type.forName(String)
21:10:17.0 (19974444)|METHOD_EXIT|[8]||System.Type.forName(String)
21:10:17.0 (19986555)|METHOD_ENTRY|[8]||System.Type.newInstance()
21:10:17.0 (20860488)|STATEMENT_EXECUTE|[1]
21:10:17.0 (20873490)|HEAP_ALLOCATE|[33]|Bytes:5
21:10:17.0 (20886308)|METHOD_EXIT|[1]|BFFFollow_Controller
21:10:17.0 (20891198)|HEAP_ALLOCATE|[33]|Bytes:4
21:10:17.0 (20895489)|VARIABLE_SCOPE_BEGIN|[1]|this|BFFFollow_Controller|true|false
21:10:17.0 (20914071)|VARIABLE_ASSIGNMENT|[1]|this|{}|0x2943db7e
21:10:17.0 (20922470)|HEAP_ALLOCATE|[33]|Bytes:5
21:10:17.0 (20931439)|HEAP_ALLOCATE|[33]|Bytes:11
21:10:17.0 (20939590)|METHOD_ENTRY|[1]|01p50000002CIEj|ETLC_ApexBridge_Abstract.ETLC_ApexBridge_Abstract()
21:10:17.0 (20941986)|STATEMENT_EXECUTE|[1]
21:10:17.0 (20944475)|STATEMENT_EXECUTE|[1]
21:10:17.0 (20949514)|METHOD_EXIT|[1]|ETLC_ApexBridge_Abstract
21:10:17.0 (20961520)|CONSTRUCTOR_ENTRY|[EXTERNAL]|01p50000002CIEj|<init>()
21:10:17.0 (20968250)|VARIABLE_SCOPE_BEGIN|[1]|this|ETLC_ApexBridge_Abstract|true|false
21:10:17.0 (20983522)|VARIABLE_ASSIGNMENT|[1]|this|{}|0x2943db7e
21:10:17.0 (20996934)|STATEMENT_EXECUTE|[1]
21:10:17.0 (21004887)|CONSTRUCTOR_EXIT|[EXTERNAL]|01p50000002CIEj|<init>()
21:10:17.0 (21011156)|STATEMENT_EXECUTE|[1]
21:10:17.0 (21015551)|HEAP_ALLOCATE|[33]|Bytes:5
21:10:17.0 (21032885)|METHOD_EXIT|[8]||System.Type.newInstance()
21:10:17.0 (21041643)|VARIABLE_SCOPE_BEGIN|[8]|executor|ETLC_ApexBridge_Abstract|true|false
21:10:17.0 (21056559)|VARIABLE_ASSIGNMENT|[8]|executor|{}|0x2943db7e
21:10:17.0 (21059512)|STATEMENT_EXECUTE|[9]
21:10:17.0 (21080239)|METHOD_ENTRY|[9]|01p50000002D8iw|BFFFollow_Controller.process(ETLC_ApexBridge_Data)
21:10:17.0 (21095771)|VARIABLE_SCOPE_BEGIN|[3]|this|BFFFollow_Controller|true|false
21:10:17.0 (21110888)|VARIABLE_ASSIGNMENT|[3]|this|{}|0x2943db7e
21:10:17.0 (21113749)|VARIABLE_SCOPE_BEGIN|[3]|data|ETLC_ApexBridge_Data|true|false
21:10:17.0 (21137864)|VARIABLE_ASSIGNMENT|[3]|data|{"debug":true,"input":"{\"mode\":\"fetchUserFe (34 more) ...","operation":"BFFFollow_Controller"}|0x5afb1ff
21:10:17.0 (21147084)|HEAP_ALLOCATE|[4]|Bytes:5
21:10:17.0 (21150653)|STATEMENT_EXECUTE|[3]
21:10:17.0 (21151732)|STATEMENT_EXECUTE|[4]
21:10:17.0 (21201932)|VARIABLE_ASSIGNMENT|[EXTERNAL]|this|{"debug":true,"input":"{\"mode\":\"fetchUserFe (34 more) ...","operation":"BFFFollow_Controller"}|0x5afb1ff
21:10:17.0 (21222366)|VARIABLE_ASSIGNMENT|[4]|BFFFollow_Controller.debugFlag|true
21:10:17.0 (21260024)|VARIABLE_ASSIGNMENT|[EXTERNAL]|this|{"debug":true,"input":"{\"mode\":\"fetchUserFe (34 more) ...","operation":"BFFFollow_Controller"}|0x5afb1ff
21:10:17.0 (21274516)|STATEMENT_EXECUTE|[5]
21:10:17.0 (21282902)|HEAP_ALLOCATE|[5]|Bytes:12
21:10:17.0 (21319352)|HEAP_ALLOCATE|[5]|Bytes:202
21:10:17.0 (21334515)|HEAP_ALLOCATE|[5]|Bytes:214
21:10:17.0 (21345564)|USER_DEBUG|[5]|DEBUG|data BEFORE:ETLC_ApexBridge_Data:[debug=true, input={"mode":"fetchUserFeed","userId":"00550000005cg71AAA"}, isSuccess=null, messages=null, operation=BFFFollow_Controller, output=null, outputFlag=null, records=null]
21:10:17.0 (21352306)|STATEMENT_EXECUTE|[7]
21:10:17.0 (21359186)|HEAP_ALLOCATE|[7]|Bytes:4
21:10:17.0 (21372492)|METHOD_ENTRY|[7]|01p50000002CIEo|ETLC_ApexBridge_Data.getInputValue(String)
21:10:17.0 (21386018)|VARIABLE_SCOPE_BEGIN|[52]|this|ETLC_ApexBridge_Data|true|false
21:10:17.0 (21414395)|VARIABLE_ASSIGNMENT|[52]|this|{"debug":true,"input":"{\"mode\":\"fetchUserFe (34 more) ...","operation":"BFFFollow_Controller"}|0x5afb1ff
21:10:17.0 (21418758)|VARIABLE_SCOPE_BEGIN|[52]|key|String|false|false
21:10:17.0 (21422193)|VARIABLE_ASSIGNMENT|[52]|key|"mode"
21:10:17.0 (21426175)|STATEMENT_EXECUTE|[52]
21:10:17.0 (21427487)|STATEMENT_EXECUTE|[53]
21:10:17.0 (21474381)|VARIABLE_ASSIGNMENT|[EXTERNAL]|this|{"debug":true,"input":"{\"mode\":\"fetchUserFe (34 more) ...","operation":"BFFFollow_Controller"}|0x5afb1ff
21:10:17.0 (21492421)|METHOD_ENTRY|[53]||System.JSON.deserializeUntyped(String)
21:10:17.0 (21748133)|METHOD_EXIT|[53]||System.JSON.deserializeUntyped(String)
21:10:17.0 (21758240)|VARIABLE_SCOPE_BEGIN|[53]|inputMap|Map<String,ANY>|true|false
21:10:17.0 (21783700)|VARIABLE_ASSIGNMENT|[53]|inputMap|{"s":1,"v":{"mode":"fetchUserFeed","userId":"00550000005cg71AAA"}}|0x31fbd0a3
21:10:17.0 (21787465)|STATEMENT_EXECUTE|[54]
21:10:17.0 (21827952)|METHOD_EXIT|[7]|01p50000002CIEo|ETLC_ApexBridge_Data.getInputValue(String)
21:10:17.0 (21834227)|VARIABLE_SCOPE_BEGIN|[7]|mode|String|false|false
21:10:17.0 (21841238)|VARIABLE_ASSIGNMENT|[7]|mode|"fetchUserFeed"
21:10:17.0 (21846012)|HEAP_ALLOCATE|[9]|Bytes:18
21:10:17.0 (21869645)|HEAP_ALLOCATE|[12]|Bytes:17
21:10:17.0 (21879197)|HEAP_ALLOCATE|[14]|Bytes:13
21:10:17.0 (21889531)|STATEMENT_EXECUTE|[14]
21:10:17.0 (21891013)|STATEMENT_EXECUTE|[15]
21:10:17.0 (21897640)|HEAP_ALLOCATE|[15]|Bytes:6
21:10:17.0 (21908014)|METHOD_ENTRY|[15]|01p50000002CIEo|ETLC_ApexBridge_Data.getInputValue(String)
21:10:17.0 (21921106)|VARIABLE_SCOPE_BEGIN|[52]|this|ETLC_ApexBridge_Data|true|false
21:10:17.0 (21950201)|VARIABLE_ASSIGNMENT|[52]|this|{"debug":true,"input":"{\"mode\":\"fetchUserFe (34 more) ...","operation":"BFFFollow_Controller"}|0x5afb1ff
21:10:17.0 (21954386)|VARIABLE_SCOPE_BEGIN|[52]|key|String|false|false
21:10:17.0 (21957789)|VARIABLE_ASSIGNMENT|[52]|key|"userId"
21:10:17.0 (21961571)|STATEMENT_EXECUTE|[52]
21:10:17.0 (21962751)|STATEMENT_EXECUTE|[53]
21:10:17.0 (21996691)|VARIABLE_ASSIGNMENT|[EXTERNAL]|this|{"debug":true,"input":"{\"mode\":\"fetchUserFe (34 more) ...","operation":"BFFFollow_Controller"}|0x5afb1ff
21:10:17.0 (22009684)|METHOD_ENTRY|[53]||System.JSON.deserializeUntyped(String)
21:10:17.0 (22139265)|METHOD_EXIT|[53]||System.JSON.deserializeUntyped(String)
21:10:17.0 (22148473)|VARIABLE_SCOPE_BEGIN|[53]|inputMap|Map<String,ANY>|true|false
21:10:17.0 (22166364)|VARIABLE_ASSIGNMENT|[53]|inputMap|{"s":1,"v":{"mode":"fetchUserFeed","userId":"00550000005cg71AAA"}}|0x1cfa41f0
21:10:17.0 (22170220)|STATEMENT_EXECUTE|[54]
21:10:17.0 (22189298)|METHOD_EXIT|[15]|01p50000002CIEo|ETLC_ApexBridge_Data.getInputValue(String)
21:10:17.0 (22204135)|HEAP_ALLOCATE|[15]|Bytes:4
21:10:17.0 (22220433)|METHOD_ENTRY|[15]|01p50000002D8iw|BFFFollow_Controller.fetchUserFeed(Id)
21:10:17.0 (22229807)|VARIABLE_SCOPE_BEGIN|[65]|this|BFFFollow_Controller|true|false
21:10:17.0 (22245320)|VARIABLE_ASSIGNMENT|[65]|this|{}|0x2943db7e
21:10:17.0 (22250360)|VARIABLE_SCOPE_BEGIN|[65]|userId|Id|false|false
21:10:17.0 (22319280)|VARIABLE_ASSIGNMENT|[65]|userId|"00550000005cg71AAA"
21:10:17.0 (22330268)|HEAP_ALLOCATE|[66]|Bytes:5
21:10:17.0 (22334301)|STATEMENT_EXECUTE|[65]
21:10:17.0 (22335544)|STATEMENT_EXECUTE|[66]
21:10:17.0 (22336419)|STATEMENT_EXECUTE|[66]
21:10:17.0 (22337373)|STATEMENT_EXECUTE|[67]
21:10:17.0 (22378888)|HEAP_ALLOCATE|[67]|Bytes:24
21:10:17.0 (22389669)|SYSTEM_METHOD_ENTRY|[1]|Network.Network()
21:10:17.0 (22391832)|STATEMENT_EXECUTE|[1]
21:10:17.0 (22399074)|SYSTEM_METHOD_EXIT|[1]|Network
21:10:17.0 (22410396)|METHOD_ENTRY|[67]||System.Network.getNetworkId()
21:10:17.0 (22445768)|METHOD_EXIT|[67]||System.Network.getNetworkId()
21:10:17.0 (22648740)|HEAP_ALLOCATE|[67]|Bytes:18
21:10:17.0 (22694519)|HEAP_ALLOCATE|[67]|Bytes:968
21:10:17.0 (22705248)|SYSTEM_METHOD_ENTRY|[5]|ChatterFeeds.ChatterFeeds()
21:10:17.0 (22707796)|STATEMENT_EXECUTE|[5]
21:10:17.0 (22714763)|SYSTEM_METHOD_EXIT|[5]|ChatterFeeds
21:10:17.0 (22728595)|METHOD_ENTRY|[67]||ConnectApi.ChatterFeeds.getFeedElementsFromFeed(String, ConnectApi.FeedType, String)
21:10:17.0 (126533010)|SYSTEM_METHOD_EXIT|[5]|FeedElementPage
21:10:17.0 (126548854)|HEAP_ALLOCATE|[3649]|Bytes:84
21:10:17.0 (126556558)|HEAP_ALLOCATE|[3649]|Bytes:12
21:10:17.0 (126559919)|HEAP_ALLOCATE|[3649]|Bytes:8
21:10:17.0 (126567504)|VARIABLE_SCOPE_BEGIN|[39]|this|ConnectApi.FeedElementPage|true|false
21:10:17.0 (126631679)|VARIABLE_ASSIGNMENT|[39]|this|{}|0x2fa4d125
21:10:17.0 (126637133)|VARIABLE_SCOPE_BEGIN|[39]|versionIn|Double|false|false
21:10:17.0 (126644370)|VARIABLE_ASSIGNMENT|[39]|versionIn|34.0
21:10:17.0 (126653965)|VARIABLE_SCOPE_BEGIN|[39]|javaObj|java:sfdc.chatter.connect.api.output.feeds.FeedElementCollectionRepresentation|true|false
21:10:17.0 (126845154)|VARIABLE_ASSIGNMENT|[39]|javaObj|"sfdc.chatter.connect.api.output.feeds.FeedElementCollectionRepresentation@2f5fd2a"|0x2f5fd2a
21:10:17.0 (127619460)|SYSTEM_METHOD_EXIT|[5]|FeedItem
21:10:17.0 (127628810)|HEAP_ALLOCATE|[59]|Bytes:252
21:10:17.0 (127633864)|HEAP_ALLOCATE|[59]|Bytes:12
21:10:17.0 (127637190)|HEAP_ALLOCATE|[59]|Bytes:8
21:10:17.0 (127641453)|VARIABLE_SCOPE_BEGIN|[56]|this|ConnectApi.FeedItem|true|false
21:10:17.0 (127686171)|HEAP_ALLOCATE|[59]|Bytes:312
21:10:17.0 (127693511)|HEAP_ALLOCATE|[59]|Bytes:75
21:10:17.0 (127723385)|SYSTEM_METHOD_ENTRY|[5]|FeedElement.FeedElement()
21:10:17.0 (127726607)|STATEMENT_EXECUTE|[5]
21:10:17.0 (127733855)|SYSTEM_METHOD_EXIT|[5]|FeedElement
21:10:17.0 (127760235)|VARIABLE_ASSIGNMENT|[56]|this|{}|0x1e90cb01
21:10:17.0 (127764257)|VARIABLE_SCOPE_BEGIN|[56]|versionIn|Double|false|false
21:10:17.0 (127770083)|VARIABLE_ASSIGNMENT|[56]|versionIn|34.0
21:10:17.0 (127772276)|VARIABLE_SCOPE_BEGIN|[56]|javaObj|java:sfdc.chatter.connect.api.output.feeds.FeedItemRepresentation|true|false
21:10:17.0 (127865731)|VARIABLE_ASSIGNMENT|[56]|javaObj|"\n\u003CFeedItem id(0D55000003LmBsDCAV)\u003E\n\u003CUser id(00550000005cg71AAA) name(Jaswinder Rattanpal) /\u003E\n\u003CFeedBody text(Test 1\n), isRichText(true) /\u003Esfdc.chatter.connect.api.output.feeds.FeedElementCommentCollectionRepresentation@792ee599\n\u003C/FeedItem\u003E"|0x700a2e60
21:10:17.0 (128090847)|SYSTEM_METHOD_EXIT|[5]|FeedBody
21:10:17.0 (128098537)|HEAP_ALLOCATE|[46]|Bytes:36
21:10:17.0 (128103230)|HEAP_ALLOCATE|[46]|Bytes:12
21:10:17.0 (128106418)|HEAP_ALLOCATE|[46]|Bytes:8
21:10:17.0 (128110028)|VARIABLE_SCOPE_BEGIN|[16]|this|ConnectApi.FeedBody|true|false
21:10:17.0 (128130961)|HEAP_ALLOCATE|[46]|Bytes:164
21:10:17.0 (128136476)|HEAP_ALLOCATE|[46]|Bytes:44
21:10:17.0 (128163114)|SYSTEM_METHOD_ENTRY|[5]|AbstractMessageBody.AbstractMessageBody()
21:10:17.0 (128165696)|STATEMENT_EXECUTE|[5]
21:10:17.0 (128172423)|SYSTEM_METHOD_EXIT|[5]|AbstractMessageBody
21:10:17.0 (128191513)|VARIABLE_ASSIGNMENT|[16]|this|{}|0x5d3b81e6
21:10:17.0 (128196571)|VARIABLE_SCOPE_BEGIN|[16]|versionIn|Double|false|false
21:10:17.0 (128202446)|VARIABLE_ASSIGNMENT|[16]|versionIn|34.0
21:10:17.0 (128204611)|VARIABLE_SCOPE_BEGIN|[16]|javaObj|java:sfdc.chatter.connect.api.output.feeds.FeedBodyRepresentation|true|false
21:10:17.0 (128269077)|VARIABLE_ASSIGNMENT|[16]|javaObj|"\n\u003CFeedBody text(Test 1\n), isRichText(true) /\u003E"|0x45eb9183
21:10:17.0 (128683166)|SYSTEM_METHOD_EXIT|[5]|MarkupBeginSegment
21:10:17.0 (128692874)|HEAP_ALLOCATE|[43]|Bytes:44
21:10:17.0 (128699824)|HEAP_ALLOCATE|[43]|Bytes:12
21:10:17.0 (128705231)|HEAP_ALLOCATE|[43]|Bytes:8
21:10:17.0 (128710473)|VARIABLE_SCOPE_BEGIN|[20]|this|ConnectApi.MarkupBeginSegment|true|false
21:10:17.0 (128734898)|HEAP_ALLOCATE|[43]|Bytes:120
21:10:17.0 (128746518)|HEAP_ALLOCATE|[43]|Bytes:40
21:10:17.0 (128773832)|SYSTEM_METHOD_ENTRY|[5]|MessageSegment.MessageSegment()
21:10:17.0 (128776442)|STATEMENT_EXECUTE|[5]
21:10:17.0 (128784015)|SYSTEM_METHOD_EXIT|[5]|MessageSegment
21:10:17.0 (128797224)|VARIABLE_ASSIGNMENT|[20]|this|{}|0x4b67a68a
21:10:17.0 (128800991)|VARIABLE_SCOPE_BEGIN|[20]|versionIn|Double|false|false
21:10:17.0 (128808813)|VARIABLE_ASSIGNMENT|[20]|versionIn|34.0
21:10:17.0 (128812211)|VARIABLE_SCOPE_BEGIN|[20]|javaObj|java:sfdc.chatter.connect.api.output.feeds.MarkupBeginMessageSegmentRepresentation|true|false
21:10:17.0 (128880988)|VARIABLE_ASSIGNMENT|[20]|javaObj|"MarkupBegin(\"Paragraph\", \"p\")"|0x6abff8a8
21:10:17.0 (129715651)|SYSTEM_METHOD_EXIT|[5]|TextSegment
21:10:17.0 (129723737)|HEAP_ALLOCATE|[43]|Bytes:28
21:10:17.0 (129727930)|HEAP_ALLOCATE|[43]|Bytes:12
21:10:17.0 (129730900)|HEAP_ALLOCATE|[43]|Bytes:8
21:10:17.0 (129734832)|VARIABLE_SCOPE_BEGIN|[16]|this|ConnectApi.TextSegment|true|false
21:10:17.0 (129758427)|VARIABLE_ASSIGNMENT|[16]|this|{}|0x727493d3
21:10:17.0 (129762446)|VARIABLE_SCOPE_BEGIN|[16]|versionIn|Double|false|false
21:10:17.0 (129767451)|VARIABLE_ASSIGNMENT|[16]|versionIn|34.0
21:10:17.0 (129769791)|VARIABLE_SCOPE_BEGIN|[16]|javaObj|java:sfdc.chatter.connect.api.output.feeds.TextMessageSegmentRepresentation|true|false
21:10:17.0 (129837695)|VARIABLE_ASSIGNMENT|[16]|javaObj|"Text(\"Test 1\")"|0x45138e1
21:10:17.0 (130142413)|SYSTEM_METHOD_EXIT|[5]|MarkupEndSegment
21:10:17.0 (130150270)|HEAP_ALLOCATE|[43]|Bytes:44
21:10:17.0 (130154419)|HEAP_ALLOCATE|[43]|Bytes:12
21:10:17.0 (130157605)|HEAP_ALLOCATE|[43]|Bytes:8
21:10:17.0 (130161632)|VARIABLE_SCOPE_BEGIN|[20]|this|ConnectApi.MarkupEndSegment|true|false
21:10:17.0 (130187536)|VARIABLE_ASSIGNMENT|[20]|this|{}|0x113efa7b
21:10:17.0 (130191631)|VARIABLE_SCOPE_BEGIN|[20]|versionIn|Double|false|false
21:10:17.0 (130196821)|VARIABLE_ASSIGNMENT|[20]|versionIn|34.0
21:10:17.0 (130199660)|VARIABLE_SCOPE_BEGIN|[20]|javaObj|java:sfdc.chatter.connect.api.output.feeds.MarkupEndMessageSegmentRepresentation|true|false
21:10:17.0 (130263944)|VARIABLE_ASSIGNMENT|[20]|javaObj|"MarkupEnd(\"Paragraph\", \"p\")"|0x290957d4
21:10:17.0 (130858117)|SYSTEM_METHOD_EXIT|[5]|FeedElementCapabilities
21:10:17.0 (130865595)|HEAP_ALLOCATE|[49]|Bytes:236
21:10:17.0 (130869794)|HEAP_ALLOCATE|[49]|Bytes:12
21:10:17.0 (130873002)|HEAP_ALLOCATE|[49]|Bytes:8
21:10:17.0 (130877024)|VARIABLE_SCOPE_BEGIN|[77]|this|ConnectApi.FeedElementCapabilities|true|false
21:10:17.0 (130929640)|VARIABLE_ASSIGNMENT|[77]|this|{}|0x7f35a32d
21:10:17.0 (130933825)|VARIABLE_SCOPE_BEGIN|[77]|versionIn|Double|false|false
21:10:17.0 (130938897)|VARIABLE_ASSIGNMENT|[77]|versionIn|34.0
21:10:17.0 (130940977)|VARIABLE_SCOPE_BEGIN|[77]|javaObj|java:sfdc.chatter.connect.api.output.feeds.FeedElementCapabilitySetRepresentation|true|false
21:10:17.0 (131001487)|VARIABLE_ASSIGNMENT|[77]|javaObj|"sfdc.chatter.connect.api.output.feeds.FeedElementCapabilitySetRepresentation@722e0a1a"|0x722e0a1a
21:10:17.0 (131183059)|SYSTEM_METHOD_EXIT|[5]|AssociatedActionsCapability
21:10:17.0 (131190004)|HEAP_ALLOCATE|[85]|Bytes:20
21:10:17.0 (131194132)|HEAP_ALLOCATE|[85]|Bytes:12
21:10:17.0 (131197356)|HEAP_ALLOCATE|[85]|Bytes:8
21:10:17.0 (131201014)|VARIABLE_SCOPE_BEGIN|[18]|this|ConnectApi.AssociatedActionsCapability|true|false
21:10:17.0 (131224626)|VARIABLE_ASSIGNMENT|[18]|this|{}|0x1425db06
21:10:17.0 (131228538)|VARIABLE_SCOPE_BEGIN|[18]|versionIn|Double|false|false
21:10:17.0 (131233841)|VARIABLE_ASSIGNMENT|[18]|versionIn|34.0
21:10:17.0 (131235877)|VARIABLE_SCOPE_BEGIN|[18]|javaObj|java:sfdc.chatter.connect.api.output.feeds.AssociatedActionsCapabilityRepresentation|true|false
21:10:17.0 (131297160)|VARIABLE_ASSIGNMENT|[18]|javaObj|"sfdc.chatter.connect.api.output.feeds.AssociatedActionsCapabilityRepresentation@777199a1"|0x777199a1
21:10:17.0 (131695562)|SYSTEM_METHOD_EXIT|[5]|BookmarksCapability
21:10:17.0 (131702094)|HEAP_ALLOCATE|[91]|Bytes:20
21:10:17.0 (131706365)|HEAP_ALLOCATE|[91]|Bytes:12
21:10:17.0 (131709667)|HEAP_ALLOCATE|[91]|Bytes:8
21:10:17.0 (131713517)|VARIABLE_SCOPE_BEGIN|[18]|this|ConnectApi.BookmarksCapability|true|false
21:10:17.0 (131736142)|VARIABLE_ASSIGNMENT|[18]|this|{}|0x258f60a9
21:10:17.0 (131739894)|VARIABLE_SCOPE_BEGIN|[18]|versionIn|Double|false|false
21:10:17.0 (131744844)|VARIABLE_ASSIGNMENT|[18]|versionIn|34.0
21:10:17.0 (131746806)|VARIABLE_SCOPE_BEGIN|[18]|javaObj|java:sfdc.chatter.connect.api.output.feeds.BookmarksCapabilityRepresentation|true|false
21:10:17.0 (131808928)|VARIABLE_ASSIGNMENT|[18]|javaObj|"sfdc.chatter.connect.api.output.feeds.BookmarksCapabilityRepresentation@2773c0d8"|0x2773c0d8
21:10:17.0 (132049424)|SYSTEM_METHOD_EXIT|[5]|ChatterLikesCapability
21:10:17.0 (132057138)|HEAP_ALLOCATE|[103]|Bytes:44
21:10:17.0 (132061561)|HEAP_ALLOCATE|[103]|Bytes:12
21:10:17.0 (132064814)|HEAP_ALLOCATE|[103]|Bytes:8
21:10:17.0 (132068962)|VARIABLE_SCOPE_BEGIN|[24]|this|ConnectApi.ChatterLikesCapability|true|false
21:10:17.0 (132099039)|VARIABLE_ASSIGNMENT|[24]|this|{}|0x1db4c2db
21:10:17.0 (132104332)|VARIABLE_SCOPE_BEGIN|[24]|versionIn|Double|false|false
21:10:17.0 (132109873)|VARIABLE_ASSIGNMENT|[24]|versionIn|34.0
21:10:17.0 (132111805)|VARIABLE_SCOPE_BEGIN|[24]|javaObj|java:sfdc.chatter.connect.api.output.feeds.ChatterLikesCapabilityRepresentation|true|false
21:10:17.0 (132173428)|VARIABLE_ASSIGNMENT|[24]|javaObj|"sfdc.chatter.connect.api.output.feeds.ChatterLikesCapabilityRepresentation@6673fc5d"|0x6673fc5d
21:10:17.0 (132359792)|SYSTEM_METHOD_EXIT|[5]|MessageBody
21:10:17.0 (132366443)|HEAP_ALLOCATE|[32]|Bytes:36
21:10:17.0 (132370516)|HEAP_ALLOCATE|[32]|Bytes:12
21:10:17.0 (132373521)|HEAP_ALLOCATE|[32]|Bytes:8
21:10:17.0 (132377517)|VARIABLE_SCOPE_BEGIN|[16]|this|ConnectApi.MessageBody|true|false
21:10:17.0 (132401863)|VARIABLE_ASSIGNMENT|[16]|this|{}|0x38a74212
21:10:17.0 (132405632)|VARIABLE_SCOPE_BEGIN|[16]|versionIn|Double|false|false
21:10:17.0 (132410436)|VARIABLE_ASSIGNMENT|[16]|versionIn|34.0
21:10:17.0 (132412658)|VARIABLE_SCOPE_BEGIN|[16]|javaObj|java:sfdc.chatter.connect.api.output.feeds.MessageBodyRepresentation|true|false
21:10:17.0 (132477569)|VARIABLE_ASSIGNMENT|[16]|javaObj|"\n\u003CMessageBody text(Test User likes this.), isRichText(null) /\u003E"|0x1eb20de
21:10:17.0 (132741736)|SYSTEM_METHOD_EXIT|[5]|EntityLinkSegment
21:10:17.0 (132748654)|HEAP_ALLOCATE|[43]|Bytes:44
21:10:17.0 (132752968)|HEAP_ALLOCATE|[43]|Bytes:12
21:10:17.0 (132756218)|HEAP_ALLOCATE|[43]|Bytes:8
21:10:17.0 (132760253)|VARIABLE_SCOPE_BEGIN|[20]|this|ConnectApi.EntityLinkSegment|true|false
21:10:17.0 (132786794)|VARIABLE_ASSIGNMENT|[20]|this|{}|0x3a728822
21:10:17.0 (132790514)|VARIABLE_SCOPE_BEGIN|[20]|versionIn|Double|false|false
21:10:17.0 (132795870)|VARIABLE_ASSIGNMENT|[20]|versionIn|34.0
21:10:17.0 (132797874)|VARIABLE_SCOPE_BEGIN|[20]|javaObj|java:sfdc.chatter.connect.api.output.feeds.EntityLinkMessageSegmentRepresentation|true|false
21:10:17.0 (132867933)|VARIABLE_ASSIGNMENT|[20]|javaObj|"EntityLink(\"Test User\")"|0x439a1a25
21:10:17.0 (133130916)|SYSTEM_METHOD_EXIT|[5]|Motif
21:10:17.0 (133138795)|HEAP_ALLOCATE|[25]|Bytes:52
21:10:17.0 (133142954)|HEAP_ALLOCATE|[25]|Bytes:12
21:10:17.0 (133145989)|HEAP_ALLOCATE|[25]|Bytes:8
21:10:17.0 (133149980)|VARIABLE_SCOPE_BEGIN|[31]|this|ConnectApi.Motif|true|false
21:10:17.0 (133175405)|VARIABLE_ASSIGNMENT|[31]|this|{}|0x41af6796
21:10:17.0 (133179292)|VARIABLE_SCOPE_BEGIN|[31]|versionIn|Double|false|false
21:10:17.0 (133184301)|VARIABLE_ASSIGNMENT|[31]|versionIn|34.0
21:10:17.0 (133186210)|VARIABLE_SCOPE_BEGIN|[31]|javaObj|java:sfdc.common.connect.api.output.common.MotifRepresentation|true|false
21:10:17.0 (133250829)|VARIABLE_ASSIGNMENT|[31]|javaObj|"sfdc.common.connect.api.output.common.MotifRepresentation@199a52ad"|0x199a52ad
21:10:17.0 (133462264)|SYSTEM_METHOD_EXIT|[5]|Reference
21:10:17.0 (133468730)|HEAP_ALLOCATE|[28]|Bytes:28
21:10:17.0 (133472714)|HEAP_ALLOCATE|[28]|Bytes:12
21:10:17.0 (133475728)|HEAP_ALLOCATE|[28]|Bytes:8
21:10:17.0 (133479490)|VARIABLE_SCOPE_BEGIN|[25]|this|ConnectApi.Reference|true|false
21:10:17.0 (133501221)|VARIABLE_ASSIGNMENT|[25]|this|{}|0x3787ea24
21:10:17.0 (133504788)|VARIABLE_SCOPE_BEGIN|[25]|versionIn|Double|false|false
21:10:17.0 (133509995)|VARIABLE_ASSIGNMENT|[25]|versionIn|34.0
21:10:17.0 (133511930)|VARIABLE_SCOPE_BEGIN|[25]|javaObj|java:sfdc.common.connect.api.output.common.ReferenceRepresentation|true|false
21:10:17.0 (133576159)|VARIABLE_ASSIGNMENT|[25]|javaObj|"sfdc.common.connect.api.output.common.ReferenceRepresentation@24df85c3"|0x24df85c3
21:10:17.0 (134099783)|SYSTEM_METHOD_EXIT|[5]|ChatterLikePage
21:10:17.0 (134108372)|HEAP_ALLOCATE|[38]|Bytes:84
21:10:17.0 (134112575)|HEAP_ALLOCATE|[38]|Bytes:12
21:10:17.0 (134115661)|HEAP_ALLOCATE|[38]|Bytes:8
21:10:17.0 (134125591)|VARIABLE_SCOPE_BEGIN|[39]|this|ConnectApi.ChatterLikePage|true|false
21:10:17.0 (134155185)|VARIABLE_ASSIGNMENT|[39]|this|{}|0x1e76d519
21:10:17.0 (134158911)|VARIABLE_SCOPE_BEGIN|[39]|versionIn|Double|false|false
21:10:17.0 (134163735)|VARIABLE_ASSIGNMENT|[39]|versionIn|34.0
21:10:17.0 (134165817)|VARIABLE_SCOPE_BEGIN|[39]|javaObj|java:sfdc.chatter.connect.api.output.feeds.LikeCollectionRepresentation|true|false
21:10:17.0 (134228244)|VARIABLE_ASSIGNMENT|[39]|javaObj|"sfdc.chatter.connect.api.output.feeds.LikeCollectionRepresentation@5532f340"|0x5532f340
21:10:17.0 (134561268)|SYSTEM_METHOD_EXIT|[5]|ChatterLike
21:10:17.0 (134568108)|HEAP_ALLOCATE|[59]|Bytes:44
21:10:17.0 (134572213)|HEAP_ALLOCATE|[59]|Bytes:12
21:10:17.0 (134575581)|HEAP_ALLOCATE|[59]|Bytes:8
21:10:17.0 (134579517)|VARIABLE_SCOPE_BEGIN|[29]|this|ConnectApi.ChatterLike|true|false
21:10:17.0 (134604184)|VARIABLE_ASSIGNMENT|[29]|this|{}|0x5d6cf508
21:10:17.0 (134607999)|VARIABLE_SCOPE_BEGIN|[29]|versionIn|Double|false|false
21:10:17.0 (134612775)|VARIABLE_ASSIGNMENT|[29]|versionIn|34.0
21:10:17.0 (134615056)|VARIABLE_SCOPE_BEGIN|[29]|javaObj|java:sfdc.chatter.connect.api.output.feeds.LikeRepresentation|true|false
21:10:17.0 (134687040)|VARIABLE_ASSIGNMENT|[29]|javaObj|"sfdc.chatter.connect.api.output.feeds.LikeRepresentation@5c592fb"|0x5c592fb
21:10:17.0 (135106656)|SYSTEM_METHOD_EXIT|[5]|UserSummary
21:10:17.0 (135114879)|HEAP_ALLOCATE|[44]|Bytes:164
21:10:17.0 (135119159)|HEAP_ALLOCATE|[44]|Bytes:12
21:10:17.0 (135122408)|HEAP_ALLOCATE|[44]|Bytes:8
21:10:17.0 (135126315)|VARIABLE_SCOPE_BEGIN|[18]|this|ConnectApi.UserSummary|true|false
21:10:17.0 (135154774)|HEAP_ALLOCATE|[44]|Bytes:344
21:10:17.0 (135161427)|HEAP_ALLOCATE|[44]|Bytes:76
21:10:17.0 (135196102)|SYSTEM_METHOD_ENTRY|[5]|User.User()
21:10:17.0 (135200402)|STATEMENT_EXECUTE|[5]
21:10:17.0 (135212882)|SYSTEM_METHOD_EXIT|[5]|User
21:10:17.0 (135236725)|HEAP_ALLOCATE|[44]|Bytes:204
21:10:17.0 (135246696)|HEAP_ALLOCATE|[44]|Bytes:49
21:10:17.0 (135259443)|SYSTEM_METHOD_ENTRY|[5]|ActorWithId.ActorWithId()
21:10:17.0 (135262602)|STATEMENT_EXECUTE|[5]
21:10:17.0 (135270575)|SYSTEM_METHOD_EXIT|[5]|ActorWithId
21:10:17.0 (135286357)|HEAP_ALLOCATE|[44]|Bytes:116
21:10:17.0 (135294176)|HEAP_ALLOCATE|[44]|Bytes:40
21:10:17.0 (135304725)|SYSTEM_METHOD_ENTRY|[5]|Actor.Actor()
21:10:17.0 (135307669)|STATEMENT_EXECUTE|[5]
21:10:17.0 (135316416)|SYSTEM_METHOD_EXIT|[5]|Actor
21:10:17.0 (135344686)|VARIABLE_ASSIGNMENT|[18]|this|{}|0x2d335147
21:10:17.0 (135350383)|VARIABLE_SCOPE_BEGIN|[18]|versionIn|Double|false|false
21:10:17.0 (135358338)|VARIABLE_ASSIGNMENT|[18]|versionIn|34.0
21:10:17.0 (135361784)|VARIABLE_SCOPE_BEGIN|[18]|javaObj|java:sfdc.chatter.connect.api.output.user.UserSummaryRepresentation|true|false
21:10:17.0 (135462883)|VARIABLE_ASSIGNMENT|[18]|javaObj|"\n\u003CUser id(00550000005d7KnAAI) name(Test User) /\u003E"|0x6fd90f52
21:10:17.0 (136446465)|SYSTEM_METHOD_EXIT|[5]|Photo
21:10:17.0 (136457317)|HEAP_ALLOCATE|[64]|Bytes:68
21:10:17.0 (136463841)|HEAP_ALLOCATE|[64]|Bytes:12
21:10:17.0 (136468874)|HEAP_ALLOCATE|[64]|Bytes:8
21:10:17.0 (136476097)|VARIABLE_SCOPE_BEGIN|[35]|this|ConnectApi.Photo|true|false
21:10:17.0 (136516670)|VARIABLE_ASSIGNMENT|[35]|this|{}|0x55277314
21:10:17.0 (136523550)|VARIABLE_SCOPE_BEGIN|[35]|versionIn|Double|false|false
21:10:17.0 (136532762)|VARIABLE_ASSIGNMENT|[35]|versionIn|34.0
21:10:17.0 (136537209)|VARIABLE_SCOPE_BEGIN|[35]|javaObj|java:sfdc.chatter.connect.api.output.photo.PhotoRepresentation|true|false
21:10:17.0 (136638085)|VARIABLE_ASSIGNMENT|[35]|javaObj|"sfdc.chatter.connect.api.output.photo.PhotoRepresentation@7c5c6101"|0x7c5c6101
21:10:17.0 (139470412)|SYSTEM_METHOD_EXIT|[5]|CommentsCapability
21:10:17.0 (139482831)|HEAP_ALLOCATE|[106]|Bytes:20
21:10:17.0 (139490353)|HEAP_ALLOCATE|[106]|Bytes:12
21:10:17.0 (139496337)|HEAP_ALLOCATE|[106]|Bytes:8
21:10:17.0 (139504034)|VARIABLE_SCOPE_BEGIN|[18]|this|ConnectApi.CommentsCapability|true|false
21:10:17.0 (139537728)|VARIABLE_ASSIGNMENT|[18]|this|{}|0x6c569b03
21:10:17.0 (139544260)|VARIABLE_SCOPE_BEGIN|[18]|versionIn|Double|false|false
21:10:17.0 (139553221)|VARIABLE_ASSIGNMENT|[18]|versionIn|34.0
21:10:17.0 (139557334)|VARIABLE_SCOPE_BEGIN|[18]|javaObj|java:sfdc.chatter.connect.api.output.feeds.CommentsCapabilityRepresentation|true|false
21:10:17.0 (139658913)|VARIABLE_ASSIGNMENT|[18]|javaObj|"sfdc.chatter.connect.api.output.feeds.CommentsCapabilityRepresentation@287fa4e"|0x287fa4e
21:10:17.0 (139916110)|SYSTEM_METHOD_EXIT|[5]|CommentPage
21:10:17.0 (139925855)|HEAP_ALLOCATE|[23]|Bytes:68
21:10:17.0 (139932654)|HEAP_ALLOCATE|[23]|Bytes:12
21:10:17.0 (139937824)|HEAP_ALLOCATE|[23]|Bytes:8
21:10:17.0 (139944035)|VARIABLE_SCOPE_BEGIN|[35]|this|ConnectApi.CommentPage|true|false
21:10:17.0 (139985714)|VARIABLE_ASSIGNMENT|[35]|this|{}|0x1d4cc776
21:10:17.0 (139992863)|VARIABLE_SCOPE_BEGIN|[35]|versionIn|Double|false|false
21:10:17.0 (140002816)|VARIABLE_ASSIGNMENT|[35]|versionIn|34.0
21:10:17.0 (140007577)|VARIABLE_SCOPE_BEGIN|[35]|javaObj|java:sfdc.chatter.connect.api.output.feeds.FeedElementCommentCollectionRepresentation|true|false
21:10:17.0 (140098008)|VARIABLE_ASSIGNMENT|[35]|javaObj|"sfdc.chatter.connect.api.output.feeds.FeedElementCommentCollectionRepresentation@43b5ede5"|0x43b5ede5
21:10:17.0 (140488707)|SYSTEM_METHOD_EXIT|[5]|Comment
21:10:17.0 (140496083)|HEAP_ALLOCATE|[48]|Bytes:156
21:10:17.0 (140500571)|HEAP_ALLOCATE|[48]|Bytes:12
21:10:17.0 (140503688)|HEAP_ALLOCATE|[48]|Bytes:8
21:10:17.0 (140507818)|VARIABLE_SCOPE_BEGIN|[57]|this|ConnectApi.Comment|true|false
21:10:17.0 (140548636)|VARIABLE_ASSIGNMENT|[57]|this|{}|0x1be3f813
21:10:17.0 (140552721)|VARIABLE_SCOPE_BEGIN|[57]|versionIn|Double|false|false
21:10:17.0 (140557896)|VARIABLE_ASSIGNMENT|[57]|versionIn|34.0
21:10:17.0 (140560224)|VARIABLE_SCOPE_BEGIN|[57]|javaObj|java:sfdc.chatter.connect.api.output.feeds.CommentRepresentation|true|false
21:10:17.0 (140645585)|VARIABLE_ASSIGNMENT|[57]|javaObj|"\n\u003CComment id(0D750000002KRgU) parent(sfdc.common.connect.api.output.common.ReferenceRepresentation@268b24ab) \u003E\n\u003CFeedBody text(Test), isRichText(false) /\u003E\n\u003CUser id(00550000005d7KnAAI) name(Test User) /\u003E\n\u003C/Comment"|0x5d07207b
21:10:17.0 (141570645)|SYSTEM_METHOD_EXIT|[5]|CommentCapabilities
21:10:17.0 (141581616)|HEAP_ALLOCATE|[68]|Bytes:28
21:10:17.0 (141588056)|HEAP_ALLOCATE|[68]|Bytes:12
21:10:17.0 (141592789)|HEAP_ALLOCATE|[68]|Bytes:8
21:10:17.0 (141598594)|VARIABLE_SCOPE_BEGIN|[25]|this|ConnectApi.CommentCapabilities|true|false
21:10:17.0 (141629292)|VARIABLE_ASSIGNMENT|[25]|this|{}|0x31b124fb
21:10:17.0 (141634991)|VARIABLE_SCOPE_BEGIN|[25]|versionIn|Double|false|false
21:10:17.0 (141641862)|VARIABLE_ASSIGNMENT|[25]|versionIn|34.0
21:10:17.0 (141645106)|VARIABLE_SCOPE_BEGIN|[25]|javaObj|java:sfdc.chatter.connect.api.output.feeds.CommentCapabilitySetRepresentation|true|false
21:10:17.0 (141739536)|VARIABLE_ASSIGNMENT|[25]|javaObj|"sfdc.chatter.connect.api.output.feeds.CommentCapabilitySetRepresentation@359671be"|0x359671be
21:10:17.0 (144652794)|SYSTEM_METHOD_EXIT|[5]|MentionSegment
21:10:17.0 (144663110)|HEAP_ALLOCATE|[43]|Bytes:60
21:10:17.0 (144670652)|HEAP_ALLOCATE|[43]|Bytes:12
21:10:17.0 (144676177)|HEAP_ALLOCATE|[43]|Bytes:8
21:10:17.0 (144683423)|VARIABLE_SCOPE_BEGIN|[24]|this|ConnectApi.MentionSegment|true|false
21:10:17.0 (144727332)|VARIABLE_ASSIGNMENT|[24]|this|{}|0x2ea75010
21:10:17.0 (144733078)|VARIABLE_SCOPE_BEGIN|[24]|versionIn|Double|false|false
21:10:17.0 (144739405)|VARIABLE_ASSIGNMENT|[24]|versionIn|34.0
21:10:17.0 (144741603)|VARIABLE_SCOPE_BEGIN|[24]|javaObj|java:sfdc.chatter.connect.api.output.feeds.MentionMessageSegmentRepresentation|true|false
21:10:17.0 (144834801)|VARIABLE_ASSIGNMENT|[24]|javaObj|"Mention(\"Test User\",00550000005d7KnAAI,true)"|0x16093fc3
21:10:17.0 (154156771)|SYSTEM_METHOD_EXIT|[5]|InteractionsCapability
21:10:17.0 (154168593)|HEAP_ALLOCATE|[127]|Bytes:20
21:10:17.0 (154175633)|HEAP_ALLOCATE|[127]|Bytes:12
21:10:17.0 (154179001)|HEAP_ALLOCATE|[127]|Bytes:8
21:10:17.0 (154184275)|VARIABLE_SCOPE_BEGIN|[18]|this|ConnectApi.InteractionsCapability|true|false
21:10:17.0 (154227018)|VARIABLE_ASSIGNMENT|[18]|this|{}|0x1014a73d
21:10:17.0 (154230882)|VARIABLE_SCOPE_BEGIN|[18]|versionIn|Double|false|false
21:10:17.0 (154238599)|VARIABLE_ASSIGNMENT|[18]|versionIn|34.0
21:10:17.0 (154240640)|VARIABLE_SCOPE_BEGIN|[18]|javaObj|java:sfdc.chatter.connect.api.output.feeds.InteractionsCapabilityRepresentation|true|false
21:10:17.0 (154407670)|VARIABLE_ASSIGNMENT|[18]|javaObj|"sfdc.chatter.connect.api.output.feeds.InteractionsCapabilityRepresentation@670a2189"|0x670a2189
21:10:17.0 (154629712)|SYSTEM_METHOD_EXIT|[5]|MuteCapability
21:10:17.0 (154636105)|HEAP_ALLOCATE|[136]|Bytes:20
21:10:17.0 (154640158)|HEAP_ALLOCATE|[136]|Bytes:12
21:10:17.0 (154643338)|HEAP_ALLOCATE|[136]|Bytes:8
21:10:17.0 (154647132)|VARIABLE_SCOPE_BEGIN|[18]|this|ConnectApi.MuteCapability|true|false
21:10:17.0 (154670608)|VARIABLE_ASSIGNMENT|[18]|this|{}|0x7339caa8
21:10:17.0 (154674302)|VARIABLE_SCOPE_BEGIN|[18]|versionIn|Double|false|false
21:10:17.0 (154679342)|VARIABLE_ASSIGNMENT|[18]|versionIn|34.0
21:10:17.0 (154681243)|VARIABLE_SCOPE_BEGIN|[18]|javaObj|java:sfdc.chatter.connect.api.output.feeds.MuteCapabilityRepresentation|true|false
21:10:17.0 (154744388)|VARIABLE_ASSIGNMENT|[18]|javaObj|"sfdc.chatter.connect.api.output.feeds.MuteCapabilityRepresentation@2c91042b"|0x2c91042b
21:10:17.0 (154982650)|SYSTEM_METHOD_EXIT|[5]|StatusCapability
21:10:17.0 (154989473)|HEAP_ALLOCATE|[157]|Bytes:28
21:10:17.0 (154993473)|HEAP_ALLOCATE|[157]|Bytes:12
21:10:17.0 (154996531)|HEAP_ALLOCATE|[157]|Bytes:8
21:10:17.0 (155000113)|VARIABLE_SCOPE_BEGIN|[20]|this|ConnectApi.StatusCapability|true|false
21:10:17.0 (155026073)|VARIABLE_ASSIGNMENT|[20]|this|{}|0x190973cb
21:10:17.0 (155029796)|VARIABLE_SCOPE_BEGIN|[20]|versionIn|Double|false|false
21:10:17.0 (155034694)|VARIABLE_ASSIGNMENT|[20]|versionIn|34.0
21:10:17.0 (155036549)|VARIABLE_SCOPE_BEGIN|[20]|javaObj|java:sfdc.chatter.connect.api.output.feeds.StatusCapabilityRepresentation|true|false
21:10:17.0 (155096562)|VARIABLE_ASSIGNMENT|[20]|javaObj|"sfdc.chatter.connect.api.output.feeds.StatusCapabilityRepresentation@2fb91f0a"|0x2fb91f0a
21:10:17.0 (155475403)|SYSTEM_METHOD_EXIT|[5]|TopicsCapability
21:10:17.0 (155482102)|HEAP_ALLOCATE|[160]|Bytes:28
21:10:17.0 (155486132)|HEAP_ALLOCATE|[160]|Bytes:12
21:10:17.0 (155489253)|HEAP_ALLOCATE|[160]|Bytes:8
21:10:17.0 (155493168)|VARIABLE_SCOPE_BEGIN|[20]|this|ConnectApi.TopicsCapability|true|false
21:10:17.0 (155517346)|VARIABLE_ASSIGNMENT|[20]|this|{}|0x12e8ecdf
21:10:17.0 (155521429)|VARIABLE_SCOPE_BEGIN|[20]|versionIn|Double|false|false
21:10:17.0 (155526416)|VARIABLE_ASSIGNMENT|[20]|versionIn|34.0
21:10:17.0 (155528574)|VARIABLE_SCOPE_BEGIN|[20]|javaObj|java:sfdc.chatter.connect.api.output.feeds.TopicsCapabilityRepresentation|true|false
21:10:17.0 (155590260)|VARIABLE_ASSIGNMENT|[20]|javaObj|"sfdc.chatter.connect.api.output.feeds.TopicsCapabilityRepresentation@367c12f5"|0x367c12f5
21:10:17.0 (180057177)|METHOD_EXIT|[67]||ConnectApi.ChatterFeeds.getFeedElementsFromFeed(String, ConnectApi.FeedType, String)
21:10:17.0 (180072717)|VARIABLE_SCOPE_BEGIN|[67]|fep|ConnectApi.FeedElementPage|true|false
21:10:17.0 (180126942)|VARIABLE_ASSIGNMENT|[67]|fep|{}|0x2fa4d125
21:10:17.0 (180131592)|STATEMENT_EXECUTE|[68]
21:10:17.0 (180206855)|HEAP_ALLOCATE|[68]|Bytes:84
21:10:17.0 (180217030)|VARIABLE_SCOPE_BEGIN|[105]|this|ConnectApi.FeedElementPage|true|false
21:10:17.0 (180243470)|VARIABLE_ASSIGNMENT|[105]|this|{}|0x2fa4d125
21:10:17.0 (274365164)|USER_DEBUG|[68]|DEBUG|ConnectApi.FeedElementPage[buildVersion=34.0, currentPageToken=null, currentPageUrl=/services/data/v34.0/chatter/feeds/user-profile/00550000005cg71AAA/feed-elements, elements=(ConnectApi.FeedItem[buildVersion=34.0, actor=ConnectApi.UserSummary[buildVersion=34.0, additionalLabel=null, communityNickname=bfffollow1.4689653052892656E12, companyName=BFFFollow, displayName=Jaswinder Rattanpal, firstName=Jaswinder, id=00550000005cg71AAA, isActive=true, isInThisCommunity=true, lastName=Rattanpal, motif=ConnectApi.Motif[buildVersion=34.0, color=65CAE4, largeIconUrl=/img/icon/profile64.png, mediumIconUrl=/img/icon/profile32.png, smallIconUrl=/img/icon/profile16.png, svgIconUrl=null], mySubscription=null, name=Jaswinder Rattanpal, photo=ConnectApi.Photo[buildVersion=34.0, fullEmailPhotoUrl=https://bfffollow-dev-ed.my.salesforce.com/img/userprofile/default_profile_200.png?fromEmail=1, largePhotoUrl=https://bfffollow-dev-ed--c.na3.content.force.com/profilephoto/005/F, photoVersionId=null, smallPhotoUrl=https://bfffollow-dev-ed--c.na3.content.force.com/profilephoto/005/T, standardEmailPhotoUrl=https://bfffollow-dev-ed.my.salesforce.com/img/userprofile/default_profile_45.png?fromEmail=1, url=/services/data/v34.0/chatter/users/00550000005cg71AAA/photo], reputation=null, title=null, type=User, url=/services/data/v34.0/chatter/users/00550000005cg71AAA, userType=Internal], body=ConnectApi.FeedBody[buildVersion=34.0, messageSegments=(ConnectApi.MarkupBeginSegment[buildVersion=34.0, text=, type=MarkupBegin], ConnectApi.TextSegment[buildVersion=34.0, text=Test 1, type=Text], ConnectApi.MarkupEndSegment[buildVersion=34.0, text=
, type=MarkupEnd]), text=Test 1
], canShare=true, capabilities=ConnectApi.FeedElementCapabilities[buildVersion=34.0, approval=null, associatedActions=ConnectApi.AssociatedActionsCapability[buildVersion=34.0, platformActionGroups=()], banner=null, bookmarks=ConnectApi.BookmarksCapability[buildVersion=34.0, isBookmarkedByCurrentUser=false], bundle=null, canvas=null, caseComment=null, chatterLikes=ConnectApi.ChatterLikesCapability[buildVersion=34.0, isLikedByCurrentUser=false, likesMessage=ConnectApi.MessageBody[buildVersion=34.0, messageSegments=(ConnectApi.EntityLinkSegment[buildVersion=34.0, motif=ConnectApi.Motif[buildVersion=34.0, color=65CAE4, largeIconUrl=/img/icon/profile64.png, mediumIconUrl=/img/icon/profile32.png, smallIconUrl=/img/icon/profile16.png, svgIconUrl=null], reference=ConnectApi.Reference[buildVersion=34.0, id=00550000005d7KnAAI, url=/services/data/v34.0/chatter/users/00550000005d7KnAAI], text=Test User, type=EntityLink], ConnectApi.TextSegment[buildVersion=34.0, text= likes this., type=Text]), text=Test User likes this.], myLike=null, page=ConnectApi.ChatterLikePage[buildVersion=34.0, currentPageToken=0, currentPageUrl=/services/data/v34.0/chatter/feed-elements/0D55000003LmBsDCAV/capabilities/chatter-likes/items, items=(ConnectApi.ChatterLike[buildVersion=34.0, id=0I050000001eN0WCAU, likedItem=ConnectApi.Reference[buildVersion=34.0, id=0D55000003LmBsDCAV, url=/services/data/v34.0/chatter/feed-elements/0D55000003LmBsDCAV], url=/services/data/v34.0/chatter/likes/0I050000001eN0WCAU, user=ConnectApi.UserSummary[buildVersion=34.0, additionalLabel=null, communityNickname=jrattanpal, companyName=null, displayName=Test User, firstName=Test, id=00550000005d7KnAAI, isActive=true, isInThisCommunity=true, lastName=User, motif=ConnectApi.Motif[buildVersion=34.0, color=65CAE4, largeIconUrl=/img/icon/profile64.png, mediumIconUrl=/img/icon/profile32.png, smallIconUrl=/img/icon/profile16.png, svgIconUrl=null], mySubscription=ConnectApi.Reference[buildVersion=34.0, id=0E85000000Dvxc2CAB, url=/services/data/v34.0/chatter/subscriptions/0E85000000Dvxc2CAB], name=Test User, photo=ConnectApi.Photo[buildVersion=34.0, fullEmailPhotoUrl=https://bfffollow-dev-ed.my.salesforce.com/img/userprofile/default_profile_200.png?fromEmail=1, largePhotoUrl=https://bfffollow-dev-ed--c.na3.content.force.com/profilephoto/005/F, photoVersionId=null, smallPhotoUrl=https://bfffollow-dev-ed--c.na3.content.force.com/profilephoto/005/T, standardEmailPhotoUrl=https://bfffollow-dev-ed.my.salesforce.com/img/userprofile/default_profile_45.png?fromEmail=1, url=/services/data/v34.0/chatter/users/00550000005d7KnAAI/photo], reputation=null, title=null, type=User, url=/services/data/v34.0/chatter/users/00550000005d7KnAAI, userType=Internal]]), nextPageToken=null, nextPageUrl=null, previousPageToken=null, previousPageUrl=null, total=1]], comments=ConnectApi.CommentsCapability[buildVersion=34.0, page=ConnectApi.CommentPage[buildVersion=34.0, currentPageToken=null, currentPageUrl=/services/data/v34.0/chatter/feed-elements/0D55000003LmBsDCAV/capabilities/comments/items, items=(ConnectApi.Comment[buildVersion=34.0, body=ConnectApi.FeedBody[buildVersion=34.0, messageSegments=(ConnectApi.TextSegment[buildVersion=34.0, text=Test, type=Text]), text=Test], capabilities=ConnectApi.CommentCapabilities[buildVersion=34.0, content=null, edit=null], clientInfo=null, createdDate=2016-07-21 10:45:26, feedElement=ConnectApi.Reference[buildVersion=34.0, id=0D55000003LmBsDCAV, url=/services/data/v34.0/chatter/feed-elements/0D55000003LmBsDCAV], id=0D750000002KRgUCAW, isDeleteRestricted=false, likes=ConnectApi.ChatterLikePage[buildVersion=34.0, currentPageToken=null, currentPageUrl=/services/data/v34.0/chatter/comments/0D750000002KRgUCAW/likes, items=(), nextPageToken=null, nextPageUrl=null, previousPageToken=null, previousPageUrl=null, total=0], likesMessage=null, moderationFlags=null, myLike=null, parent=ConnectApi.Reference[buildVersion=34.0, id=00550000005cg71AAA, url=/services/data/v34.0/chatter/users/00550000005cg71AAA], relativeCreatedDate=10h ago, type=TextComment, url=/services/data/v34.0/chatter/comments/0D750000002KRgUCAW, user=ConnectApi.UserSummary[buildVersion=34.0, additionalLabel=null, communityNickname=jrattanpal, companyName=null, displayName=Test User, firstName=Test, id=00550000005d7KnAAI, isActive=true, isInThisCommunity=true, lastName=User, motif=ConnectApi.Motif[buildVersion=34.0, color=65CAE4, largeIconUrl=/img/icon/profile64.png, mediumIconUrl=/img/icon/profile32.png, smallIconUrl=/img/icon/profile16.png, svgIconUrl=null], mySubscription=ConnectApi.Reference[buildVersion=34.0, id=0E85000000Dvxc2CAB, url=/services/data/v34.0/chatter/subscriptions/0E85000000Dvxc2CAB], name=Test User, photo=ConnectApi.Photo[buildVersion=34.0, fullEmailPhotoUrl=https://bfffollow-dev-ed.my.salesforce.com/img/userprofile/default_profile_200.png?fromEmail=1, largePhotoUrl=https://bfffollow-dev-ed--c.na3.content.force.com/profilephoto/005/F, photoVersionId=null, smallPhotoUrl=https://bfffollow-dev-ed--c.na3.content.force.com/profilephoto/005/T, standardEmailPhotoUrl=https://bfffollow-dev-ed.my.salesforce.com/img/userprofile/default_profile_45.png?fromEmail=1, url=/services/data/v34.0/chatter/users/00550000005d7KnAAI/photo], reputation=null, title=null, type=User, url=/services/data/v34.0/chatter/users/00550000005d7KnAAI, userType=Internal]], ConnectApi.Comment[buildVersion=34.0, body=ConnectApi.FeedBody[buildVersion=34.0, messageSegments=(ConnectApi.MentionSegment[buildVersion=34.0, accessible=true, name=Test User, record=ConnectApi.UserSummary[buildVersion=34.0, additionalLabel=null, communityNickname=jrattanpal, companyName=null, displayName=Test User, firstName=Test, id=00550000005d7KnAAI, isActive=true, isInThisCommunity=true, lastName=User, motif=ConnectApi.Motif[buildVersion=34.0, color=65CAE4, largeIconUrl=/img/icon/profile64.png, mediumIconUrl=/img/icon/profile32.png, smallIconUrl=/img/icon/profile16.png, svgIconUrl=null], mySubscription=ConnectApi.Reference[buildVersion=34.0, id=0E85000000Dvxc2CAB, url=/services/data/v34.0/chatter/subscriptions/0E85000000Dvxc2CAB], name=Test User, photo=ConnectApi.Photo[buildVersion=34.0, fullEmailPhotoUrl=https://bfffollow-dev-ed.my.salesforce.com/img/userprofile/default_profile_200.png?fromEmail=1, largePhotoUrl=https://bfffollow-dev-ed--c.na3.content.force.com/profilephoto/005/F, photoVersionId=null, smallPhotoUrl=https://bfffollow-dev-ed--c.na3.content.force.com/profilephoto/005/T, standardEmailPhotoUrl=https://bfffollow-dev-ed.my.salesforce.com/img/userprofile/default_profile_45.png?fromEmail=1, url=/services/data/v34.0/chatter/users/00550000005d7KnAAI/photo], reputation=null, title=null, type=User, url=/services/data/v34.0/chatter/users/00550000005d7KnAAI, userType=Internal], text=@Test User, type=Mention]), text=@Test User], capabilities=ConnectApi.CommentCapabilities[buildVersion=34.0, content=null, edit=null], clientInfo=null, createdDate=2016-07-21 10:45:59, feedElement=ConnectApi.Reference[buildVersion=34.0, id=0D55000003LmBsDCAV, url=/services/data/v34.0/chatter/feed-elements/0D55000003LmBsDCAV], id=0D750000002KRl0CAG, isDeleteRestricted=false, likes=ConnectApi.ChatterLikePage[buildVersion=34.0, currentPageToken=null, currentPageUrl=/services/data/v34.0/chatter/comments/0D750000002KRl0CAG/likes, items=(), nextPageToken=null, nextPageUrl=null, previousPageToken=null, previousPageUrl=null, total=0], likesMessage=null, moderationFlags=null, myLike=null, parent=ConnectApi.Reference[buildVersion=34.0, id=00550000005cg71AAA, url=/services/data/v34.0/chatter/users/00550000005cg71AAA], relativeCreatedDate=10h ago, type=TextComment, url=/services/data/v34.0/chatter/comments/0D750000002KRl0CAG, user=ConnectApi.UserSummary[buildVersion=34.0, additionalLabel=null, communityNickname=bfffollow1.4689653052892656E12, companyName=BFFFollow, displayName=Jaswinder Rattanpal, firstName=Jaswinder, id=00550000005cg71AAA, isActive=true, isInThisCommunity=true, lastName=Rattanpal, motif=ConnectApi.Motif[buildVersion=34.0, color=65CAE4, largeIconUrl=/img/icon/profile64.png, mediumIconUrl=/img/icon/profile32.png, smallIconUrl=/img/icon/profile16.png, svgIconUrl=null], mySubscription=null, name=Jaswinder Rattanpal, photo=ConnectApi.Photo[buildVersion=34.0, fullEmailPhotoUrl=https://bfffollow-dev-ed.my.salesforce.com/img/userprofile/default_profile_200.png?fromEmail=1, largePhotoUrl=https://bfffollow-dev-ed--c.na3.content.force.com/profilephoto/005/F, photoVersionId=null, smallPhotoUrl=https://bfffollow-dev-ed--c.na3.content.force.com/profilephoto/005/T, standardEmailPhotoUrl=https://bfffollow-dev-ed.my.salesforce.com/img/userprofile/default_profile_45.png?fromEmail=1, url=/services/data/v34.0/chatter/users/00550000005cg71AAA/photo], reputation=null, title=null, type=User, url=/services/data/v34.0/chatter/users/00550000005cg71AAA, userType=Internal]]), nextPageToken=null, nextPageUrl=null, total=2]], content=null, dashboardComponentSnapshot=null, edit=null, emailMessage=null, enhancedLink=null, link=null, moderation=null, origin=null, poll=null, questionAndAnswers=null, recommendations=null, recordSnapshot=null, topics=ConnectApi.TopicsCapability[buildVersion=34.0, canAssignTopics=true, items=()], trackedChanges=null], clientInfo=null, createdDate=2016-07-21 00:33:49, event=false, feedElementType=FeedItem, header=ConnectApi.MessageBody[buildVersion=34.0, messageSegments=(ConnectApi.EntityLinkSegment[buildVersion=34.0, motif=ConnectApi.Motif[buildVersion=34.0, color=65CAE4, largeIconUrl=/img/icon/profile64.png, mediumIconUrl=/img/icon/profile32.png, smallIconUrl=/img/icon/profile16.png, svgIconUrl=null], reference=ConnectApi.Reference[buildVersion=34.0, id=00550000005cg71AAA, url=/services/data/v34.0/chatter/users/00550000005cg71AAA], text=Jaswinder Rattanpal, type=EntityLink]), text=Jaswinder Rattanpal], id=0D55000003LmBsDCAV, isDeleteRestricted=false, modifiedDate=2016-07-21 10:45:59, originalFeedItem=null, originalFeedItemActor=null, parent=ConnectApi.UserSummary[buildVersion=34.0, additionalLabel=null, communityNickname=bfffollow1.4689653052892656E12, companyName=BFFFollow, displayName=Jaswinder Rattanpal, firstName=Jaswinder, id=00550000005cg71AAA, isActive=true, isInThisCommunity=true, lastName=Rattanpal, motif=ConnectApi.Motif[buildVersion=34.0, color=65CAE4, largeIconUrl=/img/icon/profile64.png, mediumIconUrl=/img/icon/profile32.png, smallIconUrl=/img/icon/profile16.png, svgIconUrl=null], mySubscription=null, name=Jaswinder Rattanpal, photo=ConnectApi.Photo[buildVersion=34.0, fullEmailPhotoUrl=https://bfffollow-dev-ed.my.salesforce.com/img/userprofile/default_profile_200.png?fromEmail=1, largePhotoUrl=https://bfffollow-dev-ed--c.na3.content.force.com/profilephoto/005/F, photoVersionId=null, smallPhotoUrl=https://bfffollow-dev-ed--c.na3.content.force.com/profilephoto/005/T, standardEmailPhotoUrl=https://bfffollow-dev-ed.my.salesforce.com/img/userprofile/default_profile_45.png?fromEmail=1, url=/services/data/v34.0/chatter/users/00550000005cg71AAA/photo], reputation=null, title=null, type=User, url=/services/data/v34.0/chatter/users/00550000005cg71AAA, userType=Internal], photoUrl=https://bfffollow-dev-ed--c.na3.content.force.com/profilephoto/005/T, relativeCreatedDate=20h ago, type=TextPost, url=/services/data/v34.0/chatter/feed-elements/0D55000003LmBsDCAV, visibility=AllUsers], ConnectApi.FeedItem[buildVersion=34.0, actor=ConnectApi.UserSummary[buildVersion=34.0, additionalLabel=null, communityNickname=bfffollow1.4689653052892656E12, companyName=BFFFollow, displayName=Jaswinder Rattanpal, firstName=Jaswinder, id=00550000005cg71AAA, isActive=true, isInThisCommunity=true, lastName=Rattanpal, motif=ConnectApi.Motif[buildVersion=34.0, color=65CAE4, largeIconUrl=/img/icon/profile64.png, mediumIconUrl=/img/icon/profile32.png, smallIconUrl=/img/icon/profile16.png, svgIconUrl=null], mySubscription=null, name=Jaswinder Rattanpal, photo=ConnectApi.Photo[buildVersion=34.0, fullEmailPhotoUrl=https://bfffollow-dev-ed.my.salesforce.com/img/userprofile/default_profile_200.png?fromEmail=1, largePhotoUrl=https://bfffollow-dev-ed--c.na3.content.force.com/profilephoto/005/F, photoVersionId=null, smallPhotoUrl=https://bfffollow-dev-ed--c.na3.content.force.com/profilephoto/005/T, standardEmailPhotoUrl=https://bfffollow-dev-ed.my.salesforce.com/img/userprofile/default_profile_45.png?fromEmail=1, url=/services/data/v34.0/chatter/users/00550000005cg71AAA/photo], reputation=null, title=null, type=User, url=/services/data/v34.0/chatter/users/00550000005cg71AAA, userType=Internal], body=ConnectApi.FeedBody[buildVersion=34.0, messageSegments=(), text=null], canShare=false, capabilities=ConnectApi.FeedElementCapabilities[buildVersion=34.0, approval=null, associatedActions=ConnectApi.AssociatedActionsCapability[buildVersion=34.0, platformActionGroups=()], banner=null, bookmarks=ConnectApi.BookmarksCapability[buildVersion=34.0, isBookmarkedByCurrentUser=false], bundle=null, canvas=null, caseComment=null, chatterLikes=ConnectApi.ChatterLikesCapability[buildVersion=34.0, isLikedByCurrentUser=false, likesMessage=null, myLike=null, page=ConnectApi.ChatterLikePage[buildVersion=34.0, currentPageToken=0, currentPageUrl=/services/data/v34.0/chatter/feed-elements/0D55000003LmBs8CAF/capabilities/chatter-likes/items, items=(), nextPageToken=null, nextPageUrl=null, previousPageToken=null, previousPageUrl=null, total=0]], comments=ConnectApi.CommentsCapability[buildVersion=34.0, page=ConnectApi.CommentPage[buildVersion=34.0, currentPageToken=null, currentPageUrl=/services/data/v34.0/chatter/feed-elements/0D55000003LmBs8CAF/capabilities/comments/items, items=(), nextPageToken=null, nextPageUrl=null, total=0]], content=null, dashboardComponentSnapshot=null, edit=null, emailMessage=null, enhancedLink=null, link=null, moderation=null, origin=null, poll=null, questionAndAnswers=null, recommendations=null, recordSnapshot=null, topics=ConnectApi.TopicsCapability[buildVersion=34.0, canAssignTopics=true, items=()], trackedChanges=null], clientInfo=null, createdDate=2016-07-21 00:33:42, event=false, feedElementType=FeedItem, header=ConnectApi.MessageBody[buildVersion=34.0, messageSegments=(ConnectApi.EntityLinkSegment[buildVersion=34.0, motif=ConnectApi.Motif[buildVersion=34.0, color=65CAE4, largeIconUrl=/img/icon/profile64.png, mediumIconUrl=/img/icon/profile32.png, smallIconUrl=/img/icon/profile16.png, svgIconUrl=null], reference=ConnectApi.Reference[buildVersion=34.0, id=00550000005cg71AAA, url=/services/data/v34.0/chatter/users/00550000005cg71AAA], text=Jaswinder Rattanpal, type=EntityLink], ConnectApi.TextSegment[buildVersion=34.0, text= created the public group , type=Text], ConnectApi.EntityLinkSegment[buildVersion=34.0, motif=ConnectApi.Motif[buildVersion=34.0, color=83B6FF, largeIconUrl=/img/icon/groups64.png, mediumIconUrl=/img/icon/groups32.png, smallIconUrl=/img/icon/groups16.png, svgIconUrl=null], reference=ConnectApi.Reference[buildVersion=34.0, id=0F950000000YJ5jCAG, url=/services/data/v34.0/chatter/groups/0F950000000YJ5jCAG], text=All BFFFollow, type=EntityLink], ConnectApi.TextSegment[buildVersion=34.0, text=., type=Text]), text=Jaswinder Rattanpal created the public group All BFFFollow.], id=0D55000003LmBs8CAF, isDeleteRestricted=true, modifiedDate=2016-07-21 00:33:42, originalFeedItem=null, originalFeedItemActor=null, parent=ConnectApi.UserSummary[buildVersion=34.0, additionalLabel=null, communityNickname=bfffollow1.4689653052892656E12, companyName=BFFFollow, displayName=Jaswinder Rattanpal, firstName=Jaswinder, id=00550000005cg71AAA, isActive=true, isInThisCommunity=true, lastName=Rattanpal, motif=ConnectApi.Motif[buildVersion=34.0, color=65CAE4, largeIconUrl=/img/icon/profile64.png, mediumIconUrl=/img/icon/profile32.png, smallIconUrl=/img/icon/profile16.png, svgIconUrl=null], mySubscription=null, name=Jaswinder Rattanpal, photo=ConnectApi.Photo[buildVersion=34.0, fullEmailPhotoUrl=https://bfffollow-dev-ed.my.salesforce.com/img/userprofile/default_profile_200.png?fromEmail=1, largePhotoUrl=https://bfffollow-dev-ed--c.na3.content.force.com/profilephoto/005/F, photoVersionId=null, smallPhotoUrl=https://bfffollow-dev-ed--c.na3.content.force.com/profilephoto/005/T, standardEmailPhotoUrl=https://bfffollow-dev-ed.my.salesforce.com/img/userprofile/default_profile_45.png?fromEmail=1, url=/services/data/v34.0/chatter/users/00550000005cg71AAA/photo], reputation=null, title=null, type=User, url=/services/data/v34.0/chatter/users/00550000005cg71AAA, userType=Internal], photoUrl=https://bfffollow-dev-ed--c.na3.content.force.com/profilephoto/005/T, relativeCreatedDate=20h ago, type=CollaborationGroupCreated, url=/services/data/v34.0/chatter/feed-elements/0D55000003LmBs8CAF, visibility=AllUsers]), isModifiedToken=null, isModifiedUrl=null, nextPageToken=null, nextPageUrl=null, updatesToken=null, updatesUrl=null]
21:10:17.0 (274477229)|STATEMENT_EXECUTE|[69]
21:10:17.0 (274517012)|METHOD_ENTRY|[69]||System.JSON.serialize(Object)
21:10:17.0 (307033416)|METHOD_EXIT|[69]||System.JSON.serialize(Object)
21:10:17.0 (307059969)|METHOD_EXIT|[15]|01p50000002D8iw|BFFFollow_Controller.fetchUserFeed(Id)
21:10:17.0 (307140366)|VARIABLE_ASSIGNMENT|[EXTERNAL]|this|{"debug":true,"input":"{\"mode\":\"fetchUserFe (34 more) ...","operation":"BFFFollow_Controller"}|0x5afb1ff
21:10:17.0 (307151063)|VARIABLE_ASSIGNMENT|[EXTERNAL]|value|"{\"currentPageToken\": (15407 more) ..."
21:10:17.0 (307166638)|VARIABLE_ASSIGNMENT|[12]|this.output|"{\"currentPageToken\": (15407 more) ..."|0x5afb1ff
21:10:17.0 (307175851)|STATEMENT_EXECUTE|[16]
21:10:17.0 (307246549)|VARIABLE_ASSIGNMENT|[EXTERNAL]|this|{"debug":true,"input":"{\"mode\":\"fetchUserFe (34 more) ...","operation":"BFFFollow_Controller","output":"{\"currentPageToken\": (15407 more) ..."}|0x5afb1ff
21:10:17.0 (307292344)|VARIABLE_ASSIGNMENT|[EXTERNAL]|this|{"debug":true,"input":"{\"mode\":\"fetchUserFe (34 more) ...","operation":"BFFFollow_Controller","output":"{\"currentPageToken\": (15407 more) ..."}|0x5afb1ff
21:10:17.0 (307300828)|VARIABLE_ASSIGNMENT|[EXTERNAL]|value|true
21:10:17.0 (307306413)|HEAP_ALLOCATE|[15]|Bytes:5
21:10:17.0 (307316155)|VARIABLE_ASSIGNMENT|[15]|this.outputFlag|true|0x5afb1ff
21:10:17.0 (307329050)|STATEMENT_EXECUTE|[19]
21:10:17.0 (307330655)|STATEMENT_EXECUTE|[19]
21:10:17.0 (307338859)|HEAP_ALLOCATE|[19]|Bytes:11
21:10:17.0 (307478584)|HEAP_ALLOCATE|[19]|Bytes:15625
21:10:17.0 (307509099)|HEAP_ALLOCATE|[19]|Bytes:15636
21:10:17.0 (307528495)|USER_DEBUG|[19]|DEBUG|data AFTER:ETLC_ApexBridge_Data:[debug=true, input={"mode":"fetchUserFeed","userId":"00550000005cg71AAA"}, isSuccess=null, messages=null, operation=BFFFollow_Controller, output={"currentPageToken":null,"currentPageUrl":"/services/data/v34.0/chatter/feeds/user-profile/00550000005cg71AAA/feed-elements","elements":[{"actor":{"additionalLabel":null,"communityNickname":"bfffollow1.4689653052892656E12","companyName":"BFFFollow","displayName":"Jaswinder Rattanpal","firstName":"Jaswinder","id":"00550000005cg71AAA","isActive":true,"isInThisCommunity":true,"lastName":"Rattanpal","motif":{"color":"65CAE4","largeIconUrl":"/img/icon/profile64.png","mediumIconUrl":"/img/icon/profile32.png","smallIconUrl":"/img/icon/profile16.png","svgIconUrl":null},"mySubscription":null,"name":"Jaswinder Rattanpal","photo":{"fullEmailPhotoUrl":"https://bfffollow-dev-ed.my.salesforce.com/img/userprofile/default_profile_200.png?fromEmail=1","largePhotoUrl":"https://bfffollow-dev-ed--c.na3.content.force.com/profilephoto/005/F","photoVersionId":null,"smallPhotoUrl":"https://bfffollow-dev-ed--c.na3.content.force.com/profilephoto/005/T","standardEmailPhotoUrl":"https://bfffollow-dev-ed.my.salesforce.com/img/userprofile/default_profile_45.png?fromEmail=1","url":"/services/data/v34.0/chatter/users/00550000005cg71AAA/photo"},"reputation":null,"title":null,"type":"User","url":"/services/data/v34.0/chatter/users/00550000005cg71AAA","userType":"Internal"},"body":{"messageSegments":[{"text":"","type":"MarkupBegin"},{"text":"Test 1","type":"Text"},{"text":"\n","type":"MarkupEnd"}],"text":"Test 1\n"},"canShare":true,"capabilities":{"associatedActions":{"platformActionGroups":[]},"bookmarks":{"isBookmarkedByCurrentUser":false},"chatterLikes":{"isLikedByCurrentUser":false,"likesMessage":{"messageSegments":[{"motif":{"color":"65CAE4","largeIconUrl":"/img/icon/profile64.png","mediumIconUrl":"/img/icon/profile32.png","smallIconUrl":"/img/icon/profile16.png","svgIconUrl":null},"reference":{"id":"00550000005d7KnAAI","url":"/services/data/v34.0/chatter/users/00550000005d7KnAAI"},"text":"Test User","type":"EntityLink"},{"text":" likes this.","type":"Text"}],"text":"Test User likes this."},"myLike":null,"page":{"currentPageToken":0,"currentPageUrl":"/services/data/v34.0/chatter/feed-elements/0D55000003LmBsDCAV/capabilities/chatter-likes/items","items":[{"id":"0I050000001eN0WCAU","likedItem":{"id":"0D55000003LmBsDCAV","url":"/services/data/v34.0/chatter/feed-elements/0D55000003LmBsDCAV"},"url":"/services/data/v34.0/chatter/likes/0I050000001eN0WCAU","user":{"additionalLabel":null,"communityNickname":"jrattanpal","companyName":null,"displayName":"Test User","firstName":"Test","id":"00550000005d7KnAAI","isActive":true,"isInThisCommunity":true,"lastName":"User","motif":{"color":"65CAE4","largeIconUrl":"/img/icon/profile64.png","mediumIconUrl":"/img/icon/profile32.png","smallIconUrl":"/img/icon/profile16.png","svgIconUrl":null},"mySubscription":{"id":"0E85000000Dvxc2CAB","url":"/services/data/v34.0/chatter/subscriptions/0E85000000Dvxc2CAB"},"name":"Test User","photo":{"fullEmailPhotoUrl":"https://bfffollow-dev-ed.my.salesforce.com/img/userprofile/default_profile_200.png?fromEmail=1","largePhotoUrl":"https://bfffollow-dev-ed--c.na3.content.force.com/profilephoto/005/F","photoVersionId":null,"smallPhotoUrl":"https://bfffollow-dev-ed--c.na3.content.force.com/profilephoto/005/T","standardEmailPhotoUrl":"https://bfffollow-dev-ed.my.salesforce.com/img/userprofile/default_profile_45.png?fromEmail=1","url":"/services/data/v34.0/chatter/users/00550000005d7KnAAI/photo"},"reputation":null,"title":null,"type":"User","url":"/services/data/v34.0/chatter/users/00550000005d7KnAAI","userType":"Internal"}}],"nextPageToken":null,"nextPageUrl":null,"previousPageToken":null,"previousPageUrl":null,"total":1}},"comments":{"page":{"currentPageToken":null,"currentPageUrl":"/services/data/v34.0/chatter/feed-elements/0D55000003LmBsDCAV/capabilities/comments/items","items":[{"body":{"messageSegments":[{"text":"Test","type":"Text"}],"text":"Test"},"capabilities":{},"clientInfo":null,"createdDate":"2016-07-21T14:45:26.000Z","feedElement":{"id":"0D55000003LmBsDCAV","url":"/services/data/v34.0/chatter/feed-elements/0D55000003LmBsDCAV"},"id":"0D750000002KRgUCAW","isDeleteRestricted":false,"likes":{"currentPageToken":null,"currentPageUrl":"/services/data/v34.0/chatter/comments/0D750000002KRgUCAW/likes","items":[],"nextPageToken":null,"nextPageUrl":null,"previousPageToken":null,"previousPageUrl":null,"total":0},"likesMessage":null,"moderationFlags":null,"myLike":null,"parent":{"id":"00550000005cg71AAA","url":"/services/data/v34.0/chatter/users/00550000005cg71AAA"},"relativeCreatedDate":"10h ago","type":"TextComment","url":"/services/data/v34.0/chatter/comments/0D750000002KRgUCAW","user":{"additionalLabel":null,"communityNickname":"jrattanpal","companyName":null,"displayName":"Test User","firstName":"Test","id":"00550000005d7KnAAI","isActive":true,"isInThisCommunity":true,"lastName":"User","motif":{"color":"65CAE4","largeIconUrl":"/img/icon/profile64.png","mediumIconUrl":"/img/icon/profile32.png","smallIconUrl":"/img/icon/profile16.png","svgIconUrl":null},"mySubscription":{"id":"0E85000000Dvxc2CAB","url":"/services/data/v34.0/chatter/subscriptions/0E85000000Dvxc2CAB"},"name":"Test User","photo":{"fullEmailPhotoUrl":"https://bfffollow-dev-ed.my.salesforce.com/img/userprofile/default_profile_200.png?fromEmail=1","largePhotoUrl":"https://bfffollow-dev-ed--c.na3.content.force.com/profilephoto/005/F","photoVersionId":null,"smallPhotoUrl":"https://bfffollow-dev-ed--c.na3.content.force.com/profilephoto/005/T","standardEmailPhotoUrl":"https://bfffollow-dev-ed.my.salesforce.com/img/userprofile/default_profile_45.png?fromEmail=1","url":"/services/data/v34.0/chatter/users/00550000005d7KnAAI/photo"},"reputation":null,"title":null,"type":"User","url":"/services/data/v34.0/chatter/users/00550000005d7KnAAI","userType":"Internal"}},{"body":{"messageSegments":[{"accessible":true,"name":"Test User","record":{"additionalLabel":null,"communityNickname":"jrattanpal","companyName":null,"displayName":"Test User","firstName":"Test","id":"00550000005d7KnAAI","isActive":true,"isInThisCommunity":true,"lastName":"User","motif":{"color":"65CAE4","largeIconUrl":"/img/icon/profile64.png","mediumIconUrl":"/img/icon/profile32.png","smallIconUrl":"/img/icon/profile16.png","svgIconUrl":null},"mySubscription":{"id":"0E85000000Dvxc2CAB","url":"/services/data/v34.0/chatter/subscriptions/0E85000000Dvxc2CAB"},"name":"Test User","photo":{"fullEmailPhotoUrl":"https://bfffollow-dev-ed.my.salesforce.com/img/userprofile/default_profile_200.png?fromEmail=1","largePhotoUrl":"https://bfffollow-dev-ed--c.na3.content.force.com/profilephoto/005/F","photoVersionId":null,"smallPhotoUrl":"https://bfffollow-dev-ed--c.na3.content.force.com/profilephoto/005/T","standardEmailPhotoUrl":"https://bfffollow-dev-ed.my.salesforce.com/img/userprofile/default_profile_45.png?fromEmail=1","url":"/services/data/v34.0/chatter/users/00550000005d7KnAAI/photo"},"reputation":null,"title":null,"type":"User","url":"/services/data/v34.0/chatter/users/00550000005d7KnAAI","userType":"Internal"},"text":"@Test User","type":"Mention"}],"text":"@Test User"},"capabilities":{},"clientInfo":null,"createdDate":"2016-07-21T14:45:59.000Z","feedElement":{"id":"0D55000003LmBsDCAV","url":"/services/data/v34.0/chatter/feed-elements/0D55000003LmBsDCAV"},"id":"0D750000002KRl0CAG","isDeleteRestricted":false,"likes":{"currentPageToken":null,"currentPageUrl":"/services/data/v34.0/chatter/comments/0D750000002KRl0CAG/likes","items":[],"nextPageToken":null,"nextPageUrl":null,"previousPageToken":null,"previousPageUrl":null,"total":0},"likesMessage":null,"moderationFlags":null,"myLike":null,"parent":{"id":"00550000005cg71AAA","url":"/services/data/v34.0/chatter/users/00550000005cg71AAA"},"relativeCreatedDate":"10h ago","type":"TextComment","url":"/services/data/v34.0/chatter/comments/0D750000002KRl0CAG","user":{"additionalLabel":null,"communityNickname":"bfffollow1.4689653052892656E12","companyName":"BFFFollow","displayName":"Jaswinder Rattanpal","firstName":"Jaswinder","id":"00550000005cg71AAA","isActive":true,"isInThisCommunity":true,"lastName":"Rattanpal","motif":{"color":"65CAE4","largeIconUrl":"/img/icon/profile64.png","mediumIconUrl":"/img/icon/profile32.png","smallIconUrl":"/img/icon/profile16.png","svgIconUrl":null},"mySubscription":null,"name":"Jaswinder Rattanpal","photo":{"fullEmailPhotoUrl":"https://bfffollow-dev-ed.my.salesforce.com/img/userprofile/default_profile_200.png?fromEmail=1","largePhotoUrl":"https://bfffollow-dev-ed--c.na3.content.force.com/profilephoto/005/F","photoVersionId":null,"smallPhotoUrl":"https://bfffollow-dev-ed--c.na3.content.force.com/profilephoto/005/T","standardEmailPhotoUrl":"https://bfffollow-dev-ed.my.salesforce.com/img/userprofile/default_profile_45.png?fromEmail=1","url":"/services/data/v34.0/chatter/users/00550000005cg71AAA/photo"},"reputation":null,"title":null,"type":"User","url":"/services/data/v34.0/chatter/users/00550000005cg71AAA","userType":"Internal"}}],"nextPageToken":null,"nextPageUrl":null,"total":2}},"topics":{"canAssignTopics":true,"items":[]}},"clientInfo":null,"createdDate":"2016-07-21T04:33:49.000Z","event":false,"feedElementType":"FeedItem","header":{"messageSegments":[{"motif":{"color":"65CAE4","largeIconUrl":"/img/icon/profile64.png","mediumIconUrl":"/img/icon/profile32.png","smallIconUrl":"/img/icon/profile16.png","svgIconUrl":null},"reference":{"id":"00550000005cg71AAA","url":"/services/data/v34.0/chatter/users/00550000005cg71AAA"},"text":"Jaswinder Rattanpal","type":"EntityLink"}],"text":"Jaswinder Rattanpal"},"id":"0D55000003LmBsDCAV","isDeleteRestricted":false,"modifiedDate":"2016-07-21T14:45:59.000Z","originalFeedItem":null,"originalFeedItemActor":null,"parent":{"additionalLabel":null,"communityNickname":"bfffollow1.4689653052892656E12","companyName":"BFFFollow","displayName":"Jaswinder Rattanpal","firstName":"Jaswinder","id":"00550000005cg71AAA","isActive":true,"isInThisCommunity":true,"lastName":"Rattanpal","motif":{"color":"65CAE4","largeIconUrl":"/img/icon/profile64.png","mediumIconUrl":"/img/icon/profile32.png","smallIconUrl":"/img/icon/profile16.png","svgIconUrl":null},"mySubscription":null,"name":"Jaswinder Rattanpal","photo":{"fullEmailPhotoUrl":"https://bfffollow-dev-ed.my.salesforce.com/img/userprofile/default_profile_200.png?fromEmail=1","largePhotoUrl":"https://bfffollow-dev-ed--c.na3.content.force.com/profilephoto/005/F","photoVersionId":null,"smallPhotoUrl":"https://bfffollow-dev-ed--c.na3.content.force.com/profilephoto/005/T","standardEmailPhotoUrl":"https://bfffollow-dev-ed.my.salesforce.com/img/userprofile/default_profile_45.png?fromEmail=1","url":"/services/data/v34.0/chatter/users/00550000005cg71AAA/photo"},"reputation":null,"title":null,"type":"User","url":"/services/data/v34.0/chatter/users/00550000005cg71AAA","userType":"Internal"},"photoUrl":"https://bfffollow-dev-ed--c.na3.content.force.com/profilephoto/005/T","relativeCreatedDate":"20h ago","type":"TextPost","url":"/services/data/v34.0/chatter/feed-elements/0D55000003LmBsDCAV","visibility":"AllUsers"},{"actor":{"additionalLabel":null,"communityNickname":"bfffollow1.4689653052892656E12","companyName":"BFFFollow","displayName":"Jaswinder Rattanpal","firstName":"Jaswinder","id":"00550000005cg71AAA","isActive":true,"isInThisCommunity":true,"lastName":"Rattanpal","motif":{"color":"65CAE4","largeIconUrl":"/img/icon/profile64.png","mediumIconUrl":"/img/icon/profile32.png","smallIconUrl":"/img/icon/profile16.png","svgIconUrl":null},"mySubscription":null,"name":"Jaswinder Rattanpal","photo":{"fullEmailPhotoUrl":"https://bfffollow-dev-ed.my.salesforce.com/img/userprofile/default_profile_200.png?fromEmail=1","largePhotoUrl":"https://bfffollow-dev-ed--c.na3.content.force.com/profilephoto/005/F","photoVersionId":null,"smallPhotoUrl":"https://bfffollow-dev-ed--c.na3.content.force.com/profilephoto/005/T","standardEmailPhotoUrl":"https://bfffollow-dev-ed.my.salesforce.com/img/userprofile/default_profile_45.png?fromEmail=1","url":"/services/data/v34.0/chatter/users/00550000005cg71AAA/photo"},"reputation":null,"title":null,"type":"User","url":"/services/data/v34.0/chatter/users/00550000005cg71AAA","userType":"Internal"},"body":{"messageSegments":[],"text":null},"canShare":false,"capabilities":{"associatedActions":{"platformActionGroups":[]},"bookmarks":{"isBookmarkedByCurrentUser":false},"chatterLikes":{"isLikedByCurrentUser":false,"likesMessage":null,"myLike":null,"page":{"currentPageToken":0,"currentPageUrl":"/services/data/v34.0/chatter/feed-elements/0D55000003LmBs8CAF/capabilities/chatter-likes/items","items":[],"nextPageToken":null,"nextPageUrl":null,"previousPageToken":null,"previousPageUrl":null,"total":0}},"comments":{"page":{"currentPageToken":null,"currentPageUrl":"/services/data/v34.0/chatter/feed-elements/0D55000003LmBs8CAF/capabilities/comments/items","items":[],"nextPageToken":null,"nextPageUrl":null,"total":0}},"topics":{"canAssignTopics":true,"items":[]}},"clientInfo":null,"createdDate":"2016-07-21T04:33:42.000Z","event":false,"feedElementType":"FeedItem","header":{"messageSegments":[{"motif":{"color":"65CAE4","largeIconUrl":"/img/icon/profile64.png","mediumIconUrl":"/img/icon/profile32.png","smallIconUrl":"/img/icon/profile16.png","svgIconUrl":null},"reference":{"id":"00550000005cg71AAA","url":"/services/data/v34.0/chatter/users/00550000005cg71AAA"},"text":"Jaswinder Rattanpal","type":"EntityLink"},{"text":" created the public group ","type":"Text"},{"motif":{"color":"83B6FF","largeIconUrl":"/img/icon/groups64.png","mediumIconUrl":"/img/icon/groups32.png","smallIconUrl":"/img/icon/groups16.png","svgIconUrl":null},"reference":{"id":"0F950000000YJ5jCAG","url":"/services/data/v34.0/chatter/groups/0F950000000YJ5jCAG"},"text":"All BFFFollow","type":"EntityLink"},{"text":".","type":"Text"}],"text":"Jaswinder Rattanpal created the public group All BFFFollow."},"id":"0D55000003LmBs8CAF","isDeleteRestricted":true,"modifiedDate":"2016-07-21T04:33:42.000Z","originalFeedItem":null,"originalFeedItemActor":null,"parent":{"additionalLabel":null,"communityNickname":"bfffollow1.4689653052892656E12","companyName":"BFFFollow","displayName":"Jaswinder Rattanpal","firstName":"Jaswinder","id":"00550000005cg71AAA","isActive":true,"isInThisCommunity":true,"lastName":"Rattanpal","motif":{"color":"65CAE4","largeIconUrl":"/img/icon/profile64.png","mediumIconUrl":"/img/icon/profile32.png","smallIconUrl":"/img/icon/profile16.png","svgIconUrl":null},"mySubscription":null,"name":"Jaswinder Rattanpal","photo":{"fullEmailPhotoUrl":"https://bfffollow-dev-ed.my.salesforce.com/img/userprofile/default_profile_200.png?fromEmail=1","largePhotoUrl":"https://bfffollow-dev-ed--c.na3.content.force.com/profilephoto/005/F","photoVersionId":null,"smallPhotoUrl":"https://bfffollow-dev-ed--c.na3.content.force.com/profilephoto/005/T","standardEmailPhotoUrl":"https://bfffollow-dev-ed.my.salesforce.com/img/userprofile/default_profile_45.png?fromEmail=1","url":"/services/data/v34.0/chatter/users/00550000005cg71AAA/photo"},"reputation":null,"title":null,"type":"User","url":"/services/data/v34.0/chatter/users/00550000005cg71AAA","userType":"Internal"},"photoUrl":"https://bfffollow-dev-ed--c.na3.content.force.com/profilephoto/005/T","relativeCreatedDate":"20h ago","type":"CollaborationGroupCreated","url":"/services/data/v34.0/chatter/feed-elements/0D55000003LmBs8CAF","visibility":"AllUsers"}],"isModifiedToken":null,"isModifiedUrl":null,"nextPageToken":null,"nextPageUrl":null,"updatesToken":null,"updatesUrl":null}, outputFlag=true, records=null]
21:10:17.0 (307606150)|METHOD_EXIT|[9]|01p50000002D8iw|BFFFollow_Controller.process(ETLC_ApexBridge_Data)
21:10:17.0 (307610948)|STATEMENT_EXECUTE|[24]
21:10:17.0 (307631665)|METHOD_ENTRY|[24]|01p50000002CIEo|ETLC_ApexBridge_Data.toJSON()
21:10:17.0 (307648780)|VARIABLE_SCOPE_BEGIN|[57]|this|ETLC_ApexBridge_Data|true|false
21:10:17.0 (307681931)|VARIABLE_ASSIGNMENT|[57]|this|{"debug":true,"input":"{\"mode\":\"fetchUserFe (34 more) ...","operation":"BFFFollow_Controller","output":"{\"currentPageToken\": (15407 more) ...","outputFlag":true}|0x5afb1ff
21:10:17.0 (307688207)|STATEMENT_EXECUTE|[57]
21:10:17.0 (307689430)|STATEMENT_EXECUTE|[58]
21:10:17.0 (307705607)|METHOD_ENTRY|[58]||System.JSON.serialize(Object)
21:10:17.0 (307806098)|STATEMENT_EXECUTE|[22]
21:10:17.0 (307810257)|STATEMENT_EXECUTE|[23]
21:10:17.0 (307819171)|HEAP_ALLOCATE|[23]|Bytes:5
21:10:17.0 (307828634)|VARIABLE_ASSIGNMENT|[23]|this.isSuccess|true|0x5afb1ff
21:10:17.0 (307831076)|STATEMENT_EXECUTE|[24]
21:10:17.0 (307872512)|STATEMENT_EXECUTE|[31]
21:10:17.0 (307876229)|STATEMENT_EXECUTE|[32]
21:10:17.0 (307972079)|HEAP_ALLOCATE|[32]|Bytes:4
21:10:17.0 (308042421)|VARIABLE_ASSIGNMENT|[32]|this.messages|{"s":1,"v":{}}|0x5afb1ff
21:10:17.0 (308047447)|STATEMENT_EXECUTE|[33]
21:10:17.0 (308533018)|METHOD_EXIT|[58]||System.JSON.serialize(Object)
21:10:17.0 (308540358)|METHOD_EXIT|[24]|01p50000002CIEo|ETLC_ApexBridge_Data.toJSON()
21:10:17.0 (308549882)|SYSTEM_MODE_EXIT|false
21:10:17.308 (308604449)|CUMULATIVE_LIMIT_USAGE
21:10:17.308 (308604449)|LIMIT_USAGE_FOR_NS|(default)|
  Number of SOQL queries: 0 out of 100
  Number of query rows: 0 out of 50000
  Number of SOSL queries: 0 out of 20
  Number of DML statements: 0 out of 150
  Number of DML rows: 0 out of 10000
  Maximum CPU time: 146 out of 10000
  Maximum heap size: 0 out of 6000000
  Number of callouts: 0 out of 100
  Number of Email Invocations: 0 out of 10
  Number of future calls: 0 out of 50
  Number of queueable jobs added to the queue: 0 out of 50
  Number of Mobile Apex push calls: 0 out of 10

21:10:17.308 (308604449)|CUMULATIVE_LIMIT_USAGE_END

21:10:17.0 (308667526)|CODE_UNIT_FINISHED|ETLC_ApexBridge_Controller.execute
