37.0 APEX_CODE,FINEST;APEX_PROFILING,INFO;CALLOUT,INFO;DB,INFO;SYSTEM,DEBUG;VALIDATION,INFO;VISUALFORCE,INFO;WORKFLOW,INFO
10:37:52.0 (121367)|USER_INFO|[EXTERNAL]|00550000005cg71|bfffollow@jr.te|Eastern Standard Time|GMT-04:00
10:37:52.0 (146213)|EXECUTION_STARTED
10:37:52.0 (149237)|CODE_UNIT_STARTED|[EXTERNAL]|aura
10:37:52.0 (476730)|HEAP_ALLOCATE|[72]|Bytes:3
10:37:52.0 (509298)|HEAP_ALLOCATE|[77]|Bytes:152
10:37:52.0 (527267)|HEAP_ALLOCATE|[342]|Bytes:408
10:37:52.0 (554514)|HEAP_ALLOCATE|[355]|Bytes:408
10:37:52.0 (582295)|HEAP_ALLOCATE|[467]|Bytes:48
10:37:52.0 (616317)|HEAP_ALLOCATE|[139]|Bytes:6
10:37:52.0 (649727)|HEAP_ALLOCATE|[EXTERNAL]|Bytes:7
10:37:52.0 (668220)|HEAP_ALLOCATE|[EXTERNAL]|Bytes:7
10:37:52.0 (1744884)|CODE_UNIT_STARTED|[EXTERNAL]|01p50000002CPgK|InputLookupController.getCurrentValue
10:37:52.0 (2240655)|HEAP_ALLOCATE|[EXTERNAL]|Bytes:12
10:37:52.0 (2252007)|HEAP_ALLOCATE|[EXTERNAL]|Bytes:7
10:37:52.0 (2257909)|HEAP_ALLOCATE|[EXTERNAL]|Bytes:5
10:37:52.0 (2269562)|METHOD_ENTRY|[1]|01p50000002CPgK|InputLookupController.InputLookupController()
10:37:52.0 (2273990)|STATEMENT_EXECUTE|[1]
10:37:52.0 (2279545)|STATEMENT_EXECUTE|[1]
10:37:52.0 (2281938)|STATEMENT_EXECUTE|[41]
10:37:52.0 (2290417)|METHOD_EXIT|[1]|InputLookupController
10:37:52.0 (2297474)|HEAP_ALLOCATE|[EXTERNAL]|Bytes:7
10:37:52.0 (2308089)|SYSTEM_MODE_ENTER|false
10:37:52.0 (2321445)|VARIABLE_SCOPE_BEGIN|[7]|type|String|false|false
10:37:52.0 (2354554)|VARIABLE_ASSIGNMENT|[7]|type|"Contact"
10:37:52.0 (2363533)|VARIABLE_SCOPE_BEGIN|[7]|value|String|false|false
10:37:52.0 (2370713)|VARIABLE_ASSIGNMENT|[7]|value|null
10:37:52.0 (2384175)|STATEMENT_EXECUTE|[7]
10:37:52.0 (2496305)|HEAP_ALLOCATE|[50]|Bytes:5
10:37:52.0 (2527002)|HEAP_ALLOCATE|[56]|Bytes:5
10:37:52.0 (2545977)|HEAP_ALLOCATE|[64]|Bytes:7
10:37:52.0 (2568313)|STATEMENT_EXECUTE|[8]
10:37:52.0 (2579965)|STATEMENT_EXECUTE|[12]
10:37:52.0 (2601914)|VARIABLE_SCOPE_BEGIN|[12]|lookupId|Id|false|false
10:37:52.0 (2612879)|VARIABLE_ASSIGNMENT|[12]|lookupId|null
10:37:52.0 (2617278)|STATEMENT_EXECUTE|[13]
10:37:52.0 (2619502)|STATEMENT_EXECUTE|[13]
10:37:52.0 (2621027)|STATEMENT_EXECUTE|[14]
10:37:52.0 (2640070)|VARIABLE_ASSIGNMENT|[14]|lookupId|null
10:37:52.0 (2701818)|STATEMENT_EXECUTE|[19]
10:37:52.0 (2705518)|STATEMENT_EXECUTE|[20]
10:37:52.0 (2724971)|SYSTEM_MODE_EXIT|false
10:37:52.2 (2781991)|CUMULATIVE_LIMIT_USAGE
10:37:52.2 (2781991)|LIMIT_USAGE_FOR_NS|(default)|
  Number of SOQL queries: 0 out of 100
  Number of query rows: 0 out of 50000
  Number of SOSL queries: 0 out of 20
  Number of DML statements: 0 out of 150
  Number of DML rows: 0 out of 10000
  Maximum CPU time: 0 out of 10000
  Maximum heap size: 0 out of 6000000
  Number of callouts: 0 out of 100
  Number of Email Invocations: 0 out of 10
  Number of future calls: 0 out of 50
  Number of queueable jobs added to the queue: 0 out of 50
  Number of Mobile Apex push calls: 0 out of 10

10:37:52.2 (2781991)|CUMULATIVE_LIMIT_USAGE_END

10:37:52.0 (2834066)|CODE_UNIT_FINISHED|InputLookupController.getCurrentValue
