37.0 APEX_CODE,FINEST;APEX_PROFILING,INFO;CALLOUT,INFO;DB,INFO;SYSTEM,DEBUG;VALIDATION,INFO;VISUALFORCE,INFO;WORKFLOW,INFO
10:38:45.0 (538245)|USER_INFO|[EXTERNAL]|00550000005cg71|bfffollow@jr.te|Eastern Standard Time|GMT-04:00
10:38:45.0 (575039)|EXECUTION_STARTED
10:38:45.0 (578960)|CODE_UNIT_STARTED|[EXTERNAL]|aura
10:38:45.0 (942637)|HEAP_ALLOCATE|[72]|Bytes:3
10:38:45.0 (998958)|HEAP_ALLOCATE|[77]|Bytes:152
10:38:45.0 (1020547)|HEAP_ALLOCATE|[342]|Bytes:408
10:38:45.0 (1039213)|HEAP_ALLOCATE|[355]|Bytes:408
10:38:45.0 (1057617)|HEAP_ALLOCATE|[467]|Bytes:48
10:38:45.0 (1087917)|HEAP_ALLOCATE|[139]|Bytes:6
10:38:45.0 (1114880)|HEAP_ALLOCATE|[EXTERNAL]|Bytes:123
10:38:45.0 (1136190)|HEAP_ALLOCATE|[EXTERNAL]|Bytes:123
10:38:45.0 (2355656)|CODE_UNIT_STARTED|[EXTERNAL]|01p50000002CIEm|ETLC_ApexBridge_Controller.execute
10:38:45.0 (2510878)|HEAP_ALLOCATE|[EXTERNAL]|Bytes:1
10:38:45.0 (2516650)|HEAP_ALLOCATE|[EXTERNAL]|Bytes:10
10:38:45.0 (2533008)|METHOD_ENTRY|[1]|01p50000002CIEm|ETLC_ApexBridge_Controller.ETLC_ApexBridge_Controller()
10:38:45.0 (2537208)|STATEMENT_EXECUTE|[1]
10:38:45.0 (2542967)|STATEMENT_EXECUTE|[1]
10:38:45.0 (2550148)|METHOD_EXIT|[1]|ETLC_ApexBridge_Controller
10:38:45.0 (2554517)|HEAP_ALLOCATE|[EXTERNAL]|Bytes:123
10:38:45.0 (2567742)|SYSTEM_MODE_ENTER|false
10:38:45.0 (2577086)|VARIABLE_SCOPE_BEGIN|[3]|dataJson|String|false|false
10:38:45.0 (2618095)|VARIABLE_ASSIGNMENT|[3]|dataJson|"{\"operation\":\"BFFFol (103 more) ..."
10:38:45.0 (2634054)|STATEMENT_EXECUTE|[3]
10:38:45.0 (2637195)|STATEMENT_EXECUTE|[4]
10:38:45.0 (3524106)|VARIABLE_SCOPE_BEGIN|[4]|data|ETLC_ApexBridge_Data|true|false
10:38:45.0 (3541541)|VARIABLE_ASSIGNMENT|[4]|data|null|
10:38:45.0 (3546355)|STATEMENT_EXECUTE|[5]
10:38:45.0 (3548623)|STATEMENT_EXECUTE|[5]
10:38:45.0 (3550220)|STATEMENT_EXECUTE|[6]
10:38:45.0 (3574745)|HEAP_ALLOCATE|[6]|Bytes:11
10:38:45.0 (3586176)|HEAP_ALLOCATE|[6]|Bytes:248
10:38:45.0 (3592414)|HEAP_ALLOCATE|[6]|Bytes:39
10:38:45.0 (3633796)|METHOD_ENTRY|[2]|01p50000002CIEo|ETLC_ApexBridge_Data.ETLC_ApexBridge_Data()
10:38:45.0 (3639905)|STATEMENT_EXECUTE|[2]
10:38:45.0 (3645442)|STATEMENT_EXECUTE|[2]
10:38:45.0 (3655916)|METHOD_EXIT|[2]|ETLC_ApexBridge_Data
10:38:45.0 (3677367)|METHOD_ENTRY|[6]|01p50000002CIEo|ETLC_ApexBridge_Data.fromJSON(String)
10:38:45.0 (3715226)|VARIABLE_SCOPE_BEGIN|[60]|strJson|String|false|false
10:38:45.0 (3730751)|VARIABLE_ASSIGNMENT|[60]|strJson|"{\"operation\":\"BFFFol (103 more) ..."
10:38:45.0 (3743660)|STATEMENT_EXECUTE|[60]
10:38:45.0 (3746818)|STATEMENT_EXECUTE|[61]
10:38:45.0 (3759995)|HEAP_ALLOCATE|[61]|Bytes:20
10:38:45.0 (3791090)|HEAP_ALLOCATE|[50]|Bytes:5
10:38:45.0 (3833056)|HEAP_ALLOCATE|[56]|Bytes:5
10:38:45.0 (3852183)|HEAP_ALLOCATE|[64]|Bytes:7
10:38:45.0 (4019888)|HEAP_ALLOCATE|[61]|Bytes:24
10:38:45.0 (4041258)|SYSTEM_METHOD_ENTRY|[1]|Type.Type()
10:38:45.0 (4046170)|STATEMENT_EXECUTE|[1]
10:38:45.0 (4080242)|SYSTEM_METHOD_EXIT|[1]|Type
10:38:45.0 (4091135)|HEAP_ALLOCATE|[61]|Bytes:8
10:38:45.0 (4126325)|HEAP_ALLOCATE|[61]|Bytes:8
10:38:45.0 (4135850)|VARIABLE_SCOPE_BEGIN|[4]|this|System.Type|true|false
10:38:45.0 (4186862)|VARIABLE_ASSIGNMENT|[4]|this|{}|0x73cd9999
10:38:45.0 (4194477)|VARIABLE_SCOPE_BEGIN|[4]|apextype|java:common.apex.runtime.ApexObjectType|true|false
10:38:45.0 (4366005)|VARIABLE_ASSIGNMENT|[4]|apextype|"ETLC_ApexBridge_Data"|0x6f1979eb
10:38:45.0 (4463135)|HEAP_ALLOCATE|[61]|Bytes:8
10:38:45.0 (4515078)|HEAP_ALLOCATE|[61]|Bytes:24
10:38:45.0 (4533649)|SYSTEM_METHOD_ENTRY|[1]|JSON.JSON()
10:38:45.0 (4544064)|STATEMENT_EXECUTE|[1]
10:38:45.0 (4559159)|SYSTEM_METHOD_EXIT|[1]|JSON
10:38:45.0 (4580537)|METHOD_ENTRY|[61]||System.JSON.deserializeStrict(String, System.Type)
10:38:45.0 (4993943)|METHOD_EXIT|[61]||System.JSON.deserializeStrict(String, System.Type)
10:38:45.0 (5012410)|METHOD_EXIT|[6]|01p50000002CIEo|ETLC_ApexBridge_Data.fromJSON(String)
10:38:45.0 (5066569)|VARIABLE_ASSIGNMENT|[6]|data|{"debug":false,"input":"{\"mode\":\"fetchUserFe (34 more) ...","operation":"BFFFollow_Controller"}|0x7eee6d19
10:38:45.0 (5074283)|STATEMENT_EXECUTE|[7]
10:38:45.0 (5094365)|HEAP_ALLOCATE|[7]|Bytes:6
10:38:45.0 (5206124)|HEAP_ALLOCATE|[7]|Bytes:203
10:38:45.0 (5248340)|HEAP_ALLOCATE|[7]|Bytes:209
10:38:45.0 (5280540)|USER_DEBUG|[7]|DEBUG|data::ETLC_ApexBridge_Data:[debug=false, input={"mode":"fetchUserFeed","userId":"00550000005d7KnAAI"}, isSuccess=null, messages=null, operation=BFFFollow_Controller, output=null, outputFlag=null, records=null]
10:38:45.0 (5298840)|STATEMENT_EXECUTE|[8]
10:38:45.0 (5391864)|VARIABLE_ASSIGNMENT|[EXTERNAL]|this|{"debug":false,"input":"{\"mode\":\"fetchUserFe (34 more) ...","operation":"BFFFollow_Controller"}|0x7eee6d19
10:38:45.0 (5421086)|METHOD_ENTRY|[8]||System.Type.forName(String)
10:38:45.0 (6285572)|METHOD_EXIT|[8]||System.Type.forName(String)
10:38:45.0 (6304621)|METHOD_ENTRY|[8]||System.Type.newInstance()
10:38:45.0 (7027475)|STATEMENT_EXECUTE|[1]
10:38:45.0 (7046583)|HEAP_ALLOCATE|[33]|Bytes:5
10:38:45.0 (7067639)|METHOD_EXIT|[1]|BFFFollow_Controller
10:38:45.0 (7077802)|HEAP_ALLOCATE|[33]|Bytes:4
10:38:45.0 (7086200)|VARIABLE_SCOPE_BEGIN|[1]|this|BFFFollow_Controller|true|false
10:38:45.0 (7112778)|VARIABLE_ASSIGNMENT|[1]|this|{}|0x1c1ade16
10:38:45.0 (7127070)|HEAP_ALLOCATE|[33]|Bytes:5
10:38:45.0 (7142156)|HEAP_ALLOCATE|[33]|Bytes:11
10:38:45.0 (7160899)|METHOD_ENTRY|[1]|01p50000002CIEj|ETLC_ApexBridge_Abstract.ETLC_ApexBridge_Abstract()
10:38:45.0 (7165902)|STATEMENT_EXECUTE|[1]
10:38:45.0 (7171427)|STATEMENT_EXECUTE|[1]
10:38:45.0 (7182954)|METHOD_EXIT|[1]|ETLC_ApexBridge_Abstract
10:38:45.0 (7193932)|CONSTRUCTOR_ENTRY|[EXTERNAL]|01p50000002CIEj|<init>()
10:38:45.0 (7203665)|VARIABLE_SCOPE_BEGIN|[1]|this|ETLC_ApexBridge_Abstract|true|false
10:38:45.0 (7226780)|VARIABLE_ASSIGNMENT|[1]|this|{}|0x1c1ade16
10:38:45.0 (7251695)|STATEMENT_EXECUTE|[1]
10:38:45.0 (7267251)|CONSTRUCTOR_EXIT|[EXTERNAL]|01p50000002CIEj|<init>()
10:38:45.0 (7278130)|STATEMENT_EXECUTE|[1]
10:38:45.0 (7285676)|HEAP_ALLOCATE|[33]|Bytes:5
10:38:45.0 (7315386)|METHOD_EXIT|[8]||System.Type.newInstance()
10:38:45.0 (7328531)|VARIABLE_SCOPE_BEGIN|[8]|executor|ETLC_ApexBridge_Abstract|true|false
10:38:45.0 (7351240)|VARIABLE_ASSIGNMENT|[8]|executor|{}|0x1c1ade16
10:38:45.0 (7356957)|STATEMENT_EXECUTE|[9]
10:38:45.0 (7389074)|METHOD_ENTRY|[9]|01p50000002D8iw|BFFFollow_Controller.process(ETLC_ApexBridge_Data)
10:38:45.0 (7412708)|VARIABLE_SCOPE_BEGIN|[3]|this|BFFFollow_Controller|true|false
10:38:45.0 (7434806)|VARIABLE_ASSIGNMENT|[3]|this|{}|0x1c1ade16
10:38:45.0 (7440588)|VARIABLE_SCOPE_BEGIN|[3]|data|ETLC_ApexBridge_Data|true|false
10:38:45.0 (7480476)|VARIABLE_ASSIGNMENT|[3]|data|{"debug":false,"input":"{\"mode\":\"fetchUserFe (34 more) ...","operation":"BFFFollow_Controller"}|0x7eee6d19
10:38:45.0 (7495210)|HEAP_ALLOCATE|[4]|Bytes:5
10:38:45.0 (7501466)|STATEMENT_EXECUTE|[3]
10:38:45.0 (7503688)|STATEMENT_EXECUTE|[4]
10:38:45.0 (7592662)|VARIABLE_ASSIGNMENT|[EXTERNAL]|this|{"debug":false,"input":"{\"mode\":\"fetchUserFe (34 more) ...","operation":"BFFFollow_Controller"}|0x7eee6d19
10:38:45.0 (7625180)|VARIABLE_ASSIGNMENT|[4]|BFFFollow_Controller.debugFlag|false
10:38:45.0 (7706271)|VARIABLE_ASSIGNMENT|[EXTERNAL]|this|{"debug":false,"input":"{\"mode\":\"fetchUserFe (34 more) ...","operation":"BFFFollow_Controller"}|0x7eee6d19
10:38:45.0 (7727724)|STATEMENT_EXECUTE|[5]
10:38:45.0 (7737592)|STATEMENT_EXECUTE|[7]
10:38:45.0 (7752762)|HEAP_ALLOCATE|[7]|Bytes:4
10:38:45.0 (7773945)|METHOD_ENTRY|[7]|01p50000002CIEo|ETLC_ApexBridge_Data.getInputValue(String)
10:38:45.0 (7794550)|VARIABLE_SCOPE_BEGIN|[52]|this|ETLC_ApexBridge_Data|true|false
10:38:45.0 (7841769)|VARIABLE_ASSIGNMENT|[52]|this|{"debug":false,"input":"{\"mode\":\"fetchUserFe (34 more) ...","operation":"BFFFollow_Controller"}|0x7eee6d19
10:38:45.0 (7848825)|VARIABLE_SCOPE_BEGIN|[52]|key|String|false|false
10:38:45.0 (7855409)|VARIABLE_ASSIGNMENT|[52]|key|"mode"
10:38:45.0 (7861849)|STATEMENT_EXECUTE|[52]
10:38:45.0 (7864155)|STATEMENT_EXECUTE|[53]
10:38:45.0 (7949601)|VARIABLE_ASSIGNMENT|[EXTERNAL]|this|{"debug":false,"input":"{\"mode\":\"fetchUserFe (34 more) ...","operation":"BFFFollow_Controller"}|0x7eee6d19
10:38:45.0 (7979021)|METHOD_ENTRY|[53]||System.JSON.deserializeUntyped(String)
10:38:45.0 (8364172)|METHOD_EXIT|[53]||System.JSON.deserializeUntyped(String)
10:38:45.0 (8385017)|VARIABLE_SCOPE_BEGIN|[53]|inputMap|Map<String,ANY>|true|false
10:38:45.0 (8421251)|VARIABLE_ASSIGNMENT|[53]|inputMap|{"s":1,"v":{"mode":"fetchUserFeed","userId":"00550000005d7KnAAI"}}|0x4fa7e66f
10:38:45.0 (8428261)|STATEMENT_EXECUTE|[54]
10:38:45.0 (8505377)|METHOD_EXIT|[7]|01p50000002CIEo|ETLC_ApexBridge_Data.getInputValue(String)
10:38:45.0 (8516768)|VARIABLE_SCOPE_BEGIN|[7]|mode|String|false|false
10:38:45.0 (8529089)|VARIABLE_ASSIGNMENT|[7]|mode|"fetchUserFeed"
10:38:45.0 (8535610)|HEAP_ALLOCATE|[9]|Bytes:18
10:38:45.0 (8580050)|HEAP_ALLOCATE|[12]|Bytes:17
10:38:45.0 (8600400)|HEAP_ALLOCATE|[14]|Bytes:13
10:38:45.0 (8624932)|STATEMENT_EXECUTE|[14]
10:38:45.0 (8628148)|STATEMENT_EXECUTE|[15]
10:38:45.0 (8640532)|HEAP_ALLOCATE|[15]|Bytes:6
10:38:45.0 (8659607)|METHOD_ENTRY|[15]|01p50000002CIEo|ETLC_ApexBridge_Data.getInputValue(String)
10:38:45.0 (8691025)|VARIABLE_SCOPE_BEGIN|[52]|this|ETLC_ApexBridge_Data|true|false
10:38:45.0 (8738429)|VARIABLE_ASSIGNMENT|[52]|this|{"debug":false,"input":"{\"mode\":\"fetchUserFe (34 more) ...","operation":"BFFFollow_Controller"}|0x7eee6d19
10:38:45.0 (8745432)|VARIABLE_SCOPE_BEGIN|[52]|key|String|false|false
10:38:45.0 (8753890)|VARIABLE_ASSIGNMENT|[52]|key|"userId"
10:38:45.0 (8760154)|STATEMENT_EXECUTE|[52]
10:38:45.0 (8762457)|STATEMENT_EXECUTE|[53]
10:38:45.0 (8824744)|VARIABLE_ASSIGNMENT|[EXTERNAL]|this|{"debug":false,"input":"{\"mode\":\"fetchUserFe (34 more) ...","operation":"BFFFollow_Controller"}|0x7eee6d19
10:38:45.0 (8846171)|METHOD_ENTRY|[53]||System.JSON.deserializeUntyped(String)
10:38:45.0 (9044526)|METHOD_EXIT|[53]||System.JSON.deserializeUntyped(String)
10:38:45.0 (9058559)|VARIABLE_SCOPE_BEGIN|[53]|inputMap|Map<String,ANY>|true|false
10:38:45.0 (9085875)|VARIABLE_ASSIGNMENT|[53]|inputMap|{"s":1,"v":{"mode":"fetchUserFeed","userId":"00550000005d7KnAAI"}}|0x154d3117
10:38:45.0 (9092121)|STATEMENT_EXECUTE|[54]
10:38:45.0 (9125002)|METHOD_EXIT|[15]|01p50000002CIEo|ETLC_ApexBridge_Data.getInputValue(String)
10:38:45.0 (9147437)|HEAP_ALLOCATE|[15]|Bytes:4
10:38:45.0 (9173911)|METHOD_ENTRY|[15]|01p50000002D8iw|BFFFollow_Controller.fetchUserFeed(Id)
10:38:45.0 (9188540)|VARIABLE_SCOPE_BEGIN|[68]|this|BFFFollow_Controller|true|false
10:38:45.0 (9215975)|VARIABLE_ASSIGNMENT|[68]|this|{}|0x1c1ade16
10:38:45.0 (9225793)|VARIABLE_SCOPE_BEGIN|[68]|userId|Id|false|false
10:38:45.0 (9336715)|VARIABLE_ASSIGNMENT|[68]|userId|"00550000005d7KnAAI"
10:38:45.0 (9352223)|HEAP_ALLOCATE|[69]|Bytes:5
10:38:45.0 (9359578)|STATEMENT_EXECUTE|[68]
10:38:45.0 (9362403)|STATEMENT_EXECUTE|[69]
10:38:45.0 (9379860)|HEAP_ALLOCATE|[69]|Bytes:7
10:38:45.0 (9430469)|HEAP_ALLOCATE|[69]|Bytes:18
10:38:45.0 (9460892)|HEAP_ALLOCATE|[69]|Bytes:25
10:38:45.0 (9482233)|USER_DEBUG|[69]|DEBUG|userId:00550000005d7KnAAI
10:38:45.0 (9498398)|STATEMENT_EXECUTE|[70]
10:38:45.0 (9501125)|STATEMENT_EXECUTE|[70]
10:38:45.0 (9503018)|STATEMENT_EXECUTE|[71]
10:38:45.0 (9561079)|HEAP_ALLOCATE|[71]|Bytes:24
10:38:45.0 (9581502)|SYSTEM_METHOD_ENTRY|[1]|Network.Network()
10:38:45.0 (9586320)|STATEMENT_EXECUTE|[1]
10:38:45.0 (9601872)|SYSTEM_METHOD_EXIT|[1]|Network
10:38:45.0 (9626360)|METHOD_ENTRY|[71]||System.Network.getNetworkId()
10:38:45.0 (9676732)|METHOD_EXIT|[71]||System.Network.getNetworkId()
10:38:45.0 (10127376)|HEAP_ALLOCATE|[71]|Bytes:18
10:38:45.0 (10180897)|HEAP_ALLOCATE|[71]|Bytes:968
10:38:45.0 (10201524)|SYSTEM_METHOD_ENTRY|[5]|ChatterFeeds.ChatterFeeds()
10:38:45.0 (10206722)|STATEMENT_EXECUTE|[5]
10:38:45.0 (10221395)|SYSTEM_METHOD_EXIT|[5]|ChatterFeeds
10:38:45.0 (10242848)|METHOD_ENTRY|[71]||ConnectApi.ChatterFeeds.getFeedElementsFromFeed(String, ConnectApi.FeedType, String)
10:38:45.0 (317308455)|SYSTEM_METHOD_EXIT|[5]|FeedElementPage
10:38:45.0 (317321203)|HEAP_ALLOCATE|[3649]|Bytes:84
10:38:45.0 (317330706)|HEAP_ALLOCATE|[3649]|Bytes:12
10:38:45.0 (317336340)|HEAP_ALLOCATE|[3649]|Bytes:8
10:38:45.0 (317345932)|VARIABLE_SCOPE_BEGIN|[39]|this|ConnectApi.FeedElementPage|true|false
10:38:45.0 (317420176)|VARIABLE_ASSIGNMENT|[39]|this|{}|0x505d5646
10:38:45.0 (317440176)|VARIABLE_SCOPE_BEGIN|[39]|versionIn|Double|false|false
10:38:45.0 (317453830)|VARIABLE_ASSIGNMENT|[39]|versionIn|34.0
10:38:45.0 (317459621)|VARIABLE_SCOPE_BEGIN|[39]|javaObj|java:sfdc.chatter.connect.api.output.feeds.FeedElementCollectionRepresentation|true|false
10:38:45.0 (317605666)|VARIABLE_ASSIGNMENT|[39]|javaObj|"sfdc.chatter.connect.api.output.feeds.FeedElementCollectionRepresentation@1bc4991d"|0x1bc4991d
10:38:45.0 (318320207)|SYSTEM_METHOD_EXIT|[5]|FeedItem
10:38:45.0 (318337580)|HEAP_ALLOCATE|[59]|Bytes:252
10:38:45.0 (318344857)|HEAP_ALLOCATE|[59]|Bytes:12
10:38:45.0 (318351031)|HEAP_ALLOCATE|[59]|Bytes:8
10:38:45.0 (318358805)|VARIABLE_SCOPE_BEGIN|[56]|this|ConnectApi.FeedItem|true|false
10:38:45.0 (318420205)|HEAP_ALLOCATE|[59]|Bytes:312
10:38:45.0 (318431236)|HEAP_ALLOCATE|[59]|Bytes:75
10:38:45.0 (318481975)|SYSTEM_METHOD_ENTRY|[5]|FeedElement.FeedElement()
10:38:45.0 (318488249)|STATEMENT_EXECUTE|[5]
10:38:45.0 (318509732)|SYSTEM_METHOD_EXIT|[5]|FeedElement
10:38:45.0 (318550874)|VARIABLE_ASSIGNMENT|[56]|this|{}|0x591a0d08
10:38:45.0 (318558615)|VARIABLE_SCOPE_BEGIN|[56]|versionIn|Double|false|false
10:38:45.0 (318574540)|VARIABLE_ASSIGNMENT|[56]|versionIn|34.0
10:38:45.0 (318580101)|VARIABLE_SCOPE_BEGIN|[56]|javaObj|java:sfdc.chatter.connect.api.output.feeds.FeedItemRepresentation|true|false
10:38:45.0 (318710536)|VARIABLE_ASSIGNMENT|[56]|javaObj|"\n\u003CFeedItem id(0D55000003LnC3uCAF)\u003E\n\u003CUser id(00550000005d7KnAAI) name(Test User) /\u003E\n\u003CFeedBody text(Account test 1\n), isRichText(true) /\u003Esfdc.chatter.connect.api.output.feeds.FeedElementCommentCollectionRepresentation@69d2af31\n\u003C/FeedItem\u003E"|0x53073b2b
10:38:45.0 (319052996)|SYSTEM_METHOD_EXIT|[5]|FeedBody
10:38:45.0 (319066896)|HEAP_ALLOCATE|[46]|Bytes:36
10:38:45.0 (319085989)|HEAP_ALLOCATE|[46]|Bytes:12
10:38:45.0 (319091801)|HEAP_ALLOCATE|[46]|Bytes:8
10:38:45.0 (319099056)|VARIABLE_SCOPE_BEGIN|[16]|this|ConnectApi.FeedBody|true|false
10:38:45.0 (319134327)|HEAP_ALLOCATE|[46]|Bytes:164
10:38:45.0 (319140764)|HEAP_ALLOCATE|[46]|Bytes:44
10:38:45.0 (319181483)|SYSTEM_METHOD_ENTRY|[5]|AbstractMessageBody.AbstractMessageBody()
10:38:45.0 (319184947)|STATEMENT_EXECUTE|[5]
10:38:45.0 (319194167)|SYSTEM_METHOD_EXIT|[5]|AbstractMessageBody
10:38:45.0 (319209427)|VARIABLE_ASSIGNMENT|[16]|this|{}|0x6c345c27
10:38:45.0 (319215241)|VARIABLE_SCOPE_BEGIN|[16]|versionIn|Double|false|false
10:38:45.0 (319222514)|VARIABLE_ASSIGNMENT|[16]|versionIn|34.0
10:38:45.0 (319229641)|VARIABLE_SCOPE_BEGIN|[16]|javaObj|java:sfdc.chatter.connect.api.output.feeds.FeedBodyRepresentation|true|false
10:38:45.0 (319305105)|VARIABLE_ASSIGNMENT|[16]|javaObj|"\n\u003CFeedBody text(Account test 1\n), isRichText(true) /\u003E"|0x65cf7ee4
10:38:45.0 (319714729)|SYSTEM_METHOD_EXIT|[5]|MarkupBeginSegment
10:38:45.0 (319722414)|HEAP_ALLOCATE|[43]|Bytes:44
10:38:45.0 (319726257)|HEAP_ALLOCATE|[43]|Bytes:12
10:38:45.0 (319729348)|HEAP_ALLOCATE|[43]|Bytes:8
10:38:45.0 (319733642)|VARIABLE_SCOPE_BEGIN|[20]|this|ConnectApi.MarkupBeginSegment|true|false
10:38:45.0 (319757460)|HEAP_ALLOCATE|[43]|Bytes:120
10:38:45.0 (319762337)|HEAP_ALLOCATE|[43]|Bytes:40
10:38:45.0 (319791246)|SYSTEM_METHOD_ENTRY|[5]|MessageSegment.MessageSegment()
10:38:45.0 (319793853)|STATEMENT_EXECUTE|[5]
10:38:45.0 (319801510)|SYSTEM_METHOD_EXIT|[5]|MessageSegment
10:38:45.0 (319817101)|VARIABLE_ASSIGNMENT|[20]|this|{}|0x1918fe4b
10:38:45.0 (319821616)|VARIABLE_SCOPE_BEGIN|[20]|versionIn|Double|false|false
10:38:45.0 (319828061)|VARIABLE_ASSIGNMENT|[20]|versionIn|34.0
10:38:45.0 (319830489)|VARIABLE_SCOPE_BEGIN|[20]|javaObj|java:sfdc.chatter.connect.api.output.feeds.MarkupBeginMessageSegmentRepresentation|true|false
10:38:45.0 (319942197)|VARIABLE_ASSIGNMENT|[20]|javaObj|"MarkupBegin(\"Paragraph\", \"p\")"|0x732c4020
10:38:45.0 (321082907)|SYSTEM_METHOD_EXIT|[5]|TextSegment
10:38:45.0 (321095506)|HEAP_ALLOCATE|[43]|Bytes:28
10:38:45.0 (321099838)|HEAP_ALLOCATE|[43]|Bytes:12
10:38:45.0 (321104138)|HEAP_ALLOCATE|[43]|Bytes:8
10:38:45.0 (321109662)|VARIABLE_SCOPE_BEGIN|[16]|this|ConnectApi.TextSegment|true|false
10:38:45.0 (321138109)|VARIABLE_ASSIGNMENT|[16]|this|{}|0x23919e0a
10:38:45.0 (321142869)|VARIABLE_SCOPE_BEGIN|[16]|versionIn|Double|false|false
10:38:45.0 (321148731)|VARIABLE_ASSIGNMENT|[16]|versionIn|34.0
10:38:45.0 (321151214)|VARIABLE_SCOPE_BEGIN|[16]|javaObj|java:sfdc.chatter.connect.api.output.feeds.TextMessageSegmentRepresentation|true|false
10:38:45.0 (321228468)|VARIABLE_ASSIGNMENT|[16]|javaObj|"Text(\"Account test 1\")"|0x7da5c695
10:38:45.0 (321621401)|SYSTEM_METHOD_EXIT|[5]|MarkupEndSegment
10:38:45.0 (321628603)|HEAP_ALLOCATE|[43]|Bytes:44
10:38:45.0 (321632547)|HEAP_ALLOCATE|[43]|Bytes:12
10:38:45.0 (321635614)|HEAP_ALLOCATE|[43]|Bytes:8
10:38:45.0 (321639486)|VARIABLE_SCOPE_BEGIN|[20]|this|ConnectApi.MarkupEndSegment|true|false
10:38:45.0 (321665795)|VARIABLE_ASSIGNMENT|[20]|this|{}|0x6c19a441
10:38:45.0 (321670343)|VARIABLE_SCOPE_BEGIN|[20]|versionIn|Double|false|false
10:38:45.0 (321675838)|VARIABLE_ASSIGNMENT|[20]|versionIn|34.0
10:38:45.0 (321678240)|VARIABLE_SCOPE_BEGIN|[20]|javaObj|java:sfdc.chatter.connect.api.output.feeds.MarkupEndMessageSegmentRepresentation|true|false
10:38:45.0 (321756388)|VARIABLE_ASSIGNMENT|[20]|javaObj|"MarkupEnd(\"Paragraph\", \"p\")"|0x6ed4a91b
10:38:45.0 (322368279)|SYSTEM_METHOD_EXIT|[5]|FeedElementCapabilities
10:38:45.0 (322379155)|HEAP_ALLOCATE|[49]|Bytes:236
10:38:45.0 (322383522)|HEAP_ALLOCATE|[49]|Bytes:12
10:38:45.0 (322387109)|HEAP_ALLOCATE|[49]|Bytes:8
10:38:45.0 (322395624)|VARIABLE_SCOPE_BEGIN|[77]|this|ConnectApi.FeedElementCapabilities|true|false
10:38:45.0 (322482347)|VARIABLE_ASSIGNMENT|[77]|this|{}|0x419a1b05
10:38:45.0 (322490667)|VARIABLE_SCOPE_BEGIN|[77]|versionIn|Double|false|false
10:38:45.0 (322501005)|VARIABLE_ASSIGNMENT|[77]|versionIn|34.0
10:38:45.0 (322506182)|VARIABLE_SCOPE_BEGIN|[77]|javaObj|java:sfdc.chatter.connect.api.output.feeds.FeedElementCapabilitySetRepresentation|true|false
10:38:45.0 (322599608)|VARIABLE_ASSIGNMENT|[77]|javaObj|"sfdc.chatter.connect.api.output.feeds.FeedElementCapabilitySetRepresentation@1258fccd"|0x1258fccd
10:38:45.0 (322799054)|SYSTEM_METHOD_EXIT|[5]|AssociatedActionsCapability
10:38:45.0 (322806464)|HEAP_ALLOCATE|[85]|Bytes:20
10:38:45.0 (322810265)|HEAP_ALLOCATE|[85]|Bytes:12
10:38:45.0 (322813571)|HEAP_ALLOCATE|[85]|Bytes:8
10:38:45.0 (322817732)|VARIABLE_SCOPE_BEGIN|[18]|this|ConnectApi.AssociatedActionsCapability|true|false
10:38:45.0 (322847225)|VARIABLE_ASSIGNMENT|[18]|this|{}|0x3342796b
10:38:45.0 (322852089)|VARIABLE_SCOPE_BEGIN|[18]|versionIn|Double|false|false
10:38:45.0 (322863164)|VARIABLE_ASSIGNMENT|[18]|versionIn|34.0
10:38:45.0 (322865971)|VARIABLE_SCOPE_BEGIN|[18]|javaObj|java:sfdc.chatter.connect.api.output.feeds.AssociatedActionsCapabilityRepresentation|true|false
10:38:45.0 (322937228)|VARIABLE_ASSIGNMENT|[18]|javaObj|"sfdc.chatter.connect.api.output.feeds.AssociatedActionsCapabilityRepresentation@78958269"|0x78958269
10:38:45.0 (323380925)|SYSTEM_METHOD_EXIT|[5]|BookmarksCapability
10:38:45.0 (323389064)|HEAP_ALLOCATE|[91]|Bytes:20
10:38:45.0 (323393114)|HEAP_ALLOCATE|[91]|Bytes:12
10:38:45.0 (323396486)|HEAP_ALLOCATE|[91]|Bytes:8
10:38:45.0 (323400871)|VARIABLE_SCOPE_BEGIN|[18]|this|ConnectApi.BookmarksCapability|true|false
10:38:45.0 (323422704)|VARIABLE_ASSIGNMENT|[18]|this|{}|0x69c6ec4d
10:38:45.0 (323426789)|VARIABLE_SCOPE_BEGIN|[18]|versionIn|Double|false|false
10:38:45.0 (323432109)|VARIABLE_ASSIGNMENT|[18]|versionIn|34.0
10:38:45.0 (323434445)|VARIABLE_SCOPE_BEGIN|[18]|javaObj|java:sfdc.chatter.connect.api.output.feeds.BookmarksCapabilityRepresentation|true|false
10:38:45.0 (323502186)|VARIABLE_ASSIGNMENT|[18]|javaObj|"sfdc.chatter.connect.api.output.feeds.BookmarksCapabilityRepresentation@3c2ddb2c"|0x3c2ddb2c
10:38:45.0 (323767146)|SYSTEM_METHOD_EXIT|[5]|ChatterLikesCapability
10:38:45.0 (323777762)|HEAP_ALLOCATE|[103]|Bytes:44
10:38:45.0 (323782094)|HEAP_ALLOCATE|[103]|Bytes:12
10:38:45.0 (323785237)|HEAP_ALLOCATE|[103]|Bytes:8
10:38:45.0 (323789571)|VARIABLE_SCOPE_BEGIN|[24]|this|ConnectApi.ChatterLikesCapability|true|false
10:38:45.0 (323815129)|VARIABLE_ASSIGNMENT|[24]|this|{}|0x1c0464e3
10:38:45.0 (323821403)|VARIABLE_SCOPE_BEGIN|[24]|versionIn|Double|false|false
10:38:45.0 (323827100)|VARIABLE_ASSIGNMENT|[24]|versionIn|34.0
10:38:45.0 (323829661)|VARIABLE_SCOPE_BEGIN|[24]|javaObj|java:sfdc.chatter.connect.api.output.feeds.ChatterLikesCapabilityRepresentation|true|false
10:38:45.0 (323905271)|VARIABLE_ASSIGNMENT|[24]|javaObj|"sfdc.chatter.connect.api.output.feeds.ChatterLikesCapabilityRepresentation@48d62bc0"|0x48d62bc0
10:38:45.0 (324120585)|SYSTEM_METHOD_EXIT|[5]|MessageBody
10:38:45.0 (324136108)|HEAP_ALLOCATE|[32]|Bytes:36
10:38:45.0 (324142706)|HEAP_ALLOCATE|[32]|Bytes:12
10:38:45.0 (324147874)|HEAP_ALLOCATE|[32]|Bytes:8
10:38:45.0 (324154592)|VARIABLE_SCOPE_BEGIN|[16]|this|ConnectApi.MessageBody|true|false
10:38:45.0 (324195853)|VARIABLE_ASSIGNMENT|[16]|this|{}|0x16ac0213
10:38:45.0 (324203535)|VARIABLE_SCOPE_BEGIN|[16]|versionIn|Double|false|false
10:38:45.0 (324212813)|VARIABLE_ASSIGNMENT|[16]|versionIn|34.0
10:38:45.0 (324216680)|VARIABLE_SCOPE_BEGIN|[16]|javaObj|java:sfdc.chatter.connect.api.output.feeds.MessageBodyRepresentation|true|false
10:38:45.0 (324336175)|VARIABLE_ASSIGNMENT|[16]|javaObj|"\n\u003CMessageBody text(You and Test User like this.), isRichText(null) /\u003E"|0x448a5f51
10:38:45.0 (324882003)|SYSTEM_METHOD_EXIT|[5]|EntityLinkSegment
10:38:45.0 (324889656)|HEAP_ALLOCATE|[43]|Bytes:44
10:38:45.0 (324893749)|HEAP_ALLOCATE|[43]|Bytes:12
10:38:45.0 (324897130)|HEAP_ALLOCATE|[43]|Bytes:8
10:38:45.0 (324904882)|VARIABLE_SCOPE_BEGIN|[20]|this|ConnectApi.EntityLinkSegment|true|false
10:38:45.0 (324981730)|VARIABLE_ASSIGNMENT|[20]|this|{}|0x7b96085f
10:38:45.0 (324990433)|VARIABLE_SCOPE_BEGIN|[20]|versionIn|Double|false|false
10:38:45.0 (325000976)|VARIABLE_ASSIGNMENT|[20]|versionIn|34.0
10:38:45.0 (325005093)|VARIABLE_SCOPE_BEGIN|[20]|javaObj|java:sfdc.chatter.connect.api.output.feeds.EntityLinkMessageSegmentRepresentation|true|false
10:38:45.0 (325086054)|VARIABLE_ASSIGNMENT|[20]|javaObj|"EntityLink(\"Test User\")"|0x2e7a4c6
10:38:45.0 (325408778)|SYSTEM_METHOD_EXIT|[5]|Motif
10:38:45.0 (325415837)|HEAP_ALLOCATE|[25]|Bytes:52
10:38:45.0 (325419752)|HEAP_ALLOCATE|[25]|Bytes:12
10:38:45.0 (325422955)|HEAP_ALLOCATE|[25]|Bytes:8
10:38:45.0 (325427569)|VARIABLE_SCOPE_BEGIN|[31]|this|ConnectApi.Motif|true|false
10:38:45.0 (325455435)|VARIABLE_ASSIGNMENT|[31]|this|{}|0x74ad9213
10:38:45.0 (325465186)|VARIABLE_SCOPE_BEGIN|[31]|versionIn|Double|false|false
10:38:45.0 (325471141)|VARIABLE_ASSIGNMENT|[31]|versionIn|34.0
10:38:45.0 (325473785)|VARIABLE_SCOPE_BEGIN|[31]|javaObj|java:sfdc.common.connect.api.output.common.MotifRepresentation|true|false
10:38:45.0 (325549707)|VARIABLE_ASSIGNMENT|[31]|javaObj|"sfdc.common.connect.api.output.common.MotifRepresentation@62cb3b00"|0x62cb3b00
10:38:45.0 (325801447)|SYSTEM_METHOD_EXIT|[5]|Reference
10:38:45.0 (325808402)|HEAP_ALLOCATE|[28]|Bytes:28
10:38:45.0 (325812173)|HEAP_ALLOCATE|[28]|Bytes:12
10:38:45.0 (325815206)|HEAP_ALLOCATE|[28]|Bytes:8
10:38:45.0 (325819351)|VARIABLE_SCOPE_BEGIN|[25]|this|ConnectApi.Reference|true|false
10:38:45.0 (325845211)|VARIABLE_ASSIGNMENT|[25]|this|{}|0x29d413f6
10:38:45.0 (325849367)|VARIABLE_SCOPE_BEGIN|[25]|versionIn|Double|false|false
10:38:45.0 (325855109)|VARIABLE_ASSIGNMENT|[25]|versionIn|34.0
10:38:45.0 (325857497)|VARIABLE_SCOPE_BEGIN|[25]|javaObj|java:sfdc.common.connect.api.output.common.ReferenceRepresentation|true|false
10:38:45.0 (325923481)|VARIABLE_ASSIGNMENT|[25]|javaObj|"sfdc.common.connect.api.output.common.ReferenceRepresentation@16aa539e"|0x16aa539e
10:38:45.0 (326668287)|SYSTEM_METHOD_EXIT|[5]|ChatterLikePage
10:38:45.0 (326676825)|HEAP_ALLOCATE|[38]|Bytes:84
10:38:45.0 (326680940)|HEAP_ALLOCATE|[38]|Bytes:12
10:38:45.0 (326685322)|HEAP_ALLOCATE|[38]|Bytes:8
10:38:45.0 (326698408)|VARIABLE_SCOPE_BEGIN|[39]|this|ConnectApi.ChatterLikePage|true|false
10:38:45.0 (326742769)|VARIABLE_ASSIGNMENT|[39]|this|{}|0xe8f6652
10:38:45.0 (326750785)|VARIABLE_SCOPE_BEGIN|[39]|versionIn|Double|false|false
10:38:45.0 (326761061)|VARIABLE_ASSIGNMENT|[39]|versionIn|34.0
10:38:45.0 (326766084)|VARIABLE_SCOPE_BEGIN|[39]|javaObj|java:sfdc.chatter.connect.api.output.feeds.LikeCollectionRepresentation|true|false
10:38:45.0 (326847200)|VARIABLE_ASSIGNMENT|[39]|javaObj|"sfdc.chatter.connect.api.output.feeds.LikeCollectionRepresentation@35a74fb8"|0x35a74fb8
10:38:45.0 (327226428)|SYSTEM_METHOD_EXIT|[5]|ChatterLike
10:38:45.0 (327234619)|HEAP_ALLOCATE|[59]|Bytes:44
10:38:45.0 (327238396)|HEAP_ALLOCATE|[59]|Bytes:12
10:38:45.0 (327241453)|HEAP_ALLOCATE|[59]|Bytes:8
10:38:45.0 (327245835)|VARIABLE_SCOPE_BEGIN|[29]|this|ConnectApi.ChatterLike|true|false
10:38:45.0 (327270342)|VARIABLE_ASSIGNMENT|[29]|this|{}|0x3ce5a159
10:38:45.0 (327276006)|VARIABLE_SCOPE_BEGIN|[29]|versionIn|Double|false|false
10:38:45.0 (327282965)|VARIABLE_ASSIGNMENT|[29]|versionIn|34.0
10:38:45.0 (327285886)|VARIABLE_SCOPE_BEGIN|[29]|javaObj|java:sfdc.chatter.connect.api.output.feeds.LikeRepresentation|true|false
10:38:45.0 (327359922)|VARIABLE_ASSIGNMENT|[29]|javaObj|"sfdc.chatter.connect.api.output.feeds.LikeRepresentation@789733f8"|0x789733f8
10:38:45.0 (327817874)|SYSTEM_METHOD_EXIT|[5]|UserSummary
10:38:45.0 (327830197)|HEAP_ALLOCATE|[44]|Bytes:164
10:38:45.0 (327834580)|HEAP_ALLOCATE|[44]|Bytes:12
10:38:45.0 (327842403)|HEAP_ALLOCATE|[44]|Bytes:8
10:38:45.0 (327846880)|VARIABLE_SCOPE_BEGIN|[18]|this|ConnectApi.UserSummary|true|false
10:38:45.0 (327876334)|HEAP_ALLOCATE|[44]|Bytes:344
10:38:45.0 (327882296)|HEAP_ALLOCATE|[44]|Bytes:76
10:38:45.0 (327913345)|SYSTEM_METHOD_ENTRY|[5]|User.User()
10:38:45.0 (327916565)|STATEMENT_EXECUTE|[5]
10:38:45.0 (327925149)|SYSTEM_METHOD_EXIT|[5]|User
10:38:45.0 (327939714)|HEAP_ALLOCATE|[44]|Bytes:204
10:38:45.0 (327944742)|HEAP_ALLOCATE|[44]|Bytes:49
10:38:45.0 (327952714)|SYSTEM_METHOD_ENTRY|[5]|ActorWithId.ActorWithId()
10:38:45.0 (327955270)|STATEMENT_EXECUTE|[5]
10:38:45.0 (327961162)|SYSTEM_METHOD_EXIT|[5]|ActorWithId
10:38:45.0 (327970340)|HEAP_ALLOCATE|[44]|Bytes:116
10:38:45.0 (327974334)|HEAP_ALLOCATE|[44]|Bytes:40
10:38:45.0 (327981234)|SYSTEM_METHOD_ENTRY|[5]|Actor.Actor()
10:38:45.0 (327983582)|STATEMENT_EXECUTE|[5]
10:38:45.0 (327991274)|SYSTEM_METHOD_EXIT|[5]|Actor
10:38:45.0 (328011935)|VARIABLE_ASSIGNMENT|[18]|this|{}|0xd5f774e
10:38:45.0 (328017679)|VARIABLE_SCOPE_BEGIN|[18]|versionIn|Double|false|false
10:38:45.0 (328024596)|VARIABLE_ASSIGNMENT|[18]|versionIn|34.0
10:38:45.0 (328026984)|VARIABLE_SCOPE_BEGIN|[18]|javaObj|java:sfdc.chatter.connect.api.output.user.UserSummaryRepresentation|true|false
10:38:45.0 (328110156)|VARIABLE_ASSIGNMENT|[18]|javaObj|"\n\u003CUser id(00550000005d7KnAAI) name(Test User) /\u003E"|0x28a23d2
10:38:45.0 (328817372)|SYSTEM_METHOD_EXIT|[5]|Photo
10:38:45.0 (328842539)|HEAP_ALLOCATE|[64]|Bytes:68
10:38:45.0 (328847317)|HEAP_ALLOCATE|[64]|Bytes:12
10:38:45.0 (328850471)|HEAP_ALLOCATE|[64]|Bytes:8
10:38:45.0 (328855610)|VARIABLE_SCOPE_BEGIN|[35]|this|ConnectApi.Photo|true|false
10:38:45.0 (328885149)|VARIABLE_ASSIGNMENT|[35]|this|{}|0x1374a5b3
10:38:45.0 (328890037)|VARIABLE_SCOPE_BEGIN|[35]|versionIn|Double|false|false
10:38:45.0 (328895834)|VARIABLE_ASSIGNMENT|[35]|versionIn|34.0
10:38:45.0 (328898668)|VARIABLE_SCOPE_BEGIN|[35]|javaObj|java:sfdc.chatter.connect.api.output.photo.PhotoRepresentation|true|false
10:38:45.0 (328980859)|VARIABLE_ASSIGNMENT|[35]|javaObj|"sfdc.chatter.connect.api.output.photo.PhotoRepresentation@52bd5cd6"|0x52bd5cd6
10:38:45.0 (333144661)|SYSTEM_METHOD_EXIT|[5]|CommentsCapability
10:38:45.0 (333154764)|HEAP_ALLOCATE|[106]|Bytes:20
10:38:45.0 (333160065)|HEAP_ALLOCATE|[106]|Bytes:12
10:38:45.0 (333163421)|HEAP_ALLOCATE|[106]|Bytes:8
10:38:45.0 (333168168)|VARIABLE_SCOPE_BEGIN|[18]|this|ConnectApi.CommentsCapability|true|false
10:38:45.0 (333200921)|VARIABLE_ASSIGNMENT|[18]|this|{}|0x7769873c
10:38:45.0 (333205186)|VARIABLE_SCOPE_BEGIN|[18]|versionIn|Double|false|false
10:38:45.0 (333211709)|VARIABLE_ASSIGNMENT|[18]|versionIn|34.0
10:38:45.0 (333214116)|VARIABLE_SCOPE_BEGIN|[18]|javaObj|java:sfdc.chatter.connect.api.output.feeds.CommentsCapabilityRepresentation|true|false
10:38:45.0 (333295188)|VARIABLE_ASSIGNMENT|[18]|javaObj|"sfdc.chatter.connect.api.output.feeds.CommentsCapabilityRepresentation@4186ed5f"|0x4186ed5f
10:38:45.0 (333523867)|SYSTEM_METHOD_EXIT|[5]|CommentPage
10:38:45.0 (333534270)|HEAP_ALLOCATE|[23]|Bytes:68
10:38:45.0 (333539003)|HEAP_ALLOCATE|[23]|Bytes:12
10:38:45.0 (333542289)|HEAP_ALLOCATE|[23]|Bytes:8
10:38:45.0 (333548054)|VARIABLE_SCOPE_BEGIN|[35]|this|ConnectApi.CommentPage|true|false
10:38:45.0 (333582533)|VARIABLE_ASSIGNMENT|[35]|this|{}|0x79e54255
10:38:45.0 (333587198)|VARIABLE_SCOPE_BEGIN|[35]|versionIn|Double|false|false
10:38:45.0 (333594896)|VARIABLE_ASSIGNMENT|[35]|versionIn|34.0
10:38:45.0 (333599736)|VARIABLE_SCOPE_BEGIN|[35]|javaObj|java:sfdc.chatter.connect.api.output.feeds.FeedElementCommentCollectionRepresentation|true|false
10:38:45.0 (333677187)|VARIABLE_ASSIGNMENT|[35]|javaObj|"sfdc.chatter.connect.api.output.feeds.FeedElementCommentCollectionRepresentation@283c3145"|0x283c3145
10:38:45.0 (334251342)|SYSTEM_METHOD_EXIT|[5]|InteractionsCapability
10:38:45.0 (334261590)|HEAP_ALLOCATE|[127]|Bytes:20
10:38:45.0 (334266215)|HEAP_ALLOCATE|[127]|Bytes:12
10:38:45.0 (334269299)|HEAP_ALLOCATE|[127]|Bytes:8
10:38:45.0 (334273767)|VARIABLE_SCOPE_BEGIN|[18]|this|ConnectApi.InteractionsCapability|true|false
10:38:45.0 (334300924)|VARIABLE_ASSIGNMENT|[18]|this|{}|0x13571319
10:38:45.0 (334305106)|VARIABLE_SCOPE_BEGIN|[18]|versionIn|Double|false|false
10:38:45.0 (334310572)|VARIABLE_ASSIGNMENT|[18]|versionIn|34.0
10:38:45.0 (334313195)|VARIABLE_SCOPE_BEGIN|[18]|javaObj|java:sfdc.chatter.connect.api.output.feeds.InteractionsCapabilityRepresentation|true|false
10:38:45.0 (334388169)|VARIABLE_ASSIGNMENT|[18]|javaObj|"sfdc.chatter.connect.api.output.feeds.InteractionsCapabilityRepresentation@654df839"|0x654df839
10:38:45.0 (334667458)|SYSTEM_METHOD_EXIT|[5]|MuteCapability
10:38:45.0 (334674733)|HEAP_ALLOCATE|[136]|Bytes:20
10:38:45.0 (334678653)|HEAP_ALLOCATE|[136]|Bytes:12
10:38:45.0 (334681920)|HEAP_ALLOCATE|[136]|Bytes:8
10:38:45.0 (334688122)|VARIABLE_SCOPE_BEGIN|[18]|this|ConnectApi.MuteCapability|true|false
10:38:45.0 (334715147)|VARIABLE_ASSIGNMENT|[18]|this|{}|0x3669e92f
10:38:45.0 (334721866)|VARIABLE_SCOPE_BEGIN|[18]|versionIn|Double|false|false
10:38:45.0 (334730867)|VARIABLE_ASSIGNMENT|[18]|versionIn|34.0
10:38:45.0 (334735799)|VARIABLE_SCOPE_BEGIN|[18]|javaObj|java:sfdc.chatter.connect.api.output.feeds.MuteCapabilityRepresentation|true|false
10:38:45.0 (334817979)|VARIABLE_ASSIGNMENT|[18]|javaObj|"sfdc.chatter.connect.api.output.feeds.MuteCapabilityRepresentation@7f9650be"|0x7f9650be
10:38:45.0 (335155716)|SYSTEM_METHOD_EXIT|[5]|StatusCapability
10:38:45.0 (335164120)|HEAP_ALLOCATE|[157]|Bytes:28
10:38:45.0 (335168368)|HEAP_ALLOCATE|[157]|Bytes:12
10:38:45.0 (335171693)|HEAP_ALLOCATE|[157]|Bytes:8
10:38:45.0 (335176290)|VARIABLE_SCOPE_BEGIN|[20]|this|ConnectApi.StatusCapability|true|false
10:38:45.0 (335209858)|VARIABLE_ASSIGNMENT|[20]|this|{}|0x54725b8e
10:38:45.0 (335214881)|VARIABLE_SCOPE_BEGIN|[20]|versionIn|Double|false|false
10:38:45.0 (335221260)|VARIABLE_ASSIGNMENT|[20]|versionIn|34.0
10:38:45.0 (335223744)|VARIABLE_SCOPE_BEGIN|[20]|javaObj|java:sfdc.chatter.connect.api.output.feeds.StatusCapabilityRepresentation|true|false
10:38:45.0 (335295734)|VARIABLE_ASSIGNMENT|[20]|javaObj|"sfdc.chatter.connect.api.output.feeds.StatusCapabilityRepresentation@5ef4fd09"|0x5ef4fd09
10:38:45.0 (335742508)|SYSTEM_METHOD_EXIT|[5]|TopicsCapability
10:38:45.0 (335749402)|HEAP_ALLOCATE|[160]|Bytes:28
10:38:45.0 (335753390)|HEAP_ALLOCATE|[160]|Bytes:12
10:38:45.0 (335759191)|HEAP_ALLOCATE|[160]|Bytes:8
10:38:45.0 (335764174)|VARIABLE_SCOPE_BEGIN|[20]|this|ConnectApi.TopicsCapability|true|false
10:38:45.0 (335787861)|VARIABLE_ASSIGNMENT|[20]|this|{}|0x272d5769
10:38:45.0 (335791924)|VARIABLE_SCOPE_BEGIN|[20]|versionIn|Double|false|false
10:38:45.0 (335799260)|VARIABLE_ASSIGNMENT|[20]|versionIn|34.0
10:38:45.0 (335803338)|VARIABLE_SCOPE_BEGIN|[20]|javaObj|java:sfdc.chatter.connect.api.output.feeds.TopicsCapabilityRepresentation|true|false
10:38:45.0 (335900771)|VARIABLE_ASSIGNMENT|[20]|javaObj|"sfdc.chatter.connect.api.output.feeds.TopicsCapabilityRepresentation@6a73e092"|0x6a73e092
10:38:45.0 (336287668)|SYSTEM_METHOD_EXIT|[5]|Topic
10:38:45.0 (336297636)|HEAP_ALLOCATE|[36]|Bytes:84
10:38:45.0 (336301699)|HEAP_ALLOCATE|[36]|Bytes:12
10:38:45.0 (336304893)|HEAP_ALLOCATE|[36]|Bytes:8
10:38:45.0 (336309994)|VARIABLE_SCOPE_BEGIN|[39]|this|ConnectApi.Topic|true|false
10:38:45.0 (336346600)|VARIABLE_ASSIGNMENT|[39]|this|{}|0x2c9b6879
10:38:45.0 (336351333)|VARIABLE_SCOPE_BEGIN|[39]|versionIn|Double|false|false
10:38:45.0 (336357913)|VARIABLE_ASSIGNMENT|[39]|versionIn|34.0
10:38:45.0 (336362342)|VARIABLE_SCOPE_BEGIN|[39]|javaObj|java:sfdc.chatter.connect.api.output.topics.TopicRepresentation|true|false
10:38:45.0 (336438878)|VARIABLE_ASSIGNMENT|[39]|javaObj|"sfdc.chatter.connect.api.output.topics.TopicRepresentation@55fec456"|0x55fec456
10:38:45.0 (336702127)|SYSTEM_METHOD_EXIT|[5]|TopicImages
10:38:45.0 (336709519)|HEAP_ALLOCATE|[53]|Bytes:28
10:38:45.0 (336715085)|HEAP_ALLOCATE|[53]|Bytes:12
10:38:45.0 (336719822)|HEAP_ALLOCATE|[53]|Bytes:8
10:38:45.0 (336725137)|VARIABLE_SCOPE_BEGIN|[25]|this|ConnectApi.TopicImages|true|false
10:38:45.0 (336747572)|VARIABLE_ASSIGNMENT|[25]|this|{}|0x1825479f
10:38:45.0 (336751504)|VARIABLE_SCOPE_BEGIN|[25]|versionIn|Double|false|false
10:38:45.0 (336756638)|VARIABLE_ASSIGNMENT|[25]|versionIn|34.0
10:38:45.0 (336758980)|VARIABLE_SCOPE_BEGIN|[25]|javaObj|java:sfdc.chatter.connect.api.output.topics.TopicImagesRepresentation|true|false
10:38:45.0 (336829364)|VARIABLE_ASSIGNMENT|[25]|javaObj|"sfdc.chatter.connect.api.output.topics.TopicImagesRepresentation@6da74379"|0x6da74379
10:38:45.0 (340088527)|SYSTEM_METHOD_EXIT|[5]|RecordSummary
10:38:45.0 (340102857)|HEAP_ALLOCATE|[68]|Bytes:68
10:38:45.0 (340110355)|HEAP_ALLOCATE|[68]|Bytes:12
10:38:45.0 (340116759)|HEAP_ALLOCATE|[68]|Bytes:8
10:38:45.0 (340124502)|VARIABLE_SCOPE_BEGIN|[16]|this|ConnectApi.RecordSummary|true|false
10:38:45.0 (340184328)|VARIABLE_ASSIGNMENT|[16]|this|{}|0x39f78d67
10:38:45.0 (340193368)|VARIABLE_SCOPE_BEGIN|[16]|versionIn|Double|false|false
10:38:45.0 (340210588)|VARIABLE_ASSIGNMENT|[16]|versionIn|34.0
10:38:45.0 (340216978)|VARIABLE_SCOPE_BEGIN|[16]|javaObj|java:sfdc.common.connect.api.output.records.RecordSummaryRepresentation|true|false
10:38:45.0 (340348584)|VARIABLE_ASSIGNMENT|[16]|javaObj|"\n\u003CRecord type(Account) id(0015000001Bc4SPAAZ) name(Edge Communications) /\u003E"|0xbdc3c79
10:38:45.0 (384925097)|SYSTEM_METHOD_EXIT|[5]|Comment
10:38:45.0 (384937884)|HEAP_ALLOCATE|[48]|Bytes:156
10:38:45.0 (384943591)|HEAP_ALLOCATE|[48]|Bytes:12
10:38:45.0 (384946866)|HEAP_ALLOCATE|[48]|Bytes:8
10:38:45.0 (384952568)|VARIABLE_SCOPE_BEGIN|[57]|this|ConnectApi.Comment|true|false
10:38:45.0 (385013834)|VARIABLE_ASSIGNMENT|[57]|this|{}|0x7542ff4
10:38:45.0 (385019855)|VARIABLE_SCOPE_BEGIN|[57]|versionIn|Double|false|false
10:38:45.0 (385029197)|VARIABLE_ASSIGNMENT|[57]|versionIn|34.0
10:38:45.0 (385031844)|VARIABLE_SCOPE_BEGIN|[57]|javaObj|java:sfdc.chatter.connect.api.output.feeds.CommentRepresentation|true|false
10:38:45.0 (385188617)|VARIABLE_ASSIGNMENT|[57]|javaObj|"\n\u003CComment id(0D750000002KRgU) parent(sfdc.common.connect.api.output.common.ReferenceRepresentation@2cd06cc) \u003E\n\u003CFeedBody text(Test), isRichText(false) /\u003E\n\u003CUser id(00550000005d7KnAAI) name(Test User) /\u003E\n\u003C/Comment"|0x6898cd18
10:38:45.0 (385859852)|SYSTEM_METHOD_EXIT|[5]|CommentCapabilities
10:38:45.0 (385866973)|HEAP_ALLOCATE|[68]|Bytes:28
10:38:45.0 (385870864)|HEAP_ALLOCATE|[68]|Bytes:12
10:38:45.0 (385874000)|HEAP_ALLOCATE|[68]|Bytes:8
10:38:45.0 (385878384)|VARIABLE_SCOPE_BEGIN|[25]|this|ConnectApi.CommentCapabilities|true|false
10:38:45.0 (385901884)|VARIABLE_ASSIGNMENT|[25]|this|{}|0xc1c3a61
10:38:45.0 (385906328)|VARIABLE_SCOPE_BEGIN|[25]|versionIn|Double|false|false
10:38:45.0 (385912173)|VARIABLE_ASSIGNMENT|[25]|versionIn|34.0
10:38:45.0 (385914792)|VARIABLE_SCOPE_BEGIN|[25]|javaObj|java:sfdc.chatter.connect.api.output.feeds.CommentCapabilitySetRepresentation|true|false
10:38:45.0 (385994942)|VARIABLE_ASSIGNMENT|[25]|javaObj|"sfdc.chatter.connect.api.output.feeds.CommentCapabilitySetRepresentation@2a918f99"|0x2a918f99
10:38:45.0 (388396999)|SYSTEM_METHOD_EXIT|[5]|MentionSegment
10:38:45.0 (388405635)|HEAP_ALLOCATE|[43]|Bytes:60
10:38:45.0 (388409980)|HEAP_ALLOCATE|[43]|Bytes:12
10:38:45.0 (388413250)|HEAP_ALLOCATE|[43]|Bytes:8
10:38:45.0 (388417460)|VARIABLE_SCOPE_BEGIN|[24]|this|ConnectApi.MentionSegment|true|false
10:38:45.0 (388448336)|VARIABLE_ASSIGNMENT|[24]|this|{}|0x6e5ee274
10:38:45.0 (388452655)|VARIABLE_SCOPE_BEGIN|[24]|versionIn|Double|false|false
10:38:45.0 (388458357)|VARIABLE_ASSIGNMENT|[24]|versionIn|34.0
10:38:45.0 (388461023)|VARIABLE_SCOPE_BEGIN|[24]|javaObj|java:sfdc.chatter.connect.api.output.feeds.MentionMessageSegmentRepresentation|true|false
10:38:45.0 (388540908)|VARIABLE_ASSIGNMENT|[24]|javaObj|"Mention(\"Test User\",00550000005d7KnAAI,true)"|0x3fc02ec
10:38:45.0 (416674427)|METHOD_EXIT|[71]||ConnectApi.ChatterFeeds.getFeedElementsFromFeed(String, ConnectApi.FeedType, String)
10:38:45.0 (416687044)|VARIABLE_SCOPE_BEGIN|[71]|fep|ConnectApi.FeedElementPage|true|false
10:38:45.0 (416742524)|VARIABLE_ASSIGNMENT|[71]|fep|{}|0x505d5646
10:38:45.0 (416753566)|STATEMENT_EXECUTE|[72]
10:38:45.0 (416771458)|STATEMENT_EXECUTE|[73]
10:38:45.0 (416789300)|METHOD_ENTRY|[73]||System.JSON.serialize(Object)
10:38:45.0 (464073411)|METHOD_EXIT|[73]||System.JSON.serialize(Object)
10:38:45.0 (464094149)|METHOD_EXIT|[15]|01p50000002D8iw|BFFFollow_Controller.fetchUserFeed(Id)
10:38:45.0 (464180659)|VARIABLE_ASSIGNMENT|[EXTERNAL]|this|{"debug":false,"input":"{\"mode\":\"fetchUserFe (34 more) ...","operation":"BFFFollow_Controller"}|0x7eee6d19
10:38:45.0 (464192092)|VARIABLE_ASSIGNMENT|[EXTERNAL]|value|"{\"currentPageToken\": (26498 more) ..."
10:38:45.0 (464211703)|VARIABLE_ASSIGNMENT|[12]|this.output|"{\"currentPageToken\": (26498 more) ..."|0x7eee6d19
10:38:45.0 (464221533)|STATEMENT_EXECUTE|[16]
10:38:45.0 (464300355)|VARIABLE_ASSIGNMENT|[EXTERNAL]|this|{"debug":false,"input":"{\"mode\":\"fetchUserFe (34 more) ...","operation":"BFFFollow_Controller","output":"{\"currentPageToken\": (26498 more) ..."}|0x7eee6d19
10:38:45.0 (464354324)|VARIABLE_ASSIGNMENT|[EXTERNAL]|this|{"debug":false,"input":"{\"mode\":\"fetchUserFe (34 more) ...","operation":"BFFFollow_Controller","output":"{\"currentPageToken\": (26498 more) ..."}|0x7eee6d19
10:38:45.0 (464365658)|VARIABLE_ASSIGNMENT|[EXTERNAL]|value|true
10:38:45.0 (464371065)|HEAP_ALLOCATE|[15]|Bytes:5
10:38:45.0 (464381453)|VARIABLE_ASSIGNMENT|[15]|this.outputFlag|true|0x7eee6d19
10:38:45.0 (464397705)|STATEMENT_EXECUTE|[19]
10:38:45.0 (464415999)|METHOD_EXIT|[9]|01p50000002D8iw|BFFFollow_Controller.process(ETLC_ApexBridge_Data)
10:38:45.0 (464420561)|STATEMENT_EXECUTE|[24]
10:38:45.0 (464443326)|METHOD_ENTRY|[24]|01p50000002CIEo|ETLC_ApexBridge_Data.toJSON()
10:38:45.0 (464459733)|VARIABLE_SCOPE_BEGIN|[57]|this|ETLC_ApexBridge_Data|true|false
10:38:45.0 (464491766)|VARIABLE_ASSIGNMENT|[57]|this|{"debug":false,"input":"{\"mode\":\"fetchUserFe (34 more) ...","operation":"BFFFollow_Controller","output":"{\"currentPageToken\": (26498 more) ...","outputFlag":true}|0x7eee6d19
10:38:45.0 (464497676)|STATEMENT_EXECUTE|[57]
10:38:45.0 (464499685)|STATEMENT_EXECUTE|[58]
10:38:45.0 (464519039)|METHOD_ENTRY|[58]||System.JSON.serialize(Object)
10:38:45.0 (464605386)|STATEMENT_EXECUTE|[22]
10:38:45.0 (464609512)|STATEMENT_EXECUTE|[23]
10:38:45.0 (464618722)|HEAP_ALLOCATE|[23]|Bytes:5
10:38:45.0 (464628744)|VARIABLE_ASSIGNMENT|[23]|this.isSuccess|true|0x7eee6d19
10:38:45.0 (464631271)|STATEMENT_EXECUTE|[24]
10:38:45.0 (464669190)|STATEMENT_EXECUTE|[31]
10:38:45.0 (464672628)|STATEMENT_EXECUTE|[32]
10:38:45.0 (464821413)|HEAP_ALLOCATE|[32]|Bytes:4
10:38:45.0 (464896836)|VARIABLE_ASSIGNMENT|[32]|this.messages|{"s":1,"v":{}}|0x7eee6d19
10:38:45.0 (464901292)|STATEMENT_EXECUTE|[33]
10:38:45.0 (465494574)|METHOD_EXIT|[58]||System.JSON.serialize(Object)
10:38:45.0 (465501967)|METHOD_EXIT|[24]|01p50000002CIEo|ETLC_ApexBridge_Data.toJSON()
10:38:45.0 (465514165)|SYSTEM_MODE_EXIT|false
10:38:45.465 (465559083)|CUMULATIVE_LIMIT_USAGE
10:38:45.465 (465559083)|LIMIT_USAGE_FOR_NS|(default)|
  Number of SOQL queries: 0 out of 100
  Number of query rows: 0 out of 50000
  Number of SOSL queries: 0 out of 20
  Number of DML statements: 0 out of 150
  Number of DML rows: 0 out of 10000
  Maximum CPU time: 30 out of 10000
  Maximum heap size: 0 out of 6000000
  Number of callouts: 0 out of 100
  Number of Email Invocations: 0 out of 10
  Number of future calls: 0 out of 50
  Number of queueable jobs added to the queue: 0 out of 50
  Number of Mobile Apex push calls: 0 out of 10

10:38:45.465 (465559083)|CUMULATIVE_LIMIT_USAGE_END

10:38:45.0 (465611872)|CODE_UNIT_FINISHED|ETLC_ApexBridge_Controller.execute
