37.0 APEX_CODE,FINEST;APEX_PROFILING,INFO;CALLOUT,INFO;DB,INFO;SYSTEM,DEBUG;VALIDATION,INFO;VISUALFORCE,INFO;WORKFLOW,INFO
21:33:11.0 (74742)|USER_INFO|[EXTERNAL]|00550000005cg71|bfffollow@jr.te|Eastern Standard Time|GMT-04:00
21:33:11.0 (117276)|EXECUTION_STARTED
21:33:11.0 (121835)|CODE_UNIT_STARTED|[EXTERNAL]|aura
21:33:11.0 (479732)|HEAP_ALLOCATE|[72]|Bytes:3
21:33:11.0 (515722)|HEAP_ALLOCATE|[77]|Bytes:152
21:33:11.0 (531898)|HEAP_ALLOCATE|[342]|Bytes:408
21:33:11.0 (548209)|HEAP_ALLOCATE|[355]|Bytes:408
21:33:11.0 (562725)|HEAP_ALLOCATE|[467]|Bytes:48
21:33:11.0 (588574)|HEAP_ALLOCATE|[139]|Bytes:6
21:33:11.0 (609869)|HEAP_ALLOCATE|[EXTERNAL]|Bytes:187
21:33:11.0 (626257)|HEAP_ALLOCATE|[EXTERNAL]|Bytes:187
21:33:11.0 (1383816)|CODE_UNIT_STARTED|[EXTERNAL]|01p50000002CIEm|ETLC_ApexBridge_Controller.execute
21:33:11.0 (1518823)|HEAP_ALLOCATE|[EXTERNAL]|Bytes:1
21:33:11.0 (1525424)|HEAP_ALLOCATE|[EXTERNAL]|Bytes:10
21:33:11.0 (1537718)|METHOD_ENTRY|[1]|01p50000002CIEm|ETLC_ApexBridge_Controller.ETLC_ApexBridge_Controller()
21:33:11.0 (1541666)|STATEMENT_EXECUTE|[1]
21:33:11.0 (1546077)|STATEMENT_EXECUTE|[1]
21:33:11.0 (1552267)|METHOD_EXIT|[1]|ETLC_ApexBridge_Controller
21:33:11.0 (1556723)|HEAP_ALLOCATE|[EXTERNAL]|Bytes:187
21:33:11.0 (1569661)|SYSTEM_MODE_ENTER|false
21:33:11.0 (1579638)|VARIABLE_SCOPE_BEGIN|[3]|dataJson|String|false|false
21:33:11.0 (1610567)|VARIABLE_ASSIGNMENT|[3]|dataJson|"{\"operation\":\"BFFFol (167 more) ..."
21:33:11.0 (1623084)|STATEMENT_EXECUTE|[3]
21:33:11.0 (1624551)|STATEMENT_EXECUTE|[4]
21:33:11.0 (1733299)|VARIABLE_SCOPE_BEGIN|[4]|data|ETLC_ApexBridge_Data|true|false
21:33:11.0 (1746254)|VARIABLE_ASSIGNMENT|[4]|data|null|
21:33:11.0 (1748768)|STATEMENT_EXECUTE|[5]
21:33:11.0 (1749947)|STATEMENT_EXECUTE|[5]
21:33:11.0 (1751084)|STATEMENT_EXECUTE|[6]
21:33:11.0 (1767505)|HEAP_ALLOCATE|[6]|Bytes:11
21:33:11.0 (1774197)|HEAP_ALLOCATE|[6]|Bytes:248
21:33:11.0 (1777640)|HEAP_ALLOCATE|[6]|Bytes:39
21:33:11.0 (1804019)|METHOD_ENTRY|[2]|01p50000002CIEo|ETLC_ApexBridge_Data.ETLC_ApexBridge_Data()
21:33:11.0 (1806541)|STATEMENT_EXECUTE|[2]
21:33:11.0 (1809237)|STATEMENT_EXECUTE|[2]
21:33:11.0 (1814078)|METHOD_EXIT|[2]|ETLC_ApexBridge_Data
21:33:11.0 (1827033)|METHOD_ENTRY|[6]|01p50000002CIEo|ETLC_ApexBridge_Data.fromJSON(String)
21:33:11.0 (1845486)|VARIABLE_SCOPE_BEGIN|[60]|strJson|String|false|false
21:33:11.0 (1856147)|VARIABLE_ASSIGNMENT|[60]|strJson|"{\"operation\":\"BFFFol (167 more) ..."
21:33:11.0 (1860333)|STATEMENT_EXECUTE|[60]
21:33:11.0 (1861606)|STATEMENT_EXECUTE|[61]
21:33:11.0 (1869666)|HEAP_ALLOCATE|[61]|Bytes:20
21:33:11.0 (1894685)|HEAP_ALLOCATE|[50]|Bytes:5
21:33:11.0 (1914725)|HEAP_ALLOCATE|[56]|Bytes:5
21:33:11.0 (1923253)|HEAP_ALLOCATE|[64]|Bytes:7
21:33:11.0 (2029005)|HEAP_ALLOCATE|[61]|Bytes:24
21:33:11.0 (2044468)|SYSTEM_METHOD_ENTRY|[1]|Type.Type()
21:33:11.0 (2047624)|STATEMENT_EXECUTE|[1]
21:33:11.0 (2056323)|SYSTEM_METHOD_EXIT|[1]|Type
21:33:11.0 (2061527)|HEAP_ALLOCATE|[61]|Bytes:8
21:33:11.0 (2077717)|HEAP_ALLOCATE|[61]|Bytes:8
21:33:11.0 (2082373)|VARIABLE_SCOPE_BEGIN|[4]|this|System.Type|true|false
21:33:11.0 (2117820)|VARIABLE_ASSIGNMENT|[4]|this|{}|0x761aa044
21:33:11.0 (2121532)|VARIABLE_SCOPE_BEGIN|[4]|apextype|java:common.apex.runtime.ApexObjectType|true|false
21:33:11.0 (2257135)|VARIABLE_ASSIGNMENT|[4]|apextype|"ETLC_ApexBridge_Data"|0x13b5a1e6
21:33:11.0 (2324437)|HEAP_ALLOCATE|[61]|Bytes:8
21:33:11.0 (2365929)|HEAP_ALLOCATE|[61]|Bytes:24
21:33:11.0 (2376101)|SYSTEM_METHOD_ENTRY|[1]|JSON.JSON()
21:33:11.0 (2378273)|STATEMENT_EXECUTE|[1]
21:33:11.0 (2384329)|SYSTEM_METHOD_EXIT|[1]|JSON
21:33:11.0 (2396372)|METHOD_ENTRY|[61]||System.JSON.deserializeStrict(String, System.Type)
21:33:11.0 (2645633)|METHOD_EXIT|[61]||System.JSON.deserializeStrict(String, System.Type)
21:33:11.0 (2654290)|METHOD_EXIT|[6]|01p50000002CIEo|ETLC_ApexBridge_Data.fromJSON(String)
21:33:11.0 (2691732)|VARIABLE_ASSIGNMENT|[6]|data|{"debug":true,"input":"{\"mode\":\"saveFollowe (83 more) ...","operation":"BFFFollow_Controller"}|0x3e2d8f92
21:33:11.0 (2696724)|STATEMENT_EXECUTE|[7]
21:33:11.0 (2705712)|HEAP_ALLOCATE|[7]|Bytes:6
21:33:11.0 (2778483)|HEAP_ALLOCATE|[7]|Bytes:251
21:33:11.0 (2798359)|HEAP_ALLOCATE|[7]|Bytes:257
21:33:11.0 (2817442)|USER_DEBUG|[7]|DEBUG|data::ETLC_ApexBridge_Data:[debug=true, input={"mode":"saveFollowedUsers","followedUsers":"[{\"id\":\"00550000005d7KnAAI\",\"name\":\"Test User\"}]"}, isSuccess=null, messages=null, operation=BFFFollow_Controller, output=null, outputFlag=null, records=null]
21:33:11.0 (2825390)|STATEMENT_EXECUTE|[8]
21:33:11.0 (2884464)|VARIABLE_ASSIGNMENT|[EXTERNAL]|this|{"debug":true,"input":"{\"mode\":\"saveFollowe (83 more) ...","operation":"BFFFollow_Controller"}|0x3e2d8f92
21:33:11.0 (2903665)|METHOD_ENTRY|[8]||System.Type.forName(String)
21:33:11.0 (3109881)|METHOD_EXIT|[8]||System.Type.forName(String)
21:33:11.0 (3120907)|METHOD_ENTRY|[8]||System.Type.newInstance()
21:33:11.0 (3252758)|STATEMENT_EXECUTE|[1]
21:33:11.0 (3264250)|HEAP_ALLOCATE|[33]|Bytes:5
21:33:11.0 (3276371)|METHOD_EXIT|[1]|BFFFollow_Controller
21:33:11.0 (3281347)|HEAP_ALLOCATE|[33]|Bytes:4
21:33:11.0 (3285753)|VARIABLE_SCOPE_BEGIN|[1]|this|BFFFollow_Controller|true|false
21:33:11.0 (3304243)|VARIABLE_ASSIGNMENT|[1]|this|{}|0x16a43c03
21:33:11.0 (3313518)|HEAP_ALLOCATE|[33]|Bytes:5
21:33:11.0 (3322981)|HEAP_ALLOCATE|[33]|Bytes:11
21:33:11.0 (3331323)|METHOD_ENTRY|[1]|01p50000002CIEj|ETLC_ApexBridge_Abstract.ETLC_ApexBridge_Abstract()
21:33:11.0 (3333646)|STATEMENT_EXECUTE|[1]
21:33:11.0 (3336539)|STATEMENT_EXECUTE|[1]
21:33:11.0 (3341432)|METHOD_EXIT|[1]|ETLC_ApexBridge_Abstract
21:33:11.0 (3346541)|CONSTRUCTOR_ENTRY|[EXTERNAL]|01p50000002CIEj|<init>()
21:33:11.0 (3352997)|VARIABLE_SCOPE_BEGIN|[1]|this|ETLC_ApexBridge_Abstract|true|false
21:33:11.0 (3368038)|VARIABLE_ASSIGNMENT|[1]|this|{}|0x16a43c03
21:33:11.0 (3381624)|STATEMENT_EXECUTE|[1]
21:33:11.0 (3386098)|CONSTRUCTOR_EXIT|[EXTERNAL]|01p50000002CIEj|<init>()
21:33:11.0 (3391706)|STATEMENT_EXECUTE|[1]
21:33:11.0 (3396237)|HEAP_ALLOCATE|[33]|Bytes:5
21:33:11.0 (3412934)|METHOD_EXIT|[8]||System.Type.newInstance()
21:33:11.0 (3420161)|VARIABLE_SCOPE_BEGIN|[8]|executor|ETLC_ApexBridge_Abstract|true|false
21:33:11.0 (3435462)|VARIABLE_ASSIGNMENT|[8]|executor|{}|0x16a43c03
21:33:11.0 (3438220)|STATEMENT_EXECUTE|[9]
21:33:11.0 (3459527)|METHOD_ENTRY|[9]|01p50000002D8iw|BFFFollow_Controller.process(ETLC_ApexBridge_Data)
21:33:11.0 (3474545)|VARIABLE_SCOPE_BEGIN|[3]|this|BFFFollow_Controller|true|false
21:33:11.0 (3490166)|VARIABLE_ASSIGNMENT|[3]|this|{}|0x16a43c03
21:33:11.0 (3492916)|VARIABLE_SCOPE_BEGIN|[3]|data|ETLC_ApexBridge_Data|true|false
21:33:11.0 (3517814)|VARIABLE_ASSIGNMENT|[3]|data|{"debug":true,"input":"{\"mode\":\"saveFollowe (83 more) ...","operation":"BFFFollow_Controller"}|0x3e2d8f92
21:33:11.0 (3527817)|HEAP_ALLOCATE|[4]|Bytes:5
21:33:11.0 (3532067)|STATEMENT_EXECUTE|[3]
21:33:11.0 (3533288)|STATEMENT_EXECUTE|[4]
21:33:11.0 (3584275)|VARIABLE_ASSIGNMENT|[EXTERNAL]|this|{"debug":true,"input":"{\"mode\":\"saveFollowe (83 more) ...","operation":"BFFFollow_Controller"}|0x3e2d8f92
21:33:11.0 (3604508)|VARIABLE_ASSIGNMENT|[4]|BFFFollow_Controller.debugFlag|true
21:33:11.0 (3643171)|VARIABLE_ASSIGNMENT|[EXTERNAL]|this|{"debug":true,"input":"{\"mode\":\"saveFollowe (83 more) ...","operation":"BFFFollow_Controller"}|0x3e2d8f92
21:33:11.0 (3656315)|STATEMENT_EXECUTE|[5]
21:33:11.0 (3664346)|HEAP_ALLOCATE|[5]|Bytes:12
21:33:11.0 (3700403)|HEAP_ALLOCATE|[5]|Bytes:251
21:33:11.0 (3715057)|HEAP_ALLOCATE|[5]|Bytes:263
21:33:11.0 (3727771)|USER_DEBUG|[5]|DEBUG|data BEFORE:ETLC_ApexBridge_Data:[debug=true, input={"mode":"saveFollowedUsers","followedUsers":"[{\"id\":\"00550000005d7KnAAI\",\"name\":\"Test User\"}]"}, isSuccess=null, messages=null, operation=BFFFollow_Controller, output=null, outputFlag=null, records=null]
21:33:11.0 (3736957)|STATEMENT_EXECUTE|[7]
21:33:11.0 (3744683)|HEAP_ALLOCATE|[7]|Bytes:4
21:33:11.0 (3757069)|METHOD_ENTRY|[7]|01p50000002CIEo|ETLC_ApexBridge_Data.getInputValue(String)
21:33:11.0 (3770905)|VARIABLE_SCOPE_BEGIN|[52]|this|ETLC_ApexBridge_Data|true|false
21:33:11.0 (3800692)|VARIABLE_ASSIGNMENT|[52]|this|{"debug":true,"input":"{\"mode\":\"saveFollowe (83 more) ...","operation":"BFFFollow_Controller"}|0x3e2d8f92
21:33:11.0 (3804961)|VARIABLE_SCOPE_BEGIN|[52]|key|String|false|false
21:33:11.0 (3808545)|VARIABLE_ASSIGNMENT|[52]|key|"mode"
21:33:11.0 (3812661)|STATEMENT_EXECUTE|[52]
21:33:11.0 (3813973)|STATEMENT_EXECUTE|[53]
21:33:11.0 (3860908)|VARIABLE_ASSIGNMENT|[EXTERNAL]|this|{"debug":true,"input":"{\"mode\":\"saveFollowe (83 more) ...","operation":"BFFFollow_Controller"}|0x3e2d8f92
21:33:11.0 (3878092)|METHOD_ENTRY|[53]||System.JSON.deserializeUntyped(String)
21:33:11.0 (4150375)|METHOD_EXIT|[53]||System.JSON.deserializeUntyped(String)
21:33:11.0 (4160298)|VARIABLE_SCOPE_BEGIN|[53]|inputMap|Map<String,ANY>|true|false
21:33:11.0 (4188190)|VARIABLE_ASSIGNMENT|[53]|inputMap|{"s":1,"v":{"mode":"saveFollowedUsers","followedUsers":"[{\"id\":\"00550000005d (28 more) ..."}}|0x5cf57251
21:33:11.0 (4192308)|STATEMENT_EXECUTE|[54]
21:33:11.0 (4233936)|METHOD_EXIT|[7]|01p50000002CIEo|ETLC_ApexBridge_Data.getInputValue(String)
21:33:11.0 (4239612)|VARIABLE_SCOPE_BEGIN|[7]|mode|String|false|false
21:33:11.0 (4247213)|VARIABLE_ASSIGNMENT|[7]|mode|"saveFollowedUsers"
21:33:11.0 (4252062)|HEAP_ALLOCATE|[9]|Bytes:18
21:33:11.0 (4281512)|HEAP_ALLOCATE|[12]|Bytes:17
21:33:11.0 (4294285)|STATEMENT_EXECUTE|[12]
21:33:11.0 (4295962)|STATEMENT_EXECUTE|[13]
21:33:11.0 (4336995)|HEAP_ALLOCATE|[13]|Bytes:85
21:33:11.0 (4349187)|SYSTEM_METHOD_ENTRY|[1]|UserInfo.UserInfo()
21:33:11.0 (4351610)|STATEMENT_EXECUTE|[1]
21:33:11.0 (4358394)|SYSTEM_METHOD_EXIT|[1]|UserInfo
21:33:11.0 (4369304)|METHOD_ENTRY|[13]||System.UserInfo.getUserId()
21:33:11.0 (4401416)|METHOD_EXIT|[13]||System.UserInfo.getUserId()
21:33:11.0 (4414851)|HEAP_ALLOCATE|[13]|Bytes:4
21:33:11.0 (4420927)|HEAP_ALLOCATE|[13]|Bytes:13
21:33:11.0 (4430654)|METHOD_ENTRY|[13]|01p50000002CIEo|ETLC_ApexBridge_Data.getInputValue(String)
21:33:11.0 (4435121)|VARIABLE_SCOPE_BEGIN|[52]|this|ETLC_ApexBridge_Data|true|false
21:33:11.0 (4465089)|VARIABLE_ASSIGNMENT|[52]|this|{"debug":true,"input":"{\"mode\":\"saveFollowe (83 more) ...","operation":"BFFFollow_Controller"}|0x3e2d8f92
21:33:11.0 (4468991)|VARIABLE_SCOPE_BEGIN|[52]|key|String|false|false
21:33:11.0 (4472665)|VARIABLE_ASSIGNMENT|[52]|key|"followedUsers"
21:33:11.0 (4476084)|STATEMENT_EXECUTE|[52]
21:33:11.0 (4477270)|STATEMENT_EXECUTE|[53]
21:33:11.0 (4511519)|VARIABLE_ASSIGNMENT|[EXTERNAL]|this|{"debug":true,"input":"{\"mode\":\"saveFollowe (83 more) ...","operation":"BFFFollow_Controller"}|0x3e2d8f92
21:33:11.0 (4523930)|METHOD_ENTRY|[53]||System.JSON.deserializeUntyped(String)
21:33:11.0 (4660603)|METHOD_EXIT|[53]||System.JSON.deserializeUntyped(String)
21:33:11.0 (4668754)|VARIABLE_SCOPE_BEGIN|[53]|inputMap|Map<String,ANY>|true|false
21:33:11.0 (4688910)|VARIABLE_ASSIGNMENT|[53]|inputMap|{"s":1,"v":{"mode":"saveFollowedUsers","followedUsers":"[{\"id\":\"00550000005d (28 more) ..."}}|0x31e82172
21:33:11.0 (4692471)|STATEMENT_EXECUTE|[54]
21:33:11.0 (4712247)|METHOD_EXIT|[13]|01p50000002CIEo|ETLC_ApexBridge_Data.getInputValue(String)
21:33:11.0 (4733661)|METHOD_ENTRY|[13]|01p50000002D8iw|BFFFollow_Controller.saveFollowedUsers(Id, String)
21:33:11.0 (4743759)|VARIABLE_SCOPE_BEGIN|[44]|this|BFFFollow_Controller|true|false
21:33:11.0 (4760021)|VARIABLE_ASSIGNMENT|[44]|this|{}|0x16a43c03
21:33:11.0 (4764686)|VARIABLE_SCOPE_BEGIN|[44]|followedById|Id|false|false
21:33:11.0 (4824918)|VARIABLE_ASSIGNMENT|[44]|followedById|"00550000005cg71AAA"
21:33:11.0 (4832940)|VARIABLE_SCOPE_BEGIN|[44]|followedUsers|String|false|false
21:33:11.0 (4840045)|VARIABLE_ASSIGNMENT|[44]|followedUsers|"[{\"id\":\"00550000005d (28 more) ..."
21:33:11.0 (4849826)|HEAP_ALLOCATE|[45]|Bytes:5
21:33:11.0 (4854223)|STATEMENT_EXECUTE|[44]
21:33:11.0 (4855471)|STATEMENT_EXECUTE|[45]
21:33:11.0 (4856410)|STATEMENT_EXECUTE|[45]
21:33:11.0 (4857601)|STATEMENT_EXECUTE|[46]
21:33:11.0 (4865676)|HEAP_ALLOCATE|[46]|Bytes:49
21:33:11.0 (4904826)|HEAP_ALLOCATE|[46]|Bytes:18
21:33:11.0 (4916892)|HEAP_ALLOCATE|[46]|Bytes:9
21:33:11.0 (4925739)|HEAP_ALLOCATE|[46]|Bytes:76
21:33:11.0 (4930286)|VARIABLE_SCOPE_BEGIN|[46]|soql|String|false|false
21:33:11.0 (4939434)|VARIABLE_ASSIGNMENT|[46]|soql|"SELECT Id FROM BFFFo (56 more) ..."
21:33:11.0 (4946337)|STATEMENT_EXECUTE|[48]
21:33:11.0 (4947627)|STATEMENT_EXECUTE|[48]
21:33:11.0 (4954662)|HEAP_ALLOCATE|[48]|Bytes:24
21:33:11.0 (4960866)|HEAP_ALLOCATE|[48]|Bytes:100
21:33:11.0 (4989026)|USER_DEBUG|[48]|DEBUG|fetchFollowedUsers:soql:SELECT Id FROM BFFFollow__c WHERE FollowedBy__c='00550000005cg71AAA' limit 1
21:33:11.0 (4996226)|STATEMENT_EXECUTE|[49]
21:33:11.0 (5076962)|HEAP_ALLOCATE|[49]|Bytes:9
21:33:11.0 (5084473)|HEAP_ALLOCATE|[49]|Bytes:29
21:33:11.0 (5087304)|HEAP_ALLOCATE|[49]|Bytes:21
21:33:11.0 (5096491)|METHOD_ENTRY|[7]|01p50000002CIEt|ETLC_SecuredDB.ETLC_SecuredDB()
21:33:11.0 (5100075)|STATEMENT_EXECUTE|[7]
21:33:11.0 (5104355)|STATEMENT_EXECUTE|[7]
21:33:11.0 (5114368)|HEAP_ALLOCATE|[49]|Bytes:5
21:33:11.0 (5130070)|METHOD_EXIT|[7]|ETLC_SecuredDB
21:33:11.0 (5146339)|METHOD_ENTRY|[49]|01p50000002CIEt|ETLC_SecuredDB.query(String)
21:33:11.0 (5162086)|VARIABLE_SCOPE_BEGIN|[10]|SOQL|String|false|false
21:33:11.0 (5170751)|VARIABLE_ASSIGNMENT|[10]|SOQL|"SELECT Id FROM BFFFo (56 more) ..."
21:33:11.0 (5179088)|HEAP_ALLOCATE|[12]|Bytes:5
21:33:11.0 (5184840)|STATEMENT_EXECUTE|[10]
21:33:11.0 (5187095)|STATEMENT_EXECUTE|[12]
21:33:11.0 (5583062)|SOQL_EXECUTE_BEGIN|[12]|Aggregations:0|SELECT Id FROM BFFFollow__c WHERE FollowedBy__c='00550000005cg71AAA' limit 1
21:33:11.0 (7539719)|SOQL_EXECUTE_END|[12]|Rows:1
21:33:11.0 (7561644)|HEAP_ALLOCATE|[12]|Bytes:8
21:33:11.0 (7572442)|HEAP_ALLOCATE|[12]|Bytes:33
21:33:11.0 (7665460)|HEAP_ALLOCATE|[12]|Bytes:8
21:33:11.0 (7680215)|VARIABLE_SCOPE_BEGIN|[12]|dbRecords|List<SObject>|true|false
21:33:11.0 (7706645)|VARIABLE_ASSIGNMENT|[12]|dbRecords|{"s":1,"v":[{"s":2,"v":{"Id":"a005000000ezW4dAAE"}}]}|0x7d3ea2eb
21:33:11.0 (7710467)|STATEMENT_EXECUTE|[20]
21:33:11.0 (7774941)|HEAP_ALLOCATE|[20]|Bytes:12
21:33:11.0 (7781671)|HEAP_ALLOCATE|[20]|Bytes:8
21:33:11.0 (7806108)|HEAP_ALLOCATE|[20]|Bytes:12
21:33:11.0 (7810262)|HEAP_ALLOCATE|[20]|Bytes:9
21:33:11.0 (7824048)|HEAP_ALLOCATE|[20]|Bytes:12
21:33:11.0 (7828528)|HEAP_ALLOCATE|[20]|Bytes:8
21:33:11.0 (7841006)|HEAP_ALLOCATE|[20]|Bytes:12
21:33:11.0 (7844583)|HEAP_ALLOCATE|[20]|Bytes:8
21:33:11.0 (7854186)|HEAP_ALLOCATE|[20]|Bytes:12
21:33:11.0 (7857494)|HEAP_ALLOCATE|[20]|Bytes:9
21:33:11.0 (7885745)|METHOD_ENTRY|[20]|01p50000002CIEt|ETLC_SecuredDB.findFields(List<SObject>)
21:33:11.0 (7903009)|VARIABLE_SCOPE_BEGIN|[108]|dbRecords|List<SObject>|true|false
21:33:11.0 (7919084)|VARIABLE_ASSIGNMENT|[108]|dbRecords|{"s":1,"v":[{"s":2,"v":{"Id":"a005000000ezW4dAAE"}}]}|0x7d3ea2eb
21:33:11.0 (7929416)|HEAP_ALLOCATE|[109]|Bytes:5
21:33:11.0 (7933941)|STATEMENT_EXECUTE|[108]
21:33:11.0 (7935281)|STATEMENT_EXECUTE|[109]
21:33:11.0 (7943292)|VARIABLE_SCOPE_BEGIN|[109]|strJSON|String|false|false
21:33:11.0 (7949178)|VARIABLE_ASSIGNMENT|[109]|strJSON|null
21:33:11.0 (7951121)|STATEMENT_EXECUTE|[110]
21:33:11.0 (7958420)|VARIABLE_SCOPE_BEGIN|[110]|mapFields|Map<String,Set<String>>|true|false
21:33:11.0 (7963349)|VARIABLE_ASSIGNMENT|[110]|mapFields|null|
21:33:11.0 (7965113)|STATEMENT_EXECUTE|[112]
21:33:11.0 (7976925)|METHOD_ENTRY|[112]||System.JSON.serialize(Object)
21:33:11.0 (8383461)|METHOD_EXIT|[112]||System.JSON.serialize(Object)
21:33:11.0 (8398353)|VARIABLE_ASSIGNMENT|[112]|strJSON|"[{\"attributes\":{\"typ (116 more) ..."
21:33:11.0 (8401840)|STATEMENT_EXECUTE|[113]
21:33:11.0 (8410058)|HEAP_ALLOCATE|[113]|Bytes:5
21:33:11.0 (8418379)|HEAP_ALLOCATE|[113]|Bytes:141
21:33:11.0 (8442442)|USER_DEBUG|[113]|DEBUG|JSON:[{"attributes":{"type":"BFFFollow__c","url":"/services/data/v37.0/sobjects/BFFFollow__c/a005000000ezW4dAAE"},"Id":"a005000000ezW4dAAE"}]
21:33:11.0 (8450185)|STATEMENT_EXECUTE|[114]
21:33:11.0 (8458934)|HEAP_ALLOCATE|[114]|Bytes:4
21:33:11.0 (8481499)|VARIABLE_ASSIGNMENT|[114]|mapFields|{"s":1,"v":{}}|0x6601bcea
21:33:11.0 (8484621)|STATEMENT_EXECUTE|[115]
21:33:11.0 (8495059)|METHOD_ENTRY|[115]||System.JSON.deserializeUntyped(String)
21:33:11.0 (8757446)|METHOD_EXIT|[115]||System.JSON.deserializeUntyped(String)
21:33:11.0 (8766839)|VARIABLE_SCOPE_BEGIN|[115]|records|List<ANY>|true|false
21:33:11.0 (8791613)|HEAP_ALLOCATE|[EXTERNAL]|Bytes:8
21:33:11.0 (8812791)|VARIABLE_ASSIGNMENT|[115]|records|{"s":1,"v":[{"s":2,"v":{"attributes":{"s":3,"v":{"type":"BFFFollow__c","url":"/services/data/v37.0 (41 more) ..."}},"Id":"a005000000ezW4dAAE"}}]}|0x6e20733b
21:33:11.0 (8856088)|HEAP_ALLOCATE|[116]|Bytes:5
21:33:11.0 (8873329)|HEAP_ALLOCATE|[116]|Bytes:12
21:33:11.0 (8889071)|VARIABLE_SCOPE_BEGIN|[116]|record|Object|false|false
21:33:11.0 (8910723)|VARIABLE_ASSIGNMENT|[116]|record|{"s":1,"v":{"attributes":{"s":2,"v":{"type":"BFFFollow__c","url":"/services/data/v37.0 (41 more) ..."}},"Id":"a005000000ezW4dAAE"}}
21:33:11.0 (8914990)|STATEMENT_EXECUTE|[116]
21:33:11.0 (8916242)|STATEMENT_EXECUTE|[117]
21:33:11.0 (8933943)|METHOD_ENTRY|[117]|01p50000002CIEt|ETLC_SecuredDB.findFieldsRecursive(Map<String,Set<String>>, Map<String,ANY>)
21:33:11.0 (8949125)|VARIABLE_SCOPE_BEGIN|[124]|mapFields|Map<String,Set<String>>|true|false
21:33:11.0 (8960796)|VARIABLE_ASSIGNMENT|[124]|mapFields|{"s":1,"v":{}}|0x6601bcea
21:33:11.0 (8964024)|VARIABLE_SCOPE_BEGIN|[124]|record|Map<String,ANY>|true|false
21:33:11.0 (8974285)|VARIABLE_ASSIGNMENT|[124]|record|{"s":1,"v":{"attributes":{"s":2,"v":{"type":"BFFFollow__c","url":"/services/data/v37.0 (41 more) ..."}},"Id":"a005000000ezW4dAAE"}}|0x4639bdff
21:33:11.0 (8984041)|HEAP_ALLOCATE|[125]|Bytes:5
21:33:11.0 (8988376)|STATEMENT_EXECUTE|[124]
21:33:11.0 (8989562)|STATEMENT_EXECUTE|[125]
21:33:11.0 (8995974)|HEAP_ALLOCATE|[125]|Bytes:10
21:33:11.0 (9000640)|VARIABLE_SCOPE_BEGIN|[125]|strAttributes|String|false|false
21:33:11.0 (9008045)|VARIABLE_ASSIGNMENT|[125]|strAttributes|"attributes"
21:33:11.0 (9010041)|STATEMENT_EXECUTE|[126]
21:33:11.0 (9014672)|HEAP_ALLOCATE|[126]|Bytes:7
21:33:11.0 (9017919)|VARIABLE_SCOPE_BEGIN|[126]|strRecord|String|false|false
21:33:11.0 (9022694)|VARIABLE_ASSIGNMENT|[126]|strRecord|"records"
21:33:11.0 (9055634)|STATEMENT_EXECUTE|[127]
21:33:11.0 (9057596)|STATEMENT_EXECUTE|[128]
21:33:11.0 (9090901)|VARIABLE_SCOPE_BEGIN|[128]|attributes|Map<String,ANY>|true|false
21:33:11.0 (9107943)|VARIABLE_ASSIGNMENT|[128]|attributes|{"s":1,"v":{"type":"BFFFollow__c","url":"/services/data/v37.0 (41 more) ..."}}|0x6279a9ca
21:33:11.0 (9111579)|STATEMENT_EXECUTE|[129]
21:33:11.0 (9118674)|HEAP_ALLOCATE|[129]|Bytes:4
21:33:11.0 (9149978)|VARIABLE_SCOPE_BEGIN|[129]|objectName|String|false|false
21:33:11.0 (9158170)|VARIABLE_ASSIGNMENT|[129]|objectName|"BFFFollow__c"
21:33:11.0 (9166671)|HEAP_ALLOCATE|[130]|Bytes:4
21:33:11.0 (9222688)|HEAP_ALLOCATE|[130]|Bytes:24
21:33:11.0 (9242026)|HEAP_ALLOCATE|[130]|Bytes:8
21:33:11.0 (9265162)|HEAP_ALLOCATE|[130]|Bytes:5
21:33:11.0 (9279047)|VARIABLE_SCOPE_BEGIN|[130]|fieldName|String|false|false
21:33:11.0 (9286567)|VARIABLE_ASSIGNMENT|[130]|fieldName|"attributes"
21:33:11.0 (9289495)|STATEMENT_EXECUTE|[130]
21:33:11.0 (9290649)|STATEMENT_EXECUTE|[131]
21:33:11.0 (9330988)|VARIABLE_SCOPE_BEGIN|[131]|field|Object|false|false
21:33:11.0 (9349234)|VARIABLE_ASSIGNMENT|[131]|field|{"s":1,"v":{"type":"BFFFollow__c","url":"/services/data/v37.0 (41 more) ..."}}
21:33:11.0 (9369337)|STATEMENT_EXECUTE|[132]
21:33:11.0 (9386427)|HEAP_ALLOCATE|[130]|Bytes:5
21:33:11.0 (9399229)|VARIABLE_SCOPE_BEGIN|[130]|fieldName|String|false|false
21:33:11.0 (9406435)|VARIABLE_ASSIGNMENT|[130]|fieldName|"Id"
21:33:11.0 (9408879)|STATEMENT_EXECUTE|[130]
21:33:11.0 (9409973)|STATEMENT_EXECUTE|[131]
21:33:11.0 (9428783)|VARIABLE_SCOPE_BEGIN|[131]|field|Object|false|false
21:33:11.0 (9437318)|VARIABLE_ASSIGNMENT|[131]|field|"a005000000ezW4dAAE"
21:33:11.0 (9448423)|HEAP_ALLOCATE|[134]|Bytes:68
21:33:11.0 (9467224)|STATEMENT_EXECUTE|[136]
21:33:11.0 (9469085)|STATEMENT_EXECUTE|[137]
21:33:11.0 (9477694)|HEAP_ALLOCATE|[137]|Bytes:4
21:33:11.0 (9509985)|VARIABLE_SCOPE_BEGIN|[137]|fieldNames|Set<String>|true|false
21:33:11.0 (9528029)|VARIABLE_ASSIGNMENT|[137]|fieldNames|{"s":1,"v":[]}|0x974bf83
21:33:11.0 (9560260)|STATEMENT_EXECUTE|[138]
21:33:11.0 (9566158)|STATEMENT_EXECUTE|[139]
21:33:11.0 (9596695)|HEAP_ALLOCATE|[EXTERNAL]|Bytes:4
21:33:11.0 (9606048)|STATEMENT_EXECUTE|[140]
21:33:11.0 (9635438)|HEAP_ALLOCATE|[EXTERNAL]|Bytes:-4
21:33:11.0 (9650387)|HEAP_ALLOCATE|[130]|Bytes:5
21:33:11.0 (9662529)|VARIABLE_ASSIGNMENT|[130]|fieldName|null
21:33:11.0 (9672913)|METHOD_EXIT|[117]|01p50000002CIEt|ETLC_SecuredDB.findFieldsRecursive(Map<String,Set<String>>, Map<String,ANY>)
21:33:11.0 (9682754)|HEAP_ALLOCATE|[116]|Bytes:5
21:33:11.0 (9696817)|VARIABLE_ASSIGNMENT|[116]|record|null
21:33:11.0 (9703081)|HEAP_ALLOCATE|[119]|Bytes:4
21:33:11.0 (9734997)|HEAP_ALLOCATE|[119]|Bytes:20
21:33:11.0 (9747844)|HEAP_ALLOCATE|[119]|Bytes:4
21:33:11.0 (9764808)|HEAP_ALLOCATE|[119]|Bytes:5
21:33:11.0 (9777206)|VARIABLE_SCOPE_BEGIN|[119]|objectName|String|false|false
21:33:11.0 (9785066)|VARIABLE_ASSIGNMENT|[119]|objectName|"BFFFollow__c"
21:33:11.0 (9787800)|STATEMENT_EXECUTE|[119]
21:33:11.0 (9788914)|STATEMENT_EXECUTE|[120]
21:33:11.0 (9796163)|HEAP_ALLOCATE|[120]|Bytes:2
21:33:11.0 (9849590)|HEAP_ALLOCATE|[120]|Bytes:4
21:33:11.0 (9863135)|HEAP_ALLOCATE|[120]|Bytes:18
21:33:11.0 (9874423)|USER_DEBUG|[120]|DEBUG|BFFFollow__c: {Id}
21:33:11.0 (9891739)|HEAP_ALLOCATE|[119]|Bytes:5
21:33:11.0 (9903752)|VARIABLE_ASSIGNMENT|[119]|objectName|null
21:33:11.0 (9906968)|STATEMENT_EXECUTE|[122]
21:33:11.0 (9919232)|METHOD_EXIT|[20]|01p50000002CIEt|ETLC_SecuredDB.findFields(List<SObject>)
21:33:11.0 (9931262)|METHOD_ENTRY|[20]|01p50000002CIEt|ETLC_SecuredDB.validate(ETLC_SecuredDB.Operation, Map<String,Set<String>>)
21:33:11.0 (9936405)|VARIABLE_SCOPE_BEGIN|[55]|op|ETLC_SecuredDB.Operation|true|false
21:33:11.0 (9953560)|VARIABLE_ASSIGNMENT|[55]|op|"Querying"|0x6420ac3d
21:33:11.0 (9956466)|VARIABLE_SCOPE_BEGIN|[55]|mapFieldNames|Map<String,Set<String>>|true|false
21:33:11.0 (9970447)|VARIABLE_ASSIGNMENT|[55]|mapFieldNames|{"s":1,"v":{"BFFFollow__c":{"s":2,"v":["Id"]}}}|0x6601bcea
21:33:11.0 (9978618)|HEAP_ALLOCATE|[56]|Bytes:5
21:33:11.0 (9983040)|STATEMENT_EXECUTE|[55]
21:33:11.0 (9984657)|STATEMENT_EXECUTE|[56]
21:33:11.0 (9991708)|VARIABLE_SCOPE_BEGIN|[56]|securityMessage|String|false|false
21:33:11.0 (9997056)|VARIABLE_ASSIGNMENT|[56]|securityMessage|null
21:33:11.0 (9998761)|STATEMENT_EXECUTE|[57]
21:33:11.0 (21081934)|HEAP_ALLOCATE|[57]|Bytes:1440
21:33:11.0 (21098891)|VARIABLE_SCOPE_BEGIN|[57]|mapObjects|Map<String,Schema.SObjectType>|true|false
21:33:11.0 (21300350)|VARIABLE_ASSIGNMENT|[57]|mapObjects|"{acceptedeventrelation=AcceptedEventRelation, account=Account, accountcontactrole=AccountContactRole, accountfeed=AccountFeed, accounthistory=AccountHistory, accountpartner=AccountPartner, accountshare=AccountShare, actionlinkgrouptemplate=ActionLinkGroupTemplate, actionlinktemplate=ActionLinkTemplate, activityhistory=ActivityHistory, ...}"|0x6f7d2303
21:33:11.0 (21311771)|HEAP_ALLOCATE|[58]|Bytes:4
21:33:11.0 (21352907)|HEAP_ALLOCATE|[58]|Bytes:20
21:33:11.0 (21366988)|HEAP_ALLOCATE|[58]|Bytes:4
21:33:11.0 (21385888)|HEAP_ALLOCATE|[58]|Bytes:5
21:33:11.0 (21399956)|VARIABLE_SCOPE_BEGIN|[58]|sObjectName|String|false|false
21:33:11.0 (21409119)|VARIABLE_ASSIGNMENT|[58]|sObjectName|"BFFFollow__c"
21:33:11.0 (21412143)|STATEMENT_EXECUTE|[58]
21:33:11.0 (21413582)|STATEMENT_EXECUTE|[59]
21:33:11.0 (21422526)|HEAP_ALLOCATE|[59]|Bytes:9
21:33:11.0 (21426236)|HEAP_ALLOCATE|[59]|Bytes:7
21:33:11.0 (21465893)|HEAP_ALLOCATE|[59]|Bytes:8
21:33:11.0 (21477683)|HEAP_ALLOCATE|[59]|Bytes:1
21:33:11.0 (21489691)|HEAP_ALLOCATE|[59]|Bytes:37
21:33:11.0 (21499901)|VARIABLE_ASSIGNMENT|[59]|securityMessage|"CRUD on [BFFFollow__ (17 more) ..."
21:33:11.0 (21503198)|STATEMENT_EXECUTE|[60]
21:33:11.0 (21510414)|HEAP_ALLOCATE|[60]|Bytes:10
21:33:11.0 (21516498)|HEAP_ALLOCATE|[60]|Bytes:47
21:33:11.0 (21540651)|USER_DEBUG|[60]|DEBUG|Checking: CRUD on [BFFFollow__c] for [Querying]
21:33:11.0 (21547728)|STATEMENT_EXECUTE|[61]
21:33:11.0 (21803952)|HEAP_ALLOCATE|[61]|Bytes:4
21:33:11.0 (21844611)|VARIABLE_SCOPE_BEGIN|[61]|drSObj|Schema.DescribeSObjectResult|true|false
21:33:11.0 (21929913)|VARIABLE_ASSIGNMENT|[61]|drSObj|"common.api.soap.wsdl.DescribeSObjectResult@a54f9caa"|0x6c41c7f7
21:33:11.0 (22049037)|STATEMENT_EXECUTE|[64]
21:33:11.0 (22069428)|STATEMENT_EXECUTE|[65]
21:33:11.0 (22125105)|STATEMENT_EXECUTE|[77]
21:33:11.0 (22127629)|STATEMENT_EXECUTE|[79]
21:33:11.0 (22360456)|HEAP_ALLOCATE|[79]|Bytes:56
21:33:11.0 (22371577)|VARIABLE_SCOPE_BEGIN|[79]|mapFields|Map<String,Schema.SObjectField>|true|false
21:33:11.0 (22525336)|VARIABLE_ASSIGNMENT|[79]|mapFields|"{createdbyid=CreatedById, createddate=CreatedDate, followedby__c=FollowedBy__c, followedusers__c=FollowedUsers__c, id=Id, isdeleted=IsDeleted, lastmodifiedbyid=LastModifiedById, lastmodifieddate=LastModifiedDate, lastreferenceddate=LastReferencedDate, lastvieweddate=LastViewedDate, ...}"|0xde1df06
21:33:11.0 (22535867)|HEAP_ALLOCATE|[80]|Bytes:4
21:33:11.0 (22577972)|HEAP_ALLOCATE|[80]|Bytes:4
21:33:11.0 (22597229)|HEAP_ALLOCATE|[80]|Bytes:5
21:33:11.0 (22610171)|VARIABLE_SCOPE_BEGIN|[80]|fieldName|String|false|false
21:33:11.0 (22617803)|VARIABLE_ASSIGNMENT|[80]|fieldName|"Id"
21:33:11.0 (22621109)|STATEMENT_EXECUTE|[80]
21:33:11.0 (22622510)|STATEMENT_EXECUTE|[81]
21:33:11.0 (22917359)|HEAP_ALLOCATE|[81]|Bytes:8
21:33:11.0 (22949425)|VARIABLE_SCOPE_BEGIN|[81]|drField|Schema.DescribeFieldResult|true|false
21:33:11.0 (23023218)|VARIABLE_ASSIGNMENT|[81]|drField|"common.api.soap.wsdl.Field@4c7614f8"|0x5880117
21:33:11.0 (23046347)|STATEMENT_EXECUTE|[99]
21:33:11.0 (23048204)|STATEMENT_EXECUTE|[100]
21:33:11.0 (23056874)|HEAP_ALLOCATE|[100]|Bytes:22
21:33:11.0 (23061446)|HEAP_ALLOCATE|[100]|Bytes:1
21:33:11.0 (23099078)|HEAP_ALLOCATE|[100]|Bytes:8
21:33:11.0 (23118392)|HEAP_ALLOCATE|[100]|Bytes:52
21:33:11.0 (23122382)|HEAP_ALLOCATE|[100]|Bytes:35
21:33:11.0 (23126624)|HEAP_ALLOCATE|[100]|Bytes:87
21:33:11.0 (23137283)|USER_DEBUG|[100]|DEBUG|Bypass Check: FLS on [BFFFollow__c.Id] for [Querying] since it's not isPermissionable()
21:33:11.0 (23150912)|HEAP_ALLOCATE|[80]|Bytes:5
21:33:11.0 (23162943)|VARIABLE_ASSIGNMENT|[80]|fieldName|null
21:33:11.0 (23171822)|HEAP_ALLOCATE|[58]|Bytes:5
21:33:11.0 (23180892)|VARIABLE_ASSIGNMENT|[58]|sObjectName|null
21:33:11.0 (23190547)|METHOD_EXIT|[20]|01p50000002CIEt|ETLC_SecuredDB.validate(ETLC_SecuredDB.Operation, Map<String,Set<String>>)
21:33:11.0 (23194637)|STATEMENT_EXECUTE|[21]
21:33:11.0 (23205032)|METHOD_EXIT|[49]|01p50000002CIEt|ETLC_SecuredDB.query(String)
21:33:11.0 (23209943)|VARIABLE_SCOPE_BEGIN|[49]|dbRecords|List<SObject>|true|false
21:33:11.0 (23227713)|VARIABLE_ASSIGNMENT|[49]|dbRecords|{"s":1,"v":[{"s":2,"v":{"Id":"a005000000ezW4dAAE"}}]}|0x7d3ea2eb
21:33:11.0 (23230786)|STATEMENT_EXECUTE|[50]
21:33:11.0 (23250676)|HEAP_ALLOCATE|[50]|Bytes:4
21:33:11.0 (23361786)|VARIABLE_SCOPE_BEGIN|[50]|record|BFFFollow__c|true|false
21:33:11.0 (23378435)|VARIABLE_ASSIGNMENT|[50]|record|{}|0x1a1197b4
21:33:11.0 (23452212)|STATEMENT_EXECUTE|[51]
21:33:11.0 (23454522)|STATEMENT_EXECUTE|[52]
21:33:11.0 (23467086)|HEAP_ALLOCATE|[52]|Bytes:8
21:33:11.0 (23473606)|HEAP_ALLOCATE|[52]|Bytes:2
21:33:11.0 (23538537)|HEAP_ALLOCATE|[52]|Bytes:4
21:33:11.0 (23554701)|HEAP_ALLOCATE|[52]|Bytes:4
21:33:11.0 (23623313)|VARIABLE_ASSIGNMENT|[52]|this.Id|"a005000000ezW4dAAE"|0x1a1197b4
21:33:11.0 (23627860)|STATEMENT_EXECUTE|[54]
21:33:11.0 (23677865)|VARIABLE_ASSIGNMENT|[54]|this.FollowedUsers__c|"[{\"id\":\"00550000005d (28 more) ..."|0x1a1197b4
21:33:11.0 (23682147)|STATEMENT_EXECUTE|[55]
21:33:11.0 (23734068)|VARIABLE_ASSIGNMENT|[55]|this.FollowedBy__c|"00550000005cg71AAA"|0x1a1197b4
21:33:11.0 (23737915)|STATEMENT_EXECUTE|[56]
21:33:11.0 (23775250)|HEAP_ALLOCATE|[56]|Bytes:8
21:33:11.0 (23802044)|DML_BEGIN|[56]|Op:Upsert|Type:BFFFollow__c|Rows:1
21:33:11.0 (23823840)|HEAP_ALLOCATE|[EXTERNAL]|Bytes:8
21:33:11.0 (55460178)|DML_END|[56]
21:33:11.0 (55496009)|STATEMENT_EXECUTE|[57]
21:33:11.0 (55499160)|STATEMENT_EXECUTE|[57]
21:33:11.0 (55593484)|USER_DEBUG|[57]|DEBUG|BFFFollow__c:{Id=a005000000ezW4dAAE, FollowedUsers__c=[{"id":"00550000005d7KnAAI","name":"Test User"}], FollowedBy__c=00550000005cg71AAA}
21:33:11.0 (55604588)|STATEMENT_EXECUTE|[58]
21:33:11.0 (55616562)|HEAP_ALLOCATE|[58]|Bytes:5
21:33:11.0 (55631386)|METHOD_EXIT|[13]|01p50000002D8iw|BFFFollow_Controller.saveFollowedUsers(Id, String)
21:33:11.0 (55711126)|VARIABLE_ASSIGNMENT|[EXTERNAL]|this|{"debug":true,"input":"{\"mode\":\"saveFollowe (83 more) ...","operation":"BFFFollow_Controller"}|0x3e2d8f92
21:33:11.0 (55720319)|VARIABLE_ASSIGNMENT|[EXTERNAL]|value|true
21:33:11.0 (55727116)|HEAP_ALLOCATE|[15]|Bytes:5
21:33:11.0 (55739792)|VARIABLE_ASSIGNMENT|[15]|this.outputFlag|true|0x3e2d8f92
21:33:11.0 (55751169)|STATEMENT_EXECUTE|[19]
21:33:11.0 (55752810)|STATEMENT_EXECUTE|[19]
21:33:11.0 (55768955)|HEAP_ALLOCATE|[19]|Bytes:11
21:33:11.0 (55844162)|HEAP_ALLOCATE|[19]|Bytes:251
21:33:11.0 (55874728)|HEAP_ALLOCATE|[19]|Bytes:262
21:33:11.0 (55893668)|USER_DEBUG|[19]|DEBUG|data AFTER:ETLC_ApexBridge_Data:[debug=true, input={"mode":"saveFollowedUsers","followedUsers":"[{\"id\":\"00550000005d7KnAAI\",\"name\":\"Test User\"}]"}, isSuccess=null, messages=null, operation=BFFFollow_Controller, output=null, outputFlag=true, records=null]
21:33:11.0 (55909182)|METHOD_EXIT|[9]|01p50000002D8iw|BFFFollow_Controller.process(ETLC_ApexBridge_Data)
21:33:11.0 (55913712)|STATEMENT_EXECUTE|[24]
21:33:11.0 (55932855)|METHOD_ENTRY|[24]|01p50000002CIEo|ETLC_ApexBridge_Data.toJSON()
21:33:11.0 (55952946)|VARIABLE_SCOPE_BEGIN|[57]|this|ETLC_ApexBridge_Data|true|false
21:33:11.0 (55986567)|VARIABLE_ASSIGNMENT|[57]|this|{"debug":true,"input":"{\"mode\":\"saveFollowe (83 more) ...","operation":"BFFFollow_Controller","outputFlag":true}|0x3e2d8f92
21:33:11.0 (55992757)|STATEMENT_EXECUTE|[57]
21:33:11.0 (55993986)|STATEMENT_EXECUTE|[58]
21:33:11.0 (56008979)|METHOD_ENTRY|[58]||System.JSON.serialize(Object)
21:33:11.0 (56113311)|STATEMENT_EXECUTE|[22]
21:33:11.0 (56117294)|STATEMENT_EXECUTE|[23]
21:33:11.0 (56128672)|HEAP_ALLOCATE|[23]|Bytes:5
21:33:11.0 (56144608)|VARIABLE_ASSIGNMENT|[23]|this.isSuccess|true|0x3e2d8f92
21:33:11.0 (56149122)|STATEMENT_EXECUTE|[24]
21:33:11.0 (56202285)|STATEMENT_EXECUTE|[31]
21:33:11.0 (56207416)|STATEMENT_EXECUTE|[32]
21:33:11.0 (56365885)|HEAP_ALLOCATE|[32]|Bytes:4
21:33:11.0 (56446506)|VARIABLE_ASSIGNMENT|[32]|this.messages|{"s":1,"v":{}}|0x3e2d8f92
21:33:11.0 (56450875)|STATEMENT_EXECUTE|[33]
21:33:11.0 (56809421)|METHOD_EXIT|[58]||System.JSON.serialize(Object)
21:33:11.0 (56816077)|METHOD_EXIT|[24]|01p50000002CIEo|ETLC_ApexBridge_Data.toJSON()
21:33:11.0 (56830279)|SYSTEM_MODE_EXIT|false
21:33:11.59 (59069315)|CUMULATIVE_LIMIT_USAGE
21:33:11.59 (59069315)|LIMIT_USAGE_FOR_NS|(default)|
  Number of SOQL queries: 1 out of 100
  Number of query rows: 1 out of 50000
  Number of SOSL queries: 0 out of 20
  Number of DML statements: 1 out of 150
  Number of DML rows: 1 out of 10000
  Maximum CPU time: 0 out of 10000
  Maximum heap size: 0 out of 6000000
  Number of callouts: 0 out of 100
  Number of Email Invocations: 0 out of 10
  Number of future calls: 0 out of 50
  Number of queueable jobs added to the queue: 0 out of 50
  Number of Mobile Apex push calls: 0 out of 10

21:33:11.59 (59069315)|CUMULATIVE_LIMIT_USAGE_END

21:33:11.0 (59129045)|CODE_UNIT_FINISHED|ETLC_ApexBridge_Controller.execute
