37.0 APEX_CODE,FINEST;APEX_PROFILING,INFO;CALLOUT,INFO;DB,INFO;SYSTEM,DEBUG;VALIDATION,INFO;VISUALFORCE,INFO;WORKFLOW,INFO
00:04:14.0 (681914)|USER_INFO|[EXTERNAL]|00550000005cg71|bfffollow@jr.te|Eastern Standard Time|GMT-04:00
00:04:14.0 (746937)|EXECUTION_STARTED
00:04:14.0 (761696)|CODE_UNIT_STARTED|[EXTERNAL]|aura
00:04:14.0 (1303502)|HEAP_ALLOCATE|[72]|Bytes:3
00:04:14.0 (1439628)|HEAP_ALLOCATE|[77]|Bytes:152
00:04:14.0 (1528976)|HEAP_ALLOCATE|[342]|Bytes:408
00:04:14.0 (1637228)|HEAP_ALLOCATE|[355]|Bytes:408
00:04:14.0 (1751758)|HEAP_ALLOCATE|[467]|Bytes:48
00:04:14.0 (1825354)|HEAP_ALLOCATE|[139]|Bytes:6
00:04:14.0 (1912967)|HEAP_ALLOCATE|[EXTERNAL]|Bytes:4
00:04:14.0 (3001691)|HEAP_ALLOCATE|[EXTERNAL]|Bytes:4
00:04:14.0 (3376787)|HEAP_ALLOCATE|[EXTERNAL]|Bytes:4
00:04:14.0 (3406221)|HEAP_ALLOCATE|[EXTERNAL]|Bytes:4
00:04:14.0 (4899411)|CODE_UNIT_STARTED|[EXTERNAL]|01p50000002D2uA|LookupSObjectController.lookup
00:04:14.0 (5194458)|HEAP_ALLOCATE|[EXTERNAL]|Bytes:6
00:04:14.0 (5217271)|HEAP_ALLOCATE|[EXTERNAL]|Bytes:2
00:04:14.0 (5247466)|METHOD_ENTRY|[11]|01p50000002D2uA|LookupSObjectController.LookupSObjectController()
00:04:14.0 (5262278)|STATEMENT_EXECUTE|[11]
00:04:14.0 (5280139)|STATEMENT_EXECUTE|[11]
00:04:14.0 (5335973)|HEAP_ALLOCATE|[50]|Bytes:5
00:04:14.0 (5400888)|HEAP_ALLOCATE|[56]|Bytes:5
00:04:14.0 (5436313)|HEAP_ALLOCATE|[64]|Bytes:7
00:04:14.0 (5485346)|SYSTEM_MODE_ENTER|false
00:04:14.0 (5523720)|HEAP_ALLOCATE|[EXTERNAL]|Bytes:5
00:04:14.0 (5544133)|STATEMENT_EXECUTE|[43]
00:04:14.0 (5561241)|SYSTEM_MODE_EXIT|false
00:04:14.0 (5587650)|METHOD_EXIT|[11]|LookupSObjectController
00:04:14.0 (5603753)|HEAP_ALLOCATE|[EXTERNAL]|Bytes:4
00:04:14.0 (5616550)|HEAP_ALLOCATE|[EXTERNAL]|Bytes:4
00:04:14.0 (5633304)|SYSTEM_MODE_ENTER|false
00:04:14.0 (5663250)|VARIABLE_SCOPE_BEGIN|[17]|searchString|String|false|false
00:04:14.0 (5722643)|VARIABLE_ASSIGNMENT|[17]|searchString|"Test"
00:04:14.0 (5748285)|VARIABLE_SCOPE_BEGIN|[17]|sObjectAPIName|String|false|false
00:04:14.0 (5774584)|VARIABLE_ASSIGNMENT|[17]|sObjectAPIName|"User"
00:04:14.0 (5806502)|HEAP_ALLOCATE|[20]|Bytes:5
00:04:14.0 (5826066)|STATEMENT_EXECUTE|[18]
00:04:14.0 (5837401)|STATEMENT_EXECUTE|[20]
00:04:14.0 (5974016)|HEAP_ALLOCATE|[20]|Bytes:4
00:04:14.0 (6143451)|VARIABLE_SCOPE_BEGIN|[20]|sanitizedSearchString|String|false|false
00:04:14.0 (6183024)|VARIABLE_ASSIGNMENT|[20]|sanitizedSearchString|"Test"
00:04:14.0 (6208188)|STATEMENT_EXECUTE|[21]
00:04:14.0 (6313911)|HEAP_ALLOCATE|[21]|Bytes:4
00:04:14.0 (6362362)|VARIABLE_SCOPE_BEGIN|[21]|sanitizedSObjectAPIName|String|false|false
00:04:14.0 (6396753)|VARIABLE_ASSIGNMENT|[21]|sanitizedSObjectAPIName|"User"
00:04:14.0 (6412358)|STATEMENT_EXECUTE|[23]
00:04:14.0 (6442167)|HEAP_ALLOCATE|[23]|Bytes:4
00:04:14.0 (6624013)|VARIABLE_SCOPE_BEGIN|[23]|results|List<LookupSObjectController.Result>|true|false
00:04:14.0 (6673827)|HEAP_ALLOCATE|[EXTERNAL]|Bytes:4
00:04:14.0 (6732985)|VARIABLE_ASSIGNMENT|[23]|results|{"s":1,"v":[]}|0x53c6ef41
00:04:14.0 (6750779)|STATEMENT_EXECUTE|[26]
00:04:14.0 (6777965)|HEAP_ALLOCATE|[26]|Bytes:6
00:04:14.0 (6820323)|HEAP_ALLOCATE|[26]|Bytes:27
00:04:14.0 (6840323)|HEAP_ALLOCATE|[26]|Bytes:18
00:04:14.0 (6871387)|HEAP_ALLOCATE|[26]|Bytes:59
00:04:14.0 (6898781)|VARIABLE_SCOPE_BEGIN|[26]|searchQuery|String|false|false
00:04:14.0 (6955750)|VARIABLE_ASSIGNMENT|[26]|searchQuery|"FIND 'Test*' IN ALL  (39 more) ..."
00:04:14.0 (6980902)|STATEMENT_EXECUTE|[29]
00:04:14.0 (8984194)|SOSL_EXECUTE_BEGIN|[29]|FIND 'Test*' IN ALL FIELDS RETURNING User(id,name) Limit 50
00:04:14.0 (50404877)|HEAP_ALLOCATE|[29]|Bytes:4
00:04:14.0 (50453746)|HEAP_ALLOCATE|[29]|Bytes:4
00:04:14.0 (50578873)|HEAP_ALLOCATE|[29]|Bytes:8
00:04:14.0 (50619176)|SOSL_EXECUTE_END|[29]|Rows:1
00:04:14.0 (50697109)|HEAP_ALLOCATE|[29]|Bytes:8
00:04:14.0 (50773550)|VARIABLE_SCOPE_BEGIN|[29]|searchList|List<List<SObject>>|true|false
00:04:14.0 (50855625)|VARIABLE_ASSIGNMENT|[29]|searchList|{"s":1,"v":[{"s":2,"v":[{"s":3,"v":{"Id":"00550000005d7KnAAI","Name":"Test User"}}]}]}|0x375bcbfa
00:04:14.0 (50944543)|HEAP_ALLOCATE|[32]|Bytes:8
00:04:14.0 (51448477)|HEAP_ALLOCATE|[32]|Bytes:5
00:04:14.0 (51522766)|HEAP_ALLOCATE|[32]|Bytes:12
00:04:14.0 (51582303)|VARIABLE_SCOPE_BEGIN|[32]|so|SObject|true|false
00:04:14.0 (51628353)|VARIABLE_ASSIGNMENT|[32]|so|{"s":1,"v":{"Id":"00550000005d7KnAAI","Name":"Test User"}}|0x4d3a0792
00:04:14.0 (51646277)|STATEMENT_EXECUTE|[33]
00:04:14.0 (51656735)|STATEMENT_EXECUTE|[34]
00:04:14.0 (51734459)|HEAP_ALLOCATE|[34]|Bytes:116
00:04:14.0 (51814606)|HEAP_ALLOCATE|[34]|Bytes:8
00:04:14.0 (51883128)|HEAP_ALLOCATE|[34]|Bytes:12
00:04:14.0 (51903840)|HEAP_ALLOCATE|[34]|Bytes:4
00:04:14.0 (52049296)|HEAP_ALLOCATE|[34]|Bytes:9
00:04:14.0 (52159585)|CONSTRUCTOR_ENTRY|[34]|01p50000002D2uA|<init>(String,Id)
00:04:14.0 (52212109)|VARIABLE_SCOPE_BEGIN|[48]|this|LookupSObjectController.Result|true|false
00:04:14.0 (52351659)|VARIABLE_ASSIGNMENT|[48]|this|{}|0x6d07c122
00:04:14.0 (52395645)|VARIABLE_SCOPE_BEGIN|[48]|sObjectLabel|String|false|false
00:04:14.0 (52441204)|VARIABLE_ASSIGNMENT|[48]|sObjectLabel|"Test User"
00:04:14.0 (52477629)|VARIABLE_SCOPE_BEGIN|[48]|sObjectId|Id|false|false
00:04:14.0 (52667607)|VARIABLE_ASSIGNMENT|[48]|sObjectId|"00550000005d7KnAAI"
00:04:14.0 (52695287)|STATEMENT_EXECUTE|[43]
00:04:14.0 (52720783)|STATEMENT_EXECUTE|[45]
00:04:14.0 (52756621)|STATEMENT_EXECUTE|[46]
00:04:14.0 (52805844)|HEAP_ALLOCATE|[50]|Bytes:6
00:04:14.0 (52923194)|STATEMENT_EXECUTE|[49]
00:04:14.0 (52943342)|STATEMENT_EXECUTE|[50]
00:04:14.0 (53162755)|VARIABLE_ASSIGNMENT|[EXTERNAL]|this|{}|0x6d07c122
00:04:14.0 (53206271)|VARIABLE_ASSIGNMENT|[EXTERNAL]|value|"Test User"
00:04:14.0 (53246296)|VARIABLE_ASSIGNMENT|[45]|this.SObjectLabel|"Test User"|0x6d07c122
00:04:14.0 (53293006)|STATEMENT_EXECUTE|[51]
00:04:14.0 (53506382)|VARIABLE_ASSIGNMENT|[EXTERNAL]|this|{"SObjectLabel":"Test User"}|0x6d07c122
00:04:14.0 (53635798)|VARIABLE_ASSIGNMENT|[EXTERNAL]|value|"00550000005d7KnAAI"
00:04:14.0 (53765002)|VARIABLE_ASSIGNMENT|[46]|this.SObjectId|"00550000005d7KnAAI"|0x6d07c122
00:04:14.0 (53825581)|CONSTRUCTOR_EXIT|[34]|01p50000002D2uA|<init>(String,Id)
00:04:14.0 (53888190)|HEAP_ALLOCATE|[EXTERNAL]|Bytes:4
00:04:14.0 (53984010)|HEAP_ALLOCATE|[32]|Bytes:5
00:04:14.0 (54072933)|VARIABLE_ASSIGNMENT|[32]|so|null|
00:04:14.0 (54098432)|STATEMENT_EXECUTE|[37]
00:04:14.0 (54149851)|SYSTEM_MODE_EXIT|false
00:04:14.54 (54214416)|CUMULATIVE_LIMIT_USAGE
00:04:14.54 (54214416)|LIMIT_USAGE_FOR_NS|(default)|
  Number of SOQL queries: 0 out of 100
  Number of query rows: 0 out of 50000
  Number of SOSL queries: 1 out of 20
  Number of DML statements: 0 out of 150
  Number of DML rows: 0 out of 10000
  Maximum CPU time: 0 out of 10000
  Maximum heap size: 0 out of 6000000
  Number of callouts: 0 out of 100
  Number of Email Invocations: 0 out of 10
  Number of future calls: 0 out of 50
  Number of queueable jobs added to the queue: 0 out of 50
  Number of Mobile Apex push calls: 0 out of 10

00:04:14.54 (54214416)|CUMULATIVE_LIMIT_USAGE_END

00:04:14.0 (54284803)|CODE_UNIT_FINISHED|LookupSObjectController.lookup
00:04:14.0 (56060904)|CODE_UNIT_STARTED|[EXTERNAL]|Aura
00:04:14.0 (56339499)|CODE_UNIT_FINISHED|Aura
