37.0 APEX_CODE,FINEST;APEX_PROFILING,INFO;CALLOUT,INFO;DB,INFO;SYSTEM,DEBUG;VALIDATION,INFO;VISUALFORCE,INFO;WORKFLOW,INFO
11:03:45.0 (464725)|USER_INFO|[EXTERNAL]|00550000005cg71|bfffollow@jr.te|Eastern Standard Time|GMT-04:00
11:03:45.0 (513632)|EXECUTION_STARTED
11:03:45.0 (520564)|CODE_UNIT_STARTED|[EXTERNAL]|aura
11:03:45.0 (900766)|HEAP_ALLOCATE|[72]|Bytes:3
11:03:45.0 (951349)|HEAP_ALLOCATE|[77]|Bytes:152
11:03:45.0 (975255)|HEAP_ALLOCATE|[342]|Bytes:408
11:03:45.0 (1004954)|HEAP_ALLOCATE|[355]|Bytes:408
11:03:45.0 (1031460)|HEAP_ALLOCATE|[467]|Bytes:48
11:03:45.0 (1069108)|HEAP_ALLOCATE|[139]|Bytes:6
11:03:45.0 (1104484)|HEAP_ALLOCATE|[EXTERNAL]|Bytes:7
11:03:45.0 (1135461)|HEAP_ALLOCATE|[EXTERNAL]|Bytes:7
11:03:45.0 (1301186)|HEAP_ALLOCATE|[EXTERNAL]|Bytes:1
11:03:45.0 (1317374)|HEAP_ALLOCATE|[EXTERNAL]|Bytes:1
11:03:45.0 (2420631)|CODE_UNIT_STARTED|[EXTERNAL]|01p50000002CPgK|InputLookupController.getCurrentValue
11:03:45.0 (3148555)|HEAP_ALLOCATE|[EXTERNAL]|Bytes:12
11:03:45.0 (3161098)|HEAP_ALLOCATE|[EXTERNAL]|Bytes:7
11:03:45.0 (3167613)|HEAP_ALLOCATE|[EXTERNAL]|Bytes:5
11:03:45.0 (3193059)|METHOD_ENTRY|[1]|01p50000002CPgK|InputLookupController.InputLookupController()
11:03:45.0 (3200294)|STATEMENT_EXECUTE|[1]
11:03:45.0 (3210857)|STATEMENT_EXECUTE|[1]
11:03:45.0 (3213204)|STATEMENT_EXECUTE|[41]
11:03:45.0 (3225803)|METHOD_EXIT|[1]|InputLookupController
11:03:45.0 (3233706)|HEAP_ALLOCATE|[EXTERNAL]|Bytes:7
11:03:45.0 (3237292)|HEAP_ALLOCATE|[EXTERNAL]|Bytes:1
11:03:45.0 (3248048)|SYSTEM_MODE_ENTER|false
11:03:45.0 (3266044)|VARIABLE_SCOPE_BEGIN|[7]|type|String|false|false
11:03:45.0 (3311812)|VARIABLE_ASSIGNMENT|[7]|type|"Contact"
11:03:45.0 (3322943)|VARIABLE_SCOPE_BEGIN|[7]|value|String|false|false
11:03:45.0 (3330886)|VARIABLE_ASSIGNMENT|[7]|value|"b"
11:03:45.0 (3347037)|STATEMENT_EXECUTE|[7]
11:03:45.0 (3469543)|HEAP_ALLOCATE|[50]|Bytes:5
11:03:45.0 (3506330)|HEAP_ALLOCATE|[56]|Bytes:5
11:03:45.0 (3525778)|HEAP_ALLOCATE|[64]|Bytes:7
11:03:45.0 (3551187)|STATEMENT_EXECUTE|[8]
11:03:45.0 (3565312)|STATEMENT_EXECUTE|[12]
11:03:45.0 (3591280)|VARIABLE_SCOPE_BEGIN|[12]|lookupId|Id|false|false
11:03:45.0 (3605043)|VARIABLE_ASSIGNMENT|[12]|lookupId|null
11:03:45.0 (3608782)|STATEMENT_EXECUTE|[13]
11:03:45.0 (3610496)|STATEMENT_EXECUTE|[13]
11:03:45.0 (3612132)|STATEMENT_EXECUTE|[14]
11:03:45.0 (3758383)|HEAP_ALLOCATE|[14]|Bytes:17
11:03:45.0 (3789579)|VARIABLE_SCOPE_BEGIN|[15]|e|Exception|true|false
11:03:45.0 (3936635)|VARIABLE_ASSIGNMENT|[15]|e|"common.apex.runtime.impl.ExecutionException: Invalid id: b"|0x59cfa354
11:03:45.0 (3943985)|STATEMENT_EXECUTE|[15]
11:03:45.0 (3946715)|STATEMENT_EXECUTE|[16]
11:03:45.0 (3965652)|SYSTEM_MODE_EXIT|false
11:03:45.4 (4018080)|CUMULATIVE_LIMIT_USAGE
11:03:45.4 (4018080)|LIMIT_USAGE_FOR_NS|(default)|
  Number of SOQL queries: 0 out of 100
  Number of query rows: 0 out of 50000
  Number of SOSL queries: 0 out of 20
  Number of DML statements: 0 out of 150
  Number of DML rows: 0 out of 10000
  Maximum CPU time: 0 out of 10000
  Maximum heap size: 0 out of 6000000
  Number of callouts: 0 out of 100
  Number of Email Invocations: 0 out of 10
  Number of future calls: 0 out of 50
  Number of queueable jobs added to the queue: 0 out of 50
  Number of Mobile Apex push calls: 0 out of 10

11:03:45.4 (4018080)|CUMULATIVE_LIMIT_USAGE_END

11:03:45.0 (4060528)|CODE_UNIT_FINISHED|InputLookupController.getCurrentValue
