37.0 APEX_CODE,FINEST;APEX_PROFILING,INFO;CALLOUT,INFO;DB,INFO;SYSTEM,DEBUG;VALIDATION,INFO;VISUALFORCE,INFO;WORKFLOW,INFO
23:44:41.0 (114484)|USER_INFO|[EXTERNAL]|00550000005cg71|bfffollow@jr.te|Eastern Standard Time|GMT-04:00
23:44:41.0 (154130)|EXECUTION_STARTED
23:44:41.0 (161954)|CODE_UNIT_STARTED|[EXTERNAL]|aura
23:44:41.0 (556642)|HEAP_ALLOCATE|[72]|Bytes:3
23:44:41.0 (615687)|HEAP_ALLOCATE|[77]|Bytes:152
23:44:41.0 (632256)|HEAP_ALLOCATE|[342]|Bytes:408
23:44:41.0 (647532)|HEAP_ALLOCATE|[355]|Bytes:408
23:44:41.0 (662114)|HEAP_ALLOCATE|[467]|Bytes:48
23:44:41.0 (695175)|HEAP_ALLOCATE|[139]|Bytes:6
23:44:41.0 (719780)|HEAP_ALLOCATE|[EXTERNAL]|Bytes:2
23:44:41.0 (744898)|HEAP_ALLOCATE|[EXTERNAL]|Bytes:2
23:44:41.0 (829734)|HEAP_ALLOCATE|[EXTERNAL]|Bytes:4
23:44:41.0 (839818)|HEAP_ALLOCATE|[EXTERNAL]|Bytes:4
23:44:41.0 (2036613)|CODE_UNIT_STARTED|[EXTERNAL]|01p50000002D2uA|LookupSObjectController.lookup
23:44:41.0 (2221083)|HEAP_ALLOCATE|[EXTERNAL]|Bytes:6
23:44:41.0 (2227635)|HEAP_ALLOCATE|[EXTERNAL]|Bytes:2
23:44:41.0 (2243283)|METHOD_ENTRY|[11]|01p50000002D2uA|LookupSObjectController.LookupSObjectController()
23:44:41.0 (2247364)|STATEMENT_EXECUTE|[11]
23:44:41.0 (2252400)|STATEMENT_EXECUTE|[11]
23:44:41.0 (2290808)|HEAP_ALLOCATE|[50]|Bytes:5
23:44:41.0 (2320091)|HEAP_ALLOCATE|[56]|Bytes:5
23:44:41.0 (2329788)|HEAP_ALLOCATE|[64]|Bytes:7
23:44:41.0 (2352304)|SYSTEM_MODE_ENTER|false
23:44:41.0 (2370017)|HEAP_ALLOCATE|[EXTERNAL]|Bytes:5
23:44:41.0 (2374763)|STATEMENT_EXECUTE|[43]
23:44:41.0 (2379551)|SYSTEM_MODE_EXIT|false
23:44:41.0 (2387935)|METHOD_EXIT|[11]|LookupSObjectController
23:44:41.0 (2392427)|HEAP_ALLOCATE|[EXTERNAL]|Bytes:2
23:44:41.0 (2394275)|HEAP_ALLOCATE|[EXTERNAL]|Bytes:4
23:44:41.0 (2398532)|SYSTEM_MODE_ENTER|false
23:44:41.0 (2409106)|VARIABLE_SCOPE_BEGIN|[17]|searchString|String|false|false
23:44:41.0 (2439034)|VARIABLE_ASSIGNMENT|[17]|searchString|"Te"
23:44:41.0 (2443543)|VARIABLE_SCOPE_BEGIN|[17]|sObjectAPIName|String|false|false
23:44:41.0 (2447564)|VARIABLE_ASSIGNMENT|[17]|sObjectAPIName|"User"
23:44:41.0 (2462157)|HEAP_ALLOCATE|[20]|Bytes:5
23:44:41.0 (2466315)|STATEMENT_EXECUTE|[18]
23:44:41.0 (2467669)|STATEMENT_EXECUTE|[20]
23:44:41.0 (2524581)|HEAP_ALLOCATE|[20]|Bytes:2
23:44:41.0 (2539059)|VARIABLE_SCOPE_BEGIN|[20]|sanitizedSearchString|String|false|false
23:44:41.0 (2546392)|VARIABLE_ASSIGNMENT|[20]|sanitizedSearchString|"Te"
23:44:41.0 (2548998)|STATEMENT_EXECUTE|[21]
23:44:41.0 (2576357)|HEAP_ALLOCATE|[21]|Bytes:4
23:44:41.0 (2590439)|VARIABLE_SCOPE_BEGIN|[21]|sanitizedSObjectAPIName|String|false|false
23:44:41.0 (2598165)|VARIABLE_ASSIGNMENT|[21]|sanitizedSObjectAPIName|"User"
23:44:41.0 (2600784)|STATEMENT_EXECUTE|[23]
23:44:41.0 (2613007)|HEAP_ALLOCATE|[23]|Bytes:4
23:44:41.0 (2724425)|VARIABLE_SCOPE_BEGIN|[23]|results|List<LookupSObjectController.Result>|true|false
23:44:41.0 (2747601)|HEAP_ALLOCATE|[EXTERNAL]|Bytes:4
23:44:41.0 (2772608)|VARIABLE_ASSIGNMENT|[23]|results|{"s":1,"v":[]}|0x9d1df82
23:44:41.0 (2776143)|STATEMENT_EXECUTE|[26]
23:44:41.0 (2784582)|HEAP_ALLOCATE|[26]|Bytes:6
23:44:41.0 (2788974)|HEAP_ALLOCATE|[26]|Bytes:27
23:44:41.0 (2791664)|HEAP_ALLOCATE|[26]|Bytes:18
23:44:41.0 (2803709)|HEAP_ALLOCATE|[26]|Bytes:57
23:44:41.0 (2808548)|VARIABLE_SCOPE_BEGIN|[26]|searchQuery|String|false|false
23:44:41.0 (2818269)|VARIABLE_ASSIGNMENT|[26]|searchQuery|"FIND 'Te*' IN ALL FI (37 more) ..."
23:44:41.0 (2820426)|STATEMENT_EXECUTE|[29]
23:44:41.0 (4556461)|SOSL_EXECUTE_BEGIN|[29]|FIND 'Te*' IN ALL FIELDS RETURNING User(id,name) Limit 50
23:44:41.0 (32607153)|HEAP_ALLOCATE|[29]|Bytes:4
23:44:41.0 (32620850)|HEAP_ALLOCATE|[29]|Bytes:4
23:44:41.0 (32625185)|HEAP_ALLOCATE|[29]|Bytes:4
23:44:41.0 (32640946)|HEAP_ALLOCATE|[29]|Bytes:8
23:44:41.0 (32654097)|SOSL_EXECUTE_END|[29]|Rows:2
23:44:41.0 (32733706)|HEAP_ALLOCATE|[29]|Bytes:8
23:44:41.0 (32774421)|VARIABLE_SCOPE_BEGIN|[29]|searchList|List<List<SObject>>|true|false
23:44:41.0 (32855498)|VARIABLE_ASSIGNMENT|[29]|searchList|{"s":1,"v":[{"s":2,"v":[{"s":3,"v":{"Id":"00550000005cg71AAA","Name":"Jaswinder Rattanpal"}},{"s":4,"v":{"Id":"00550000005d7KnAAI","Name":"Test User"}}]}]}|0x51204aac
23:44:41.0 (32984514)|HEAP_ALLOCATE|[32]|Bytes:12
23:44:41.0 (33420840)|HEAP_ALLOCATE|[32]|Bytes:5
23:44:41.0 (33494609)|HEAP_ALLOCATE|[32]|Bytes:12
23:44:41.0 (33518221)|VARIABLE_SCOPE_BEGIN|[32]|so|SObject|true|false
23:44:41.0 (33543730)|VARIABLE_ASSIGNMENT|[32]|so|{"s":1,"v":{"Id":"00550000005cg71AAA","Name":"Jaswinder Rattanpal"}}|0x61b5f132
23:44:41.0 (33551886)|STATEMENT_EXECUTE|[33]
23:44:41.0 (33554627)|STATEMENT_EXECUTE|[34]
23:44:41.0 (33626898)|HEAP_ALLOCATE|[34]|Bytes:116
23:44:41.0 (33638148)|HEAP_ALLOCATE|[34]|Bytes:8
23:44:41.0 (33673273)|HEAP_ALLOCATE|[34]|Bytes:12
23:44:41.0 (33682581)|HEAP_ALLOCATE|[34]|Bytes:4
23:44:41.0 (33798224)|HEAP_ALLOCATE|[34]|Bytes:19
23:44:41.0 (33884637)|CONSTRUCTOR_ENTRY|[34]|01p50000002D2uA|<init>(String,Id)
23:44:41.0 (33926786)|VARIABLE_SCOPE_BEGIN|[48]|this|LookupSObjectController.Result|true|false
23:44:41.0 (34003159)|VARIABLE_ASSIGNMENT|[48]|this|{}|0x52d1ee4d
23:44:41.0 (34014806)|VARIABLE_SCOPE_BEGIN|[48]|sObjectLabel|String|false|false
23:44:41.0 (34024439)|VARIABLE_ASSIGNMENT|[48]|sObjectLabel|"Jaswinder Rattanpal"
23:44:41.0 (34030386)|VARIABLE_SCOPE_BEGIN|[48]|sObjectId|Id|false|false
23:44:41.0 (34149738)|VARIABLE_ASSIGNMENT|[48]|sObjectId|"00550000005cg71AAA"
23:44:41.0 (34158293)|STATEMENT_EXECUTE|[43]
23:44:41.0 (34160413)|STATEMENT_EXECUTE|[45]
23:44:41.0 (34169038)|STATEMENT_EXECUTE|[46]
23:44:41.0 (34186152)|HEAP_ALLOCATE|[50]|Bytes:6
23:44:41.0 (34237674)|STATEMENT_EXECUTE|[49]
23:44:41.0 (34240957)|STATEMENT_EXECUTE|[50]
23:44:41.0 (34354819)|VARIABLE_ASSIGNMENT|[EXTERNAL]|this|{}|0x52d1ee4d
23:44:41.0 (34371098)|VARIABLE_ASSIGNMENT|[EXTERNAL]|value|"Jaswinder Rattanpal"
23:44:41.0 (34391724)|VARIABLE_ASSIGNMENT|[45]|this.SObjectLabel|"Jaswinder Rattanpal"|0x52d1ee4d
23:44:41.0 (34404476)|STATEMENT_EXECUTE|[51]
23:44:41.0 (34493716)|VARIABLE_ASSIGNMENT|[EXTERNAL]|this|{"SObjectLabel":"Jaswinder Rattanpal"}|0x52d1ee4d
23:44:41.0 (34575849)|VARIABLE_ASSIGNMENT|[EXTERNAL]|value|"00550000005cg71AAA"
23:44:41.0 (34666106)|VARIABLE_ASSIGNMENT|[46]|this.SObjectId|"00550000005cg71AAA"|0x52d1ee4d
23:44:41.0 (34690244)|CONSTRUCTOR_EXIT|[34]|01p50000002D2uA|<init>(String,Id)
23:44:41.0 (34716487)|HEAP_ALLOCATE|[EXTERNAL]|Bytes:4
23:44:41.0 (34741565)|HEAP_ALLOCATE|[32]|Bytes:5
23:44:41.0 (34773173)|HEAP_ALLOCATE|[32]|Bytes:12
23:44:41.0 (34785658)|VARIABLE_SCOPE_BEGIN|[32]|so|SObject|true|false
23:44:41.0 (34801796)|VARIABLE_ASSIGNMENT|[32]|so|{"s":1,"v":{"Id":"00550000005d7KnAAI","Name":"Test User"}}|0x49020734
23:44:41.0 (34805004)|STATEMENT_EXECUTE|[33]
23:44:41.0 (34806219)|STATEMENT_EXECUTE|[34]
23:44:41.0 (34816041)|HEAP_ALLOCATE|[34]|Bytes:12
23:44:41.0 (34851853)|HEAP_ALLOCATE|[34]|Bytes:9
23:44:41.0 (34873436)|CONSTRUCTOR_ENTRY|[34]|01p50000002D2uA|<init>(String,Id)
23:44:41.0 (34878097)|VARIABLE_SCOPE_BEGIN|[48]|this|LookupSObjectController.Result|true|false
23:44:41.0 (34894576)|VARIABLE_ASSIGNMENT|[48]|this|{}|0x19840f9d
23:44:41.0 (34897465)|VARIABLE_SCOPE_BEGIN|[48]|sObjectLabel|String|false|false
23:44:41.0 (34902413)|VARIABLE_ASSIGNMENT|[48]|sObjectLabel|"Test User"
23:44:41.0 (34904061)|VARIABLE_SCOPE_BEGIN|[48]|sObjectId|Id|false|false
23:44:41.0 (34955355)|VARIABLE_ASSIGNMENT|[48]|sObjectId|"00550000005d7KnAAI"
23:44:41.0 (34960761)|STATEMENT_EXECUTE|[43]
23:44:41.0 (34961911)|STATEMENT_EXECUTE|[45]
23:44:41.0 (34967440)|STATEMENT_EXECUTE|[46]
23:44:41.0 (34981988)|STATEMENT_EXECUTE|[49]
23:44:41.0 (34983453)|STATEMENT_EXECUTE|[50]
23:44:41.0 (35004248)|VARIABLE_ASSIGNMENT|[EXTERNAL]|this|{}|0x19840f9d
23:44:41.0 (35010842)|VARIABLE_ASSIGNMENT|[EXTERNAL]|value|"Test User"
23:44:41.0 (35018539)|VARIABLE_ASSIGNMENT|[45]|this.SObjectLabel|"Test User"|0x19840f9d
23:44:41.0 (35024437)|STATEMENT_EXECUTE|[51]
23:44:41.0 (35044570)|VARIABLE_ASSIGNMENT|[EXTERNAL]|this|{"SObjectLabel":"Test User"}|0x19840f9d
23:44:41.0 (35094951)|VARIABLE_ASSIGNMENT|[EXTERNAL]|value|"00550000005d7KnAAI"
23:44:41.0 (35147151)|VARIABLE_ASSIGNMENT|[46]|this.SObjectId|"00550000005d7KnAAI"|0x19840f9d
23:44:41.0 (35162644)|CONSTRUCTOR_EXIT|[34]|01p50000002D2uA|<init>(String,Id)
23:44:41.0 (35172386)|HEAP_ALLOCATE|[EXTERNAL]|Bytes:4
23:44:41.0 (35185849)|HEAP_ALLOCATE|[32]|Bytes:5
23:44:41.0 (35198893)|VARIABLE_ASSIGNMENT|[32]|so|null|
23:44:41.0 (35202766)|STATEMENT_EXECUTE|[37]
23:44:41.0 (35218057)|SYSTEM_MODE_EXIT|false
23:44:41.35 (35265110)|CUMULATIVE_LIMIT_USAGE
23:44:41.35 (35265110)|LIMIT_USAGE_FOR_NS|(default)|
  Number of SOQL queries: 0 out of 100
  Number of query rows: 0 out of 50000
  Number of SOSL queries: 1 out of 20
  Number of DML statements: 0 out of 150
  Number of DML rows: 0 out of 10000
  Maximum CPU time: 0 out of 10000
  Maximum heap size: 0 out of 6000000
  Number of callouts: 0 out of 100
  Number of Email Invocations: 0 out of 10
  Number of future calls: 0 out of 50
  Number of queueable jobs added to the queue: 0 out of 50
  Number of Mobile Apex push calls: 0 out of 10

23:44:41.35 (35265110)|CUMULATIVE_LIMIT_USAGE_END

23:44:41.0 (35318664)|CODE_UNIT_FINISHED|LookupSObjectController.lookup
23:44:41.0 (37209247)|CODE_UNIT_STARTED|[EXTERNAL]|Aura
23:44:41.0 (37253683)|CODE_UNIT_FINISHED|Aura
23:44:41.0 (38605646)|CODE_UNIT_STARTED|[EXTERNAL]|Aura
23:44:41.0 (38637362)|CODE_UNIT_FINISHED|Aura
