37.0 APEX_CODE,FINEST;APEX_PROFILING,INFO;CALLOUT,INFO;DB,INFO;SYSTEM,DEBUG;VALIDATION,INFO;VISUALFORCE,INFO;WORKFLOW,INFO
14:43:40.0 (642411)|USER_INFO|[EXTERNAL]|00550000005cg71|bfffollow@jr.te|Eastern Standard Time|GMT-04:00
14:43:40.0 (711368)|EXECUTION_STARTED
14:43:40.0 (721631)|CODE_UNIT_STARTED|[EXTERNAL]|aura
14:43:40.0 (1244548)|HEAP_ALLOCATE|[72]|Bytes:3
14:43:40.0 (1348066)|HEAP_ALLOCATE|[77]|Bytes:152
14:43:40.0 (1383264)|HEAP_ALLOCATE|[342]|Bytes:408
14:43:40.0 (1422143)|HEAP_ALLOCATE|[355]|Bytes:408
14:43:40.0 (1458527)|HEAP_ALLOCATE|[467]|Bytes:48
14:43:40.0 (1583674)|HEAP_ALLOCATE|[139]|Bytes:6
14:43:40.0 (1638015)|HEAP_ALLOCATE|[EXTERNAL]|Bytes:78
14:43:40.0 (1699462)|HEAP_ALLOCATE|[EXTERNAL]|Bytes:78
14:43:40.0 (2959978)|CODE_UNIT_STARTED|[EXTERNAL]|01p50000002CIEm|ETLC_ApexBridge_Controller.execute
14:43:40.0 (4067364)|HEAP_ALLOCATE|[EXTERNAL]|Bytes:1
14:43:40.0 (4077303)|HEAP_ALLOCATE|[EXTERNAL]|Bytes:10
14:43:40.0 (4142777)|METHOD_ENTRY|[1]|01p50000002CIEm|ETLC_ApexBridge_Controller.ETLC_ApexBridge_Controller()
14:43:40.0 (4149286)|STATEMENT_EXECUTE|[1]
14:43:40.0 (4169123)|STATEMENT_EXECUTE|[1]
14:43:40.0 (4194607)|METHOD_EXIT|[1]|ETLC_ApexBridge_Controller
14:43:40.0 (4201705)|HEAP_ALLOCATE|[EXTERNAL]|Bytes:78
14:43:40.0 (4231869)|SYSTEM_MODE_ENTER|false
14:43:40.0 (4263630)|VARIABLE_SCOPE_BEGIN|[3]|dataJson|String|false|false
14:43:40.0 (4509093)|VARIABLE_ASSIGNMENT|[3]|dataJson|"{\"operation\":\"BFFFol (58 more) ..."
14:43:40.0 (4525607)|STATEMENT_EXECUTE|[3]
14:43:40.0 (4527663)|STATEMENT_EXECUTE|[4]
14:43:40.0 (7259839)|VARIABLE_SCOPE_BEGIN|[4]|data|ETLC_ApexBridge_Data|true|false
14:43:40.0 (7279378)|VARIABLE_ASSIGNMENT|[4]|data|null|
14:43:40.0 (7284574)|STATEMENT_EXECUTE|[5]
14:43:40.0 (7287238)|STATEMENT_EXECUTE|[5]
14:43:40.0 (7289197)|STATEMENT_EXECUTE|[6]
14:43:40.0 (7311433)|HEAP_ALLOCATE|[6]|Bytes:11
14:43:40.0 (7344189)|HEAP_ALLOCATE|[6]|Bytes:248
14:43:40.0 (7352470)|HEAP_ALLOCATE|[6]|Bytes:39
14:43:40.0 (7423142)|METHOD_ENTRY|[2]|01p50000002CIEo|ETLC_ApexBridge_Data.ETLC_ApexBridge_Data()
14:43:40.0 (7430057)|STATEMENT_EXECUTE|[2]
14:43:40.0 (7437742)|STATEMENT_EXECUTE|[2]
14:43:40.0 (7465892)|METHOD_EXIT|[2]|ETLC_ApexBridge_Data
14:43:40.0 (7519488)|METHOD_ENTRY|[6]|01p50000002CIEo|ETLC_ApexBridge_Data.fromJSON(String)
14:43:40.0 (7559003)|VARIABLE_SCOPE_BEGIN|[60]|strJson|String|false|false
14:43:40.0 (7575783)|VARIABLE_ASSIGNMENT|[60]|strJson|"{\"operation\":\"BFFFol (58 more) ..."
14:43:40.0 (7583490)|STATEMENT_EXECUTE|[60]
14:43:40.0 (7585940)|STATEMENT_EXECUTE|[61]
14:43:40.0 (7600775)|HEAP_ALLOCATE|[61]|Bytes:20
14:43:40.0 (7633811)|HEAP_ALLOCATE|[50]|Bytes:5
14:43:40.0 (7666922)|HEAP_ALLOCATE|[56]|Bytes:5
14:43:40.0 (7678607)|HEAP_ALLOCATE|[64]|Bytes:7
14:43:40.0 (7791181)|HEAP_ALLOCATE|[61]|Bytes:24
14:43:40.0 (7815928)|SYSTEM_METHOD_ENTRY|[1]|Type.Type()
14:43:40.0 (7821335)|STATEMENT_EXECUTE|[1]
14:43:40.0 (7839193)|SYSTEM_METHOD_EXIT|[1]|Type
14:43:40.0 (7848615)|HEAP_ALLOCATE|[61]|Bytes:8
14:43:40.0 (7880457)|HEAP_ALLOCATE|[61]|Bytes:8
14:43:40.0 (7902351)|VARIABLE_SCOPE_BEGIN|[4]|this|System.Type|true|false
14:43:40.0 (7982337)|VARIABLE_ASSIGNMENT|[4]|this|{}|0x3dc52d97
14:43:40.0 (7990680)|VARIABLE_SCOPE_BEGIN|[4]|apextype|java:common.apex.runtime.ApexObjectType|true|false
14:43:40.0 (8191423)|VARIABLE_ASSIGNMENT|[4]|apextype|"ETLC_ApexBridge_Data"|0x220f4e5c
14:43:40.0 (8297047)|HEAP_ALLOCATE|[61]|Bytes:8
14:43:40.0 (8363188)|HEAP_ALLOCATE|[61]|Bytes:24
14:43:40.0 (8385071)|SYSTEM_METHOD_ENTRY|[1]|JSON.JSON()
14:43:40.0 (8390004)|STATEMENT_EXECUTE|[1]
14:43:40.0 (8404572)|SYSTEM_METHOD_EXIT|[1]|JSON
14:43:40.0 (8441035)|METHOD_ENTRY|[61]||System.JSON.deserializeStrict(String, System.Type)
14:43:40.0 (10240627)|METHOD_EXIT|[61]||System.JSON.deserializeStrict(String, System.Type)
14:43:40.0 (10258005)|METHOD_EXIT|[6]|01p50000002CIEo|ETLC_ApexBridge_Data.fromJSON(String)
14:43:40.0 (10307559)|VARIABLE_SCOPE_BEGIN|[10]|ex|Exception|true|false
14:43:40.0 (10435899)|VARIABLE_ASSIGNMENT|[10]|ex|"common.apex.runtime.impl.ExecutionException: Unknown field: ETLC_ApexBridge_Data.mode"|0x1b177cbb
14:43:40.0 (10444376)|STATEMENT_EXECUTE|[10]
14:43:40.0 (10447016)|STATEMENT_EXECUTE|[11]
14:43:40.0 (10463150)|HEAP_ALLOCATE|[11]|Bytes:19
14:43:40.0 (10524928)|USER_DEBUG|[11]|DEBUG|**** Exception ****
14:43:40.0 (10538469)|STATEMENT_EXECUTE|[12]
14:43:40.0 (10588163)|HEAP_ALLOCATE|[12]|Bytes:40
14:43:40.0 (10612480)|USER_DEBUG|[12]|DEBUG|Unknown field: ETLC_ApexBridge_Data.mode
14:43:40.0 (10621309)|STATEMENT_EXECUTE|[13]
14:43:40.0 (10695067)|HEAP_ALLOCATE|[13]|Bytes:168
14:43:40.0 (10725414)|USER_DEBUG|[13]|DEBUG|Class.System.JSON.deserializeStrict: line 19, column 1
Class.ETLC_ApexBridge_Data.fromJSON: line 61, column 1
Class.ETLC_ApexBridge_Controller.execute: line 6, column 1
14:43:40.0 (10737808)|STATEMENT_EXECUTE|[15]
14:43:40.0 (10754598)|VARIABLE_SCOPE_BEGIN|[15]|strEx|String|false|false
14:43:40.0 (10768722)|VARIABLE_ASSIGNMENT|[15]|strEx|""
14:43:40.0 (10773413)|STATEMENT_EXECUTE|[16]
14:43:40.0 (10818976)|HEAP_ALLOCATE|[16]|Bytes:40
14:43:40.0 (10839276)|HEAP_ALLOCATE|[16]|Bytes:40
14:43:40.0 (10852324)|VARIABLE_ASSIGNMENT|[16]|strEx|"Unknown field: ETLC_ (20 more) ..."
14:43:40.0 (10880015)|HEAP_ALLOCATE|[17]|Bytes:168
14:43:40.0 (10889211)|STATEMENT_EXECUTE|[17]
14:43:40.0 (10890775)|STATEMENT_EXECUTE|[18]
14:43:40.0 (10900578)|HEAP_ALLOCATE|[18]|Bytes:16
14:43:40.0 (10924567)|HEAP_ALLOCATE|[18]|Bytes:168
14:43:40.0 (10936720)|HEAP_ALLOCATE|[18]|Bytes:184
14:43:40.0 (10941932)|HEAP_ALLOCATE|[18]|Bytes:224
14:43:40.0 (10952797)|VARIABLE_ASSIGNMENT|[18]|strEx|"Unknown field: ETLC_ (204 more) ..."
14:43:40.0 (10956352)|STATEMENT_EXECUTE|[21]
14:43:40.0 (11003784)|HEAP_ALLOCATE|[21]|Bytes:12
14:43:40.0 (11012243)|HEAP_ALLOCATE|[21]|Bytes:6
14:43:40.0 (11073284)|HEAP_ALLOCATE|[21]|Bytes:12
14:43:40.0 (11080129)|HEAP_ALLOCATE|[21]|Bytes:8
14:43:40.0 (11095063)|HEAP_ALLOCATE|[21]|Bytes:12
14:43:40.0 (11098849)|HEAP_ALLOCATE|[21]|Bytes:11
14:43:40.0 (11211494)|HEAP_ALLOCATE|[21]|Bytes:41
14:43:40.0 (11524950)|FATAL_ERROR|System.NullPointerException: Attempt to de-reference a null object

Class.ETLC_ApexBridge_Controller.execute: line 21, column 1
14:43:40.0 (11546809)|FATAL_ERROR|System.NullPointerException: Attempt to de-reference a null object

Class.ETLC_ApexBridge_Controller.execute: line 21, column 1
14:43:40.11 (11560971)|CUMULATIVE_LIMIT_USAGE
14:43:40.11 (11560971)|LIMIT_USAGE_FOR_NS|(default)|
  Number of SOQL queries: 0 out of 100
  Number of query rows: 0 out of 50000
  Number of SOSL queries: 0 out of 20
  Number of DML statements: 0 out of 150
  Number of DML rows: 0 out of 10000
  Maximum CPU time: 0 out of 10000
  Maximum heap size: 0 out of 6000000
  Number of callouts: 0 out of 100
  Number of Email Invocations: 0 out of 10
  Number of future calls: 0 out of 50
  Number of queueable jobs added to the queue: 0 out of 50
  Number of Mobile Apex push calls: 0 out of 10

14:43:40.11 (11560971)|CUMULATIVE_LIMIT_USAGE_END

14:43:40.0 (11615762)|CODE_UNIT_FINISHED|ETLC_ApexBridge_Controller.execute
