37.0 APEX_CODE,FINEST;APEX_PROFILING,INFO;CALLOUT,INFO;DB,INFO;SYSTEM,DEBUG;VALIDATION,INFO;VISUALFORCE,INFO;WORKFLOW,INFO
21:33:38.0 (380002)|USER_INFO|[EXTERNAL]|00550000005cg71|bfffollow@jr.te|Eastern Standard Time|GMT-04:00
21:33:38.0 (413769)|EXECUTION_STARTED
21:33:38.0 (418623)|CODE_UNIT_STARTED|[EXTERNAL]|aura
21:33:38.0 (744261)|HEAP_ALLOCATE|[72]|Bytes:3
21:33:38.0 (784483)|HEAP_ALLOCATE|[77]|Bytes:152
21:33:38.0 (799117)|HEAP_ALLOCATE|[342]|Bytes:408
21:33:38.0 (814356)|HEAP_ALLOCATE|[355]|Bytes:408
21:33:38.0 (828283)|HEAP_ALLOCATE|[467]|Bytes:48
21:33:38.0 (855908)|HEAP_ALLOCATE|[139]|Bytes:6
21:33:38.0 (877094)|HEAP_ALLOCATE|[EXTERNAL]|Bytes:187
21:33:38.0 (892388)|HEAP_ALLOCATE|[EXTERNAL]|Bytes:187
21:33:38.0 (1747456)|CODE_UNIT_STARTED|[EXTERNAL]|01p50000002CIEm|ETLC_ApexBridge_Controller.execute
21:33:38.0 (2521690)|HEAP_ALLOCATE|[EXTERNAL]|Bytes:1
21:33:38.0 (2531800)|HEAP_ALLOCATE|[EXTERNAL]|Bytes:10
21:33:38.0 (2554044)|METHOD_ENTRY|[1]|01p50000002CIEm|ETLC_ApexBridge_Controller.ETLC_ApexBridge_Controller()
21:33:38.0 (2563917)|STATEMENT_EXECUTE|[1]
21:33:38.0 (2570006)|STATEMENT_EXECUTE|[1]
21:33:38.0 (2582196)|METHOD_EXIT|[1]|ETLC_ApexBridge_Controller
21:33:38.0 (2589799)|HEAP_ALLOCATE|[EXTERNAL]|Bytes:187
21:33:38.0 (2607610)|SYSTEM_MODE_ENTER|false
21:33:38.0 (2631439)|VARIABLE_SCOPE_BEGIN|[3]|dataJson|String|false|false
21:33:38.0 (2718930)|VARIABLE_ASSIGNMENT|[3]|dataJson|"{\"operation\":\"BFFFol (167 more) ..."
21:33:38.0 (2733452)|STATEMENT_EXECUTE|[3]
21:33:38.0 (2734989)|STATEMENT_EXECUTE|[4]
21:33:38.0 (4659996)|VARIABLE_SCOPE_BEGIN|[4]|data|ETLC_ApexBridge_Data|true|false
21:33:38.0 (4673120)|VARIABLE_ASSIGNMENT|[4]|data|null|
21:33:38.0 (4675912)|STATEMENT_EXECUTE|[5]
21:33:38.0 (4677183)|STATEMENT_EXECUTE|[5]
21:33:38.0 (4678076)|STATEMENT_EXECUTE|[6]
21:33:38.0 (4693265)|HEAP_ALLOCATE|[6]|Bytes:11
21:33:38.0 (4699348)|HEAP_ALLOCATE|[6]|Bytes:248
21:33:38.0 (4702032)|HEAP_ALLOCATE|[6]|Bytes:39
21:33:38.0 (4740686)|METHOD_ENTRY|[2]|01p50000002CIEo|ETLC_ApexBridge_Data.ETLC_ApexBridge_Data()
21:33:38.0 (4744269)|STATEMENT_EXECUTE|[2]
21:33:38.0 (4748054)|STATEMENT_EXECUTE|[2]
21:33:38.0 (4754142)|METHOD_EXIT|[2]|ETLC_ApexBridge_Data
21:33:38.0 (4785447)|METHOD_ENTRY|[6]|01p50000002CIEo|ETLC_ApexBridge_Data.fromJSON(String)
21:33:38.0 (4809461)|VARIABLE_SCOPE_BEGIN|[60]|strJson|String|false|false
21:33:38.0 (4819949)|VARIABLE_ASSIGNMENT|[60]|strJson|"{\"operation\":\"BFFFol (167 more) ..."
21:33:38.0 (4824169)|STATEMENT_EXECUTE|[60]
21:33:38.0 (4825398)|STATEMENT_EXECUTE|[61]
21:33:38.0 (4833680)|HEAP_ALLOCATE|[61]|Bytes:20
21:33:38.0 (4856256)|HEAP_ALLOCATE|[50]|Bytes:5
21:33:38.0 (4881399)|HEAP_ALLOCATE|[56]|Bytes:5
21:33:38.0 (4891079)|HEAP_ALLOCATE|[64]|Bytes:7
21:33:38.0 (4983423)|HEAP_ALLOCATE|[61]|Bytes:24
21:33:38.0 (4997247)|SYSTEM_METHOD_ENTRY|[1]|Type.Type()
21:33:38.0 (5000262)|STATEMENT_EXECUTE|[1]
21:33:38.0 (5010019)|SYSTEM_METHOD_EXIT|[1]|Type
21:33:38.0 (5015904)|HEAP_ALLOCATE|[61]|Bytes:8
21:33:38.0 (5040071)|HEAP_ALLOCATE|[61]|Bytes:8
21:33:38.0 (5045818)|VARIABLE_SCOPE_BEGIN|[4]|this|System.Type|true|false
21:33:38.0 (5079789)|VARIABLE_ASSIGNMENT|[4]|this|{}|0x10be56c3
21:33:38.0 (5084220)|VARIABLE_SCOPE_BEGIN|[4]|apextype|java:common.apex.runtime.ApexObjectType|true|false
21:33:38.0 (5202628)|VARIABLE_ASSIGNMENT|[4]|apextype|"ETLC_ApexBridge_Data"|0x1e9d0a4a
21:33:38.0 (5283740)|HEAP_ALLOCATE|[61]|Bytes:8
21:33:38.0 (5323745)|HEAP_ALLOCATE|[61]|Bytes:24
21:33:38.0 (5337585)|SYSTEM_METHOD_ENTRY|[1]|JSON.JSON()
21:33:38.0 (5340253)|STATEMENT_EXECUTE|[1]
21:33:38.0 (5347266)|SYSTEM_METHOD_EXIT|[1]|JSON
21:33:38.0 (5362846)|METHOD_ENTRY|[61]||System.JSON.deserializeStrict(String, System.Type)
21:33:38.0 (5951032)|METHOD_EXIT|[61]||System.JSON.deserializeStrict(String, System.Type)
21:33:38.0 (5961973)|METHOD_EXIT|[6]|01p50000002CIEo|ETLC_ApexBridge_Data.fromJSON(String)
21:33:38.0 (6019841)|VARIABLE_ASSIGNMENT|[6]|data|{"debug":true,"input":"{\"mode\":\"saveFollowe (83 more) ...","operation":"BFFFollow_Controller"}|0x1016dd1e
21:33:38.0 (6026156)|STATEMENT_EXECUTE|[7]
21:33:38.0 (6035335)|HEAP_ALLOCATE|[7]|Bytes:6
21:33:38.0 (6101030)|HEAP_ALLOCATE|[7]|Bytes:251
21:33:38.0 (6124697)|HEAP_ALLOCATE|[7]|Bytes:257
21:33:38.0 (6146717)|USER_DEBUG|[7]|DEBUG|data::ETLC_ApexBridge_Data:[debug=true, input={"mode":"saveFollowedUsers","followedUsers":"[{\"id\":\"00550000005d7KnAAI\",\"name\":\"Test User\"}]"}, isSuccess=null, messages=null, operation=BFFFollow_Controller, output=null, outputFlag=null, records=null]
21:33:38.0 (6154620)|STATEMENT_EXECUTE|[8]
21:33:38.0 (6215223)|VARIABLE_ASSIGNMENT|[EXTERNAL]|this|{"debug":true,"input":"{\"mode\":\"saveFollowe (83 more) ...","operation":"BFFFollow_Controller"}|0x1016dd1e
21:33:38.0 (6242830)|METHOD_ENTRY|[8]||System.Type.forName(String)
21:33:38.0 (7921433)|METHOD_EXIT|[8]||System.Type.forName(String)
21:33:38.0 (7934632)|METHOD_ENTRY|[8]||System.Type.newInstance()
21:33:38.0 (9122331)|STATEMENT_EXECUTE|[1]
21:33:38.0 (9133917)|HEAP_ALLOCATE|[33]|Bytes:5
21:33:38.0 (9148217)|METHOD_EXIT|[1]|BFFFollow_Controller
21:33:38.0 (9168184)|HEAP_ALLOCATE|[33]|Bytes:4
21:33:38.0 (9179200)|VARIABLE_SCOPE_BEGIN|[1]|this|BFFFollow_Controller|true|false
21:33:38.0 (9196163)|VARIABLE_ASSIGNMENT|[1]|this|{}|0x23fd21c0
21:33:38.0 (9204568)|HEAP_ALLOCATE|[33]|Bytes:5
21:33:38.0 (9212746)|HEAP_ALLOCATE|[33]|Bytes:11
21:33:38.0 (9232290)|METHOD_ENTRY|[1]|01p50000002CIEj|ETLC_ApexBridge_Abstract.ETLC_ApexBridge_Abstract()
21:33:38.0 (9235696)|STATEMENT_EXECUTE|[1]
21:33:38.0 (9239029)|STATEMENT_EXECUTE|[1]
21:33:38.0 (9244962)|METHOD_EXIT|[1]|ETLC_ApexBridge_Abstract
21:33:38.0 (9251797)|CONSTRUCTOR_ENTRY|[EXTERNAL]|01p50000002CIEj|<init>()
21:33:38.0 (9268919)|VARIABLE_SCOPE_BEGIN|[1]|this|ETLC_ApexBridge_Abstract|true|false
21:33:38.0 (9283074)|VARIABLE_ASSIGNMENT|[1]|this|{}|0x23fd21c0
21:33:38.0 (9297009)|STATEMENT_EXECUTE|[1]
21:33:38.0 (9300994)|CONSTRUCTOR_EXIT|[EXTERNAL]|01p50000002CIEj|<init>()
21:33:38.0 (9305744)|STATEMENT_EXECUTE|[1]
21:33:38.0 (9310488)|HEAP_ALLOCATE|[33]|Bytes:5
21:33:38.0 (9329692)|METHOD_EXIT|[8]||System.Type.newInstance()
21:33:38.0 (9338436)|VARIABLE_SCOPE_BEGIN|[8]|executor|ETLC_ApexBridge_Abstract|true|false
21:33:38.0 (9351693)|VARIABLE_ASSIGNMENT|[8]|executor|{}|0x23fd21c0
21:33:38.0 (9354402)|STATEMENT_EXECUTE|[9]
21:33:38.0 (9394801)|METHOD_ENTRY|[9]|01p50000002D8iw|BFFFollow_Controller.process(ETLC_ApexBridge_Data)
21:33:38.0 (9418578)|VARIABLE_SCOPE_BEGIN|[3]|this|BFFFollow_Controller|true|false
21:33:38.0 (9432215)|VARIABLE_ASSIGNMENT|[3]|this|{}|0x23fd21c0
21:33:38.0 (9436209)|VARIABLE_SCOPE_BEGIN|[3]|data|ETLC_ApexBridge_Data|true|false
21:33:38.0 (9459714)|VARIABLE_ASSIGNMENT|[3]|data|{"debug":true,"input":"{\"mode\":\"saveFollowe (83 more) ...","operation":"BFFFollow_Controller"}|0x1016dd1e
21:33:38.0 (9468660)|HEAP_ALLOCATE|[4]|Bytes:5
21:33:38.0 (9472244)|STATEMENT_EXECUTE|[3]
21:33:38.0 (9473398)|STATEMENT_EXECUTE|[4]
21:33:38.0 (9548548)|VARIABLE_ASSIGNMENT|[EXTERNAL]|this|{"debug":true,"input":"{\"mode\":\"saveFollowe (83 more) ...","operation":"BFFFollow_Controller"}|0x1016dd1e
21:33:38.0 (9582964)|VARIABLE_ASSIGNMENT|[4]|BFFFollow_Controller.debugFlag|true
21:33:38.0 (9622618)|VARIABLE_ASSIGNMENT|[EXTERNAL]|this|{"debug":true,"input":"{\"mode\":\"saveFollowe (83 more) ...","operation":"BFFFollow_Controller"}|0x1016dd1e
21:33:38.0 (9635668)|STATEMENT_EXECUTE|[5]
21:33:38.0 (9644388)|HEAP_ALLOCATE|[5]|Bytes:12
21:33:38.0 (9679651)|HEAP_ALLOCATE|[5]|Bytes:251
21:33:38.0 (9693799)|HEAP_ALLOCATE|[5]|Bytes:263
21:33:38.0 (9704727)|USER_DEBUG|[5]|DEBUG|data BEFORE:ETLC_ApexBridge_Data:[debug=true, input={"mode":"saveFollowedUsers","followedUsers":"[{\"id\":\"00550000005d7KnAAI\",\"name\":\"Test User\"}]"}, isSuccess=null, messages=null, operation=BFFFollow_Controller, output=null, outputFlag=null, records=null]
21:33:38.0 (9711493)|STATEMENT_EXECUTE|[7]
21:33:38.0 (9718484)|HEAP_ALLOCATE|[7]|Bytes:4
21:33:38.0 (9741594)|METHOD_ENTRY|[7]|01p50000002CIEo|ETLC_ApexBridge_Data.getInputValue(String)
21:33:38.0 (9762645)|VARIABLE_SCOPE_BEGIN|[52]|this|ETLC_ApexBridge_Data|true|false
21:33:38.0 (9788950)|VARIABLE_ASSIGNMENT|[52]|this|{"debug":true,"input":"{\"mode\":\"saveFollowe (83 more) ...","operation":"BFFFollow_Controller"}|0x1016dd1e
21:33:38.0 (9795052)|VARIABLE_SCOPE_BEGIN|[52]|key|String|false|false
21:33:38.0 (9798692)|VARIABLE_ASSIGNMENT|[52]|key|"mode"
21:33:38.0 (9802483)|STATEMENT_EXECUTE|[52]
21:33:38.0 (9803724)|STATEMENT_EXECUTE|[53]
21:33:38.0 (9853273)|VARIABLE_ASSIGNMENT|[EXTERNAL]|this|{"debug":true,"input":"{\"mode\":\"saveFollowe (83 more) ...","operation":"BFFFollow_Controller"}|0x1016dd1e
21:33:38.0 (9872139)|METHOD_ENTRY|[53]||System.JSON.deserializeUntyped(String)
21:33:38.0 (10121400)|METHOD_EXIT|[53]||System.JSON.deserializeUntyped(String)
21:33:38.0 (10131678)|VARIABLE_SCOPE_BEGIN|[53]|inputMap|Map<String,ANY>|true|false
21:33:38.0 (10163593)|VARIABLE_ASSIGNMENT|[53]|inputMap|{"s":1,"v":{"mode":"saveFollowedUsers","followedUsers":"[{\"id\":\"00550000005d (28 more) ..."}}|0x63f681ad
21:33:38.0 (10167648)|STATEMENT_EXECUTE|[54]
21:33:38.0 (10214043)|METHOD_EXIT|[7]|01p50000002CIEo|ETLC_ApexBridge_Data.getInputValue(String)
21:33:38.0 (10220312)|VARIABLE_SCOPE_BEGIN|[7]|mode|String|false|false
21:33:38.0 (10227188)|VARIABLE_ASSIGNMENT|[7]|mode|"saveFollowedUsers"
21:33:38.0 (10231840)|HEAP_ALLOCATE|[9]|Bytes:18
21:33:38.0 (10256774)|HEAP_ALLOCATE|[12]|Bytes:17
21:33:38.0 (10268346)|STATEMENT_EXECUTE|[12]
21:33:38.0 (10269765)|STATEMENT_EXECUTE|[13]
21:33:38.0 (10311128)|HEAP_ALLOCATE|[13]|Bytes:85
21:33:38.0 (10327661)|SYSTEM_METHOD_ENTRY|[1]|UserInfo.UserInfo()
21:33:38.0 (10330603)|STATEMENT_EXECUTE|[1]
21:33:38.0 (10338125)|SYSTEM_METHOD_EXIT|[1]|UserInfo
21:33:38.0 (10352090)|METHOD_ENTRY|[13]||System.UserInfo.getUserId()
21:33:38.0 (10384829)|METHOD_EXIT|[13]||System.UserInfo.getUserId()
21:33:38.0 (10397627)|HEAP_ALLOCATE|[13]|Bytes:4
21:33:38.0 (10402575)|HEAP_ALLOCATE|[13]|Bytes:13
21:33:38.0 (10411648)|METHOD_ENTRY|[13]|01p50000002CIEo|ETLC_ApexBridge_Data.getInputValue(String)
21:33:38.0 (10416182)|VARIABLE_SCOPE_BEGIN|[52]|this|ETLC_ApexBridge_Data|true|false
21:33:38.0 (10442769)|VARIABLE_ASSIGNMENT|[52]|this|{"debug":true,"input":"{\"mode\":\"saveFollowe (83 more) ...","operation":"BFFFollow_Controller"}|0x1016dd1e
21:33:38.0 (10446148)|VARIABLE_SCOPE_BEGIN|[52]|key|String|false|false
21:33:38.0 (10449461)|VARIABLE_ASSIGNMENT|[52]|key|"followedUsers"
21:33:38.0 (10452934)|STATEMENT_EXECUTE|[52]
21:33:38.0 (10454042)|STATEMENT_EXECUTE|[53]
21:33:38.0 (10483986)|VARIABLE_ASSIGNMENT|[EXTERNAL]|this|{"debug":true,"input":"{\"mode\":\"saveFollowe (83 more) ...","operation":"BFFFollow_Controller"}|0x1016dd1e
21:33:38.0 (10495589)|METHOD_ENTRY|[53]||System.JSON.deserializeUntyped(String)
21:33:38.0 (10622542)|METHOD_EXIT|[53]||System.JSON.deserializeUntyped(String)
21:33:38.0 (10630803)|VARIABLE_SCOPE_BEGIN|[53]|inputMap|Map<String,ANY>|true|false
21:33:38.0 (10650708)|VARIABLE_ASSIGNMENT|[53]|inputMap|{"s":1,"v":{"mode":"saveFollowedUsers","followedUsers":"[{\"id\":\"00550000005d (28 more) ..."}}|0x42176da5
21:33:38.0 (10654513)|STATEMENT_EXECUTE|[54]
21:33:38.0 (10674160)|METHOD_EXIT|[13]|01p50000002CIEo|ETLC_ApexBridge_Data.getInputValue(String)
21:33:38.0 (10688861)|METHOD_ENTRY|[13]|01p50000002D8iw|BFFFollow_Controller.saveFollowedUsers(Id, String)
21:33:38.0 (10696802)|VARIABLE_SCOPE_BEGIN|[44]|this|BFFFollow_Controller|true|false
21:33:38.0 (10709543)|VARIABLE_ASSIGNMENT|[44]|this|{}|0x23fd21c0
21:33:38.0 (10713622)|VARIABLE_SCOPE_BEGIN|[44]|followedById|Id|false|false
21:33:38.0 (10772187)|VARIABLE_ASSIGNMENT|[44]|followedById|"00550000005cg71AAA"
21:33:38.0 (10780103)|VARIABLE_SCOPE_BEGIN|[44]|followedUsers|String|false|false
21:33:38.0 (10787071)|VARIABLE_ASSIGNMENT|[44]|followedUsers|"[{\"id\":\"00550000005d (28 more) ..."
21:33:38.0 (10795590)|HEAP_ALLOCATE|[45]|Bytes:5
21:33:38.0 (10799454)|STATEMENT_EXECUTE|[44]
21:33:38.0 (10800565)|STATEMENT_EXECUTE|[45]
21:33:38.0 (10801647)|STATEMENT_EXECUTE|[45]
21:33:38.0 (10802570)|STATEMENT_EXECUTE|[46]
21:33:38.0 (10809914)|HEAP_ALLOCATE|[46]|Bytes:49
21:33:38.0 (10842727)|HEAP_ALLOCATE|[46]|Bytes:18
21:33:38.0 (10853817)|HEAP_ALLOCATE|[46]|Bytes:9
21:33:38.0 (10863002)|HEAP_ALLOCATE|[46]|Bytes:76
21:33:38.0 (10866828)|VARIABLE_SCOPE_BEGIN|[46]|soql|String|false|false
21:33:38.0 (10875211)|VARIABLE_ASSIGNMENT|[46]|soql|"SELECT Id FROM BFFFo (56 more) ..."
21:33:38.0 (10882133)|STATEMENT_EXECUTE|[48]
21:33:38.0 (10883351)|STATEMENT_EXECUTE|[48]
21:33:38.0 (10889972)|HEAP_ALLOCATE|[48]|Bytes:24
21:33:38.0 (10896100)|HEAP_ALLOCATE|[48]|Bytes:100
21:33:38.0 (10921957)|USER_DEBUG|[48]|DEBUG|fetchFollowedUsers:soql:SELECT Id FROM BFFFollow__c WHERE FollowedBy__c='00550000005cg71AAA' limit 1
21:33:38.0 (10928917)|STATEMENT_EXECUTE|[49]
21:33:38.0 (13207803)|HEAP_ALLOCATE|[49]|Bytes:9
21:33:38.0 (13215593)|HEAP_ALLOCATE|[49]|Bytes:29
21:33:38.0 (13218522)|HEAP_ALLOCATE|[49]|Bytes:21
21:33:38.0 (13238461)|METHOD_ENTRY|[7]|01p50000002CIEt|ETLC_SecuredDB.ETLC_SecuredDB()
21:33:38.0 (13242003)|STATEMENT_EXECUTE|[7]
21:33:38.0 (13245977)|STATEMENT_EXECUTE|[7]
21:33:38.0 (13251822)|HEAP_ALLOCATE|[49]|Bytes:5
21:33:38.0 (13261826)|METHOD_EXIT|[7]|ETLC_SecuredDB
21:33:38.0 (13287318)|METHOD_ENTRY|[49]|01p50000002CIEt|ETLC_SecuredDB.query(String)
21:33:38.0 (13306919)|VARIABLE_SCOPE_BEGIN|[10]|SOQL|String|false|false
21:33:38.0 (13317465)|VARIABLE_ASSIGNMENT|[10]|SOQL|"SELECT Id FROM BFFFo (56 more) ..."
21:33:38.0 (13326619)|HEAP_ALLOCATE|[12]|Bytes:5
21:33:38.0 (13330850)|STATEMENT_EXECUTE|[10]
21:33:38.0 (13332068)|STATEMENT_EXECUTE|[12]
21:33:38.0 (14405449)|SOQL_EXECUTE_BEGIN|[12]|Aggregations:0|SELECT Id FROM BFFFollow__c WHERE FollowedBy__c='00550000005cg71AAA' limit 1
21:33:38.0 (16786751)|SOQL_EXECUTE_END|[12]|Rows:1
21:33:38.0 (16809210)|HEAP_ALLOCATE|[12]|Bytes:8
21:33:38.0 (16821906)|HEAP_ALLOCATE|[12]|Bytes:33
21:33:38.0 (16892310)|HEAP_ALLOCATE|[12]|Bytes:8
21:33:38.0 (16905370)|VARIABLE_SCOPE_BEGIN|[12]|dbRecords|List<SObject>|true|false
21:33:38.0 (16931768)|VARIABLE_ASSIGNMENT|[12]|dbRecords|{"s":1,"v":[{"s":2,"v":{"Id":"a005000000ezW4dAAE"}}]}|0x1274f18e
21:33:38.0 (16935642)|STATEMENT_EXECUTE|[20]
21:33:38.0 (17139382)|HEAP_ALLOCATE|[20]|Bytes:12
21:33:38.0 (17147738)|HEAP_ALLOCATE|[20]|Bytes:8
21:33:38.0 (17202353)|HEAP_ALLOCATE|[20]|Bytes:12
21:33:38.0 (17207982)|HEAP_ALLOCATE|[20]|Bytes:9
21:33:38.0 (17220381)|HEAP_ALLOCATE|[20]|Bytes:12
21:33:38.0 (17224114)|HEAP_ALLOCATE|[20]|Bytes:8
21:33:38.0 (17234766)|HEAP_ALLOCATE|[20]|Bytes:12
21:33:38.0 (17237866)|HEAP_ALLOCATE|[20]|Bytes:8
21:33:38.0 (17246880)|HEAP_ALLOCATE|[20]|Bytes:12
21:33:38.0 (17249907)|HEAP_ALLOCATE|[20]|Bytes:9
21:33:38.0 (17272947)|METHOD_ENTRY|[20]|01p50000002CIEt|ETLC_SecuredDB.findFields(List<SObject>)
21:33:38.0 (17295799)|VARIABLE_SCOPE_BEGIN|[108]|dbRecords|List<SObject>|true|false
21:33:38.0 (17318931)|VARIABLE_ASSIGNMENT|[108]|dbRecords|{"s":1,"v":[{"s":2,"v":{"Id":"a005000000ezW4dAAE"}}]}|0x1274f18e
21:33:38.0 (17329040)|HEAP_ALLOCATE|[109]|Bytes:5
21:33:38.0 (17332942)|STATEMENT_EXECUTE|[108]
21:33:38.0 (17334295)|STATEMENT_EXECUTE|[109]
21:33:38.0 (17342664)|VARIABLE_SCOPE_BEGIN|[109]|strJSON|String|false|false
21:33:38.0 (17347980)|VARIABLE_ASSIGNMENT|[109]|strJSON|null
21:33:38.0 (17349761)|STATEMENT_EXECUTE|[110]
21:33:38.0 (17354133)|VARIABLE_SCOPE_BEGIN|[110]|mapFields|Map<String,Set<String>>|true|false
21:33:38.0 (17358209)|VARIABLE_ASSIGNMENT|[110]|mapFields|null|
21:33:38.0 (17359887)|STATEMENT_EXECUTE|[112]
21:33:38.0 (17371875)|METHOD_ENTRY|[112]||System.JSON.serialize(Object)
21:33:38.0 (17738217)|METHOD_EXIT|[112]||System.JSON.serialize(Object)
21:33:38.0 (17751831)|VARIABLE_ASSIGNMENT|[112]|strJSON|"[{\"attributes\":{\"typ (116 more) ..."
21:33:38.0 (17755283)|STATEMENT_EXECUTE|[113]
21:33:38.0 (17763683)|HEAP_ALLOCATE|[113]|Bytes:5
21:33:38.0 (17772130)|HEAP_ALLOCATE|[113]|Bytes:141
21:33:38.0 (17795819)|USER_DEBUG|[113]|DEBUG|JSON:[{"attributes":{"type":"BFFFollow__c","url":"/services/data/v37.0/sobjects/BFFFollow__c/a005000000ezW4dAAE"},"Id":"a005000000ezW4dAAE"}]
21:33:38.0 (17803397)|STATEMENT_EXECUTE|[114]
21:33:38.0 (17813579)|HEAP_ALLOCATE|[114]|Bytes:4
21:33:38.0 (17836615)|VARIABLE_ASSIGNMENT|[114]|mapFields|{"s":1,"v":{}}|0x6dbfd5c2
21:33:38.0 (17839689)|STATEMENT_EXECUTE|[115]
21:33:38.0 (17849978)|METHOD_ENTRY|[115]||System.JSON.deserializeUntyped(String)
21:33:38.0 (18090545)|METHOD_EXIT|[115]||System.JSON.deserializeUntyped(String)
21:33:38.0 (18100101)|VARIABLE_SCOPE_BEGIN|[115]|records|List<ANY>|true|false
21:33:38.0 (18126679)|HEAP_ALLOCATE|[EXTERNAL]|Bytes:8
21:33:38.0 (18147421)|VARIABLE_ASSIGNMENT|[115]|records|{"s":1,"v":[{"s":2,"v":{"attributes":{"s":3,"v":{"type":"BFFFollow__c","url":"/services/data/v37.0 (41 more) ..."}},"Id":"a005000000ezW4dAAE"}}]}|0x2adc89ae
21:33:38.0 (18191237)|HEAP_ALLOCATE|[116]|Bytes:5
21:33:38.0 (18208519)|HEAP_ALLOCATE|[116]|Bytes:12
21:33:38.0 (18218212)|VARIABLE_SCOPE_BEGIN|[116]|record|Object|false|false
21:33:38.0 (18237802)|VARIABLE_ASSIGNMENT|[116]|record|{"s":1,"v":{"attributes":{"s":2,"v":{"type":"BFFFollow__c","url":"/services/data/v37.0 (41 more) ..."}},"Id":"a005000000ezW4dAAE"}}
21:33:38.0 (18242565)|STATEMENT_EXECUTE|[116]
21:33:38.0 (18243640)|STATEMENT_EXECUTE|[117]
21:33:38.0 (18265157)|METHOD_ENTRY|[117]|01p50000002CIEt|ETLC_SecuredDB.findFieldsRecursive(Map<String,Set<String>>, Map<String,ANY>)
21:33:38.0 (18288549)|VARIABLE_SCOPE_BEGIN|[124]|mapFields|Map<String,Set<String>>|true|false
21:33:38.0 (18301507)|VARIABLE_ASSIGNMENT|[124]|mapFields|{"s":1,"v":{}}|0x6dbfd5c2
21:33:38.0 (18305956)|VARIABLE_SCOPE_BEGIN|[124]|record|Map<String,ANY>|true|false
21:33:38.0 (18321682)|VARIABLE_ASSIGNMENT|[124]|record|{"s":1,"v":{"attributes":{"s":2,"v":{"type":"BFFFollow__c","url":"/services/data/v37.0 (41 more) ..."}},"Id":"a005000000ezW4dAAE"}}|0x52bfc59b
21:33:38.0 (18330635)|HEAP_ALLOCATE|[125]|Bytes:5
21:33:38.0 (18334342)|STATEMENT_EXECUTE|[124]
21:33:38.0 (18335429)|STATEMENT_EXECUTE|[125]
21:33:38.0 (18342196)|HEAP_ALLOCATE|[125]|Bytes:10
21:33:38.0 (18346465)|VARIABLE_SCOPE_BEGIN|[125]|strAttributes|String|false|false
21:33:38.0 (18351760)|VARIABLE_ASSIGNMENT|[125]|strAttributes|"attributes"
21:33:38.0 (18353522)|STATEMENT_EXECUTE|[126]
21:33:38.0 (18357403)|HEAP_ALLOCATE|[126]|Bytes:7
21:33:38.0 (18360175)|VARIABLE_SCOPE_BEGIN|[126]|strRecord|String|false|false
21:33:38.0 (18364037)|VARIABLE_ASSIGNMENT|[126]|strRecord|"records"
21:33:38.0 (18396940)|STATEMENT_EXECUTE|[127]
21:33:38.0 (18399016)|STATEMENT_EXECUTE|[128]
21:33:38.0 (18431952)|VARIABLE_SCOPE_BEGIN|[128]|attributes|Map<String,ANY>|true|false
21:33:38.0 (18448312)|VARIABLE_ASSIGNMENT|[128]|attributes|{"s":1,"v":{"type":"BFFFollow__c","url":"/services/data/v37.0 (41 more) ..."}}|0x1e0a1893
21:33:38.0 (18451716)|STATEMENT_EXECUTE|[129]
21:33:38.0 (18458632)|HEAP_ALLOCATE|[129]|Bytes:4
21:33:38.0 (18489245)|VARIABLE_SCOPE_BEGIN|[129]|objectName|String|false|false
21:33:38.0 (18496412)|VARIABLE_ASSIGNMENT|[129]|objectName|"BFFFollow__c"
21:33:38.0 (18505243)|HEAP_ALLOCATE|[130]|Bytes:4
21:33:38.0 (18562657)|HEAP_ALLOCATE|[130]|Bytes:24
21:33:38.0 (18582048)|HEAP_ALLOCATE|[130]|Bytes:8
21:33:38.0 (18605699)|HEAP_ALLOCATE|[130]|Bytes:5
21:33:38.0 (18619316)|VARIABLE_SCOPE_BEGIN|[130]|fieldName|String|false|false
21:33:38.0 (18626175)|VARIABLE_ASSIGNMENT|[130]|fieldName|"attributes"
21:33:38.0 (18628943)|STATEMENT_EXECUTE|[130]
21:33:38.0 (18629973)|STATEMENT_EXECUTE|[131]
21:33:38.0 (18669089)|VARIABLE_SCOPE_BEGIN|[131]|field|Object|false|false
21:33:38.0 (18686886)|VARIABLE_ASSIGNMENT|[131]|field|{"s":1,"v":{"type":"BFFFollow__c","url":"/services/data/v37.0 (41 more) ..."}}
21:33:38.0 (18703388)|STATEMENT_EXECUTE|[132]
21:33:38.0 (18719391)|HEAP_ALLOCATE|[130]|Bytes:5
21:33:38.0 (18731143)|VARIABLE_SCOPE_BEGIN|[130]|fieldName|String|false|false
21:33:38.0 (18737263)|VARIABLE_ASSIGNMENT|[130]|fieldName|"Id"
21:33:38.0 (18739508)|STATEMENT_EXECUTE|[130]
21:33:38.0 (18740435)|STATEMENT_EXECUTE|[131]
21:33:38.0 (18758096)|VARIABLE_SCOPE_BEGIN|[131]|field|Object|false|false
21:33:38.0 (18766416)|VARIABLE_ASSIGNMENT|[131]|field|"a005000000ezW4dAAE"
21:33:38.0 (18776564)|HEAP_ALLOCATE|[134]|Bytes:68
21:33:38.0 (18795283)|STATEMENT_EXECUTE|[136]
21:33:38.0 (18796889)|STATEMENT_EXECUTE|[137]
21:33:38.0 (18806216)|HEAP_ALLOCATE|[137]|Bytes:4
21:33:38.0 (18837559)|VARIABLE_SCOPE_BEGIN|[137]|fieldNames|Set<String>|true|false
21:33:38.0 (18857143)|VARIABLE_ASSIGNMENT|[137]|fieldNames|{"s":1,"v":[]}|0x4357b6b3
21:33:38.0 (18889755)|STATEMENT_EXECUTE|[138]
21:33:38.0 (18895856)|STATEMENT_EXECUTE|[139]
21:33:38.0 (18924129)|HEAP_ALLOCATE|[EXTERNAL]|Bytes:4
21:33:38.0 (18932493)|STATEMENT_EXECUTE|[140]
21:33:38.0 (18960775)|HEAP_ALLOCATE|[EXTERNAL]|Bytes:-4
21:33:38.0 (18975290)|HEAP_ALLOCATE|[130]|Bytes:5
21:33:38.0 (18987014)|VARIABLE_ASSIGNMENT|[130]|fieldName|null
21:33:38.0 (18995948)|METHOD_EXIT|[117]|01p50000002CIEt|ETLC_SecuredDB.findFieldsRecursive(Map<String,Set<String>>, Map<String,ANY>)
21:33:38.0 (19006177)|HEAP_ALLOCATE|[116]|Bytes:5
21:33:38.0 (19020567)|VARIABLE_ASSIGNMENT|[116]|record|null
21:33:38.0 (19026255)|HEAP_ALLOCATE|[119]|Bytes:4
21:33:38.0 (19058186)|HEAP_ALLOCATE|[119]|Bytes:20
21:33:38.0 (19070672)|HEAP_ALLOCATE|[119]|Bytes:4
21:33:38.0 (19087830)|HEAP_ALLOCATE|[119]|Bytes:5
21:33:38.0 (19099555)|VARIABLE_SCOPE_BEGIN|[119]|objectName|String|false|false
21:33:38.0 (19106422)|VARIABLE_ASSIGNMENT|[119]|objectName|"BFFFollow__c"
21:33:38.0 (19109100)|STATEMENT_EXECUTE|[119]
21:33:38.0 (19110142)|STATEMENT_EXECUTE|[120]
21:33:38.0 (19116862)|HEAP_ALLOCATE|[120]|Bytes:2
21:33:38.0 (19166306)|HEAP_ALLOCATE|[120]|Bytes:4
21:33:38.0 (19178488)|HEAP_ALLOCATE|[120]|Bytes:18
21:33:38.0 (19189292)|USER_DEBUG|[120]|DEBUG|BFFFollow__c: {Id}
21:33:38.0 (19201439)|HEAP_ALLOCATE|[119]|Bytes:5
21:33:38.0 (19211974)|VARIABLE_ASSIGNMENT|[119]|objectName|null
21:33:38.0 (19215001)|STATEMENT_EXECUTE|[122]
21:33:38.0 (19226377)|METHOD_EXIT|[20]|01p50000002CIEt|ETLC_SecuredDB.findFields(List<SObject>)
21:33:38.0 (19241959)|METHOD_ENTRY|[20]|01p50000002CIEt|ETLC_SecuredDB.validate(ETLC_SecuredDB.Operation, Map<String,Set<String>>)
21:33:38.0 (19250346)|VARIABLE_SCOPE_BEGIN|[55]|op|ETLC_SecuredDB.Operation|true|false
21:33:38.0 (19266657)|VARIABLE_ASSIGNMENT|[55]|op|"Querying"|0x21e873b1
21:33:38.0 (19270789)|VARIABLE_SCOPE_BEGIN|[55]|mapFieldNames|Map<String,Set<String>>|true|false
21:33:38.0 (19285288)|VARIABLE_ASSIGNMENT|[55]|mapFieldNames|{"s":1,"v":{"BFFFollow__c":{"s":2,"v":["Id"]}}}|0x6dbfd5c2
21:33:38.0 (19293702)|HEAP_ALLOCATE|[56]|Bytes:5
21:33:38.0 (19297482)|STATEMENT_EXECUTE|[55]
21:33:38.0 (19298701)|STATEMENT_EXECUTE|[56]
21:33:38.0 (19305693)|VARIABLE_SCOPE_BEGIN|[56]|securityMessage|String|false|false
21:33:38.0 (19310273)|VARIABLE_ASSIGNMENT|[56]|securityMessage|null
21:33:38.0 (19311983)|STATEMENT_EXECUTE|[57]
21:33:38.0 (34218982)|HEAP_ALLOCATE|[57]|Bytes:1440
21:33:38.0 (34236846)|VARIABLE_SCOPE_BEGIN|[57]|mapObjects|Map<String,Schema.SObjectType>|true|false
21:33:38.0 (34479441)|VARIABLE_ASSIGNMENT|[57]|mapObjects|"{acceptedeventrelation=AcceptedEventRelation, account=Account, accountcontactrole=AccountContactRole, accountfeed=AccountFeed, accounthistory=AccountHistory, accountpartner=AccountPartner, accountshare=AccountShare, actionlinkgrouptemplate=ActionLinkGroupTemplate, actionlinktemplate=ActionLinkTemplate, activityhistory=ActivityHistory, ...}"|0x6ad162ae
21:33:38.0 (34490296)|HEAP_ALLOCATE|[58]|Bytes:4
21:33:38.0 (34533485)|HEAP_ALLOCATE|[58]|Bytes:20
21:33:38.0 (34547194)|HEAP_ALLOCATE|[58]|Bytes:4
21:33:38.0 (34566380)|HEAP_ALLOCATE|[58]|Bytes:5
21:33:38.0 (34579343)|VARIABLE_SCOPE_BEGIN|[58]|sObjectName|String|false|false
21:33:38.0 (34587456)|VARIABLE_ASSIGNMENT|[58]|sObjectName|"BFFFollow__c"
21:33:38.0 (34590541)|STATEMENT_EXECUTE|[58]
21:33:38.0 (34591895)|STATEMENT_EXECUTE|[59]
21:33:38.0 (34601538)|HEAP_ALLOCATE|[59]|Bytes:9
21:33:38.0 (34605089)|HEAP_ALLOCATE|[59]|Bytes:7
21:33:38.0 (34645488)|HEAP_ALLOCATE|[59]|Bytes:8
21:33:38.0 (34657040)|HEAP_ALLOCATE|[59]|Bytes:1
21:33:38.0 (34668528)|HEAP_ALLOCATE|[59]|Bytes:37
21:33:38.0 (34678343)|VARIABLE_ASSIGNMENT|[59]|securityMessage|"CRUD on [BFFFollow__ (17 more) ..."
21:33:38.0 (34681229)|STATEMENT_EXECUTE|[60]
21:33:38.0 (34688612)|HEAP_ALLOCATE|[60]|Bytes:10
21:33:38.0 (34694390)|HEAP_ALLOCATE|[60]|Bytes:47
21:33:38.0 (34717930)|USER_DEBUG|[60]|DEBUG|Checking: CRUD on [BFFFollow__c] for [Querying]
21:33:38.0 (34725021)|STATEMENT_EXECUTE|[61]
21:33:38.0 (35003549)|HEAP_ALLOCATE|[61]|Bytes:4
21:33:38.0 (35044624)|VARIABLE_SCOPE_BEGIN|[61]|drSObj|Schema.DescribeSObjectResult|true|false
21:33:38.0 (35124000)|VARIABLE_ASSIGNMENT|[61]|drSObj|"common.api.soap.wsdl.DescribeSObjectResult@a54f9caa"|0x4094ed66
21:33:38.0 (35263418)|STATEMENT_EXECUTE|[64]
21:33:38.0 (35283685)|STATEMENT_EXECUTE|[65]
21:33:38.0 (35343296)|STATEMENT_EXECUTE|[77]
21:33:38.0 (35345815)|STATEMENT_EXECUTE|[79]
21:33:38.0 (35566848)|HEAP_ALLOCATE|[79]|Bytes:56
21:33:38.0 (35577869)|VARIABLE_SCOPE_BEGIN|[79]|mapFields|Map<String,Schema.SObjectField>|true|false
21:33:38.0 (35728166)|VARIABLE_ASSIGNMENT|[79]|mapFields|"{createdbyid=CreatedById, createddate=CreatedDate, followedby__c=FollowedBy__c, followedusers__c=FollowedUsers__c, id=Id, isdeleted=IsDeleted, lastmodifiedbyid=LastModifiedById, lastmodifieddate=LastModifiedDate, lastreferenceddate=LastReferencedDate, lastvieweddate=LastViewedDate, ...}"|0x32f4cc38
21:33:38.0 (35737641)|HEAP_ALLOCATE|[80]|Bytes:4
21:33:38.0 (35780371)|HEAP_ALLOCATE|[80]|Bytes:4
21:33:38.0 (35800247)|HEAP_ALLOCATE|[80]|Bytes:5
21:33:38.0 (35812704)|VARIABLE_SCOPE_BEGIN|[80]|fieldName|String|false|false
21:33:38.0 (35819824)|VARIABLE_ASSIGNMENT|[80]|fieldName|"Id"
21:33:38.0 (35822717)|STATEMENT_EXECUTE|[80]
21:33:38.0 (35823811)|STATEMENT_EXECUTE|[81]
21:33:38.0 (36352767)|HEAP_ALLOCATE|[81]|Bytes:8
21:33:38.0 (36386086)|VARIABLE_SCOPE_BEGIN|[81]|drField|Schema.DescribeFieldResult|true|false
21:33:38.0 (36453979)|VARIABLE_ASSIGNMENT|[81]|drField|"common.api.soap.wsdl.Field@e03b3789"|0xe6a8352
21:33:38.0 (36475493)|STATEMENT_EXECUTE|[99]
21:33:38.0 (36477134)|STATEMENT_EXECUTE|[100]
21:33:38.0 (36486073)|HEAP_ALLOCATE|[100]|Bytes:22
21:33:38.0 (36489870)|HEAP_ALLOCATE|[100]|Bytes:1
21:33:38.0 (36526640)|HEAP_ALLOCATE|[100]|Bytes:8
21:33:38.0 (36544869)|HEAP_ALLOCATE|[100]|Bytes:52
21:33:38.0 (36549178)|HEAP_ALLOCATE|[100]|Bytes:35
21:33:38.0 (36553276)|HEAP_ALLOCATE|[100]|Bytes:87
21:33:38.0 (36564106)|USER_DEBUG|[100]|DEBUG|Bypass Check: FLS on [BFFFollow__c.Id] for [Querying] since it's not isPermissionable()
21:33:38.0 (36578732)|HEAP_ALLOCATE|[80]|Bytes:5
21:33:38.0 (36590323)|VARIABLE_ASSIGNMENT|[80]|fieldName|null
21:33:38.0 (36599008)|HEAP_ALLOCATE|[58]|Bytes:5
21:33:38.0 (36606762)|VARIABLE_ASSIGNMENT|[58]|sObjectName|null
21:33:38.0 (36617161)|METHOD_EXIT|[20]|01p50000002CIEt|ETLC_SecuredDB.validate(ETLC_SecuredDB.Operation, Map<String,Set<String>>)
21:33:38.0 (36620686)|STATEMENT_EXECUTE|[21]
21:33:38.0 (36630925)|METHOD_EXIT|[49]|01p50000002CIEt|ETLC_SecuredDB.query(String)
21:33:38.0 (36636039)|VARIABLE_SCOPE_BEGIN|[49]|dbRecords|List<SObject>|true|false
21:33:38.0 (36655766)|VARIABLE_ASSIGNMENT|[49]|dbRecords|{"s":1,"v":[{"s":2,"v":{"Id":"a005000000ezW4dAAE"}}]}|0x1274f18e
21:33:38.0 (36658953)|STATEMENT_EXECUTE|[50]
21:33:38.0 (36679190)|HEAP_ALLOCATE|[50]|Bytes:4
21:33:38.0 (36789450)|VARIABLE_SCOPE_BEGIN|[50]|record|BFFFollow__c|true|false
21:33:38.0 (36803882)|VARIABLE_ASSIGNMENT|[50]|record|{}|0x1df76884
21:33:38.0 (36877890)|STATEMENT_EXECUTE|[51]
21:33:38.0 (36880181)|STATEMENT_EXECUTE|[52]
21:33:38.0 (36892396)|HEAP_ALLOCATE|[52]|Bytes:8
21:33:38.0 (36898213)|HEAP_ALLOCATE|[52]|Bytes:2
21:33:38.0 (36957918)|HEAP_ALLOCATE|[52]|Bytes:4
21:33:38.0 (36973889)|HEAP_ALLOCATE|[52]|Bytes:4
21:33:38.0 (37011705)|VARIABLE_ASSIGNMENT|[52]|this.Id|"a005000000ezW4dAAE"|0x1df76884
21:33:38.0 (37016536)|STATEMENT_EXECUTE|[54]
21:33:38.0 (37061416)|VARIABLE_ASSIGNMENT|[54]|this.FollowedUsers__c|"[{\"id\":\"00550000005d (28 more) ..."|0x1df76884
21:33:38.0 (37064867)|STATEMENT_EXECUTE|[55]
21:33:38.0 (37113718)|VARIABLE_ASSIGNMENT|[55]|this.FollowedBy__c|"00550000005cg71AAA"|0x1df76884
21:33:38.0 (37117205)|STATEMENT_EXECUTE|[56]
21:33:38.0 (37155884)|HEAP_ALLOCATE|[56]|Bytes:8
21:33:38.0 (37178890)|DML_BEGIN|[56]|Op:Upsert|Type:BFFFollow__c|Rows:1
21:33:38.0 (37201587)|HEAP_ALLOCATE|[EXTERNAL]|Bytes:8
21:33:38.0 (72093888)|DML_END|[56]
21:33:38.0 (72137963)|STATEMENT_EXECUTE|[57]
21:33:38.0 (72141453)|STATEMENT_EXECUTE|[57]
21:33:38.0 (72253057)|USER_DEBUG|[57]|DEBUG|BFFFollow__c:{Id=a005000000ezW4dAAE, FollowedUsers__c=[{"id":"00550000005d7KnAAI","name":"Test User"}], FollowedBy__c=00550000005cg71AAA}
21:33:38.0 (72265805)|STATEMENT_EXECUTE|[58]
21:33:38.0 (72279246)|HEAP_ALLOCATE|[58]|Bytes:5
21:33:38.0 (72300797)|METHOD_EXIT|[13]|01p50000002D8iw|BFFFollow_Controller.saveFollowedUsers(Id, String)
21:33:38.0 (72411804)|VARIABLE_ASSIGNMENT|[EXTERNAL]|this|{"debug":true,"input":"{\"mode\":\"saveFollowe (83 more) ...","operation":"BFFFollow_Controller"}|0x1016dd1e
21:33:38.0 (72424707)|VARIABLE_ASSIGNMENT|[EXTERNAL]|value|true
21:33:38.0 (72432375)|HEAP_ALLOCATE|[15]|Bytes:5
21:33:38.0 (72444304)|VARIABLE_ASSIGNMENT|[15]|this.outputFlag|true|0x1016dd1e
21:33:38.0 (72455341)|STATEMENT_EXECUTE|[19]
21:33:38.0 (72456802)|STATEMENT_EXECUTE|[19]
21:33:38.0 (72466826)|HEAP_ALLOCATE|[19]|Bytes:11
21:33:38.0 (72546219)|HEAP_ALLOCATE|[19]|Bytes:251
21:33:38.0 (72564985)|HEAP_ALLOCATE|[19]|Bytes:262
21:33:38.0 (72575987)|USER_DEBUG|[19]|DEBUG|data AFTER:ETLC_ApexBridge_Data:[debug=true, input={"mode":"saveFollowedUsers","followedUsers":"[{\"id\":\"00550000005d7KnAAI\",\"name\":\"Test User\"}]"}, isSuccess=null, messages=null, operation=BFFFollow_Controller, output=null, outputFlag=true, records=null]
21:33:38.0 (72591443)|METHOD_EXIT|[9]|01p50000002D8iw|BFFFollow_Controller.process(ETLC_ApexBridge_Data)
21:33:38.0 (72595376)|STATEMENT_EXECUTE|[24]
21:33:38.0 (72619723)|METHOD_ENTRY|[24]|01p50000002CIEo|ETLC_ApexBridge_Data.toJSON()
21:33:38.0 (72643935)|VARIABLE_SCOPE_BEGIN|[57]|this|ETLC_ApexBridge_Data|true|false
21:33:38.0 (72673639)|VARIABLE_ASSIGNMENT|[57]|this|{"debug":true,"input":"{\"mode\":\"saveFollowe (83 more) ...","operation":"BFFFollow_Controller","outputFlag":true}|0x1016dd1e
21:33:38.0 (72680577)|STATEMENT_EXECUTE|[57]
21:33:38.0 (72681789)|STATEMENT_EXECUTE|[58]
21:33:38.0 (72697923)|METHOD_ENTRY|[58]||System.JSON.serialize(Object)
21:33:38.0 (72803609)|STATEMENT_EXECUTE|[22]
21:33:38.0 (72809772)|STATEMENT_EXECUTE|[23]
21:33:38.0 (72818596)|HEAP_ALLOCATE|[23]|Bytes:5
21:33:38.0 (72828213)|VARIABLE_ASSIGNMENT|[23]|this.isSuccess|true|0x1016dd1e
21:33:38.0 (72830888)|STATEMENT_EXECUTE|[24]
21:33:38.0 (72883225)|STATEMENT_EXECUTE|[31]
21:33:38.0 (72888105)|STATEMENT_EXECUTE|[32]
21:33:38.0 (72899025)|HEAP_ALLOCATE|[32]|Bytes:4
21:33:38.0 (72979198)|VARIABLE_ASSIGNMENT|[32]|this.messages|{"s":1,"v":{}}|0x1016dd1e
21:33:38.0 (72982876)|STATEMENT_EXECUTE|[33]
21:33:38.0 (73321391)|METHOD_EXIT|[58]||System.JSON.serialize(Object)
21:33:38.0 (73329184)|METHOD_EXIT|[24]|01p50000002CIEo|ETLC_ApexBridge_Data.toJSON()
21:33:38.0 (73339801)|SYSTEM_MODE_EXIT|false
21:33:38.75 (75320540)|CUMULATIVE_LIMIT_USAGE
21:33:38.75 (75320540)|LIMIT_USAGE_FOR_NS|(default)|
  Number of SOQL queries: 1 out of 100
  Number of query rows: 1 out of 50000
  Number of SOSL queries: 0 out of 20
  Number of DML statements: 1 out of 150
  Number of DML rows: 1 out of 10000
  Maximum CPU time: 0 out of 10000
  Maximum heap size: 0 out of 6000000
  Number of callouts: 0 out of 100
  Number of Email Invocations: 0 out of 10
  Number of future calls: 0 out of 50
  Number of queueable jobs added to the queue: 0 out of 50
  Number of Mobile Apex push calls: 0 out of 10

21:33:38.75 (75320540)|CUMULATIVE_LIMIT_USAGE_END

21:33:38.0 (75368606)|CODE_UNIT_FINISHED|ETLC_ApexBridge_Controller.execute
