37.0 APEX_CODE,FINEST;APEX_PROFILING,INFO;CALLOUT,INFO;DB,INFO;SYSTEM,DEBUG;VALIDATION,INFO;VISUALFORCE,INFO;WORKFLOW,INFO
10:28:19.0 (403499)|USER_INFO|[EXTERNAL]|00550000005cg71|bfffollow@jr.te|Eastern Standard Time|GMT-04:00
10:28:19.0 (440932)|EXECUTION_STARTED
10:28:19.0 (446823)|CODE_UNIT_STARTED|[EXTERNAL]|aura
10:28:19.0 (842873)|HEAP_ALLOCATE|[72]|Bytes:3
10:28:19.0 (895134)|HEAP_ALLOCATE|[77]|Bytes:152
10:28:19.0 (926888)|HEAP_ALLOCATE|[342]|Bytes:408
10:28:19.0 (945894)|HEAP_ALLOCATE|[355]|Bytes:408
10:28:19.0 (963269)|HEAP_ALLOCATE|[467]|Bytes:48
10:28:19.0 (994064)|HEAP_ALLOCATE|[139]|Bytes:6
10:28:19.0 (1034426)|HEAP_ALLOCATE|[EXTERNAL]|Bytes:122
10:28:19.0 (1053454)|HEAP_ALLOCATE|[EXTERNAL]|Bytes:122
10:28:19.0 (2393481)|CODE_UNIT_STARTED|[EXTERNAL]|01p50000002CIEm|ETLC_ApexBridge_Controller.execute
10:28:19.0 (3047854)|HEAP_ALLOCATE|[EXTERNAL]|Bytes:1
10:28:19.0 (3056357)|HEAP_ALLOCATE|[EXTERNAL]|Bytes:10
10:28:19.0 (3074071)|METHOD_ENTRY|[1]|01p50000002CIEm|ETLC_ApexBridge_Controller.ETLC_ApexBridge_Controller()
10:28:19.0 (3078228)|STATEMENT_EXECUTE|[1]
10:28:19.0 (3084016)|STATEMENT_EXECUTE|[1]
10:28:19.0 (3091231)|METHOD_EXIT|[1]|ETLC_ApexBridge_Controller
10:28:19.0 (3095419)|HEAP_ALLOCATE|[EXTERNAL]|Bytes:122
10:28:19.0 (3109047)|SYSTEM_MODE_ENTER|false
10:28:19.0 (3118195)|VARIABLE_SCOPE_BEGIN|[3]|dataJson|String|false|false
10:28:19.0 (3163419)|VARIABLE_ASSIGNMENT|[3]|dataJson|"{\"operation\":\"BFFFol (102 more) ..."
10:28:19.0 (3178100)|STATEMENT_EXECUTE|[3]
10:28:19.0 (3179702)|STATEMENT_EXECUTE|[4]
10:28:19.0 (3940637)|VARIABLE_SCOPE_BEGIN|[4]|data|ETLC_ApexBridge_Data|true|false
10:28:19.0 (3953142)|VARIABLE_ASSIGNMENT|[4]|data|null|
10:28:19.0 (3956015)|STATEMENT_EXECUTE|[5]
10:28:19.0 (3957264)|STATEMENT_EXECUTE|[5]
10:28:19.0 (3958422)|STATEMENT_EXECUTE|[6]
10:28:19.0 (3976818)|HEAP_ALLOCATE|[6]|Bytes:11
10:28:19.0 (3983811)|HEAP_ALLOCATE|[6]|Bytes:248
10:28:19.0 (3986655)|HEAP_ALLOCATE|[6]|Bytes:39
10:28:19.0 (4017419)|METHOD_ENTRY|[2]|01p50000002CIEo|ETLC_ApexBridge_Data.ETLC_ApexBridge_Data()
10:28:19.0 (4021465)|STATEMENT_EXECUTE|[2]
10:28:19.0 (4024241)|STATEMENT_EXECUTE|[2]
10:28:19.0 (4029877)|METHOD_EXIT|[2]|ETLC_ApexBridge_Data
10:28:19.0 (4051888)|METHOD_ENTRY|[6]|01p50000002CIEo|ETLC_ApexBridge_Data.fromJSON(String)
10:28:19.0 (4073384)|VARIABLE_SCOPE_BEGIN|[60]|strJson|String|false|false
10:28:19.0 (4083197)|VARIABLE_ASSIGNMENT|[60]|strJson|"{\"operation\":\"BFFFol (102 more) ..."
10:28:19.0 (4087849)|STATEMENT_EXECUTE|[60]
10:28:19.0 (4089600)|STATEMENT_EXECUTE|[61]
10:28:19.0 (4098536)|HEAP_ALLOCATE|[61]|Bytes:20
10:28:19.0 (4121741)|HEAP_ALLOCATE|[50]|Bytes:5
10:28:19.0 (4144226)|HEAP_ALLOCATE|[56]|Bytes:5
10:28:19.0 (4152847)|HEAP_ALLOCATE|[64]|Bytes:7
10:28:19.0 (4262038)|HEAP_ALLOCATE|[61]|Bytes:24
10:28:19.0 (4275382)|SYSTEM_METHOD_ENTRY|[1]|Type.Type()
10:28:19.0 (4277805)|STATEMENT_EXECUTE|[1]
10:28:19.0 (4285737)|SYSTEM_METHOD_EXIT|[1]|Type
10:28:19.0 (4291277)|HEAP_ALLOCATE|[61]|Bytes:8
10:28:19.0 (4319666)|HEAP_ALLOCATE|[61]|Bytes:8
10:28:19.0 (4325225)|VARIABLE_SCOPE_BEGIN|[4]|this|System.Type|true|false
10:28:19.0 (4366428)|VARIABLE_ASSIGNMENT|[4]|this|{}|0x8b2804d
10:28:19.0 (4370296)|VARIABLE_SCOPE_BEGIN|[4]|apextype|java:common.apex.runtime.ApexObjectType|true|false
10:28:19.0 (4582351)|VARIABLE_ASSIGNMENT|[4]|apextype|"ETLC_ApexBridge_Data"|0x65b7884c
10:28:19.0 (4654856)|HEAP_ALLOCATE|[61]|Bytes:8
10:28:19.0 (4695053)|HEAP_ALLOCATE|[61]|Bytes:24
10:28:19.0 (4706729)|SYSTEM_METHOD_ENTRY|[1]|JSON.JSON()
10:28:19.0 (4708836)|STATEMENT_EXECUTE|[1]
10:28:19.0 (4715273)|SYSTEM_METHOD_EXIT|[1]|JSON
10:28:19.0 (4732308)|METHOD_ENTRY|[61]||System.JSON.deserializeStrict(String, System.Type)
10:28:19.0 (5032888)|METHOD_EXIT|[61]||System.JSON.deserializeStrict(String, System.Type)
10:28:19.0 (5046585)|METHOD_EXIT|[6]|01p50000002CIEo|ETLC_ApexBridge_Data.fromJSON(String)
10:28:19.0 (5081762)|VARIABLE_ASSIGNMENT|[6]|data|{"debug":true,"input":"{\"mode\":\"fetchUserFe (34 more) ...","operation":"BFFFollow_Controller"}|0x406d3d94
10:28:19.0 (5086974)|STATEMENT_EXECUTE|[7]
10:28:19.0 (5096173)|HEAP_ALLOCATE|[7]|Bytes:6
10:28:19.0 (5177287)|HEAP_ALLOCATE|[7]|Bytes:202
10:28:19.0 (5201405)|HEAP_ALLOCATE|[7]|Bytes:208
10:28:19.0 (5229057)|USER_DEBUG|[7]|DEBUG|data::ETLC_ApexBridge_Data:[debug=true, input={"mode":"fetchUserFeed","userId":"00550000005cg71AAA"}, isSuccess=null, messages=null, operation=BFFFollow_Controller, output=null, outputFlag=null, records=null]
10:28:19.0 (5238619)|STATEMENT_EXECUTE|[8]
10:28:19.0 (5291401)|VARIABLE_ASSIGNMENT|[EXTERNAL]|this|{"debug":true,"input":"{\"mode\":\"fetchUserFe (34 more) ...","operation":"BFFFollow_Controller"}|0x406d3d94
10:28:19.0 (5313207)|METHOD_ENTRY|[8]||System.Type.forName(String)
10:28:19.0 (6295095)|METHOD_EXIT|[8]||System.Type.forName(String)
10:28:19.0 (6309237)|METHOD_ENTRY|[8]||System.Type.newInstance()
10:28:19.0 (6804734)|STATEMENT_EXECUTE|[1]
10:28:19.0 (6816446)|HEAP_ALLOCATE|[33]|Bytes:5
10:28:19.0 (6830450)|METHOD_EXIT|[1]|BFFFollow_Controller
10:28:19.0 (6835480)|HEAP_ALLOCATE|[33]|Bytes:4
10:28:19.0 (6840321)|VARIABLE_SCOPE_BEGIN|[1]|this|BFFFollow_Controller|true|false
10:28:19.0 (6860165)|VARIABLE_ASSIGNMENT|[1]|this|{}|0x2aeb4b49
10:28:19.0 (6868655)|HEAP_ALLOCATE|[33]|Bytes:5
10:28:19.0 (6878127)|HEAP_ALLOCATE|[33]|Bytes:11
10:28:19.0 (6887708)|METHOD_ENTRY|[1]|01p50000002CIEj|ETLC_ApexBridge_Abstract.ETLC_ApexBridge_Abstract()
10:28:19.0 (6890620)|STATEMENT_EXECUTE|[1]
10:28:19.0 (6893228)|STATEMENT_EXECUTE|[1]
10:28:19.0 (6897628)|METHOD_EXIT|[1]|ETLC_ApexBridge_Abstract
10:28:19.0 (6908794)|CONSTRUCTOR_ENTRY|[EXTERNAL]|01p50000002CIEj|<init>()
10:28:19.0 (6916772)|VARIABLE_SCOPE_BEGIN|[1]|this|ETLC_ApexBridge_Abstract|true|false
10:28:19.0 (6931214)|VARIABLE_ASSIGNMENT|[1]|this|{}|0x2aeb4b49
10:28:19.0 (6944730)|STATEMENT_EXECUTE|[1]
10:28:19.0 (6953229)|CONSTRUCTOR_EXIT|[EXTERNAL]|01p50000002CIEj|<init>()
10:28:19.0 (6959716)|STATEMENT_EXECUTE|[1]
10:28:19.0 (6964638)|HEAP_ALLOCATE|[33]|Bytes:5
10:28:19.0 (6983327)|METHOD_EXIT|[8]||System.Type.newInstance()
10:28:19.0 (6992056)|VARIABLE_SCOPE_BEGIN|[8]|executor|ETLC_ApexBridge_Abstract|true|false
10:28:19.0 (7005436)|VARIABLE_ASSIGNMENT|[8]|executor|{}|0x2aeb4b49
10:28:19.0 (7008980)|STATEMENT_EXECUTE|[9]
10:28:19.0 (7037006)|METHOD_ENTRY|[9]|01p50000002D8iw|BFFFollow_Controller.process(ETLC_ApexBridge_Data)
10:28:19.0 (7054264)|VARIABLE_SCOPE_BEGIN|[3]|this|BFFFollow_Controller|true|false
10:28:19.0 (7068325)|VARIABLE_ASSIGNMENT|[3]|this|{}|0x2aeb4b49
10:28:19.0 (7070927)|VARIABLE_SCOPE_BEGIN|[3]|data|ETLC_ApexBridge_Data|true|false
10:28:19.0 (7095901)|VARIABLE_ASSIGNMENT|[3]|data|{"debug":true,"input":"{\"mode\":\"fetchUserFe (34 more) ...","operation":"BFFFollow_Controller"}|0x406d3d94
10:28:19.0 (7106860)|HEAP_ALLOCATE|[4]|Bytes:5
10:28:19.0 (7110952)|STATEMENT_EXECUTE|[3]
10:28:19.0 (7112164)|STATEMENT_EXECUTE|[4]
10:28:19.0 (7163068)|VARIABLE_ASSIGNMENT|[EXTERNAL]|this|{"debug":true,"input":"{\"mode\":\"fetchUserFe (34 more) ...","operation":"BFFFollow_Controller"}|0x406d3d94
10:28:19.0 (7188137)|VARIABLE_ASSIGNMENT|[4]|BFFFollow_Controller.debugFlag|true
10:28:19.0 (7226596)|VARIABLE_ASSIGNMENT|[EXTERNAL]|this|{"debug":true,"input":"{\"mode\":\"fetchUserFe (34 more) ...","operation":"BFFFollow_Controller"}|0x406d3d94
10:28:19.0 (7240825)|STATEMENT_EXECUTE|[5]
10:28:19.0 (7284921)|USER_DEBUG|[5]|DEBUG|ETLC_ApexBridge_Data:[debug=true, input={"mode":"fetchUserFeed","userId":"00550000005cg71AAA"}, isSuccess=null, messages=null, operation=BFFFollow_Controller, output=null, outputFlag=null, records=null]
10:28:19.0 (7294683)|STATEMENT_EXECUTE|[7]
10:28:19.0 (7302546)|HEAP_ALLOCATE|[7]|Bytes:4
10:28:19.0 (7319082)|METHOD_ENTRY|[7]|01p50000002CIEo|ETLC_ApexBridge_Data.getInputValue(String)
10:28:19.0 (7338257)|VARIABLE_SCOPE_BEGIN|[52]|this|ETLC_ApexBridge_Data|true|false
10:28:19.0 (7365072)|VARIABLE_ASSIGNMENT|[52]|this|{"debug":true,"input":"{\"mode\":\"fetchUserFe (34 more) ...","operation":"BFFFollow_Controller"}|0x406d3d94
10:28:19.0 (7369224)|VARIABLE_SCOPE_BEGIN|[52]|key|String|false|false
10:28:19.0 (7373363)|VARIABLE_ASSIGNMENT|[52]|key|"mode"
10:28:19.0 (7377679)|STATEMENT_EXECUTE|[52]
10:28:19.0 (7379175)|STATEMENT_EXECUTE|[53]
10:28:19.0 (7426234)|VARIABLE_ASSIGNMENT|[EXTERNAL]|this|{"debug":true,"input":"{\"mode\":\"fetchUserFe (34 more) ...","operation":"BFFFollow_Controller"}|0x406d3d94
10:28:19.0 (7448985)|METHOD_ENTRY|[53]||System.JSON.deserializeUntyped(String)
10:28:19.0 (7760694)|METHOD_EXIT|[53]||System.JSON.deserializeUntyped(String)
10:28:19.0 (7770660)|VARIABLE_SCOPE_BEGIN|[53]|inputMap|Map<String,ANY>|true|false
10:28:19.0 (7797718)|VARIABLE_ASSIGNMENT|[53]|inputMap|{"s":1,"v":{"mode":"fetchUserFeed","userId":"00550000005cg71AAA"}}|0x76b92cb0
10:28:19.0 (7801629)|STATEMENT_EXECUTE|[54]
10:28:19.0 (7851573)|METHOD_EXIT|[7]|01p50000002CIEo|ETLC_ApexBridge_Data.getInputValue(String)
10:28:19.0 (7858042)|VARIABLE_SCOPE_BEGIN|[7]|mode|String|false|false
10:28:19.0 (7864719)|VARIABLE_ASSIGNMENT|[7]|mode|"fetchUserFeed"
10:28:19.0 (7869258)|HEAP_ALLOCATE|[9]|Bytes:18
10:28:19.0 (7899714)|HEAP_ALLOCATE|[13]|Bytes:17
10:28:19.0 (7909287)|HEAP_ALLOCATE|[15]|Bytes:13
10:28:19.0 (7918804)|STATEMENT_EXECUTE|[15]
10:28:19.0 (7920284)|STATEMENT_EXECUTE|[16]
10:28:19.0 (7927174)|HEAP_ALLOCATE|[16]|Bytes:6
10:28:19.0 (7939119)|METHOD_ENTRY|[16]|01p50000002CIEo|ETLC_ApexBridge_Data.getInputValue(String)
10:28:19.0 (7952796)|VARIABLE_SCOPE_BEGIN|[52]|this|ETLC_ApexBridge_Data|true|false
10:28:19.0 (7981189)|VARIABLE_ASSIGNMENT|[52]|this|{"debug":true,"input":"{\"mode\":\"fetchUserFe (34 more) ...","operation":"BFFFollow_Controller"}|0x406d3d94
10:28:19.0 (7984879)|VARIABLE_SCOPE_BEGIN|[52]|key|String|false|false
10:28:19.0 (7988268)|VARIABLE_ASSIGNMENT|[52]|key|"userId"
10:28:19.0 (7991921)|STATEMENT_EXECUTE|[52]
10:28:19.0 (7993062)|STATEMENT_EXECUTE|[53]
10:28:19.0 (8024326)|VARIABLE_ASSIGNMENT|[EXTERNAL]|this|{"debug":true,"input":"{\"mode\":\"fetchUserFe (34 more) ...","operation":"BFFFollow_Controller"}|0x406d3d94
10:28:19.0 (8039257)|METHOD_ENTRY|[53]||System.JSON.deserializeUntyped(String)
10:28:19.0 (8174928)|METHOD_EXIT|[53]||System.JSON.deserializeUntyped(String)
10:28:19.0 (8183535)|VARIABLE_SCOPE_BEGIN|[53]|inputMap|Map<String,ANY>|true|false
10:28:19.0 (8201402)|VARIABLE_ASSIGNMENT|[53]|inputMap|{"s":1,"v":{"mode":"fetchUserFeed","userId":"00550000005cg71AAA"}}|0x6ece0caa
10:28:19.0 (8204963)|STATEMENT_EXECUTE|[54]
10:28:19.0 (8227371)|METHOD_EXIT|[16]|01p50000002CIEo|ETLC_ApexBridge_Data.getInputValue(String)
10:28:19.0 (8244673)|HEAP_ALLOCATE|[16]|Bytes:4
10:28:19.0 (8262194)|METHOD_ENTRY|[16]|01p50000002D8iw|BFFFollow_Controller.fetchUserFeed(Id)
10:28:19.0 (8271976)|VARIABLE_SCOPE_BEGIN|[63]|this|BFFFollow_Controller|true|false
10:28:19.0 (8286182)|VARIABLE_ASSIGNMENT|[63]|this|{}|0x2aeb4b49
10:28:19.0 (8291091)|VARIABLE_SCOPE_BEGIN|[63]|userId|Id|false|false
10:28:19.0 (8469920)|VARIABLE_ASSIGNMENT|[63]|userId|"00550000005cg71AAA"
10:28:19.0 (8482036)|HEAP_ALLOCATE|[64]|Bytes:5
10:28:19.0 (8486397)|STATEMENT_EXECUTE|[63]
10:28:19.0 (8487567)|STATEMENT_EXECUTE|[64]
10:28:19.0 (8544082)|HEAP_ALLOCATE|[64]|Bytes:24
10:28:19.0 (8567530)|SYSTEM_METHOD_ENTRY|[1]|Network.Network()
10:28:19.0 (8570355)|STATEMENT_EXECUTE|[1]
10:28:19.0 (8579061)|SYSTEM_METHOD_EXIT|[1]|Network
10:28:19.0 (8597555)|METHOD_ENTRY|[64]||System.Network.getNetworkId()
10:28:19.0 (8644326)|METHOD_EXIT|[64]||System.Network.getNetworkId()
10:28:19.0 (8877315)|HEAP_ALLOCATE|[64]|Bytes:18
10:28:19.0 (8917697)|HEAP_ALLOCATE|[64]|Bytes:968
10:28:19.0 (8930447)|SYSTEM_METHOD_ENTRY|[5]|ChatterFeeds.ChatterFeeds()
10:28:19.0 (8932689)|STATEMENT_EXECUTE|[5]
10:28:19.0 (8939264)|SYSTEM_METHOD_EXIT|[5]|ChatterFeeds
10:28:19.0 (8965000)|METHOD_ENTRY|[64]||ConnectApi.ChatterFeeds.getFeedElementsFromFeed(String, ConnectApi.FeedType, String)
10:28:19.0 (120161645)|SYSTEM_METHOD_EXIT|[5]|FeedElementPage
10:28:19.0 (120297372)|HEAP_ALLOCATE|[3649]|Bytes:84
10:28:19.0 (120307528)|HEAP_ALLOCATE|[3649]|Bytes:12
10:28:19.0 (120313824)|HEAP_ALLOCATE|[3649]|Bytes:8
10:28:19.0 (120329307)|VARIABLE_SCOPE_BEGIN|[39]|this|ConnectApi.FeedElementPage|true|false
10:28:19.0 (120586520)|VARIABLE_ASSIGNMENT|[39]|this|{}|0x5bd09c6c
10:28:19.0 (120597702)|VARIABLE_SCOPE_BEGIN|[39]|versionIn|Double|false|false
10:28:19.0 (120608234)|VARIABLE_ASSIGNMENT|[39]|versionIn|34.0
10:28:19.0 (120616247)|VARIABLE_SCOPE_BEGIN|[39]|javaObj|java:sfdc.chatter.connect.api.output.feeds.FeedElementCollectionRepresentation|true|false
10:28:19.0 (120756678)|VARIABLE_ASSIGNMENT|[39]|javaObj|"sfdc.chatter.connect.api.output.feeds.FeedElementCollectionRepresentation@217ee9c5"|0x217ee9c5
10:28:19.0 (121494886)|SYSTEM_METHOD_EXIT|[5]|FeedItem
10:28:19.0 (121507212)|HEAP_ALLOCATE|[59]|Bytes:252
10:28:19.0 (121513895)|HEAP_ALLOCATE|[59]|Bytes:12
10:28:19.0 (121518991)|HEAP_ALLOCATE|[59]|Bytes:8
10:28:19.0 (121528242)|VARIABLE_SCOPE_BEGIN|[56]|this|ConnectApi.FeedItem|true|false
10:28:19.0 (121613830)|HEAP_ALLOCATE|[59]|Bytes:312
10:28:19.0 (121625008)|HEAP_ALLOCATE|[59]|Bytes:75
10:28:19.0 (121668233)|SYSTEM_METHOD_ENTRY|[5]|FeedElement.FeedElement()
10:28:19.0 (121673255)|STATEMENT_EXECUTE|[5]
10:28:19.0 (121686429)|SYSTEM_METHOD_EXIT|[5]|FeedElement
10:28:19.0 (121756930)|VARIABLE_ASSIGNMENT|[56]|this|{}|0x4dc4279f
10:28:19.0 (121767553)|VARIABLE_SCOPE_BEGIN|[56]|versionIn|Double|false|false
10:28:19.0 (121776482)|VARIABLE_ASSIGNMENT|[56]|versionIn|34.0
10:28:19.0 (121784575)|VARIABLE_SCOPE_BEGIN|[56]|javaObj|java:sfdc.chatter.connect.api.output.feeds.FeedItemRepresentation|true|false
10:28:19.0 (122650643)|VARIABLE_ASSIGNMENT|[56]|javaObj|"\n\u003CFeedItem id(0D55000003LmBsDCAV)\u003E\n\u003CUser id(00550000005cg71AAA) name(Jaswinder Rattanpal) /\u003E\n\u003CFeedBody text(Test 1\n), isRichText(true) /\u003Esfdc.chatter.connect.api.output.feeds.FeedElementCommentCollectionRepresentation@3131823\n\u003C/FeedItem\u003E"|0x5cffd7d1
10:28:19.0 (122991861)|SYSTEM_METHOD_EXIT|[5]|FeedBody
10:28:19.0 (123001252)|HEAP_ALLOCATE|[46]|Bytes:36
10:28:19.0 (123009299)|HEAP_ALLOCATE|[46]|Bytes:12
10:28:19.0 (123014810)|HEAP_ALLOCATE|[46]|Bytes:8
10:28:19.0 (123024136)|VARIABLE_SCOPE_BEGIN|[16]|this|ConnectApi.FeedBody|true|false
10:28:19.0 (123060825)|HEAP_ALLOCATE|[46]|Bytes:164
10:28:19.0 (123070294)|HEAP_ALLOCATE|[46]|Bytes:44
10:28:19.0 (123119778)|SYSTEM_METHOD_ENTRY|[5]|AbstractMessageBody.AbstractMessageBody()
10:28:19.0 (123124469)|STATEMENT_EXECUTE|[5]
10:28:19.0 (123136783)|SYSTEM_METHOD_EXIT|[5]|AbstractMessageBody
10:28:19.0 (123162878)|VARIABLE_ASSIGNMENT|[16]|this|{}|0xa993d4a
10:28:19.0 (123172255)|VARIABLE_SCOPE_BEGIN|[16]|versionIn|Double|false|false
10:28:19.0 (123180361)|VARIABLE_ASSIGNMENT|[16]|versionIn|34.0
10:28:19.0 (123187759)|VARIABLE_SCOPE_BEGIN|[16]|javaObj|java:sfdc.chatter.connect.api.output.feeds.FeedBodyRepresentation|true|false
10:28:19.0 (123283032)|VARIABLE_ASSIGNMENT|[16]|javaObj|"\n\u003CFeedBody text(Test 1\n), isRichText(true) /\u003E"|0x660d0b59
10:28:19.0 (123845220)|SYSTEM_METHOD_EXIT|[5]|MarkupBeginSegment
10:28:19.0 (123854892)|HEAP_ALLOCATE|[43]|Bytes:44
10:28:19.0 (123861424)|HEAP_ALLOCATE|[43]|Bytes:12
10:28:19.0 (123867629)|HEAP_ALLOCATE|[43]|Bytes:8
10:28:19.0 (123876747)|VARIABLE_SCOPE_BEGIN|[20]|this|ConnectApi.MarkupBeginSegment|true|false
10:28:19.0 (123920716)|HEAP_ALLOCATE|[43]|Bytes:120
10:28:19.0 (123930815)|HEAP_ALLOCATE|[43]|Bytes:40
10:28:19.0 (123977933)|SYSTEM_METHOD_ENTRY|[5]|MessageSegment.MessageSegment()
10:28:19.0 (123982957)|STATEMENT_EXECUTE|[5]
10:28:19.0 (123996027)|SYSTEM_METHOD_EXIT|[5]|MessageSegment
10:28:19.0 (124021919)|VARIABLE_ASSIGNMENT|[20]|this|{}|0x7d44c5bb
10:28:19.0 (124032623)|VARIABLE_SCOPE_BEGIN|[20]|versionIn|Double|false|false
10:28:19.0 (124040923)|VARIABLE_ASSIGNMENT|[20]|versionIn|34.0
10:28:19.0 (124048749)|VARIABLE_SCOPE_BEGIN|[20]|javaObj|java:sfdc.chatter.connect.api.output.feeds.MarkupBeginMessageSegmentRepresentation|true|false
10:28:19.0 (124375438)|VARIABLE_ASSIGNMENT|[20]|javaObj|"MarkupBegin(\"Paragraph\", \"p\")"|0x5f27d49d
10:28:19.0 (125744207)|SYSTEM_METHOD_EXIT|[5]|TextSegment
10:28:19.0 (125755204)|HEAP_ALLOCATE|[43]|Bytes:28
10:28:19.0 (125760460)|HEAP_ALLOCATE|[43]|Bytes:12
10:28:19.0 (125764104)|HEAP_ALLOCATE|[43]|Bytes:8
10:28:19.0 (125770270)|VARIABLE_SCOPE_BEGIN|[16]|this|ConnectApi.TextSegment|true|false
10:28:19.0 (125805616)|VARIABLE_ASSIGNMENT|[16]|this|{}|0x12ce5646
10:28:19.0 (125812310)|VARIABLE_SCOPE_BEGIN|[16]|versionIn|Double|false|false
10:28:19.0 (125817862)|VARIABLE_ASSIGNMENT|[16]|versionIn|34.0
10:28:19.0 (125822503)|VARIABLE_SCOPE_BEGIN|[16]|javaObj|java:sfdc.chatter.connect.api.output.feeds.TextMessageSegmentRepresentation|true|false
10:28:19.0 (126072923)|VARIABLE_ASSIGNMENT|[16]|javaObj|"Text(\"Test 1\")"|0x49fc30b9
10:28:19.0 (126427439)|SYSTEM_METHOD_EXIT|[5]|MarkupEndSegment
10:28:19.0 (126434540)|HEAP_ALLOCATE|[43]|Bytes:44
10:28:19.0 (126438806)|HEAP_ALLOCATE|[43]|Bytes:12
10:28:19.0 (126442505)|HEAP_ALLOCATE|[43]|Bytes:8
10:28:19.0 (126448610)|VARIABLE_SCOPE_BEGIN|[20]|this|ConnectApi.MarkupEndSegment|true|false
10:28:19.0 (126485574)|VARIABLE_ASSIGNMENT|[20]|this|{}|0x281e9627
10:28:19.0 (126491841)|VARIABLE_SCOPE_BEGIN|[20]|versionIn|Double|false|false
10:28:19.0 (126497605)|VARIABLE_ASSIGNMENT|[20]|versionIn|34.0
10:28:19.0 (126501982)|VARIABLE_SCOPE_BEGIN|[20]|javaObj|java:sfdc.chatter.connect.api.output.feeds.MarkupEndMessageSegmentRepresentation|true|false
10:28:19.0 (126723455)|VARIABLE_ASSIGNMENT|[20]|javaObj|"MarkupEnd(\"Paragraph\", \"p\")"|0xaa1af4b
10:28:19.0 (127302887)|SYSTEM_METHOD_EXIT|[5]|FeedElementCapabilities
10:28:19.0 (127312410)|HEAP_ALLOCATE|[49]|Bytes:236
10:28:19.0 (127317920)|HEAP_ALLOCATE|[49]|Bytes:12
10:28:19.0 (127323143)|HEAP_ALLOCATE|[49]|Bytes:8
10:28:19.0 (127332410)|VARIABLE_SCOPE_BEGIN|[77]|this|ConnectApi.FeedElementCapabilities|true|false
10:28:19.0 (127440955)|VARIABLE_ASSIGNMENT|[77]|this|{}|0x6a3db43f
10:28:19.0 (127449199)|VARIABLE_SCOPE_BEGIN|[77]|versionIn|Double|false|false
10:28:19.0 (127454991)|VARIABLE_ASSIGNMENT|[77]|versionIn|34.0
10:28:19.0 (127459681)|VARIABLE_SCOPE_BEGIN|[77]|javaObj|java:sfdc.chatter.connect.api.output.feeds.FeedElementCapabilitySetRepresentation|true|false
10:28:19.0 (127526045)|VARIABLE_ASSIGNMENT|[77]|javaObj|"sfdc.chatter.connect.api.output.feeds.FeedElementCapabilitySetRepresentation@426c2839"|0x426c2839
10:28:19.0 (127745564)|SYSTEM_METHOD_EXIT|[5]|AssociatedActionsCapability
10:28:19.0 (127752630)|HEAP_ALLOCATE|[85]|Bytes:20
10:28:19.0 (127756862)|HEAP_ALLOCATE|[85]|Bytes:12
10:28:19.0 (127760216)|HEAP_ALLOCATE|[85]|Bytes:8
10:28:19.0 (127766269)|VARIABLE_SCOPE_BEGIN|[18]|this|ConnectApi.AssociatedActionsCapability|true|false
10:28:19.0 (127795489)|VARIABLE_ASSIGNMENT|[18]|this|{}|0x1e9f31fd
10:28:19.0 (127801616)|VARIABLE_SCOPE_BEGIN|[18]|versionIn|Double|false|false
10:28:19.0 (127806498)|VARIABLE_ASSIGNMENT|[18]|versionIn|34.0
10:28:19.0 (127810644)|VARIABLE_SCOPE_BEGIN|[18]|javaObj|java:sfdc.chatter.connect.api.output.feeds.AssociatedActionsCapabilityRepresentation|true|false
10:28:19.0 (127874802)|VARIABLE_ASSIGNMENT|[18]|javaObj|"sfdc.chatter.connect.api.output.feeds.AssociatedActionsCapabilityRepresentation@19430e92"|0x19430e92
10:28:19.0 (128445052)|SYSTEM_METHOD_EXIT|[5]|BookmarksCapability
10:28:19.0 (128452773)|HEAP_ALLOCATE|[91]|Bytes:20
10:28:19.0 (128457165)|HEAP_ALLOCATE|[91]|Bytes:12
10:28:19.0 (128460310)|HEAP_ALLOCATE|[91]|Bytes:8
10:28:19.0 (128466344)|VARIABLE_SCOPE_BEGIN|[18]|this|ConnectApi.BookmarksCapability|true|false
10:28:19.0 (128495643)|VARIABLE_ASSIGNMENT|[18]|this|{}|0x1ed8cdc9
10:28:19.0 (128501767)|VARIABLE_SCOPE_BEGIN|[18]|versionIn|Double|false|false
10:28:19.0 (128507432)|VARIABLE_ASSIGNMENT|[18]|versionIn|34.0
10:28:19.0 (128514220)|VARIABLE_SCOPE_BEGIN|[18]|javaObj|java:sfdc.chatter.connect.api.output.feeds.BookmarksCapabilityRepresentation|true|false
10:28:19.0 (128579436)|VARIABLE_ASSIGNMENT|[18]|javaObj|"sfdc.chatter.connect.api.output.feeds.BookmarksCapabilityRepresentation@3d5613cb"|0x3d5613cb
10:28:19.0 (128824477)|SYSTEM_METHOD_EXIT|[5]|ChatterLikesCapability
10:28:19.0 (128831417)|HEAP_ALLOCATE|[103]|Bytes:44
10:28:19.0 (128835564)|HEAP_ALLOCATE|[103]|Bytes:12
10:28:19.0 (128838740)|HEAP_ALLOCATE|[103]|Bytes:8
10:28:19.0 (128845154)|VARIABLE_SCOPE_BEGIN|[24]|this|ConnectApi.ChatterLikesCapability|true|false
10:28:19.0 (128880636)|VARIABLE_ASSIGNMENT|[24]|this|{}|0x5a21dd45
10:28:19.0 (128886933)|VARIABLE_SCOPE_BEGIN|[24]|versionIn|Double|false|false
10:28:19.0 (128891833)|VARIABLE_ASSIGNMENT|[24]|versionIn|34.0
10:28:19.0 (128896051)|VARIABLE_SCOPE_BEGIN|[24]|javaObj|java:sfdc.chatter.connect.api.output.feeds.ChatterLikesCapabilityRepresentation|true|false
10:28:19.0 (128962956)|VARIABLE_ASSIGNMENT|[24]|javaObj|"sfdc.chatter.connect.api.output.feeds.ChatterLikesCapabilityRepresentation@5b977f0d"|0x5b977f0d
10:28:19.0 (129191984)|SYSTEM_METHOD_EXIT|[5]|ChatterLikePage
10:28:19.0 (129199663)|HEAP_ALLOCATE|[38]|Bytes:84
10:28:19.0 (129203862)|HEAP_ALLOCATE|[38]|Bytes:12
10:28:19.0 (129207099)|HEAP_ALLOCATE|[38]|Bytes:8
10:28:19.0 (129212916)|VARIABLE_SCOPE_BEGIN|[39]|this|ConnectApi.ChatterLikePage|true|false
10:28:19.0 (129257788)|VARIABLE_ASSIGNMENT|[39]|this|{}|0x3795733
10:28:19.0 (129264131)|VARIABLE_SCOPE_BEGIN|[39]|versionIn|Double|false|false
10:28:19.0 (129269529)|VARIABLE_ASSIGNMENT|[39]|versionIn|34.0
10:28:19.0 (129274038)|VARIABLE_SCOPE_BEGIN|[39]|javaObj|java:sfdc.chatter.connect.api.output.feeds.LikeCollectionRepresentation|true|false
10:28:19.0 (129341465)|VARIABLE_ASSIGNMENT|[39]|javaObj|"sfdc.chatter.connect.api.output.feeds.LikeCollectionRepresentation@e3cc4dc"|0xe3cc4dc
10:28:19.0 (129879989)|SYSTEM_METHOD_EXIT|[5]|CommentsCapability
10:28:19.0 (129886927)|HEAP_ALLOCATE|[106]|Bytes:20
10:28:19.0 (129891188)|HEAP_ALLOCATE|[106]|Bytes:12
10:28:19.0 (129894421)|HEAP_ALLOCATE|[106]|Bytes:8
10:28:19.0 (129900284)|VARIABLE_SCOPE_BEGIN|[18]|this|ConnectApi.CommentsCapability|true|false
10:28:19.0 (129929019)|VARIABLE_ASSIGNMENT|[18]|this|{}|0x5aa3fbab
10:28:19.0 (129935135)|VARIABLE_SCOPE_BEGIN|[18]|versionIn|Double|false|false
10:28:19.0 (129939971)|VARIABLE_ASSIGNMENT|[18]|versionIn|34.0
10:28:19.0 (129944062)|VARIABLE_SCOPE_BEGIN|[18]|javaObj|java:sfdc.chatter.connect.api.output.feeds.CommentsCapabilityRepresentation|true|false
10:28:19.0 (130007649)|VARIABLE_ASSIGNMENT|[18]|javaObj|"sfdc.chatter.connect.api.output.feeds.CommentsCapabilityRepresentation@3aac88e5"|0x3aac88e5
10:28:19.0 (130204643)|SYSTEM_METHOD_EXIT|[5]|CommentPage
10:28:19.0 (130211707)|HEAP_ALLOCATE|[23]|Bytes:68
10:28:19.0 (130215720)|HEAP_ALLOCATE|[23]|Bytes:12
10:28:19.0 (130218982)|HEAP_ALLOCATE|[23]|Bytes:8
10:28:19.0 (130224586)|VARIABLE_SCOPE_BEGIN|[35]|this|ConnectApi.CommentPage|true|false
10:28:19.0 (130265253)|VARIABLE_ASSIGNMENT|[35]|this|{}|0x7325804c
10:28:19.0 (130271296)|VARIABLE_SCOPE_BEGIN|[35]|versionIn|Double|false|false
10:28:19.0 (130276099)|VARIABLE_ASSIGNMENT|[35]|versionIn|34.0
10:28:19.0 (130280237)|VARIABLE_SCOPE_BEGIN|[35]|javaObj|java:sfdc.chatter.connect.api.output.feeds.FeedElementCommentCollectionRepresentation|true|false
10:28:19.0 (130342896)|VARIABLE_ASSIGNMENT|[35]|javaObj|"sfdc.chatter.connect.api.output.feeds.FeedElementCommentCollectionRepresentation@1bd7b0d0"|0x1bd7b0d0
10:28:19.0 (130864405)|SYSTEM_METHOD_EXIT|[5]|InteractionsCapability
10:28:19.0 (130871403)|HEAP_ALLOCATE|[127]|Bytes:20
10:28:19.0 (130875809)|HEAP_ALLOCATE|[127]|Bytes:12
10:28:19.0 (130879083)|HEAP_ALLOCATE|[127]|Bytes:8
10:28:19.0 (130885062)|VARIABLE_SCOPE_BEGIN|[18]|this|ConnectApi.InteractionsCapability|true|false
10:28:19.0 (130913978)|VARIABLE_ASSIGNMENT|[18]|this|{}|0x5eec7ea2
10:28:19.0 (130920117)|VARIABLE_SCOPE_BEGIN|[18]|versionIn|Double|false|false
10:28:19.0 (130924931)|VARIABLE_ASSIGNMENT|[18]|versionIn|34.0
10:28:19.0 (130929189)|VARIABLE_SCOPE_BEGIN|[18]|javaObj|java:sfdc.chatter.connect.api.output.feeds.InteractionsCapabilityRepresentation|true|false
10:28:19.0 (130992899)|VARIABLE_ASSIGNMENT|[18]|javaObj|"sfdc.chatter.connect.api.output.feeds.InteractionsCapabilityRepresentation@592e3a"|0x592e3a
10:28:19.0 (131227743)|SYSTEM_METHOD_EXIT|[5]|MuteCapability
10:28:19.0 (131234970)|HEAP_ALLOCATE|[136]|Bytes:20
10:28:19.0 (131239061)|HEAP_ALLOCATE|[136]|Bytes:12
10:28:19.0 (131242176)|HEAP_ALLOCATE|[136]|Bytes:8
10:28:19.0 (131257769)|VARIABLE_SCOPE_BEGIN|[18]|this|ConnectApi.MuteCapability|true|false
10:28:19.0 (131286424)|VARIABLE_ASSIGNMENT|[18]|this|{}|0x5f21f99d
10:28:19.0 (131292393)|VARIABLE_SCOPE_BEGIN|[18]|versionIn|Double|false|false
10:28:19.0 (131297444)|VARIABLE_ASSIGNMENT|[18]|versionIn|34.0
10:28:19.0 (131301534)|VARIABLE_SCOPE_BEGIN|[18]|javaObj|java:sfdc.chatter.connect.api.output.feeds.MuteCapabilityRepresentation|true|false
10:28:19.0 (131366955)|VARIABLE_ASSIGNMENT|[18]|javaObj|"sfdc.chatter.connect.api.output.feeds.MuteCapabilityRepresentation@79568399"|0x79568399
10:28:19.0 (131626422)|SYSTEM_METHOD_EXIT|[5]|StatusCapability
10:28:19.0 (131633166)|HEAP_ALLOCATE|[157]|Bytes:28
10:28:19.0 (131637147)|HEAP_ALLOCATE|[157]|Bytes:12
10:28:19.0 (131640279)|HEAP_ALLOCATE|[157]|Bytes:8
10:28:19.0 (131645909)|VARIABLE_SCOPE_BEGIN|[20]|this|ConnectApi.StatusCapability|true|false
10:28:19.0 (131677456)|VARIABLE_ASSIGNMENT|[20]|this|{}|0x44f2eb7f
10:28:19.0 (131683568)|VARIABLE_SCOPE_BEGIN|[20]|versionIn|Double|false|false
10:28:19.0 (131688987)|VARIABLE_ASSIGNMENT|[20]|versionIn|34.0
10:28:19.0 (131693094)|VARIABLE_SCOPE_BEGIN|[20]|javaObj|java:sfdc.chatter.connect.api.output.feeds.StatusCapabilityRepresentation|true|false
10:28:19.0 (131754982)|VARIABLE_ASSIGNMENT|[20]|javaObj|"sfdc.chatter.connect.api.output.feeds.StatusCapabilityRepresentation@d933525"|0xd933525
10:28:19.0 (132207050)|SYSTEM_METHOD_EXIT|[5]|TopicsCapability
10:28:19.0 (132214439)|HEAP_ALLOCATE|[160]|Bytes:28
10:28:19.0 (132218531)|HEAP_ALLOCATE|[160]|Bytes:12
10:28:19.0 (132221649)|HEAP_ALLOCATE|[160]|Bytes:8
10:28:19.0 (132227473)|VARIABLE_SCOPE_BEGIN|[20]|this|ConnectApi.TopicsCapability|true|false
10:28:19.0 (132259215)|VARIABLE_ASSIGNMENT|[20]|this|{}|0x5daec81b
10:28:19.0 (132265571)|VARIABLE_SCOPE_BEGIN|[20]|versionIn|Double|false|false
10:28:19.0 (132270367)|VARIABLE_ASSIGNMENT|[20]|versionIn|34.0
10:28:19.0 (132274410)|VARIABLE_SCOPE_BEGIN|[20]|javaObj|java:sfdc.chatter.connect.api.output.feeds.TopicsCapabilityRepresentation|true|false
10:28:19.0 (132336776)|VARIABLE_ASSIGNMENT|[20]|javaObj|"sfdc.chatter.connect.api.output.feeds.TopicsCapabilityRepresentation@10a9d27c"|0x10a9d27c
10:28:19.0 (133016875)|SYSTEM_METHOD_EXIT|[5]|MessageBody
10:28:19.0 (133024863)|HEAP_ALLOCATE|[59]|Bytes:36
10:28:19.0 (133029068)|HEAP_ALLOCATE|[59]|Bytes:12
10:28:19.0 (133032235)|HEAP_ALLOCATE|[59]|Bytes:8
10:28:19.0 (133038200)|VARIABLE_SCOPE_BEGIN|[16]|this|ConnectApi.MessageBody|true|false
10:28:19.0 (133075445)|VARIABLE_ASSIGNMENT|[16]|this|{}|0x43d37a05
10:28:19.0 (133081500)|VARIABLE_SCOPE_BEGIN|[16]|versionIn|Double|false|false
10:28:19.0 (133086532)|VARIABLE_ASSIGNMENT|[16]|versionIn|34.0
10:28:19.0 (133090769)|VARIABLE_SCOPE_BEGIN|[16]|javaObj|java:sfdc.chatter.connect.api.output.feeds.MessageBodyRepresentation|true|false
10:28:19.0 (133452586)|VARIABLE_ASSIGNMENT|[16]|javaObj|"\n\u003CMessageBody text(Jaswinder Rattanpal), isRichText(null) /\u003E"|0x577d5547
10:28:19.0 (133731421)|SYSTEM_METHOD_EXIT|[5]|EntityLinkSegment
10:28:19.0 (133741391)|HEAP_ALLOCATE|[43]|Bytes:44
10:28:19.0 (133745813)|HEAP_ALLOCATE|[43]|Bytes:12
10:28:19.0 (133749045)|HEAP_ALLOCATE|[43]|Bytes:8
10:28:19.0 (133754950)|VARIABLE_SCOPE_BEGIN|[20]|this|ConnectApi.EntityLinkSegment|true|false
10:28:19.0 (133791688)|VARIABLE_ASSIGNMENT|[20]|this|{}|0x7c38b1a3
10:28:19.0 (133797689)|VARIABLE_SCOPE_BEGIN|[20]|versionIn|Double|false|false
10:28:19.0 (133802819)|VARIABLE_ASSIGNMENT|[20]|versionIn|34.0
10:28:19.0 (133807005)|VARIABLE_SCOPE_BEGIN|[20]|javaObj|java:sfdc.chatter.connect.api.output.feeds.EntityLinkMessageSegmentRepresentation|true|false
10:28:19.0 (134024552)|VARIABLE_ASSIGNMENT|[20]|javaObj|"EntityLink(\"Jaswinder Rattanpal\")"|0x22dcb66a
10:28:19.0 (134369222)|SYSTEM_METHOD_EXIT|[5]|Motif
10:28:19.0 (134376412)|HEAP_ALLOCATE|[25]|Bytes:52
10:28:19.0 (134380403)|HEAP_ALLOCATE|[25]|Bytes:12
10:28:19.0 (134383540)|HEAP_ALLOCATE|[25]|Bytes:8
10:28:19.0 (134389311)|VARIABLE_SCOPE_BEGIN|[31]|this|ConnectApi.Motif|true|false
10:28:19.0 (134426309)|VARIABLE_ASSIGNMENT|[31]|this|{}|0x7a07f366
10:28:19.0 (134432852)|VARIABLE_SCOPE_BEGIN|[31]|versionIn|Double|false|false
10:28:19.0 (134437704)|VARIABLE_ASSIGNMENT|[31]|versionIn|34.0
10:28:19.0 (134442032)|VARIABLE_SCOPE_BEGIN|[31]|javaObj|java:sfdc.common.connect.api.output.common.MotifRepresentation|true|false
10:28:19.0 (134507116)|VARIABLE_ASSIGNMENT|[31]|javaObj|"sfdc.common.connect.api.output.common.MotifRepresentation@47ed460c"|0x47ed460c
10:28:19.0 (134759664)|SYSTEM_METHOD_EXIT|[5]|Reference
10:28:19.0 (134766046)|HEAP_ALLOCATE|[28]|Bytes:28
10:28:19.0 (134770075)|HEAP_ALLOCATE|[28]|Bytes:12
10:28:19.0 (134773240)|HEAP_ALLOCATE|[28]|Bytes:8
10:28:19.0 (134778719)|VARIABLE_SCOPE_BEGIN|[25]|this|ConnectApi.Reference|true|false
10:28:19.0 (134808669)|VARIABLE_ASSIGNMENT|[25]|this|{}|0x7ee152fb
10:28:19.0 (134814675)|VARIABLE_SCOPE_BEGIN|[25]|versionIn|Double|false|false
10:28:19.0 (134819402)|VARIABLE_ASSIGNMENT|[25]|versionIn|34.0
10:28:19.0 (134823575)|VARIABLE_SCOPE_BEGIN|[25]|javaObj|java:sfdc.common.connect.api.output.common.ReferenceRepresentation|true|false
10:28:19.0 (134886369)|VARIABLE_ASSIGNMENT|[25]|javaObj|"sfdc.common.connect.api.output.common.ReferenceRepresentation@39c9c4ab"|0x39c9c4ab
10:28:19.0 (135302619)|SYSTEM_METHOD_EXIT|[5]|UserSummary
10:28:19.0 (135310705)|HEAP_ALLOCATE|[68]|Bytes:164
10:28:19.0 (135315067)|HEAP_ALLOCATE|[68]|Bytes:12
10:28:19.0 (135318254)|HEAP_ALLOCATE|[68]|Bytes:8
10:28:19.0 (135324674)|VARIABLE_SCOPE_BEGIN|[18]|this|ConnectApi.UserSummary|true|false
10:28:19.0 (135373003)|HEAP_ALLOCATE|[68]|Bytes:344
10:28:19.0 (135379782)|HEAP_ALLOCATE|[68]|Bytes:76
10:28:19.0 (135397784)|SYSTEM_METHOD_ENTRY|[5]|User.User()
10:28:19.0 (135400717)|STATEMENT_EXECUTE|[5]
10:28:19.0 (135408934)|SYSTEM_METHOD_EXIT|[5]|User
10:28:19.0 (135422948)|HEAP_ALLOCATE|[68]|Bytes:204
10:28:19.0 (135428134)|HEAP_ALLOCATE|[68]|Bytes:49
10:28:19.0 (135436652)|SYSTEM_METHOD_ENTRY|[5]|ActorWithId.ActorWithId()
10:28:19.0 (135438503)|STATEMENT_EXECUTE|[5]
10:28:19.0 (135443547)|SYSTEM_METHOD_EXIT|[5]|ActorWithId
10:28:19.0 (135452090)|HEAP_ALLOCATE|[68]|Bytes:116
10:28:19.0 (135456424)|HEAP_ALLOCATE|[68]|Bytes:40
10:28:19.0 (135468363)|SYSTEM_METHOD_ENTRY|[5]|Actor.Actor()
10:28:19.0 (135470597)|STATEMENT_EXECUTE|[5]
10:28:19.0 (135476377)|SYSTEM_METHOD_EXIT|[5]|Actor
10:28:19.0 (135506019)|VARIABLE_ASSIGNMENT|[18]|this|{}|0x7c108c37
10:28:19.0 (135512418)|VARIABLE_SCOPE_BEGIN|[18]|versionIn|Double|false|false
10:28:19.0 (135517868)|VARIABLE_ASSIGNMENT|[18]|versionIn|34.0
10:28:19.0 (135522247)|VARIABLE_SCOPE_BEGIN|[18]|javaObj|java:sfdc.chatter.connect.api.output.user.UserSummaryRepresentation|true|false
10:28:19.0 (135589390)|VARIABLE_ASSIGNMENT|[18]|javaObj|"\n\u003CUser id(00550000005cg71AAA) name(Jaswinder Rattanpal) /\u003E"|0x51e0689f
10:28:19.0 (136177606)|SYSTEM_METHOD_EXIT|[5]|Photo
10:28:19.0 (136185000)|HEAP_ALLOCATE|[64]|Bytes:68
10:28:19.0 (136189036)|HEAP_ALLOCATE|[64]|Bytes:12
10:28:19.0 (136192139)|HEAP_ALLOCATE|[64]|Bytes:8
10:28:19.0 (136198017)|VARIABLE_SCOPE_BEGIN|[35]|this|ConnectApi.Photo|true|false
10:28:19.0 (136237893)|VARIABLE_ASSIGNMENT|[35]|this|{}|0x25628ed2
10:28:19.0 (136244206)|VARIABLE_SCOPE_BEGIN|[35]|versionIn|Double|false|false
10:28:19.0 (136249164)|VARIABLE_ASSIGNMENT|[35]|versionIn|34.0
10:28:19.0 (136253480)|VARIABLE_SCOPE_BEGIN|[35]|javaObj|java:sfdc.chatter.connect.api.output.photo.PhotoRepresentation|true|false
10:28:19.0 (136316604)|VARIABLE_ASSIGNMENT|[35]|javaObj|"sfdc.chatter.connect.api.output.photo.PhotoRepresentation@5279fa49"|0x5279fa49
10:28:19.0 (148217910)|METHOD_EXIT|[64]||ConnectApi.ChatterFeeds.getFeedElementsFromFeed(String, ConnectApi.FeedType, String)
10:28:19.0 (148234951)|VARIABLE_SCOPE_BEGIN|[64]|fep|ConnectApi.FeedElementPage|true|false
10:28:19.0 (148311967)|VARIABLE_ASSIGNMENT|[64]|fep|{}|0x5bd09c6c
10:28:19.0 (148317702)|STATEMENT_EXECUTE|[65]
10:28:19.0 (148397160)|HEAP_ALLOCATE|[65]|Bytes:84
10:28:19.0 (148408711)|VARIABLE_SCOPE_BEGIN|[105]|this|ConnectApi.FeedElementPage|true|false
10:28:19.0 (148448639)|VARIABLE_ASSIGNMENT|[105]|this|{}|0x5bd09c6c
10:28:19.0 (217142361)|USER_DEBUG|[65]|DEBUG|ConnectApi.FeedElementPage[buildVersion=34.0, currentPageToken=null, currentPageUrl=/services/data/v34.0/chatter/feeds/user-profile/00550000005cg71AAA/feed-elements, elements=(ConnectApi.FeedItem[buildVersion=34.0, actor=ConnectApi.UserSummary[buildVersion=34.0, additionalLabel=null, communityNickname=bfffollow1.4689653052892656E12, companyName=BFFFollow, displayName=Jaswinder Rattanpal, firstName=Jaswinder, id=00550000005cg71AAA, isActive=true, isInThisCommunity=true, lastName=Rattanpal, motif=ConnectApi.Motif[buildVersion=34.0, color=65CAE4, largeIconUrl=/img/icon/profile64.png, mediumIconUrl=/img/icon/profile32.png, smallIconUrl=/img/icon/profile16.png, svgIconUrl=null], mySubscription=null, name=Jaswinder Rattanpal, photo=ConnectApi.Photo[buildVersion=34.0, fullEmailPhotoUrl=https://bfffollow-dev-ed.my.salesforce.com/img/userprofile/default_profile_200.png?fromEmail=1, largePhotoUrl=https://bfffollow-dev-ed--c.na3.content.force.com/profilephoto/005/F, photoVersionId=null, smallPhotoUrl=https://bfffollow-dev-ed--c.na3.content.force.com/profilephoto/005/T, standardEmailPhotoUrl=https://bfffollow-dev-ed.my.salesforce.com/img/userprofile/default_profile_45.png?fromEmail=1, url=/services/data/v34.0/chatter/users/00550000005cg71AAA/photo], reputation=null, title=null, type=User, url=/services/data/v34.0/chatter/users/00550000005cg71AAA, userType=Internal], body=ConnectApi.FeedBody[buildVersion=34.0, messageSegments=(ConnectApi.MarkupBeginSegment[buildVersion=34.0, text=, type=MarkupBegin], ConnectApi.TextSegment[buildVersion=34.0, text=Test 1, type=Text], ConnectApi.MarkupEndSegment[buildVersion=34.0, text=
, type=MarkupEnd]), text=Test 1
], canShare=true, capabilities=ConnectApi.FeedElementCapabilities[buildVersion=34.0, approval=null, associatedActions=ConnectApi.AssociatedActionsCapability[buildVersion=34.0, platformActionGroups=()], banner=null, bookmarks=ConnectApi.BookmarksCapability[buildVersion=34.0, isBookmarkedByCurrentUser=false], bundle=null, canvas=null, caseComment=null, chatterLikes=ConnectApi.ChatterLikesCapability[buildVersion=34.0, isLikedByCurrentUser=false, likesMessage=null, myLike=null, page=ConnectApi.ChatterLikePage[buildVersion=34.0, currentPageToken=0, currentPageUrl=/services/data/v34.0/chatter/feed-elements/0D55000003LmBsDCAV/capabilities/chatter-likes/items, items=(), nextPageToken=null, nextPageUrl=null, previousPageToken=null, previousPageUrl=null, total=0]], comments=ConnectApi.CommentsCapability[buildVersion=34.0, page=ConnectApi.CommentPage[buildVersion=34.0, currentPageToken=null, currentPageUrl=/services/data/v34.0/chatter/feed-elements/0D55000003LmBsDCAV/capabilities/comments/items, items=(), nextPageToken=null, nextPageUrl=null, total=0]], content=null, dashboardComponentSnapshot=null, edit=null, emailMessage=null, enhancedLink=null, link=null, moderation=null, origin=null, poll=null, questionAndAnswers=null, recommendations=null, recordSnapshot=null, topics=ConnectApi.TopicsCapability[buildVersion=34.0, canAssignTopics=true, items=()], trackedChanges=null], clientInfo=null, createdDate=2016-07-21 00:33:49, event=false, feedElementType=FeedItem, header=ConnectApi.MessageBody[buildVersion=34.0, messageSegments=(ConnectApi.EntityLinkSegment[buildVersion=34.0, motif=ConnectApi.Motif[buildVersion=34.0, color=65CAE4, largeIconUrl=/img/icon/profile64.png, mediumIconUrl=/img/icon/profile32.png, smallIconUrl=/img/icon/profile16.png, svgIconUrl=null], reference=ConnectApi.Reference[buildVersion=34.0, id=00550000005cg71AAA, url=/services/data/v34.0/chatter/users/00550000005cg71AAA], text=Jaswinder Rattanpal, type=EntityLink]), text=Jaswinder Rattanpal], id=0D55000003LmBsDCAV, isDeleteRestricted=false, modifiedDate=2016-07-21 00:33:49, originalFeedItem=null, originalFeedItemActor=null, parent=ConnectApi.UserSummary[buildVersion=34.0, additionalLabel=null, communityNickname=bfffollow1.4689653052892656E12, companyName=BFFFollow, displayName=Jaswinder Rattanpal, firstName=Jaswinder, id=00550000005cg71AAA, isActive=true, isInThisCommunity=true, lastName=Rattanpal, motif=ConnectApi.Motif[buildVersion=34.0, color=65CAE4, largeIconUrl=/img/icon/profile64.png, mediumIconUrl=/img/icon/profile32.png, smallIconUrl=/img/icon/profile16.png, svgIconUrl=null], mySubscription=null, name=Jaswinder Rattanpal, photo=ConnectApi.Photo[buildVersion=34.0, fullEmailPhotoUrl=https://bfffollow-dev-ed.my.salesforce.com/img/userprofile/default_profile_200.png?fromEmail=1, largePhotoUrl=https://bfffollow-dev-ed--c.na3.content.force.com/profilephoto/005/F, photoVersionId=null, smallPhotoUrl=https://bfffollow-dev-ed--c.na3.content.force.com/profilephoto/005/T, standardEmailPhotoUrl=https://bfffollow-dev-ed.my.salesforce.com/img/userprofile/default_profile_45.png?fromEmail=1, url=/services/data/v34.0/chatter/users/00550000005cg71AAA/photo], reputation=null, title=null, type=User, url=/services/data/v34.0/chatter/users/00550000005cg71AAA, userType=Internal], photoUrl=https://bfffollow-dev-ed--c.na3.content.force.com/profilephoto/005/T, relativeCreatedDate=9h ago, type=TextPost, url=/services/data/v34.0/chatter/feed-elements/0D55000003LmBsDCAV, visibility=AllUsers], ConnectApi.FeedItem[buildVersion=34.0, actor=ConnectApi.UserSummary[buildVersion=34.0, additionalLabel=null, communityNickname=bfffollow1.4689653052892656E12, companyName=BFFFollow, displayName=Jaswinder Rattanpal, firstName=Jaswinder, id=00550000005cg71AAA, isActive=true, isInThisCommunity=true, lastName=Rattanpal, motif=ConnectApi.Motif[buildVersion=34.0, color=65CAE4, largeIconUrl=/img/icon/profile64.png, mediumIconUrl=/img/icon/profile32.png, smallIconUrl=/img/icon/profile16.png, svgIconUrl=null], mySubscription=null, name=Jaswinder Rattanpal, photo=ConnectApi.Photo[buildVersion=34.0, fullEmailPhotoUrl=https://bfffollow-dev-ed.my.salesforce.com/img/userprofile/default_profile_200.png?fromEmail=1, largePhotoUrl=https://bfffollow-dev-ed--c.na3.content.force.com/profilephoto/005/F, photoVersionId=null, smallPhotoUrl=https://bfffollow-dev-ed--c.na3.content.force.com/profilephoto/005/T, standardEmailPhotoUrl=https://bfffollow-dev-ed.my.salesforce.com/img/userprofile/default_profile_45.png?fromEmail=1, url=/services/data/v34.0/chatter/users/00550000005cg71AAA/photo], reputation=null, title=null, type=User, url=/services/data/v34.0/chatter/users/00550000005cg71AAA, userType=Internal], body=ConnectApi.FeedBody[buildVersion=34.0, messageSegments=(), text=null], canShare=false, capabilities=ConnectApi.FeedElementCapabilities[buildVersion=34.0, approval=null, associatedActions=ConnectApi.AssociatedActionsCapability[buildVersion=34.0, platformActionGroups=()], banner=null, bookmarks=ConnectApi.BookmarksCapability[buildVersion=34.0, isBookmarkedByCurrentUser=false], bundle=null, canvas=null, caseComment=null, chatterLikes=ConnectApi.ChatterLikesCapability[buildVersion=34.0, isLikedByCurrentUser=false, likesMessage=null, myLike=null, page=ConnectApi.ChatterLikePage[buildVersion=34.0, currentPageToken=0, currentPageUrl=/services/data/v34.0/chatter/feed-elements/0D55000003LmBs8CAF/capabilities/chatter-likes/items, items=(), nextPageToken=null, nextPageUrl=null, previousPageToken=null, previousPageUrl=null, total=0]], comments=ConnectApi.CommentsCapability[buildVersion=34.0, page=ConnectApi.CommentPage[buildVersion=34.0, currentPageToken=null, currentPageUrl=/services/data/v34.0/chatter/feed-elements/0D55000003LmBs8CAF/capabilities/comments/items, items=(), nextPageToken=null, nextPageUrl=null, total=0]], content=null, dashboardComponentSnapshot=null, edit=null, emailMessage=null, enhancedLink=null, link=null, moderation=null, origin=null, poll=null, questionAndAnswers=null, recommendations=null, recordSnapshot=null, topics=ConnectApi.TopicsCapability[buildVersion=34.0, canAssignTopics=true, items=()], trackedChanges=null], clientInfo=null, createdDate=2016-07-21 00:33:42, event=false, feedElementType=FeedItem, header=ConnectApi.MessageBody[buildVersion=34.0, messageSegments=(ConnectApi.EntityLinkSegment[buildVersion=34.0, motif=ConnectApi.Motif[buildVersion=34.0, color=65CAE4, largeIconUrl=/img/icon/profile64.png, mediumIconUrl=/img/icon/profile32.png, smallIconUrl=/img/icon/profile16.png, svgIconUrl=null], reference=ConnectApi.Reference[buildVersion=34.0, id=00550000005cg71AAA, url=/services/data/v34.0/chatter/users/00550000005cg71AAA], text=Jaswinder Rattanpal, type=EntityLink], ConnectApi.TextSegment[buildVersion=34.0, text= created the public group , type=Text], ConnectApi.EntityLinkSegment[buildVersion=34.0, motif=ConnectApi.Motif[buildVersion=34.0, color=83B6FF, largeIconUrl=/img/icon/groups64.png, mediumIconUrl=/img/icon/groups32.png, smallIconUrl=/img/icon/groups16.png, svgIconUrl=null], reference=ConnectApi.Reference[buildVersion=34.0, id=0F950000000YJ5jCAG, url=/services/data/v34.0/chatter/groups/0F950000000YJ5jCAG], text=All BFFFollow, type=EntityLink], ConnectApi.TextSegment[buildVersion=34.0, text=., type=Text]), text=Jaswinder Rattanpal created the public group All BFFFollow.], id=0D55000003LmBs8CAF, isDeleteRestricted=true, modifiedDate=2016-07-21 00:33:42, originalFeedItem=null, originalFeedItemActor=null, parent=ConnectApi.UserSummary[buildVersion=34.0, additionalLabel=null, communityNickname=bfffollow1.4689653052892656E12, companyName=BFFFollow, displayName=Jaswinder Rattanpal, firstName=Jaswinder, id=00550000005cg71AAA, isActive=true, isInThisCommunity=true, lastName=Rattanpal, motif=ConnectApi.Motif[buildVersion=34.0, color=65CAE4, largeIconUrl=/img/icon/profile64.png, mediumIconUrl=/img/icon/profile32.png, smallIconUrl=/img/icon/profile16.png, svgIconUrl=null], mySubscription=null, name=Jaswinder Rattanpal, photo=ConnectApi.Photo[buildVersion=34.0, fullEmailPhotoUrl=https://bfffollow-dev-ed.my.salesforce.com/img/userprofile/default_profile_200.png?fromEmail=1, largePhotoUrl=https://bfffollow-dev-ed--c.na3.content.force.com/profilephoto/005/F, photoVersionId=null, smallPhotoUrl=https://bfffollow-dev-ed--c.na3.content.force.com/profilephoto/005/T, standardEmailPhotoUrl=https://bfffollow-dev-ed.my.salesforce.com/img/userprofile/default_profile_45.png?fromEmail=1, url=/services/data/v34.0/chatter/users/00550000005cg71AAA/photo], reputation=null, title=null, type=User, url=/services/data/v34.0/chatter/users/00550000005cg71AAA, userType=Internal], photoUrl=https://bfffollow-dev-ed--c.na3.content.force.com/profilephoto/005/T, relativeCreatedDate=9h ago, type=CollaborationGroupCreated, url=/services/data/v34.0/chatter/feed-elements/0D55000003LmBs8CAF, visibility=AllUsers]), isModifiedToken=null, isModifiedUrl=null, nextPageToken=null, nextPageUrl=null, updatesToken=null, updatesUrl=null]
10:28:19.0 (217217610)|STATEMENT_EXECUTE|[67]
10:28:19.0 (217234423)|HEAP_ALLOCATE|[67]|Bytes:5
10:28:19.0 (217253709)|METHOD_EXIT|[16]|01p50000002D8iw|BFFFollow_Controller.fetchUserFeed(Id)
10:28:19.0 (217352512)|VARIABLE_ASSIGNMENT|[EXTERNAL]|this|{"debug":true,"input":"{\"mode\":\"fetchUserFe (34 more) ...","operation":"BFFFollow_Controller"}|0x406d3d94
10:28:19.0 (217366257)|VARIABLE_ASSIGNMENT|[EXTERNAL]|value|false
10:28:19.0 (217379788)|HEAP_ALLOCATE|[15]|Bytes:5
10:28:19.0 (217397223)|VARIABLE_ASSIGNMENT|[15]|this.outputFlag|false|0x406d3d94
10:28:19.0 (217423657)|METHOD_EXIT|[9]|01p50000002D8iw|BFFFollow_Controller.process(ETLC_ApexBridge_Data)
10:28:19.0 (217431323)|STATEMENT_EXECUTE|[24]
10:28:19.0 (217463217)|METHOD_ENTRY|[24]|01p50000002CIEo|ETLC_ApexBridge_Data.toJSON()
10:28:19.0 (217492449)|VARIABLE_SCOPE_BEGIN|[57]|this|ETLC_ApexBridge_Data|true|false
10:28:19.0 (217555958)|VARIABLE_ASSIGNMENT|[57]|this|{"debug":true,"input":"{\"mode\":\"fetchUserFe (34 more) ...","operation":"BFFFollow_Controller","outputFlag":false}|0x406d3d94
10:28:19.0 (217565411)|STATEMENT_EXECUTE|[57]
10:28:19.0 (217567607)|STATEMENT_EXECUTE|[58]
10:28:19.0 (217598108)|METHOD_ENTRY|[58]||System.JSON.serialize(Object)
10:28:19.0 (217755544)|STATEMENT_EXECUTE|[22]
10:28:19.0 (217761606)|STATEMENT_EXECUTE|[23]
10:28:19.0 (217776338)|HEAP_ALLOCATE|[23]|Bytes:5
10:28:19.0 (217791910)|VARIABLE_ASSIGNMENT|[23]|this.isSuccess|true|0x406d3d94
10:28:19.0 (217797076)|STATEMENT_EXECUTE|[24]
10:28:19.0 (217853568)|STATEMENT_EXECUTE|[31]
10:28:19.0 (217859342)|STATEMENT_EXECUTE|[32]
10:28:19.0 (218043139)|HEAP_ALLOCATE|[32]|Bytes:4
10:28:19.0 (218147531)|VARIABLE_ASSIGNMENT|[32]|this.messages|{"s":1,"v":{}}|0x406d3d94
10:28:19.0 (218154337)|STATEMENT_EXECUTE|[33]
10:28:19.0 (218665887)|METHOD_EXIT|[58]||System.JSON.serialize(Object)
10:28:19.0 (218679578)|METHOD_EXIT|[24]|01p50000002CIEo|ETLC_ApexBridge_Data.toJSON()
10:28:19.0 (218695851)|SYSTEM_MODE_EXIT|false
10:28:19.218 (218749209)|CUMULATIVE_LIMIT_USAGE
10:28:19.218 (218749209)|LIMIT_USAGE_FOR_NS|(default)|
  Number of SOQL queries: 0 out of 100
  Number of query rows: 0 out of 50000
  Number of SOSL queries: 0 out of 20
  Number of DML statements: 0 out of 150
  Number of DML rows: 0 out of 10000
  Maximum CPU time: 0 out of 10000
  Maximum heap size: 0 out of 6000000
  Number of callouts: 0 out of 100
  Number of Email Invocations: 0 out of 10
  Number of future calls: 0 out of 50
  Number of queueable jobs added to the queue: 0 out of 50
  Number of Mobile Apex push calls: 0 out of 10

10:28:19.218 (218749209)|CUMULATIVE_LIMIT_USAGE_END

10:28:19.0 (218800369)|CODE_UNIT_FINISHED|ETLC_ApexBridge_Controller.execute
