37.0 APEX_CODE,FINEST;APEX_PROFILING,INFO;CALLOUT,INFO;DB,INFO;SYSTEM,DEBUG;VALIDATION,INFO;VISUALFORCE,INFO;WORKFLOW,INFO
15:52:34.0 (371697)|USER_INFO|[EXTERNAL]|00550000005cg71|bfffollow@jr.te|Eastern Standard Time|GMT-04:00
15:52:34.0 (779472)|HEAP_ALLOCATE|[72]|Bytes:3
15:52:34.0 (843308)|HEAP_ALLOCATE|[77]|Bytes:152
15:52:34.0 (870375)|HEAP_ALLOCATE|[342]|Bytes:408
15:52:34.0 (899247)|HEAP_ALLOCATE|[355]|Bytes:408
15:52:34.0 (925694)|HEAP_ALLOCATE|[467]|Bytes:48
15:52:34.1 (1970748)|USER_INFO|[EXTERNAL]|00550000005cg71|bfffollow@jr.te|Eastern Standard Time|GMT-04:00
15:52:34.1 (2191556)|STATEMENT_EXECUTE|[1]
15:52:34.1 (2205929)|METHOD_EXIT|[1]|ETLC_ApexBridge_Controller
15:52:34.1 (2229317)|HEAP_ALLOCATE|[EXTERNAL]|Bytes:93
15:52:34.1 (2249087)|SYSTEM_MODE_ENTER|false
15:52:34.1 (2265005)|VARIABLE_SCOPE_BEGIN|[3]|dataJson|String|false|false
15:52:34.1 (2310022)|VARIABLE_ASSIGNMENT|[3]|dataJson|"{\"operation\":\"BFFFol (73 more) ..."
15:52:34.1 (2329966)|STATEMENT_EXECUTE|[3]
15:52:34.1 (2333535)|STATEMENT_EXECUTE|[4]
15:52:34.1 (4583731)|VARIABLE_SCOPE_BEGIN|[4]|data|BFFFollow.ETLC_ApexBridge_Data|true|false
15:52:34.1 (4597734)|VARIABLE_ASSIGNMENT|[4]|data|null|
15:52:34.1 (4600924)|STATEMENT_EXECUTE|[5]
15:52:34.1 (4602553)|STATEMENT_EXECUTE|[5]
15:52:34.1 (4603551)|STATEMENT_EXECUTE|[6]
15:52:34.1 (4620806)|HEAP_ALLOCATE|[6]|Bytes:11
15:52:34.1 (4627701)|HEAP_ALLOCATE|[6]|Bytes:248
15:52:34.1 (4630811)|HEAP_ALLOCATE|[6]|Bytes:39
15:52:34.1 (4668321)|METHOD_ENTRY|[2]|01p50000002CIEo|ETLC_ApexBridge_Data.ETLC_ApexBridge_Data()
15:52:34.1 (4671876)|STATEMENT_EXECUTE|[2]
15:52:34.1 (4675970)|STATEMENT_EXECUTE|[2]
15:52:34.1 (4681202)|METHOD_EXIT|[2]|ETLC_ApexBridge_Data
15:52:34.1 (4714078)|METHOD_ENTRY|[6]|01p50000002CIEo|BFFFollow.ETLC_ApexBridge_Data.fromJSON(String)
15:52:34.1 (4739519)|VARIABLE_SCOPE_BEGIN|[60]|strJson|String|false|false
15:52:34.1 (4750542)|VARIABLE_ASSIGNMENT|[60]|strJson|"{\"operation\":\"BFFFol (73 more) ..."
15:52:34.1 (4755143)|STATEMENT_EXECUTE|[60]
15:52:34.1 (4756659)|STATEMENT_EXECUTE|[61]
15:52:34.1 (4765645)|HEAP_ALLOCATE|[61]|Bytes:30
15:52:34.1 (4788191)|HEAP_ALLOCATE|[50]|Bytes:5
15:52:34.1 (4813718)|HEAP_ALLOCATE|[56]|Bytes:5
15:52:34.1 (4822042)|HEAP_ALLOCATE|[64]|Bytes:7
15:52:34.1 (4916551)|HEAP_ALLOCATE|[61]|Bytes:24
15:52:34.1 (4927354)|SYSTEM_METHOD_ENTRY|[1]|Type.Type()
15:52:34.1 (4929984)|STATEMENT_EXECUTE|[1]
15:52:34.1 (4937010)|SYSTEM_METHOD_EXIT|[1]|Type
15:52:34.1 (4942780)|HEAP_ALLOCATE|[61]|Bytes:8
15:52:34.1 (4961300)|HEAP_ALLOCATE|[61]|Bytes:8
15:52:34.1 (4965582)|VARIABLE_SCOPE_BEGIN|[4]|this|System.Type|true|false
15:52:34.1 (4997940)|VARIABLE_ASSIGNMENT|[4]|this|{}|0x486198e9
15:52:34.1 (5002037)|VARIABLE_SCOPE_BEGIN|[4]|apextype|java:common.apex.runtime.ApexObjectType|true|false
15:52:34.1 (5166170)|VARIABLE_ASSIGNMENT|[4]|apextype|"BFFFollow.ETLC_ApexBridge_Data"|0x491deb82
15:52:34.1 (5231416)|HEAP_ALLOCATE|[61]|Bytes:8
15:52:34.1 (5270341)|HEAP_ALLOCATE|[61]|Bytes:24
15:52:34.1 (5280177)|SYSTEM_METHOD_ENTRY|[1]|JSON.JSON()
15:52:34.1 (5282610)|STATEMENT_EXECUTE|[1]
15:52:34.1 (5288394)|SYSTEM_METHOD_EXIT|[1]|JSON
15:52:34.1 (5301329)|METHOD_ENTRY|[61]||System.JSON.deserializeStrict(String, System.Type)
15:52:34.1 (5875815)|METHOD_EXIT|[61]||System.JSON.deserializeStrict(String, System.Type)
15:52:34.1 (5887204)|METHOD_EXIT|[6]|01p50000002CIEo|BFFFollow.ETLC_ApexBridge_Data.fromJSON(String)
15:52:34.1 (5947414)|VARIABLE_ASSIGNMENT|[6]|data|{"debug":true,"input":"{\"mode\":\"fetchFollow (9 more) ...","operation":"BFFFollow_Controller"}|0x3c1f36c6
15:52:34.1 (5952665)|STATEMENT_EXECUTE|[7]
15:52:34.1 (5963061)|HEAP_ALLOCATE|[7]|Bytes:6
15:52:34.1 (5992200)|ENTERING_MANAGED_PKG|
15:52:34.1 (6049911)|HEAP_ALLOCATE|[7]|Bytes:177
15:52:34.1 (6073850)|HEAP_ALLOCATE|[7]|Bytes:183
15:52:34.1 (6093528)|ENTERING_MANAGED_PKG|
15:52:34.1 (6100512)|USER_DEBUG|[7]|DEBUG|data::ETLC_ApexBridge_Data:[debug=true, input={"mode":"fetchFollowedUsers"}, isSuccess=null, messages=null, operation=BFFFollow_Controller, output=null, outputFlag=null, records=null]
15:52:34.1 (6107323)|STATEMENT_EXECUTE|[8]
15:52:34.1 (6164024)|VARIABLE_ASSIGNMENT|[EXTERNAL]|this|{"debug":true,"input":"{\"mode\":\"fetchFollow (9 more) ...","operation":"BFFFollow_Controller"}|0x3c1f36c6
15:52:34.1 (6182594)|METHOD_ENTRY|[8]||System.Type.forName(String)
15:52:34.1 (8117886)|METHOD_EXIT|[8]||System.Type.forName(String)
15:52:34.1 (8131372)|METHOD_ENTRY|[8]||System.Type.newInstance()
15:52:34.1 (9457990)|STATEMENT_EXECUTE|[1]
15:52:34.1 (9472140)|HEAP_ALLOCATE|[33]|Bytes:5
15:52:34.1 (9486282)|METHOD_EXIT|[1]|BFFFollow_Controller
15:52:34.1 (9503927)|HEAP_ALLOCATE|[33]|Bytes:4
15:52:34.1 (9511711)|VARIABLE_SCOPE_BEGIN|[1]|this|BFFFollow.BFFFollow_Controller|true|false
15:52:34.1 (9529138)|VARIABLE_ASSIGNMENT|[1]|this|{}|0x75f8274b
15:52:34.1 (9537225)|HEAP_ALLOCATE|[33]|Bytes:5
15:52:34.1 (9545859)|HEAP_ALLOCATE|[33]|Bytes:11
15:52:34.1 (9565433)|METHOD_ENTRY|[1]|01p50000002CIEj|ETLC_ApexBridge_Abstract.ETLC_ApexBridge_Abstract()
15:52:34.1 (9568571)|STATEMENT_EXECUTE|[1]
15:52:34.1 (9572709)|STATEMENT_EXECUTE|[1]
15:52:34.1 (9577415)|METHOD_EXIT|[1]|ETLC_ApexBridge_Abstract
15:52:34.1 (9585219)|CONSTRUCTOR_ENTRY|[EXTERNAL]|01p50000002CIEj|<init>()
15:52:34.1 (9603764)|VARIABLE_SCOPE_BEGIN|[1]|this|BFFFollow.ETLC_ApexBridge_Abstract|true|false
15:52:34.1 (9619679)|VARIABLE_ASSIGNMENT|[1]|this|{}|0x75f8274b
15:52:34.1 (9635080)|STATEMENT_EXECUTE|[1]
15:52:34.1 (9639335)|CONSTRUCTOR_EXIT|[EXTERNAL]|01p50000002CIEj|<init>()
15:52:34.1 (9644691)|STATEMENT_EXECUTE|[1]
15:52:34.1 (9649675)|HEAP_ALLOCATE|[33]|Bytes:5
15:52:34.1 (9666946)|METHOD_EXIT|[8]||System.Type.newInstance()
15:52:34.1 (9675177)|VARIABLE_SCOPE_BEGIN|[8]|executor|BFFFollow.ETLC_ApexBridge_Abstract|true|false
15:52:34.1 (9689134)|VARIABLE_ASSIGNMENT|[8]|executor|{}|0x75f8274b
15:52:34.1 (9691916)|STATEMENT_EXECUTE|[9]
15:52:34.1 (9731562)|METHOD_ENTRY|[9]|01p50000002D8iw|BFFFollow.BFFFollow_Controller.process(BFFFollow.ETLC_ApexBridge_Data)
15:52:34.1 (9756126)|VARIABLE_SCOPE_BEGIN|[3]|this|BFFFollow.BFFFollow_Controller|true|false
15:52:34.1 (9771185)|VARIABLE_ASSIGNMENT|[3]|this|{}|0x75f8274b
15:52:34.1 (9774898)|VARIABLE_SCOPE_BEGIN|[3]|data|BFFFollow.ETLC_ApexBridge_Data|true|false
15:52:34.1 (9799513)|VARIABLE_ASSIGNMENT|[3]|data|{"debug":true,"input":"{\"mode\":\"fetchFollow (9 more) ...","operation":"BFFFollow_Controller"}|0x3c1f36c6
15:52:34.1 (9808857)|HEAP_ALLOCATE|[4]|Bytes:5
15:52:34.1 (9813154)|STATEMENT_EXECUTE|[3]
15:52:34.1 (9814628)|STATEMENT_EXECUTE|[4]
15:52:34.1 (9895355)|VARIABLE_ASSIGNMENT|[EXTERNAL]|this|{"debug":true,"input":"{\"mode\":\"fetchFollow (9 more) ...","operation":"BFFFollow_Controller"}|0x3c1f36c6
15:52:34.1 (9915408)|VARIABLE_ASSIGNMENT|[4]|BFFFollow_Controller.debugFlag|true
15:52:34.1 (9954170)|VARIABLE_ASSIGNMENT|[EXTERNAL]|this|{"debug":true,"input":"{\"mode\":\"fetchFollow (9 more) ...","operation":"BFFFollow_Controller"}|0x3c1f36c6
15:52:34.1 (9968532)|STATEMENT_EXECUTE|[5]
15:52:34.1 (9978505)|HEAP_ALLOCATE|[5]|Bytes:12
15:52:34.1 (9998573)|ENTERING_MANAGED_PKG|
15:52:34.1 (10021637)|HEAP_ALLOCATE|[5]|Bytes:177
15:52:34.1 (10037547)|HEAP_ALLOCATE|[5]|Bytes:189
15:52:34.1 (10050254)|ENTERING_MANAGED_PKG|
15:52:34.1 (10054336)|USER_DEBUG|[5]|DEBUG|data BEFORE:ETLC_ApexBridge_Data:[debug=true, input={"mode":"fetchFollowedUsers"}, isSuccess=null, messages=null, operation=BFFFollow_Controller, output=null, outputFlag=null, records=null]
15:52:34.1 (10066418)|STATEMENT_EXECUTE|[7]
15:52:34.1 (10075045)|HEAP_ALLOCATE|[7]|Bytes:4
15:52:34.1 (10098292)|METHOD_ENTRY|[7]|01p50000002CIEo|BFFFollow.ETLC_ApexBridge_Data.getInputValue(String)
15:52:34.1 (10120168)|VARIABLE_SCOPE_BEGIN|[52]|this|BFFFollow.ETLC_ApexBridge_Data|true|false
15:52:34.1 (10147947)|VARIABLE_ASSIGNMENT|[52]|this|{"debug":true,"input":"{\"mode\":\"fetchFollow (9 more) ...","operation":"BFFFollow_Controller"}|0x3c1f36c6
15:52:34.1 (10153445)|VARIABLE_SCOPE_BEGIN|[52]|key|String|false|false
15:52:34.1 (10157706)|VARIABLE_ASSIGNMENT|[52]|key|"mode"
15:52:34.1 (10162085)|STATEMENT_EXECUTE|[52]
15:52:34.1 (10163526)|STATEMENT_EXECUTE|[53]
15:52:34.1 (10214400)|VARIABLE_ASSIGNMENT|[EXTERNAL]|this|{"debug":true,"input":"{\"mode\":\"fetchFollow (9 more) ...","operation":"BFFFollow_Controller"}|0x3c1f36c6
15:52:34.1 (10232515)|METHOD_ENTRY|[53]||System.JSON.deserializeUntyped(String)
15:52:34.1 (10445901)|METHOD_EXIT|[53]||System.JSON.deserializeUntyped(String)
15:52:34.1 (10454947)|VARIABLE_SCOPE_BEGIN|[53]|inputMap|Map<String,ANY>|true|false
15:52:34.1 (10481588)|VARIABLE_ASSIGNMENT|[53]|inputMap|{"s":1,"v":{"mode":"fetchFollowedUsers"}}|0x10cadb35
15:52:34.1 (10485336)|STATEMENT_EXECUTE|[54]
15:52:34.1 (10507315)|ENTERING_MANAGED_PKG|
15:52:34.1 (10538162)|METHOD_EXIT|[7]|01p50000002CIEo|BFFFollow.ETLC_ApexBridge_Data.getInputValue(String)
15:52:34.1 (10544948)|VARIABLE_SCOPE_BEGIN|[7]|mode|String|false|false
15:52:34.1 (10552170)|VARIABLE_ASSIGNMENT|[7]|mode|"fetchFollowedUsers"
15:52:34.1 (10556753)|HEAP_ALLOCATE|[9]|Bytes:19
15:52:34.1 (10582671)|HEAP_ALLOCATE|[11]|Bytes:18
15:52:34.1 (10594507)|STATEMENT_EXECUTE|[11]
15:52:34.1 (10596081)|STATEMENT_EXECUTE|[12]
15:52:34.1 (10638709)|HEAP_ALLOCATE|[12]|Bytes:85
15:52:34.1 (10650346)|SYSTEM_METHOD_ENTRY|[1]|UserInfo.UserInfo()
15:52:34.1 (10652553)|STATEMENT_EXECUTE|[1]
15:52:34.1 (10658953)|SYSTEM_METHOD_EXIT|[1]|UserInfo
15:52:34.1 (10670301)|METHOD_ENTRY|[12]||System.UserInfo.getUserId()
15:52:34.1 (10703611)|METHOD_EXIT|[12]||System.UserInfo.getUserId()
15:52:34.1 (10717990)|HEAP_ALLOCATE|[12]|Bytes:4
15:52:34.1 (10732305)|METHOD_ENTRY|[12]|01p50000002D8iw|BFFFollow.BFFFollow_Controller.fetchFollowedUsers(Id)
15:52:34.1 (10739426)|VARIABLE_SCOPE_BEGIN|[41]|this|BFFFollow.BFFFollow_Controller|true|false
15:52:34.1 (10754250)|VARIABLE_ASSIGNMENT|[41]|this|{}|0x75f8274b
15:52:34.1 (10758413)|VARIABLE_SCOPE_BEGIN|[41]|followedById|Id|false|false
15:52:34.1 (10821302)|VARIABLE_ASSIGNMENT|[41]|followedById|"00550000005cg71AAA"
15:52:34.1 (10832247)|HEAP_ALLOCATE|[42]|Bytes:5
15:52:34.1 (10836650)|STATEMENT_EXECUTE|[41]
15:52:34.1 (10838209)|STATEMENT_EXECUTE|[42]
15:52:34.1 (10846078)|HEAP_ALLOCATE|[42]|Bytes:63
15:52:34.1 (10864477)|ENTERING_MANAGED_PKG|
15:52:34.1 (10886945)|HEAP_ALLOCATE|[42]|Bytes:18
15:52:34.1 (10897429)|HEAP_ALLOCATE|[42]|Bytes:9
15:52:34.1 (10906996)|HEAP_ALLOCATE|[42]|Bytes:90
15:52:34.1 (10911591)|VARIABLE_SCOPE_BEGIN|[42]|soql|String|false|false
15:52:34.1 (10920362)|VARIABLE_ASSIGNMENT|[42]|soql|"SELECT FollowedUsers (70 more) ..."
15:52:34.1 (10923508)|STATEMENT_EXECUTE|[43]
15:52:34.1 (10924700)|STATEMENT_EXECUTE|[43]
15:52:34.1 (10930144)|STATEMENT_EXECUTE|[44]
15:52:34.1 (10931246)|STATEMENT_EXECUTE|[44]
15:52:34.1 (10939002)|HEAP_ALLOCATE|[44]|Bytes:24
15:52:34.1 (10945114)|HEAP_ALLOCATE|[44]|Bytes:114
15:52:34.1 (10958826)|ENTERING_MANAGED_PKG|
15:52:34.1 (10980111)|USER_DEBUG|[44]|DEBUG|fetchFollowedUsers:soql:SELECT FollowedUsers__c FROM BFFFollow__c WHERE FollowedBy__c='00550000005cg71AAA' limit 1
15:52:34.1 (10987851)|STATEMENT_EXECUTE|[45]
15:52:34.1 (16279839)|HEAP_ALLOCATE|[45]|Bytes:9
15:52:34.1 (16288092)|HEAP_ALLOCATE|[45]|Bytes:29
15:52:34.1 (16291352)|HEAP_ALLOCATE|[45]|Bytes:21
15:52:34.1 (16311753)|METHOD_ENTRY|[7]|01p50000002CIEt|ETLC_SecuredDB.ETLC_SecuredDB()
15:52:34.1 (16315378)|STATEMENT_EXECUTE|[7]
15:52:34.1 (16319700)|STATEMENT_EXECUTE|[7]
15:52:34.1 (16326044)|HEAP_ALLOCATE|[45]|Bytes:5
15:52:34.1 (16335242)|METHOD_EXIT|[7]|ETLC_SecuredDB
15:52:34.1 (16361083)|METHOD_ENTRY|[45]|01p50000002CIEt|BFFFollow.ETLC_SecuredDB.query(String)
15:52:34.1 (16382583)|VARIABLE_SCOPE_BEGIN|[10]|SOQL|String|false|false
15:52:34.1 (16392570)|VARIABLE_ASSIGNMENT|[10]|SOQL|"SELECT FollowedUsers (70 more) ..."
15:52:34.1 (16400783)|HEAP_ALLOCATE|[12]|Bytes:5
15:52:34.1 (16405211)|STATEMENT_EXECUTE|[10]
15:52:34.1 (16406834)|STATEMENT_EXECUTE|[12]
15:52:34.1 (16438780)|ENTERING_MANAGED_PKG|
15:52:34.1 (27576405)|SOQL_EXECUTE_BEGIN|[12]|Aggregations:0|SELECT FollowedUsers__c FROM BFFFollow__c WHERE FollowedBy__c='00550000005cg71AAA' limit 1
15:52:34.1 (31738088)|SOQL_EXECUTE_END|[12]|Rows:0
15:52:34.1 (31766948)|HEAP_ALLOCATE|[12]|Bytes:4
15:52:34.1 (31775838)|HEAP_ALLOCATE|[12]|Bytes:0
15:52:34.1 (31842611)|HEAP_ALLOCATE|[12]|Bytes:4
15:52:34.1 (31868548)|VARIABLE_SCOPE_BEGIN|[12]|dbRecords|List<SObject>|true|false
15:52:34.1 (31903287)|VARIABLE_ASSIGNMENT|[12]|dbRecords|{"s":1,"v":[]}|0x191728fa
15:52:34.1 (31912041)|STATEMENT_EXECUTE|[20]
15:52:34.1 (32303424)|HEAP_ALLOCATE|[20]|Bytes:12
15:52:34.1 (32312056)|HEAP_ALLOCATE|[20]|Bytes:8
15:52:34.1 (32380461)|HEAP_ALLOCATE|[20]|Bytes:12
15:52:34.1 (32388645)|HEAP_ALLOCATE|[20]|Bytes:9
15:52:34.1 (32413377)|HEAP_ALLOCATE|[20]|Bytes:12
15:52:34.1 (32420123)|HEAP_ALLOCATE|[20]|Bytes:8
15:52:34.1 (32435146)|HEAP_ALLOCATE|[20]|Bytes:12
15:52:34.1 (32438549)|HEAP_ALLOCATE|[20]|Bytes:8
15:52:34.1 (32452313)|HEAP_ALLOCATE|[20]|Bytes:12
15:52:34.1 (32455640)|HEAP_ALLOCATE|[20]|Bytes:9
15:52:34.1 (32492686)|METHOD_ENTRY|[20]|01p50000002CIEt|BFFFollow.ETLC_SecuredDB.findFields(List<SObject>)
15:52:34.1 (32529000)|VARIABLE_SCOPE_BEGIN|[108]|dbRecords|List<SObject>|true|false
15:52:34.1 (32545950)|VARIABLE_ASSIGNMENT|[108]|dbRecords|{"s":1,"v":[]}|0x191728fa
15:52:34.1 (32563464)|HEAP_ALLOCATE|[109]|Bytes:5
15:52:34.1 (32570978)|STATEMENT_EXECUTE|[108]
15:52:34.1 (32573921)|STATEMENT_EXECUTE|[109]
15:52:34.1 (32587958)|VARIABLE_SCOPE_BEGIN|[109]|strJSON|String|false|false
15:52:34.1 (32596323)|VARIABLE_ASSIGNMENT|[109]|strJSON|null
15:52:34.1 (32598933)|STATEMENT_EXECUTE|[110]
15:52:34.1 (32605386)|VARIABLE_SCOPE_BEGIN|[110]|mapFields|Map<String,Set<String>>|true|false
15:52:34.1 (32610525)|VARIABLE_ASSIGNMENT|[110]|mapFields|null|
15:52:34.1 (32612612)|STATEMENT_EXECUTE|[112]
15:52:34.1 (32629448)|METHOD_ENTRY|[112]||System.JSON.serialize(Object)
15:52:34.1 (32905397)|METHOD_EXIT|[112]||System.JSON.serialize(Object)
15:52:34.1 (32917035)|VARIABLE_ASSIGNMENT|[112]|strJSON|"[]"
15:52:34.1 (32920288)|STATEMENT_EXECUTE|[113]
15:52:34.1 (32928796)|HEAP_ALLOCATE|[113]|Bytes:5
15:52:34.1 (32937441)|HEAP_ALLOCATE|[113]|Bytes:7
15:52:34.1 (32957441)|ENTERING_MANAGED_PKG|
15:52:34.1 (32985085)|USER_DEBUG|[113]|DEBUG|JSON:[]
15:52:34.1 (32997100)|STATEMENT_EXECUTE|[114]
15:52:34.1 (33011850)|HEAP_ALLOCATE|[114]|Bytes:4
15:52:34.1 (33362610)|VARIABLE_ASSIGNMENT|[114]|mapFields|{"s":1,"v":{}}|0x3a981ef9
15:52:34.1 (33369519)|STATEMENT_EXECUTE|[115]
15:52:34.1 (33390851)|METHOD_ENTRY|[115]||System.JSON.deserializeUntyped(String)
15:52:34.1 (33487985)|METHOD_EXIT|[115]||System.JSON.deserializeUntyped(String)
15:52:34.1 (33498314)|VARIABLE_SCOPE_BEGIN|[115]|records|List<ANY>|true|false
15:52:34.1 (33517236)|HEAP_ALLOCATE|[EXTERNAL]|Bytes:4
15:52:34.1 (33530058)|VARIABLE_ASSIGNMENT|[115]|records|{"s":1,"v":[]}|0x78760bff
15:52:34.1 (33550784)|ENTERING_MANAGED_PKG|
15:52:34.1 (33582819)|HEAP_ALLOCATE|[116]|Bytes:5
15:52:34.1 (33601670)|VARIABLE_ASSIGNMENT|[116]|record|null
15:52:34.1 (33606124)|STATEMENT_EXECUTE|[116]
15:52:34.1 (33620142)|HEAP_ALLOCATE|[119]|Bytes:4
15:52:34.1 (33637507)|ENTERING_MANAGED_PKG|
15:52:34.1 (33667186)|ENTERING_MANAGED_PKG|
15:52:34.1 (33698780)|HEAP_ALLOCATE|[119]|Bytes:4
15:52:34.1 (33716559)|ENTERING_MANAGED_PKG|
15:52:34.1 (33721558)|HEAP_ALLOCATE|[119]|Bytes:0
15:52:34.1 (33730412)|ENTERING_MANAGED_PKG|
15:52:34.1 (33748747)|HEAP_ALLOCATE|[119]|Bytes:5
15:52:34.1 (33760122)|VARIABLE_ASSIGNMENT|[119]|objectName|null
15:52:34.1 (33764043)|STATEMENT_EXECUTE|[119]
15:52:34.1 (33770098)|STATEMENT_EXECUTE|[122]
15:52:34.1 (33781927)|METHOD_EXIT|[20]|01p50000002CIEt|BFFFollow.ETLC_SecuredDB.findFields(List<SObject>)
15:52:34.1 (33800909)|METHOD_ENTRY|[20]|01p50000002CIEt|BFFFollow.ETLC_SecuredDB.validate(BFFFollow.ETLC_SecuredDB.Operation, Map<String,Set<String>>)
15:52:34.1 (33808311)|VARIABLE_SCOPE_BEGIN|[55]|op|BFFFollow.ETLC_SecuredDB.Operation|true|false
15:52:34.1 (33826562)|VARIABLE_ASSIGNMENT|[55]|op|"Querying"|0x5ddc7a50
15:52:34.1 (33830864)|VARIABLE_SCOPE_BEGIN|[55]|mapFieldNames|Map<String,Set<String>>|true|false
15:52:34.1 (33841638)|VARIABLE_ASSIGNMENT|[55]|mapFieldNames|{"s":1,"v":{}}|0x3a981ef9
15:52:34.1 (33850714)|HEAP_ALLOCATE|[56]|Bytes:5
15:52:34.1 (33854990)|STATEMENT_EXECUTE|[55]
15:52:34.1 (33856676)|STATEMENT_EXECUTE|[56]
15:52:34.1 (33864525)|VARIABLE_SCOPE_BEGIN|[56]|securityMessage|String|false|false
15:52:34.1 (33870359)|VARIABLE_ASSIGNMENT|[56]|securityMessage|null
15:52:34.1 (33872505)|STATEMENT_EXECUTE|[57]
15:52:34.1 (33894532)|ENTERING_MANAGED_PKG|
15:52:34.1 (56077442)|HEAP_ALLOCATE|[57]|Bytes:1440
15:52:34.1 (56115284)|VARIABLE_SCOPE_BEGIN|[57]|mapObjects|Map<String,Schema.SObjectType>|true|false
15:52:34.1 (56387059)|VARIABLE_ASSIGNMENT|[57]|mapObjects|"{acceptedeventrelation=AcceptedEventRelation, account=Account, accountcontactrole=AccountContactRole, accountfeed=AccountFeed, accounthistory=AccountHistory, accountpartner=AccountPartner, accountshare=AccountShare, actionlinkgrouptemplate=ActionLinkGroupTemplate, actionlinktemplate=ActionLinkTemplate, activityhistory=ActivityHistory, ...}"|0x27c9d8c4
15:52:34.1 (56401395)|HEAP_ALLOCATE|[58]|Bytes:4
15:52:34.1 (56426577)|ENTERING_MANAGED_PKG|
15:52:34.1 (56474364)|ENTERING_MANAGED_PKG|
15:52:34.1 (56488985)|HEAP_ALLOCATE|[58]|Bytes:4
15:52:34.1 (56505577)|ENTERING_MANAGED_PKG|
15:52:34.1 (56508503)|HEAP_ALLOCATE|[58]|Bytes:0
15:52:34.1 (56517927)|ENTERING_MANAGED_PKG|
15:52:34.1 (56538279)|HEAP_ALLOCATE|[58]|Bytes:5
15:52:34.1 (56553717)|VARIABLE_ASSIGNMENT|[58]|sObjectName|null
15:52:34.1 (56559513)|STATEMENT_EXECUTE|[58]
15:52:34.1 (56588228)|METHOD_EXIT|[20]|01p50000002CIEt|BFFFollow.ETLC_SecuredDB.validate(BFFFollow.ETLC_SecuredDB.Operation, Map<String,Set<String>>)
15:52:34.1 (56592213)|STATEMENT_EXECUTE|[21]
15:52:34.1 (56601768)|METHOD_EXIT|[45]|01p50000002CIEt|BFFFollow.ETLC_SecuredDB.query(String)
15:52:34.1 (56608393)|VARIABLE_SCOPE_BEGIN|[45]|dbRecords|List<SObject>|true|false
15:52:34.1 (56628533)|VARIABLE_ASSIGNMENT|[45]|dbRecords|{"s":1,"v":[]}|0x191728fa
15:52:34.1 (56635952)|STATEMENT_EXECUTE|[46]
15:52:34.1 (56637455)|STATEMENT_EXECUTE|[46]
15:52:34.1 (56662057)|ENTERING_MANAGED_PKG|
15:52:34.1 (56698013)|USER_DEBUG|[46]|DEBUG|()
15:52:34.1 (56785297)|ENTERING_MANAGED_PKG|
15:52:34.1 (56808898)|STATEMENT_EXECUTE|[47]
15:52:34.1 (56815874)|STATEMENT_EXECUTE|[56]
15:52:34.1 (56825812)|METHOD_EXIT|[12]|01p50000002D8iw|BFFFollow.BFFFollow_Controller.fetchFollowedUsers(Id)
15:52:34.1 (56901459)|VARIABLE_ASSIGNMENT|[EXTERNAL]|this|{"debug":true,"input":"{\"mode\":\"fetchFollow (9 more) ...","operation":"BFFFollow_Controller"}|0x3c1f36c6
15:52:34.1 (56909976)|VARIABLE_ASSIGNMENT|[EXTERNAL]|value|null
15:52:34.1 (56924591)|VARIABLE_ASSIGNMENT|[12]|this.output|null|0x3c1f36c6
15:52:34.1 (56932189)|STATEMENT_EXECUTE|[13]
15:52:34.1 (57004070)|VARIABLE_ASSIGNMENT|[EXTERNAL]|this|{"debug":true,"input":"{\"mode\":\"fetchFollow (9 more) ...","operation":"BFFFollow_Controller"}|0x3c1f36c6
15:52:34.1 (57059352)|VARIABLE_ASSIGNMENT|[EXTERNAL]|this|{"debug":true,"input":"{\"mode\":\"fetchFollow (9 more) ...","operation":"BFFFollow_Controller"}|0x3c1f36c6
15:52:34.1 (57071097)|VARIABLE_ASSIGNMENT|[EXTERNAL]|value|false
15:52:34.1 (57078364)|HEAP_ALLOCATE|[15]|Bytes:5
15:52:34.1 (57088354)|VARIABLE_ASSIGNMENT|[15]|this.outputFlag|false|0x3c1f36c6
15:52:34.1 (57103875)|STATEMENT_EXECUTE|[21]
15:52:34.1 (57107189)|STATEMENT_EXECUTE|[21]
15:52:34.1 (57122244)|HEAP_ALLOCATE|[21]|Bytes:11
15:52:34.1 (57152936)|ENTERING_MANAGED_PKG|
15:52:34.1 (57244696)|HEAP_ALLOCATE|[21]|Bytes:178
15:52:34.1 (57286861)|HEAP_ALLOCATE|[21]|Bytes:189
15:52:34.1 (57308105)|ENTERING_MANAGED_PKG|
15:52:34.1 (57312568)|USER_DEBUG|[21]|DEBUG|data AFTER:ETLC_ApexBridge_Data:[debug=true, input={"mode":"fetchFollowedUsers"}, isSuccess=null, messages=null, operation=BFFFollow_Controller, output=null, outputFlag=false, records=null]
15:52:34.1 (57325870)|METHOD_EXIT|[9]|01p50000002D8iw|BFFFollow.BFFFollow_Controller.process(BFFFollow.ETLC_ApexBridge_Data)
15:52:34.1 (57330198)|STATEMENT_EXECUTE|[24]
15:52:34.1 (57369845)|METHOD_ENTRY|[24]|01p50000002CIEo|BFFFollow.ETLC_ApexBridge_Data.toJSON()
15:52:34.1 (57396007)|VARIABLE_SCOPE_BEGIN|[57]|this|BFFFollow.ETLC_ApexBridge_Data|true|false
15:52:34.1 (57426094)|VARIABLE_ASSIGNMENT|[57]|this|{"debug":true,"input":"{\"mode\":\"fetchFollow (9 more) ...","operation":"BFFFollow_Controller","outputFlag":false}|0x3c1f36c6
15:52:34.1 (57432675)|STATEMENT_EXECUTE|[57]
15:52:34.1 (57435174)|STATEMENT_EXECUTE|[58]
15:52:34.1 (57457667)|METHOD_ENTRY|[58]||System.JSON.serialize(Object)
15:52:34.1 (57590285)|STATEMENT_EXECUTE|[22]
15:52:34.1 (57595680)|STATEMENT_EXECUTE|[23]
15:52:34.1 (57606791)|HEAP_ALLOCATE|[23]|Bytes:5
15:52:34.1 (57616907)|VARIABLE_ASSIGNMENT|[23]|this.isSuccess|true|0x3c1f36c6
15:52:34.1 (57619601)|STATEMENT_EXECUTE|[24]
15:52:34.1 (57682002)|STATEMENT_EXECUTE|[31]
15:52:34.1 (57687656)|STATEMENT_EXECUTE|[32]
15:52:34.1 (57697809)|HEAP_ALLOCATE|[32]|Bytes:4
15:52:34.1 (57768574)|VARIABLE_ASSIGNMENT|[32]|this.messages|{"s":1,"v":{}}|0x3c1f36c6
15:52:34.1 (57773051)|STATEMENT_EXECUTE|[33]
15:52:34.1 (58172935)|METHOD_EXIT|[58]||System.JSON.serialize(Object)
15:52:34.1 (58185455)|METHOD_EXIT|[24]|01p50000002CIEo|BFFFollow.ETLC_ApexBridge_Data.toJSON()
15:52:34.1 (58201820)|SYSTEM_MODE_EXIT|false
15:52:34.58 (58267136)|CUMULATIVE_LIMIT_USAGE
15:52:34.58 (58267136)|LIMIT_USAGE_FOR_NS|(default)|
  Number of SOQL queries: 0 out of 100
  Number of query rows: 0 out of 50000
  Number of SOSL queries: 0 out of 20
  Number of DML statements: 0 out of 150
  Number of DML rows: 0 out of 10000
  Maximum CPU time: 0 out of 10000
  Maximum heap size: 0 out of 6000000
  Number of callouts: 0 out of 100
  Number of Email Invocations: 0 out of 10
  Number of future calls: 0 out of 50
  Number of queueable jobs added to the queue: 0 out of 50
  Number of Mobile Apex push calls: 0 out of 10

15:52:34.58 (58267136)|LIMIT_USAGE_FOR_NS|BFFFollow|
  Number of SOQL queries: 1 out of 100
  Number of query rows: 0 out of 50000
  Number of SOSL queries: 0 out of 20
  Number of DML statements: 0 out of 150
  Number of DML rows: 0 out of 10000
  Maximum CPU time: 0 out of 10000
  Maximum heap size: 0 out of 6000000
  Number of callouts: 0 out of 100
  Number of Email Invocations: 0 out of 10
  Number of future calls: 0 out of 50
  Number of queueable jobs added to the queue: 0 out of 50
  Number of Mobile Apex push calls: 0 out of 10

15:52:34.58 (58267136)|CUMULATIVE_LIMIT_USAGE_END

15:52:34.1 (58343395)|CODE_UNIT_FINISHED|ETLC_ApexBridge_Controller.execute
