37.0 APEX_CODE,FINEST;APEX_PROFILING,INFO;CALLOUT,INFO;DB,INFO;SYSTEM,DEBUG;VALIDATION,INFO;VISUALFORCE,INFO;WORKFLOW,INFO
21:11:19.0 (359970)|USER_INFO|[EXTERNAL]|00550000005cg71|bfffollow@jr.te|Eastern Standard Time|GMT-04:00
21:11:19.0 (396651)|EXECUTION_STARTED
21:11:19.0 (400909)|CODE_UNIT_STARTED|[EXTERNAL]|aura
21:11:19.0 (729700)|HEAP_ALLOCATE|[72]|Bytes:3
21:11:19.0 (802745)|HEAP_ALLOCATE|[77]|Bytes:152
21:11:19.0 (820818)|HEAP_ALLOCATE|[342]|Bytes:408
21:11:19.0 (838521)|HEAP_ALLOCATE|[355]|Bytes:408
21:11:19.0 (855350)|HEAP_ALLOCATE|[467]|Bytes:48
21:11:19.0 (884052)|HEAP_ALLOCATE|[139]|Bytes:6
21:11:19.0 (906452)|HEAP_ALLOCATE|[EXTERNAL]|Bytes:93
21:11:19.0 (944066)|HEAP_ALLOCATE|[EXTERNAL]|Bytes:93
21:11:19.0 (1835976)|CODE_UNIT_STARTED|[EXTERNAL]|01p50000002CIEm|ETLC_ApexBridge_Controller.execute
21:11:19.0 (2334391)|HEAP_ALLOCATE|[EXTERNAL]|Bytes:1
21:11:19.0 (2341420)|HEAP_ALLOCATE|[EXTERNAL]|Bytes:10
21:11:19.0 (2378532)|METHOD_ENTRY|[1]|01p50000002CIEm|ETLC_ApexBridge_Controller.ETLC_ApexBridge_Controller()
21:11:19.0 (2383288)|STATEMENT_EXECUTE|[1]
21:11:19.0 (2389815)|STATEMENT_EXECUTE|[1]
21:11:19.0 (2407568)|METHOD_EXIT|[1]|ETLC_ApexBridge_Controller
21:11:19.0 (2413035)|HEAP_ALLOCATE|[EXTERNAL]|Bytes:93
21:11:19.0 (2428171)|SYSTEM_MODE_ENTER|false
21:11:19.0 (2441042)|VARIABLE_SCOPE_BEGIN|[3]|dataJson|String|false|false
21:11:19.0 (2471550)|VARIABLE_ASSIGNMENT|[3]|dataJson|"{\"operation\":\"BFFFol (73 more) ..."
21:11:19.0 (2486096)|STATEMENT_EXECUTE|[3]
21:11:19.0 (2487661)|STATEMENT_EXECUTE|[4]
21:11:19.0 (4514201)|VARIABLE_SCOPE_BEGIN|[4]|data|ETLC_ApexBridge_Data|true|false
21:11:19.0 (4527954)|VARIABLE_ASSIGNMENT|[4]|data|null|
21:11:19.0 (4530887)|STATEMENT_EXECUTE|[5]
21:11:19.0 (4532317)|STATEMENT_EXECUTE|[5]
21:11:19.0 (4533284)|STATEMENT_EXECUTE|[6]
21:11:19.0 (4550093)|HEAP_ALLOCATE|[6]|Bytes:11
21:11:19.0 (4557324)|HEAP_ALLOCATE|[6]|Bytes:248
21:11:19.0 (4560521)|HEAP_ALLOCATE|[6]|Bytes:39
21:11:19.0 (4594042)|METHOD_ENTRY|[2]|01p50000002CIEo|ETLC_ApexBridge_Data.ETLC_ApexBridge_Data()
21:11:19.0 (4597149)|STATEMENT_EXECUTE|[2]
21:11:19.0 (4601163)|STATEMENT_EXECUTE|[2]
21:11:19.0 (4606335)|METHOD_EXIT|[2]|ETLC_ApexBridge_Data
21:11:19.0 (4639679)|METHOD_ENTRY|[6]|01p50000002CIEo|ETLC_ApexBridge_Data.fromJSON(String)
21:11:19.0 (4663433)|VARIABLE_SCOPE_BEGIN|[60]|strJson|String|false|false
21:11:19.0 (4673194)|VARIABLE_ASSIGNMENT|[60]|strJson|"{\"operation\":\"BFFFol (73 more) ..."
21:11:19.0 (4677365)|STATEMENT_EXECUTE|[60]
21:11:19.0 (4678748)|STATEMENT_EXECUTE|[61]
21:11:19.0 (4687445)|HEAP_ALLOCATE|[61]|Bytes:20
21:11:19.0 (4711006)|HEAP_ALLOCATE|[50]|Bytes:5
21:11:19.0 (4735202)|HEAP_ALLOCATE|[56]|Bytes:5
21:11:19.0 (4743522)|HEAP_ALLOCATE|[64]|Bytes:7
21:11:19.0 (4850708)|HEAP_ALLOCATE|[61]|Bytes:24
21:11:19.0 (4861450)|SYSTEM_METHOD_ENTRY|[1]|Type.Type()
21:11:19.0 (4864009)|STATEMENT_EXECUTE|[1]
21:11:19.0 (4871166)|SYSTEM_METHOD_EXIT|[1]|Type
21:11:19.0 (4877184)|HEAP_ALLOCATE|[61]|Bytes:8
21:11:19.0 (4903616)|HEAP_ALLOCATE|[61]|Bytes:8
21:11:19.0 (4908261)|VARIABLE_SCOPE_BEGIN|[4]|this|System.Type|true|false
21:11:19.0 (4943636)|VARIABLE_ASSIGNMENT|[4]|this|{}|0x31b928f2
21:11:19.0 (4947741)|VARIABLE_SCOPE_BEGIN|[4]|apextype|java:common.apex.runtime.ApexObjectType|true|false
21:11:19.0 (5067053)|VARIABLE_ASSIGNMENT|[4]|apextype|"ETLC_ApexBridge_Data"|0x45e80e68
21:11:19.0 (5136593)|HEAP_ALLOCATE|[61]|Bytes:8
21:11:19.0 (5177251)|HEAP_ALLOCATE|[61]|Bytes:24
21:11:19.0 (5187452)|SYSTEM_METHOD_ENTRY|[1]|JSON.JSON()
21:11:19.0 (5189742)|STATEMENT_EXECUTE|[1]
21:11:19.0 (5195432)|SYSTEM_METHOD_EXIT|[1]|JSON
21:11:19.0 (5210442)|METHOD_ENTRY|[61]||System.JSON.deserializeStrict(String, System.Type)
21:11:19.0 (5840066)|METHOD_EXIT|[61]||System.JSON.deserializeStrict(String, System.Type)
21:11:19.0 (5851558)|METHOD_EXIT|[6]|01p50000002CIEo|ETLC_ApexBridge_Data.fromJSON(String)
21:11:19.0 (5910965)|VARIABLE_ASSIGNMENT|[6]|data|{"debug":true,"input":"{\"mode\":\"fetchFollow (9 more) ...","operation":"BFFFollow_Controller"}|0x2922fc62
21:11:19.0 (5915925)|STATEMENT_EXECUTE|[7]
21:11:19.0 (5925757)|HEAP_ALLOCATE|[7]|Bytes:6
21:11:19.0 (5996330)|HEAP_ALLOCATE|[7]|Bytes:177
21:11:19.0 (6016908)|HEAP_ALLOCATE|[7]|Bytes:183
21:11:19.0 (6041567)|USER_DEBUG|[7]|DEBUG|data::ETLC_ApexBridge_Data:[debug=true, input={"mode":"fetchFollowedUsers"}, isSuccess=null, messages=null, operation=BFFFollow_Controller, output=null, outputFlag=null, records=null]
21:11:19.0 (6048655)|STATEMENT_EXECUTE|[8]
21:11:19.0 (6102657)|VARIABLE_ASSIGNMENT|[EXTERNAL]|this|{"debug":true,"input":"{\"mode\":\"fetchFollow (9 more) ...","operation":"BFFFollow_Controller"}|0x2922fc62
21:11:19.0 (6120906)|METHOD_ENTRY|[8]||System.Type.forName(String)
21:11:19.0 (7875767)|METHOD_EXIT|[8]||System.Type.forName(String)
21:11:19.0 (7888399)|METHOD_ENTRY|[8]||System.Type.newInstance()
21:11:19.0 (9302548)|STATEMENT_EXECUTE|[1]
21:11:19.0 (9316685)|HEAP_ALLOCATE|[33]|Bytes:5
21:11:19.0 (9330039)|METHOD_EXIT|[1]|BFFFollow_Controller
21:11:19.0 (9346649)|HEAP_ALLOCATE|[33]|Bytes:4
21:11:19.0 (9354278)|VARIABLE_SCOPE_BEGIN|[1]|this|BFFFollow_Controller|true|false
21:11:19.0 (9371314)|VARIABLE_ASSIGNMENT|[1]|this|{}|0x3cd51ae2
21:11:19.0 (9379400)|HEAP_ALLOCATE|[33]|Bytes:5
21:11:19.0 (9397980)|HEAP_ALLOCATE|[33]|Bytes:11
21:11:19.0 (9416426)|METHOD_ENTRY|[1]|01p50000002CIEj|ETLC_ApexBridge_Abstract.ETLC_ApexBridge_Abstract()
21:11:19.0 (9419389)|STATEMENT_EXECUTE|[1]
21:11:19.0 (9423320)|STATEMENT_EXECUTE|[1]
21:11:19.0 (9427858)|METHOD_EXIT|[1]|ETLC_ApexBridge_Abstract
21:11:19.0 (9437871)|CONSTRUCTOR_ENTRY|[EXTERNAL]|01p50000002CIEj|<init>()
21:11:19.0 (9455411)|VARIABLE_SCOPE_BEGIN|[1]|this|ETLC_ApexBridge_Abstract|true|false
21:11:19.0 (9471341)|VARIABLE_ASSIGNMENT|[1]|this|{}|0x3cd51ae2
21:11:19.0 (9493185)|STATEMENT_EXECUTE|[1]
21:11:19.0 (9503956)|CONSTRUCTOR_EXIT|[EXTERNAL]|01p50000002CIEj|<init>()
21:11:19.0 (9513131)|STATEMENT_EXECUTE|[1]
21:11:19.0 (9520627)|HEAP_ALLOCATE|[33]|Bytes:5
21:11:19.0 (9545197)|METHOD_EXIT|[8]||System.Type.newInstance()
21:11:19.0 (9555547)|VARIABLE_SCOPE_BEGIN|[8]|executor|ETLC_ApexBridge_Abstract|true|false
21:11:19.0 (9570718)|VARIABLE_ASSIGNMENT|[8]|executor|{}|0x3cd51ae2
21:11:19.0 (9573789)|STATEMENT_EXECUTE|[9]
21:11:19.0 (9614543)|METHOD_ENTRY|[9]|01p50000002D8iw|BFFFollow_Controller.process(ETLC_ApexBridge_Data)
21:11:19.0 (9638694)|VARIABLE_SCOPE_BEGIN|[3]|this|BFFFollow_Controller|true|false
21:11:19.0 (9653302)|VARIABLE_ASSIGNMENT|[3]|this|{}|0x3cd51ae2
21:11:19.0 (9656919)|VARIABLE_SCOPE_BEGIN|[3]|data|ETLC_ApexBridge_Data|true|false
21:11:19.0 (9681356)|VARIABLE_ASSIGNMENT|[3]|data|{"debug":true,"input":"{\"mode\":\"fetchFollow (9 more) ...","operation":"BFFFollow_Controller"}|0x2922fc62
21:11:19.0 (9690310)|HEAP_ALLOCATE|[4]|Bytes:5
21:11:19.0 (9694205)|STATEMENT_EXECUTE|[3]
21:11:19.0 (9695684)|STATEMENT_EXECUTE|[4]
21:11:19.0 (9799265)|VARIABLE_ASSIGNMENT|[EXTERNAL]|this|{"debug":true,"input":"{\"mode\":\"fetchFollow (9 more) ...","operation":"BFFFollow_Controller"}|0x2922fc62
21:11:19.0 (9834112)|VARIABLE_ASSIGNMENT|[4]|BFFFollow_Controller.debugFlag|true
21:11:19.0 (9876843)|VARIABLE_ASSIGNMENT|[EXTERNAL]|this|{"debug":true,"input":"{\"mode\":\"fetchFollow (9 more) ...","operation":"BFFFollow_Controller"}|0x2922fc62
21:11:19.0 (9891286)|STATEMENT_EXECUTE|[5]
21:11:19.0 (9904438)|HEAP_ALLOCATE|[5]|Bytes:12
21:11:19.0 (9955715)|HEAP_ALLOCATE|[5]|Bytes:177
21:11:19.0 (9977826)|HEAP_ALLOCATE|[5]|Bytes:189
21:11:19.0 (9994517)|USER_DEBUG|[5]|DEBUG|data BEFORE:ETLC_ApexBridge_Data:[debug=true, input={"mode":"fetchFollowedUsers"}, isSuccess=null, messages=null, operation=BFFFollow_Controller, output=null, outputFlag=null, records=null]
21:11:19.0 (10006024)|STATEMENT_EXECUTE|[7]
21:11:19.0 (10018785)|HEAP_ALLOCATE|[7]|Bytes:4
21:11:19.0 (10049064)|METHOD_ENTRY|[7]|01p50000002CIEo|ETLC_ApexBridge_Data.getInputValue(String)
21:11:19.0 (10078451)|VARIABLE_SCOPE_BEGIN|[52]|this|ETLC_ApexBridge_Data|true|false
21:11:19.0 (10121480)|VARIABLE_ASSIGNMENT|[52]|this|{"debug":true,"input":"{\"mode\":\"fetchFollow (9 more) ...","operation":"BFFFollow_Controller"}|0x2922fc62
21:11:19.0 (10131982)|VARIABLE_SCOPE_BEGIN|[52]|key|String|false|false
21:11:19.0 (10140541)|VARIABLE_ASSIGNMENT|[52]|key|"mode"
21:11:19.0 (10146835)|STATEMENT_EXECUTE|[52]
21:11:19.0 (10149335)|STATEMENT_EXECUTE|[53]
21:11:19.0 (10230495)|VARIABLE_ASSIGNMENT|[EXTERNAL]|this|{"debug":true,"input":"{\"mode\":\"fetchFollow (9 more) ...","operation":"BFFFollow_Controller"}|0x2922fc62
21:11:19.0 (10257588)|METHOD_ENTRY|[53]||System.JSON.deserializeUntyped(String)
21:11:19.0 (10591670)|METHOD_EXIT|[53]||System.JSON.deserializeUntyped(String)
21:11:19.0 (10606017)|VARIABLE_SCOPE_BEGIN|[53]|inputMap|Map<String,ANY>|true|false
21:11:19.0 (10638357)|VARIABLE_ASSIGNMENT|[53]|inputMap|{"s":1,"v":{"mode":"fetchFollowedUsers"}}|0x67c7f2c4
21:11:19.0 (10643998)|STATEMENT_EXECUTE|[54]
21:11:19.0 (10705484)|METHOD_EXIT|[7]|01p50000002CIEo|ETLC_ApexBridge_Data.getInputValue(String)
21:11:19.0 (10715517)|VARIABLE_SCOPE_BEGIN|[7]|mode|String|false|false
21:11:19.0 (10725886)|VARIABLE_ASSIGNMENT|[7]|mode|"fetchFollowedUsers"
21:11:19.0 (10733486)|HEAP_ALLOCATE|[9]|Bytes:18
21:11:19.0 (10769397)|STATEMENT_EXECUTE|[9]
21:11:19.0 (10772871)|STATEMENT_EXECUTE|[10]
21:11:19.0 (10824194)|HEAP_ALLOCATE|[10]|Bytes:85
21:11:19.0 (10836169)|SYSTEM_METHOD_ENTRY|[1]|UserInfo.UserInfo()
21:11:19.0 (10838998)|STATEMENT_EXECUTE|[1]
21:11:19.0 (10845191)|SYSTEM_METHOD_EXIT|[1]|UserInfo
21:11:19.0 (10858853)|METHOD_ENTRY|[10]||System.UserInfo.getUserId()
21:11:19.0 (10894700)|METHOD_EXIT|[10]||System.UserInfo.getUserId()
21:11:19.0 (10915425)|HEAP_ALLOCATE|[10]|Bytes:4
21:11:19.0 (10938855)|METHOD_ENTRY|[10]|01p50000002D8iw|BFFFollow_Controller.fetchFollowedUsers(Id)
21:11:19.0 (10949531)|VARIABLE_SCOPE_BEGIN|[24]|this|BFFFollow_Controller|true|false
21:11:19.0 (10969347)|VARIABLE_ASSIGNMENT|[24]|this|{}|0x3cd51ae2
21:11:19.0 (10975966)|VARIABLE_SCOPE_BEGIN|[24]|followedById|Id|false|false
21:11:19.0 (11055642)|VARIABLE_ASSIGNMENT|[24]|followedById|"00550000005cg71AAA"
21:11:19.0 (11070999)|HEAP_ALLOCATE|[25]|Bytes:5
21:11:19.0 (11077255)|STATEMENT_EXECUTE|[24]
21:11:19.0 (11079804)|STATEMENT_EXECUTE|[25]
21:11:19.0 (11092345)|HEAP_ALLOCATE|[25]|Bytes:63
21:11:19.0 (11141614)|HEAP_ALLOCATE|[25]|Bytes:18
21:11:19.0 (11162046)|HEAP_ALLOCATE|[25]|Bytes:9
21:11:19.0 (11177855)|HEAP_ALLOCATE|[25]|Bytes:90
21:11:19.0 (11185949)|VARIABLE_SCOPE_BEGIN|[25]|soql|String|false|false
21:11:19.0 (11199775)|VARIABLE_ASSIGNMENT|[25]|soql|"SELECT FollowedUsers (70 more) ..."
21:11:19.0 (11204062)|STATEMENT_EXECUTE|[26]
21:11:19.0 (11207157)|STATEMENT_EXECUTE|[26]
21:11:19.0 (11214981)|STATEMENT_EXECUTE|[27]
21:11:19.0 (11217215)|STATEMENT_EXECUTE|[27]
21:11:19.0 (11229202)|HEAP_ALLOCATE|[27]|Bytes:24
21:11:19.0 (11241128)|HEAP_ALLOCATE|[27]|Bytes:114
21:11:19.0 (11281368)|USER_DEBUG|[27]|DEBUG|fetchFollowedUsers:soql:SELECT FollowedUsers__c FROM BFFFollow__c WHERE FollowedBy__c='00550000005cg71AAA' limit 1
21:11:19.0 (11293165)|STATEMENT_EXECUTE|[28]
21:11:19.0 (14380535)|HEAP_ALLOCATE|[28]|Bytes:9
21:11:19.0 (14395946)|HEAP_ALLOCATE|[28]|Bytes:29
21:11:19.0 (14401574)|HEAP_ALLOCATE|[28]|Bytes:21
21:11:19.0 (14423490)|METHOD_ENTRY|[7]|01p50000002CIEt|ETLC_SecuredDB.ETLC_SecuredDB()
21:11:19.0 (14428142)|STATEMENT_EXECUTE|[7]
21:11:19.0 (14433793)|STATEMENT_EXECUTE|[7]
21:11:19.0 (14441159)|HEAP_ALLOCATE|[28]|Bytes:5
21:11:19.0 (14452344)|METHOD_EXIT|[7]|ETLC_SecuredDB
21:11:19.0 (14485662)|METHOD_ENTRY|[28]|01p50000002CIEt|ETLC_SecuredDB.query(String)
21:11:19.0 (14510443)|VARIABLE_SCOPE_BEGIN|[10]|SOQL|String|false|false
21:11:19.0 (14521993)|VARIABLE_ASSIGNMENT|[10]|SOQL|"SELECT FollowedUsers (70 more) ..."
21:11:19.0 (14532179)|HEAP_ALLOCATE|[12]|Bytes:5
21:11:19.0 (14537468)|STATEMENT_EXECUTE|[10]
21:11:19.0 (14539901)|STATEMENT_EXECUTE|[12]
21:11:19.0 (15823865)|SOQL_EXECUTE_BEGIN|[12]|Aggregations:0|SELECT FollowedUsers__c FROM BFFFollow__c WHERE FollowedBy__c='00550000005cg71AAA' limit 1
21:11:19.0 (20194708)|SOQL_EXECUTE_END|[12]|Rows:1
21:11:19.0 (20217470)|HEAP_ALLOCATE|[12]|Bytes:8
21:11:19.0 (20226923)|HEAP_ALLOCATE|[12]|Bytes:158
21:11:19.0 (20308948)|HEAP_ALLOCATE|[12]|Bytes:8
21:11:19.0 (20324797)|VARIABLE_SCOPE_BEGIN|[12]|dbRecords|List<SObject>|true|false
21:11:19.0 (20373934)|VARIABLE_ASSIGNMENT|[12]|dbRecords|{"s":1,"v":[{"s":2,"v":{"FollowedUsers__c":"[{\"id\":\"00550000005d (85 more) ...","Id":"a005000000ezW4dAAE"}}]}|0x6e877422
21:11:19.0 (20379532)|STATEMENT_EXECUTE|[20]
21:11:19.0 (20633336)|HEAP_ALLOCATE|[20]|Bytes:12
21:11:19.0 (20641574)|HEAP_ALLOCATE|[20]|Bytes:8
21:11:19.0 (20700154)|HEAP_ALLOCATE|[20]|Bytes:12
21:11:19.0 (20705534)|HEAP_ALLOCATE|[20]|Bytes:9
21:11:19.0 (20718487)|HEAP_ALLOCATE|[20]|Bytes:12
21:11:19.0 (20721750)|HEAP_ALLOCATE|[20]|Bytes:8
21:11:19.0 (20731764)|HEAP_ALLOCATE|[20]|Bytes:12
21:11:19.0 (20734889)|HEAP_ALLOCATE|[20]|Bytes:8
21:11:19.0 (20744790)|HEAP_ALLOCATE|[20]|Bytes:12
21:11:19.0 (20748026)|HEAP_ALLOCATE|[20]|Bytes:9
21:11:19.0 (20776724)|METHOD_ENTRY|[20]|01p50000002CIEt|ETLC_SecuredDB.findFields(List<SObject>)
21:11:19.0 (20803589)|VARIABLE_SCOPE_BEGIN|[108]|dbRecords|List<SObject>|true|false
21:11:19.0 (20826428)|VARIABLE_ASSIGNMENT|[108]|dbRecords|{"s":1,"v":[{"s":2,"v":{"FollowedUsers__c":"[{\"id\":\"00550000005d (85 more) ...","Id":"a005000000ezW4dAAE"}}]}|0x6e877422
21:11:19.0 (20837814)|HEAP_ALLOCATE|[109]|Bytes:5
21:11:19.0 (20841823)|STATEMENT_EXECUTE|[108]
21:11:19.0 (20843460)|STATEMENT_EXECUTE|[109]
21:11:19.0 (20853370)|VARIABLE_SCOPE_BEGIN|[109]|strJSON|String|false|false
21:11:19.0 (20859359)|VARIABLE_ASSIGNMENT|[109]|strJSON|null
21:11:19.0 (20861301)|STATEMENT_EXECUTE|[110]
21:11:19.0 (20865828)|VARIABLE_SCOPE_BEGIN|[110]|mapFields|Map<String,Set<String>>|true|false
21:11:19.0 (20870383)|VARIABLE_ASSIGNMENT|[110]|mapFields|null|
21:11:19.0 (20872326)|STATEMENT_EXECUTE|[112]
21:11:19.0 (20886845)|METHOD_ENTRY|[112]||System.JSON.serialize(Object)
21:11:19.0 (21364299)|METHOD_EXIT|[112]||System.JSON.serialize(Object)
21:11:19.0 (21380340)|VARIABLE_ASSIGNMENT|[112]|strJSON|"[{\"attributes\":{\"typ (259 more) ..."
21:11:19.0 (21384084)|STATEMENT_EXECUTE|[113]
21:11:19.0 (21393199)|HEAP_ALLOCATE|[113]|Bytes:5
21:11:19.0 (21404452)|HEAP_ALLOCATE|[113]|Bytes:284
21:11:19.0 (21436407)|USER_DEBUG|[113]|DEBUG|JSON:[{"attributes":{"type":"BFFFollow__c","url":"/services/data/v37.0/sobjects/BFFFollow__c/a005000000ezW4dAAE"},"FollowedUsers__c":"[{\"id\":\"00550000005d7KnAAI\",\"name\":\"Test User\"},{\"id\":\"00550000005cg71AAA\",\"name\":\"Jaswinder Rattanpal\"}]","Id":"a005000000ezW4dAAE"}]
21:11:19.0 (21444688)|STATEMENT_EXECUTE|[114]
21:11:19.0 (21455277)|HEAP_ALLOCATE|[114]|Bytes:4
21:11:19.0 (21482070)|VARIABLE_ASSIGNMENT|[114]|mapFields|{"s":1,"v":{}}|0x2b9eceae
21:11:19.0 (21485334)|STATEMENT_EXECUTE|[115]
21:11:19.0 (21496709)|METHOD_ENTRY|[115]||System.JSON.deserializeUntyped(String)
21:11:19.0 (21857283)|METHOD_EXIT|[115]||System.JSON.deserializeUntyped(String)
21:11:19.0 (21867049)|VARIABLE_SCOPE_BEGIN|[115]|records|List<ANY>|true|false
21:11:19.0 (21890163)|HEAP_ALLOCATE|[EXTERNAL]|Bytes:8
21:11:19.0 (21916726)|VARIABLE_ASSIGNMENT|[115]|records|{"s":1,"v":[{"s":2,"v":{"attributes":{"s":3,"v":{"type":"BFFFollow__c","url":"/services/data/v37.0 (41 more) ..."}},"FollowedUsers__c":"[{\"id\":\"00550000005d (85 more) ...","Id":"a005000000ezW4dAAE"}}]}|0x27ce3084
21:11:19.0 (21963936)|HEAP_ALLOCATE|[116]|Bytes:5
21:11:19.0 (22014102)|HEAP_ALLOCATE|[116]|Bytes:16
21:11:19.0 (22026165)|VARIABLE_SCOPE_BEGIN|[116]|record|Object|false|false
21:11:19.0 (22052040)|VARIABLE_ASSIGNMENT|[116]|record|{"s":1,"v":{"attributes":{"s":2,"v":{"type":"BFFFollow__c","url":"/services/data/v37.0 (41 more) ..."}},"FollowedUsers__c":"[{\"id\":\"00550000005d (85 more) ...","Id":"a005000000ezW4dAAE"}}
21:11:19.0 (22056515)|STATEMENT_EXECUTE|[116]
21:11:19.0 (22057934)|STATEMENT_EXECUTE|[117]
21:11:19.0 (22081140)|METHOD_ENTRY|[117]|01p50000002CIEt|ETLC_SecuredDB.findFieldsRecursive(Map<String,Set<String>>, Map<String,ANY>)
21:11:19.0 (22105331)|VARIABLE_SCOPE_BEGIN|[124]|mapFields|Map<String,Set<String>>|true|false
21:11:19.0 (22117825)|VARIABLE_ASSIGNMENT|[124]|mapFields|{"s":1,"v":{}}|0x2b9eceae
21:11:19.0 (22121692)|VARIABLE_SCOPE_BEGIN|[124]|record|Map<String,ANY>|true|false
21:11:19.0 (22133649)|VARIABLE_ASSIGNMENT|[124]|record|{"s":1,"v":{"attributes":{"s":2,"v":{"type":"BFFFollow__c","url":"/services/data/v37.0 (41 more) ..."}},"FollowedUsers__c":"[{\"id\":\"00550000005d (85 more) ...","Id":"a005000000ezW4dAAE"}}|0x227a950a
21:11:19.0 (22142444)|HEAP_ALLOCATE|[125]|Bytes:5
21:11:19.0 (22146090)|STATEMENT_EXECUTE|[124]
21:11:19.0 (22147800)|STATEMENT_EXECUTE|[125]
21:11:19.0 (22154618)|HEAP_ALLOCATE|[125]|Bytes:10
21:11:19.0 (22159136)|VARIABLE_SCOPE_BEGIN|[125]|strAttributes|String|false|false
21:11:19.0 (22164960)|VARIABLE_ASSIGNMENT|[125]|strAttributes|"attributes"
21:11:19.0 (22166991)|STATEMENT_EXECUTE|[126]
21:11:19.0 (22171618)|HEAP_ALLOCATE|[126]|Bytes:7
21:11:19.0 (22174890)|VARIABLE_SCOPE_BEGIN|[126]|strRecord|String|false|false
21:11:19.0 (22179299)|VARIABLE_ASSIGNMENT|[126]|strRecord|"records"
21:11:19.0 (22212987)|STATEMENT_EXECUTE|[127]
21:11:19.0 (22215228)|STATEMENT_EXECUTE|[128]
21:11:19.0 (22248677)|VARIABLE_SCOPE_BEGIN|[128]|attributes|Map<String,ANY>|true|false
21:11:19.0 (22264781)|VARIABLE_ASSIGNMENT|[128]|attributes|{"s":1,"v":{"type":"BFFFollow__c","url":"/services/data/v37.0 (41 more) ..."}}|0x5e14dd78
21:11:19.0 (22268148)|STATEMENT_EXECUTE|[129]
21:11:19.0 (22275612)|HEAP_ALLOCATE|[129]|Bytes:4
21:11:19.0 (22305455)|VARIABLE_SCOPE_BEGIN|[129]|objectName|String|false|false
21:11:19.0 (22312704)|VARIABLE_ASSIGNMENT|[129]|objectName|"BFFFollow__c"
21:11:19.0 (22323407)|HEAP_ALLOCATE|[130]|Bytes:4
21:11:19.0 (22384781)|HEAP_ALLOCATE|[130]|Bytes:44
21:11:19.0 (22403246)|HEAP_ALLOCATE|[130]|Bytes:12
21:11:19.0 (22426560)|HEAP_ALLOCATE|[130]|Bytes:5
21:11:19.0 (22441245)|VARIABLE_SCOPE_BEGIN|[130]|fieldName|String|false|false
21:11:19.0 (22448586)|VARIABLE_ASSIGNMENT|[130]|fieldName|"attributes"
21:11:19.0 (22451268)|STATEMENT_EXECUTE|[130]
21:11:19.0 (22452648)|STATEMENT_EXECUTE|[131]
21:11:19.0 (22491414)|VARIABLE_SCOPE_BEGIN|[131]|field|Object|false|false
21:11:19.0 (22508363)|VARIABLE_ASSIGNMENT|[131]|field|{"s":1,"v":{"type":"BFFFollow__c","url":"/services/data/v37.0 (41 more) ..."}}
21:11:19.0 (22529917)|STATEMENT_EXECUTE|[132]
21:11:19.0 (22549986)|HEAP_ALLOCATE|[130]|Bytes:5
21:11:19.0 (22563053)|VARIABLE_SCOPE_BEGIN|[130]|fieldName|String|false|false
21:11:19.0 (22570254)|VARIABLE_ASSIGNMENT|[130]|fieldName|"FollowedUsers__c"
21:11:19.0 (22572717)|STATEMENT_EXECUTE|[130]
21:11:19.0 (22573893)|STATEMENT_EXECUTE|[131]
21:11:19.0 (22592139)|VARIABLE_SCOPE_BEGIN|[131]|field|Object|false|false
21:11:19.0 (22601454)|VARIABLE_ASSIGNMENT|[131]|field|"[{\"id\":\"00550000005d (85 more) ..."
21:11:19.0 (22612197)|HEAP_ALLOCATE|[134]|Bytes:68
21:11:19.0 (22630972)|STATEMENT_EXECUTE|[136]
21:11:19.0 (22632786)|STATEMENT_EXECUTE|[137]
21:11:19.0 (22642672)|HEAP_ALLOCATE|[137]|Bytes:4
21:11:19.0 (22679592)|VARIABLE_SCOPE_BEGIN|[137]|fieldNames|Set<String>|true|false
21:11:19.0 (22701831)|VARIABLE_ASSIGNMENT|[137]|fieldNames|{"s":1,"v":[]}|0x55bed94a
21:11:19.0 (22734806)|STATEMENT_EXECUTE|[138]
21:11:19.0 (22741019)|STATEMENT_EXECUTE|[139]
21:11:19.0 (22768306)|HEAP_ALLOCATE|[EXTERNAL]|Bytes:4
21:11:19.0 (22775852)|STATEMENT_EXECUTE|[140]
21:11:19.0 (22804297)|HEAP_ALLOCATE|[EXTERNAL]|Bytes:-4
21:11:19.0 (22818853)|HEAP_ALLOCATE|[130]|Bytes:5
21:11:19.0 (22830862)|VARIABLE_SCOPE_BEGIN|[130]|fieldName|String|false|false
21:11:19.0 (22838148)|VARIABLE_ASSIGNMENT|[130]|fieldName|"Id"
21:11:19.0 (22840766)|STATEMENT_EXECUTE|[130]
21:11:19.0 (22842187)|STATEMENT_EXECUTE|[131]
21:11:19.0 (22860374)|VARIABLE_SCOPE_BEGIN|[131]|field|Object|false|false
21:11:19.0 (22868083)|VARIABLE_ASSIGNMENT|[131]|field|"a005000000ezW4dAAE"
21:11:19.0 (22882804)|STATEMENT_EXECUTE|[136]
21:11:19.0 (22884460)|STATEMENT_EXECUTE|[137]
21:11:19.0 (22891603)|HEAP_ALLOCATE|[137]|Bytes:4
21:11:19.0 (22902169)|VARIABLE_SCOPE_BEGIN|[137]|fieldNames|Set<String>|true|false
21:11:19.0 (22918996)|VARIABLE_ASSIGNMENT|[137]|fieldNames|{"s":1,"v":[]}|0x239ac432
21:11:19.0 (22931936)|STATEMENT_EXECUTE|[138]
21:11:19.0 (22959106)|VARIABLE_ASSIGNMENT|[138]|fieldNames|{"s":1,"v":["FollowedUsers__c"]}|0x55bed94a
21:11:19.0 (22962911)|STATEMENT_EXECUTE|[139]
21:11:19.0 (22972963)|HEAP_ALLOCATE|[EXTERNAL]|Bytes:4
21:11:19.0 (22978245)|STATEMENT_EXECUTE|[140]
21:11:19.0 (22997976)|HEAP_ALLOCATE|[130]|Bytes:5
21:11:19.0 (23009108)|VARIABLE_ASSIGNMENT|[130]|fieldName|null
21:11:19.0 (23020191)|METHOD_EXIT|[117]|01p50000002CIEt|ETLC_SecuredDB.findFieldsRecursive(Map<String,Set<String>>, Map<String,ANY>)
21:11:19.0 (23030119)|HEAP_ALLOCATE|[116]|Bytes:5
21:11:19.0 (23043541)|VARIABLE_ASSIGNMENT|[116]|record|null
21:11:19.0 (23049690)|HEAP_ALLOCATE|[119]|Bytes:4
21:11:19.0 (23081910)|HEAP_ALLOCATE|[119]|Bytes:20
21:11:19.0 (23093713)|HEAP_ALLOCATE|[119]|Bytes:4
21:11:19.0 (23110306)|HEAP_ALLOCATE|[119]|Bytes:5
21:11:19.0 (23122275)|VARIABLE_SCOPE_BEGIN|[119]|objectName|String|false|false
21:11:19.0 (23129519)|VARIABLE_ASSIGNMENT|[119]|objectName|"BFFFollow__c"
21:11:19.0 (23132347)|STATEMENT_EXECUTE|[119]
21:11:19.0 (23133795)|STATEMENT_EXECUTE|[120]
21:11:19.0 (23140875)|HEAP_ALLOCATE|[120]|Bytes:2
21:11:19.0 (23192854)|HEAP_ALLOCATE|[120]|Bytes:22
21:11:19.0 (23205458)|HEAP_ALLOCATE|[120]|Bytes:36
21:11:19.0 (23216119)|USER_DEBUG|[120]|DEBUG|BFFFollow__c: {FollowedUsers__c, Id}
21:11:19.0 (23228340)|HEAP_ALLOCATE|[119]|Bytes:5
21:11:19.0 (23239105)|VARIABLE_ASSIGNMENT|[119]|objectName|null
21:11:19.0 (23242470)|STATEMENT_EXECUTE|[122]
21:11:19.0 (23254593)|METHOD_EXIT|[20]|01p50000002CIEt|ETLC_SecuredDB.findFields(List<SObject>)
21:11:19.0 (23270328)|METHOD_ENTRY|[20]|01p50000002CIEt|ETLC_SecuredDB.validate(ETLC_SecuredDB.Operation, Map<String,Set<String>>)
21:11:19.0 (23277283)|VARIABLE_SCOPE_BEGIN|[55]|op|ETLC_SecuredDB.Operation|true|false
21:11:19.0 (23294446)|VARIABLE_ASSIGNMENT|[55]|op|"Querying"|0x4c35552e
21:11:19.0 (23298436)|VARIABLE_SCOPE_BEGIN|[55]|mapFieldNames|Map<String,Set<String>>|true|false
21:11:19.0 (23315040)|VARIABLE_ASSIGNMENT|[55]|mapFieldNames|{"s":1,"v":{"BFFFollow__c":{"s":2,"v":["FollowedUsers__c","Id"]}}}|0x2b9eceae
21:11:19.0 (23323758)|HEAP_ALLOCATE|[56]|Bytes:5
21:11:19.0 (23327726)|STATEMENT_EXECUTE|[55]
21:11:19.0 (23329361)|STATEMENT_EXECUTE|[56]
21:11:19.0 (23336563)|VARIABLE_SCOPE_BEGIN|[56]|securityMessage|String|false|false
21:11:19.0 (23341523)|VARIABLE_ASSIGNMENT|[56]|securityMessage|null
21:11:19.0 (23343373)|STATEMENT_EXECUTE|[57]
21:11:19.0 (39605160)|HEAP_ALLOCATE|[57]|Bytes:1440
21:11:19.0 (39648401)|VARIABLE_SCOPE_BEGIN|[57]|mapObjects|Map<String,Schema.SObjectType>|true|false
21:11:19.0 (39890805)|VARIABLE_ASSIGNMENT|[57]|mapObjects|"{acceptedeventrelation=AcceptedEventRelation, account=Account, accountcontactrole=AccountContactRole, accountfeed=AccountFeed, accounthistory=AccountHistory, accountpartner=AccountPartner, accountshare=AccountShare, actionlinkgrouptemplate=ActionLinkGroupTemplate, actionlinktemplate=ActionLinkTemplate, activityhistory=ActivityHistory, ...}"|0x6fe2a16b
21:11:19.0 (39913584)|HEAP_ALLOCATE|[58]|Bytes:4
21:11:19.0 (39999029)|HEAP_ALLOCATE|[58]|Bytes:20
21:11:19.0 (40026596)|HEAP_ALLOCATE|[58]|Bytes:4
21:11:19.0 (40084188)|HEAP_ALLOCATE|[58]|Bytes:5
21:11:19.0 (40114798)|VARIABLE_SCOPE_BEGIN|[58]|sObjectName|String|false|false
21:11:19.0 (40125635)|VARIABLE_ASSIGNMENT|[58]|sObjectName|"BFFFollow__c"
21:11:19.0 (40131122)|STATEMENT_EXECUTE|[58]
21:11:19.0 (40134497)|STATEMENT_EXECUTE|[59]
21:11:19.0 (40156519)|HEAP_ALLOCATE|[59]|Bytes:9
21:11:19.0 (40161390)|HEAP_ALLOCATE|[59]|Bytes:7
21:11:19.0 (40229621)|HEAP_ALLOCATE|[59]|Bytes:8
21:11:19.0 (40241001)|HEAP_ALLOCATE|[59]|Bytes:1
21:11:19.0 (40256145)|HEAP_ALLOCATE|[59]|Bytes:37
21:11:19.0 (40265696)|VARIABLE_ASSIGNMENT|[59]|securityMessage|"CRUD on [BFFFollow__ (17 more) ..."
21:11:19.0 (40268556)|STATEMENT_EXECUTE|[60]
21:11:19.0 (40276522)|HEAP_ALLOCATE|[60]|Bytes:10
21:11:19.0 (40284258)|HEAP_ALLOCATE|[60]|Bytes:47
21:11:19.0 (40328160)|USER_DEBUG|[60]|DEBUG|Checking: CRUD on [BFFFollow__c] for [Querying]
21:11:19.0 (40335823)|STATEMENT_EXECUTE|[61]
21:11:19.0 (40707967)|HEAP_ALLOCATE|[61]|Bytes:4
21:11:19.0 (40753896)|VARIABLE_SCOPE_BEGIN|[61]|drSObj|Schema.DescribeSObjectResult|true|false
21:11:19.0 (40831781)|VARIABLE_ASSIGNMENT|[61]|drSObj|"common.api.soap.wsdl.DescribeSObjectResult@a54f9caa"|0x4cb08561
21:11:19.0 (41003266)|STATEMENT_EXECUTE|[64]
21:11:19.0 (41032438)|STATEMENT_EXECUTE|[65]
21:11:19.0 (41088555)|STATEMENT_EXECUTE|[77]
21:11:19.0 (41091373)|STATEMENT_EXECUTE|[79]
21:11:19.0 (41334110)|HEAP_ALLOCATE|[79]|Bytes:56
21:11:19.0 (41349433)|VARIABLE_SCOPE_BEGIN|[79]|mapFields|Map<String,Schema.SObjectField>|true|false
21:11:19.0 (41539752)|VARIABLE_ASSIGNMENT|[79]|mapFields|"{createdbyid=CreatedById, createddate=CreatedDate, followedby__c=FollowedBy__c, followedusers__c=FollowedUsers__c, id=Id, isdeleted=IsDeleted, lastmodifiedbyid=LastModifiedById, lastmodifieddate=LastModifiedDate, lastreferenceddate=LastReferencedDate, lastvieweddate=LastViewedDate, ...}"|0x766cb43b
21:11:19.0 (41552748)|HEAP_ALLOCATE|[80]|Bytes:4
21:11:19.0 (41598965)|HEAP_ALLOCATE|[80]|Bytes:8
21:11:19.0 (41619467)|HEAP_ALLOCATE|[80]|Bytes:5
21:11:19.0 (41632730)|VARIABLE_SCOPE_BEGIN|[80]|fieldName|String|false|false
21:11:19.0 (41641164)|VARIABLE_ASSIGNMENT|[80]|fieldName|"FollowedUsers__c"
21:11:19.0 (41644192)|STATEMENT_EXECUTE|[80]
21:11:19.0 (41645654)|STATEMENT_EXECUTE|[81]
21:11:19.0 (42869292)|HEAP_ALLOCATE|[81]|Bytes:8
21:11:19.0 (42905073)|VARIABLE_SCOPE_BEGIN|[81]|drField|Schema.DescribeFieldResult|true|false
21:11:19.0 (42982843)|VARIABLE_ASSIGNMENT|[81]|drField|"common.api.soap.wsdl.Field@46180b39"|0x4f5a338a
21:11:19.0 (43006910)|STATEMENT_EXECUTE|[82]
21:11:19.0 (43010161)|STATEMENT_EXECUTE|[83]
21:11:19.0 (43020023)|HEAP_ALLOCATE|[83]|Bytes:8
21:11:19.0 (43024600)|HEAP_ALLOCATE|[83]|Bytes:1
21:11:19.0 (43065232)|HEAP_ALLOCATE|[83]|Bytes:8
21:11:19.0 (43083983)|HEAP_ALLOCATE|[83]|Bytes:52
21:11:19.0 (43089920)|HEAP_ALLOCATE|[83]|Bytes:53
21:11:19.0 (43099945)|VARIABLE_ASSIGNMENT|[83]|securityMessage|"FLS on [BFFFollow__c (33 more) ..."
21:11:19.0 (43103004)|STATEMENT_EXECUTE|[84]
21:11:19.0 (43113082)|HEAP_ALLOCATE|[84]|Bytes:63
21:11:19.0 (43136667)|USER_DEBUG|[84]|DEBUG|Checking: FLS on [BFFFollow__c.FollowedUsers__c] for [Querying]
21:11:19.0 (43229225)|STATEMENT_EXECUTE|[87]
21:11:19.0 (43245964)|STATEMENT_EXECUTE|[88]
21:11:19.0 (43264124)|HEAP_ALLOCATE|[80]|Bytes:5
21:11:19.0 (43277780)|VARIABLE_SCOPE_BEGIN|[80]|fieldName|String|false|false
21:11:19.0 (43285568)|VARIABLE_ASSIGNMENT|[80]|fieldName|"Id"
21:11:19.0 (43288291)|STATEMENT_EXECUTE|[80]
21:11:19.0 (43289528)|STATEMENT_EXECUTE|[81]
21:11:19.0 (43438102)|HEAP_ALLOCATE|[81]|Bytes:8
21:11:19.0 (43449101)|VARIABLE_SCOPE_BEGIN|[81]|drField|Schema.DescribeFieldResult|true|false
21:11:19.0 (43516094)|VARIABLE_ASSIGNMENT|[81]|drField|"common.api.soap.wsdl.Field@57a6dae9"|0x6604dde7
21:11:19.0 (43528640)|STATEMENT_EXECUTE|[99]
21:11:19.0 (43530609)|STATEMENT_EXECUTE|[100]
21:11:19.0 (43539858)|HEAP_ALLOCATE|[100]|Bytes:22
21:11:19.0 (43579417)|HEAP_ALLOCATE|[100]|Bytes:8
21:11:19.0 (43593744)|HEAP_ALLOCATE|[100]|Bytes:52
21:11:19.0 (43598076)|HEAP_ALLOCATE|[100]|Bytes:35
21:11:19.0 (43602125)|HEAP_ALLOCATE|[100]|Bytes:87
21:11:19.0 (43612509)|USER_DEBUG|[100]|DEBUG|Bypass Check: FLS on [BFFFollow__c.Id] for [Querying] since it's not isPermissionable()
21:11:19.0 (43626490)|HEAP_ALLOCATE|[80]|Bytes:5
21:11:19.0 (43639256)|VARIABLE_ASSIGNMENT|[80]|fieldName|null
21:11:19.0 (43649293)|HEAP_ALLOCATE|[58]|Bytes:5
21:11:19.0 (43657479)|VARIABLE_ASSIGNMENT|[58]|sObjectName|null
21:11:19.0 (43675643)|METHOD_EXIT|[20]|01p50000002CIEt|ETLC_SecuredDB.validate(ETLC_SecuredDB.Operation, Map<String,Set<String>>)
21:11:19.0 (43679818)|STATEMENT_EXECUTE|[21]
21:11:19.0 (43691824)|METHOD_EXIT|[28]|01p50000002CIEt|ETLC_SecuredDB.query(String)
21:11:19.0 (43699127)|VARIABLE_SCOPE_BEGIN|[28]|dbRecords|List<SObject>|true|false
21:11:19.0 (43743138)|VARIABLE_ASSIGNMENT|[28]|dbRecords|{"s":1,"v":[{"s":2,"v":{"FollowedUsers__c":"[{\"id\":\"00550000005d (85 more) ...","Id":"a005000000ezW4dAAE"}}]}|0x6e877422
21:11:19.0 (43751082)|STATEMENT_EXECUTE|[29]
21:11:19.0 (43752602)|STATEMENT_EXECUTE|[29]
21:11:19.0 (43825016)|USER_DEBUG|[29]|DEBUG|(BFFFollow__c:{FollowedUsers__c=[{"id":"00550000005d7KnAAI","name":"Test User"},{"id":"00550000005cg71AAA","name":"Jaswinder Rattanpal"}], Id=a005000000ezW4dAAE})
21:11:19.0 (43932556)|STATEMENT_EXECUTE|[30]
21:11:19.0 (43938009)|STATEMENT_EXECUTE|[31]
21:11:19.0 (43939239)|STATEMENT_EXECUTE|[32]
21:11:19.0 (43947604)|HEAP_ALLOCATE|[32]|Bytes:18
21:11:19.0 (43962467)|HEAP_ALLOCATE|[32]|Bytes:12
21:11:19.0 (43969578)|HEAP_ALLOCATE|[32]|Bytes:16
21:11:19.0 (44039476)|HEAP_ALLOCATE|[32]|Bytes:105
21:11:19.0 (44060715)|HEAP_ALLOCATE|[32]|Bytes:105
21:11:19.0 (44069869)|HEAP_ALLOCATE|[32]|Bytes:123
21:11:19.0 (44080227)|USER_DEBUG|[32]|DEBUG|FollowedUsers__c::[{"id":"00550000005d7KnAAI","name":"Test User"},{"id":"00550000005cg71AAA","name":"Jaswinder Rattanpal"}]
21:11:19.0 (44086429)|STATEMENT_EXECUTE|[34]
21:11:19.0 (44099615)|HEAP_ALLOCATE|[34]|Bytes:12
21:11:19.0 (44149139)|HEAP_ALLOCATE|[34]|Bytes:105
21:11:19.0 (44167602)|METHOD_EXIT|[10]|01p50000002D8iw|BFFFollow_Controller.fetchFollowedUsers(Id)
21:11:19.0 (44244610)|VARIABLE_ASSIGNMENT|[EXTERNAL]|this|{"debug":true,"input":"{\"mode\":\"fetchFollow (9 more) ...","operation":"BFFFollow_Controller"}|0x2922fc62
21:11:19.0 (44254847)|VARIABLE_ASSIGNMENT|[EXTERNAL]|value|"[{\"id\":\"00550000005d (85 more) ..."
21:11:19.0 (44272624)|VARIABLE_ASSIGNMENT|[12]|this.output|"[{\"id\":\"00550000005d (85 more) ..."|0x2922fc62
21:11:19.0 (44279366)|STATEMENT_EXECUTE|[11]
21:11:19.0 (44338295)|VARIABLE_ASSIGNMENT|[EXTERNAL]|this|{"debug":true,"input":"{\"mode\":\"fetchFollow (9 more) ...","operation":"BFFFollow_Controller","output":"[{\"id\":\"00550000005d (85 more) ..."}|0x2922fc62
21:11:19.0 (44407353)|VARIABLE_ASSIGNMENT|[EXTERNAL]|this|{"debug":true,"input":"{\"mode\":\"fetchFollow (9 more) ...","operation":"BFFFollow_Controller","output":"[{\"id\":\"00550000005d (85 more) ..."}|0x2922fc62
21:11:19.0 (44417216)|VARIABLE_ASSIGNMENT|[EXTERNAL]|value|true
21:11:19.0 (44422829)|HEAP_ALLOCATE|[15]|Bytes:5
21:11:19.0 (44430542)|VARIABLE_ASSIGNMENT|[15]|this.outputFlag|true|0x2922fc62
21:11:19.0 (44440443)|STATEMENT_EXECUTE|[19]
21:11:19.0 (44442241)|STATEMENT_EXECUTE|[19]
21:11:19.0 (44450765)|HEAP_ALLOCATE|[19]|Bytes:11
21:11:19.0 (44509358)|HEAP_ALLOCATE|[19]|Bytes:278
21:11:19.0 (44523526)|HEAP_ALLOCATE|[19]|Bytes:289
21:11:19.0 (44534025)|USER_DEBUG|[19]|DEBUG|data AFTER:ETLC_ApexBridge_Data:[debug=true, input={"mode":"fetchFollowedUsers"}, isSuccess=null, messages=null, operation=BFFFollow_Controller, output=[{"id":"00550000005d7KnAAI","name":"Test User"},{"id":"00550000005cg71AAA","name":"Jaswinder Rattanpal"}], outputFlag=true, records=null]
21:11:19.0 (44547616)|METHOD_EXIT|[9]|01p50000002D8iw|BFFFollow_Controller.process(ETLC_ApexBridge_Data)
21:11:19.0 (44552244)|STATEMENT_EXECUTE|[24]
21:11:19.0 (44574634)|METHOD_ENTRY|[24]|01p50000002CIEo|ETLC_ApexBridge_Data.toJSON()
21:11:19.0 (44593893)|VARIABLE_SCOPE_BEGIN|[57]|this|ETLC_ApexBridge_Data|true|false
21:11:19.0 (44623053)|VARIABLE_ASSIGNMENT|[57]|this|{"debug":true,"input":"{\"mode\":\"fetchFollow (9 more) ...","operation":"BFFFollow_Controller","output":"[{\"id\":\"00550000005d (85 more) ...","outputFlag":true}|0x2922fc62
21:11:19.0 (44629901)|STATEMENT_EXECUTE|[57]
21:11:19.0 (44631402)|STATEMENT_EXECUTE|[58]
21:11:19.0 (44647903)|METHOD_ENTRY|[58]||System.JSON.serialize(Object)
21:11:19.0 (44750480)|STATEMENT_EXECUTE|[22]
21:11:19.0 (44755098)|STATEMENT_EXECUTE|[23]
21:11:19.0 (44764193)|HEAP_ALLOCATE|[23]|Bytes:5
21:11:19.0 (44773795)|VARIABLE_ASSIGNMENT|[23]|this.isSuccess|true|0x2922fc62
21:11:19.0 (44776430)|STATEMENT_EXECUTE|[24]
21:11:19.0 (44823686)|STATEMENT_EXECUTE|[31]
21:11:19.0 (44828076)|STATEMENT_EXECUTE|[32]
21:11:19.0 (44837956)|HEAP_ALLOCATE|[32]|Bytes:4
21:11:19.0 (44902735)|VARIABLE_ASSIGNMENT|[32]|this.messages|{"s":1,"v":{}}|0x2922fc62
21:11:19.0 (44906885)|STATEMENT_EXECUTE|[33]
21:11:19.0 (45233902)|METHOD_EXIT|[58]||System.JSON.serialize(Object)
21:11:19.0 (45241485)|METHOD_EXIT|[24]|01p50000002CIEo|ETLC_ApexBridge_Data.toJSON()
21:11:19.0 (45252590)|SYSTEM_MODE_EXIT|false
21:11:19.45 (45300584)|CUMULATIVE_LIMIT_USAGE
21:11:19.45 (45300584)|LIMIT_USAGE_FOR_NS|(default)|
  Number of SOQL queries: 1 out of 100
  Number of query rows: 1 out of 50000
  Number of SOSL queries: 0 out of 20
  Number of DML statements: 0 out of 150
  Number of DML rows: 0 out of 10000
  Maximum CPU time: 0 out of 10000
  Maximum heap size: 0 out of 6000000
  Number of callouts: 0 out of 100
  Number of Email Invocations: 0 out of 10
  Number of future calls: 0 out of 50
  Number of queueable jobs added to the queue: 0 out of 50
  Number of Mobile Apex push calls: 0 out of 10

21:11:19.45 (45300584)|CUMULATIVE_LIMIT_USAGE_END

21:11:19.0 (45361734)|CODE_UNIT_FINISHED|ETLC_ApexBridge_Controller.execute
