37.0 APEX_CODE,FINEST;APEX_PROFILING,INFO;CALLOUT,INFO;DB,INFO;SYSTEM,DEBUG;VALIDATION,INFO;VISUALFORCE,INFO;WORKFLOW,INFO
15:19:05.0 (494071)|USER_INFO|[EXTERNAL]|00550000005cg71|bfffollow@jr.te|Eastern Standard Time|GMT-04:00
15:19:05.0 (536560)|EXECUTION_STARTED
15:19:05.0 (547667)|CODE_UNIT_STARTED|[EXTERNAL]|aura
15:19:05.0 (978594)|HEAP_ALLOCATE|[72]|Bytes:3
15:19:05.0 (1046203)|HEAP_ALLOCATE|[77]|Bytes:152
15:19:05.0 (1065762)|HEAP_ALLOCATE|[342]|Bytes:408
15:19:05.0 (1083029)|HEAP_ALLOCATE|[355]|Bytes:408
15:19:05.0 (1098787)|HEAP_ALLOCATE|[467]|Bytes:48
15:19:05.0 (1159264)|HEAP_ALLOCATE|[139]|Bytes:6
15:19:05.0 (1185956)|HEAP_ALLOCATE|[EXTERNAL]|Bytes:93
15:19:05.0 (1223105)|HEAP_ALLOCATE|[EXTERNAL]|Bytes:93
15:19:05.0 (2652197)|CODE_UNIT_STARTED|[EXTERNAL]|01p50000002CIEm|ETLC_ApexBridge_Controller.execute
15:19:05.0 (3852105)|HEAP_ALLOCATE|[EXTERNAL]|Bytes:1
15:19:05.0 (3865242)|HEAP_ALLOCATE|[EXTERNAL]|Bytes:10
15:19:05.0 (3920934)|METHOD_ENTRY|[1]|01p50000002CIEm|ETLC_ApexBridge_Controller.ETLC_ApexBridge_Controller()
15:19:05.0 (3927160)|STATEMENT_EXECUTE|[1]
15:19:05.0 (3933245)|STATEMENT_EXECUTE|[1]
15:19:05.0 (3959524)|METHOD_EXIT|[1]|ETLC_ApexBridge_Controller
15:19:05.0 (3965816)|HEAP_ALLOCATE|[EXTERNAL]|Bytes:93
15:19:05.0 (3982247)|SYSTEM_MODE_ENTER|false
15:19:05.0 (4146690)|VARIABLE_SCOPE_BEGIN|[3]|dataJson|String|false|false
15:19:05.0 (4323224)|VARIABLE_ASSIGNMENT|[3]|dataJson|"{\"operation\":\"BFFFol (73 more) ..."
15:19:05.0 (4340690)|STATEMENT_EXECUTE|[3]
15:19:05.0 (4343284)|STATEMENT_EXECUTE|[4]
15:19:05.0 (7012213)|VARIABLE_SCOPE_BEGIN|[4]|data|ETLC_ApexBridge_Data|true|false
15:19:05.0 (7036425)|VARIABLE_ASSIGNMENT|[4]|data|null|
15:19:05.0 (7040921)|STATEMENT_EXECUTE|[5]
15:19:05.0 (7042997)|STATEMENT_EXECUTE|[5]
15:19:05.0 (7044013)|STATEMENT_EXECUTE|[6]
15:19:05.0 (7068101)|HEAP_ALLOCATE|[6]|Bytes:11
15:19:05.0 (7078933)|HEAP_ALLOCATE|[6]|Bytes:248
15:19:05.0 (7081962)|HEAP_ALLOCATE|[6]|Bytes:39
15:19:05.0 (7132472)|METHOD_ENTRY|[2]|01p50000002CIEo|ETLC_ApexBridge_Data.ETLC_ApexBridge_Data()
15:19:05.0 (7137871)|STATEMENT_EXECUTE|[2]
15:19:05.0 (7143615)|STATEMENT_EXECUTE|[2]
15:19:05.0 (7153812)|METHOD_EXIT|[2]|ETLC_ApexBridge_Data
15:19:05.0 (7212854)|METHOD_ENTRY|[6]|01p50000002CIEo|ETLC_ApexBridge_Data.fromJSON(String)
15:19:05.0 (7252243)|VARIABLE_SCOPE_BEGIN|[60]|strJson|String|false|false
15:19:05.0 (7269012)|VARIABLE_ASSIGNMENT|[60]|strJson|"{\"operation\":\"BFFFol (73 more) ..."
15:19:05.0 (7274895)|STATEMENT_EXECUTE|[60]
15:19:05.0 (7276413)|STATEMENT_EXECUTE|[61]
15:19:05.0 (7286002)|HEAP_ALLOCATE|[61]|Bytes:20
15:19:05.0 (7314412)|HEAP_ALLOCATE|[50]|Bytes:5
15:19:05.0 (7344053)|HEAP_ALLOCATE|[56]|Bytes:5
15:19:05.0 (7352332)|HEAP_ALLOCATE|[64]|Bytes:7
15:19:05.0 (7470807)|HEAP_ALLOCATE|[61]|Bytes:24
15:19:05.0 (7482590)|SYSTEM_METHOD_ENTRY|[1]|Type.Type()
15:19:05.0 (7485281)|STATEMENT_EXECUTE|[1]
15:19:05.0 (7492544)|SYSTEM_METHOD_EXIT|[1]|Type
15:19:05.0 (7498510)|HEAP_ALLOCATE|[61]|Bytes:8
15:19:05.0 (7515683)|HEAP_ALLOCATE|[61]|Bytes:8
15:19:05.0 (7520603)|VARIABLE_SCOPE_BEGIN|[4]|this|System.Type|true|false
15:19:05.0 (7582644)|VARIABLE_ASSIGNMENT|[4]|this|{}|0x15a22413
15:19:05.0 (7587600)|VARIABLE_SCOPE_BEGIN|[4]|apextype|java:common.apex.runtime.ApexObjectType|true|false
15:19:05.0 (7720724)|VARIABLE_ASSIGNMENT|[4]|apextype|"ETLC_ApexBridge_Data"|0x3ff1929c
15:19:05.0 (7833635)|HEAP_ALLOCATE|[61]|Bytes:8
15:19:05.0 (7874383)|HEAP_ALLOCATE|[61]|Bytes:24
15:19:05.0 (7886354)|SYSTEM_METHOD_ENTRY|[1]|JSON.JSON()
15:19:05.0 (7890020)|STATEMENT_EXECUTE|[1]
15:19:05.0 (7900244)|SYSTEM_METHOD_EXIT|[1]|JSON
15:19:05.0 (7918059)|METHOD_ENTRY|[61]||System.JSON.deserializeStrict(String, System.Type)
15:19:05.0 (8530554)|METHOD_EXIT|[61]||System.JSON.deserializeStrict(String, System.Type)
15:19:05.0 (8542204)|METHOD_EXIT|[6]|01p50000002CIEo|ETLC_ApexBridge_Data.fromJSON(String)
15:19:05.0 (8602795)|VARIABLE_ASSIGNMENT|[6]|data|{"debug":true,"input":"{\"mode\":\"fetchFollow (9 more) ...","operation":"BFFFollow_Controller"}|0xa2639d8
15:19:05.0 (8608318)|STATEMENT_EXECUTE|[7]
15:19:05.0 (8618265)|HEAP_ALLOCATE|[7]|Bytes:6
15:19:05.0 (8691658)|HEAP_ALLOCATE|[7]|Bytes:177
15:19:05.0 (8713905)|HEAP_ALLOCATE|[7]|Bytes:183
15:19:05.0 (8734349)|USER_DEBUG|[7]|DEBUG|data::ETLC_ApexBridge_Data:[debug=true, input={"mode":"fetchFollowedUsers"}, isSuccess=null, messages=null, operation=BFFFollow_Controller, output=null, outputFlag=null, records=null]
15:19:05.0 (8742321)|STATEMENT_EXECUTE|[8]
15:19:05.0 (8797813)|VARIABLE_ASSIGNMENT|[EXTERNAL]|this|{"debug":true,"input":"{\"mode\":\"fetchFollow (9 more) ...","operation":"BFFFollow_Controller"}|0xa2639d8
15:19:05.0 (8819523)|METHOD_ENTRY|[8]||System.Type.forName(String)
15:19:05.0 (44195703)|METHOD_EXIT|[8]||System.Type.forName(String)
15:19:05.0 (44221706)|METHOD_ENTRY|[8]||System.Type.newInstance()
15:19:05.0 (46064482)|STATEMENT_EXECUTE|[1]
15:19:05.0 (46083610)|HEAP_ALLOCATE|[33]|Bytes:5
15:19:05.0 (46102972)|METHOD_EXIT|[1]|BFFFollow_Controller
15:19:05.0 (46132439)|HEAP_ALLOCATE|[33]|Bytes:4
15:19:05.0 (46147047)|VARIABLE_SCOPE_BEGIN|[1]|this|BFFFollow_Controller|true|false
15:19:05.0 (46188176)|VARIABLE_ASSIGNMENT|[1]|this|{}|0x6ef54f2b
15:19:05.0 (46198883)|HEAP_ALLOCATE|[33]|Bytes:5
15:19:05.0 (46209963)|HEAP_ALLOCATE|[33]|Bytes:11
15:19:05.0 (46231605)|METHOD_ENTRY|[1]|01p50000002CIEj|ETLC_ApexBridge_Abstract.ETLC_ApexBridge_Abstract()
15:19:05.0 (46236016)|STATEMENT_EXECUTE|[1]
15:19:05.0 (46240505)|STATEMENT_EXECUTE|[1]
15:19:05.0 (46246607)|METHOD_EXIT|[1]|ETLC_ApexBridge_Abstract
15:19:05.0 (46256753)|CONSTRUCTOR_ENTRY|[EXTERNAL]|01p50000002CIEj|<init>()
15:19:05.0 (46285284)|VARIABLE_SCOPE_BEGIN|[1]|this|ETLC_ApexBridge_Abstract|true|false
15:19:05.0 (46304733)|VARIABLE_ASSIGNMENT|[1]|this|{}|0x6ef54f2b
15:19:05.0 (46324740)|STATEMENT_EXECUTE|[1]
15:19:05.0 (46330182)|CONSTRUCTOR_EXIT|[EXTERNAL]|01p50000002CIEj|<init>()
15:19:05.0 (46336588)|STATEMENT_EXECUTE|[1]
15:19:05.0 (46342889)|HEAP_ALLOCATE|[33]|Bytes:5
15:19:05.0 (46366016)|METHOD_EXIT|[8]||System.Type.newInstance()
15:19:05.0 (46376869)|VARIABLE_SCOPE_BEGIN|[8]|executor|ETLC_ApexBridge_Abstract|true|false
15:19:05.0 (46393665)|VARIABLE_ASSIGNMENT|[8]|executor|{}|0x6ef54f2b
15:19:05.0 (46397318)|STATEMENT_EXECUTE|[9]
15:19:05.0 (46462199)|METHOD_ENTRY|[9]|01p50000002D8iw|BFFFollow_Controller.process(ETLC_ApexBridge_Data)
15:19:05.0 (46493775)|VARIABLE_SCOPE_BEGIN|[3]|this|BFFFollow_Controller|true|false
15:19:05.0 (46517090)|VARIABLE_ASSIGNMENT|[3]|this|{}|0x6ef54f2b
15:19:05.0 (46522789)|VARIABLE_SCOPE_BEGIN|[3]|data|ETLC_ApexBridge_Data|true|false
15:19:05.0 (46576019)|VARIABLE_ASSIGNMENT|[3]|data|{"debug":true,"input":"{\"mode\":\"fetchFollow (9 more) ...","operation":"BFFFollow_Controller"}|0xa2639d8
15:19:05.0 (46589315)|HEAP_ALLOCATE|[4]|Bytes:5
15:19:05.0 (46594655)|STATEMENT_EXECUTE|[3]
15:19:05.0 (46596679)|STATEMENT_EXECUTE|[4]
15:19:05.0 (46708639)|VARIABLE_ASSIGNMENT|[EXTERNAL]|this|{"debug":true,"input":"{\"mode\":\"fetchFollow (9 more) ...","operation":"BFFFollow_Controller"}|0xa2639d8
15:19:05.0 (46740991)|VARIABLE_ASSIGNMENT|[4]|BFFFollow_Controller.debugFlag|true
15:19:05.0 (46793762)|VARIABLE_ASSIGNMENT|[EXTERNAL]|this|{"debug":true,"input":"{\"mode\":\"fetchFollow (9 more) ...","operation":"BFFFollow_Controller"}|0xa2639d8
15:19:05.0 (46810951)|STATEMENT_EXECUTE|[5]
15:19:05.0 (46874454)|USER_DEBUG|[5]|DEBUG|ETLC_ApexBridge_Data:[debug=true, input={"mode":"fetchFollowedUsers"}, isSuccess=null, messages=null, operation=BFFFollow_Controller, output=null, outputFlag=null, records=null]
15:19:05.0 (46887496)|STATEMENT_EXECUTE|[7]
15:19:05.0 (46898474)|HEAP_ALLOCATE|[7]|Bytes:4
15:19:05.0 (46934109)|METHOD_ENTRY|[7]|01p50000002CIEo|ETLC_ApexBridge_Data.getInputValue(String)
15:19:05.0 (46964099)|VARIABLE_SCOPE_BEGIN|[52]|this|ETLC_ApexBridge_Data|true|false
15:19:05.0 (47001382)|VARIABLE_ASSIGNMENT|[52]|this|{"debug":true,"input":"{\"mode\":\"fetchFollow (9 more) ...","operation":"BFFFollow_Controller"}|0xa2639d8
15:19:05.0 (47009610)|VARIABLE_SCOPE_BEGIN|[52]|key|String|false|false
15:19:05.0 (47017052)|VARIABLE_ASSIGNMENT|[52]|key|"mode"
15:19:05.0 (47023925)|STATEMENT_EXECUTE|[52]
15:19:05.0 (47026540)|STATEMENT_EXECUTE|[53]
15:19:05.0 (47095398)|VARIABLE_ASSIGNMENT|[EXTERNAL]|this|{"debug":true,"input":"{\"mode\":\"fetchFollow (9 more) ...","operation":"BFFFollow_Controller"}|0xa2639d8
15:19:05.0 (47125317)|METHOD_ENTRY|[53]||System.JSON.deserializeUntyped(String)
15:19:05.0 (47436691)|METHOD_EXIT|[53]||System.JSON.deserializeUntyped(String)
15:19:05.0 (47448248)|VARIABLE_SCOPE_BEGIN|[53]|inputMap|Map<String,ANY>|true|false
15:19:05.0 (47480449)|VARIABLE_ASSIGNMENT|[53]|inputMap|{"s":1,"v":{"mode":"fetchFollowedUsers"}}|0x17c98246
15:19:05.0 (47485559)|STATEMENT_EXECUTE|[54]
15:19:05.0 (47542579)|METHOD_EXIT|[7]|01p50000002CIEo|ETLC_ApexBridge_Data.getInputValue(String)
15:19:05.0 (47555755)|VARIABLE_SCOPE_BEGIN|[7]|mode|String|false|false
15:19:05.0 (47566502)|VARIABLE_ASSIGNMENT|[7]|mode|"fetchFollowedUsers"
15:19:05.0 (47575982)|HEAP_ALLOCATE|[9]|Bytes:18
15:19:05.0 (47611803)|STATEMENT_EXECUTE|[9]
15:19:05.0 (47614673)|STATEMENT_EXECUTE|[10]
15:19:05.0 (47689516)|HEAP_ALLOCATE|[10]|Bytes:85
15:19:05.0 (47704458)|SYSTEM_METHOD_ENTRY|[1]|UserInfo.UserInfo()
15:19:05.0 (47708054)|STATEMENT_EXECUTE|[1]
15:19:05.0 (47716759)|SYSTEM_METHOD_EXIT|[1]|UserInfo
15:19:05.0 (47731814)|METHOD_ENTRY|[10]||System.UserInfo.getUserId()
15:19:05.0 (47774627)|METHOD_EXIT|[10]||System.UserInfo.getUserId()
15:19:05.0 (47796497)|HEAP_ALLOCATE|[10]|Bytes:4
15:19:05.0 (47815543)|METHOD_ENTRY|[10]|01p50000002D8iw|BFFFollow_Controller.fetchFollowedUsers(Id)
15:19:05.0 (47824296)|VARIABLE_SCOPE_BEGIN|[20]|this|BFFFollow_Controller|true|false
15:19:05.0 (47843529)|VARIABLE_ASSIGNMENT|[20]|this|{}|0x6ef54f2b
15:19:05.0 (47849183)|VARIABLE_SCOPE_BEGIN|[20]|followedById|Id|false|false
15:19:05.0 (47964192)|VARIABLE_ASSIGNMENT|[20]|followedById|"00550000005cg71AAA"
15:19:05.0 (47977121)|HEAP_ALLOCATE|[21]|Bytes:5
15:19:05.0 (47982135)|STATEMENT_EXECUTE|[20]
15:19:05.0 (47984246)|STATEMENT_EXECUTE|[21]
15:19:05.0 (47994198)|HEAP_ALLOCATE|[21]|Bytes:63
15:19:05.0 (48045199)|HEAP_ALLOCATE|[21]|Bytes:18
15:19:05.0 (48062991)|HEAP_ALLOCATE|[21]|Bytes:9
15:19:05.0 (48078932)|HEAP_ALLOCATE|[21]|Bytes:90
15:19:05.0 (48084857)|VARIABLE_SCOPE_BEGIN|[21]|soql|String|false|false
15:19:05.0 (48097311)|VARIABLE_ASSIGNMENT|[21]|soql|"SELECT FollowedUsers (70 more) ..."
15:19:05.0 (48101369)|STATEMENT_EXECUTE|[22]
15:19:05.0 (48103031)|STATEMENT_EXECUTE|[22]
15:19:05.0 (48110557)|STATEMENT_EXECUTE|[23]
15:19:05.0 (48112229)|STATEMENT_EXECUTE|[23]
15:19:05.0 (48122350)|HEAP_ALLOCATE|[23]|Bytes:24
15:19:05.0 (48132702)|HEAP_ALLOCATE|[23]|Bytes:114
15:19:05.0 (48167679)|USER_DEBUG|[23]|DEBUG|fetchFollowedUsers:soql:SELECT FollowedUsers__c FROM BFFFollow__c WHERE FollowedBy__c='00550000005cg71AAA' limit 1
15:19:05.0 (48178602)|STATEMENT_EXECUTE|[24]
15:19:05.0 (51757119)|HEAP_ALLOCATE|[24]|Bytes:9
15:19:05.0 (51772410)|HEAP_ALLOCATE|[24]|Bytes:29
15:19:05.0 (51776959)|HEAP_ALLOCATE|[24]|Bytes:21
15:19:05.0 (51807938)|METHOD_ENTRY|[7]|01p50000002CIEt|ETLC_SecuredDB.ETLC_SecuredDB()
15:19:05.0 (51813504)|STATEMENT_EXECUTE|[7]
15:19:05.0 (51819700)|STATEMENT_EXECUTE|[7]
15:19:05.0 (51827584)|HEAP_ALLOCATE|[24]|Bytes:5
15:19:05.0 (51843220)|METHOD_EXIT|[7]|ETLC_SecuredDB
15:19:05.0 (51893900)|METHOD_ENTRY|[24]|01p50000002CIEt|ETLC_SecuredDB.query(String)
15:19:05.0 (51926732)|VARIABLE_SCOPE_BEGIN|[10]|SOQL|String|false|false
15:19:05.0 (51944390)|VARIABLE_ASSIGNMENT|[10]|SOQL|"SELECT FollowedUsers (70 more) ..."
15:19:05.0 (51956090)|HEAP_ALLOCATE|[12]|Bytes:5
15:19:05.0 (51961643)|STATEMENT_EXECUTE|[10]
15:19:05.0 (51963788)|STATEMENT_EXECUTE|[12]
15:19:05.0 (53447398)|SOQL_EXECUTE_BEGIN|[12]|Aggregations:0|SELECT FollowedUsers__c FROM BFFFollow__c WHERE FollowedBy__c='00550000005cg71AAA' limit 1
15:19:05.0 (58487938)|SOQL_EXECUTE_END|[12]|Rows:0
15:19:05.0 (58544141)|HEAP_ALLOCATE|[12]|Bytes:4
15:19:05.0 (58562175)|HEAP_ALLOCATE|[12]|Bytes:0
15:19:05.0 (58690394)|HEAP_ALLOCATE|[12]|Bytes:4
15:19:05.0 (58724295)|VARIABLE_SCOPE_BEGIN|[12]|dbRecords|List<SObject>|true|false
15:19:05.0 (58772425)|VARIABLE_ASSIGNMENT|[12]|dbRecords|{"s":1,"v":[]}|0x7563ac3a
15:19:05.0 (58780353)|STATEMENT_EXECUTE|[20]
15:19:05.0 (59260274)|HEAP_ALLOCATE|[20]|Bytes:12
15:19:05.0 (59270408)|HEAP_ALLOCATE|[20]|Bytes:8
15:19:05.0 (59348988)|HEAP_ALLOCATE|[20]|Bytes:12
15:19:05.0 (59354226)|HEAP_ALLOCATE|[20]|Bytes:9
15:19:05.0 (59367753)|HEAP_ALLOCATE|[20]|Bytes:12
15:19:05.0 (59371387)|HEAP_ALLOCATE|[20]|Bytes:8
15:19:05.0 (59382524)|HEAP_ALLOCATE|[20]|Bytes:12
15:19:05.0 (59385976)|HEAP_ALLOCATE|[20]|Bytes:8
15:19:05.0 (59400780)|HEAP_ALLOCATE|[20]|Bytes:12
15:19:05.0 (59404436)|HEAP_ALLOCATE|[20]|Bytes:9
15:19:05.0 (59447643)|METHOD_ENTRY|[20]|01p50000002CIEt|ETLC_SecuredDB.findFields(List<SObject>)
15:19:05.0 (59506773)|VARIABLE_SCOPE_BEGIN|[108]|dbRecords|List<SObject>|true|false
15:19:05.0 (59521137)|VARIABLE_ASSIGNMENT|[108]|dbRecords|{"s":1,"v":[]}|0x7563ac3a
15:19:05.0 (59533465)|HEAP_ALLOCATE|[109]|Bytes:5
15:19:05.0 (59537863)|STATEMENT_EXECUTE|[108]
15:19:05.0 (59539807)|STATEMENT_EXECUTE|[109]
15:19:05.0 (59550988)|VARIABLE_SCOPE_BEGIN|[109]|strJSON|String|false|false
15:19:05.0 (59557788)|VARIABLE_ASSIGNMENT|[109]|strJSON|null
15:19:05.0 (59559915)|STATEMENT_EXECUTE|[110]
15:19:05.0 (59565090)|VARIABLE_SCOPE_BEGIN|[110]|mapFields|Map<String,Set<String>>|true|false
15:19:05.0 (59570041)|VARIABLE_ASSIGNMENT|[110]|mapFields|null|
15:19:05.0 (59572055)|STATEMENT_EXECUTE|[112]
15:19:05.0 (59589987)|METHOD_ENTRY|[112]||System.JSON.serialize(Object)
15:19:05.0 (59879756)|METHOD_EXIT|[112]||System.JSON.serialize(Object)
15:19:05.0 (59892032)|VARIABLE_ASSIGNMENT|[112]|strJSON|"[]"
15:19:05.0 (59895095)|STATEMENT_EXECUTE|[113]
15:19:05.0 (59904037)|HEAP_ALLOCATE|[113]|Bytes:5
15:19:05.0 (59919453)|HEAP_ALLOCATE|[113]|Bytes:7
15:19:05.0 (59963355)|USER_DEBUG|[113]|DEBUG|JSON:[]
15:19:05.0 (59975569)|STATEMENT_EXECUTE|[114]
15:19:05.0 (59988825)|HEAP_ALLOCATE|[114]|Bytes:4
15:19:05.0 (60022173)|VARIABLE_ASSIGNMENT|[114]|mapFields|{"s":1,"v":{}}|0x24adb2cb
15:19:05.0 (60027272)|STATEMENT_EXECUTE|[115]
15:19:05.0 (60040907)|METHOD_ENTRY|[115]||System.JSON.deserializeUntyped(String)
15:19:05.0 (60137650)|METHOD_EXIT|[115]||System.JSON.deserializeUntyped(String)
15:19:05.0 (60150729)|VARIABLE_SCOPE_BEGIN|[115]|records|List<ANY>|true|false
15:19:05.0 (60180929)|HEAP_ALLOCATE|[EXTERNAL]|Bytes:4
15:19:05.0 (60198684)|VARIABLE_ASSIGNMENT|[115]|records|{"s":1,"v":[]}|0x675ebe90
15:19:05.0 (60263200)|HEAP_ALLOCATE|[116]|Bytes:5
15:19:05.0 (60283404)|VARIABLE_ASSIGNMENT|[116]|record|null
15:19:05.0 (60287542)|STATEMENT_EXECUTE|[116]
15:19:05.0 (60302877)|HEAP_ALLOCATE|[119]|Bytes:4
15:19:05.0 (60367675)|HEAP_ALLOCATE|[119]|Bytes:4
15:19:05.0 (60385245)|HEAP_ALLOCATE|[119]|Bytes:0
15:19:05.0 (60411275)|HEAP_ALLOCATE|[119]|Bytes:5
15:19:05.0 (60423420)|VARIABLE_ASSIGNMENT|[119]|objectName|null
15:19:05.0 (60427290)|STATEMENT_EXECUTE|[119]
15:19:05.0 (60434279)|STATEMENT_EXECUTE|[122]
15:19:05.0 (60451068)|METHOD_EXIT|[20]|01p50000002CIEt|ETLC_SecuredDB.findFields(List<SObject>)
15:19:05.0 (60498828)|METHOD_ENTRY|[20]|01p50000002CIEt|ETLC_SecuredDB.validate(ETLC_SecuredDB.Operation, Map<String,Set<String>>)
15:19:05.0 (60522445)|VARIABLE_SCOPE_BEGIN|[55]|op|ETLC_SecuredDB.Operation|true|false
15:19:05.0 (60551563)|VARIABLE_ASSIGNMENT|[55]|op|"Querying"|0x77de82e6
15:19:05.0 (60558478)|VARIABLE_SCOPE_BEGIN|[55]|mapFieldNames|Map<String,Set<String>>|true|false
15:19:05.0 (60575112)|VARIABLE_ASSIGNMENT|[55]|mapFieldNames|{"s":1,"v":{}}|0x24adb2cb
15:19:05.0 (60599592)|HEAP_ALLOCATE|[56]|Bytes:5
15:19:05.0 (60606341)|STATEMENT_EXECUTE|[55]
15:19:05.0 (60609107)|STATEMENT_EXECUTE|[56]
15:19:05.0 (60620354)|VARIABLE_SCOPE_BEGIN|[56]|securityMessage|String|false|false
15:19:05.0 (60630566)|VARIABLE_ASSIGNMENT|[56]|securityMessage|null
15:19:05.0 (60634294)|STATEMENT_EXECUTE|[57]
15:19:05.0 (85015385)|HEAP_ALLOCATE|[57]|Bytes:1256
15:19:05.0 (85052740)|VARIABLE_SCOPE_BEGIN|[57]|mapObjects|Map<String,Schema.SObjectType>|true|false
15:19:05.0 (85348480)|VARIABLE_ASSIGNMENT|[57]|mapObjects|"{acceptedeventrelation=AcceptedEventRelation, account=Account, accountcontactrole=AccountContactRole, accounthistory=AccountHistory, accountpartner=AccountPartner, accountshare=AccountShare, actionlinkgrouptemplate=ActionLinkGroupTemplate, actionlinktemplate=ActionLinkTemplate, activityhistory=ActivityHistory, additionalnumber=AdditionalNumber, ...}"|0x3eac4d3c
15:19:05.0 (85364959)|HEAP_ALLOCATE|[58]|Bytes:4
15:19:05.0 (85443834)|HEAP_ALLOCATE|[58]|Bytes:4
15:19:05.0 (85460072)|HEAP_ALLOCATE|[58]|Bytes:0
15:19:05.0 (85482992)|HEAP_ALLOCATE|[58]|Bytes:5
15:19:05.0 (85498468)|VARIABLE_ASSIGNMENT|[58]|sObjectName|null
15:19:05.0 (85503858)|STATEMENT_EXECUTE|[58]
15:19:05.0 (85529703)|METHOD_EXIT|[20]|01p50000002CIEt|ETLC_SecuredDB.validate(ETLC_SecuredDB.Operation, Map<String,Set<String>>)
15:19:05.0 (85534604)|STATEMENT_EXECUTE|[21]
15:19:05.0 (85545676)|METHOD_EXIT|[24]|01p50000002CIEt|ETLC_SecuredDB.query(String)
15:19:05.0 (85550839)|VARIABLE_SCOPE_BEGIN|[24]|dbRecords|List<SObject>|true|false
15:19:05.0 (85574381)|VARIABLE_ASSIGNMENT|[24]|dbRecords|{"s":1,"v":[]}|0x7563ac3a
15:19:05.0 (85585394)|STATEMENT_EXECUTE|[25]
15:19:05.0 (85587579)|STATEMENT_EXECUTE|[25]
15:19:05.0 (85641395)|USER_DEBUG|[25]|DEBUG|()
15:19:05.0 (85740624)|STATEMENT_EXECUTE|[26]
15:19:05.0 (85747894)|STATEMENT_EXECUTE|[35]
15:19:05.0 (85757798)|METHOD_EXIT|[10]|01p50000002D8iw|BFFFollow_Controller.fetchFollowedUsers(Id)
15:19:05.0 (85864530)|VARIABLE_ASSIGNMENT|[EXTERNAL]|this|{"debug":true,"input":"{\"mode\":\"fetchFollow (9 more) ...","operation":"BFFFollow_Controller"}|0xa2639d8
15:19:05.0 (85878764)|VARIABLE_ASSIGNMENT|[EXTERNAL]|value|null
15:19:05.0 (85900290)|VARIABLE_ASSIGNMENT|[12]|this.output|null|0xa2639d8
15:19:05.0 (85912584)|STATEMENT_EXECUTE|[11]
15:19:05.0 (85998228)|VARIABLE_ASSIGNMENT|[EXTERNAL]|this|{"debug":true,"input":"{\"mode\":\"fetchFollow (9 more) ...","operation":"BFFFollow_Controller"}|0xa2639d8
15:19:05.0 (86082831)|VARIABLE_ASSIGNMENT|[EXTERNAL]|this|{"debug":true,"input":"{\"mode\":\"fetchFollow (9 more) ...","operation":"BFFFollow_Controller"}|0xa2639d8
15:19:05.0 (86099963)|VARIABLE_ASSIGNMENT|[EXTERNAL]|value|false
15:19:05.0 (86109620)|HEAP_ALLOCATE|[15]|Bytes:5
15:19:05.0 (86122764)|VARIABLE_ASSIGNMENT|[15]|this.outputFlag|false|0xa2639d8
15:19:05.0 (86137740)|STATEMENT_EXECUTE|[12]
15:19:05.0 (86140114)|STATEMENT_EXECUTE|[12]
15:19:05.0 (86208826)|USER_DEBUG|[12]|DEBUG|ETLC_ApexBridge_Data:[debug=true, input={"mode":"fetchFollowedUsers"}, isSuccess=null, messages=null, operation=BFFFollow_Controller, output=null, outputFlag=false, records=null]
15:19:05.0 (86232169)|METHOD_EXIT|[9]|01p50000002D8iw|BFFFollow_Controller.process(ETLC_ApexBridge_Data)
15:19:05.0 (86238213)|STATEMENT_EXECUTE|[24]
15:19:05.0 (86264845)|METHOD_ENTRY|[24]|01p50000002CIEo|ETLC_ApexBridge_Data.toJSON()
15:19:05.0 (86291977)|VARIABLE_SCOPE_BEGIN|[57]|this|ETLC_ApexBridge_Data|true|false
15:19:05.0 (86334287)|VARIABLE_ASSIGNMENT|[57]|this|{"debug":true,"input":"{\"mode\":\"fetchFollow (9 more) ...","operation":"BFFFollow_Controller","outputFlag":false}|0xa2639d8
15:19:05.0 (86343798)|STATEMENT_EXECUTE|[57]
15:19:05.0 (86346402)|STATEMENT_EXECUTE|[58]
15:19:05.0 (86365623)|METHOD_ENTRY|[58]||System.JSON.serialize(Object)
15:19:05.0 (86493547)|STATEMENT_EXECUTE|[22]
15:19:05.0 (86500898)|STATEMENT_EXECUTE|[23]
15:19:05.0 (86515241)|HEAP_ALLOCATE|[23]|Bytes:5
15:19:05.0 (86530626)|VARIABLE_ASSIGNMENT|[23]|this.isSuccess|true|0xa2639d8
15:19:05.0 (86534956)|STATEMENT_EXECUTE|[24]
15:19:05.0 (86604301)|STATEMENT_EXECUTE|[31]
15:19:05.0 (86612238)|STATEMENT_EXECUTE|[32]
15:19:05.0 (86625038)|HEAP_ALLOCATE|[32]|Bytes:4
15:19:05.0 (86715804)|VARIABLE_ASSIGNMENT|[32]|this.messages|{"s":1,"v":{}}|0xa2639d8
15:19:05.0 (86722284)|STATEMENT_EXECUTE|[33]
15:19:05.0 (87143499)|METHOD_EXIT|[58]||System.JSON.serialize(Object)
15:19:05.0 (87156632)|METHOD_EXIT|[24]|01p50000002CIEo|ETLC_ApexBridge_Data.toJSON()
15:19:05.0 (87174027)|SYSTEM_MODE_EXIT|false
15:19:05.87 (87225877)|CUMULATIVE_LIMIT_USAGE
15:19:05.87 (87225877)|LIMIT_USAGE_FOR_NS|(default)|
  Number of SOQL queries: 1 out of 100
  Number of query rows: 0 out of 50000
  Number of SOSL queries: 0 out of 20
  Number of DML statements: 0 out of 150
  Number of DML rows: 0 out of 10000
  Maximum CPU time: 0 out of 10000
  Maximum heap size: 0 out of 6000000
  Number of callouts: 0 out of 100
  Number of Email Invocations: 0 out of 10
  Number of future calls: 0 out of 50
  Number of queueable jobs added to the queue: 0 out of 50
  Number of Mobile Apex push calls: 0 out of 10

15:19:05.87 (87225877)|CUMULATIVE_LIMIT_USAGE_END

15:19:05.0 (87285357)|CODE_UNIT_FINISHED|ETLC_ApexBridge_Controller.execute
