37.0 APEX_CODE,FINEST;APEX_PROFILING,INFO;CALLOUT,INFO;DB,INFO;SYSTEM,DEBUG;VALIDATION,INFO;VISUALFORCE,INFO;WORKFLOW,INFO
21:56:09.0 (314662)|USER_INFO|[EXTERNAL]|00550000005cg71|bfffollow@jr.te|Eastern Standard Time|GMT-04:00
21:56:09.0 (357144)|EXECUTION_STARTED
21:56:09.0 (362176)|CODE_UNIT_STARTED|[EXTERNAL]|VisualForce View State
21:56:09.0 (11165062)|CODE_UNIT_FINISHED|VisualForce View State
21:56:09.0 (12001030)|EXECUTION_FINISHED
21:56:09.14 (14133211)|USER_INFO|[EXTERNAL]|00550000005cg71|bfffollow@jr.te|Eastern Standard Time|GMT-04:00
21:56:09.14 (14144405)|EXECUTION_STARTED
21:56:09.14 (14147487)|CODE_UNIT_STARTED|[EXTERNAL]|VF: /apex/editStaticResource.apexp
21:56:09.14 (14174112)|USER_INFO|[EXTERNAL]|00550000005cg71|bfffollow@jr.te|Eastern Standard Time|GMT-04:00
21:56:09.16 (16458106)|USER_INFO|[EXTERNAL]|00550000005cg71|bfffollow@jr.te|Eastern Standard Time|GMT-04:00
21:56:09.14 (17685506)|HEAP_ALLOCATE|[EXTERNAL]|Bytes:-4
21:56:09.17 (17818743)|USER_INFO|[EXTERNAL]|00550000005cg71|bfffollow@jr.te|Eastern Standard Time|GMT-04:00
21:56:09.17 (17977204)|USER_INFO|[EXTERNAL]|00550000005cg71|bfffollow@jr.te|Eastern Standard Time|GMT-04:00
21:56:09.18 (18088411)|USER_INFO|[EXTERNAL]|00550000005cg71|bfffollow@jr.te|Eastern Standard Time|GMT-04:00
21:56:09.18 (18630174)|USER_INFO|[EXTERNAL]|00550000005cg71|bfffollow@jr.te|Eastern Standard Time|GMT-04:00
21:56:09.18 (18799633)|USER_INFO|[EXTERNAL]|00550000005cg71|bfffollow@jr.te|Eastern Standard Time|GMT-04:00
21:56:09.19 (19163684)|USER_INFO|[EXTERNAL]|00550000005cg71|bfffollow@jr.te|Eastern Standard Time|GMT-04:00
21:56:09.19 (19431961)|USER_INFO|[EXTERNAL]|00550000005cg71|bfffollow@jr.te|Eastern Standard Time|GMT-04:00
21:56:09.19 (19567168)|USER_INFO|[EXTERNAL]|00550000005cg71|bfffollow@jr.te|Eastern Standard Time|GMT-04:00
21:56:09.19 (19599385)|HEAP_ALLOCATE|[EXTERNAL]|Bytes:-4
21:56:09.19 (19783306)|USER_INFO|[EXTERNAL]|00550000005cg71|bfffollow@jr.te|Eastern Standard Time|GMT-04:00
21:56:09.19 (19966094)|USER_INFO|[EXTERNAL]|00550000005cg71|bfffollow@jr.te|Eastern Standard Time|GMT-04:00
21:56:09.19 (19983016)|SYSTEM_MODE_ENTER|false
21:56:09.19 (83408117)|HEAP_ALLOCATE|[EXTERNAL]|Bytes:-4
21:56:09.85 (85491262)|CUMULATIVE_LIMIT_USAGE
21:56:09.85 (85491262)|LIMIT_USAGE_FOR_NS|(default)|
  Number of SOQL queries: 0 out of 100
  Number of query rows: 0 out of 50000
  Number of SOSL queries: 0 out of 20
  Number of DML statements: 0 out of 150
  Number of DML rows: 0 out of 10000
  Maximum CPU time: 0 out of 10000
  Maximum heap size: 0 out of 6000000
  Number of callouts: 0 out of 100
  Number of Email Invocations: 0 out of 10
  Number of future calls: 0 out of 50
  Number of queueable jobs added to the queue: 0 out of 50
  Number of Mobile Apex push calls: 0 out of 10

21:56:09.85 (85491262)|CUMULATIVE_LIMIT_USAGE_END

21:56:09.14 (85538836)|CODE_UNIT_FINISHED|VF: /apex/editStaticResource.apexp
21:56:09.14 (86603848)|EXECUTION_FINISHED
