37.0 APEX_CODE,FINEST;APEX_PROFILING,INFO;CALLOUT,INFO;DB,INFO;SYSTEM,DEBUG;VALIDATION,INFO;VISUALFORCE,INFO;WORKFLOW,INFO
20:26:28.0 (621730)|USER_INFO|[EXTERNAL]|00550000005cg71|bfffollow@jr.te|Eastern Standard Time|GMT-04:00
20:26:28.0 (679627)|EXECUTION_STARTED
20:26:28.0 (686622)|CODE_UNIT_STARTED|[EXTERNAL]|aura
20:26:28.0 (1091390)|HEAP_ALLOCATE|[72]|Bytes:3
20:26:28.0 (1175726)|HEAP_ALLOCATE|[77]|Bytes:152
20:26:28.0 (1201387)|HEAP_ALLOCATE|[342]|Bytes:408
20:26:28.0 (1231834)|HEAP_ALLOCATE|[355]|Bytes:408
20:26:28.0 (1262030)|HEAP_ALLOCATE|[467]|Bytes:48
20:26:28.0 (1305422)|HEAP_ALLOCATE|[139]|Bytes:6
20:26:28.0 (1345941)|HEAP_ALLOCATE|[EXTERNAL]|Bytes:93
20:26:28.0 (1405167)|HEAP_ALLOCATE|[EXTERNAL]|Bytes:93
20:26:28.0 (2384262)|CODE_UNIT_STARTED|[EXTERNAL]|01p50000002CIEm|ETLC_ApexBridge_Controller.execute
20:26:28.0 (3111864)|HEAP_ALLOCATE|[EXTERNAL]|Bytes:1
20:26:28.0 (3123668)|HEAP_ALLOCATE|[EXTERNAL]|Bytes:10
20:26:28.0 (3172425)|METHOD_ENTRY|[1]|01p50000002CIEm|ETLC_ApexBridge_Controller.ETLC_ApexBridge_Controller()
20:26:28.0 (3180281)|STATEMENT_EXECUTE|[1]
20:26:28.0 (3187840)|STATEMENT_EXECUTE|[1]
20:26:28.0 (3217864)|METHOD_EXIT|[1]|ETLC_ApexBridge_Controller
20:26:28.0 (3227697)|HEAP_ALLOCATE|[EXTERNAL]|Bytes:93
20:26:28.0 (3247555)|SYSTEM_MODE_ENTER|false
20:26:28.0 (3266278)|VARIABLE_SCOPE_BEGIN|[3]|dataJson|String|false|false
20:26:28.0 (3329625)|VARIABLE_ASSIGNMENT|[3]|dataJson|"{\"operation\":\"BFFFol (73 more) ..."
20:26:28.0 (3347094)|STATEMENT_EXECUTE|[3]
20:26:28.0 (3349856)|STATEMENT_EXECUTE|[4]
20:26:28.0 (5721144)|VARIABLE_SCOPE_BEGIN|[4]|data|ETLC_ApexBridge_Data|true|false
20:26:28.0 (5737872)|VARIABLE_ASSIGNMENT|[4]|data|null|
20:26:28.0 (5741296)|STATEMENT_EXECUTE|[5]
20:26:28.0 (5742994)|STATEMENT_EXECUTE|[5]
20:26:28.0 (5744152)|STATEMENT_EXECUTE|[6]
20:26:28.0 (5760829)|HEAP_ALLOCATE|[6]|Bytes:11
20:26:28.0 (5768771)|HEAP_ALLOCATE|[6]|Bytes:248
20:26:28.0 (5771942)|HEAP_ALLOCATE|[6]|Bytes:39
20:26:28.0 (5809076)|METHOD_ENTRY|[2]|01p50000002CIEo|ETLC_ApexBridge_Data.ETLC_ApexBridge_Data()
20:26:28.0 (5812304)|STATEMENT_EXECUTE|[2]
20:26:28.0 (5819814)|STATEMENT_EXECUTE|[2]
20:26:28.0 (5825639)|METHOD_EXIT|[2]|ETLC_ApexBridge_Data
20:26:28.0 (5864117)|METHOD_ENTRY|[6]|01p50000002CIEo|ETLC_ApexBridge_Data.fromJSON(String)
20:26:28.0 (5892100)|VARIABLE_SCOPE_BEGIN|[60]|strJson|String|false|false
20:26:28.0 (5905128)|VARIABLE_ASSIGNMENT|[60]|strJson|"{\"operation\":\"BFFFol (73 more) ..."
20:26:28.0 (5909701)|STATEMENT_EXECUTE|[60]
20:26:28.0 (5910999)|STATEMENT_EXECUTE|[61]
20:26:28.0 (5919621)|HEAP_ALLOCATE|[61]|Bytes:20
20:26:28.0 (5943270)|HEAP_ALLOCATE|[50]|Bytes:5
20:26:28.0 (5969793)|HEAP_ALLOCATE|[56]|Bytes:5
20:26:28.0 (5977935)|HEAP_ALLOCATE|[64]|Bytes:7
20:26:28.0 (6082576)|HEAP_ALLOCATE|[61]|Bytes:24
20:26:28.0 (6094824)|SYSTEM_METHOD_ENTRY|[1]|Type.Type()
20:26:28.0 (6097329)|STATEMENT_EXECUTE|[1]
20:26:28.0 (6104667)|SYSTEM_METHOD_EXIT|[1]|Type
20:26:28.0 (6110881)|HEAP_ALLOCATE|[61]|Bytes:8
20:26:28.0 (6126847)|HEAP_ALLOCATE|[61]|Bytes:8
20:26:28.0 (6131359)|VARIABLE_SCOPE_BEGIN|[4]|this|System.Type|true|false
20:26:28.0 (6169027)|VARIABLE_ASSIGNMENT|[4]|this|{}|0x45308083
20:26:28.0 (6172670)|VARIABLE_SCOPE_BEGIN|[4]|apextype|java:common.apex.runtime.ApexObjectType|true|false
20:26:28.0 (6367541)|VARIABLE_ASSIGNMENT|[4]|apextype|"ETLC_ApexBridge_Data"|0x145a35c6
20:26:28.0 (6448242)|HEAP_ALLOCATE|[61]|Bytes:8
20:26:28.0 (6486193)|HEAP_ALLOCATE|[61]|Bytes:24
20:26:28.0 (6496926)|SYSTEM_METHOD_ENTRY|[1]|JSON.JSON()
20:26:28.0 (6499100)|STATEMENT_EXECUTE|[1]
20:26:28.0 (6504783)|SYSTEM_METHOD_EXIT|[1]|JSON
20:26:28.0 (6517277)|METHOD_ENTRY|[61]||System.JSON.deserializeStrict(String, System.Type)
20:26:28.0 (7096160)|METHOD_EXIT|[61]||System.JSON.deserializeStrict(String, System.Type)
20:26:28.0 (7107922)|METHOD_EXIT|[6]|01p50000002CIEo|ETLC_ApexBridge_Data.fromJSON(String)
20:26:28.0 (7166082)|VARIABLE_ASSIGNMENT|[6]|data|{"debug":true,"input":"{\"mode\":\"fetchFollow (9 more) ...","operation":"BFFFollow_Controller"}|0x6ca7dece
20:26:28.0 (7171135)|STATEMENT_EXECUTE|[7]
20:26:28.0 (7180607)|HEAP_ALLOCATE|[7]|Bytes:6
20:26:28.0 (7257018)|HEAP_ALLOCATE|[7]|Bytes:177
20:26:28.0 (7278313)|HEAP_ALLOCATE|[7]|Bytes:183
20:26:28.0 (7298125)|USER_DEBUG|[7]|DEBUG|data::ETLC_ApexBridge_Data:[debug=true, input={"mode":"fetchFollowedUsers"}, isSuccess=null, messages=null, operation=BFFFollow_Controller, output=null, outputFlag=null, records=null]
20:26:28.0 (7305301)|STATEMENT_EXECUTE|[8]
20:26:28.0 (7358815)|VARIABLE_ASSIGNMENT|[EXTERNAL]|this|{"debug":true,"input":"{\"mode\":\"fetchFollow (9 more) ...","operation":"BFFFollow_Controller"}|0x6ca7dece
20:26:28.0 (7378414)|METHOD_ENTRY|[8]||System.Type.forName(String)
20:26:28.0 (9080653)|METHOD_EXIT|[8]||System.Type.forName(String)
20:26:28.0 (9093191)|METHOD_ENTRY|[8]||System.Type.newInstance()
20:26:28.0 (10373108)|STATEMENT_EXECUTE|[1]
20:26:28.0 (10386062)|HEAP_ALLOCATE|[33]|Bytes:5
20:26:28.0 (10397445)|METHOD_EXIT|[1]|BFFFollow_Controller
20:26:28.0 (10414161)|HEAP_ALLOCATE|[33]|Bytes:4
20:26:28.0 (10423405)|VARIABLE_SCOPE_BEGIN|[1]|this|BFFFollow_Controller|true|false
20:26:28.0 (10442793)|VARIABLE_ASSIGNMENT|[1]|this|{}|0x68aaa1db
20:26:28.0 (10451553)|HEAP_ALLOCATE|[33]|Bytes:5
20:26:28.0 (10459508)|HEAP_ALLOCATE|[33]|Bytes:11
20:26:28.0 (10476138)|METHOD_ENTRY|[1]|01p50000002CIEj|ETLC_ApexBridge_Abstract.ETLC_ApexBridge_Abstract()
20:26:28.0 (10479177)|STATEMENT_EXECUTE|[1]
20:26:28.0 (10482517)|STATEMENT_EXECUTE|[1]
20:26:28.0 (10487054)|METHOD_EXIT|[1]|ETLC_ApexBridge_Abstract
20:26:28.0 (10493984)|CONSTRUCTOR_ENTRY|[EXTERNAL]|01p50000002CIEj|<init>()
20:26:28.0 (10512122)|VARIABLE_SCOPE_BEGIN|[1]|this|ETLC_ApexBridge_Abstract|true|false
20:26:28.0 (10527043)|VARIABLE_ASSIGNMENT|[1]|this|{}|0x68aaa1db
20:26:28.0 (10540663)|STATEMENT_EXECUTE|[1]
20:26:28.0 (10544414)|CONSTRUCTOR_EXIT|[EXTERNAL]|01p50000002CIEj|<init>()
20:26:28.0 (10549738)|STATEMENT_EXECUTE|[1]
20:26:28.0 (10554667)|HEAP_ALLOCATE|[33]|Bytes:5
20:26:28.0 (10570197)|METHOD_EXIT|[8]||System.Type.newInstance()
20:26:28.0 (10577666)|VARIABLE_SCOPE_BEGIN|[8]|executor|ETLC_ApexBridge_Abstract|true|false
20:26:28.0 (10595913)|VARIABLE_ASSIGNMENT|[8]|executor|{}|0x68aaa1db
20:26:28.0 (10598625)|STATEMENT_EXECUTE|[9]
20:26:28.0 (10637902)|METHOD_ENTRY|[9]|01p50000002D8iw|BFFFollow_Controller.process(ETLC_ApexBridge_Data)
20:26:28.0 (10661559)|VARIABLE_SCOPE_BEGIN|[3]|this|BFFFollow_Controller|true|false
20:26:28.0 (10676135)|VARIABLE_ASSIGNMENT|[3]|this|{}|0x68aaa1db
20:26:28.0 (10679277)|VARIABLE_SCOPE_BEGIN|[3]|data|ETLC_ApexBridge_Data|true|false
20:26:28.0 (10704508)|VARIABLE_ASSIGNMENT|[3]|data|{"debug":true,"input":"{\"mode\":\"fetchFollow (9 more) ...","operation":"BFFFollow_Controller"}|0x6ca7dece
20:26:28.0 (10714452)|HEAP_ALLOCATE|[4]|Bytes:5
20:26:28.0 (10718365)|STATEMENT_EXECUTE|[3]
20:26:28.0 (10719503)|STATEMENT_EXECUTE|[4]
20:26:28.0 (10792582)|VARIABLE_ASSIGNMENT|[EXTERNAL]|this|{"debug":true,"input":"{\"mode\":\"fetchFollow (9 more) ...","operation":"BFFFollow_Controller"}|0x6ca7dece
20:26:28.0 (10814510)|VARIABLE_ASSIGNMENT|[4]|BFFFollow_Controller.debugFlag|true
20:26:28.0 (10851342)|VARIABLE_ASSIGNMENT|[EXTERNAL]|this|{"debug":true,"input":"{\"mode\":\"fetchFollow (9 more) ...","operation":"BFFFollow_Controller"}|0x6ca7dece
20:26:28.0 (10864205)|STATEMENT_EXECUTE|[5]
20:26:28.0 (10900673)|USER_DEBUG|[5]|DEBUG|ETLC_ApexBridge_Data:[debug=true, input={"mode":"fetchFollowedUsers"}, isSuccess=null, messages=null, operation=BFFFollow_Controller, output=null, outputFlag=null, records=null]
20:26:28.0 (10908346)|STATEMENT_EXECUTE|[7]
20:26:28.0 (10915390)|HEAP_ALLOCATE|[7]|Bytes:4
20:26:28.0 (10937620)|METHOD_ENTRY|[7]|01p50000002CIEo|ETLC_ApexBridge_Data.getInputValue(String)
20:26:28.0 (10958992)|VARIABLE_SCOPE_BEGIN|[52]|this|ETLC_ApexBridge_Data|true|false
20:26:28.0 (10985371)|VARIABLE_ASSIGNMENT|[52]|this|{"debug":true,"input":"{\"mode\":\"fetchFollow (9 more) ...","operation":"BFFFollow_Controller"}|0x6ca7dece
20:26:28.0 (10990214)|VARIABLE_SCOPE_BEGIN|[52]|key|String|false|false
20:26:28.0 (10994427)|VARIABLE_ASSIGNMENT|[52]|key|"mode"
20:26:28.0 (10998488)|STATEMENT_EXECUTE|[52]
20:26:28.0 (10999766)|STATEMENT_EXECUTE|[53]
20:26:28.0 (11048832)|VARIABLE_ASSIGNMENT|[EXTERNAL]|this|{"debug":true,"input":"{\"mode\":\"fetchFollow (9 more) ...","operation":"BFFFollow_Controller"}|0x6ca7dece
20:26:28.0 (11068797)|METHOD_ENTRY|[53]||System.JSON.deserializeUntyped(String)
20:26:28.0 (11270876)|METHOD_EXIT|[53]||System.JSON.deserializeUntyped(String)
20:26:28.0 (11279442)|VARIABLE_SCOPE_BEGIN|[53]|inputMap|Map<String,ANY>|true|false
20:26:28.0 (11302281)|VARIABLE_ASSIGNMENT|[53]|inputMap|{"s":1,"v":{"mode":"fetchFollowedUsers"}}|0x35600b34
20:26:28.0 (11305471)|STATEMENT_EXECUTE|[54]
20:26:28.0 (11345637)|METHOD_EXIT|[7]|01p50000002CIEo|ETLC_ApexBridge_Data.getInputValue(String)
20:26:28.0 (11350722)|VARIABLE_SCOPE_BEGIN|[7]|mode|String|false|false
20:26:28.0 (11357893)|VARIABLE_ASSIGNMENT|[7]|mode|"fetchFollowedUsers"
20:26:28.0 (11362759)|HEAP_ALLOCATE|[9]|Bytes:18
20:26:28.0 (11387918)|STATEMENT_EXECUTE|[9]
20:26:28.0 (11389909)|STATEMENT_EXECUTE|[10]
20:26:28.0 (11433483)|HEAP_ALLOCATE|[10]|Bytes:85
20:26:28.0 (11446103)|SYSTEM_METHOD_ENTRY|[1]|UserInfo.UserInfo()
20:26:28.0 (11448318)|STATEMENT_EXECUTE|[1]
20:26:28.0 (11454550)|SYSTEM_METHOD_EXIT|[1]|UserInfo
20:26:28.0 (11466151)|METHOD_ENTRY|[10]||System.UserInfo.getUserId()
20:26:28.0 (11498382)|METHOD_EXIT|[10]||System.UserInfo.getUserId()
20:26:28.0 (11510983)|HEAP_ALLOCATE|[10]|Bytes:4
20:26:28.0 (11525070)|METHOD_ENTRY|[10]|01p50000002D8iw|BFFFollow_Controller.fetchFollowedUsers(Id)
20:26:28.0 (11531196)|VARIABLE_SCOPE_BEGIN|[20]|this|BFFFollow_Controller|true|false
20:26:28.0 (11545416)|VARIABLE_ASSIGNMENT|[20]|this|{}|0x68aaa1db
20:26:28.0 (11548995)|VARIABLE_SCOPE_BEGIN|[20]|followedById|Id|false|false
20:26:28.0 (11635093)|VARIABLE_ASSIGNMENT|[20]|followedById|"00550000005cg71AAA"
20:26:28.0 (11646634)|HEAP_ALLOCATE|[21]|Bytes:5
20:26:28.0 (11650529)|STATEMENT_EXECUTE|[20]
20:26:28.0 (11651805)|STATEMENT_EXECUTE|[21]
20:26:28.0 (11659748)|HEAP_ALLOCATE|[21]|Bytes:63
20:26:28.0 (11696649)|HEAP_ALLOCATE|[21]|Bytes:18
20:26:28.0 (11708178)|HEAP_ALLOCATE|[21]|Bytes:9
20:26:28.0 (11718070)|HEAP_ALLOCATE|[21]|Bytes:90
20:26:28.0 (11721864)|VARIABLE_SCOPE_BEGIN|[21]|soql|String|false|false
20:26:28.0 (11730997)|VARIABLE_ASSIGNMENT|[21]|soql|"SELECT FollowedUsers (70 more) ..."
20:26:28.0 (11733646)|STATEMENT_EXECUTE|[22]
20:26:28.0 (11734740)|STATEMENT_EXECUTE|[22]
20:26:28.0 (11738991)|STATEMENT_EXECUTE|[23]
20:26:28.0 (11739978)|STATEMENT_EXECUTE|[23]
20:26:28.0 (11747562)|HEAP_ALLOCATE|[23]|Bytes:24
20:26:28.0 (11753733)|HEAP_ALLOCATE|[23]|Bytes:114
20:26:28.0 (11781428)|USER_DEBUG|[23]|DEBUG|fetchFollowedUsers:soql:SELECT FollowedUsers__c FROM BFFFollow__c WHERE FollowedBy__c='00550000005cg71AAA' limit 1
20:26:28.0 (11788550)|STATEMENT_EXECUTE|[24]
20:26:28.0 (14199849)|HEAP_ALLOCATE|[24]|Bytes:9
20:26:28.0 (14208621)|HEAP_ALLOCATE|[24]|Bytes:29
20:26:28.0 (14211639)|HEAP_ALLOCATE|[24]|Bytes:21
20:26:28.0 (14229512)|METHOD_ENTRY|[7]|01p50000002CIEt|ETLC_SecuredDB.ETLC_SecuredDB()
20:26:28.0 (14232609)|STATEMENT_EXECUTE|[7]
20:26:28.0 (14236401)|STATEMENT_EXECUTE|[7]
20:26:28.0 (14242366)|HEAP_ALLOCATE|[24]|Bytes:5
20:26:28.0 (14251153)|METHOD_EXIT|[7]|ETLC_SecuredDB
20:26:28.0 (14280776)|METHOD_ENTRY|[24]|01p50000002CIEt|ETLC_SecuredDB.query(String)
20:26:28.0 (14300885)|VARIABLE_SCOPE_BEGIN|[10]|SOQL|String|false|false
20:26:28.0 (14310933)|VARIABLE_ASSIGNMENT|[10]|SOQL|"SELECT FollowedUsers (70 more) ..."
20:26:28.0 (14319688)|HEAP_ALLOCATE|[12]|Bytes:5
20:26:28.0 (14323766)|STATEMENT_EXECUTE|[10]
20:26:28.0 (14325173)|STATEMENT_EXECUTE|[12]
20:26:28.0 (15373281)|SOQL_EXECUTE_BEGIN|[12]|Aggregations:0|SELECT FollowedUsers__c FROM BFFFollow__c WHERE FollowedBy__c='00550000005cg71AAA' limit 1
20:26:28.0 (19664794)|SOQL_EXECUTE_END|[12]|Rows:1
20:26:28.0 (19691942)|HEAP_ALLOCATE|[12]|Bytes:8
20:26:28.0 (19703357)|HEAP_ALLOCATE|[12]|Bytes:158
20:26:28.0 (19784441)|HEAP_ALLOCATE|[12]|Bytes:8
20:26:28.0 (19801485)|VARIABLE_SCOPE_BEGIN|[12]|dbRecords|List<SObject>|true|false
20:26:28.0 (19851924)|VARIABLE_ASSIGNMENT|[12]|dbRecords|{"s":1,"v":[{"s":2,"v":{"FollowedUsers__c":"[{\"id\":\"00550000005c (85 more) ...","Id":"a005000000ezW4dAAE"}}]}|0x2ed7f7a9
20:26:28.0 (19857713)|STATEMENT_EXECUTE|[20]
20:26:28.0 (20185439)|HEAP_ALLOCATE|[20]|Bytes:12
20:26:28.0 (20193719)|HEAP_ALLOCATE|[20]|Bytes:8
20:26:28.0 (20255738)|HEAP_ALLOCATE|[20]|Bytes:12
20:26:28.0 (20261248)|HEAP_ALLOCATE|[20]|Bytes:9
20:26:28.0 (20274122)|HEAP_ALLOCATE|[20]|Bytes:12
20:26:28.0 (20277584)|HEAP_ALLOCATE|[20]|Bytes:8
20:26:28.0 (20288009)|HEAP_ALLOCATE|[20]|Bytes:12
20:26:28.0 (20291209)|HEAP_ALLOCATE|[20]|Bytes:8
20:26:28.0 (20301234)|HEAP_ALLOCATE|[20]|Bytes:12
20:26:28.0 (20304358)|HEAP_ALLOCATE|[20]|Bytes:9
20:26:28.0 (20339839)|METHOD_ENTRY|[20]|01p50000002CIEt|ETLC_SecuredDB.findFields(List<SObject>)
20:26:28.0 (20369585)|VARIABLE_SCOPE_BEGIN|[108]|dbRecords|List<SObject>|true|false
20:26:28.0 (20390926)|VARIABLE_ASSIGNMENT|[108]|dbRecords|{"s":1,"v":[{"s":2,"v":{"FollowedUsers__c":"[{\"id\":\"00550000005c (85 more) ...","Id":"a005000000ezW4dAAE"}}]}|0x2ed7f7a9
20:26:28.0 (20402260)|HEAP_ALLOCATE|[109]|Bytes:5
20:26:28.0 (20406307)|STATEMENT_EXECUTE|[108]
20:26:28.0 (20407726)|STATEMENT_EXECUTE|[109]
20:26:28.0 (20416189)|VARIABLE_SCOPE_BEGIN|[109]|strJSON|String|false|false
20:26:28.0 (20422909)|VARIABLE_ASSIGNMENT|[109]|strJSON|null
20:26:28.0 (20424819)|STATEMENT_EXECUTE|[110]
20:26:28.0 (20429951)|VARIABLE_SCOPE_BEGIN|[110]|mapFields|Map<String,Set<String>>|true|false
20:26:28.0 (20434323)|VARIABLE_ASSIGNMENT|[110]|mapFields|null|
20:26:28.0 (20436203)|STATEMENT_EXECUTE|[112]
20:26:28.0 (20452235)|METHOD_ENTRY|[112]||System.JSON.serialize(Object)
20:26:28.0 (20949132)|METHOD_EXIT|[112]||System.JSON.serialize(Object)
20:26:28.0 (20968444)|VARIABLE_ASSIGNMENT|[112]|strJSON|"[{\"attributes\":{\"typ (259 more) ..."
20:26:28.0 (20973416)|STATEMENT_EXECUTE|[113]
20:26:28.0 (20985851)|HEAP_ALLOCATE|[113]|Bytes:5
20:26:28.0 (20999498)|HEAP_ALLOCATE|[113]|Bytes:284
20:26:28.0 (21052177)|USER_DEBUG|[113]|DEBUG|JSON:[{"attributes":{"type":"BFFFollow__c","url":"/services/data/v37.0/sobjects/BFFFollow__c/a005000000ezW4dAAE"},"FollowedUsers__c":"[{\"id\":\"00550000005cg71AAA\",\"name\":\"Jaswinder Rattanpal\"},{\"id\":\"00550000005d7KnAAI\",\"name\":\"Test User\"}]","Id":"a005000000ezW4dAAE"}]
20:26:28.0 (21065949)|STATEMENT_EXECUTE|[114]
20:26:28.0 (21078765)|HEAP_ALLOCATE|[114]|Bytes:4
20:26:28.0 (21108679)|VARIABLE_ASSIGNMENT|[114]|mapFields|{"s":1,"v":{}}|0x603b2d8e
20:26:28.0 (21113106)|STATEMENT_EXECUTE|[115]
20:26:28.0 (21128545)|METHOD_ENTRY|[115]||System.JSON.deserializeUntyped(String)
20:26:28.0 (21749352)|METHOD_EXIT|[115]||System.JSON.deserializeUntyped(String)
20:26:28.0 (21758570)|VARIABLE_SCOPE_BEGIN|[115]|records|List<ANY>|true|false
20:26:28.0 (21781999)|HEAP_ALLOCATE|[EXTERNAL]|Bytes:8
20:26:28.0 (21807291)|VARIABLE_ASSIGNMENT|[115]|records|{"s":1,"v":[{"s":2,"v":{"attributes":{"s":3,"v":{"type":"BFFFollow__c","url":"/services/data/v37.0 (41 more) ..."}},"FollowedUsers__c":"[{\"id\":\"00550000005c (85 more) ...","Id":"a005000000ezW4dAAE"}}]}|0x775127d8
20:26:28.0 (21848503)|HEAP_ALLOCATE|[116]|Bytes:5
20:26:28.0 (21863939)|HEAP_ALLOCATE|[116]|Bytes:16
20:26:28.0 (21874182)|VARIABLE_SCOPE_BEGIN|[116]|record|Object|false|false
20:26:28.0 (21899401)|VARIABLE_ASSIGNMENT|[116]|record|{"s":1,"v":{"attributes":{"s":2,"v":{"type":"BFFFollow__c","url":"/services/data/v37.0 (41 more) ..."}},"FollowedUsers__c":"[{\"id\":\"00550000005c (85 more) ...","Id":"a005000000ezW4dAAE"}}
20:26:28.0 (21904068)|STATEMENT_EXECUTE|[116]
20:26:28.0 (21905359)|STATEMENT_EXECUTE|[117]
20:26:28.0 (21929755)|METHOD_ENTRY|[117]|01p50000002CIEt|ETLC_SecuredDB.findFieldsRecursive(Map<String,Set<String>>, Map<String,ANY>)
20:26:28.0 (21953234)|VARIABLE_SCOPE_BEGIN|[124]|mapFields|Map<String,Set<String>>|true|false
20:26:28.0 (21965119)|VARIABLE_ASSIGNMENT|[124]|mapFields|{"s":1,"v":{}}|0x603b2d8e
20:26:28.0 (21968338)|VARIABLE_SCOPE_BEGIN|[124]|record|Map<String,ANY>|true|false
20:26:28.0 (21980532)|VARIABLE_ASSIGNMENT|[124]|record|{"s":1,"v":{"attributes":{"s":2,"v":{"type":"BFFFollow__c","url":"/services/data/v37.0 (41 more) ..."}},"FollowedUsers__c":"[{\"id\":\"00550000005c (85 more) ...","Id":"a005000000ezW4dAAE"}}|0x5474fcfe
20:26:28.0 (21989920)|HEAP_ALLOCATE|[125]|Bytes:5
20:26:28.0 (21993827)|STATEMENT_EXECUTE|[124]
20:26:28.0 (21995119)|STATEMENT_EXECUTE|[125]
20:26:28.0 (22002383)|HEAP_ALLOCATE|[125]|Bytes:10
20:26:28.0 (22007392)|VARIABLE_SCOPE_BEGIN|[125]|strAttributes|String|false|false
20:26:28.0 (22013790)|VARIABLE_ASSIGNMENT|[125]|strAttributes|"attributes"
20:26:28.0 (22016026)|STATEMENT_EXECUTE|[126]
20:26:28.0 (22020877)|HEAP_ALLOCATE|[126]|Bytes:7
20:26:28.0 (22023901)|VARIABLE_SCOPE_BEGIN|[126]|strRecord|String|false|false
20:26:28.0 (22028003)|VARIABLE_ASSIGNMENT|[126]|strRecord|"records"
20:26:28.0 (22061946)|STATEMENT_EXECUTE|[127]
20:26:28.0 (22064015)|STATEMENT_EXECUTE|[128]
20:26:28.0 (22097862)|VARIABLE_SCOPE_BEGIN|[128]|attributes|Map<String,ANY>|true|false
20:26:28.0 (22113951)|VARIABLE_ASSIGNMENT|[128]|attributes|{"s":1,"v":{"type":"BFFFollow__c","url":"/services/data/v37.0 (41 more) ..."}}|0x45865bdf
20:26:28.0 (22117072)|STATEMENT_EXECUTE|[129]
20:26:28.0 (22124564)|HEAP_ALLOCATE|[129]|Bytes:4
20:26:28.0 (22153900)|VARIABLE_SCOPE_BEGIN|[129]|objectName|String|false|false
20:26:28.0 (22161654)|VARIABLE_ASSIGNMENT|[129]|objectName|"BFFFollow__c"
20:26:28.0 (22169435)|HEAP_ALLOCATE|[130]|Bytes:4
20:26:28.0 (22223255)|HEAP_ALLOCATE|[130]|Bytes:44
20:26:28.0 (22241412)|HEAP_ALLOCATE|[130]|Bytes:12
20:26:28.0 (22262773)|HEAP_ALLOCATE|[130]|Bytes:5
20:26:28.0 (22274636)|VARIABLE_SCOPE_BEGIN|[130]|fieldName|String|false|false
20:26:28.0 (22282344)|VARIABLE_ASSIGNMENT|[130]|fieldName|"attributes"
20:26:28.0 (22285142)|STATEMENT_EXECUTE|[130]
20:26:28.0 (22286263)|STATEMENT_EXECUTE|[131]
20:26:28.0 (22325377)|VARIABLE_SCOPE_BEGIN|[131]|field|Object|false|false
20:26:28.0 (22342525)|VARIABLE_ASSIGNMENT|[131]|field|{"s":1,"v":{"type":"BFFFollow__c","url":"/services/data/v37.0 (41 more) ..."}}
20:26:28.0 (22378168)|STATEMENT_EXECUTE|[132]
20:26:28.0 (22402081)|HEAP_ALLOCATE|[130]|Bytes:5
20:26:28.0 (22420887)|VARIABLE_SCOPE_BEGIN|[130]|fieldName|String|false|false
20:26:28.0 (22432518)|VARIABLE_ASSIGNMENT|[130]|fieldName|"FollowedUsers__c"
20:26:28.0 (22436424)|STATEMENT_EXECUTE|[130]
20:26:28.0 (22438225)|STATEMENT_EXECUTE|[131]
20:26:28.0 (22468902)|VARIABLE_SCOPE_BEGIN|[131]|field|Object|false|false
20:26:28.0 (22487171)|VARIABLE_ASSIGNMENT|[131]|field|"[{\"id\":\"00550000005c (85 more) ..."
20:26:28.0 (22505432)|HEAP_ALLOCATE|[134]|Bytes:68
20:26:28.0 (22533933)|STATEMENT_EXECUTE|[136]
20:26:28.0 (22537018)|STATEMENT_EXECUTE|[137]
20:26:28.0 (22550735)|HEAP_ALLOCATE|[137]|Bytes:4
20:26:28.0 (22596466)|VARIABLE_SCOPE_BEGIN|[137]|fieldNames|Set<String>|true|false
20:26:28.0 (22625464)|VARIABLE_ASSIGNMENT|[137]|fieldNames|{"s":1,"v":[]}|0x2f9de1e
20:26:28.0 (22676073)|STATEMENT_EXECUTE|[138]
20:26:28.0 (22685469)|STATEMENT_EXECUTE|[139]
20:26:28.0 (22729570)|HEAP_ALLOCATE|[EXTERNAL]|Bytes:4
20:26:28.0 (22742052)|STATEMENT_EXECUTE|[140]
20:26:28.0 (22787061)|HEAP_ALLOCATE|[EXTERNAL]|Bytes:-4
20:26:28.0 (22808134)|HEAP_ALLOCATE|[130]|Bytes:5
20:26:28.0 (22825815)|VARIABLE_SCOPE_BEGIN|[130]|fieldName|String|false|false
20:26:28.0 (22836642)|VARIABLE_ASSIGNMENT|[130]|fieldName|"Id"
20:26:28.0 (22840558)|STATEMENT_EXECUTE|[130]
20:26:28.0 (22842443)|STATEMENT_EXECUTE|[131]
20:26:28.0 (22869880)|VARIABLE_SCOPE_BEGIN|[131]|field|Object|false|false
20:26:28.0 (22884896)|VARIABLE_ASSIGNMENT|[131]|field|"a005000000ezW4dAAE"
20:26:28.0 (22908390)|STATEMENT_EXECUTE|[136]
20:26:28.0 (22911135)|STATEMENT_EXECUTE|[137]
20:26:28.0 (22923196)|HEAP_ALLOCATE|[137]|Bytes:4
20:26:28.0 (22938895)|VARIABLE_SCOPE_BEGIN|[137]|fieldNames|Set<String>|true|false
20:26:28.0 (22964579)|VARIABLE_ASSIGNMENT|[137]|fieldNames|{"s":1,"v":[]}|0x719951b3
20:26:28.0 (22986208)|STATEMENT_EXECUTE|[138]
20:26:28.0 (23030254)|VARIABLE_ASSIGNMENT|[138]|fieldNames|{"s":1,"v":["FollowedUsers__c"]}|0x2f9de1e
20:26:28.0 (23036872)|STATEMENT_EXECUTE|[139]
20:26:28.0 (23051868)|HEAP_ALLOCATE|[EXTERNAL]|Bytes:4
20:26:28.0 (23061064)|STATEMENT_EXECUTE|[140]
20:26:28.0 (23096585)|HEAP_ALLOCATE|[130]|Bytes:5
20:26:28.0 (23152404)|VARIABLE_ASSIGNMENT|[130]|fieldName|null
20:26:28.0 (23168785)|METHOD_EXIT|[117]|01p50000002CIEt|ETLC_SecuredDB.findFieldsRecursive(Map<String,Set<String>>, Map<String,ANY>)
20:26:28.0 (23187342)|HEAP_ALLOCATE|[116]|Bytes:5
20:26:28.0 (23216553)|VARIABLE_ASSIGNMENT|[116]|record|null
20:26:28.0 (23226690)|HEAP_ALLOCATE|[119]|Bytes:4
20:26:28.0 (23277718)|HEAP_ALLOCATE|[119]|Bytes:20
20:26:28.0 (23308554)|HEAP_ALLOCATE|[119]|Bytes:4
20:26:28.0 (23342483)|HEAP_ALLOCATE|[119]|Bytes:5
20:26:28.0 (23357312)|VARIABLE_SCOPE_BEGIN|[119]|objectName|String|false|false
20:26:28.0 (23366136)|VARIABLE_ASSIGNMENT|[119]|objectName|"BFFFollow__c"
20:26:28.0 (23368895)|STATEMENT_EXECUTE|[119]
20:26:28.0 (23370065)|STATEMENT_EXECUTE|[120]
20:26:28.0 (23378217)|HEAP_ALLOCATE|[120]|Bytes:2
20:26:28.0 (23435074)|HEAP_ALLOCATE|[120]|Bytes:22
20:26:28.0 (23448846)|HEAP_ALLOCATE|[120]|Bytes:36
20:26:28.0 (23459727)|USER_DEBUG|[120]|DEBUG|BFFFollow__c: {FollowedUsers__c, Id}
20:26:28.0 (23472275)|HEAP_ALLOCATE|[119]|Bytes:5
20:26:28.0 (23483154)|VARIABLE_ASSIGNMENT|[119]|objectName|null
20:26:28.0 (23486337)|STATEMENT_EXECUTE|[122]
20:26:28.0 (23498266)|METHOD_EXIT|[20]|01p50000002CIEt|ETLC_SecuredDB.findFields(List<SObject>)
20:26:28.0 (23519595)|METHOD_ENTRY|[20]|01p50000002CIEt|ETLC_SecuredDB.validate(ETLC_SecuredDB.Operation, Map<String,Set<String>>)
20:26:28.0 (23526975)|VARIABLE_SCOPE_BEGIN|[55]|op|ETLC_SecuredDB.Operation|true|false
20:26:28.0 (23546932)|VARIABLE_ASSIGNMENT|[55]|op|"Querying"|0x382db82f
20:26:28.0 (23550736)|VARIABLE_SCOPE_BEGIN|[55]|mapFieldNames|Map<String,Set<String>>|true|false
20:26:28.0 (23568664)|VARIABLE_ASSIGNMENT|[55]|mapFieldNames|{"s":1,"v":{"BFFFollow__c":{"s":2,"v":["FollowedUsers__c","Id"]}}}|0x603b2d8e
20:26:28.0 (23578333)|HEAP_ALLOCATE|[56]|Bytes:5
20:26:28.0 (23582336)|STATEMENT_EXECUTE|[55]
20:26:28.0 (23583754)|STATEMENT_EXECUTE|[56]
20:26:28.0 (23590857)|VARIABLE_SCOPE_BEGIN|[56]|securityMessage|String|false|false
20:26:28.0 (23596045)|VARIABLE_ASSIGNMENT|[56]|securityMessage|null
20:26:28.0 (23597888)|STATEMENT_EXECUTE|[57]
20:26:28.0 (41943055)|HEAP_ALLOCATE|[57]|Bytes:1256
20:26:28.0 (41987699)|VARIABLE_SCOPE_BEGIN|[57]|mapObjects|Map<String,Schema.SObjectType>|true|false
20:26:28.0 (42397111)|VARIABLE_ASSIGNMENT|[57]|mapObjects|"{acceptedeventrelation=AcceptedEventRelation, account=Account, accountcontactrole=AccountContactRole, accounthistory=AccountHistory, accountpartner=AccountPartner, accountshare=AccountShare, actionlinkgrouptemplate=ActionLinkGroupTemplate, actionlinktemplate=ActionLinkTemplate, activityhistory=ActivityHistory, additionalnumber=AdditionalNumber, ...}"|0x7468981a
20:26:28.0 (42420202)|HEAP_ALLOCATE|[58]|Bytes:4
20:26:28.0 (42505890)|HEAP_ALLOCATE|[58]|Bytes:20
20:26:28.0 (42540362)|HEAP_ALLOCATE|[58]|Bytes:4
20:26:28.0 (42599285)|HEAP_ALLOCATE|[58]|Bytes:5
20:26:28.0 (42635333)|VARIABLE_SCOPE_BEGIN|[58]|sObjectName|String|false|false
20:26:28.0 (42651193)|VARIABLE_ASSIGNMENT|[58]|sObjectName|"BFFFollow__c"
20:26:28.0 (42657822)|STATEMENT_EXECUTE|[58]
20:26:28.0 (42660915)|STATEMENT_EXECUTE|[59]
20:26:28.0 (42686921)|HEAP_ALLOCATE|[59]|Bytes:9
20:26:28.0 (42694739)|HEAP_ALLOCATE|[59]|Bytes:7
20:26:28.0 (42768513)|HEAP_ALLOCATE|[59]|Bytes:8
20:26:28.0 (42781460)|HEAP_ALLOCATE|[59]|Bytes:1
20:26:28.0 (42798821)|HEAP_ALLOCATE|[59]|Bytes:37
20:26:28.0 (42816924)|VARIABLE_ASSIGNMENT|[59]|securityMessage|"CRUD on [BFFFollow__ (17 more) ..."
20:26:28.0 (42822057)|STATEMENT_EXECUTE|[60]
20:26:28.0 (42832368)|HEAP_ALLOCATE|[60]|Bytes:10
20:26:28.0 (42841640)|HEAP_ALLOCATE|[60]|Bytes:47
20:26:28.0 (42883844)|USER_DEBUG|[60]|DEBUG|Checking: CRUD on [BFFFollow__c] for [Querying]
20:26:28.0 (42892254)|STATEMENT_EXECUTE|[61]
20:26:28.0 (43177806)|HEAP_ALLOCATE|[61]|Bytes:4
20:26:28.0 (43234331)|VARIABLE_SCOPE_BEGIN|[61]|drSObj|Schema.DescribeSObjectResult|true|false
20:26:28.0 (43320365)|VARIABLE_ASSIGNMENT|[61]|drSObj|"common.api.soap.wsdl.DescribeSObjectResult@a54f9caa"|0x6ca96951
20:26:28.0 (43515861)|STATEMENT_EXECUTE|[64]
20:26:28.0 (43552132)|STATEMENT_EXECUTE|[65]
20:26:28.0 (43629141)|STATEMENT_EXECUTE|[77]
20:26:28.0 (43632054)|STATEMENT_EXECUTE|[79]
20:26:28.0 (43918512)|HEAP_ALLOCATE|[79]|Bytes:56
20:26:28.0 (43931496)|VARIABLE_SCOPE_BEGIN|[79]|mapFields|Map<String,Schema.SObjectField>|true|false
20:26:28.0 (44129166)|VARIABLE_ASSIGNMENT|[79]|mapFields|"{createdbyid=CreatedById, createddate=CreatedDate, followedby__c=FollowedBy__c, followedusers__c=FollowedUsers__c, id=Id, isdeleted=IsDeleted, lastmodifiedbyid=LastModifiedById, lastmodifieddate=LastModifiedDate, lastreferenceddate=LastReferencedDate, lastvieweddate=LastViewedDate, ...}"|0x38a5d306
20:26:28.0 (44140261)|HEAP_ALLOCATE|[80]|Bytes:4
20:26:28.0 (44183823)|HEAP_ALLOCATE|[80]|Bytes:8
20:26:28.0 (44202667)|HEAP_ALLOCATE|[80]|Bytes:5
20:26:28.0 (44214858)|VARIABLE_SCOPE_BEGIN|[80]|fieldName|String|false|false
20:26:28.0 (44226970)|VARIABLE_ASSIGNMENT|[80]|fieldName|"FollowedUsers__c"
20:26:28.0 (44232023)|STATEMENT_EXECUTE|[80]
20:26:28.0 (44234228)|STATEMENT_EXECUTE|[81]
20:26:28.0 (45164887)|HEAP_ALLOCATE|[81]|Bytes:8
20:26:28.0 (45202656)|VARIABLE_SCOPE_BEGIN|[81]|drField|Schema.DescribeFieldResult|true|false
20:26:28.0 (45275651)|VARIABLE_ASSIGNMENT|[81]|drField|"common.api.soap.wsdl.Field@403e8c84"|0x7e0e0cf9
20:26:28.0 (45300069)|STATEMENT_EXECUTE|[82]
20:26:28.0 (45302037)|STATEMENT_EXECUTE|[83]
20:26:28.0 (45312020)|HEAP_ALLOCATE|[83]|Bytes:8
20:26:28.0 (45316625)|HEAP_ALLOCATE|[83]|Bytes:1
20:26:28.0 (45360608)|HEAP_ALLOCATE|[83]|Bytes:8
20:26:28.0 (45383284)|HEAP_ALLOCATE|[83]|Bytes:52
20:26:28.0 (45389605)|HEAP_ALLOCATE|[83]|Bytes:53
20:26:28.0 (45399725)|VARIABLE_ASSIGNMENT|[83]|securityMessage|"FLS on [BFFFollow__c (33 more) ..."
20:26:28.0 (45403095)|STATEMENT_EXECUTE|[84]
20:26:28.0 (45412704)|HEAP_ALLOCATE|[84]|Bytes:63
20:26:28.0 (45441068)|USER_DEBUG|[84]|DEBUG|Checking: FLS on [BFFFollow__c.FollowedUsers__c] for [Querying]
20:26:28.0 (45547627)|STATEMENT_EXECUTE|[87]
20:26:28.0 (45566413)|STATEMENT_EXECUTE|[88]
20:26:28.0 (45586231)|HEAP_ALLOCATE|[80]|Bytes:5
20:26:28.0 (45599152)|VARIABLE_SCOPE_BEGIN|[80]|fieldName|String|false|false
20:26:28.0 (45607928)|VARIABLE_ASSIGNMENT|[80]|fieldName|"Id"
20:26:28.0 (45611056)|STATEMENT_EXECUTE|[80]
20:26:28.0 (45612899)|STATEMENT_EXECUTE|[81]
20:26:28.0 (45770745)|HEAP_ALLOCATE|[81]|Bytes:8
20:26:28.0 (45781325)|VARIABLE_SCOPE_BEGIN|[81]|drField|Schema.DescribeFieldResult|true|false
20:26:28.0 (45845632)|VARIABLE_ASSIGNMENT|[81]|drField|"common.api.soap.wsdl.Field@4aa3eb62"|0x3a886358
20:26:28.0 (45859206)|STATEMENT_EXECUTE|[99]
20:26:28.0 (45861015)|STATEMENT_EXECUTE|[100]
20:26:28.0 (45870095)|HEAP_ALLOCATE|[100]|Bytes:22
20:26:28.0 (45913564)|HEAP_ALLOCATE|[100]|Bytes:8
20:26:28.0 (45929436)|HEAP_ALLOCATE|[100]|Bytes:52
20:26:28.0 (45933949)|HEAP_ALLOCATE|[100]|Bytes:35
20:26:28.0 (45937758)|HEAP_ALLOCATE|[100]|Bytes:87
20:26:28.0 (45948978)|USER_DEBUG|[100]|DEBUG|Bypass Check: FLS on [BFFFollow__c.Id] for [Querying] since it's not isPermissionable()
20:26:28.0 (45964543)|HEAP_ALLOCATE|[80]|Bytes:5
20:26:28.0 (45977880)|VARIABLE_ASSIGNMENT|[80]|fieldName|null
20:26:28.0 (45987284)|HEAP_ALLOCATE|[58]|Bytes:5
20:26:28.0 (45996267)|VARIABLE_ASSIGNMENT|[58]|sObjectName|null
20:26:28.0 (46013902)|METHOD_EXIT|[20]|01p50000002CIEt|ETLC_SecuredDB.validate(ETLC_SecuredDB.Operation, Map<String,Set<String>>)
20:26:28.0 (46019417)|STATEMENT_EXECUTE|[21]
20:26:28.0 (46031047)|METHOD_EXIT|[24]|01p50000002CIEt|ETLC_SecuredDB.query(String)
20:26:28.0 (46037111)|VARIABLE_SCOPE_BEGIN|[24]|dbRecords|List<SObject>|true|false
20:26:28.0 (46075227)|VARIABLE_ASSIGNMENT|[24]|dbRecords|{"s":1,"v":[{"s":2,"v":{"FollowedUsers__c":"[{\"id\":\"00550000005c (85 more) ...","Id":"a005000000ezW4dAAE"}}]}|0x2ed7f7a9
20:26:28.0 (46083932)|STATEMENT_EXECUTE|[25]
20:26:28.0 (46085327)|STATEMENT_EXECUTE|[25]
20:26:28.0 (46158792)|USER_DEBUG|[25]|DEBUG|(BFFFollow__c:{FollowedUsers__c=[{"id":"00550000005cg71AAA","name":"Jaswinder Rattanpal"},{"id":"00550000005d7KnAAI","name":"Test User"}], Id=a005000000ezW4dAAE})
20:26:28.0 (46262742)|STATEMENT_EXECUTE|[26]
20:26:28.0 (46268555)|STATEMENT_EXECUTE|[27]
20:26:28.0 (46269770)|STATEMENT_EXECUTE|[28]
20:26:28.0 (46278099)|HEAP_ALLOCATE|[28]|Bytes:18
20:26:28.0 (46295222)|HEAP_ALLOCATE|[28]|Bytes:12
20:26:28.0 (46302648)|HEAP_ALLOCATE|[28]|Bytes:16
20:26:28.0 (46375397)|HEAP_ALLOCATE|[28]|Bytes:105
20:26:28.0 (46397628)|HEAP_ALLOCATE|[28]|Bytes:105
20:26:28.0 (46406906)|HEAP_ALLOCATE|[28]|Bytes:123
20:26:28.0 (46416764)|USER_DEBUG|[28]|DEBUG|FollowedUsers__c::[{"id":"00550000005cg71AAA","name":"Jaswinder Rattanpal"},{"id":"00550000005d7KnAAI","name":"Test User"}]
20:26:28.0 (46423501)|STATEMENT_EXECUTE|[30]
20:26:28.0 (46438710)|HEAP_ALLOCATE|[30]|Bytes:12
20:26:28.0 (46490769)|HEAP_ALLOCATE|[30]|Bytes:105
20:26:28.0 (46509154)|METHOD_EXIT|[10]|01p50000002D8iw|BFFFollow_Controller.fetchFollowedUsers(Id)
20:26:28.0 (46599762)|VARIABLE_ASSIGNMENT|[EXTERNAL]|this|{"debug":true,"input":"{\"mode\":\"fetchFollow (9 more) ...","operation":"BFFFollow_Controller"}|0x6ca7dece
20:26:28.0 (46610884)|VARIABLE_ASSIGNMENT|[EXTERNAL]|value|"[{\"id\":\"00550000005c (85 more) ..."
20:26:28.0 (46630013)|VARIABLE_ASSIGNMENT|[12]|this.output|"[{\"id\":\"00550000005c (85 more) ..."|0x6ca7dece
20:26:28.0 (46637806)|STATEMENT_EXECUTE|[11]
20:26:28.0 (46702018)|VARIABLE_ASSIGNMENT|[EXTERNAL]|this|{"debug":true,"input":"{\"mode\":\"fetchFollow (9 more) ...","operation":"BFFFollow_Controller","output":"[{\"id\":\"00550000005c (85 more) ..."}|0x6ca7dece
20:26:28.0 (46765079)|VARIABLE_ASSIGNMENT|[EXTERNAL]|this|{"debug":true,"input":"{\"mode\":\"fetchFollow (9 more) ...","operation":"BFFFollow_Controller","output":"[{\"id\":\"00550000005c (85 more) ..."}|0x6ca7dece
20:26:28.0 (46775669)|VARIABLE_ASSIGNMENT|[EXTERNAL]|value|true
20:26:28.0 (46781156)|HEAP_ALLOCATE|[15]|Bytes:5
20:26:28.0 (46788833)|VARIABLE_ASSIGNMENT|[15]|this.outputFlag|true|0x6ca7dece
20:26:28.0 (46798752)|STATEMENT_EXECUTE|[12]
20:26:28.0 (46800141)|STATEMENT_EXECUTE|[12]
20:26:28.0 (46855782)|USER_DEBUG|[12]|DEBUG|ETLC_ApexBridge_Data:[debug=true, input={"mode":"fetchFollowedUsers"}, isSuccess=null, messages=null, operation=BFFFollow_Controller, output=[{"id":"00550000005cg71AAA","name":"Jaswinder Rattanpal"},{"id":"00550000005d7KnAAI","name":"Test User"}], outputFlag=true, records=null]
20:26:28.0 (46873920)|METHOD_EXIT|[9]|01p50000002D8iw|BFFFollow_Controller.process(ETLC_ApexBridge_Data)
20:26:28.0 (46878254)|STATEMENT_EXECUTE|[24]
20:26:28.0 (46904077)|METHOD_ENTRY|[24]|01p50000002CIEo|ETLC_ApexBridge_Data.toJSON()
20:26:28.0 (46930729)|VARIABLE_SCOPE_BEGIN|[57]|this|ETLC_ApexBridge_Data|true|false
20:26:28.0 (46967607)|VARIABLE_ASSIGNMENT|[57]|this|{"debug":true,"input":"{\"mode\":\"fetchFollow (9 more) ...","operation":"BFFFollow_Controller","output":"[{\"id\":\"00550000005c (85 more) ...","outputFlag":true}|0x6ca7dece
20:26:28.0 (46975529)|STATEMENT_EXECUTE|[57]
20:26:28.0 (46976653)|STATEMENT_EXECUTE|[58]
20:26:28.0 (46994871)|METHOD_ENTRY|[58]||System.JSON.serialize(Object)
20:26:28.0 (47109878)|STATEMENT_EXECUTE|[22]
20:26:28.0 (47115817)|STATEMENT_EXECUTE|[23]
20:26:28.0 (47129436)|HEAP_ALLOCATE|[23]|Bytes:5
20:26:28.0 (47141706)|VARIABLE_ASSIGNMENT|[23]|this.isSuccess|true|0x6ca7dece
20:26:28.0 (47144350)|STATEMENT_EXECUTE|[24]
20:26:28.0 (47197115)|STATEMENT_EXECUTE|[31]
20:26:28.0 (47203241)|STATEMENT_EXECUTE|[32]
20:26:28.0 (47214738)|HEAP_ALLOCATE|[32]|Bytes:4
20:26:28.0 (47279623)|VARIABLE_ASSIGNMENT|[32]|this.messages|{"s":1,"v":{}}|0x6ca7dece
20:26:28.0 (47283815)|STATEMENT_EXECUTE|[33]
20:26:28.0 (47621159)|METHOD_EXIT|[58]||System.JSON.serialize(Object)
20:26:28.0 (47627729)|METHOD_EXIT|[24]|01p50000002CIEo|ETLC_ApexBridge_Data.toJSON()
20:26:28.0 (47640312)|SYSTEM_MODE_EXIT|false
20:26:28.47 (47693346)|CUMULATIVE_LIMIT_USAGE
20:26:28.47 (47693346)|LIMIT_USAGE_FOR_NS|(default)|
  Number of SOQL queries: 1 out of 100
  Number of query rows: 1 out of 50000
  Number of SOSL queries: 0 out of 20
  Number of DML statements: 0 out of 150
  Number of DML rows: 0 out of 10000
  Maximum CPU time: 0 out of 10000
  Maximum heap size: 0 out of 6000000
  Number of callouts: 0 out of 100
  Number of Email Invocations: 0 out of 10
  Number of future calls: 0 out of 50
  Number of queueable jobs added to the queue: 0 out of 50
  Number of Mobile Apex push calls: 0 out of 10

20:26:28.47 (47693346)|CUMULATIVE_LIMIT_USAGE_END

20:26:28.0 (47736650)|CODE_UNIT_FINISHED|ETLC_ApexBridge_Controller.execute
