37.0 APEX_CODE,FINEST;APEX_PROFILING,INFO;CALLOUT,INFO;DB,INFO;SYSTEM,DEBUG;VALIDATION,INFO;VISUALFORCE,INFO;WORKFLOW,INFO
21:18:57.0 (413560)|USER_INFO|[EXTERNAL]|00550000005cg71|bfffollow@jr.te|Eastern Standard Time|GMT-04:00
21:18:57.0 (462386)|EXECUTION_STARTED
21:18:57.0 (468767)|CODE_UNIT_STARTED|[EXTERNAL]|aura
21:18:57.0 (851649)|HEAP_ALLOCATE|[72]|Bytes:3
21:18:57.0 (899017)|HEAP_ALLOCATE|[77]|Bytes:152
21:18:57.0 (920188)|HEAP_ALLOCATE|[342]|Bytes:408
21:18:57.0 (946734)|HEAP_ALLOCATE|[355]|Bytes:408
21:18:57.0 (973621)|HEAP_ALLOCATE|[467]|Bytes:48
21:18:57.0 (1012868)|HEAP_ALLOCATE|[139]|Bytes:6
21:18:57.0 (1053711)|HEAP_ALLOCATE|[EXTERNAL]|Bytes:122
21:18:57.0 (1076494)|HEAP_ALLOCATE|[EXTERNAL]|Bytes:122
21:18:57.0 (2038089)|CODE_UNIT_STARTED|[EXTERNAL]|01p50000002CIEm|ETLC_ApexBridge_Controller.execute
21:18:57.0 (2642744)|HEAP_ALLOCATE|[EXTERNAL]|Bytes:1
21:18:57.0 (2654280)|HEAP_ALLOCATE|[EXTERNAL]|Bytes:10
21:18:57.0 (2671152)|METHOD_ENTRY|[1]|01p50000002CIEm|ETLC_ApexBridge_Controller.ETLC_ApexBridge_Controller()
21:18:57.0 (2676260)|STATEMENT_EXECUTE|[1]
21:18:57.0 (2682091)|STATEMENT_EXECUTE|[1]
21:18:57.0 (2688562)|METHOD_EXIT|[1]|ETLC_ApexBridge_Controller
21:18:57.0 (2693036)|HEAP_ALLOCATE|[EXTERNAL]|Bytes:122
21:18:57.0 (2702497)|SYSTEM_MODE_ENTER|false
21:18:57.0 (2711561)|VARIABLE_SCOPE_BEGIN|[3]|dataJson|String|false|false
21:18:57.0 (2750411)|VARIABLE_ASSIGNMENT|[3]|dataJson|"{\"operation\":\"BFFFol (102 more) ..."
21:18:57.0 (2762815)|STATEMENT_EXECUTE|[3]
21:18:57.0 (2764402)|STATEMENT_EXECUTE|[4]
21:18:57.0 (4819087)|VARIABLE_SCOPE_BEGIN|[4]|data|ETLC_ApexBridge_Data|true|false
21:18:57.0 (4833726)|VARIABLE_ASSIGNMENT|[4]|data|null|
21:18:57.0 (4836696)|STATEMENT_EXECUTE|[5]
21:18:57.0 (4838083)|STATEMENT_EXECUTE|[5]
21:18:57.0 (4839077)|STATEMENT_EXECUTE|[6]
21:18:57.0 (4856601)|HEAP_ALLOCATE|[6]|Bytes:11
21:18:57.0 (4863141)|HEAP_ALLOCATE|[6]|Bytes:248
21:18:57.0 (4865787)|HEAP_ALLOCATE|[6]|Bytes:39
21:18:57.0 (4910422)|METHOD_ENTRY|[2]|01p50000002CIEo|ETLC_ApexBridge_Data.ETLC_ApexBridge_Data()
21:18:57.0 (4914316)|STATEMENT_EXECUTE|[2]
21:18:57.0 (4918628)|STATEMENT_EXECUTE|[2]
21:18:57.0 (4924848)|METHOD_EXIT|[2]|ETLC_ApexBridge_Data
21:18:57.0 (4955564)|METHOD_ENTRY|[6]|01p50000002CIEo|ETLC_ApexBridge_Data.fromJSON(String)
21:18:57.0 (4979798)|VARIABLE_SCOPE_BEGIN|[60]|strJson|String|false|false
21:18:57.0 (4990241)|VARIABLE_ASSIGNMENT|[60]|strJson|"{\"operation\":\"BFFFol (102 more) ..."
21:18:57.0 (4994688)|STATEMENT_EXECUTE|[60]
21:18:57.0 (4996093)|STATEMENT_EXECUTE|[61]
21:18:57.0 (5005955)|HEAP_ALLOCATE|[61]|Bytes:20
21:18:57.0 (5028931)|HEAP_ALLOCATE|[50]|Bytes:5
21:18:57.0 (5052608)|HEAP_ALLOCATE|[56]|Bytes:5
21:18:57.0 (5061627)|HEAP_ALLOCATE|[64]|Bytes:7
21:18:57.0 (5164726)|HEAP_ALLOCATE|[61]|Bytes:24
21:18:57.0 (5178657)|SYSTEM_METHOD_ENTRY|[1]|Type.Type()
21:18:57.0 (5181630)|STATEMENT_EXECUTE|[1]
21:18:57.0 (5190617)|SYSTEM_METHOD_EXIT|[1]|Type
21:18:57.0 (5196493)|HEAP_ALLOCATE|[61]|Bytes:8
21:18:57.0 (5222873)|HEAP_ALLOCATE|[61]|Bytes:8
21:18:57.0 (5227723)|VARIABLE_SCOPE_BEGIN|[4]|this|System.Type|true|false
21:18:57.0 (5261510)|VARIABLE_ASSIGNMENT|[4]|this|{}|0x676e547a
21:18:57.0 (5265262)|VARIABLE_SCOPE_BEGIN|[4]|apextype|java:common.apex.runtime.ApexObjectType|true|false
21:18:57.0 (5390209)|VARIABLE_ASSIGNMENT|[4]|apextype|"ETLC_ApexBridge_Data"|0x4b522611
21:18:57.0 (5457715)|HEAP_ALLOCATE|[61]|Bytes:8
21:18:57.0 (5500195)|HEAP_ALLOCATE|[61]|Bytes:24
21:18:57.0 (5513751)|SYSTEM_METHOD_ENTRY|[1]|JSON.JSON()
21:18:57.0 (5516395)|STATEMENT_EXECUTE|[1]
21:18:57.0 (5523517)|SYSTEM_METHOD_EXIT|[1]|JSON
21:18:57.0 (5536584)|METHOD_ENTRY|[61]||System.JSON.deserializeStrict(String, System.Type)
21:18:57.0 (6111143)|METHOD_EXIT|[61]||System.JSON.deserializeStrict(String, System.Type)
21:18:57.0 (6123732)|METHOD_EXIT|[6]|01p50000002CIEo|ETLC_ApexBridge_Data.fromJSON(String)
21:18:57.0 (6183771)|VARIABLE_ASSIGNMENT|[6]|data|{"debug":true,"input":"{\"mode\":\"fetchUserFe (34 more) ...","operation":"BFFFollow_Controller"}|0x46f194eb
21:18:57.0 (6189041)|STATEMENT_EXECUTE|[7]
21:18:57.0 (6199864)|HEAP_ALLOCATE|[7]|Bytes:6
21:18:57.0 (6274315)|HEAP_ALLOCATE|[7]|Bytes:202
21:18:57.0 (6296564)|HEAP_ALLOCATE|[7]|Bytes:208
21:18:57.0 (6316391)|USER_DEBUG|[7]|DEBUG|data::ETLC_ApexBridge_Data:[debug=true, input={"mode":"fetchUserFeed","userId":"00550000005cg71AAA"}, isSuccess=null, messages=null, operation=BFFFollow_Controller, output=null, outputFlag=null, records=null]
21:18:57.0 (6323585)|STATEMENT_EXECUTE|[8]
21:18:57.0 (6382587)|VARIABLE_ASSIGNMENT|[EXTERNAL]|this|{"debug":true,"input":"{\"mode\":\"fetchUserFe (34 more) ...","operation":"BFFFollow_Controller"}|0x46f194eb
21:18:57.0 (6403106)|METHOD_ENTRY|[8]||System.Type.forName(String)
21:18:57.0 (8214090)|METHOD_EXIT|[8]||System.Type.forName(String)
21:18:57.0 (8227677)|METHOD_ENTRY|[8]||System.Type.newInstance()
21:18:57.0 (9457241)|STATEMENT_EXECUTE|[1]
21:18:57.0 (9469904)|HEAP_ALLOCATE|[33]|Bytes:5
21:18:57.0 (9485634)|METHOD_EXIT|[1]|BFFFollow_Controller
21:18:57.0 (9501083)|HEAP_ALLOCATE|[33]|Bytes:4
21:18:57.0 (9508653)|VARIABLE_SCOPE_BEGIN|[1]|this|BFFFollow_Controller|true|false
21:18:57.0 (9527662)|VARIABLE_ASSIGNMENT|[1]|this|{}|0x7387ee20
21:18:57.0 (9536043)|HEAP_ALLOCATE|[33]|Bytes:5
21:18:57.0 (9544227)|HEAP_ALLOCATE|[33]|Bytes:11
21:18:57.0 (9563415)|METHOD_ENTRY|[1]|01p50000002CIEj|ETLC_ApexBridge_Abstract.ETLC_ApexBridge_Abstract()
21:18:57.0 (9567008)|STATEMENT_EXECUTE|[1]
21:18:57.0 (9570732)|STATEMENT_EXECUTE|[1]
21:18:57.0 (9576119)|METHOD_EXIT|[1]|ETLC_ApexBridge_Abstract
21:18:57.0 (9586063)|CONSTRUCTOR_ENTRY|[EXTERNAL]|01p50000002CIEj|<init>()
21:18:57.0 (9601776)|VARIABLE_SCOPE_BEGIN|[1]|this|ETLC_ApexBridge_Abstract|true|false
21:18:57.0 (9617713)|VARIABLE_ASSIGNMENT|[1]|this|{}|0x7387ee20
21:18:57.0 (9632407)|STATEMENT_EXECUTE|[1]
21:18:57.0 (9640370)|CONSTRUCTOR_EXIT|[EXTERNAL]|01p50000002CIEj|<init>()
21:18:57.0 (9646156)|STATEMENT_EXECUTE|[1]
21:18:57.0 (9655465)|HEAP_ALLOCATE|[33]|Bytes:5
21:18:57.0 (9672963)|METHOD_EXIT|[8]||System.Type.newInstance()
21:18:57.0 (9681529)|VARIABLE_SCOPE_BEGIN|[8]|executor|ETLC_ApexBridge_Abstract|true|false
21:18:57.0 (9697237)|VARIABLE_ASSIGNMENT|[8]|executor|{}|0x7387ee20
21:18:57.0 (9700204)|STATEMENT_EXECUTE|[9]
21:18:57.0 (9738264)|METHOD_ENTRY|[9]|01p50000002D8iw|BFFFollow_Controller.process(ETLC_ApexBridge_Data)
21:18:57.0 (9762559)|VARIABLE_SCOPE_BEGIN|[3]|this|BFFFollow_Controller|true|false
21:18:57.0 (9779021)|VARIABLE_ASSIGNMENT|[3]|this|{}|0x7387ee20
21:18:57.0 (9782241)|VARIABLE_SCOPE_BEGIN|[3]|data|ETLC_ApexBridge_Data|true|false
21:18:57.0 (9809851)|VARIABLE_ASSIGNMENT|[3]|data|{"debug":true,"input":"{\"mode\":\"fetchUserFe (34 more) ...","operation":"BFFFollow_Controller"}|0x46f194eb
21:18:57.0 (9820102)|HEAP_ALLOCATE|[4]|Bytes:5
21:18:57.0 (9823934)|STATEMENT_EXECUTE|[3]
21:18:57.0 (9825177)|STATEMENT_EXECUTE|[4]
21:18:57.0 (9909535)|VARIABLE_ASSIGNMENT|[EXTERNAL]|this|{"debug":true,"input":"{\"mode\":\"fetchUserFe (34 more) ...","operation":"BFFFollow_Controller"}|0x46f194eb
21:18:57.0 (9938101)|VARIABLE_ASSIGNMENT|[4]|BFFFollow_Controller.debugFlag|true
21:18:57.0 (9981273)|VARIABLE_ASSIGNMENT|[EXTERNAL]|this|{"debug":true,"input":"{\"mode\":\"fetchUserFe (34 more) ...","operation":"BFFFollow_Controller"}|0x46f194eb
21:18:57.0 (9994533)|STATEMENT_EXECUTE|[5]
21:18:57.0 (10004483)|HEAP_ALLOCATE|[5]|Bytes:12
21:18:57.0 (10045053)|HEAP_ALLOCATE|[5]|Bytes:202
21:18:57.0 (10059541)|HEAP_ALLOCATE|[5]|Bytes:214
21:18:57.0 (10070474)|USER_DEBUG|[5]|DEBUG|data BEFORE:ETLC_ApexBridge_Data:[debug=true, input={"mode":"fetchUserFeed","userId":"00550000005cg71AAA"}, isSuccess=null, messages=null, operation=BFFFollow_Controller, output=null, outputFlag=null, records=null]
21:18:57.0 (10077383)|STATEMENT_EXECUTE|[7]
21:18:57.0 (10085694)|HEAP_ALLOCATE|[7]|Bytes:4
21:18:57.0 (10106455)|METHOD_ENTRY|[7]|01p50000002CIEo|ETLC_ApexBridge_Data.getInputValue(String)
21:18:57.0 (10128049)|VARIABLE_SCOPE_BEGIN|[52]|this|ETLC_ApexBridge_Data|true|false
21:18:57.0 (10156608)|VARIABLE_ASSIGNMENT|[52]|this|{"debug":true,"input":"{\"mode\":\"fetchUserFe (34 more) ...","operation":"BFFFollow_Controller"}|0x46f194eb
21:18:57.0 (10161857)|VARIABLE_SCOPE_BEGIN|[52]|key|String|false|false
21:18:57.0 (10165959)|VARIABLE_ASSIGNMENT|[52]|key|"mode"
21:18:57.0 (10170221)|STATEMENT_EXECUTE|[52]
21:18:57.0 (10171725)|STATEMENT_EXECUTE|[53]
21:18:57.0 (10225903)|VARIABLE_ASSIGNMENT|[EXTERNAL]|this|{"debug":true,"input":"{\"mode\":\"fetchUserFe (34 more) ...","operation":"BFFFollow_Controller"}|0x46f194eb
21:18:57.0 (10245459)|METHOD_ENTRY|[53]||System.JSON.deserializeUntyped(String)
21:18:57.0 (10494268)|METHOD_EXIT|[53]||System.JSON.deserializeUntyped(String)
21:18:57.0 (10503779)|VARIABLE_SCOPE_BEGIN|[53]|inputMap|Map<String,ANY>|true|false
21:18:57.0 (10533712)|VARIABLE_ASSIGNMENT|[53]|inputMap|{"s":1,"v":{"mode":"fetchUserFeed","userId":"00550000005cg71AAA"}}|0xcd8b88f
21:18:57.0 (10537357)|STATEMENT_EXECUTE|[54]
21:18:57.0 (10582082)|METHOD_EXIT|[7]|01p50000002CIEo|ETLC_ApexBridge_Data.getInputValue(String)
21:18:57.0 (10588020)|VARIABLE_SCOPE_BEGIN|[7]|mode|String|false|false
21:18:57.0 (10595092)|VARIABLE_ASSIGNMENT|[7]|mode|"fetchUserFeed"
21:18:57.0 (10599386)|HEAP_ALLOCATE|[9]|Bytes:18
21:18:57.0 (10625318)|HEAP_ALLOCATE|[12]|Bytes:17
21:18:57.0 (10633297)|HEAP_ALLOCATE|[14]|Bytes:13
21:18:57.0 (10643292)|STATEMENT_EXECUTE|[14]
21:18:57.0 (10644927)|STATEMENT_EXECUTE|[15]
21:18:57.0 (10657573)|HEAP_ALLOCATE|[15]|Bytes:6
21:18:57.0 (10669261)|METHOD_ENTRY|[15]|01p50000002CIEo|ETLC_ApexBridge_Data.getInputValue(String)
21:18:57.0 (10683056)|VARIABLE_SCOPE_BEGIN|[52]|this|ETLC_ApexBridge_Data|true|false
21:18:57.0 (10712633)|VARIABLE_ASSIGNMENT|[52]|this|{"debug":true,"input":"{\"mode\":\"fetchUserFe (34 more) ...","operation":"BFFFollow_Controller"}|0x46f194eb
21:18:57.0 (10716621)|VARIABLE_SCOPE_BEGIN|[52]|key|String|false|false
21:18:57.0 (10720193)|VARIABLE_ASSIGNMENT|[52]|key|"userId"
21:18:57.0 (10723850)|STATEMENT_EXECUTE|[52]
21:18:57.0 (10725081)|STATEMENT_EXECUTE|[53]
21:18:57.0 (10760054)|VARIABLE_ASSIGNMENT|[EXTERNAL]|this|{"debug":true,"input":"{\"mode\":\"fetchUserFe (34 more) ...","operation":"BFFFollow_Controller"}|0x46f194eb
21:18:57.0 (10772852)|METHOD_ENTRY|[53]||System.JSON.deserializeUntyped(String)
21:18:57.0 (10908181)|METHOD_EXIT|[53]||System.JSON.deserializeUntyped(String)
21:18:57.0 (10916885)|VARIABLE_SCOPE_BEGIN|[53]|inputMap|Map<String,ANY>|true|false
21:18:57.0 (10936322)|VARIABLE_ASSIGNMENT|[53]|inputMap|{"s":1,"v":{"mode":"fetchUserFeed","userId":"00550000005cg71AAA"}}|0x57ade649
21:18:57.0 (10939957)|STATEMENT_EXECUTE|[54]
21:18:57.0 (10960548)|METHOD_EXIT|[15]|01p50000002CIEo|ETLC_ApexBridge_Data.getInputValue(String)
21:18:57.0 (10976286)|HEAP_ALLOCATE|[15]|Bytes:4
21:18:57.0 (10990839)|METHOD_ENTRY|[15]|01p50000002D8iw|BFFFollow_Controller.fetchUserFeed(Id)
21:18:57.0 (10997185)|VARIABLE_SCOPE_BEGIN|[65]|this|BFFFollow_Controller|true|false
21:18:57.0 (11012865)|VARIABLE_ASSIGNMENT|[65]|this|{}|0x7387ee20
21:18:57.0 (11017837)|VARIABLE_SCOPE_BEGIN|[65]|userId|Id|false|false
21:18:57.0 (11118869)|VARIABLE_ASSIGNMENT|[65]|userId|"00550000005cg71AAA"
21:18:57.0 (11130251)|HEAP_ALLOCATE|[66]|Bytes:5
21:18:57.0 (11134199)|STATEMENT_EXECUTE|[65]
21:18:57.0 (11135583)|STATEMENT_EXECUTE|[66]
21:18:57.0 (11136515)|STATEMENT_EXECUTE|[66]
21:18:57.0 (11137404)|STATEMENT_EXECUTE|[67]
21:18:57.0 (11179185)|HEAP_ALLOCATE|[67]|Bytes:24
21:18:57.0 (11193396)|SYSTEM_METHOD_ENTRY|[1]|Network.Network()
21:18:57.0 (11196313)|STATEMENT_EXECUTE|[1]
21:18:57.0 (11204209)|SYSTEM_METHOD_EXIT|[1]|Network
21:18:57.0 (11215689)|METHOD_ENTRY|[67]||System.Network.getNetworkId()
21:18:57.0 (11253511)|METHOD_EXIT|[67]||System.Network.getNetworkId()
21:18:57.0 (11466708)|HEAP_ALLOCATE|[67]|Bytes:18
21:18:57.0 (11507669)|HEAP_ALLOCATE|[67]|Bytes:968
21:18:57.0 (11520921)|SYSTEM_METHOD_ENTRY|[5]|ChatterFeeds.ChatterFeeds()
21:18:57.0 (11523721)|STATEMENT_EXECUTE|[5]
21:18:57.0 (11531210)|SYSTEM_METHOD_EXIT|[5]|ChatterFeeds
21:18:57.0 (11543493)|METHOD_ENTRY|[67]||ConnectApi.ChatterFeeds.getFeedElementsFromFeed(String, ConnectApi.FeedType, String)
21:18:57.0 (82621925)|SYSTEM_METHOD_EXIT|[5]|FeedElementPage
21:18:57.0 (82639624)|HEAP_ALLOCATE|[3649]|Bytes:84
21:18:57.0 (82646090)|HEAP_ALLOCATE|[3649]|Bytes:12
21:18:57.0 (82649915)|HEAP_ALLOCATE|[3649]|Bytes:8
21:18:57.0 (82656569)|VARIABLE_SCOPE_BEGIN|[39]|this|ConnectApi.FeedElementPage|true|false
21:18:57.0 (82711524)|VARIABLE_ASSIGNMENT|[39]|this|{}|0x7dd2a0e9
21:18:57.0 (82715882)|VARIABLE_SCOPE_BEGIN|[39]|versionIn|Double|false|false
21:18:57.0 (82722798)|VARIABLE_ASSIGNMENT|[39]|versionIn|34.0
21:18:57.0 (82724964)|VARIABLE_SCOPE_BEGIN|[39]|javaObj|java:sfdc.chatter.connect.api.output.feeds.FeedElementCollectionRepresentation|true|false
21:18:57.0 (82831027)|VARIABLE_ASSIGNMENT|[39]|javaObj|"sfdc.chatter.connect.api.output.feeds.FeedElementCollectionRepresentation@171a16aa"|0x171a16aa
21:18:57.0 (84199510)|SYSTEM_METHOD_EXIT|[5]|FeedItem
21:18:57.0 (84210326)|HEAP_ALLOCATE|[59]|Bytes:252
21:18:57.0 (84214722)|HEAP_ALLOCATE|[59]|Bytes:12
21:18:57.0 (84218855)|HEAP_ALLOCATE|[59]|Bytes:8
21:18:57.0 (84223060)|VARIABLE_SCOPE_BEGIN|[56]|this|ConnectApi.FeedItem|true|false
21:18:57.0 (84263411)|HEAP_ALLOCATE|[59]|Bytes:312
21:18:57.0 (84269780)|HEAP_ALLOCATE|[59]|Bytes:75
21:18:57.0 (84303733)|SYSTEM_METHOD_ENTRY|[5]|FeedElement.FeedElement()
21:18:57.0 (84307253)|STATEMENT_EXECUTE|[5]
21:18:57.0 (84315662)|SYSTEM_METHOD_EXIT|[5]|FeedElement
21:18:57.0 (84345248)|VARIABLE_ASSIGNMENT|[56]|this|{}|0x163a2da1
21:18:57.0 (84349248)|VARIABLE_SCOPE_BEGIN|[56]|versionIn|Double|false|false
21:18:57.0 (84355020)|VARIABLE_ASSIGNMENT|[56]|versionIn|34.0
21:18:57.0 (84357370)|VARIABLE_SCOPE_BEGIN|[56]|javaObj|java:sfdc.chatter.connect.api.output.feeds.FeedItemRepresentation|true|false
21:18:57.0 (84443717)|VARIABLE_ASSIGNMENT|[56]|javaObj|"\n\u003CFeedItem id(0D55000003LmBsDCAV)\u003E\n\u003CUser id(00550000005cg71AAA) name(Jaswinder Rattanpal) /\u003E\n\u003CFeedBody text(Test 1\n), isRichText(true) /\u003Esfdc.chatter.connect.api.output.feeds.FeedElementCommentCollectionRepresentation@7e070267\n\u003C/FeedItem\u003E"|0x39efe44b
21:18:57.0 (84663655)|SYSTEM_METHOD_EXIT|[5]|FeedBody
21:18:57.0 (84671244)|HEAP_ALLOCATE|[46]|Bytes:36
21:18:57.0 (84675426)|HEAP_ALLOCATE|[46]|Bytes:12
21:18:57.0 (84678472)|HEAP_ALLOCATE|[46]|Bytes:8
21:18:57.0 (84682321)|VARIABLE_SCOPE_BEGIN|[16]|this|ConnectApi.FeedBody|true|false
21:18:57.0 (84703038)|HEAP_ALLOCATE|[46]|Bytes:164
21:18:57.0 (84708187)|HEAP_ALLOCATE|[46]|Bytes:44
21:18:57.0 (84736829)|SYSTEM_METHOD_ENTRY|[5]|AbstractMessageBody.AbstractMessageBody()
21:18:57.0 (84739543)|STATEMENT_EXECUTE|[5]
21:18:57.0 (84746204)|SYSTEM_METHOD_EXIT|[5]|AbstractMessageBody
21:18:57.0 (84759253)|VARIABLE_ASSIGNMENT|[16]|this|{}|0x1489f70c
21:18:57.0 (84762762)|VARIABLE_SCOPE_BEGIN|[16]|versionIn|Double|false|false
21:18:57.0 (84768197)|VARIABLE_ASSIGNMENT|[16]|versionIn|34.0
21:18:57.0 (84770455)|VARIABLE_SCOPE_BEGIN|[16]|javaObj|java:sfdc.chatter.connect.api.output.feeds.FeedBodyRepresentation|true|false
21:18:57.0 (84844424)|VARIABLE_ASSIGNMENT|[16]|javaObj|"\n\u003CFeedBody text(Test 1\n), isRichText(true) /\u003E"|0x53998719
21:18:57.0 (85198941)|SYSTEM_METHOD_EXIT|[5]|MarkupBeginSegment
21:18:57.0 (85207460)|HEAP_ALLOCATE|[43]|Bytes:44
21:18:57.0 (85211395)|HEAP_ALLOCATE|[43]|Bytes:12
21:18:57.0 (85214469)|HEAP_ALLOCATE|[43]|Bytes:8
21:18:57.0 (85218338)|VARIABLE_SCOPE_BEGIN|[20]|this|ConnectApi.MarkupBeginSegment|true|false
21:18:57.0 (85241170)|HEAP_ALLOCATE|[43]|Bytes:120
21:18:57.0 (85246110)|HEAP_ALLOCATE|[43]|Bytes:40
21:18:57.0 (85274828)|SYSTEM_METHOD_ENTRY|[5]|MessageSegment.MessageSegment()
21:18:57.0 (85277501)|STATEMENT_EXECUTE|[5]
21:18:57.0 (85284498)|SYSTEM_METHOD_EXIT|[5]|MessageSegment
21:18:57.0 (85296660)|VARIABLE_ASSIGNMENT|[20]|this|{}|0x15cba337
21:18:57.0 (85299983)|VARIABLE_SCOPE_BEGIN|[20]|versionIn|Double|false|false
21:18:57.0 (85305565)|VARIABLE_ASSIGNMENT|[20]|versionIn|34.0
21:18:57.0 (85307617)|VARIABLE_SCOPE_BEGIN|[20]|javaObj|java:sfdc.chatter.connect.api.output.feeds.MarkupBeginMessageSegmentRepresentation|true|false
21:18:57.0 (85379267)|VARIABLE_ASSIGNMENT|[20]|javaObj|"MarkupBegin(\"Paragraph\", \"p\")"|0x5340d079
21:18:57.0 (86248384)|SYSTEM_METHOD_EXIT|[5]|TextSegment
21:18:57.0 (86257236)|HEAP_ALLOCATE|[43]|Bytes:28
21:18:57.0 (86261330)|HEAP_ALLOCATE|[43]|Bytes:12
21:18:57.0 (86264453)|HEAP_ALLOCATE|[43]|Bytes:8
21:18:57.0 (86267987)|VARIABLE_SCOPE_BEGIN|[16]|this|ConnectApi.TextSegment|true|false
21:18:57.0 (86291259)|VARIABLE_ASSIGNMENT|[16]|this|{}|0x171493d9
21:18:57.0 (86295019)|VARIABLE_SCOPE_BEGIN|[16]|versionIn|Double|false|false
21:18:57.0 (86299986)|VARIABLE_ASSIGNMENT|[16]|versionIn|34.0
21:18:57.0 (86301961)|VARIABLE_SCOPE_BEGIN|[16]|javaObj|java:sfdc.chatter.connect.api.output.feeds.TextMessageSegmentRepresentation|true|false
21:18:57.0 (86370305)|VARIABLE_ASSIGNMENT|[16]|javaObj|"Text(\"Test 1\")"|0x5f8e4817
21:18:57.0 (86678627)|SYSTEM_METHOD_EXIT|[5]|MarkupEndSegment
21:18:57.0 (86686133)|HEAP_ALLOCATE|[43]|Bytes:44
21:18:57.0 (86689980)|HEAP_ALLOCATE|[43]|Bytes:12
21:18:57.0 (86693507)|HEAP_ALLOCATE|[43]|Bytes:8
21:18:57.0 (86697235)|VARIABLE_SCOPE_BEGIN|[20]|this|ConnectApi.MarkupEndSegment|true|false
21:18:57.0 (86723004)|VARIABLE_ASSIGNMENT|[20]|this|{}|0xa188887
21:18:57.0 (86726763)|VARIABLE_SCOPE_BEGIN|[20]|versionIn|Double|false|false
21:18:57.0 (86731674)|VARIABLE_ASSIGNMENT|[20]|versionIn|34.0
21:18:57.0 (86733715)|VARIABLE_SCOPE_BEGIN|[20]|javaObj|java:sfdc.chatter.connect.api.output.feeds.MarkupEndMessageSegmentRepresentation|true|false
21:18:57.0 (86802828)|VARIABLE_ASSIGNMENT|[20]|javaObj|"MarkupEnd(\"Paragraph\", \"p\")"|0x518d7b62
21:18:57.0 (87235677)|SYSTEM_METHOD_EXIT|[5]|FeedElementCapabilities
21:18:57.0 (87245138)|HEAP_ALLOCATE|[49]|Bytes:236
21:18:57.0 (87249180)|HEAP_ALLOCATE|[49]|Bytes:12
21:18:57.0 (87252182)|HEAP_ALLOCATE|[49]|Bytes:8
21:18:57.0 (87255730)|VARIABLE_SCOPE_BEGIN|[77]|this|ConnectApi.FeedElementCapabilities|true|false
21:18:57.0 (87311050)|VARIABLE_ASSIGNMENT|[77]|this|{}|0x6234b0d1
21:18:57.0 (87314795)|VARIABLE_SCOPE_BEGIN|[77]|versionIn|Double|false|false
21:18:57.0 (87320193)|VARIABLE_ASSIGNMENT|[77]|versionIn|34.0
21:18:57.0 (87325330)|VARIABLE_SCOPE_BEGIN|[77]|javaObj|java:sfdc.chatter.connect.api.output.feeds.FeedElementCapabilitySetRepresentation|true|false
21:18:57.0 (87390804)|VARIABLE_ASSIGNMENT|[77]|javaObj|"sfdc.chatter.connect.api.output.feeds.FeedElementCapabilitySetRepresentation@4f579270"|0x4f579270
21:18:57.0 (87579464)|SYSTEM_METHOD_EXIT|[5]|AssociatedActionsCapability
21:18:57.0 (87586505)|HEAP_ALLOCATE|[85]|Bytes:20
21:18:57.0 (87590425)|HEAP_ALLOCATE|[85]|Bytes:12
21:18:57.0 (87593457)|HEAP_ALLOCATE|[85]|Bytes:8
21:18:57.0 (87597072)|VARIABLE_SCOPE_BEGIN|[18]|this|ConnectApi.AssociatedActionsCapability|true|false
21:18:57.0 (87619629)|VARIABLE_ASSIGNMENT|[18]|this|{}|0x14577ad
21:18:57.0 (87623276)|VARIABLE_SCOPE_BEGIN|[18]|versionIn|Double|false|false
21:18:57.0 (87628043)|VARIABLE_ASSIGNMENT|[18]|versionIn|34.0
21:18:57.0 (87630149)|VARIABLE_SCOPE_BEGIN|[18]|javaObj|java:sfdc.chatter.connect.api.output.feeds.AssociatedActionsCapabilityRepresentation|true|false
21:18:57.0 (87696831)|VARIABLE_ASSIGNMENT|[18]|javaObj|"sfdc.chatter.connect.api.output.feeds.AssociatedActionsCapabilityRepresentation@3ba94a8c"|0x3ba94a8c
21:18:57.0 (88094408)|SYSTEM_METHOD_EXIT|[5]|BookmarksCapability
21:18:57.0 (88103115)|HEAP_ALLOCATE|[91]|Bytes:20
21:18:57.0 (88107091)|HEAP_ALLOCATE|[91]|Bytes:12
21:18:57.0 (88110173)|HEAP_ALLOCATE|[91]|Bytes:8
21:18:57.0 (88113944)|VARIABLE_SCOPE_BEGIN|[18]|this|ConnectApi.BookmarksCapability|true|false
21:18:57.0 (88136135)|VARIABLE_ASSIGNMENT|[18]|this|{}|0x7c5cd710
21:18:57.0 (88139539)|VARIABLE_SCOPE_BEGIN|[18]|versionIn|Double|false|false
21:18:57.0 (88144397)|VARIABLE_ASSIGNMENT|[18]|versionIn|34.0
21:18:57.0 (88146439)|VARIABLE_SCOPE_BEGIN|[18]|javaObj|java:sfdc.chatter.connect.api.output.feeds.BookmarksCapabilityRepresentation|true|false
21:18:57.0 (88212478)|VARIABLE_ASSIGNMENT|[18]|javaObj|"sfdc.chatter.connect.api.output.feeds.BookmarksCapabilityRepresentation@f6b1ef9"|0xf6b1ef9
21:18:57.0 (88433725)|SYSTEM_METHOD_EXIT|[5]|ChatterLikesCapability
21:18:57.0 (88441524)|HEAP_ALLOCATE|[103]|Bytes:44
21:18:57.0 (88445694)|HEAP_ALLOCATE|[103]|Bytes:12
21:18:57.0 (88448707)|HEAP_ALLOCATE|[103]|Bytes:8
21:18:57.0 (88452450)|VARIABLE_SCOPE_BEGIN|[24]|this|ConnectApi.ChatterLikesCapability|true|false
21:18:57.0 (88477929)|VARIABLE_ASSIGNMENT|[24]|this|{}|0x25b9f8a6
21:18:57.0 (88481418)|VARIABLE_SCOPE_BEGIN|[24]|versionIn|Double|false|false
21:18:57.0 (88486190)|VARIABLE_ASSIGNMENT|[24]|versionIn|34.0
21:18:57.0 (88488223)|VARIABLE_SCOPE_BEGIN|[24]|javaObj|java:sfdc.chatter.connect.api.output.feeds.ChatterLikesCapabilityRepresentation|true|false
21:18:57.0 (88553968)|VARIABLE_ASSIGNMENT|[24]|javaObj|"sfdc.chatter.connect.api.output.feeds.ChatterLikesCapabilityRepresentation@54b52bb7"|0x54b52bb7
21:18:57.0 (88736594)|SYSTEM_METHOD_EXIT|[5]|MessageBody
21:18:57.0 (88743805)|HEAP_ALLOCATE|[32]|Bytes:36
21:18:57.0 (88747657)|HEAP_ALLOCATE|[32]|Bytes:12
21:18:57.0 (88750600)|HEAP_ALLOCATE|[32]|Bytes:8
21:18:57.0 (88754529)|VARIABLE_SCOPE_BEGIN|[16]|this|ConnectApi.MessageBody|true|false
21:18:57.0 (88777949)|VARIABLE_ASSIGNMENT|[16]|this|{}|0x4e4b8266
21:18:57.0 (88781525)|VARIABLE_SCOPE_BEGIN|[16]|versionIn|Double|false|false
21:18:57.0 (88786064)|VARIABLE_ASSIGNMENT|[16]|versionIn|34.0
21:18:57.0 (88788097)|VARIABLE_SCOPE_BEGIN|[16]|javaObj|java:sfdc.chatter.connect.api.output.feeds.MessageBodyRepresentation|true|false
21:18:57.0 (88862708)|VARIABLE_ASSIGNMENT|[16]|javaObj|"\n\u003CMessageBody text(Test User likes this.), isRichText(null) /\u003E"|0x1980d180
21:18:57.0 (89116528)|SYSTEM_METHOD_EXIT|[5]|EntityLinkSegment
21:18:57.0 (89124839)|HEAP_ALLOCATE|[43]|Bytes:44
21:18:57.0 (89128845)|HEAP_ALLOCATE|[43]|Bytes:12
21:18:57.0 (89131890)|HEAP_ALLOCATE|[43]|Bytes:8
21:18:57.0 (89135472)|VARIABLE_SCOPE_BEGIN|[20]|this|ConnectApi.EntityLinkSegment|true|false
21:18:57.0 (89161354)|VARIABLE_ASSIGNMENT|[20]|this|{}|0x731676de
21:18:57.0 (89164738)|VARIABLE_SCOPE_BEGIN|[20]|versionIn|Double|false|false
21:18:57.0 (89169378)|VARIABLE_ASSIGNMENT|[20]|versionIn|34.0
21:18:57.0 (89171639)|VARIABLE_SCOPE_BEGIN|[20]|javaObj|java:sfdc.chatter.connect.api.output.feeds.EntityLinkMessageSegmentRepresentation|true|false
21:18:57.0 (89241004)|VARIABLE_ASSIGNMENT|[20]|javaObj|"EntityLink(\"Test User\")"|0xe830398
21:18:57.0 (89515856)|SYSTEM_METHOD_EXIT|[5]|Motif
21:18:57.0 (89523669)|HEAP_ALLOCATE|[25]|Bytes:52
21:18:57.0 (89527377)|HEAP_ALLOCATE|[25]|Bytes:12
21:18:57.0 (89530226)|HEAP_ALLOCATE|[25]|Bytes:8
21:18:57.0 (89534409)|VARIABLE_SCOPE_BEGIN|[31]|this|ConnectApi.Motif|true|false
21:18:57.0 (89559327)|VARIABLE_ASSIGNMENT|[31]|this|{}|0x1c49e89c
21:18:57.0 (89562705)|VARIABLE_SCOPE_BEGIN|[31]|versionIn|Double|false|false
21:18:57.0 (89567486)|VARIABLE_ASSIGNMENT|[31]|versionIn|34.0
21:18:57.0 (89569625)|VARIABLE_SCOPE_BEGIN|[31]|javaObj|java:sfdc.common.connect.api.output.common.MotifRepresentation|true|false
21:18:57.0 (89639013)|VARIABLE_ASSIGNMENT|[31]|javaObj|"sfdc.common.connect.api.output.common.MotifRepresentation@3da2644"|0x3da2644
21:18:57.0 (89860019)|SYSTEM_METHOD_EXIT|[5]|Reference
21:18:57.0 (89867118)|HEAP_ALLOCATE|[28]|Bytes:28
21:18:57.0 (89870981)|HEAP_ALLOCATE|[28]|Bytes:12
21:18:57.0 (89873913)|HEAP_ALLOCATE|[28]|Bytes:8
21:18:57.0 (89877808)|VARIABLE_SCOPE_BEGIN|[25]|this|ConnectApi.Reference|true|false
21:18:57.0 (89898576)|VARIABLE_ASSIGNMENT|[25]|this|{}|0x43ba0067
21:18:57.0 (89901983)|VARIABLE_SCOPE_BEGIN|[25]|versionIn|Double|false|false
21:18:57.0 (89909421)|VARIABLE_ASSIGNMENT|[25]|versionIn|34.0
21:18:57.0 (89911795)|VARIABLE_SCOPE_BEGIN|[25]|javaObj|java:sfdc.common.connect.api.output.common.ReferenceRepresentation|true|false
21:18:57.0 (89980360)|VARIABLE_ASSIGNMENT|[25]|javaObj|"sfdc.common.connect.api.output.common.ReferenceRepresentation@5533444b"|0x5533444b
21:18:57.0 (90522401)|SYSTEM_METHOD_EXIT|[5]|ChatterLikePage
21:18:57.0 (90531040)|HEAP_ALLOCATE|[38]|Bytes:84
21:18:57.0 (90535041)|HEAP_ALLOCATE|[38]|Bytes:12
21:18:57.0 (90538015)|HEAP_ALLOCATE|[38]|Bytes:8
21:18:57.0 (90547441)|VARIABLE_SCOPE_BEGIN|[39]|this|ConnectApi.ChatterLikePage|true|false
21:18:57.0 (90578344)|VARIABLE_ASSIGNMENT|[39]|this|{}|0x6ed5b79
21:18:57.0 (90581764)|VARIABLE_SCOPE_BEGIN|[39]|versionIn|Double|false|false
21:18:57.0 (90586594)|VARIABLE_ASSIGNMENT|[39]|versionIn|34.0
21:18:57.0 (90588798)|VARIABLE_SCOPE_BEGIN|[39]|javaObj|java:sfdc.chatter.connect.api.output.feeds.LikeCollectionRepresentation|true|false
21:18:57.0 (90659279)|VARIABLE_ASSIGNMENT|[39]|javaObj|"sfdc.chatter.connect.api.output.feeds.LikeCollectionRepresentation@54d7b5e6"|0x54d7b5e6
21:18:57.0 (90996497)|SYSTEM_METHOD_EXIT|[5]|ChatterLike
21:18:57.0 (91003801)|HEAP_ALLOCATE|[59]|Bytes:44
21:18:57.0 (91008890)|HEAP_ALLOCATE|[59]|Bytes:12
21:18:57.0 (91011794)|HEAP_ALLOCATE|[59]|Bytes:8
21:18:57.0 (91015645)|VARIABLE_SCOPE_BEGIN|[29]|this|ConnectApi.ChatterLike|true|false
21:18:57.0 (91039861)|VARIABLE_ASSIGNMENT|[29]|this|{}|0x477d2e23
21:18:57.0 (91043210)|VARIABLE_SCOPE_BEGIN|[29]|versionIn|Double|false|false
21:18:57.0 (91047993)|VARIABLE_ASSIGNMENT|[29]|versionIn|34.0
21:18:57.0 (91050390)|VARIABLE_SCOPE_BEGIN|[29]|javaObj|java:sfdc.chatter.connect.api.output.feeds.LikeRepresentation|true|false
21:18:57.0 (91118436)|VARIABLE_ASSIGNMENT|[29]|javaObj|"sfdc.chatter.connect.api.output.feeds.LikeRepresentation@8233b9b"|0x8233b9b
21:18:57.0 (91532473)|SYSTEM_METHOD_EXIT|[5]|UserSummary
21:18:57.0 (91540724)|HEAP_ALLOCATE|[44]|Bytes:164
21:18:57.0 (91544812)|HEAP_ALLOCATE|[44]|Bytes:12
21:18:57.0 (91547871)|HEAP_ALLOCATE|[44]|Bytes:8
21:18:57.0 (91551663)|VARIABLE_SCOPE_BEGIN|[18]|this|ConnectApi.UserSummary|true|false
21:18:57.0 (91580339)|HEAP_ALLOCATE|[44]|Bytes:344
21:18:57.0 (91586483)|HEAP_ALLOCATE|[44]|Bytes:76
21:18:57.0 (91616440)|SYSTEM_METHOD_ENTRY|[5]|User.User()
21:18:57.0 (91619102)|STATEMENT_EXECUTE|[5]
21:18:57.0 (91626429)|SYSTEM_METHOD_EXIT|[5]|User
21:18:57.0 (91641381)|HEAP_ALLOCATE|[44]|Bytes:204
21:18:57.0 (91646109)|HEAP_ALLOCATE|[44]|Bytes:49
21:18:57.0 (91653891)|SYSTEM_METHOD_ENTRY|[5]|ActorWithId.ActorWithId()
21:18:57.0 (91655993)|STATEMENT_EXECUTE|[5]
21:18:57.0 (91662206)|SYSTEM_METHOD_EXIT|[5]|ActorWithId
21:18:57.0 (91675340)|HEAP_ALLOCATE|[44]|Bytes:116
21:18:57.0 (91680381)|HEAP_ALLOCATE|[44]|Bytes:40
21:18:57.0 (91689057)|SYSTEM_METHOD_ENTRY|[5]|Actor.Actor()
21:18:57.0 (91691240)|STATEMENT_EXECUTE|[5]
21:18:57.0 (91696727)|SYSTEM_METHOD_EXIT|[5]|Actor
21:18:57.0 (91713429)|VARIABLE_ASSIGNMENT|[18]|this|{}|0x64798f75
21:18:57.0 (91716793)|VARIABLE_SCOPE_BEGIN|[18]|versionIn|Double|false|false
21:18:57.0 (91722248)|VARIABLE_ASSIGNMENT|[18]|versionIn|34.0
21:18:57.0 (91724276)|VARIABLE_SCOPE_BEGIN|[18]|javaObj|java:sfdc.chatter.connect.api.output.user.UserSummaryRepresentation|true|false
21:18:57.0 (91798613)|VARIABLE_ASSIGNMENT|[18]|javaObj|"\n\u003CUser id(00550000005d7KnAAI) name(Test User) /\u003E"|0xd686e99
21:18:57.0 (92417932)|SYSTEM_METHOD_EXIT|[5]|Photo
21:18:57.0 (92426611)|HEAP_ALLOCATE|[64]|Bytes:68
21:18:57.0 (92430453)|HEAP_ALLOCATE|[64]|Bytes:12
21:18:57.0 (92433340)|HEAP_ALLOCATE|[64]|Bytes:8
21:18:57.0 (92436701)|VARIABLE_SCOPE_BEGIN|[35]|this|ConnectApi.Photo|true|false
21:18:57.0 (92464809)|VARIABLE_ASSIGNMENT|[35]|this|{}|0x234a4521
21:18:57.0 (92468257)|VARIABLE_SCOPE_BEGIN|[35]|versionIn|Double|false|false
21:18:57.0 (92472873)|VARIABLE_ASSIGNMENT|[35]|versionIn|34.0
21:18:57.0 (92474803)|VARIABLE_SCOPE_BEGIN|[35]|javaObj|java:sfdc.chatter.connect.api.output.photo.PhotoRepresentation|true|false
21:18:57.0 (92545463)|VARIABLE_ASSIGNMENT|[35]|javaObj|"sfdc.chatter.connect.api.output.photo.PhotoRepresentation@32244d30"|0x32244d30
21:18:57.0 (94359489)|SYSTEM_METHOD_EXIT|[5]|CommentsCapability
21:18:57.0 (94368080)|HEAP_ALLOCATE|[106]|Bytes:20
21:18:57.0 (94372661)|HEAP_ALLOCATE|[106]|Bytes:12
21:18:57.0 (94375803)|HEAP_ALLOCATE|[106]|Bytes:8
21:18:57.0 (94379482)|VARIABLE_SCOPE_BEGIN|[18]|this|ConnectApi.CommentsCapability|true|false
21:18:57.0 (94402228)|VARIABLE_ASSIGNMENT|[18]|this|{}|0x54dcd758
21:18:57.0 (94405866)|VARIABLE_SCOPE_BEGIN|[18]|versionIn|Double|false|false
21:18:57.0 (94410620)|VARIABLE_ASSIGNMENT|[18]|versionIn|34.0
21:18:57.0 (94412965)|VARIABLE_SCOPE_BEGIN|[18]|javaObj|java:sfdc.chatter.connect.api.output.feeds.CommentsCapabilityRepresentation|true|false
21:18:57.0 (94480226)|VARIABLE_ASSIGNMENT|[18]|javaObj|"sfdc.chatter.connect.api.output.feeds.CommentsCapabilityRepresentation@254ee3af"|0x254ee3af
21:18:57.0 (94657219)|SYSTEM_METHOD_EXIT|[5]|CommentPage
21:18:57.0 (94665173)|HEAP_ALLOCATE|[23]|Bytes:68
21:18:57.0 (94670823)|HEAP_ALLOCATE|[23]|Bytes:12
21:18:57.0 (94674724)|HEAP_ALLOCATE|[23]|Bytes:8
21:18:57.0 (94678165)|VARIABLE_SCOPE_BEGIN|[35]|this|ConnectApi.CommentPage|true|false
21:18:57.0 (94707775)|VARIABLE_ASSIGNMENT|[35]|this|{}|0x351367fb
21:18:57.0 (94711505)|VARIABLE_SCOPE_BEGIN|[35]|versionIn|Double|false|false
21:18:57.0 (94716439)|VARIABLE_ASSIGNMENT|[35]|versionIn|34.0
21:18:57.0 (94718498)|VARIABLE_SCOPE_BEGIN|[35]|javaObj|java:sfdc.chatter.connect.api.output.feeds.FeedElementCommentCollectionRepresentation|true|false
21:18:57.0 (94784582)|VARIABLE_ASSIGNMENT|[35]|javaObj|"sfdc.chatter.connect.api.output.feeds.FeedElementCommentCollectionRepresentation@5c054021"|0x5c054021
21:18:57.0 (95085892)|SYSTEM_METHOD_EXIT|[5]|Comment
21:18:57.0 (95094874)|HEAP_ALLOCATE|[48]|Bytes:156
21:18:57.0 (95098697)|HEAP_ALLOCATE|[48]|Bytes:12
21:18:57.0 (95101758)|HEAP_ALLOCATE|[48]|Bytes:8
21:18:57.0 (95105443)|VARIABLE_SCOPE_BEGIN|[57]|this|ConnectApi.Comment|true|false
21:18:57.0 (95146687)|VARIABLE_ASSIGNMENT|[57]|this|{}|0x6e513aee
21:18:57.0 (95150461)|VARIABLE_SCOPE_BEGIN|[57]|versionIn|Double|false|false
21:18:57.0 (95155132)|VARIABLE_ASSIGNMENT|[57]|versionIn|34.0
21:18:57.0 (95157174)|VARIABLE_SCOPE_BEGIN|[57]|javaObj|java:sfdc.chatter.connect.api.output.feeds.CommentRepresentation|true|false
21:18:57.0 (95243620)|VARIABLE_ASSIGNMENT|[57]|javaObj|"\n\u003CComment id(0D750000002KRgU) parent(sfdc.common.connect.api.output.common.ReferenceRepresentation@3c50ff10) \u003E\n\u003CFeedBody text(Test), isRichText(false) /\u003E\n\u003CUser id(00550000005d7KnAAI) name(Test User) /\u003E\n\u003C/Comment"|0x12d26bde
21:18:57.0 (95827538)|SYSTEM_METHOD_EXIT|[5]|CommentCapabilities
21:18:57.0 (95834657)|HEAP_ALLOCATE|[68]|Bytes:28
21:18:57.0 (95838618)|HEAP_ALLOCATE|[68]|Bytes:12
21:18:57.0 (95841644)|HEAP_ALLOCATE|[68]|Bytes:8
21:18:57.0 (95845094)|VARIABLE_SCOPE_BEGIN|[25]|this|ConnectApi.CommentCapabilities|true|false
21:18:57.0 (95867600)|VARIABLE_ASSIGNMENT|[25]|this|{}|0x64a035ed
21:18:57.0 (95871093)|VARIABLE_SCOPE_BEGIN|[25]|versionIn|Double|false|false
21:18:57.0 (95876051)|VARIABLE_ASSIGNMENT|[25]|versionIn|34.0
21:18:57.0 (95878175)|VARIABLE_SCOPE_BEGIN|[25]|javaObj|java:sfdc.chatter.connect.api.output.feeds.CommentCapabilitySetRepresentation|true|false
21:18:57.0 (95948278)|VARIABLE_ASSIGNMENT|[25]|javaObj|"sfdc.chatter.connect.api.output.feeds.CommentCapabilitySetRepresentation@3c1e5dd"|0x3c1e5dd
21:18:57.0 (97956535)|SYSTEM_METHOD_EXIT|[5]|MentionSegment
21:18:57.0 (97965211)|HEAP_ALLOCATE|[43]|Bytes:60
21:18:57.0 (97969069)|HEAP_ALLOCATE|[43]|Bytes:12
21:18:57.0 (97972049)|HEAP_ALLOCATE|[43]|Bytes:8
21:18:57.0 (97976058)|VARIABLE_SCOPE_BEGIN|[24]|this|ConnectApi.MentionSegment|true|false
21:18:57.0 (98005370)|VARIABLE_ASSIGNMENT|[24]|this|{}|0x395f3295
21:18:57.0 (98010020)|VARIABLE_SCOPE_BEGIN|[24]|versionIn|Double|false|false
21:18:57.0 (98014994)|VARIABLE_ASSIGNMENT|[24]|versionIn|34.0
21:18:57.0 (98017076)|VARIABLE_SCOPE_BEGIN|[24]|javaObj|java:sfdc.chatter.connect.api.output.feeds.MentionMessageSegmentRepresentation|true|false
21:18:57.0 (98093861)|VARIABLE_ASSIGNMENT|[24]|javaObj|"Mention(\"Test User\",00550000005d7KnAAI,true)"|0x5cb5770e
21:18:57.0 (106625621)|SYSTEM_METHOD_EXIT|[5]|InteractionsCapability
21:18:57.0 (106636484)|HEAP_ALLOCATE|[127]|Bytes:20
21:18:57.0 (106651348)|HEAP_ALLOCATE|[127]|Bytes:12
21:18:57.0 (106655242)|HEAP_ALLOCATE|[127]|Bytes:8
21:18:57.0 (106660420)|VARIABLE_SCOPE_BEGIN|[18]|this|ConnectApi.InteractionsCapability|true|false
21:18:57.0 (106700170)|VARIABLE_ASSIGNMENT|[18]|this|{}|0x50569e48
21:18:57.0 (106704383)|VARIABLE_SCOPE_BEGIN|[18]|versionIn|Double|false|false
21:18:57.0 (106711532)|VARIABLE_ASSIGNMENT|[18]|versionIn|34.0
21:18:57.0 (106713748)|VARIABLE_SCOPE_BEGIN|[18]|javaObj|java:sfdc.chatter.connect.api.output.feeds.InteractionsCapabilityRepresentation|true|false
21:18:57.0 (106804232)|VARIABLE_ASSIGNMENT|[18]|javaObj|"sfdc.chatter.connect.api.output.feeds.InteractionsCapabilityRepresentation@793bb2ea"|0x793bb2ea
21:18:57.0 (107092466)|SYSTEM_METHOD_EXIT|[5]|MuteCapability
21:18:57.0 (107100822)|HEAP_ALLOCATE|[136]|Bytes:20
21:18:57.0 (107105015)|HEAP_ALLOCATE|[136]|Bytes:12
21:18:57.0 (107108182)|HEAP_ALLOCATE|[136]|Bytes:8
21:18:57.0 (107111807)|VARIABLE_SCOPE_BEGIN|[18]|this|ConnectApi.MuteCapability|true|false
21:18:57.0 (107134757)|VARIABLE_ASSIGNMENT|[18]|this|{}|0x39b0ecc2
21:18:57.0 (107138744)|VARIABLE_SCOPE_BEGIN|[18]|versionIn|Double|false|false
21:18:57.0 (107143818)|VARIABLE_ASSIGNMENT|[18]|versionIn|34.0
21:18:57.0 (107145932)|VARIABLE_SCOPE_BEGIN|[18]|javaObj|java:sfdc.chatter.connect.api.output.feeds.MuteCapabilityRepresentation|true|false
21:18:57.0 (107212591)|VARIABLE_ASSIGNMENT|[18]|javaObj|"sfdc.chatter.connect.api.output.feeds.MuteCapabilityRepresentation@4e4ae1fd"|0x4e4ae1fd
21:18:57.0 (107472497)|SYSTEM_METHOD_EXIT|[5]|StatusCapability
21:18:57.0 (107485965)|HEAP_ALLOCATE|[157]|Bytes:28
21:18:57.0 (107492504)|HEAP_ALLOCATE|[157]|Bytes:12
21:18:57.0 (107495814)|HEAP_ALLOCATE|[157]|Bytes:8
21:18:57.0 (107500044)|VARIABLE_SCOPE_BEGIN|[20]|this|ConnectApi.StatusCapability|true|false
21:18:57.0 (107525521)|VARIABLE_ASSIGNMENT|[20]|this|{}|0x2a0a82a2
21:18:57.0 (107529108)|VARIABLE_SCOPE_BEGIN|[20]|versionIn|Double|false|false
21:18:57.0 (107534086)|VARIABLE_ASSIGNMENT|[20]|versionIn|34.0
21:18:57.0 (107536120)|VARIABLE_SCOPE_BEGIN|[20]|javaObj|java:sfdc.chatter.connect.api.output.feeds.StatusCapabilityRepresentation|true|false
21:18:57.0 (107602685)|VARIABLE_ASSIGNMENT|[20]|javaObj|"sfdc.chatter.connect.api.output.feeds.StatusCapabilityRepresentation@e02c9eb"|0xe02c9eb
21:18:57.0 (108022427)|SYSTEM_METHOD_EXIT|[5]|TopicsCapability
21:18:57.0 (108030668)|HEAP_ALLOCATE|[160]|Bytes:28
21:18:57.0 (108035126)|HEAP_ALLOCATE|[160]|Bytes:12
21:18:57.0 (108038297)|HEAP_ALLOCATE|[160]|Bytes:8
21:18:57.0 (108041922)|VARIABLE_SCOPE_BEGIN|[20]|this|ConnectApi.TopicsCapability|true|false
21:18:57.0 (108066511)|VARIABLE_ASSIGNMENT|[20]|this|{}|0x306af215
21:18:57.0 (108070252)|VARIABLE_SCOPE_BEGIN|[20]|versionIn|Double|false|false
21:18:57.0 (108075263)|VARIABLE_ASSIGNMENT|[20]|versionIn|34.0
21:18:57.0 (108077684)|VARIABLE_SCOPE_BEGIN|[20]|javaObj|java:sfdc.chatter.connect.api.output.feeds.TopicsCapabilityRepresentation|true|false
21:18:57.0 (108174579)|VARIABLE_ASSIGNMENT|[20]|javaObj|"sfdc.chatter.connect.api.output.feeds.TopicsCapabilityRepresentation@29b6b8ec"|0x29b6b8ec
21:18:57.0 (135841265)|METHOD_EXIT|[67]||ConnectApi.ChatterFeeds.getFeedElementsFromFeed(String, ConnectApi.FeedType, String)
21:18:57.0 (135861356)|VARIABLE_SCOPE_BEGIN|[67]|fep|ConnectApi.FeedElementPage|true|false
21:18:57.0 (135934137)|VARIABLE_ASSIGNMENT|[67]|fep|{}|0x7dd2a0e9
21:18:57.0 (135951135)|STATEMENT_EXECUTE|[68]
21:18:57.0 (136059013)|HEAP_ALLOCATE|[68]|Bytes:84
21:18:57.0 (136071442)|VARIABLE_SCOPE_BEGIN|[105]|this|ConnectApi.FeedElementPage|true|false
21:18:57.0 (136110126)|VARIABLE_ASSIGNMENT|[105]|this|{}|0x7dd2a0e9
21:18:57.0 (222983481)|USER_DEBUG|[68]|DEBUG|ConnectApi.FeedElementPage[buildVersion=34.0, currentPageToken=null, currentPageUrl=/services/data/v34.0/chatter/feeds/user-profile/00550000005cg71AAA/feed-elements, elements=(ConnectApi.FeedItem[buildVersion=34.0, actor=ConnectApi.UserSummary[buildVersion=34.0, additionalLabel=null, communityNickname=bfffollow1.4689653052892656E12, companyName=BFFFollow, displayName=Jaswinder Rattanpal, firstName=Jaswinder, id=00550000005cg71AAA, isActive=true, isInThisCommunity=true, lastName=Rattanpal, motif=ConnectApi.Motif[buildVersion=34.0, color=65CAE4, largeIconUrl=/img/icon/profile64.png, mediumIconUrl=/img/icon/profile32.png, smallIconUrl=/img/icon/profile16.png, svgIconUrl=null], mySubscription=null, name=Jaswinder Rattanpal, photo=ConnectApi.Photo[buildVersion=34.0, fullEmailPhotoUrl=https://bfffollow-dev-ed.my.salesforce.com/img/userprofile/default_profile_200.png?fromEmail=1, largePhotoUrl=https://bfffollow-dev-ed--c.na3.content.force.com/profilephoto/005/F, photoVersionId=null, smallPhotoUrl=https://bfffollow-dev-ed--c.na3.content.force.com/profilephoto/005/T, standardEmailPhotoUrl=https://bfffollow-dev-ed.my.salesforce.com/img/userprofile/default_profile_45.png?fromEmail=1, url=/services/data/v34.0/chatter/users/00550000005cg71AAA/photo], reputation=null, title=null, type=User, url=/services/data/v34.0/chatter/users/00550000005cg71AAA, userType=Internal], body=ConnectApi.FeedBody[buildVersion=34.0, messageSegments=(ConnectApi.MarkupBeginSegment[buildVersion=34.0, text=, type=MarkupBegin], ConnectApi.TextSegment[buildVersion=34.0, text=Test 1, type=Text], ConnectApi.MarkupEndSegment[buildVersion=34.0, text=
, type=MarkupEnd]), text=Test 1
], canShare=true, capabilities=ConnectApi.FeedElementCapabilities[buildVersion=34.0, approval=null, associatedActions=ConnectApi.AssociatedActionsCapability[buildVersion=34.0, platformActionGroups=()], banner=null, bookmarks=ConnectApi.BookmarksCapability[buildVersion=34.0, isBookmarkedByCurrentUser=false], bundle=null, canvas=null, caseComment=null, chatterLikes=ConnectApi.ChatterLikesCapability[buildVersion=34.0, isLikedByCurrentUser=false, likesMessage=ConnectApi.MessageBody[buildVersion=34.0, messageSegments=(ConnectApi.EntityLinkSegment[buildVersion=34.0, motif=ConnectApi.Motif[buildVersion=34.0, color=65CAE4, largeIconUrl=/img/icon/profile64.png, mediumIconUrl=/img/icon/profile32.png, smallIconUrl=/img/icon/profile16.png, svgIconUrl=null], reference=ConnectApi.Reference[buildVersion=34.0, id=00550000005d7KnAAI, url=/services/data/v34.0/chatter/users/00550000005d7KnAAI], text=Test User, type=EntityLink], ConnectApi.TextSegment[buildVersion=34.0, text= likes this., type=Text]), text=Test User likes this.], myLike=null, page=ConnectApi.ChatterLikePage[buildVersion=34.0, currentPageToken=0, currentPageUrl=/services/data/v34.0/chatter/feed-elements/0D55000003LmBsDCAV/capabilities/chatter-likes/items, items=(ConnectApi.ChatterLike[buildVersion=34.0, id=0I050000001eN0WCAU, likedItem=ConnectApi.Reference[buildVersion=34.0, id=0D55000003LmBsDCAV, url=/services/data/v34.0/chatter/feed-elements/0D55000003LmBsDCAV], url=/services/data/v34.0/chatter/likes/0I050000001eN0WCAU, user=ConnectApi.UserSummary[buildVersion=34.0, additionalLabel=null, communityNickname=jrattanpal, companyName=null, displayName=Test User, firstName=Test, id=00550000005d7KnAAI, isActive=true, isInThisCommunity=true, lastName=User, motif=ConnectApi.Motif[buildVersion=34.0, color=65CAE4, largeIconUrl=/img/icon/profile64.png, mediumIconUrl=/img/icon/profile32.png, smallIconUrl=/img/icon/profile16.png, svgIconUrl=null], mySubscription=ConnectApi.Reference[buildVersion=34.0, id=0E85000000Dvxc2CAB, url=/services/data/v34.0/chatter/subscriptions/0E85000000Dvxc2CAB], name=Test User, photo=ConnectApi.Photo[buildVersion=34.0, fullEmailPhotoUrl=https://bfffollow-dev-ed.my.salesforce.com/img/userprofile/default_profile_200.png?fromEmail=1, largePhotoUrl=https://bfffollow-dev-ed--c.na3.content.force.com/profilephoto/005/F, photoVersionId=null, smallPhotoUrl=https://bfffollow-dev-ed--c.na3.content.force.com/profilephoto/005/T, standardEmailPhotoUrl=https://bfffollow-dev-ed.my.salesforce.com/img/userprofile/default_profile_45.png?fromEmail=1, url=/services/data/v34.0/chatter/users/00550000005d7KnAAI/photo], reputation=null, title=null, type=User, url=/services/data/v34.0/chatter/users/00550000005d7KnAAI, userType=Internal]]), nextPageToken=null, nextPageUrl=null, previousPageToken=null, previousPageUrl=null, total=1]], comments=ConnectApi.CommentsCapability[buildVersion=34.0, page=ConnectApi.CommentPage[buildVersion=34.0, currentPageToken=null, currentPageUrl=/services/data/v34.0/chatter/feed-elements/0D55000003LmBsDCAV/capabilities/comments/items, items=(ConnectApi.Comment[buildVersion=34.0, body=ConnectApi.FeedBody[buildVersion=34.0, messageSegments=(ConnectApi.TextSegment[buildVersion=34.0, text=Test, type=Text]), text=Test], capabilities=ConnectApi.CommentCapabilities[buildVersion=34.0, content=null, edit=null], clientInfo=null, createdDate=2016-07-21 10:45:26, feedElement=ConnectApi.Reference[buildVersion=34.0, id=0D55000003LmBsDCAV, url=/services/data/v34.0/chatter/feed-elements/0D55000003LmBsDCAV], id=0D750000002KRgUCAW, isDeleteRestricted=false, likes=ConnectApi.ChatterLikePage[buildVersion=34.0, currentPageToken=null, currentPageUrl=/services/data/v34.0/chatter/comments/0D750000002KRgUCAW/likes, items=(), nextPageToken=null, nextPageUrl=null, previousPageToken=null, previousPageUrl=null, total=0], likesMessage=null, moderationFlags=null, myLike=null, parent=ConnectApi.Reference[buildVersion=34.0, id=00550000005cg71AAA, url=/services/data/v34.0/chatter/users/00550000005cg71AAA], relativeCreatedDate=10h ago, type=TextComment, url=/services/data/v34.0/chatter/comments/0D750000002KRgUCAW, user=ConnectApi.UserSummary[buildVersion=34.0, additionalLabel=null, communityNickname=jrattanpal, companyName=null, displayName=Test User, firstName=Test, id=00550000005d7KnAAI, isActive=true, isInThisCommunity=true, lastName=User, motif=ConnectApi.Motif[buildVersion=34.0, color=65CAE4, largeIconUrl=/img/icon/profile64.png, mediumIconUrl=/img/icon/profile32.png, smallIconUrl=/img/icon/profile16.png, svgIconUrl=null], mySubscription=ConnectApi.Reference[buildVersion=34.0, id=0E85000000Dvxc2CAB, url=/services/data/v34.0/chatter/subscriptions/0E85000000Dvxc2CAB], name=Test User, photo=ConnectApi.Photo[buildVersion=34.0, fullEmailPhotoUrl=https://bfffollow-dev-ed.my.salesforce.com/img/userprofile/default_profile_200.png?fromEmail=1, largePhotoUrl=https://bfffollow-dev-ed--c.na3.content.force.com/profilephoto/005/F, photoVersionId=null, smallPhotoUrl=https://bfffollow-dev-ed--c.na3.content.force.com/profilephoto/005/T, standardEmailPhotoUrl=https://bfffollow-dev-ed.my.salesforce.com/img/userprofile/default_profile_45.png?fromEmail=1, url=/services/data/v34.0/chatter/users/00550000005d7KnAAI/photo], reputation=null, title=null, type=User, url=/services/data/v34.0/chatter/users/00550000005d7KnAAI, userType=Internal]], ConnectApi.Comment[buildVersion=34.0, body=ConnectApi.FeedBody[buildVersion=34.0, messageSegments=(ConnectApi.MentionSegment[buildVersion=34.0, accessible=true, name=Test User, record=ConnectApi.UserSummary[buildVersion=34.0, additionalLabel=null, communityNickname=jrattanpal, companyName=null, displayName=Test User, firstName=Test, id=00550000005d7KnAAI, isActive=true, isInThisCommunity=true, lastName=User, motif=ConnectApi.Motif[buildVersion=34.0, color=65CAE4, largeIconUrl=/img/icon/profile64.png, mediumIconUrl=/img/icon/profile32.png, smallIconUrl=/img/icon/profile16.png, svgIconUrl=null], mySubscription=ConnectApi.Reference[buildVersion=34.0, id=0E85000000Dvxc2CAB, url=/services/data/v34.0/chatter/subscriptions/0E85000000Dvxc2CAB], name=Test User, photo=ConnectApi.Photo[buildVersion=34.0, fullEmailPhotoUrl=https://bfffollow-dev-ed.my.salesforce.com/img/userprofile/default_profile_200.png?fromEmail=1, largePhotoUrl=https://bfffollow-dev-ed--c.na3.content.force.com/profilephoto/005/F, photoVersionId=null, smallPhotoUrl=https://bfffollow-dev-ed--c.na3.content.force.com/profilephoto/005/T, standardEmailPhotoUrl=https://bfffollow-dev-ed.my.salesforce.com/img/userprofile/default_profile_45.png?fromEmail=1, url=/services/data/v34.0/chatter/users/00550000005d7KnAAI/photo], reputation=null, title=null, type=User, url=/services/data/v34.0/chatter/users/00550000005d7KnAAI, userType=Internal], text=@Test User, type=Mention]), text=@Test User], capabilities=ConnectApi.CommentCapabilities[buildVersion=34.0, content=null, edit=null], clientInfo=null, createdDate=2016-07-21 10:45:59, feedElement=ConnectApi.Reference[buildVersion=34.0, id=0D55000003LmBsDCAV, url=/services/data/v34.0/chatter/feed-elements/0D55000003LmBsDCAV], id=0D750000002KRl0CAG, isDeleteRestricted=false, likes=ConnectApi.ChatterLikePage[buildVersion=34.0, currentPageToken=null, currentPageUrl=/services/data/v34.0/chatter/comments/0D750000002KRl0CAG/likes, items=(), nextPageToken=null, nextPageUrl=null, previousPageToken=null, previousPageUrl=null, total=0], likesMessage=null, moderationFlags=null, myLike=null, parent=ConnectApi.Reference[buildVersion=34.0, id=00550000005cg71AAA, url=/services/data/v34.0/chatter/users/00550000005cg71AAA], relativeCreatedDate=10h ago, type=TextComment, url=/services/data/v34.0/chatter/comments/0D750000002KRl0CAG, user=ConnectApi.UserSummary[buildVersion=34.0, additionalLabel=null, communityNickname=bfffollow1.4689653052892656E12, companyName=BFFFollow, displayName=Jaswinder Rattanpal, firstName=Jaswinder, id=00550000005cg71AAA, isActive=true, isInThisCommunity=true, lastName=Rattanpal, motif=ConnectApi.Motif[buildVersion=34.0, color=65CAE4, largeIconUrl=/img/icon/profile64.png, mediumIconUrl=/img/icon/profile32.png, smallIconUrl=/img/icon/profile16.png, svgIconUrl=null], mySubscription=null, name=Jaswinder Rattanpal, photo=ConnectApi.Photo[buildVersion=34.0, fullEmailPhotoUrl=https://bfffollow-dev-ed.my.salesforce.com/img/userprofile/default_profile_200.png?fromEmail=1, largePhotoUrl=https://bfffollow-dev-ed--c.na3.content.force.com/profilephoto/005/F, photoVersionId=null, smallPhotoUrl=https://bfffollow-dev-ed--c.na3.content.force.com/profilephoto/005/T, standardEmailPhotoUrl=https://bfffollow-dev-ed.my.salesforce.com/img/userprofile/default_profile_45.png?fromEmail=1, url=/services/data/v34.0/chatter/users/00550000005cg71AAA/photo], reputation=null, title=null, type=User, url=/services/data/v34.0/chatter/users/00550000005cg71AAA, userType=Internal]]), nextPageToken=null, nextPageUrl=null, total=2]], content=null, dashboardComponentSnapshot=null, edit=null, emailMessage=null, enhancedLink=null, link=null, moderation=null, origin=null, poll=null, questionAndAnswers=null, recommendations=null, recordSnapshot=null, topics=ConnectApi.TopicsCapability[buildVersion=34.0, canAssignTopics=true, items=()], trackedChanges=null], clientInfo=null, createdDate=2016-07-21 00:33:49, event=false, feedElementType=FeedItem, header=ConnectApi.MessageBody[buildVersion=34.0, messageSegments=(ConnectApi.EntityLinkSegment[buildVersion=34.0, motif=ConnectApi.Motif[buildVersion=34.0, color=65CAE4, largeIconUrl=/img/icon/profile64.png, mediumIconUrl=/img/icon/profile32.png, smallIconUrl=/img/icon/profile16.png, svgIconUrl=null], reference=ConnectApi.Reference[buildVersion=34.0, id=00550000005cg71AAA, url=/services/data/v34.0/chatter/users/00550000005cg71AAA], text=Jaswinder Rattanpal, type=EntityLink]), text=Jaswinder Rattanpal], id=0D55000003LmBsDCAV, isDeleteRestricted=false, modifiedDate=2016-07-21 10:45:59, originalFeedItem=null, originalFeedItemActor=null, parent=ConnectApi.UserSummary[buildVersion=34.0, additionalLabel=null, communityNickname=bfffollow1.4689653052892656E12, companyName=BFFFollow, displayName=Jaswinder Rattanpal, firstName=Jaswinder, id=00550000005cg71AAA, isActive=true, isInThisCommunity=true, lastName=Rattanpal, motif=ConnectApi.Motif[buildVersion=34.0, color=65CAE4, largeIconUrl=/img/icon/profile64.png, mediumIconUrl=/img/icon/profile32.png, smallIconUrl=/img/icon/profile16.png, svgIconUrl=null], mySubscription=null, name=Jaswinder Rattanpal, photo=ConnectApi.Photo[buildVersion=34.0, fullEmailPhotoUrl=https://bfffollow-dev-ed.my.salesforce.com/img/userprofile/default_profile_200.png?fromEmail=1, largePhotoUrl=https://bfffollow-dev-ed--c.na3.content.force.com/profilephoto/005/F, photoVersionId=null, smallPhotoUrl=https://bfffollow-dev-ed--c.na3.content.force.com/profilephoto/005/T, standardEmailPhotoUrl=https://bfffollow-dev-ed.my.salesforce.com/img/userprofile/default_profile_45.png?fromEmail=1, url=/services/data/v34.0/chatter/users/00550000005cg71AAA/photo], reputation=null, title=null, type=User, url=/services/data/v34.0/chatter/users/00550000005cg71AAA, userType=Internal], photoUrl=https://bfffollow-dev-ed--c.na3.content.force.com/profilephoto/005/T, relativeCreatedDate=20h ago, type=TextPost, url=/services/data/v34.0/chatter/feed-elements/0D55000003LmBsDCAV, visibility=AllUsers], ConnectApi.FeedItem[buildVersion=34.0, actor=ConnectApi.UserSummary[buildVersion=34.0, additionalLabel=null, communityNickname=bfffollow1.4689653052892656E12, companyName=BFFFollow, displayName=Jaswinder Rattanpal, firstName=Jaswinder, id=00550000005cg71AAA, isActive=true, isInThisCommunity=true, lastName=Rattanpal, motif=ConnectApi.Motif[buildVersion=34.0, color=65CAE4, largeIconUrl=/img/icon/profile64.png, mediumIconUrl=/img/icon/profile32.png, smallIconUrl=/img/icon/profile16.png, svgIconUrl=null], mySubscription=null, name=Jaswinder Rattanpal, photo=ConnectApi.Photo[buildVersion=34.0, fullEmailPhotoUrl=https://bfffollow-dev-ed.my.salesforce.com/img/userprofile/default_profile_200.png?fromEmail=1, largePhotoUrl=https://bfffollow-dev-ed--c.na3.content.force.com/profilephoto/005/F, photoVersionId=null, smallPhotoUrl=https://bfffollow-dev-ed--c.na3.content.force.com/profilephoto/005/T, standardEmailPhotoUrl=https://bfffollow-dev-ed.my.salesforce.com/img/userprofile/default_profile_45.png?fromEmail=1, url=/services/data/v34.0/chatter/users/00550000005cg71AAA/photo], reputation=null, title=null, type=User, url=/services/data/v34.0/chatter/users/00550000005cg71AAA, userType=Internal], body=ConnectApi.FeedBody[buildVersion=34.0, messageSegments=(), text=null], canShare=false, capabilities=ConnectApi.FeedElementCapabilities[buildVersion=34.0, approval=null, associatedActions=ConnectApi.AssociatedActionsCapability[buildVersion=34.0, platformActionGroups=()], banner=null, bookmarks=ConnectApi.BookmarksCapability[buildVersion=34.0, isBookmarkedByCurrentUser=false], bundle=null, canvas=null, caseComment=null, chatterLikes=ConnectApi.ChatterLikesCapability[buildVersion=34.0, isLikedByCurrentUser=false, likesMessage=null, myLike=null, page=ConnectApi.ChatterLikePage[buildVersion=34.0, currentPageToken=0, currentPageUrl=/services/data/v34.0/chatter/feed-elements/0D55000003LmBs8CAF/capabilities/chatter-likes/items, items=(), nextPageToken=null, nextPageUrl=null, previousPageToken=null, previousPageUrl=null, total=0]], comments=ConnectApi.CommentsCapability[buildVersion=34.0, page=ConnectApi.CommentPage[buildVersion=34.0, currentPageToken=null, currentPageUrl=/services/data/v34.0/chatter/feed-elements/0D55000003LmBs8CAF/capabilities/comments/items, items=(), nextPageToken=null, nextPageUrl=null, total=0]], content=null, dashboardComponentSnapshot=null, edit=null, emailMessage=null, enhancedLink=null, link=null, moderation=null, origin=null, poll=null, questionAndAnswers=null, recommendations=null, recordSnapshot=null, topics=ConnectApi.TopicsCapability[buildVersion=34.0, canAssignTopics=true, items=()], trackedChanges=null], clientInfo=null, createdDate=2016-07-21 00:33:42, event=false, feedElementType=FeedItem, header=ConnectApi.MessageBody[buildVersion=34.0, messageSegments=(ConnectApi.EntityLinkSegment[buildVersion=34.0, motif=ConnectApi.Motif[buildVersion=34.0, color=65CAE4, largeIconUrl=/img/icon/profile64.png, mediumIconUrl=/img/icon/profile32.png, smallIconUrl=/img/icon/profile16.png, svgIconUrl=null], reference=ConnectApi.Reference[buildVersion=34.0, id=00550000005cg71AAA, url=/services/data/v34.0/chatter/users/00550000005cg71AAA], text=Jaswinder Rattanpal, type=EntityLink], ConnectApi.TextSegment[buildVersion=34.0, text= created the public group , type=Text], ConnectApi.EntityLinkSegment[buildVersion=34.0, motif=ConnectApi.Motif[buildVersion=34.0, color=83B6FF, largeIconUrl=/img/icon/groups64.png, mediumIconUrl=/img/icon/groups32.png, smallIconUrl=/img/icon/groups16.png, svgIconUrl=null], reference=ConnectApi.Reference[buildVersion=34.0, id=0F950000000YJ5jCAG, url=/services/data/v34.0/chatter/groups/0F950000000YJ5jCAG], text=All BFFFollow, type=EntityLink], ConnectApi.TextSegment[buildVersion=34.0, text=., type=Text]), text=Jaswinder Rattanpal created the public group All BFFFollow.], id=0D55000003LmBs8CAF, isDeleteRestricted=true, modifiedDate=2016-07-21 00:33:42, originalFeedItem=null, originalFeedItemActor=null, parent=ConnectApi.UserSummary[buildVersion=34.0, additionalLabel=null, communityNickname=bfffollow1.4689653052892656E12, companyName=BFFFollow, displayName=Jaswinder Rattanpal, firstName=Jaswinder, id=00550000005cg71AAA, isActive=true, isInThisCommunity=true, lastName=Rattanpal, motif=ConnectApi.Motif[buildVersion=34.0, color=65CAE4, largeIconUrl=/img/icon/profile64.png, mediumIconUrl=/img/icon/profile32.png, smallIconUrl=/img/icon/profile16.png, svgIconUrl=null], mySubscription=null, name=Jaswinder Rattanpal, photo=ConnectApi.Photo[buildVersion=34.0, fullEmailPhotoUrl=https://bfffollow-dev-ed.my.salesforce.com/img/userprofile/default_profile_200.png?fromEmail=1, largePhotoUrl=https://bfffollow-dev-ed--c.na3.content.force.com/profilephoto/005/F, photoVersionId=null, smallPhotoUrl=https://bfffollow-dev-ed--c.na3.content.force.com/profilephoto/005/T, standardEmailPhotoUrl=https://bfffollow-dev-ed.my.salesforce.com/img/userprofile/default_profile_45.png?fromEmail=1, url=/services/data/v34.0/chatter/users/00550000005cg71AAA/photo], reputation=null, title=null, type=User, url=/services/data/v34.0/chatter/users/00550000005cg71AAA, userType=Internal], photoUrl=https://bfffollow-dev-ed--c.na3.content.force.com/profilephoto/005/T, relativeCreatedDate=20h ago, type=CollaborationGroupCreated, url=/services/data/v34.0/chatter/feed-elements/0D55000003LmBs8CAF, visibility=AllUsers]), isModifiedToken=null, isModifiedUrl=null, nextPageToken=null, nextPageUrl=null, updatesToken=null, updatesUrl=null]
21:18:57.0 (223080197)|STATEMENT_EXECUTE|[69]
21:18:57.0 (223110682)|METHOD_ENTRY|[69]||System.JSON.serialize(Object)
21:18:57.0 (247586017)|METHOD_EXIT|[69]||System.JSON.serialize(Object)
21:18:57.0 (247608010)|METHOD_EXIT|[15]|01p50000002D8iw|BFFFollow_Controller.fetchUserFeed(Id)
21:18:57.0 (247705260)|VARIABLE_ASSIGNMENT|[EXTERNAL]|this|{"debug":true,"input":"{\"mode\":\"fetchUserFe (34 more) ...","operation":"BFFFollow_Controller"}|0x46f194eb
21:18:57.0 (247718649)|VARIABLE_ASSIGNMENT|[EXTERNAL]|value|"{\"currentPageToken\": (15407 more) ..."
21:18:57.0 (247733590)|VARIABLE_ASSIGNMENT|[12]|this.output|"{\"currentPageToken\": (15407 more) ..."|0x46f194eb
21:18:57.0 (247742612)|STATEMENT_EXECUTE|[16]
21:18:57.0 (247812998)|VARIABLE_ASSIGNMENT|[EXTERNAL]|this|{"debug":true,"input":"{\"mode\":\"fetchUserFe (34 more) ...","operation":"BFFFollow_Controller","output":"{\"currentPageToken\": (15407 more) ..."}|0x46f194eb
21:18:57.0 (247874074)|VARIABLE_ASSIGNMENT|[EXTERNAL]|this|{"debug":true,"input":"{\"mode\":\"fetchUserFe (34 more) ...","operation":"BFFFollow_Controller","output":"{\"currentPageToken\": (15407 more) ..."}|0x46f194eb
21:18:57.0 (247884091)|VARIABLE_ASSIGNMENT|[EXTERNAL]|value|true
21:18:57.0 (247889859)|HEAP_ALLOCATE|[15]|Bytes:5
21:18:57.0 (247900699)|VARIABLE_ASSIGNMENT|[15]|this.outputFlag|true|0x46f194eb
21:18:57.0 (247913702)|STATEMENT_EXECUTE|[19]
21:18:57.0 (247915397)|STATEMENT_EXECUTE|[19]
21:18:57.0 (247924913)|HEAP_ALLOCATE|[19]|Bytes:11
21:18:57.0 (248055491)|HEAP_ALLOCATE|[19]|Bytes:15625
21:18:57.0 (248085553)|HEAP_ALLOCATE|[19]|Bytes:15636
21:18:57.0 (248103345)|USER_DEBUG|[19]|DEBUG|data AFTER:ETLC_ApexBridge_Data:[debug=true, input={"mode":"fetchUserFeed","userId":"00550000005cg71AAA"}, isSuccess=null, messages=null, operation=BFFFollow_Controller, output={"currentPageToken":null,"currentPageUrl":"/services/data/v34.0/chatter/feeds/user-profile/00550000005cg71AAA/feed-elements","elements":[{"actor":{"additionalLabel":null,"communityNickname":"bfffollow1.4689653052892656E12","companyName":"BFFFollow","displayName":"Jaswinder Rattanpal","firstName":"Jaswinder","id":"00550000005cg71AAA","isActive":true,"isInThisCommunity":true,"lastName":"Rattanpal","motif":{"color":"65CAE4","largeIconUrl":"/img/icon/profile64.png","mediumIconUrl":"/img/icon/profile32.png","smallIconUrl":"/img/icon/profile16.png","svgIconUrl":null},"mySubscription":null,"name":"Jaswinder Rattanpal","photo":{"fullEmailPhotoUrl":"https://bfffollow-dev-ed.my.salesforce.com/img/userprofile/default_profile_200.png?fromEmail=1","largePhotoUrl":"https://bfffollow-dev-ed--c.na3.content.force.com/profilephoto/005/F","photoVersionId":null,"smallPhotoUrl":"https://bfffollow-dev-ed--c.na3.content.force.com/profilephoto/005/T","standardEmailPhotoUrl":"https://bfffollow-dev-ed.my.salesforce.com/img/userprofile/default_profile_45.png?fromEmail=1","url":"/services/data/v34.0/chatter/users/00550000005cg71AAA/photo"},"reputation":null,"title":null,"type":"User","url":"/services/data/v34.0/chatter/users/00550000005cg71AAA","userType":"Internal"},"body":{"messageSegments":[{"text":"","type":"MarkupBegin"},{"text":"Test 1","type":"Text"},{"text":"\n","type":"MarkupEnd"}],"text":"Test 1\n"},"canShare":true,"capabilities":{"associatedActions":{"platformActionGroups":[]},"bookmarks":{"isBookmarkedByCurrentUser":false},"chatterLikes":{"isLikedByCurrentUser":false,"likesMessage":{"messageSegments":[{"motif":{"color":"65CAE4","largeIconUrl":"/img/icon/profile64.png","mediumIconUrl":"/img/icon/profile32.png","smallIconUrl":"/img/icon/profile16.png","svgIconUrl":null},"reference":{"id":"00550000005d7KnAAI","url":"/services/data/v34.0/chatter/users/00550000005d7KnAAI"},"text":"Test User","type":"EntityLink"},{"text":" likes this.","type":"Text"}],"text":"Test User likes this."},"myLike":null,"page":{"currentPageToken":0,"currentPageUrl":"/services/data/v34.0/chatter/feed-elements/0D55000003LmBsDCAV/capabilities/chatter-likes/items","items":[{"id":"0I050000001eN0WCAU","likedItem":{"id":"0D55000003LmBsDCAV","url":"/services/data/v34.0/chatter/feed-elements/0D55000003LmBsDCAV"},"url":"/services/data/v34.0/chatter/likes/0I050000001eN0WCAU","user":{"additionalLabel":null,"communityNickname":"jrattanpal","companyName":null,"displayName":"Test User","firstName":"Test","id":"00550000005d7KnAAI","isActive":true,"isInThisCommunity":true,"lastName":"User","motif":{"color":"65CAE4","largeIconUrl":"/img/icon/profile64.png","mediumIconUrl":"/img/icon/profile32.png","smallIconUrl":"/img/icon/profile16.png","svgIconUrl":null},"mySubscription":{"id":"0E85000000Dvxc2CAB","url":"/services/data/v34.0/chatter/subscriptions/0E85000000Dvxc2CAB"},"name":"Test User","photo":{"fullEmailPhotoUrl":"https://bfffollow-dev-ed.my.salesforce.com/img/userprofile/default_profile_200.png?fromEmail=1","largePhotoUrl":"https://bfffollow-dev-ed--c.na3.content.force.com/profilephoto/005/F","photoVersionId":null,"smallPhotoUrl":"https://bfffollow-dev-ed--c.na3.content.force.com/profilephoto/005/T","standardEmailPhotoUrl":"https://bfffollow-dev-ed.my.salesforce.com/img/userprofile/default_profile_45.png?fromEmail=1","url":"/services/data/v34.0/chatter/users/00550000005d7KnAAI/photo"},"reputation":null,"title":null,"type":"User","url":"/services/data/v34.0/chatter/users/00550000005d7KnAAI","userType":"Internal"}}],"nextPageToken":null,"nextPageUrl":null,"previousPageToken":null,"previousPageUrl":null,"total":1}},"comments":{"page":{"currentPageToken":null,"currentPageUrl":"/services/data/v34.0/chatter/feed-elements/0D55000003LmBsDCAV/capabilities/comments/items","items":[{"body":{"messageSegments":[{"text":"Test","type":"Text"}],"text":"Test"},"capabilities":{},"clientInfo":null,"createdDate":"2016-07-21T14:45:26.000Z","feedElement":{"id":"0D55000003LmBsDCAV","url":"/services/data/v34.0/chatter/feed-elements/0D55000003LmBsDCAV"},"id":"0D750000002KRgUCAW","isDeleteRestricted":false,"likes":{"currentPageToken":null,"currentPageUrl":"/services/data/v34.0/chatter/comments/0D750000002KRgUCAW/likes","items":[],"nextPageToken":null,"nextPageUrl":null,"previousPageToken":null,"previousPageUrl":null,"total":0},"likesMessage":null,"moderationFlags":null,"myLike":null,"parent":{"id":"00550000005cg71AAA","url":"/services/data/v34.0/chatter/users/00550000005cg71AAA"},"relativeCreatedDate":"10h ago","type":"TextComment","url":"/services/data/v34.0/chatter/comments/0D750000002KRgUCAW","user":{"additionalLabel":null,"communityNickname":"jrattanpal","companyName":null,"displayName":"Test User","firstName":"Test","id":"00550000005d7KnAAI","isActive":true,"isInThisCommunity":true,"lastName":"User","motif":{"color":"65CAE4","largeIconUrl":"/img/icon/profile64.png","mediumIconUrl":"/img/icon/profile32.png","smallIconUrl":"/img/icon/profile16.png","svgIconUrl":null},"mySubscription":{"id":"0E85000000Dvxc2CAB","url":"/services/data/v34.0/chatter/subscriptions/0E85000000Dvxc2CAB"},"name":"Test User","photo":{"fullEmailPhotoUrl":"https://bfffollow-dev-ed.my.salesforce.com/img/userprofile/default_profile_200.png?fromEmail=1","largePhotoUrl":"https://bfffollow-dev-ed--c.na3.content.force.com/profilephoto/005/F","photoVersionId":null,"smallPhotoUrl":"https://bfffollow-dev-ed--c.na3.content.force.com/profilephoto/005/T","standardEmailPhotoUrl":"https://bfffollow-dev-ed.my.salesforce.com/img/userprofile/default_profile_45.png?fromEmail=1","url":"/services/data/v34.0/chatter/users/00550000005d7KnAAI/photo"},"reputation":null,"title":null,"type":"User","url":"/services/data/v34.0/chatter/users/00550000005d7KnAAI","userType":"Internal"}},{"body":{"messageSegments":[{"accessible":true,"name":"Test User","record":{"additionalLabel":null,"communityNickname":"jrattanpal","companyName":null,"displayName":"Test User","firstName":"Test","id":"00550000005d7KnAAI","isActive":true,"isInThisCommunity":true,"lastName":"User","motif":{"color":"65CAE4","largeIconUrl":"/img/icon/profile64.png","mediumIconUrl":"/img/icon/profile32.png","smallIconUrl":"/img/icon/profile16.png","svgIconUrl":null},"mySubscription":{"id":"0E85000000Dvxc2CAB","url":"/services/data/v34.0/chatter/subscriptions/0E85000000Dvxc2CAB"},"name":"Test User","photo":{"fullEmailPhotoUrl":"https://bfffollow-dev-ed.my.salesforce.com/img/userprofile/default_profile_200.png?fromEmail=1","largePhotoUrl":"https://bfffollow-dev-ed--c.na3.content.force.com/profilephoto/005/F","photoVersionId":null,"smallPhotoUrl":"https://bfffollow-dev-ed--c.na3.content.force.com/profilephoto/005/T","standardEmailPhotoUrl":"https://bfffollow-dev-ed.my.salesforce.com/img/userprofile/default_profile_45.png?fromEmail=1","url":"/services/data/v34.0/chatter/users/00550000005d7KnAAI/photo"},"reputation":null,"title":null,"type":"User","url":"/services/data/v34.0/chatter/users/00550000005d7KnAAI","userType":"Internal"},"text":"@Test User","type":"Mention"}],"text":"@Test User"},"capabilities":{},"clientInfo":null,"createdDate":"2016-07-21T14:45:59.000Z","feedElement":{"id":"0D55000003LmBsDCAV","url":"/services/data/v34.0/chatter/feed-elements/0D55000003LmBsDCAV"},"id":"0D750000002KRl0CAG","isDeleteRestricted":false,"likes":{"currentPageToken":null,"currentPageUrl":"/services/data/v34.0/chatter/comments/0D750000002KRl0CAG/likes","items":[],"nextPageToken":null,"nextPageUrl":null,"previousPageToken":null,"previousPageUrl":null,"total":0},"likesMessage":null,"moderationFlags":null,"myLike":null,"parent":{"id":"00550000005cg71AAA","url":"/services/data/v34.0/chatter/users/00550000005cg71AAA"},"relativeCreatedDate":"10h ago","type":"TextComment","url":"/services/data/v34.0/chatter/comments/0D750000002KRl0CAG","user":{"additionalLabel":null,"communityNickname":"bfffollow1.4689653052892656E12","companyName":"BFFFollow","displayName":"Jaswinder Rattanpal","firstName":"Jaswinder","id":"00550000005cg71AAA","isActive":true,"isInThisCommunity":true,"lastName":"Rattanpal","motif":{"color":"65CAE4","largeIconUrl":"/img/icon/profile64.png","mediumIconUrl":"/img/icon/profile32.png","smallIconUrl":"/img/icon/profile16.png","svgIconUrl":null},"mySubscription":null,"name":"Jaswinder Rattanpal","photo":{"fullEmailPhotoUrl":"https://bfffollow-dev-ed.my.salesforce.com/img/userprofile/default_profile_200.png?fromEmail=1","largePhotoUrl":"https://bfffollow-dev-ed--c.na3.content.force.com/profilephoto/005/F","photoVersionId":null,"smallPhotoUrl":"https://bfffollow-dev-ed--c.na3.content.force.com/profilephoto/005/T","standardEmailPhotoUrl":"https://bfffollow-dev-ed.my.salesforce.com/img/userprofile/default_profile_45.png?fromEmail=1","url":"/services/data/v34.0/chatter/users/00550000005cg71AAA/photo"},"reputation":null,"title":null,"type":"User","url":"/services/data/v34.0/chatter/users/00550000005cg71AAA","userType":"Internal"}}],"nextPageToken":null,"nextPageUrl":null,"total":2}},"topics":{"canAssignTopics":true,"items":[]}},"clientInfo":null,"createdDate":"2016-07-21T04:33:49.000Z","event":false,"feedElementType":"FeedItem","header":{"messageSegments":[{"motif":{"color":"65CAE4","largeIconUrl":"/img/icon/profile64.png","mediumIconUrl":"/img/icon/profile32.png","smallIconUrl":"/img/icon/profile16.png","svgIconUrl":null},"reference":{"id":"00550000005cg71AAA","url":"/services/data/v34.0/chatter/users/00550000005cg71AAA"},"text":"Jaswinder Rattanpal","type":"EntityLink"}],"text":"Jaswinder Rattanpal"},"id":"0D55000003LmBsDCAV","isDeleteRestricted":false,"modifiedDate":"2016-07-21T14:45:59.000Z","originalFeedItem":null,"originalFeedItemActor":null,"parent":{"additionalLabel":null,"communityNickname":"bfffollow1.4689653052892656E12","companyName":"BFFFollow","displayName":"Jaswinder Rattanpal","firstName":"Jaswinder","id":"00550000005cg71AAA","isActive":true,"isInThisCommunity":true,"lastName":"Rattanpal","motif":{"color":"65CAE4","largeIconUrl":"/img/icon/profile64.png","mediumIconUrl":"/img/icon/profile32.png","smallIconUrl":"/img/icon/profile16.png","svgIconUrl":null},"mySubscription":null,"name":"Jaswinder Rattanpal","photo":{"fullEmailPhotoUrl":"https://bfffollow-dev-ed.my.salesforce.com/img/userprofile/default_profile_200.png?fromEmail=1","largePhotoUrl":"https://bfffollow-dev-ed--c.na3.content.force.com/profilephoto/005/F","photoVersionId":null,"smallPhotoUrl":"https://bfffollow-dev-ed--c.na3.content.force.com/profilephoto/005/T","standardEmailPhotoUrl":"https://bfffollow-dev-ed.my.salesforce.com/img/userprofile/default_profile_45.png?fromEmail=1","url":"/services/data/v34.0/chatter/users/00550000005cg71AAA/photo"},"reputation":null,"title":null,"type":"User","url":"/services/data/v34.0/chatter/users/00550000005cg71AAA","userType":"Internal"},"photoUrl":"https://bfffollow-dev-ed--c.na3.content.force.com/profilephoto/005/T","relativeCreatedDate":"20h ago","type":"TextPost","url":"/services/data/v34.0/chatter/feed-elements/0D55000003LmBsDCAV","visibility":"AllUsers"},{"actor":{"additionalLabel":null,"communityNickname":"bfffollow1.4689653052892656E12","companyName":"BFFFollow","displayName":"Jaswinder Rattanpal","firstName":"Jaswinder","id":"00550000005cg71AAA","isActive":true,"isInThisCommunity":true,"lastName":"Rattanpal","motif":{"color":"65CAE4","largeIconUrl":"/img/icon/profile64.png","mediumIconUrl":"/img/icon/profile32.png","smallIconUrl":"/img/icon/profile16.png","svgIconUrl":null},"mySubscription":null,"name":"Jaswinder Rattanpal","photo":{"fullEmailPhotoUrl":"https://bfffollow-dev-ed.my.salesforce.com/img/userprofile/default_profile_200.png?fromEmail=1","largePhotoUrl":"https://bfffollow-dev-ed--c.na3.content.force.com/profilephoto/005/F","photoVersionId":null,"smallPhotoUrl":"https://bfffollow-dev-ed--c.na3.content.force.com/profilephoto/005/T","standardEmailPhotoUrl":"https://bfffollow-dev-ed.my.salesforce.com/img/userprofile/default_profile_45.png?fromEmail=1","url":"/services/data/v34.0/chatter/users/00550000005cg71AAA/photo"},"reputation":null,"title":null,"type":"User","url":"/services/data/v34.0/chatter/users/00550000005cg71AAA","userType":"Internal"},"body":{"messageSegments":[],"text":null},"canShare":false,"capabilities":{"associatedActions":{"platformActionGroups":[]},"bookmarks":{"isBookmarkedByCurrentUser":false},"chatterLikes":{"isLikedByCurrentUser":false,"likesMessage":null,"myLike":null,"page":{"currentPageToken":0,"currentPageUrl":"/services/data/v34.0/chatter/feed-elements/0D55000003LmBs8CAF/capabilities/chatter-likes/items","items":[],"nextPageToken":null,"nextPageUrl":null,"previousPageToken":null,"previousPageUrl":null,"total":0}},"comments":{"page":{"currentPageToken":null,"currentPageUrl":"/services/data/v34.0/chatter/feed-elements/0D55000003LmBs8CAF/capabilities/comments/items","items":[],"nextPageToken":null,"nextPageUrl":null,"total":0}},"topics":{"canAssignTopics":true,"items":[]}},"clientInfo":null,"createdDate":"2016-07-21T04:33:42.000Z","event":false,"feedElementType":"FeedItem","header":{"messageSegments":[{"motif":{"color":"65CAE4","largeIconUrl":"/img/icon/profile64.png","mediumIconUrl":"/img/icon/profile32.png","smallIconUrl":"/img/icon/profile16.png","svgIconUrl":null},"reference":{"id":"00550000005cg71AAA","url":"/services/data/v34.0/chatter/users/00550000005cg71AAA"},"text":"Jaswinder Rattanpal","type":"EntityLink"},{"text":" created the public group ","type":"Text"},{"motif":{"color":"83B6FF","largeIconUrl":"/img/icon/groups64.png","mediumIconUrl":"/img/icon/groups32.png","smallIconUrl":"/img/icon/groups16.png","svgIconUrl":null},"reference":{"id":"0F950000000YJ5jCAG","url":"/services/data/v34.0/chatter/groups/0F950000000YJ5jCAG"},"text":"All BFFFollow","type":"EntityLink"},{"text":".","type":"Text"}],"text":"Jaswinder Rattanpal created the public group All BFFFollow."},"id":"0D55000003LmBs8CAF","isDeleteRestricted":true,"modifiedDate":"2016-07-21T04:33:42.000Z","originalFeedItem":null,"originalFeedItemActor":null,"parent":{"additionalLabel":null,"communityNickname":"bfffollow1.4689653052892656E12","companyName":"BFFFollow","displayName":"Jaswinder Rattanpal","firstName":"Jaswinder","id":"00550000005cg71AAA","isActive":true,"isInThisCommunity":true,"lastName":"Rattanpal","motif":{"color":"65CAE4","largeIconUrl":"/img/icon/profile64.png","mediumIconUrl":"/img/icon/profile32.png","smallIconUrl":"/img/icon/profile16.png","svgIconUrl":null},"mySubscription":null,"name":"Jaswinder Rattanpal","photo":{"fullEmailPhotoUrl":"https://bfffollow-dev-ed.my.salesforce.com/img/userprofile/default_profile_200.png?fromEmail=1","largePhotoUrl":"https://bfffollow-dev-ed--c.na3.content.force.com/profilephoto/005/F","photoVersionId":null,"smallPhotoUrl":"https://bfffollow-dev-ed--c.na3.content.force.com/profilephoto/005/T","standardEmailPhotoUrl":"https://bfffollow-dev-ed.my.salesforce.com/img/userprofile/default_profile_45.png?fromEmail=1","url":"/services/data/v34.0/chatter/users/00550000005cg71AAA/photo"},"reputation":null,"title":null,"type":"User","url":"/services/data/v34.0/chatter/users/00550000005cg71AAA","userType":"Internal"},"photoUrl":"https://bfffollow-dev-ed--c.na3.content.force.com/profilephoto/005/T","relativeCreatedDate":"20h ago","type":"CollaborationGroupCreated","url":"/services/data/v34.0/chatter/feed-elements/0D55000003LmBs8CAF","visibility":"AllUsers"}],"isModifiedToken":null,"isModifiedUrl":null,"nextPageToken":null,"nextPageUrl":null,"updatesToken":null,"updatesUrl":null}, outputFlag=true, records=null]
21:18:57.0 (248179165)|METHOD_EXIT|[9]|01p50000002D8iw|BFFFollow_Controller.process(ETLC_ApexBridge_Data)
21:18:57.0 (248184026)|STATEMENT_EXECUTE|[24]
21:18:57.0 (248207927)|METHOD_ENTRY|[24]|01p50000002CIEo|ETLC_ApexBridge_Data.toJSON()
21:18:57.0 (248230156)|VARIABLE_SCOPE_BEGIN|[57]|this|ETLC_ApexBridge_Data|true|false
21:18:57.0 (248262809)|VARIABLE_ASSIGNMENT|[57]|this|{"debug":true,"input":"{\"mode\":\"fetchUserFe (34 more) ...","operation":"BFFFollow_Controller","output":"{\"currentPageToken\": (15407 more) ...","outputFlag":true}|0x46f194eb
21:18:57.0 (248269031)|STATEMENT_EXECUTE|[57]
21:18:57.0 (248270423)|STATEMENT_EXECUTE|[58]
21:18:57.0 (248285006)|METHOD_ENTRY|[58]||System.JSON.serialize(Object)
21:18:57.0 (248357625)|STATEMENT_EXECUTE|[22]
21:18:57.0 (248362544)|STATEMENT_EXECUTE|[23]
21:18:57.0 (248372625)|HEAP_ALLOCATE|[23]|Bytes:5
21:18:57.0 (248382178)|VARIABLE_ASSIGNMENT|[23]|this.isSuccess|true|0x46f194eb
21:18:57.0 (248384822)|STATEMENT_EXECUTE|[24]
21:18:57.0 (248432300)|STATEMENT_EXECUTE|[31]
21:18:57.0 (248436911)|STATEMENT_EXECUTE|[32]
21:18:57.0 (248446228)|HEAP_ALLOCATE|[32]|Bytes:4
21:18:57.0 (248522139)|VARIABLE_ASSIGNMENT|[32]|this.messages|{"s":1,"v":{}}|0x46f194eb
21:18:57.0 (248526438)|STATEMENT_EXECUTE|[33]
21:18:57.0 (249017175)|METHOD_EXIT|[58]||System.JSON.serialize(Object)
21:18:57.0 (249024787)|METHOD_EXIT|[24]|01p50000002CIEo|ETLC_ApexBridge_Data.toJSON()
21:18:57.0 (249036368)|SYSTEM_MODE_EXIT|false
21:18:57.249 (249080823)|CUMULATIVE_LIMIT_USAGE
21:18:57.249 (249080823)|LIMIT_USAGE_FOR_NS|(default)|
  Number of SOQL queries: 0 out of 100
  Number of query rows: 0 out of 50000
  Number of SOSL queries: 0 out of 20
  Number of DML statements: 0 out of 150
  Number of DML rows: 0 out of 10000
  Maximum CPU time: 0 out of 10000
  Maximum heap size: 0 out of 6000000
  Number of callouts: 0 out of 100
  Number of Email Invocations: 0 out of 10
  Number of future calls: 0 out of 50
  Number of queueable jobs added to the queue: 0 out of 50
  Number of Mobile Apex push calls: 0 out of 10

21:18:57.249 (249080823)|CUMULATIVE_LIMIT_USAGE_END

21:18:57.0 (249135608)|CODE_UNIT_FINISHED|ETLC_ApexBridge_Controller.execute
