37.0 APEX_CODE,FINEST;APEX_PROFILING,INFO;CALLOUT,INFO;DB,INFO;SYSTEM,DEBUG;VALIDATION,INFO;VISUALFORCE,INFO;WORKFLOW,INFO
16:17:56.0 (391052)|USER_INFO|[EXTERNAL]|00550000005cg71|bfffollow@jr.te|Eastern Standard Time|GMT-04:00
16:17:56.0 (431532)|EXECUTION_STARTED
16:17:56.0 (438366)|CODE_UNIT_STARTED|[EXTERNAL]|aura
16:17:56.0 (889715)|HEAP_ALLOCATE|[72]|Bytes:3
16:17:56.0 (986884)|HEAP_ALLOCATE|[77]|Bytes:152
16:17:56.0 (1012046)|HEAP_ALLOCATE|[342]|Bytes:408
16:17:56.0 (1045204)|HEAP_ALLOCATE|[355]|Bytes:408
16:17:56.0 (1066221)|HEAP_ALLOCATE|[467]|Bytes:48
16:17:56.0 (1098222)|HEAP_ALLOCATE|[139]|Bytes:6
16:17:56.0 (1125530)|HEAP_ALLOCATE|[EXTERNAL]|Bytes:268
16:17:56.0 (1164753)|HEAP_ALLOCATE|[EXTERNAL]|Bytes:268
16:17:56.0 (2090524)|CODE_UNIT_STARTED|[EXTERNAL]|01p50000002CIEm|ETLC_ApexBridge_Controller.execute
16:17:56.0 (2691391)|HEAP_ALLOCATE|[EXTERNAL]|Bytes:1
16:17:56.0 (2697647)|HEAP_ALLOCATE|[EXTERNAL]|Bytes:10
16:17:56.0 (2734472)|METHOD_ENTRY|[1]|01p50000002CIEm|ETLC_ApexBridge_Controller.ETLC_ApexBridge_Controller()
16:17:56.0 (2739617)|STATEMENT_EXECUTE|[1]
16:17:56.0 (2746743)|STATEMENT_EXECUTE|[1]
16:17:56.0 (2766853)|METHOD_EXIT|[1]|ETLC_ApexBridge_Controller
16:17:56.0 (2772457)|HEAP_ALLOCATE|[EXTERNAL]|Bytes:268
16:17:56.0 (2784831)|SYSTEM_MODE_ENTER|false
16:17:56.0 (2795313)|VARIABLE_SCOPE_BEGIN|[3]|dataJson|String|false|false
16:17:56.0 (2973778)|VARIABLE_ASSIGNMENT|[3]|dataJson|"{\"operation\":\"BFFFol (248 more) ..."
16:17:56.0 (2989992)|STATEMENT_EXECUTE|[3]
16:17:56.0 (2991749)|STATEMENT_EXECUTE|[4]
16:17:56.0 (5111941)|VARIABLE_SCOPE_BEGIN|[4]|data|ETLC_ApexBridge_Data|true|false
16:17:56.0 (5125345)|VARIABLE_ASSIGNMENT|[4]|data|null|
16:17:56.0 (5128626)|STATEMENT_EXECUTE|[5]
16:17:56.0 (5129942)|STATEMENT_EXECUTE|[5]
16:17:56.0 (5130926)|STATEMENT_EXECUTE|[6]
16:17:56.0 (5147011)|HEAP_ALLOCATE|[6]|Bytes:11
16:17:56.0 (5154125)|HEAP_ALLOCATE|[6]|Bytes:248
16:17:56.0 (5157305)|HEAP_ALLOCATE|[6]|Bytes:39
16:17:56.0 (5190570)|METHOD_ENTRY|[2]|01p50000002CIEo|ETLC_ApexBridge_Data.ETLC_ApexBridge_Data()
16:17:56.0 (5193671)|STATEMENT_EXECUTE|[2]
16:17:56.0 (5197807)|STATEMENT_EXECUTE|[2]
16:17:56.0 (5203846)|METHOD_EXIT|[2]|ETLC_ApexBridge_Data
16:17:56.0 (5235097)|METHOD_ENTRY|[6]|01p50000002CIEo|ETLC_ApexBridge_Data.fromJSON(String)
16:17:56.0 (5261969)|VARIABLE_SCOPE_BEGIN|[60]|strJson|String|false|false
16:17:56.0 (5272769)|VARIABLE_ASSIGNMENT|[60]|strJson|"{\"operation\":\"BFFFol (248 more) ..."
16:17:56.0 (5277210)|STATEMENT_EXECUTE|[60]
16:17:56.0 (5278482)|STATEMENT_EXECUTE|[61]
16:17:56.0 (5287392)|HEAP_ALLOCATE|[61]|Bytes:20
16:17:56.0 (5318952)|HEAP_ALLOCATE|[50]|Bytes:5
16:17:56.0 (5346656)|HEAP_ALLOCATE|[56]|Bytes:5
16:17:56.0 (5355514)|HEAP_ALLOCATE|[64]|Bytes:7
16:17:56.0 (5456478)|HEAP_ALLOCATE|[61]|Bytes:24
16:17:56.0 (5467814)|SYSTEM_METHOD_ENTRY|[1]|Type.Type()
16:17:56.0 (5472035)|STATEMENT_EXECUTE|[1]
16:17:56.0 (5481276)|SYSTEM_METHOD_EXIT|[1]|Type
16:17:56.0 (5487620)|HEAP_ALLOCATE|[61]|Bytes:8
16:17:56.0 (5511000)|HEAP_ALLOCATE|[61]|Bytes:8
16:17:56.0 (5515535)|VARIABLE_SCOPE_BEGIN|[4]|this|System.Type|true|false
16:17:56.0 (5572273)|VARIABLE_ASSIGNMENT|[4]|this|{}|0x6988342
16:17:56.0 (5576726)|VARIABLE_SCOPE_BEGIN|[4]|apextype|java:common.apex.runtime.ApexObjectType|true|false
16:17:56.0 (5697392)|VARIABLE_ASSIGNMENT|[4]|apextype|"ETLC_ApexBridge_Data"|0x305ed7f9
16:17:56.0 (5766943)|HEAP_ALLOCATE|[61]|Bytes:8
16:17:56.0 (5806737)|HEAP_ALLOCATE|[61]|Bytes:24
16:17:56.0 (5816470)|SYSTEM_METHOD_ENTRY|[1]|JSON.JSON()
16:17:56.0 (5818635)|STATEMENT_EXECUTE|[1]
16:17:56.0 (5825279)|SYSTEM_METHOD_EXIT|[1]|JSON
16:17:56.0 (5838033)|METHOD_ENTRY|[61]||System.JSON.deserializeStrict(String, System.Type)
16:17:56.0 (6475611)|METHOD_EXIT|[61]||System.JSON.deserializeStrict(String, System.Type)
16:17:56.0 (6489374)|METHOD_EXIT|[6]|01p50000002CIEo|ETLC_ApexBridge_Data.fromJSON(String)
16:17:56.0 (6549889)|VARIABLE_ASSIGNMENT|[6]|data|{"debug":true,"input":"{\"mode\":\"saveFollowe (148 more) ...","operation":"BFFFollow_Controller"}|0x17a4d2b9
16:17:56.0 (6554932)|STATEMENT_EXECUTE|[7]
16:17:56.0 (6565073)|HEAP_ALLOCATE|[7]|Bytes:6
16:17:56.0 (6639403)|HEAP_ALLOCATE|[7]|Bytes:316
16:17:56.0 (6662499)|HEAP_ALLOCATE|[7]|Bytes:322
16:17:56.0 (6684326)|USER_DEBUG|[7]|DEBUG|data::ETLC_ApexBridge_Data:[debug=true, input={"mode":"saveFollowedUsers","followedUsers":"[{\"id\":\"00550000005cg71AAA\",\"name\":\"Jaswinder Rattanpal\"},{\"id\":\"00550000005d7KnAAI\",\"name\":\"Test User\"}]"}, isSuccess=null, messages=null, operation=BFFFollow_Controller, output=null, outputFlag=null, records=null]
16:17:56.0 (6692733)|STATEMENT_EXECUTE|[8]
16:17:56.0 (6746964)|VARIABLE_ASSIGNMENT|[EXTERNAL]|this|{"debug":true,"input":"{\"mode\":\"saveFollowe (148 more) ...","operation":"BFFFollow_Controller"}|0x17a4d2b9
16:17:56.0 (6767642)|METHOD_ENTRY|[8]||System.Type.forName(String)
16:17:56.0 (8640430)|METHOD_EXIT|[8]||System.Type.forName(String)
16:17:56.0 (8653335)|METHOD_ENTRY|[8]||System.Type.newInstance()
16:17:56.0 (9914215)|STATEMENT_EXECUTE|[1]
16:17:56.0 (9928600)|HEAP_ALLOCATE|[33]|Bytes:5
16:17:56.0 (9941445)|METHOD_EXIT|[1]|BFFFollow_Controller
16:17:56.0 (9956668)|HEAP_ALLOCATE|[33]|Bytes:4
16:17:56.0 (9963481)|VARIABLE_SCOPE_BEGIN|[1]|this|BFFFollow_Controller|true|false
16:17:56.0 (9979187)|VARIABLE_ASSIGNMENT|[1]|this|{}|0xf4cd14c
16:17:56.0 (9987738)|HEAP_ALLOCATE|[33]|Bytes:5
16:17:56.0 (9995982)|HEAP_ALLOCATE|[33]|Bytes:11
16:17:56.0 (10011761)|METHOD_ENTRY|[1]|01p50000002CIEj|ETLC_ApexBridge_Abstract.ETLC_ApexBridge_Abstract()
16:17:56.0 (10015506)|STATEMENT_EXECUTE|[1]
16:17:56.0 (10019386)|STATEMENT_EXECUTE|[1]
16:17:56.0 (10024773)|METHOD_EXIT|[1]|ETLC_ApexBridge_Abstract
16:17:56.0 (10032139)|CONSTRUCTOR_ENTRY|[EXTERNAL]|01p50000002CIEj|<init>()
16:17:56.0 (10051197)|VARIABLE_SCOPE_BEGIN|[1]|this|ETLC_ApexBridge_Abstract|true|false
16:17:56.0 (10065148)|VARIABLE_ASSIGNMENT|[1]|this|{}|0xf4cd14c
16:17:56.0 (10078318)|STATEMENT_EXECUTE|[1]
16:17:56.0 (10082304)|CONSTRUCTOR_EXIT|[EXTERNAL]|01p50000002CIEj|<init>()
16:17:56.0 (10087062)|STATEMENT_EXECUTE|[1]
16:17:56.0 (10092366)|HEAP_ALLOCATE|[33]|Bytes:5
16:17:56.0 (10108189)|METHOD_EXIT|[8]||System.Type.newInstance()
16:17:56.0 (10116359)|VARIABLE_SCOPE_BEGIN|[8]|executor|ETLC_ApexBridge_Abstract|true|false
16:17:56.0 (10128106)|VARIABLE_ASSIGNMENT|[8]|executor|{}|0xf4cd14c
16:17:56.0 (10130852)|STATEMENT_EXECUTE|[9]
16:17:56.0 (10169345)|METHOD_ENTRY|[9]|01p50000002D8iw|BFFFollow_Controller.process(ETLC_ApexBridge_Data)
16:17:56.0 (10191916)|VARIABLE_SCOPE_BEGIN|[3]|this|BFFFollow_Controller|true|false
16:17:56.0 (10205170)|VARIABLE_ASSIGNMENT|[3]|this|{}|0xf4cd14c
16:17:56.0 (10208897)|VARIABLE_SCOPE_BEGIN|[3]|data|ETLC_ApexBridge_Data|true|false
16:17:56.0 (10232267)|VARIABLE_ASSIGNMENT|[3]|data|{"debug":true,"input":"{\"mode\":\"saveFollowe (148 more) ...","operation":"BFFFollow_Controller"}|0x17a4d2b9
16:17:56.0 (10242161)|HEAP_ALLOCATE|[4]|Bytes:5
16:17:56.0 (10246093)|STATEMENT_EXECUTE|[3]
16:17:56.0 (10247574)|STATEMENT_EXECUTE|[4]
16:17:56.0 (10324562)|VARIABLE_ASSIGNMENT|[EXTERNAL]|this|{"debug":true,"input":"{\"mode\":\"saveFollowe (148 more) ...","operation":"BFFFollow_Controller"}|0x17a4d2b9
16:17:56.0 (10346413)|VARIABLE_ASSIGNMENT|[4]|BFFFollow_Controller.debugFlag|true
16:17:56.0 (10382153)|VARIABLE_ASSIGNMENT|[EXTERNAL]|this|{"debug":true,"input":"{\"mode\":\"saveFollowe (148 more) ...","operation":"BFFFollow_Controller"}|0x17a4d2b9
16:17:56.0 (10396338)|STATEMENT_EXECUTE|[5]
16:17:56.0 (10431105)|USER_DEBUG|[5]|DEBUG|ETLC_ApexBridge_Data:[debug=true, input={"mode":"saveFollowedUsers","followedUsers":"[{\"id\":\"00550000005cg71AAA\",\"name\":\"Jaswinder Rattanpal\"},{\"id\":\"00550000005d7KnAAI\",\"name\":\"Test User\"}]"}, isSuccess=null, messages=null, operation=BFFFollow_Controller, output=null, outputFlag=null, records=null]
16:17:56.0 (10439567)|STATEMENT_EXECUTE|[7]
16:17:56.0 (10446809)|HEAP_ALLOCATE|[7]|Bytes:4
16:17:56.0 (10469081)|METHOD_ENTRY|[7]|01p50000002CIEo|ETLC_ApexBridge_Data.getInputValue(String)
16:17:56.0 (10492157)|VARIABLE_SCOPE_BEGIN|[52]|this|ETLC_ApexBridge_Data|true|false
16:17:56.0 (10518046)|VARIABLE_ASSIGNMENT|[52]|this|{"debug":true,"input":"{\"mode\":\"saveFollowe (148 more) ...","operation":"BFFFollow_Controller"}|0x17a4d2b9
16:17:56.0 (10523599)|VARIABLE_SCOPE_BEGIN|[52]|key|String|false|false
16:17:56.0 (10527071)|VARIABLE_ASSIGNMENT|[52]|key|"mode"
16:17:56.0 (10531101)|STATEMENT_EXECUTE|[52]
16:17:56.0 (10532498)|STATEMENT_EXECUTE|[53]
16:17:56.0 (10581747)|VARIABLE_ASSIGNMENT|[EXTERNAL]|this|{"debug":true,"input":"{\"mode\":\"saveFollowe (148 more) ...","operation":"BFFFollow_Controller"}|0x17a4d2b9
16:17:56.0 (10601429)|METHOD_ENTRY|[53]||System.JSON.deserializeUntyped(String)
16:17:56.0 (10879862)|METHOD_EXIT|[53]||System.JSON.deserializeUntyped(String)
16:17:56.0 (10889050)|VARIABLE_SCOPE_BEGIN|[53]|inputMap|Map<String,ANY>|true|false
16:17:56.0 (10919206)|VARIABLE_ASSIGNMENT|[53]|inputMap|{"s":1,"v":{"mode":"saveFollowedUsers","followedUsers":"[{\"id\":\"00550000005c (85 more) ..."}}|0x60c97005
16:17:56.0 (10923329)|STATEMENT_EXECUTE|[54]
16:17:56.0 (10968789)|METHOD_EXIT|[7]|01p50000002CIEo|ETLC_ApexBridge_Data.getInputValue(String)
16:17:56.0 (10975266)|VARIABLE_SCOPE_BEGIN|[7]|mode|String|false|false
16:17:56.0 (10982097)|VARIABLE_ASSIGNMENT|[7]|mode|"saveFollowedUsers"
16:17:56.0 (10987490)|HEAP_ALLOCATE|[9]|Bytes:18
16:17:56.0 (11011726)|HEAP_ALLOCATE|[13]|Bytes:17
16:17:56.0 (11024877)|STATEMENT_EXECUTE|[13]
16:17:56.0 (11026391)|STATEMENT_EXECUTE|[14]
16:17:56.0 (11068270)|HEAP_ALLOCATE|[14]|Bytes:85
16:17:56.0 (11079628)|SYSTEM_METHOD_ENTRY|[1]|UserInfo.UserInfo()
16:17:56.0 (11081949)|STATEMENT_EXECUTE|[1]
16:17:56.0 (11089183)|SYSTEM_METHOD_EXIT|[1]|UserInfo
16:17:56.0 (11101037)|METHOD_ENTRY|[14]||System.UserInfo.getUserId()
16:17:56.0 (11136108)|METHOD_EXIT|[14]||System.UserInfo.getUserId()
16:17:56.0 (11151866)|HEAP_ALLOCATE|[14]|Bytes:4
16:17:56.0 (11157082)|HEAP_ALLOCATE|[14]|Bytes:13
16:17:56.0 (11166155)|METHOD_ENTRY|[14]|01p50000002CIEo|ETLC_ApexBridge_Data.getInputValue(String)
16:17:56.0 (11169949)|VARIABLE_SCOPE_BEGIN|[52]|this|ETLC_ApexBridge_Data|true|false
16:17:56.0 (11196779)|VARIABLE_ASSIGNMENT|[52]|this|{"debug":true,"input":"{\"mode\":\"saveFollowe (148 more) ...","operation":"BFFFollow_Controller"}|0x17a4d2b9
16:17:56.0 (11200080)|VARIABLE_SCOPE_BEGIN|[52]|key|String|false|false
16:17:56.0 (11203235)|VARIABLE_ASSIGNMENT|[52]|key|"followedUsers"
16:17:56.0 (11206706)|STATEMENT_EXECUTE|[52]
16:17:56.0 (11208012)|STATEMENT_EXECUTE|[53]
16:17:56.0 (11238438)|VARIABLE_ASSIGNMENT|[EXTERNAL]|this|{"debug":true,"input":"{\"mode\":\"saveFollowe (148 more) ...","operation":"BFFFollow_Controller"}|0x17a4d2b9
16:17:56.0 (11250501)|METHOD_ENTRY|[53]||System.JSON.deserializeUntyped(String)
16:17:56.0 (11392602)|METHOD_EXIT|[53]||System.JSON.deserializeUntyped(String)
16:17:56.0 (11401144)|VARIABLE_SCOPE_BEGIN|[53]|inputMap|Map<String,ANY>|true|false
16:17:56.0 (11420529)|VARIABLE_ASSIGNMENT|[53]|inputMap|{"s":1,"v":{"mode":"saveFollowedUsers","followedUsers":"[{\"id\":\"00550000005c (85 more) ..."}}|0x1970874d
16:17:56.0 (11424558)|STATEMENT_EXECUTE|[54]
16:17:56.0 (11444751)|METHOD_EXIT|[14]|01p50000002CIEo|ETLC_ApexBridge_Data.getInputValue(String)
16:17:56.0 (11459017)|METHOD_ENTRY|[14]|01p50000002D8iw|BFFFollow_Controller.saveFollowedUsers(Id, String)
16:17:56.0 (11466489)|VARIABLE_SCOPE_BEGIN|[40]|this|BFFFollow_Controller|true|false
16:17:56.0 (11481273)|VARIABLE_ASSIGNMENT|[40]|this|{}|0xf4cd14c
16:17:56.0 (11485947)|VARIABLE_SCOPE_BEGIN|[40]|followedById|Id|false|false
16:17:56.0 (11549201)|VARIABLE_ASSIGNMENT|[40]|followedById|"00550000005cg71AAA"
16:17:56.0 (11556344)|VARIABLE_SCOPE_BEGIN|[40]|followedUsers|String|false|false
16:17:56.0 (11563202)|VARIABLE_ASSIGNMENT|[40]|followedUsers|"[{\"id\":\"00550000005c (85 more) ..."
16:17:56.0 (11572558)|HEAP_ALLOCATE|[41]|Bytes:5
16:17:56.0 (11576535)|STATEMENT_EXECUTE|[40]
16:17:56.0 (11577696)|STATEMENT_EXECUTE|[41]
16:17:56.0 (11585389)|HEAP_ALLOCATE|[41]|Bytes:49
16:17:56.0 (11619122)|HEAP_ALLOCATE|[41]|Bytes:18
16:17:56.0 (11630947)|HEAP_ALLOCATE|[41]|Bytes:9
16:17:56.0 (11640741)|HEAP_ALLOCATE|[41]|Bytes:76
16:17:56.0 (11645101)|VARIABLE_SCOPE_BEGIN|[41]|soql|String|false|false
16:17:56.0 (11653010)|VARIABLE_ASSIGNMENT|[41]|soql|"SELECT Id FROM BFFFo (56 more) ..."
16:17:56.0 (11655696)|STATEMENT_EXECUTE|[43]
16:17:56.0 (11656749)|STATEMENT_EXECUTE|[43]
16:17:56.0 (11662471)|STATEMENT_EXECUTE|[44]
16:17:56.0 (11663427)|STATEMENT_EXECUTE|[44]
16:17:56.0 (11670674)|HEAP_ALLOCATE|[44]|Bytes:24
16:17:56.0 (11676800)|HEAP_ALLOCATE|[44]|Bytes:100
16:17:56.0 (11703522)|USER_DEBUG|[44]|DEBUG|fetchFollowedUsers:soql:SELECT Id FROM BFFFollow__c WHERE FollowedBy__c='00550000005cg71AAA' limit 1
16:17:56.0 (11710550)|STATEMENT_EXECUTE|[45]
16:17:56.0 (14105784)|HEAP_ALLOCATE|[45]|Bytes:9
16:17:56.0 (14113942)|HEAP_ALLOCATE|[45]|Bytes:29
16:17:56.0 (14117558)|HEAP_ALLOCATE|[45]|Bytes:21
16:17:56.0 (14134450)|METHOD_ENTRY|[7]|01p50000002CIEt|ETLC_SecuredDB.ETLC_SecuredDB()
16:17:56.0 (14137514)|STATEMENT_EXECUTE|[7]
16:17:56.0 (14141785)|STATEMENT_EXECUTE|[7]
16:17:56.0 (14147817)|HEAP_ALLOCATE|[45]|Bytes:5
16:17:56.0 (14157684)|METHOD_EXIT|[7]|ETLC_SecuredDB
16:17:56.0 (14181689)|METHOD_ENTRY|[45]|01p50000002CIEt|ETLC_SecuredDB.query(String)
16:17:56.0 (14201550)|VARIABLE_SCOPE_BEGIN|[10]|SOQL|String|false|false
16:17:56.0 (14210284)|VARIABLE_ASSIGNMENT|[10]|SOQL|"SELECT Id FROM BFFFo (56 more) ..."
16:17:56.0 (14219277)|HEAP_ALLOCATE|[12]|Bytes:5
16:17:56.0 (14223524)|STATEMENT_EXECUTE|[10]
16:17:56.0 (14224909)|STATEMENT_EXECUTE|[12]
16:17:56.0 (15228322)|SOQL_EXECUTE_BEGIN|[12]|Aggregations:0|SELECT Id FROM BFFFollow__c WHERE FollowedBy__c='00550000005cg71AAA' limit 1
16:17:56.0 (18381058)|SOQL_EXECUTE_END|[12]|Rows:1
16:17:56.0 (18405980)|HEAP_ALLOCATE|[12]|Bytes:8
16:17:56.0 (18423784)|HEAP_ALLOCATE|[12]|Bytes:33
16:17:56.0 (18511480)|HEAP_ALLOCATE|[12]|Bytes:8
16:17:56.0 (18526593)|VARIABLE_SCOPE_BEGIN|[12]|dbRecords|List<SObject>|true|false
16:17:56.0 (18555845)|VARIABLE_ASSIGNMENT|[12]|dbRecords|{"s":1,"v":[{"s":2,"v":{"Id":"a005000000ezW4dAAE"}}]}|0x799c651b
16:17:56.0 (18560453)|STATEMENT_EXECUTE|[20]
16:17:56.0 (18799426)|HEAP_ALLOCATE|[20]|Bytes:12
16:17:56.0 (18807573)|HEAP_ALLOCATE|[20]|Bytes:8
16:17:56.0 (18865222)|HEAP_ALLOCATE|[20]|Bytes:12
16:17:56.0 (18870460)|HEAP_ALLOCATE|[20]|Bytes:9
16:17:56.0 (18883011)|HEAP_ALLOCATE|[20]|Bytes:12
16:17:56.0 (18886874)|HEAP_ALLOCATE|[20]|Bytes:8
16:17:56.0 (18897656)|HEAP_ALLOCATE|[20]|Bytes:12
16:17:56.0 (18900996)|HEAP_ALLOCATE|[20]|Bytes:8
16:17:56.0 (18912974)|HEAP_ALLOCATE|[20]|Bytes:12
16:17:56.0 (18916267)|HEAP_ALLOCATE|[20]|Bytes:9
16:17:56.0 (18942868)|METHOD_ENTRY|[20]|01p50000002CIEt|ETLC_SecuredDB.findFields(List<SObject>)
16:17:56.0 (18969233)|VARIABLE_SCOPE_BEGIN|[108]|dbRecords|List<SObject>|true|false
16:17:56.0 (18986222)|VARIABLE_ASSIGNMENT|[108]|dbRecords|{"s":1,"v":[{"s":2,"v":{"Id":"a005000000ezW4dAAE"}}]}|0x799c651b
16:17:56.0 (18997079)|HEAP_ALLOCATE|[109]|Bytes:5
16:17:56.0 (19001291)|STATEMENT_EXECUTE|[108]
16:17:56.0 (19003545)|STATEMENT_EXECUTE|[109]
16:17:56.0 (19012481)|VARIABLE_SCOPE_BEGIN|[109]|strJSON|String|false|false
16:17:56.0 (19017940)|VARIABLE_ASSIGNMENT|[109]|strJSON|null
16:17:56.0 (19019947)|STATEMENT_EXECUTE|[110]
16:17:56.0 (19024604)|VARIABLE_SCOPE_BEGIN|[110]|mapFields|Map<String,Set<String>>|true|false
16:17:56.0 (19028889)|VARIABLE_ASSIGNMENT|[110]|mapFields|null|
16:17:56.0 (19030643)|STATEMENT_EXECUTE|[112]
16:17:56.0 (19045385)|METHOD_ENTRY|[112]||System.JSON.serialize(Object)
16:17:56.0 (19473487)|METHOD_EXIT|[112]||System.JSON.serialize(Object)
16:17:56.0 (19488592)|VARIABLE_ASSIGNMENT|[112]|strJSON|"[{\"attributes\":{\"typ (116 more) ..."
16:17:56.0 (19491808)|STATEMENT_EXECUTE|[113]
16:17:56.0 (19500492)|HEAP_ALLOCATE|[113]|Bytes:5
16:17:56.0 (19511219)|HEAP_ALLOCATE|[113]|Bytes:141
16:17:56.0 (19541316)|USER_DEBUG|[113]|DEBUG|JSON:[{"attributes":{"type":"BFFFollow__c","url":"/services/data/v37.0/sobjects/BFFFollow__c/a005000000ezW4dAAE"},"Id":"a005000000ezW4dAAE"}]
16:17:56.0 (19549075)|STATEMENT_EXECUTE|[114]
16:17:56.0 (19560346)|HEAP_ALLOCATE|[114]|Bytes:4
16:17:56.0 (19585670)|VARIABLE_ASSIGNMENT|[114]|mapFields|{"s":1,"v":{}}|0x3b40ad4f
16:17:56.0 (19588930)|STATEMENT_EXECUTE|[115]
16:17:56.0 (19600855)|METHOD_ENTRY|[115]||System.JSON.deserializeUntyped(String)
16:17:56.0 (19864610)|METHOD_EXIT|[115]||System.JSON.deserializeUntyped(String)
16:17:56.0 (19874328)|VARIABLE_SCOPE_BEGIN|[115]|records|List<ANY>|true|false
16:17:56.0 (19903051)|HEAP_ALLOCATE|[EXTERNAL]|Bytes:8
16:17:56.0 (19922151)|VARIABLE_ASSIGNMENT|[115]|records|{"s":1,"v":[{"s":2,"v":{"attributes":{"s":3,"v":{"type":"BFFFollow__c","url":"/services/data/v37.0 (41 more) ..."}},"Id":"a005000000ezW4dAAE"}}]}|0x1ce93076
16:17:56.0 (19965583)|HEAP_ALLOCATE|[116]|Bytes:5
16:17:56.0 (19983862)|HEAP_ALLOCATE|[116]|Bytes:12
16:17:56.0 (19994083)|VARIABLE_SCOPE_BEGIN|[116]|record|Object|false|false
16:17:56.0 (20012489)|VARIABLE_ASSIGNMENT|[116]|record|{"s":1,"v":{"attributes":{"s":2,"v":{"type":"BFFFollow__c","url":"/services/data/v37.0 (41 more) ..."}},"Id":"a005000000ezW4dAAE"}}
16:17:56.0 (20017685)|STATEMENT_EXECUTE|[116]
16:17:56.0 (20018988)|STATEMENT_EXECUTE|[117]
16:17:56.0 (20042737)|METHOD_ENTRY|[117]|01p50000002CIEt|ETLC_SecuredDB.findFieldsRecursive(Map<String,Set<String>>, Map<String,ANY>)
16:17:56.0 (20066598)|VARIABLE_SCOPE_BEGIN|[124]|mapFields|Map<String,Set<String>>|true|false
16:17:56.0 (20077732)|VARIABLE_ASSIGNMENT|[124]|mapFields|{"s":1,"v":{}}|0x3b40ad4f
16:17:56.0 (20081615)|VARIABLE_SCOPE_BEGIN|[124]|record|Map<String,ANY>|true|false
16:17:56.0 (20091723)|VARIABLE_ASSIGNMENT|[124]|record|{"s":1,"v":{"attributes":{"s":2,"v":{"type":"BFFFollow__c","url":"/services/data/v37.0 (41 more) ..."}},"Id":"a005000000ezW4dAAE"}}|0x78295c
16:17:56.0 (20101034)|HEAP_ALLOCATE|[125]|Bytes:5
16:17:56.0 (20104993)|STATEMENT_EXECUTE|[124]
16:17:56.0 (20106126)|STATEMENT_EXECUTE|[125]
16:17:56.0 (20112828)|HEAP_ALLOCATE|[125]|Bytes:10
16:17:56.0 (20117201)|VARIABLE_SCOPE_BEGIN|[125]|strAttributes|String|false|false
16:17:56.0 (20122563)|VARIABLE_ASSIGNMENT|[125]|strAttributes|"attributes"
16:17:56.0 (20124637)|STATEMENT_EXECUTE|[126]
16:17:56.0 (20129514)|HEAP_ALLOCATE|[126]|Bytes:7
16:17:56.0 (20132869)|VARIABLE_SCOPE_BEGIN|[126]|strRecord|String|false|false
16:17:56.0 (20137095)|VARIABLE_ASSIGNMENT|[126]|strRecord|"records"
16:17:56.0 (20170473)|STATEMENT_EXECUTE|[127]
16:17:56.0 (20172562)|STATEMENT_EXECUTE|[128]
16:17:56.0 (20205677)|VARIABLE_SCOPE_BEGIN|[128]|attributes|Map<String,ANY>|true|false
16:17:56.0 (20221382)|VARIABLE_ASSIGNMENT|[128]|attributes|{"s":1,"v":{"type":"BFFFollow__c","url":"/services/data/v37.0 (41 more) ..."}}|0x23dd893f
16:17:56.0 (20224729)|STATEMENT_EXECUTE|[129]
16:17:56.0 (20231945)|HEAP_ALLOCATE|[129]|Bytes:4
16:17:56.0 (20261572)|VARIABLE_SCOPE_BEGIN|[129]|objectName|String|false|false
16:17:56.0 (20268405)|VARIABLE_ASSIGNMENT|[129]|objectName|"BFFFollow__c"
16:17:56.0 (20279352)|HEAP_ALLOCATE|[130]|Bytes:4
16:17:56.0 (20342969)|HEAP_ALLOCATE|[130]|Bytes:24
16:17:56.0 (20362140)|HEAP_ALLOCATE|[130]|Bytes:8
16:17:56.0 (20387600)|HEAP_ALLOCATE|[130]|Bytes:5
16:17:56.0 (20402497)|VARIABLE_SCOPE_BEGIN|[130]|fieldName|String|false|false
16:17:56.0 (20409271)|VARIABLE_ASSIGNMENT|[130]|fieldName|"attributes"
16:17:56.0 (20412214)|STATEMENT_EXECUTE|[130]
16:17:56.0 (20413263)|STATEMENT_EXECUTE|[131]
16:17:56.0 (20452087)|VARIABLE_SCOPE_BEGIN|[131]|field|Object|false|false
16:17:56.0 (20473117)|VARIABLE_ASSIGNMENT|[131]|field|{"s":1,"v":{"type":"BFFFollow__c","url":"/services/data/v37.0 (41 more) ..."}}
16:17:56.0 (20510273)|STATEMENT_EXECUTE|[132]
16:17:56.0 (20529105)|HEAP_ALLOCATE|[130]|Bytes:5
16:17:56.0 (20542229)|VARIABLE_SCOPE_BEGIN|[130]|fieldName|String|false|false
16:17:56.0 (20548756)|VARIABLE_ASSIGNMENT|[130]|fieldName|"Id"
16:17:56.0 (20551206)|STATEMENT_EXECUTE|[130]
16:17:56.0 (20552233)|STATEMENT_EXECUTE|[131]
16:17:56.0 (20571062)|VARIABLE_SCOPE_BEGIN|[131]|field|Object|false|false
16:17:56.0 (20579345)|VARIABLE_ASSIGNMENT|[131]|field|"a005000000ezW4dAAE"
16:17:56.0 (20590317)|HEAP_ALLOCATE|[134]|Bytes:68
16:17:56.0 (20611556)|STATEMENT_EXECUTE|[136]
16:17:56.0 (20613392)|STATEMENT_EXECUTE|[137]
16:17:56.0 (20622976)|HEAP_ALLOCATE|[137]|Bytes:4
16:17:56.0 (20654858)|VARIABLE_SCOPE_BEGIN|[137]|fieldNames|Set<String>|true|false
16:17:56.0 (20674385)|VARIABLE_ASSIGNMENT|[137]|fieldNames|{"s":1,"v":[]}|0x48768b81
16:17:56.0 (20705217)|STATEMENT_EXECUTE|[138]
16:17:56.0 (20711100)|STATEMENT_EXECUTE|[139]
16:17:56.0 (20734268)|HEAP_ALLOCATE|[EXTERNAL]|Bytes:4
16:17:56.0 (20742163)|STATEMENT_EXECUTE|[140]
16:17:56.0 (20768974)|HEAP_ALLOCATE|[EXTERNAL]|Bytes:-4
16:17:56.0 (20783956)|HEAP_ALLOCATE|[130]|Bytes:5
16:17:56.0 (20795946)|VARIABLE_ASSIGNMENT|[130]|fieldName|null
16:17:56.0 (20806106)|METHOD_EXIT|[117]|01p50000002CIEt|ETLC_SecuredDB.findFieldsRecursive(Map<String,Set<String>>, Map<String,ANY>)
16:17:56.0 (20816074)|HEAP_ALLOCATE|[116]|Bytes:5
16:17:56.0 (20829715)|VARIABLE_ASSIGNMENT|[116]|record|null
16:17:56.0 (20835816)|HEAP_ALLOCATE|[119]|Bytes:4
16:17:56.0 (20869135)|HEAP_ALLOCATE|[119]|Bytes:20
16:17:56.0 (20883062)|HEAP_ALLOCATE|[119]|Bytes:4
16:17:56.0 (20901600)|HEAP_ALLOCATE|[119]|Bytes:5
16:17:56.0 (20914385)|VARIABLE_SCOPE_BEGIN|[119]|objectName|String|false|false
16:17:56.0 (20921037)|VARIABLE_ASSIGNMENT|[119]|objectName|"BFFFollow__c"
16:17:56.0 (20923980)|STATEMENT_EXECUTE|[119]
16:17:56.0 (20925093)|STATEMENT_EXECUTE|[120]
16:17:56.0 (20932663)|HEAP_ALLOCATE|[120]|Bytes:2
16:17:56.0 (20984936)|HEAP_ALLOCATE|[120]|Bytes:4
16:17:56.0 (20998166)|HEAP_ALLOCATE|[120]|Bytes:18
16:17:56.0 (21008756)|USER_DEBUG|[120]|DEBUG|BFFFollow__c: {Id}
16:17:56.0 (21022409)|HEAP_ALLOCATE|[119]|Bytes:5
16:17:56.0 (21033210)|VARIABLE_ASSIGNMENT|[119]|objectName|null
16:17:56.0 (21036332)|STATEMENT_EXECUTE|[122]
16:17:56.0 (21048051)|METHOD_EXIT|[20]|01p50000002CIEt|ETLC_SecuredDB.findFields(List<SObject>)
16:17:56.0 (21065574)|METHOD_ENTRY|[20]|01p50000002CIEt|ETLC_SecuredDB.validate(ETLC_SecuredDB.Operation, Map<String,Set<String>>)
16:17:56.0 (21074075)|VARIABLE_SCOPE_BEGIN|[55]|op|ETLC_SecuredDB.Operation|true|false
16:17:56.0 (21089421)|VARIABLE_ASSIGNMENT|[55]|op|"Querying"|0x465e9d74
16:17:56.0 (21093275)|VARIABLE_SCOPE_BEGIN|[55]|mapFieldNames|Map<String,Set<String>>|true|false
16:17:56.0 (21106147)|VARIABLE_ASSIGNMENT|[55]|mapFieldNames|{"s":1,"v":{"BFFFollow__c":{"s":2,"v":["Id"]}}}|0x3b40ad4f
16:17:56.0 (21114959)|HEAP_ALLOCATE|[56]|Bytes:5
16:17:56.0 (21118871)|STATEMENT_EXECUTE|[55]
16:17:56.0 (21120290)|STATEMENT_EXECUTE|[56]
16:17:56.0 (21127443)|VARIABLE_SCOPE_BEGIN|[56]|securityMessage|String|false|false
16:17:56.0 (21132270)|VARIABLE_ASSIGNMENT|[56]|securityMessage|null
16:17:56.0 (21134132)|STATEMENT_EXECUTE|[57]
16:17:56.0 (37121010)|HEAP_ALLOCATE|[57]|Bytes:1256
16:17:56.0 (37168819)|VARIABLE_SCOPE_BEGIN|[57]|mapObjects|Map<String,Schema.SObjectType>|true|false
16:17:56.0 (37406779)|VARIABLE_ASSIGNMENT|[57]|mapObjects|"{acceptedeventrelation=AcceptedEventRelation, account=Account, accountcontactrole=AccountContactRole, accounthistory=AccountHistory, accountpartner=AccountPartner, accountshare=AccountShare, actionlinkgrouptemplate=ActionLinkGroupTemplate, actionlinktemplate=ActionLinkTemplate, activityhistory=ActivityHistory, additionalnumber=AdditionalNumber, ...}"|0x1057c8e3
16:17:56.0 (37430616)|HEAP_ALLOCATE|[58]|Bytes:4
16:17:56.0 (37526066)|HEAP_ALLOCATE|[58]|Bytes:20
16:17:56.0 (37554231)|HEAP_ALLOCATE|[58]|Bytes:4
16:17:56.0 (37604511)|HEAP_ALLOCATE|[58]|Bytes:5
16:17:56.0 (37637243)|VARIABLE_SCOPE_BEGIN|[58]|sObjectName|String|false|false
16:17:56.0 (37650244)|VARIABLE_ASSIGNMENT|[58]|sObjectName|"BFFFollow__c"
16:17:56.0 (37657448)|STATEMENT_EXECUTE|[58]
16:17:56.0 (37660606)|STATEMENT_EXECUTE|[59]
16:17:56.0 (37683124)|HEAP_ALLOCATE|[59]|Bytes:9
16:17:56.0 (37689419)|HEAP_ALLOCATE|[59]|Bytes:7
16:17:56.0 (37768377)|HEAP_ALLOCATE|[59]|Bytes:8
16:17:56.0 (37784358)|HEAP_ALLOCATE|[59]|Bytes:1
16:17:56.0 (37804123)|HEAP_ALLOCATE|[59]|Bytes:37
16:17:56.0 (37819229)|VARIABLE_ASSIGNMENT|[59]|securityMessage|"CRUD on [BFFFollow__ (17 more) ..."
16:17:56.0 (37823511)|STATEMENT_EXECUTE|[60]
16:17:56.0 (37832779)|HEAP_ALLOCATE|[60]|Bytes:10
16:17:56.0 (37843617)|HEAP_ALLOCATE|[60]|Bytes:47
16:17:56.0 (37898278)|USER_DEBUG|[60]|DEBUG|Checking: CRUD on [BFFFollow__c] for [Querying]
16:17:56.0 (37911498)|STATEMENT_EXECUTE|[61]
16:17:56.0 (38254483)|HEAP_ALLOCATE|[61]|Bytes:4
16:17:56.0 (38320379)|VARIABLE_SCOPE_BEGIN|[61]|drSObj|Schema.DescribeSObjectResult|true|false
16:17:56.0 (38402288)|VARIABLE_ASSIGNMENT|[61]|drSObj|"common.api.soap.wsdl.DescribeSObjectResult@a54f9caa"|0x35ae6b68
16:17:56.0 (38597039)|STATEMENT_EXECUTE|[64]
16:17:56.0 (38630868)|STATEMENT_EXECUTE|[65]
16:17:56.0 (38695913)|STATEMENT_EXECUTE|[77]
16:17:56.0 (38698872)|STATEMENT_EXECUTE|[79]
16:17:56.0 (38987170)|HEAP_ALLOCATE|[79]|Bytes:56
16:17:56.0 (39000576)|VARIABLE_SCOPE_BEGIN|[79]|mapFields|Map<String,Schema.SObjectField>|true|false
16:17:56.0 (39199798)|VARIABLE_ASSIGNMENT|[79]|mapFields|"{createdbyid=CreatedById, createddate=CreatedDate, followedby__c=FollowedBy__c, followedusers__c=FollowedUsers__c, id=Id, isdeleted=IsDeleted, lastmodifiedbyid=LastModifiedById, lastmodifieddate=LastModifiedDate, lastreferenceddate=LastReferencedDate, lastvieweddate=LastViewedDate, ...}"|0xfac8fcf
16:17:56.0 (39213142)|HEAP_ALLOCATE|[80]|Bytes:4
16:17:56.0 (39265316)|HEAP_ALLOCATE|[80]|Bytes:4
16:17:56.0 (39287043)|HEAP_ALLOCATE|[80]|Bytes:5
16:17:56.0 (39300653)|VARIABLE_SCOPE_BEGIN|[80]|fieldName|String|false|false
16:17:56.0 (39308913)|VARIABLE_ASSIGNMENT|[80]|fieldName|"Id"
16:17:56.0 (39319372)|STATEMENT_EXECUTE|[80]
16:17:56.0 (39321099)|STATEMENT_EXECUTE|[81]
16:17:56.0 (39893200)|HEAP_ALLOCATE|[81]|Bytes:8
16:17:56.0 (39933406)|VARIABLE_SCOPE_BEGIN|[81]|drField|Schema.DescribeFieldResult|true|false
16:17:56.0 (40004249)|VARIABLE_ASSIGNMENT|[81]|drField|"common.api.soap.wsdl.Field@c0ff3cef"|0x7abd06f3
16:17:56.0 (40032204)|STATEMENT_EXECUTE|[99]
16:17:56.0 (40034415)|STATEMENT_EXECUTE|[100]
16:17:56.0 (40044127)|HEAP_ALLOCATE|[100]|Bytes:22
16:17:56.0 (40048608)|HEAP_ALLOCATE|[100]|Bytes:1
16:17:56.0 (40095867)|HEAP_ALLOCATE|[100]|Bytes:8
16:17:56.0 (40121712)|HEAP_ALLOCATE|[100]|Bytes:52
16:17:56.0 (40128890)|HEAP_ALLOCATE|[100]|Bytes:35
16:17:56.0 (40136698)|HEAP_ALLOCATE|[100]|Bytes:87
16:17:56.0 (40149836)|USER_DEBUG|[100]|DEBUG|Bypass Check: FLS on [BFFFollow__c.Id] for [Querying] since it's not isPermissionable()
16:17:56.0 (40169723)|HEAP_ALLOCATE|[80]|Bytes:5
16:17:56.0 (40187265)|VARIABLE_ASSIGNMENT|[80]|fieldName|null
16:17:56.0 (40199257)|HEAP_ALLOCATE|[58]|Bytes:5
16:17:56.0 (40208537)|VARIABLE_ASSIGNMENT|[58]|sObjectName|null
16:17:56.0 (40227926)|METHOD_EXIT|[20]|01p50000002CIEt|ETLC_SecuredDB.validate(ETLC_SecuredDB.Operation, Map<String,Set<String>>)
16:17:56.0 (40234224)|STATEMENT_EXECUTE|[21]
16:17:56.0 (40250380)|METHOD_EXIT|[45]|01p50000002CIEt|ETLC_SecuredDB.query(String)
16:17:56.0 (40258857)|VARIABLE_SCOPE_BEGIN|[45]|dbRecords|List<SObject>|true|false
16:17:56.0 (40292426)|VARIABLE_ASSIGNMENT|[45]|dbRecords|{"s":1,"v":[{"s":2,"v":{"Id":"a005000000ezW4dAAE"}}]}|0x799c651b
16:17:56.0 (40297751)|STATEMENT_EXECUTE|[46]
16:17:56.0 (40331371)|HEAP_ALLOCATE|[46]|Bytes:4
16:17:56.0 (40477560)|VARIABLE_SCOPE_BEGIN|[46]|record|BFFFollow__c|true|false
16:17:56.0 (40495092)|VARIABLE_ASSIGNMENT|[46]|record|{}|0x430d5f40
16:17:56.0 (40609510)|STATEMENT_EXECUTE|[47]
16:17:56.0 (40613758)|STATEMENT_EXECUTE|[48]
16:17:56.0 (40634941)|HEAP_ALLOCATE|[48]|Bytes:8
16:17:56.0 (40643998)|HEAP_ALLOCATE|[48]|Bytes:2
16:17:56.0 (40722263)|HEAP_ALLOCATE|[48]|Bytes:4
16:17:56.0 (40743344)|HEAP_ALLOCATE|[48]|Bytes:4
16:17:56.0 (40794370)|VARIABLE_ASSIGNMENT|[48]|this.Id|"a005000000ezW4dAAE"|0x430d5f40
16:17:56.0 (40799044)|STATEMENT_EXECUTE|[50]
16:17:56.0 (40859431)|VARIABLE_ASSIGNMENT|[50]|this.FollowedUsers__c|"[{\"id\":\"00550000005c (85 more) ..."|0x430d5f40
16:17:56.0 (40864499)|STATEMENT_EXECUTE|[51]
16:17:56.0 (40916721)|VARIABLE_ASSIGNMENT|[51]|this.FollowedBy__c|"00550000005cg71AAA"|0x430d5f40
16:17:56.0 (40920560)|STATEMENT_EXECUTE|[52]
16:17:56.0 (40968405)|HEAP_ALLOCATE|[52]|Bytes:8
16:17:56.0 (40994859)|DML_BEGIN|[52]|Op:Upsert|Type:BFFFollow__c|Rows:1
16:17:56.0 (41027788)|HEAP_ALLOCATE|[EXTERNAL]|Bytes:8
16:17:56.0 (77947031)|DML_END|[52]
16:17:56.0 (77999456)|STATEMENT_EXECUTE|[53]
16:17:56.0 (78005444)|STATEMENT_EXECUTE|[53]
16:17:56.0 (78188865)|USER_DEBUG|[53]|DEBUG|BFFFollow__c:{Id=a005000000ezW4dAAE, FollowedUsers__c=[{"id":"00550000005cg71AAA","name":"Jaswinder Rattanpal"},{"id":"00550000005d7KnAAI","name":"Test User"}], FollowedBy__c=00550000005cg71AAA}
16:17:56.0 (78220323)|STATEMENT_EXECUTE|[54]
16:17:56.0 (78244486)|HEAP_ALLOCATE|[54]|Bytes:5
16:17:56.0 (78284644)|METHOD_EXIT|[14]|01p50000002D8iw|BFFFollow_Controller.saveFollowedUsers(Id, String)
16:17:56.0 (78459395)|VARIABLE_ASSIGNMENT|[EXTERNAL]|this|{"debug":true,"input":"{\"mode\":\"saveFollowe (148 more) ...","operation":"BFFFollow_Controller"}|0x17a4d2b9
16:17:56.0 (78498457)|VARIABLE_ASSIGNMENT|[EXTERNAL]|value|true
16:17:56.0 (78519903)|HEAP_ALLOCATE|[15]|Bytes:5
16:17:56.0 (78553661)|VARIABLE_ASSIGNMENT|[15]|this.outputFlag|true|0x17a4d2b9
16:17:56.0 (78594648)|METHOD_EXIT|[9]|01p50000002D8iw|BFFFollow_Controller.process(ETLC_ApexBridge_Data)
16:17:56.0 (78603040)|STATEMENT_EXECUTE|[24]
16:17:56.0 (78636662)|METHOD_ENTRY|[24]|01p50000002CIEo|ETLC_ApexBridge_Data.toJSON()
16:17:56.0 (78673132)|VARIABLE_SCOPE_BEGIN|[57]|this|ETLC_ApexBridge_Data|true|false
16:17:56.0 (78754016)|VARIABLE_ASSIGNMENT|[57]|this|{"debug":true,"input":"{\"mode\":\"saveFollowe (148 more) ...","operation":"BFFFollow_Controller","outputFlag":true}|0x17a4d2b9
16:17:56.0 (78762929)|STATEMENT_EXECUTE|[57]
16:17:56.0 (78765010)|STATEMENT_EXECUTE|[58]
16:17:56.0 (78791169)|METHOD_ENTRY|[58]||System.JSON.serialize(Object)
16:17:56.0 (78977214)|STATEMENT_EXECUTE|[22]
16:17:56.0 (78986425)|STATEMENT_EXECUTE|[23]
16:17:56.0 (79001635)|HEAP_ALLOCATE|[23]|Bytes:5
16:17:56.0 (79034225)|VARIABLE_ASSIGNMENT|[23]|this.isSuccess|true|0x17a4d2b9
16:17:56.0 (79039474)|STATEMENT_EXECUTE|[24]
16:17:56.0 (79121162)|STATEMENT_EXECUTE|[31]
16:17:56.0 (79128459)|STATEMENT_EXECUTE|[32]
16:17:56.0 (79148626)|HEAP_ALLOCATE|[32]|Bytes:4
16:17:56.0 (79290051)|VARIABLE_ASSIGNMENT|[32]|this.messages|{"s":1,"v":{}}|0x17a4d2b9
16:17:56.0 (79296266)|STATEMENT_EXECUTE|[33]
16:17:56.0 (79926328)|METHOD_EXIT|[58]||System.JSON.serialize(Object)
16:17:56.0 (79939470)|METHOD_EXIT|[24]|01p50000002CIEo|ETLC_ApexBridge_Data.toJSON()
16:17:56.0 (79961562)|SYSTEM_MODE_EXIT|false
16:17:56.83 (83782021)|CUMULATIVE_LIMIT_USAGE
16:17:56.83 (83782021)|LIMIT_USAGE_FOR_NS|(default)|
  Number of SOQL queries: 1 out of 100
  Number of query rows: 1 out of 50000
  Number of SOSL queries: 0 out of 20
  Number of DML statements: 1 out of 150
  Number of DML rows: 1 out of 10000
  Maximum CPU time: 0 out of 10000
  Maximum heap size: 0 out of 6000000
  Number of callouts: 0 out of 100
  Number of Email Invocations: 0 out of 10
  Number of future calls: 0 out of 50
  Number of queueable jobs added to the queue: 0 out of 50
  Number of Mobile Apex push calls: 0 out of 10

16:17:56.83 (83782021)|CUMULATIVE_LIMIT_USAGE_END

16:17:56.0 (83858623)|CODE_UNIT_FINISHED|ETLC_ApexBridge_Controller.execute
