37.0 APEX_CODE,FINEST;APEX_PROFILING,INFO;CALLOUT,INFO;DB,INFO;SYSTEM,DEBUG;VALIDATION,INFO;VISUALFORCE,INFO;WORKFLOW,INFO
15:17:25.0 (100267)|USER_INFO|[EXTERNAL]|00550000005cg71|bfffollow@jr.te|Eastern Standard Time|GMT-04:00
15:17:25.0 (147988)|EXECUTION_STARTED
15:17:25.0 (152645)|CODE_UNIT_STARTED|[EXTERNAL]|aura
15:17:25.0 (551989)|HEAP_ALLOCATE|[72]|Bytes:3
15:17:25.0 (596982)|HEAP_ALLOCATE|[77]|Bytes:152
15:17:25.0 (610718)|HEAP_ALLOCATE|[342]|Bytes:408
15:17:25.0 (628127)|HEAP_ALLOCATE|[355]|Bytes:408
15:17:25.0 (644471)|HEAP_ALLOCATE|[467]|Bytes:48
15:17:25.0 (672773)|HEAP_ALLOCATE|[139]|Bytes:6
15:17:25.0 (698414)|HEAP_ALLOCATE|[EXTERNAL]|Bytes:3
15:17:25.0 (719278)|HEAP_ALLOCATE|[EXTERNAL]|Bytes:3
15:17:25.0 (816265)|HEAP_ALLOCATE|[EXTERNAL]|Bytes:4
15:17:25.0 (828321)|HEAP_ALLOCATE|[EXTERNAL]|Bytes:4
15:17:25.0 (1953026)|CODE_UNIT_STARTED|[EXTERNAL]|01p50000002D2uA|LookupSObjectController.lookup
15:17:25.0 (2164423)|HEAP_ALLOCATE|[EXTERNAL]|Bytes:6
15:17:25.0 (2171292)|HEAP_ALLOCATE|[EXTERNAL]|Bytes:2
15:17:25.0 (2187052)|METHOD_ENTRY|[11]|01p50000002D2uA|LookupSObjectController.LookupSObjectController()
15:17:25.0 (2191537)|STATEMENT_EXECUTE|[11]
15:17:25.0 (2197696)|STATEMENT_EXECUTE|[11]
15:17:25.0 (2236761)|HEAP_ALLOCATE|[50]|Bytes:5
15:17:25.0 (2264867)|HEAP_ALLOCATE|[56]|Bytes:5
15:17:25.0 (2274708)|HEAP_ALLOCATE|[64]|Bytes:7
15:17:25.0 (2299131)|SYSTEM_MODE_ENTER|false
15:17:25.0 (2312315)|HEAP_ALLOCATE|[EXTERNAL]|Bytes:5
15:17:25.0 (2317398)|STATEMENT_EXECUTE|[43]
15:17:25.0 (2323597)|SYSTEM_MODE_EXIT|false
15:17:25.0 (2332810)|METHOD_EXIT|[11]|LookupSObjectController
15:17:25.0 (2337613)|HEAP_ALLOCATE|[EXTERNAL]|Bytes:3
15:17:25.0 (2339391)|HEAP_ALLOCATE|[EXTERNAL]|Bytes:4
15:17:25.0 (2345661)|SYSTEM_MODE_ENTER|false
15:17:25.0 (2354977)|VARIABLE_SCOPE_BEGIN|[17]|searchString|String|false|false
15:17:25.0 (2401929)|VARIABLE_ASSIGNMENT|[17]|searchString|"Jas"
15:17:25.0 (2407328)|VARIABLE_SCOPE_BEGIN|[17]|sObjectAPIName|String|false|false
15:17:25.0 (2411720)|VARIABLE_ASSIGNMENT|[17]|sObjectAPIName|"User"
15:17:25.0 (2426071)|HEAP_ALLOCATE|[20]|Bytes:5
15:17:25.0 (2430286)|STATEMENT_EXECUTE|[18]
15:17:25.0 (2431766)|STATEMENT_EXECUTE|[20]
15:17:25.0 (2500394)|HEAP_ALLOCATE|[20]|Bytes:3
15:17:25.0 (2521727)|VARIABLE_SCOPE_BEGIN|[20]|sanitizedSearchString|String|false|false
15:17:25.0 (2530167)|VARIABLE_ASSIGNMENT|[20]|sanitizedSearchString|"Jas"
15:17:25.0 (2532716)|STATEMENT_EXECUTE|[21]
15:17:25.0 (2565949)|HEAP_ALLOCATE|[21]|Bytes:4
15:17:25.0 (2578313)|VARIABLE_SCOPE_BEGIN|[21]|sanitizedSObjectAPIName|String|false|false
15:17:25.0 (2585861)|VARIABLE_ASSIGNMENT|[21]|sanitizedSObjectAPIName|"User"
15:17:25.0 (2588251)|STATEMENT_EXECUTE|[23]
15:17:25.0 (2600440)|HEAP_ALLOCATE|[23]|Bytes:4
15:17:25.0 (2706826)|VARIABLE_SCOPE_BEGIN|[23]|results|List<LookupSObjectController.Result>|true|false
15:17:25.0 (2727707)|HEAP_ALLOCATE|[EXTERNAL]|Bytes:4
15:17:25.0 (2750920)|VARIABLE_ASSIGNMENT|[23]|results|{"s":1,"v":[]}|0x8a04760
15:17:25.0 (2753772)|STATEMENT_EXECUTE|[26]
15:17:25.0 (2763447)|HEAP_ALLOCATE|[26]|Bytes:6
15:17:25.0 (2767600)|HEAP_ALLOCATE|[26]|Bytes:27
15:17:25.0 (2770166)|HEAP_ALLOCATE|[26]|Bytes:18
15:17:25.0 (2784283)|HEAP_ALLOCATE|[26]|Bytes:58
15:17:25.0 (2788971)|VARIABLE_SCOPE_BEGIN|[26]|searchQuery|String|false|false
15:17:25.0 (2799590)|VARIABLE_ASSIGNMENT|[26]|searchQuery|"FIND 'Jas*' IN ALL F (38 more) ..."
15:17:25.0 (2801794)|STATEMENT_EXECUTE|[29]
15:17:25.0 (4664756)|SOSL_EXECUTE_BEGIN|[29]|FIND 'Jas*' IN ALL FIELDS RETURNING User(id,name) Limit 50
15:17:25.0 (47625082)|HEAP_ALLOCATE|[29]|Bytes:4
15:17:25.0 (47636944)|HEAP_ALLOCATE|[29]|Bytes:4
15:17:25.0 (47646597)|HEAP_ALLOCATE|[29]|Bytes:8
15:17:25.0 (47658880)|SOSL_EXECUTE_END|[29]|Rows:1
15:17:25.0 (47715759)|HEAP_ALLOCATE|[29]|Bytes:8
15:17:25.0 (47745619)|VARIABLE_SCOPE_BEGIN|[29]|searchList|List<List<SObject>>|true|false
15:17:25.0 (47809649)|VARIABLE_ASSIGNMENT|[29]|searchList|{"s":1,"v":[{"s":2,"v":[{"s":3,"v":{"Id":"00550000005cg71AAA","Name":"Jaswinder Rattanpal"}}]}]}|0x3b10cca7
15:17:25.0 (47909610)|HEAP_ALLOCATE|[32]|Bytes:8
15:17:25.0 (48327556)|HEAP_ALLOCATE|[32]|Bytes:5
15:17:25.0 (48389715)|HEAP_ALLOCATE|[32]|Bytes:12
15:17:25.0 (48404953)|VARIABLE_SCOPE_BEGIN|[32]|so|SObject|true|false
15:17:25.0 (48422089)|VARIABLE_ASSIGNMENT|[32]|so|{"s":1,"v":{"Id":"00550000005cg71AAA","Name":"Jaswinder Rattanpal"}}|0x6e44c0a5
15:17:25.0 (48428138)|STATEMENT_EXECUTE|[33]
15:17:25.0 (48430331)|STATEMENT_EXECUTE|[34]
15:17:25.0 (48484759)|HEAP_ALLOCATE|[34]|Bytes:116
15:17:25.0 (48492653)|HEAP_ALLOCATE|[34]|Bytes:8
15:17:25.0 (48520857)|HEAP_ALLOCATE|[34]|Bytes:12
15:17:25.0 (48526230)|HEAP_ALLOCATE|[34]|Bytes:4
15:17:25.0 (48659248)|HEAP_ALLOCATE|[34]|Bytes:19
15:17:25.0 (48742388)|CONSTRUCTOR_ENTRY|[34]|01p50000002D2uA|<init>(String,Id)
15:17:25.0 (48770521)|VARIABLE_SCOPE_BEGIN|[48]|this|LookupSObjectController.Result|true|false
15:17:25.0 (48839157)|VARIABLE_ASSIGNMENT|[48]|this|{}|0x41adef16
15:17:25.0 (48846233)|VARIABLE_SCOPE_BEGIN|[48]|sObjectLabel|String|false|false
15:17:25.0 (48855761)|VARIABLE_ASSIGNMENT|[48]|sObjectLabel|"Jaswinder Rattanpal"
15:17:25.0 (48859981)|VARIABLE_SCOPE_BEGIN|[48]|sObjectId|Id|false|false
15:17:25.0 (49111896)|VARIABLE_ASSIGNMENT|[48]|sObjectId|"00550000005cg71AAA"
15:17:25.0 (49122313)|STATEMENT_EXECUTE|[43]
15:17:25.0 (49124629)|STATEMENT_EXECUTE|[45]
15:17:25.0 (49134109)|STATEMENT_EXECUTE|[46]
15:17:25.0 (49150956)|HEAP_ALLOCATE|[50]|Bytes:6
15:17:25.0 (49200878)|STATEMENT_EXECUTE|[49]
15:17:25.0 (49204033)|STATEMENT_EXECUTE|[50]
15:17:25.0 (49311482)|VARIABLE_ASSIGNMENT|[EXTERNAL]|this|{}|0x41adef16
15:17:25.0 (49324072)|VARIABLE_ASSIGNMENT|[EXTERNAL]|value|"Jaswinder Rattanpal"
15:17:25.0 (49348109)|VARIABLE_ASSIGNMENT|[45]|this.SObjectLabel|"Jaswinder Rattanpal"|0x41adef16
15:17:25.0 (49360719)|STATEMENT_EXECUTE|[51]
15:17:25.0 (49431329)|VARIABLE_ASSIGNMENT|[EXTERNAL]|this|{"SObjectLabel":"Jaswinder Rattanpal"}|0x41adef16
15:17:25.0 (49496481)|VARIABLE_ASSIGNMENT|[EXTERNAL]|value|"00550000005cg71AAA"
15:17:25.0 (49628432)|VARIABLE_ASSIGNMENT|[46]|this.SObjectId|"00550000005cg71AAA"|0x41adef16
15:17:25.0 (49651463)|CONSTRUCTOR_EXIT|[34]|01p50000002D2uA|<init>(String,Id)
15:17:25.0 (49675468)|HEAP_ALLOCATE|[EXTERNAL]|Bytes:4
15:17:25.0 (49702312)|HEAP_ALLOCATE|[32]|Bytes:5
15:17:25.0 (49725666)|VARIABLE_ASSIGNMENT|[32]|so|null|
15:17:25.0 (49731249)|STATEMENT_EXECUTE|[37]
15:17:25.0 (49770257)|SYSTEM_MODE_EXIT|false
15:17:25.49 (49825717)|CUMULATIVE_LIMIT_USAGE
15:17:25.49 (49825717)|LIMIT_USAGE_FOR_NS|(default)|
  Number of SOQL queries: 0 out of 100
  Number of query rows: 0 out of 50000
  Number of SOSL queries: 1 out of 20
  Number of DML statements: 0 out of 150
  Number of DML rows: 0 out of 10000
  Maximum CPU time: 0 out of 10000
  Maximum heap size: 0 out of 6000000
  Number of callouts: 0 out of 100
  Number of Email Invocations: 0 out of 10
  Number of future calls: 0 out of 50
  Number of queueable jobs added to the queue: 0 out of 50
  Number of Mobile Apex push calls: 0 out of 10

15:17:25.49 (49825717)|CUMULATIVE_LIMIT_USAGE_END

15:17:25.0 (49883989)|CODE_UNIT_FINISHED|LookupSObjectController.lookup
15:17:25.0 (51438037)|CODE_UNIT_STARTED|[EXTERNAL]|Aura
15:17:25.0 (51481319)|CODE_UNIT_FINISHED|Aura
