37.0 APEX_CODE,FINEST;APEX_PROFILING,INFO;CALLOUT,INFO;DB,INFO;SYSTEM,DEBUG;VALIDATION,INFO;VISUALFORCE,INFO;WORKFLOW,INFO
10:18:54.0 (391576)|USER_INFO|[EXTERNAL]|00550000005cg71|bfffollow@jr.te|Eastern Standard Time|GMT-04:00
10:18:54.0 (433963)|EXECUTION_STARTED
10:18:54.0 (438731)|CODE_UNIT_STARTED|[EXTERNAL]|aura
10:18:54.0 (832353)|HEAP_ALLOCATE|[72]|Bytes:3
10:18:54.0 (885078)|HEAP_ALLOCATE|[77]|Bytes:152
10:18:54.0 (906333)|HEAP_ALLOCATE|[342]|Bytes:408
10:18:54.0 (930647)|HEAP_ALLOCATE|[355]|Bytes:408
10:18:54.0 (954339)|HEAP_ALLOCATE|[467]|Bytes:48
10:18:54.0 (992793)|HEAP_ALLOCATE|[139]|Bytes:6
10:18:54.0 (1021493)|HEAP_ALLOCATE|[EXTERNAL]|Bytes:94
10:18:54.0 (1042490)|HEAP_ALLOCATE|[EXTERNAL]|Bytes:94
10:18:54.0 (2332743)|CODE_UNIT_STARTED|[EXTERNAL]|01p50000002CIEm|ETLC_ApexBridge_Controller.execute
10:18:54.0 (3009465)|HEAP_ALLOCATE|[EXTERNAL]|Bytes:1
10:18:54.0 (3019700)|HEAP_ALLOCATE|[EXTERNAL]|Bytes:10
10:18:54.0 (3043895)|METHOD_ENTRY|[1]|01p50000002CIEm|ETLC_ApexBridge_Controller.ETLC_ApexBridge_Controller()
10:18:54.0 (3049554)|STATEMENT_EXECUTE|[1]
10:18:54.0 (3056563)|STATEMENT_EXECUTE|[1]
10:18:54.0 (3066031)|METHOD_EXIT|[1]|ETLC_ApexBridge_Controller
10:18:54.0 (3072501)|HEAP_ALLOCATE|[EXTERNAL]|Bytes:94
10:18:54.0 (3086971)|SYSTEM_MODE_ENTER|false
10:18:54.0 (3103352)|VARIABLE_SCOPE_BEGIN|[3]|dataJson|String|false|false
10:18:54.0 (3155339)|VARIABLE_ASSIGNMENT|[3]|dataJson|"{\"operation\":\"BFFFol (74 more) ..."
10:18:54.0 (3172466)|STATEMENT_EXECUTE|[3]
10:18:54.0 (3175134)|STATEMENT_EXECUTE|[4]
10:18:54.0 (5796680)|VARIABLE_SCOPE_BEGIN|[4]|data|ETLC_ApexBridge_Data|true|false
10:18:54.0 (5815032)|VARIABLE_ASSIGNMENT|[4]|data|null|
10:18:54.0 (5819914)|STATEMENT_EXECUTE|[5]
10:18:54.0 (5822361)|STATEMENT_EXECUTE|[5]
10:18:54.0 (5824577)|STATEMENT_EXECUTE|[6]
10:18:54.0 (5846632)|HEAP_ALLOCATE|[6]|Bytes:11
10:18:54.0 (5857059)|HEAP_ALLOCATE|[6]|Bytes:248
10:18:54.0 (5862674)|HEAP_ALLOCATE|[6]|Bytes:39
10:18:54.0 (5916615)|METHOD_ENTRY|[2]|01p50000002CIEo|ETLC_ApexBridge_Data.ETLC_ApexBridge_Data()
10:18:54.0 (5922002)|STATEMENT_EXECUTE|[2]
10:18:54.0 (5928846)|STATEMENT_EXECUTE|[2]
10:18:54.0 (5939272)|METHOD_EXIT|[2]|ETLC_ApexBridge_Data
10:18:54.0 (5990314)|METHOD_ENTRY|[6]|01p50000002CIEo|ETLC_ApexBridge_Data.fromJSON(String)
10:18:54.0 (6022751)|VARIABLE_SCOPE_BEGIN|[60]|strJson|String|false|false
10:18:54.0 (6038641)|VARIABLE_ASSIGNMENT|[60]|strJson|"{\"operation\":\"BFFFol (74 more) ..."
10:18:54.0 (6045050)|STATEMENT_EXECUTE|[60]
10:18:54.0 (6047727)|STATEMENT_EXECUTE|[61]
10:18:54.0 (6060839)|HEAP_ALLOCATE|[61]|Bytes:20
10:18:54.0 (6088701)|HEAP_ALLOCATE|[50]|Bytes:5
10:18:54.0 (6121404)|HEAP_ALLOCATE|[56]|Bytes:5
10:18:54.0 (6139122)|HEAP_ALLOCATE|[64]|Bytes:7
10:18:54.0 (6268272)|HEAP_ALLOCATE|[61]|Bytes:24
10:18:54.0 (6286581)|SYSTEM_METHOD_ENTRY|[1]|Type.Type()
10:18:54.0 (6291432)|STATEMENT_EXECUTE|[1]
10:18:54.0 (6304843)|SYSTEM_METHOD_EXIT|[1]|Type
10:18:54.0 (6314024)|HEAP_ALLOCATE|[61]|Bytes:8
10:18:54.0 (6344722)|HEAP_ALLOCATE|[61]|Bytes:8
10:18:54.0 (6353119)|VARIABLE_SCOPE_BEGIN|[4]|this|System.Type|true|false
10:18:54.0 (6394101)|VARIABLE_ASSIGNMENT|[4]|this|{}|0x1c7d5d64
10:18:54.0 (6400679)|VARIABLE_SCOPE_BEGIN|[4]|apextype|java:common.apex.runtime.ApexObjectType|true|false
10:18:54.0 (6563615)|VARIABLE_ASSIGNMENT|[4]|apextype|"ETLC_ApexBridge_Data"|0x29bbb7f1
10:18:54.0 (6654608)|HEAP_ALLOCATE|[61]|Bytes:8
10:18:54.0 (6702459)|HEAP_ALLOCATE|[61]|Bytes:24
10:18:54.0 (6719866)|SYSTEM_METHOD_ENTRY|[1]|JSON.JSON()
10:18:54.0 (6723999)|STATEMENT_EXECUTE|[1]
10:18:54.0 (6735556)|SYSTEM_METHOD_EXIT|[1]|JSON
10:18:54.0 (6759145)|METHOD_ENTRY|[61]||System.JSON.deserializeStrict(String, System.Type)
10:18:54.0 (7517480)|METHOD_EXIT|[61]||System.JSON.deserializeStrict(String, System.Type)
10:18:54.0 (7534773)|METHOD_EXIT|[6]|01p50000002CIEo|ETLC_ApexBridge_Data.fromJSON(String)
10:18:54.0 (7710302)|VARIABLE_ASSIGNMENT|[6]|data|{"debug":false,"input":"{\"mode\":\"fetchFollow (9 more) ...","operation":"BFFFollow_Controller"}|0x58856b1c
10:18:54.0 (7718602)|STATEMENT_EXECUTE|[7]
10:18:54.0 (7733837)|HEAP_ALLOCATE|[7]|Bytes:6
10:18:54.0 (7837930)|HEAP_ALLOCATE|[7]|Bytes:178
10:18:54.0 (7866970)|HEAP_ALLOCATE|[7]|Bytes:184
10:18:54.0 (7898007)|USER_DEBUG|[7]|DEBUG|data::ETLC_ApexBridge_Data:[debug=false, input={"mode":"fetchFollowedUsers"}, isSuccess=null, messages=null, operation=BFFFollow_Controller, output=null, outputFlag=null, records=null]
10:18:54.0 (7910785)|STATEMENT_EXECUTE|[8]
10:18:54.0 (8010202)|VARIABLE_ASSIGNMENT|[EXTERNAL]|this|{"debug":false,"input":"{\"mode\":\"fetchFollow (9 more) ...","operation":"BFFFollow_Controller"}|0x58856b1c
10:18:54.0 (8040615)|METHOD_ENTRY|[8]||System.Type.forName(String)
10:18:54.0 (10077980)|METHOD_EXIT|[8]||System.Type.forName(String)
10:18:54.0 (10092828)|METHOD_ENTRY|[8]||System.Type.newInstance()
10:18:54.0 (11314208)|STATEMENT_EXECUTE|[1]
10:18:54.0 (11327831)|HEAP_ALLOCATE|[33]|Bytes:5
10:18:54.0 (11342837)|METHOD_EXIT|[1]|BFFFollow_Controller
10:18:54.0 (11355586)|HEAP_ALLOCATE|[33]|Bytes:4
10:18:54.0 (11364855)|VARIABLE_SCOPE_BEGIN|[1]|this|BFFFollow_Controller|true|false
10:18:54.0 (11385741)|VARIABLE_ASSIGNMENT|[1]|this|{}|0x6a2c8ee7
10:18:54.0 (11395566)|HEAP_ALLOCATE|[33]|Bytes:5
10:18:54.0 (11403816)|HEAP_ALLOCATE|[33]|Bytes:11
10:18:54.0 (11423174)|METHOD_ENTRY|[1]|01p50000002CIEj|ETLC_ApexBridge_Abstract.ETLC_ApexBridge_Abstract()
10:18:54.0 (11426277)|STATEMENT_EXECUTE|[1]
10:18:54.0 (11430213)|STATEMENT_EXECUTE|[1]
10:18:54.0 (11435869)|METHOD_EXIT|[1]|ETLC_ApexBridge_Abstract
10:18:54.0 (11443311)|CONSTRUCTOR_ENTRY|[EXTERNAL]|01p50000002CIEj|<init>()
10:18:54.0 (11463184)|VARIABLE_SCOPE_BEGIN|[1]|this|ETLC_ApexBridge_Abstract|true|false
10:18:54.0 (11479044)|VARIABLE_ASSIGNMENT|[1]|this|{}|0x6a2c8ee7
10:18:54.0 (11493483)|STATEMENT_EXECUTE|[1]
10:18:54.0 (11503691)|CONSTRUCTOR_EXIT|[EXTERNAL]|01p50000002CIEj|<init>()
10:18:54.0 (11509841)|STATEMENT_EXECUTE|[1]
10:18:54.0 (11515021)|HEAP_ALLOCATE|[33]|Bytes:5
10:18:54.0 (11532156)|METHOD_EXIT|[8]||System.Type.newInstance()
10:18:54.0 (11540297)|VARIABLE_SCOPE_BEGIN|[8]|executor|ETLC_ApexBridge_Abstract|true|false
10:18:54.0 (11554218)|VARIABLE_ASSIGNMENT|[8]|executor|{}|0x6a2c8ee7
10:18:54.0 (11556824)|STATEMENT_EXECUTE|[9]
10:18:54.0 (11600160)|METHOD_ENTRY|[9]|01p50000002D8iw|BFFFollow_Controller.process(ETLC_ApexBridge_Data)
10:18:54.0 (11625300)|VARIABLE_SCOPE_BEGIN|[3]|this|BFFFollow_Controller|true|false
10:18:54.0 (11640393)|VARIABLE_ASSIGNMENT|[3]|this|{}|0x6a2c8ee7
10:18:54.0 (11644793)|VARIABLE_SCOPE_BEGIN|[3]|data|ETLC_ApexBridge_Data|true|false
10:18:54.0 (11670380)|VARIABLE_ASSIGNMENT|[3]|data|{"debug":false,"input":"{\"mode\":\"fetchFollow (9 more) ...","operation":"BFFFollow_Controller"}|0x58856b1c
10:18:54.0 (11680377)|HEAP_ALLOCATE|[4]|Bytes:5
10:18:54.0 (11684110)|STATEMENT_EXECUTE|[3]
10:18:54.0 (11685450)|STATEMENT_EXECUTE|[4]
10:18:54.0 (11765927)|VARIABLE_ASSIGNMENT|[EXTERNAL]|this|{"debug":false,"input":"{\"mode\":\"fetchFollow (9 more) ...","operation":"BFFFollow_Controller"}|0x58856b1c
10:18:54.0 (11789709)|VARIABLE_ASSIGNMENT|[4]|BFFFollow_Controller.debugFlag|false
10:18:54.0 (11829958)|VARIABLE_ASSIGNMENT|[EXTERNAL]|this|{"debug":false,"input":"{\"mode\":\"fetchFollow (9 more) ...","operation":"BFFFollow_Controller"}|0x58856b1c
10:18:54.0 (11843772)|STATEMENT_EXECUTE|[5]
10:18:54.0 (11850839)|STATEMENT_EXECUTE|[7]
10:18:54.0 (11856104)|HEAP_ALLOCATE|[7]|Bytes:4
10:18:54.0 (11880503)|METHOD_ENTRY|[7]|01p50000002CIEo|ETLC_ApexBridge_Data.getInputValue(String)
10:18:54.0 (11903311)|VARIABLE_SCOPE_BEGIN|[52]|this|ETLC_ApexBridge_Data|true|false
10:18:54.0 (11930202)|VARIABLE_ASSIGNMENT|[52]|this|{"debug":false,"input":"{\"mode\":\"fetchFollow (9 more) ...","operation":"BFFFollow_Controller"}|0x58856b1c
10:18:54.0 (11936308)|VARIABLE_SCOPE_BEGIN|[52]|key|String|false|false
10:18:54.0 (11940606)|VARIABLE_ASSIGNMENT|[52]|key|"mode"
10:18:54.0 (11944795)|STATEMENT_EXECUTE|[52]
10:18:54.0 (11946117)|STATEMENT_EXECUTE|[53]
10:18:54.0 (12005801)|VARIABLE_ASSIGNMENT|[EXTERNAL]|this|{"debug":false,"input":"{\"mode\":\"fetchFollow (9 more) ...","operation":"BFFFollow_Controller"}|0x58856b1c
10:18:54.0 (12048416)|METHOD_ENTRY|[53]||System.JSON.deserializeUntyped(String)
10:18:54.0 (12304556)|METHOD_EXIT|[53]||System.JSON.deserializeUntyped(String)
10:18:54.0 (12313989)|VARIABLE_SCOPE_BEGIN|[53]|inputMap|Map<String,ANY>|true|false
10:18:54.0 (12339247)|VARIABLE_ASSIGNMENT|[53]|inputMap|{"s":1,"v":{"mode":"fetchFollowedUsers"}}|0x5aa9ff5f
10:18:54.0 (12342798)|STATEMENT_EXECUTE|[54]
10:18:54.0 (12388931)|METHOD_EXIT|[7]|01p50000002CIEo|ETLC_ApexBridge_Data.getInputValue(String)
10:18:54.0 (12395346)|VARIABLE_SCOPE_BEGIN|[7]|mode|String|false|false
10:18:54.0 (12402672)|VARIABLE_ASSIGNMENT|[7]|mode|"fetchFollowedUsers"
10:18:54.0 (12407561)|HEAP_ALLOCATE|[9]|Bytes:18
10:18:54.0 (12437288)|STATEMENT_EXECUTE|[9]
10:18:54.0 (12439306)|STATEMENT_EXECUTE|[10]
10:18:54.0 (12487303)|HEAP_ALLOCATE|[10]|Bytes:85
10:18:54.0 (12504923)|SYSTEM_METHOD_ENTRY|[1]|UserInfo.UserInfo()
10:18:54.0 (12507852)|STATEMENT_EXECUTE|[1]
10:18:54.0 (12516499)|SYSTEM_METHOD_EXIT|[1]|UserInfo
10:18:54.0 (12531726)|METHOD_ENTRY|[10]||System.UserInfo.getUserId()
10:18:54.0 (12565498)|METHOD_EXIT|[10]||System.UserInfo.getUserId()
10:18:54.0 (12580305)|HEAP_ALLOCATE|[10]|Bytes:4
10:18:54.0 (12595080)|METHOD_ENTRY|[10]|01p50000002D8iw|BFFFollow_Controller.fetchFollowedUsers(Id)
10:18:54.0 (12603343)|VARIABLE_SCOPE_BEGIN|[24]|this|BFFFollow_Controller|true|false
10:18:54.0 (12618633)|VARIABLE_ASSIGNMENT|[24]|this|{}|0x6a2c8ee7
10:18:54.0 (12623446)|VARIABLE_SCOPE_BEGIN|[24]|followedById|Id|false|false
10:18:54.0 (12709083)|VARIABLE_ASSIGNMENT|[24]|followedById|"00550000005cg71AAA"
10:18:54.0 (12720640)|HEAP_ALLOCATE|[25]|Bytes:5
10:18:54.0 (12724495)|STATEMENT_EXECUTE|[24]
10:18:54.0 (12725973)|STATEMENT_EXECUTE|[25]
10:18:54.0 (12734782)|HEAP_ALLOCATE|[25]|Bytes:63
10:18:54.0 (12771961)|HEAP_ALLOCATE|[25]|Bytes:18
10:18:54.0 (12782382)|HEAP_ALLOCATE|[25]|Bytes:9
10:18:54.0 (12792424)|HEAP_ALLOCATE|[25]|Bytes:90
10:18:54.0 (12796431)|VARIABLE_SCOPE_BEGIN|[25]|soql|String|false|false
10:18:54.0 (12805960)|VARIABLE_ASSIGNMENT|[25]|soql|"SELECT FollowedUsers (70 more) ..."
10:18:54.0 (12808639)|STATEMENT_EXECUTE|[26]
10:18:54.0 (12809879)|STATEMENT_EXECUTE|[26]
10:18:54.0 (12815085)|STATEMENT_EXECUTE|[27]
10:18:54.0 (12821392)|STATEMENT_EXECUTE|[28]
10:18:54.0 (15330967)|HEAP_ALLOCATE|[28]|Bytes:9
10:18:54.0 (15339577)|HEAP_ALLOCATE|[28]|Bytes:29
10:18:54.0 (15342500)|HEAP_ALLOCATE|[28]|Bytes:21
10:18:54.0 (15364475)|METHOD_ENTRY|[7]|01p50000002CIEt|ETLC_SecuredDB.ETLC_SecuredDB()
10:18:54.0 (15368085)|STATEMENT_EXECUTE|[7]
10:18:54.0 (15372764)|STATEMENT_EXECUTE|[7]
10:18:54.0 (15379314)|HEAP_ALLOCATE|[28]|Bytes:5
10:18:54.0 (15389923)|METHOD_EXIT|[7]|ETLC_SecuredDB
10:18:54.0 (15420345)|METHOD_ENTRY|[28]|01p50000002CIEt|ETLC_SecuredDB.query(String)
10:18:54.0 (15443648)|VARIABLE_SCOPE_BEGIN|[10]|SOQL|String|false|false
10:18:54.0 (15454471)|VARIABLE_ASSIGNMENT|[10]|SOQL|"SELECT FollowedUsers (70 more) ..."
10:18:54.0 (15463289)|HEAP_ALLOCATE|[12]|Bytes:5
10:18:54.0 (15467435)|STATEMENT_EXECUTE|[10]
10:18:54.0 (15468821)|STATEMENT_EXECUTE|[12]
10:18:54.0 (16657968)|SOQL_EXECUTE_BEGIN|[12]|Aggregations:0|SELECT FollowedUsers__c FROM BFFFollow__c WHERE FollowedBy__c='00550000005cg71AAA' limit 1
10:18:54.0 (21030994)|SOQL_EXECUTE_END|[12]|Rows:1
10:18:54.0 (21057307)|HEAP_ALLOCATE|[12]|Bytes:8
10:18:54.0 (21068671)|HEAP_ALLOCATE|[12]|Bytes:158
10:18:54.0 (21152321)|HEAP_ALLOCATE|[12]|Bytes:8
10:18:54.0 (21172729)|VARIABLE_SCOPE_BEGIN|[12]|dbRecords|List<SObject>|true|false
10:18:54.0 (21215364)|VARIABLE_ASSIGNMENT|[12]|dbRecords|{"s":1,"v":[{"s":2,"v":{"FollowedUsers__c":"[{\"id\":\"00550000005d (85 more) ...","Id":"a005000000ezW4dAAE"}}]}|0x2bc9c5f3
10:18:54.0 (21220061)|STATEMENT_EXECUTE|[20]
10:18:54.0 (21531086)|HEAP_ALLOCATE|[20]|Bytes:12
10:18:54.0 (21538747)|HEAP_ALLOCATE|[20]|Bytes:8
10:18:54.0 (21599020)|HEAP_ALLOCATE|[20]|Bytes:12
10:18:54.0 (21604161)|HEAP_ALLOCATE|[20]|Bytes:9
10:18:54.0 (21617420)|HEAP_ALLOCATE|[20]|Bytes:12
10:18:54.0 (21620563)|HEAP_ALLOCATE|[20]|Bytes:8
10:18:54.0 (21630234)|HEAP_ALLOCATE|[20]|Bytes:12
10:18:54.0 (21633714)|HEAP_ALLOCATE|[20]|Bytes:8
10:18:54.0 (21643230)|HEAP_ALLOCATE|[20]|Bytes:12
10:18:54.0 (21646150)|HEAP_ALLOCATE|[20]|Bytes:9
10:18:54.0 (21677891)|METHOD_ENTRY|[20]|01p50000002CIEt|ETLC_SecuredDB.findFields(List<SObject>)
10:18:54.0 (21711043)|VARIABLE_SCOPE_BEGIN|[108]|dbRecords|List<SObject>|true|false
10:18:54.0 (21733336)|VARIABLE_ASSIGNMENT|[108]|dbRecords|{"s":1,"v":[{"s":2,"v":{"FollowedUsers__c":"[{\"id\":\"00550000005d (85 more) ...","Id":"a005000000ezW4dAAE"}}]}|0x2bc9c5f3
10:18:54.0 (21745598)|HEAP_ALLOCATE|[109]|Bytes:5
10:18:54.0 (21749572)|STATEMENT_EXECUTE|[108]
10:18:54.0 (21750966)|STATEMENT_EXECUTE|[109]
10:18:54.0 (21760844)|VARIABLE_SCOPE_BEGIN|[109]|strJSON|String|false|false
10:18:54.0 (21766974)|VARIABLE_ASSIGNMENT|[109]|strJSON|null
10:18:54.0 (21768807)|STATEMENT_EXECUTE|[110]
10:18:54.0 (21773923)|VARIABLE_SCOPE_BEGIN|[110]|mapFields|Map<String,Set<String>>|true|false
10:18:54.0 (21778567)|VARIABLE_ASSIGNMENT|[110]|mapFields|null|
10:18:54.0 (21780731)|STATEMENT_EXECUTE|[112]
10:18:54.0 (21797132)|METHOD_ENTRY|[112]||System.JSON.serialize(Object)
10:18:54.0 (22245923)|METHOD_EXIT|[112]||System.JSON.serialize(Object)
10:18:54.0 (22261637)|VARIABLE_ASSIGNMENT|[112]|strJSON|"[{\"attributes\":{\"typ (259 more) ..."
10:18:54.0 (22265105)|STATEMENT_EXECUTE|[113]
10:18:54.0 (22274790)|HEAP_ALLOCATE|[113]|Bytes:5
10:18:54.0 (22283794)|HEAP_ALLOCATE|[113]|Bytes:284
10:18:54.0 (22315655)|USER_DEBUG|[113]|DEBUG|JSON:[{"attributes":{"type":"BFFFollow__c","url":"/services/data/v37.0/sobjects/BFFFollow__c/a005000000ezW4dAAE"},"FollowedUsers__c":"[{\"id\":\"00550000005d7KnAAI\",\"name\":\"Test User\"},{\"id\":\"00550000005cg71AAA\",\"name\":\"Jaswinder Rattanpal\"}]","Id":"a005000000ezW4dAAE"}]
10:18:54.0 (22325359)|STATEMENT_EXECUTE|[114]
10:18:54.0 (22336747)|HEAP_ALLOCATE|[114]|Bytes:4
10:18:54.0 (22362795)|VARIABLE_ASSIGNMENT|[114]|mapFields|{"s":1,"v":{}}|0x4fa9dbd3
10:18:54.0 (22366058)|STATEMENT_EXECUTE|[115]
10:18:54.0 (22379244)|METHOD_ENTRY|[115]||System.JSON.deserializeUntyped(String)
10:18:54.0 (22743355)|METHOD_EXIT|[115]||System.JSON.deserializeUntyped(String)
10:18:54.0 (22754804)|VARIABLE_SCOPE_BEGIN|[115]|records|List<ANY>|true|false
10:18:54.0 (22778447)|HEAP_ALLOCATE|[EXTERNAL]|Bytes:8
10:18:54.0 (22804527)|VARIABLE_ASSIGNMENT|[115]|records|{"s":1,"v":[{"s":2,"v":{"attributes":{"s":3,"v":{"type":"BFFFollow__c","url":"/services/data/v37.0 (41 more) ..."}},"FollowedUsers__c":"[{\"id\":\"00550000005d (85 more) ...","Id":"a005000000ezW4dAAE"}}]}|0x48c8f20a
10:18:54.0 (22852556)|HEAP_ALLOCATE|[116]|Bytes:5
10:18:54.0 (22869433)|HEAP_ALLOCATE|[116]|Bytes:16
10:18:54.0 (22879928)|VARIABLE_SCOPE_BEGIN|[116]|record|Object|false|false
10:18:54.0 (22902687)|VARIABLE_ASSIGNMENT|[116]|record|{"s":1,"v":{"attributes":{"s":2,"v":{"type":"BFFFollow__c","url":"/services/data/v37.0 (41 more) ..."}},"FollowedUsers__c":"[{\"id\":\"00550000005d (85 more) ...","Id":"a005000000ezW4dAAE"}}
10:18:54.0 (22906711)|STATEMENT_EXECUTE|[116]
10:18:54.0 (22908287)|STATEMENT_EXECUTE|[117]
10:18:54.0 (22933504)|METHOD_ENTRY|[117]|01p50000002CIEt|ETLC_SecuredDB.findFieldsRecursive(Map<String,Set<String>>, Map<String,ANY>)
10:18:54.0 (22959605)|VARIABLE_SCOPE_BEGIN|[124]|mapFields|Map<String,Set<String>>|true|false
10:18:54.0 (22977926)|VARIABLE_ASSIGNMENT|[124]|mapFields|{"s":1,"v":{}}|0x4fa9dbd3
10:18:54.0 (22982711)|VARIABLE_SCOPE_BEGIN|[124]|record|Map<String,ANY>|true|false
10:18:54.0 (22997266)|VARIABLE_ASSIGNMENT|[124]|record|{"s":1,"v":{"attributes":{"s":2,"v":{"type":"BFFFollow__c","url":"/services/data/v37.0 (41 more) ..."}},"FollowedUsers__c":"[{\"id\":\"00550000005d (85 more) ...","Id":"a005000000ezW4dAAE"}}|0x32c7317b
10:18:54.0 (23007599)|HEAP_ALLOCATE|[125]|Bytes:5
10:18:54.0 (23012498)|STATEMENT_EXECUTE|[124]
10:18:54.0 (23013792)|STATEMENT_EXECUTE|[125]
10:18:54.0 (23020930)|HEAP_ALLOCATE|[125]|Bytes:10
10:18:54.0 (23027327)|VARIABLE_SCOPE_BEGIN|[125]|strAttributes|String|false|false
10:18:54.0 (23033675)|VARIABLE_ASSIGNMENT|[125]|strAttributes|"attributes"
10:18:54.0 (23035667)|STATEMENT_EXECUTE|[126]
10:18:54.0 (23040582)|HEAP_ALLOCATE|[126]|Bytes:7
10:18:54.0 (23043704)|VARIABLE_SCOPE_BEGIN|[126]|strRecord|String|false|false
10:18:54.0 (23048192)|VARIABLE_ASSIGNMENT|[126]|strRecord|"records"
10:18:54.0 (23082200)|STATEMENT_EXECUTE|[127]
10:18:54.0 (23084461)|STATEMENT_EXECUTE|[128]
10:18:54.0 (23119827)|VARIABLE_SCOPE_BEGIN|[128]|attributes|Map<String,ANY>|true|false
10:18:54.0 (23137997)|VARIABLE_ASSIGNMENT|[128]|attributes|{"s":1,"v":{"type":"BFFFollow__c","url":"/services/data/v37.0 (41 more) ..."}}|0x6daa66bd
10:18:54.0 (23141558)|STATEMENT_EXECUTE|[129]
10:18:54.0 (23149077)|HEAP_ALLOCATE|[129]|Bytes:4
10:18:54.0 (23179469)|VARIABLE_SCOPE_BEGIN|[129]|objectName|String|false|false
10:18:54.0 (23186972)|VARIABLE_ASSIGNMENT|[129]|objectName|"BFFFollow__c"
10:18:54.0 (23196520)|HEAP_ALLOCATE|[130]|Bytes:4
10:18:54.0 (23262946)|HEAP_ALLOCATE|[130]|Bytes:44
10:18:54.0 (23283754)|HEAP_ALLOCATE|[130]|Bytes:12
10:18:54.0 (23307969)|HEAP_ALLOCATE|[130]|Bytes:5
10:18:54.0 (23321282)|VARIABLE_SCOPE_BEGIN|[130]|fieldName|String|false|false
10:18:54.0 (23329079)|VARIABLE_ASSIGNMENT|[130]|fieldName|"attributes"
10:18:54.0 (23331862)|STATEMENT_EXECUTE|[130]
10:18:54.0 (23333074)|STATEMENT_EXECUTE|[131]
10:18:54.0 (23374289)|VARIABLE_SCOPE_BEGIN|[131]|field|Object|false|false
10:18:54.0 (23393248)|VARIABLE_ASSIGNMENT|[131]|field|{"s":1,"v":{"type":"BFFFollow__c","url":"/services/data/v37.0 (41 more) ..."}}
10:18:54.0 (23413313)|STATEMENT_EXECUTE|[132]
10:18:54.0 (23430715)|HEAP_ALLOCATE|[130]|Bytes:5
10:18:54.0 (23442586)|VARIABLE_SCOPE_BEGIN|[130]|fieldName|String|false|false
10:18:54.0 (23450228)|VARIABLE_ASSIGNMENT|[130]|fieldName|"FollowedUsers__c"
10:18:54.0 (23452610)|STATEMENT_EXECUTE|[130]
10:18:54.0 (23453721)|STATEMENT_EXECUTE|[131]
10:18:54.0 (23472885)|VARIABLE_SCOPE_BEGIN|[131]|field|Object|false|false
10:18:54.0 (23483235)|VARIABLE_ASSIGNMENT|[131]|field|"[{\"id\":\"00550000005d (85 more) ..."
10:18:54.0 (23494626)|HEAP_ALLOCATE|[134]|Bytes:68
10:18:54.0 (23513525)|STATEMENT_EXECUTE|[136]
10:18:54.0 (23515344)|STATEMENT_EXECUTE|[137]
10:18:54.0 (23526309)|HEAP_ALLOCATE|[137]|Bytes:4
10:18:54.0 (23559732)|VARIABLE_SCOPE_BEGIN|[137]|fieldNames|Set<String>|true|false
10:18:54.0 (23581953)|VARIABLE_ASSIGNMENT|[137]|fieldNames|{"s":1,"v":[]}|0x638bb8bb
10:18:54.0 (23615251)|STATEMENT_EXECUTE|[138]
10:18:54.0 (23622135)|STATEMENT_EXECUTE|[139]
10:18:54.0 (23651392)|HEAP_ALLOCATE|[EXTERNAL]|Bytes:4
10:18:54.0 (23659923)|STATEMENT_EXECUTE|[140]
10:18:54.0 (23689168)|HEAP_ALLOCATE|[EXTERNAL]|Bytes:-4
10:18:54.0 (23703781)|HEAP_ALLOCATE|[130]|Bytes:5
10:18:54.0 (23715426)|VARIABLE_SCOPE_BEGIN|[130]|fieldName|String|false|false
10:18:54.0 (23723172)|VARIABLE_ASSIGNMENT|[130]|fieldName|"Id"
10:18:54.0 (23725805)|STATEMENT_EXECUTE|[130]
10:18:54.0 (23727014)|STATEMENT_EXECUTE|[131]
10:18:54.0 (23747190)|VARIABLE_SCOPE_BEGIN|[131]|field|Object|false|false
10:18:54.0 (23755613)|VARIABLE_ASSIGNMENT|[131]|field|"a005000000ezW4dAAE"
10:18:54.0 (23772626)|STATEMENT_EXECUTE|[136]
10:18:54.0 (23774400)|STATEMENT_EXECUTE|[137]
10:18:54.0 (23782926)|HEAP_ALLOCATE|[137]|Bytes:4
10:18:54.0 (23796465)|VARIABLE_SCOPE_BEGIN|[137]|fieldNames|Set<String>|true|false
10:18:54.0 (23814243)|VARIABLE_ASSIGNMENT|[137]|fieldNames|{"s":1,"v":[]}|0x68cc1158
10:18:54.0 (23828188)|STATEMENT_EXECUTE|[138]
10:18:54.0 (23857382)|VARIABLE_ASSIGNMENT|[138]|fieldNames|{"s":1,"v":["FollowedUsers__c"]}|0x638bb8bb
10:18:54.0 (23861339)|STATEMENT_EXECUTE|[139]
10:18:54.0 (23875165)|HEAP_ALLOCATE|[EXTERNAL]|Bytes:4
10:18:54.0 (23881901)|STATEMENT_EXECUTE|[140]
10:18:54.0 (23904170)|HEAP_ALLOCATE|[130]|Bytes:5
10:18:54.0 (23915659)|VARIABLE_ASSIGNMENT|[130]|fieldName|null
10:18:54.0 (23927468)|METHOD_EXIT|[117]|01p50000002CIEt|ETLC_SecuredDB.findFieldsRecursive(Map<String,Set<String>>, Map<String,ANY>)
10:18:54.0 (23937868)|HEAP_ALLOCATE|[116]|Bytes:5
10:18:54.0 (23952303)|VARIABLE_ASSIGNMENT|[116]|record|null
10:18:54.0 (23958873)|HEAP_ALLOCATE|[119]|Bytes:4
10:18:54.0 (23998410)|HEAP_ALLOCATE|[119]|Bytes:20
10:18:54.0 (24011929)|HEAP_ALLOCATE|[119]|Bytes:4
10:18:54.0 (24030816)|HEAP_ALLOCATE|[119]|Bytes:5
10:18:54.0 (24042607)|VARIABLE_SCOPE_BEGIN|[119]|objectName|String|false|false
10:18:54.0 (24050442)|VARIABLE_ASSIGNMENT|[119]|objectName|"BFFFollow__c"
10:18:54.0 (24053127)|STATEMENT_EXECUTE|[119]
10:18:54.0 (24054652)|STATEMENT_EXECUTE|[120]
10:18:54.0 (24062631)|HEAP_ALLOCATE|[120]|Bytes:2
10:18:54.0 (24113533)|HEAP_ALLOCATE|[120]|Bytes:22
10:18:54.0 (24126148)|HEAP_ALLOCATE|[120]|Bytes:36
10:18:54.0 (24137064)|USER_DEBUG|[120]|DEBUG|BFFFollow__c: {FollowedUsers__c, Id}
10:18:54.0 (24149849)|HEAP_ALLOCATE|[119]|Bytes:5
10:18:54.0 (24160803)|VARIABLE_ASSIGNMENT|[119]|objectName|null
10:18:54.0 (24164084)|STATEMENT_EXECUTE|[122]
10:18:54.0 (24177449)|METHOD_EXIT|[20]|01p50000002CIEt|ETLC_SecuredDB.findFields(List<SObject>)
10:18:54.0 (24195391)|METHOD_ENTRY|[20]|01p50000002CIEt|ETLC_SecuredDB.validate(ETLC_SecuredDB.Operation, Map<String,Set<String>>)
10:18:54.0 (24204131)|VARIABLE_SCOPE_BEGIN|[55]|op|ETLC_SecuredDB.Operation|true|false
10:18:54.0 (24220048)|VARIABLE_ASSIGNMENT|[55]|op|"Querying"|0x58c338b8
10:18:54.0 (24224102)|VARIABLE_SCOPE_BEGIN|[55]|mapFieldNames|Map<String,Set<String>>|true|false
10:18:54.0 (24241917)|VARIABLE_ASSIGNMENT|[55]|mapFieldNames|{"s":1,"v":{"BFFFollow__c":{"s":2,"v":["FollowedUsers__c","Id"]}}}|0x4fa9dbd3
10:18:54.0 (24251793)|HEAP_ALLOCATE|[56]|Bytes:5
10:18:54.0 (24255864)|STATEMENT_EXECUTE|[55]
10:18:54.0 (24257268)|STATEMENT_EXECUTE|[56]
10:18:54.0 (24264944)|VARIABLE_SCOPE_BEGIN|[56]|securityMessage|String|false|false
10:18:54.0 (24270146)|VARIABLE_ASSIGNMENT|[56]|securityMessage|null
10:18:54.0 (24271812)|STATEMENT_EXECUTE|[57]
10:18:54.0 (43680444)|HEAP_ALLOCATE|[57]|Bytes:1440
10:18:54.0 (43714784)|VARIABLE_SCOPE_BEGIN|[57]|mapObjects|Map<String,Schema.SObjectType>|true|false
10:18:54.0 (43969085)|VARIABLE_ASSIGNMENT|[57]|mapObjects|"{acceptedeventrelation=AcceptedEventRelation, account=Account, accountcontactrole=AccountContactRole, accountfeed=AccountFeed, accounthistory=AccountHistory, accountpartner=AccountPartner, accountshare=AccountShare, actionlinkgrouptemplate=ActionLinkGroupTemplate, actionlinktemplate=ActionLinkTemplate, activityhistory=ActivityHistory, ...}"|0x66b31d7b
10:18:54.0 (43985125)|HEAP_ALLOCATE|[58]|Bytes:4
10:18:54.0 (44068378)|HEAP_ALLOCATE|[58]|Bytes:20
10:18:54.0 (44089284)|HEAP_ALLOCATE|[58]|Bytes:4
10:18:54.0 (44114808)|HEAP_ALLOCATE|[58]|Bytes:5
10:18:54.0 (44129682)|VARIABLE_SCOPE_BEGIN|[58]|sObjectName|String|false|false
10:18:54.0 (44139575)|VARIABLE_ASSIGNMENT|[58]|sObjectName|"BFFFollow__c"
10:18:54.0 (44143436)|STATEMENT_EXECUTE|[58]
10:18:54.0 (44145495)|STATEMENT_EXECUTE|[59]
10:18:54.0 (44161722)|HEAP_ALLOCATE|[59]|Bytes:9
10:18:54.0 (44166696)|HEAP_ALLOCATE|[59]|Bytes:7
10:18:54.0 (44222813)|HEAP_ALLOCATE|[59]|Bytes:8
10:18:54.0 (44233774)|HEAP_ALLOCATE|[59]|Bytes:1
10:18:54.0 (44246589)|HEAP_ALLOCATE|[59]|Bytes:37
10:18:54.0 (44263079)|VARIABLE_ASSIGNMENT|[59]|securityMessage|"CRUD on [BFFFollow__ (17 more) ..."
10:18:54.0 (44267159)|STATEMENT_EXECUTE|[60]
10:18:54.0 (44279768)|HEAP_ALLOCATE|[60]|Bytes:10
10:18:54.0 (44287793)|HEAP_ALLOCATE|[60]|Bytes:47
10:18:54.0 (44322500)|USER_DEBUG|[60]|DEBUG|Checking: CRUD on [BFFFollow__c] for [Querying]
10:18:54.0 (44329976)|STATEMENT_EXECUTE|[61]
10:18:54.0 (44568005)|HEAP_ALLOCATE|[61]|Bytes:4
10:18:54.0 (44614297)|VARIABLE_SCOPE_BEGIN|[61]|drSObj|Schema.DescribeSObjectResult|true|false
10:18:54.0 (44695845)|VARIABLE_ASSIGNMENT|[61]|drSObj|"common.api.soap.wsdl.DescribeSObjectResult@a54f9caa"|0x6d6a0ca4
10:18:54.0 (44838888)|STATEMENT_EXECUTE|[64]
10:18:54.0 (44885686)|STATEMENT_EXECUTE|[65]
10:18:54.0 (44947999)|STATEMENT_EXECUTE|[77]
10:18:54.0 (44950719)|STATEMENT_EXECUTE|[79]
10:18:54.0 (45191235)|HEAP_ALLOCATE|[79]|Bytes:56
10:18:54.0 (45203123)|VARIABLE_SCOPE_BEGIN|[79]|mapFields|Map<String,Schema.SObjectField>|true|false
10:18:54.0 (45356021)|VARIABLE_ASSIGNMENT|[79]|mapFields|"{createdbyid=CreatedById, createddate=CreatedDate, followedby__c=FollowedBy__c, followedusers__c=FollowedUsers__c, id=Id, isdeleted=IsDeleted, lastmodifiedbyid=LastModifiedById, lastmodifieddate=LastModifiedDate, lastreferenceddate=LastReferencedDate, lastvieweddate=LastViewedDate, ...}"|0x1557f4ad
10:18:54.0 (45366649)|HEAP_ALLOCATE|[80]|Bytes:4
10:18:54.0 (45414778)|HEAP_ALLOCATE|[80]|Bytes:8
10:18:54.0 (45435323)|HEAP_ALLOCATE|[80]|Bytes:5
10:18:54.0 (45448018)|VARIABLE_SCOPE_BEGIN|[80]|fieldName|String|false|false
10:18:54.0 (45457016)|VARIABLE_ASSIGNMENT|[80]|fieldName|"FollowedUsers__c"
10:18:54.0 (45460153)|STATEMENT_EXECUTE|[80]
10:18:54.0 (45461481)|STATEMENT_EXECUTE|[81]
10:18:54.0 (46302714)|HEAP_ALLOCATE|[81]|Bytes:8
10:18:54.0 (46337913)|VARIABLE_SCOPE_BEGIN|[81]|drField|Schema.DescribeFieldResult|true|false
10:18:54.0 (46413599)|VARIABLE_ASSIGNMENT|[81]|drField|"common.api.soap.wsdl.Field@4135a29"|0x48ad0b07
10:18:54.0 (46436090)|STATEMENT_EXECUTE|[82]
10:18:54.0 (46437871)|STATEMENT_EXECUTE|[83]
10:18:54.0 (46447506)|HEAP_ALLOCATE|[83]|Bytes:8
10:18:54.0 (46451545)|HEAP_ALLOCATE|[83]|Bytes:1
10:18:54.0 (46490435)|HEAP_ALLOCATE|[83]|Bytes:8
10:18:54.0 (46508575)|HEAP_ALLOCATE|[83]|Bytes:52
10:18:54.0 (46514212)|HEAP_ALLOCATE|[83]|Bytes:53
10:18:54.0 (46524106)|VARIABLE_ASSIGNMENT|[83]|securityMessage|"FLS on [BFFFollow__c (33 more) ..."
10:18:54.0 (46527112)|STATEMENT_EXECUTE|[84]
10:18:54.0 (46537265)|HEAP_ALLOCATE|[84]|Bytes:63
10:18:54.0 (46561106)|USER_DEBUG|[84]|DEBUG|Checking: FLS on [BFFFollow__c.FollowedUsers__c] for [Querying]
10:18:54.0 (46654898)|STATEMENT_EXECUTE|[87]
10:18:54.0 (46670719)|STATEMENT_EXECUTE|[88]
10:18:54.0 (46688922)|HEAP_ALLOCATE|[80]|Bytes:5
10:18:54.0 (46701732)|VARIABLE_SCOPE_BEGIN|[80]|fieldName|String|false|false
10:18:54.0 (46709685)|VARIABLE_ASSIGNMENT|[80]|fieldName|"Id"
10:18:54.0 (46712271)|STATEMENT_EXECUTE|[80]
10:18:54.0 (46713802)|STATEMENT_EXECUTE|[81]
10:18:54.0 (46846063)|HEAP_ALLOCATE|[81]|Bytes:8
10:18:54.0 (46856246)|VARIABLE_SCOPE_BEGIN|[81]|drField|Schema.DescribeFieldResult|true|false
10:18:54.0 (46925715)|VARIABLE_ASSIGNMENT|[81]|drField|"common.api.soap.wsdl.Field@18e1621b"|0x32980334
10:18:54.0 (46938196)|STATEMENT_EXECUTE|[99]
10:18:54.0 (46939695)|STATEMENT_EXECUTE|[100]
10:18:54.0 (46949328)|HEAP_ALLOCATE|[100]|Bytes:22
10:18:54.0 (46988881)|HEAP_ALLOCATE|[100]|Bytes:8
10:18:54.0 (47009537)|HEAP_ALLOCATE|[100]|Bytes:52
10:18:54.0 (47015623)|HEAP_ALLOCATE|[100]|Bytes:35
10:18:54.0 (47019497)|HEAP_ALLOCATE|[100]|Bytes:87
10:18:54.0 (47031464)|USER_DEBUG|[100]|DEBUG|Bypass Check: FLS on [BFFFollow__c.Id] for [Querying] since it's not isPermissionable()
10:18:54.0 (47045597)|HEAP_ALLOCATE|[80]|Bytes:5
10:18:54.0 (47071212)|VARIABLE_ASSIGNMENT|[80]|fieldName|null
10:18:54.0 (47084192)|HEAP_ALLOCATE|[58]|Bytes:5
10:18:54.0 (47094159)|VARIABLE_ASSIGNMENT|[58]|sObjectName|null
10:18:54.0 (47111525)|METHOD_EXIT|[20]|01p50000002CIEt|ETLC_SecuredDB.validate(ETLC_SecuredDB.Operation, Map<String,Set<String>>)
10:18:54.0 (47116650)|STATEMENT_EXECUTE|[21]
10:18:54.0 (47131962)|METHOD_EXIT|[28]|01p50000002CIEt|ETLC_SecuredDB.query(String)
10:18:54.0 (47137424)|VARIABLE_SCOPE_BEGIN|[28]|dbRecords|List<SObject>|true|false
10:18:54.0 (47175839)|VARIABLE_ASSIGNMENT|[28]|dbRecords|{"s":1,"v":[{"s":2,"v":{"FollowedUsers__c":"[{\"id\":\"00550000005d (85 more) ...","Id":"a005000000ezW4dAAE"}}]}|0x2bc9c5f3
10:18:54.0 (47185222)|STATEMENT_EXECUTE|[29]
10:18:54.0 (47275693)|STATEMENT_EXECUTE|[30]
10:18:54.0 (47280869)|STATEMENT_EXECUTE|[31]
10:18:54.0 (47287099)|STATEMENT_EXECUTE|[34]
10:18:54.0 (47297670)|HEAP_ALLOCATE|[34]|Bytes:12
10:18:54.0 (47304554)|HEAP_ALLOCATE|[34]|Bytes:16
10:18:54.0 (47369294)|HEAP_ALLOCATE|[34]|Bytes:105
10:18:54.0 (47389376)|METHOD_EXIT|[10]|01p50000002D8iw|BFFFollow_Controller.fetchFollowedUsers(Id)
10:18:54.0 (47466667)|VARIABLE_ASSIGNMENT|[EXTERNAL]|this|{"debug":false,"input":"{\"mode\":\"fetchFollow (9 more) ...","operation":"BFFFollow_Controller"}|0x58856b1c
10:18:54.0 (47477891)|VARIABLE_ASSIGNMENT|[EXTERNAL]|value|"[{\"id\":\"00550000005d (85 more) ..."
10:18:54.0 (47492625)|VARIABLE_ASSIGNMENT|[12]|this.output|"[{\"id\":\"00550000005d (85 more) ..."|0x58856b1c
10:18:54.0 (47500699)|STATEMENT_EXECUTE|[11]
10:18:54.0 (47563136)|VARIABLE_ASSIGNMENT|[EXTERNAL]|this|{"debug":false,"input":"{\"mode\":\"fetchFollow (9 more) ...","operation":"BFFFollow_Controller","output":"[{\"id\":\"00550000005d (85 more) ..."}|0x58856b1c
10:18:54.0 (47622013)|VARIABLE_ASSIGNMENT|[EXTERNAL]|this|{"debug":false,"input":"{\"mode\":\"fetchFollow (9 more) ...","operation":"BFFFollow_Controller","output":"[{\"id\":\"00550000005d (85 more) ..."}|0x58856b1c
10:18:54.0 (47632214)|VARIABLE_ASSIGNMENT|[EXTERNAL]|value|true
10:18:54.0 (47637719)|HEAP_ALLOCATE|[15]|Bytes:5
10:18:54.0 (47645042)|VARIABLE_ASSIGNMENT|[15]|this.outputFlag|true|0x58856b1c
10:18:54.0 (47655585)|STATEMENT_EXECUTE|[19]
10:18:54.0 (47671557)|METHOD_EXIT|[9]|01p50000002D8iw|BFFFollow_Controller.process(ETLC_ApexBridge_Data)
10:18:54.0 (47675888)|STATEMENT_EXECUTE|[24]
10:18:54.0 (47695610)|METHOD_ENTRY|[24]|01p50000002CIEo|ETLC_ApexBridge_Data.toJSON()
10:18:54.0 (47715892)|VARIABLE_SCOPE_BEGIN|[57]|this|ETLC_ApexBridge_Data|true|false
10:18:54.0 (47743713)|VARIABLE_ASSIGNMENT|[57]|this|{"debug":false,"input":"{\"mode\":\"fetchFollow (9 more) ...","operation":"BFFFollow_Controller","output":"[{\"id\":\"00550000005d (85 more) ...","outputFlag":true}|0x58856b1c
10:18:54.0 (47751006)|STATEMENT_EXECUTE|[57]
10:18:54.0 (47752227)|STATEMENT_EXECUTE|[58]
10:18:54.0 (47768136)|METHOD_ENTRY|[58]||System.JSON.serialize(Object)
10:18:54.0 (47887704)|STATEMENT_EXECUTE|[22]
10:18:54.0 (47895297)|STATEMENT_EXECUTE|[23]
10:18:54.0 (47911177)|HEAP_ALLOCATE|[23]|Bytes:5
10:18:54.0 (47927309)|VARIABLE_ASSIGNMENT|[23]|this.isSuccess|true|0x58856b1c
10:18:54.0 (47931906)|STATEMENT_EXECUTE|[24]
10:18:54.0 (48016876)|STATEMENT_EXECUTE|[31]
10:18:54.0 (48022526)|STATEMENT_EXECUTE|[32]
10:18:54.0 (48035010)|HEAP_ALLOCATE|[32]|Bytes:4
10:18:54.0 (48094794)|VARIABLE_ASSIGNMENT|[32]|this.messages|{"s":1,"v":{}}|0x58856b1c
10:18:54.0 (48099087)|STATEMENT_EXECUTE|[33]
10:18:54.0 (48414381)|METHOD_EXIT|[58]||System.JSON.serialize(Object)
10:18:54.0 (48421276)|METHOD_EXIT|[24]|01p50000002CIEo|ETLC_ApexBridge_Data.toJSON()
10:18:54.0 (48431337)|SYSTEM_MODE_EXIT|false
10:18:54.48 (48478210)|CUMULATIVE_LIMIT_USAGE
10:18:54.48 (48478210)|LIMIT_USAGE_FOR_NS|(default)|
  Number of SOQL queries: 1 out of 100
  Number of query rows: 1 out of 50000
  Number of SOSL queries: 0 out of 20
  Number of DML statements: 0 out of 150
  Number of DML rows: 0 out of 10000
  Maximum CPU time: 0 out of 10000
  Maximum heap size: 0 out of 6000000
  Number of callouts: 0 out of 100
  Number of Email Invocations: 0 out of 10
  Number of future calls: 0 out of 50
  Number of queueable jobs added to the queue: 0 out of 50
  Number of Mobile Apex push calls: 0 out of 10

10:18:54.48 (48478210)|CUMULATIVE_LIMIT_USAGE_END

10:18:54.0 (48533899)|CODE_UNIT_FINISHED|ETLC_ApexBridge_Controller.execute
