37.0 APEX_CODE,FINEST;APEX_PROFILING,INFO;CALLOUT,INFO;DB,INFO;SYSTEM,DEBUG;VALIDATION,INFO;VISUALFORCE,INFO;WORKFLOW,INFO
23:13:19.0 (533858)|USER_INFO|[EXTERNAL]|00550000005cg71|bfffollow@jr.te|Eastern Standard Time|GMT-04:00
23:13:19.0 (573410)|EXECUTION_STARTED
23:13:19.0 (578998)|CODE_UNIT_STARTED|[EXTERNAL]|aura
23:13:19.0 (945112)|HEAP_ALLOCATE|[72]|Bytes:3
23:13:19.0 (998606)|HEAP_ALLOCATE|[77]|Bytes:152
23:13:19.0 (1019974)|HEAP_ALLOCATE|[342]|Bytes:408
23:13:19.0 (1044588)|HEAP_ALLOCATE|[355]|Bytes:408
23:13:19.0 (1066451)|HEAP_ALLOCATE|[467]|Bytes:48
23:13:19.0 (1104414)|HEAP_ALLOCATE|[139]|Bytes:6
23:13:19.0 (1134376)|HEAP_ALLOCATE|[EXTERNAL]|Bytes:93
23:13:19.0 (1154178)|HEAP_ALLOCATE|[EXTERNAL]|Bytes:93
23:13:19.0 (2066620)|CODE_UNIT_STARTED|[EXTERNAL]|01p50000002CIEm|ETLC_ApexBridge_Controller.execute
23:13:19.0 (2725394)|HEAP_ALLOCATE|[EXTERNAL]|Bytes:1
23:13:19.0 (2732978)|HEAP_ALLOCATE|[EXTERNAL]|Bytes:10
23:13:19.0 (2754187)|METHOD_ENTRY|[1]|01p50000002CIEm|ETLC_ApexBridge_Controller.ETLC_ApexBridge_Controller()
23:13:19.0 (2760205)|STATEMENT_EXECUTE|[1]
23:13:19.0 (2766370)|STATEMENT_EXECUTE|[1]
23:13:19.0 (2776741)|METHOD_EXIT|[1]|ETLC_ApexBridge_Controller
23:13:19.0 (2783384)|HEAP_ALLOCATE|[EXTERNAL]|Bytes:93
23:13:19.0 (2802581)|SYSTEM_MODE_ENTER|false
23:13:19.0 (2824233)|VARIABLE_SCOPE_BEGIN|[3]|dataJson|String|false|false
23:13:19.0 (2861888)|VARIABLE_ASSIGNMENT|[3]|dataJson|"{\"operation\":\"BFFFol (73 more) ..."
23:13:19.0 (2967541)|STATEMENT_EXECUTE|[3]
23:13:19.0 (2969859)|STATEMENT_EXECUTE|[4]
23:13:19.0 (5346234)|VARIABLE_SCOPE_BEGIN|[4]|data|ETLC_ApexBridge_Data|true|false
23:13:19.0 (5362649)|VARIABLE_ASSIGNMENT|[4]|data|null|
23:13:19.0 (5366317)|STATEMENT_EXECUTE|[5]
23:13:19.0 (5368272)|STATEMENT_EXECUTE|[5]
23:13:19.0 (5369778)|STATEMENT_EXECUTE|[6]
23:13:19.0 (5387586)|HEAP_ALLOCATE|[6]|Bytes:11
23:13:19.0 (5396022)|HEAP_ALLOCATE|[6]|Bytes:248
23:13:19.0 (5400231)|HEAP_ALLOCATE|[6]|Bytes:39
23:13:19.0 (5447484)|METHOD_ENTRY|[2]|01p50000002CIEo|ETLC_ApexBridge_Data.ETLC_ApexBridge_Data()
23:13:19.0 (5452251)|STATEMENT_EXECUTE|[2]
23:13:19.0 (5457705)|STATEMENT_EXECUTE|[2]
23:13:19.0 (5465884)|METHOD_EXIT|[2]|ETLC_ApexBridge_Data
23:13:19.0 (5504761)|METHOD_ENTRY|[6]|01p50000002CIEo|ETLC_ApexBridge_Data.fromJSON(String)
23:13:19.0 (5534363)|VARIABLE_SCOPE_BEGIN|[60]|strJson|String|false|false
23:13:19.0 (5547734)|VARIABLE_ASSIGNMENT|[60]|strJson|"{\"operation\":\"BFFFol (73 more) ..."
23:13:19.0 (5553127)|STATEMENT_EXECUTE|[60]
23:13:19.0 (5555080)|STATEMENT_EXECUTE|[61]
23:13:19.0 (5565546)|HEAP_ALLOCATE|[61]|Bytes:20
23:13:19.0 (5595349)|HEAP_ALLOCATE|[50]|Bytes:5
23:13:19.0 (5632748)|HEAP_ALLOCATE|[56]|Bytes:5
23:13:19.0 (5651045)|HEAP_ALLOCATE|[64]|Bytes:7
23:13:19.0 (5776663)|HEAP_ALLOCATE|[61]|Bytes:24
23:13:19.0 (5796515)|SYSTEM_METHOD_ENTRY|[1]|Type.Type()
23:13:19.0 (5801132)|STATEMENT_EXECUTE|[1]
23:13:19.0 (5812995)|SYSTEM_METHOD_EXIT|[1]|Type
23:13:19.0 (5820695)|HEAP_ALLOCATE|[61]|Bytes:8
23:13:19.0 (5854715)|HEAP_ALLOCATE|[61]|Bytes:8
23:13:19.0 (5864361)|VARIABLE_SCOPE_BEGIN|[4]|this|System.Type|true|false
23:13:19.0 (5903418)|VARIABLE_ASSIGNMENT|[4]|this|{}|0x73194054
23:13:19.0 (5908268)|VARIABLE_SCOPE_BEGIN|[4]|apextype|java:common.apex.runtime.ApexObjectType|true|false
23:13:19.0 (6031648)|VARIABLE_ASSIGNMENT|[4]|apextype|"ETLC_ApexBridge_Data"|0x2fd34762
23:13:19.0 (6116593)|HEAP_ALLOCATE|[61]|Bytes:8
23:13:19.0 (6156435)|HEAP_ALLOCATE|[61]|Bytes:24
23:13:19.0 (6169659)|SYSTEM_METHOD_ENTRY|[1]|JSON.JSON()
23:13:19.0 (6172344)|STATEMENT_EXECUTE|[1]
23:13:19.0 (6178885)|SYSTEM_METHOD_EXIT|[1]|JSON
23:13:19.0 (6194707)|METHOD_ENTRY|[61]||System.JSON.deserializeStrict(String, System.Type)
23:13:19.0 (6799812)|METHOD_EXIT|[61]||System.JSON.deserializeStrict(String, System.Type)
23:13:19.0 (6810798)|METHOD_EXIT|[6]|01p50000002CIEo|ETLC_ApexBridge_Data.fromJSON(String)
23:13:19.0 (6871188)|VARIABLE_ASSIGNMENT|[6]|data|{"debug":true,"input":"{\"mode\":\"fetchFollow (9 more) ...","operation":"BFFFollow_Controller"}|0x511710b9
23:13:19.0 (6876309)|STATEMENT_EXECUTE|[7]
23:13:19.0 (6885333)|HEAP_ALLOCATE|[7]|Bytes:6
23:13:19.0 (6964077)|HEAP_ALLOCATE|[7]|Bytes:177
23:13:19.0 (6987558)|HEAP_ALLOCATE|[7]|Bytes:183
23:13:19.0 (7009571)|USER_DEBUG|[7]|DEBUG|data::ETLC_ApexBridge_Data:[debug=true, input={"mode":"fetchFollowedUsers"}, isSuccess=null, messages=null, operation=BFFFollow_Controller, output=null, outputFlag=null, records=null]
23:13:19.0 (7017784)|STATEMENT_EXECUTE|[8]
23:13:19.0 (7074185)|VARIABLE_ASSIGNMENT|[EXTERNAL]|this|{"debug":true,"input":"{\"mode\":\"fetchFollow (9 more) ...","operation":"BFFFollow_Controller"}|0x511710b9
23:13:19.0 (7094754)|METHOD_ENTRY|[8]||System.Type.forName(String)
23:13:19.0 (8800969)|METHOD_EXIT|[8]||System.Type.forName(String)
23:13:19.0 (8814664)|METHOD_ENTRY|[8]||System.Type.newInstance()
23:13:19.0 (10008426)|STATEMENT_EXECUTE|[1]
23:13:19.0 (10020967)|HEAP_ALLOCATE|[33]|Bytes:5
23:13:19.0 (10036214)|METHOD_EXIT|[1]|BFFFollow_Controller
23:13:19.0 (10051497)|HEAP_ALLOCATE|[33]|Bytes:4
23:13:19.0 (10062387)|VARIABLE_SCOPE_BEGIN|[1]|this|BFFFollow_Controller|true|false
23:13:19.0 (10080666)|VARIABLE_ASSIGNMENT|[1]|this|{}|0x55f28774
23:13:19.0 (10088929)|HEAP_ALLOCATE|[33]|Bytes:5
23:13:19.0 (10097108)|HEAP_ALLOCATE|[33]|Bytes:11
23:13:19.0 (10116274)|METHOD_ENTRY|[1]|01p50000002CIEj|ETLC_ApexBridge_Abstract.ETLC_ApexBridge_Abstract()
23:13:19.0 (10119548)|STATEMENT_EXECUTE|[1]
23:13:19.0 (10123132)|STATEMENT_EXECUTE|[1]
23:13:19.0 (10128709)|METHOD_EXIT|[1]|ETLC_ApexBridge_Abstract
23:13:19.0 (10135647)|CONSTRUCTOR_ENTRY|[EXTERNAL]|01p50000002CIEj|<init>()
23:13:19.0 (10153583)|VARIABLE_SCOPE_BEGIN|[1]|this|ETLC_ApexBridge_Abstract|true|false
23:13:19.0 (10169075)|VARIABLE_ASSIGNMENT|[1]|this|{}|0x55f28774
23:13:19.0 (10182845)|STATEMENT_EXECUTE|[1]
23:13:19.0 (10186726)|CONSTRUCTOR_EXIT|[EXTERNAL]|01p50000002CIEj|<init>()
23:13:19.0 (10191019)|STATEMENT_EXECUTE|[1]
23:13:19.0 (10195593)|HEAP_ALLOCATE|[33]|Bytes:5
23:13:19.0 (10211639)|METHOD_EXIT|[8]||System.Type.newInstance()
23:13:19.0 (10219702)|VARIABLE_SCOPE_BEGIN|[8]|executor|ETLC_ApexBridge_Abstract|true|false
23:13:19.0 (10232328)|VARIABLE_ASSIGNMENT|[8]|executor|{}|0x55f28774
23:13:19.0 (10234785)|STATEMENT_EXECUTE|[9]
23:13:19.0 (10275192)|METHOD_ENTRY|[9]|01p50000002D8iw|BFFFollow_Controller.process(ETLC_ApexBridge_Data)
23:13:19.0 (10298314)|VARIABLE_SCOPE_BEGIN|[3]|this|BFFFollow_Controller|true|false
23:13:19.0 (10312526)|VARIABLE_ASSIGNMENT|[3]|this|{}|0x55f28774
23:13:19.0 (10316577)|VARIABLE_SCOPE_BEGIN|[3]|data|ETLC_ApexBridge_Data|true|false
23:13:19.0 (10340920)|VARIABLE_ASSIGNMENT|[3]|data|{"debug":true,"input":"{\"mode\":\"fetchFollow (9 more) ...","operation":"BFFFollow_Controller"}|0x511710b9
23:13:19.0 (10349412)|HEAP_ALLOCATE|[4]|Bytes:5
23:13:19.0 (10353029)|STATEMENT_EXECUTE|[3]
23:13:19.0 (10354229)|STATEMENT_EXECUTE|[4]
23:13:19.0 (10431197)|VARIABLE_ASSIGNMENT|[EXTERNAL]|this|{"debug":true,"input":"{\"mode\":\"fetchFollow (9 more) ...","operation":"BFFFollow_Controller"}|0x511710b9
23:13:19.0 (10465394)|VARIABLE_ASSIGNMENT|[4]|BFFFollow_Controller.debugFlag|true
23:13:19.0 (10506351)|VARIABLE_ASSIGNMENT|[EXTERNAL]|this|{"debug":true,"input":"{\"mode\":\"fetchFollow (9 more) ...","operation":"BFFFollow_Controller"}|0x511710b9
23:13:19.0 (10519809)|STATEMENT_EXECUTE|[5]
23:13:19.0 (10528755)|HEAP_ALLOCATE|[5]|Bytes:12
23:13:19.0 (10564400)|HEAP_ALLOCATE|[5]|Bytes:177
23:13:19.0 (10578142)|HEAP_ALLOCATE|[5]|Bytes:189
23:13:19.0 (10588861)|USER_DEBUG|[5]|DEBUG|data BEFORE:ETLC_ApexBridge_Data:[debug=true, input={"mode":"fetchFollowedUsers"}, isSuccess=null, messages=null, operation=BFFFollow_Controller, output=null, outputFlag=null, records=null]
23:13:19.0 (10595375)|STATEMENT_EXECUTE|[7]
23:13:19.0 (10602399)|HEAP_ALLOCATE|[7]|Bytes:4
23:13:19.0 (10626285)|METHOD_ENTRY|[7]|01p50000002CIEo|ETLC_ApexBridge_Data.getInputValue(String)
23:13:19.0 (10647267)|VARIABLE_SCOPE_BEGIN|[52]|this|ETLC_ApexBridge_Data|true|false
23:13:19.0 (10674737)|VARIABLE_ASSIGNMENT|[52]|this|{"debug":true,"input":"{\"mode\":\"fetchFollow (9 more) ...","operation":"BFFFollow_Controller"}|0x511710b9
23:13:19.0 (10681257)|VARIABLE_SCOPE_BEGIN|[52]|key|String|false|false
23:13:19.0 (10685216)|VARIABLE_ASSIGNMENT|[52]|key|"mode"
23:13:19.0 (10689153)|STATEMENT_EXECUTE|[52]
23:13:19.0 (10690375)|STATEMENT_EXECUTE|[53]
23:13:19.0 (10741494)|VARIABLE_ASSIGNMENT|[EXTERNAL]|this|{"debug":true,"input":"{\"mode\":\"fetchFollow (9 more) ...","operation":"BFFFollow_Controller"}|0x511710b9
23:13:19.0 (10759638)|METHOD_ENTRY|[53]||System.JSON.deserializeUntyped(String)
23:13:19.0 (10979781)|METHOD_EXIT|[53]||System.JSON.deserializeUntyped(String)
23:13:19.0 (10988674)|VARIABLE_SCOPE_BEGIN|[53]|inputMap|Map<String,ANY>|true|false
23:13:19.0 (11014693)|VARIABLE_ASSIGNMENT|[53]|inputMap|{"s":1,"v":{"mode":"fetchFollowedUsers"}}|0x2e7e80a4
23:13:19.0 (11018993)|STATEMENT_EXECUTE|[54]
23:13:19.0 (11067134)|METHOD_EXIT|[7]|01p50000002CIEo|ETLC_ApexBridge_Data.getInputValue(String)
23:13:19.0 (11073636)|VARIABLE_SCOPE_BEGIN|[7]|mode|String|false|false
23:13:19.0 (11080396)|VARIABLE_ASSIGNMENT|[7]|mode|"fetchFollowedUsers"
23:13:19.0 (11085378)|HEAP_ALLOCATE|[9]|Bytes:18
23:13:19.0 (11113832)|STATEMENT_EXECUTE|[9]
23:13:19.0 (11115639)|STATEMENT_EXECUTE|[10]
23:13:19.0 (11157596)|HEAP_ALLOCATE|[10]|Bytes:85
23:13:19.0 (11172350)|SYSTEM_METHOD_ENTRY|[1]|UserInfo.UserInfo()
23:13:19.0 (11175061)|STATEMENT_EXECUTE|[1]
23:13:19.0 (11182183)|SYSTEM_METHOD_EXIT|[1]|UserInfo
23:13:19.0 (11195778)|METHOD_ENTRY|[10]||System.UserInfo.getUserId()
23:13:19.0 (11228995)|METHOD_EXIT|[10]||System.UserInfo.getUserId()
23:13:19.0 (11242530)|HEAP_ALLOCATE|[10]|Bytes:4
23:13:19.0 (11256539)|METHOD_ENTRY|[10]|01p50000002D8iw|BFFFollow_Controller.fetchFollowedUsers(Id)
23:13:19.0 (11264534)|VARIABLE_SCOPE_BEGIN|[24]|this|BFFFollow_Controller|true|false
23:13:19.0 (11279038)|VARIABLE_ASSIGNMENT|[24]|this|{}|0x55f28774
23:13:19.0 (11283500)|VARIABLE_SCOPE_BEGIN|[24]|followedById|Id|false|false
23:13:19.0 (11342130)|VARIABLE_ASSIGNMENT|[24]|followedById|"00550000005cg71AAA"
23:13:19.0 (11352420)|HEAP_ALLOCATE|[25]|Bytes:5
23:13:19.0 (11356262)|STATEMENT_EXECUTE|[24]
23:13:19.0 (11357608)|STATEMENT_EXECUTE|[25]
23:13:19.0 (11365438)|HEAP_ALLOCATE|[25]|Bytes:63
23:13:19.0 (11399287)|HEAP_ALLOCATE|[25]|Bytes:18
23:13:19.0 (11410252)|HEAP_ALLOCATE|[25]|Bytes:9
23:13:19.0 (11419532)|HEAP_ALLOCATE|[25]|Bytes:90
23:13:19.0 (11423649)|VARIABLE_SCOPE_BEGIN|[25]|soql|String|false|false
23:13:19.0 (11432428)|VARIABLE_ASSIGNMENT|[25]|soql|"SELECT FollowedUsers (70 more) ..."
23:13:19.0 (11435094)|STATEMENT_EXECUTE|[26]
23:13:19.0 (11436131)|STATEMENT_EXECUTE|[26]
23:13:19.0 (11442118)|STATEMENT_EXECUTE|[27]
23:13:19.0 (11443075)|STATEMENT_EXECUTE|[27]
23:13:19.0 (11449766)|HEAP_ALLOCATE|[27]|Bytes:24
23:13:19.0 (11455628)|HEAP_ALLOCATE|[27]|Bytes:114
23:13:19.0 (11480843)|USER_DEBUG|[27]|DEBUG|fetchFollowedUsers:soql:SELECT FollowedUsers__c FROM BFFFollow__c WHERE FollowedBy__c='00550000005cg71AAA' limit 1
23:13:19.0 (11488274)|STATEMENT_EXECUTE|[28]
23:13:19.0 (13808492)|HEAP_ALLOCATE|[28]|Bytes:9
23:13:19.0 (13816470)|HEAP_ALLOCATE|[28]|Bytes:29
23:13:19.0 (13819376)|HEAP_ALLOCATE|[28]|Bytes:21
23:13:19.0 (13839201)|METHOD_ENTRY|[7]|01p50000002CIEt|ETLC_SecuredDB.ETLC_SecuredDB()
23:13:19.0 (13842912)|STATEMENT_EXECUTE|[7]
23:13:19.0 (13846715)|STATEMENT_EXECUTE|[7]
23:13:19.0 (13852237)|HEAP_ALLOCATE|[28]|Bytes:5
23:13:19.0 (13862113)|METHOD_EXIT|[7]|ETLC_SecuredDB
23:13:19.0 (13888381)|METHOD_ENTRY|[28]|01p50000002CIEt|ETLC_SecuredDB.query(String)
23:13:19.0 (13908252)|VARIABLE_SCOPE_BEGIN|[10]|SOQL|String|false|false
23:13:19.0 (13917484)|VARIABLE_ASSIGNMENT|[10]|SOQL|"SELECT FollowedUsers (70 more) ..."
23:13:19.0 (13925506)|HEAP_ALLOCATE|[12]|Bytes:5
23:13:19.0 (13929837)|STATEMENT_EXECUTE|[10]
23:13:19.0 (13932410)|STATEMENT_EXECUTE|[12]
23:13:19.0 (15176027)|SOQL_EXECUTE_BEGIN|[12]|Aggregations:0|SELECT FollowedUsers__c FROM BFFFollow__c WHERE FollowedBy__c='00550000005cg71AAA' limit 1
23:13:19.0 (19350460)|SOQL_EXECUTE_END|[12]|Rows:1
23:13:19.0 (19375111)|HEAP_ALLOCATE|[12]|Bytes:8
23:13:19.0 (19385184)|HEAP_ALLOCATE|[12]|Bytes:55
23:13:19.0 (19458575)|HEAP_ALLOCATE|[12]|Bytes:8
23:13:19.0 (19471648)|VARIABLE_SCOPE_BEGIN|[12]|dbRecords|List<SObject>|true|false
23:13:19.0 (19500183)|VARIABLE_ASSIGNMENT|[12]|dbRecords|{"s":1,"v":[{"s":2,"v":{"FollowedUsers__c":"[]","Id":"a005000000ezW4dAAE"}}]}|0x357af008
23:13:19.0 (19504385)|STATEMENT_EXECUTE|[20]
23:13:19.0 (19708794)|HEAP_ALLOCATE|[20]|Bytes:12
23:13:19.0 (19716136)|HEAP_ALLOCATE|[20]|Bytes:8
23:13:19.0 (19772825)|HEAP_ALLOCATE|[20]|Bytes:12
23:13:19.0 (19780413)|HEAP_ALLOCATE|[20]|Bytes:9
23:13:19.0 (19794414)|HEAP_ALLOCATE|[20]|Bytes:12
23:13:19.0 (19797863)|HEAP_ALLOCATE|[20]|Bytes:8
23:13:19.0 (19807261)|HEAP_ALLOCATE|[20]|Bytes:12
23:13:19.0 (19810165)|HEAP_ALLOCATE|[20]|Bytes:8
23:13:19.0 (19818983)|HEAP_ALLOCATE|[20]|Bytes:12
23:13:19.0 (19821853)|HEAP_ALLOCATE|[20]|Bytes:9
23:13:19.0 (19846992)|METHOD_ENTRY|[20]|01p50000002CIEt|ETLC_SecuredDB.findFields(List<SObject>)
23:13:19.0 (19870309)|VARIABLE_SCOPE_BEGIN|[108]|dbRecords|List<SObject>|true|false
23:13:19.0 (19889545)|VARIABLE_ASSIGNMENT|[108]|dbRecords|{"s":1,"v":[{"s":2,"v":{"FollowedUsers__c":"[]","Id":"a005000000ezW4dAAE"}}]}|0x357af008
23:13:19.0 (19899524)|HEAP_ALLOCATE|[109]|Bytes:5
23:13:19.0 (19903405)|STATEMENT_EXECUTE|[108]
23:13:19.0 (19904705)|STATEMENT_EXECUTE|[109]
23:13:19.0 (19913530)|VARIABLE_SCOPE_BEGIN|[109]|strJSON|String|false|false
23:13:19.0 (19918779)|VARIABLE_ASSIGNMENT|[109]|strJSON|null
23:13:19.0 (19920592)|STATEMENT_EXECUTE|[110]
23:13:19.0 (19924954)|VARIABLE_SCOPE_BEGIN|[110]|mapFields|Map<String,Set<String>>|true|false
23:13:19.0 (19938028)|VARIABLE_ASSIGNMENT|[110]|mapFields|null|
23:13:19.0 (19939920)|STATEMENT_EXECUTE|[112]
23:13:19.0 (19952723)|METHOD_ENTRY|[112]||System.JSON.serialize(Object)
23:13:19.0 (20342916)|METHOD_EXIT|[112]||System.JSON.serialize(Object)
23:13:19.0 (20357744)|VARIABLE_ASSIGNMENT|[112]|strJSON|"[{\"attributes\":{\"typ (140 more) ..."
23:13:19.0 (20361030)|STATEMENT_EXECUTE|[113]
23:13:19.0 (20369502)|HEAP_ALLOCATE|[113]|Bytes:5
23:13:19.0 (20377812)|HEAP_ALLOCATE|[113]|Bytes:165
23:13:19.0 (20402047)|USER_DEBUG|[113]|DEBUG|JSON:[{"attributes":{"type":"BFFFollow__c","url":"/services/data/v37.0/sobjects/BFFFollow__c/a005000000ezW4dAAE"},"FollowedUsers__c":"[]","Id":"a005000000ezW4dAAE"}]
23:13:19.0 (20409949)|STATEMENT_EXECUTE|[114]
23:13:19.0 (20420537)|HEAP_ALLOCATE|[114]|Bytes:4
23:13:19.0 (20443566)|VARIABLE_ASSIGNMENT|[114]|mapFields|{"s":1,"v":{}}|0x3b1b9148
23:13:19.0 (20446712)|STATEMENT_EXECUTE|[115]
23:13:19.0 (20457229)|METHOD_ENTRY|[115]||System.JSON.deserializeUntyped(String)
23:13:19.0 (20761597)|METHOD_EXIT|[115]||System.JSON.deserializeUntyped(String)
23:13:19.0 (20770079)|VARIABLE_SCOPE_BEGIN|[115]|records|List<ANY>|true|false
23:13:19.0 (20800188)|HEAP_ALLOCATE|[EXTERNAL]|Bytes:8
23:13:19.0 (20821963)|VARIABLE_ASSIGNMENT|[115]|records|{"s":1,"v":[{"s":2,"v":{"attributes":{"s":3,"v":{"type":"BFFFollow__c","url":"/services/data/v37.0 (41 more) ..."}},"FollowedUsers__c":"[]","Id":"a005000000ezW4dAAE"}}]}|0x5966f614
23:13:19.0 (20867976)|HEAP_ALLOCATE|[116]|Bytes:5
23:13:19.0 (20884543)|HEAP_ALLOCATE|[116]|Bytes:16
23:13:19.0 (20894231)|VARIABLE_SCOPE_BEGIN|[116]|record|Object|false|false
23:13:19.0 (20915106)|VARIABLE_ASSIGNMENT|[116]|record|{"s":1,"v":{"attributes":{"s":2,"v":{"type":"BFFFollow__c","url":"/services/data/v37.0 (41 more) ..."}},"FollowedUsers__c":"[]","Id":"a005000000ezW4dAAE"}}
23:13:19.0 (20919234)|STATEMENT_EXECUTE|[116]
23:13:19.0 (20920581)|STATEMENT_EXECUTE|[117]
23:13:19.0 (20946683)|METHOD_ENTRY|[117]|01p50000002CIEt|ETLC_SecuredDB.findFieldsRecursive(Map<String,Set<String>>, Map<String,ANY>)
23:13:19.0 (20970392)|VARIABLE_SCOPE_BEGIN|[124]|mapFields|Map<String,Set<String>>|true|false
23:13:19.0 (20983154)|VARIABLE_ASSIGNMENT|[124]|mapFields|{"s":1,"v":{}}|0x3b1b9148
23:13:19.0 (20987502)|VARIABLE_SCOPE_BEGIN|[124]|record|Map<String,ANY>|true|false
23:13:19.0 (21000225)|VARIABLE_ASSIGNMENT|[124]|record|{"s":1,"v":{"attributes":{"s":2,"v":{"type":"BFFFollow__c","url":"/services/data/v37.0 (41 more) ..."}},"FollowedUsers__c":"[]","Id":"a005000000ezW4dAAE"}}|0x590dd081
23:13:19.0 (21010535)|HEAP_ALLOCATE|[125]|Bytes:5
23:13:19.0 (21014291)|STATEMENT_EXECUTE|[124]
23:13:19.0 (21015354)|STATEMENT_EXECUTE|[125]
23:13:19.0 (21021778)|HEAP_ALLOCATE|[125]|Bytes:10
23:13:19.0 (21026113)|VARIABLE_SCOPE_BEGIN|[125]|strAttributes|String|false|false
23:13:19.0 (21031590)|VARIABLE_ASSIGNMENT|[125]|strAttributes|"attributes"
23:13:19.0 (21033616)|STATEMENT_EXECUTE|[126]
23:13:19.0 (21037739)|HEAP_ALLOCATE|[126]|Bytes:7
23:13:19.0 (21040667)|VARIABLE_SCOPE_BEGIN|[126]|strRecord|String|false|false
23:13:19.0 (21044523)|VARIABLE_ASSIGNMENT|[126]|strRecord|"records"
23:13:19.0 (21077321)|STATEMENT_EXECUTE|[127]
23:13:19.0 (21079247)|STATEMENT_EXECUTE|[128]
23:13:19.0 (21112457)|VARIABLE_SCOPE_BEGIN|[128]|attributes|Map<String,ANY>|true|false
23:13:19.0 (21129540)|VARIABLE_ASSIGNMENT|[128]|attributes|{"s":1,"v":{"type":"BFFFollow__c","url":"/services/data/v37.0 (41 more) ..."}}|0x156fa799
23:13:19.0 (21133032)|STATEMENT_EXECUTE|[129]
23:13:19.0 (21139987)|HEAP_ALLOCATE|[129]|Bytes:4
23:13:19.0 (21170337)|VARIABLE_SCOPE_BEGIN|[129]|objectName|String|false|false
23:13:19.0 (21177123)|VARIABLE_ASSIGNMENT|[129]|objectName|"BFFFollow__c"
23:13:19.0 (21186392)|HEAP_ALLOCATE|[130]|Bytes:4
23:13:19.0 (21246786)|HEAP_ALLOCATE|[130]|Bytes:44
23:13:19.0 (21266268)|HEAP_ALLOCATE|[130]|Bytes:12
23:13:19.0 (21290158)|HEAP_ALLOCATE|[130]|Bytes:5
23:13:19.0 (21305010)|VARIABLE_SCOPE_BEGIN|[130]|fieldName|String|false|false
23:13:19.0 (21311695)|VARIABLE_ASSIGNMENT|[130]|fieldName|"attributes"
23:13:19.0 (21314260)|STATEMENT_EXECUTE|[130]
23:13:19.0 (21315311)|STATEMENT_EXECUTE|[131]
23:13:19.0 (21354449)|VARIABLE_SCOPE_BEGIN|[131]|field|Object|false|false
23:13:19.0 (21372511)|VARIABLE_ASSIGNMENT|[131]|field|{"s":1,"v":{"type":"BFFFollow__c","url":"/services/data/v37.0 (41 more) ..."}}
23:13:19.0 (21388970)|STATEMENT_EXECUTE|[132]
23:13:19.0 (21404872)|HEAP_ALLOCATE|[130]|Bytes:5
23:13:19.0 (21416295)|VARIABLE_SCOPE_BEGIN|[130]|fieldName|String|false|false
23:13:19.0 (21422523)|VARIABLE_ASSIGNMENT|[130]|fieldName|"FollowedUsers__c"
23:13:19.0 (21424781)|STATEMENT_EXECUTE|[130]
23:13:19.0 (21425782)|STATEMENT_EXECUTE|[131]
23:13:19.0 (21443621)|VARIABLE_SCOPE_BEGIN|[131]|field|Object|false|false
23:13:19.0 (21450573)|VARIABLE_ASSIGNMENT|[131]|field|"[]"
23:13:19.0 (21460888)|HEAP_ALLOCATE|[134]|Bytes:68
23:13:19.0 (21479261)|STATEMENT_EXECUTE|[136]
23:13:19.0 (21481181)|STATEMENT_EXECUTE|[137]
23:13:19.0 (21490952)|HEAP_ALLOCATE|[137]|Bytes:4
23:13:19.0 (21522287)|VARIABLE_SCOPE_BEGIN|[137]|fieldNames|Set<String>|true|false
23:13:19.0 (21541729)|VARIABLE_ASSIGNMENT|[137]|fieldNames|{"s":1,"v":[]}|0x1ca16bbc
23:13:19.0 (21574754)|STATEMENT_EXECUTE|[138]
23:13:19.0 (21580748)|STATEMENT_EXECUTE|[139]
23:13:19.0 (21609393)|HEAP_ALLOCATE|[EXTERNAL]|Bytes:4
23:13:19.0 (21617764)|STATEMENT_EXECUTE|[140]
23:13:19.0 (21646403)|HEAP_ALLOCATE|[EXTERNAL]|Bytes:-4
23:13:19.0 (21660905)|HEAP_ALLOCATE|[130]|Bytes:5
23:13:19.0 (21672367)|VARIABLE_SCOPE_BEGIN|[130]|fieldName|String|false|false
23:13:19.0 (21678928)|VARIABLE_ASSIGNMENT|[130]|fieldName|"Id"
23:13:19.0 (21681462)|STATEMENT_EXECUTE|[130]
23:13:19.0 (21682440)|STATEMENT_EXECUTE|[131]
23:13:19.0 (21700986)|VARIABLE_SCOPE_BEGIN|[131]|field|Object|false|false
23:13:19.0 (21708484)|VARIABLE_ASSIGNMENT|[131]|field|"a005000000ezW4dAAE"
23:13:19.0 (21723971)|STATEMENT_EXECUTE|[136]
23:13:19.0 (21725530)|STATEMENT_EXECUTE|[137]
23:13:19.0 (21733283)|HEAP_ALLOCATE|[137]|Bytes:4
23:13:19.0 (21743885)|VARIABLE_SCOPE_BEGIN|[137]|fieldNames|Set<String>|true|false
23:13:19.0 (21759700)|VARIABLE_ASSIGNMENT|[137]|fieldNames|{"s":1,"v":[]}|0x2b1f3971
23:13:19.0 (21773272)|STATEMENT_EXECUTE|[138]
23:13:19.0 (21802777)|VARIABLE_ASSIGNMENT|[138]|fieldNames|{"s":1,"v":["FollowedUsers__c"]}|0x1ca16bbc
23:13:19.0 (21806438)|STATEMENT_EXECUTE|[139]
23:13:19.0 (21819119)|HEAP_ALLOCATE|[EXTERNAL]|Bytes:4
23:13:19.0 (21824928)|STATEMENT_EXECUTE|[140]
23:13:19.0 (21846414)|HEAP_ALLOCATE|[130]|Bytes:5
23:13:19.0 (21857211)|VARIABLE_ASSIGNMENT|[130]|fieldName|null
23:13:19.0 (21866353)|METHOD_EXIT|[117]|01p50000002CIEt|ETLC_SecuredDB.findFieldsRecursive(Map<String,Set<String>>, Map<String,ANY>)
23:13:19.0 (21876251)|HEAP_ALLOCATE|[116]|Bytes:5
23:13:19.0 (21889610)|VARIABLE_ASSIGNMENT|[116]|record|null
23:13:19.0 (21895243)|HEAP_ALLOCATE|[119]|Bytes:4
23:13:19.0 (21927084)|HEAP_ALLOCATE|[119]|Bytes:20
23:13:19.0 (21945466)|HEAP_ALLOCATE|[119]|Bytes:4
23:13:19.0 (21962577)|HEAP_ALLOCATE|[119]|Bytes:5
23:13:19.0 (21974704)|VARIABLE_SCOPE_BEGIN|[119]|objectName|String|false|false
23:13:19.0 (21981875)|VARIABLE_ASSIGNMENT|[119]|objectName|"BFFFollow__c"
23:13:19.0 (21984510)|STATEMENT_EXECUTE|[119]
23:13:19.0 (21985486)|STATEMENT_EXECUTE|[120]
23:13:19.0 (21992220)|HEAP_ALLOCATE|[120]|Bytes:2
23:13:19.0 (22048032)|HEAP_ALLOCATE|[120]|Bytes:22
23:13:19.0 (22061936)|HEAP_ALLOCATE|[120]|Bytes:36
23:13:19.0 (22072748)|USER_DEBUG|[120]|DEBUG|BFFFollow__c: {FollowedUsers__c, Id}
23:13:19.0 (22085163)|HEAP_ALLOCATE|[119]|Bytes:5
23:13:19.0 (22095772)|VARIABLE_ASSIGNMENT|[119]|objectName|null
23:13:19.0 (22098915)|STATEMENT_EXECUTE|[122]
23:13:19.0 (22110420)|METHOD_EXIT|[20]|01p50000002CIEt|ETLC_SecuredDB.findFields(List<SObject>)
23:13:19.0 (22125583)|METHOD_ENTRY|[20]|01p50000002CIEt|ETLC_SecuredDB.validate(ETLC_SecuredDB.Operation, Map<String,Set<String>>)
23:13:19.0 (22133976)|VARIABLE_SCOPE_BEGIN|[55]|op|ETLC_SecuredDB.Operation|true|false
23:13:19.0 (22150283)|VARIABLE_ASSIGNMENT|[55]|op|"Querying"|0x7eadb1a0
23:13:19.0 (22154788)|VARIABLE_SCOPE_BEGIN|[55]|mapFieldNames|Map<String,Set<String>>|true|false
23:13:19.0 (22170186)|VARIABLE_ASSIGNMENT|[55]|mapFieldNames|{"s":1,"v":{"BFFFollow__c":{"s":2,"v":["FollowedUsers__c","Id"]}}}|0x3b1b9148
23:13:19.0 (22178655)|HEAP_ALLOCATE|[56]|Bytes:5
23:13:19.0 (22182426)|STATEMENT_EXECUTE|[55]
23:13:19.0 (22184168)|STATEMENT_EXECUTE|[56]
23:13:19.0 (22191689)|VARIABLE_SCOPE_BEGIN|[56]|securityMessage|String|false|false
23:13:19.0 (22196534)|VARIABLE_ASSIGNMENT|[56]|securityMessage|null
23:13:19.0 (22198279)|STATEMENT_EXECUTE|[57]
23:13:19.0 (37903686)|HEAP_ALLOCATE|[57]|Bytes:1440
23:13:19.0 (37923376)|VARIABLE_SCOPE_BEGIN|[57]|mapObjects|Map<String,Schema.SObjectType>|true|false
23:13:19.0 (38157217)|VARIABLE_ASSIGNMENT|[57]|mapObjects|"{acceptedeventrelation=AcceptedEventRelation, account=Account, accountcontactrole=AccountContactRole, accountfeed=AccountFeed, accounthistory=AccountHistory, accountpartner=AccountPartner, accountshare=AccountShare, actionlinkgrouptemplate=ActionLinkGroupTemplate, actionlinktemplate=ActionLinkTemplate, activityhistory=ActivityHistory, ...}"|0x6946d942
23:13:19.0 (38170645)|HEAP_ALLOCATE|[58]|Bytes:4
23:13:19.0 (38215252)|HEAP_ALLOCATE|[58]|Bytes:20
23:13:19.0 (38229449)|HEAP_ALLOCATE|[58]|Bytes:4
23:13:19.0 (38249939)|HEAP_ALLOCATE|[58]|Bytes:5
23:13:19.0 (38263899)|VARIABLE_SCOPE_BEGIN|[58]|sObjectName|String|false|false
23:13:19.0 (38272020)|VARIABLE_ASSIGNMENT|[58]|sObjectName|"BFFFollow__c"
23:13:19.0 (38275512)|STATEMENT_EXECUTE|[58]
23:13:19.0 (38276941)|STATEMENT_EXECUTE|[59]
23:13:19.0 (38287167)|HEAP_ALLOCATE|[59]|Bytes:9
23:13:19.0 (38290781)|HEAP_ALLOCATE|[59]|Bytes:7
23:13:19.0 (38331169)|HEAP_ALLOCATE|[59]|Bytes:8
23:13:19.0 (38342870)|HEAP_ALLOCATE|[59]|Bytes:1
23:13:19.0 (38354198)|HEAP_ALLOCATE|[59]|Bytes:37
23:13:19.0 (38363977)|VARIABLE_ASSIGNMENT|[59]|securityMessage|"CRUD on [BFFFollow__ (17 more) ..."
23:13:19.0 (38366860)|STATEMENT_EXECUTE|[60]
23:13:19.0 (38373999)|HEAP_ALLOCATE|[60]|Bytes:10
23:13:19.0 (38379755)|HEAP_ALLOCATE|[60]|Bytes:47
23:13:19.0 (38403613)|USER_DEBUG|[60]|DEBUG|Checking: CRUD on [BFFFollow__c] for [Querying]
23:13:19.0 (38410236)|STATEMENT_EXECUTE|[61]
23:13:19.0 (38716605)|HEAP_ALLOCATE|[61]|Bytes:4
23:13:19.0 (38756395)|VARIABLE_SCOPE_BEGIN|[61]|drSObj|Schema.DescribeSObjectResult|true|false
23:13:19.0 (38838831)|VARIABLE_ASSIGNMENT|[61]|drSObj|"common.api.soap.wsdl.DescribeSObjectResult@a54f9caa"|0x2a934d2d
23:13:19.0 (38993161)|STATEMENT_EXECUTE|[64]
23:13:19.0 (39018460)|STATEMENT_EXECUTE|[65]
23:13:19.0 (39075223)|STATEMENT_EXECUTE|[77]
23:13:19.0 (39077646)|STATEMENT_EXECUTE|[79]
23:13:19.0 (39317617)|HEAP_ALLOCATE|[79]|Bytes:56
23:13:19.0 (39328936)|VARIABLE_SCOPE_BEGIN|[79]|mapFields|Map<String,Schema.SObjectField>|true|false
23:13:19.0 (39482954)|VARIABLE_ASSIGNMENT|[79]|mapFields|"{createdbyid=CreatedById, createddate=CreatedDate, followedby__c=FollowedBy__c, followedusers__c=FollowedUsers__c, id=Id, isdeleted=IsDeleted, lastmodifiedbyid=LastModifiedById, lastmodifieddate=LastModifiedDate, lastreferenceddate=LastReferencedDate, lastvieweddate=LastViewedDate, ...}"|0x7362656c
23:13:19.0 (39492794)|HEAP_ALLOCATE|[80]|Bytes:4
23:13:19.0 (39535505)|HEAP_ALLOCATE|[80]|Bytes:8
23:13:19.0 (39554638)|HEAP_ALLOCATE|[80]|Bytes:5
23:13:19.0 (39567180)|VARIABLE_SCOPE_BEGIN|[80]|fieldName|String|false|false
23:13:19.0 (39574960)|VARIABLE_ASSIGNMENT|[80]|fieldName|"FollowedUsers__c"
23:13:19.0 (39577880)|STATEMENT_EXECUTE|[80]
23:13:19.0 (39579045)|STATEMENT_EXECUTE|[81]
23:13:19.0 (40390363)|HEAP_ALLOCATE|[81]|Bytes:8
23:13:19.0 (40424411)|VARIABLE_SCOPE_BEGIN|[81]|drField|Schema.DescribeFieldResult|true|false
23:13:19.0 (40493002)|VARIABLE_ASSIGNMENT|[81]|drField|"common.api.soap.wsdl.Field@1d9dd7e8"|0x66f07a8e
23:13:19.0 (40515575)|STATEMENT_EXECUTE|[82]
23:13:19.0 (40517244)|STATEMENT_EXECUTE|[83]
23:13:19.0 (40525763)|HEAP_ALLOCATE|[83]|Bytes:8
23:13:19.0 (40529752)|HEAP_ALLOCATE|[83]|Bytes:1
23:13:19.0 (40567626)|HEAP_ALLOCATE|[83]|Bytes:8
23:13:19.0 (40586310)|HEAP_ALLOCATE|[83]|Bytes:52
23:13:19.0 (40591948)|HEAP_ALLOCATE|[83]|Bytes:53
23:13:19.0 (40601403)|VARIABLE_ASSIGNMENT|[83]|securityMessage|"FLS on [BFFFollow__c (33 more) ..."
23:13:19.0 (40604236)|STATEMENT_EXECUTE|[84]
23:13:19.0 (40613408)|HEAP_ALLOCATE|[84]|Bytes:63
23:13:19.0 (40635729)|USER_DEBUG|[84]|DEBUG|Checking: FLS on [BFFFollow__c.FollowedUsers__c] for [Querying]
23:13:19.0 (40724022)|STATEMENT_EXECUTE|[87]
23:13:19.0 (40739478)|STATEMENT_EXECUTE|[88]
23:13:19.0 (40755757)|HEAP_ALLOCATE|[80]|Bytes:5
23:13:19.0 (40767884)|VARIABLE_SCOPE_BEGIN|[80]|fieldName|String|false|false
23:13:19.0 (40779158)|VARIABLE_ASSIGNMENT|[80]|fieldName|"Id"
23:13:19.0 (40781733)|STATEMENT_EXECUTE|[80]
23:13:19.0 (40782820)|STATEMENT_EXECUTE|[81]
23:13:19.0 (40939289)|HEAP_ALLOCATE|[81]|Bytes:8
23:13:19.0 (40950208)|VARIABLE_SCOPE_BEGIN|[81]|drField|Schema.DescribeFieldResult|true|false
23:13:19.0 (41013866)|VARIABLE_ASSIGNMENT|[81]|drField|"common.api.soap.wsdl.Field@5fda90bd"|0x7bd2ca79
23:13:19.0 (41027355)|STATEMENT_EXECUTE|[99]
23:13:19.0 (41028817)|STATEMENT_EXECUTE|[100]
23:13:19.0 (41037496)|HEAP_ALLOCATE|[100]|Bytes:22
23:13:19.0 (41076016)|HEAP_ALLOCATE|[100]|Bytes:8
23:13:19.0 (41090727)|HEAP_ALLOCATE|[100]|Bytes:52
23:13:19.0 (41095002)|HEAP_ALLOCATE|[100]|Bytes:35
23:13:19.0 (41099002)|HEAP_ALLOCATE|[100]|Bytes:87
23:13:19.0 (41109236)|USER_DEBUG|[100]|DEBUG|Bypass Check: FLS on [BFFFollow__c.Id] for [Querying] since it's not isPermissionable()
23:13:19.0 (41123127)|HEAP_ALLOCATE|[80]|Bytes:5
23:13:19.0 (41134948)|VARIABLE_ASSIGNMENT|[80]|fieldName|null
23:13:19.0 (41143780)|HEAP_ALLOCATE|[58]|Bytes:5
23:13:19.0 (41151632)|VARIABLE_ASSIGNMENT|[58]|sObjectName|null
23:13:19.0 (41162491)|METHOD_EXIT|[20]|01p50000002CIEt|ETLC_SecuredDB.validate(ETLC_SecuredDB.Operation, Map<String,Set<String>>)
23:13:19.0 (41166211)|STATEMENT_EXECUTE|[21]
23:13:19.0 (41176583)|METHOD_EXIT|[28]|01p50000002CIEt|ETLC_SecuredDB.query(String)
23:13:19.0 (41181979)|VARIABLE_SCOPE_BEGIN|[28]|dbRecords|List<SObject>|true|false
23:13:19.0 (41203738)|VARIABLE_ASSIGNMENT|[28]|dbRecords|{"s":1,"v":[{"s":2,"v":{"FollowedUsers__c":"[]","Id":"a005000000ezW4dAAE"}}]}|0x357af008
23:13:19.0 (41211578)|STATEMENT_EXECUTE|[29]
23:13:19.0 (41212790)|STATEMENT_EXECUTE|[29]
23:13:19.0 (41278580)|USER_DEBUG|[29]|DEBUG|(BFFFollow__c:{FollowedUsers__c=[], Id=a005000000ezW4dAAE})
23:13:19.0 (41357527)|STATEMENT_EXECUTE|[30]
23:13:19.0 (41363135)|STATEMENT_EXECUTE|[31]
23:13:19.0 (41364118)|STATEMENT_EXECUTE|[32]
23:13:19.0 (41372028)|HEAP_ALLOCATE|[32]|Bytes:18
23:13:19.0 (41384612)|HEAP_ALLOCATE|[32]|Bytes:12
23:13:19.0 (41390914)|HEAP_ALLOCATE|[32]|Bytes:16
23:13:19.0 (41457833)|HEAP_ALLOCATE|[32]|Bytes:2
23:13:19.0 (41478321)|HEAP_ALLOCATE|[32]|Bytes:2
23:13:19.0 (41487923)|HEAP_ALLOCATE|[32]|Bytes:20
23:13:19.0 (41498153)|USER_DEBUG|[32]|DEBUG|FollowedUsers__c::[]
23:13:19.0 (41503472)|STATEMENT_EXECUTE|[34]
23:13:19.0 (41516552)|HEAP_ALLOCATE|[34]|Bytes:12
23:13:19.0 (41564465)|HEAP_ALLOCATE|[34]|Bytes:2
23:13:19.0 (41582904)|METHOD_EXIT|[10]|01p50000002D8iw|BFFFollow_Controller.fetchFollowedUsers(Id)
23:13:19.0 (41648519)|VARIABLE_ASSIGNMENT|[EXTERNAL]|this|{"debug":true,"input":"{\"mode\":\"fetchFollow (9 more) ...","operation":"BFFFollow_Controller"}|0x511710b9
23:13:19.0 (41658124)|VARIABLE_ASSIGNMENT|[EXTERNAL]|value|"[]"
23:13:19.0 (41670584)|VARIABLE_ASSIGNMENT|[12]|this.output|"[]"|0x511710b9
23:13:19.0 (41677657)|STATEMENT_EXECUTE|[11]
23:13:19.0 (41733521)|VARIABLE_ASSIGNMENT|[EXTERNAL]|this|{"debug":true,"input":"{\"mode\":\"fetchFollow (9 more) ...","operation":"BFFFollow_Controller","output":"[]"}|0x511710b9
23:13:19.0 (41796770)|VARIABLE_ASSIGNMENT|[EXTERNAL]|this|{"debug":true,"input":"{\"mode\":\"fetchFollow (9 more) ...","operation":"BFFFollow_Controller","output":"[]"}|0x511710b9
23:13:19.0 (41807609)|VARIABLE_ASSIGNMENT|[EXTERNAL]|value|true
23:13:19.0 (41813084)|HEAP_ALLOCATE|[15]|Bytes:5
23:13:19.0 (41820932)|VARIABLE_ASSIGNMENT|[15]|this.outputFlag|true|0x511710b9
23:13:19.0 (41831332)|STATEMENT_EXECUTE|[19]
23:13:19.0 (41832628)|STATEMENT_EXECUTE|[19]
23:13:19.0 (41840035)|HEAP_ALLOCATE|[19]|Bytes:11
23:13:19.0 (41894915)|HEAP_ALLOCATE|[19]|Bytes:175
23:13:19.0 (41910031)|HEAP_ALLOCATE|[19]|Bytes:186
23:13:19.0 (41920565)|USER_DEBUG|[19]|DEBUG|data AFTER:ETLC_ApexBridge_Data:[debug=true, input={"mode":"fetchFollowedUsers"}, isSuccess=null, messages=null, operation=BFFFollow_Controller, output=[], outputFlag=true, records=null]
23:13:19.0 (41934650)|METHOD_EXIT|[9]|01p50000002D8iw|BFFFollow_Controller.process(ETLC_ApexBridge_Data)
23:13:19.0 (41940408)|STATEMENT_EXECUTE|[24]
23:13:19.0 (41960708)|METHOD_ENTRY|[24]|01p50000002CIEo|ETLC_ApexBridge_Data.toJSON()
23:13:19.0 (41979451)|VARIABLE_SCOPE_BEGIN|[57]|this|ETLC_ApexBridge_Data|true|false
23:13:19.0 (42009196)|VARIABLE_ASSIGNMENT|[57]|this|{"debug":true,"input":"{\"mode\":\"fetchFollow (9 more) ...","operation":"BFFFollow_Controller","output":"[]","outputFlag":true}|0x511710b9
23:13:19.0 (42016462)|STATEMENT_EXECUTE|[57]
23:13:19.0 (42017899)|STATEMENT_EXECUTE|[58]
23:13:19.0 (42030961)|METHOD_ENTRY|[58]||System.JSON.serialize(Object)
23:13:19.0 (42108898)|STATEMENT_EXECUTE|[22]
23:13:19.0 (42113956)|STATEMENT_EXECUTE|[23]
23:13:19.0 (42122464)|HEAP_ALLOCATE|[23]|Bytes:5
23:13:19.0 (42131914)|VARIABLE_ASSIGNMENT|[23]|this.isSuccess|true|0x511710b9
23:13:19.0 (42134619)|STATEMENT_EXECUTE|[24]
23:13:19.0 (42181997)|STATEMENT_EXECUTE|[31]
23:13:19.0 (42186331)|STATEMENT_EXECUTE|[32]
23:13:19.0 (42194726)|HEAP_ALLOCATE|[32]|Bytes:4
23:13:19.0 (42254496)|VARIABLE_ASSIGNMENT|[32]|this.messages|{"s":1,"v":{}}|0x511710b9
23:13:19.0 (42258859)|STATEMENT_EXECUTE|[33]
23:13:19.0 (42539708)|METHOD_EXIT|[58]||System.JSON.serialize(Object)
23:13:19.0 (42545947)|METHOD_EXIT|[24]|01p50000002CIEo|ETLC_ApexBridge_Data.toJSON()
23:13:19.0 (42556420)|SYSTEM_MODE_EXIT|false
23:13:19.42 (42601949)|CUMULATIVE_LIMIT_USAGE
23:13:19.42 (42601949)|LIMIT_USAGE_FOR_NS|(default)|
  Number of SOQL queries: 1 out of 100
  Number of query rows: 1 out of 50000
  Number of SOSL queries: 0 out of 20
  Number of DML statements: 0 out of 150
  Number of DML rows: 0 out of 10000
  Maximum CPU time: 0 out of 10000
  Maximum heap size: 0 out of 6000000
  Number of callouts: 0 out of 100
  Number of Email Invocations: 0 out of 10
  Number of future calls: 0 out of 50
  Number of queueable jobs added to the queue: 0 out of 50
  Number of Mobile Apex push calls: 0 out of 10

23:13:19.42 (42601949)|CUMULATIVE_LIMIT_USAGE_END

23:13:19.0 (42653483)|CODE_UNIT_FINISHED|ETLC_ApexBridge_Controller.execute
