37.0 APEX_CODE,FINEST;APEX_PROFILING,INFO;CALLOUT,INFO;DB,INFO;SYSTEM,DEBUG;VALIDATION,INFO;VISUALFORCE,INFO;WORKFLOW,INFO
14:49:27.0 (377842)|USER_INFO|[EXTERNAL]|00550000005cg71|bfffollow@jr.te|Eastern Standard Time|GMT-04:00
14:49:27.0 (427400)|EXECUTION_STARTED
14:49:27.0 (433090)|CODE_UNIT_STARTED|[EXTERNAL]|aura
14:49:27.0 (801731)|HEAP_ALLOCATE|[72]|Bytes:3
14:49:27.0 (874160)|HEAP_ALLOCATE|[77]|Bytes:152
14:49:27.0 (888997)|HEAP_ALLOCATE|[342]|Bytes:408
14:49:27.0 (904746)|HEAP_ALLOCATE|[355]|Bytes:408
14:49:27.0 (919019)|HEAP_ALLOCATE|[467]|Bytes:48
14:49:27.0 (950669)|HEAP_ALLOCATE|[139]|Bytes:6
14:49:27.0 (975746)|HEAP_ALLOCATE|[EXTERNAL]|Bytes:77
14:49:27.0 (1017613)|HEAP_ALLOCATE|[EXTERNAL]|Bytes:77
14:49:27.0 (2316824)|CODE_UNIT_STARTED|[EXTERNAL]|01p50000002CIEm|ETLC_ApexBridge_Controller.execute
14:49:27.0 (2884853)|HEAP_ALLOCATE|[EXTERNAL]|Bytes:1
14:49:27.0 (2891989)|HEAP_ALLOCATE|[EXTERNAL]|Bytes:10
14:49:27.0 (2939834)|METHOD_ENTRY|[1]|01p50000002CIEm|ETLC_ApexBridge_Controller.ETLC_ApexBridge_Controller()
14:49:27.0 (2945781)|STATEMENT_EXECUTE|[1]
14:49:27.0 (2951692)|STATEMENT_EXECUTE|[1]
14:49:27.0 (2974238)|METHOD_EXIT|[1]|ETLC_ApexBridge_Controller
14:49:27.0 (2980466)|HEAP_ALLOCATE|[EXTERNAL]|Bytes:77
14:49:27.0 (2990878)|SYSTEM_MODE_ENTER|false
14:49:27.0 (3122426)|VARIABLE_SCOPE_BEGIN|[3]|dataJson|String|false|false
14:49:27.0 (3239431)|VARIABLE_ASSIGNMENT|[3]|dataJson|"{\"operation\":\"BFFFol (57 more) ..."
14:49:27.0 (3254484)|STATEMENT_EXECUTE|[3]
14:49:27.0 (3256202)|STATEMENT_EXECUTE|[4]
14:49:27.0 (5371169)|VARIABLE_SCOPE_BEGIN|[4]|data|ETLC_ApexBridge_Data|true|false
14:49:27.0 (5386583)|VARIABLE_ASSIGNMENT|[4]|data|null|
14:49:27.0 (5390612)|STATEMENT_EXECUTE|[5]
14:49:27.0 (5392183)|STATEMENT_EXECUTE|[5]
14:49:27.0 (5393198)|STATEMENT_EXECUTE|[6]
14:49:27.0 (5409550)|HEAP_ALLOCATE|[6]|Bytes:11
14:49:27.0 (5418439)|HEAP_ALLOCATE|[6]|Bytes:248
14:49:27.0 (5421237)|HEAP_ALLOCATE|[6]|Bytes:39
14:49:27.0 (5470885)|METHOD_ENTRY|[2]|01p50000002CIEo|ETLC_ApexBridge_Data.ETLC_ApexBridge_Data()
14:49:27.0 (5475060)|STATEMENT_EXECUTE|[2]
14:49:27.0 (5479095)|STATEMENT_EXECUTE|[2]
14:49:27.0 (5487136)|METHOD_EXIT|[2]|ETLC_ApexBridge_Data
14:49:27.0 (5522781)|METHOD_ENTRY|[6]|01p50000002CIEo|ETLC_ApexBridge_Data.fromJSON(String)
14:49:27.0 (5548774)|VARIABLE_SCOPE_BEGIN|[60]|strJson|String|false|false
14:49:27.0 (5560351)|VARIABLE_ASSIGNMENT|[60]|strJson|"{\"operation\":\"BFFFol (57 more) ..."
14:49:27.0 (5565182)|STATEMENT_EXECUTE|[60]
14:49:27.0 (5566419)|STATEMENT_EXECUTE|[61]
14:49:27.0 (5574700)|HEAP_ALLOCATE|[61]|Bytes:20
14:49:27.0 (5597053)|HEAP_ALLOCATE|[50]|Bytes:5
14:49:27.0 (5619658)|HEAP_ALLOCATE|[56]|Bytes:5
14:49:27.0 (5628361)|HEAP_ALLOCATE|[64]|Bytes:7
14:49:27.0 (5724757)|HEAP_ALLOCATE|[61]|Bytes:24
14:49:27.0 (5745229)|SYSTEM_METHOD_ENTRY|[1]|Type.Type()
14:49:27.0 (5748665)|STATEMENT_EXECUTE|[1]
14:49:27.0 (5758066)|SYSTEM_METHOD_EXIT|[1]|Type
14:49:27.0 (5764116)|HEAP_ALLOCATE|[61]|Bytes:8
14:49:27.0 (5781597)|HEAP_ALLOCATE|[61]|Bytes:8
14:49:27.0 (5785934)|VARIABLE_SCOPE_BEGIN|[4]|this|System.Type|true|false
14:49:27.0 (5833465)|VARIABLE_ASSIGNMENT|[4]|this|{}|0x6486ea45
14:49:27.0 (5838101)|VARIABLE_SCOPE_BEGIN|[4]|apextype|java:common.apex.runtime.ApexObjectType|true|false
14:49:27.0 (5967923)|VARIABLE_ASSIGNMENT|[4]|apextype|"ETLC_ApexBridge_Data"|0x2d121d7b
14:49:27.0 (6037529)|HEAP_ALLOCATE|[61]|Bytes:8
14:49:27.0 (6076845)|HEAP_ALLOCATE|[61]|Bytes:24
14:49:27.0 (6089940)|SYSTEM_METHOD_ENTRY|[1]|JSON.JSON()
14:49:27.0 (6092655)|STATEMENT_EXECUTE|[1]
14:49:27.0 (6100336)|SYSTEM_METHOD_EXIT|[1]|JSON
14:49:27.0 (6114362)|METHOD_ENTRY|[61]||System.JSON.deserializeStrict(String, System.Type)
14:49:27.0 (7254658)|METHOD_EXIT|[61]||System.JSON.deserializeStrict(String, System.Type)
14:49:27.0 (7263313)|METHOD_EXIT|[6]|01p50000002CIEo|ETLC_ApexBridge_Data.fromJSON(String)
14:49:27.0 (7292852)|VARIABLE_SCOPE_BEGIN|[10]|ex|Exception|true|false
14:49:27.0 (7362118)|VARIABLE_ASSIGNMENT|[10]|ex|"common.apex.runtime.impl.ExecutionException: Unknown field: ETLC_ApexBridge_Data.mode"|0x2a14e658
14:49:27.0 (7368346)|STATEMENT_EXECUTE|[10]
14:49:27.0 (7369638)|STATEMENT_EXECUTE|[11]
14:49:27.0 (7379011)|HEAP_ALLOCATE|[11]|Bytes:19
14:49:27.0 (7423545)|USER_DEBUG|[11]|DEBUG|**** Exception ****
14:49:27.0 (7431577)|STATEMENT_EXECUTE|[12]
14:49:27.0 (7463653)|HEAP_ALLOCATE|[12]|Bytes:40
14:49:27.0 (7478681)|USER_DEBUG|[12]|DEBUG|Unknown field: ETLC_ApexBridge_Data.mode
14:49:27.0 (7483858)|STATEMENT_EXECUTE|[13]
14:49:27.0 (7538227)|HEAP_ALLOCATE|[13]|Bytes:168
14:49:27.0 (7553862)|USER_DEBUG|[13]|DEBUG|Class.System.JSON.deserializeStrict: line 19, column 1
Class.ETLC_ApexBridge_Data.fromJSON: line 61, column 1
Class.ETLC_ApexBridge_Controller.execute: line 6, column 1
14:49:27.0 (7560244)|STATEMENT_EXECUTE|[15]
14:49:27.0 (7569268)|VARIABLE_SCOPE_BEGIN|[15]|strEx|String|false|false
14:49:27.0 (7576983)|VARIABLE_ASSIGNMENT|[15]|strEx|""
14:49:27.0 (7578810)|STATEMENT_EXECUTE|[16]
14:49:27.0 (7601021)|HEAP_ALLOCATE|[16]|Bytes:40
14:49:27.0 (7618436)|HEAP_ALLOCATE|[16]|Bytes:40
14:49:27.0 (7627830)|VARIABLE_ASSIGNMENT|[16]|strEx|"Unknown field: ETLC_ (20 more) ..."
14:49:27.0 (7649311)|HEAP_ALLOCATE|[17]|Bytes:168
14:49:27.0 (7657611)|STATEMENT_EXECUTE|[17]
14:49:27.0 (7658980)|STATEMENT_EXECUTE|[18]
14:49:27.0 (7666009)|HEAP_ALLOCATE|[18]|Bytes:16
14:49:27.0 (7685646)|HEAP_ALLOCATE|[18]|Bytes:168
14:49:27.0 (7696745)|HEAP_ALLOCATE|[18]|Bytes:184
14:49:27.0 (7701045)|HEAP_ALLOCATE|[18]|Bytes:224
14:49:27.0 (7709577)|VARIABLE_ASSIGNMENT|[18]|strEx|"Unknown field: ETLC_ (204 more) ..."
14:49:27.0 (7712393)|STATEMENT_EXECUTE|[21]
14:49:27.0 (7757612)|HEAP_ALLOCATE|[21]|Bytes:12
14:49:27.0 (7763663)|HEAP_ALLOCATE|[21]|Bytes:6
14:49:27.0 (7809519)|HEAP_ALLOCATE|[21]|Bytes:12
14:49:27.0 (7814832)|HEAP_ALLOCATE|[21]|Bytes:8
14:49:27.0 (7827966)|HEAP_ALLOCATE|[21]|Bytes:12
14:49:27.0 (7831381)|HEAP_ALLOCATE|[21]|Bytes:11
14:49:27.0 (7864476)|HEAP_ALLOCATE|[21]|Bytes:41
14:49:27.0 (7941849)|FATAL_ERROR|System.NullPointerException: Attempt to de-reference a null object

Class.ETLC_ApexBridge_Controller.execute: line 21, column 1
14:49:27.0 (7955513)|FATAL_ERROR|System.NullPointerException: Attempt to de-reference a null object

Class.ETLC_ApexBridge_Controller.execute: line 21, column 1
14:49:27.7 (7966268)|CUMULATIVE_LIMIT_USAGE
14:49:27.7 (7966268)|LIMIT_USAGE_FOR_NS|(default)|
  Number of SOQL queries: 0 out of 100
  Number of query rows: 0 out of 50000
  Number of SOSL queries: 0 out of 20
  Number of DML statements: 0 out of 150
  Number of DML rows: 0 out of 10000
  Maximum CPU time: 0 out of 10000
  Maximum heap size: 0 out of 6000000
  Number of callouts: 0 out of 100
  Number of Email Invocations: 0 out of 10
  Number of future calls: 0 out of 50
  Number of queueable jobs added to the queue: 0 out of 50
  Number of Mobile Apex push calls: 0 out of 10

14:49:27.7 (7966268)|CUMULATIVE_LIMIT_USAGE_END

14:49:27.0 (8008893)|CODE_UNIT_FINISHED|ETLC_ApexBridge_Controller.execute
