37.0 APEX_CODE,FINEST;APEX_PROFILING,INFO;CALLOUT,INFO;DB,INFO;SYSTEM,DEBUG;VALIDATION,INFO;VISUALFORCE,INFO;WORKFLOW,INFO
22:36:49.0 (323246)|USER_INFO|[EXTERNAL]|00550000005cg71|bfffollow@jr.te|Eastern Standard Time|GMT-04:00
22:36:49.0 (360926)|EXECUTION_STARTED
22:36:49.0 (366120)|CODE_UNIT_STARTED|[EXTERNAL]|aura
22:36:49.0 (715285)|HEAP_ALLOCATE|[72]|Bytes:3
22:36:49.0 (771753)|HEAP_ALLOCATE|[77]|Bytes:152
22:36:49.0 (791425)|HEAP_ALLOCATE|[342]|Bytes:408
22:36:49.0 (807511)|HEAP_ALLOCATE|[355]|Bytes:408
22:36:49.0 (822205)|HEAP_ALLOCATE|[467]|Bytes:48
22:36:49.0 (848850)|HEAP_ALLOCATE|[139]|Bytes:6
22:36:49.0 (872364)|HEAP_ALLOCATE|[EXTERNAL]|Bytes:122
22:36:49.0 (889100)|HEAP_ALLOCATE|[EXTERNAL]|Bytes:122
22:36:49.0 (1671500)|CODE_UNIT_STARTED|[EXTERNAL]|01p50000002CIEm|ETLC_ApexBridge_Controller.execute
22:36:49.0 (2261071)|HEAP_ALLOCATE|[EXTERNAL]|Bytes:1
22:36:49.0 (2269235)|HEAP_ALLOCATE|[EXTERNAL]|Bytes:10
22:36:49.0 (2285841)|METHOD_ENTRY|[1]|01p50000002CIEm|ETLC_ApexBridge_Controller.ETLC_ApexBridge_Controller()
22:36:49.0 (2290299)|STATEMENT_EXECUTE|[1]
22:36:49.0 (2295719)|STATEMENT_EXECUTE|[1]
22:36:49.0 (2302600)|METHOD_EXIT|[1]|ETLC_ApexBridge_Controller
22:36:49.0 (2307100)|HEAP_ALLOCATE|[EXTERNAL]|Bytes:122
22:36:49.0 (2321083)|SYSTEM_MODE_ENTER|false
22:36:49.0 (2336685)|VARIABLE_SCOPE_BEGIN|[3]|dataJson|String|false|false
22:36:49.0 (2367734)|VARIABLE_ASSIGNMENT|[3]|dataJson|"{\"operation\":\"BFFFol (102 more) ..."
22:36:49.0 (2382247)|STATEMENT_EXECUTE|[3]
22:36:49.0 (2383715)|STATEMENT_EXECUTE|[4]
22:36:49.0 (4367653)|VARIABLE_SCOPE_BEGIN|[4]|data|ETLC_ApexBridge_Data|true|false
22:36:49.0 (4381871)|VARIABLE_ASSIGNMENT|[4]|data|null|
22:36:49.0 (4384658)|STATEMENT_EXECUTE|[5]
22:36:49.0 (4386227)|STATEMENT_EXECUTE|[5]
22:36:49.0 (4387479)|STATEMENT_EXECUTE|[6]
22:36:49.0 (4403780)|HEAP_ALLOCATE|[6]|Bytes:11
22:36:49.0 (4410631)|HEAP_ALLOCATE|[6]|Bytes:248
22:36:49.0 (4413771)|HEAP_ALLOCATE|[6]|Bytes:39
22:36:49.0 (4449366)|METHOD_ENTRY|[2]|01p50000002CIEo|ETLC_ApexBridge_Data.ETLC_ApexBridge_Data()
22:36:49.0 (4452519)|STATEMENT_EXECUTE|[2]
22:36:49.0 (4456150)|STATEMENT_EXECUTE|[2]
22:36:49.0 (4461860)|METHOD_EXIT|[2]|ETLC_ApexBridge_Data
22:36:49.0 (4493831)|METHOD_ENTRY|[6]|01p50000002CIEo|ETLC_ApexBridge_Data.fromJSON(String)
22:36:49.0 (4519062)|VARIABLE_SCOPE_BEGIN|[60]|strJson|String|false|false
22:36:49.0 (4530060)|VARIABLE_ASSIGNMENT|[60]|strJson|"{\"operation\":\"BFFFol (102 more) ..."
22:36:49.0 (4534281)|STATEMENT_EXECUTE|[60]
22:36:49.0 (4535576)|STATEMENT_EXECUTE|[61]
22:36:49.0 (4544364)|HEAP_ALLOCATE|[61]|Bytes:20
22:36:49.0 (4574229)|HEAP_ALLOCATE|[50]|Bytes:5
22:36:49.0 (4600677)|HEAP_ALLOCATE|[56]|Bytes:5
22:36:49.0 (4609332)|HEAP_ALLOCATE|[64]|Bytes:7
22:36:49.0 (4706873)|HEAP_ALLOCATE|[61]|Bytes:24
22:36:49.0 (4718166)|SYSTEM_METHOD_ENTRY|[1]|Type.Type()
22:36:49.0 (4720972)|STATEMENT_EXECUTE|[1]
22:36:49.0 (4729667)|SYSTEM_METHOD_EXIT|[1]|Type
22:36:49.0 (4735199)|HEAP_ALLOCATE|[61]|Bytes:8
22:36:49.0 (4755252)|HEAP_ALLOCATE|[61]|Bytes:8
22:36:49.0 (4759936)|VARIABLE_SCOPE_BEGIN|[4]|this|System.Type|true|false
22:36:49.0 (4796846)|VARIABLE_ASSIGNMENT|[4]|this|{}|0x161ea722
22:36:49.0 (4800655)|VARIABLE_SCOPE_BEGIN|[4]|apextype|java:common.apex.runtime.ApexObjectType|true|false
22:36:49.0 (4914998)|VARIABLE_ASSIGNMENT|[4]|apextype|"ETLC_ApexBridge_Data"|0x2adbf50d
22:36:49.0 (5016870)|HEAP_ALLOCATE|[61]|Bytes:8
22:36:49.0 (5059022)|HEAP_ALLOCATE|[61]|Bytes:24
22:36:49.0 (5069241)|SYSTEM_METHOD_ENTRY|[1]|JSON.JSON()
22:36:49.0 (5071492)|STATEMENT_EXECUTE|[1]
22:36:49.0 (5077926)|SYSTEM_METHOD_EXIT|[1]|JSON
22:36:49.0 (5089702)|METHOD_ENTRY|[61]||System.JSON.deserializeStrict(String, System.Type)
22:36:49.0 (5882740)|METHOD_EXIT|[61]||System.JSON.deserializeStrict(String, System.Type)
22:36:49.0 (5898755)|METHOD_EXIT|[6]|01p50000002CIEo|ETLC_ApexBridge_Data.fromJSON(String)
22:36:49.0 (5995279)|VARIABLE_ASSIGNMENT|[6]|data|{"debug":true,"input":"{\"mode\":\"fetchUserFe (34 more) ...","operation":"BFFFollow_Controller"}|0x6a32fca4
22:36:49.0 (6003200)|STATEMENT_EXECUTE|[7]
22:36:49.0 (6018610)|HEAP_ALLOCATE|[7]|Bytes:6
22:36:49.0 (6123206)|HEAP_ALLOCATE|[7]|Bytes:202
22:36:49.0 (6157973)|HEAP_ALLOCATE|[7]|Bytes:208
22:36:49.0 (6190912)|USER_DEBUG|[7]|DEBUG|data::ETLC_ApexBridge_Data:[debug=true, input={"mode":"fetchUserFeed","userId":"00550000005cg71AAA"}, isSuccess=null, messages=null, operation=BFFFollow_Controller, output=null, outputFlag=null, records=null]
22:36:49.0 (6203598)|STATEMENT_EXECUTE|[8]
22:36:49.0 (6292021)|VARIABLE_ASSIGNMENT|[EXTERNAL]|this|{"debug":true,"input":"{\"mode\":\"fetchUserFe (34 more) ...","operation":"BFFFollow_Controller"}|0x6a32fca4
22:36:49.0 (6322534)|METHOD_ENTRY|[8]||System.Type.forName(String)
22:36:49.0 (8048190)|METHOD_EXIT|[8]||System.Type.forName(String)
22:36:49.0 (8060966)|METHOD_ENTRY|[8]||System.Type.newInstance()
22:36:49.0 (9287192)|STATEMENT_EXECUTE|[1]
22:36:49.0 (9300709)|HEAP_ALLOCATE|[33]|Bytes:5
22:36:49.0 (9315618)|METHOD_EXIT|[1]|BFFFollow_Controller
22:36:49.0 (9329470)|HEAP_ALLOCATE|[33]|Bytes:4
22:36:49.0 (9337998)|VARIABLE_SCOPE_BEGIN|[1]|this|BFFFollow_Controller|true|false
22:36:49.0 (9356788)|VARIABLE_ASSIGNMENT|[1]|this|{}|0x66b49d1e
22:36:49.0 (9366054)|HEAP_ALLOCATE|[33]|Bytes:5
22:36:49.0 (9374281)|HEAP_ALLOCATE|[33]|Bytes:11
22:36:49.0 (9390866)|METHOD_ENTRY|[1]|01p50000002CIEj|ETLC_ApexBridge_Abstract.ETLC_ApexBridge_Abstract()
22:36:49.0 (9393803)|STATEMENT_EXECUTE|[1]
22:36:49.0 (9397677)|STATEMENT_EXECUTE|[1]
22:36:49.0 (9408682)|METHOD_EXIT|[1]|ETLC_ApexBridge_Abstract
22:36:49.0 (9415396)|CONSTRUCTOR_ENTRY|[EXTERNAL]|01p50000002CIEj|<init>()
22:36:49.0 (9433318)|VARIABLE_SCOPE_BEGIN|[1]|this|ETLC_ApexBridge_Abstract|true|false
22:36:49.0 (9450820)|VARIABLE_ASSIGNMENT|[1]|this|{}|0x66b49d1e
22:36:49.0 (9465531)|STATEMENT_EXECUTE|[1]
22:36:49.0 (9470424)|CONSTRUCTOR_EXIT|[EXTERNAL]|01p50000002CIEj|<init>()
22:36:49.0 (9475632)|STATEMENT_EXECUTE|[1]
22:36:49.0 (9480692)|HEAP_ALLOCATE|[33]|Bytes:5
22:36:49.0 (9497658)|METHOD_EXIT|[8]||System.Type.newInstance()
22:36:49.0 (9505184)|VARIABLE_SCOPE_BEGIN|[8]|executor|ETLC_ApexBridge_Abstract|true|false
22:36:49.0 (9520917)|VARIABLE_ASSIGNMENT|[8]|executor|{}|0x66b49d1e
22:36:49.0 (9523541)|STATEMENT_EXECUTE|[9]
22:36:49.0 (9564335)|METHOD_ENTRY|[9]|01p50000002D8iw|BFFFollow_Controller.process(ETLC_ApexBridge_Data)
22:36:49.0 (9591019)|VARIABLE_SCOPE_BEGIN|[3]|this|BFFFollow_Controller|true|false
22:36:49.0 (9607013)|VARIABLE_ASSIGNMENT|[3]|this|{}|0x66b49d1e
22:36:49.0 (9611320)|VARIABLE_SCOPE_BEGIN|[3]|data|ETLC_ApexBridge_Data|true|false
22:36:49.0 (9637415)|VARIABLE_ASSIGNMENT|[3]|data|{"debug":true,"input":"{\"mode\":\"fetchUserFe (34 more) ...","operation":"BFFFollow_Controller"}|0x6a32fca4
22:36:49.0 (9647200)|HEAP_ALLOCATE|[4]|Bytes:5
22:36:49.0 (9651173)|STATEMENT_EXECUTE|[3]
22:36:49.0 (9652409)|STATEMENT_EXECUTE|[4]
22:36:49.0 (9731074)|VARIABLE_ASSIGNMENT|[EXTERNAL]|this|{"debug":true,"input":"{\"mode\":\"fetchUserFe (34 more) ...","operation":"BFFFollow_Controller"}|0x6a32fca4
22:36:49.0 (9753067)|VARIABLE_ASSIGNMENT|[4]|BFFFollow_Controller.debugFlag|true
22:36:49.0 (9793551)|VARIABLE_ASSIGNMENT|[EXTERNAL]|this|{"debug":true,"input":"{\"mode\":\"fetchUserFe (34 more) ...","operation":"BFFFollow_Controller"}|0x6a32fca4
22:36:49.0 (9808217)|STATEMENT_EXECUTE|[5]
22:36:49.0 (9817095)|HEAP_ALLOCATE|[5]|Bytes:12
22:36:49.0 (9853908)|HEAP_ALLOCATE|[5]|Bytes:202
22:36:49.0 (9868772)|HEAP_ALLOCATE|[5]|Bytes:214
22:36:49.0 (9880119)|USER_DEBUG|[5]|DEBUG|data BEFORE:ETLC_ApexBridge_Data:[debug=true, input={"mode":"fetchUserFeed","userId":"00550000005cg71AAA"}, isSuccess=null, messages=null, operation=BFFFollow_Controller, output=null, outputFlag=null, records=null]
22:36:49.0 (9887107)|STATEMENT_EXECUTE|[7]
22:36:49.0 (9893948)|HEAP_ALLOCATE|[7]|Bytes:4
22:36:49.0 (9914596)|METHOD_ENTRY|[7]|01p50000002CIEo|ETLC_ApexBridge_Data.getInputValue(String)
22:36:49.0 (9936529)|VARIABLE_SCOPE_BEGIN|[52]|this|ETLC_ApexBridge_Data|true|false
22:36:49.0 (9965620)|VARIABLE_ASSIGNMENT|[52]|this|{"debug":true,"input":"{\"mode\":\"fetchUserFe (34 more) ...","operation":"BFFFollow_Controller"}|0x6a32fca4
22:36:49.0 (9971676)|VARIABLE_SCOPE_BEGIN|[52]|key|String|false|false
22:36:49.0 (9975681)|VARIABLE_ASSIGNMENT|[52]|key|"mode"
22:36:49.0 (9979538)|STATEMENT_EXECUTE|[52]
22:36:49.0 (9980913)|STATEMENT_EXECUTE|[53]
22:36:49.0 (10033464)|VARIABLE_ASSIGNMENT|[EXTERNAL]|this|{"debug":true,"input":"{\"mode\":\"fetchUserFe (34 more) ...","operation":"BFFFollow_Controller"}|0x6a32fca4
22:36:49.0 (10052144)|METHOD_ENTRY|[53]||System.JSON.deserializeUntyped(String)
22:36:49.0 (10305786)|METHOD_EXIT|[53]||System.JSON.deserializeUntyped(String)
22:36:49.0 (10314513)|VARIABLE_SCOPE_BEGIN|[53]|inputMap|Map<String,ANY>|true|false
22:36:49.0 (10339700)|VARIABLE_ASSIGNMENT|[53]|inputMap|{"s":1,"v":{"mode":"fetchUserFeed","userId":"00550000005cg71AAA"}}|0x266da2b9
22:36:49.0 (10342989)|STATEMENT_EXECUTE|[54]
22:36:49.0 (10389580)|METHOD_EXIT|[7]|01p50000002CIEo|ETLC_ApexBridge_Data.getInputValue(String)
22:36:49.0 (10395999)|VARIABLE_SCOPE_BEGIN|[7]|mode|String|false|false
22:36:49.0 (10414168)|VARIABLE_ASSIGNMENT|[7]|mode|"fetchUserFeed"
22:36:49.0 (10419823)|HEAP_ALLOCATE|[9]|Bytes:18
22:36:49.0 (10447766)|HEAP_ALLOCATE|[12]|Bytes:17
22:36:49.0 (10456161)|HEAP_ALLOCATE|[14]|Bytes:13
22:36:49.0 (10466237)|STATEMENT_EXECUTE|[14]
22:36:49.0 (10467880)|STATEMENT_EXECUTE|[15]
22:36:49.0 (10474884)|HEAP_ALLOCATE|[15]|Bytes:6
22:36:49.0 (10485202)|METHOD_ENTRY|[15]|01p50000002CIEo|ETLC_ApexBridge_Data.getInputValue(String)
22:36:49.0 (10498524)|VARIABLE_SCOPE_BEGIN|[52]|this|ETLC_ApexBridge_Data|true|false
22:36:49.0 (10529204)|VARIABLE_ASSIGNMENT|[52]|this|{"debug":true,"input":"{\"mode\":\"fetchUserFe (34 more) ...","operation":"BFFFollow_Controller"}|0x6a32fca4
22:36:49.0 (10533059)|VARIABLE_SCOPE_BEGIN|[52]|key|String|false|false
22:36:49.0 (10536494)|VARIABLE_ASSIGNMENT|[52]|key|"userId"
22:36:49.0 (10540149)|STATEMENT_EXECUTE|[52]
22:36:49.0 (10541464)|STATEMENT_EXECUTE|[53]
22:36:49.0 (10578089)|VARIABLE_ASSIGNMENT|[EXTERNAL]|this|{"debug":true,"input":"{\"mode\":\"fetchUserFe (34 more) ...","operation":"BFFFollow_Controller"}|0x6a32fca4
22:36:49.0 (10590919)|METHOD_ENTRY|[53]||System.JSON.deserializeUntyped(String)
22:36:49.0 (10715561)|METHOD_EXIT|[53]||System.JSON.deserializeUntyped(String)
22:36:49.0 (10723505)|VARIABLE_SCOPE_BEGIN|[53]|inputMap|Map<String,ANY>|true|false
22:36:49.0 (10741510)|VARIABLE_ASSIGNMENT|[53]|inputMap|{"s":1,"v":{"mode":"fetchUserFeed","userId":"00550000005cg71AAA"}}|0x341129b1
22:36:49.0 (10744807)|STATEMENT_EXECUTE|[54]
22:36:49.0 (10764304)|METHOD_EXIT|[15]|01p50000002CIEo|ETLC_ApexBridge_Data.getInputValue(String)
22:36:49.0 (10779992)|HEAP_ALLOCATE|[15]|Bytes:4
22:36:49.0 (10794224)|METHOD_ENTRY|[15]|01p50000002D8iw|BFFFollow_Controller.fetchUserFeed(Id)
22:36:49.0 (10802014)|VARIABLE_SCOPE_BEGIN|[65]|this|BFFFollow_Controller|true|false
22:36:49.0 (10817818)|VARIABLE_ASSIGNMENT|[65]|this|{}|0x66b49d1e
22:36:49.0 (10822441)|VARIABLE_SCOPE_BEGIN|[65]|userId|Id|false|false
22:36:49.0 (10882327)|VARIABLE_ASSIGNMENT|[65]|userId|"00550000005cg71AAA"
22:36:49.0 (10893208)|HEAP_ALLOCATE|[66]|Bytes:5
22:36:49.0 (10897400)|STATEMENT_EXECUTE|[65]
22:36:49.0 (10898579)|STATEMENT_EXECUTE|[66]
22:36:49.0 (10899598)|STATEMENT_EXECUTE|[66]
22:36:49.0 (10900589)|STATEMENT_EXECUTE|[67]
22:36:49.0 (10941597)|HEAP_ALLOCATE|[67]|Bytes:24
22:36:49.0 (10952827)|SYSTEM_METHOD_ENTRY|[1]|Network.Network()
22:36:49.0 (10955109)|STATEMENT_EXECUTE|[1]
22:36:49.0 (10962333)|SYSTEM_METHOD_EXIT|[1]|Network
22:36:49.0 (10973267)|METHOD_ENTRY|[67]||System.Network.getNetworkId()
22:36:49.0 (11009194)|METHOD_EXIT|[67]||System.Network.getNetworkId()
22:36:49.0 (11218729)|HEAP_ALLOCATE|[67]|Bytes:18
22:36:49.0 (11257760)|HEAP_ALLOCATE|[67]|Bytes:968
22:36:49.0 (11268369)|SYSTEM_METHOD_ENTRY|[5]|ChatterFeeds.ChatterFeeds()
22:36:49.0 (11270707)|STATEMENT_EXECUTE|[5]
22:36:49.0 (11277668)|SYSTEM_METHOD_EXIT|[5]|ChatterFeeds
22:36:49.0 (11291021)|METHOD_ENTRY|[67]||ConnectApi.ChatterFeeds.getFeedElementsFromFeed(String, ConnectApi.FeedType, String)
22:36:49.0 (97910887)|SYSTEM_METHOD_EXIT|[5]|FeedElementPage
22:36:49.0 (97923308)|HEAP_ALLOCATE|[3649]|Bytes:84
22:36:49.0 (97930414)|HEAP_ALLOCATE|[3649]|Bytes:12
22:36:49.0 (97934173)|HEAP_ALLOCATE|[3649]|Bytes:8
22:36:49.0 (97940894)|VARIABLE_SCOPE_BEGIN|[39]|this|ConnectApi.FeedElementPage|true|false
22:36:49.0 (97998871)|VARIABLE_ASSIGNMENT|[39]|this|{}|0x56792f23
22:36:49.0 (98003080)|VARIABLE_SCOPE_BEGIN|[39]|versionIn|Double|false|false
22:36:49.0 (98011196)|VARIABLE_ASSIGNMENT|[39]|versionIn|34.0
22:36:49.0 (98013681)|VARIABLE_SCOPE_BEGIN|[39]|javaObj|java:sfdc.chatter.connect.api.output.feeds.FeedElementCollectionRepresentation|true|false
22:36:49.0 (98101502)|VARIABLE_ASSIGNMENT|[39]|javaObj|"sfdc.chatter.connect.api.output.feeds.FeedElementCollectionRepresentation@74e40d90"|0x74e40d90
22:36:49.0 (98619647)|SYSTEM_METHOD_EXIT|[5]|FeedItem
22:36:49.0 (98627762)|HEAP_ALLOCATE|[59]|Bytes:252
22:36:49.0 (98632560)|HEAP_ALLOCATE|[59]|Bytes:12
22:36:49.0 (98636423)|HEAP_ALLOCATE|[59]|Bytes:8
22:36:49.0 (98640922)|VARIABLE_SCOPE_BEGIN|[56]|this|ConnectApi.FeedItem|true|false
22:36:49.0 (98681652)|HEAP_ALLOCATE|[59]|Bytes:312
22:36:49.0 (98688387)|HEAP_ALLOCATE|[59]|Bytes:75
22:36:49.0 (98724974)|SYSTEM_METHOD_ENTRY|[5]|FeedElement.FeedElement()
22:36:49.0 (98728849)|STATEMENT_EXECUTE|[5]
22:36:49.0 (98736858)|SYSTEM_METHOD_EXIT|[5]|FeedElement
22:36:49.0 (98766974)|VARIABLE_ASSIGNMENT|[56]|this|{}|0x4bda8bf8
22:36:49.0 (98771256)|VARIABLE_SCOPE_BEGIN|[56]|versionIn|Double|false|false
22:36:49.0 (98777238)|VARIABLE_ASSIGNMENT|[56]|versionIn|34.0
22:36:49.0 (98781375)|VARIABLE_SCOPE_BEGIN|[56]|javaObj|java:sfdc.chatter.connect.api.output.feeds.FeedItemRepresentation|true|false
22:36:49.0 (98869541)|VARIABLE_ASSIGNMENT|[56]|javaObj|"\n\u003CFeedItem id(0D55000003LmBsDCAV)\u003E\n\u003CUser id(00550000005cg71AAA) name(Jaswinder Rattanpal) /\u003E\n\u003CFeedBody text(Test 1\n), isRichText(true) /\u003Esfdc.chatter.connect.api.output.feeds.FeedElementCommentCollectionRepresentation@5762be87\n\u003C/FeedItem\u003E"|0x487d937f
22:36:49.0 (99083186)|SYSTEM_METHOD_EXIT|[5]|FeedBody
22:36:49.0 (99091246)|HEAP_ALLOCATE|[46]|Bytes:36
22:36:49.0 (99095743)|HEAP_ALLOCATE|[46]|Bytes:12
22:36:49.0 (99099224)|HEAP_ALLOCATE|[46]|Bytes:8
22:36:49.0 (99103087)|VARIABLE_SCOPE_BEGIN|[16]|this|ConnectApi.FeedBody|true|false
22:36:49.0 (99125741)|HEAP_ALLOCATE|[46]|Bytes:164
22:36:49.0 (99131475)|HEAP_ALLOCATE|[46]|Bytes:44
22:36:49.0 (99157025)|SYSTEM_METHOD_ENTRY|[5]|AbstractMessageBody.AbstractMessageBody()
22:36:49.0 (99159432)|STATEMENT_EXECUTE|[5]
22:36:49.0 (99166043)|SYSTEM_METHOD_EXIT|[5]|AbstractMessageBody
22:36:49.0 (99179987)|VARIABLE_ASSIGNMENT|[16]|this|{}|0x1ca18f6d
22:36:49.0 (99183757)|VARIABLE_SCOPE_BEGIN|[16]|versionIn|Double|false|false
22:36:49.0 (99189595)|VARIABLE_ASSIGNMENT|[16]|versionIn|34.0
22:36:49.0 (99191863)|VARIABLE_SCOPE_BEGIN|[16]|javaObj|java:sfdc.chatter.connect.api.output.feeds.FeedBodyRepresentation|true|false
22:36:49.0 (99259577)|VARIABLE_ASSIGNMENT|[16]|javaObj|"\n\u003CFeedBody text(Test 1\n), isRichText(true) /\u003E"|0x3bb524a
22:36:49.0 (99638749)|SYSTEM_METHOD_EXIT|[5]|MarkupBeginSegment
22:36:49.0 (99649121)|HEAP_ALLOCATE|[43]|Bytes:44
22:36:49.0 (99656189)|HEAP_ALLOCATE|[43]|Bytes:12
22:36:49.0 (99661703)|HEAP_ALLOCATE|[43]|Bytes:8
22:36:49.0 (99667803)|VARIABLE_SCOPE_BEGIN|[20]|this|ConnectApi.MarkupBeginSegment|true|false
22:36:49.0 (99706251)|HEAP_ALLOCATE|[43]|Bytes:120
22:36:49.0 (99716157)|HEAP_ALLOCATE|[43]|Bytes:40
22:36:49.0 (99743505)|SYSTEM_METHOD_ENTRY|[5]|MessageSegment.MessageSegment()
22:36:49.0 (99746008)|STATEMENT_EXECUTE|[5]
22:36:49.0 (99753417)|SYSTEM_METHOD_EXIT|[5]|MessageSegment
22:36:49.0 (99767587)|VARIABLE_ASSIGNMENT|[20]|this|{}|0x41ef423c
22:36:49.0 (99771341)|VARIABLE_SCOPE_BEGIN|[20]|versionIn|Double|false|false
22:36:49.0 (99777840)|VARIABLE_ASSIGNMENT|[20]|versionIn|34.0
22:36:49.0 (99780034)|VARIABLE_SCOPE_BEGIN|[20]|javaObj|java:sfdc.chatter.connect.api.output.feeds.MarkupBeginMessageSegmentRepresentation|true|false
22:36:49.0 (99850679)|VARIABLE_ASSIGNMENT|[20]|javaObj|"MarkupBegin(\"Paragraph\", \"p\")"|0x652dd715
22:36:49.0 (100897157)|SYSTEM_METHOD_EXIT|[5]|TextSegment
22:36:49.0 (100905579)|HEAP_ALLOCATE|[43]|Bytes:28
22:36:49.0 (100910345)|HEAP_ALLOCATE|[43]|Bytes:12
22:36:49.0 (100913541)|HEAP_ALLOCATE|[43]|Bytes:8
22:36:49.0 (100917286)|VARIABLE_SCOPE_BEGIN|[16]|this|ConnectApi.TextSegment|true|false
22:36:49.0 (100941802)|VARIABLE_ASSIGNMENT|[16]|this|{}|0x2c97d3de
22:36:49.0 (100945751)|VARIABLE_SCOPE_BEGIN|[16]|versionIn|Double|false|false
22:36:49.0 (100950800)|VARIABLE_ASSIGNMENT|[16]|versionIn|34.0
22:36:49.0 (100953026)|VARIABLE_SCOPE_BEGIN|[16]|javaObj|java:sfdc.chatter.connect.api.output.feeds.TextMessageSegmentRepresentation|true|false
22:36:49.0 (101019055)|VARIABLE_ASSIGNMENT|[16]|javaObj|"Text(\"Test 1\")"|0x17d29ad2
22:36:49.0 (101315905)|SYSTEM_METHOD_EXIT|[5]|MarkupEndSegment
22:36:49.0 (101323214)|HEAP_ALLOCATE|[43]|Bytes:44
22:36:49.0 (101327520)|HEAP_ALLOCATE|[43]|Bytes:12
22:36:49.0 (101331217)|HEAP_ALLOCATE|[43]|Bytes:8
22:36:49.0 (101335173)|VARIABLE_SCOPE_BEGIN|[20]|this|ConnectApi.MarkupEndSegment|true|false
22:36:49.0 (101360948)|VARIABLE_ASSIGNMENT|[20]|this|{}|0x1ccc7242
22:36:49.0 (101365113)|VARIABLE_SCOPE_BEGIN|[20]|versionIn|Double|false|false
22:36:49.0 (101370107)|VARIABLE_ASSIGNMENT|[20]|versionIn|34.0
22:36:49.0 (101372535)|VARIABLE_SCOPE_BEGIN|[20]|javaObj|java:sfdc.chatter.connect.api.output.feeds.MarkupEndMessageSegmentRepresentation|true|false
22:36:49.0 (101442466)|VARIABLE_ASSIGNMENT|[20]|javaObj|"MarkupEnd(\"Paragraph\", \"p\")"|0x565091c7
22:36:49.0 (101862488)|SYSTEM_METHOD_EXIT|[5]|FeedElementCapabilities
22:36:49.0 (101870388)|HEAP_ALLOCATE|[49]|Bytes:236
22:36:49.0 (101874739)|HEAP_ALLOCATE|[49]|Bytes:12
22:36:49.0 (101877970)|HEAP_ALLOCATE|[49]|Bytes:8
22:36:49.0 (101881836)|VARIABLE_SCOPE_BEGIN|[77]|this|ConnectApi.FeedElementCapabilities|true|false
22:36:49.0 (101969901)|VARIABLE_ASSIGNMENT|[77]|this|{}|0x444ba1f0
22:36:49.0 (101975321)|VARIABLE_SCOPE_BEGIN|[77]|versionIn|Double|false|false
22:36:49.0 (101990645)|VARIABLE_ASSIGNMENT|[77]|versionIn|34.0
22:36:49.0 (101993317)|VARIABLE_SCOPE_BEGIN|[77]|javaObj|java:sfdc.chatter.connect.api.output.feeds.FeedElementCapabilitySetRepresentation|true|false
22:36:49.0 (102056560)|VARIABLE_ASSIGNMENT|[77]|javaObj|"sfdc.chatter.connect.api.output.feeds.FeedElementCapabilitySetRepresentation@47ccb7a1"|0x47ccb7a1
22:36:49.0 (102238885)|SYSTEM_METHOD_EXIT|[5]|AssociatedActionsCapability
22:36:49.0 (102245715)|HEAP_ALLOCATE|[85]|Bytes:20
22:36:49.0 (102250169)|HEAP_ALLOCATE|[85]|Bytes:12
22:36:49.0 (102253417)|HEAP_ALLOCATE|[85]|Bytes:8
22:36:49.0 (102257463)|VARIABLE_SCOPE_BEGIN|[18]|this|ConnectApi.AssociatedActionsCapability|true|false
22:36:49.0 (102281462)|VARIABLE_ASSIGNMENT|[18]|this|{}|0x386d8378
22:36:49.0 (102285037)|VARIABLE_SCOPE_BEGIN|[18]|versionIn|Double|false|false
22:36:49.0 (102289979)|VARIABLE_ASSIGNMENT|[18]|versionIn|34.0
22:36:49.0 (102291965)|VARIABLE_SCOPE_BEGIN|[18]|javaObj|java:sfdc.chatter.connect.api.output.feeds.AssociatedActionsCapabilityRepresentation|true|false
22:36:49.0 (102354670)|VARIABLE_ASSIGNMENT|[18]|javaObj|"sfdc.chatter.connect.api.output.feeds.AssociatedActionsCapabilityRepresentation@6ae1e31b"|0x6ae1e31b
22:36:49.0 (102746857)|SYSTEM_METHOD_EXIT|[5]|BookmarksCapability
22:36:49.0 (102753860)|HEAP_ALLOCATE|[91]|Bytes:20
22:36:49.0 (102758275)|HEAP_ALLOCATE|[91]|Bytes:12
22:36:49.0 (102761409)|HEAP_ALLOCATE|[91]|Bytes:8
22:36:49.0 (102765141)|VARIABLE_SCOPE_BEGIN|[18]|this|ConnectApi.BookmarksCapability|true|false
22:36:49.0 (102787782)|VARIABLE_ASSIGNMENT|[18]|this|{}|0x733c9b96
22:36:49.0 (102791397)|VARIABLE_SCOPE_BEGIN|[18]|versionIn|Double|false|false
22:36:49.0 (102796215)|VARIABLE_ASSIGNMENT|[18]|versionIn|34.0
22:36:49.0 (102798478)|VARIABLE_SCOPE_BEGIN|[18]|javaObj|java:sfdc.chatter.connect.api.output.feeds.BookmarksCapabilityRepresentation|true|false
22:36:49.0 (102861311)|VARIABLE_ASSIGNMENT|[18]|javaObj|"sfdc.chatter.connect.api.output.feeds.BookmarksCapabilityRepresentation@516f5bef"|0x516f5bef
22:36:49.0 (103069077)|SYSTEM_METHOD_EXIT|[5]|ChatterLikesCapability
22:36:49.0 (103077095)|HEAP_ALLOCATE|[103]|Bytes:44
22:36:49.0 (103081489)|HEAP_ALLOCATE|[103]|Bytes:12
22:36:49.0 (103084674)|HEAP_ALLOCATE|[103]|Bytes:8
22:36:49.0 (103088608)|VARIABLE_SCOPE_BEGIN|[24]|this|ConnectApi.ChatterLikesCapability|true|false
22:36:49.0 (103115124)|VARIABLE_ASSIGNMENT|[24]|this|{}|0x5cd64f9
22:36:49.0 (103118863)|VARIABLE_SCOPE_BEGIN|[24]|versionIn|Double|false|false
22:36:49.0 (103123555)|VARIABLE_ASSIGNMENT|[24]|versionIn|34.0
22:36:49.0 (103125687)|VARIABLE_SCOPE_BEGIN|[24]|javaObj|java:sfdc.chatter.connect.api.output.feeds.ChatterLikesCapabilityRepresentation|true|false
22:36:49.0 (103187388)|VARIABLE_ASSIGNMENT|[24]|javaObj|"sfdc.chatter.connect.api.output.feeds.ChatterLikesCapabilityRepresentation@60d1b660"|0x60d1b660
22:36:49.0 (103362685)|SYSTEM_METHOD_EXIT|[5]|MessageBody
22:36:49.0 (103368998)|HEAP_ALLOCATE|[32]|Bytes:36
22:36:49.0 (103373192)|HEAP_ALLOCATE|[32]|Bytes:12
22:36:49.0 (103376843)|HEAP_ALLOCATE|[32]|Bytes:8
22:36:49.0 (103380838)|VARIABLE_SCOPE_BEGIN|[16]|this|ConnectApi.MessageBody|true|false
22:36:49.0 (103406298)|VARIABLE_ASSIGNMENT|[16]|this|{}|0x77a671c7
22:36:49.0 (103410314)|VARIABLE_SCOPE_BEGIN|[16]|versionIn|Double|false|false
22:36:49.0 (103415537)|VARIABLE_ASSIGNMENT|[16]|versionIn|34.0
22:36:49.0 (103417853)|VARIABLE_SCOPE_BEGIN|[16]|javaObj|java:sfdc.chatter.connect.api.output.feeds.MessageBodyRepresentation|true|false
22:36:49.0 (103485640)|VARIABLE_ASSIGNMENT|[16]|javaObj|"\n\u003CMessageBody text(Test User likes this.), isRichText(null) /\u003E"|0x5c3dfcff
22:36:49.0 (103728496)|SYSTEM_METHOD_EXIT|[5]|EntityLinkSegment
22:36:49.0 (103735776)|HEAP_ALLOCATE|[43]|Bytes:44
22:36:49.0 (103740045)|HEAP_ALLOCATE|[43]|Bytes:12
22:36:49.0 (103743153)|HEAP_ALLOCATE|[43]|Bytes:8
22:36:49.0 (103747064)|VARIABLE_SCOPE_BEGIN|[20]|this|ConnectApi.EntityLinkSegment|true|false
22:36:49.0 (103773603)|VARIABLE_ASSIGNMENT|[20]|this|{}|0x3239a12d
22:36:49.0 (103777441)|VARIABLE_SCOPE_BEGIN|[20]|versionIn|Double|false|false
22:36:49.0 (103782499)|VARIABLE_ASSIGNMENT|[20]|versionIn|34.0
22:36:49.0 (103784970)|VARIABLE_SCOPE_BEGIN|[20]|javaObj|java:sfdc.chatter.connect.api.output.feeds.EntityLinkMessageSegmentRepresentation|true|false
22:36:49.0 (103853269)|VARIABLE_ASSIGNMENT|[20]|javaObj|"EntityLink(\"Test User\")"|0x5fb673bc
22:36:49.0 (104107503)|SYSTEM_METHOD_EXIT|[5]|Motif
22:36:49.0 (104115898)|HEAP_ALLOCATE|[25]|Bytes:52
22:36:49.0 (104120157)|HEAP_ALLOCATE|[25]|Bytes:12
22:36:49.0 (104123279)|HEAP_ALLOCATE|[25]|Bytes:8
22:36:49.0 (104127518)|VARIABLE_SCOPE_BEGIN|[31]|this|ConnectApi.Motif|true|false
22:36:49.0 (104153803)|VARIABLE_ASSIGNMENT|[31]|this|{}|0x1b5a09c4
22:36:49.0 (104157365)|VARIABLE_SCOPE_BEGIN|[31]|versionIn|Double|false|false
22:36:49.0 (104162211)|VARIABLE_ASSIGNMENT|[31]|versionIn|34.0
22:36:49.0 (104164570)|VARIABLE_SCOPE_BEGIN|[31]|javaObj|java:sfdc.common.connect.api.output.common.MotifRepresentation|true|false
22:36:49.0 (104230964)|VARIABLE_ASSIGNMENT|[31]|javaObj|"sfdc.common.connect.api.output.common.MotifRepresentation@28b3d454"|0x28b3d454
22:36:49.0 (104448664)|SYSTEM_METHOD_EXIT|[5]|Reference
22:36:49.0 (104455112)|HEAP_ALLOCATE|[28]|Bytes:28
22:36:49.0 (104459310)|HEAP_ALLOCATE|[28]|Bytes:12
22:36:49.0 (104462345)|HEAP_ALLOCATE|[28]|Bytes:8
22:36:49.0 (104466325)|VARIABLE_SCOPE_BEGIN|[25]|this|ConnectApi.Reference|true|false
22:36:49.0 (104488952)|VARIABLE_ASSIGNMENT|[25]|this|{}|0x577c28a6
22:36:49.0 (104492436)|VARIABLE_SCOPE_BEGIN|[25]|versionIn|Double|false|false
22:36:49.0 (104497142)|VARIABLE_ASSIGNMENT|[25]|versionIn|34.0
22:36:49.0 (104499583)|VARIABLE_SCOPE_BEGIN|[25]|javaObj|java:sfdc.common.connect.api.output.common.ReferenceRepresentation|true|false
22:36:49.0 (104570421)|VARIABLE_ASSIGNMENT|[25]|javaObj|"sfdc.common.connect.api.output.common.ReferenceRepresentation@3b3b8a66"|0x3b3b8a66
22:36:49.0 (105125748)|SYSTEM_METHOD_EXIT|[5]|ChatterLikePage
22:36:49.0 (105133814)|HEAP_ALLOCATE|[38]|Bytes:84
22:36:49.0 (105138197)|HEAP_ALLOCATE|[38]|Bytes:12
22:36:49.0 (105141721)|HEAP_ALLOCATE|[38]|Bytes:8
22:36:49.0 (105148834)|VARIABLE_SCOPE_BEGIN|[39]|this|ConnectApi.ChatterLikePage|true|false
22:36:49.0 (105180128)|VARIABLE_ASSIGNMENT|[39]|this|{}|0x70e4a0ec
22:36:49.0 (105183669)|VARIABLE_SCOPE_BEGIN|[39]|versionIn|Double|false|false
22:36:49.0 (105188588)|VARIABLE_ASSIGNMENT|[39]|versionIn|34.0
22:36:49.0 (105190680)|VARIABLE_SCOPE_BEGIN|[39]|javaObj|java:sfdc.chatter.connect.api.output.feeds.LikeCollectionRepresentation|true|false
22:36:49.0 (105256660)|VARIABLE_ASSIGNMENT|[39]|javaObj|"sfdc.chatter.connect.api.output.feeds.LikeCollectionRepresentation@4643cbd0"|0x4643cbd0
22:36:49.0 (105590084)|SYSTEM_METHOD_EXIT|[5]|ChatterLike
22:36:49.0 (105596974)|HEAP_ALLOCATE|[59]|Bytes:44
22:36:49.0 (105601192)|HEAP_ALLOCATE|[59]|Bytes:12
22:36:49.0 (105604317)|HEAP_ALLOCATE|[59]|Bytes:8
22:36:49.0 (105608472)|VARIABLE_SCOPE_BEGIN|[29]|this|ConnectApi.ChatterLike|true|false
22:36:49.0 (105633691)|VARIABLE_ASSIGNMENT|[29]|this|{}|0x704cf2a6
22:36:49.0 (105637217)|VARIABLE_SCOPE_BEGIN|[29]|versionIn|Double|false|false
22:36:49.0 (105642447)|VARIABLE_ASSIGNMENT|[29]|versionIn|34.0
22:36:49.0 (105644581)|VARIABLE_SCOPE_BEGIN|[29]|javaObj|java:sfdc.chatter.connect.api.output.feeds.LikeRepresentation|true|false
22:36:49.0 (105710329)|VARIABLE_ASSIGNMENT|[29]|javaObj|"sfdc.chatter.connect.api.output.feeds.LikeRepresentation@17433e73"|0x17433e73
22:36:49.0 (106070042)|SYSTEM_METHOD_EXIT|[5]|UserSummary
22:36:49.0 (106078322)|HEAP_ALLOCATE|[44]|Bytes:164
22:36:49.0 (106082532)|HEAP_ALLOCATE|[44]|Bytes:12
22:36:49.0 (106085858)|HEAP_ALLOCATE|[44]|Bytes:8
22:36:49.0 (106089503)|VARIABLE_SCOPE_BEGIN|[18]|this|ConnectApi.UserSummary|true|false
22:36:49.0 (106119703)|HEAP_ALLOCATE|[44]|Bytes:344
22:36:49.0 (106126383)|HEAP_ALLOCATE|[44]|Bytes:76
22:36:49.0 (106152154)|SYSTEM_METHOD_ENTRY|[5]|User.User()
22:36:49.0 (106154399)|STATEMENT_EXECUTE|[5]
22:36:49.0 (106161400)|SYSTEM_METHOD_EXIT|[5]|User
22:36:49.0 (106175419)|HEAP_ALLOCATE|[44]|Bytes:204
22:36:49.0 (106180687)|HEAP_ALLOCATE|[44]|Bytes:49
22:36:49.0 (106187786)|SYSTEM_METHOD_ENTRY|[5]|ActorWithId.ActorWithId()
22:36:49.0 (106189671)|STATEMENT_EXECUTE|[5]
22:36:49.0 (106194726)|SYSTEM_METHOD_EXIT|[5]|ActorWithId
22:36:49.0 (106203419)|HEAP_ALLOCATE|[44]|Bytes:116
22:36:49.0 (106208072)|HEAP_ALLOCATE|[44]|Bytes:40
22:36:49.0 (106214066)|SYSTEM_METHOD_ENTRY|[5]|Actor.Actor()
22:36:49.0 (106215810)|STATEMENT_EXECUTE|[5]
22:36:49.0 (106220395)|SYSTEM_METHOD_EXIT|[5]|Actor
22:36:49.0 (106235837)|VARIABLE_ASSIGNMENT|[18]|this|{}|0x42f50fb7
22:36:49.0 (106239370)|VARIABLE_SCOPE_BEGIN|[18]|versionIn|Double|false|false
22:36:49.0 (106244839)|VARIABLE_ASSIGNMENT|[18]|versionIn|34.0
22:36:49.0 (106246986)|VARIABLE_SCOPE_BEGIN|[18]|javaObj|java:sfdc.chatter.connect.api.output.user.UserSummaryRepresentation|true|false
22:36:49.0 (106317461)|VARIABLE_ASSIGNMENT|[18]|javaObj|"\n\u003CUser id(00550000005d7KnAAI) name(Test User) /\u003E"|0x1a304172
22:36:49.0 (106941887)|SYSTEM_METHOD_EXIT|[5]|Photo
22:36:49.0 (106948527)|HEAP_ALLOCATE|[64]|Bytes:68
22:36:49.0 (106953336)|HEAP_ALLOCATE|[64]|Bytes:12
22:36:49.0 (106956567)|HEAP_ALLOCATE|[64]|Bytes:8
22:36:49.0 (106960252)|VARIABLE_SCOPE_BEGIN|[35]|this|ConnectApi.Photo|true|false
22:36:49.0 (106987882)|VARIABLE_ASSIGNMENT|[35]|this|{}|0xd7e5950
22:36:49.0 (106991329)|VARIABLE_SCOPE_BEGIN|[35]|versionIn|Double|false|false
22:36:49.0 (106996219)|VARIABLE_ASSIGNMENT|[35]|versionIn|34.0
22:36:49.0 (106998285)|VARIABLE_SCOPE_BEGIN|[35]|javaObj|java:sfdc.chatter.connect.api.output.photo.PhotoRepresentation|true|false
22:36:49.0 (107067054)|VARIABLE_ASSIGNMENT|[35]|javaObj|"sfdc.chatter.connect.api.output.photo.PhotoRepresentation@3405e2a"|0x3405e2a
22:36:49.0 (108707487)|SYSTEM_METHOD_EXIT|[5]|CommentsCapability
22:36:49.0 (108715276)|HEAP_ALLOCATE|[106]|Bytes:20
22:36:49.0 (108719988)|HEAP_ALLOCATE|[106]|Bytes:12
22:36:49.0 (108723087)|HEAP_ALLOCATE|[106]|Bytes:8
22:36:49.0 (108726924)|VARIABLE_SCOPE_BEGIN|[18]|this|ConnectApi.CommentsCapability|true|false
22:36:49.0 (108750259)|VARIABLE_ASSIGNMENT|[18]|this|{}|0x710186d5
22:36:49.0 (108754108)|VARIABLE_SCOPE_BEGIN|[18]|versionIn|Double|false|false
22:36:49.0 (108759250)|VARIABLE_ASSIGNMENT|[18]|versionIn|34.0
22:36:49.0 (108761602)|VARIABLE_SCOPE_BEGIN|[18]|javaObj|java:sfdc.chatter.connect.api.output.feeds.CommentsCapabilityRepresentation|true|false
22:36:49.0 (108825966)|VARIABLE_ASSIGNMENT|[18]|javaObj|"sfdc.chatter.connect.api.output.feeds.CommentsCapabilityRepresentation@ecaf57c"|0xecaf57c
22:36:49.0 (108987596)|SYSTEM_METHOD_EXIT|[5]|CommentPage
22:36:49.0 (108994279)|HEAP_ALLOCATE|[23]|Bytes:68
22:36:49.0 (108998307)|HEAP_ALLOCATE|[23]|Bytes:12
22:36:49.0 (109001565)|HEAP_ALLOCATE|[23]|Bytes:8
22:36:49.0 (109005932)|VARIABLE_SCOPE_BEGIN|[35]|this|ConnectApi.CommentPage|true|false
22:36:49.0 (109034188)|VARIABLE_ASSIGNMENT|[35]|this|{}|0xf7a5b81
22:36:49.0 (109037560)|VARIABLE_SCOPE_BEGIN|[35]|versionIn|Double|false|false
22:36:49.0 (109042371)|VARIABLE_ASSIGNMENT|[35]|versionIn|34.0
22:36:49.0 (109044327)|VARIABLE_SCOPE_BEGIN|[35]|javaObj|java:sfdc.chatter.connect.api.output.feeds.FeedElementCommentCollectionRepresentation|true|false
22:36:49.0 (109109275)|VARIABLE_ASSIGNMENT|[35]|javaObj|"sfdc.chatter.connect.api.output.feeds.FeedElementCommentCollectionRepresentation@75a8935d"|0x75a8935d
22:36:49.0 (109387600)|SYSTEM_METHOD_EXIT|[5]|Comment
22:36:49.0 (109394987)|HEAP_ALLOCATE|[48]|Bytes:156
22:36:49.0 (109399011)|HEAP_ALLOCATE|[48]|Bytes:12
22:36:49.0 (109403744)|HEAP_ALLOCATE|[48]|Bytes:8
22:36:49.0 (109409319)|VARIABLE_SCOPE_BEGIN|[57]|this|ConnectApi.Comment|true|false
22:36:49.0 (109451499)|VARIABLE_ASSIGNMENT|[57]|this|{}|0x8629413
22:36:49.0 (109455363)|VARIABLE_SCOPE_BEGIN|[57]|versionIn|Double|false|false
22:36:49.0 (109460364)|VARIABLE_ASSIGNMENT|[57]|versionIn|34.0
22:36:49.0 (109462574)|VARIABLE_SCOPE_BEGIN|[57]|javaObj|java:sfdc.chatter.connect.api.output.feeds.CommentRepresentation|true|false
22:36:49.0 (109543162)|VARIABLE_ASSIGNMENT|[57]|javaObj|"\n\u003CComment id(0D750000002KRgU) parent(sfdc.common.connect.api.output.common.ReferenceRepresentation@51dae176) \u003E\n\u003CFeedBody text(Test), isRichText(false) /\u003E\n\u003CUser id(00550000005d7KnAAI) name(Test User) /\u003E\n\u003C/Comment"|0xc210e9f
22:36:49.0 (110054965)|SYSTEM_METHOD_EXIT|[5]|CommentCapabilities
22:36:49.0 (110062752)|HEAP_ALLOCATE|[68]|Bytes:28
22:36:49.0 (110067072)|HEAP_ALLOCATE|[68]|Bytes:12
22:36:49.0 (110070254)|HEAP_ALLOCATE|[68]|Bytes:8
22:36:49.0 (110074300)|VARIABLE_SCOPE_BEGIN|[25]|this|ConnectApi.CommentCapabilities|true|false
22:36:49.0 (110096336)|VARIABLE_ASSIGNMENT|[25]|this|{}|0x3da2563d
22:36:49.0 (110100081)|VARIABLE_SCOPE_BEGIN|[25]|versionIn|Double|false|false
22:36:49.0 (110105004)|VARIABLE_ASSIGNMENT|[25]|versionIn|34.0
22:36:49.0 (110107211)|VARIABLE_SCOPE_BEGIN|[25]|javaObj|java:sfdc.chatter.connect.api.output.feeds.CommentCapabilitySetRepresentation|true|false
22:36:49.0 (110173631)|VARIABLE_ASSIGNMENT|[25]|javaObj|"sfdc.chatter.connect.api.output.feeds.CommentCapabilitySetRepresentation@217c9f96"|0x217c9f96
22:36:49.0 (112101305)|SYSTEM_METHOD_EXIT|[5]|MentionSegment
22:36:49.0 (112109226)|HEAP_ALLOCATE|[43]|Bytes:60
22:36:49.0 (112113543)|HEAP_ALLOCATE|[43]|Bytes:12
22:36:49.0 (112116845)|HEAP_ALLOCATE|[43]|Bytes:8
22:36:49.0 (112120456)|VARIABLE_SCOPE_BEGIN|[24]|this|ConnectApi.MentionSegment|true|false
22:36:49.0 (112149749)|VARIABLE_ASSIGNMENT|[24]|this|{}|0x237abc02
22:36:49.0 (112153452)|VARIABLE_SCOPE_BEGIN|[24]|versionIn|Double|false|false
22:36:49.0 (112158504)|VARIABLE_ASSIGNMENT|[24]|versionIn|34.0
22:36:49.0 (112160645)|VARIABLE_SCOPE_BEGIN|[24]|javaObj|java:sfdc.chatter.connect.api.output.feeds.MentionMessageSegmentRepresentation|true|false
22:36:49.0 (112235253)|VARIABLE_ASSIGNMENT|[24]|javaObj|"Mention(\"Test User\",00550000005d7KnAAI,true)"|0xc4605ee
22:36:49.0 (120273371)|SYSTEM_METHOD_EXIT|[5]|InteractionsCapability
22:36:49.0 (120281243)|HEAP_ALLOCATE|[127]|Bytes:20
22:36:49.0 (120286168)|HEAP_ALLOCATE|[127]|Bytes:12
22:36:49.0 (120289436)|HEAP_ALLOCATE|[127]|Bytes:8
22:36:49.0 (120293526)|VARIABLE_SCOPE_BEGIN|[18]|this|ConnectApi.InteractionsCapability|true|false
22:36:49.0 (120317987)|VARIABLE_ASSIGNMENT|[18]|this|{}|0x4903bbdf
22:36:49.0 (120321710)|VARIABLE_SCOPE_BEGIN|[18]|versionIn|Double|false|false
22:36:49.0 (120327032)|VARIABLE_ASSIGNMENT|[18]|versionIn|34.0
22:36:49.0 (120329183)|VARIABLE_SCOPE_BEGIN|[18]|javaObj|java:sfdc.chatter.connect.api.output.feeds.InteractionsCapabilityRepresentation|true|false
22:36:49.0 (120396596)|VARIABLE_ASSIGNMENT|[18]|javaObj|"sfdc.chatter.connect.api.output.feeds.InteractionsCapabilityRepresentation@360b2e8a"|0x360b2e8a
22:36:49.0 (120603620)|SYSTEM_METHOD_EXIT|[5]|MuteCapability
22:36:49.0 (120610449)|HEAP_ALLOCATE|[136]|Bytes:20
22:36:49.0 (120614834)|HEAP_ALLOCATE|[136]|Bytes:12
22:36:49.0 (120617966)|HEAP_ALLOCATE|[136]|Bytes:8
22:36:49.0 (120621829)|VARIABLE_SCOPE_BEGIN|[18]|this|ConnectApi.MuteCapability|true|false
22:36:49.0 (120644996)|VARIABLE_ASSIGNMENT|[18]|this|{}|0x40e71ee5
22:36:49.0 (120648725)|VARIABLE_SCOPE_BEGIN|[18]|versionIn|Double|false|false
22:36:49.0 (120653646)|VARIABLE_ASSIGNMENT|[18]|versionIn|34.0
22:36:49.0 (120656071)|VARIABLE_SCOPE_BEGIN|[18]|javaObj|java:sfdc.chatter.connect.api.output.feeds.MuteCapabilityRepresentation|true|false
22:36:49.0 (120718929)|VARIABLE_ASSIGNMENT|[18]|javaObj|"sfdc.chatter.connect.api.output.feeds.MuteCapabilityRepresentation@7c320a62"|0x7c320a62
22:36:49.0 (120939915)|SYSTEM_METHOD_EXIT|[5]|StatusCapability
22:36:49.0 (120946841)|HEAP_ALLOCATE|[157]|Bytes:28
22:36:49.0 (120951171)|HEAP_ALLOCATE|[157]|Bytes:12
22:36:49.0 (120954353)|HEAP_ALLOCATE|[157]|Bytes:8
22:36:49.0 (120958274)|VARIABLE_SCOPE_BEGIN|[20]|this|ConnectApi.StatusCapability|true|false
22:36:49.0 (120983877)|VARIABLE_ASSIGNMENT|[20]|this|{}|0x28bb8b78
22:36:49.0 (120987689)|VARIABLE_SCOPE_BEGIN|[20]|versionIn|Double|false|false
22:36:49.0 (120992628)|VARIABLE_ASSIGNMENT|[20]|versionIn|34.0
22:36:49.0 (120994808)|VARIABLE_SCOPE_BEGIN|[20]|javaObj|java:sfdc.chatter.connect.api.output.feeds.StatusCapabilityRepresentation|true|false
22:36:49.0 (121056940)|VARIABLE_ASSIGNMENT|[20]|javaObj|"sfdc.chatter.connect.api.output.feeds.StatusCapabilityRepresentation@47ab9f9b"|0x47ab9f9b
22:36:49.0 (121409602)|SYSTEM_METHOD_EXIT|[5]|TopicsCapability
22:36:49.0 (121416490)|HEAP_ALLOCATE|[160]|Bytes:28
22:36:49.0 (121420771)|HEAP_ALLOCATE|[160]|Bytes:12
22:36:49.0 (121424010)|HEAP_ALLOCATE|[160]|Bytes:8
22:36:49.0 (121427507)|VARIABLE_SCOPE_BEGIN|[20]|this|ConnectApi.TopicsCapability|true|false
22:36:49.0 (121452897)|VARIABLE_ASSIGNMENT|[20]|this|{}|0x3fc3a1bd
22:36:49.0 (121456520)|VARIABLE_SCOPE_BEGIN|[20]|versionIn|Double|false|false
22:36:49.0 (121461483)|VARIABLE_ASSIGNMENT|[20]|versionIn|34.0
22:36:49.0 (121463896)|VARIABLE_SCOPE_BEGIN|[20]|javaObj|java:sfdc.chatter.connect.api.output.feeds.TopicsCapabilityRepresentation|true|false
22:36:49.0 (121528146)|VARIABLE_ASSIGNMENT|[20]|javaObj|"sfdc.chatter.connect.api.output.feeds.TopicsCapabilityRepresentation@53cecd3d"|0x53cecd3d
22:36:49.0 (144079627)|METHOD_EXIT|[67]||ConnectApi.ChatterFeeds.getFeedElementsFromFeed(String, ConnectApi.FeedType, String)
22:36:49.0 (144089078)|VARIABLE_SCOPE_BEGIN|[67]|fep|ConnectApi.FeedElementPage|true|false
22:36:49.0 (144130674)|VARIABLE_ASSIGNMENT|[67]|fep|{}|0x56792f23
22:36:49.0 (144134484)|STATEMENT_EXECUTE|[68]
22:36:49.0 (144196434)|HEAP_ALLOCATE|[68]|Bytes:84
22:36:49.0 (144204330)|VARIABLE_SCOPE_BEGIN|[105]|this|ConnectApi.FeedElementPage|true|false
22:36:49.0 (144230899)|VARIABLE_ASSIGNMENT|[105]|this|{}|0x56792f23
22:36:49.0 (218371456)|USER_DEBUG|[68]|DEBUG|ConnectApi.FeedElementPage[buildVersion=34.0, currentPageToken=null, currentPageUrl=/services/data/v34.0/chatter/feeds/user-profile/00550000005cg71AAA/feed-elements, elements=(ConnectApi.FeedItem[buildVersion=34.0, actor=ConnectApi.UserSummary[buildVersion=34.0, additionalLabel=null, communityNickname=bfffollow1.4689653052892656E12, companyName=BFFFollow, displayName=Jaswinder Rattanpal, firstName=Jaswinder, id=00550000005cg71AAA, isActive=true, isInThisCommunity=true, lastName=Rattanpal, motif=ConnectApi.Motif[buildVersion=34.0, color=65CAE4, largeIconUrl=/img/icon/profile64.png, mediumIconUrl=/img/icon/profile32.png, smallIconUrl=/img/icon/profile16.png, svgIconUrl=null], mySubscription=null, name=Jaswinder Rattanpal, photo=ConnectApi.Photo[buildVersion=34.0, fullEmailPhotoUrl=https://bfffollow-dev-ed.my.salesforce.com/img/userprofile/default_profile_200.png?fromEmail=1, largePhotoUrl=https://bfffollow-dev-ed--c.na3.content.force.com/profilephoto/005/F, photoVersionId=null, smallPhotoUrl=https://bfffollow-dev-ed--c.na3.content.force.com/profilephoto/005/T, standardEmailPhotoUrl=https://bfffollow-dev-ed.my.salesforce.com/img/userprofile/default_profile_45.png?fromEmail=1, url=/services/data/v34.0/chatter/users/00550000005cg71AAA/photo], reputation=null, title=null, type=User, url=/services/data/v34.0/chatter/users/00550000005cg71AAA, userType=Internal], body=ConnectApi.FeedBody[buildVersion=34.0, messageSegments=(ConnectApi.MarkupBeginSegment[buildVersion=34.0, text=, type=MarkupBegin], ConnectApi.TextSegment[buildVersion=34.0, text=Test 1, type=Text], ConnectApi.MarkupEndSegment[buildVersion=34.0, text=
, type=MarkupEnd]), text=Test 1
], canShare=true, capabilities=ConnectApi.FeedElementCapabilities[buildVersion=34.0, approval=null, associatedActions=ConnectApi.AssociatedActionsCapability[buildVersion=34.0, platformActionGroups=()], banner=null, bookmarks=ConnectApi.BookmarksCapability[buildVersion=34.0, isBookmarkedByCurrentUser=false], bundle=null, canvas=null, caseComment=null, chatterLikes=ConnectApi.ChatterLikesCapability[buildVersion=34.0, isLikedByCurrentUser=false, likesMessage=ConnectApi.MessageBody[buildVersion=34.0, messageSegments=(ConnectApi.EntityLinkSegment[buildVersion=34.0, motif=ConnectApi.Motif[buildVersion=34.0, color=65CAE4, largeIconUrl=/img/icon/profile64.png, mediumIconUrl=/img/icon/profile32.png, smallIconUrl=/img/icon/profile16.png, svgIconUrl=null], reference=ConnectApi.Reference[buildVersion=34.0, id=00550000005d7KnAAI, url=/services/data/v34.0/chatter/users/00550000005d7KnAAI], text=Test User, type=EntityLink], ConnectApi.TextSegment[buildVersion=34.0, text= likes this., type=Text]), text=Test User likes this.], myLike=null, page=ConnectApi.ChatterLikePage[buildVersion=34.0, currentPageToken=0, currentPageUrl=/services/data/v34.0/chatter/feed-elements/0D55000003LmBsDCAV/capabilities/chatter-likes/items, items=(ConnectApi.ChatterLike[buildVersion=34.0, id=0I050000001eN0WCAU, likedItem=ConnectApi.Reference[buildVersion=34.0, id=0D55000003LmBsDCAV, url=/services/data/v34.0/chatter/feed-elements/0D55000003LmBsDCAV], url=/services/data/v34.0/chatter/likes/0I050000001eN0WCAU, user=ConnectApi.UserSummary[buildVersion=34.0, additionalLabel=null, communityNickname=jrattanpal, companyName=null, displayName=Test User, firstName=Test, id=00550000005d7KnAAI, isActive=true, isInThisCommunity=true, lastName=User, motif=ConnectApi.Motif[buildVersion=34.0, color=65CAE4, largeIconUrl=/img/icon/profile64.png, mediumIconUrl=/img/icon/profile32.png, smallIconUrl=/img/icon/profile16.png, svgIconUrl=null], mySubscription=ConnectApi.Reference[buildVersion=34.0, id=0E85000000Dvxc2CAB, url=/services/data/v34.0/chatter/subscriptions/0E85000000Dvxc2CAB], name=Test User, photo=ConnectApi.Photo[buildVersion=34.0, fullEmailPhotoUrl=https://bfffollow-dev-ed.my.salesforce.com/img/userprofile/default_profile_200.png?fromEmail=1, largePhotoUrl=https://bfffollow-dev-ed--c.na3.content.force.com/profilephoto/005/F, photoVersionId=null, smallPhotoUrl=https://bfffollow-dev-ed--c.na3.content.force.com/profilephoto/005/T, standardEmailPhotoUrl=https://bfffollow-dev-ed.my.salesforce.com/img/userprofile/default_profile_45.png?fromEmail=1, url=/services/data/v34.0/chatter/users/00550000005d7KnAAI/photo], reputation=null, title=null, type=User, url=/services/data/v34.0/chatter/users/00550000005d7KnAAI, userType=Internal]]), nextPageToken=null, nextPageUrl=null, previousPageToken=null, previousPageUrl=null, total=1]], comments=ConnectApi.CommentsCapability[buildVersion=34.0, page=ConnectApi.CommentPage[buildVersion=34.0, currentPageToken=null, currentPageUrl=/services/data/v34.0/chatter/feed-elements/0D55000003LmBsDCAV/capabilities/comments/items, items=(ConnectApi.Comment[buildVersion=34.0, body=ConnectApi.FeedBody[buildVersion=34.0, messageSegments=(ConnectApi.TextSegment[buildVersion=34.0, text=Test, type=Text]), text=Test], capabilities=ConnectApi.CommentCapabilities[buildVersion=34.0, content=null, edit=null], clientInfo=null, createdDate=2016-07-21 10:45:26, feedElement=ConnectApi.Reference[buildVersion=34.0, id=0D55000003LmBsDCAV, url=/services/data/v34.0/chatter/feed-elements/0D55000003LmBsDCAV], id=0D750000002KRgUCAW, isDeleteRestricted=false, likes=ConnectApi.ChatterLikePage[buildVersion=34.0, currentPageToken=null, currentPageUrl=/services/data/v34.0/chatter/comments/0D750000002KRgUCAW/likes, items=(), nextPageToken=null, nextPageUrl=null, previousPageToken=null, previousPageUrl=null, total=0], likesMessage=null, moderationFlags=null, myLike=null, parent=ConnectApi.Reference[buildVersion=34.0, id=00550000005cg71AAA, url=/services/data/v34.0/chatter/users/00550000005cg71AAA], relativeCreatedDate=11h ago, type=TextComment, url=/services/data/v34.0/chatter/comments/0D750000002KRgUCAW, user=ConnectApi.UserSummary[buildVersion=34.0, additionalLabel=null, communityNickname=jrattanpal, companyName=null, displayName=Test User, firstName=Test, id=00550000005d7KnAAI, isActive=true, isInThisCommunity=true, lastName=User, motif=ConnectApi.Motif[buildVersion=34.0, color=65CAE4, largeIconUrl=/img/icon/profile64.png, mediumIconUrl=/img/icon/profile32.png, smallIconUrl=/img/icon/profile16.png, svgIconUrl=null], mySubscription=ConnectApi.Reference[buildVersion=34.0, id=0E85000000Dvxc2CAB, url=/services/data/v34.0/chatter/subscriptions/0E85000000Dvxc2CAB], name=Test User, photo=ConnectApi.Photo[buildVersion=34.0, fullEmailPhotoUrl=https://bfffollow-dev-ed.my.salesforce.com/img/userprofile/default_profile_200.png?fromEmail=1, largePhotoUrl=https://bfffollow-dev-ed--c.na3.content.force.com/profilephoto/005/F, photoVersionId=null, smallPhotoUrl=https://bfffollow-dev-ed--c.na3.content.force.com/profilephoto/005/T, standardEmailPhotoUrl=https://bfffollow-dev-ed.my.salesforce.com/img/userprofile/default_profile_45.png?fromEmail=1, url=/services/data/v34.0/chatter/users/00550000005d7KnAAI/photo], reputation=null, title=null, type=User, url=/services/data/v34.0/chatter/users/00550000005d7KnAAI, userType=Internal]], ConnectApi.Comment[buildVersion=34.0, body=ConnectApi.FeedBody[buildVersion=34.0, messageSegments=(ConnectApi.MentionSegment[buildVersion=34.0, accessible=true, name=Test User, record=ConnectApi.UserSummary[buildVersion=34.0, additionalLabel=null, communityNickname=jrattanpal, companyName=null, displayName=Test User, firstName=Test, id=00550000005d7KnAAI, isActive=true, isInThisCommunity=true, lastName=User, motif=ConnectApi.Motif[buildVersion=34.0, color=65CAE4, largeIconUrl=/img/icon/profile64.png, mediumIconUrl=/img/icon/profile32.png, smallIconUrl=/img/icon/profile16.png, svgIconUrl=null], mySubscription=ConnectApi.Reference[buildVersion=34.0, id=0E85000000Dvxc2CAB, url=/services/data/v34.0/chatter/subscriptions/0E85000000Dvxc2CAB], name=Test User, photo=ConnectApi.Photo[buildVersion=34.0, fullEmailPhotoUrl=https://bfffollow-dev-ed.my.salesforce.com/img/userprofile/default_profile_200.png?fromEmail=1, largePhotoUrl=https://bfffollow-dev-ed--c.na3.content.force.com/profilephoto/005/F, photoVersionId=null, smallPhotoUrl=https://bfffollow-dev-ed--c.na3.content.force.com/profilephoto/005/T, standardEmailPhotoUrl=https://bfffollow-dev-ed.my.salesforce.com/img/userprofile/default_profile_45.png?fromEmail=1, url=/services/data/v34.0/chatter/users/00550000005d7KnAAI/photo], reputation=null, title=null, type=User, url=/services/data/v34.0/chatter/users/00550000005d7KnAAI, userType=Internal], text=@Test User, type=Mention]), text=@Test User], capabilities=ConnectApi.CommentCapabilities[buildVersion=34.0, content=null, edit=null], clientInfo=null, createdDate=2016-07-21 10:45:59, feedElement=ConnectApi.Reference[buildVersion=34.0, id=0D55000003LmBsDCAV, url=/services/data/v34.0/chatter/feed-elements/0D55000003LmBsDCAV], id=0D750000002KRl0CAG, isDeleteRestricted=false, likes=ConnectApi.ChatterLikePage[buildVersion=34.0, currentPageToken=null, currentPageUrl=/services/data/v34.0/chatter/comments/0D750000002KRl0CAG/likes, items=(), nextPageToken=null, nextPageUrl=null, previousPageToken=null, previousPageUrl=null, total=0], likesMessage=null, moderationFlags=null, myLike=null, parent=ConnectApi.Reference[buildVersion=34.0, id=00550000005cg71AAA, url=/services/data/v34.0/chatter/users/00550000005cg71AAA], relativeCreatedDate=11h ago, type=TextComment, url=/services/data/v34.0/chatter/comments/0D750000002KRl0CAG, user=ConnectApi.UserSummary[buildVersion=34.0, additionalLabel=null, communityNickname=bfffollow1.4689653052892656E12, companyName=BFFFollow, displayName=Jaswinder Rattanpal, firstName=Jaswinder, id=00550000005cg71AAA, isActive=true, isInThisCommunity=true, lastName=Rattanpal, motif=ConnectApi.Motif[buildVersion=34.0, color=65CAE4, largeIconUrl=/img/icon/profile64.png, mediumIconUrl=/img/icon/profile32.png, smallIconUrl=/img/icon/profile16.png, svgIconUrl=null], mySubscription=null, name=Jaswinder Rattanpal, photo=ConnectApi.Photo[buildVersion=34.0, fullEmailPhotoUrl=https://bfffollow-dev-ed.my.salesforce.com/img/userprofile/default_profile_200.png?fromEmail=1, largePhotoUrl=https://bfffollow-dev-ed--c.na3.content.force.com/profilephoto/005/F, photoVersionId=null, smallPhotoUrl=https://bfffollow-dev-ed--c.na3.content.force.com/profilephoto/005/T, standardEmailPhotoUrl=https://bfffollow-dev-ed.my.salesforce.com/img/userprofile/default_profile_45.png?fromEmail=1, url=/services/data/v34.0/chatter/users/00550000005cg71AAA/photo], reputation=null, title=null, type=User, url=/services/data/v34.0/chatter/users/00550000005cg71AAA, userType=Internal]]), nextPageToken=null, nextPageUrl=null, total=2]], content=null, dashboardComponentSnapshot=null, edit=null, emailMessage=null, enhancedLink=null, link=null, moderation=null, origin=null, poll=null, questionAndAnswers=null, recommendations=null, recordSnapshot=null, topics=ConnectApi.TopicsCapability[buildVersion=34.0, canAssignTopics=true, items=()], trackedChanges=null], clientInfo=null, createdDate=2016-07-21 00:33:49, event=false, feedElementType=FeedItem, header=ConnectApi.MessageBody[buildVersion=34.0, messageSegments=(ConnectApi.EntityLinkSegment[buildVersion=34.0, motif=ConnectApi.Motif[buildVersion=34.0, color=65CAE4, largeIconUrl=/img/icon/profile64.png, mediumIconUrl=/img/icon/profile32.png, smallIconUrl=/img/icon/profile16.png, svgIconUrl=null], reference=ConnectApi.Reference[buildVersion=34.0, id=00550000005cg71AAA, url=/services/data/v34.0/chatter/users/00550000005cg71AAA], text=Jaswinder Rattanpal, type=EntityLink]), text=Jaswinder Rattanpal], id=0D55000003LmBsDCAV, isDeleteRestricted=false, modifiedDate=2016-07-21 10:45:59, originalFeedItem=null, originalFeedItemActor=null, parent=ConnectApi.UserSummary[buildVersion=34.0, additionalLabel=null, communityNickname=bfffollow1.4689653052892656E12, companyName=BFFFollow, displayName=Jaswinder Rattanpal, firstName=Jaswinder, id=00550000005cg71AAA, isActive=true, isInThisCommunity=true, lastName=Rattanpal, motif=ConnectApi.Motif[buildVersion=34.0, color=65CAE4, largeIconUrl=/img/icon/profile64.png, mediumIconUrl=/img/icon/profile32.png, smallIconUrl=/img/icon/profile16.png, svgIconUrl=null], mySubscription=null, name=Jaswinder Rattanpal, photo=ConnectApi.Photo[buildVersion=34.0, fullEmailPhotoUrl=https://bfffollow-dev-ed.my.salesforce.com/img/userprofile/default_profile_200.png?fromEmail=1, largePhotoUrl=https://bfffollow-dev-ed--c.na3.content.force.com/profilephoto/005/F, photoVersionId=null, smallPhotoUrl=https://bfffollow-dev-ed--c.na3.content.force.com/profilephoto/005/T, standardEmailPhotoUrl=https://bfffollow-dev-ed.my.salesforce.com/img/userprofile/default_profile_45.png?fromEmail=1, url=/services/data/v34.0/chatter/users/00550000005cg71AAA/photo], reputation=null, title=null, type=User, url=/services/data/v34.0/chatter/users/00550000005cg71AAA, userType=Internal], photoUrl=https://bfffollow-dev-ed--c.na3.content.force.com/profilephoto/005/T, relativeCreatedDate=22h ago, type=TextPost, url=/services/data/v34.0/chatter/feed-elements/0D55000003LmBsDCAV, visibility=AllUsers], ConnectApi.FeedItem[buildVersion=34.0, actor=ConnectApi.UserSummary[buildVersion=34.0, additionalLabel=null, communityNickname=bfffollow1.4689653052892656E12, companyName=BFFFollow, displayName=Jaswinder Rattanpal, firstName=Jaswinder, id=00550000005cg71AAA, isActive=true, isInThisCommunity=true, lastName=Rattanpal, motif=ConnectApi.Motif[buildVersion=34.0, color=65CAE4, largeIconUrl=/img/icon/profile64.png, mediumIconUrl=/img/icon/profile32.png, smallIconUrl=/img/icon/profile16.png, svgIconUrl=null], mySubscription=null, name=Jaswinder Rattanpal, photo=ConnectApi.Photo[buildVersion=34.0, fullEmailPhotoUrl=https://bfffollow-dev-ed.my.salesforce.com/img/userprofile/default_profile_200.png?fromEmail=1, largePhotoUrl=https://bfffollow-dev-ed--c.na3.content.force.com/profilephoto/005/F, photoVersionId=null, smallPhotoUrl=https://bfffollow-dev-ed--c.na3.content.force.com/profilephoto/005/T, standardEmailPhotoUrl=https://bfffollow-dev-ed.my.salesforce.com/img/userprofile/default_profile_45.png?fromEmail=1, url=/services/data/v34.0/chatter/users/00550000005cg71AAA/photo], reputation=null, title=null, type=User, url=/services/data/v34.0/chatter/users/00550000005cg71AAA, userType=Internal], body=ConnectApi.FeedBody[buildVersion=34.0, messageSegments=(), text=null], canShare=false, capabilities=ConnectApi.FeedElementCapabilities[buildVersion=34.0, approval=null, associatedActions=ConnectApi.AssociatedActionsCapability[buildVersion=34.0, platformActionGroups=()], banner=null, bookmarks=ConnectApi.BookmarksCapability[buildVersion=34.0, isBookmarkedByCurrentUser=false], bundle=null, canvas=null, caseComment=null, chatterLikes=ConnectApi.ChatterLikesCapability[buildVersion=34.0, isLikedByCurrentUser=false, likesMessage=null, myLike=null, page=ConnectApi.ChatterLikePage[buildVersion=34.0, currentPageToken=0, currentPageUrl=/services/data/v34.0/chatter/feed-elements/0D55000003LmBs8CAF/capabilities/chatter-likes/items, items=(), nextPageToken=null, nextPageUrl=null, previousPageToken=null, previousPageUrl=null, total=0]], comments=ConnectApi.CommentsCapability[buildVersion=34.0, page=ConnectApi.CommentPage[buildVersion=34.0, currentPageToken=null, currentPageUrl=/services/data/v34.0/chatter/feed-elements/0D55000003LmBs8CAF/capabilities/comments/items, items=(), nextPageToken=null, nextPageUrl=null, total=0]], content=null, dashboardComponentSnapshot=null, edit=null, emailMessage=null, enhancedLink=null, link=null, moderation=null, origin=null, poll=null, questionAndAnswers=null, recommendations=null, recordSnapshot=null, topics=ConnectApi.TopicsCapability[buildVersion=34.0, canAssignTopics=true, items=()], trackedChanges=null], clientInfo=null, createdDate=2016-07-21 00:33:42, event=false, feedElementType=FeedItem, header=ConnectApi.MessageBody[buildVersion=34.0, messageSegments=(ConnectApi.EntityLinkSegment[buildVersion=34.0, motif=ConnectApi.Motif[buildVersion=34.0, color=65CAE4, largeIconUrl=/img/icon/profile64.png, mediumIconUrl=/img/icon/profile32.png, smallIconUrl=/img/icon/profile16.png, svgIconUrl=null], reference=ConnectApi.Reference[buildVersion=34.0, id=00550000005cg71AAA, url=/services/data/v34.0/chatter/users/00550000005cg71AAA], text=Jaswinder Rattanpal, type=EntityLink], ConnectApi.TextSegment[buildVersion=34.0, text= created the public group , type=Text], ConnectApi.EntityLinkSegment[buildVersion=34.0, motif=ConnectApi.Motif[buildVersion=34.0, color=83B6FF, largeIconUrl=/img/icon/groups64.png, mediumIconUrl=/img/icon/groups32.png, smallIconUrl=/img/icon/groups16.png, svgIconUrl=null], reference=ConnectApi.Reference[buildVersion=34.0, id=0F950000000YJ5jCAG, url=/services/data/v34.0/chatter/groups/0F950000000YJ5jCAG], text=All BFFFollow, type=EntityLink], ConnectApi.TextSegment[buildVersion=34.0, text=., type=Text]), text=Jaswinder Rattanpal created the public group All BFFFollow.], id=0D55000003LmBs8CAF, isDeleteRestricted=true, modifiedDate=2016-07-21 00:33:42, originalFeedItem=null, originalFeedItemActor=null, parent=ConnectApi.UserSummary[buildVersion=34.0, additionalLabel=null, communityNickname=bfffollow1.4689653052892656E12, companyName=BFFFollow, displayName=Jaswinder Rattanpal, firstName=Jaswinder, id=00550000005cg71AAA, isActive=true, isInThisCommunity=true, lastName=Rattanpal, motif=ConnectApi.Motif[buildVersion=34.0, color=65CAE4, largeIconUrl=/img/icon/profile64.png, mediumIconUrl=/img/icon/profile32.png, smallIconUrl=/img/icon/profile16.png, svgIconUrl=null], mySubscription=null, name=Jaswinder Rattanpal, photo=ConnectApi.Photo[buildVersion=34.0, fullEmailPhotoUrl=https://bfffollow-dev-ed.my.salesforce.com/img/userprofile/default_profile_200.png?fromEmail=1, largePhotoUrl=https://bfffollow-dev-ed--c.na3.content.force.com/profilephoto/005/F, photoVersionId=null, smallPhotoUrl=https://bfffollow-dev-ed--c.na3.content.force.com/profilephoto/005/T, standardEmailPhotoUrl=https://bfffollow-dev-ed.my.salesforce.com/img/userprofile/default_profile_45.png?fromEmail=1, url=/services/data/v34.0/chatter/users/00550000005cg71AAA/photo], reputation=null, title=null, type=User, url=/services/data/v34.0/chatter/users/00550000005cg71AAA, userType=Internal], photoUrl=https://bfffollow-dev-ed--c.na3.content.force.com/profilephoto/005/T, relativeCreatedDate=22h ago, type=CollaborationGroupCreated, url=/services/data/v34.0/chatter/feed-elements/0D55000003LmBs8CAF, visibility=AllUsers]), isModifiedToken=null, isModifiedUrl=null, nextPageToken=null, nextPageUrl=null, updatesToken=null, updatesUrl=null]
22:36:49.0 (218478334)|STATEMENT_EXECUTE|[69]
22:36:49.0 (218505666)|METHOD_ENTRY|[69]||System.JSON.serialize(Object)
22:36:49.0 (257134348)|METHOD_EXIT|[69]||System.JSON.serialize(Object)
22:36:49.0 (257156475)|METHOD_EXIT|[15]|01p50000002D8iw|BFFFollow_Controller.fetchUserFeed(Id)
22:36:49.0 (257261010)|VARIABLE_ASSIGNMENT|[EXTERNAL]|this|{"debug":true,"input":"{\"mode\":\"fetchUserFe (34 more) ...","operation":"BFFFollow_Controller"}|0x6a32fca4
22:36:49.0 (257274870)|VARIABLE_ASSIGNMENT|[EXTERNAL]|value|"{\"currentPageToken\": (15407 more) ..."
22:36:49.0 (257289271)|VARIABLE_ASSIGNMENT|[12]|this.output|"{\"currentPageToken\": (15407 more) ..."|0x6a32fca4
22:36:49.0 (257298138)|STATEMENT_EXECUTE|[16]
22:36:49.0 (257369339)|VARIABLE_ASSIGNMENT|[EXTERNAL]|this|{"debug":true,"input":"{\"mode\":\"fetchUserFe (34 more) ...","operation":"BFFFollow_Controller","output":"{\"currentPageToken\": (15407 more) ..."}|0x6a32fca4
22:36:49.0 (257425637)|VARIABLE_ASSIGNMENT|[EXTERNAL]|this|{"debug":true,"input":"{\"mode\":\"fetchUserFe (34 more) ...","operation":"BFFFollow_Controller","output":"{\"currentPageToken\": (15407 more) ..."}|0x6a32fca4
22:36:49.0 (257436651)|VARIABLE_ASSIGNMENT|[EXTERNAL]|value|true
22:36:49.0 (257442444)|HEAP_ALLOCATE|[15]|Bytes:5
22:36:49.0 (257453085)|VARIABLE_ASSIGNMENT|[15]|this.outputFlag|true|0x6a32fca4
22:36:49.0 (257465600)|STATEMENT_EXECUTE|[19]
22:36:49.0 (257467178)|STATEMENT_EXECUTE|[19]
22:36:49.0 (257475616)|HEAP_ALLOCATE|[19]|Bytes:11
22:36:49.0 (257624654)|HEAP_ALLOCATE|[19]|Bytes:15625
22:36:49.0 (257655825)|HEAP_ALLOCATE|[19]|Bytes:15636
22:36:49.0 (257674868)|USER_DEBUG|[19]|DEBUG|data AFTER:ETLC_ApexBridge_Data:[debug=true, input={"mode":"fetchUserFeed","userId":"00550000005cg71AAA"}, isSuccess=null, messages=null, operation=BFFFollow_Controller, output={"currentPageToken":null,"currentPageUrl":"/services/data/v34.0/chatter/feeds/user-profile/00550000005cg71AAA/feed-elements","elements":[{"actor":{"additionalLabel":null,"communityNickname":"bfffollow1.4689653052892656E12","companyName":"BFFFollow","displayName":"Jaswinder Rattanpal","firstName":"Jaswinder","id":"00550000005cg71AAA","isActive":true,"isInThisCommunity":true,"lastName":"Rattanpal","motif":{"color":"65CAE4","largeIconUrl":"/img/icon/profile64.png","mediumIconUrl":"/img/icon/profile32.png","smallIconUrl":"/img/icon/profile16.png","svgIconUrl":null},"mySubscription":null,"name":"Jaswinder Rattanpal","photo":{"fullEmailPhotoUrl":"https://bfffollow-dev-ed.my.salesforce.com/img/userprofile/default_profile_200.png?fromEmail=1","largePhotoUrl":"https://bfffollow-dev-ed--c.na3.content.force.com/profilephoto/005/F","photoVersionId":null,"smallPhotoUrl":"https://bfffollow-dev-ed--c.na3.content.force.com/profilephoto/005/T","standardEmailPhotoUrl":"https://bfffollow-dev-ed.my.salesforce.com/img/userprofile/default_profile_45.png?fromEmail=1","url":"/services/data/v34.0/chatter/users/00550000005cg71AAA/photo"},"reputation":null,"title":null,"type":"User","url":"/services/data/v34.0/chatter/users/00550000005cg71AAA","userType":"Internal"},"body":{"messageSegments":[{"text":"","type":"MarkupBegin"},{"text":"Test 1","type":"Text"},{"text":"\n","type":"MarkupEnd"}],"text":"Test 1\n"},"canShare":true,"capabilities":{"associatedActions":{"platformActionGroups":[]},"bookmarks":{"isBookmarkedByCurrentUser":false},"chatterLikes":{"isLikedByCurrentUser":false,"likesMessage":{"messageSegments":[{"motif":{"color":"65CAE4","largeIconUrl":"/img/icon/profile64.png","mediumIconUrl":"/img/icon/profile32.png","smallIconUrl":"/img/icon/profile16.png","svgIconUrl":null},"reference":{"id":"00550000005d7KnAAI","url":"/services/data/v34.0/chatter/users/00550000005d7KnAAI"},"text":"Test User","type":"EntityLink"},{"text":" likes this.","type":"Text"}],"text":"Test User likes this."},"myLike":null,"page":{"currentPageToken":0,"currentPageUrl":"/services/data/v34.0/chatter/feed-elements/0D55000003LmBsDCAV/capabilities/chatter-likes/items","items":[{"id":"0I050000001eN0WCAU","likedItem":{"id":"0D55000003LmBsDCAV","url":"/services/data/v34.0/chatter/feed-elements/0D55000003LmBsDCAV"},"url":"/services/data/v34.0/chatter/likes/0I050000001eN0WCAU","user":{"additionalLabel":null,"communityNickname":"jrattanpal","companyName":null,"displayName":"Test User","firstName":"Test","id":"00550000005d7KnAAI","isActive":true,"isInThisCommunity":true,"lastName":"User","motif":{"color":"65CAE4","largeIconUrl":"/img/icon/profile64.png","mediumIconUrl":"/img/icon/profile32.png","smallIconUrl":"/img/icon/profile16.png","svgIconUrl":null},"mySubscription":{"id":"0E85000000Dvxc2CAB","url":"/services/data/v34.0/chatter/subscriptions/0E85000000Dvxc2CAB"},"name":"Test User","photo":{"fullEmailPhotoUrl":"https://bfffollow-dev-ed.my.salesforce.com/img/userprofile/default_profile_200.png?fromEmail=1","largePhotoUrl":"https://bfffollow-dev-ed--c.na3.content.force.com/profilephoto/005/F","photoVersionId":null,"smallPhotoUrl":"https://bfffollow-dev-ed--c.na3.content.force.com/profilephoto/005/T","standardEmailPhotoUrl":"https://bfffollow-dev-ed.my.salesforce.com/img/userprofile/default_profile_45.png?fromEmail=1","url":"/services/data/v34.0/chatter/users/00550000005d7KnAAI/photo"},"reputation":null,"title":null,"type":"User","url":"/services/data/v34.0/chatter/users/00550000005d7KnAAI","userType":"Internal"}}],"nextPageToken":null,"nextPageUrl":null,"previousPageToken":null,"previousPageUrl":null,"total":1}},"comments":{"page":{"currentPageToken":null,"currentPageUrl":"/services/data/v34.0/chatter/feed-elements/0D55000003LmBsDCAV/capabilities/comments/items","items":[{"body":{"messageSegments":[{"text":"Test","type":"Text"}],"text":"Test"},"capabilities":{},"clientInfo":null,"createdDate":"2016-07-21T14:45:26.000Z","feedElement":{"id":"0D55000003LmBsDCAV","url":"/services/data/v34.0/chatter/feed-elements/0D55000003LmBsDCAV"},"id":"0D750000002KRgUCAW","isDeleteRestricted":false,"likes":{"currentPageToken":null,"currentPageUrl":"/services/data/v34.0/chatter/comments/0D750000002KRgUCAW/likes","items":[],"nextPageToken":null,"nextPageUrl":null,"previousPageToken":null,"previousPageUrl":null,"total":0},"likesMessage":null,"moderationFlags":null,"myLike":null,"parent":{"id":"00550000005cg71AAA","url":"/services/data/v34.0/chatter/users/00550000005cg71AAA"},"relativeCreatedDate":"11h ago","type":"TextComment","url":"/services/data/v34.0/chatter/comments/0D750000002KRgUCAW","user":{"additionalLabel":null,"communityNickname":"jrattanpal","companyName":null,"displayName":"Test User","firstName":"Test","id":"00550000005d7KnAAI","isActive":true,"isInThisCommunity":true,"lastName":"User","motif":{"color":"65CAE4","largeIconUrl":"/img/icon/profile64.png","mediumIconUrl":"/img/icon/profile32.png","smallIconUrl":"/img/icon/profile16.png","svgIconUrl":null},"mySubscription":{"id":"0E85000000Dvxc2CAB","url":"/services/data/v34.0/chatter/subscriptions/0E85000000Dvxc2CAB"},"name":"Test User","photo":{"fullEmailPhotoUrl":"https://bfffollow-dev-ed.my.salesforce.com/img/userprofile/default_profile_200.png?fromEmail=1","largePhotoUrl":"https://bfffollow-dev-ed--c.na3.content.force.com/profilephoto/005/F","photoVersionId":null,"smallPhotoUrl":"https://bfffollow-dev-ed--c.na3.content.force.com/profilephoto/005/T","standardEmailPhotoUrl":"https://bfffollow-dev-ed.my.salesforce.com/img/userprofile/default_profile_45.png?fromEmail=1","url":"/services/data/v34.0/chatter/users/00550000005d7KnAAI/photo"},"reputation":null,"title":null,"type":"User","url":"/services/data/v34.0/chatter/users/00550000005d7KnAAI","userType":"Internal"}},{"body":{"messageSegments":[{"accessible":true,"name":"Test User","record":{"additionalLabel":null,"communityNickname":"jrattanpal","companyName":null,"displayName":"Test User","firstName":"Test","id":"00550000005d7KnAAI","isActive":true,"isInThisCommunity":true,"lastName":"User","motif":{"color":"65CAE4","largeIconUrl":"/img/icon/profile64.png","mediumIconUrl":"/img/icon/profile32.png","smallIconUrl":"/img/icon/profile16.png","svgIconUrl":null},"mySubscription":{"id":"0E85000000Dvxc2CAB","url":"/services/data/v34.0/chatter/subscriptions/0E85000000Dvxc2CAB"},"name":"Test User","photo":{"fullEmailPhotoUrl":"https://bfffollow-dev-ed.my.salesforce.com/img/userprofile/default_profile_200.png?fromEmail=1","largePhotoUrl":"https://bfffollow-dev-ed--c.na3.content.force.com/profilephoto/005/F","photoVersionId":null,"smallPhotoUrl":"https://bfffollow-dev-ed--c.na3.content.force.com/profilephoto/005/T","standardEmailPhotoUrl":"https://bfffollow-dev-ed.my.salesforce.com/img/userprofile/default_profile_45.png?fromEmail=1","url":"/services/data/v34.0/chatter/users/00550000005d7KnAAI/photo"},"reputation":null,"title":null,"type":"User","url":"/services/data/v34.0/chatter/users/00550000005d7KnAAI","userType":"Internal"},"text":"@Test User","type":"Mention"}],"text":"@Test User"},"capabilities":{},"clientInfo":null,"createdDate":"2016-07-21T14:45:59.000Z","feedElement":{"id":"0D55000003LmBsDCAV","url":"/services/data/v34.0/chatter/feed-elements/0D55000003LmBsDCAV"},"id":"0D750000002KRl0CAG","isDeleteRestricted":false,"likes":{"currentPageToken":null,"currentPageUrl":"/services/data/v34.0/chatter/comments/0D750000002KRl0CAG/likes","items":[],"nextPageToken":null,"nextPageUrl":null,"previousPageToken":null,"previousPageUrl":null,"total":0},"likesMessage":null,"moderationFlags":null,"myLike":null,"parent":{"id":"00550000005cg71AAA","url":"/services/data/v34.0/chatter/users/00550000005cg71AAA"},"relativeCreatedDate":"11h ago","type":"TextComment","url":"/services/data/v34.0/chatter/comments/0D750000002KRl0CAG","user":{"additionalLabel":null,"communityNickname":"bfffollow1.4689653052892656E12","companyName":"BFFFollow","displayName":"Jaswinder Rattanpal","firstName":"Jaswinder","id":"00550000005cg71AAA","isActive":true,"isInThisCommunity":true,"lastName":"Rattanpal","motif":{"color":"65CAE4","largeIconUrl":"/img/icon/profile64.png","mediumIconUrl":"/img/icon/profile32.png","smallIconUrl":"/img/icon/profile16.png","svgIconUrl":null},"mySubscription":null,"name":"Jaswinder Rattanpal","photo":{"fullEmailPhotoUrl":"https://bfffollow-dev-ed.my.salesforce.com/img/userprofile/default_profile_200.png?fromEmail=1","largePhotoUrl":"https://bfffollow-dev-ed--c.na3.content.force.com/profilephoto/005/F","photoVersionId":null,"smallPhotoUrl":"https://bfffollow-dev-ed--c.na3.content.force.com/profilephoto/005/T","standardEmailPhotoUrl":"https://bfffollow-dev-ed.my.salesforce.com/img/userprofile/default_profile_45.png?fromEmail=1","url":"/services/data/v34.0/chatter/users/00550000005cg71AAA/photo"},"reputation":null,"title":null,"type":"User","url":"/services/data/v34.0/chatter/users/00550000005cg71AAA","userType":"Internal"}}],"nextPageToken":null,"nextPageUrl":null,"total":2}},"topics":{"canAssignTopics":true,"items":[]}},"clientInfo":null,"createdDate":"2016-07-21T04:33:49.000Z","event":false,"feedElementType":"FeedItem","header":{"messageSegments":[{"motif":{"color":"65CAE4","largeIconUrl":"/img/icon/profile64.png","mediumIconUrl":"/img/icon/profile32.png","smallIconUrl":"/img/icon/profile16.png","svgIconUrl":null},"reference":{"id":"00550000005cg71AAA","url":"/services/data/v34.0/chatter/users/00550000005cg71AAA"},"text":"Jaswinder Rattanpal","type":"EntityLink"}],"text":"Jaswinder Rattanpal"},"id":"0D55000003LmBsDCAV","isDeleteRestricted":false,"modifiedDate":"2016-07-21T14:45:59.000Z","originalFeedItem":null,"originalFeedItemActor":null,"parent":{"additionalLabel":null,"communityNickname":"bfffollow1.4689653052892656E12","companyName":"BFFFollow","displayName":"Jaswinder Rattanpal","firstName":"Jaswinder","id":"00550000005cg71AAA","isActive":true,"isInThisCommunity":true,"lastName":"Rattanpal","motif":{"color":"65CAE4","largeIconUrl":"/img/icon/profile64.png","mediumIconUrl":"/img/icon/profile32.png","smallIconUrl":"/img/icon/profile16.png","svgIconUrl":null},"mySubscription":null,"name":"Jaswinder Rattanpal","photo":{"fullEmailPhotoUrl":"https://bfffollow-dev-ed.my.salesforce.com/img/userprofile/default_profile_200.png?fromEmail=1","largePhotoUrl":"https://bfffollow-dev-ed--c.na3.content.force.com/profilephoto/005/F","photoVersionId":null,"smallPhotoUrl":"https://bfffollow-dev-ed--c.na3.content.force.com/profilephoto/005/T","standardEmailPhotoUrl":"https://bfffollow-dev-ed.my.salesforce.com/img/userprofile/default_profile_45.png?fromEmail=1","url":"/services/data/v34.0/chatter/users/00550000005cg71AAA/photo"},"reputation":null,"title":null,"type":"User","url":"/services/data/v34.0/chatter/users/00550000005cg71AAA","userType":"Internal"},"photoUrl":"https://bfffollow-dev-ed--c.na3.content.force.com/profilephoto/005/T","relativeCreatedDate":"22h ago","type":"TextPost","url":"/services/data/v34.0/chatter/feed-elements/0D55000003LmBsDCAV","visibility":"AllUsers"},{"actor":{"additionalLabel":null,"communityNickname":"bfffollow1.4689653052892656E12","companyName":"BFFFollow","displayName":"Jaswinder Rattanpal","firstName":"Jaswinder","id":"00550000005cg71AAA","isActive":true,"isInThisCommunity":true,"lastName":"Rattanpal","motif":{"color":"65CAE4","largeIconUrl":"/img/icon/profile64.png","mediumIconUrl":"/img/icon/profile32.png","smallIconUrl":"/img/icon/profile16.png","svgIconUrl":null},"mySubscription":null,"name":"Jaswinder Rattanpal","photo":{"fullEmailPhotoUrl":"https://bfffollow-dev-ed.my.salesforce.com/img/userprofile/default_profile_200.png?fromEmail=1","largePhotoUrl":"https://bfffollow-dev-ed--c.na3.content.force.com/profilephoto/005/F","photoVersionId":null,"smallPhotoUrl":"https://bfffollow-dev-ed--c.na3.content.force.com/profilephoto/005/T","standardEmailPhotoUrl":"https://bfffollow-dev-ed.my.salesforce.com/img/userprofile/default_profile_45.png?fromEmail=1","url":"/services/data/v34.0/chatter/users/00550000005cg71AAA/photo"},"reputation":null,"title":null,"type":"User","url":"/services/data/v34.0/chatter/users/00550000005cg71AAA","userType":"Internal"},"body":{"messageSegments":[],"text":null},"canShare":false,"capabilities":{"associatedActions":{"platformActionGroups":[]},"bookmarks":{"isBookmarkedByCurrentUser":false},"chatterLikes":{"isLikedByCurrentUser":false,"likesMessage":null,"myLike":null,"page":{"currentPageToken":0,"currentPageUrl":"/services/data/v34.0/chatter/feed-elements/0D55000003LmBs8CAF/capabilities/chatter-likes/items","items":[],"nextPageToken":null,"nextPageUrl":null,"previousPageToken":null,"previousPageUrl":null,"total":0}},"comments":{"page":{"currentPageToken":null,"currentPageUrl":"/services/data/v34.0/chatter/feed-elements/0D55000003LmBs8CAF/capabilities/comments/items","items":[],"nextPageToken":null,"nextPageUrl":null,"total":0}},"topics":{"canAssignTopics":true,"items":[]}},"clientInfo":null,"createdDate":"2016-07-21T04:33:42.000Z","event":false,"feedElementType":"FeedItem","header":{"messageSegments":[{"motif":{"color":"65CAE4","largeIconUrl":"/img/icon/profile64.png","mediumIconUrl":"/img/icon/profile32.png","smallIconUrl":"/img/icon/profile16.png","svgIconUrl":null},"reference":{"id":"00550000005cg71AAA","url":"/services/data/v34.0/chatter/users/00550000005cg71AAA"},"text":"Jaswinder Rattanpal","type":"EntityLink"},{"text":" created the public group ","type":"Text"},{"motif":{"color":"83B6FF","largeIconUrl":"/img/icon/groups64.png","mediumIconUrl":"/img/icon/groups32.png","smallIconUrl":"/img/icon/groups16.png","svgIconUrl":null},"reference":{"id":"0F950000000YJ5jCAG","url":"/services/data/v34.0/chatter/groups/0F950000000YJ5jCAG"},"text":"All BFFFollow","type":"EntityLink"},{"text":".","type":"Text"}],"text":"Jaswinder Rattanpal created the public group All BFFFollow."},"id":"0D55000003LmBs8CAF","isDeleteRestricted":true,"modifiedDate":"2016-07-21T04:33:42.000Z","originalFeedItem":null,"originalFeedItemActor":null,"parent":{"additionalLabel":null,"communityNickname":"bfffollow1.4689653052892656E12","companyName":"BFFFollow","displayName":"Jaswinder Rattanpal","firstName":"Jaswinder","id":"00550000005cg71AAA","isActive":true,"isInThisCommunity":true,"lastName":"Rattanpal","motif":{"color":"65CAE4","largeIconUrl":"/img/icon/profile64.png","mediumIconUrl":"/img/icon/profile32.png","smallIconUrl":"/img/icon/profile16.png","svgIconUrl":null},"mySubscription":null,"name":"Jaswinder Rattanpal","photo":{"fullEmailPhotoUrl":"https://bfffollow-dev-ed.my.salesforce.com/img/userprofile/default_profile_200.png?fromEmail=1","largePhotoUrl":"https://bfffollow-dev-ed--c.na3.content.force.com/profilephoto/005/F","photoVersionId":null,"smallPhotoUrl":"https://bfffollow-dev-ed--c.na3.content.force.com/profilephoto/005/T","standardEmailPhotoUrl":"https://bfffollow-dev-ed.my.salesforce.com/img/userprofile/default_profile_45.png?fromEmail=1","url":"/services/data/v34.0/chatter/users/00550000005cg71AAA/photo"},"reputation":null,"title":null,"type":"User","url":"/services/data/v34.0/chatter/users/00550000005cg71AAA","userType":"Internal"},"photoUrl":"https://bfffollow-dev-ed--c.na3.content.force.com/profilephoto/005/T","relativeCreatedDate":"22h ago","type":"CollaborationGroupCreated","url":"/services/data/v34.0/chatter/feed-elements/0D55000003LmBs8CAF","visibility":"AllUsers"}],"isModifiedToken":null,"isModifiedUrl":null,"nextPageToken":null,"nextPageUrl":null,"updatesToken":null,"updatesUrl":null}, outputFlag=true, records=null]
22:36:49.0 (257761554)|METHOD_EXIT|[9]|01p50000002D8iw|BFFFollow_Controller.process(ETLC_ApexBridge_Data)
22:36:49.0 (257766529)|STATEMENT_EXECUTE|[24]
22:36:49.0 (257788699)|METHOD_ENTRY|[24]|01p50000002CIEo|ETLC_ApexBridge_Data.toJSON()
22:36:49.0 (257810944)|VARIABLE_SCOPE_BEGIN|[57]|this|ETLC_ApexBridge_Data|true|false
22:36:49.0 (257844722)|VARIABLE_ASSIGNMENT|[57]|this|{"debug":true,"input":"{\"mode\":\"fetchUserFe (34 more) ...","operation":"BFFFollow_Controller","output":"{\"currentPageToken\": (15407 more) ...","outputFlag":true}|0x6a32fca4
22:36:49.0 (257850639)|STATEMENT_EXECUTE|[57]
22:36:49.0 (257852010)|STATEMENT_EXECUTE|[58]
22:36:49.0 (257865085)|METHOD_ENTRY|[58]||System.JSON.serialize(Object)
22:36:49.0 (257951220)|STATEMENT_EXECUTE|[22]
22:36:49.0 (257955702)|STATEMENT_EXECUTE|[23]
22:36:49.0 (257964975)|HEAP_ALLOCATE|[23]|Bytes:5
22:36:49.0 (257974624)|VARIABLE_ASSIGNMENT|[23]|this.isSuccess|true|0x6a32fca4
22:36:49.0 (257977204)|STATEMENT_EXECUTE|[24]
22:36:49.0 (258025997)|STATEMENT_EXECUTE|[31]
22:36:49.0 (258031153)|STATEMENT_EXECUTE|[32]
22:36:49.0 (258039490)|HEAP_ALLOCATE|[32]|Bytes:4
22:36:49.0 (258112190)|VARIABLE_ASSIGNMENT|[32]|this.messages|{"s":1,"v":{}}|0x6a32fca4
22:36:49.0 (258116316)|STATEMENT_EXECUTE|[33]
22:36:49.0 (258637024)|METHOD_EXIT|[58]||System.JSON.serialize(Object)
22:36:49.0 (258643643)|METHOD_EXIT|[24]|01p50000002CIEo|ETLC_ApexBridge_Data.toJSON()
22:36:49.0 (258656997)|SYSTEM_MODE_EXIT|false
22:36:49.258 (258701262)|CUMULATIVE_LIMIT_USAGE
22:36:49.258 (258701262)|LIMIT_USAGE_FOR_NS|(default)|
  Number of SOQL queries: 0 out of 100
  Number of query rows: 0 out of 50000
  Number of SOSL queries: 0 out of 20
  Number of DML statements: 0 out of 150
  Number of DML rows: 0 out of 10000
  Maximum CPU time: 0 out of 10000
  Maximum heap size: 0 out of 6000000
  Number of callouts: 0 out of 100
  Number of Email Invocations: 0 out of 10
  Number of future calls: 0 out of 50
  Number of queueable jobs added to the queue: 0 out of 50
  Number of Mobile Apex push calls: 0 out of 10

22:36:49.258 (258701262)|CUMULATIVE_LIMIT_USAGE_END

22:36:49.0 (258751821)|CODE_UNIT_FINISHED|ETLC_ApexBridge_Controller.execute
