34.0 APEX_CODE,FINEST;APEX_PROFILING,INFO;CALLOUT,INFO;DB,INFO;SYSTEM,DEBUG;VALIDATION,INFO;VISUALFORCE,INFO;WORKFLOW,INFO
13:31:00.0 (621161)|USER_INFO|[EXTERNAL]|00550000005cg71|bfffollow@jr.te|Eastern Standard Time|GMT-04:00
13:31:00.0 (723155)|EXECUTION_STARTED
13:31:00.0 (729956)|CODE_UNIT_STARTED|[EXTERNAL]|01p50000002DHPJ|BFFFollow_Controller_Test.BFFFollow_Controller_Test
13:31:00.0 (1793182)|HEAP_ALLOCATE|[72]|Bytes:3
13:31:00.0 (1854014)|HEAP_ALLOCATE|[77]|Bytes:152
13:31:00.0 (1876510)|HEAP_ALLOCATE|[342]|Bytes:408
13:31:00.0 (1909831)|HEAP_ALLOCATE|[355]|Bytes:408
13:31:00.0 (1943071)|HEAP_ALLOCATE|[467]|Bytes:48
13:31:00.0 (2039167)|HEAP_ALLOCATE|[139]|Bytes:6
13:31:00.0 (2071779)|HEAP_ALLOCATE|[EXTERNAL]|Bytes:25
13:31:00.0 (2155938)|METHOD_ENTRY|[2]|01p50000002DHPJ|BFFFollow_Controller_Test.BFFFollow_Controller_Test()
13:31:00.0 (2164269)|STATEMENT_EXECUTE|[2]
13:31:00.0 (2174975)|STATEMENT_EXECUTE|[2]
13:31:00.0 (2217625)|HEAP_ALLOCATE|[50]|Bytes:5
13:31:00.0 (2243172)|HEAP_ALLOCATE|[56]|Bytes:5
13:31:00.0 (2279998)|HEAP_ALLOCATE|[64]|Bytes:7
13:31:00.0 (2740447)|SYSTEM_MODE_ENTER|false
13:31:00.0 (2954784)|HEAP_ALLOCATE|[EXTERNAL]|Bytes:5
13:31:00.0 (2968103)|SYSTEM_MODE_EXIT|false
13:31:00.0 (3028328)|METHOD_EXIT|[2]|BFFFollow_Controller_Test
13:31:00.0 (3100067)|SYSTEM_MODE_ENTER|false
13:31:00.0 (3121639)|HEAP_ALLOCATE|[5]|Bytes:5
13:31:00.0 (3128581)|STATEMENT_EXECUTE|[4]
13:31:00.0 (3131429)|STATEMENT_EXECUTE|[5]
13:31:00.0 (3147806)|HEAP_ALLOCATE|[5]|Bytes:27
13:31:00.0 (3160276)|HEAP_ALLOCATE|[5]|Bytes:4
13:31:00.0 (3384857)|SOQL_EXECUTE_BEGIN|[5]|Aggregations:0|SELECT id FROM user LIMIT 1
13:31:00.0 (6544589)|SOQL_EXECUTE_END|[5]|Rows:1
13:31:00.0 (6585897)|HEAP_ALLOCATE|[5]|Bytes:8
13:31:00.0 (6607720)|HEAP_ALLOCATE|[5]|Bytes:33
13:31:00.0 (6754188)|HEAP_ALLOCATE|[5]|Bytes:8
13:31:00.0 (6777801)|HEAP_ALLOCATE|[5]|Bytes:30
13:31:00.0 (6882635)|HEAP_ALLOCATE|[5]|Bytes:8
13:31:00.0 (6904666)|VARIABLE_SCOPE_BEGIN|[5]|u|User|true|false
13:31:00.0 (7183167)|VARIABLE_ASSIGNMENT|[5]|u|{"s":1,"v":{"Id":"00550000005cg71AAA"}}|0x16488c15
13:31:00.0 (7196456)|STATEMENT_EXECUTE|[7]
13:31:00.0 (7210787)|HEAP_ALLOCATE|[7]|Bytes:105
13:31:00.0 (7221162)|VARIABLE_SCOPE_BEGIN|[7]|data|String|false|false
13:31:00.0 (7247924)|VARIABLE_ASSIGNMENT|[7]|data|"{\"followedById\":\"005 (85 more) ..."
13:31:00.0 (7252963)|STATEMENT_EXECUTE|[8]
13:31:00.0 (9180416)|HEAP_ALLOCATE|[8]|Bytes:11
13:31:00.0 (9195330)|HEAP_ALLOCATE|[8]|Bytes:248
13:31:00.0 (9201740)|HEAP_ALLOCATE|[8]|Bytes:39
13:31:00.0 (9246195)|METHOD_ENTRY|[2]|01p50000002CIEo|ETLC_ApexBridge_Data.ETLC_ApexBridge_Data()
13:31:00.0 (9252948)|STATEMENT_EXECUTE|[2]
13:31:00.0 (9264426)|STATEMENT_EXECUTE|[2]
13:31:00.0 (9279827)|METHOD_EXIT|[2]|ETLC_ApexBridge_Data
13:31:00.0 (10276659)|HEAP_ALLOCATE|[8]|Bytes:36
13:31:00.0 (10309069)|CONSTRUCTOR_ENTRY|[8]|01p50000002CIEo|<init>()
13:31:00.0 (10369720)|VARIABLE_SCOPE_BEGIN|[2]|this|ETLC_ApexBridge_Data|true|false
13:31:00.0 (10503251)|VARIABLE_ASSIGNMENT|[2]|this|{}|0x3e75f859
13:31:00.0 (10521666)|HEAP_ALLOCATE|[EXTERNAL]|Bytes:6
13:31:00.0 (10569371)|STATEMENT_EXECUTE|[2]
13:31:00.0 (10573461)|STATEMENT_EXECUTE|[6]
13:31:00.0 (10586725)|STATEMENT_EXECUTE|[9]
13:31:00.0 (10592077)|STATEMENT_EXECUTE|[12]
13:31:00.0 (10597268)|STATEMENT_EXECUTE|[15]
13:31:00.0 (10601791)|STATEMENT_EXECUTE|[18]
13:31:00.0 (10606074)|STATEMENT_EXECUTE|[21]
13:31:00.0 (10610361)|STATEMENT_EXECUTE|[30]
13:31:00.0 (10614657)|STATEMENT_EXECUTE|[39]
13:31:00.0 (10629654)|CONSTRUCTOR_EXIT|[8]|01p50000002CIEo|<init>()
13:31:00.0 (10636199)|VARIABLE_SCOPE_BEGIN|[8]|d1|ETLC_ApexBridge_Data|true|false
13:31:00.0 (10672603)|VARIABLE_ASSIGNMENT|[8]|d1|{}|0x3e75f859
13:31:00.0 (10678307)|STATEMENT_EXECUTE|[9]
13:31:00.0 (10703470)|HEAP_ALLOCATE|[9]|Bytes:20
13:31:00.0 (10834267)|VARIABLE_ASSIGNMENT|[EXTERNAL]|this|{}|0x3e75f859
13:31:00.0 (10859302)|VARIABLE_ASSIGNMENT|[EXTERNAL]|value|"BFFFollow_Controller"
13:31:00.0 (10918753)|VARIABLE_ASSIGNMENT|[6]|this.operation|"BFFFollow_Controller"|0x3e75f859
13:31:00.0 (10935468)|STATEMENT_EXECUTE|[10]
13:31:00.0 (11037747)|VARIABLE_ASSIGNMENT|[EXTERNAL]|this|{"operation":"BFFFollow_Controller"}|0x3e75f859
13:31:00.0 (11059781)|VARIABLE_ASSIGNMENT|[EXTERNAL]|value|"{\"followedById\":\"005 (85 more) ..."
13:31:00.0 (11079235)|VARIABLE_ASSIGNMENT|[9]|this.input|"{\"followedById\":\"005 (85 more) ..."|0x3e75f859
13:31:00.0 (11091733)|STATEMENT_EXECUTE|[11]
13:31:00.0 (11199884)|VARIABLE_ASSIGNMENT|[EXTERNAL]|this|{"input":"{\"followedById\":\"005 (85 more) ...","operation":"BFFFollow_Controller"}|0x3e75f859
13:31:00.0 (11220392)|VARIABLE_ASSIGNMENT|[EXTERNAL]|value|true
13:31:00.0 (11230507)|HEAP_ALLOCATE|[18]|Bytes:5
13:31:00.0 (11245088)|VARIABLE_ASSIGNMENT|[18]|this.debug|true|0x3e75f859
13:31:00.0 (11261602)|STATEMENT_EXECUTE|[13]
13:31:00.0 (11311874)|METHOD_ENTRY|[13]|01p50000002CIEo|ETLC_ApexBridge_Data.toJSON()
13:31:00.0 (11343924)|VARIABLE_SCOPE_BEGIN|[57]|this|ETLC_ApexBridge_Data|true|false
13:31:00.0 (11388699)|VARIABLE_ASSIGNMENT|[57]|this|{"debug":true,"input":"{\"followedById\":\"005 (85 more) ...","operation":"BFFFollow_Controller"}|0x3e75f859
13:31:00.0 (11412733)|STATEMENT_EXECUTE|[57]
13:31:00.0 (11415295)|STATEMENT_EXECUTE|[58]
13:31:00.0 (11493652)|HEAP_ALLOCATE|[58]|Bytes:24
13:31:00.0 (11521518)|SYSTEM_METHOD_ENTRY|[1]|JSON.JSON()
13:31:00.0 (11527550)|STATEMENT_EXECUTE|[1]
13:31:00.0 (11544641)|SYSTEM_METHOD_EXIT|[1]|JSON
13:31:00.0 (11562897)|METHOD_ENTRY|[58]||System.JSON.serialize(Object)
13:31:00.0 (11795320)|STATEMENT_EXECUTE|[22]
13:31:00.0 (11803095)|STATEMENT_EXECUTE|[23]
13:31:00.0 (11818454)|HEAP_ALLOCATE|[23]|Bytes:5
13:31:00.0 (11834453)|VARIABLE_ASSIGNMENT|[23]|this.isSuccess|true|0x3e75f859
13:31:00.0 (11839069)|STATEMENT_EXECUTE|[24]
13:31:00.0 (11942157)|STATEMENT_EXECUTE|[31]
13:31:00.0 (11950011)|STATEMENT_EXECUTE|[32]
13:31:00.0 (11964877)|HEAP_ALLOCATE|[32]|Bytes:4
13:31:00.0 (12072073)|VARIABLE_ASSIGNMENT|[32]|this.messages|{"s":1,"v":{}}|0x3e75f859
13:31:00.0 (12079848)|STATEMENT_EXECUTE|[33]
13:31:00.0 (12701368)|METHOD_EXIT|[58]||System.JSON.serialize(Object)
13:31:00.0 (12712676)|METHOD_EXIT|[13]|01p50000002CIEo|ETLC_ApexBridge_Data.toJSON()
13:31:00.0 (19294258)|HEAP_ALLOCATE|[13]|Bytes:1
13:31:00.0 (19315898)|HEAP_ALLOCATE|[13]|Bytes:8
13:31:00.0 (19414335)|METHOD_ENTRY|[1]|01p50000002CIEm|ETLC_ApexBridge_Controller.ETLC_ApexBridge_Controller()
13:31:00.0 (19424263)|STATEMENT_EXECUTE|[1]
13:31:00.0 (19436811)|STATEMENT_EXECUTE|[1]
13:31:00.0 (19455021)|METHOD_EXIT|[1]|ETLC_ApexBridge_Controller
13:31:00.0 (19514573)|METHOD_ENTRY|[13]|01p50000002CIEm|ETLC_ApexBridge_Controller.execute(String)
13:31:00.0 (19565205)|VARIABLE_SCOPE_BEGIN|[3]|dataJson|String|false|false
13:31:00.0 (19601561)|VARIABLE_ASSIGNMENT|[3]|dataJson|"{\"records\":null,\"out (241 more) ..."
13:31:00.0 (19626990)|STATEMENT_EXECUTE|[3]
13:31:00.0 (19630078)|STATEMENT_EXECUTE|[4]
13:31:00.0 (19647923)|VARIABLE_SCOPE_BEGIN|[4]|data|ETLC_ApexBridge_Data|true|false
13:31:00.0 (19661689)|VARIABLE_ASSIGNMENT|[4]|data|null|
13:31:00.0 (19665930)|STATEMENT_EXECUTE|[5]
13:31:00.0 (19668305)|STATEMENT_EXECUTE|[5]
13:31:00.0 (19675039)|STATEMENT_EXECUTE|[6]
13:31:00.0 (19706186)|METHOD_ENTRY|[6]|01p50000002CIEo|ETLC_ApexBridge_Data.fromJSON(String)
13:31:00.0 (19776111)|VARIABLE_SCOPE_BEGIN|[60]|strJson|String|false|false
13:31:00.0 (19795407)|VARIABLE_ASSIGNMENT|[60]|strJson|"{\"records\":null,\"out (241 more) ..."
13:31:00.0 (19809754)|STATEMENT_EXECUTE|[60]
13:31:00.0 (19812208)|STATEMENT_EXECUTE|[61]
13:31:00.0 (19824632)|HEAP_ALLOCATE|[61]|Bytes:20
13:31:00.0 (19981949)|HEAP_ALLOCATE|[61]|Bytes:24
13:31:00.0 (20007887)|SYSTEM_METHOD_ENTRY|[1]|Type.Type()
13:31:00.0 (20014450)|STATEMENT_EXECUTE|[1]
13:31:00.0 (20090048)|SYSTEM_METHOD_EXIT|[1]|Type
13:31:00.0 (20101862)|HEAP_ALLOCATE|[61]|Bytes:8
13:31:00.0 (20223788)|HEAP_ALLOCATE|[61]|Bytes:8
13:31:00.0 (20237665)|VARIABLE_SCOPE_BEGIN|[4]|this|System.Type|true|false
13:31:00.0 (20330329)|VARIABLE_ASSIGNMENT|[4]|this|{}|0x53843fa6
13:31:00.0 (20338495)|VARIABLE_SCOPE_BEGIN|[4]|apextype|java:common.apex.runtime.ApexObjectType|true|false
13:31:00.0 (21622043)|VARIABLE_ASSIGNMENT|[4]|apextype|"ETLC_ApexBridge_Data"|0x315096e7
13:31:00.0 (21712604)|HEAP_ALLOCATE|[61]|Bytes:8
13:31:00.0 (21748643)|METHOD_ENTRY|[61]||System.JSON.deserializeStrict(String, System.Type)
13:31:00.0 (30657305)|METHOD_EXIT|[61]||System.JSON.deserializeStrict(String, System.Type)
13:31:00.0 (30691618)|METHOD_EXIT|[6]|01p50000002CIEo|ETLC_ApexBridge_Data.fromJSON(String)
13:31:00.0 (30793984)|VARIABLE_ASSIGNMENT|[6]|data|{"debug":true,"input":"{\"followedById\":\"005 (85 more) ...","isSuccess":true,"messages":"0x4d700bd","operation":"BFFFollow_Controller"}|0x76dc668e
13:31:00.0 (30803858)|STATEMENT_EXECUTE|[7]
13:31:00.0 (30950572)|VARIABLE_ASSIGNMENT|[EXTERNAL]|this|{"debug":true,"input":"{\"followedById\":\"005 (85 more) ...","isSuccess":true,"messages":"0x4d700bd","operation":"BFFFollow_Controller"}|0x76dc668e
13:31:00.0 (30992127)|METHOD_ENTRY|[7]||System.Type.forName(String)
13:31:00.0 (133283544)|METHOD_EXIT|[7]||System.Type.forName(String)
13:31:00.0 (133317615)|METHOD_ENTRY|[7]||System.Type.newInstance()
13:31:00.0 (135112342)|STATEMENT_EXECUTE|[1]
13:31:00.0 (135126223)|HEAP_ALLOCATE|[33]|Bytes:5
13:31:00.0 (135153734)|METHOD_EXIT|[1]|BFFFollow_Controller
13:31:00.0 (135178989)|HEAP_ALLOCATE|[33]|Bytes:4
13:31:00.0 (135195799)|VARIABLE_SCOPE_BEGIN|[1]|this|BFFFollow_Controller|true|false
13:31:00.0 (135234846)|VARIABLE_ASSIGNMENT|[1]|this|{}|0x6a23a506
13:31:00.0 (135245104)|HEAP_ALLOCATE|[33]|Bytes:5
13:31:00.0 (135257853)|HEAP_ALLOCATE|[33]|Bytes:11
13:31:00.0 (135304371)|METHOD_ENTRY|[1]|01p50000002CIEj|ETLC_ApexBridge_Abstract.ETLC_ApexBridge_Abstract()
13:31:00.0 (135308327)|STATEMENT_EXECUTE|[1]
13:31:00.0 (135314084)|STATEMENT_EXECUTE|[1]
13:31:00.0 (135320580)|METHOD_EXIT|[1]|ETLC_ApexBridge_Abstract
13:31:00.0 (135332174)|CONSTRUCTOR_ENTRY|[EXTERNAL]|01p50000002CIEj|<init>()
13:31:00.0 (135361524)|VARIABLE_SCOPE_BEGIN|[1]|this|ETLC_ApexBridge_Abstract|true|false
13:31:00.0 (135388516)|VARIABLE_ASSIGNMENT|[1]|this|{}|0x6a23a506
13:31:00.0 (135417563)|STATEMENT_EXECUTE|[1]
13:31:00.0 (135426639)|CONSTRUCTOR_EXIT|[EXTERNAL]|01p50000002CIEj|<init>()
13:31:00.0 (135435765)|STATEMENT_EXECUTE|[1]
13:31:00.0 (135443166)|HEAP_ALLOCATE|[33]|Bytes:5
13:31:00.0 (135477826)|METHOD_EXIT|[7]||System.Type.newInstance()
13:31:00.0 (135491699)|VARIABLE_SCOPE_BEGIN|[7]|executor|ETLC_ApexBridge_Abstract|true|false
13:31:00.0 (135514946)|VARIABLE_ASSIGNMENT|[7]|executor|{}|0x6a23a506
13:31:00.0 (135518887)|STATEMENT_EXECUTE|[8]
13:31:00.0 (135569363)|METHOD_ENTRY|[8]|01p50000002D8iw|BFFFollow_Controller.process(ETLC_ApexBridge_Data)
13:31:00.0 (135603121)|VARIABLE_SCOPE_BEGIN|[2]|this|BFFFollow_Controller|true|false
13:31:00.0 (135625026)|VARIABLE_ASSIGNMENT|[2]|this|{}|0x6a23a506
13:31:00.0 (135633844)|VARIABLE_SCOPE_BEGIN|[2]|data|ETLC_ApexBridge_Data|true|false
13:31:00.0 (135702377)|VARIABLE_ASSIGNMENT|[2]|data|{"debug":true,"input":"{\"followedById\":\"005 (85 more) ...","isSuccess":true,"messages":"0x4d700bd","operation":"BFFFollow_Controller"}|0x76dc668e
13:31:00.0 (135731983)|HEAP_ALLOCATE|[3]|Bytes:5
13:31:00.0 (135739576)|STATEMENT_EXECUTE|[2]
13:31:00.0 (135859927)|VARIABLE_ASSIGNMENT|[EXTERNAL]|this|{"debug":true,"input":"{\"followedById\":\"005 (85 more) ...","isSuccess":true,"messages":"0x4d700bd","operation":"BFFFollow_Controller"}|0x76dc668e
13:31:00.0 (135881585)|STATEMENT_EXECUTE|[3]
13:31:00.0 (135945177)|USER_DEBUG|[3]|DEBUG|ETLC_ApexBridge_Data:[debug=true, input={"followedById":"00550000005cg71AAA","followedUsers":[{"005":{"name":"user 1"},"006":{"name":"User 2"}}]}, isSuccess=true, messages={}, operation=BFFFollow_Controller, output=null, outputFlag=null, records=null]
13:31:00.0 (135954644)|STATEMENT_EXECUTE|[5]
13:31:00.0 (135966191)|HEAP_ALLOCATE|[5]|Bytes:4
13:31:00.0 (135987267)|METHOD_ENTRY|[5]|01p50000002CIEo|ETLC_ApexBridge_Data.getInputValue(String)
13:31:00.0 (136014478)|VARIABLE_SCOPE_BEGIN|[52]|this|ETLC_ApexBridge_Data|true|false
13:31:00.0 (136049635)|VARIABLE_ASSIGNMENT|[52]|this|{"debug":true,"input":"{\"followedById\":\"005 (85 more) ...","isSuccess":true,"messages":"0x4d700bd","operation":"BFFFollow_Controller"}|0x76dc668e
13:31:00.0 (136057125)|VARIABLE_SCOPE_BEGIN|[52]|key|String|false|false
13:31:00.0 (136061258)|VARIABLE_ASSIGNMENT|[52]|key|"mode"
13:31:00.0 (136070368)|STATEMENT_EXECUTE|[52]
13:31:00.0 (136071955)|STATEMENT_EXECUTE|[53]
13:31:00.0 (136159748)|VARIABLE_ASSIGNMENT|[EXTERNAL]|this|{"debug":true,"input":"{\"followedById\":\"005 (85 more) ...","isSuccess":true,"messages":"0x4d700bd","operation":"BFFFollow_Controller"}|0x76dc668e
13:31:00.0 (136200986)|METHOD_ENTRY|[53]||System.JSON.deserializeUntyped(String)
13:31:00.0 (136977479)|METHOD_EXIT|[53]||System.JSON.deserializeUntyped(String)
13:31:00.0 (136987869)|VARIABLE_SCOPE_BEGIN|[53]|inputMap|Map<String,ANY>|true|false
13:31:00.0 (137027441)|HEAP_ALLOCATE|[EXTERNAL]|Bytes:8
13:31:00.0 (137077359)|VARIABLE_ASSIGNMENT|[53]|inputMap|{"s":1,"v":{"followedById":"00550000005cg71AAA","followedUsers":{"s":2,"v":[{"s":3,"v":{"005":{"s":4,"v":{"name":"user 1"}},"006":{"s":5,"v":{"name":"User 2"}}}}]}}}|0x2761a35d
13:31:00.0 (137085585)|STATEMENT_EXECUTE|[54]
13:31:00.0 (137146249)|METHOD_EXIT|[5]|01p50000002CIEo|ETLC_ApexBridge_Data.getInputValue(String)
13:31:00.0 (137154958)|VARIABLE_SCOPE_BEGIN|[5]|mode|String|false|false
13:31:00.0 (137166060)|VARIABLE_ASSIGNMENT|[5]|mode|null
13:31:00.0 (137172723)|STATEMENT_EXECUTE|[6]
13:31:00.0 (137192298)|METHOD_EXIT|[8]|01p50000002D8iw|BFFFollow_Controller.process(ETLC_ApexBridge_Data)
13:31:00.0 (137198562)|STATEMENT_EXECUTE|[23]
13:31:00.0 (137219606)|METHOD_ENTRY|[23]|01p50000002CIEo|ETLC_ApexBridge_Data.toJSON()
13:31:00.0 (137237175)|VARIABLE_SCOPE_BEGIN|[57]|this|ETLC_ApexBridge_Data|true|false
13:31:00.0 (137274378)|VARIABLE_ASSIGNMENT|[57]|this|{"debug":true,"input":"{\"followedById\":\"005 (85 more) ...","isSuccess":true,"messages":"0x4d700bd","operation":"BFFFollow_Controller"}|0x76dc668e
13:31:00.0 (137290075)|STATEMENT_EXECUTE|[57]
13:31:00.0 (137291627)|STATEMENT_EXECUTE|[58]
13:31:00.0 (137302775)|METHOD_ENTRY|[58]||System.JSON.serialize(Object)
13:31:00.0 (137386970)|STATEMENT_EXECUTE|[22]
13:31:00.0 (137393485)|STATEMENT_EXECUTE|[23]
13:31:00.0 (137402201)|STATEMENT_EXECUTE|[24]
13:31:00.0 (137451504)|STATEMENT_EXECUTE|[31]
13:31:00.0 (137456985)|STATEMENT_EXECUTE|[32]
13:31:00.0 (137465167)|STATEMENT_EXECUTE|[33]
13:31:00.0 (137822429)|METHOD_EXIT|[58]||System.JSON.serialize(Object)
13:31:00.0 (137832531)|METHOD_EXIT|[23]|01p50000002CIEo|ETLC_ApexBridge_Data.toJSON()
13:31:00.0 (137840212)|METHOD_EXIT|[13]|01p50000002CIEm|ETLC_ApexBridge_Controller.execute(String)
13:31:00.0 (137848197)|VARIABLE_SCOPE_BEGIN|[13]|strD2|String|false|false
13:31:00.0 (137860107)|VARIABLE_ASSIGNMENT|[13]|strD2|"{\"records\":null,\"out (241 more) ..."
13:31:00.0 (137866695)|STATEMENT_EXECUTE|[14]
13:31:00.0 (137923462)|USER_DEBUG|[14]|DEBUG|{"records":null,"outputFlag":null,"output":null,"operation":"BFFFollow_Controller","messages":{},"isSuccess":true,"input":"{\"followedById\":\"00550000005cg71AAA\",\"followedUsers\":[{\"005\":{\"name\":\"user 1\"},\"006\":{\"name\":\"User 2\"}}]}","debug":true}
13:31:00.0 (137933235)|STATEMENT_EXECUTE|[15]
13:31:00.0 (137944439)|METHOD_ENTRY|[15]|01p50000002CIEo|ETLC_ApexBridge_Data.fromJSON(String)
13:31:00.0 (137958131)|VARIABLE_SCOPE_BEGIN|[60]|strJson|String|false|false
13:31:00.0 (137967354)|VARIABLE_ASSIGNMENT|[60]|strJson|"{\"records\":null,\"out (241 more) ..."
13:31:00.0 (137976707)|STATEMENT_EXECUTE|[60]
13:31:00.0 (137979231)|STATEMENT_EXECUTE|[61]
13:31:00.0 (138043937)|HEAP_ALLOCATE|[61]|Bytes:8
13:31:00.0 (138058220)|HEAP_ALLOCATE|[61]|Bytes:8
13:31:00.0 (138065684)|VARIABLE_SCOPE_BEGIN|[4]|this|System.Type|true|false
13:31:00.0 (138089649)|VARIABLE_ASSIGNMENT|[4]|this|{}|0x5aa3623a
13:31:00.0 (138093434)|VARIABLE_SCOPE_BEGIN|[4]|apextype|java:common.apex.runtime.ApexObjectType|true|false
13:31:00.0 (138220726)|VARIABLE_ASSIGNMENT|[4]|apextype|"ETLC_ApexBridge_Data"|0x315096e7
13:31:00.0 (138257973)|HEAP_ALLOCATE|[61]|Bytes:8
13:31:00.0 (138270568)|METHOD_ENTRY|[61]||System.JSON.deserializeStrict(String, System.Type)
13:31:00.0 (138718185)|METHOD_EXIT|[61]||System.JSON.deserializeStrict(String, System.Type)
13:31:00.0 (138733680)|METHOD_EXIT|[15]|01p50000002CIEo|ETLC_ApexBridge_Data.fromJSON(String)
13:31:00.0 (138740857)|VARIABLE_SCOPE_BEGIN|[15]|d2|ETLC_ApexBridge_Data|true|false
13:31:00.0 (138793602)|VARIABLE_ASSIGNMENT|[15]|d2|{"debug":true,"input":"{\"followedById\":\"005 (85 more) ...","isSuccess":true,"messages":"0x4751280a","operation":"BFFFollow_Controller"}|0x1024d166
13:31:00.0 (138800804)|STATEMENT_EXECUTE|[16]
13:31:00.0 (138882911)|USER_DEBUG|[16]|DEBUG|ETLC_ApexBridge_Data:[debug=true, input={"followedById":"00550000005cg71AAA","followedUsers":[{"005":{"name":"user 1"},"006":{"name":"User 2"}}]}, isSuccess=true, messages={}, operation=BFFFollow_Controller, output=null, outputFlag=null, records=null]
13:31:00.0 (138898462)|SYSTEM_MODE_EXIT|false
13:31:00.138 (138931293)|CUMULATIVE_LIMIT_USAGE
13:31:00.138 (138931293)|LIMIT_USAGE_FOR_NS|(default)|
  Number of SOQL queries: 1 out of 100
  Number of query rows: 1 out of 50000
  Number of SOSL queries: 0 out of 20
  Number of DML statements: 0 out of 150
  Number of DML rows: 0 out of 10000
  Maximum CPU time: 0 out of 10000
  Maximum heap size: 0 out of 6000000
  Number of callouts: 0 out of 100
  Number of Email Invocations: 0 out of 10
  Number of future calls: 0 out of 50
  Number of queueable jobs added to the queue: 0 out of 50
  Number of Mobile Apex push calls: 0 out of 10

13:31:00.138 (138931293)|CUMULATIVE_LIMIT_USAGE_END

13:31:00.0 (138985520)|CODE_UNIT_FINISHED|BFFFollow_Controller_Test.BFFFollow_Controller_Test
13:31:00.0 (140904679)|EXECUTION_FINISHED
