37.0 APEX_CODE,FINEST;APEX_PROFILING,INFO;CALLOUT,INFO;DB,INFO;SYSTEM,DEBUG;VALIDATION,INFO;VISUALFORCE,INFO;WORKFLOW,INFO
10:43:41.0 (426976)|USER_INFO|[EXTERNAL]|00550000005cg71|bfffollow@jr.te|Eastern Standard Time|GMT-04:00
10:43:41.0 (470446)|EXECUTION_STARTED
10:43:41.0 (477150)|CODE_UNIT_STARTED|[EXTERNAL]|aura
10:43:41.0 (887436)|HEAP_ALLOCATE|[72]|Bytes:3
10:43:41.0 (929381)|HEAP_ALLOCATE|[77]|Bytes:152
10:43:41.0 (954943)|HEAP_ALLOCATE|[342]|Bytes:408
10:43:41.0 (976229)|HEAP_ALLOCATE|[355]|Bytes:408
10:43:41.0 (991906)|HEAP_ALLOCATE|[467]|Bytes:48
10:43:41.0 (1022172)|HEAP_ALLOCATE|[139]|Bytes:6
10:43:41.0 (1050501)|HEAP_ALLOCATE|[EXTERNAL]|Bytes:93
10:43:41.0 (1068204)|HEAP_ALLOCATE|[EXTERNAL]|Bytes:93
10:43:41.0 (2335766)|CODE_UNIT_STARTED|[EXTERNAL]|01p50000002CIEm|ETLC_ApexBridge_Controller.execute
10:43:41.0 (3045136)|HEAP_ALLOCATE|[EXTERNAL]|Bytes:1
10:43:41.0 (3053859)|HEAP_ALLOCATE|[EXTERNAL]|Bytes:10
10:43:41.0 (3069717)|METHOD_ENTRY|[1]|01p50000002CIEm|ETLC_ApexBridge_Controller.ETLC_ApexBridge_Controller()
10:43:41.0 (3073815)|STATEMENT_EXECUTE|[1]
10:43:41.0 (3078616)|STATEMENT_EXECUTE|[1]
10:43:41.0 (3083361)|METHOD_EXIT|[1]|ETLC_ApexBridge_Controller
10:43:41.0 (3087511)|HEAP_ALLOCATE|[EXTERNAL]|Bytes:93
10:43:41.0 (3097375)|SYSTEM_MODE_ENTER|false
10:43:41.0 (3113832)|VARIABLE_SCOPE_BEGIN|[3]|dataJson|String|false|false
10:43:41.0 (3169356)|VARIABLE_ASSIGNMENT|[3]|dataJson|"{\"operation\":\"BFFFol (73 more) ..."
10:43:41.0 (3183726)|STATEMENT_EXECUTE|[3]
10:43:41.0 (3185358)|STATEMENT_EXECUTE|[4]
10:43:41.0 (5479400)|VARIABLE_SCOPE_BEGIN|[4]|data|ETLC_ApexBridge_Data|true|false
10:43:41.0 (5492559)|VARIABLE_ASSIGNMENT|[4]|data|null|
10:43:41.0 (5495600)|STATEMENT_EXECUTE|[5]
10:43:41.0 (5496796)|STATEMENT_EXECUTE|[5]
10:43:41.0 (5497670)|STATEMENT_EXECUTE|[6]
10:43:41.0 (5513231)|HEAP_ALLOCATE|[6]|Bytes:11
10:43:41.0 (5520729)|HEAP_ALLOCATE|[6]|Bytes:248
10:43:41.0 (5524112)|HEAP_ALLOCATE|[6]|Bytes:39
10:43:41.0 (5559836)|METHOD_ENTRY|[2]|01p50000002CIEo|ETLC_ApexBridge_Data.ETLC_ApexBridge_Data()
10:43:41.0 (5563212)|STATEMENT_EXECUTE|[2]
10:43:41.0 (5568817)|STATEMENT_EXECUTE|[2]
10:43:41.0 (5577075)|METHOD_EXIT|[2]|ETLC_ApexBridge_Data
10:43:41.0 (5620945)|METHOD_ENTRY|[6]|01p50000002CIEo|ETLC_ApexBridge_Data.fromJSON(String)
10:43:41.0 (5660037)|VARIABLE_SCOPE_BEGIN|[60]|strJson|String|false|false
10:43:41.0 (5703937)|VARIABLE_ASSIGNMENT|[60]|strJson|"{\"operation\":\"BFFFol (73 more) ..."
10:43:41.0 (5713804)|STATEMENT_EXECUTE|[60]
10:43:41.0 (5716390)|STATEMENT_EXECUTE|[61]
10:43:41.0 (5730414)|HEAP_ALLOCATE|[61]|Bytes:20
10:43:41.0 (5777370)|HEAP_ALLOCATE|[50]|Bytes:5
10:43:41.0 (5827537)|HEAP_ALLOCATE|[56]|Bytes:5
10:43:41.0 (5844732)|HEAP_ALLOCATE|[64]|Bytes:7
10:43:41.0 (5977806)|HEAP_ALLOCATE|[61]|Bytes:24
10:43:41.0 (5989946)|SYSTEM_METHOD_ENTRY|[1]|Type.Type()
10:43:41.0 (5992538)|STATEMENT_EXECUTE|[1]
10:43:41.0 (5999877)|SYSTEM_METHOD_EXIT|[1]|Type
10:43:41.0 (6005352)|HEAP_ALLOCATE|[61]|Bytes:8
10:43:41.0 (6025125)|HEAP_ALLOCATE|[61]|Bytes:8
10:43:41.0 (6029824)|VARIABLE_SCOPE_BEGIN|[4]|this|System.Type|true|false
10:43:41.0 (6069481)|VARIABLE_ASSIGNMENT|[4]|this|{}|0x7c445bfe
10:43:41.0 (6076139)|VARIABLE_SCOPE_BEGIN|[4]|apextype|java:common.apex.runtime.ApexObjectType|true|false
10:43:41.0 (6206695)|VARIABLE_ASSIGNMENT|[4]|apextype|"ETLC_ApexBridge_Data"|0x3bd36abe
10:43:41.0 (6279536)|HEAP_ALLOCATE|[61]|Bytes:8
10:43:41.0 (6318351)|HEAP_ALLOCATE|[61]|Bytes:24
10:43:41.0 (6328848)|SYSTEM_METHOD_ENTRY|[1]|JSON.JSON()
10:43:41.0 (6331004)|STATEMENT_EXECUTE|[1]
10:43:41.0 (6336050)|SYSTEM_METHOD_EXIT|[1]|JSON
10:43:41.0 (6348768)|METHOD_ENTRY|[61]||System.JSON.deserializeStrict(String, System.Type)
10:43:41.0 (6999210)|METHOD_EXIT|[61]||System.JSON.deserializeStrict(String, System.Type)
10:43:41.0 (7014867)|METHOD_EXIT|[6]|01p50000002CIEo|ETLC_ApexBridge_Data.fromJSON(String)
10:43:41.0 (7084910)|VARIABLE_ASSIGNMENT|[6]|data|{"debug":true,"input":"{\"mode\":\"fetchFollow (9 more) ...","operation":"BFFFollow_Controller"}|0x551d1bdb
10:43:41.0 (7090068)|STATEMENT_EXECUTE|[7]
10:43:41.0 (7100067)|HEAP_ALLOCATE|[7]|Bytes:6
10:43:41.0 (7196553)|HEAP_ALLOCATE|[7]|Bytes:177
10:43:41.0 (7225949)|HEAP_ALLOCATE|[7]|Bytes:183
10:43:41.0 (7249238)|USER_DEBUG|[7]|DEBUG|data::ETLC_ApexBridge_Data:[debug=true, input={"mode":"fetchFollowedUsers"}, isSuccess=null, messages=null, operation=BFFFollow_Controller, output=null, outputFlag=null, records=null]
10:43:41.0 (7256531)|STATEMENT_EXECUTE|[8]
10:43:41.0 (7317340)|VARIABLE_ASSIGNMENT|[EXTERNAL]|this|{"debug":true,"input":"{\"mode\":\"fetchFollow (9 more) ...","operation":"BFFFollow_Controller"}|0x551d1bdb
10:43:41.0 (7339558)|METHOD_ENTRY|[8]||System.Type.forName(String)
10:43:41.0 (9675594)|METHOD_EXIT|[8]||System.Type.forName(String)
10:43:41.0 (9692549)|METHOD_ENTRY|[8]||System.Type.newInstance()
10:43:41.0 (11093238)|STATEMENT_EXECUTE|[1]
10:43:41.0 (11105316)|HEAP_ALLOCATE|[33]|Bytes:5
10:43:41.0 (11118534)|METHOD_EXIT|[1]|BFFFollow_Controller
10:43:41.0 (11134909)|HEAP_ALLOCATE|[33]|Bytes:4
10:43:41.0 (11142928)|VARIABLE_SCOPE_BEGIN|[1]|this|BFFFollow_Controller|true|false
10:43:41.0 (11161798)|VARIABLE_ASSIGNMENT|[1]|this|{}|0x110294d8
10:43:41.0 (11169922)|HEAP_ALLOCATE|[33]|Bytes:5
10:43:41.0 (11178336)|HEAP_ALLOCATE|[33]|Bytes:11
10:43:41.0 (11195743)|METHOD_ENTRY|[1]|01p50000002CIEj|ETLC_ApexBridge_Abstract.ETLC_ApexBridge_Abstract()
10:43:41.0 (11198787)|STATEMENT_EXECUTE|[1]
10:43:41.0 (11201943)|STATEMENT_EXECUTE|[1]
10:43:41.0 (11206184)|METHOD_EXIT|[1]|ETLC_ApexBridge_Abstract
10:43:41.0 (11213417)|CONSTRUCTOR_ENTRY|[EXTERNAL]|01p50000002CIEj|<init>()
10:43:41.0 (11238200)|VARIABLE_SCOPE_BEGIN|[1]|this|ETLC_ApexBridge_Abstract|true|false
10:43:41.0 (11253820)|VARIABLE_ASSIGNMENT|[1]|this|{}|0x110294d8
10:43:41.0 (11268359)|STATEMENT_EXECUTE|[1]
10:43:41.0 (11272897)|CONSTRUCTOR_EXIT|[EXTERNAL]|01p50000002CIEj|<init>()
10:43:41.0 (11278265)|STATEMENT_EXECUTE|[1]
10:43:41.0 (11283578)|HEAP_ALLOCATE|[33]|Bytes:5
10:43:41.0 (11299231)|METHOD_EXIT|[8]||System.Type.newInstance()
10:43:41.0 (11307291)|VARIABLE_SCOPE_BEGIN|[8]|executor|ETLC_ApexBridge_Abstract|true|false
10:43:41.0 (11320358)|VARIABLE_ASSIGNMENT|[8]|executor|{}|0x110294d8
10:43:41.0 (11322979)|STATEMENT_EXECUTE|[9]
10:43:41.0 (11362715)|METHOD_ENTRY|[9]|01p50000002D8iw|BFFFollow_Controller.process(ETLC_ApexBridge_Data)
10:43:41.0 (11392216)|VARIABLE_SCOPE_BEGIN|[3]|this|BFFFollow_Controller|true|false
10:43:41.0 (11407675)|VARIABLE_ASSIGNMENT|[3]|this|{}|0x110294d8
10:43:41.0 (11412276)|VARIABLE_SCOPE_BEGIN|[3]|data|ETLC_ApexBridge_Data|true|false
10:43:41.0 (11440012)|VARIABLE_ASSIGNMENT|[3]|data|{"debug":true,"input":"{\"mode\":\"fetchFollow (9 more) ...","operation":"BFFFollow_Controller"}|0x551d1bdb
10:43:41.0 (11450098)|HEAP_ALLOCATE|[4]|Bytes:5
10:43:41.0 (11454012)|STATEMENT_EXECUTE|[3]
10:43:41.0 (11455171)|STATEMENT_EXECUTE|[4]
10:43:41.0 (11534415)|VARIABLE_ASSIGNMENT|[EXTERNAL]|this|{"debug":true,"input":"{\"mode\":\"fetchFollow (9 more) ...","operation":"BFFFollow_Controller"}|0x551d1bdb
10:43:41.0 (11557703)|VARIABLE_ASSIGNMENT|[4]|BFFFollow_Controller.debugFlag|true
10:43:41.0 (11595970)|VARIABLE_ASSIGNMENT|[EXTERNAL]|this|{"debug":true,"input":"{\"mode\":\"fetchFollow (9 more) ...","operation":"BFFFollow_Controller"}|0x551d1bdb
10:43:41.0 (11609137)|STATEMENT_EXECUTE|[5]
10:43:41.0 (11618169)|HEAP_ALLOCATE|[5]|Bytes:12
10:43:41.0 (11656456)|HEAP_ALLOCATE|[5]|Bytes:177
10:43:41.0 (11671176)|HEAP_ALLOCATE|[5]|Bytes:189
10:43:41.0 (11683367)|USER_DEBUG|[5]|DEBUG|data BEFORE:ETLC_ApexBridge_Data:[debug=true, input={"mode":"fetchFollowedUsers"}, isSuccess=null, messages=null, operation=BFFFollow_Controller, output=null, outputFlag=null, records=null]
10:43:41.0 (11689945)|STATEMENT_EXECUTE|[7]
10:43:41.0 (11697133)|HEAP_ALLOCATE|[7]|Bytes:4
10:43:41.0 (11719830)|METHOD_ENTRY|[7]|01p50000002CIEo|ETLC_ApexBridge_Data.getInputValue(String)
10:43:41.0 (11742811)|VARIABLE_SCOPE_BEGIN|[52]|this|ETLC_ApexBridge_Data|true|false
10:43:41.0 (11768902)|VARIABLE_ASSIGNMENT|[52]|this|{"debug":true,"input":"{\"mode\":\"fetchFollow (9 more) ...","operation":"BFFFollow_Controller"}|0x551d1bdb
10:43:41.0 (11775127)|VARIABLE_SCOPE_BEGIN|[52]|key|String|false|false
10:43:41.0 (11779153)|VARIABLE_ASSIGNMENT|[52]|key|"mode"
10:43:41.0 (11783364)|STATEMENT_EXECUTE|[52]
10:43:41.0 (11784650)|STATEMENT_EXECUTE|[53]
10:43:41.0 (11835806)|VARIABLE_ASSIGNMENT|[EXTERNAL]|this|{"debug":true,"input":"{\"mode\":\"fetchFollow (9 more) ...","operation":"BFFFollow_Controller"}|0x551d1bdb
10:43:41.0 (11854679)|METHOD_ENTRY|[53]||System.JSON.deserializeUntyped(String)
10:43:41.0 (12166546)|METHOD_EXIT|[53]||System.JSON.deserializeUntyped(String)
10:43:41.0 (12181301)|VARIABLE_SCOPE_BEGIN|[53]|inputMap|Map<String,ANY>|true|false
10:43:41.0 (12217730)|VARIABLE_ASSIGNMENT|[53]|inputMap|{"s":1,"v":{"mode":"fetchFollowedUsers"}}|0x2f13c8ca
10:43:41.0 (12229077)|STATEMENT_EXECUTE|[54]
10:43:41.0 (12283734)|METHOD_EXIT|[7]|01p50000002CIEo|ETLC_ApexBridge_Data.getInputValue(String)
10:43:41.0 (12293603)|VARIABLE_SCOPE_BEGIN|[7]|mode|String|false|false
10:43:41.0 (12301190)|VARIABLE_ASSIGNMENT|[7]|mode|"fetchFollowedUsers"
10:43:41.0 (12305992)|HEAP_ALLOCATE|[9]|Bytes:18
10:43:41.0 (12328695)|STATEMENT_EXECUTE|[9]
10:43:41.0 (12330484)|STATEMENT_EXECUTE|[10]
10:43:41.0 (12378877)|HEAP_ALLOCATE|[10]|Bytes:85
10:43:41.0 (12393373)|SYSTEM_METHOD_ENTRY|[1]|UserInfo.UserInfo()
10:43:41.0 (12396018)|STATEMENT_EXECUTE|[1]
10:43:41.0 (12402068)|SYSTEM_METHOD_EXIT|[1]|UserInfo
10:43:41.0 (12413041)|METHOD_ENTRY|[10]||System.UserInfo.getUserId()
10:43:41.0 (12463459)|METHOD_EXIT|[10]||System.UserInfo.getUserId()
10:43:41.0 (12482635)|HEAP_ALLOCATE|[10]|Bytes:4
10:43:41.0 (12498429)|METHOD_ENTRY|[10]|01p50000002D8iw|BFFFollow_Controller.fetchFollowedUsers(Id)
10:43:41.0 (12506551)|VARIABLE_SCOPE_BEGIN|[24]|this|BFFFollow_Controller|true|false
10:43:41.0 (12521478)|VARIABLE_ASSIGNMENT|[24]|this|{}|0x110294d8
10:43:41.0 (12526475)|VARIABLE_SCOPE_BEGIN|[24]|followedById|Id|false|false
10:43:41.0 (12632200)|VARIABLE_ASSIGNMENT|[24]|followedById|"00550000005cg71AAA"
10:43:41.0 (12644874)|HEAP_ALLOCATE|[25]|Bytes:5
10:43:41.0 (12649133)|STATEMENT_EXECUTE|[24]
10:43:41.0 (12650403)|STATEMENT_EXECUTE|[25]
10:43:41.0 (12658987)|HEAP_ALLOCATE|[25]|Bytes:63
10:43:41.0 (12704110)|HEAP_ALLOCATE|[25]|Bytes:18
10:43:41.0 (12723063)|HEAP_ALLOCATE|[25]|Bytes:9
10:43:41.0 (12735150)|HEAP_ALLOCATE|[25]|Bytes:90
10:43:41.0 (12740676)|VARIABLE_SCOPE_BEGIN|[25]|soql|String|false|false
10:43:41.0 (12749696)|VARIABLE_ASSIGNMENT|[25]|soql|"SELECT FollowedUsers (70 more) ..."
10:43:41.0 (12752407)|STATEMENT_EXECUTE|[26]
10:43:41.0 (12753567)|STATEMENT_EXECUTE|[26]
10:43:41.0 (12759165)|STATEMENT_EXECUTE|[27]
10:43:41.0 (12761428)|STATEMENT_EXECUTE|[27]
10:43:41.0 (12773493)|HEAP_ALLOCATE|[27]|Bytes:24
10:43:41.0 (12785226)|HEAP_ALLOCATE|[27]|Bytes:114
10:43:41.0 (12823560)|USER_DEBUG|[27]|DEBUG|fetchFollowedUsers:soql:SELECT FollowedUsers__c FROM BFFFollow__c WHERE FollowedBy__c='00550000005cg71AAA' limit 1
10:43:41.0 (12832351)|STATEMENT_EXECUTE|[28]
10:43:41.0 (15673635)|HEAP_ALLOCATE|[28]|Bytes:9
10:43:41.0 (15682678)|HEAP_ALLOCATE|[28]|Bytes:29
10:43:41.0 (15686112)|HEAP_ALLOCATE|[28]|Bytes:21
10:43:41.0 (15704307)|METHOD_ENTRY|[7]|01p50000002CIEt|ETLC_SecuredDB.ETLC_SecuredDB()
10:43:41.0 (15707419)|STATEMENT_EXECUTE|[7]
10:43:41.0 (15710872)|STATEMENT_EXECUTE|[7]
10:43:41.0 (15716846)|HEAP_ALLOCATE|[28]|Bytes:5
10:43:41.0 (15726954)|METHOD_EXIT|[7]|ETLC_SecuredDB
10:43:41.0 (15763780)|METHOD_ENTRY|[28]|01p50000002CIEt|ETLC_SecuredDB.query(String)
10:43:41.0 (15792457)|VARIABLE_SCOPE_BEGIN|[10]|SOQL|String|false|false
10:43:41.0 (15803165)|VARIABLE_ASSIGNMENT|[10]|SOQL|"SELECT FollowedUsers (70 more) ..."
10:43:41.0 (15812386)|HEAP_ALLOCATE|[12]|Bytes:5
10:43:41.0 (15816653)|STATEMENT_EXECUTE|[10]
10:43:41.0 (15818252)|STATEMENT_EXECUTE|[12]
10:43:41.0 (17252993)|SOQL_EXECUTE_BEGIN|[12]|Aggregations:0|SELECT FollowedUsers__c FROM BFFFollow__c WHERE FollowedBy__c='00550000005cg71AAA' limit 1
10:43:41.0 (21350319)|SOQL_EXECUTE_END|[12]|Rows:1
10:43:41.0 (21374870)|HEAP_ALLOCATE|[12]|Bytes:8
10:43:41.0 (21390509)|HEAP_ALLOCATE|[12]|Bytes:158
10:43:41.0 (21475341)|HEAP_ALLOCATE|[12]|Bytes:8
10:43:41.0 (21494042)|VARIABLE_SCOPE_BEGIN|[12]|dbRecords|List<SObject>|true|false
10:43:41.0 (21538189)|VARIABLE_ASSIGNMENT|[12]|dbRecords|{"s":1,"v":[{"s":2,"v":{"FollowedUsers__c":"[{\"id\":\"00550000005d (85 more) ...","Id":"a005000000ezW4dAAE"}}]}|0x74ae4dd3
10:43:41.0 (21542712)|STATEMENT_EXECUTE|[20]
10:43:41.0 (21847494)|HEAP_ALLOCATE|[20]|Bytes:12
10:43:41.0 (21854873)|HEAP_ALLOCATE|[20]|Bytes:8
10:43:41.0 (21911103)|HEAP_ALLOCATE|[20]|Bytes:12
10:43:41.0 (21916462)|HEAP_ALLOCATE|[20]|Bytes:9
10:43:41.0 (21928965)|HEAP_ALLOCATE|[20]|Bytes:12
10:43:41.0 (21932138)|HEAP_ALLOCATE|[20]|Bytes:8
10:43:41.0 (21941926)|HEAP_ALLOCATE|[20]|Bytes:12
10:43:41.0 (21945441)|HEAP_ALLOCATE|[20]|Bytes:8
10:43:41.0 (21955139)|HEAP_ALLOCATE|[20]|Bytes:12
10:43:41.0 (21958417)|HEAP_ALLOCATE|[20]|Bytes:9
10:43:41.0 (21994765)|METHOD_ENTRY|[20]|01p50000002CIEt|ETLC_SecuredDB.findFields(List<SObject>)
10:43:41.0 (22026003)|VARIABLE_SCOPE_BEGIN|[108]|dbRecords|List<SObject>|true|false
10:43:41.0 (22049839)|VARIABLE_ASSIGNMENT|[108]|dbRecords|{"s":1,"v":[{"s":2,"v":{"FollowedUsers__c":"[{\"id\":\"00550000005d (85 more) ...","Id":"a005000000ezW4dAAE"}}]}|0x74ae4dd3
10:43:41.0 (22060763)|HEAP_ALLOCATE|[109]|Bytes:5
10:43:41.0 (22064811)|STATEMENT_EXECUTE|[108]
10:43:41.0 (22066224)|STATEMENT_EXECUTE|[109]
10:43:41.0 (22075436)|VARIABLE_SCOPE_BEGIN|[109]|strJSON|String|false|false
10:43:41.0 (22081464)|VARIABLE_ASSIGNMENT|[109]|strJSON|null
10:43:41.0 (22083252)|STATEMENT_EXECUTE|[110]
10:43:41.0 (22088078)|VARIABLE_SCOPE_BEGIN|[110]|mapFields|Map<String,Set<String>>|true|false
10:43:41.0 (22092515)|VARIABLE_ASSIGNMENT|[110]|mapFields|null|
10:43:41.0 (22094319)|STATEMENT_EXECUTE|[112]
10:43:41.0 (22107785)|METHOD_ENTRY|[112]||System.JSON.serialize(Object)
10:43:41.0 (22621401)|METHOD_EXIT|[112]||System.JSON.serialize(Object)
10:43:41.0 (22635912)|VARIABLE_ASSIGNMENT|[112]|strJSON|"[{\"attributes\":{\"typ (259 more) ..."
10:43:41.0 (22639613)|STATEMENT_EXECUTE|[113]
10:43:41.0 (22650301)|HEAP_ALLOCATE|[113]|Bytes:5
10:43:41.0 (22659404)|HEAP_ALLOCATE|[113]|Bytes:284
10:43:41.0 (22694313)|USER_DEBUG|[113]|DEBUG|JSON:[{"attributes":{"type":"BFFFollow__c","url":"/services/data/v37.0/sobjects/BFFFollow__c/a005000000ezW4dAAE"},"FollowedUsers__c":"[{\"id\":\"00550000005d7KnAAI\",\"name\":\"Test User\"},{\"id\":\"00550000005cg71AAA\",\"name\":\"Jaswinder Rattanpal\"}]","Id":"a005000000ezW4dAAE"}]
10:43:41.0 (22703175)|STATEMENT_EXECUTE|[114]
10:43:41.0 (22712182)|HEAP_ALLOCATE|[114]|Bytes:4
10:43:41.0 (22738880)|VARIABLE_ASSIGNMENT|[114]|mapFields|{"s":1,"v":{}}|0x26fb43a4
10:43:41.0 (22742285)|STATEMENT_EXECUTE|[115]
10:43:41.0 (22753607)|METHOD_ENTRY|[115]||System.JSON.deserializeUntyped(String)
10:43:41.0 (23171961)|METHOD_EXIT|[115]||System.JSON.deserializeUntyped(String)
10:43:41.0 (23182629)|VARIABLE_SCOPE_BEGIN|[115]|records|List<ANY>|true|false
10:43:41.0 (23205935)|HEAP_ALLOCATE|[EXTERNAL]|Bytes:8
10:43:41.0 (23246619)|VARIABLE_ASSIGNMENT|[115]|records|{"s":1,"v":[{"s":2,"v":{"attributes":{"s":3,"v":{"type":"BFFFollow__c","url":"/services/data/v37.0 (41 more) ..."}},"FollowedUsers__c":"[{\"id\":\"00550000005d (85 more) ...","Id":"a005000000ezW4dAAE"}}]}|0xdec133e
10:43:41.0 (23307848)|HEAP_ALLOCATE|[116]|Bytes:5
10:43:41.0 (23326072)|HEAP_ALLOCATE|[116]|Bytes:16
10:43:41.0 (23342194)|VARIABLE_SCOPE_BEGIN|[116]|record|Object|false|false
10:43:41.0 (23367998)|VARIABLE_ASSIGNMENT|[116]|record|{"s":1,"v":{"attributes":{"s":2,"v":{"type":"BFFFollow__c","url":"/services/data/v37.0 (41 more) ..."}},"FollowedUsers__c":"[{\"id\":\"00550000005d (85 more) ...","Id":"a005000000ezW4dAAE"}}
10:43:41.0 (23372020)|STATEMENT_EXECUTE|[116]
10:43:41.0 (23373430)|STATEMENT_EXECUTE|[117]
10:43:41.0 (23404997)|METHOD_ENTRY|[117]|01p50000002CIEt|ETLC_SecuredDB.findFieldsRecursive(Map<String,Set<String>>, Map<String,ANY>)
10:43:41.0 (23435620)|VARIABLE_SCOPE_BEGIN|[124]|mapFields|Map<String,Set<String>>|true|false
10:43:41.0 (23448931)|VARIABLE_ASSIGNMENT|[124]|mapFields|{"s":1,"v":{}}|0x26fb43a4
10:43:41.0 (23453594)|VARIABLE_SCOPE_BEGIN|[124]|record|Map<String,ANY>|true|false
10:43:41.0 (23469915)|VARIABLE_ASSIGNMENT|[124]|record|{"s":1,"v":{"attributes":{"s":2,"v":{"type":"BFFFollow__c","url":"/services/data/v37.0 (41 more) ..."}},"FollowedUsers__c":"[{\"id\":\"00550000005d (85 more) ...","Id":"a005000000ezW4dAAE"}}|0x521f5516
10:43:41.0 (23482167)|HEAP_ALLOCATE|[125]|Bytes:5
10:43:41.0 (23486333)|STATEMENT_EXECUTE|[124]
10:43:41.0 (23487756)|STATEMENT_EXECUTE|[125]
10:43:41.0 (23494591)|HEAP_ALLOCATE|[125]|Bytes:10
10:43:41.0 (23499545)|VARIABLE_SCOPE_BEGIN|[125]|strAttributes|String|false|false
10:43:41.0 (23505296)|VARIABLE_ASSIGNMENT|[125]|strAttributes|"attributes"
10:43:41.0 (23507249)|STATEMENT_EXECUTE|[126]
10:43:41.0 (23511917)|HEAP_ALLOCATE|[126]|Bytes:7
10:43:41.0 (23515410)|VARIABLE_SCOPE_BEGIN|[126]|strRecord|String|false|false
10:43:41.0 (23519519)|VARIABLE_ASSIGNMENT|[126]|strRecord|"records"
10:43:41.0 (23556224)|STATEMENT_EXECUTE|[127]
10:43:41.0 (23558368)|STATEMENT_EXECUTE|[128]
10:43:41.0 (23620495)|VARIABLE_SCOPE_BEGIN|[128]|attributes|Map<String,ANY>|true|false
10:43:41.0 (23640580)|VARIABLE_ASSIGNMENT|[128]|attributes|{"s":1,"v":{"type":"BFFFollow__c","url":"/services/data/v37.0 (41 more) ..."}}|0x63d9c023
10:43:41.0 (23644418)|STATEMENT_EXECUTE|[129]
10:43:41.0 (23652496)|HEAP_ALLOCATE|[129]|Bytes:4
10:43:41.0 (23686936)|VARIABLE_SCOPE_BEGIN|[129]|objectName|String|false|false
10:43:41.0 (23694663)|VARIABLE_ASSIGNMENT|[129]|objectName|"BFFFollow__c"
10:43:41.0 (23703074)|HEAP_ALLOCATE|[130]|Bytes:4
10:43:41.0 (23785354)|HEAP_ALLOCATE|[130]|Bytes:44
10:43:41.0 (23808584)|HEAP_ALLOCATE|[130]|Bytes:12
10:43:41.0 (23833543)|HEAP_ALLOCATE|[130]|Bytes:5
10:43:41.0 (23847490)|VARIABLE_SCOPE_BEGIN|[130]|fieldName|String|false|false
10:43:41.0 (23857332)|VARIABLE_ASSIGNMENT|[130]|fieldName|"attributes"
10:43:41.0 (23860499)|STATEMENT_EXECUTE|[130]
10:43:41.0 (23861715)|STATEMENT_EXECUTE|[131]
10:43:41.0 (23904864)|VARIABLE_SCOPE_BEGIN|[131]|field|Object|false|false
10:43:41.0 (23924202)|VARIABLE_ASSIGNMENT|[131]|field|{"s":1,"v":{"type":"BFFFollow__c","url":"/services/data/v37.0 (41 more) ..."}}
10:43:41.0 (23953729)|STATEMENT_EXECUTE|[132]
10:43:41.0 (23984867)|HEAP_ALLOCATE|[130]|Bytes:5
10:43:41.0 (23999367)|VARIABLE_SCOPE_BEGIN|[130]|fieldName|String|false|false
10:43:41.0 (24006598)|VARIABLE_ASSIGNMENT|[130]|fieldName|"FollowedUsers__c"
10:43:41.0 (24010141)|STATEMENT_EXECUTE|[130]
10:43:41.0 (24011529)|STATEMENT_EXECUTE|[131]
10:43:41.0 (24034797)|VARIABLE_SCOPE_BEGIN|[131]|field|Object|false|false
10:43:41.0 (24045274)|VARIABLE_ASSIGNMENT|[131]|field|"[{\"id\":\"00550000005d (85 more) ..."
10:43:41.0 (24056933)|HEAP_ALLOCATE|[134]|Bytes:68
10:43:41.0 (24075808)|STATEMENT_EXECUTE|[136]
10:43:41.0 (24077507)|STATEMENT_EXECUTE|[137]
10:43:41.0 (24085934)|HEAP_ALLOCATE|[137]|Bytes:4
10:43:41.0 (24121593)|VARIABLE_SCOPE_BEGIN|[137]|fieldNames|Set<String>|true|false
10:43:41.0 (24145008)|VARIABLE_ASSIGNMENT|[137]|fieldNames|{"s":1,"v":[]}|0x725bccba
10:43:41.0 (24179989)|STATEMENT_EXECUTE|[138]
10:43:41.0 (24186141)|STATEMENT_EXECUTE|[139]
10:43:41.0 (24215635)|HEAP_ALLOCATE|[EXTERNAL]|Bytes:4
10:43:41.0 (24226766)|STATEMENT_EXECUTE|[140]
10:43:41.0 (24259242)|HEAP_ALLOCATE|[EXTERNAL]|Bytes:-4
10:43:41.0 (24274276)|HEAP_ALLOCATE|[130]|Bytes:5
10:43:41.0 (24286785)|VARIABLE_SCOPE_BEGIN|[130]|fieldName|String|false|false
10:43:41.0 (24293504)|VARIABLE_ASSIGNMENT|[130]|fieldName|"Id"
10:43:41.0 (24296214)|STATEMENT_EXECUTE|[130]
10:43:41.0 (24297453)|STATEMENT_EXECUTE|[131]
10:43:41.0 (24336976)|VARIABLE_SCOPE_BEGIN|[131]|field|Object|false|false
10:43:41.0 (24352732)|VARIABLE_ASSIGNMENT|[131]|field|"a005000000ezW4dAAE"
10:43:41.0 (24371843)|STATEMENT_EXECUTE|[136]
10:43:41.0 (24373458)|STATEMENT_EXECUTE|[137]
10:43:41.0 (24386235)|HEAP_ALLOCATE|[137]|Bytes:4
10:43:41.0 (24399258)|VARIABLE_SCOPE_BEGIN|[137]|fieldNames|Set<String>|true|false
10:43:41.0 (24417196)|VARIABLE_ASSIGNMENT|[137]|fieldNames|{"s":1,"v":[]}|0x5a448002
10:43:41.0 (24431259)|STATEMENT_EXECUTE|[138]
10:43:41.0 (24470071)|VARIABLE_ASSIGNMENT|[138]|fieldNames|{"s":1,"v":["FollowedUsers__c"]}|0x725bccba
10:43:41.0 (24475955)|STATEMENT_EXECUTE|[139]
10:43:41.0 (24499072)|HEAP_ALLOCATE|[EXTERNAL]|Bytes:4
10:43:41.0 (24510237)|STATEMENT_EXECUTE|[140]
10:43:41.0 (24536412)|HEAP_ALLOCATE|[130]|Bytes:5
10:43:41.0 (24548886)|VARIABLE_ASSIGNMENT|[130]|fieldName|null
10:43:41.0 (24558848)|METHOD_EXIT|[117]|01p50000002CIEt|ETLC_SecuredDB.findFieldsRecursive(Map<String,Set<String>>, Map<String,ANY>)
10:43:41.0 (24568951)|HEAP_ALLOCATE|[116]|Bytes:5
10:43:41.0 (24583716)|VARIABLE_ASSIGNMENT|[116]|record|null
10:43:41.0 (24590472)|HEAP_ALLOCATE|[119]|Bytes:4
10:43:41.0 (24624775)|HEAP_ALLOCATE|[119]|Bytes:20
10:43:41.0 (24637196)|HEAP_ALLOCATE|[119]|Bytes:4
10:43:41.0 (24654277)|HEAP_ALLOCATE|[119]|Bytes:5
10:43:41.0 (24669062)|VARIABLE_SCOPE_BEGIN|[119]|objectName|String|false|false
10:43:41.0 (24676719)|VARIABLE_ASSIGNMENT|[119]|objectName|"BFFFollow__c"
10:43:41.0 (24679551)|STATEMENT_EXECUTE|[119]
10:43:41.0 (24680643)|STATEMENT_EXECUTE|[120]
10:43:41.0 (24688264)|HEAP_ALLOCATE|[120]|Bytes:2
10:43:41.0 (24754091)|HEAP_ALLOCATE|[120]|Bytes:22
10:43:41.0 (24778838)|HEAP_ALLOCATE|[120]|Bytes:36
10:43:41.0 (24796604)|USER_DEBUG|[120]|DEBUG|BFFFollow__c: {FollowedUsers__c, Id}
10:43:41.0 (24809815)|HEAP_ALLOCATE|[119]|Bytes:5
10:43:41.0 (24821493)|VARIABLE_ASSIGNMENT|[119]|objectName|null
10:43:41.0 (24824763)|STATEMENT_EXECUTE|[122]
10:43:41.0 (24837081)|METHOD_EXIT|[20]|01p50000002CIEt|ETLC_SecuredDB.findFields(List<SObject>)
10:43:41.0 (24853759)|METHOD_ENTRY|[20]|01p50000002CIEt|ETLC_SecuredDB.validate(ETLC_SecuredDB.Operation, Map<String,Set<String>>)
10:43:41.0 (24862083)|VARIABLE_SCOPE_BEGIN|[55]|op|ETLC_SecuredDB.Operation|true|false
10:43:41.0 (24877463)|VARIABLE_ASSIGNMENT|[55]|op|"Querying"|0x72bb2b79
10:43:41.0 (24882228)|VARIABLE_SCOPE_BEGIN|[55]|mapFieldNames|Map<String,Set<String>>|true|false
10:43:41.0 (24899635)|VARIABLE_ASSIGNMENT|[55]|mapFieldNames|{"s":1,"v":{"BFFFollow__c":{"s":2,"v":["FollowedUsers__c","Id"]}}}|0x26fb43a4
10:43:41.0 (24909041)|HEAP_ALLOCATE|[56]|Bytes:5
10:43:41.0 (24913193)|STATEMENT_EXECUTE|[55]
10:43:41.0 (24914513)|STATEMENT_EXECUTE|[56]
10:43:41.0 (24921948)|VARIABLE_SCOPE_BEGIN|[56]|securityMessage|String|false|false
10:43:41.0 (24926732)|VARIABLE_ASSIGNMENT|[56]|securityMessage|null
10:43:41.0 (24928682)|STATEMENT_EXECUTE|[57]
10:43:41.0 (46022812)|HEAP_ALLOCATE|[57]|Bytes:1440
10:43:41.0 (46060653)|VARIABLE_SCOPE_BEGIN|[57]|mapObjects|Map<String,Schema.SObjectType>|true|false
10:43:41.0 (46368694)|VARIABLE_ASSIGNMENT|[57]|mapObjects|"{acceptedeventrelation=AcceptedEventRelation, account=Account, accountcontactrole=AccountContactRole, accountfeed=AccountFeed, accounthistory=AccountHistory, accountpartner=AccountPartner, accountshare=AccountShare, actionlinkgrouptemplate=ActionLinkGroupTemplate, actionlinktemplate=ActionLinkTemplate, activityhistory=ActivityHistory, ...}"|0x5ea90788
10:43:41.0 (46381045)|HEAP_ALLOCATE|[58]|Bytes:4
10:43:41.0 (46458444)|HEAP_ALLOCATE|[58]|Bytes:20
10:43:41.0 (46473615)|HEAP_ALLOCATE|[58]|Bytes:4
10:43:41.0 (46496673)|HEAP_ALLOCATE|[58]|Bytes:5
10:43:41.0 (46512854)|VARIABLE_SCOPE_BEGIN|[58]|sObjectName|String|false|false
10:43:41.0 (46523536)|VARIABLE_ASSIGNMENT|[58]|sObjectName|"BFFFollow__c"
10:43:41.0 (46528186)|STATEMENT_EXECUTE|[58]
10:43:41.0 (46529910)|STATEMENT_EXECUTE|[59]
10:43:41.0 (46544090)|HEAP_ALLOCATE|[59]|Bytes:9
10:43:41.0 (46548020)|HEAP_ALLOCATE|[59]|Bytes:7
10:43:41.0 (46609826)|HEAP_ALLOCATE|[59]|Bytes:8
10:43:41.0 (46621226)|HEAP_ALLOCATE|[59]|Bytes:1
10:43:41.0 (46635497)|HEAP_ALLOCATE|[59]|Bytes:37
10:43:41.0 (46646670)|VARIABLE_ASSIGNMENT|[59]|securityMessage|"CRUD on [BFFFollow__ (17 more) ..."
10:43:41.0 (46649684)|STATEMENT_EXECUTE|[60]
10:43:41.0 (46657372)|HEAP_ALLOCATE|[60]|Bytes:10
10:43:41.0 (46664118)|HEAP_ALLOCATE|[60]|Bytes:47
10:43:41.0 (46700017)|USER_DEBUG|[60]|DEBUG|Checking: CRUD on [BFFFollow__c] for [Querying]
10:43:41.0 (46708317)|STATEMENT_EXECUTE|[61]
10:43:41.0 (46950950)|HEAP_ALLOCATE|[61]|Bytes:4
10:43:41.0 (46997468)|VARIABLE_SCOPE_BEGIN|[61]|drSObj|Schema.DescribeSObjectResult|true|false
10:43:41.0 (47079678)|VARIABLE_ASSIGNMENT|[61]|drSObj|"common.api.soap.wsdl.DescribeSObjectResult@a54f9caa"|0x58a70ef5
10:43:41.0 (47250458)|STATEMENT_EXECUTE|[64]
10:43:41.0 (47268023)|STATEMENT_EXECUTE|[65]
10:43:41.0 (47324309)|STATEMENT_EXECUTE|[77]
10:43:41.0 (47326726)|STATEMENT_EXECUTE|[79]
10:43:41.0 (47539936)|HEAP_ALLOCATE|[79]|Bytes:56
10:43:41.0 (47551654)|VARIABLE_SCOPE_BEGIN|[79]|mapFields|Map<String,Schema.SObjectField>|true|false
10:43:41.0 (47697109)|VARIABLE_ASSIGNMENT|[79]|mapFields|"{createdbyid=CreatedById, createddate=CreatedDate, followedby__c=FollowedBy__c, followedusers__c=FollowedUsers__c, id=Id, isdeleted=IsDeleted, lastmodifiedbyid=LastModifiedById, lastmodifieddate=LastModifiedDate, lastreferenceddate=LastReferencedDate, lastvieweddate=LastViewedDate, ...}"|0x224241c5
10:43:41.0 (47707466)|HEAP_ALLOCATE|[80]|Bytes:4
10:43:41.0 (47753604)|HEAP_ALLOCATE|[80]|Bytes:8
10:43:41.0 (47773159)|HEAP_ALLOCATE|[80]|Bytes:5
10:43:41.0 (47786973)|VARIABLE_SCOPE_BEGIN|[80]|fieldName|String|false|false
10:43:41.0 (47795123)|VARIABLE_ASSIGNMENT|[80]|fieldName|"FollowedUsers__c"
10:43:41.0 (47798051)|STATEMENT_EXECUTE|[80]
10:43:41.0 (47799345)|STATEMENT_EXECUTE|[81]
10:43:41.0 (48698584)|HEAP_ALLOCATE|[81]|Bytes:8
10:43:41.0 (48733528)|VARIABLE_SCOPE_BEGIN|[81]|drField|Schema.DescribeFieldResult|true|false
10:43:41.0 (48801588)|VARIABLE_ASSIGNMENT|[81]|drField|"common.api.soap.wsdl.Field@c5f534ea"|0x7a6306b5
10:43:41.0 (48824596)|STATEMENT_EXECUTE|[82]
10:43:41.0 (48826433)|STATEMENT_EXECUTE|[83]
10:43:41.0 (48835804)|HEAP_ALLOCATE|[83]|Bytes:8
10:43:41.0 (48840019)|HEAP_ALLOCATE|[83]|Bytes:1
10:43:41.0 (48877946)|HEAP_ALLOCATE|[83]|Bytes:8
10:43:41.0 (48895313)|HEAP_ALLOCATE|[83]|Bytes:52
10:43:41.0 (48901530)|HEAP_ALLOCATE|[83]|Bytes:53
10:43:41.0 (49221273)|VARIABLE_ASSIGNMENT|[83]|securityMessage|"FLS on [BFFFollow__c (33 more) ..."
10:43:41.0 (49226244)|STATEMENT_EXECUTE|[84]
10:43:41.0 (49243912)|HEAP_ALLOCATE|[84]|Bytes:63
10:43:41.0 (49269613)|USER_DEBUG|[84]|DEBUG|Checking: FLS on [BFFFollow__c.FollowedUsers__c] for [Querying]
10:43:41.0 (49357917)|STATEMENT_EXECUTE|[87]
10:43:41.0 (49372431)|STATEMENT_EXECUTE|[88]
10:43:41.0 (49391348)|HEAP_ALLOCATE|[80]|Bytes:5
10:43:41.0 (49406751)|VARIABLE_SCOPE_BEGIN|[80]|fieldName|String|false|false
10:43:41.0 (49414077)|VARIABLE_ASSIGNMENT|[80]|fieldName|"Id"
10:43:41.0 (49416668)|STATEMENT_EXECUTE|[80]
10:43:41.0 (49417809)|STATEMENT_EXECUTE|[81]
10:43:41.0 (49560346)|HEAP_ALLOCATE|[81]|Bytes:8
10:43:41.0 (49571439)|VARIABLE_SCOPE_BEGIN|[81]|drField|Schema.DescribeFieldResult|true|false
10:43:41.0 (49634456)|VARIABLE_ASSIGNMENT|[81]|drField|"common.api.soap.wsdl.Field@3a06d980"|0x76bca082
10:43:41.0 (49646849)|STATEMENT_EXECUTE|[99]
10:43:41.0 (49648905)|STATEMENT_EXECUTE|[100]
10:43:41.0 (49657571)|HEAP_ALLOCATE|[100]|Bytes:22
10:43:41.0 (49696558)|HEAP_ALLOCATE|[100]|Bytes:8
10:43:41.0 (49711149)|HEAP_ALLOCATE|[100]|Bytes:52
10:43:41.0 (49715671)|HEAP_ALLOCATE|[100]|Bytes:35
10:43:41.0 (49719826)|HEAP_ALLOCATE|[100]|Bytes:87
10:43:41.0 (49730984)|USER_DEBUG|[100]|DEBUG|Bypass Check: FLS on [BFFFollow__c.Id] for [Querying] since it's not isPermissionable()
10:43:41.0 (49743927)|HEAP_ALLOCATE|[80]|Bytes:5
10:43:41.0 (49757267)|VARIABLE_ASSIGNMENT|[80]|fieldName|null
10:43:41.0 (49765968)|HEAP_ALLOCATE|[58]|Bytes:5
10:43:41.0 (49774728)|VARIABLE_ASSIGNMENT|[58]|sObjectName|null
10:43:41.0 (49787146)|METHOD_EXIT|[20]|01p50000002CIEt|ETLC_SecuredDB.validate(ETLC_SecuredDB.Operation, Map<String,Set<String>>)
10:43:41.0 (49791400)|STATEMENT_EXECUTE|[21]
10:43:41.0 (49803422)|METHOD_EXIT|[28]|01p50000002CIEt|ETLC_SecuredDB.query(String)
10:43:41.0 (49809926)|VARIABLE_SCOPE_BEGIN|[28]|dbRecords|List<SObject>|true|false
10:43:41.0 (49850303)|VARIABLE_ASSIGNMENT|[28]|dbRecords|{"s":1,"v":[{"s":2,"v":{"FollowedUsers__c":"[{\"id\":\"00550000005d (85 more) ...","Id":"a005000000ezW4dAAE"}}]}|0x74ae4dd3
10:43:41.0 (49858887)|STATEMENT_EXECUTE|[29]
10:43:41.0 (49860254)|STATEMENT_EXECUTE|[29]
10:43:41.0 (49928306)|USER_DEBUG|[29]|DEBUG|(BFFFollow__c:{FollowedUsers__c=[{"id":"00550000005d7KnAAI","name":"Test User"},{"id":"00550000005cg71AAA","name":"Jaswinder Rattanpal"}], Id=a005000000ezW4dAAE})
10:43:41.0 (50000336)|STATEMENT_EXECUTE|[30]
10:43:41.0 (50006385)|STATEMENT_EXECUTE|[31]
10:43:41.0 (50007637)|STATEMENT_EXECUTE|[32]
10:43:41.0 (50016264)|HEAP_ALLOCATE|[32]|Bytes:18
10:43:41.0 (50027843)|HEAP_ALLOCATE|[32]|Bytes:12
10:43:41.0 (50033388)|HEAP_ALLOCATE|[32]|Bytes:16
10:43:41.0 (50098914)|HEAP_ALLOCATE|[32]|Bytes:105
10:43:41.0 (50119233)|HEAP_ALLOCATE|[32]|Bytes:105
10:43:41.0 (50128860)|HEAP_ALLOCATE|[32]|Bytes:123
10:43:41.0 (50139526)|USER_DEBUG|[32]|DEBUG|FollowedUsers__c::[{"id":"00550000005d7KnAAI","name":"Test User"},{"id":"00550000005cg71AAA","name":"Jaswinder Rattanpal"}]
10:43:41.0 (50145592)|STATEMENT_EXECUTE|[34]
10:43:41.0 (50158537)|HEAP_ALLOCATE|[34]|Bytes:12
10:43:41.0 (50207742)|HEAP_ALLOCATE|[34]|Bytes:105
10:43:41.0 (50226067)|METHOD_EXIT|[10]|01p50000002D8iw|BFFFollow_Controller.fetchFollowedUsers(Id)
10:43:41.0 (50311562)|VARIABLE_ASSIGNMENT|[EXTERNAL]|this|{"debug":true,"input":"{\"mode\":\"fetchFollow (9 more) ...","operation":"BFFFollow_Controller"}|0x551d1bdb
10:43:41.0 (50323361)|VARIABLE_ASSIGNMENT|[EXTERNAL]|value|"[{\"id\":\"00550000005d (85 more) ..."
10:43:41.0 (50338029)|VARIABLE_ASSIGNMENT|[12]|this.output|"[{\"id\":\"00550000005d (85 more) ..."|0x551d1bdb
10:43:41.0 (50345436)|STATEMENT_EXECUTE|[11]
10:43:41.0 (50408488)|VARIABLE_ASSIGNMENT|[EXTERNAL]|this|{"debug":true,"input":"{\"mode\":\"fetchFollow (9 more) ...","operation":"BFFFollow_Controller","output":"[{\"id\":\"00550000005d (85 more) ..."}|0x551d1bdb
10:43:41.0 (50465800)|VARIABLE_ASSIGNMENT|[EXTERNAL]|this|{"debug":true,"input":"{\"mode\":\"fetchFollow (9 more) ...","operation":"BFFFollow_Controller","output":"[{\"id\":\"00550000005d (85 more) ..."}|0x551d1bdb
10:43:41.0 (50475852)|VARIABLE_ASSIGNMENT|[EXTERNAL]|value|true
10:43:41.0 (50481303)|HEAP_ALLOCATE|[15]|Bytes:5
10:43:41.0 (50489219)|VARIABLE_ASSIGNMENT|[15]|this.outputFlag|true|0x551d1bdb
10:43:41.0 (50499066)|STATEMENT_EXECUTE|[19]
10:43:41.0 (50500836)|STATEMENT_EXECUTE|[19]
10:43:41.0 (50508770)|HEAP_ALLOCATE|[19]|Bytes:11
10:43:41.0 (50567586)|HEAP_ALLOCATE|[19]|Bytes:278
10:43:41.0 (50582999)|HEAP_ALLOCATE|[19]|Bytes:289
10:43:41.0 (50593975)|USER_DEBUG|[19]|DEBUG|data AFTER:ETLC_ApexBridge_Data:[debug=true, input={"mode":"fetchFollowedUsers"}, isSuccess=null, messages=null, operation=BFFFollow_Controller, output=[{"id":"00550000005d7KnAAI","name":"Test User"},{"id":"00550000005cg71AAA","name":"Jaswinder Rattanpal"}], outputFlag=true, records=null]
10:43:41.0 (50606853)|METHOD_EXIT|[9]|01p50000002D8iw|BFFFollow_Controller.process(ETLC_ApexBridge_Data)
10:43:41.0 (50610979)|STATEMENT_EXECUTE|[24]
10:43:41.0 (50632192)|METHOD_ENTRY|[24]|01p50000002CIEo|ETLC_ApexBridge_Data.toJSON()
10:43:41.0 (50652121)|VARIABLE_SCOPE_BEGIN|[57]|this|ETLC_ApexBridge_Data|true|false
10:43:41.0 (50679700)|VARIABLE_ASSIGNMENT|[57]|this|{"debug":true,"input":"{\"mode\":\"fetchFollow (9 more) ...","operation":"BFFFollow_Controller","output":"[{\"id\":\"00550000005d (85 more) ...","outputFlag":true}|0x551d1bdb
10:43:41.0 (50685258)|STATEMENT_EXECUTE|[57]
10:43:41.0 (50686487)|STATEMENT_EXECUTE|[58]
10:43:41.0 (50701602)|METHOD_ENTRY|[58]||System.JSON.serialize(Object)
10:43:41.0 (50794470)|STATEMENT_EXECUTE|[22]
10:43:41.0 (50799061)|STATEMENT_EXECUTE|[23]
10:43:41.0 (50808228)|HEAP_ALLOCATE|[23]|Bytes:5
10:43:41.0 (50817717)|VARIABLE_ASSIGNMENT|[23]|this.isSuccess|true|0x551d1bdb
10:43:41.0 (50820045)|STATEMENT_EXECUTE|[24]
10:43:41.0 (50864340)|STATEMENT_EXECUTE|[31]
10:43:41.0 (50868288)|STATEMENT_EXECUTE|[32]
10:43:41.0 (50876571)|HEAP_ALLOCATE|[32]|Bytes:4
10:43:41.0 (50944472)|VARIABLE_ASSIGNMENT|[32]|this.messages|{"s":1,"v":{}}|0x551d1bdb
10:43:41.0 (50948875)|STATEMENT_EXECUTE|[33]
10:43:41.0 (51299731)|METHOD_EXIT|[58]||System.JSON.serialize(Object)
10:43:41.0 (51307523)|METHOD_EXIT|[24]|01p50000002CIEo|ETLC_ApexBridge_Data.toJSON()
10:43:41.0 (51314251)|SYSTEM_MODE_EXIT|false
10:43:41.51 (51360079)|CUMULATIVE_LIMIT_USAGE
10:43:41.51 (51360079)|LIMIT_USAGE_FOR_NS|(default)|
  Number of SOQL queries: 1 out of 100
  Number of query rows: 1 out of 50000
  Number of SOSL queries: 0 out of 20
  Number of DML statements: 0 out of 150
  Number of DML rows: 0 out of 10000
  Maximum CPU time: 0 out of 10000
  Maximum heap size: 0 out of 6000000
  Number of callouts: 0 out of 100
  Number of Email Invocations: 0 out of 10
  Number of future calls: 0 out of 50
  Number of queueable jobs added to the queue: 0 out of 50
  Number of Mobile Apex push calls: 0 out of 10

10:43:41.51 (51360079)|CUMULATIVE_LIMIT_USAGE_END

10:43:41.0 (51416060)|CODE_UNIT_FINISHED|ETLC_ApexBridge_Controller.execute
