37.0 APEX_CODE,FINEST;APEX_PROFILING,INFO;CALLOUT,INFO;DB,INFO;SYSTEM,DEBUG;VALIDATION,INFO;VISUALFORCE,INFO;WORKFLOW,INFO
10:46:14.0 (503775)|USER_INFO|[EXTERNAL]|00550000005cg71|bfffollow@jr.te|Eastern Standard Time|GMT-04:00
10:46:14.0 (554609)|EXECUTION_STARTED
10:46:14.0 (563992)|CODE_UNIT_STARTED|[EXTERNAL]|aura
10:46:14.0 (1029305)|HEAP_ALLOCATE|[72]|Bytes:3
10:46:14.0 (1125113)|HEAP_ALLOCATE|[77]|Bytes:152
10:46:14.0 (1144032)|HEAP_ALLOCATE|[342]|Bytes:408
10:46:14.0 (1162546)|HEAP_ALLOCATE|[355]|Bytes:408
10:46:14.0 (1178425)|HEAP_ALLOCATE|[467]|Bytes:48
10:46:14.0 (1209741)|HEAP_ALLOCATE|[139]|Bytes:6
10:46:14.0 (1240746)|HEAP_ALLOCATE|[EXTERNAL]|Bytes:122
10:46:14.0 (1278669)|HEAP_ALLOCATE|[EXTERNAL]|Bytes:122
10:46:14.0 (2517913)|CODE_UNIT_STARTED|[EXTERNAL]|01p50000002CIEm|ETLC_ApexBridge_Controller.execute
10:46:14.0 (3374919)|HEAP_ALLOCATE|[EXTERNAL]|Bytes:1
10:46:14.0 (3390426)|HEAP_ALLOCATE|[EXTERNAL]|Bytes:10
10:46:14.0 (3454622)|METHOD_ENTRY|[1]|01p50000002CIEm|ETLC_ApexBridge_Controller.ETLC_ApexBridge_Controller()
10:46:14.0 (3461000)|STATEMENT_EXECUTE|[1]
10:46:14.0 (3467931)|STATEMENT_EXECUTE|[1]
10:46:14.0 (3498914)|METHOD_EXIT|[1]|ETLC_ApexBridge_Controller
10:46:14.0 (3508456)|HEAP_ALLOCATE|[EXTERNAL]|Bytes:122
10:46:14.0 (3526635)|SYSTEM_MODE_ENTER|false
10:46:14.0 (3685069)|VARIABLE_SCOPE_BEGIN|[3]|dataJson|String|false|false
10:46:14.0 (3807734)|VARIABLE_ASSIGNMENT|[3]|dataJson|"{\"operation\":\"BFFFol (102 more) ..."
10:46:14.0 (3824967)|STATEMENT_EXECUTE|[3]
10:46:14.0 (3827633)|STATEMENT_EXECUTE|[4]
10:46:14.0 (6453690)|VARIABLE_SCOPE_BEGIN|[4]|data|ETLC_ApexBridge_Data|true|false
10:46:14.0 (6474243)|VARIABLE_ASSIGNMENT|[4]|data|null|
10:46:14.0 (6479559)|STATEMENT_EXECUTE|[5]
10:46:14.0 (6481830)|STATEMENT_EXECUTE|[5]
10:46:14.0 (6483773)|STATEMENT_EXECUTE|[6]
10:46:14.0 (6507281)|HEAP_ALLOCATE|[6]|Bytes:11
10:46:14.0 (6520491)|HEAP_ALLOCATE|[6]|Bytes:248
10:46:14.0 (6526500)|HEAP_ALLOCATE|[6]|Bytes:39
10:46:14.0 (6575603)|METHOD_ENTRY|[2]|01p50000002CIEo|ETLC_ApexBridge_Data.ETLC_ApexBridge_Data()
10:46:14.0 (6580643)|STATEMENT_EXECUTE|[2]
10:46:14.0 (6585990)|STATEMENT_EXECUTE|[2]
10:46:14.0 (6594194)|METHOD_EXIT|[2]|ETLC_ApexBridge_Data
10:46:14.0 (6651132)|METHOD_ENTRY|[6]|01p50000002CIEo|ETLC_ApexBridge_Data.fromJSON(String)
10:46:14.0 (6707447)|VARIABLE_SCOPE_BEGIN|[60]|strJson|String|false|false
10:46:14.0 (6725259)|VARIABLE_ASSIGNMENT|[60]|strJson|"{\"operation\":\"BFFFol (102 more) ..."
10:46:14.0 (6731608)|STATEMENT_EXECUTE|[60]
10:46:14.0 (6733698)|STATEMENT_EXECUTE|[61]
10:46:14.0 (6745339)|HEAP_ALLOCATE|[61]|Bytes:20
10:46:14.0 (6770006)|HEAP_ALLOCATE|[50]|Bytes:5
10:46:14.0 (6797304)|HEAP_ALLOCATE|[56]|Bytes:5
10:46:14.0 (6813936)|HEAP_ALLOCATE|[64]|Bytes:7
10:46:14.0 (6955369)|HEAP_ALLOCATE|[61]|Bytes:24
10:46:14.0 (6969751)|SYSTEM_METHOD_ENTRY|[1]|Type.Type()
10:46:14.0 (6973267)|STATEMENT_EXECUTE|[1]
10:46:14.0 (6983579)|SYSTEM_METHOD_EXIT|[1]|Type
10:46:14.0 (6990699)|HEAP_ALLOCATE|[61]|Bytes:8
10:46:14.0 (7013070)|HEAP_ALLOCATE|[61]|Bytes:8
10:46:14.0 (7022536)|VARIABLE_SCOPE_BEGIN|[4]|this|System.Type|true|false
10:46:14.0 (7107448)|VARIABLE_ASSIGNMENT|[4]|this|{}|0x714acc61
10:46:14.0 (7115655)|VARIABLE_SCOPE_BEGIN|[4]|apextype|java:common.apex.runtime.ApexObjectType|true|false
10:46:14.0 (7330847)|VARIABLE_ASSIGNMENT|[4]|apextype|"ETLC_ApexBridge_Data"|0x2c31774e
10:46:14.0 (7461008)|HEAP_ALLOCATE|[61]|Bytes:8
10:46:14.0 (7511039)|HEAP_ALLOCATE|[61]|Bytes:24
10:46:14.0 (7525102)|SYSTEM_METHOD_ENTRY|[1]|JSON.JSON()
10:46:14.0 (7528974)|STATEMENT_EXECUTE|[1]
10:46:14.0 (7538642)|SYSTEM_METHOD_EXIT|[1]|JSON
10:46:14.0 (7568405)|METHOD_ENTRY|[61]||System.JSON.deserializeStrict(String, System.Type)
10:46:14.0 (8712208)|METHOD_EXIT|[61]||System.JSON.deserializeStrict(String, System.Type)
10:46:14.0 (8737769)|METHOD_EXIT|[6]|01p50000002CIEo|ETLC_ApexBridge_Data.fromJSON(String)
10:46:14.0 (8828549)|VARIABLE_ASSIGNMENT|[6]|data|{"debug":true,"input":"{\"mode\":\"fetchUserFe (34 more) ...","operation":"BFFFollow_Controller"}|0x65335046
10:46:14.0 (8837017)|STATEMENT_EXECUTE|[7]
10:46:14.0 (8850530)|HEAP_ALLOCATE|[7]|Bytes:6
10:46:14.0 (8962780)|HEAP_ALLOCATE|[7]|Bytes:202
10:46:14.0 (8997240)|HEAP_ALLOCATE|[7]|Bytes:208
10:46:14.0 (9067159)|USER_DEBUG|[7]|DEBUG|data::ETLC_ApexBridge_Data:[debug=true, input={"mode":"fetchUserFeed","userId":"00550000005d7KnAAI"}, isSuccess=null, messages=null, operation=BFFFollow_Controller, output=null, outputFlag=null, records=null]
10:46:14.0 (9085085)|STATEMENT_EXECUTE|[8]
10:46:14.0 (9178946)|VARIABLE_ASSIGNMENT|[EXTERNAL]|this|{"debug":true,"input":"{\"mode\":\"fetchUserFe (34 more) ...","operation":"BFFFollow_Controller"}|0x65335046
10:46:14.0 (9216157)|METHOD_ENTRY|[8]||System.Type.forName(String)
10:46:14.0 (12061717)|METHOD_EXIT|[8]||System.Type.forName(String)
10:46:14.0 (12098035)|METHOD_ENTRY|[8]||System.Type.newInstance()
10:46:14.0 (13990376)|STATEMENT_EXECUTE|[1]
10:46:14.0 (14011921)|HEAP_ALLOCATE|[33]|Bytes:5
10:46:14.0 (14031386)|METHOD_EXIT|[1]|BFFFollow_Controller
10:46:14.0 (14048648)|HEAP_ALLOCATE|[33]|Bytes:4
10:46:14.0 (14061756)|VARIABLE_SCOPE_BEGIN|[1]|this|BFFFollow_Controller|true|false
10:46:14.0 (14105384)|VARIABLE_ASSIGNMENT|[1]|this|{}|0xfc2b21d
10:46:14.0 (14114858)|HEAP_ALLOCATE|[33]|Bytes:5
10:46:14.0 (14125010)|HEAP_ALLOCATE|[33]|Bytes:11
10:46:14.0 (14143568)|METHOD_ENTRY|[1]|01p50000002CIEj|ETLC_ApexBridge_Abstract.ETLC_ApexBridge_Abstract()
10:46:14.0 (14146901)|STATEMENT_EXECUTE|[1]
10:46:14.0 (14150784)|STATEMENT_EXECUTE|[1]
10:46:14.0 (14155480)|METHOD_EXIT|[1]|ETLC_ApexBridge_Abstract
10:46:14.0 (14168518)|CONSTRUCTOR_ENTRY|[EXTERNAL]|01p50000002CIEj|<init>()
10:46:14.0 (14196144)|VARIABLE_SCOPE_BEGIN|[1]|this|ETLC_ApexBridge_Abstract|true|false
10:46:14.0 (14213173)|VARIABLE_ASSIGNMENT|[1]|this|{}|0xfc2b21d
10:46:14.0 (14232548)|STATEMENT_EXECUTE|[1]
10:46:14.0 (14240052)|CONSTRUCTOR_EXIT|[EXTERNAL]|01p50000002CIEj|<init>()
10:46:14.0 (14246004)|STATEMENT_EXECUTE|[1]
10:46:14.0 (14250974)|HEAP_ALLOCATE|[33]|Bytes:5
10:46:14.0 (14283032)|METHOD_EXIT|[8]||System.Type.newInstance()
10:46:14.0 (14297968)|VARIABLE_SCOPE_BEGIN|[8]|executor|ETLC_ApexBridge_Abstract|true|false
10:46:14.0 (14313063)|VARIABLE_ASSIGNMENT|[8]|executor|{}|0xfc2b21d
10:46:14.0 (14315950)|STATEMENT_EXECUTE|[9]
10:46:14.0 (14377302)|METHOD_ENTRY|[9]|01p50000002D8iw|BFFFollow_Controller.process(ETLC_ApexBridge_Data)
10:46:14.0 (14420687)|VARIABLE_SCOPE_BEGIN|[3]|this|BFFFollow_Controller|true|false
10:46:14.0 (14436160)|VARIABLE_ASSIGNMENT|[3]|this|{}|0xfc2b21d
10:46:14.0 (14440811)|VARIABLE_SCOPE_BEGIN|[3]|data|ETLC_ApexBridge_Data|true|false
10:46:14.0 (14485195)|VARIABLE_ASSIGNMENT|[3]|data|{"debug":true,"input":"{\"mode\":\"fetchUserFe (34 more) ...","operation":"BFFFollow_Controller"}|0x65335046
10:46:14.0 (14496224)|HEAP_ALLOCATE|[4]|Bytes:5
10:46:14.0 (14500556)|STATEMENT_EXECUTE|[3]
10:46:14.0 (14501971)|STATEMENT_EXECUTE|[4]
10:46:14.0 (14596319)|VARIABLE_ASSIGNMENT|[EXTERNAL]|this|{"debug":true,"input":"{\"mode\":\"fetchUserFe (34 more) ...","operation":"BFFFollow_Controller"}|0x65335046
10:46:14.0 (14626789)|VARIABLE_ASSIGNMENT|[4]|BFFFollow_Controller.debugFlag|true
10:46:14.0 (14672125)|VARIABLE_ASSIGNMENT|[EXTERNAL]|this|{"debug":true,"input":"{\"mode\":\"fetchUserFe (34 more) ...","operation":"BFFFollow_Controller"}|0x65335046
10:46:14.0 (14690020)|STATEMENT_EXECUTE|[5]
10:46:14.0 (14699510)|HEAP_ALLOCATE|[5]|Bytes:12
10:46:14.0 (14753253)|HEAP_ALLOCATE|[5]|Bytes:202
10:46:14.0 (14773026)|HEAP_ALLOCATE|[5]|Bytes:214
10:46:14.0 (14801470)|USER_DEBUG|[5]|DEBUG|data BEFORE:ETLC_ApexBridge_Data:[debug=true, input={"mode":"fetchUserFeed","userId":"00550000005d7KnAAI"}, isSuccess=null, messages=null, operation=BFFFollow_Controller, output=null, outputFlag=null, records=null]
10:46:14.0 (14810944)|STATEMENT_EXECUTE|[7]
10:46:14.0 (14819363)|HEAP_ALLOCATE|[7]|Bytes:4
10:46:14.0 (14855292)|METHOD_ENTRY|[7]|01p50000002CIEo|ETLC_ApexBridge_Data.getInputValue(String)
10:46:14.0 (14883974)|VARIABLE_SCOPE_BEGIN|[52]|this|ETLC_ApexBridge_Data|true|false
10:46:14.0 (14910983)|VARIABLE_ASSIGNMENT|[52]|this|{"debug":true,"input":"{\"mode\":\"fetchUserFe (34 more) ...","operation":"BFFFollow_Controller"}|0x65335046
10:46:14.0 (14917476)|VARIABLE_SCOPE_BEGIN|[52]|key|String|false|false
10:46:14.0 (14921683)|VARIABLE_ASSIGNMENT|[52]|key|"mode"
10:46:14.0 (14926211)|STATEMENT_EXECUTE|[52]
10:46:14.0 (14927798)|STATEMENT_EXECUTE|[53]
10:46:14.0 (14990348)|VARIABLE_ASSIGNMENT|[EXTERNAL]|this|{"debug":true,"input":"{\"mode\":\"fetchUserFe (34 more) ...","operation":"BFFFollow_Controller"}|0x65335046
10:46:14.0 (15019786)|METHOD_ENTRY|[53]||System.JSON.deserializeUntyped(String)
10:46:14.0 (15366771)|METHOD_EXIT|[53]||System.JSON.deserializeUntyped(String)
10:46:14.0 (15379340)|VARIABLE_SCOPE_BEGIN|[53]|inputMap|Map<String,ANY>|true|false
10:46:14.0 (15411780)|VARIABLE_ASSIGNMENT|[53]|inputMap|{"s":1,"v":{"mode":"fetchUserFeed","userId":"00550000005d7KnAAI"}}|0x26a49dff
10:46:14.0 (15415889)|STATEMENT_EXECUTE|[54]
10:46:14.0 (15478219)|METHOD_EXIT|[7]|01p50000002CIEo|ETLC_ApexBridge_Data.getInputValue(String)
10:46:14.0 (15486544)|VARIABLE_SCOPE_BEGIN|[7]|mode|String|false|false
10:46:14.0 (15493880)|VARIABLE_ASSIGNMENT|[7]|mode|"fetchUserFeed"
10:46:14.0 (15498707)|HEAP_ALLOCATE|[9]|Bytes:18
10:46:14.0 (15530061)|HEAP_ALLOCATE|[12]|Bytes:17
10:46:14.0 (15539290)|HEAP_ALLOCATE|[14]|Bytes:13
10:46:14.0 (15549114)|STATEMENT_EXECUTE|[14]
10:46:14.0 (15550684)|STATEMENT_EXECUTE|[15]
10:46:14.0 (15558518)|HEAP_ALLOCATE|[15]|Bytes:6
10:46:14.0 (15574675)|METHOD_ENTRY|[15]|01p50000002CIEo|ETLC_ApexBridge_Data.getInputValue(String)
10:46:14.0 (15591509)|VARIABLE_SCOPE_BEGIN|[52]|this|ETLC_ApexBridge_Data|true|false
10:46:14.0 (15619455)|VARIABLE_ASSIGNMENT|[52]|this|{"debug":true,"input":"{\"mode\":\"fetchUserFe (34 more) ...","operation":"BFFFollow_Controller"}|0x65335046
10:46:14.0 (15623422)|VARIABLE_SCOPE_BEGIN|[52]|key|String|false|false
10:46:14.0 (15626867)|VARIABLE_ASSIGNMENT|[52]|key|"userId"
10:46:14.0 (15630655)|STATEMENT_EXECUTE|[52]
10:46:14.0 (15631964)|STATEMENT_EXECUTE|[53]
10:46:14.0 (15667391)|VARIABLE_ASSIGNMENT|[EXTERNAL]|this|{"debug":true,"input":"{\"mode\":\"fetchUserFe (34 more) ...","operation":"BFFFollow_Controller"}|0x65335046
10:46:14.0 (15684864)|METHOD_ENTRY|[53]||System.JSON.deserializeUntyped(String)
10:46:14.0 (15839381)|METHOD_EXIT|[53]||System.JSON.deserializeUntyped(String)
10:46:14.0 (15850774)|VARIABLE_SCOPE_BEGIN|[53]|inputMap|Map<String,ANY>|true|false
10:46:14.0 (15872727)|VARIABLE_ASSIGNMENT|[53]|inputMap|{"s":1,"v":{"mode":"fetchUserFeed","userId":"00550000005d7KnAAI"}}|0x7a10fedb
10:46:14.0 (15877098)|STATEMENT_EXECUTE|[54]
10:46:14.0 (15905354)|METHOD_EXIT|[15]|01p50000002CIEo|ETLC_ApexBridge_Data.getInputValue(String)
10:46:14.0 (15922413)|HEAP_ALLOCATE|[15]|Bytes:4
10:46:14.0 (15942953)|METHOD_ENTRY|[15]|01p50000002D8iw|BFFFollow_Controller.fetchUserFeed(Id)
10:46:14.0 (15951492)|VARIABLE_SCOPE_BEGIN|[65]|this|BFFFollow_Controller|true|false
10:46:14.0 (15966036)|VARIABLE_ASSIGNMENT|[65]|this|{}|0xfc2b21d
10:46:14.0 (15970784)|VARIABLE_SCOPE_BEGIN|[65]|userId|Id|false|false
10:46:14.0 (16066883)|VARIABLE_ASSIGNMENT|[65]|userId|"00550000005d7KnAAI"
10:46:14.0 (16082297)|HEAP_ALLOCATE|[66]|Bytes:5
10:46:14.0 (16087051)|STATEMENT_EXECUTE|[65]
10:46:14.0 (16088498)|STATEMENT_EXECUTE|[66]
10:46:14.0 (16089485)|STATEMENT_EXECUTE|[66]
10:46:14.0 (16090639)|STATEMENT_EXECUTE|[67]
10:46:14.0 (16159039)|HEAP_ALLOCATE|[67]|Bytes:24
10:46:14.0 (16171146)|SYSTEM_METHOD_ENTRY|[1]|Network.Network()
10:46:14.0 (16173851)|STATEMENT_EXECUTE|[1]
10:46:14.0 (16180012)|SYSTEM_METHOD_EXIT|[1]|Network
10:46:14.0 (16200330)|METHOD_ENTRY|[67]||System.Network.getNetworkId()
10:46:14.0 (16249005)|METHOD_EXIT|[67]||System.Network.getNetworkId()
10:46:14.0 (16485665)|HEAP_ALLOCATE|[67]|Bytes:18
10:46:14.0 (16529083)|HEAP_ALLOCATE|[67]|Bytes:968
10:46:14.0 (16539694)|SYSTEM_METHOD_ENTRY|[5]|ChatterFeeds.ChatterFeeds()
10:46:14.0 (16542276)|STATEMENT_EXECUTE|[5]
10:46:14.0 (16547993)|SYSTEM_METHOD_EXIT|[5]|ChatterFeeds
10:46:14.0 (16567339)|METHOD_ENTRY|[67]||ConnectApi.ChatterFeeds.getFeedElementsFromFeed(String, ConnectApi.FeedType, String)
10:46:14.0 (103490208)|SYSTEM_METHOD_EXIT|[5]|FeedElementPage
10:46:14.0 (103504241)|HEAP_ALLOCATE|[3649]|Bytes:84
10:46:14.0 (103511641)|HEAP_ALLOCATE|[3649]|Bytes:12
10:46:14.0 (103515228)|HEAP_ALLOCATE|[3649]|Bytes:8
10:46:14.0 (103522393)|VARIABLE_SCOPE_BEGIN|[39]|this|ConnectApi.FeedElementPage|true|false
10:46:14.0 (103572003)|VARIABLE_ASSIGNMENT|[39]|this|{}|0x6fe1fd45
10:46:14.0 (103576437)|VARIABLE_SCOPE_BEGIN|[39]|versionIn|Double|false|false
10:46:14.0 (103582933)|VARIABLE_ASSIGNMENT|[39]|versionIn|34.0
10:46:14.0 (103585252)|VARIABLE_SCOPE_BEGIN|[39]|javaObj|java:sfdc.chatter.connect.api.output.feeds.FeedElementCollectionRepresentation|true|false
10:46:14.0 (103731733)|VARIABLE_ASSIGNMENT|[39]|javaObj|"sfdc.chatter.connect.api.output.feeds.FeedElementCollectionRepresentation@311484bb"|0x311484bb
10:46:14.0 (104271496)|SYSTEM_METHOD_EXIT|[5]|FeedItem
10:46:14.0 (104280624)|HEAP_ALLOCATE|[59]|Bytes:252
10:46:14.0 (104285969)|HEAP_ALLOCATE|[59]|Bytes:12
10:46:14.0 (104289496)|HEAP_ALLOCATE|[59]|Bytes:8
10:46:14.0 (104293775)|VARIABLE_SCOPE_BEGIN|[56]|this|ConnectApi.FeedItem|true|false
10:46:14.0 (104333081)|HEAP_ALLOCATE|[59]|Bytes:312
10:46:14.0 (104340321)|HEAP_ALLOCATE|[59]|Bytes:75
10:46:14.0 (104369119)|SYSTEM_METHOD_ENTRY|[5]|FeedElement.FeedElement()
10:46:14.0 (104372188)|STATEMENT_EXECUTE|[5]
10:46:14.0 (104379004)|SYSTEM_METHOD_EXIT|[5]|FeedElement
10:46:14.0 (104412557)|VARIABLE_ASSIGNMENT|[56]|this|{}|0x5be90b32
10:46:14.0 (104417043)|VARIABLE_SCOPE_BEGIN|[56]|versionIn|Double|false|false
10:46:14.0 (104423263)|VARIABLE_ASSIGNMENT|[56]|versionIn|34.0
10:46:14.0 (104425566)|VARIABLE_SCOPE_BEGIN|[56]|javaObj|java:sfdc.chatter.connect.api.output.feeds.FeedItemRepresentation|true|false
10:46:14.0 (104510869)|VARIABLE_ASSIGNMENT|[56]|javaObj|"\n\u003CFeedItem id(0D55000003LnC3uCAF)\u003E\n\u003CUser id(00550000005d7KnAAI) name(Test User) /\u003E\n\u003CFeedBody text(Account test 1\n), isRichText(true) /\u003Esfdc.chatter.connect.api.output.feeds.FeedElementCommentCollectionRepresentation@29b78d12\n\u003C/FeedItem\u003E"|0x49dc46b4
10:46:14.0 (104743178)|SYSTEM_METHOD_EXIT|[5]|FeedBody
10:46:14.0 (104750104)|HEAP_ALLOCATE|[46]|Bytes:36
10:46:14.0 (104754587)|HEAP_ALLOCATE|[46]|Bytes:12
10:46:14.0 (104757896)|HEAP_ALLOCATE|[46]|Bytes:8
10:46:14.0 (104762079)|VARIABLE_SCOPE_BEGIN|[16]|this|ConnectApi.FeedBody|true|false
10:46:14.0 (104783005)|HEAP_ALLOCATE|[46]|Bytes:164
10:46:14.0 (104788836)|HEAP_ALLOCATE|[46]|Bytes:44
10:46:14.0 (104819002)|SYSTEM_METHOD_ENTRY|[5]|AbstractMessageBody.AbstractMessageBody()
10:46:14.0 (104821647)|STATEMENT_EXECUTE|[5]
10:46:14.0 (104828050)|SYSTEM_METHOD_EXIT|[5]|AbstractMessageBody
10:46:14.0 (104841474)|VARIABLE_ASSIGNMENT|[16]|this|{}|0x5cf83268
10:46:14.0 (104845208)|VARIABLE_SCOPE_BEGIN|[16]|versionIn|Double|false|false
10:46:14.0 (104850925)|VARIABLE_ASSIGNMENT|[16]|versionIn|34.0
10:46:14.0 (104852967)|VARIABLE_SCOPE_BEGIN|[16]|javaObj|java:sfdc.chatter.connect.api.output.feeds.FeedBodyRepresentation|true|false
10:46:14.0 (104917717)|VARIABLE_ASSIGNMENT|[16]|javaObj|"\n\u003CFeedBody text(Account test 1\n), isRichText(true) /\u003E"|0x4fdb025e
10:46:14.0 (105289157)|SYSTEM_METHOD_EXIT|[5]|MarkupBeginSegment
10:46:14.0 (105297363)|HEAP_ALLOCATE|[43]|Bytes:44
10:46:14.0 (105301704)|HEAP_ALLOCATE|[43]|Bytes:12
10:46:14.0 (105305067)|HEAP_ALLOCATE|[43]|Bytes:8
10:46:14.0 (105309201)|VARIABLE_SCOPE_BEGIN|[20]|this|ConnectApi.MarkupBeginSegment|true|false
10:46:14.0 (105332807)|HEAP_ALLOCATE|[43]|Bytes:120
10:46:14.0 (105338921)|HEAP_ALLOCATE|[43]|Bytes:40
10:46:14.0 (105365597)|SYSTEM_METHOD_ENTRY|[5]|MessageSegment.MessageSegment()
10:46:14.0 (105367941)|STATEMENT_EXECUTE|[5]
10:46:14.0 (105374014)|SYSTEM_METHOD_EXIT|[5]|MessageSegment
10:46:14.0 (105386127)|VARIABLE_ASSIGNMENT|[20]|this|{}|0x5a11c9aa
10:46:14.0 (105394115)|VARIABLE_SCOPE_BEGIN|[20]|versionIn|Double|false|false
10:46:14.0 (105400118)|VARIABLE_ASSIGNMENT|[20]|versionIn|34.0
10:46:14.0 (105402418)|VARIABLE_SCOPE_BEGIN|[20]|javaObj|java:sfdc.chatter.connect.api.output.feeds.MarkupBeginMessageSegmentRepresentation|true|false
10:46:14.0 (105472372)|VARIABLE_ASSIGNMENT|[20]|javaObj|"MarkupBegin(\"Paragraph\", \"p\")"|0x71d3cdba
10:46:14.0 (106337709)|SYSTEM_METHOD_EXIT|[5]|TextSegment
10:46:14.0 (106348720)|HEAP_ALLOCATE|[43]|Bytes:28
10:46:14.0 (106353332)|HEAP_ALLOCATE|[43]|Bytes:12
10:46:14.0 (106356665)|HEAP_ALLOCATE|[43]|Bytes:8
10:46:14.0 (106360989)|VARIABLE_SCOPE_BEGIN|[16]|this|ConnectApi.TextSegment|true|false
10:46:14.0 (106383573)|VARIABLE_ASSIGNMENT|[16]|this|{}|0x7bfbeca2
10:46:14.0 (106391365)|VARIABLE_SCOPE_BEGIN|[16]|versionIn|Double|false|false
10:46:14.0 (106396912)|VARIABLE_ASSIGNMENT|[16]|versionIn|34.0
10:46:14.0 (106399158)|VARIABLE_SCOPE_BEGIN|[16]|javaObj|java:sfdc.chatter.connect.api.output.feeds.TextMessageSegmentRepresentation|true|false
10:46:14.0 (106465928)|VARIABLE_ASSIGNMENT|[16]|javaObj|"Text(\"Account test 1\")"|0x2f7336ee
10:46:14.0 (106791716)|SYSTEM_METHOD_EXIT|[5]|MarkupEndSegment
10:46:14.0 (106799149)|HEAP_ALLOCATE|[43]|Bytes:44
10:46:14.0 (106803470)|HEAP_ALLOCATE|[43]|Bytes:12
10:46:14.0 (106806820)|HEAP_ALLOCATE|[43]|Bytes:8
10:46:14.0 (106810515)|VARIABLE_SCOPE_BEGIN|[20]|this|ConnectApi.MarkupEndSegment|true|false
10:46:14.0 (106835263)|VARIABLE_ASSIGNMENT|[20]|this|{}|0x402290a7
10:46:14.0 (106839222)|VARIABLE_SCOPE_BEGIN|[20]|versionIn|Double|false|false
10:46:14.0 (106844244)|VARIABLE_ASSIGNMENT|[20]|versionIn|34.0
10:46:14.0 (106846288)|VARIABLE_SCOPE_BEGIN|[20]|javaObj|java:sfdc.chatter.connect.api.output.feeds.MarkupEndMessageSegmentRepresentation|true|false
10:46:14.0 (106911393)|VARIABLE_ASSIGNMENT|[20]|javaObj|"MarkupEnd(\"Paragraph\", \"p\")"|0x211f333
10:46:14.0 (107364044)|SYSTEM_METHOD_EXIT|[5]|FeedElementCapabilities
10:46:14.0 (107372539)|HEAP_ALLOCATE|[49]|Bytes:236
10:46:14.0 (107377099)|HEAP_ALLOCATE|[49]|Bytes:12
10:46:14.0 (107380591)|HEAP_ALLOCATE|[49]|Bytes:8
10:46:14.0 (107384910)|VARIABLE_SCOPE_BEGIN|[77]|this|ConnectApi.FeedElementCapabilities|true|false
10:46:14.0 (107446406)|VARIABLE_ASSIGNMENT|[77]|this|{}|0x26ab812f
10:46:14.0 (107450751)|VARIABLE_SCOPE_BEGIN|[77]|versionIn|Double|false|false
10:46:14.0 (107455927)|VARIABLE_ASSIGNMENT|[77]|versionIn|34.0
10:46:14.0 (107458076)|VARIABLE_SCOPE_BEGIN|[77]|javaObj|java:sfdc.chatter.connect.api.output.feeds.FeedElementCapabilitySetRepresentation|true|false
10:46:14.0 (107520125)|VARIABLE_ASSIGNMENT|[77]|javaObj|"sfdc.chatter.connect.api.output.feeds.FeedElementCapabilitySetRepresentation@10d91752"|0x10d91752
10:46:14.0 (107713972)|SYSTEM_METHOD_EXIT|[5]|AssociatedActionsCapability
10:46:14.0 (107720882)|HEAP_ALLOCATE|[85]|Bytes:20
10:46:14.0 (107725268)|HEAP_ALLOCATE|[85]|Bytes:12
10:46:14.0 (107728523)|HEAP_ALLOCATE|[85]|Bytes:8
10:46:14.0 (107732268)|VARIABLE_SCOPE_BEGIN|[18]|this|ConnectApi.AssociatedActionsCapability|true|false
10:46:14.0 (107754890)|VARIABLE_ASSIGNMENT|[18]|this|{}|0x44aa1a46
10:46:14.0 (107758893)|VARIABLE_SCOPE_BEGIN|[18]|versionIn|Double|false|false
10:46:14.0 (107764048)|VARIABLE_ASSIGNMENT|[18]|versionIn|34.0
10:46:14.0 (107766231)|VARIABLE_SCOPE_BEGIN|[18]|javaObj|java:sfdc.chatter.connect.api.output.feeds.AssociatedActionsCapabilityRepresentation|true|false
10:46:14.0 (107830148)|VARIABLE_ASSIGNMENT|[18]|javaObj|"sfdc.chatter.connect.api.output.feeds.AssociatedActionsCapabilityRepresentation@492fe18b"|0x492fe18b
10:46:14.0 (108351483)|SYSTEM_METHOD_EXIT|[5]|BookmarksCapability
10:46:14.0 (108359357)|HEAP_ALLOCATE|[91]|Bytes:20
10:46:14.0 (108363766)|HEAP_ALLOCATE|[91]|Bytes:12
10:46:14.0 (108367172)|HEAP_ALLOCATE|[91]|Bytes:8
10:46:14.0 (108371112)|VARIABLE_SCOPE_BEGIN|[18]|this|ConnectApi.BookmarksCapability|true|false
10:46:14.0 (108397034)|VARIABLE_ASSIGNMENT|[18]|this|{}|0x3377a378
10:46:14.0 (108401509)|VARIABLE_SCOPE_BEGIN|[18]|versionIn|Double|false|false
10:46:14.0 (108406817)|VARIABLE_ASSIGNMENT|[18]|versionIn|34.0
10:46:14.0 (108409022)|VARIABLE_SCOPE_BEGIN|[18]|javaObj|java:sfdc.chatter.connect.api.output.feeds.BookmarksCapabilityRepresentation|true|false
10:46:14.0 (108473685)|VARIABLE_ASSIGNMENT|[18]|javaObj|"sfdc.chatter.connect.api.output.feeds.BookmarksCapabilityRepresentation@6bcc41c3"|0x6bcc41c3
10:46:14.0 (108703593)|SYSTEM_METHOD_EXIT|[5]|ChatterLikesCapability
10:46:14.0 (108710764)|HEAP_ALLOCATE|[103]|Bytes:44
10:46:14.0 (108715007)|HEAP_ALLOCATE|[103]|Bytes:12
10:46:14.0 (108718262)|HEAP_ALLOCATE|[103]|Bytes:8
10:46:14.0 (108722207)|VARIABLE_SCOPE_BEGIN|[24]|this|ConnectApi.ChatterLikesCapability|true|false
10:46:14.0 (108747876)|VARIABLE_ASSIGNMENT|[24]|this|{}|0x7f200ed6
10:46:14.0 (108751654)|VARIABLE_SCOPE_BEGIN|[24]|versionIn|Double|false|false
10:46:14.0 (108756819)|VARIABLE_ASSIGNMENT|[24]|versionIn|34.0
10:46:14.0 (108758923)|VARIABLE_SCOPE_BEGIN|[24]|javaObj|java:sfdc.chatter.connect.api.output.feeds.ChatterLikesCapabilityRepresentation|true|false
10:46:14.0 (108821446)|VARIABLE_ASSIGNMENT|[24]|javaObj|"sfdc.chatter.connect.api.output.feeds.ChatterLikesCapabilityRepresentation@49b59b00"|0x49b59b00
10:46:14.0 (109027973)|SYSTEM_METHOD_EXIT|[5]|ChatterLikePage
10:46:14.0 (109035648)|HEAP_ALLOCATE|[38]|Bytes:84
10:46:14.0 (109039907)|HEAP_ALLOCATE|[38]|Bytes:12
10:46:14.0 (109043147)|HEAP_ALLOCATE|[38]|Bytes:8
10:46:14.0 (109047012)|VARIABLE_SCOPE_BEGIN|[39]|this|ConnectApi.ChatterLikePage|true|false
10:46:14.0 (109075641)|VARIABLE_ASSIGNMENT|[39]|this|{}|0x47578d2d
10:46:14.0 (109079165)|VARIABLE_SCOPE_BEGIN|[39]|versionIn|Double|false|false
10:46:14.0 (109084013)|VARIABLE_ASSIGNMENT|[39]|versionIn|34.0
10:46:14.0 (109086052)|VARIABLE_SCOPE_BEGIN|[39]|javaObj|java:sfdc.chatter.connect.api.output.feeds.LikeCollectionRepresentation|true|false
10:46:14.0 (109151618)|VARIABLE_ASSIGNMENT|[39]|javaObj|"sfdc.chatter.connect.api.output.feeds.LikeCollectionRepresentation@4e1c1e5d"|0x4e1c1e5d
10:46:14.0 (109651274)|SYSTEM_METHOD_EXIT|[5]|CommentsCapability
10:46:14.0 (109657734)|HEAP_ALLOCATE|[106]|Bytes:20
10:46:14.0 (109662115)|HEAP_ALLOCATE|[106]|Bytes:12
10:46:14.0 (109665395)|HEAP_ALLOCATE|[106]|Bytes:8
10:46:14.0 (109669280)|VARIABLE_SCOPE_BEGIN|[18]|this|ConnectApi.CommentsCapability|true|false
10:46:14.0 (109690436)|VARIABLE_ASSIGNMENT|[18]|this|{}|0x3135eff6
10:46:14.0 (109694291)|VARIABLE_SCOPE_BEGIN|[18]|versionIn|Double|false|false
10:46:14.0 (109699361)|VARIABLE_ASSIGNMENT|[18]|versionIn|34.0
10:46:14.0 (109701465)|VARIABLE_SCOPE_BEGIN|[18]|javaObj|java:sfdc.chatter.connect.api.output.feeds.CommentsCapabilityRepresentation|true|false
10:46:14.0 (109764474)|VARIABLE_ASSIGNMENT|[18]|javaObj|"sfdc.chatter.connect.api.output.feeds.CommentsCapabilityRepresentation@543d0f4b"|0x543d0f4b
10:46:14.0 (109944325)|SYSTEM_METHOD_EXIT|[5]|CommentPage
10:46:14.0 (109951515)|HEAP_ALLOCATE|[23]|Bytes:68
10:46:14.0 (109955855)|HEAP_ALLOCATE|[23]|Bytes:12
10:46:14.0 (109959001)|HEAP_ALLOCATE|[23]|Bytes:8
10:46:14.0 (109962732)|VARIABLE_SCOPE_BEGIN|[35]|this|ConnectApi.CommentPage|true|false
10:46:14.0 (109988910)|VARIABLE_ASSIGNMENT|[35]|this|{}|0x2ff8ce04
10:46:14.0 (109992660)|VARIABLE_SCOPE_BEGIN|[35]|versionIn|Double|false|false
10:46:14.0 (109997422)|VARIABLE_ASSIGNMENT|[35]|versionIn|34.0
10:46:14.0 (109999905)|VARIABLE_SCOPE_BEGIN|[35]|javaObj|java:sfdc.chatter.connect.api.output.feeds.FeedElementCommentCollectionRepresentation|true|false
10:46:14.0 (110062624)|VARIABLE_ASSIGNMENT|[35]|javaObj|"sfdc.chatter.connect.api.output.feeds.FeedElementCommentCollectionRepresentation@138d350"|0x138d350
10:46:14.0 (110569459)|SYSTEM_METHOD_EXIT|[5]|InteractionsCapability
10:46:14.0 (110576419)|HEAP_ALLOCATE|[127]|Bytes:20
10:46:14.0 (110580879)|HEAP_ALLOCATE|[127]|Bytes:12
10:46:14.0 (110584276)|HEAP_ALLOCATE|[127]|Bytes:8
10:46:14.0 (110588021)|VARIABLE_SCOPE_BEGIN|[18]|this|ConnectApi.InteractionsCapability|true|false
10:46:14.0 (110609133)|VARIABLE_ASSIGNMENT|[18]|this|{}|0x1f6cc6de
10:46:14.0 (110612948)|VARIABLE_SCOPE_BEGIN|[18]|versionIn|Double|false|false
10:46:14.0 (110617855)|VARIABLE_ASSIGNMENT|[18]|versionIn|34.0
10:46:14.0 (110619901)|VARIABLE_SCOPE_BEGIN|[18]|javaObj|java:sfdc.chatter.connect.api.output.feeds.InteractionsCapabilityRepresentation|true|false
10:46:14.0 (110681793)|VARIABLE_ASSIGNMENT|[18]|javaObj|"sfdc.chatter.connect.api.output.feeds.InteractionsCapabilityRepresentation@2317d52f"|0x2317d52f
10:46:14.0 (110902163)|SYSTEM_METHOD_EXIT|[5]|MuteCapability
10:46:14.0 (110908858)|HEAP_ALLOCATE|[136]|Bytes:20
10:46:14.0 (110913124)|HEAP_ALLOCATE|[136]|Bytes:12
10:46:14.0 (110916344)|HEAP_ALLOCATE|[136]|Bytes:8
10:46:14.0 (110929668)|VARIABLE_SCOPE_BEGIN|[18]|this|ConnectApi.MuteCapability|true|false
10:46:14.0 (110950415)|VARIABLE_ASSIGNMENT|[18]|this|{}|0x4a76b7a7
10:46:14.0 (110954218)|VARIABLE_SCOPE_BEGIN|[18]|versionIn|Double|false|false
10:46:14.0 (110958869)|VARIABLE_ASSIGNMENT|[18]|versionIn|34.0
10:46:14.0 (110960920)|VARIABLE_SCOPE_BEGIN|[18]|javaObj|java:sfdc.chatter.connect.api.output.feeds.MuteCapabilityRepresentation|true|false
10:46:14.0 (111021359)|VARIABLE_ASSIGNMENT|[18]|javaObj|"sfdc.chatter.connect.api.output.feeds.MuteCapabilityRepresentation@d135fea"|0xd135fea
10:46:14.0 (111262502)|SYSTEM_METHOD_EXIT|[5]|StatusCapability
10:46:14.0 (111268860)|HEAP_ALLOCATE|[157]|Bytes:28
10:46:14.0 (111273406)|HEAP_ALLOCATE|[157]|Bytes:12
10:46:14.0 (111276954)|HEAP_ALLOCATE|[157]|Bytes:8
10:46:14.0 (111280588)|VARIABLE_SCOPE_BEGIN|[20]|this|ConnectApi.StatusCapability|true|false
10:46:14.0 (111303493)|VARIABLE_ASSIGNMENT|[20]|this|{}|0x743032a0
10:46:14.0 (111307216)|VARIABLE_SCOPE_BEGIN|[20]|versionIn|Double|false|false
10:46:14.0 (111311884)|VARIABLE_ASSIGNMENT|[20]|versionIn|34.0
10:46:14.0 (111313830)|VARIABLE_SCOPE_BEGIN|[20]|javaObj|java:sfdc.chatter.connect.api.output.feeds.StatusCapabilityRepresentation|true|false
10:46:14.0 (111375272)|VARIABLE_ASSIGNMENT|[20]|javaObj|"sfdc.chatter.connect.api.output.feeds.StatusCapabilityRepresentation@69132fa4"|0x69132fa4
10:46:14.0 (111783748)|SYSTEM_METHOD_EXIT|[5]|TopicsCapability
10:46:14.0 (111790092)|HEAP_ALLOCATE|[160]|Bytes:28
10:46:14.0 (111794665)|HEAP_ALLOCATE|[160]|Bytes:12
10:46:14.0 (111797805)|HEAP_ALLOCATE|[160]|Bytes:8
10:46:14.0 (111801682)|VARIABLE_SCOPE_BEGIN|[20]|this|ConnectApi.TopicsCapability|true|false
10:46:14.0 (111824605)|VARIABLE_ASSIGNMENT|[20]|this|{}|0x16a776ae
10:46:14.0 (111828480)|VARIABLE_SCOPE_BEGIN|[20]|versionIn|Double|false|false
10:46:14.0 (111833480)|VARIABLE_ASSIGNMENT|[20]|versionIn|34.0
10:46:14.0 (111835404)|VARIABLE_SCOPE_BEGIN|[20]|javaObj|java:sfdc.chatter.connect.api.output.feeds.TopicsCapabilityRepresentation|true|false
10:46:14.0 (111897269)|VARIABLE_ASSIGNMENT|[20]|javaObj|"sfdc.chatter.connect.api.output.feeds.TopicsCapabilityRepresentation@1dc879f"|0x1dc879f
10:46:14.0 (112530477)|SYSTEM_METHOD_EXIT|[5]|MessageBody
10:46:14.0 (112538425)|HEAP_ALLOCATE|[59]|Bytes:36
10:46:14.0 (112542682)|HEAP_ALLOCATE|[59]|Bytes:12
10:46:14.0 (112545987)|HEAP_ALLOCATE|[59]|Bytes:8
10:46:14.0 (112549791)|VARIABLE_SCOPE_BEGIN|[16]|this|ConnectApi.MessageBody|true|false
10:46:14.0 (112577574)|VARIABLE_ASSIGNMENT|[16]|this|{}|0x748c1036
10:46:14.0 (112582518)|VARIABLE_SCOPE_BEGIN|[16]|versionIn|Double|false|false
10:46:14.0 (112589783)|VARIABLE_ASSIGNMENT|[16]|versionIn|34.0
10:46:14.0 (112591988)|VARIABLE_SCOPE_BEGIN|[16]|javaObj|java:sfdc.chatter.connect.api.output.feeds.MessageBodyRepresentation|true|false
10:46:14.0 (112664208)|VARIABLE_ASSIGNMENT|[16]|javaObj|"\n\u003CMessageBody text(Edge Communications — Test User), isRichText(null) /\u003E"|0x4926f0c
10:46:14.0 (112927702)|SYSTEM_METHOD_EXIT|[5]|EntityLinkSegment
10:46:14.0 (112938787)|HEAP_ALLOCATE|[43]|Bytes:44
10:46:14.0 (112942954)|HEAP_ALLOCATE|[43]|Bytes:12
10:46:14.0 (112946264)|HEAP_ALLOCATE|[43]|Bytes:8
10:46:14.0 (112950089)|VARIABLE_SCOPE_BEGIN|[20]|this|ConnectApi.EntityLinkSegment|true|false
10:46:14.0 (112977385)|VARIABLE_ASSIGNMENT|[20]|this|{}|0x292d6b36
10:46:14.0 (112981188)|VARIABLE_SCOPE_BEGIN|[20]|versionIn|Double|false|false
10:46:14.0 (112986150)|VARIABLE_ASSIGNMENT|[20]|versionIn|34.0
10:46:14.0 (112988106)|VARIABLE_SCOPE_BEGIN|[20]|javaObj|java:sfdc.chatter.connect.api.output.feeds.EntityLinkMessageSegmentRepresentation|true|false
10:46:14.0 (113055287)|VARIABLE_ASSIGNMENT|[20]|javaObj|"EntityLink(\"Edge Communications\")"|0x4c28f1f3
10:46:14.0 (113330479)|SYSTEM_METHOD_EXIT|[5]|Motif
10:46:14.0 (113337315)|HEAP_ALLOCATE|[25]|Bytes:52
10:46:14.0 (113341304)|HEAP_ALLOCATE|[25]|Bytes:12
10:46:14.0 (113344486)|HEAP_ALLOCATE|[25]|Bytes:8
10:46:14.0 (113348620)|VARIABLE_SCOPE_BEGIN|[31]|this|ConnectApi.Motif|true|false
10:46:14.0 (113372668)|VARIABLE_ASSIGNMENT|[31]|this|{}|0x58b145e0
10:46:14.0 (113376558)|VARIABLE_SCOPE_BEGIN|[31]|versionIn|Double|false|false
10:46:14.0 (113381326)|VARIABLE_ASSIGNMENT|[31]|versionIn|34.0
10:46:14.0 (113383405)|VARIABLE_SCOPE_BEGIN|[31]|javaObj|java:sfdc.common.connect.api.output.common.MotifRepresentation|true|false
10:46:14.0 (113450093)|VARIABLE_ASSIGNMENT|[31]|javaObj|"sfdc.common.connect.api.output.common.MotifRepresentation@4f4cabf5"|0x4f4cabf5
10:46:14.0 (113677236)|SYSTEM_METHOD_EXIT|[5]|Reference
10:46:14.0 (113683727)|HEAP_ALLOCATE|[28]|Bytes:28
10:46:14.0 (113687726)|HEAP_ALLOCATE|[28]|Bytes:12
10:46:14.0 (113690876)|HEAP_ALLOCATE|[28]|Bytes:8
10:46:14.0 (113694975)|VARIABLE_SCOPE_BEGIN|[25]|this|ConnectApi.Reference|true|false
10:46:14.0 (113715813)|VARIABLE_ASSIGNMENT|[25]|this|{}|0xd7a0df1
10:46:14.0 (113719702)|VARIABLE_SCOPE_BEGIN|[25]|versionIn|Double|false|false
10:46:14.0 (113724392)|VARIABLE_ASSIGNMENT|[25]|versionIn|34.0
10:46:14.0 (113726511)|VARIABLE_SCOPE_BEGIN|[25]|javaObj|java:sfdc.common.connect.api.output.common.ReferenceRepresentation|true|false
10:46:14.0 (113788085)|VARIABLE_ASSIGNMENT|[25]|javaObj|"sfdc.common.connect.api.output.common.ReferenceRepresentation@656c2c4"|0x656c2c4
10:46:14.0 (114895528)|SYSTEM_METHOD_EXIT|[5]|RecordSummary
10:46:14.0 (114903751)|HEAP_ALLOCATE|[68]|Bytes:68
10:46:14.0 (114908238)|HEAP_ALLOCATE|[68]|Bytes:12
10:46:14.0 (114911592)|HEAP_ALLOCATE|[68]|Bytes:8
10:46:14.0 (114917050)|VARIABLE_SCOPE_BEGIN|[16]|this|ConnectApi.RecordSummary|true|false
10:46:14.0 (114940393)|HEAP_ALLOCATE|[68]|Bytes:204
10:46:14.0 (114946489)|HEAP_ALLOCATE|[68]|Bytes:49
10:46:14.0 (114955885)|SYSTEM_METHOD_ENTRY|[5]|ActorWithId.ActorWithId()
10:46:14.0 (114958531)|STATEMENT_EXECUTE|[5]
10:46:14.0 (114965284)|SYSTEM_METHOD_EXIT|[5]|ActorWithId
10:46:14.0 (114975193)|HEAP_ALLOCATE|[68]|Bytes:116
10:46:14.0 (114980339)|HEAP_ALLOCATE|[68]|Bytes:40
10:46:14.0 (114986627)|SYSTEM_METHOD_ENTRY|[5]|Actor.Actor()
10:46:14.0 (114988384)|STATEMENT_EXECUTE|[5]
10:46:14.0 (114992752)|SYSTEM_METHOD_EXIT|[5]|Actor
10:46:14.0 (115004189)|VARIABLE_ASSIGNMENT|[16]|this|{}|0x541a09ab
10:46:14.0 (115009846)|VARIABLE_SCOPE_BEGIN|[16]|versionIn|Double|false|false
10:46:14.0 (115015222)|VARIABLE_ASSIGNMENT|[16]|versionIn|34.0
10:46:14.0 (115024989)|VARIABLE_SCOPE_BEGIN|[16]|javaObj|java:sfdc.common.connect.api.output.records.RecordSummaryRepresentation|true|false
10:46:14.0 (115296504)|VARIABLE_ASSIGNMENT|[16]|javaObj|"\n\u003CRecord type(Account) id(0015000001Bc4SPAAZ) name(Edge Communications) /\u003E"|0x7e2313de
10:46:14.0 (115887884)|SYSTEM_METHOD_EXIT|[5]|UserSummary
10:46:14.0 (115895752)|HEAP_ALLOCATE|[61]|Bytes:164
10:46:14.0 (115900267)|HEAP_ALLOCATE|[61]|Bytes:12
10:46:14.0 (115904143)|HEAP_ALLOCATE|[61]|Bytes:8
10:46:14.0 (115907868)|VARIABLE_SCOPE_BEGIN|[18]|this|ConnectApi.UserSummary|true|false
10:46:14.0 (115933990)|HEAP_ALLOCATE|[61]|Bytes:344
10:46:14.0 (115940708)|HEAP_ALLOCATE|[61]|Bytes:76
10:46:14.0 (115949163)|SYSTEM_METHOD_ENTRY|[5]|User.User()
10:46:14.0 (115951191)|STATEMENT_EXECUTE|[5]
10:46:14.0 (115956971)|SYSTEM_METHOD_EXIT|[5]|User
10:46:14.0 (115982729)|VARIABLE_ASSIGNMENT|[18]|this|{}|0x23eb8c6e
10:46:14.0 (115986404)|VARIABLE_SCOPE_BEGIN|[18]|versionIn|Double|false|false
10:46:14.0 (115991869)|VARIABLE_ASSIGNMENT|[18]|versionIn|34.0
10:46:14.0 (115994263)|VARIABLE_SCOPE_BEGIN|[18]|javaObj|java:sfdc.chatter.connect.api.output.user.UserSummaryRepresentation|true|false
10:46:14.0 (116062864)|VARIABLE_ASSIGNMENT|[18]|javaObj|"\n\u003CUser id(00550000005d7KnAAI) name(Test User) /\u003E"|0x139b3a35
10:46:14.0 (116870847)|SYSTEM_METHOD_EXIT|[5]|Photo
10:46:14.0 (116879668)|HEAP_ALLOCATE|[64]|Bytes:68
10:46:14.0 (116885859)|HEAP_ALLOCATE|[64]|Bytes:12
10:46:14.0 (116891120)|HEAP_ALLOCATE|[64]|Bytes:8
10:46:14.0 (116897258)|VARIABLE_SCOPE_BEGIN|[35]|this|ConnectApi.Photo|true|false
10:46:14.0 (116933349)|VARIABLE_ASSIGNMENT|[35]|this|{}|0x17482ebc
10:46:14.0 (116938650)|VARIABLE_SCOPE_BEGIN|[35]|versionIn|Double|false|false
10:46:14.0 (116946198)|VARIABLE_ASSIGNMENT|[35]|versionIn|34.0
10:46:14.0 (116950053)|VARIABLE_SCOPE_BEGIN|[35]|javaObj|java:sfdc.chatter.connect.api.output.photo.PhotoRepresentation|true|false
10:46:14.0 (117038004)|VARIABLE_ASSIGNMENT|[35]|javaObj|"sfdc.chatter.connect.api.output.photo.PhotoRepresentation@71937268"|0x71937268
10:46:14.0 (156100668)|SYSTEM_METHOD_EXIT|[5]|ChatterLike
10:46:14.0 (156118503)|HEAP_ALLOCATE|[59]|Bytes:44
10:46:14.0 (156127182)|HEAP_ALLOCATE|[59]|Bytes:12
10:46:14.0 (156132455)|HEAP_ALLOCATE|[59]|Bytes:8
10:46:14.0 (156141101)|VARIABLE_SCOPE_BEGIN|[29]|this|ConnectApi.ChatterLike|true|false
10:46:14.0 (156204466)|VARIABLE_ASSIGNMENT|[29]|this|{}|0x44e4c1b3
10:46:14.0 (156212498)|VARIABLE_SCOPE_BEGIN|[29]|versionIn|Double|false|false
10:46:14.0 (156225904)|VARIABLE_ASSIGNMENT|[29]|versionIn|34.0
10:46:14.0 (156232598)|VARIABLE_SCOPE_BEGIN|[29]|javaObj|java:sfdc.chatter.connect.api.output.feeds.LikeRepresentation|true|false
10:46:14.0 (156411067)|VARIABLE_ASSIGNMENT|[29]|javaObj|"sfdc.chatter.connect.api.output.feeds.LikeRepresentation@128f2a5d"|0x128f2a5d
10:46:14.0 (158939644)|SYSTEM_METHOD_EXIT|[5]|Comment
10:46:14.0 (158948426)|HEAP_ALLOCATE|[48]|Bytes:156
10:46:14.0 (158953096)|HEAP_ALLOCATE|[48]|Bytes:12
10:46:14.0 (158956481)|HEAP_ALLOCATE|[48]|Bytes:8
10:46:14.0 (158961523)|VARIABLE_SCOPE_BEGIN|[57]|this|ConnectApi.Comment|true|false
10:46:14.0 (159002269)|VARIABLE_ASSIGNMENT|[57]|this|{}|0x5669efda
10:46:14.0 (159008285)|VARIABLE_SCOPE_BEGIN|[57]|versionIn|Double|false|false
10:46:14.0 (159013641)|VARIABLE_ASSIGNMENT|[57]|versionIn|34.0
10:46:14.0 (159017592)|VARIABLE_SCOPE_BEGIN|[57]|javaObj|java:sfdc.chatter.connect.api.output.feeds.CommentRepresentation|true|false
10:46:14.0 (159521162)|VARIABLE_ASSIGNMENT|[57]|javaObj|"\n\u003CComment id(0D750000002KRgU) parent(sfdc.common.connect.api.output.common.ReferenceRepresentation@346245fd) \u003E\n\u003CFeedBody text(Test), isRichText(false) /\u003E\n\u003CUser id(00550000005d7KnAAI) name(Test User) /\u003E\n\u003C/Comment"|0x5f545cee
10:46:14.0 (160136222)|SYSTEM_METHOD_EXIT|[5]|CommentCapabilities
10:46:14.0 (160144385)|HEAP_ALLOCATE|[68]|Bytes:28
10:46:14.0 (160148796)|HEAP_ALLOCATE|[68]|Bytes:12
10:46:14.0 (160152289)|HEAP_ALLOCATE|[68]|Bytes:8
10:46:14.0 (160157393)|VARIABLE_SCOPE_BEGIN|[25]|this|ConnectApi.CommentCapabilities|true|false
10:46:14.0 (160178945)|VARIABLE_ASSIGNMENT|[25]|this|{}|0xf33cae8
10:46:14.0 (160184254)|VARIABLE_SCOPE_BEGIN|[25]|versionIn|Double|false|false
10:46:14.0 (160189263)|VARIABLE_ASSIGNMENT|[25]|versionIn|34.0
10:46:14.0 (160193148)|VARIABLE_SCOPE_BEGIN|[25]|javaObj|java:sfdc.chatter.connect.api.output.feeds.CommentCapabilitySetRepresentation|true|false
10:46:14.0 (160260417)|VARIABLE_ASSIGNMENT|[25]|javaObj|"sfdc.chatter.connect.api.output.feeds.CommentCapabilitySetRepresentation@16bdf3eb"|0x16bdf3eb
10:46:14.0 (162508098)|SYSTEM_METHOD_EXIT|[5]|MentionSegment
10:46:14.0 (162516163)|HEAP_ALLOCATE|[43]|Bytes:60
10:46:14.0 (162520850)|HEAP_ALLOCATE|[43]|Bytes:12
10:46:14.0 (162524243)|HEAP_ALLOCATE|[43]|Bytes:8
10:46:14.0 (162529402)|VARIABLE_SCOPE_BEGIN|[24]|this|ConnectApi.MentionSegment|true|false
10:46:14.0 (162559358)|VARIABLE_ASSIGNMENT|[24]|this|{}|0x4d1888b4
10:46:14.0 (162564491)|VARIABLE_SCOPE_BEGIN|[24]|versionIn|Double|false|false
10:46:14.0 (162569618)|VARIABLE_ASSIGNMENT|[24]|versionIn|34.0
10:46:14.0 (162573550)|VARIABLE_SCOPE_BEGIN|[24]|javaObj|java:sfdc.chatter.connect.api.output.feeds.MentionMessageSegmentRepresentation|true|false
10:46:14.0 (162839176)|VARIABLE_ASSIGNMENT|[24]|javaObj|"Mention(\"Test User\",00550000005d7KnAAI,true)"|0x5c6d6f75
10:46:14.0 (189319313)|METHOD_EXIT|[67]||ConnectApi.ChatterFeeds.getFeedElementsFromFeed(String, ConnectApi.FeedType, String)
10:46:14.0 (189336741)|VARIABLE_SCOPE_BEGIN|[67]|fep|ConnectApi.FeedElementPage|true|false
10:46:14.0 (189398842)|VARIABLE_ASSIGNMENT|[67]|fep|{}|0x6fe1fd45
10:46:14.0 (189405494)|STATEMENT_EXECUTE|[68]
10:46:14.0 (189506320)|HEAP_ALLOCATE|[68]|Bytes:84
10:46:14.0 (189517726)|VARIABLE_SCOPE_BEGIN|[105]|this|ConnectApi.FeedElementPage|true|false
10:46:14.0 (189544237)|VARIABLE_ASSIGNMENT|[105]|this|{}|0x6fe1fd45
10:46:14.0 (329545345)|USER_DEBUG|[68]|DEBUG|ConnectApi.FeedElementPage[buildVersion=34.0, currentPageToken=null, currentPageUrl=/services/data/v34.0/chatter/feeds/user-profile/00550000005d7KnAAI/feed-elements, elements=(ConnectApi.FeedItem[buildVersion=34.0, actor=ConnectApi.UserSummary[buildVersion=34.0, additionalLabel=null, communityNickname=jrattanpal, companyName=null, displayName=Test User, firstName=Test, id=00550000005d7KnAAI, isActive=true, isInThisCommunity=true, lastName=User, motif=ConnectApi.Motif[buildVersion=34.0, color=65CAE4, largeIconUrl=/img/icon/profile64.png, mediumIconUrl=/img/icon/profile32.png, smallIconUrl=/img/icon/profile16.png, svgIconUrl=null], mySubscription=ConnectApi.Reference[buildVersion=34.0, id=0E85000000Dvxc2CAB, url=/services/data/v34.0/chatter/subscriptions/0E85000000Dvxc2CAB], name=Test User, photo=ConnectApi.Photo[buildVersion=34.0, fullEmailPhotoUrl=https://bfffollow-dev-ed.my.salesforce.com/img/userprofile/default_profile_200.png?fromEmail=1, largePhotoUrl=https://bfffollow-dev-ed--c.na3.content.force.com/profilephoto/005/F, photoVersionId=null, smallPhotoUrl=https://bfffollow-dev-ed--c.na3.content.force.com/profilephoto/005/T, standardEmailPhotoUrl=https://bfffollow-dev-ed.my.salesforce.com/img/userprofile/default_profile_45.png?fromEmail=1, url=/services/data/v34.0/chatter/users/00550000005d7KnAAI/photo], reputation=null, title=null, type=User, url=/services/data/v34.0/chatter/users/00550000005d7KnAAI, userType=Internal], body=ConnectApi.FeedBody[buildVersion=34.0, messageSegments=(ConnectApi.MarkupBeginSegment[buildVersion=34.0, text=, type=MarkupBegin], ConnectApi.TextSegment[buildVersion=34.0, text=Account test 1, type=Text], ConnectApi.MarkupEndSegment[buildVersion=34.0, text=
, type=MarkupEnd]), text=Account test 1
], canShare=false, capabilities=ConnectApi.FeedElementCapabilities[buildVersion=34.0, approval=null, associatedActions=ConnectApi.AssociatedActionsCapability[buildVersion=34.0, platformActionGroups=()], banner=null, bookmarks=ConnectApi.BookmarksCapability[buildVersion=34.0, isBookmarkedByCurrentUser=false], bundle=null, canvas=null, caseComment=null, chatterLikes=ConnectApi.ChatterLikesCapability[buildVersion=34.0, isLikedByCurrentUser=false, likesMessage=null, myLike=null, page=ConnectApi.ChatterLikePage[buildVersion=34.0, currentPageToken=0, currentPageUrl=/services/data/v34.0/chatter/feed-elements/0D55000003LnC3uCAF/capabilities/chatter-likes/items, items=(), nextPageToken=null, nextPageUrl=null, previousPageToken=null, previousPageUrl=null, total=0]], comments=ConnectApi.CommentsCapability[buildVersion=34.0, page=ConnectApi.CommentPage[buildVersion=34.0, currentPageToken=null, currentPageUrl=/services/data/v34.0/chatter/feed-elements/0D55000003LnC3uCAF/capabilities/comments/items, items=(), nextPageToken=null, nextPageUrl=null, total=0]], content=null, dashboardComponentSnapshot=null, edit=null, emailMessage=null, enhancedLink=null, link=null, moderation=null, origin=null, poll=null, questionAndAnswers=null, recommendations=null, recordSnapshot=null, topics=ConnectApi.TopicsCapability[buildVersion=34.0, canAssignTopics=true, items=()], trackedChanges=null], clientInfo=null, createdDate=2016-07-21 10:44:31, event=false, feedElementType=FeedItem, header=ConnectApi.MessageBody[buildVersion=34.0, messageSegments=(ConnectApi.EntityLinkSegment[buildVersion=34.0, motif=ConnectApi.Motif[buildVersion=34.0, color=7F8DE1, largeIconUrl=/img/icon/accounts64.png, mediumIconUrl=/img/icon/accounts32.png, smallIconUrl=/img/icon/accounts16.png, svgIconUrl=null], reference=ConnectApi.Reference[buildVersion=34.0, id=0015000001Bc4SPAAZ, url=/services/data/v34.0/chatter/records/0015000001Bc4SPAAZ], text=Edge Communications, type=EntityLink], ConnectApi.TextSegment[buildVersion=34.0, text= — , type=Text], ConnectApi.EntityLinkSegment[buildVersion=34.0, motif=ConnectApi.Motif[buildVersion=34.0, color=65CAE4, largeIconUrl=/img/icon/profile64.png, mediumIconUrl=/img/icon/profile32.png, smallIconUrl=/img/icon/profile16.png, svgIconUrl=null], reference=ConnectApi.Reference[buildVersion=34.0, id=00550000005d7KnAAI, url=/services/data/v34.0/chatter/users/00550000005d7KnAAI], text=Test User, type=EntityLink]), text=Edge Communications — Test User], id=0D55000003LnC3uCAF, isDeleteRestricted=false, modifiedDate=2016-07-21 10:44:31, originalFeedItem=null, originalFeedItemActor=null, parent=ConnectApi.RecordSummary[buildVersion=34.0, id=0015000001Bc4SPAAZ, motif=ConnectApi.Motif[buildVersion=34.0, color=7F8DE1, largeIconUrl=/img/icon/accounts64.png, mediumIconUrl=/img/icon/accounts32.png, smallIconUrl=/img/icon/accounts16.png, svgIconUrl=null], mySubscription=null, name=Edge Communications, type=Account, url=/services/data/v34.0/chatter/records/0015000001Bc4SPAAZ], photoUrl=https://bfffollow-dev-ed--c.na3.content.force.com/profilephoto/005/T, relativeCreatedDate=1m ago, type=TextPost, url=/services/data/v34.0/chatter/feed-elements/0D55000003LnC3uCAF, visibility=InternalUsers], ConnectApi.FeedItem[buildVersion=34.0, actor=ConnectApi.UserSummary[buildVersion=34.0, additionalLabel=null, communityNickname=jrattanpal, companyName=null, displayName=Test User, firstName=Test, id=00550000005d7KnAAI, isActive=true, isInThisCommunity=true, lastName=User, motif=ConnectApi.Motif[buildVersion=34.0, color=65CAE4, largeIconUrl=/img/icon/profile64.png, mediumIconUrl=/img/icon/profile32.png, smallIconUrl=/img/icon/profile16.png, svgIconUrl=null], mySubscription=ConnectApi.Reference[buildVersion=34.0, id=0E85000000Dvxc2CAB, url=/services/data/v34.0/chatter/subscriptions/0E85000000Dvxc2CAB], name=Test User, photo=ConnectApi.Photo[buildVersion=34.0, fullEmailPhotoUrl=https://bfffollow-dev-ed.my.salesforce.com/img/userprofile/default_profile_200.png?fromEmail=1, largePhotoUrl=https://bfffollow-dev-ed--c.na3.content.force.com/profilephoto/005/F, photoVersionId=null, smallPhotoUrl=https://bfffollow-dev-ed--c.na3.content.force.com/profilephoto/005/T, standardEmailPhotoUrl=https://bfffollow-dev-ed.my.salesforce.com/img/userprofile/default_profile_45.png?fromEmail=1, url=/services/data/v34.0/chatter/users/00550000005d7KnAAI/photo], reputation=null, title=null, type=User, url=/services/data/v34.0/chatter/users/00550000005d7KnAAI, userType=Internal], body=ConnectApi.FeedBody[buildVersion=34.0, messageSegments=(ConnectApi.MarkupBeginSegment[buildVersion=34.0, text=, type=MarkupBegin], ConnectApi.TextSegment[buildVersion=34.0, text=Test 3, type=Text], ConnectApi.MarkupEndSegment[buildVersion=34.0, text=
, type=MarkupEnd]), text=Test 3
], canShare=true, capabilities=ConnectApi.FeedElementCapabilities[buildVersion=34.0, approval=null, associatedActions=ConnectApi.AssociatedActionsCapability[buildVersion=34.0, platformActionGroups=()], banner=null, bookmarks=ConnectApi.BookmarksCapability[buildVersion=34.0, isBookmarkedByCurrentUser=false], bundle=null, canvas=null, caseComment=null, chatterLikes=ConnectApi.ChatterLikesCapability[buildVersion=34.0, isLikedByCurrentUser=false, likesMessage=null, myLike=null, page=ConnectApi.ChatterLikePage[buildVersion=34.0, currentPageToken=0, currentPageUrl=/services/data/v34.0/chatter/feed-elements/0D55000003Ln9wICAR/capabilities/chatter-likes/items, items=(), nextPageToken=null, nextPageUrl=null, previousPageToken=null, previousPageUrl=null, total=0]], comments=ConnectApi.CommentsCapability[buildVersion=34.0, page=ConnectApi.CommentPage[buildVersion=34.0, currentPageToken=null, currentPageUrl=/services/data/v34.0/chatter/feed-elements/0D55000003Ln9wICAR/capabilities/comments/items, items=(), nextPageToken=null, nextPageUrl=null, total=0]], content=null, dashboardComponentSnapshot=null, edit=null, emailMessage=null, enhancedLink=null, link=null, moderation=null, origin=null, poll=null, questionAndAnswers=null, recommendations=null, recordSnapshot=null, topics=ConnectApi.TopicsCapability[buildVersion=34.0, canAssignTopics=true, items=()], trackedChanges=null], clientInfo=null, createdDate=2016-07-21 10:41:59, event=false, feedElementType=FeedItem, header=ConnectApi.MessageBody[buildVersion=34.0, messageSegments=(ConnectApi.EntityLinkSegment[buildVersion=34.0, motif=ConnectApi.Motif[buildVersion=34.0, color=65CAE4, largeIconUrl=/img/icon/profile64.png, mediumIconUrl=/img/icon/profile32.png, smallIconUrl=/img/icon/profile16.png, svgIconUrl=null], reference=ConnectApi.Reference[buildVersion=34.0, id=00550000005d7KnAAI, url=/services/data/v34.0/chatter/users/00550000005d7KnAAI], text=Test User, type=EntityLink]), text=Test User], id=0D55000003Ln9wICAR, isDeleteRestricted=false, modifiedDate=2016-07-21 10:41:59, originalFeedItem=null, originalFeedItemActor=null, parent=ConnectApi.UserSummary[buildVersion=34.0, additionalLabel=null, communityNickname=jrattanpal, companyName=null, displayName=Test User, firstName=Test, id=00550000005d7KnAAI, isActive=true, isInThisCommunity=true, lastName=User, motif=ConnectApi.Motif[buildVersion=34.0, color=65CAE4, largeIconUrl=/img/icon/profile64.png, mediumIconUrl=/img/icon/profile32.png, smallIconUrl=/img/icon/profile16.png, svgIconUrl=null], mySubscription=ConnectApi.Reference[buildVersion=34.0, id=0E85000000Dvxc2CAB, url=/services/data/v34.0/chatter/subscriptions/0E85000000Dvxc2CAB], name=Test User, photo=ConnectApi.Photo[buildVersion=34.0, fullEmailPhotoUrl=https://bfffollow-dev-ed.my.salesforce.com/img/userprofile/default_profile_200.png?fromEmail=1, largePhotoUrl=https://bfffollow-dev-ed--c.na3.content.force.com/profilephoto/005/F, photoVersionId=null, smallPhotoUrl=https://bfffollow-dev-ed--c.na3.content.force.com/profilephoto/005/T, standardEmailPhotoUrl=https://bfffollow-dev-ed.my.salesforce.com/img/userprofile/default_profile_45.png?fromEmail=1, url=/services/data/v34.0/chatter/users/00550000005d7KnAAI/photo], reputation=null, title=null, type=User, url=/services/data/v34.0/chatter/users/00550000005d7KnAAI, userType=Internal], photoUrl=https://bfffollow-dev-ed--c.na3.content.force.com/profilephoto/005/T, relativeCreatedDate=4m ago, type=TextPost, url=/services/data/v34.0/chatter/feed-elements/0D55000003Ln9wICAR, visibility=AllUsers], ConnectApi.FeedItem[buildVersion=34.0, actor=ConnectApi.UserSummary[buildVersion=34.0, additionalLabel=null, communityNickname=jrattanpal, companyName=null, displayName=Test User, firstName=Test, id=00550000005d7KnAAI, isActive=true, isInThisCommunity=true, lastName=User, motif=ConnectApi.Motif[buildVersion=34.0, color=65CAE4, largeIconUrl=/img/icon/profile64.png, mediumIconUrl=/img/icon/profile32.png, smallIconUrl=/img/icon/profile16.png, svgIconUrl=null], mySubscription=ConnectApi.Reference[buildVersion=34.0, id=0E85000000Dvxc2CAB, url=/services/data/v34.0/chatter/subscriptions/0E85000000Dvxc2CAB], name=Test User, photo=ConnectApi.Photo[buildVersion=34.0, fullEmailPhotoUrl=https://bfffollow-dev-ed.my.salesforce.com/img/userprofile/default_profile_200.png?fromEmail=1, largePhotoUrl=https://bfffollow-dev-ed--c.na3.content.force.com/profilephoto/005/F, photoVersionId=null, smallPhotoUrl=https://bfffollow-dev-ed--c.na3.content.force.com/profilephoto/005/T, standardEmailPhotoUrl=https://bfffollow-dev-ed.my.salesforce.com/img/userprofile/default_profile_45.png?fromEmail=1, url=/services/data/v34.0/chatter/users/00550000005d7KnAAI/photo], reputation=null, title=null, type=User, url=/services/data/v34.0/chatter/users/00550000005d7KnAAI, userType=Internal], body=ConnectApi.FeedBody[buildVersion=34.0, messageSegments=(ConnectApi.MarkupBeginSegment[buildVersion=34.0, text=, type=MarkupBegin], ConnectApi.TextSegment[buildVersion=34.0, text=Test 2, type=Text], ConnectApi.MarkupEndSegment[buildVersion=34.0, text=
, type=MarkupEnd]), text=Test 2
], canShare=true, capabilities=ConnectApi.FeedElementCapabilities[buildVersion=34.0, approval=null, associatedActions=ConnectApi.AssociatedActionsCapability[buildVersion=34.0, platformActionGroups=()], banner=null, bookmarks=ConnectApi.BookmarksCapability[buildVersion=34.0, isBookmarkedByCurrentUser=false], bundle=null, canvas=null, caseComment=null, chatterLikes=ConnectApi.ChatterLikesCapability[buildVersion=34.0, isLikedByCurrentUser=false, likesMessage=null, myLike=null, page=ConnectApi.ChatterLikePage[buildVersion=34.0, currentPageToken=0, currentPageUrl=/services/data/v34.0/chatter/feed-elements/0D55000003LmBshCAF/capabilities/chatter-likes/items, items=(), nextPageToken=null, nextPageUrl=null, previousPageToken=null, previousPageUrl=null, total=0]], comments=ConnectApi.CommentsCapability[buildVersion=34.0, page=ConnectApi.CommentPage[buildVersion=34.0, currentPageToken=null, currentPageUrl=/services/data/v34.0/chatter/feed-elements/0D55000003LmBshCAF/capabilities/comments/items, items=(), nextPageToken=null, nextPageUrl=null, total=0]], content=null, dashboardComponentSnapshot=null, edit=null, emailMessage=null, enhancedLink=null, link=null, moderation=null, origin=null, poll=null, questionAndAnswers=null, recommendations=null, recordSnapshot=null, topics=ConnectApi.TopicsCapability[buildVersion=34.0, canAssignTopics=true, items=()], trackedChanges=null], clientInfo=null, createdDate=2016-07-21 00:34:39, event=false, feedElementType=FeedItem, header=ConnectApi.MessageBody[buildVersion=34.0, messageSegments=(ConnectApi.EntityLinkSegment[buildVersion=34.0, motif=ConnectApi.Motif[buildVersion=34.0, color=65CAE4, largeIconUrl=/img/icon/profile64.png, mediumIconUrl=/img/icon/profile32.png, smallIconUrl=/img/icon/profile16.png, svgIconUrl=null], reference=ConnectApi.Reference[buildVersion=34.0, id=00550000005d7KnAAI, url=/services/data/v34.0/chatter/users/00550000005d7KnAAI], text=Test User, type=EntityLink]), text=Test User], id=0D55000003LmBshCAF, isDeleteRestricted=false, modifiedDate=2016-07-21 00:34:39, originalFeedItem=null, originalFeedItemActor=null, parent=ConnectApi.UserSummary[buildVersion=34.0, additionalLabel=null, communityNickname=jrattanpal, companyName=null, displayName=Test User, firstName=Test, id=00550000005d7KnAAI, isActive=true, isInThisCommunity=true, lastName=User, motif=ConnectApi.Motif[buildVersion=34.0, color=65CAE4, largeIconUrl=/img/icon/profile64.png, mediumIconUrl=/img/icon/profile32.png, smallIconUrl=/img/icon/profile16.png, svgIconUrl=null], mySubscription=ConnectApi.Reference[buildVersion=34.0, id=0E85000000Dvxc2CAB, url=/services/data/v34.0/chatter/subscriptions/0E85000000Dvxc2CAB], name=Test User, photo=ConnectApi.Photo[buildVersion=34.0, fullEmailPhotoUrl=https://bfffollow-dev-ed.my.salesforce.com/img/userprofile/default_profile_200.png?fromEmail=1, largePhotoUrl=https://bfffollow-dev-ed--c.na3.content.force.com/profilephoto/005/F, photoVersionId=null, smallPhotoUrl=https://bfffollow-dev-ed--c.na3.content.force.com/profilephoto/005/T, standardEmailPhotoUrl=https://bfffollow-dev-ed.my.salesforce.com/img/userprofile/default_profile_45.png?fromEmail=1, url=/services/data/v34.0/chatter/users/00550000005d7KnAAI/photo], reputation=null, title=null, type=User, url=/services/data/v34.0/chatter/users/00550000005d7KnAAI, userType=Internal], photoUrl=https://bfffollow-dev-ed--c.na3.content.force.com/profilephoto/005/T, relativeCreatedDate=10h ago, type=TextPost, url=/services/data/v34.0/chatter/feed-elements/0D55000003LmBshCAF, visibility=AllUsers], ConnectApi.FeedItem[buildVersion=34.0, actor=ConnectApi.UserSummary[buildVersion=34.0, additionalLabel=null, communityNickname=bfffollow1.4689653052892656E12, companyName=BFFFollow, displayName=Jaswinder Rattanpal, firstName=Jaswinder, id=00550000005cg71AAA, isActive=true, isInThisCommunity=true, lastName=Rattanpal, motif=ConnectApi.Motif[buildVersion=34.0, color=65CAE4, largeIconUrl=/img/icon/profile64.png, mediumIconUrl=/img/icon/profile32.png, smallIconUrl=/img/icon/profile16.png, svgIconUrl=null], mySubscription=null, name=Jaswinder Rattanpal, photo=ConnectApi.Photo[buildVersion=34.0, fullEmailPhotoUrl=https://bfffollow-dev-ed.my.salesforce.com/img/userprofile/default_profile_200.png?fromEmail=1, largePhotoUrl=https://bfffollow-dev-ed--c.na3.content.force.com/profilephoto/005/F, photoVersionId=null, smallPhotoUrl=https://bfffollow-dev-ed--c.na3.content.force.com/profilephoto/005/T, standardEmailPhotoUrl=https://bfffollow-dev-ed.my.salesforce.com/img/userprofile/default_profile_45.png?fromEmail=1, url=/services/data/v34.0/chatter/users/00550000005cg71AAA/photo], reputation=null, title=null, type=User, url=/services/data/v34.0/chatter/users/00550000005cg71AAA, userType=Internal], body=ConnectApi.FeedBody[buildVersion=34.0, messageSegments=(ConnectApi.MarkupBeginSegment[buildVersion=34.0, text=, type=MarkupBegin], ConnectApi.TextSegment[buildVersion=34.0, text=Test 1, type=Text], ConnectApi.MarkupEndSegment[buildVersion=34.0, text=
, type=MarkupEnd]), text=Test 1
], canShare=true, capabilities=ConnectApi.FeedElementCapabilities[buildVersion=34.0, approval=null, associatedActions=ConnectApi.AssociatedActionsCapability[buildVersion=34.0, platformActionGroups=()], banner=null, bookmarks=ConnectApi.BookmarksCapability[buildVersion=34.0, isBookmarkedByCurrentUser=false], bundle=null, canvas=null, caseComment=null, chatterLikes=ConnectApi.ChatterLikesCapability[buildVersion=34.0, isLikedByCurrentUser=false, likesMessage=ConnectApi.MessageBody[buildVersion=34.0, messageSegments=(ConnectApi.EntityLinkSegment[buildVersion=34.0, motif=ConnectApi.Motif[buildVersion=34.0, color=65CAE4, largeIconUrl=/img/icon/profile64.png, mediumIconUrl=/img/icon/profile32.png, smallIconUrl=/img/icon/profile16.png, svgIconUrl=null], reference=ConnectApi.Reference[buildVersion=34.0, id=00550000005d7KnAAI, url=/services/data/v34.0/chatter/users/00550000005d7KnAAI], text=Test User, type=EntityLink], ConnectApi.TextSegment[buildVersion=34.0, text= likes this., type=Text]), text=Test User likes this.], myLike=null, page=ConnectApi.ChatterLikePage[buildVersion=34.0, currentPageToken=0, currentPageUrl=/services/data/v34.0/chatter/feed-elements/0D55000003LmBsDCAV/capabilities/chatter-likes/items, items=(ConnectApi.ChatterLike[buildVersion=34.0, id=0I050000001eN0WCAU, likedItem=ConnectApi.Reference[buildVersion=34.0, id=0D55000003LmBsDCAV, url=/services/data/v34.0/chatter/feed-elements/0D55000003LmBsDCAV], url=/services/data/v34.0/chatter/likes/0I050000001eN0WCAU, user=ConnectApi.UserSummary[buildVersion=34.0, additionalLabel=null, communityNickname=jrattanpal, companyName=null, displayName=Test User, firstName=Test, id=00550000005d7KnAAI, isActive=true, isInThisCommunity=true, lastName=User, motif=ConnectApi.Motif[buildVersion=34.0, color=65CAE4, largeIconUrl=/img/icon/profile64.png, mediumIconUrl=/img/icon/profile32.png, smallIconUrl=/img/icon/profile16.png, svgIconUrl=null], mySubscription=ConnectApi.Reference[buildVersion=34.0, id=0E85000000Dvxc2CAB, url=/services/data/v34.0/chatter/subscriptions/0E85000000Dvxc2CAB], name=Test User, photo=ConnectApi.Photo[buildVersion=34.0, fullEmailPhotoUrl=https://bfffollow-dev-ed.my.salesforce.com/img/userprofile/default_profile_200.png?fromEmail=1, largePhotoUrl=https://bfffollow-dev-ed--c.na3.content.force.com/profilephoto/005/F, photoVersionId=null, smallPhotoUrl=https://bfffollow-dev-ed--c.na3.content.force.com/profilephoto/005/T, standardEmailPhotoUrl=https://bfffollow-dev-ed.my.salesforce.com/img/userprofile/default_profile_45.png?fromEmail=1, url=/services/data/v34.0/chatter/users/00550000005d7KnAAI/photo], reputation=null, title=null, type=User, url=/services/data/v34.0/chatter/users/00550000005d7KnAAI, userType=Internal]]), nextPageToken=null, nextPageUrl=null, previousPageToken=null, previousPageUrl=null, total=1]], comments=ConnectApi.CommentsCapability[buildVersion=34.0, page=ConnectApi.CommentPage[buildVersion=34.0, currentPageToken=null, currentPageUrl=/services/data/v34.0/chatter/feed-elements/0D55000003LmBsDCAV/capabilities/comments/items, items=(ConnectApi.Comment[buildVersion=34.0, body=ConnectApi.FeedBody[buildVersion=34.0, messageSegments=(ConnectApi.TextSegment[buildVersion=34.0, text=Test, type=Text]), text=Test], capabilities=ConnectApi.CommentCapabilities[buildVersion=34.0, content=null, edit=null], clientInfo=null, createdDate=2016-07-21 10:45:26, feedElement=ConnectApi.Reference[buildVersion=34.0, id=0D55000003LmBsDCAV, url=/services/data/v34.0/chatter/feed-elements/0D55000003LmBsDCAV], id=0D750000002KRgUCAW, isDeleteRestricted=false, likes=ConnectApi.ChatterLikePage[buildVersion=34.0, currentPageToken=null, currentPageUrl=/services/data/v34.0/chatter/comments/0D750000002KRgUCAW/likes, items=(), nextPageToken=null, nextPageUrl=null, previousPageToken=null, previousPageUrl=null, total=0], likesMessage=null, moderationFlags=null, myLike=null, parent=ConnectApi.Reference[buildVersion=34.0, id=00550000005cg71AAA, url=/services/data/v34.0/chatter/users/00550000005cg71AAA], relativeCreatedDate=Just Now, type=TextComment, url=/services/data/v34.0/chatter/comments/0D750000002KRgUCAW, user=ConnectApi.UserSummary[buildVersion=34.0, additionalLabel=null, communityNickname=jrattanpal, companyName=null, displayName=Test User, firstName=Test, id=00550000005d7KnAAI, isActive=true, isInThisCommunity=true, lastName=User, motif=ConnectApi.Motif[buildVersion=34.0, color=65CAE4, largeIconUrl=/img/icon/profile64.png, mediumIconUrl=/img/icon/profile32.png, smallIconUrl=/img/icon/profile16.png, svgIconUrl=null], mySubscription=ConnectApi.Reference[buildVersion=34.0, id=0E85000000Dvxc2CAB, url=/services/data/v34.0/chatter/subscriptions/0E85000000Dvxc2CAB], name=Test User, photo=ConnectApi.Photo[buildVersion=34.0, fullEmailPhotoUrl=https://bfffollow-dev-ed.my.salesforce.com/img/userprofile/default_profile_200.png?fromEmail=1, largePhotoUrl=https://bfffollow-dev-ed--c.na3.content.force.com/profilephoto/005/F, photoVersionId=null, smallPhotoUrl=https://bfffollow-dev-ed--c.na3.content.force.com/profilephoto/005/T, standardEmailPhotoUrl=https://bfffollow-dev-ed.my.salesforce.com/img/userprofile/default_profile_45.png?fromEmail=1, url=/services/data/v34.0/chatter/users/00550000005d7KnAAI/photo], reputation=null, title=null, type=User, url=/services/data/v34.0/chatter/users/00550000005d7KnAAI, userType=Internal]], ConnectApi.Comment[buildVersion=34.0, body=ConnectApi.FeedBody[buildVersion=34.0, messageSegments=(ConnectApi.MentionSegment[buildVersion=34.0, accessible=true, name=Test User, record=ConnectApi.UserSummary[buildVersion=34.0, additionalLabel=null, communityNickname=jrattanpal, companyName=null, displayName=Test User, firstName=Test, id=00550000005d7KnAAI, isActive=true, isInThisCommunity=true, lastName=User, motif=ConnectApi.Motif[buildVersion=34.0, color=65CAE4, largeIconUrl=/img/icon/profile64.png, mediumIconUrl=/img/icon/profile32.png, smallIconUrl=/img/icon/profile16.png, svgIconUrl=null], mySubscription=ConnectApi.Reference[buildVersion=34.0, id=0E85000000Dvxc2CAB, url=/services/data/v34.0/chatter/subscriptions/0E85000000Dvxc2CAB], name=Test User, photo=ConnectApi.Photo[buildVersion=34.0, fullEmailPhotoUrl=https://bfffollow-dev-ed.my.salesforce.com/img/userprofile/default_profile_200.png?fromEmail=1, largePhotoUrl=https://bfffollow-dev-ed--c.na3.content.force.com/profilephoto/005/F, photoVersionId=null, smallPhotoUrl=https://bfffollow-dev-ed--c.na3.content.force.com/profilephoto/005/T, standardEmailPhotoUrl=https://bfffollow-dev-ed.my.salesforce.com/img/userprofile/default_profile_45.png?fromEmail=1, url=/services/data/v34.0/chatter/users/00550000005d7KnAAI/photo], reputation=null, title=null, type=User, url=/services/data/v34.0/chatter/users/00550000005d7KnAAI, userType=Internal], text=@Test User, type=Mention]), text=@Test User], capabilities=ConnectApi.CommentCapabilities[buildVersion=34.0, content=null, edit=null], clientInfo=null, createdDate=2016-07-21 10:45:59, feedElement=ConnectApi.Reference[buildVersion=34.0, id=0D55000003LmBsDCAV, url=/services/data/v34.0/chatter/feed-elements/0D55000003LmBsDCAV], id=0D750000002KRl0CAG, isDeleteRestricted=false, likes=ConnectApi.ChatterLikePage[buildVersion=34.0, currentPageToken=null, currentPageUrl=/services/data/v34.0/chatter/comments/0D750000002KRl0CAG/likes, items=(), nextPageToken=null, nextPageUrl=null, previousPageToken=null, previousPageUrl=null, total=0], likesMessage=null, moderationFlags=null, myLike=null, parent=ConnectApi.Reference[buildVersion=34.0, id=00550000005cg71AAA, url=/services/data/v34.0/chatter/users/00550000005cg71AAA], relativeCreatedDate=Just Now, type=TextComment, url=/services/data/v34.0/chatter/comments/0D750000002KRl0CAG, user=ConnectApi.UserSummary[buildVersion=34.0, additionalLabel=null, communityNickname=bfffollow1.4689653052892656E12, companyName=BFFFollow, displayName=Jaswinder Rattanpal, firstName=Jaswinder, id=00550000005cg71AAA, isActive=true, isInThisCommunity=true, lastName=Rattanpal, motif=ConnectApi.Motif[buildVersion=34.0, color=65CAE4, largeIconUrl=/img/icon/profile64.png, mediumIconUrl=/img/icon/profile32.png, smallIconUrl=/img/icon/profile16.png, svgIconUrl=null], mySubscription=null, name=Jaswinder Rattanpal, photo=ConnectApi.Photo[buildVersion=34.0, fullEmailPhotoUrl=https://bfffollow-dev-ed.my.salesforce.com/img/userprofile/default_profile_200.png?fromEmail=1, largePhotoUrl=https://bfffollow-dev-ed--c.na3.content.force.com/profilephoto/005/F, photoVersionId=null, smallPhotoUrl=https://bfffollow-dev-ed--c.na3.content.force.com/profilephoto/005/T, standardEmailPhotoUrl=https://bfffollow-dev-ed.my.salesforce.com/img/userprofile/default_profile_45.png?fromEmail=1, url=/services/data/v34.0/chatter/users/00550000005cg71AAA/photo], reputation=null, title=null, type=User, url=/services/data/v34.0/chatter/users/00550000005cg71AAA, userType=Internal]]), nextPageToken=null, nextPageUrl=null, total=2]], content=null, dashboardComponentSnapshot=null, edit=null, emailMessage=null, enhancedLink=null, link=null, moderation=null, origin=null, poll=null, questionAndAnswers=null, recommendations=null, recordSnapshot=null, topics=ConnectApi.TopicsCapability[buildVersion=34.0, canAssignTopics=true, items=()], trackedChanges=null], clientInfo=null, createdDate=2016-07-21 00:33:49, event=false, feedElementType=FeedItem, header=ConnectApi.MessageBody[buildVersion=34.0, messageSegments=(ConnectApi.EntityLinkSegment[buildVersion=34.0, motif=ConnectApi.Motif[buildVersion=34.0, color=65CAE4, largeIconUrl=/img/icon/profile64.png, mediumIconUrl=/img/icon/profile32.png, smallIconUrl=/img/icon/profile16.png, svgIconUrl=null], reference=ConnectApi.Reference[buildVersion=34.0, id=00550000005cg71AAA, url=/services/data/v34.0/chatter/users/00550000005cg71AAA], text=Jaswinder Rattanpal, type=EntityLink]), text=Jaswinder Rattanpal], id=0D55000003LmBsDCAV, isDeleteRestricted=false, modifiedDate=2016-07-21 10:45:59, originalFeedItem=null, originalFeedItemActor=null, parent=ConnectApi.UserSummary[buildVersion=34.0, additionalLabel=null, communityNickname=bfffollow1.4689653052892656E12, companyName=BFFFollow, displayName=Jaswinder Rattanpal, firstName=Jaswinder, id=00550000005cg71AAA, isActive=true, isInThisCommunity=true, lastName=Rattanpal, motif=ConnectApi.Motif[buildVersion=34.0, color=65CAE4, largeIconUrl=/img/icon/profile64.png, mediumIconUrl=/img/icon/profile32.png, smallIconUrl=/img/icon/profile16.png, svgIconUrl=null], mySubscription=null, name=Jaswinder Rattanpal, photo=ConnectApi.Photo[buildVersion=34.0, fullEmailPhotoUrl=https://bfffollow-dev-ed.my.salesforce.com/img/userprofile/default_profile_200.png?fromEmail=1, largePhotoUrl=https://bfffollow-dev-ed--c.na3.content.force.com/profilephoto/005/F, photoVersionId=null, smallPhotoUrl=https://bfffollow-dev-ed--c.na3.content.force.com/profilephoto/005/T, standardEmailPhotoUrl=https://bfffollow-dev-ed.my.salesforce.com/img/userprofile/default_profile_45.png?fromEmail=1, url=/services/data/v34.0/chatter/users/00550000005cg71AAA/photo], reputation=null, title=null, type=User, url=/services/data/v34.0/chatter/users/00550000005cg71AAA, userType=Internal], photoUrl=https://bfffollow-dev-ed--c.na3.content.force.com/profilephoto/005/T, relativeCreatedDate=10h ago, type=TextPost, url=/services/data/v34.0/chatter/feed-elements/0D55000003LmBsDCAV, visibility=AllUsers]), isModifiedToken=null, isModifiedUrl=null, nextPageToken=null, nextPageUrl=null, updatesToken=null, updatesUrl=null]
10:46:14.0 (329739501)|STATEMENT_EXECUTE|[69]
10:46:14.0 (329774181)|METHOD_ENTRY|[69]||System.JSON.serialize(Object)
10:46:14.0 (368917145)|METHOD_EXIT|[69]||System.JSON.serialize(Object)
10:46:14.0 (368938738)|METHOD_EXIT|[15]|01p50000002D8iw|BFFFollow_Controller.fetchUserFeed(Id)
10:46:14.0 (369034718)|VARIABLE_ASSIGNMENT|[EXTERNAL]|this|{"debug":true,"input":"{\"mode\":\"fetchUserFe (34 more) ...","operation":"BFFFollow_Controller"}|0x65335046
10:46:14.0 (369048480)|VARIABLE_ASSIGNMENT|[EXTERNAL]|value|"{\"currentPageToken\": (22744 more) ..."
10:46:14.0 (369063369)|VARIABLE_ASSIGNMENT|[12]|this.output|"{\"currentPageToken\": (22744 more) ..."|0x65335046
10:46:14.0 (369079265)|STATEMENT_EXECUTE|[16]
10:46:14.0 (369149807)|VARIABLE_ASSIGNMENT|[EXTERNAL]|this|{"debug":true,"input":"{\"mode\":\"fetchUserFe (34 more) ...","operation":"BFFFollow_Controller","output":"{\"currentPageToken\": (22744 more) ..."}|0x65335046
10:46:14.0 (369207952)|VARIABLE_ASSIGNMENT|[EXTERNAL]|this|{"debug":true,"input":"{\"mode\":\"fetchUserFe (34 more) ...","operation":"BFFFollow_Controller","output":"{\"currentPageToken\": (22744 more) ..."}|0x65335046
10:46:14.0 (369219021)|VARIABLE_ASSIGNMENT|[EXTERNAL]|value|true
10:46:14.0 (369224709)|HEAP_ALLOCATE|[15]|Bytes:5
10:46:14.0 (369235400)|VARIABLE_ASSIGNMENT|[15]|this.outputFlag|true|0x65335046
10:46:14.0 (369252809)|STATEMENT_EXECUTE|[19]
10:46:14.0 (369254645)|STATEMENT_EXECUTE|[19]
10:46:14.0 (369263365)|HEAP_ALLOCATE|[19]|Bytes:11
10:46:14.0 (369434025)|HEAP_ALLOCATE|[19]|Bytes:22962
10:46:14.0 (369469834)|HEAP_ALLOCATE|[19]|Bytes:22973
10:46:14.0 (369496318)|USER_DEBUG|[19]|DEBUG|data AFTER:ETLC_ApexBridge_Data:[debug=true, input={"mode":"fetchUserFeed","userId":"00550000005d7KnAAI"}, isSuccess=null, messages=null, operation=BFFFollow_Controller, output={"currentPageToken":null,"currentPageUrl":"/services/data/v34.0/chatter/feeds/user-profile/00550000005d7KnAAI/feed-elements","elements":[{"actor":{"additionalLabel":null,"communityNickname":"jrattanpal","companyName":null,"displayName":"Test User","firstName":"Test","id":"00550000005d7KnAAI","isActive":true,"isInThisCommunity":true,"lastName":"User","motif":{"color":"65CAE4","largeIconUrl":"/img/icon/profile64.png","mediumIconUrl":"/img/icon/profile32.png","smallIconUrl":"/img/icon/profile16.png","svgIconUrl":null},"mySubscription":{"id":"0E85000000Dvxc2CAB","url":"/services/data/v34.0/chatter/subscriptions/0E85000000Dvxc2CAB"},"name":"Test User","photo":{"fullEmailPhotoUrl":"https://bfffollow-dev-ed.my.salesforce.com/img/userprofile/default_profile_200.png?fromEmail=1","largePhotoUrl":"https://bfffollow-dev-ed--c.na3.content.force.com/profilephoto/005/F","photoVersionId":null,"smallPhotoUrl":"https://bfffollow-dev-ed--c.na3.content.force.com/profilephoto/005/T","standardEmailPhotoUrl":"https://bfffollow-dev-ed.my.salesforce.com/img/userprofile/default_profile_45.png?fromEmail=1","url":"/services/data/v34.0/chatter/users/00550000005d7KnAAI/photo"},"reputation":null,"title":null,"type":"User","url":"/services/data/v34.0/chatter/users/00550000005d7KnAAI","userType":"Internal"},"body":{"messageSegments":[{"text":"","type":"MarkupBegin"},{"text":"Account test 1","type":"Text"},{"text":"\n","type":"MarkupEnd"}],"text":"Account test 1\n"},"canShare":false,"capabilities":{"associatedActions":{"platformActionGroups":[]},"bookmarks":{"isBookmarkedByCurrentUser":false},"chatterLikes":{"isLikedByCurrentUser":false,"likesMessage":null,"myLike":null,"page":{"currentPageToken":0,"currentPageUrl":"/services/data/v34.0/chatter/feed-elements/0D55000003LnC3uCAF/capabilities/chatter-likes/items","items":[],"nextPageToken":null,"nextPageUrl":null,"previousPageToken":null,"previousPageUrl":null,"total":0}},"comments":{"page":{"currentPageToken":null,"currentPageUrl":"/services/data/v34.0/chatter/feed-elements/0D55000003LnC3uCAF/capabilities/comments/items","items":[],"nextPageToken":null,"nextPageUrl":null,"total":0}},"topics":{"canAssignTopics":true,"items":[]}},"clientInfo":null,"createdDate":"2016-07-21T14:44:31.000Z","event":false,"feedElementType":"FeedItem","header":{"messageSegments":[{"motif":{"color":"7F8DE1","largeIconUrl":"/img/icon/accounts64.png","mediumIconUrl":"/img/icon/accounts32.png","smallIconUrl":"/img/icon/accounts16.png","svgIconUrl":null},"reference":{"id":"0015000001Bc4SPAAZ","url":"/services/data/v34.0/chatter/records/0015000001Bc4SPAAZ"},"text":"Edge Communications","type":"EntityLink"},{"text":" — ","type":"Text"},{"motif":{"color":"65CAE4","largeIconUrl":"/img/icon/profile64.png","mediumIconUrl":"/img/icon/profile32.png","smallIconUrl":"/img/icon/profile16.png","svgIconUrl":null},"reference":{"id":"00550000005d7KnAAI","url":"/services/data/v34.0/chatter/users/00550000005d7KnAAI"},"text":"Test User","type":"EntityLink"}],"text":"Edge Communications — Test User"},"id":"0D55000003LnC3uCAF","isDeleteRestricted":false,"modifiedDate":"2016-07-21T14:44:31.000Z","originalFeedItem":null,"originalFeedItemActor":null,"parent":{"id":"0015000001Bc4SPAAZ","motif":{"color":"7F8DE1","largeIconUrl":"/img/icon/accounts64.png","mediumIconUrl":"/img/icon/accounts32.png","smallIconUrl":"/img/icon/accounts16.png","svgIconUrl":null},"mySubscription":null,"name":"Edge Communications","type":"Account","url":"/services/data/v34.0/chatter/records/0015000001Bc4SPAAZ"},"photoUrl":"https://bfffollow-dev-ed--c.na3.content.force.com/profilephoto/005/T","relativeCreatedDate":"1m ago","type":"TextPost","url":"/services/data/v34.0/chatter/feed-elements/0D55000003LnC3uCAF","visibility":"InternalUsers"},{"actor":{"additionalLabel":null,"communityNickname":"jrattanpal","companyName":null,"displayName":"Test User","firstName":"Test","id":"00550000005d7KnAAI","isActive":true,"isInThisCommunity":true,"lastName":"User","motif":{"color":"65CAE4","largeIconUrl":"/img/icon/profile64.png","mediumIconUrl":"/img/icon/profile32.png","smallIconUrl":"/img/icon/profile16.png","svgIconUrl":null},"mySubscription":{"id":"0E85000000Dvxc2CAB","url":"/services/data/v34.0/chatter/subscriptions/0E85000000Dvxc2CAB"},"name":"Test User","photo":{"fullEmailPhotoUrl":"https://bfffollow-dev-ed.my.salesforce.com/img/userprofile/default_profile_200.png?fromEmail=1","largePhotoUrl":"https://bfffollow-dev-ed--c.na3.content.force.com/profilephoto/005/F","photoVersionId":null,"smallPhotoUrl":"https://bfffollow-dev-ed--c.na3.content.force.com/profilephoto/005/T","standardEmailPhotoUrl":"https://bfffollow-dev-ed.my.salesforce.com/img/userprofile/default_profile_45.png?fromEmail=1","url":"/services/data/v34.0/chatter/users/00550000005d7KnAAI/photo"},"reputation":null,"title":null,"type":"User","url":"/services/data/v34.0/chatter/users/00550000005d7KnAAI","userType":"Internal"},"body":{"messageSegments":[{"text":"","type":"MarkupBegin"},{"text":"Test 3","type":"Text"},{"text":"\n","type":"MarkupEnd"}],"text":"Test 3\n"},"canShare":true,"capabilities":{"associatedActions":{"platformActionGroups":[]},"bookmarks":{"isBookmarkedByCurrentUser":false},"chatterLikes":{"isLikedByCurrentUser":false,"likesMessage":null,"myLike":null,"page":{"currentPageToken":0,"currentPageUrl":"/services/data/v34.0/chatter/feed-elements/0D55000003Ln9wICAR/capabilities/chatter-likes/items","items":[],"nextPageToken":null,"nextPageUrl":null,"previousPageToken":null,"previousPageUrl":null,"total":0}},"comments":{"page":{"currentPageToken":null,"currentPageUrl":"/services/data/v34.0/chatter/feed-elements/0D55000003Ln9wICAR/capabilities/comments/items","items":[],"nextPageToken":null,"nextPageUrl":null,"total":0}},"topics":{"canAssignTopics":true,"items":[]}},"clientInfo":null,"createdDate":"2016-07-21T14:41:59.000Z","event":false,"feedElementType":"FeedItem","header":{"messageSegments":[{"motif":{"color":"65CAE4","largeIconUrl":"/img/icon/profile64.png","mediumIconUrl":"/img/icon/profile32.png","smallIconUrl":"/img/icon/profile16.png","svgIconUrl":null},"reference":{"id":"00550000005d7KnAAI","url":"/services/data/v34.0/chatter/users/00550000005d7KnAAI"},"text":"Test User","type":"EntityLink"}],"text":"Test User"},"id":"0D55000003Ln9wICAR","isDeleteRestricted":false,"modifiedDate":"2016-07-21T14:41:59.000Z","originalFeedItem":null,"originalFeedItemActor":null,"parent":{"additionalLabel":null,"communityNickname":"jrattanpal","companyName":null,"displayName":"Test User","firstName":"Test","id":"00550000005d7KnAAI","isActive":true,"isInThisCommunity":true,"lastName":"User","motif":{"color":"65CAE4","largeIconUrl":"/img/icon/profile64.png","mediumIconUrl":"/img/icon/profile32.png","smallIconUrl":"/img/icon/profile16.png","svgIconUrl":null},"mySubscription":{"id":"0E85000000Dvxc2CAB","url":"/services/data/v34.0/chatter/subscriptions/0E85000000Dvxc2CAB"},"name":"Test User","photo":{"fullEmailPhotoUrl":"https://bfffollow-dev-ed.my.salesforce.com/img/userprofile/default_profile_200.png?fromEmail=1","largePhotoUrl":"https://bfffollow-dev-ed--c.na3.content.force.com/profilephoto/005/F","photoVersionId":null,"smallPhotoUrl":"https://bfffollow-dev-ed--c.na3.content.force.com/profilephoto/005/T","standardEmailPhotoUrl":"https://bfffollow-dev-ed.my.salesforce.com/img/userprofile/default_profile_45.png?fromEmail=1","url":"/services/data/v34.0/chatter/users/00550000005d7KnAAI/photo"},"reputation":null,"title":null,"type":"User","url":"/services/data/v34.0/chatter/users/00550000005d7KnAAI","userType":"Internal"},"photoUrl":"https://bfffollow-dev-ed--c.na3.content.force.com/profilephoto/005/T","relativeCreatedDate":"4m ago","type":"TextPost","url":"/services/data/v34.0/chatter/feed-elements/0D55000003Ln9wICAR","visibility":"AllUsers"},{"actor":{"additionalLabel":null,"communityNickname":"jrattanpal","companyName":null,"displayName":"Test User","firstName":"Test","id":"00550000005d7KnAAI","isActive":true,"isInThisCommunity":true,"lastName":"User","motif":{"color":"65CAE4","largeIconUrl":"/img/icon/profile64.png","mediumIconUrl":"/img/icon/profile32.png","smallIconUrl":"/img/icon/profile16.png","svgIconUrl":null},"mySubscription":{"id":"0E85000000Dvxc2CAB","url":"/services/data/v34.0/chatter/subscriptions/0E85000000Dvxc2CAB"},"name":"Test User","photo":{"fullEmailPhotoUrl":"https://bfffollow-dev-ed.my.salesforce.com/img/userprofile/default_profile_200.png?fromEmail=1","largePhotoUrl":"https://bfffollow-dev-ed--c.na3.content.force.com/profilephoto/005/F","photoVersionId":null,"smallPhotoUrl":"https://bfffollow-dev-ed--c.na3.content.force.com/profilephoto/005/T","standardEmailPhotoUrl":"https://bfffollow-dev-ed.my.salesforce.com/img/userprofile/default_profile_45.png?fromEmail=1","url":"/services/data/v34.0/chatter/users/00550000005d7KnAAI/photo"},"reputation":null,"title":null,"type":"User","url":"/services/data/v34.0/chatter/users/00550000005d7KnAAI","userType":"Internal"},"body":{"messageSegments":[{"text":"","type":"MarkupBegin"},{"text":"Test 2","type":"Text"},{"text":"\n","type":"MarkupEnd"}],"text":"Test 2\n"},"canShare":true,"capabilities":{"associatedActions":{"platformActionGroups":[]},"bookmarks":{"isBookmarkedByCurrentUser":false},"chatterLikes":{"isLikedByCurrentUser":false,"likesMessage":null,"myLike":null,"page":{"currentPageToken":0,"currentPageUrl":"/services/data/v34.0/chatter/feed-elements/0D55000003LmBshCAF/capabilities/chatter-likes/items","items":[],"nextPageToken":null,"nextPageUrl":null,"previousPageToken":null,"previousPageUrl":null,"total":0}},"comments":{"page":{"currentPageToken":null,"currentPageUrl":"/services/data/v34.0/chatter/feed-elements/0D55000003LmBshCAF/capabilities/comments/items","items":[],"nextPageToken":null,"nextPageUrl":null,"total":0}},"topics":{"canAssignTopics":true,"items":[]}},"clientInfo":null,"createdDate":"2016-07-21T04:34:39.000Z","event":false,"feedElementType":"FeedItem","header":{"messageSegments":[{"motif":{"color":"65CAE4","largeIconUrl":"/img/icon/profile64.png","mediumIconUrl":"/img/icon/profile32.png","smallIconUrl":"/img/icon/profile16.png","svgIconUrl":null},"reference":{"id":"00550000005d7KnAAI","url":"/services/data/v34.0/chatter/users/00550000005d7KnAAI"},"text":"Test User","type":"EntityLink"}],"text":"Test User"},"id":"0D55000003LmBshCAF","isDeleteRestricted":false,"modifiedDate":"2016-07-21T04:34:39.000Z","originalFeedItem":null,"originalFeedItemActor":null,"parent":{"additionalLabel":null,"communityNickname":"jrattanpal","companyName":null,"displayName":"Test User","firstName":"Test","id":"00550000005d7KnAAI","isActive":true,"isInThisCommunity":true,"lastName":"User","motif":{"color":"65CAE4","largeIconUrl":"/img/icon/profile64.png","mediumIconUrl":"/img/icon/profile32.png","smallIconUrl":"/img/icon/profile16.png","svgIconUrl":null},"mySubscription":{"id":"0E85000000Dvxc2CAB","url":"/services/data/v34.0/chatter/subscriptions/0E85000000Dvxc2CAB"},"name":"Test User","photo":{"fullEmailPhotoUrl":"https://bfffollow-dev-ed.my.salesforce.com/img/userprofile/default_profile_200.png?fromEmail=1","largePhotoUrl":"https://bfffollow-dev-ed--c.na3.content.force.com/profilephoto/005/F","photoVersionId":null,"smallPhotoUrl":"https://bfffollow-dev-ed--c.na3.content.force.com/profilephoto/005/T","standardEmailPhotoUrl":"https://bfffollow-dev-ed.my.salesforce.com/img/userprofile/default_profile_45.png?fromEmail=1","url":"/services/data/v34.0/chatter/users/00550000005d7KnAAI/photo"},"reputation":null,"title":null,"type":"User","url":"/services/data/v34.0/chatter/users/00550000005d7KnAAI","userType":"Internal"},"photoUrl":"https://bfffollow-dev-ed--c.na3.content.force.com/profilephoto/005/T","relativeCreatedDate":"10h ago","type":"TextPost","url":"/services/data/v34.0/chatter/feed-elements/0D55000003LmBshCAF","visibility":"AllUsers"},{"actor":{"additionalLabel":null,"communityNickname":"bfffollow1.4689653052892656E12","companyName":"BFFFollow","displayName":"Jaswinder Rattanpal","firstName":"Jaswinder","id":"00550000005cg71AAA","isActive":true,"isInThisCommunity":true,"lastName":"Rattanpal","motif":{"color":"65CAE4","largeIconUrl":"/img/icon/profile64.png","mediumIconUrl":"/img/icon/profile32.png","smallIconUrl":"/img/icon/profile16.png","svgIconUrl":null},"mySubscription":null,"name":"Jaswinder Rattanpal","photo":{"fullEmailPhotoUrl":"https://bfffollow-dev-ed.my.salesforce.com/img/userprofile/default_profile_200.png?fromEmail=1","largePhotoUrl":"https://bfffollow-dev-ed--c.na3.content.force.com/profilephoto/005/F","photoVersionId":null,"smallPhotoUrl":"https://bfffollow-dev-ed--c.na3.content.force.com/profilephoto/005/T","standardEmailPhotoUrl":"https://bfffollow-dev-ed.my.salesforce.com/img/userprofile/default_profile_45.png?fromEmail=1","url":"/services/data/v34.0/chatter/users/00550000005cg71AAA/photo"},"reputation":null,"title":null,"type":"User","url":"/services/data/v34.0/chatter/users/00550000005cg71AAA","userType":"Internal"},"body":{"messageSegments":[{"text":"","type":"MarkupBegin"},{"text":"Test 1","type":"Text"},{"text":"\n","type":"MarkupEnd"}],"text":"Test 1\n"},"canShare":true,"capabilities":{"associatedActions":{"platformActionGroups":[]},"bookmarks":{"isBookmarkedByCurrentUser":false},"chatterLikes":{"isLikedByCurrentUser":false,"likesMessage":{"messageSegments":[{"motif":{"color":"65CAE4","largeIconUrl":"/img/icon/profile64.png","mediumIconUrl":"/img/icon/profile32.png","smallIconUrl":"/img/icon/profile16.png","svgIconUrl":null},"reference":{"id":"00550000005d7KnAAI","url":"/services/data/v34.0/chatter/users/00550000005d7KnAAI"},"text":"Test User","type":"EntityLink"},{"text":" likes this.","type":"Text"}],"text":"Test User likes this."},"myLike":null,"page":{"currentPageToken":0,"currentPageUrl":"/services/data/v34.0/chatter/feed-elements/0D55000003LmBsDCAV/capabilities/chatter-likes/items","items":[{"id":"0I050000001eN0WCAU","likedItem":{"id":"0D55000003LmBsDCAV","url":"/services/data/v34.0/chatter/feed-elements/0D55000003LmBsDCAV"},"url":"/services/data/v34.0/chatter/likes/0I050000001eN0WCAU","user":{"additionalLabel":null,"communityNickname":"jrattanpal","companyName":null,"displayName":"Test User","firstName":"Test","id":"00550000005d7KnAAI","isActive":true,"isInThisCommunity":true,"lastName":"User","motif":{"color":"65CAE4","largeIconUrl":"/img/icon/profile64.png","mediumIconUrl":"/img/icon/profile32.png","smallIconUrl":"/img/icon/profile16.png","svgIconUrl":null},"mySubscription":{"id":"0E85000000Dvxc2CAB","url":"/services/data/v34.0/chatter/subscriptions/0E85000000Dvxc2CAB"},"name":"Test User","photo":{"fullEmailPhotoUrl":"https://bfffollow-dev-ed.my.salesforce.com/img/userprofile/default_profile_200.png?fromEmail=1","largePhotoUrl":"https://bfffollow-dev-ed--c.na3.content.force.com/profilephoto/005/F","photoVersionId":null,"smallPhotoUrl":"https://bfffollow-dev-ed--c.na3.content.force.com/profilephoto/005/T","standardEmailPhotoUrl":"https://bfffollow-dev-ed.my.salesforce.com/img/userprofile/default_profile_45.png?fromEmail=1","url":"/services/data/v34.0/chatter/users/00550000005d7KnAAI/photo"},"reputation":null,"title":null,"type":"User","url":"/services/data/v34.0/chatter/users/00550000005d7KnAAI","userType":"Internal"}}],"nextPageToken":null,"nextPageUrl":null,"previousPageToken":null,"previousPageUrl":null,"total":1}},"comments":{"page":{"currentPageToken":null,"currentPageUrl":"/services/data/v34.0/chatter/feed-elements/0D55000003LmBsDCAV/capabilities/comments/items","items":[{"body":{"messageSegments":[{"text":"Test","type":"Text"}],"text":"Test"},"capabilities":{},"clientInfo":null,"createdDate":"2016-07-21T14:45:26.000Z","feedElement":{"id":"0D55000003LmBsDCAV","url":"/services/data/v34.0/chatter/feed-elements/0D55000003LmBsDCAV"},"id":"0D750000002KRgUCAW","isDeleteRestricted":false,"likes":{"currentPageToken":null,"currentPageUrl":"/services/data/v34.0/chatter/comments/0D750000002KRgUCAW/likes","items":[],"nextPageToken":null,"nextPageUrl":null,"previousPageToken":null,"previousPageUrl":null,"total":0},"likesMessage":null,"moderationFlags":null,"myLike":null,"parent":{"id":"00550000005cg71AAA","url":"/services/data/v34.0/chatter/users/00550000005cg71AAA"},"relativeCreatedDate":"Just Now","type":"TextComment","url":"/services/data/v34.0/chatter/comments/0D750000002KRgUCAW","user":{"additionalLabel":null,"communityNickname":"jrattanpal","companyName":null,"displayName":"Test User","firstName":"Test","id":"00550000005d7KnAAI","isActive":true,"isInThisCommunity":true,"lastName":"User","motif":{"color":"65CAE4","largeIconUrl":"/img/icon/profile64.png","mediumIconUrl":"/img/icon/profile32.png","smallIconUrl":"/img/icon/profile16.png","svgIconUrl":null},"mySubscription":{"id":"0E85000000Dvxc2CAB","url":"/services/data/v34.0/chatter/subscriptions/0E85000000Dvxc2CAB"},"name":"Test User","photo":{"fullEmailPhotoUrl":"https://bfffollow-dev-ed.my.salesforce.com/img/userprofile/default_profile_200.png?fromEmail=1","largePhotoUrl":"https://bfffollow-dev-ed--c.na3.content.force.com/profilephoto/005/F","photoVersionId":null,"smallPhotoUrl":"https://bfffollow-dev-ed--c.na3.content.force.com/profilephoto/005/T","standardEmailPhotoUrl":"https://bfffollow-dev-ed.my.salesforce.com/img/userprofile/default_profile_45.png?fromEmail=1","url":"/services/data/v34.0/chatter/users/00550000005d7KnAAI/photo"},"reputation":null,"title":null,"type":"User","url":"/services/data/v34.0/chatter/users/00550000005d7KnAAI","userType":"Internal"}},{"body":{"messageSegments":[{"accessible":true,"name":"Test User","record":{"additionalLabel":null,"communityNickname":"jrattanpal","companyName":null,"displayName":"Test User","firstName":"Test","id":"00550000005d7KnAAI","isActive":true,"isInThisCommunity":true,"lastName":"User","motif":{"color":"65CAE4","largeIconUrl":"/img/icon/profile64.png","mediumIconUrl":"/img/icon/profile32.png","smallIconUrl":"/img/icon/profile16.png","svgIconUrl":null},"mySubscription":{"id":"0E85000000Dvxc2CAB","url":"/services/data/v34.0/chatter/subscriptions/0E85000000Dvxc2CAB"},"name":"Test User","photo":{"fullEmailPhotoUrl":"https://bfffollow-dev-ed.my.salesforce.com/img/userprofile/default_profile_200.png?fromEmail=1","largePhotoUrl":"https://bfffollow-dev-ed--c.na3.content.force.com/profilephoto/005/F","photoVersionId":null,"smallPhotoUrl":"https://bfffollow-dev-ed--c.na3.content.force.com/profilephoto/005/T","standardEmailPhotoUrl":"https://bfffollow-dev-ed.my.salesforce.com/img/userprofile/default_profile_45.png?fromEmail=1","url":"/services/data/v34.0/chatter/users/00550000005d7KnAAI/photo"},"reputation":null,"title":null,"type":"User","url":"/services/data/v34.0/chatter/users/00550000005d7KnAAI","userType":"Internal"},"text":"@Test User","type":"Mention"}],"text":"@Test User"},"capabilities":{},"clientInfo":null,"createdDate":"2016-07-21T14:45:59.000Z","feedElement":{"id":"0D55000003LmBsDCAV","url":"/services/data/v34.0/chatter/feed-elements/0D55000003LmBsDCAV"},"id":"0D750000002KRl0CAG","isDeleteRestricted":false,"likes":{"currentPageToken":null,"currentPageUrl":"/services/data/v34.0/chatter/comments/0D750000002KRl0CAG/likes","items":[],"nextPageToken":null,"nextPageUrl":null,"previousPageToken":null,"previousPageUrl":null,"total":0},"likesMessage":null,"moderationFlags":null,"myLike":null,"parent":{"id":"00550000005cg71AAA","url":"/services/data/v34.0/chatter/users/00550000005cg71AAA"},"relativeCreatedDate":"Just Now","type":"TextComment","url":"/services/data/v34.0/chatter/comments/0D750000002KRl0CAG","user":{"additionalLabel":null,"communityNickname":"bfffollow1.4689653052892656E12","companyName":"BFFFollow","displayName":"Jaswinder Rattanpal","firstName":"Jaswinder","id":"00550000005cg71AAA","isActive":true,"isInThisCommunity":true,"lastName":"Rattanpal","motif":{"color":"65CAE4","largeIconUrl":"/img/icon/profile64.png","mediumIconUrl":"/img/icon/profile32.png","smallIconUrl":"/img/icon/profile16.png","svgIconUrl":null},"mySubscription":null,"name":"Jaswinder Rattanpal","photo":{"fullEmailPhotoUrl":"https://bfffollow-dev-ed.my.salesforce.com/img/userprofile/default_profile_200.png?fromEmail=1","largePhotoUrl":"https://bfffollow-dev-ed--c.na3.content.force.com/profilephoto/005/F","photoVersionId":null,"smallPhotoUrl":"https://bfffollow-dev-ed--c.na3.content.force.com/profilephoto/005/T","standardEmailPhotoUrl":"https://bfffollow-dev-ed.my.salesforce.com/img/userprofile/default_profile_45.png?fromEmail=1","url":"/services/data/v34.0/chatter/users/00550000005cg71AAA/photo"},"reputation":null,"title":null,"type":"User","url":"/services/data/v34.0/chatter/users/00550000005cg71AAA","userType":"Internal"}}],"nextPageToken":null,"nextPageUrl":null,"total":2}},"topics":{"canAssignTopics":true,"items":[]}},"clientInfo":null,"createdDate":"2016-07-21T04:33:49.000Z","event":false,"feedElementType":"FeedItem","header":{"messageSegments":[{"motif":{"color":"65CAE4","largeIconUrl":"/img/icon/profile64.png","mediumIconUrl":"/img/icon/profile32.png","smallIconUrl":"/img/icon/profile16.png","svgIconUrl":null},"reference":{"id":"00550000005cg71AAA","url":"/services/data/v34.0/chatter/users/00550000005cg71AAA"},"text":"Jaswinder Rattanpal","type":"EntityLink"}],"text":"Jaswinder Rattanpal"},"id":"0D55000003LmBsDCAV","isDeleteRestricted":false,"modifiedDate":"2016-07-21T14:45:59.000Z","originalFeedItem":null,"originalFeedItemActor":null,"parent":{"additionalLabel":null,"communityNickname":"bfffollow1.4689653052892656E12","companyName":"BFFFollow","displayName":"Jaswinder Rattanpal","firstName":"Jaswinder","id":"00550000005cg71AAA","isActive":true,"isInThisCommunity":true,"lastName":"Rattanpal","motif":{"color":"65CAE4","largeIconUrl":"/img/icon/profile64.png","mediumIconUrl":"/img/icon/profile32.png","smallIconUrl":"/img/icon/profile16.png","svgIconUrl":null},"mySubscription":null,"name":"Jaswinder Rattanpal","photo":{"fullEmailPhotoUrl":"https://bfffollow-dev-ed.my.salesforce.com/img/userprofile/default_profile_200.png?fromEmail=1","largePhotoUrl":"https://bfffollow-dev-ed--c.na3.content.force.com/profilephoto/005/F","photoVersionId":null,"smallPhotoUrl":"https://bfffollow-dev-ed--c.na3.content.force.com/profilephoto/005/T","standardEmailPhotoUrl":"https://bfffollow-dev-ed.my.salesforce.com/img/userprofile/default_profile_45.png?fromEmail=1","url":"/services/data/v34.0/chatter/users/00550000005cg71AAA/photo"},"reputation":null,"title":null,"type":"User","url":"/services/data/v34.0/chatter/users/00550000005cg71AAA","userType":"Internal"},"photoUrl":"https://bfffollow-dev-ed--c.na3.content.force.com/profilephoto/005/T","relativeCreatedDate":"10h ago","type":"TextPost","url":"/services/data/v34.0/chatter/feed-elements/0D55000003LmBsDCAV","visibility":"AllUsers"}],"isModifiedToken":null,"isModifiedUrl":null,"nextPageToken":null,"nextPageUrl":null,"updatesToken":null,"updatesUrl":null}, outputFlag=true, records=null]
10:46:14.0 (369650646)|METHOD_EXIT|[9]|01p50000002D8iw|BFFFollow_Controller.process(ETLC_ApexBridge_Data)
10:46:14.0 (369656710)|STATEMENT_EXECUTE|[24]
10:46:14.0 (369683825)|METHOD_ENTRY|[24]|01p50000002CIEo|ETLC_ApexBridge_Data.toJSON()
10:46:14.0 (369715415)|VARIABLE_SCOPE_BEGIN|[57]|this|ETLC_ApexBridge_Data|true|false
10:46:14.0 (369746576)|VARIABLE_ASSIGNMENT|[57]|this|{"debug":true,"input":"{\"mode\":\"fetchUserFe (34 more) ...","operation":"BFFFollow_Controller","output":"{\"currentPageToken\": (22744 more) ...","outputFlag":true}|0x65335046
10:46:14.0 (369752424)|STATEMENT_EXECUTE|[57]
10:46:14.0 (369753845)|STATEMENT_EXECUTE|[58]
10:46:14.0 (369772413)|METHOD_ENTRY|[58]||System.JSON.serialize(Object)
10:46:14.0 (369850609)|STATEMENT_EXECUTE|[22]
10:46:14.0 (369855232)|STATEMENT_EXECUTE|[23]
10:46:14.0 (369865253)|HEAP_ALLOCATE|[23]|Bytes:5
10:46:14.0 (369875097)|VARIABLE_ASSIGNMENT|[23]|this.isSuccess|true|0x65335046
10:46:14.0 (369877543)|STATEMENT_EXECUTE|[24]
10:46:14.0 (369932486)|STATEMENT_EXECUTE|[31]
10:46:14.0 (369937459)|STATEMENT_EXECUTE|[32]
10:46:14.0 (369946532)|HEAP_ALLOCATE|[32]|Bytes:4
10:46:14.0 (370033049)|VARIABLE_ASSIGNMENT|[32]|this.messages|{"s":1,"v":{}}|0x65335046
10:46:14.0 (370038010)|STATEMENT_EXECUTE|[33]
10:46:14.0 (370635381)|METHOD_EXIT|[58]||System.JSON.serialize(Object)
10:46:14.0 (370645854)|METHOD_EXIT|[24]|01p50000002CIEo|ETLC_ApexBridge_Data.toJSON()
10:46:14.0 (370658200)|SYSTEM_MODE_EXIT|false
10:46:14.370 (370716098)|CUMULATIVE_LIMIT_USAGE
10:46:14.370 (370716098)|LIMIT_USAGE_FOR_NS|(default)|
  Number of SOQL queries: 0 out of 100
  Number of query rows: 0 out of 50000
  Number of SOSL queries: 0 out of 20
  Number of DML statements: 0 out of 150
  Number of DML rows: 0 out of 10000
  Maximum CPU time: 153 out of 10000
  Maximum heap size: 0 out of 6000000
  Number of callouts: 0 out of 100
  Number of Email Invocations: 0 out of 10
  Number of future calls: 0 out of 50
  Number of queueable jobs added to the queue: 0 out of 50
  Number of Mobile Apex push calls: 0 out of 10

10:46:14.370 (370716098)|CUMULATIVE_LIMIT_USAGE_END

10:46:14.0 (370771419)|CODE_UNIT_FINISHED|ETLC_ApexBridge_Controller.execute
