34.0 APEX_CODE,FINEST;APEX_PROFILING,INFO;CALLOUT,INFO;DB,INFO;SYSTEM,DEBUG;VALIDATION,INFO;VISUALFORCE,INFO;WORKFLOW,INFO
13:54:53.0 (547691)|USER_INFO|[EXTERNAL]|00550000005cg71|bfffollow@jr.te|Eastern Standard Time|GMT-04:00
13:54:53.0 (648294)|EXECUTION_STARTED
13:54:53.0 (658373)|CODE_UNIT_STARTED|[EXTERNAL]|01p50000002DHPJ|BFFFollow_Controller_Test.BFFFollow_Controller_fetchFollowedUserss_Positive_Test
13:54:53.0 (926803)|HEAP_ALLOCATE|[72]|Bytes:3
13:54:53.0 (988501)|HEAP_ALLOCATE|[77]|Bytes:152
13:54:53.0 (1013122)|HEAP_ALLOCATE|[342]|Bytes:408
13:54:53.0 (1037438)|HEAP_ALLOCATE|[355]|Bytes:408
13:54:53.0 (1057776)|HEAP_ALLOCATE|[467]|Bytes:48
13:54:53.0 (1146145)|HEAP_ALLOCATE|[139]|Bytes:6
13:54:53.0 (1184203)|HEAP_ALLOCATE|[EXTERNAL]|Bytes:73
13:54:53.0 (1273385)|METHOD_ENTRY|[2]|01p50000002DHPJ|BFFFollow_Controller_Test.BFFFollow_Controller_Test()
13:54:53.0 (1281529)|STATEMENT_EXECUTE|[2]
13:54:53.0 (1289504)|STATEMENT_EXECUTE|[2]
13:54:53.0 (1337210)|HEAP_ALLOCATE|[50]|Bytes:5
13:54:53.0 (1363927)|HEAP_ALLOCATE|[56]|Bytes:5
13:54:53.0 (1390540)|HEAP_ALLOCATE|[64]|Bytes:7
13:54:53.0 (2568743)|SYSTEM_MODE_ENTER|false
13:54:53.0 (2600280)|HEAP_ALLOCATE|[EXTERNAL]|Bytes:5
13:54:53.0 (2614342)|SYSTEM_MODE_EXIT|false
13:54:53.0 (2672490)|METHOD_EXIT|[2]|BFFFollow_Controller_Test
13:54:53.0 (2746867)|SYSTEM_MODE_ENTER|false
13:54:53.0 (2757279)|HEAP_ALLOCATE|[23]|Bytes:5
13:54:53.0 (2765026)|STATEMENT_EXECUTE|[22]
13:54:53.0 (2767609)|STATEMENT_EXECUTE|[23]
13:54:53.0 (2804572)|METHOD_ENTRY|[23]|01p50000002DHPJ|BFFFollow_Controller_Test.BFFFollow_Controller_saveFollowedUsers_Positive_Test()
13:54:53.0 (2876099)|HEAP_ALLOCATE|[5]|Bytes:5
13:54:53.0 (2884068)|STATEMENT_EXECUTE|[4]
13:54:53.0 (2887109)|STATEMENT_EXECUTE|[5]
13:54:53.0 (2900373)|HEAP_ALLOCATE|[5]|Bytes:27
13:54:53.0 (2916726)|HEAP_ALLOCATE|[5]|Bytes:4
13:54:53.0 (3173460)|SOQL_EXECUTE_BEGIN|[5]|Aggregations:0|SELECT id FROM user LIMIT 1
13:54:53.0 (5784088)|SOQL_EXECUTE_END|[5]|Rows:1
13:54:53.0 (5823461)|HEAP_ALLOCATE|[5]|Bytes:8
13:54:53.0 (5847167)|HEAP_ALLOCATE|[5]|Bytes:33
13:54:53.0 (6035961)|HEAP_ALLOCATE|[5]|Bytes:8
13:54:53.0 (6055753)|HEAP_ALLOCATE|[5]|Bytes:30
13:54:53.0 (6222340)|HEAP_ALLOCATE|[5]|Bytes:8
13:54:53.0 (6240728)|VARIABLE_SCOPE_BEGIN|[5]|u|User|true|false
13:54:53.0 (6502024)|VARIABLE_ASSIGNMENT|[5]|u|{"s":1,"v":{"Id":"00550000005cg71AAA"}}|0x79fd97b3
13:54:53.0 (6508903)|STATEMENT_EXECUTE|[7]
13:54:53.0 (6521054)|HEAP_ALLOCATE|[7]|Bytes:44
13:54:53.0 (6649604)|HEAP_ALLOCATE|[7]|Bytes:18
13:54:53.0 (6667238)|HEAP_ALLOCATE|[7]|Bytes:70
13:54:53.0 (6683092)|HEAP_ALLOCATE|[7]|Bytes:132
13:54:53.0 (6688646)|VARIABLE_SCOPE_BEGIN|[7]|data|String|false|false
13:54:53.0 (6703065)|VARIABLE_ASSIGNMENT|[7]|data|"{\"mode\":\"saveFollowe (112 more) ..."
13:54:53.0 (6706624)|STATEMENT_EXECUTE|[8]
13:54:53.0 (8258997)|HEAP_ALLOCATE|[8]|Bytes:11
13:54:53.0 (8271406)|HEAP_ALLOCATE|[8]|Bytes:248
13:54:53.0 (8275489)|HEAP_ALLOCATE|[8]|Bytes:39
13:54:53.0 (8310962)|METHOD_ENTRY|[2]|01p50000002CIEo|ETLC_ApexBridge_Data.ETLC_ApexBridge_Data()
13:54:53.0 (8315993)|STATEMENT_EXECUTE|[2]
13:54:53.0 (8322298)|STATEMENT_EXECUTE|[2]
13:54:53.0 (8332643)|METHOD_EXIT|[2]|ETLC_ApexBridge_Data
13:54:53.0 (9288484)|HEAP_ALLOCATE|[8]|Bytes:36
13:54:53.0 (9309820)|CONSTRUCTOR_ENTRY|[8]|01p50000002CIEo|<init>()
13:54:53.0 (9367775)|VARIABLE_SCOPE_BEGIN|[2]|this|ETLC_ApexBridge_Data|true|false
13:54:53.0 (9486888)|VARIABLE_ASSIGNMENT|[2]|this|{}|0x87ebd20
13:54:53.0 (9502862)|HEAP_ALLOCATE|[EXTERNAL]|Bytes:6
13:54:53.0 (9535641)|STATEMENT_EXECUTE|[2]
13:54:53.0 (9538087)|STATEMENT_EXECUTE|[6]
13:54:53.0 (9554023)|STATEMENT_EXECUTE|[9]
13:54:53.0 (9557605)|STATEMENT_EXECUTE|[12]
13:54:53.0 (9560597)|STATEMENT_EXECUTE|[15]
13:54:53.0 (9563183)|STATEMENT_EXECUTE|[18]
13:54:53.0 (9565577)|STATEMENT_EXECUTE|[21]
13:54:53.0 (9567962)|STATEMENT_EXECUTE|[30]
13:54:53.0 (9570280)|STATEMENT_EXECUTE|[39]
13:54:53.0 (9578163)|CONSTRUCTOR_EXIT|[8]|01p50000002CIEo|<init>()
13:54:53.0 (9582836)|VARIABLE_SCOPE_BEGIN|[8]|d1|ETLC_ApexBridge_Data|true|false
13:54:53.0 (9610049)|VARIABLE_ASSIGNMENT|[8]|d1|{}|0x87ebd20
13:54:53.0 (9614185)|STATEMENT_EXECUTE|[9]
13:54:53.0 (9623743)|HEAP_ALLOCATE|[9]|Bytes:20
13:54:53.0 (9720970)|VARIABLE_ASSIGNMENT|[EXTERNAL]|this|{}|0x87ebd20
13:54:53.0 (9733675)|VARIABLE_ASSIGNMENT|[EXTERNAL]|value|"BFFFollow_Controller"
13:54:53.0 (9750798)|VARIABLE_ASSIGNMENT|[6]|this.operation|"BFFFollow_Controller"|0x87ebd20
13:54:53.0 (9761359)|STATEMENT_EXECUTE|[10]
13:54:53.0 (9856291)|VARIABLE_ASSIGNMENT|[EXTERNAL]|this|{"operation":"BFFFollow_Controller"}|0x87ebd20
13:54:53.0 (9872192)|VARIABLE_ASSIGNMENT|[EXTERNAL]|value|"{\"mode\":\"saveFollowe (112 more) ..."
13:54:53.0 (9887473)|VARIABLE_ASSIGNMENT|[9]|this.input|"{\"mode\":\"saveFollowe (112 more) ..."|0x87ebd20
13:54:53.0 (9897106)|STATEMENT_EXECUTE|[11]
13:54:53.0 (9994298)|VARIABLE_ASSIGNMENT|[EXTERNAL]|this|{"input":"{\"mode\":\"saveFollowe (112 more) ...","operation":"BFFFollow_Controller"}|0x87ebd20
13:54:53.0 (10010853)|VARIABLE_ASSIGNMENT|[EXTERNAL]|value|true
13:54:53.0 (10020049)|HEAP_ALLOCATE|[18]|Bytes:5
13:54:53.0 (10031924)|VARIABLE_ASSIGNMENT|[18]|this.debug|true|0x87ebd20
13:54:53.0 (10041249)|STATEMENT_EXECUTE|[13]
13:54:53.0 (10080761)|METHOD_ENTRY|[13]|01p50000002CIEo|ETLC_ApexBridge_Data.toJSON()
13:54:53.0 (10103987)|VARIABLE_SCOPE_BEGIN|[57]|this|ETLC_ApexBridge_Data|true|false
13:54:53.0 (10136922)|VARIABLE_ASSIGNMENT|[57]|this|{"debug":true,"input":"{\"mode\":\"saveFollowe (112 more) ...","operation":"BFFFollow_Controller"}|0x87ebd20
13:54:53.0 (10158014)|STATEMENT_EXECUTE|[57]
13:54:53.0 (10159671)|STATEMENT_EXECUTE|[58]
13:54:53.0 (10214841)|HEAP_ALLOCATE|[58]|Bytes:24
13:54:53.0 (10232660)|SYSTEM_METHOD_ENTRY|[1]|JSON.JSON()
13:54:53.0 (10236548)|STATEMENT_EXECUTE|[1]
13:54:53.0 (10246914)|SYSTEM_METHOD_EXIT|[1]|JSON
13:54:53.0 (10260986)|METHOD_ENTRY|[58]||System.JSON.serialize(Object)
13:54:53.0 (10435187)|STATEMENT_EXECUTE|[22]
13:54:53.0 (10442969)|STATEMENT_EXECUTE|[23]
13:54:53.0 (10459540)|HEAP_ALLOCATE|[23]|Bytes:5
13:54:53.0 (10477281)|VARIABLE_ASSIGNMENT|[23]|this.isSuccess|true|0x87ebd20
13:54:53.0 (10481695)|STATEMENT_EXECUTE|[24]
13:54:53.0 (10577971)|STATEMENT_EXECUTE|[31]
13:54:53.0 (10583637)|STATEMENT_EXECUTE|[32]
13:54:53.0 (10596241)|HEAP_ALLOCATE|[32]|Bytes:4
13:54:53.0 (10672811)|VARIABLE_ASSIGNMENT|[32]|this.messages|{"s":1,"v":{}}|0x87ebd20
13:54:53.0 (10677716)|STATEMENT_EXECUTE|[33]
13:54:53.0 (11084478)|METHOD_EXIT|[58]||System.JSON.serialize(Object)
13:54:53.0 (11094308)|METHOD_EXIT|[13]|01p50000002CIEo|ETLC_ApexBridge_Data.toJSON()
13:54:53.0 (12603526)|HEAP_ALLOCATE|[13]|Bytes:1
13:54:53.0 (12622371)|HEAP_ALLOCATE|[13]|Bytes:10
13:54:53.0 (12672666)|METHOD_ENTRY|[1]|01p50000002CIEm|ETLC_ApexBridge_Controller.ETLC_ApexBridge_Controller()
13:54:53.0 (12681898)|STATEMENT_EXECUTE|[1]
13:54:53.0 (12691044)|STATEMENT_EXECUTE|[1]
13:54:53.0 (12709019)|METHOD_EXIT|[1]|ETLC_ApexBridge_Controller
13:54:53.0 (12775350)|METHOD_ENTRY|[13]|01p50000002CIEm|ETLC_ApexBridge_Controller.execute(String)
13:54:53.0 (12795681)|VARIABLE_SCOPE_BEGIN|[3]|dataJson|String|false|false
13:54:53.0 (12814015)|VARIABLE_ASSIGNMENT|[3]|dataJson|"{\"records\":null,\"out (272 more) ..."
13:54:53.0 (12831242)|STATEMENT_EXECUTE|[3]
13:54:53.0 (12833901)|STATEMENT_EXECUTE|[4]
13:54:53.0 (12847790)|VARIABLE_SCOPE_BEGIN|[4]|data|ETLC_ApexBridge_Data|true|false
13:54:53.0 (12857924)|VARIABLE_ASSIGNMENT|[4]|data|null|
13:54:53.0 (12861567)|STATEMENT_EXECUTE|[5]
13:54:53.0 (12863482)|STATEMENT_EXECUTE|[5]
13:54:53.0 (12865136)|STATEMENT_EXECUTE|[6]
13:54:53.0 (12892840)|METHOD_ENTRY|[6]|01p50000002CIEo|ETLC_ApexBridge_Data.fromJSON(String)
13:54:53.0 (12952092)|VARIABLE_SCOPE_BEGIN|[60]|strJson|String|false|false
13:54:53.0 (12968901)|VARIABLE_ASSIGNMENT|[60]|strJson|"{\"records\":null,\"out (272 more) ..."
13:54:53.0 (12983341)|STATEMENT_EXECUTE|[60]
13:54:53.0 (12985573)|STATEMENT_EXECUTE|[61]
13:54:53.0 (12999159)|HEAP_ALLOCATE|[61]|Bytes:20
13:54:53.0 (13135825)|HEAP_ALLOCATE|[61]|Bytes:24
13:54:53.0 (13162656)|SYSTEM_METHOD_ENTRY|[1]|Type.Type()
13:54:53.0 (13167507)|STATEMENT_EXECUTE|[1]
13:54:53.0 (13181653)|SYSTEM_METHOD_EXIT|[1]|Type
13:54:53.0 (13201110)|HEAP_ALLOCATE|[61]|Bytes:8
13:54:53.0 (13235941)|HEAP_ALLOCATE|[61]|Bytes:8
13:54:53.0 (13244223)|VARIABLE_SCOPE_BEGIN|[4]|this|System.Type|true|false
13:54:53.0 (13316236)|VARIABLE_ASSIGNMENT|[4]|this|{}|0x6f9ba9b2
13:54:53.0 (13326062)|VARIABLE_SCOPE_BEGIN|[4]|apextype|java:common.apex.runtime.ApexObjectType|true|false
13:54:53.0 (13551612)|VARIABLE_ASSIGNMENT|[4]|apextype|"ETLC_ApexBridge_Data"|0x66338ea7
13:54:53.0 (13612975)|HEAP_ALLOCATE|[61]|Bytes:8
13:54:53.0 (13639701)|METHOD_ENTRY|[61]||System.JSON.deserializeStrict(String, System.Type)
13:54:53.0 (14385947)|METHOD_EXIT|[61]||System.JSON.deserializeStrict(String, System.Type)
13:54:53.0 (14408998)|METHOD_EXIT|[6]|01p50000002CIEo|ETLC_ApexBridge_Data.fromJSON(String)
13:54:53.0 (14472454)|VARIABLE_ASSIGNMENT|[6]|data|{"debug":true,"input":"{\"mode\":\"saveFollowe (112 more) ...","isSuccess":true,"messages":"0x61d97b6e","operation":"BFFFollow_Controller"}|0x53bd88de
13:54:53.0 (14481568)|STATEMENT_EXECUTE|[7]
13:54:53.0 (14498132)|HEAP_ALLOCATE|[7]|Bytes:6
13:54:53.0 (14626747)|HEAP_ALLOCATE|[7]|Bytes:278
13:54:53.0 (14664926)|HEAP_ALLOCATE|[7]|Bytes:284
13:54:53.0 (14699024)|USER_DEBUG|[7]|DEBUG|data::ETLC_ApexBridge_Data:[debug=true, input={"mode":"saveFollowedUsers","followedById":"00550000005cg71AAA","followedUsers":[{"005":{"name":"user 1"},"006":{"name":"User 2"}}]}, isSuccess=true, messages={}, operation=BFFFollow_Controller, output=null, outputFlag=null, records=null]
13:54:53.0 (14713148)|STATEMENT_EXECUTE|[8]
13:54:53.0 (14823278)|VARIABLE_ASSIGNMENT|[EXTERNAL]|this|{"debug":true,"input":"{\"mode\":\"saveFollowe (112 more) ...","isSuccess":true,"messages":"0x61d97b6e","operation":"BFFFollow_Controller"}|0x53bd88de
13:54:53.0 (14857336)|METHOD_ENTRY|[8]||System.Type.forName(String)
13:54:53.0 (97003149)|METHOD_EXIT|[8]||System.Type.forName(String)
13:54:53.0 (97044969)|METHOD_ENTRY|[8]||System.Type.newInstance()
13:54:53.0 (99052066)|STATEMENT_EXECUTE|[1]
13:54:53.0 (99074078)|HEAP_ALLOCATE|[33]|Bytes:5
13:54:53.0 (99136497)|METHOD_EXIT|[1]|BFFFollow_Controller
13:54:53.0 (99176147)|HEAP_ALLOCATE|[33]|Bytes:4
13:54:53.0 (99205205)|VARIABLE_SCOPE_BEGIN|[1]|this|BFFFollow_Controller|true|false
13:54:53.0 (99299006)|VARIABLE_ASSIGNMENT|[1]|this|{}|0x3764f54a
13:54:53.0 (99322072)|HEAP_ALLOCATE|[33]|Bytes:5
13:54:53.0 (99346001)|HEAP_ALLOCATE|[33]|Bytes:11
13:54:53.0 (99432964)|METHOD_ENTRY|[1]|01p50000002CIEj|ETLC_ApexBridge_Abstract.ETLC_ApexBridge_Abstract()
13:54:53.0 (99443547)|STATEMENT_EXECUTE|[1]
13:54:53.0 (99454185)|STATEMENT_EXECUTE|[1]
13:54:53.0 (99480792)|METHOD_EXIT|[1]|ETLC_ApexBridge_Abstract
13:54:53.0 (99526422)|CONSTRUCTOR_ENTRY|[EXTERNAL]|01p50000002CIEj|<init>()
13:54:53.0 (99570824)|VARIABLE_SCOPE_BEGIN|[1]|this|ETLC_ApexBridge_Abstract|true|false
13:54:53.0 (99603049)|VARIABLE_ASSIGNMENT|[1]|this|{}|0x3764f54a
13:54:53.0 (99632630)|STATEMENT_EXECUTE|[1]
13:54:53.0 (99640819)|CONSTRUCTOR_EXIT|[EXTERNAL]|01p50000002CIEj|<init>()
13:54:53.0 (99650565)|STATEMENT_EXECUTE|[1]
13:54:53.0 (99659847)|HEAP_ALLOCATE|[33]|Bytes:5
13:54:53.0 (99695142)|METHOD_EXIT|[8]||System.Type.newInstance()
13:54:53.0 (99709685)|VARIABLE_SCOPE_BEGIN|[8]|executor|ETLC_ApexBridge_Abstract|true|false
13:54:53.0 (99734081)|VARIABLE_ASSIGNMENT|[8]|executor|{}|0x3764f54a
13:54:53.0 (99738809)|STATEMENT_EXECUTE|[9]
13:54:53.0 (99824633)|METHOD_ENTRY|[9]|01p50000002D8iw|BFFFollow_Controller.process(ETLC_ApexBridge_Data)
13:54:53.0 (99875545)|VARIABLE_SCOPE_BEGIN|[3]|this|BFFFollow_Controller|true|false
13:54:53.0 (99902277)|VARIABLE_ASSIGNMENT|[3]|this|{}|0x3764f54a
13:54:53.0 (99933304)|VARIABLE_SCOPE_BEGIN|[3]|data|ETLC_ApexBridge_Data|true|false
13:54:53.0 (100058234)|VARIABLE_ASSIGNMENT|[3]|data|{"debug":true,"input":"{\"mode\":\"saveFollowe (112 more) ...","isSuccess":true,"messages":"0x61d97b6e","operation":"BFFFollow_Controller"}|0x53bd88de
13:54:53.0 (100092907)|HEAP_ALLOCATE|[4]|Bytes:5
13:54:53.0 (100105525)|STATEMENT_EXECUTE|[3]
13:54:53.0 (100108241)|STATEMENT_EXECUTE|[4]
13:54:53.0 (100271037)|VARIABLE_ASSIGNMENT|[EXTERNAL]|this|{"debug":true,"input":"{\"mode\":\"saveFollowe (112 more) ...","isSuccess":true,"messages":"0x61d97b6e","operation":"BFFFollow_Controller"}|0x53bd88de
13:54:53.0 (100317131)|VARIABLE_ASSIGNMENT|[4]|BFFFollow_Controller.debugFlag|true
13:54:53.0 (100419145)|VARIABLE_ASSIGNMENT|[EXTERNAL]|this|{"debug":true,"input":"{\"mode\":\"saveFollowe (112 more) ...","isSuccess":true,"messages":"0x61d97b6e","operation":"BFFFollow_Controller"}|0x53bd88de
13:54:53.0 (100445737)|STATEMENT_EXECUTE|[5]
13:54:53.0 (100538832)|USER_DEBUG|[5]|DEBUG|ETLC_ApexBridge_Data:[debug=true, input={"mode":"saveFollowedUsers","followedById":"00550000005cg71AAA","followedUsers":[{"005":{"name":"user 1"},"006":{"name":"User 2"}}]}, isSuccess=true, messages={}, operation=BFFFollow_Controller, output=null, outputFlag=null, records=null]
13:54:53.0 (100555216)|STATEMENT_EXECUTE|[7]
13:54:53.0 (100569143)|HEAP_ALLOCATE|[7]|Bytes:4
13:54:53.0 (100602942)|METHOD_ENTRY|[7]|01p50000002CIEo|ETLC_ApexBridge_Data.getInputValue(String)
13:54:53.0 (100645849)|VARIABLE_SCOPE_BEGIN|[52]|this|ETLC_ApexBridge_Data|true|false
13:54:53.0 (100699901)|VARIABLE_ASSIGNMENT|[52]|this|{"debug":true,"input":"{\"mode\":\"saveFollowe (112 more) ...","isSuccess":true,"messages":"0x61d97b6e","operation":"BFFFollow_Controller"}|0x53bd88de
13:54:53.0 (100711888)|VARIABLE_SCOPE_BEGIN|[52]|key|String|false|false
13:54:53.0 (100719458)|VARIABLE_ASSIGNMENT|[52]|key|"mode"
13:54:53.0 (100735542)|STATEMENT_EXECUTE|[52]
13:54:53.0 (100738169)|STATEMENT_EXECUTE|[53]
13:54:53.0 (100837108)|VARIABLE_ASSIGNMENT|[EXTERNAL]|this|{"debug":true,"input":"{\"mode\":\"saveFollowe (112 more) ...","isSuccess":true,"messages":"0x61d97b6e","operation":"BFFFollow_Controller"}|0x53bd88de
13:54:53.0 (100875833)|METHOD_ENTRY|[53]||System.JSON.deserializeUntyped(String)
13:54:53.0 (102142240)|METHOD_EXIT|[53]||System.JSON.deserializeUntyped(String)
13:54:53.0 (102159920)|VARIABLE_SCOPE_BEGIN|[53]|inputMap|Map<String,ANY>|true|false
13:54:53.0 (102201859)|HEAP_ALLOCATE|[EXTERNAL]|Bytes:8
13:54:53.0 (102250303)|VARIABLE_ASSIGNMENT|[53]|inputMap|{"s":1,"v":{"mode":"saveFollowedUsers","followedById":"00550000005cg71AAA","followedUsers":{"s":2,"v":[{"s":3,"v":{"005":{"s":4,"v":{"name":"user 1"}},"006":{"s":5,"v":{"name":"User 2"}}}}]}}}|0x123ad589
13:54:53.0 (102257503)|STATEMENT_EXECUTE|[54]
13:54:53.0 (102342710)|METHOD_EXIT|[7]|01p50000002CIEo|ETLC_ApexBridge_Data.getInputValue(String)
13:54:53.0 (102358498)|VARIABLE_SCOPE_BEGIN|[7]|mode|String|false|false
13:54:53.0 (102378746)|VARIABLE_ASSIGNMENT|[7]|mode|"saveFollowedUsers"
13:54:53.0 (102392427)|HEAP_ALLOCATE|[9]|Bytes:18
13:54:53.0 (102445898)|HEAP_ALLOCATE|[13]|Bytes:17
13:54:53.0 (102476399)|STATEMENT_EXECUTE|[13]
13:54:53.0 (102480619)|STATEMENT_EXECUTE|[14]
13:54:53.0 (102508159)|HEAP_ALLOCATE|[14]|Bytes:12
13:54:53.0 (102536768)|METHOD_ENTRY|[14]|01p50000002CIEo|ETLC_ApexBridge_Data.getInputValue(String)
13:54:53.0 (102568885)|VARIABLE_SCOPE_BEGIN|[52]|this|ETLC_ApexBridge_Data|true|false
13:54:53.0 (102645791)|VARIABLE_ASSIGNMENT|[52]|this|{"debug":true,"input":"{\"mode\":\"saveFollowe (112 more) ...","isSuccess":true,"messages":"0x61d97b6e","operation":"BFFFollow_Controller"}|0x53bd88de
13:54:53.0 (102657020)|VARIABLE_SCOPE_BEGIN|[52]|key|String|false|false
13:54:53.0 (102668821)|VARIABLE_ASSIGNMENT|[52]|key|"followedById"
13:54:53.0 (102685980)|STATEMENT_EXECUTE|[52]
13:54:53.0 (102689715)|STATEMENT_EXECUTE|[53]
13:54:53.0 (102778510)|VARIABLE_ASSIGNMENT|[EXTERNAL]|this|{"debug":true,"input":"{\"mode\":\"saveFollowe (112 more) ...","isSuccess":true,"messages":"0x61d97b6e","operation":"BFFFollow_Controller"}|0x53bd88de
13:54:53.0 (102807963)|METHOD_ENTRY|[53]||System.JSON.deserializeUntyped(String)
13:54:53.0 (103820029)|METHOD_EXIT|[53]||System.JSON.deserializeUntyped(String)
13:54:53.0 (103841789)|VARIABLE_SCOPE_BEGIN|[53]|inputMap|Map<String,ANY>|true|false
13:54:53.0 (103881186)|HEAP_ALLOCATE|[EXTERNAL]|Bytes:8
13:54:53.0 (103938058)|VARIABLE_ASSIGNMENT|[53]|inputMap|{"s":1,"v":{"mode":"saveFollowedUsers","followedById":"00550000005cg71AAA","followedUsers":{"s":2,"v":[{"s":3,"v":{"005":{"s":4,"v":{"name":"user 1"}},"006":{"s":5,"v":{"name":"User 2"}}}}]}}}|0x1b3a60ee
13:54:53.0 (103949403)|STATEMENT_EXECUTE|[54]
13:54:53.0 (104000502)|METHOD_EXIT|[14]|01p50000002CIEo|ETLC_ApexBridge_Data.getInputValue(String)
13:54:53.0 (104037431)|HEAP_ALLOCATE|[14]|Bytes:4
13:54:53.0 (104051092)|HEAP_ALLOCATE|[14]|Bytes:13
13:54:53.0 (104074770)|METHOD_ENTRY|[14]|01p50000002CIEo|ETLC_ApexBridge_Data.getInputValue(String)
13:54:53.0 (104085292)|VARIABLE_SCOPE_BEGIN|[52]|this|ETLC_ApexBridge_Data|true|false
13:54:53.0 (104174195)|VARIABLE_ASSIGNMENT|[52]|this|{"debug":true,"input":"{\"mode\":\"saveFollowe (112 more) ...","isSuccess":true,"messages":"0x61d97b6e","operation":"BFFFollow_Controller"}|0x53bd88de
13:54:53.0 (104184394)|VARIABLE_SCOPE_BEGIN|[52]|key|String|false|false
13:54:53.0 (104195727)|VARIABLE_ASSIGNMENT|[52]|key|"followedUsers"
13:54:53.0 (104214083)|STATEMENT_EXECUTE|[52]
13:54:53.0 (104218006)|STATEMENT_EXECUTE|[53]
13:54:53.0 (104318054)|VARIABLE_ASSIGNMENT|[EXTERNAL]|this|{"debug":true,"input":"{\"mode\":\"saveFollowe (112 more) ...","isSuccess":true,"messages":"0x61d97b6e","operation":"BFFFollow_Controller"}|0x53bd88de
13:54:53.0 (104351631)|METHOD_ENTRY|[53]||System.JSON.deserializeUntyped(String)
13:54:53.0 (105414368)|METHOD_EXIT|[53]||System.JSON.deserializeUntyped(String)
13:54:53.0 (105434567)|VARIABLE_SCOPE_BEGIN|[53]|inputMap|Map<String,ANY>|true|false
13:54:53.0 (105463300)|HEAP_ALLOCATE|[EXTERNAL]|Bytes:8
13:54:53.0 (105507247)|VARIABLE_ASSIGNMENT|[53]|inputMap|{"s":1,"v":{"mode":"saveFollowedUsers","followedById":"00550000005cg71AAA","followedUsers":{"s":2,"v":[{"s":3,"v":{"005":{"s":4,"v":{"name":"user 1"}},"006":{"s":5,"v":{"name":"User 2"}}}}]}}}|0x38bd185d
13:54:53.0 (105514087)|STATEMENT_EXECUTE|[54]
13:54:53.0 (105566591)|METHOD_EXIT|[14]|01p50000002CIEo|ETLC_ApexBridge_Data.getInputValue(String)
13:54:53.0 (106009130)|EXCEPTION_THROWN|[14]|System.TypeException: Invalid conversion from runtime type List<ANY> to String
13:54:53.0 (106110530)|HEAP_ALLOCATE|[14]|Bytes:60
13:54:53.0 (106155731)|METHOD_EXIT|[9]|01p50000002D8iw|BFFFollow_Controller.process(ETLC_ApexBridge_Data)
13:54:53.0 (106239988)|VARIABLE_SCOPE_BEGIN|[10]|ex|Exception|true|false
13:54:53.0 (106431377)|VARIABLE_ASSIGNMENT|[10]|ex|"common.apex.runtime.impl.ExecutionException: Invalid conversion from runtime type List\u003CANY\u003E to String"|0x57e2e31c
13:54:53.0 (106440605)|STATEMENT_EXECUTE|[10]
13:54:53.0 (106442835)|STATEMENT_EXECUTE|[11]
13:54:53.0 (106458881)|HEAP_ALLOCATE|[11]|Bytes:19
13:54:53.0 (106527626)|USER_DEBUG|[11]|DEBUG|**** Exception ****
13:54:53.0 (106540924)|STATEMENT_EXECUTE|[12]
13:54:53.0 (106594276)|HEAP_ALLOCATE|[12]|Bytes:56
13:54:53.0 (106648025)|USER_DEBUG|[12]|DEBUG|Invalid conversion from runtime type List<ANY> to String
13:54:53.0 (106656843)|STATEMENT_EXECUTE|[13]
13:54:53.0 (106728032)|HEAP_ALLOCATE|[13]|Bytes:322
13:54:53.0 (106753739)|USER_DEBUG|[13]|DEBUG|Class.BFFFollow_Controller.process: line 14, column 1
Class.ETLC_ApexBridge_Controller.execute: line 9, column 1
Class.BFFFollow_Controller_Test.BFFFollow_Controller_saveFollowedUsers_Positive_Test: line 13, column 1
Class.BFFFollow_Controller_Test.BFFFollow_Controller_fetchFollowedUserss_Positive_Test: line 23, column 1
13:54:53.0 (106766211)|STATEMENT_EXECUTE|[15]
13:54:53.0 (106782488)|VARIABLE_SCOPE_BEGIN|[15]|strEx|String|false|false
13:54:53.0 (106795441)|VARIABLE_ASSIGNMENT|[15]|strEx|""
13:54:53.0 (106799084)|STATEMENT_EXECUTE|[16]
13:54:53.0 (106838070)|HEAP_ALLOCATE|[16]|Bytes:56
13:54:53.0 (106859375)|HEAP_ALLOCATE|[16]|Bytes:56
13:54:53.0 (106875995)|VARIABLE_ASSIGNMENT|[16]|strEx|"Invalid conversion f (36 more) ..."
13:54:53.0 (106911995)|HEAP_ALLOCATE|[17]|Bytes:322
13:54:53.0 (106925163)|STATEMENT_EXECUTE|[17]
13:54:53.0 (106927727)|STATEMENT_EXECUTE|[18]
13:54:53.0 (106939766)|HEAP_ALLOCATE|[18]|Bytes:16
13:54:53.0 (106977206)|HEAP_ALLOCATE|[18]|Bytes:322
13:54:53.0 (106996432)|HEAP_ALLOCATE|[18]|Bytes:338
13:54:53.0 (107004756)|HEAP_ALLOCATE|[18]|Bytes:394
13:54:53.0 (107023126)|VARIABLE_ASSIGNMENT|[18]|strEx|"Invalid conversion f (374 more) ..."
13:54:53.0 (107028816)|STATEMENT_EXECUTE|[21]
13:54:53.0 (107111117)|HEAP_ALLOCATE|[21]|Bytes:12
13:54:53.0 (107121684)|HEAP_ALLOCATE|[21]|Bytes:6
13:54:53.0 (107261847)|HEAP_ALLOCATE|[21]|Bytes:12
13:54:53.0 (107275991)|HEAP_ALLOCATE|[21]|Bytes:8
13:54:53.0 (107343284)|HEAP_ALLOCATE|[21]|Bytes:12
13:54:53.0 (107355331)|HEAP_ALLOCATE|[21]|Bytes:11
13:54:53.0 (107448013)|METHOD_ENTRY|[21]|01p50000002CIEo|ETLC_ApexBridge_Data.addMessage(ETLC_ApexBridge_Data.MessageType, String)
13:54:53.0 (107528691)|VARIABLE_SCOPE_BEGIN|[41]|this|ETLC_ApexBridge_Data|true|false
13:54:53.0 (107623264)|VARIABLE_ASSIGNMENT|[41]|this|{"debug":true,"input":"{\"mode\":\"saveFollowe (112 more) ...","isSuccess":true,"messages":"0x61d97b6e","operation":"BFFFollow_Controller"}|0x53bd88de
13:54:53.0 (107651359)|VARIABLE_SCOPE_BEGIN|[41]|msgType|ETLC_ApexBridge_Data.MessageType|true|false
13:54:53.0 (107688981)|VARIABLE_ASSIGNMENT|[41]|msgType|"Errors"|0x7e9e577e
13:54:53.0 (107707208)|VARIABLE_SCOPE_BEGIN|[41]|text|String|false|false
13:54:53.0 (107724968)|VARIABLE_ASSIGNMENT|[41]|text|"Invalid conversion f (374 more) ..."
13:54:53.0 (107749058)|STATEMENT_EXECUTE|[41]
13:54:53.0 (107753469)|STATEMENT_EXECUTE|[42]
13:54:53.0 (107781295)|HEAP_ALLOCATE|[42]|Bytes:4
13:54:53.0 (107872477)|VARIABLE_SCOPE_BEGIN|[42]|ls|List<String>|true|false
13:54:53.0 (107941139)|HEAP_ALLOCATE|[EXTERNAL]|Bytes:4
13:54:53.0 (107969472)|VARIABLE_ASSIGNMENT|[42]|ls|{"s":1,"v":[]}|0x6a7be645
13:54:53.0 (108202543)|VARIABLE_ASSIGNMENT|[EXTERNAL]|this|{"debug":true,"input":"{\"mode\":\"saveFollowe (112 more) ...","isSuccess":true,"messages":"0x61d97b6e","operation":"BFFFollow_Controller"}|0x53bd88de
13:54:53.0 (108216982)|STATEMENT_EXECUTE|[31]
13:54:53.0 (108246129)|STATEMENT_EXECUTE|[32]
13:54:53.0 (108258937)|STATEMENT_EXECUTE|[33]
13:54:53.0 (108323710)|STATEMENT_EXECUTE|[43]
13:54:53.0 (108331821)|STATEMENT_EXECUTE|[44]
13:54:53.0 (108382960)|HEAP_ALLOCATE|[EXTERNAL]|Bytes:4
13:54:53.0 (108397172)|STATEMENT_EXECUTE|[45]
13:54:53.0 (108524384)|VARIABLE_ASSIGNMENT|[EXTERNAL]|this|{"debug":true,"input":"{\"mode\":\"saveFollowe (112 more) ...","isSuccess":true,"messages":"0x61d97b6e","operation":"BFFFollow_Controller"}|0x53bd88de
13:54:53.0 (108537377)|STATEMENT_EXECUTE|[31]
13:54:53.0 (108545599)|STATEMENT_EXECUTE|[32]
13:54:53.0 (108563179)|STATEMENT_EXECUTE|[33]
13:54:53.0 (108615466)|HEAP_ALLOCATE|[EXTERNAL]|Bytes:-4
13:54:53.0 (108758506)|STATEMENT_EXECUTE|[46]
13:54:53.0 (108763297)|STATEMENT_EXECUTE|[47]
13:54:53.0 (108897876)|VARIABLE_ASSIGNMENT|[EXTERNAL]|this|{"debug":true,"input":"{\"mode\":\"saveFollowe (112 more) ...","isSuccess":true,"messages":"0x61d97b6e","operation":"BFFFollow_Controller"}|0x53bd88de
13:54:53.0 (108918418)|VARIABLE_ASSIGNMENT|[EXTERNAL]|value|false
13:54:53.0 (108930527)|HEAP_ALLOCATE|[21]|Bytes:5
13:54:53.0 (108950152)|VARIABLE_ASSIGNMENT|[21]|this.isSuccess|false|0x53bd88de
13:54:53.0 (108968424)|METHOD_EXIT|[21]|01p50000002CIEo|ETLC_ApexBridge_Data.addMessage(ETLC_ApexBridge_Data.MessageType, String)
13:54:53.0 (108975527)|STATEMENT_EXECUTE|[24]
13:54:53.0 (109023322)|METHOD_ENTRY|[24]|01p50000002CIEo|ETLC_ApexBridge_Data.toJSON()
13:54:53.0 (109051070)|VARIABLE_SCOPE_BEGIN|[57]|this|ETLC_ApexBridge_Data|true|false
13:54:53.0 (109105399)|VARIABLE_ASSIGNMENT|[57]|this|{"debug":true,"input":"{\"mode\":\"saveFollowe (112 more) ...","isSuccess":false,"messages":"0x61d97b6e","operation":"BFFFollow_Controller"}|0x53bd88de
13:54:53.0 (109122644)|STATEMENT_EXECUTE|[57]
13:54:53.0 (109125174)|STATEMENT_EXECUTE|[58]
13:54:53.0 (109143378)|METHOD_ENTRY|[58]||System.JSON.serialize(Object)
13:54:53.0 (109277550)|STATEMENT_EXECUTE|[22]
13:54:53.0 (109283462)|STATEMENT_EXECUTE|[23]
13:54:53.0 (109292706)|STATEMENT_EXECUTE|[24]
13:54:53.0 (109374311)|STATEMENT_EXECUTE|[31]
13:54:53.0 (109383391)|STATEMENT_EXECUTE|[32]
13:54:53.0 (109397661)|STATEMENT_EXECUTE|[33]
13:54:53.0 (109704628)|HEAP_ALLOCATE|[3]|Bytes:8
13:54:53.0 (109905831)|HEAP_ALLOCATE|[3]|Bytes:8
13:54:53.0 (110559635)|HEAP_ALLOCATE|[3]|Bytes:707
13:54:53.0 (110583296)|METHOD_EXIT|[58]||System.JSON.serialize(Object)
13:54:53.0 (110593378)|METHOD_EXIT|[24]|01p50000002CIEo|ETLC_ApexBridge_Data.toJSON()
13:54:53.0 (110601943)|METHOD_EXIT|[13]|01p50000002CIEm|ETLC_ApexBridge_Controller.execute(String)
13:54:53.0 (110610622)|VARIABLE_SCOPE_BEGIN|[13]|strD2|String|false|false
13:54:53.0 (110630642)|VARIABLE_ASSIGNMENT|[13]|strD2|"{\"records\":null,\"out (687 more) ..."
13:54:53.0 (110635926)|STATEMENT_EXECUTE|[14]
13:54:53.0 (110667629)|METHOD_ENTRY|[14]|01p50000002CIEo|ETLC_ApexBridge_Data.fromJSON(String)
13:54:53.0 (110695283)|VARIABLE_SCOPE_BEGIN|[60]|strJson|String|false|false
13:54:53.0 (110715760)|VARIABLE_ASSIGNMENT|[60]|strJson|"{\"records\":null,\"out (687 more) ..."
13:54:53.0 (110731512)|STATEMENT_EXECUTE|[60]
13:54:53.0 (110734012)|STATEMENT_EXECUTE|[61]
13:54:53.0 (110840477)|HEAP_ALLOCATE|[61]|Bytes:8
13:54:53.0 (110853693)|HEAP_ALLOCATE|[61]|Bytes:8
13:54:53.0 (110861602)|VARIABLE_SCOPE_BEGIN|[4]|this|System.Type|true|false
13:54:53.0 (110927637)|VARIABLE_ASSIGNMENT|[4]|this|{}|0x315fcc70
13:54:53.0 (110935225)|VARIABLE_SCOPE_BEGIN|[4]|apextype|java:common.apex.runtime.ApexObjectType|true|false
13:54:53.0 (111072009)|VARIABLE_ASSIGNMENT|[4]|apextype|"ETLC_ApexBridge_Data"|0x66338ea7
13:54:53.0 (111132472)|HEAP_ALLOCATE|[61]|Bytes:8
13:54:53.0 (111151380)|METHOD_ENTRY|[61]||System.JSON.deserializeStrict(String, System.Type)
13:54:53.0 (111889619)|METHOD_EXIT|[61]||System.JSON.deserializeStrict(String, System.Type)
13:54:53.0 (111905264)|METHOD_EXIT|[14]|01p50000002CIEo|ETLC_ApexBridge_Data.fromJSON(String)
13:54:53.0 (111911792)|VARIABLE_SCOPE_BEGIN|[14]|d2|ETLC_ApexBridge_Data|true|false
13:54:53.0 (111972881)|VARIABLE_ASSIGNMENT|[14]|d2|{"debug":true,"input":"{\"mode\":\"saveFollowe (112 more) ...","isSuccess":false,"messages":"0x2aac49a8","operation":"BFFFollow_Controller"}|0x74bd632a
13:54:53.0 (111980930)|STATEMENT_EXECUTE|[15]
13:54:53.0 (112092476)|VARIABLE_ASSIGNMENT|[EXTERNAL]|this|{"debug":true,"input":"{\"mode\":\"saveFollowe (112 more) ...","isSuccess":false,"messages":"0x2aac49a8","operation":"BFFFollow_Controller"}|0x74bd632a
13:54:53.0 (112204031)|EXCEPTION_THROWN|[15]|System.AssertException: Assertion Failed: Expected: null, Actual: true
13:54:53.0 (112317127)|HEAP_ALLOCATE|[15]|Bytes:50
13:54:53.0 (112354799)|METHOD_EXIT|[23]|01p50000002DHPJ|BFFFollow_Controller_Test.BFFFollow_Controller_saveFollowedUsers_Positive_Test()
13:54:53.0 (112368177)|SYSTEM_MODE_EXIT|false
13:54:53.0 (112531304)|FATAL_ERROR|System.AssertException: Assertion Failed: Expected: null, Actual: true

Class.BFFFollow_Controller_Test.BFFFollow_Controller_saveFollowedUsers_Positive_Test: line 15, column 1
Class.BFFFollow_Controller_Test.BFFFollow_Controller_fetchFollowedUserss_Positive_Test: line 23, column 1
13:54:53.0 (112558273)|FATAL_ERROR|System.AssertException: Assertion Failed: Expected: null, Actual: true

Class.BFFFollow_Controller_Test.BFFFollow_Controller_saveFollowedUsers_Positive_Test: line 15, column 1
Class.BFFFollow_Controller_Test.BFFFollow_Controller_fetchFollowedUserss_Positive_Test: line 23, column 1
13:54:53.112 (112576919)|CUMULATIVE_LIMIT_USAGE
13:54:53.112 (112576919)|LIMIT_USAGE_FOR_NS|(default)|
  Number of SOQL queries: 1 out of 100
  Number of query rows: 1 out of 50000
  Number of SOSL queries: 0 out of 20
  Number of DML statements: 0 out of 150
  Number of DML rows: 0 out of 10000
  Maximum CPU time: 0 out of 10000
  Maximum heap size: 0 out of 6000000
  Number of callouts: 0 out of 100
  Number of Email Invocations: 0 out of 10
  Number of future calls: 0 out of 50
  Number of queueable jobs added to the queue: 0 out of 50
  Number of Mobile Apex push calls: 0 out of 10

13:54:53.112 (112576919)|CUMULATIVE_LIMIT_USAGE_END

13:54:53.0 (112647140)|CODE_UNIT_FINISHED|BFFFollow_Controller_Test.BFFFollow_Controller_fetchFollowedUserss_Positive_Test
13:54:53.0 (114786843)|EXECUTION_FINISHED
13:54:53.173 (173746528)|USER_INFO|[EXTERNAL]|00550000005cg71|bfffollow@jr.te|Eastern Standard Time|GMT-04:00
13:54:53.173 (173812206)|EXECUTION_STARTED
13:54:53.173 (173828054)|CODE_UNIT_STARTED|[EXTERNAL]|01p50000002DHPJ|BFFFollow_Controller_Test.BFFFollow_Controller_saveFollowedUsers_Positive_Test
13:54:53.173 (174117689)|HEAP_ALLOCATE|[72]|Bytes:3
13:54:53.173 (174196849)|HEAP_ALLOCATE|[77]|Bytes:152
13:54:53.173 (174255557)|HEAP_ALLOCATE|[342]|Bytes:408
13:54:53.173 (174323553)|HEAP_ALLOCATE|[355]|Bytes:408
13:54:53.173 (174400996)|HEAP_ALLOCATE|[467]|Bytes:48
13:54:53.173 (174490952)|HEAP_ALLOCATE|[139]|Bytes:6
13:54:53.173 (174567445)|HEAP_ALLOCATE|[EXTERNAL]|Bytes:73
13:54:53.173 (174614518)|METHOD_ENTRY|[2]|01p50000002DHPJ|BFFFollow_Controller_Test.BFFFollow_Controller_Test()
13:54:53.173 (174626424)|STATEMENT_EXECUTE|[2]
13:54:53.173 (174639659)|STATEMENT_EXECUTE|[2]
13:54:53.173 (175782547)|SYSTEM_MODE_ENTER|false
13:54:53.173 (175877822)|HEAP_ALLOCATE|[50]|Bytes:5
13:54:53.173 (175938979)|HEAP_ALLOCATE|[56]|Bytes:5
13:54:53.173 (175969108)|HEAP_ALLOCATE|[64]|Bytes:7
13:54:53.173 (176019092)|HEAP_ALLOCATE|[EXTERNAL]|Bytes:5
13:54:53.173 (176043514)|SYSTEM_MODE_EXIT|false
13:54:53.173 (176074619)|METHOD_EXIT|[2]|BFFFollow_Controller_Test
13:54:53.173 (232710180)|SYSTEM_MODE_ENTER|false
13:54:53.173 (232741876)|HEAP_ALLOCATE|[5]|Bytes:5
13:54:53.173 (232760624)|STATEMENT_EXECUTE|[4]
13:54:53.173 (232767120)|STATEMENT_EXECUTE|[5]
13:54:53.173 (232804359)|HEAP_ALLOCATE|[5]|Bytes:27
13:54:53.173 (232848278)|HEAP_ALLOCATE|[5]|Bytes:4
13:54:53.173 (233261670)|SOQL_EXECUTE_BEGIN|[5]|Aggregations:0|SELECT id FROM user LIMIT 1
13:54:53.173 (239475573)|SOQL_EXECUTE_END|[5]|Rows:1
13:54:53.173 (239563374)|HEAP_ALLOCATE|[5]|Bytes:8
13:54:53.173 (239607239)|HEAP_ALLOCATE|[5]|Bytes:33
13:54:53.173 (239684945)|HEAP_ALLOCATE|[5]|Bytes:8
13:54:53.173 (239721620)|HEAP_ALLOCATE|[5]|Bytes:30
13:54:53.173 (239824961)|HEAP_ALLOCATE|[5]|Bytes:8
13:54:53.173 (239863557)|VARIABLE_SCOPE_BEGIN|[5]|u|User|true|false
13:54:53.173 (240020674)|VARIABLE_ASSIGNMENT|[5]|u|{"s":1,"v":{"Id":"00550000005cg71AAA"}}|0x746457cb
13:54:53.173 (240042023)|STATEMENT_EXECUTE|[7]
13:54:53.173 (240089717)|HEAP_ALLOCATE|[7]|Bytes:44
13:54:53.173 (240221560)|HEAP_ALLOCATE|[7]|Bytes:18
13:54:53.173 (240272359)|HEAP_ALLOCATE|[7]|Bytes:70
13:54:53.173 (240326058)|HEAP_ALLOCATE|[7]|Bytes:132
13:54:53.173 (240349505)|VARIABLE_SCOPE_BEGIN|[7]|data|String|false|false
13:54:53.173 (240392414)|VARIABLE_ASSIGNMENT|[7]|data|"{\"mode\":\"saveFollowe (112 more) ..."
13:54:53.173 (240404737)|STATEMENT_EXECUTE|[8]
13:54:53.173 (240496828)|HEAP_ALLOCATE|[8]|Bytes:11
13:54:53.173 (240529106)|HEAP_ALLOCATE|[8]|Bytes:248
13:54:53.173 (240547564)|HEAP_ALLOCATE|[8]|Bytes:39
13:54:53.173 (240609242)|METHOD_ENTRY|[2]|01p50000002CIEo|ETLC_ApexBridge_Data.ETLC_ApexBridge_Data()
13:54:53.173 (240622757)|STATEMENT_EXECUTE|[2]
13:54:53.173 (240635678)|STATEMENT_EXECUTE|[2]
13:54:53.173 (240674328)|METHOD_EXIT|[2]|ETLC_ApexBridge_Data
13:54:53.173 (240700511)|HEAP_ALLOCATE|[8]|Bytes:36
13:54:53.173 (240876259)|CONSTRUCTOR_ENTRY|[8]|01p50000002CIEo|<init>()
13:54:53.173 (240943324)|VARIABLE_SCOPE_BEGIN|[2]|this|ETLC_ApexBridge_Data|true|false
13:54:53.173 (241068367)|VARIABLE_ASSIGNMENT|[2]|this|{}|0x152ab9ed
13:54:53.173 (241107788)|HEAP_ALLOCATE|[EXTERNAL]|Bytes:6
13:54:53.173 (241203782)|STATEMENT_EXECUTE|[2]
13:54:53.173 (241212824)|STATEMENT_EXECUTE|[6]
13:54:53.173 (241236170)|STATEMENT_EXECUTE|[9]
13:54:53.173 (241249823)|STATEMENT_EXECUTE|[12]
13:54:53.173 (241261578)|STATEMENT_EXECUTE|[15]
13:54:53.173 (241272404)|STATEMENT_EXECUTE|[18]
13:54:53.173 (241283507)|STATEMENT_EXECUTE|[21]
13:54:53.173 (241293825)|STATEMENT_EXECUTE|[30]
13:54:53.173 (241305115)|STATEMENT_EXECUTE|[39]
13:54:53.173 (241332990)|CONSTRUCTOR_EXIT|[8]|01p50000002CIEo|<init>()
13:54:53.173 (241350452)|VARIABLE_SCOPE_BEGIN|[8]|d1|ETLC_ApexBridge_Data|true|false
13:54:53.173 (241437805)|VARIABLE_ASSIGNMENT|[8]|d1|{}|0x152ab9ed
13:54:53.173 (241451945)|STATEMENT_EXECUTE|[9]
13:54:53.173 (241501685)|HEAP_ALLOCATE|[9]|Bytes:20
13:54:53.173 (241638740)|VARIABLE_ASSIGNMENT|[EXTERNAL]|this|{}|0x152ab9ed
13:54:53.173 (241672244)|VARIABLE_ASSIGNMENT|[EXTERNAL]|value|"BFFFollow_Controller"
13:54:53.173 (241725528)|VARIABLE_ASSIGNMENT|[6]|this.operation|"BFFFollow_Controller"|0x152ab9ed
13:54:53.173 (241756236)|STATEMENT_EXECUTE|[10]
13:54:53.173 (241906988)|VARIABLE_ASSIGNMENT|[EXTERNAL]|this|{"operation":"BFFFollow_Controller"}|0x152ab9ed
13:54:53.173 (241942900)|VARIABLE_ASSIGNMENT|[EXTERNAL]|value|"{\"mode\":\"saveFollowe (112 more) ..."
13:54:53.173 (241993044)|VARIABLE_ASSIGNMENT|[9]|this.input|"{\"mode\":\"saveFollowe (112 more) ..."|0x152ab9ed
13:54:53.173 (242023865)|STATEMENT_EXECUTE|[11]
13:54:53.173 (242195096)|VARIABLE_ASSIGNMENT|[EXTERNAL]|this|{"input":"{\"mode\":\"saveFollowe (112 more) ...","operation":"BFFFollow_Controller"}|0x152ab9ed
13:54:53.173 (242227527)|VARIABLE_ASSIGNMENT|[EXTERNAL]|value|true
13:54:53.173 (242251782)|HEAP_ALLOCATE|[18]|Bytes:5
13:54:53.173 (242283768)|VARIABLE_ASSIGNMENT|[18]|this.debug|true|0x152ab9ed
13:54:53.173 (242313807)|STATEMENT_EXECUTE|[13]
13:54:53.173 (242385457)|METHOD_ENTRY|[13]|01p50000002CIEo|ETLC_ApexBridge_Data.toJSON()
13:54:53.173 (242410527)|VARIABLE_SCOPE_BEGIN|[57]|this|ETLC_ApexBridge_Data|true|false
13:54:53.173 (242533639)|VARIABLE_ASSIGNMENT|[57]|this|{"debug":true,"input":"{\"mode\":\"saveFollowe (112 more) ...","operation":"BFFFollow_Controller"}|0x152ab9ed
13:54:53.173 (242585069)|STATEMENT_EXECUTE|[57]
13:54:53.173 (242592246)|STATEMENT_EXECUTE|[58]
13:54:53.173 (242654897)|HEAP_ALLOCATE|[58]|Bytes:24
13:54:53.173 (242705669)|SYSTEM_METHOD_ENTRY|[1]|JSON.JSON()
13:54:53.173 (242717958)|STATEMENT_EXECUTE|[1]
13:54:53.173 (242765305)|SYSTEM_METHOD_EXIT|[1]|JSON
13:54:53.173 (242803891)|METHOD_ENTRY|[58]||System.JSON.serialize(Object)
13:54:53.173 (243131317)|STATEMENT_EXECUTE|[22]
13:54:53.173 (243151870)|STATEMENT_EXECUTE|[23]
13:54:53.173 (243185417)|HEAP_ALLOCATE|[23]|Bytes:5
13:54:53.173 (243223037)|VARIABLE_ASSIGNMENT|[23]|this.isSuccess|true|0x152ab9ed
13:54:53.173 (243234882)|STATEMENT_EXECUTE|[24]
13:54:53.173 (243374287)|STATEMENT_EXECUTE|[31]
13:54:53.173 (243391321)|STATEMENT_EXECUTE|[32]
13:54:53.173 (243432691)|HEAP_ALLOCATE|[32]|Bytes:4
13:54:53.173 (243539069)|VARIABLE_ASSIGNMENT|[32]|this.messages|{"s":1,"v":{}}|0x152ab9ed
13:54:53.173 (243555011)|STATEMENT_EXECUTE|[33]
13:54:53.173 (244294522)|METHOD_EXIT|[58]||System.JSON.serialize(Object)
13:54:53.173 (244324414)|METHOD_EXIT|[13]|01p50000002CIEo|ETLC_ApexBridge_Data.toJSON()
13:54:53.173 (244378357)|HEAP_ALLOCATE|[13]|Bytes:1
13:54:53.173 (244402472)|HEAP_ALLOCATE|[13]|Bytes:10
13:54:53.173 (244447757)|METHOD_ENTRY|[1]|01p50000002CIEm|ETLC_ApexBridge_Controller.ETLC_ApexBridge_Controller()
13:54:53.173 (244460762)|STATEMENT_EXECUTE|[1]
13:54:53.173 (244474328)|STATEMENT_EXECUTE|[1]
13:54:53.173 (244516409)|METHOD_EXIT|[1]|ETLC_ApexBridge_Controller
13:54:53.173 (244548449)|METHOD_ENTRY|[13]|01p50000002CIEm|ETLC_ApexBridge_Controller.execute(String)
13:54:53.173 (244568093)|VARIABLE_SCOPE_BEGIN|[3]|dataJson|String|false|false
13:54:53.173 (244602101)|VARIABLE_ASSIGNMENT|[3]|dataJson|"{\"records\":null,\"out (272 more) ..."
13:54:53.173 (244636069)|STATEMENT_EXECUTE|[3]
13:54:53.173 (244643998)|STATEMENT_EXECUTE|[4]
13:54:53.173 (244673927)|VARIABLE_SCOPE_BEGIN|[4]|data|ETLC_ApexBridge_Data|true|false
13:54:53.173 (244699585)|VARIABLE_ASSIGNMENT|[4]|data|null|
13:54:53.173 (244709295)|STATEMENT_EXECUTE|[5]
13:54:53.173 (244713832)|STATEMENT_EXECUTE|[5]
13:54:53.173 (244718604)|STATEMENT_EXECUTE|[6]
13:54:53.173 (244774482)|METHOD_ENTRY|[6]|01p50000002CIEo|ETLC_ApexBridge_Data.fromJSON(String)
13:54:53.173 (244828150)|VARIABLE_SCOPE_BEGIN|[60]|strJson|String|false|false
13:54:53.173 (244862416)|VARIABLE_ASSIGNMENT|[60]|strJson|"{\"records\":null,\"out (272 more) ..."
13:54:53.173 (244905041)|STATEMENT_EXECUTE|[60]
13:54:53.173 (244913134)|STATEMENT_EXECUTE|[61]
13:54:53.173 (244940069)|HEAP_ALLOCATE|[61]|Bytes:20
13:54:53.173 (245173365)|HEAP_ALLOCATE|[61]|Bytes:24
13:54:53.173 (245238909)|SYSTEM_METHOD_ENTRY|[1]|Type.Type()
13:54:53.173 (245251062)|STATEMENT_EXECUTE|[1]
13:54:53.173 (245312633)|SYSTEM_METHOD_EXIT|[1]|Type
13:54:53.173 (245338181)|HEAP_ALLOCATE|[61]|Bytes:8
13:54:53.173 (245402796)|HEAP_ALLOCATE|[61]|Bytes:8
13:54:53.173 (245424262)|VARIABLE_SCOPE_BEGIN|[4]|this|System.Type|true|false
13:54:53.173 (245510324)|VARIABLE_ASSIGNMENT|[4]|this|{}|0x716ee581
13:54:53.173 (245525895)|VARIABLE_SCOPE_BEGIN|[4]|apextype|java:common.apex.runtime.ApexObjectType|true|false
13:54:53.173 (245957959)|VARIABLE_ASSIGNMENT|[4]|apextype|"ETLC_ApexBridge_Data"|0x66338ea7
13:54:53.173 (246091724)|HEAP_ALLOCATE|[61]|Bytes:8
13:54:53.173 (246151684)|METHOD_ENTRY|[61]||System.JSON.deserializeStrict(String, System.Type)
13:54:53.173 (247568402)|METHOD_EXIT|[61]||System.JSON.deserializeStrict(String, System.Type)
13:54:53.173 (247651765)|METHOD_EXIT|[6]|01p50000002CIEo|ETLC_ApexBridge_Data.fromJSON(String)
13:54:53.173 (247796713)|VARIABLE_ASSIGNMENT|[6]|data|{"debug":true,"input":"{\"mode\":\"saveFollowe (112 more) ...","isSuccess":true,"messages":"0x27e22e68","operation":"BFFFollow_Controller"}|0x67c70ea8
13:54:53.173 (247817096)|STATEMENT_EXECUTE|[7]
13:54:53.173 (247852053)|HEAP_ALLOCATE|[7]|Bytes:6
13:54:53.173 (248068145)|HEAP_ALLOCATE|[7]|Bytes:278
13:54:53.173 (248159785)|HEAP_ALLOCATE|[7]|Bytes:284
13:54:53.173 (248270507)|USER_DEBUG|[7]|DEBUG|data::ETLC_ApexBridge_Data:[debug=true, input={"mode":"saveFollowedUsers","followedById":"00550000005cg71AAA","followedUsers":[{"005":{"name":"user 1"},"006":{"name":"User 2"}}]}, isSuccess=true, messages={}, operation=BFFFollow_Controller, output=null, outputFlag=null, records=null]
13:54:53.173 (248309040)|STATEMENT_EXECUTE|[8]
13:54:53.173 (248590834)|VARIABLE_ASSIGNMENT|[EXTERNAL]|this|{"debug":true,"input":"{\"mode\":\"saveFollowe (112 more) ...","isSuccess":true,"messages":"0x27e22e68","operation":"BFFFollow_Controller"}|0x67c70ea8
13:54:53.173 (248661296)|METHOD_ENTRY|[8]||System.Type.forName(String)
13:54:53.173 (249203535)|METHOD_EXIT|[8]||System.Type.forName(String)
13:54:53.173 (249250414)|METHOD_ENTRY|[8]||System.Type.newInstance()
13:54:53.173 (249608775)|STATEMENT_EXECUTE|[1]
13:54:53.173 (249639312)|HEAP_ALLOCATE|[33]|Bytes:5
13:54:53.173 (249689562)|METHOD_EXIT|[1]|BFFFollow_Controller
13:54:53.173 (249713530)|HEAP_ALLOCATE|[33]|Bytes:4
13:54:53.173 (249732288)|VARIABLE_SCOPE_BEGIN|[1]|this|BFFFollow_Controller|true|false
13:54:53.173 (249801835)|VARIABLE_ASSIGNMENT|[1]|this|{}|0x51b2f9d4
13:54:53.173 (249835820)|HEAP_ALLOCATE|[33]|Bytes:5
13:54:53.173 (249872151)|HEAP_ALLOCATE|[33]|Bytes:11
13:54:53.173 (249921141)|METHOD_ENTRY|[1]|01p50000002CIEj|ETLC_ApexBridge_Abstract.ETLC_ApexBridge_Abstract()
13:54:53.173 (249934674)|STATEMENT_EXECUTE|[1]
13:54:53.173 (249948851)|STATEMENT_EXECUTE|[1]
13:54:53.173 (249979381)|METHOD_EXIT|[1]|ETLC_ApexBridge_Abstract
13:54:53.173 (250008942)|CONSTRUCTOR_ENTRY|[EXTERNAL]|01p50000002CIEj|<init>()
13:54:53.173 (250029354)|VARIABLE_SCOPE_BEGIN|[1]|this|ETLC_ApexBridge_Abstract|true|false
13:54:53.173 (250089699)|VARIABLE_ASSIGNMENT|[1]|this|{}|0x51b2f9d4
13:54:53.173 (250150205)|STATEMENT_EXECUTE|[1]
13:54:53.173 (250169124)|CONSTRUCTOR_EXIT|[EXTERNAL]|01p50000002CIEj|<init>()
13:54:53.173 (250190939)|STATEMENT_EXECUTE|[1]
13:54:53.173 (250209661)|HEAP_ALLOCATE|[33]|Bytes:5
13:54:53.173 (250289984)|METHOD_EXIT|[8]||System.Type.newInstance()
13:54:53.173 (250322655)|VARIABLE_SCOPE_BEGIN|[8]|executor|ETLC_ApexBridge_Abstract|true|false
13:54:53.173 (250422553)|VARIABLE_ASSIGNMENT|[8]|executor|{}|0x51b2f9d4
13:54:53.173 (250436235)|STATEMENT_EXECUTE|[9]
13:54:53.173 (250532116)|METHOD_ENTRY|[9]|01p50000002D8iw|BFFFollow_Controller.process(ETLC_ApexBridge_Data)
13:54:53.173 (250555231)|VARIABLE_SCOPE_BEGIN|[3]|this|BFFFollow_Controller|true|false
13:54:53.173 (250609057)|VARIABLE_ASSIGNMENT|[3]|this|{}|0x51b2f9d4
13:54:53.173 (250630167)|VARIABLE_SCOPE_BEGIN|[3]|data|ETLC_ApexBridge_Data|true|false
13:54:53.173 (250749491)|VARIABLE_ASSIGNMENT|[3]|data|{"debug":true,"input":"{\"mode\":\"saveFollowe (112 more) ...","isSuccess":true,"messages":"0x27e22e68","operation":"BFFFollow_Controller"}|0x67c70ea8
13:54:53.173 (250814894)|HEAP_ALLOCATE|[4]|Bytes:5
13:54:53.173 (250841107)|STATEMENT_EXECUTE|[3]
13:54:53.173 (250846570)|STATEMENT_EXECUTE|[4]
13:54:53.173 (251072553)|VARIABLE_ASSIGNMENT|[EXTERNAL]|this|{"debug":true,"input":"{\"mode\":\"saveFollowe (112 more) ...","isSuccess":true,"messages":"0x27e22e68","operation":"BFFFollow_Controller"}|0x67c70ea8
13:54:53.173 (251153885)|VARIABLE_ASSIGNMENT|[4]|BFFFollow_Controller.debugFlag|true
13:54:53.173 (251301081)|VARIABLE_ASSIGNMENT|[EXTERNAL]|this|{"debug":true,"input":"{\"mode\":\"saveFollowe (112 more) ...","isSuccess":true,"messages":"0x27e22e68","operation":"BFFFollow_Controller"}|0x67c70ea8
13:54:53.173 (251347480)|STATEMENT_EXECUTE|[5]
13:54:53.173 (251526293)|USER_DEBUG|[5]|DEBUG|ETLC_ApexBridge_Data:[debug=true, input={"mode":"saveFollowedUsers","followedById":"00550000005cg71AAA","followedUsers":[{"005":{"name":"user 1"},"006":{"name":"User 2"}}]}, isSuccess=true, messages={}, operation=BFFFollow_Controller, output=null, outputFlag=null, records=null]
13:54:53.173 (251562339)|STATEMENT_EXECUTE|[7]
13:54:53.173 (251601637)|HEAP_ALLOCATE|[7]|Bytes:4
13:54:53.173 (251650818)|METHOD_ENTRY|[7]|01p50000002CIEo|ETLC_ApexBridge_Data.getInputValue(String)
13:54:53.173 (251672083)|VARIABLE_SCOPE_BEGIN|[52]|this|ETLC_ApexBridge_Data|true|false
13:54:53.173 (251853735)|VARIABLE_ASSIGNMENT|[52]|this|{"debug":true,"input":"{\"mode\":\"saveFollowe (112 more) ...","isSuccess":true,"messages":"0x27e22e68","operation":"BFFFollow_Controller"}|0x67c70ea8
13:54:53.173 (251871411)|VARIABLE_SCOPE_BEGIN|[52]|key|String|false|false
13:54:53.173 (251890002)|VARIABLE_ASSIGNMENT|[52]|key|"mode"
13:54:53.173 (251922036)|STATEMENT_EXECUTE|[52]
13:54:53.173 (251929210)|STATEMENT_EXECUTE|[53]
13:54:53.173 (252101991)|VARIABLE_ASSIGNMENT|[EXTERNAL]|this|{"debug":true,"input":"{\"mode\":\"saveFollowe (112 more) ...","isSuccess":true,"messages":"0x27e22e68","operation":"BFFFollow_Controller"}|0x67c70ea8
13:54:53.173 (252174158)|METHOD_ENTRY|[53]||System.JSON.deserializeUntyped(String)
13:54:53.173 (254004004)|METHOD_EXIT|[53]||System.JSON.deserializeUntyped(String)
13:54:53.173 (254067549)|VARIABLE_SCOPE_BEGIN|[53]|inputMap|Map<String,ANY>|true|false
13:54:53.173 (254145065)|HEAP_ALLOCATE|[EXTERNAL]|Bytes:8
13:54:53.173 (254244771)|VARIABLE_ASSIGNMENT|[53]|inputMap|{"s":1,"v":{"mode":"saveFollowedUsers","followedById":"00550000005cg71AAA","followedUsers":{"s":2,"v":[{"s":3,"v":{"005":{"s":4,"v":{"name":"user 1"}},"006":{"s":5,"v":{"name":"User 2"}}}}]}}}|0x57764c8e
13:54:53.173 (254261421)|STATEMENT_EXECUTE|[54]
13:54:53.173 (254352718)|METHOD_EXIT|[7]|01p50000002CIEo|ETLC_ApexBridge_Data.getInputValue(String)
13:54:53.173 (254375048)|VARIABLE_SCOPE_BEGIN|[7]|mode|String|false|false
13:54:53.173 (254403052)|VARIABLE_ASSIGNMENT|[7]|mode|"saveFollowedUsers"
13:54:53.173 (254428142)|HEAP_ALLOCATE|[9]|Bytes:18
13:54:53.173 (254517035)|HEAP_ALLOCATE|[13]|Bytes:17
13:54:53.173 (254553553)|STATEMENT_EXECUTE|[13]
13:54:53.173 (254557496)|STATEMENT_EXECUTE|[14]
13:54:53.173 (254576140)|HEAP_ALLOCATE|[14]|Bytes:12
13:54:53.173 (254605641)|METHOD_ENTRY|[14]|01p50000002CIEo|ETLC_ApexBridge_Data.getInputValue(String)
13:54:53.173 (254619431)|VARIABLE_SCOPE_BEGIN|[52]|this|ETLC_ApexBridge_Data|true|false
13:54:53.173 (254707990)|VARIABLE_ASSIGNMENT|[52]|this|{"debug":true,"input":"{\"mode\":\"saveFollowe (112 more) ...","isSuccess":true,"messages":"0x27e22e68","operation":"BFFFollow_Controller"}|0x67c70ea8
13:54:53.173 (254719023)|VARIABLE_SCOPE_BEGIN|[52]|key|String|false|false
13:54:53.173 (254729104)|VARIABLE_ASSIGNMENT|[52]|key|"followedById"
13:54:53.173 (254750041)|STATEMENT_EXECUTE|[52]
13:54:53.173 (254753359)|STATEMENT_EXECUTE|[53]
13:54:53.173 (254842386)|VARIABLE_ASSIGNMENT|[EXTERNAL]|this|{"debug":true,"input":"{\"mode\":\"saveFollowe (112 more) ...","isSuccess":true,"messages":"0x27e22e68","operation":"BFFFollow_Controller"}|0x67c70ea8
13:54:53.173 (254873010)|METHOD_ENTRY|[53]||System.JSON.deserializeUntyped(String)
13:54:53.173 (255997322)|METHOD_EXIT|[53]||System.JSON.deserializeUntyped(String)
13:54:53.173 (256021610)|VARIABLE_SCOPE_BEGIN|[53]|inputMap|Map<String,ANY>|true|false
13:54:53.173 (256067795)|HEAP_ALLOCATE|[EXTERNAL]|Bytes:8
13:54:53.173 (256120411)|VARIABLE_ASSIGNMENT|[53]|inputMap|{"s":1,"v":{"mode":"saveFollowedUsers","followedById":"00550000005cg71AAA","followedUsers":{"s":2,"v":[{"s":3,"v":{"005":{"s":4,"v":{"name":"user 1"}},"006":{"s":5,"v":{"name":"User 2"}}}}]}}}|0x71874a13
13:54:53.173 (256130031)|STATEMENT_EXECUTE|[54]
13:54:53.173 (256184355)|METHOD_EXIT|[14]|01p50000002CIEo|ETLC_ApexBridge_Data.getInputValue(String)
13:54:53.173 (256232617)|HEAP_ALLOCATE|[14]|Bytes:4
13:54:53.173 (256245431)|HEAP_ALLOCATE|[14]|Bytes:13
13:54:53.173 (256268821)|METHOD_ENTRY|[14]|01p50000002CIEo|ETLC_ApexBridge_Data.getInputValue(String)
13:54:53.173 (256279349)|VARIABLE_SCOPE_BEGIN|[52]|this|ETLC_ApexBridge_Data|true|false
13:54:53.173 (256392070)|VARIABLE_ASSIGNMENT|[52]|this|{"debug":true,"input":"{\"mode\":\"saveFollowe (112 more) ...","isSuccess":true,"messages":"0x27e22e68","operation":"BFFFollow_Controller"}|0x67c70ea8
13:54:53.173 (256411834)|VARIABLE_SCOPE_BEGIN|[52]|key|String|false|false
13:54:53.173 (256431277)|VARIABLE_ASSIGNMENT|[52]|key|"followedUsers"
13:54:53.173 (256458884)|STATEMENT_EXECUTE|[52]
13:54:53.173 (256463314)|STATEMENT_EXECUTE|[53]
13:54:53.173 (256579657)|VARIABLE_ASSIGNMENT|[EXTERNAL]|this|{"debug":true,"input":"{\"mode\":\"saveFollowe (112 more) ...","isSuccess":true,"messages":"0x27e22e68","operation":"BFFFollow_Controller"}|0x67c70ea8
13:54:53.173 (256612850)|METHOD_ENTRY|[53]||System.JSON.deserializeUntyped(String)
13:54:53.173 (257669321)|METHOD_EXIT|[53]||System.JSON.deserializeUntyped(String)
13:54:53.173 (257697404)|VARIABLE_SCOPE_BEGIN|[53]|inputMap|Map<String,ANY>|true|false
13:54:53.173 (257744922)|HEAP_ALLOCATE|[EXTERNAL]|Bytes:8
13:54:53.173 (257796098)|VARIABLE_ASSIGNMENT|[53]|inputMap|{"s":1,"v":{"mode":"saveFollowedUsers","followedById":"00550000005cg71AAA","followedUsers":{"s":2,"v":[{"s":3,"v":{"005":{"s":4,"v":{"name":"user 1"}},"006":{"s":5,"v":{"name":"User 2"}}}}]}}}|0x4622006f
13:54:53.173 (257806957)|STATEMENT_EXECUTE|[54]
13:54:53.173 (257879482)|METHOD_EXIT|[14]|01p50000002CIEo|ETLC_ApexBridge_Data.getInputValue(String)
13:54:53.173 (257984748)|EXCEPTION_THROWN|[14]|System.TypeException: Invalid conversion from runtime type List<ANY> to String
13:54:53.173 (258090933)|HEAP_ALLOCATE|[14]|Bytes:60
13:54:53.173 (258147385)|METHOD_EXIT|[9]|01p50000002D8iw|BFFFollow_Controller.process(ETLC_ApexBridge_Data)
13:54:53.173 (258228944)|VARIABLE_SCOPE_BEGIN|[10]|ex|Exception|true|false
13:54:53.173 (258564216)|VARIABLE_ASSIGNMENT|[10]|ex|"common.apex.runtime.impl.ExecutionException: Invalid conversion from runtime type List\u003CANY\u003E to String"|0x51c49b8d
13:54:53.173 (258581561)|STATEMENT_EXECUTE|[10]
13:54:53.173 (258587184)|STATEMENT_EXECUTE|[11]
13:54:53.173 (258618015)|HEAP_ALLOCATE|[11]|Bytes:19
13:54:53.173 (258680886)|USER_DEBUG|[11]|DEBUG|**** Exception ****
13:54:53.173 (258707720)|STATEMENT_EXECUTE|[12]
13:54:53.173 (258785835)|HEAP_ALLOCATE|[12]|Bytes:56
13:54:53.173 (258833870)|USER_DEBUG|[12]|DEBUG|Invalid conversion from runtime type List<ANY> to String
13:54:53.173 (258855244)|STATEMENT_EXECUTE|[13]
13:54:53.173 (258966398)|HEAP_ALLOCATE|[13]|Bytes:216
13:54:53.173 (259059404)|USER_DEBUG|[13]|DEBUG|Class.BFFFollow_Controller.process: line 14, column 1
Class.ETLC_ApexBridge_Controller.execute: line 9, column 1
Class.BFFFollow_Controller_Test.BFFFollow_Controller_saveFollowedUsers_Positive_Test: line 13, column 1
13:54:53.173 (259086513)|STATEMENT_EXECUTE|[15]
13:54:53.173 (259150470)|VARIABLE_SCOPE_BEGIN|[15]|strEx|String|false|false
13:54:53.173 (259178079)|VARIABLE_ASSIGNMENT|[15]|strEx|""
13:54:53.173 (259187970)|STATEMENT_EXECUTE|[16]
13:54:53.173 (259256595)|HEAP_ALLOCATE|[16]|Bytes:56
13:54:53.173 (259308372)|HEAP_ALLOCATE|[16]|Bytes:56
13:54:53.173 (259353508)|VARIABLE_ASSIGNMENT|[16]|strEx|"Invalid conversion f (36 more) ..."
13:54:53.173 (259418968)|HEAP_ALLOCATE|[17]|Bytes:216
13:54:53.173 (259450594)|STATEMENT_EXECUTE|[17]
13:54:53.173 (259457457)|STATEMENT_EXECUTE|[18]
13:54:53.173 (259501453)|HEAP_ALLOCATE|[18]|Bytes:16
13:54:53.173 (259574054)|HEAP_ALLOCATE|[18]|Bytes:216
13:54:53.173 (259618922)|HEAP_ALLOCATE|[18]|Bytes:232
13:54:53.173 (259643985)|HEAP_ALLOCATE|[18]|Bytes:288
13:54:53.173 (259681024)|VARIABLE_ASSIGNMENT|[18]|strEx|"Invalid conversion f (268 more) ..."
13:54:53.173 (259693818)|STATEMENT_EXECUTE|[21]
13:54:53.173 (259777553)|HEAP_ALLOCATE|[21]|Bytes:12
13:54:53.173 (259797033)|HEAP_ALLOCATE|[21]|Bytes:6
13:54:53.173 (259910375)|HEAP_ALLOCATE|[21]|Bytes:12
13:54:53.173 (259924696)|HEAP_ALLOCATE|[21]|Bytes:8
13:54:53.173 (259964946)|HEAP_ALLOCATE|[21]|Bytes:12
13:54:53.173 (259973750)|HEAP_ALLOCATE|[21]|Bytes:11
13:54:53.173 (260044426)|METHOD_ENTRY|[21]|01p50000002CIEo|ETLC_ApexBridge_Data.addMessage(ETLC_ApexBridge_Data.MessageType, String)
13:54:53.173 (260067241)|VARIABLE_SCOPE_BEGIN|[41]|this|ETLC_ApexBridge_Data|true|false
13:54:53.173 (260155433)|VARIABLE_ASSIGNMENT|[41]|this|{"debug":true,"input":"{\"mode\":\"saveFollowe (112 more) ...","isSuccess":true,"messages":"0x27e22e68","operation":"BFFFollow_Controller"}|0x67c70ea8
13:54:53.173 (260167639)|VARIABLE_SCOPE_BEGIN|[41]|msgType|ETLC_ApexBridge_Data.MessageType|true|false
13:54:53.173 (260196749)|VARIABLE_ASSIGNMENT|[41]|msgType|"Errors"|0x67c5897f
13:54:53.173 (260203034)|VARIABLE_SCOPE_BEGIN|[41]|text|String|false|false
13:54:53.173 (260214986)|VARIABLE_ASSIGNMENT|[41]|text|"Invalid conversion f (268 more) ..."
13:54:53.173 (260238205)|STATEMENT_EXECUTE|[41]
13:54:53.173 (260241911)|STATEMENT_EXECUTE|[42]
13:54:53.173 (260276300)|HEAP_ALLOCATE|[42]|Bytes:4
13:54:53.173 (260320469)|VARIABLE_SCOPE_BEGIN|[42]|ls|List<String>|true|false
13:54:53.173 (260367723)|HEAP_ALLOCATE|[EXTERNAL]|Bytes:4
13:54:53.173 (260396923)|VARIABLE_ASSIGNMENT|[42]|ls|{"s":1,"v":[]}|0x422b46d7
13:54:53.173 (260517079)|VARIABLE_ASSIGNMENT|[EXTERNAL]|this|{"debug":true,"input":"{\"mode\":\"saveFollowe (112 more) ...","isSuccess":true,"messages":"0x27e22e68","operation":"BFFFollow_Controller"}|0x67c70ea8
13:54:53.173 (260529665)|STATEMENT_EXECUTE|[31]
13:54:53.173 (260536832)|STATEMENT_EXECUTE|[32]
13:54:53.173 (260550118)|STATEMENT_EXECUTE|[33]
13:54:53.173 (260607115)|STATEMENT_EXECUTE|[43]
13:54:53.173 (260617770)|STATEMENT_EXECUTE|[44]
13:54:53.173 (260656877)|HEAP_ALLOCATE|[EXTERNAL]|Bytes:4
13:54:53.173 (260681196)|STATEMENT_EXECUTE|[45]
13:54:53.173 (260791013)|VARIABLE_ASSIGNMENT|[EXTERNAL]|this|{"debug":true,"input":"{\"mode\":\"saveFollowe (112 more) ...","isSuccess":true,"messages":"0x27e22e68","operation":"BFFFollow_Controller"}|0x67c70ea8
13:54:53.173 (260806359)|STATEMENT_EXECUTE|[31]
13:54:53.173 (260816123)|STATEMENT_EXECUTE|[32]
13:54:53.173 (260835914)|STATEMENT_EXECUTE|[33]
13:54:53.173 (260903442)|HEAP_ALLOCATE|[EXTERNAL]|Bytes:-4
13:54:53.173 (261040675)|STATEMENT_EXECUTE|[46]
13:54:53.173 (261052775)|STATEMENT_EXECUTE|[47]
13:54:53.173 (261237364)|VARIABLE_ASSIGNMENT|[EXTERNAL]|this|{"debug":true,"input":"{\"mode\":\"saveFollowe (112 more) ...","isSuccess":true,"messages":"0x27e22e68","operation":"BFFFollow_Controller"}|0x67c70ea8
13:54:53.173 (261274490)|VARIABLE_ASSIGNMENT|[EXTERNAL]|value|false
13:54:53.173 (261300075)|HEAP_ALLOCATE|[21]|Bytes:5
13:54:53.173 (261346557)|VARIABLE_ASSIGNMENT|[21]|this.isSuccess|false|0x67c70ea8
13:54:53.173 (261388571)|METHOD_EXIT|[21]|01p50000002CIEo|ETLC_ApexBridge_Data.addMessage(ETLC_ApexBridge_Data.MessageType, String)
13:54:53.173 (261404710)|STATEMENT_EXECUTE|[24]
13:54:53.173 (261460364)|METHOD_ENTRY|[24]|01p50000002CIEo|ETLC_ApexBridge_Data.toJSON()
13:54:53.173 (261497616)|VARIABLE_SCOPE_BEGIN|[57]|this|ETLC_ApexBridge_Data|true|false
13:54:53.173 (261676288)|VARIABLE_ASSIGNMENT|[57]|this|{"debug":true,"input":"{\"mode\":\"saveFollowe (112 more) ...","isSuccess":false,"messages":"0x27e22e68","operation":"BFFFollow_Controller"}|0x67c70ea8
13:54:53.173 (261715981)|STATEMENT_EXECUTE|[57]
13:54:53.173 (261722606)|STATEMENT_EXECUTE|[58]
13:54:53.173 (261763264)|METHOD_ENTRY|[58]||System.JSON.serialize(Object)
13:54:53.173 (262006187)|STATEMENT_EXECUTE|[22]
13:54:53.173 (262022386)|STATEMENT_EXECUTE|[23]
13:54:53.173 (262044091)|STATEMENT_EXECUTE|[24]
13:54:53.173 (262555372)|STATEMENT_EXECUTE|[31]
13:54:53.173 (262567043)|STATEMENT_EXECUTE|[32]
13:54:53.173 (262585230)|STATEMENT_EXECUTE|[33]
13:54:53.173 (262852525)|HEAP_ALLOCATE|[3]|Bytes:8
13:54:53.173 (263002809)|HEAP_ALLOCATE|[3]|Bytes:8
13:54:53.173 (263866890)|HEAP_ALLOCATE|[3]|Bytes:600
13:54:53.173 (263912506)|METHOD_EXIT|[58]||System.JSON.serialize(Object)
13:54:53.173 (263934102)|METHOD_EXIT|[24]|01p50000002CIEo|ETLC_ApexBridge_Data.toJSON()
13:54:53.173 (263957658)|METHOD_EXIT|[13]|01p50000002CIEm|ETLC_ApexBridge_Controller.execute(String)
13:54:53.173 (263975267)|VARIABLE_SCOPE_BEGIN|[13]|strD2|String|false|false
13:54:53.173 (264013673)|VARIABLE_ASSIGNMENT|[13]|strD2|"{\"records\":null,\"out (580 more) ..."
13:54:53.173 (264028652)|STATEMENT_EXECUTE|[14]
13:54:53.173 (264089488)|METHOD_ENTRY|[14]|01p50000002CIEo|ETLC_ApexBridge_Data.fromJSON(String)
13:54:53.173 (264110151)|VARIABLE_SCOPE_BEGIN|[60]|strJson|String|false|false
13:54:53.173 (264147460)|VARIABLE_ASSIGNMENT|[60]|strJson|"{\"records\":null,\"out (580 more) ..."
13:54:53.173 (264179297)|STATEMENT_EXECUTE|[60]
13:54:53.173 (264185672)|STATEMENT_EXECUTE|[61]
13:54:53.173 (264350828)|HEAP_ALLOCATE|[61]|Bytes:8
13:54:53.173 (264378074)|HEAP_ALLOCATE|[61]|Bytes:8
13:54:53.173 (264393421)|VARIABLE_SCOPE_BEGIN|[4]|this|System.Type|true|false
13:54:53.173 (264463880)|VARIABLE_ASSIGNMENT|[4]|this|{}|0xb5d99d4
13:54:53.173 (264476647)|VARIABLE_SCOPE_BEGIN|[4]|apextype|java:common.apex.runtime.ApexObjectType|true|false
13:54:53.173 (264720837)|VARIABLE_ASSIGNMENT|[4]|apextype|"ETLC_ApexBridge_Data"|0x66338ea7
13:54:53.173 (264840320)|HEAP_ALLOCATE|[61]|Bytes:8
13:54:53.173 (264883357)|METHOD_ENTRY|[61]||System.JSON.deserializeStrict(String, System.Type)
13:54:53.173 (266531567)|METHOD_EXIT|[61]||System.JSON.deserializeStrict(String, System.Type)
13:54:53.173 (266574714)|METHOD_EXIT|[14]|01p50000002CIEo|ETLC_ApexBridge_Data.fromJSON(String)
13:54:53.173 (266590595)|VARIABLE_SCOPE_BEGIN|[14]|d2|ETLC_ApexBridge_Data|true|false
13:54:53.173 (266779492)|VARIABLE_ASSIGNMENT|[14]|d2|{"debug":true,"input":"{\"mode\":\"saveFollowe (112 more) ...","isSuccess":false,"messages":"0x7eb073c1","operation":"BFFFollow_Controller"}|0x35f59319
13:54:53.173 (266797973)|STATEMENT_EXECUTE|[15]
13:54:53.173 (266963360)|VARIABLE_ASSIGNMENT|[EXTERNAL]|this|{"debug":true,"input":"{\"mode\":\"saveFollowe (112 more) ...","isSuccess":false,"messages":"0x7eb073c1","operation":"BFFFollow_Controller"}|0x35f59319
13:54:53.173 (267159859)|EXCEPTION_THROWN|[15]|System.AssertException: Assertion Failed: Expected: null, Actual: true
13:54:53.173 (267383697)|HEAP_ALLOCATE|[15]|Bytes:50
13:54:53.173 (267437068)|SYSTEM_MODE_EXIT|false
13:54:53.173 (267671665)|FATAL_ERROR|System.AssertException: Assertion Failed: Expected: null, Actual: true

Class.BFFFollow_Controller_Test.BFFFollow_Controller_saveFollowedUsers_Positive_Test: line 15, column 1
13:54:53.173 (267715073)|FATAL_ERROR|System.AssertException: Assertion Failed: Expected: null, Actual: true

Class.BFFFollow_Controller_Test.BFFFollow_Controller_saveFollowedUsers_Positive_Test: line 15, column 1
13:54:53.267 (267747066)|CUMULATIVE_LIMIT_USAGE
13:54:53.267 (267747066)|LIMIT_USAGE_FOR_NS|(default)|
  Number of SOQL queries: 1 out of 100
  Number of query rows: 1 out of 50000
  Number of SOSL queries: 0 out of 20
  Number of DML statements: 0 out of 150
  Number of DML rows: 0 out of 10000
  Maximum CPU time: 0 out of 10000
  Maximum heap size: 0 out of 6000000
  Number of callouts: 0 out of 100
  Number of Email Invocations: 0 out of 10
  Number of future calls: 0 out of 50
  Number of queueable jobs added to the queue: 0 out of 50
  Number of Mobile Apex push calls: 0 out of 10

13:54:53.267 (267747066)|CUMULATIVE_LIMIT_USAGE_END

13:54:53.173 (267877900)|CODE_UNIT_FINISHED|BFFFollow_Controller_Test.BFFFollow_Controller_saveFollowedUsers_Positive_Test
13:54:53.173 (270039220)|EXECUTION_FINISHED
