37.0 APEX_CODE,FINEST;APEX_PROFILING,INFO;CALLOUT,INFO;DB,INFO;SYSTEM,DEBUG;VALIDATION,INFO;VISUALFORCE,INFO;WORKFLOW,INFO
16:04:14.0 (496185)|USER_INFO|[EXTERNAL]|00550000005cg71|bfffollow@jr.te|Eastern Standard Time|GMT-04:00
16:04:14.0 (949353)|HEAP_ALLOCATE|[72]|Bytes:3
16:04:14.0 (988375)|HEAP_ALLOCATE|[77]|Bytes:152
16:04:14.0 (1003616)|HEAP_ALLOCATE|[342]|Bytes:408
16:04:14.0 (1023295)|HEAP_ALLOCATE|[355]|Bytes:408
16:04:14.0 (1040724)|HEAP_ALLOCATE|[467]|Bytes:48
16:04:14.1 (1945717)|USER_INFO|[EXTERNAL]|00550000005cg71|bfffollow@jr.te|Eastern Standard Time|GMT-04:00
16:04:14.1 (2953386)|STATEMENT_EXECUTE|[1]
16:04:14.1 (2962244)|METHOD_EXIT|[1]|ETLC_ApexBridge_Controller
16:04:14.1 (2968185)|HEAP_ALLOCATE|[EXTERNAL]|Bytes:122
16:04:14.1 (2978403)|SYSTEM_MODE_ENTER|false
16:04:14.1 (2992378)|VARIABLE_SCOPE_BEGIN|[3]|dataJson|String|false|false
16:04:14.1 (3037172)|VARIABLE_ASSIGNMENT|[3]|dataJson|"{\"operation\":\"BFFFol (102 more) ..."
16:04:14.1 (3050176)|STATEMENT_EXECUTE|[3]
16:04:14.1 (3051968)|STATEMENT_EXECUTE|[4]
16:04:14.1 (5295444)|VARIABLE_SCOPE_BEGIN|[4]|data|BFFFollow.ETLC_ApexBridge_Data|true|false
16:04:14.1 (5309566)|VARIABLE_ASSIGNMENT|[4]|data|null|
16:04:14.1 (5312647)|STATEMENT_EXECUTE|[5]
16:04:14.1 (5314059)|STATEMENT_EXECUTE|[5]
16:04:14.1 (5315210)|STATEMENT_EXECUTE|[6]
16:04:14.1 (5331579)|HEAP_ALLOCATE|[6]|Bytes:11
16:04:14.1 (5339552)|HEAP_ALLOCATE|[6]|Bytes:248
16:04:14.1 (5342978)|HEAP_ALLOCATE|[6]|Bytes:39
16:04:14.1 (5384026)|METHOD_ENTRY|[2]|01p50000002CIEo|ETLC_ApexBridge_Data.ETLC_ApexBridge_Data()
16:04:14.1 (5388222)|STATEMENT_EXECUTE|[2]
16:04:14.1 (5394374)|STATEMENT_EXECUTE|[2]
16:04:14.1 (5399625)|METHOD_EXIT|[2]|ETLC_ApexBridge_Data
16:04:14.1 (5445779)|METHOD_ENTRY|[6]|01p50000002CIEo|BFFFollow.ETLC_ApexBridge_Data.fromJSON(String)
16:04:14.1 (5480115)|VARIABLE_SCOPE_BEGIN|[60]|strJson|String|false|false
16:04:14.1 (5490878)|VARIABLE_ASSIGNMENT|[60]|strJson|"{\"operation\":\"BFFFol (102 more) ..."
16:04:14.1 (5496443)|STATEMENT_EXECUTE|[60]
16:04:14.1 (5497912)|STATEMENT_EXECUTE|[61]
16:04:14.1 (5508697)|HEAP_ALLOCATE|[61]|Bytes:30
16:04:14.1 (5533977)|HEAP_ALLOCATE|[50]|Bytes:5
16:04:14.1 (5558945)|HEAP_ALLOCATE|[56]|Bytes:5
16:04:14.1 (5571640)|HEAP_ALLOCATE|[64]|Bytes:7
16:04:14.1 (5667466)|HEAP_ALLOCATE|[61]|Bytes:24
16:04:14.1 (5679797)|SYSTEM_METHOD_ENTRY|[1]|Type.Type()
16:04:14.1 (5682699)|STATEMENT_EXECUTE|[1]
16:04:14.1 (5690355)|SYSTEM_METHOD_EXIT|[1]|Type
16:04:14.1 (5695809)|HEAP_ALLOCATE|[61]|Bytes:8
16:04:14.1 (5721976)|HEAP_ALLOCATE|[61]|Bytes:8
16:04:14.1 (5728565)|VARIABLE_SCOPE_BEGIN|[4]|this|System.Type|true|false
16:04:14.1 (5784827)|VARIABLE_ASSIGNMENT|[4]|this|{}|0x1f415a3
16:04:14.1 (5789741)|VARIABLE_SCOPE_BEGIN|[4]|apextype|java:common.apex.runtime.ApexObjectType|true|false
16:04:14.1 (5921015)|VARIABLE_ASSIGNMENT|[4]|apextype|"BFFFollow.ETLC_ApexBridge_Data"|0x58458592
16:04:14.1 (5998498)|HEAP_ALLOCATE|[61]|Bytes:8
16:04:14.1 (6037720)|HEAP_ALLOCATE|[61]|Bytes:24
16:04:14.1 (6049578)|SYSTEM_METHOD_ENTRY|[1]|JSON.JSON()
16:04:14.1 (6051917)|STATEMENT_EXECUTE|[1]
16:04:14.1 (6058544)|SYSTEM_METHOD_EXIT|[1]|JSON
16:04:14.1 (6072037)|METHOD_ENTRY|[61]||System.JSON.deserializeStrict(String, System.Type)
16:04:14.1 (6702569)|METHOD_EXIT|[61]||System.JSON.deserializeStrict(String, System.Type)
16:04:14.1 (6714257)|METHOD_EXIT|[6]|01p50000002CIEo|BFFFollow.ETLC_ApexBridge_Data.fromJSON(String)
16:04:14.1 (6775904)|VARIABLE_ASSIGNMENT|[6]|data|{"debug":true,"input":"{\"mode\":\"fetchUserFe (34 more) ...","operation":"BFFFollow_Controller"}|0x49350345
16:04:14.1 (6781478)|STATEMENT_EXECUTE|[7]
16:04:14.1 (6792016)|HEAP_ALLOCATE|[7]|Bytes:6
16:04:14.1 (6825098)|ENTERING_MANAGED_PKG|
16:04:14.1 (6876053)|HEAP_ALLOCATE|[7]|Bytes:202
16:04:14.1 (6898887)|HEAP_ALLOCATE|[7]|Bytes:208
16:04:14.1 (6918267)|ENTERING_MANAGED_PKG|
16:04:14.1 (6924228)|USER_DEBUG|[7]|DEBUG|data::ETLC_ApexBridge_Data:[debug=true, input={"mode":"fetchUserFeed","userId":"00550000005d7KnAAI"}, isSuccess=null, messages=null, operation=BFFFollow_Controller, output=null, outputFlag=null, records=null]
16:04:14.1 (6931517)|STATEMENT_EXECUTE|[8]
16:04:14.1 (6987663)|VARIABLE_ASSIGNMENT|[EXTERNAL]|this|{"debug":true,"input":"{\"mode\":\"fetchUserFe (34 more) ...","operation":"BFFFollow_Controller"}|0x49350345
16:04:14.1 (7008552)|METHOD_ENTRY|[8]||System.Type.forName(String)
16:04:14.1 (8917557)|METHOD_EXIT|[8]||System.Type.forName(String)
16:04:14.1 (8932455)|METHOD_ENTRY|[8]||System.Type.newInstance()
16:04:14.1 (10207970)|STATEMENT_EXECUTE|[1]
16:04:14.1 (10221724)|HEAP_ALLOCATE|[33]|Bytes:5
16:04:14.1 (10237923)|METHOD_EXIT|[1]|BFFFollow_Controller
16:04:14.1 (10253738)|HEAP_ALLOCATE|[33]|Bytes:4
16:04:14.1 (10263074)|VARIABLE_SCOPE_BEGIN|[1]|this|BFFFollow.BFFFollow_Controller|true|false
16:04:14.1 (10281021)|VARIABLE_ASSIGNMENT|[1]|this|{}|0x22c019c3
16:04:14.1 (10289403)|HEAP_ALLOCATE|[33]|Bytes:5
16:04:14.1 (10297806)|HEAP_ALLOCATE|[33]|Bytes:11
16:04:14.1 (10317552)|METHOD_ENTRY|[1]|01p50000002CIEj|ETLC_ApexBridge_Abstract.ETLC_ApexBridge_Abstract()
16:04:14.1 (10321113)|STATEMENT_EXECUTE|[1]
16:04:14.1 (10326614)|STATEMENT_EXECUTE|[1]
16:04:14.1 (10331419)|METHOD_EXIT|[1]|ETLC_ApexBridge_Abstract
16:04:14.1 (10338641)|CONSTRUCTOR_ENTRY|[EXTERNAL]|01p50000002CIEj|<init>()
16:04:14.1 (10355108)|VARIABLE_SCOPE_BEGIN|[1]|this|BFFFollow.ETLC_ApexBridge_Abstract|true|false
16:04:14.1 (10369539)|VARIABLE_ASSIGNMENT|[1]|this|{}|0x22c019c3
16:04:14.1 (10383618)|STATEMENT_EXECUTE|[1]
16:04:14.1 (10388419)|CONSTRUCTOR_EXIT|[EXTERNAL]|01p50000002CIEj|<init>()
16:04:14.1 (10393686)|STATEMENT_EXECUTE|[1]
16:04:14.1 (10399412)|HEAP_ALLOCATE|[33]|Bytes:5
16:04:14.1 (10415704)|METHOD_EXIT|[8]||System.Type.newInstance()
16:04:14.1 (10424122)|VARIABLE_SCOPE_BEGIN|[8]|executor|BFFFollow.ETLC_ApexBridge_Abstract|true|false
16:04:14.1 (10436910)|VARIABLE_ASSIGNMENT|[8]|executor|{}|0x22c019c3
16:04:14.1 (10439464)|STATEMENT_EXECUTE|[9]
16:04:14.1 (10479483)|METHOD_ENTRY|[9]|01p50000002D8iw|BFFFollow.BFFFollow_Controller.process(BFFFollow.ETLC_ApexBridge_Data)
16:04:14.1 (10504550)|VARIABLE_SCOPE_BEGIN|[3]|this|BFFFollow.BFFFollow_Controller|true|false
16:04:14.1 (10518327)|VARIABLE_ASSIGNMENT|[3]|this|{}|0x22c019c3
16:04:14.1 (10522630)|VARIABLE_SCOPE_BEGIN|[3]|data|BFFFollow.ETLC_ApexBridge_Data|true|false
16:04:14.1 (10547062)|VARIABLE_ASSIGNMENT|[3]|data|{"debug":true,"input":"{\"mode\":\"fetchUserFe (34 more) ...","operation":"BFFFollow_Controller"}|0x49350345
16:04:14.1 (10556727)|HEAP_ALLOCATE|[4]|Bytes:5
16:04:14.1 (10560634)|STATEMENT_EXECUTE|[3]
16:04:14.1 (10561934)|STATEMENT_EXECUTE|[4]
16:04:14.1 (10647700)|VARIABLE_ASSIGNMENT|[EXTERNAL]|this|{"debug":true,"input":"{\"mode\":\"fetchUserFe (34 more) ...","operation":"BFFFollow_Controller"}|0x49350345
16:04:14.1 (10688511)|VARIABLE_ASSIGNMENT|[4]|BFFFollow_Controller.debugFlag|true
16:04:14.1 (10732699)|VARIABLE_ASSIGNMENT|[EXTERNAL]|this|{"debug":true,"input":"{\"mode\":\"fetchUserFe (34 more) ...","operation":"BFFFollow_Controller"}|0x49350345
16:04:14.1 (10748260)|STATEMENT_EXECUTE|[5]
16:04:14.1 (10758612)|HEAP_ALLOCATE|[5]|Bytes:12
16:04:14.1 (10780571)|ENTERING_MANAGED_PKG|
16:04:14.1 (10802508)|HEAP_ALLOCATE|[5]|Bytes:202
16:04:14.1 (10816848)|HEAP_ALLOCATE|[5]|Bytes:214
16:04:14.1 (10829335)|ENTERING_MANAGED_PKG|
16:04:14.1 (10833652)|USER_DEBUG|[5]|DEBUG|data BEFORE:ETLC_ApexBridge_Data:[debug=true, input={"mode":"fetchUserFeed","userId":"00550000005d7KnAAI"}, isSuccess=null, messages=null, operation=BFFFollow_Controller, output=null, outputFlag=null, records=null]
16:04:14.1 (10840545)|STATEMENT_EXECUTE|[7]
16:04:14.1 (10848009)|HEAP_ALLOCATE|[7]|Bytes:4
16:04:14.1 (10869500)|METHOD_ENTRY|[7]|01p50000002CIEo|BFFFollow.ETLC_ApexBridge_Data.getInputValue(String)
16:04:14.1 (10892482)|VARIABLE_SCOPE_BEGIN|[52]|this|BFFFollow.ETLC_ApexBridge_Data|true|false
16:04:14.1 (10918502)|VARIABLE_ASSIGNMENT|[52]|this|{"debug":true,"input":"{\"mode\":\"fetchUserFe (34 more) ...","operation":"BFFFollow_Controller"}|0x49350345
16:04:14.1 (10924910)|VARIABLE_SCOPE_BEGIN|[52]|key|String|false|false
16:04:14.1 (10928885)|VARIABLE_ASSIGNMENT|[52]|key|"mode"
16:04:14.1 (10933318)|STATEMENT_EXECUTE|[52]
16:04:14.1 (10934849)|STATEMENT_EXECUTE|[53]
16:04:14.1 (10986282)|VARIABLE_ASSIGNMENT|[EXTERNAL]|this|{"debug":true,"input":"{\"mode\":\"fetchUserFe (34 more) ...","operation":"BFFFollow_Controller"}|0x49350345
16:04:14.1 (11007215)|METHOD_ENTRY|[53]||System.JSON.deserializeUntyped(String)
16:04:14.1 (11248877)|METHOD_EXIT|[53]||System.JSON.deserializeUntyped(String)
16:04:14.1 (11257991)|VARIABLE_SCOPE_BEGIN|[53]|inputMap|Map<String,ANY>|true|false
16:04:14.1 (11283179)|VARIABLE_ASSIGNMENT|[53]|inputMap|{"s":1,"v":{"mode":"fetchUserFeed","userId":"00550000005d7KnAAI"}}|0x301512d
16:04:14.1 (11287218)|STATEMENT_EXECUTE|[54]
16:04:14.1 (11308499)|ENTERING_MANAGED_PKG|
16:04:14.1 (11337338)|METHOD_EXIT|[7]|01p50000002CIEo|BFFFollow.ETLC_ApexBridge_Data.getInputValue(String)
16:04:14.1 (11343967)|VARIABLE_SCOPE_BEGIN|[7]|mode|String|false|false
16:04:14.1 (11350754)|VARIABLE_ASSIGNMENT|[7]|mode|"fetchUserFeed"
16:04:14.1 (11355841)|HEAP_ALLOCATE|[9]|Bytes:19
16:04:14.1 (11375644)|HEAP_ALLOCATE|[11]|Bytes:18
16:04:14.1 (11385373)|HEAP_ALLOCATE|[14]|Bytes:17
16:04:14.1 (11392969)|HEAP_ALLOCATE|[16]|Bytes:13
16:04:14.1 (11402236)|STATEMENT_EXECUTE|[16]
16:04:14.1 (11403807)|STATEMENT_EXECUTE|[17]
16:04:14.1 (11410905)|HEAP_ALLOCATE|[17]|Bytes:6
16:04:14.1 (11421504)|METHOD_ENTRY|[17]|01p50000002CIEo|BFFFollow.ETLC_ApexBridge_Data.getInputValue(String)
16:04:14.1 (11434798)|VARIABLE_SCOPE_BEGIN|[52]|this|BFFFollow.ETLC_ApexBridge_Data|true|false
16:04:14.1 (11460620)|VARIABLE_ASSIGNMENT|[52]|this|{"debug":true,"input":"{\"mode\":\"fetchUserFe (34 more) ...","operation":"BFFFollow_Controller"}|0x49350345
16:04:14.1 (11464403)|VARIABLE_SCOPE_BEGIN|[52]|key|String|false|false
16:04:14.1 (11467965)|VARIABLE_ASSIGNMENT|[52]|key|"userId"
16:04:14.1 (11471770)|STATEMENT_EXECUTE|[52]
16:04:14.1 (11472992)|STATEMENT_EXECUTE|[53]
16:04:14.1 (11503270)|VARIABLE_ASSIGNMENT|[EXTERNAL]|this|{"debug":true,"input":"{\"mode\":\"fetchUserFe (34 more) ...","operation":"BFFFollow_Controller"}|0x49350345
16:04:14.1 (11516307)|METHOD_ENTRY|[53]||System.JSON.deserializeUntyped(String)
16:04:14.1 (11637621)|METHOD_EXIT|[53]||System.JSON.deserializeUntyped(String)
16:04:14.1 (11646250)|VARIABLE_SCOPE_BEGIN|[53]|inputMap|Map<String,ANY>|true|false
16:04:14.1 (11664029)|VARIABLE_ASSIGNMENT|[53]|inputMap|{"s":1,"v":{"mode":"fetchUserFeed","userId":"00550000005d7KnAAI"}}|0x7d592306
16:04:14.1 (11668484)|STATEMENT_EXECUTE|[54]
16:04:14.1 (11685516)|ENTERING_MANAGED_PKG|
16:04:14.1 (11697007)|METHOD_EXIT|[17]|01p50000002CIEo|BFFFollow.ETLC_ApexBridge_Data.getInputValue(String)
16:04:14.1 (11710917)|HEAP_ALLOCATE|[17]|Bytes:4
16:04:14.1 (11725104)|METHOD_ENTRY|[17]|01p50000002D8iw|BFFFollow.BFFFollow_Controller.fetchUserFeed(Id)
16:04:14.1 (11735618)|VARIABLE_SCOPE_BEGIN|[85]|this|BFFFollow.BFFFollow_Controller|true|false
16:04:14.1 (11750151)|VARIABLE_ASSIGNMENT|[85]|this|{}|0x22c019c3
16:04:14.1 (11755028)|VARIABLE_SCOPE_BEGIN|[85]|userId|Id|false|false
16:04:14.1 (11846226)|VARIABLE_ASSIGNMENT|[85]|userId|"00550000005d7KnAAI"
16:04:14.1 (11857154)|HEAP_ALLOCATE|[86]|Bytes:5
16:04:14.1 (11861310)|STATEMENT_EXECUTE|[85]
16:04:14.1 (11862583)|STATEMENT_EXECUTE|[86]
16:04:14.1 (11863605)|STATEMENT_EXECUTE|[86]
16:04:14.1 (11874889)|METHOD_ENTRY|[87]|01p50000002D8iw|BFFFollow.BFFFollow_Controller.checkChatterEnabled()
16:04:14.1 (11894145)|VARIABLE_SCOPE_BEGIN|[27]|this|BFFFollow.BFFFollow_Controller|true|false
16:04:14.1 (11907849)|VARIABLE_ASSIGNMENT|[27]|this|{}|0x22c019c3
16:04:14.1 (11915884)|HEAP_ALLOCATE|[28]|Bytes:5
16:04:14.1 (11919082)|STATEMENT_EXECUTE|[27]
16:04:14.1 (11920352)|STATEMENT_EXECUTE|[28]
16:04:14.1 (11921292)|STATEMENT_EXECUTE|[28]
16:04:14.1 (11922506)|STATEMENT_EXECUTE|[29]
16:04:14.1 (11948152)|ENTERING_MANAGED_PKG|
16:04:14.1 (29864819)|HEAP_ALLOCATE|[29]|Bytes:1440
16:04:14.1 (29904169)|VARIABLE_SCOPE_BEGIN|[29]|gd|Map<String,Schema.SObjectType>|true|false
16:04:14.1 (30209099)|VARIABLE_ASSIGNMENT|[29]|gd|"{acceptedeventrelation=AcceptedEventRelation, account=Account, accountcontactrole=AccountContactRole, accountfeed=AccountFeed, accounthistory=AccountHistory, accountpartner=AccountPartner, accountshare=AccountShare, actionlinkgrouptemplate=ActionLinkGroupTemplate, actionlinktemplate=ActionLinkTemplate, activityhistory=ActivityHistory, ...}"|0x1e90edfd
16:04:14.1 (30220583)|HEAP_ALLOCATE|[30]|Bytes:8
16:04:14.1 (30247214)|ENTERING_MANAGED_PKG|
16:04:14.1 (30303486)|STATEMENT_EXECUTE|[30]
16:04:14.1 (30306333)|STATEMENT_EXECUTE|[31]
16:04:14.1 (30324207)|HEAP_ALLOCATE|[31]|Bytes:5
16:04:14.1 (30337599)|METHOD_EXIT|[87]|01p50000002D8iw|BFFFollow.BFFFollow_Controller.checkChatterEnabled()
16:04:14.1 (30344827)|STATEMENT_EXECUTE|[87]
16:04:14.1 (30349176)|STATEMENT_EXECUTE|[90]
16:04:14.1 (30419474)|HEAP_ALLOCATE|[90]|Bytes:24
16:04:14.1 (30440831)|SYSTEM_METHOD_ENTRY|[1]|Network.Network()
16:04:14.1 (30444228)|STATEMENT_EXECUTE|[1]
16:04:14.1 (30456476)|SYSTEM_METHOD_EXIT|[1]|Network
16:04:14.1 (30472448)|METHOD_ENTRY|[90]||System.Network.getNetworkId()
16:04:14.1 (30520479)|METHOD_EXIT|[90]||System.Network.getNetworkId()
16:04:14.1 (30759970)|HEAP_ALLOCATE|[90]|Bytes:18
16:04:14.1 (30801921)|HEAP_ALLOCATE|[90]|Bytes:968
16:04:14.1 (30812837)|SYSTEM_METHOD_ENTRY|[5]|ChatterFeeds.ChatterFeeds()
16:04:14.1 (30815320)|STATEMENT_EXECUTE|[5]
16:04:14.1 (30822091)|SYSTEM_METHOD_EXIT|[5]|ChatterFeeds
16:04:14.1 (30837227)|METHOD_ENTRY|[90]||ConnectApi.ChatterFeeds.getFeedElementsFromFeed(String, ConnectApi.FeedType, String)
16:04:14.1 (69886924)|SYSTEM_METHOD_EXIT|[5]|FeedElementPage
16:04:14.1 (69903714)|HEAP_ALLOCATE|[3649]|Bytes:84
16:04:14.1 (69912199)|HEAP_ALLOCATE|[3649]|Bytes:12
16:04:14.1 (69916074)|HEAP_ALLOCATE|[3649]|Bytes:8
16:04:14.1 (69923069)|VARIABLE_SCOPE_BEGIN|[39]|this|ConnectApi.FeedElementPage|true|false
16:04:14.1 (70019596)|VARIABLE_ASSIGNMENT|[39]|this|{}|0x8636c73
16:04:14.1 (70026058)|VARIABLE_SCOPE_BEGIN|[39]|versionIn|Double|false|false
16:04:14.1 (70033825)|VARIABLE_ASSIGNMENT|[39]|versionIn|37.0
16:04:14.1 (70036295)|VARIABLE_SCOPE_BEGIN|[39]|javaObj|java:sfdc.chatter.connect.api.output.feeds.FeedElementCollectionRepresentation|true|false
16:04:14.1 (70153685)|VARIABLE_ASSIGNMENT|[39]|javaObj|"sfdc.chatter.connect.api.output.feeds.FeedElementCollectionRepresentation@549bf22d"|0x549bf22d
16:04:14.1 (70396144)|ENTERING_MANAGED_PKG|
16:04:14.1 (70608296)|METHOD_EXIT|[90]||ConnectApi.ChatterFeeds.getFeedElementsFromFeed(String, ConnectApi.FeedType, String)
16:04:14.1 (70620324)|VARIABLE_SCOPE_BEGIN|[90]|fep|ConnectApi.FeedElementPage|true|false
16:04:14.1 (70645505)|VARIABLE_ASSIGNMENT|[90]|fep|{}|0x8636c73
16:04:14.1 (70657163)|STATEMENT_EXECUTE|[91]
16:04:14.1 (70659411)|STATEMENT_EXECUTE|[91]
16:04:14.1 (70693991)|ENTERING_MANAGED_PKG|
16:04:14.1 (70742012)|HEAP_ALLOCATE|[91]|Bytes:84
16:04:14.1 (70749695)|VARIABLE_SCOPE_BEGIN|[105]|this|ConnectApi.FeedElementPage|true|false
16:04:14.1 (70772280)|VARIABLE_ASSIGNMENT|[105]|this|{}|0x8636c73
16:04:14.1 (71086198)|ENTERING_MANAGED_PKG|
16:04:14.1 (71108958)|ENTERING_MANAGED_PKG|
16:04:14.1 (71208972)|ENTERING_MANAGED_PKG|
16:04:14.1 (71228007)|ENTERING_MANAGED_PKG|
16:04:14.1 (71319322)|ENTERING_MANAGED_PKG|
16:04:14.1 (71340794)|ENTERING_MANAGED_PKG|
16:04:14.1 (71435869)|ENTERING_MANAGED_PKG|
16:04:14.1 (71450771)|ENTERING_MANAGED_PKG|
16:04:14.1 (71572024)|ENTERING_MANAGED_PKG|
16:04:14.1 (71590980)|ENTERING_MANAGED_PKG|
16:04:14.1 (71681574)|ENTERING_MANAGED_PKG|
16:04:14.1 (71696255)|ENTERING_MANAGED_PKG|
16:04:14.1 (71821742)|ENTERING_MANAGED_PKG|
16:04:14.1 (71836555)|ENTERING_MANAGED_PKG|
16:04:14.1 (71927971)|ENTERING_MANAGED_PKG|
16:04:14.1 (71942729)|ENTERING_MANAGED_PKG|
16:04:14.1 (72030954)|ENTERING_MANAGED_PKG|
16:04:14.1 (72046522)|ENTERING_MANAGED_PKG|
16:04:14.1 (72073659)|ENTERING_MANAGED_PKG|
16:04:14.1 (72094001)|ENTERING_MANAGED_PKG|
16:04:14.1 (72148886)|ENTERING_MANAGED_PKG|
16:04:14.1 (72194431)|ENTERING_MANAGED_PKG|
16:04:14.1 (72237900)|ENTERING_MANAGED_PKG|
16:04:14.1 (72297542)|ENTERING_MANAGED_PKG|
16:04:14.1 (72349439)|ENTERING_MANAGED_PKG|
16:04:14.1 (72387553)|ENTERING_MANAGED_PKG|
16:04:14.1 (72450170)|ENTERING_MANAGED_PKG|
16:04:14.1 (72466230)|ENTERING_MANAGED_PKG|
16:04:14.1 (72500205)|ENTERING_MANAGED_PKG|
16:04:14.1 (72514753)|ENTERING_MANAGED_PKG|
16:04:14.1 (72543533)|ENTERING_MANAGED_PKG|
16:04:14.1 (72557328)|ENTERING_MANAGED_PKG|
16:04:14.1 (72590901)|ENTERING_MANAGED_PKG|
16:04:14.1 (72605462)|ENTERING_MANAGED_PKG|
16:04:14.1 (72633711)|ENTERING_MANAGED_PKG|
16:04:14.1 (72647415)|ENTERING_MANAGED_PKG|
16:04:14.1 (72674686)|ENTERING_MANAGED_PKG|
16:04:14.1 (72688280)|ENTERING_MANAGED_PKG|
16:04:14.1 (72715880)|ENTERING_MANAGED_PKG|
16:04:14.1 (72733680)|ENTERING_MANAGED_PKG|
16:04:14.1 (72762269)|ENTERING_MANAGED_PKG|
16:04:14.1 (72776212)|ENTERING_MANAGED_PKG|
16:04:14.1 (72816867)|USER_DEBUG|[91]|DEBUG|ConnectApi.FeedElementPage[buildVersion=37.0, currentPageToken=null, currentPageUrl=/services/data/v37.0/chatter/feeds/user-profile/00550000005d7KnAAI/feed-elements, elements=(), isModifiedToken=null, isModifiedUrl=null, nextPageToken=null, nextPageUrl=null, updatesToken=null, updatesUrl=null]
16:04:14.1 (72826205)|STATEMENT_EXECUTE|[92]
16:04:14.1 (72845453)|METHOD_ENTRY|[92]||System.JSON.serialize(Object)
16:04:14.1 (78592891)|METHOD_EXIT|[92]||System.JSON.serialize(Object)
16:04:14.1 (78610434)|METHOD_EXIT|[17]|01p50000002D8iw|BFFFollow.BFFFollow_Controller.fetchUserFeed(Id)
16:04:14.1 (78695492)|VARIABLE_ASSIGNMENT|[EXTERNAL]|this|{"debug":true,"input":"{\"mode\":\"fetchUserFe (34 more) ...","operation":"BFFFollow_Controller"}|0x49350345
16:04:14.1 (78709145)|VARIABLE_ASSIGNMENT|[EXTERNAL]|value|"{\"currentPageToken\": (241 more) ..."
16:04:14.1 (78728073)|VARIABLE_ASSIGNMENT|[12]|this.output|"{\"currentPageToken\": (241 more) ..."|0x49350345
16:04:14.1 (78738401)|STATEMENT_EXECUTE|[18]
16:04:14.1 (78805802)|VARIABLE_ASSIGNMENT|[EXTERNAL]|this|{"debug":true,"input":"{\"mode\":\"fetchUserFe (34 more) ...","operation":"BFFFollow_Controller","output":"{\"currentPageToken\": (241 more) ..."}|0x49350345
16:04:14.1 (78865761)|VARIABLE_ASSIGNMENT|[EXTERNAL]|this|{"debug":true,"input":"{\"mode\":\"fetchUserFe (34 more) ...","operation":"BFFFollow_Controller","output":"{\"currentPageToken\": (241 more) ..."}|0x49350345
16:04:14.1 (78877056)|VARIABLE_ASSIGNMENT|[EXTERNAL]|value|true
16:04:14.1 (78882684)|HEAP_ALLOCATE|[15]|Bytes:5
16:04:14.1 (78892593)|VARIABLE_ASSIGNMENT|[15]|this.outputFlag|true|0x49350345
16:04:14.1 (78932785)|STATEMENT_EXECUTE|[21]
16:04:14.1 (78935265)|STATEMENT_EXECUTE|[21]
16:04:14.1 (78946128)|HEAP_ALLOCATE|[21]|Bytes:11
16:04:14.1 (78972562)|ENTERING_MANAGED_PKG|
16:04:14.1 (79027393)|HEAP_ALLOCATE|[21]|Bytes:459
16:04:14.1 (79046134)|HEAP_ALLOCATE|[21]|Bytes:470
16:04:14.1 (79060952)|ENTERING_MANAGED_PKG|
16:04:14.1 (79066108)|USER_DEBUG|[21]|DEBUG|data AFTER:ETLC_ApexBridge_Data:[debug=true, input={"mode":"fetchUserFeed","userId":"00550000005d7KnAAI"}, isSuccess=null, messages=null, operation=BFFFollow_Controller, output={"currentPageToken":null,"currentPageUrl":"/services/data/v37.0/chatter/feeds/user-profile/00550000005d7KnAAI/feed-elements","elements":[],"isModifiedToken":null,"isModifiedUrl":null,"nextPageToken":null,"nextPageUrl":null,"updatesToken":null,"updatesUrl":null}, outputFlag=true, records=null]
16:04:14.1 (79081140)|METHOD_EXIT|[9]|01p50000002D8iw|BFFFollow.BFFFollow_Controller.process(BFFFollow.ETLC_ApexBridge_Data)
16:04:14.1 (79085527)|STATEMENT_EXECUTE|[24]
16:04:14.1 (79110105)|METHOD_ENTRY|[24]|01p50000002CIEo|BFFFollow.ETLC_ApexBridge_Data.toJSON()
16:04:14.1 (79131901)|VARIABLE_SCOPE_BEGIN|[57]|this|BFFFollow.ETLC_ApexBridge_Data|true|false
16:04:14.1 (79161110)|VARIABLE_ASSIGNMENT|[57]|this|{"debug":true,"input":"{\"mode\":\"fetchUserFe (34 more) ...","operation":"BFFFollow_Controller","output":"{\"currentPageToken\": (241 more) ...","outputFlag":true}|0x49350345
16:04:14.1 (79167951)|STATEMENT_EXECUTE|[57]
16:04:14.1 (79169347)|STATEMENT_EXECUTE|[58]
16:04:14.1 (79183087)|METHOD_ENTRY|[58]||System.JSON.serialize(Object)
16:04:14.1 (79251635)|STATEMENT_EXECUTE|[22]
16:04:14.1 (79256592)|STATEMENT_EXECUTE|[23]
16:04:14.1 (79265908)|HEAP_ALLOCATE|[23]|Bytes:5
16:04:14.1 (79275925)|VARIABLE_ASSIGNMENT|[23]|this.isSuccess|true|0x49350345
16:04:14.1 (79278743)|STATEMENT_EXECUTE|[24]
16:04:14.1 (79328536)|STATEMENT_EXECUTE|[31]
16:04:14.1 (79333503)|STATEMENT_EXECUTE|[32]
16:04:14.1 (79343087)|HEAP_ALLOCATE|[32]|Bytes:4
16:04:14.1 (79425963)|VARIABLE_ASSIGNMENT|[32]|this.messages|{"s":1,"v":{}}|0x49350345
16:04:14.1 (79430900)|STATEMENT_EXECUTE|[33]
16:04:14.1 (79806307)|METHOD_EXIT|[58]||System.JSON.serialize(Object)
16:04:14.1 (79813923)|METHOD_EXIT|[24]|01p50000002CIEo|BFFFollow.ETLC_ApexBridge_Data.toJSON()
16:04:14.1 (79822999)|SYSTEM_MODE_EXIT|false
16:04:14.79 (79859922)|CUMULATIVE_LIMIT_USAGE
16:04:14.79 (79859922)|LIMIT_USAGE_FOR_NS|(default)|
  Number of SOQL queries: 0 out of 100
  Number of query rows: 0 out of 50000
  Number of SOSL queries: 0 out of 20
  Number of DML statements: 0 out of 150
  Number of DML rows: 0 out of 10000
  Maximum CPU time: 0 out of 10000
  Maximum heap size: 0 out of 6000000
  Number of callouts: 0 out of 100
  Number of Email Invocations: 0 out of 10
  Number of future calls: 0 out of 50
  Number of queueable jobs added to the queue: 0 out of 50
  Number of Mobile Apex push calls: 0 out of 10

16:04:14.79 (79859922)|LIMIT_USAGE_FOR_NS|BFFFollow|
  Number of SOQL queries: 0 out of 100
  Number of query rows: 0 out of 50000
  Number of SOSL queries: 0 out of 20
  Number of DML statements: 0 out of 150
  Number of DML rows: 0 out of 10000
  Maximum CPU time: 0 out of 10000
  Maximum heap size: 0 out of 6000000
  Number of callouts: 0 out of 100
  Number of Email Invocations: 0 out of 10
  Number of future calls: 0 out of 50
  Number of queueable jobs added to the queue: 0 out of 50
  Number of Mobile Apex push calls: 0 out of 10

16:04:14.79 (79859922)|CUMULATIVE_LIMIT_USAGE_END

16:04:14.1 (79913848)|CODE_UNIT_FINISHED|ETLC_ApexBridge_Controller.execute
