37.0 APEX_CODE,FINEST;APEX_PROFILING,INFO;CALLOUT,INFO;DB,INFO;SYSTEM,DEBUG;VALIDATION,INFO;VISUALFORCE,INFO;WORKFLOW,INFO
23:27:29.0 (390401)|USER_INFO|[EXTERNAL]|00550000005cg71|bfffollow@jr.te|Eastern Standard Time|GMT-04:00
23:27:29.0 (433799)|EXECUTION_STARTED
23:27:29.0 (439883)|CODE_UNIT_STARTED|[EXTERNAL]|aura
23:27:29.0 (820906)|HEAP_ALLOCATE|[72]|Bytes:3
23:27:29.0 (879260)|HEAP_ALLOCATE|[77]|Bytes:152
23:27:29.0 (902309)|HEAP_ALLOCATE|[342]|Bytes:408
23:27:29.0 (921695)|HEAP_ALLOCATE|[355]|Bytes:408
23:27:29.0 (939197)|HEAP_ALLOCATE|[467]|Bytes:48
23:27:29.0 (967860)|HEAP_ALLOCATE|[139]|Bytes:6
23:27:29.0 (995979)|HEAP_ALLOCATE|[EXTERNAL]|Bytes:3
23:27:29.0 (1011260)|HEAP_ALLOCATE|[EXTERNAL]|Bytes:3
23:27:29.0 (1093758)|HEAP_ALLOCATE|[EXTERNAL]|Bytes:4
23:27:29.0 (1103645)|HEAP_ALLOCATE|[EXTERNAL]|Bytes:4
23:27:29.0 (2265751)|CODE_UNIT_STARTED|[EXTERNAL]|01p50000002D2uA|LookupSObjectController.lookup
23:27:29.0 (2875210)|HEAP_ALLOCATE|[EXTERNAL]|Bytes:6
23:27:29.0 (2881405)|HEAP_ALLOCATE|[EXTERNAL]|Bytes:2
23:27:29.0 (2894576)|METHOD_ENTRY|[11]|01p50000002D2uA|LookupSObjectController.LookupSObjectController()
23:27:29.0 (2898661)|STATEMENT_EXECUTE|[11]
23:27:29.0 (2903649)|STATEMENT_EXECUTE|[11]
23:27:29.0 (2949255)|HEAP_ALLOCATE|[50]|Bytes:5
23:27:29.0 (2975325)|HEAP_ALLOCATE|[56]|Bytes:5
23:27:29.0 (2984519)|HEAP_ALLOCATE|[64]|Bytes:7
23:27:29.0 (3010843)|SYSTEM_MODE_ENTER|false
23:27:29.0 (3032766)|HEAP_ALLOCATE|[EXTERNAL]|Bytes:5
23:27:29.0 (3037670)|STATEMENT_EXECUTE|[43]
23:27:29.0 (3042804)|SYSTEM_MODE_EXIT|false
23:27:29.0 (3053375)|METHOD_EXIT|[11]|LookupSObjectController
23:27:29.0 (3058325)|HEAP_ALLOCATE|[EXTERNAL]|Bytes:3
23:27:29.0 (3060295)|HEAP_ALLOCATE|[EXTERNAL]|Bytes:4
23:27:29.0 (3065578)|SYSTEM_MODE_ENTER|false
23:27:29.0 (3075932)|VARIABLE_SCOPE_BEGIN|[17]|searchString|String|false|false
23:27:29.0 (3109606)|VARIABLE_ASSIGNMENT|[17]|searchString|"jas"
23:27:29.0 (3114050)|VARIABLE_SCOPE_BEGIN|[17]|sObjectAPIName|String|false|false
23:27:29.0 (3118138)|VARIABLE_ASSIGNMENT|[17]|sObjectAPIName|"User"
23:27:29.0 (3131902)|HEAP_ALLOCATE|[20]|Bytes:5
23:27:29.0 (3135510)|STATEMENT_EXECUTE|[18]
23:27:29.0 (3136918)|STATEMENT_EXECUTE|[20]
23:27:29.0 (3195567)|HEAP_ALLOCATE|[20]|Bytes:3
23:27:29.0 (3211525)|VARIABLE_SCOPE_BEGIN|[20]|sanitizedSearchString|String|false|false
23:27:29.0 (3219586)|VARIABLE_ASSIGNMENT|[20]|sanitizedSearchString|"jas"
23:27:29.0 (3222195)|STATEMENT_EXECUTE|[21]
23:27:29.0 (3251067)|HEAP_ALLOCATE|[21]|Bytes:4
23:27:29.0 (3263588)|VARIABLE_SCOPE_BEGIN|[21]|sanitizedSObjectAPIName|String|false|false
23:27:29.0 (3270937)|VARIABLE_ASSIGNMENT|[21]|sanitizedSObjectAPIName|"User"
23:27:29.0 (3273849)|STATEMENT_EXECUTE|[23]
23:27:29.0 (3285390)|HEAP_ALLOCATE|[23]|Bytes:4
23:27:29.0 (3383775)|VARIABLE_SCOPE_BEGIN|[23]|results|List<LookupSObjectController.Result>|true|false
23:27:29.0 (3404219)|HEAP_ALLOCATE|[EXTERNAL]|Bytes:4
23:27:29.0 (3425445)|VARIABLE_ASSIGNMENT|[23]|results|{"s":1,"v":[]}|0x5f7168c6
23:27:29.0 (3428619)|STATEMENT_EXECUTE|[26]
23:27:29.0 (3436856)|HEAP_ALLOCATE|[26]|Bytes:6
23:27:29.0 (3441229)|HEAP_ALLOCATE|[26]|Bytes:27
23:27:29.0 (3444210)|HEAP_ALLOCATE|[26]|Bytes:18
23:27:29.0 (3455756)|HEAP_ALLOCATE|[26]|Bytes:58
23:27:29.0 (3461013)|VARIABLE_SCOPE_BEGIN|[26]|searchQuery|String|false|false
23:27:29.0 (3470884)|VARIABLE_ASSIGNMENT|[26]|searchQuery|"FIND 'jas*' IN ALL F (38 more) ..."
23:27:29.0 (3473436)|STATEMENT_EXECUTE|[29]
23:27:29.0 (5224731)|SOSL_EXECUTE_BEGIN|[29]|FIND 'jas*' IN ALL FIELDS RETURNING User(id,name) Limit 50
23:27:29.0 (32914858)|HEAP_ALLOCATE|[29]|Bytes:4
23:27:29.0 (32929394)|HEAP_ALLOCATE|[29]|Bytes:4
23:27:29.0 (32951096)|HEAP_ALLOCATE|[29]|Bytes:8
23:27:29.0 (32965825)|SOSL_EXECUTE_END|[29]|Rows:1
23:27:29.0 (33033742)|HEAP_ALLOCATE|[29]|Bytes:8
23:27:29.0 (33069821)|VARIABLE_SCOPE_BEGIN|[29]|searchList|List<List<SObject>>|true|false
23:27:29.0 (33136732)|VARIABLE_ASSIGNMENT|[29]|searchList|{"s":1,"v":[{"s":2,"v":[{"s":3,"v":{"Id":"00550000005cg71AAA","Name":"Jaswinder Rattanpal"}}]}]}|0x47d43458
23:27:29.0 (33240179)|HEAP_ALLOCATE|[32]|Bytes:8
23:27:29.0 (33549209)|HEAP_ALLOCATE|[32]|Bytes:5
23:27:29.0 (33595246)|HEAP_ALLOCATE|[32]|Bytes:12
23:27:29.0 (33610025)|VARIABLE_SCOPE_BEGIN|[32]|so|SObject|true|false
23:27:29.0 (33626542)|VARIABLE_ASSIGNMENT|[32]|so|{"s":1,"v":{"Id":"00550000005cg71AAA","Name":"Jaswinder Rattanpal"}}|0x6c31d3fd
23:27:29.0 (33632123)|STATEMENT_EXECUTE|[33]
23:27:29.0 (33634420)|STATEMENT_EXECUTE|[34]
23:27:29.0 (33687532)|HEAP_ALLOCATE|[34]|Bytes:116
23:27:29.0 (33695301)|HEAP_ALLOCATE|[34]|Bytes:8
23:27:29.0 (33719808)|HEAP_ALLOCATE|[34]|Bytes:12
23:27:29.0 (33725200)|HEAP_ALLOCATE|[34]|Bytes:4
23:27:29.0 (33809096)|HEAP_ALLOCATE|[34]|Bytes:19
23:27:29.0 (33885042)|CONSTRUCTOR_ENTRY|[34]|01p50000002D2uA|<init>(String,Id)
23:27:29.0 (33916460)|VARIABLE_SCOPE_BEGIN|[48]|this|LookupSObjectController.Result|true|false
23:27:29.0 (33971971)|VARIABLE_ASSIGNMENT|[48]|this|{}|0x56a64c90
23:27:29.0 (33978427)|VARIABLE_SCOPE_BEGIN|[48]|sObjectLabel|String|false|false
23:27:29.0 (33984689)|VARIABLE_ASSIGNMENT|[48]|sObjectLabel|"Jaswinder Rattanpal"
23:27:29.0 (33987897)|VARIABLE_SCOPE_BEGIN|[48]|sObjectId|Id|false|false
23:27:29.0 (34074211)|VARIABLE_ASSIGNMENT|[48]|sObjectId|"00550000005cg71AAA"
23:27:29.0 (34082207)|STATEMENT_EXECUTE|[43]
23:27:29.0 (34083720)|STATEMENT_EXECUTE|[45]
23:27:29.0 (34090022)|STATEMENT_EXECUTE|[46]
23:27:29.0 (34101502)|HEAP_ALLOCATE|[50]|Bytes:6
23:27:29.0 (34133447)|STATEMENT_EXECUTE|[49]
23:27:29.0 (34135247)|STATEMENT_EXECUTE|[50]
23:27:29.0 (34209202)|VARIABLE_ASSIGNMENT|[EXTERNAL]|this|{}|0x56a64c90
23:27:29.0 (34218574)|VARIABLE_ASSIGNMENT|[EXTERNAL]|value|"Jaswinder Rattanpal"
23:27:29.0 (34232177)|VARIABLE_ASSIGNMENT|[45]|this.SObjectLabel|"Jaswinder Rattanpal"|0x56a64c90
23:27:29.0 (34240664)|STATEMENT_EXECUTE|[51]
23:27:29.0 (34298679)|VARIABLE_ASSIGNMENT|[EXTERNAL]|this|{"SObjectLabel":"Jaswinder Rattanpal"}|0x56a64c90
23:27:29.0 (34352495)|VARIABLE_ASSIGNMENT|[EXTERNAL]|value|"00550000005cg71AAA"
23:27:29.0 (34407752)|VARIABLE_ASSIGNMENT|[46]|this.SObjectId|"00550000005cg71AAA"|0x56a64c90
23:27:29.0 (34431980)|CONSTRUCTOR_EXIT|[34]|01p50000002D2uA|<init>(String,Id)
23:27:29.0 (34450881)|HEAP_ALLOCATE|[EXTERNAL]|Bytes:4
23:27:29.0 (34466576)|HEAP_ALLOCATE|[32]|Bytes:5
23:27:29.0 (34479388)|VARIABLE_ASSIGNMENT|[32]|so|null|
23:27:29.0 (34483415)|STATEMENT_EXECUTE|[37]
23:27:29.0 (34498676)|SYSTEM_MODE_EXIT|false
23:27:29.34 (34544889)|CUMULATIVE_LIMIT_USAGE
23:27:29.34 (34544889)|LIMIT_USAGE_FOR_NS|(default)|
  Number of SOQL queries: 0 out of 100
  Number of query rows: 0 out of 50000
  Number of SOSL queries: 1 out of 20
  Number of DML statements: 0 out of 150
  Number of DML rows: 0 out of 10000
  Maximum CPU time: 0 out of 10000
  Maximum heap size: 0 out of 6000000
  Number of callouts: 0 out of 100
  Number of Email Invocations: 0 out of 10
  Number of future calls: 0 out of 50
  Number of queueable jobs added to the queue: 0 out of 50
  Number of Mobile Apex push calls: 0 out of 10

23:27:29.34 (34544889)|CUMULATIVE_LIMIT_USAGE_END

23:27:29.0 (34599288)|CODE_UNIT_FINISHED|LookupSObjectController.lookup
23:27:29.0 (35967940)|CODE_UNIT_STARTED|[EXTERNAL]|Aura
23:27:29.0 (36011518)|CODE_UNIT_FINISHED|Aura
