37.0 APEX_CODE,FINEST;APEX_PROFILING,INFO;CALLOUT,INFO;DB,INFO;SYSTEM,DEBUG;VALIDATION,INFO;VISUALFORCE,INFO;WORKFLOW,INFO
11:25:56.0 (517525)|USER_INFO|[EXTERNAL]|00550000005cg71|bfffollow@jr.te|Eastern Standard Time|GMT-04:00
11:25:56.0 (568388)|EXECUTION_STARTED
11:25:56.0 (573927)|CODE_UNIT_STARTED|[EXTERNAL]|aura
11:25:56.0 (1596039)|HEAP_ALLOCATE|[72]|Bytes:3
11:25:56.0 (1652951)|HEAP_ALLOCATE|[77]|Bytes:152
11:25:56.0 (1682304)|HEAP_ALLOCATE|[342]|Bytes:408
11:25:56.0 (1702709)|HEAP_ALLOCATE|[355]|Bytes:408
11:25:56.0 (1717250)|HEAP_ALLOCATE|[467]|Bytes:48
11:25:56.0 (1750209)|HEAP_ALLOCATE|[139]|Bytes:6
11:25:56.0 (1777501)|HEAP_ALLOCATE|[EXTERNAL]|Bytes:93
11:25:56.0 (1798059)|HEAP_ALLOCATE|[EXTERNAL]|Bytes:93
11:25:56.0 (3009384)|CODE_UNIT_STARTED|[EXTERNAL]|01p50000002CIEm|ETLC_ApexBridge_Controller.execute
11:25:56.0 (3875636)|HEAP_ALLOCATE|[EXTERNAL]|Bytes:1
11:25:56.0 (3889769)|HEAP_ALLOCATE|[EXTERNAL]|Bytes:10
11:25:56.0 (3926577)|METHOD_ENTRY|[1]|01p50000002CIEm|ETLC_ApexBridge_Controller.ETLC_ApexBridge_Controller()
11:25:56.0 (3934242)|STATEMENT_EXECUTE|[1]
11:25:56.0 (3943770)|STATEMENT_EXECUTE|[1]
11:25:56.0 (3963418)|METHOD_EXIT|[1]|ETLC_ApexBridge_Controller
11:25:56.0 (3972779)|HEAP_ALLOCATE|[EXTERNAL]|Bytes:93
11:25:56.0 (3985700)|SYSTEM_MODE_ENTER|false
11:25:56.0 (4002299)|VARIABLE_SCOPE_BEGIN|[3]|dataJson|String|false|false
11:25:56.0 (4052967)|VARIABLE_ASSIGNMENT|[3]|dataJson|"{\"operation\":\"BFFFol (73 more) ..."
11:25:56.0 (4074936)|STATEMENT_EXECUTE|[3]
11:25:56.0 (4077529)|STATEMENT_EXECUTE|[4]
11:25:56.0 (6630663)|VARIABLE_SCOPE_BEGIN|[4]|data|ETLC_ApexBridge_Data|true|false
11:25:56.0 (6652876)|VARIABLE_ASSIGNMENT|[4]|data|null|
11:25:56.0 (6657546)|STATEMENT_EXECUTE|[5]
11:25:56.0 (6660305)|STATEMENT_EXECUTE|[5]
11:25:56.0 (6662528)|STATEMENT_EXECUTE|[6]
11:25:56.0 (6687767)|HEAP_ALLOCATE|[6]|Bytes:11
11:25:56.0 (6697538)|HEAP_ALLOCATE|[6]|Bytes:248
11:25:56.0 (6700216)|HEAP_ALLOCATE|[6]|Bytes:39
11:25:56.0 (6748207)|METHOD_ENTRY|[2]|01p50000002CIEo|ETLC_ApexBridge_Data.ETLC_ApexBridge_Data()
11:25:56.0 (6753440)|STATEMENT_EXECUTE|[2]
11:25:56.0 (6759618)|STATEMENT_EXECUTE|[2]
11:25:56.0 (6774859)|METHOD_EXIT|[2]|ETLC_ApexBridge_Data
11:25:56.0 (6832314)|METHOD_ENTRY|[6]|01p50000002CIEo|ETLC_ApexBridge_Data.fromJSON(String)
11:25:56.0 (6865226)|VARIABLE_SCOPE_BEGIN|[60]|strJson|String|false|false
11:25:56.0 (6879633)|VARIABLE_ASSIGNMENT|[60]|strJson|"{\"operation\":\"BFFFol (73 more) ..."
11:25:56.0 (6885777)|STATEMENT_EXECUTE|[60]
11:25:56.0 (6887916)|STATEMENT_EXECUTE|[61]
11:25:56.0 (6901027)|HEAP_ALLOCATE|[61]|Bytes:20
11:25:56.0 (6935528)|HEAP_ALLOCATE|[50]|Bytes:5
11:25:56.0 (6974192)|HEAP_ALLOCATE|[56]|Bytes:5
11:25:56.0 (6992476)|HEAP_ALLOCATE|[64]|Bytes:7
11:25:56.0 (7139950)|HEAP_ALLOCATE|[61]|Bytes:24
11:25:56.0 (7157033)|SYSTEM_METHOD_ENTRY|[1]|Type.Type()
11:25:56.0 (7160373)|STATEMENT_EXECUTE|[1]
11:25:56.0 (7171296)|SYSTEM_METHOD_EXIT|[1]|Type
11:25:56.0 (7177254)|HEAP_ALLOCATE|[61]|Bytes:8
11:25:56.0 (7204882)|HEAP_ALLOCATE|[61]|Bytes:8
11:25:56.0 (7209827)|VARIABLE_SCOPE_BEGIN|[4]|this|System.Type|true|false
11:25:56.0 (7247275)|VARIABLE_ASSIGNMENT|[4]|this|{}|0x11b18cae
11:25:56.0 (7251039)|VARIABLE_SCOPE_BEGIN|[4]|apextype|java:common.apex.runtime.ApexObjectType|true|false
11:25:56.0 (7380928)|VARIABLE_ASSIGNMENT|[4]|apextype|"ETLC_ApexBridge_Data"|0x24d24448
11:25:56.0 (7453435)|HEAP_ALLOCATE|[61]|Bytes:8
11:25:56.0 (7494620)|HEAP_ALLOCATE|[61]|Bytes:24
11:25:56.0 (7512885)|SYSTEM_METHOD_ENTRY|[1]|JSON.JSON()
11:25:56.0 (7515767)|STATEMENT_EXECUTE|[1]
11:25:56.0 (7525017)|SYSTEM_METHOD_EXIT|[1]|JSON
11:25:56.0 (7539258)|METHOD_ENTRY|[61]||System.JSON.deserializeStrict(String, System.Type)
11:25:56.0 (8192981)|METHOD_EXIT|[61]||System.JSON.deserializeStrict(String, System.Type)
11:25:56.0 (8203817)|METHOD_EXIT|[6]|01p50000002CIEo|ETLC_ApexBridge_Data.fromJSON(String)
11:25:56.0 (8268729)|VARIABLE_ASSIGNMENT|[6]|data|{"debug":true,"input":"{\"mode\":\"fetchFollow (9 more) ...","operation":"BFFFollow_Controller"}|0x459e8c52
11:25:56.0 (8276659)|STATEMENT_EXECUTE|[7]
11:25:56.0 (8290631)|HEAP_ALLOCATE|[7]|Bytes:6
11:25:56.0 (8374515)|HEAP_ALLOCATE|[7]|Bytes:177
11:25:56.0 (8400401)|HEAP_ALLOCATE|[7]|Bytes:183
11:25:56.0 (8433541)|USER_DEBUG|[7]|DEBUG|data::ETLC_ApexBridge_Data:[debug=true, input={"mode":"fetchFollowedUsers"}, isSuccess=null, messages=null, operation=BFFFollow_Controller, output=null, outputFlag=null, records=null]
11:25:56.0 (8446143)|STATEMENT_EXECUTE|[8]
11:25:56.0 (8521712)|VARIABLE_ASSIGNMENT|[EXTERNAL]|this|{"debug":true,"input":"{\"mode\":\"fetchFollow (9 more) ...","operation":"BFFFollow_Controller"}|0x459e8c52
11:25:56.0 (8543842)|METHOD_ENTRY|[8]||System.Type.forName(String)
11:25:56.0 (12125788)|METHOD_EXIT|[8]||System.Type.forName(String)
11:25:56.0 (12149533)|METHOD_ENTRY|[8]||System.Type.newInstance()
11:25:56.0 (14194316)|STATEMENT_EXECUTE|[1]
11:25:56.0 (14213310)|HEAP_ALLOCATE|[33]|Bytes:5
11:25:56.0 (14239651)|METHOD_EXIT|[1]|BFFFollow_Controller
11:25:56.0 (14263495)|HEAP_ALLOCATE|[33]|Bytes:4
11:25:56.0 (14275240)|VARIABLE_SCOPE_BEGIN|[1]|this|BFFFollow_Controller|true|false
11:25:56.0 (14314215)|VARIABLE_ASSIGNMENT|[1]|this|{}|0x5521b51d
11:25:56.0 (14323496)|HEAP_ALLOCATE|[33]|Bytes:5
11:25:56.0 (14331913)|HEAP_ALLOCATE|[33]|Bytes:11
11:25:56.0 (14353279)|METHOD_ENTRY|[1]|01p50000002CIEj|ETLC_ApexBridge_Abstract.ETLC_ApexBridge_Abstract()
11:25:56.0 (14357253)|STATEMENT_EXECUTE|[1]
11:25:56.0 (14361669)|STATEMENT_EXECUTE|[1]
11:25:56.0 (14369377)|METHOD_EXIT|[1]|ETLC_ApexBridge_Abstract
11:25:56.0 (14378626)|CONSTRUCTOR_ENTRY|[EXTERNAL]|01p50000002CIEj|<init>()
11:25:56.0 (14404252)|VARIABLE_SCOPE_BEGIN|[1]|this|ETLC_ApexBridge_Abstract|true|false
11:25:56.0 (14419866)|VARIABLE_ASSIGNMENT|[1]|this|{}|0x5521b51d
11:25:56.0 (14436629)|STATEMENT_EXECUTE|[1]
11:25:56.0 (14441388)|CONSTRUCTOR_EXIT|[EXTERNAL]|01p50000002CIEj|<init>()
11:25:56.0 (14446881)|STATEMENT_EXECUTE|[1]
11:25:56.0 (14451899)|HEAP_ALLOCATE|[33]|Bytes:5
11:25:56.0 (14472331)|METHOD_EXIT|[8]||System.Type.newInstance()
11:25:56.0 (14482218)|VARIABLE_SCOPE_BEGIN|[8]|executor|ETLC_ApexBridge_Abstract|true|false
11:25:56.0 (14496053)|VARIABLE_ASSIGNMENT|[8]|executor|{}|0x5521b51d
11:25:56.0 (14499663)|STATEMENT_EXECUTE|[9]
11:25:56.0 (14559455)|METHOD_ENTRY|[9]|01p50000002D8iw|BFFFollow_Controller.process(ETLC_ApexBridge_Data)
11:25:56.0 (14600175)|VARIABLE_SCOPE_BEGIN|[3]|this|BFFFollow_Controller|true|false
11:25:56.0 (14620977)|VARIABLE_ASSIGNMENT|[3]|this|{}|0x5521b51d
11:25:56.0 (14626922)|VARIABLE_SCOPE_BEGIN|[3]|data|ETLC_ApexBridge_Data|true|false
11:25:56.0 (14687769)|VARIABLE_ASSIGNMENT|[3]|data|{"debug":true,"input":"{\"mode\":\"fetchFollow (9 more) ...","operation":"BFFFollow_Controller"}|0x459e8c52
11:25:56.0 (14702864)|HEAP_ALLOCATE|[4]|Bytes:5
11:25:56.0 (14709374)|STATEMENT_EXECUTE|[3]
11:25:56.0 (14711648)|STATEMENT_EXECUTE|[4]
11:25:56.0 (14805704)|VARIABLE_ASSIGNMENT|[EXTERNAL]|this|{"debug":true,"input":"{\"mode\":\"fetchFollow (9 more) ...","operation":"BFFFollow_Controller"}|0x459e8c52
11:25:56.0 (14829935)|VARIABLE_ASSIGNMENT|[4]|BFFFollow_Controller.debugFlag|true
11:25:56.0 (14872149)|VARIABLE_ASSIGNMENT|[EXTERNAL]|this|{"debug":true,"input":"{\"mode\":\"fetchFollow (9 more) ...","operation":"BFFFollow_Controller"}|0x459e8c52
11:25:56.0 (14892143)|STATEMENT_EXECUTE|[5]
11:25:56.0 (14905613)|HEAP_ALLOCATE|[5]|Bytes:12
11:25:56.0 (14973474)|HEAP_ALLOCATE|[5]|Bytes:177
11:25:56.0 (14995069)|HEAP_ALLOCATE|[5]|Bytes:189
11:25:56.0 (15025875)|USER_DEBUG|[5]|DEBUG|data BEFORE:ETLC_ApexBridge_Data:[debug=true, input={"mode":"fetchFollowedUsers"}, isSuccess=null, messages=null, operation=BFFFollow_Controller, output=null, outputFlag=null, records=null]
11:25:56.0 (15039574)|STATEMENT_EXECUTE|[7]
11:25:56.0 (15048841)|HEAP_ALLOCATE|[7]|Bytes:4
11:25:56.0 (15087826)|METHOD_ENTRY|[7]|01p50000002CIEo|ETLC_ApexBridge_Data.getInputValue(String)
11:25:56.0 (15120569)|VARIABLE_SCOPE_BEGIN|[52]|this|ETLC_ApexBridge_Data|true|false
11:25:56.0 (15151239)|VARIABLE_ASSIGNMENT|[52]|this|{"debug":true,"input":"{\"mode\":\"fetchFollow (9 more) ...","operation":"BFFFollow_Controller"}|0x459e8c52
11:25:56.0 (15161519)|VARIABLE_SCOPE_BEGIN|[52]|key|String|false|false
11:25:56.0 (15175880)|VARIABLE_ASSIGNMENT|[52]|key|"mode"
11:25:56.0 (15182918)|STATEMENT_EXECUTE|[52]
11:25:56.0 (15185105)|STATEMENT_EXECUTE|[53]
11:25:56.0 (15254093)|VARIABLE_ASSIGNMENT|[EXTERNAL]|this|{"debug":true,"input":"{\"mode\":\"fetchFollow (9 more) ...","operation":"BFFFollow_Controller"}|0x459e8c52
11:25:56.0 (15285775)|METHOD_ENTRY|[53]||System.JSON.deserializeUntyped(String)
11:25:56.0 (15635013)|METHOD_EXIT|[53]||System.JSON.deserializeUntyped(String)
11:25:56.0 (15653742)|VARIABLE_SCOPE_BEGIN|[53]|inputMap|Map<String,ANY>|true|false
11:25:56.0 (15688173)|VARIABLE_ASSIGNMENT|[53]|inputMap|{"s":1,"v":{"mode":"fetchFollowedUsers"}}|0x6d09e1a8
11:25:56.0 (15691928)|STATEMENT_EXECUTE|[54]
11:25:56.0 (15752819)|METHOD_EXIT|[7]|01p50000002CIEo|ETLC_ApexBridge_Data.getInputValue(String)
11:25:56.0 (15762511)|VARIABLE_SCOPE_BEGIN|[7]|mode|String|false|false
11:25:56.0 (15772505)|VARIABLE_ASSIGNMENT|[7]|mode|"fetchFollowedUsers"
11:25:56.0 (15780446)|HEAP_ALLOCATE|[9]|Bytes:19
11:25:56.0 (15822138)|HEAP_ALLOCATE|[11]|Bytes:18
11:25:56.0 (15842242)|STATEMENT_EXECUTE|[11]
11:25:56.0 (15845750)|STATEMENT_EXECUTE|[12]
11:25:56.0 (15908792)|HEAP_ALLOCATE|[12]|Bytes:85
11:25:56.0 (15926464)|SYSTEM_METHOD_ENTRY|[1]|UserInfo.UserInfo()
11:25:56.0 (15929668)|STATEMENT_EXECUTE|[1]
11:25:56.0 (15940120)|SYSTEM_METHOD_EXIT|[1]|UserInfo
11:25:56.0 (15954400)|METHOD_ENTRY|[12]||System.UserInfo.getUserId()
11:25:56.0 (16003975)|METHOD_EXIT|[12]||System.UserInfo.getUserId()
11:25:56.0 (16026356)|HEAP_ALLOCATE|[12]|Bytes:4
11:25:56.0 (16043353)|METHOD_ENTRY|[12]|01p50000002D8iw|BFFFollow_Controller.fetchFollowedUsers(Id)
11:25:56.0 (16050840)|VARIABLE_SCOPE_BEGIN|[41]|this|BFFFollow_Controller|true|false
11:25:56.0 (16069356)|VARIABLE_ASSIGNMENT|[41]|this|{}|0x5521b51d
11:25:56.0 (16076505)|VARIABLE_SCOPE_BEGIN|[41]|followedById|Id|false|false
11:25:56.0 (16224324)|VARIABLE_ASSIGNMENT|[41]|followedById|"00550000005cg71AAA"
11:25:56.0 (16238762)|HEAP_ALLOCATE|[42]|Bytes:5
11:25:56.0 (16244814)|STATEMENT_EXECUTE|[41]
11:25:56.0 (16246740)|STATEMENT_EXECUTE|[42]
11:25:56.0 (16258377)|HEAP_ALLOCATE|[42]|Bytes:63
11:25:56.0 (16312096)|HEAP_ALLOCATE|[42]|Bytes:18
11:25:56.0 (16328480)|HEAP_ALLOCATE|[42]|Bytes:9
11:25:56.0 (16344048)|HEAP_ALLOCATE|[42]|Bytes:90
11:25:56.0 (16350490)|VARIABLE_SCOPE_BEGIN|[42]|soql|String|false|false
11:25:56.0 (16362460)|VARIABLE_ASSIGNMENT|[42]|soql|"SELECT FollowedUsers (70 more) ..."
11:25:56.0 (16366289)|STATEMENT_EXECUTE|[43]
11:25:56.0 (16368104)|STATEMENT_EXECUTE|[43]
11:25:56.0 (16375338)|STATEMENT_EXECUTE|[44]
11:25:56.0 (16377271)|STATEMENT_EXECUTE|[44]
11:25:56.0 (16387692)|HEAP_ALLOCATE|[44]|Bytes:24
11:25:56.0 (16396279)|HEAP_ALLOCATE|[44]|Bytes:114
11:25:56.0 (16433920)|USER_DEBUG|[44]|DEBUG|fetchFollowedUsers:soql:SELECT FollowedUsers__c FROM BFFFollow__c WHERE FollowedBy__c='00550000005cg71AAA' limit 1
11:25:56.0 (16444614)|STATEMENT_EXECUTE|[45]
11:25:56.0 (102869839)|HEAP_ALLOCATE|[45]|Bytes:9
11:25:56.0 (102891204)|HEAP_ALLOCATE|[45]|Bytes:29
11:25:56.0 (102897660)|HEAP_ALLOCATE|[45]|Bytes:21
11:25:56.0 (102941833)|METHOD_ENTRY|[7]|01p50000002CIEt|ETLC_SecuredDB.ETLC_SecuredDB()
11:25:56.0 (102950107)|STATEMENT_EXECUTE|[7]
11:25:56.0 (102960239)|STATEMENT_EXECUTE|[7]
11:25:56.0 (102969411)|HEAP_ALLOCATE|[45]|Bytes:5
11:25:56.0 (102994394)|METHOD_EXIT|[7]|ETLC_SecuredDB
11:25:56.0 (103057889)|METHOD_ENTRY|[45]|01p50000002CIEt|ETLC_SecuredDB.query(String)
11:25:56.0 (103104578)|VARIABLE_SCOPE_BEGIN|[10]|SOQL|String|false|false
11:25:56.0 (103130468)|VARIABLE_ASSIGNMENT|[10]|SOQL|"SELECT FollowedUsers (70 more) ..."
11:25:56.0 (103143652)|HEAP_ALLOCATE|[12]|Bytes:5
11:25:56.0 (103153801)|STATEMENT_EXECUTE|[10]
11:25:56.0 (103155483)|STATEMENT_EXECUTE|[12]
11:25:56.0 (104639197)|SOQL_EXECUTE_BEGIN|[12]|Aggregations:0|SELECT FollowedUsers__c FROM BFFFollow__c WHERE FollowedBy__c='00550000005cg71AAA' limit 1
11:25:56.0 (108403213)|SOQL_EXECUTE_END|[12]|Rows:1
11:25:56.0 (108442673)|HEAP_ALLOCATE|[12]|Bytes:8
11:25:56.0 (108457241)|HEAP_ALLOCATE|[12]|Bytes:158
11:25:56.0 (108578855)|HEAP_ALLOCATE|[12]|Bytes:8
11:25:56.0 (108613723)|VARIABLE_SCOPE_BEGIN|[12]|dbRecords|List<SObject>|true|false
11:25:56.0 (108685229)|VARIABLE_ASSIGNMENT|[12]|dbRecords|{"s":1,"v":[{"s":2,"v":{"FollowedUsers__c":"[{\"id\":\"00550000005d (85 more) ...","Id":"a005000000ezW4dAAE"}}]}|0xa319cbc
11:25:56.0 (108693449)|STATEMENT_EXECUTE|[20]
11:25:56.0 (109202472)|HEAP_ALLOCATE|[20]|Bytes:12
11:25:56.0 (109214530)|HEAP_ALLOCATE|[20]|Bytes:8
11:25:56.0 (109319137)|HEAP_ALLOCATE|[20]|Bytes:12
11:25:56.0 (109328399)|HEAP_ALLOCATE|[20]|Bytes:9
11:25:56.0 (109353274)|HEAP_ALLOCATE|[20]|Bytes:12
11:25:56.0 (109360069)|HEAP_ALLOCATE|[20]|Bytes:8
11:25:56.0 (109383548)|HEAP_ALLOCATE|[20]|Bytes:12
11:25:56.0 (109390028)|HEAP_ALLOCATE|[20]|Bytes:8
11:25:56.0 (109417275)|HEAP_ALLOCATE|[20]|Bytes:12
11:25:56.0 (109425234)|HEAP_ALLOCATE|[20]|Bytes:9
11:25:56.0 (109485769)|METHOD_ENTRY|[20]|01p50000002CIEt|ETLC_SecuredDB.findFields(List<SObject>)
11:25:56.0 (109534690)|VARIABLE_SCOPE_BEGIN|[108]|dbRecords|List<SObject>|true|false
11:25:56.0 (109564241)|VARIABLE_ASSIGNMENT|[108]|dbRecords|{"s":1,"v":[{"s":2,"v":{"FollowedUsers__c":"[{\"id\":\"00550000005d (85 more) ...","Id":"a005000000ezW4dAAE"}}]}|0xa319cbc
11:25:56.0 (109580461)|HEAP_ALLOCATE|[109]|Bytes:5
11:25:56.0 (109586972)|STATEMENT_EXECUTE|[108]
11:25:56.0 (109588910)|STATEMENT_EXECUTE|[109]
11:25:56.0 (109602904)|VARIABLE_SCOPE_BEGIN|[109]|strJSON|String|false|false
11:25:56.0 (109613006)|VARIABLE_ASSIGNMENT|[109]|strJSON|null
11:25:56.0 (109616239)|STATEMENT_EXECUTE|[110]
11:25:56.0 (109626900)|VARIABLE_SCOPE_BEGIN|[110]|mapFields|Map<String,Set<String>>|true|false
11:25:56.0 (109635993)|VARIABLE_ASSIGNMENT|[110]|mapFields|null|
11:25:56.0 (109639175)|STATEMENT_EXECUTE|[112]
11:25:56.0 (109661958)|METHOD_ENTRY|[112]||System.JSON.serialize(Object)
11:25:56.0 (110253014)|METHOD_EXIT|[112]||System.JSON.serialize(Object)
11:25:56.0 (110276737)|VARIABLE_ASSIGNMENT|[112]|strJSON|"[{\"attributes\":{\"typ (259 more) ..."
11:25:56.0 (110282611)|STATEMENT_EXECUTE|[113]
11:25:56.0 (110296390)|HEAP_ALLOCATE|[113]|Bytes:5
11:25:56.0 (110312388)|HEAP_ALLOCATE|[113]|Bytes:284
11:25:56.0 (110362964)|USER_DEBUG|[113]|DEBUG|JSON:[{"attributes":{"type":"BFFFollow__c","url":"/services/data/v37.0/sobjects/BFFFollow__c/a005000000ezW4dAAE"},"FollowedUsers__c":"[{\"id\":\"00550000005d7KnAAI\",\"name\":\"Test User\"},{\"id\":\"00550000005cg71AAA\",\"name\":\"Jaswinder Rattanpal\"}]","Id":"a005000000ezW4dAAE"}]
11:25:56.0 (110379279)|STATEMENT_EXECUTE|[114]
11:25:56.0 (110395508)|HEAP_ALLOCATE|[114]|Bytes:4
11:25:56.0 (110431707)|VARIABLE_ASSIGNMENT|[114]|mapFields|{"s":1,"v":{}}|0x3ccf2ca4
11:25:56.0 (110437450)|STATEMENT_EXECUTE|[115]
11:25:56.0 (110458496)|METHOD_ENTRY|[115]||System.JSON.deserializeUntyped(String)
11:25:56.0 (111020472)|METHOD_EXIT|[115]||System.JSON.deserializeUntyped(String)
11:25:56.0 (111034829)|VARIABLE_SCOPE_BEGIN|[115]|records|List<ANY>|true|false
11:25:56.0 (111075837)|HEAP_ALLOCATE|[EXTERNAL]|Bytes:8
11:25:56.0 (111110922)|VARIABLE_ASSIGNMENT|[115]|records|{"s":1,"v":[{"s":2,"v":{"attributes":{"s":3,"v":{"type":"BFFFollow__c","url":"/services/data/v37.0 (41 more) ..."}},"FollowedUsers__c":"[{\"id\":\"00550000005d (85 more) ...","Id":"a005000000ezW4dAAE"}}]}|0x32103c17
11:25:56.0 (111173104)|HEAP_ALLOCATE|[116]|Bytes:5
11:25:56.0 (111196964)|HEAP_ALLOCATE|[116]|Bytes:16
11:25:56.0 (111211908)|VARIABLE_SCOPE_BEGIN|[116]|record|Object|false|false
11:25:56.0 (111244950)|VARIABLE_ASSIGNMENT|[116]|record|{"s":1,"v":{"attributes":{"s":2,"v":{"type":"BFFFollow__c","url":"/services/data/v37.0 (41 more) ..."}},"FollowedUsers__c":"[{\"id\":\"00550000005d (85 more) ...","Id":"a005000000ezW4dAAE"}}
11:25:56.0 (111250816)|STATEMENT_EXECUTE|[116]
11:25:56.0 (111252979)|STATEMENT_EXECUTE|[117]
11:25:56.0 (111285530)|METHOD_ENTRY|[117]|01p50000002CIEt|ETLC_SecuredDB.findFieldsRecursive(Map<String,Set<String>>, Map<String,ANY>)
11:25:56.0 (111322710)|VARIABLE_SCOPE_BEGIN|[124]|mapFields|Map<String,Set<String>>|true|false
11:25:56.0 (111339556)|VARIABLE_ASSIGNMENT|[124]|mapFields|{"s":1,"v":{}}|0x3ccf2ca4
11:25:56.0 (111345799)|VARIABLE_SCOPE_BEGIN|[124]|record|Map<String,ANY>|true|false
11:25:56.0 (111367942)|VARIABLE_ASSIGNMENT|[124]|record|{"s":1,"v":{"attributes":{"s":2,"v":{"type":"BFFFollow__c","url":"/services/data/v37.0 (41 more) ..."}},"FollowedUsers__c":"[{\"id\":\"00550000005d (85 more) ...","Id":"a005000000ezW4dAAE"}}|0x396ef78c
11:25:56.0 (111383597)|HEAP_ALLOCATE|[125]|Bytes:5
11:25:56.0 (111390516)|STATEMENT_EXECUTE|[124]
11:25:56.0 (111392625)|STATEMENT_EXECUTE|[125]
11:25:56.0 (111404044)|HEAP_ALLOCATE|[125]|Bytes:10
11:25:56.0 (111412022)|VARIABLE_SCOPE_BEGIN|[125]|strAttributes|String|false|false
11:25:56.0 (111422551)|VARIABLE_ASSIGNMENT|[125]|strAttributes|"attributes"
11:25:56.0 (111426324)|STATEMENT_EXECUTE|[126]
11:25:56.0 (111436205)|HEAP_ALLOCATE|[126]|Bytes:7
11:25:56.0 (111442475)|VARIABLE_SCOPE_BEGIN|[126]|strRecord|String|false|false
11:25:56.0 (111450460)|VARIABLE_ASSIGNMENT|[126]|strRecord|"records"
11:25:56.0 (111502667)|STATEMENT_EXECUTE|[127]
11:25:56.0 (111505811)|STATEMENT_EXECUTE|[128]
11:25:56.0 (111562187)|VARIABLE_SCOPE_BEGIN|[128]|attributes|Map<String,ANY>|true|false
11:25:56.0 (111586802)|VARIABLE_ASSIGNMENT|[128]|attributes|{"s":1,"v":{"type":"BFFFollow__c","url":"/services/data/v37.0 (41 more) ..."}}|0x73a69f8c
11:25:56.0 (111591992)|STATEMENT_EXECUTE|[129]
11:25:56.0 (111603413)|HEAP_ALLOCATE|[129]|Bytes:4
11:25:56.0 (111654747)|VARIABLE_SCOPE_BEGIN|[129]|objectName|String|false|false
11:25:56.0 (111667406)|VARIABLE_ASSIGNMENT|[129]|objectName|"BFFFollow__c"
11:25:56.0 (111679001)|HEAP_ALLOCATE|[130]|Bytes:4
11:25:56.0 (111769064)|HEAP_ALLOCATE|[130]|Bytes:44
11:25:56.0 (111793178)|HEAP_ALLOCATE|[130]|Bytes:12
11:25:56.0 (111833121)|HEAP_ALLOCATE|[130]|Bytes:5
11:25:56.0 (111855531)|VARIABLE_SCOPE_BEGIN|[130]|fieldName|String|false|false
11:25:56.0 (111866736)|VARIABLE_ASSIGNMENT|[130]|fieldName|"attributes"
11:25:56.0 (111870526)|STATEMENT_EXECUTE|[130]
11:25:56.0 (111872302)|STATEMENT_EXECUTE|[131]
11:25:56.0 (111934750)|VARIABLE_SCOPE_BEGIN|[131]|field|Object|false|false
11:25:56.0 (111957840)|VARIABLE_ASSIGNMENT|[131]|field|{"s":1,"v":{"type":"BFFFollow__c","url":"/services/data/v37.0 (41 more) ..."}}
11:25:56.0 (111977999)|STATEMENT_EXECUTE|[132]
11:25:56.0 (111997017)|HEAP_ALLOCATE|[130]|Bytes:5
11:25:56.0 (112012166)|VARIABLE_SCOPE_BEGIN|[130]|fieldName|String|false|false
11:25:56.0 (112022440)|VARIABLE_ASSIGNMENT|[130]|fieldName|"FollowedUsers__c"
11:25:56.0 (112025750)|STATEMENT_EXECUTE|[130]
11:25:56.0 (112027264)|STATEMENT_EXECUTE|[131]
11:25:56.0 (112051209)|VARIABLE_SCOPE_BEGIN|[131]|field|Object|false|false
11:25:56.0 (112067285)|VARIABLE_ASSIGNMENT|[131]|field|"[{\"id\":\"00550000005d (85 more) ..."
11:25:56.0 (112082834)|HEAP_ALLOCATE|[134]|Bytes:68
11:25:56.0 (112110462)|STATEMENT_EXECUTE|[136]
11:25:56.0 (112113288)|STATEMENT_EXECUTE|[137]
11:25:56.0 (112126590)|HEAP_ALLOCATE|[137]|Bytes:4
11:25:56.0 (112168493)|VARIABLE_SCOPE_BEGIN|[137]|fieldNames|Set<String>|true|false
11:25:56.0 (112190598)|VARIABLE_ASSIGNMENT|[137]|fieldNames|{"s":1,"v":[]}|0x58a450a
11:25:56.0 (112223518)|STATEMENT_EXECUTE|[138]
11:25:56.0 (112230060)|STATEMENT_EXECUTE|[139]
11:25:56.0 (112253830)|HEAP_ALLOCATE|[EXTERNAL]|Bytes:4
11:25:56.0 (112266462)|STATEMENT_EXECUTE|[140]
11:25:56.0 (112313316)|HEAP_ALLOCATE|[EXTERNAL]|Bytes:-4
11:25:56.0 (112338620)|HEAP_ALLOCATE|[130]|Bytes:5
11:25:56.0 (112359020)|VARIABLE_SCOPE_BEGIN|[130]|fieldName|String|false|false
11:25:56.0 (112368254)|VARIABLE_ASSIGNMENT|[130]|fieldName|"Id"
11:25:56.0 (112371943)|STATEMENT_EXECUTE|[130]
11:25:56.0 (112373719)|STATEMENT_EXECUTE|[131]
11:25:56.0 (112399415)|VARIABLE_SCOPE_BEGIN|[131]|field|Object|false|false
11:25:56.0 (112411008)|VARIABLE_ASSIGNMENT|[131]|field|"a005000000ezW4dAAE"
11:25:56.0 (112430088)|STATEMENT_EXECUTE|[136]
11:25:56.0 (112432458)|STATEMENT_EXECUTE|[137]
11:25:56.0 (112441897)|HEAP_ALLOCATE|[137]|Bytes:4
11:25:56.0 (112455944)|VARIABLE_SCOPE_BEGIN|[137]|fieldNames|Set<String>|true|false
11:25:56.0 (112482338)|VARIABLE_ASSIGNMENT|[137]|fieldNames|{"s":1,"v":[]}|0x4b1600a0
11:25:56.0 (112500231)|STATEMENT_EXECUTE|[138]
11:25:56.0 (112538832)|VARIABLE_ASSIGNMENT|[138]|fieldNames|{"s":1,"v":["FollowedUsers__c"]}|0x58a450a
11:25:56.0 (112543936)|STATEMENT_EXECUTE|[139]
11:25:56.0 (112557620)|HEAP_ALLOCATE|[EXTERNAL]|Bytes:4
11:25:56.0 (112565538)|STATEMENT_EXECUTE|[140]
11:25:56.0 (112600720)|HEAP_ALLOCATE|[130]|Bytes:5
11:25:56.0 (112621175)|VARIABLE_ASSIGNMENT|[130]|fieldName|null
11:25:56.0 (112638615)|METHOD_EXIT|[117]|01p50000002CIEt|ETLC_SecuredDB.findFieldsRecursive(Map<String,Set<String>>, Map<String,ANY>)
11:25:56.0 (112656782)|HEAP_ALLOCATE|[116]|Bytes:5
11:25:56.0 (112677096)|VARIABLE_ASSIGNMENT|[116]|record|null
11:25:56.0 (112684778)|HEAP_ALLOCATE|[119]|Bytes:4
11:25:56.0 (112727131)|HEAP_ALLOCATE|[119]|Bytes:20
11:25:56.0 (112742968)|HEAP_ALLOCATE|[119]|Bytes:4
11:25:56.0 (112771252)|HEAP_ALLOCATE|[119]|Bytes:5
11:25:56.0 (112792409)|VARIABLE_SCOPE_BEGIN|[119]|objectName|String|false|false
11:25:56.0 (112804181)|VARIABLE_ASSIGNMENT|[119]|objectName|"BFFFollow__c"
11:25:56.0 (112809191)|STATEMENT_EXECUTE|[119]
11:25:56.0 (112811545)|STATEMENT_EXECUTE|[120]
11:25:56.0 (112822222)|HEAP_ALLOCATE|[120]|Bytes:2
11:25:56.0 (112889084)|HEAP_ALLOCATE|[120]|Bytes:22
11:25:56.0 (112910773)|HEAP_ALLOCATE|[120]|Bytes:36
11:25:56.0 (112929414)|USER_DEBUG|[120]|DEBUG|BFFFollow__c: {FollowedUsers__c, Id}
11:25:56.0 (112951192)|HEAP_ALLOCATE|[119]|Bytes:5
11:25:56.0 (112966270)|VARIABLE_ASSIGNMENT|[119]|objectName|null
11:25:56.0 (112970086)|STATEMENT_EXECUTE|[122]
11:25:56.0 (112984113)|METHOD_EXIT|[20]|01p50000002CIEt|ETLC_SecuredDB.findFields(List<SObject>)
11:25:56.0 (113002965)|METHOD_ENTRY|[20]|01p50000002CIEt|ETLC_SecuredDB.validate(ETLC_SecuredDB.Operation, Map<String,Set<String>>)
11:25:56.0 (113011267)|VARIABLE_SCOPE_BEGIN|[55]|op|ETLC_SecuredDB.Operation|true|false
11:25:56.0 (113033880)|VARIABLE_ASSIGNMENT|[55]|op|"Querying"|0x7387e9d7
11:25:56.0 (113037931)|VARIABLE_SCOPE_BEGIN|[55]|mapFieldNames|Map<String,Set<String>>|true|false
11:25:56.0 (113053387)|VARIABLE_ASSIGNMENT|[55]|mapFieldNames|{"s":1,"v":{"BFFFollow__c":{"s":2,"v":["FollowedUsers__c","Id"]}}}|0x3ccf2ca4
11:25:56.0 (113062762)|HEAP_ALLOCATE|[56]|Bytes:5
11:25:56.0 (113066598)|STATEMENT_EXECUTE|[55]
11:25:56.0 (113067926)|STATEMENT_EXECUTE|[56]
11:25:56.0 (113075881)|VARIABLE_SCOPE_BEGIN|[56]|securityMessage|String|false|false
11:25:56.0 (113080738)|VARIABLE_ASSIGNMENT|[56]|securityMessage|null
11:25:56.0 (113082694)|STATEMENT_EXECUTE|[57]
11:25:56.0 (133289347)|HEAP_ALLOCATE|[57]|Bytes:1440
11:25:56.0 (133321665)|VARIABLE_SCOPE_BEGIN|[57]|mapObjects|Map<String,Schema.SObjectType>|true|false
11:25:56.0 (133591762)|VARIABLE_ASSIGNMENT|[57]|mapObjects|"{acceptedeventrelation=AcceptedEventRelation, account=Account, accountcontactrole=AccountContactRole, accountfeed=AccountFeed, accounthistory=AccountHistory, accountpartner=AccountPartner, accountshare=AccountShare, actionlinkgrouptemplate=ActionLinkGroupTemplate, actionlinktemplate=ActionLinkTemplate, activityhistory=ActivityHistory, ...}"|0x247250b8
11:25:56.0 (133605801)|HEAP_ALLOCATE|[58]|Bytes:4
11:25:56.0 (133672905)|HEAP_ALLOCATE|[58]|Bytes:20
11:25:56.0 (133688125)|HEAP_ALLOCATE|[58]|Bytes:4
11:25:56.0 (133711529)|HEAP_ALLOCATE|[58]|Bytes:5
11:25:56.0 (133726177)|VARIABLE_SCOPE_BEGIN|[58]|sObjectName|String|false|false
11:25:56.0 (133736520)|VARIABLE_ASSIGNMENT|[58]|sObjectName|"BFFFollow__c"
11:25:56.0 (133741007)|STATEMENT_EXECUTE|[58]
11:25:56.0 (133742961)|STATEMENT_EXECUTE|[59]
11:25:56.0 (133756376)|HEAP_ALLOCATE|[59]|Bytes:9
11:25:56.0 (133759772)|HEAP_ALLOCATE|[59]|Bytes:7
11:25:56.0 (133817078)|HEAP_ALLOCATE|[59]|Bytes:8
11:25:56.0 (133828311)|HEAP_ALLOCATE|[59]|Bytes:1
11:25:56.0 (133840642)|HEAP_ALLOCATE|[59]|Bytes:37
11:25:56.0 (133851543)|VARIABLE_ASSIGNMENT|[59]|securityMessage|"CRUD on [BFFFollow__ (17 more) ..."
11:25:56.0 (133854756)|STATEMENT_EXECUTE|[60]
11:25:56.0 (133862616)|HEAP_ALLOCATE|[60]|Bytes:10
11:25:56.0 (133869063)|HEAP_ALLOCATE|[60]|Bytes:47
11:25:56.0 (133905052)|USER_DEBUG|[60]|DEBUG|Checking: CRUD on [BFFFollow__c] for [Querying]
11:25:56.0 (133913268)|STATEMENT_EXECUTE|[61]
11:25:56.0 (134166059)|HEAP_ALLOCATE|[61]|Bytes:4
11:25:56.0 (134211012)|VARIABLE_SCOPE_BEGIN|[61]|drSObj|Schema.DescribeSObjectResult|true|false
11:25:56.0 (134288003)|VARIABLE_ASSIGNMENT|[61]|drSObj|"common.api.soap.wsdl.DescribeSObjectResult@a54f9caa"|0x79cabf23
11:25:56.0 (134442372)|STATEMENT_EXECUTE|[64]
11:25:56.0 (134460735)|STATEMENT_EXECUTE|[65]
11:25:56.0 (134516965)|STATEMENT_EXECUTE|[77]
11:25:56.0 (134519573)|STATEMENT_EXECUTE|[79]
11:25:56.0 (134759658)|HEAP_ALLOCATE|[79]|Bytes:56
11:25:56.0 (134771331)|VARIABLE_SCOPE_BEGIN|[79]|mapFields|Map<String,Schema.SObjectField>|true|false
11:25:56.0 (134921937)|VARIABLE_ASSIGNMENT|[79]|mapFields|"{createdbyid=CreatedById, createddate=CreatedDate, followedby__c=FollowedBy__c, followedusers__c=FollowedUsers__c, id=Id, isdeleted=IsDeleted, lastmodifiedbyid=LastModifiedById, lastmodifieddate=LastModifiedDate, lastreferenceddate=LastReferencedDate, lastvieweddate=LastViewedDate, ...}"|0x5f7e347c
11:25:56.0 (134932843)|HEAP_ALLOCATE|[80]|Bytes:4
11:25:56.0 (134980511)|HEAP_ALLOCATE|[80]|Bytes:8
11:25:56.0 (135000606)|HEAP_ALLOCATE|[80]|Bytes:5
11:25:56.0 (135014797)|VARIABLE_SCOPE_BEGIN|[80]|fieldName|String|false|false
11:25:56.0 (135023659)|VARIABLE_ASSIGNMENT|[80]|fieldName|"FollowedUsers__c"
11:25:56.0 (135026713)|STATEMENT_EXECUTE|[80]
11:25:56.0 (135027936)|STATEMENT_EXECUTE|[81]
11:25:56.0 (135921229)|HEAP_ALLOCATE|[81]|Bytes:8
11:25:56.0 (135954896)|VARIABLE_SCOPE_BEGIN|[81]|drField|Schema.DescribeFieldResult|true|false
11:25:56.0 (136027155)|VARIABLE_ASSIGNMENT|[81]|drField|"common.api.soap.wsdl.Field@e8ac992f"|0x60951163
11:25:56.0 (136049312)|STATEMENT_EXECUTE|[82]
11:25:56.0 (136051413)|STATEMENT_EXECUTE|[83]
11:25:56.0 (136060899)|HEAP_ALLOCATE|[83]|Bytes:8
11:25:56.0 (136064541)|HEAP_ALLOCATE|[83]|Bytes:1
11:25:56.0 (136104074)|HEAP_ALLOCATE|[83]|Bytes:8
11:25:56.0 (136122940)|HEAP_ALLOCATE|[83]|Bytes:52
11:25:56.0 (136128916)|HEAP_ALLOCATE|[83]|Bytes:53
11:25:56.0 (136138631)|VARIABLE_ASSIGNMENT|[83]|securityMessage|"FLS on [BFFFollow__c (33 more) ..."
11:25:56.0 (136141642)|STATEMENT_EXECUTE|[84]
11:25:56.0 (136151321)|HEAP_ALLOCATE|[84]|Bytes:63
11:25:56.0 (136175262)|USER_DEBUG|[84]|DEBUG|Checking: FLS on [BFFFollow__c.FollowedUsers__c] for [Querying]
11:25:56.0 (136267926)|STATEMENT_EXECUTE|[87]
11:25:56.0 (136284167)|STATEMENT_EXECUTE|[88]
11:25:56.0 (136301382)|HEAP_ALLOCATE|[80]|Bytes:5
11:25:56.0 (136313923)|VARIABLE_SCOPE_BEGIN|[80]|fieldName|String|false|false
11:25:56.0 (136321800)|VARIABLE_ASSIGNMENT|[80]|fieldName|"Id"
11:25:56.0 (136324246)|STATEMENT_EXECUTE|[80]
11:25:56.0 (136325305)|STATEMENT_EXECUTE|[81]
11:25:56.0 (136470004)|HEAP_ALLOCATE|[81]|Bytes:8
11:25:56.0 (136481442)|VARIABLE_SCOPE_BEGIN|[81]|drField|Schema.DescribeFieldResult|true|false
11:25:56.0 (136551950)|VARIABLE_ASSIGNMENT|[81]|drField|"common.api.soap.wsdl.Field@199fc157"|0x6037ffa0
11:25:56.0 (136564721)|STATEMENT_EXECUTE|[99]
11:25:56.0 (136566233)|STATEMENT_EXECUTE|[100]
11:25:56.0 (136575202)|HEAP_ALLOCATE|[100]|Bytes:22
11:25:56.0 (136616261)|HEAP_ALLOCATE|[100]|Bytes:8
11:25:56.0 (136631970)|HEAP_ALLOCATE|[100]|Bytes:52
11:25:56.0 (136636565)|HEAP_ALLOCATE|[100]|Bytes:35
11:25:56.0 (136640924)|HEAP_ALLOCATE|[100]|Bytes:87
11:25:56.0 (136652115)|USER_DEBUG|[100]|DEBUG|Bypass Check: FLS on [BFFFollow__c.Id] for [Querying] since it's not isPermissionable()
11:25:56.0 (136666312)|HEAP_ALLOCATE|[80]|Bytes:5
11:25:56.0 (136678918)|VARIABLE_ASSIGNMENT|[80]|fieldName|null
11:25:56.0 (136688055)|HEAP_ALLOCATE|[58]|Bytes:5
11:25:56.0 (136696500)|VARIABLE_ASSIGNMENT|[58]|sObjectName|null
11:25:56.0 (136711832)|METHOD_EXIT|[20]|01p50000002CIEt|ETLC_SecuredDB.validate(ETLC_SecuredDB.Operation, Map<String,Set<String>>)
11:25:56.0 (136716383)|STATEMENT_EXECUTE|[21]
11:25:56.0 (136730070)|METHOD_EXIT|[45]|01p50000002CIEt|ETLC_SecuredDB.query(String)
11:25:56.0 (136735654)|VARIABLE_SCOPE_BEGIN|[45]|dbRecords|List<SObject>|true|false
11:25:56.0 (136771422)|VARIABLE_ASSIGNMENT|[45]|dbRecords|{"s":1,"v":[{"s":2,"v":{"FollowedUsers__c":"[{\"id\":\"00550000005d (85 more) ...","Id":"a005000000ezW4dAAE"}}]}|0xa319cbc
11:25:56.0 (136780586)|STATEMENT_EXECUTE|[46]
11:25:56.0 (136781865)|STATEMENT_EXECUTE|[46]
11:25:56.0 (136850690)|USER_DEBUG|[46]|DEBUG|(BFFFollow__c:{FollowedUsers__c=[{"id":"00550000005d7KnAAI","name":"Test User"},{"id":"00550000005cg71AAA","name":"Jaswinder Rattanpal"}], Id=a005000000ezW4dAAE})
11:25:56.0 (136932797)|STATEMENT_EXECUTE|[47]
11:25:56.0 (136937973)|STATEMENT_EXECUTE|[48]
11:25:56.0 (136939053)|STATEMENT_EXECUTE|[49]
11:25:56.0 (136947710)|HEAP_ALLOCATE|[49]|Bytes:18
11:25:56.0 (136958428)|HEAP_ALLOCATE|[49]|Bytes:12
11:25:56.0 (136963166)|HEAP_ALLOCATE|[49]|Bytes:16
11:25:56.0 (137022989)|HEAP_ALLOCATE|[49]|Bytes:105
11:25:56.0 (137045398)|HEAP_ALLOCATE|[49]|Bytes:105
11:25:56.0 (137055315)|HEAP_ALLOCATE|[49]|Bytes:123
11:25:56.0 (137066555)|USER_DEBUG|[49]|DEBUG|FollowedUsers__c::[{"id":"00550000005d7KnAAI","name":"Test User"},{"id":"00550000005cg71AAA","name":"Jaswinder Rattanpal"}]
11:25:56.0 (137073168)|STATEMENT_EXECUTE|[51]
11:25:56.0 (137086556)|HEAP_ALLOCATE|[51]|Bytes:12
11:25:56.0 (137135993)|HEAP_ALLOCATE|[51]|Bytes:105
11:25:56.0 (137156037)|METHOD_EXIT|[12]|01p50000002D8iw|BFFFollow_Controller.fetchFollowedUsers(Id)
11:25:56.0 (137233564)|VARIABLE_ASSIGNMENT|[EXTERNAL]|this|{"debug":true,"input":"{\"mode\":\"fetchFollow (9 more) ...","operation":"BFFFollow_Controller"}|0x459e8c52
11:25:56.0 (137244320)|VARIABLE_ASSIGNMENT|[EXTERNAL]|value|"[{\"id\":\"00550000005d (85 more) ..."
11:25:56.0 (137257892)|VARIABLE_ASSIGNMENT|[12]|this.output|"[{\"id\":\"00550000005d (85 more) ..."|0x459e8c52
11:25:56.0 (137265683)|STATEMENT_EXECUTE|[13]
11:25:56.0 (137322899)|VARIABLE_ASSIGNMENT|[EXTERNAL]|this|{"debug":true,"input":"{\"mode\":\"fetchFollow (9 more) ...","operation":"BFFFollow_Controller","output":"[{\"id\":\"00550000005d (85 more) ..."}|0x459e8c52
11:25:56.0 (137380627)|VARIABLE_ASSIGNMENT|[EXTERNAL]|this|{"debug":true,"input":"{\"mode\":\"fetchFollow (9 more) ...","operation":"BFFFollow_Controller","output":"[{\"id\":\"00550000005d (85 more) ..."}|0x459e8c52
11:25:56.0 (137389801)|VARIABLE_ASSIGNMENT|[EXTERNAL]|value|true
11:25:56.0 (137395469)|HEAP_ALLOCATE|[15]|Bytes:5
11:25:56.0 (137402550)|VARIABLE_ASSIGNMENT|[15]|this.outputFlag|true|0x459e8c52
11:25:56.0 (137413388)|STATEMENT_EXECUTE|[21]
11:25:56.0 (137414782)|STATEMENT_EXECUTE|[21]
11:25:56.0 (137422670)|HEAP_ALLOCATE|[21]|Bytes:11
11:25:56.0 (137478148)|HEAP_ALLOCATE|[21]|Bytes:278
11:25:56.0 (137493620)|HEAP_ALLOCATE|[21]|Bytes:289
11:25:56.0 (137504801)|USER_DEBUG|[21]|DEBUG|data AFTER:ETLC_ApexBridge_Data:[debug=true, input={"mode":"fetchFollowedUsers"}, isSuccess=null, messages=null, operation=BFFFollow_Controller, output=[{"id":"00550000005d7KnAAI","name":"Test User"},{"id":"00550000005cg71AAA","name":"Jaswinder Rattanpal"}], outputFlag=true, records=null]
11:25:56.0 (137526658)|METHOD_EXIT|[9]|01p50000002D8iw|BFFFollow_Controller.process(ETLC_ApexBridge_Data)
11:25:56.0 (137531098)|STATEMENT_EXECUTE|[24]
11:25:56.0 (137557293)|METHOD_ENTRY|[24]|01p50000002CIEo|ETLC_ApexBridge_Data.toJSON()
11:25:56.0 (137576146)|VARIABLE_SCOPE_BEGIN|[57]|this|ETLC_ApexBridge_Data|true|false
11:25:56.0 (137606098)|VARIABLE_ASSIGNMENT|[57]|this|{"debug":true,"input":"{\"mode\":\"fetchFollow (9 more) ...","operation":"BFFFollow_Controller","output":"[{\"id\":\"00550000005d (85 more) ...","outputFlag":true}|0x459e8c52
11:25:56.0 (137611732)|STATEMENT_EXECUTE|[57]
11:25:56.0 (137612861)|STATEMENT_EXECUTE|[58]
11:25:56.0 (137629327)|METHOD_ENTRY|[58]||System.JSON.serialize(Object)
11:25:56.0 (137711562)|STATEMENT_EXECUTE|[22]
11:25:56.0 (137716171)|STATEMENT_EXECUTE|[23]
11:25:56.0 (137725493)|HEAP_ALLOCATE|[23]|Bytes:5
11:25:56.0 (137734564)|VARIABLE_ASSIGNMENT|[23]|this.isSuccess|true|0x459e8c52
11:25:56.0 (137737085)|STATEMENT_EXECUTE|[24]
11:25:56.0 (137779991)|STATEMENT_EXECUTE|[31]
11:25:56.0 (137784592)|STATEMENT_EXECUTE|[32]
11:25:56.0 (137792567)|HEAP_ALLOCATE|[32]|Bytes:4
11:25:56.0 (137847563)|VARIABLE_ASSIGNMENT|[32]|this.messages|{"s":1,"v":{}}|0x459e8c52
11:25:56.0 (137851621)|STATEMENT_EXECUTE|[33]
11:25:56.0 (138147684)|METHOD_EXIT|[58]||System.JSON.serialize(Object)
11:25:56.0 (138155536)|METHOD_EXIT|[24]|01p50000002CIEo|ETLC_ApexBridge_Data.toJSON()
11:25:56.0 (138165687)|SYSTEM_MODE_EXIT|false
11:25:56.138 (138216957)|CUMULATIVE_LIMIT_USAGE
11:25:56.138 (138216957)|LIMIT_USAGE_FOR_NS|(default)|
  Number of SOQL queries: 1 out of 100
  Number of query rows: 1 out of 50000
  Number of SOSL queries: 0 out of 20
  Number of DML statements: 0 out of 150
  Number of DML rows: 0 out of 10000
  Maximum CPU time: 0 out of 10000
  Maximum heap size: 0 out of 6000000
  Number of callouts: 0 out of 100
  Number of Email Invocations: 0 out of 10
  Number of future calls: 0 out of 50
  Number of queueable jobs added to the queue: 0 out of 50
  Number of Mobile Apex push calls: 0 out of 10

11:25:56.138 (138216957)|CUMULATIVE_LIMIT_USAGE_END

11:25:56.0 (138266084)|CODE_UNIT_FINISHED|ETLC_ApexBridge_Controller.execute
