37.0 APEX_CODE,FINEST;APEX_PROFILING,INFO;CALLOUT,INFO;DB,INFO;SYSTEM,DEBUG;VALIDATION,INFO;VISUALFORCE,INFO;WORKFLOW,INFO
23:48:27.0 (391315)|USER_INFO|[EXTERNAL]|00550000005cg71|bfffollow@jr.te|Eastern Standard Time|GMT-04:00
23:48:27.0 (434349)|EXECUTION_STARTED
23:48:27.0 (439816)|CODE_UNIT_STARTED|[EXTERNAL]|aura
23:48:27.0 (801112)|HEAP_ALLOCATE|[72]|Bytes:3
23:48:27.0 (868833)|HEAP_ALLOCATE|[77]|Bytes:152
23:48:27.0 (885745)|HEAP_ALLOCATE|[342]|Bytes:408
23:48:27.0 (904953)|HEAP_ALLOCATE|[355]|Bytes:408
23:48:27.0 (922054)|HEAP_ALLOCATE|[467]|Bytes:48
23:48:27.0 (977086)|HEAP_ALLOCATE|[139]|Bytes:6
23:48:27.0 (1000542)|HEAP_ALLOCATE|[EXTERNAL]|Bytes:93
23:48:27.0 (1035811)|HEAP_ALLOCATE|[EXTERNAL]|Bytes:93
23:48:27.0 (1869489)|CODE_UNIT_STARTED|[EXTERNAL]|01p50000002CIEm|ETLC_ApexBridge_Controller.execute
23:48:27.0 (2477464)|HEAP_ALLOCATE|[EXTERNAL]|Bytes:1
23:48:27.0 (2485084)|HEAP_ALLOCATE|[EXTERNAL]|Bytes:10
23:48:27.0 (2520945)|METHOD_ENTRY|[1]|01p50000002CIEm|ETLC_ApexBridge_Controller.ETLC_ApexBridge_Controller()
23:48:27.0 (2526411)|STATEMENT_EXECUTE|[1]
23:48:27.0 (2531843)|STATEMENT_EXECUTE|[1]
23:48:27.0 (2556029)|METHOD_EXIT|[1]|ETLC_ApexBridge_Controller
23:48:27.0 (2562076)|HEAP_ALLOCATE|[EXTERNAL]|Bytes:93
23:48:27.0 (2571418)|SYSTEM_MODE_ENTER|false
23:48:27.0 (2677178)|VARIABLE_SCOPE_BEGIN|[3]|dataJson|String|false|false
23:48:27.0 (2780908)|VARIABLE_ASSIGNMENT|[3]|dataJson|"{\"operation\":\"BFFFol (73 more) ..."
23:48:27.0 (2794009)|STATEMENT_EXECUTE|[3]
23:48:27.0 (2795574)|STATEMENT_EXECUTE|[4]
23:48:27.0 (4754895)|VARIABLE_SCOPE_BEGIN|[4]|data|ETLC_ApexBridge_Data|true|false
23:48:27.0 (4769467)|VARIABLE_ASSIGNMENT|[4]|data|null|
23:48:27.0 (4772443)|STATEMENT_EXECUTE|[5]
23:48:27.0 (4773799)|STATEMENT_EXECUTE|[5]
23:48:27.0 (4774725)|STATEMENT_EXECUTE|[6]
23:48:27.0 (4790000)|HEAP_ALLOCATE|[6]|Bytes:11
23:48:27.0 (4796048)|HEAP_ALLOCATE|[6]|Bytes:248
23:48:27.0 (4798841)|HEAP_ALLOCATE|[6]|Bytes:39
23:48:27.0 (4839032)|METHOD_ENTRY|[2]|01p50000002CIEo|ETLC_ApexBridge_Data.ETLC_ApexBridge_Data()
23:48:27.0 (4842665)|STATEMENT_EXECUTE|[2]
23:48:27.0 (4846995)|STATEMENT_EXECUTE|[2]
23:48:27.0 (4853221)|METHOD_EXIT|[2]|ETLC_ApexBridge_Data
23:48:27.0 (4916342)|METHOD_ENTRY|[6]|01p50000002CIEo|ETLC_ApexBridge_Data.fromJSON(String)
23:48:27.0 (4945035)|VARIABLE_SCOPE_BEGIN|[60]|strJson|String|false|false
23:48:27.0 (4955224)|VARIABLE_ASSIGNMENT|[60]|strJson|"{\"operation\":\"BFFFol (73 more) ..."
23:48:27.0 (4959651)|STATEMENT_EXECUTE|[60]
23:48:27.0 (4961044)|STATEMENT_EXECUTE|[61]
23:48:27.0 (4969525)|HEAP_ALLOCATE|[61]|Bytes:20
23:48:27.0 (4991003)|HEAP_ALLOCATE|[50]|Bytes:5
23:48:27.0 (5012067)|HEAP_ALLOCATE|[56]|Bytes:5
23:48:27.0 (5021268)|HEAP_ALLOCATE|[64]|Bytes:7
23:48:27.0 (5126844)|HEAP_ALLOCATE|[61]|Bytes:24
23:48:27.0 (5141488)|SYSTEM_METHOD_ENTRY|[1]|Type.Type()
23:48:27.0 (5144678)|STATEMENT_EXECUTE|[1]
23:48:27.0 (5154745)|SYSTEM_METHOD_EXIT|[1]|Type
23:48:27.0 (5160208)|HEAP_ALLOCATE|[61]|Bytes:8
23:48:27.0 (5180130)|HEAP_ALLOCATE|[61]|Bytes:8
23:48:27.0 (5184215)|VARIABLE_SCOPE_BEGIN|[4]|this|System.Type|true|false
23:48:27.0 (5218171)|VARIABLE_ASSIGNMENT|[4]|this|{}|0x4f2fb351
23:48:27.0 (5221835)|VARIABLE_SCOPE_BEGIN|[4]|apextype|java:common.apex.runtime.ApexObjectType|true|false
23:48:27.0 (5383245)|VARIABLE_ASSIGNMENT|[4]|apextype|"ETLC_ApexBridge_Data"|0x98699f8
23:48:27.0 (5470538)|HEAP_ALLOCATE|[61]|Bytes:8
23:48:27.0 (5511910)|HEAP_ALLOCATE|[61]|Bytes:24
23:48:27.0 (5526026)|SYSTEM_METHOD_ENTRY|[1]|JSON.JSON()
23:48:27.0 (5528750)|STATEMENT_EXECUTE|[1]
23:48:27.0 (5535684)|SYSTEM_METHOD_EXIT|[1]|JSON
23:48:27.0 (5552181)|METHOD_ENTRY|[61]||System.JSON.deserializeStrict(String, System.Type)
23:48:27.0 (6192750)|METHOD_EXIT|[61]||System.JSON.deserializeStrict(String, System.Type)
23:48:27.0 (6203071)|METHOD_EXIT|[6]|01p50000002CIEo|ETLC_ApexBridge_Data.fromJSON(String)
23:48:27.0 (6264042)|VARIABLE_ASSIGNMENT|[6]|data|{"debug":true,"input":"{\"mode\":\"fetchFollow (9 more) ...","operation":"BFFFollow_Controller"}|0x2dd73f64
23:48:27.0 (6268922)|STATEMENT_EXECUTE|[7]
23:48:27.0 (6278658)|HEAP_ALLOCATE|[7]|Bytes:6
23:48:27.0 (6358171)|HEAP_ALLOCATE|[7]|Bytes:177
23:48:27.0 (6381373)|HEAP_ALLOCATE|[7]|Bytes:183
23:48:27.0 (6423018)|USER_DEBUG|[7]|DEBUG|data::ETLC_ApexBridge_Data:[debug=true, input={"mode":"fetchFollowedUsers"}, isSuccess=null, messages=null, operation=BFFFollow_Controller, output=null, outputFlag=null, records=null]
23:48:27.0 (6432146)|STATEMENT_EXECUTE|[8]
23:48:27.0 (6493317)|VARIABLE_ASSIGNMENT|[EXTERNAL]|this|{"debug":true,"input":"{\"mode\":\"fetchFollow (9 more) ...","operation":"BFFFollow_Controller"}|0x2dd73f64
23:48:27.0 (6514284)|METHOD_ENTRY|[8]||System.Type.forName(String)
23:48:27.0 (7227375)|METHOD_EXIT|[8]||System.Type.forName(String)
23:48:27.0 (7241851)|METHOD_ENTRY|[8]||System.Type.newInstance()
23:48:27.0 (8643210)|STATEMENT_EXECUTE|[1]
23:48:27.0 (8655865)|HEAP_ALLOCATE|[33]|Bytes:5
23:48:27.0 (8669925)|METHOD_EXIT|[1]|BFFFollow_Controller
23:48:27.0 (8675622)|HEAP_ALLOCATE|[33]|Bytes:4
23:48:27.0 (8680008)|VARIABLE_SCOPE_BEGIN|[1]|this|BFFFollow_Controller|true|false
23:48:27.0 (8699508)|VARIABLE_ASSIGNMENT|[1]|this|{}|0x2f98e403
23:48:27.0 (8708452)|HEAP_ALLOCATE|[33]|Bytes:5
23:48:27.0 (8718038)|HEAP_ALLOCATE|[33]|Bytes:11
23:48:27.0 (8740873)|METHOD_ENTRY|[1]|01p50000002CIEj|ETLC_ApexBridge_Abstract.ETLC_ApexBridge_Abstract()
23:48:27.0 (8744610)|STATEMENT_EXECUTE|[1]
23:48:27.0 (8748332)|STATEMENT_EXECUTE|[1]
23:48:27.0 (8753900)|METHOD_EXIT|[1]|ETLC_ApexBridge_Abstract
23:48:27.0 (8766929)|CONSTRUCTOR_ENTRY|[EXTERNAL]|01p50000002CIEj|<init>()
23:48:27.0 (8790591)|VARIABLE_SCOPE_BEGIN|[1]|this|ETLC_ApexBridge_Abstract|true|false
23:48:27.0 (8807247)|VARIABLE_ASSIGNMENT|[1]|this|{}|0x2f98e403
23:48:27.0 (8822467)|STATEMENT_EXECUTE|[1]
23:48:27.0 (8827164)|CONSTRUCTOR_EXIT|[EXTERNAL]|01p50000002CIEj|<init>()
23:48:27.0 (8832411)|STATEMENT_EXECUTE|[1]
23:48:27.0 (8837403)|HEAP_ALLOCATE|[33]|Bytes:5
23:48:27.0 (8855246)|METHOD_EXIT|[8]||System.Type.newInstance()
23:48:27.0 (8863153)|VARIABLE_SCOPE_BEGIN|[8]|executor|ETLC_ApexBridge_Abstract|true|false
23:48:27.0 (8877254)|VARIABLE_ASSIGNMENT|[8]|executor|{}|0x2f98e403
23:48:27.0 (8880014)|STATEMENT_EXECUTE|[9]
23:48:27.0 (8904252)|METHOD_ENTRY|[9]|01p50000002D8iw|BFFFollow_Controller.process(ETLC_ApexBridge_Data)
23:48:27.0 (8925763)|VARIABLE_SCOPE_BEGIN|[3]|this|BFFFollow_Controller|true|false
23:48:27.0 (8942155)|VARIABLE_ASSIGNMENT|[3]|this|{}|0x2f98e403
23:48:27.0 (8944892)|VARIABLE_SCOPE_BEGIN|[3]|data|ETLC_ApexBridge_Data|true|false
23:48:27.0 (8970673)|VARIABLE_ASSIGNMENT|[3]|data|{"debug":true,"input":"{\"mode\":\"fetchFollow (9 more) ...","operation":"BFFFollow_Controller"}|0x2dd73f64
23:48:27.0 (8980562)|HEAP_ALLOCATE|[4]|Bytes:5
23:48:27.0 (8984474)|STATEMENT_EXECUTE|[3]
23:48:27.0 (8985798)|STATEMENT_EXECUTE|[4]
23:48:27.0 (9047262)|VARIABLE_ASSIGNMENT|[EXTERNAL]|this|{"debug":true,"input":"{\"mode\":\"fetchFollow (9 more) ...","operation":"BFFFollow_Controller"}|0x2dd73f64
23:48:27.0 (9082417)|VARIABLE_ASSIGNMENT|[4]|BFFFollow_Controller.debugFlag|true
23:48:27.0 (9129622)|VARIABLE_ASSIGNMENT|[EXTERNAL]|this|{"debug":true,"input":"{\"mode\":\"fetchFollow (9 more) ...","operation":"BFFFollow_Controller"}|0x2dd73f64
23:48:27.0 (9144340)|STATEMENT_EXECUTE|[5]
23:48:27.0 (9153294)|HEAP_ALLOCATE|[5]|Bytes:12
23:48:27.0 (9193541)|HEAP_ALLOCATE|[5]|Bytes:177
23:48:27.0 (9209012)|HEAP_ALLOCATE|[5]|Bytes:189
23:48:27.0 (9221118)|USER_DEBUG|[5]|DEBUG|data BEFORE:ETLC_ApexBridge_Data:[debug=true, input={"mode":"fetchFollowedUsers"}, isSuccess=null, messages=null, operation=BFFFollow_Controller, output=null, outputFlag=null, records=null]
23:48:27.0 (9227623)|STATEMENT_EXECUTE|[7]
23:48:27.0 (9235253)|HEAP_ALLOCATE|[7]|Bytes:4
23:48:27.0 (9261536)|METHOD_ENTRY|[7]|01p50000002CIEo|ETLC_ApexBridge_Data.getInputValue(String)
23:48:27.0 (9288250)|VARIABLE_SCOPE_BEGIN|[52]|this|ETLC_ApexBridge_Data|true|false
23:48:27.0 (9316717)|VARIABLE_ASSIGNMENT|[52]|this|{"debug":true,"input":"{\"mode\":\"fetchFollow (9 more) ...","operation":"BFFFollow_Controller"}|0x2dd73f64
23:48:27.0 (9323042)|VARIABLE_SCOPE_BEGIN|[52]|key|String|false|false
23:48:27.0 (9326873)|VARIABLE_ASSIGNMENT|[52]|key|"mode"
23:48:27.0 (9330746)|STATEMENT_EXECUTE|[52]
23:48:27.0 (9332007)|STATEMENT_EXECUTE|[53]
23:48:27.0 (9388999)|VARIABLE_ASSIGNMENT|[EXTERNAL]|this|{"debug":true,"input":"{\"mode\":\"fetchFollow (9 more) ...","operation":"BFFFollow_Controller"}|0x2dd73f64
23:48:27.0 (9409189)|METHOD_ENTRY|[53]||System.JSON.deserializeUntyped(String)
23:48:27.0 (9642980)|METHOD_EXIT|[53]||System.JSON.deserializeUntyped(String)
23:48:27.0 (9651548)|VARIABLE_SCOPE_BEGIN|[53]|inputMap|Map<String,ANY>|true|false
23:48:27.0 (9677899)|VARIABLE_ASSIGNMENT|[53]|inputMap|{"s":1,"v":{"mode":"fetchFollowedUsers"}}|0x248bb814
23:48:27.0 (9681225)|STATEMENT_EXECUTE|[54]
23:48:27.0 (9748632)|METHOD_EXIT|[7]|01p50000002CIEo|ETLC_ApexBridge_Data.getInputValue(String)
23:48:27.0 (9755061)|VARIABLE_SCOPE_BEGIN|[7]|mode|String|false|false
23:48:27.0 (9767077)|VARIABLE_ASSIGNMENT|[7]|mode|"fetchFollowedUsers"
23:48:27.0 (9771839)|HEAP_ALLOCATE|[9]|Bytes:18
23:48:27.0 (9800971)|STATEMENT_EXECUTE|[9]
23:48:27.0 (9802708)|STATEMENT_EXECUTE|[10]
23:48:27.0 (9851194)|HEAP_ALLOCATE|[10]|Bytes:85
23:48:27.0 (9873130)|SYSTEM_METHOD_ENTRY|[1]|UserInfo.UserInfo()
23:48:27.0 (9878137)|STATEMENT_EXECUTE|[1]
23:48:27.0 (9890076)|SYSTEM_METHOD_EXIT|[1]|UserInfo
23:48:27.0 (9909085)|METHOD_ENTRY|[10]||System.UserInfo.getUserId()
23:48:27.0 (9962767)|METHOD_EXIT|[10]||System.UserInfo.getUserId()
23:48:27.0 (9983286)|HEAP_ALLOCATE|[10]|Bytes:4
23:48:27.0 (9995858)|METHOD_ENTRY|[10]|01p50000002D8iw|BFFFollow_Controller.fetchFollowedUsers(Id)
23:48:27.0 (10000450)|VARIABLE_SCOPE_BEGIN|[24]|this|BFFFollow_Controller|true|false
23:48:27.0 (10018289)|VARIABLE_ASSIGNMENT|[24]|this|{}|0x2f98e403
23:48:27.0 (10023112)|VARIABLE_SCOPE_BEGIN|[24]|followedById|Id|false|false
23:48:27.0 (10105710)|VARIABLE_ASSIGNMENT|[24]|followedById|"00550000005cg71AAA"
23:48:27.0 (10120773)|HEAP_ALLOCATE|[25]|Bytes:5
23:48:27.0 (10126311)|STATEMENT_EXECUTE|[24]
23:48:27.0 (10128601)|STATEMENT_EXECUTE|[25]
23:48:27.0 (10138147)|HEAP_ALLOCATE|[25]|Bytes:63
23:48:27.0 (10179875)|HEAP_ALLOCATE|[25]|Bytes:18
23:48:27.0 (10193067)|HEAP_ALLOCATE|[25]|Bytes:9
23:48:27.0 (10204838)|HEAP_ALLOCATE|[25]|Bytes:90
23:48:27.0 (10211792)|VARIABLE_SCOPE_BEGIN|[25]|soql|String|false|false
23:48:27.0 (10224912)|VARIABLE_ASSIGNMENT|[25]|soql|"SELECT FollowedUsers (70 more) ..."
23:48:27.0 (10228259)|STATEMENT_EXECUTE|[26]
23:48:27.0 (10229578)|STATEMENT_EXECUTE|[26]
23:48:27.0 (10235542)|STATEMENT_EXECUTE|[27]
23:48:27.0 (10237356)|STATEMENT_EXECUTE|[27]
23:48:27.0 (10248239)|HEAP_ALLOCATE|[27]|Bytes:24
23:48:27.0 (10256192)|HEAP_ALLOCATE|[27]|Bytes:114
23:48:27.0 (10299021)|USER_DEBUG|[27]|DEBUG|fetchFollowedUsers:soql:SELECT FollowedUsers__c FROM BFFFollow__c WHERE FollowedBy__c='00550000005cg71AAA' limit 1
23:48:27.0 (10313127)|STATEMENT_EXECUTE|[28]
23:48:27.0 (10794762)|HEAP_ALLOCATE|[28]|Bytes:9
23:48:27.0 (10801660)|HEAP_ALLOCATE|[28]|Bytes:29
23:48:27.0 (10804269)|HEAP_ALLOCATE|[28]|Bytes:21
23:48:27.0 (10816601)|METHOD_ENTRY|[7]|01p50000002CIEt|ETLC_SecuredDB.ETLC_SecuredDB()
23:48:27.0 (10819740)|STATEMENT_EXECUTE|[7]
23:48:27.0 (10822738)|STATEMENT_EXECUTE|[7]
23:48:27.0 (10828924)|HEAP_ALLOCATE|[28]|Bytes:5
23:48:27.0 (10838795)|METHOD_EXIT|[7]|ETLC_SecuredDB
23:48:27.0 (10853585)|METHOD_ENTRY|[28]|01p50000002CIEt|ETLC_SecuredDB.query(String)
23:48:27.0 (10870878)|VARIABLE_SCOPE_BEGIN|[10]|SOQL|String|false|false
23:48:27.0 (10879663)|VARIABLE_ASSIGNMENT|[10]|SOQL|"SELECT FollowedUsers (70 more) ..."
23:48:27.0 (10888001)|HEAP_ALLOCATE|[12]|Bytes:5
23:48:27.0 (10891967)|STATEMENT_EXECUTE|[10]
23:48:27.0 (10893125)|STATEMENT_EXECUTE|[12]
23:48:27.0 (12229885)|SOQL_EXECUTE_BEGIN|[12]|Aggregations:0|SELECT FollowedUsers__c FROM BFFFollow__c WHERE FollowedBy__c='00550000005cg71AAA' limit 1
23:48:27.0 (16393899)|SOQL_EXECUTE_END|[12]|Rows:1
23:48:27.0 (16420238)|HEAP_ALLOCATE|[12]|Bytes:8
23:48:27.0 (16430773)|HEAP_ALLOCATE|[12]|Bytes:158
23:48:27.0 (16522233)|HEAP_ALLOCATE|[12]|Bytes:8
23:48:27.0 (16537880)|VARIABLE_SCOPE_BEGIN|[12]|dbRecords|List<SObject>|true|false
23:48:27.0 (16586422)|VARIABLE_ASSIGNMENT|[12]|dbRecords|{"s":1,"v":[{"s":2,"v":{"FollowedUsers__c":"[{\"id\":\"00550000005d (85 more) ...","Id":"a005000000ezW4dAAE"}}]}|0x74da3ede
23:48:27.0 (16591420)|STATEMENT_EXECUTE|[20]
23:48:27.0 (16683036)|HEAP_ALLOCATE|[20]|Bytes:12
23:48:27.0 (16690412)|HEAP_ALLOCATE|[20]|Bytes:8
23:48:27.0 (16724060)|HEAP_ALLOCATE|[20]|Bytes:12
23:48:27.0 (16728100)|HEAP_ALLOCATE|[20]|Bytes:9
23:48:27.0 (16738599)|HEAP_ALLOCATE|[20]|Bytes:12
23:48:27.0 (16741530)|HEAP_ALLOCATE|[20]|Bytes:8
23:48:27.0 (16751390)|HEAP_ALLOCATE|[20]|Bytes:12
23:48:27.0 (16754828)|HEAP_ALLOCATE|[20]|Bytes:8
23:48:27.0 (16770475)|HEAP_ALLOCATE|[20]|Bytes:12
23:48:27.0 (16773861)|HEAP_ALLOCATE|[20]|Bytes:9
23:48:27.0 (16804348)|METHOD_ENTRY|[20]|01p50000002CIEt|ETLC_SecuredDB.findFields(List<SObject>)
23:48:27.0 (16833454)|VARIABLE_SCOPE_BEGIN|[108]|dbRecords|List<SObject>|true|false
23:48:27.0 (16855231)|VARIABLE_ASSIGNMENT|[108]|dbRecords|{"s":1,"v":[{"s":2,"v":{"FollowedUsers__c":"[{\"id\":\"00550000005d (85 more) ...","Id":"a005000000ezW4dAAE"}}]}|0x74da3ede
23:48:27.0 (16866805)|HEAP_ALLOCATE|[109]|Bytes:5
23:48:27.0 (16871166)|STATEMENT_EXECUTE|[108]
23:48:27.0 (16872802)|STATEMENT_EXECUTE|[109]
23:48:27.0 (16881457)|VARIABLE_SCOPE_BEGIN|[109]|strJSON|String|false|false
23:48:27.0 (16888091)|VARIABLE_ASSIGNMENT|[109]|strJSON|null
23:48:27.0 (16889961)|STATEMENT_EXECUTE|[110]
23:48:27.0 (16898641)|VARIABLE_SCOPE_BEGIN|[110]|mapFields|Map<String,Set<String>>|true|false
23:48:27.0 (16903872)|VARIABLE_ASSIGNMENT|[110]|mapFields|null|
23:48:27.0 (16905811)|STATEMENT_EXECUTE|[112]
23:48:27.0 (16920604)|METHOD_ENTRY|[112]||System.JSON.serialize(Object)
23:48:27.0 (17430594)|METHOD_EXIT|[112]||System.JSON.serialize(Object)
23:48:27.0 (17446620)|VARIABLE_ASSIGNMENT|[112]|strJSON|"[{\"attributes\":{\"typ (259 more) ..."
23:48:27.0 (17449921)|STATEMENT_EXECUTE|[113]
23:48:27.0 (17457854)|HEAP_ALLOCATE|[113]|Bytes:5
23:48:27.0 (17470581)|HEAP_ALLOCATE|[113]|Bytes:284
23:48:27.0 (17504767)|USER_DEBUG|[113]|DEBUG|JSON:[{"attributes":{"type":"BFFFollow__c","url":"/services/data/v37.0/sobjects/BFFFollow__c/a005000000ezW4dAAE"},"FollowedUsers__c":"[{\"id\":\"00550000005d7KnAAI\",\"name\":\"Test User\"},{\"id\":\"00550000005cg71AAA\",\"name\":\"Jaswinder Rattanpal\"}]","Id":"a005000000ezW4dAAE"}]
23:48:27.0 (17514375)|STATEMENT_EXECUTE|[114]
23:48:27.0 (17525391)|HEAP_ALLOCATE|[114]|Bytes:4
23:48:27.0 (17566221)|VARIABLE_ASSIGNMENT|[114]|mapFields|{"s":1,"v":{}}|0xf932547
23:48:27.0 (17570139)|STATEMENT_EXECUTE|[115]
23:48:27.0 (17582943)|METHOD_ENTRY|[115]||System.JSON.deserializeUntyped(String)
23:48:27.0 (17986617)|METHOD_EXIT|[115]||System.JSON.deserializeUntyped(String)
23:48:27.0 (17996064)|VARIABLE_SCOPE_BEGIN|[115]|records|List<ANY>|true|false
23:48:27.0 (18019593)|HEAP_ALLOCATE|[EXTERNAL]|Bytes:8
23:48:27.0 (18046000)|VARIABLE_ASSIGNMENT|[115]|records|{"s":1,"v":[{"s":2,"v":{"attributes":{"s":3,"v":{"type":"BFFFollow__c","url":"/services/data/v37.0 (41 more) ..."}},"FollowedUsers__c":"[{\"id\":\"00550000005d (85 more) ...","Id":"a005000000ezW4dAAE"}}]}|0x2a1ad6a5
23:48:27.0 (18101531)|HEAP_ALLOCATE|[116]|Bytes:5
23:48:27.0 (18139394)|HEAP_ALLOCATE|[116]|Bytes:16
23:48:27.0 (18150143)|VARIABLE_SCOPE_BEGIN|[116]|record|Object|false|false
23:48:27.0 (18172925)|VARIABLE_ASSIGNMENT|[116]|record|{"s":1,"v":{"attributes":{"s":2,"v":{"type":"BFFFollow__c","url":"/services/data/v37.0 (41 more) ..."}},"FollowedUsers__c":"[{\"id\":\"00550000005d (85 more) ...","Id":"a005000000ezW4dAAE"}}
23:48:27.0 (18177392)|STATEMENT_EXECUTE|[116]
23:48:27.0 (18178748)|STATEMENT_EXECUTE|[117]
23:48:27.0 (18197563)|METHOD_ENTRY|[117]|01p50000002CIEt|ETLC_SecuredDB.findFieldsRecursive(Map<String,Set<String>>, Map<String,ANY>)
23:48:27.0 (18216796)|VARIABLE_SCOPE_BEGIN|[124]|mapFields|Map<String,Set<String>>|true|false
23:48:27.0 (18228314)|VARIABLE_ASSIGNMENT|[124]|mapFields|{"s":1,"v":{}}|0xf932547
23:48:27.0 (18231049)|VARIABLE_SCOPE_BEGIN|[124]|record|Map<String,ANY>|true|false
23:48:27.0 (18243419)|VARIABLE_ASSIGNMENT|[124]|record|{"s":1,"v":{"attributes":{"s":2,"v":{"type":"BFFFollow__c","url":"/services/data/v37.0 (41 more) ..."}},"FollowedUsers__c":"[{\"id\":\"00550000005d (85 more) ...","Id":"a005000000ezW4dAAE"}}|0x5ae828ac
23:48:27.0 (18253194)|HEAP_ALLOCATE|[125]|Bytes:5
23:48:27.0 (18257795)|STATEMENT_EXECUTE|[124]
23:48:27.0 (18259013)|STATEMENT_EXECUTE|[125]
23:48:27.0 (18265784)|HEAP_ALLOCATE|[125]|Bytes:10
23:48:27.0 (18270022)|VARIABLE_SCOPE_BEGIN|[125]|strAttributes|String|false|false
23:48:27.0 (18276289)|VARIABLE_ASSIGNMENT|[125]|strAttributes|"attributes"
23:48:27.0 (18278154)|STATEMENT_EXECUTE|[126]
23:48:27.0 (18282968)|HEAP_ALLOCATE|[126]|Bytes:7
23:48:27.0 (18285814)|VARIABLE_SCOPE_BEGIN|[126]|strRecord|String|false|false
23:48:27.0 (18290240)|VARIABLE_ASSIGNMENT|[126]|strRecord|"records"
23:48:27.0 (18333668)|STATEMENT_EXECUTE|[127]
23:48:27.0 (18336105)|STATEMENT_EXECUTE|[128]
23:48:27.0 (18377840)|VARIABLE_SCOPE_BEGIN|[128]|attributes|Map<String,ANY>|true|false
23:48:27.0 (18394768)|VARIABLE_ASSIGNMENT|[128]|attributes|{"s":1,"v":{"type":"BFFFollow__c","url":"/services/data/v37.0 (41 more) ..."}}|0x667cf1a0
23:48:27.0 (18398344)|STATEMENT_EXECUTE|[129]
23:48:27.0 (18405264)|HEAP_ALLOCATE|[129]|Bytes:4
23:48:27.0 (18443281)|VARIABLE_SCOPE_BEGIN|[129]|objectName|String|false|false
23:48:27.0 (18451461)|VARIABLE_ASSIGNMENT|[129]|objectName|"BFFFollow__c"
23:48:27.0 (18461321)|HEAP_ALLOCATE|[130]|Bytes:4
23:48:27.0 (18536199)|HEAP_ALLOCATE|[130]|Bytes:44
23:48:27.0 (18555514)|HEAP_ALLOCATE|[130]|Bytes:12
23:48:27.0 (18578212)|HEAP_ALLOCATE|[130]|Bytes:5
23:48:27.0 (18592372)|VARIABLE_SCOPE_BEGIN|[130]|fieldName|String|false|false
23:48:27.0 (18600357)|VARIABLE_ASSIGNMENT|[130]|fieldName|"attributes"
23:48:27.0 (18603163)|STATEMENT_EXECUTE|[130]
23:48:27.0 (18604224)|STATEMENT_EXECUTE|[131]
23:48:27.0 (18650992)|VARIABLE_SCOPE_BEGIN|[131]|field|Object|false|false
23:48:27.0 (18669011)|VARIABLE_ASSIGNMENT|[131]|field|{"s":1,"v":{"type":"BFFFollow__c","url":"/services/data/v37.0 (41 more) ..."}}
23:48:27.0 (18692063)|STATEMENT_EXECUTE|[132]
23:48:27.0 (18708632)|HEAP_ALLOCATE|[130]|Bytes:5
23:48:27.0 (18720476)|VARIABLE_SCOPE_BEGIN|[130]|fieldName|String|false|false
23:48:27.0 (18727454)|VARIABLE_ASSIGNMENT|[130]|fieldName|"FollowedUsers__c"
23:48:27.0 (18729946)|STATEMENT_EXECUTE|[130]
23:48:27.0 (18730918)|STATEMENT_EXECUTE|[131]
23:48:27.0 (18749194)|VARIABLE_SCOPE_BEGIN|[131]|field|Object|false|false
23:48:27.0 (18759492)|VARIABLE_ASSIGNMENT|[131]|field|"[{\"id\":\"00550000005d (85 more) ..."
23:48:27.0 (18776634)|HEAP_ALLOCATE|[134]|Bytes:68
23:48:27.0 (18798889)|STATEMENT_EXECUTE|[136]
23:48:27.0 (18800524)|STATEMENT_EXECUTE|[137]
23:48:27.0 (18810799)|HEAP_ALLOCATE|[137]|Bytes:4
23:48:27.0 (18850351)|VARIABLE_SCOPE_BEGIN|[137]|fieldNames|Set<String>|true|false
23:48:27.0 (18874549)|VARIABLE_ASSIGNMENT|[137]|fieldNames|{"s":1,"v":[]}|0x70d34935
23:48:27.0 (18915577)|STATEMENT_EXECUTE|[138]
23:48:27.0 (18924494)|STATEMENT_EXECUTE|[139]
23:48:27.0 (18959810)|HEAP_ALLOCATE|[EXTERNAL]|Bytes:4
23:48:27.0 (18968979)|STATEMENT_EXECUTE|[140]
23:48:27.0 (19005507)|HEAP_ALLOCATE|[EXTERNAL]|Bytes:-4
23:48:27.0 (19022427)|HEAP_ALLOCATE|[130]|Bytes:5
23:48:27.0 (19033898)|VARIABLE_SCOPE_BEGIN|[130]|fieldName|String|false|false
23:48:27.0 (19041396)|VARIABLE_ASSIGNMENT|[130]|fieldName|"Id"
23:48:27.0 (19043947)|STATEMENT_EXECUTE|[130]
23:48:27.0 (19044991)|STATEMENT_EXECUTE|[131]
23:48:27.0 (19064541)|VARIABLE_SCOPE_BEGIN|[131]|field|Object|false|false
23:48:27.0 (19072942)|VARIABLE_ASSIGNMENT|[131]|field|"a005000000ezW4dAAE"
23:48:27.0 (19089727)|STATEMENT_EXECUTE|[136]
23:48:27.0 (19091283)|STATEMENT_EXECUTE|[137]
23:48:27.0 (19099132)|HEAP_ALLOCATE|[137]|Bytes:4
23:48:27.0 (19109648)|VARIABLE_SCOPE_BEGIN|[137]|fieldNames|Set<String>|true|false
23:48:27.0 (19127212)|VARIABLE_ASSIGNMENT|[137]|fieldNames|{"s":1,"v":[]}|0xc800674
23:48:27.0 (19140929)|STATEMENT_EXECUTE|[138]
23:48:27.0 (19168216)|VARIABLE_ASSIGNMENT|[138]|fieldNames|{"s":1,"v":["FollowedUsers__c"]}|0x70d34935
23:48:27.0 (19171907)|STATEMENT_EXECUTE|[139]
23:48:27.0 (19182320)|HEAP_ALLOCATE|[EXTERNAL]|Bytes:4
23:48:27.0 (19188000)|STATEMENT_EXECUTE|[140]
23:48:27.0 (19212482)|HEAP_ALLOCATE|[130]|Bytes:5
23:48:27.0 (19224873)|VARIABLE_ASSIGNMENT|[130]|fieldName|null
23:48:27.0 (19235846)|METHOD_EXIT|[117]|01p50000002CIEt|ETLC_SecuredDB.findFieldsRecursive(Map<String,Set<String>>, Map<String,ANY>)
23:48:27.0 (19246138)|HEAP_ALLOCATE|[116]|Bytes:5
23:48:27.0 (19260347)|VARIABLE_ASSIGNMENT|[116]|record|null
23:48:27.0 (19266360)|HEAP_ALLOCATE|[119]|Bytes:4
23:48:27.0 (19304065)|HEAP_ALLOCATE|[119]|Bytes:20
23:48:27.0 (19317005)|HEAP_ALLOCATE|[119]|Bytes:4
23:48:27.0 (19334083)|HEAP_ALLOCATE|[119]|Bytes:5
23:48:27.0 (19345697)|VARIABLE_SCOPE_BEGIN|[119]|objectName|String|false|false
23:48:27.0 (19353394)|VARIABLE_ASSIGNMENT|[119]|objectName|"BFFFollow__c"
23:48:27.0 (19356076)|STATEMENT_EXECUTE|[119]
23:48:27.0 (19357205)|STATEMENT_EXECUTE|[120]
23:48:27.0 (19364462)|HEAP_ALLOCATE|[120]|Bytes:2
23:48:27.0 (19426925)|HEAP_ALLOCATE|[120]|Bytes:22
23:48:27.0 (19441315)|HEAP_ALLOCATE|[120]|Bytes:36
23:48:27.0 (19451857)|USER_DEBUG|[120]|DEBUG|BFFFollow__c: {FollowedUsers__c, Id}
23:48:27.0 (19464213)|HEAP_ALLOCATE|[119]|Bytes:5
23:48:27.0 (19475235)|VARIABLE_ASSIGNMENT|[119]|objectName|null
23:48:27.0 (19478349)|STATEMENT_EXECUTE|[122]
23:48:27.0 (19491182)|METHOD_EXIT|[20]|01p50000002CIEt|ETLC_SecuredDB.findFields(List<SObject>)
23:48:27.0 (19503549)|METHOD_ENTRY|[20]|01p50000002CIEt|ETLC_SecuredDB.validate(ETLC_SecuredDB.Operation, Map<String,Set<String>>)
23:48:27.0 (19508018)|VARIABLE_SCOPE_BEGIN|[55]|op|ETLC_SecuredDB.Operation|true|false
23:48:27.0 (19525145)|VARIABLE_ASSIGNMENT|[55]|op|"Querying"|0x17b6e200
23:48:27.0 (19527905)|VARIABLE_SCOPE_BEGIN|[55]|mapFieldNames|Map<String,Set<String>>|true|false
23:48:27.0 (19544929)|VARIABLE_ASSIGNMENT|[55]|mapFieldNames|{"s":1,"v":{"BFFFollow__c":{"s":2,"v":["FollowedUsers__c","Id"]}}}|0xf932547
23:48:27.0 (19553734)|HEAP_ALLOCATE|[56]|Bytes:5
23:48:27.0 (19558068)|STATEMENT_EXECUTE|[55]
23:48:27.0 (19559483)|STATEMENT_EXECUTE|[56]
23:48:27.0 (19566988)|VARIABLE_SCOPE_BEGIN|[56]|securityMessage|String|false|false
23:48:27.0 (19572773)|VARIABLE_ASSIGNMENT|[56]|securityMessage|null
23:48:27.0 (19574435)|STATEMENT_EXECUTE|[57]
23:48:27.0 (34839952)|HEAP_ALLOCATE|[57]|Bytes:1440
23:48:27.0 (34865534)|VARIABLE_SCOPE_BEGIN|[57]|mapObjects|Map<String,Schema.SObjectType>|true|false
23:48:27.0 (35113735)|VARIABLE_ASSIGNMENT|[57]|mapObjects|"{acceptedeventrelation=AcceptedEventRelation, account=Account, accountcontactrole=AccountContactRole, accountfeed=AccountFeed, accounthistory=AccountHistory, accountpartner=AccountPartner, accountshare=AccountShare, actionlinkgrouptemplate=ActionLinkGroupTemplate, actionlinktemplate=ActionLinkTemplate, activityhistory=ActivityHistory, ...}"|0x1646f0a7
23:48:27.0 (35130406)|HEAP_ALLOCATE|[58]|Bytes:4
23:48:27.0 (35196952)|HEAP_ALLOCATE|[58]|Bytes:20
23:48:27.0 (35214269)|HEAP_ALLOCATE|[58]|Bytes:4
23:48:27.0 (35237432)|HEAP_ALLOCATE|[58]|Bytes:5
23:48:27.0 (35253037)|VARIABLE_SCOPE_BEGIN|[58]|sObjectName|String|false|false
23:48:27.0 (35263205)|VARIABLE_ASSIGNMENT|[58]|sObjectName|"BFFFollow__c"
23:48:27.0 (35266674)|STATEMENT_EXECUTE|[58]
23:48:27.0 (35268505)|STATEMENT_EXECUTE|[59]
23:48:27.0 (35281855)|HEAP_ALLOCATE|[59]|Bytes:9
23:48:27.0 (35285484)|HEAP_ALLOCATE|[59]|Bytes:7
23:48:27.0 (35346797)|HEAP_ALLOCATE|[59]|Bytes:8
23:48:27.0 (35359058)|HEAP_ALLOCATE|[59]|Bytes:1
23:48:27.0 (35374157)|HEAP_ALLOCATE|[59]|Bytes:37
23:48:27.0 (35384463)|VARIABLE_ASSIGNMENT|[59]|securityMessage|"CRUD on [BFFFollow__ (17 more) ..."
23:48:27.0 (35388034)|STATEMENT_EXECUTE|[60]
23:48:27.0 (35394770)|HEAP_ALLOCATE|[60]|Bytes:10
23:48:27.0 (35401506)|HEAP_ALLOCATE|[60]|Bytes:47
23:48:27.0 (35434156)|USER_DEBUG|[60]|DEBUG|Checking: CRUD on [BFFFollow__c] for [Querying]
23:48:27.0 (35442325)|STATEMENT_EXECUTE|[61]
23:48:27.0 (35697671)|HEAP_ALLOCATE|[61]|Bytes:4
23:48:27.0 (35739596)|VARIABLE_SCOPE_BEGIN|[61]|drSObj|Schema.DescribeSObjectResult|true|false
23:48:27.0 (35827380)|VARIABLE_ASSIGNMENT|[61]|drSObj|"common.api.soap.wsdl.DescribeSObjectResult@a54f9caa"|0x700993ff
23:48:27.0 (35973372)|STATEMENT_EXECUTE|[64]
23:48:27.0 (36001457)|STATEMENT_EXECUTE|[65]
23:48:27.0 (36062119)|STATEMENT_EXECUTE|[77]
23:48:27.0 (36064826)|STATEMENT_EXECUTE|[79]
23:48:27.0 (36304514)|HEAP_ALLOCATE|[79]|Bytes:56
23:48:27.0 (36315302)|VARIABLE_SCOPE_BEGIN|[79]|mapFields|Map<String,Schema.SObjectField>|true|false
23:48:27.0 (36462055)|VARIABLE_ASSIGNMENT|[79]|mapFields|"{createdbyid=CreatedById, createddate=CreatedDate, followedby__c=FollowedBy__c, followedusers__c=FollowedUsers__c, id=Id, isdeleted=IsDeleted, lastmodifiedbyid=LastModifiedById, lastmodifieddate=LastModifiedDate, lastreferenceddate=LastReferencedDate, lastvieweddate=LastViewedDate, ...}"|0x508fc91c
23:48:27.0 (36472643)|HEAP_ALLOCATE|[80]|Bytes:4
23:48:27.0 (36520639)|HEAP_ALLOCATE|[80]|Bytes:8
23:48:27.0 (36540069)|HEAP_ALLOCATE|[80]|Bytes:5
23:48:27.0 (36552425)|VARIABLE_SCOPE_BEGIN|[80]|fieldName|String|false|false
23:48:27.0 (36560855)|VARIABLE_ASSIGNMENT|[80]|fieldName|"FollowedUsers__c"
23:48:27.0 (36563993)|STATEMENT_EXECUTE|[80]
23:48:27.0 (36565268)|STATEMENT_EXECUTE|[81]
23:48:27.0 (37424374)|HEAP_ALLOCATE|[81]|Bytes:8
23:48:27.0 (37456593)|VARIABLE_SCOPE_BEGIN|[81]|drField|Schema.DescribeFieldResult|true|false
23:48:27.0 (37531000)|VARIABLE_ASSIGNMENT|[81]|drField|"common.api.soap.wsdl.Field@ae679421"|0x2b9de881
23:48:27.0 (37553725)|STATEMENT_EXECUTE|[82]
23:48:27.0 (37555562)|STATEMENT_EXECUTE|[83]
23:48:27.0 (37564240)|HEAP_ALLOCATE|[83]|Bytes:8
23:48:27.0 (37568387)|HEAP_ALLOCATE|[83]|Bytes:1
23:48:27.0 (37612215)|HEAP_ALLOCATE|[83]|Bytes:8
23:48:27.0 (37632072)|HEAP_ALLOCATE|[83]|Bytes:52
23:48:27.0 (37637805)|HEAP_ALLOCATE|[83]|Bytes:53
23:48:27.0 (37647614)|VARIABLE_ASSIGNMENT|[83]|securityMessage|"FLS on [BFFFollow__c (33 more) ..."
23:48:27.0 (37650627)|STATEMENT_EXECUTE|[84]
23:48:27.0 (37659675)|HEAP_ALLOCATE|[84]|Bytes:63
23:48:27.0 (37685486)|USER_DEBUG|[84]|DEBUG|Checking: FLS on [BFFFollow__c.FollowedUsers__c] for [Querying]
23:48:27.0 (37789667)|STATEMENT_EXECUTE|[87]
23:48:27.0 (37806716)|STATEMENT_EXECUTE|[88]
23:48:27.0 (37823338)|HEAP_ALLOCATE|[80]|Bytes:5
23:48:27.0 (37835808)|VARIABLE_SCOPE_BEGIN|[80]|fieldName|String|false|false
23:48:27.0 (37843630)|VARIABLE_ASSIGNMENT|[80]|fieldName|"Id"
23:48:27.0 (37846009)|STATEMENT_EXECUTE|[80]
23:48:27.0 (37847076)|STATEMENT_EXECUTE|[81]
23:48:27.0 (37989367)|HEAP_ALLOCATE|[81]|Bytes:8
23:48:27.0 (37999840)|VARIABLE_SCOPE_BEGIN|[81]|drField|Schema.DescribeFieldResult|true|false
23:48:27.0 (38066366)|VARIABLE_ASSIGNMENT|[81]|drField|"common.api.soap.wsdl.Field@c1b3b55c"|0x1ba54d2d
23:48:27.0 (38082101)|STATEMENT_EXECUTE|[99]
23:48:27.0 (38084802)|STATEMENT_EXECUTE|[100]
23:48:27.0 (38096588)|HEAP_ALLOCATE|[100]|Bytes:22
23:48:27.0 (38155497)|HEAP_ALLOCATE|[100]|Bytes:8
23:48:27.0 (38173538)|HEAP_ALLOCATE|[100]|Bytes:52
23:48:27.0 (38180834)|HEAP_ALLOCATE|[100]|Bytes:35
23:48:27.0 (38188037)|HEAP_ALLOCATE|[100]|Bytes:87
23:48:27.0 (38199959)|USER_DEBUG|[100]|DEBUG|Bypass Check: FLS on [BFFFollow__c.Id] for [Querying] since it's not isPermissionable()
23:48:27.0 (38214036)|HEAP_ALLOCATE|[80]|Bytes:5
23:48:27.0 (38226846)|VARIABLE_ASSIGNMENT|[80]|fieldName|null
23:48:27.0 (38235870)|HEAP_ALLOCATE|[58]|Bytes:5
23:48:27.0 (38244320)|VARIABLE_ASSIGNMENT|[58]|sObjectName|null
23:48:27.0 (38255492)|METHOD_EXIT|[20]|01p50000002CIEt|ETLC_SecuredDB.validate(ETLC_SecuredDB.Operation, Map<String,Set<String>>)
23:48:27.0 (38259707)|STATEMENT_EXECUTE|[21]
23:48:27.0 (38272115)|METHOD_EXIT|[28]|01p50000002CIEt|ETLC_SecuredDB.query(String)
23:48:27.0 (38277802)|VARIABLE_SCOPE_BEGIN|[28]|dbRecords|List<SObject>|true|false
23:48:27.0 (38314433)|VARIABLE_ASSIGNMENT|[28]|dbRecords|{"s":1,"v":[{"s":2,"v":{"FollowedUsers__c":"[{\"id\":\"00550000005d (85 more) ...","Id":"a005000000ezW4dAAE"}}]}|0x74da3ede
23:48:27.0 (38322198)|STATEMENT_EXECUTE|[29]
23:48:27.0 (38323531)|STATEMENT_EXECUTE|[29]
23:48:27.0 (38395689)|USER_DEBUG|[29]|DEBUG|(BFFFollow__c:{FollowedUsers__c=[{"id":"00550000005d7KnAAI","name":"Test User"},{"id":"00550000005cg71AAA","name":"Jaswinder Rattanpal"}], Id=a005000000ezW4dAAE})
23:48:27.0 (38501890)|STATEMENT_EXECUTE|[30]
23:48:27.0 (38506953)|STATEMENT_EXECUTE|[31]
23:48:27.0 (38508053)|STATEMENT_EXECUTE|[32]
23:48:27.0 (38516031)|HEAP_ALLOCATE|[32]|Bytes:18
23:48:27.0 (38529519)|HEAP_ALLOCATE|[32]|Bytes:12
23:48:27.0 (38535895)|HEAP_ALLOCATE|[32]|Bytes:16
23:48:27.0 (38609336)|HEAP_ALLOCATE|[32]|Bytes:105
23:48:27.0 (38629850)|HEAP_ALLOCATE|[32]|Bytes:105
23:48:27.0 (38639386)|HEAP_ALLOCATE|[32]|Bytes:123
23:48:27.0 (38649936)|USER_DEBUG|[32]|DEBUG|FollowedUsers__c::[{"id":"00550000005d7KnAAI","name":"Test User"},{"id":"00550000005cg71AAA","name":"Jaswinder Rattanpal"}]
23:48:27.0 (38656178)|STATEMENT_EXECUTE|[34]
23:48:27.0 (38669782)|HEAP_ALLOCATE|[34]|Bytes:12
23:48:27.0 (38723227)|HEAP_ALLOCATE|[34]|Bytes:105
23:48:27.0 (38742959)|METHOD_EXIT|[10]|01p50000002D8iw|BFFFollow_Controller.fetchFollowedUsers(Id)
23:48:27.0 (38824953)|VARIABLE_ASSIGNMENT|[EXTERNAL]|this|{"debug":true,"input":"{\"mode\":\"fetchFollow (9 more) ...","operation":"BFFFollow_Controller"}|0x2dd73f64
23:48:27.0 (38836631)|VARIABLE_ASSIGNMENT|[EXTERNAL]|value|"[{\"id\":\"00550000005d (85 more) ..."
23:48:27.0 (38849855)|VARIABLE_ASSIGNMENT|[12]|this.output|"[{\"id\":\"00550000005d (85 more) ..."|0x2dd73f64
23:48:27.0 (38857717)|STATEMENT_EXECUTE|[11]
23:48:27.0 (38921739)|VARIABLE_ASSIGNMENT|[EXTERNAL]|this|{"debug":true,"input":"{\"mode\":\"fetchFollow (9 more) ...","operation":"BFFFollow_Controller","output":"[{\"id\":\"00550000005d (85 more) ..."}|0x2dd73f64
23:48:27.0 (38979931)|VARIABLE_ASSIGNMENT|[EXTERNAL]|this|{"debug":true,"input":"{\"mode\":\"fetchFollow (9 more) ...","operation":"BFFFollow_Controller","output":"[{\"id\":\"00550000005d (85 more) ..."}|0x2dd73f64
23:48:27.0 (38990214)|VARIABLE_ASSIGNMENT|[EXTERNAL]|value|true
23:48:27.0 (38995709)|HEAP_ALLOCATE|[15]|Bytes:5
23:48:27.0 (39003170)|VARIABLE_ASSIGNMENT|[15]|this.outputFlag|true|0x2dd73f64
23:48:27.0 (39014231)|STATEMENT_EXECUTE|[19]
23:48:27.0 (39015793)|STATEMENT_EXECUTE|[19]
23:48:27.0 (39023486)|HEAP_ALLOCATE|[19]|Bytes:11
23:48:27.0 (39087442)|HEAP_ALLOCATE|[19]|Bytes:278
23:48:27.0 (39103529)|HEAP_ALLOCATE|[19]|Bytes:289
23:48:27.0 (39114088)|USER_DEBUG|[19]|DEBUG|data AFTER:ETLC_ApexBridge_Data:[debug=true, input={"mode":"fetchFollowedUsers"}, isSuccess=null, messages=null, operation=BFFFollow_Controller, output=[{"id":"00550000005d7KnAAI","name":"Test User"},{"id":"00550000005cg71AAA","name":"Jaswinder Rattanpal"}], outputFlag=true, records=null]
23:48:27.0 (39128028)|METHOD_EXIT|[9]|01p50000002D8iw|BFFFollow_Controller.process(ETLC_ApexBridge_Data)
23:48:27.0 (39132445)|STATEMENT_EXECUTE|[24]
23:48:27.0 (39151454)|METHOD_ENTRY|[24]|01p50000002CIEo|ETLC_ApexBridge_Data.toJSON()
23:48:27.0 (39175387)|VARIABLE_SCOPE_BEGIN|[57]|this|ETLC_ApexBridge_Data|true|false
23:48:27.0 (39205296)|VARIABLE_ASSIGNMENT|[57]|this|{"debug":true,"input":"{\"mode\":\"fetchFollow (9 more) ...","operation":"BFFFollow_Controller","output":"[{\"id\":\"00550000005d (85 more) ...","outputFlag":true}|0x2dd73f64
23:48:27.0 (39210799)|STATEMENT_EXECUTE|[57]
23:48:27.0 (39212024)|STATEMENT_EXECUTE|[58]
23:48:27.0 (39226619)|METHOD_ENTRY|[58]||System.JSON.serialize(Object)
23:48:27.0 (39319008)|STATEMENT_EXECUTE|[22]
23:48:27.0 (39323967)|STATEMENT_EXECUTE|[23]
23:48:27.0 (39333511)|HEAP_ALLOCATE|[23]|Bytes:5
23:48:27.0 (39342440)|VARIABLE_ASSIGNMENT|[23]|this.isSuccess|true|0x2dd73f64
23:48:27.0 (39344734)|STATEMENT_EXECUTE|[24]
23:48:27.0 (39395703)|STATEMENT_EXECUTE|[31]
23:48:27.0 (39400235)|STATEMENT_EXECUTE|[32]
23:48:27.0 (39409113)|HEAP_ALLOCATE|[32]|Bytes:4
23:48:27.0 (39470606)|VARIABLE_ASSIGNMENT|[32]|this.messages|{"s":1,"v":{}}|0x2dd73f64
23:48:27.0 (39474571)|STATEMENT_EXECUTE|[33]
23:48:27.0 (39811766)|METHOD_EXIT|[58]||System.JSON.serialize(Object)
23:48:27.0 (39818391)|METHOD_EXIT|[24]|01p50000002CIEo|ETLC_ApexBridge_Data.toJSON()
23:48:27.0 (39825374)|SYSTEM_MODE_EXIT|false
23:48:27.39 (39880502)|CUMULATIVE_LIMIT_USAGE
23:48:27.39 (39880502)|LIMIT_USAGE_FOR_NS|(default)|
  Number of SOQL queries: 1 out of 100
  Number of query rows: 1 out of 50000
  Number of SOSL queries: 0 out of 20
  Number of DML statements: 0 out of 150
  Number of DML rows: 0 out of 10000
  Maximum CPU time: 0 out of 10000
  Maximum heap size: 0 out of 6000000
  Number of callouts: 0 out of 100
  Number of Email Invocations: 0 out of 10
  Number of future calls: 0 out of 50
  Number of queueable jobs added to the queue: 0 out of 50
  Number of Mobile Apex push calls: 0 out of 10

23:48:27.39 (39880502)|CUMULATIVE_LIMIT_USAGE_END

23:48:27.0 (39938148)|CODE_UNIT_FINISHED|ETLC_ApexBridge_Controller.execute
