37.0 APEX_CODE,FINEST;APEX_PROFILING,INFO;CALLOUT,INFO;DB,INFO;SYSTEM,DEBUG;VALIDATION,INFO;VISUALFORCE,INFO;WORKFLOW,INFO
22:37:07.0 (404084)|USER_INFO|[EXTERNAL]|00550000005cg71|bfffollow@jr.te|Eastern Standard Time|GMT-04:00
22:37:07.0 (444852)|EXECUTION_STARTED
22:37:07.0 (451588)|CODE_UNIT_STARTED|[EXTERNAL]|aura
22:37:07.0 (875150)|HEAP_ALLOCATE|[72]|Bytes:3
22:37:07.0 (943285)|HEAP_ALLOCATE|[77]|Bytes:152
22:37:07.0 (960877)|HEAP_ALLOCATE|[342]|Bytes:408
22:37:07.0 (978094)|HEAP_ALLOCATE|[355]|Bytes:408
22:37:07.0 (993694)|HEAP_ALLOCATE|[467]|Bytes:48
22:37:07.0 (1024212)|HEAP_ALLOCATE|[139]|Bytes:6
22:37:07.0 (1053274)|HEAP_ALLOCATE|[EXTERNAL]|Bytes:122
22:37:07.0 (1070200)|HEAP_ALLOCATE|[EXTERNAL]|Bytes:122
22:37:07.0 (1897061)|CODE_UNIT_STARTED|[EXTERNAL]|01p50000002CIEm|ETLC_ApexBridge_Controller.execute
22:37:07.0 (2538620)|HEAP_ALLOCATE|[EXTERNAL]|Bytes:1
22:37:07.0 (2545747)|HEAP_ALLOCATE|[EXTERNAL]|Bytes:10
22:37:07.0 (2559640)|METHOD_ENTRY|[1]|01p50000002CIEm|ETLC_ApexBridge_Controller.ETLC_ApexBridge_Controller()
22:37:07.0 (2563950)|STATEMENT_EXECUTE|[1]
22:37:07.0 (2571352)|STATEMENT_EXECUTE|[1]
22:37:07.0 (2577612)|METHOD_EXIT|[1]|ETLC_ApexBridge_Controller
22:37:07.0 (2581724)|HEAP_ALLOCATE|[EXTERNAL]|Bytes:122
22:37:07.0 (2594615)|SYSTEM_MODE_ENTER|false
22:37:07.0 (2610087)|VARIABLE_SCOPE_BEGIN|[3]|dataJson|String|false|false
22:37:07.0 (2645655)|VARIABLE_ASSIGNMENT|[3]|dataJson|"{\"operation\":\"BFFFol (102 more) ..."
22:37:07.0 (2659663)|STATEMENT_EXECUTE|[3]
22:37:07.0 (2661420)|STATEMENT_EXECUTE|[4]
22:37:07.0 (3343018)|VARIABLE_SCOPE_BEGIN|[4]|data|ETLC_ApexBridge_Data|true|false
22:37:07.0 (3356113)|VARIABLE_ASSIGNMENT|[4]|data|null|
22:37:07.0 (3358396)|STATEMENT_EXECUTE|[5]
22:37:07.0 (3359662)|STATEMENT_EXECUTE|[5]
22:37:07.0 (3360870)|STATEMENT_EXECUTE|[6]
22:37:07.0 (3377984)|HEAP_ALLOCATE|[6]|Bytes:11
22:37:07.0 (3384015)|HEAP_ALLOCATE|[6]|Bytes:248
22:37:07.0 (3386839)|HEAP_ALLOCATE|[6]|Bytes:39
22:37:07.0 (3418425)|METHOD_ENTRY|[2]|01p50000002CIEo|ETLC_ApexBridge_Data.ETLC_ApexBridge_Data()
22:37:07.0 (3421559)|STATEMENT_EXECUTE|[2]
22:37:07.0 (3424833)|STATEMENT_EXECUTE|[2]
22:37:07.0 (3429777)|METHOD_EXIT|[2]|ETLC_ApexBridge_Data
22:37:07.0 (3452738)|METHOD_ENTRY|[6]|01p50000002CIEo|ETLC_ApexBridge_Data.fromJSON(String)
22:37:07.0 (3476017)|VARIABLE_SCOPE_BEGIN|[60]|strJson|String|false|false
22:37:07.0 (3486350)|VARIABLE_ASSIGNMENT|[60]|strJson|"{\"operation\":\"BFFFol (102 more) ..."
22:37:07.0 (3490881)|STATEMENT_EXECUTE|[60]
22:37:07.0 (3492407)|STATEMENT_EXECUTE|[61]
22:37:07.0 (3500096)|HEAP_ALLOCATE|[61]|Bytes:20
22:37:07.0 (3525401)|HEAP_ALLOCATE|[50]|Bytes:5
22:37:07.0 (3550673)|HEAP_ALLOCATE|[56]|Bytes:5
22:37:07.0 (3558953)|HEAP_ALLOCATE|[64]|Bytes:7
22:37:07.0 (3669432)|HEAP_ALLOCATE|[61]|Bytes:24
22:37:07.0 (3680251)|SYSTEM_METHOD_ENTRY|[1]|Type.Type()
22:37:07.0 (3682855)|STATEMENT_EXECUTE|[1]
22:37:07.0 (3691259)|SYSTEM_METHOD_EXIT|[1]|Type
22:37:07.0 (3698627)|HEAP_ALLOCATE|[61]|Bytes:8
22:37:07.0 (3729166)|HEAP_ALLOCATE|[61]|Bytes:8
22:37:07.0 (3734003)|VARIABLE_SCOPE_BEGIN|[4]|this|System.Type|true|false
22:37:07.0 (3807414)|VARIABLE_ASSIGNMENT|[4]|this|{}|0x623d9cd5
22:37:07.0 (3812184)|VARIABLE_SCOPE_BEGIN|[4]|apextype|java:common.apex.runtime.ApexObjectType|true|false
22:37:07.0 (3997616)|VARIABLE_ASSIGNMENT|[4]|apextype|"ETLC_ApexBridge_Data"|0x2888ec6b
22:37:07.0 (4078036)|HEAP_ALLOCATE|[61]|Bytes:8
22:37:07.0 (4123722)|HEAP_ALLOCATE|[61]|Bytes:24
22:37:07.0 (4134405)|SYSTEM_METHOD_ENTRY|[1]|JSON.JSON()
22:37:07.0 (4136618)|STATEMENT_EXECUTE|[1]
22:37:07.0 (4142901)|SYSTEM_METHOD_EXIT|[1]|JSON
22:37:07.0 (4158593)|METHOD_ENTRY|[61]||System.JSON.deserializeStrict(String, System.Type)
22:37:07.0 (4474812)|METHOD_EXIT|[61]||System.JSON.deserializeStrict(String, System.Type)
22:37:07.0 (4485459)|METHOD_EXIT|[6]|01p50000002CIEo|ETLC_ApexBridge_Data.fromJSON(String)
22:37:07.0 (4674808)|VARIABLE_ASSIGNMENT|[6]|data|{"debug":true,"input":"{\"mode\":\"fetchUserFe (34 more) ...","operation":"BFFFollow_Controller"}|0x362e6bb0
22:37:07.0 (4680353)|STATEMENT_EXECUTE|[7]
22:37:07.0 (4689373)|HEAP_ALLOCATE|[7]|Bytes:6
22:37:07.0 (4762024)|HEAP_ALLOCATE|[7]|Bytes:202
22:37:07.0 (4785102)|HEAP_ALLOCATE|[7]|Bytes:208
22:37:07.0 (4807224)|USER_DEBUG|[7]|DEBUG|data::ETLC_ApexBridge_Data:[debug=true, input={"mode":"fetchUserFeed","userId":"00550000005cg71AAA"}, isSuccess=null, messages=null, operation=BFFFollow_Controller, output=null, outputFlag=null, records=null]
22:37:07.0 (4814042)|STATEMENT_EXECUTE|[8]
22:37:07.0 (4871017)|VARIABLE_ASSIGNMENT|[EXTERNAL]|this|{"debug":true,"input":"{\"mode\":\"fetchUserFe (34 more) ...","operation":"BFFFollow_Controller"}|0x362e6bb0
22:37:07.0 (4890194)|METHOD_ENTRY|[8]||System.Type.forName(String)
22:37:07.0 (5528346)|METHOD_EXIT|[8]||System.Type.forName(String)
22:37:07.0 (5539612)|METHOD_ENTRY|[8]||System.Type.newInstance()
22:37:07.0 (6069866)|STATEMENT_EXECUTE|[1]
22:37:07.0 (6082484)|HEAP_ALLOCATE|[33]|Bytes:5
22:37:07.0 (6103497)|METHOD_EXIT|[1]|BFFFollow_Controller
22:37:07.0 (6108826)|HEAP_ALLOCATE|[33]|Bytes:4
22:37:07.0 (6116642)|VARIABLE_SCOPE_BEGIN|[1]|this|BFFFollow_Controller|true|false
22:37:07.0 (6133517)|VARIABLE_ASSIGNMENT|[1]|this|{}|0x50b3809
22:37:07.0 (6141502)|HEAP_ALLOCATE|[33]|Bytes:5
22:37:07.0 (6150301)|HEAP_ALLOCATE|[33]|Bytes:11
22:37:07.0 (6166548)|METHOD_ENTRY|[1]|01p50000002CIEj|ETLC_ApexBridge_Abstract.ETLC_ApexBridge_Abstract()
22:37:07.0 (6169474)|STATEMENT_EXECUTE|[1]
22:37:07.0 (6173434)|STATEMENT_EXECUTE|[1]
22:37:07.0 (6177892)|METHOD_EXIT|[1]|ETLC_ApexBridge_Abstract
22:37:07.0 (6184589)|CONSTRUCTOR_ENTRY|[EXTERNAL]|01p50000002CIEj|<init>()
22:37:07.0 (6203923)|VARIABLE_SCOPE_BEGIN|[1]|this|ETLC_ApexBridge_Abstract|true|false
22:37:07.0 (6218627)|VARIABLE_ASSIGNMENT|[1]|this|{}|0x50b3809
22:37:07.0 (6231722)|STATEMENT_EXECUTE|[1]
22:37:07.0 (6236272)|CONSTRUCTOR_EXIT|[EXTERNAL]|01p50000002CIEj|<init>()
22:37:07.0 (6241432)|STATEMENT_EXECUTE|[1]
22:37:07.0 (6245923)|HEAP_ALLOCATE|[33]|Bytes:5
22:37:07.0 (6261864)|METHOD_EXIT|[8]||System.Type.newInstance()
22:37:07.0 (6269427)|VARIABLE_SCOPE_BEGIN|[8]|executor|ETLC_ApexBridge_Abstract|true|false
22:37:07.0 (6281981)|VARIABLE_ASSIGNMENT|[8]|executor|{}|0x50b3809
22:37:07.0 (6284347)|STATEMENT_EXECUTE|[9]
22:37:07.0 (6321918)|METHOD_ENTRY|[9]|01p50000002D8iw|BFFFollow_Controller.process(ETLC_ApexBridge_Data)
22:37:07.0 (6345899)|VARIABLE_SCOPE_BEGIN|[3]|this|BFFFollow_Controller|true|false
22:37:07.0 (6360106)|VARIABLE_ASSIGNMENT|[3]|this|{}|0x50b3809
22:37:07.0 (6364488)|VARIABLE_SCOPE_BEGIN|[3]|data|ETLC_ApexBridge_Data|true|false
22:37:07.0 (6388218)|VARIABLE_ASSIGNMENT|[3]|data|{"debug":true,"input":"{\"mode\":\"fetchUserFe (34 more) ...","operation":"BFFFollow_Controller"}|0x362e6bb0
22:37:07.0 (6397566)|HEAP_ALLOCATE|[4]|Bytes:5
22:37:07.0 (6401367)|STATEMENT_EXECUTE|[3]
22:37:07.0 (6402705)|STATEMENT_EXECUTE|[4]
22:37:07.0 (6485012)|VARIABLE_ASSIGNMENT|[EXTERNAL]|this|{"debug":true,"input":"{\"mode\":\"fetchUserFe (34 more) ...","operation":"BFFFollow_Controller"}|0x362e6bb0
22:37:07.0 (6511250)|VARIABLE_ASSIGNMENT|[4]|BFFFollow_Controller.debugFlag|true
22:37:07.0 (6548533)|VARIABLE_ASSIGNMENT|[EXTERNAL]|this|{"debug":true,"input":"{\"mode\":\"fetchUserFe (34 more) ...","operation":"BFFFollow_Controller"}|0x362e6bb0
22:37:07.0 (6561595)|STATEMENT_EXECUTE|[5]
22:37:07.0 (6569615)|HEAP_ALLOCATE|[5]|Bytes:12
22:37:07.0 (6604665)|HEAP_ALLOCATE|[5]|Bytes:202
22:37:07.0 (6617886)|HEAP_ALLOCATE|[5]|Bytes:214
22:37:07.0 (6628172)|USER_DEBUG|[5]|DEBUG|data BEFORE:ETLC_ApexBridge_Data:[debug=true, input={"mode":"fetchUserFeed","userId":"00550000005cg71AAA"}, isSuccess=null, messages=null, operation=BFFFollow_Controller, output=null, outputFlag=null, records=null]
22:37:07.0 (6634385)|STATEMENT_EXECUTE|[7]
22:37:07.0 (6641644)|HEAP_ALLOCATE|[7]|Bytes:4
22:37:07.0 (6658024)|METHOD_ENTRY|[7]|01p50000002CIEo|ETLC_ApexBridge_Data.getInputValue(String)
22:37:07.0 (6677240)|VARIABLE_SCOPE_BEGIN|[52]|this|ETLC_ApexBridge_Data|true|false
22:37:07.0 (6703306)|VARIABLE_ASSIGNMENT|[52]|this|{"debug":true,"input":"{\"mode\":\"fetchUserFe (34 more) ...","operation":"BFFFollow_Controller"}|0x362e6bb0
22:37:07.0 (6709456)|VARIABLE_SCOPE_BEGIN|[52]|key|String|false|false
22:37:07.0 (6713410)|VARIABLE_ASSIGNMENT|[52]|key|"mode"
22:37:07.0 (6717374)|STATEMENT_EXECUTE|[52]
22:37:07.0 (6718856)|STATEMENT_EXECUTE|[53]
22:37:07.0 (6781921)|VARIABLE_ASSIGNMENT|[EXTERNAL]|this|{"debug":true,"input":"{\"mode\":\"fetchUserFe (34 more) ...","operation":"BFFFollow_Controller"}|0x362e6bb0
22:37:07.0 (6799402)|METHOD_ENTRY|[53]||System.JSON.deserializeUntyped(String)
22:37:07.0 (7047075)|METHOD_EXIT|[53]||System.JSON.deserializeUntyped(String)
22:37:07.0 (7056739)|VARIABLE_SCOPE_BEGIN|[53]|inputMap|Map<String,ANY>|true|false
22:37:07.0 (7086188)|VARIABLE_ASSIGNMENT|[53]|inputMap|{"s":1,"v":{"mode":"fetchUserFeed","userId":"00550000005cg71AAA"}}|0x21ec0d2d
22:37:07.0 (7093962)|STATEMENT_EXECUTE|[54]
22:37:07.0 (7143051)|METHOD_EXIT|[7]|01p50000002CIEo|ETLC_ApexBridge_Data.getInputValue(String)
22:37:07.0 (7152344)|VARIABLE_SCOPE_BEGIN|[7]|mode|String|false|false
22:37:07.0 (7163681)|VARIABLE_ASSIGNMENT|[7]|mode|"fetchUserFeed"
22:37:07.0 (7169933)|HEAP_ALLOCATE|[9]|Bytes:18
22:37:07.0 (7210667)|HEAP_ALLOCATE|[12]|Bytes:17
22:37:07.0 (7221713)|HEAP_ALLOCATE|[14]|Bytes:13
22:37:07.0 (7231848)|STATEMENT_EXECUTE|[14]
22:37:07.0 (7233512)|STATEMENT_EXECUTE|[15]
22:37:07.0 (7241872)|HEAP_ALLOCATE|[15]|Bytes:6
22:37:07.0 (7255471)|METHOD_ENTRY|[15]|01p50000002CIEo|ETLC_ApexBridge_Data.getInputValue(String)
22:37:07.0 (7267906)|VARIABLE_SCOPE_BEGIN|[52]|this|ETLC_ApexBridge_Data|true|false
22:37:07.0 (7295974)|VARIABLE_ASSIGNMENT|[52]|this|{"debug":true,"input":"{\"mode\":\"fetchUserFe (34 more) ...","operation":"BFFFollow_Controller"}|0x362e6bb0
22:37:07.0 (7299650)|VARIABLE_SCOPE_BEGIN|[52]|key|String|false|false
22:37:07.0 (7302831)|VARIABLE_ASSIGNMENT|[52]|key|"userId"
22:37:07.0 (7306399)|STATEMENT_EXECUTE|[52]
22:37:07.0 (7307635)|STATEMENT_EXECUTE|[53]
22:37:07.0 (7337376)|VARIABLE_ASSIGNMENT|[EXTERNAL]|this|{"debug":true,"input":"{\"mode\":\"fetchUserFe (34 more) ...","operation":"BFFFollow_Controller"}|0x362e6bb0
22:37:07.0 (7348455)|METHOD_ENTRY|[53]||System.JSON.deserializeUntyped(String)
22:37:07.0 (7465566)|METHOD_EXIT|[53]||System.JSON.deserializeUntyped(String)
22:37:07.0 (7473384)|VARIABLE_SCOPE_BEGIN|[53]|inputMap|Map<String,ANY>|true|false
22:37:07.0 (7491518)|VARIABLE_ASSIGNMENT|[53]|inputMap|{"s":1,"v":{"mode":"fetchUserFeed","userId":"00550000005cg71AAA"}}|0x30473200
22:37:07.0 (7494969)|STATEMENT_EXECUTE|[54]
22:37:07.0 (7513925)|METHOD_EXIT|[15]|01p50000002CIEo|ETLC_ApexBridge_Data.getInputValue(String)
22:37:07.0 (7530313)|HEAP_ALLOCATE|[15]|Bytes:4
22:37:07.0 (7544166)|METHOD_ENTRY|[15]|01p50000002D8iw|BFFFollow_Controller.fetchUserFeed(Id)
22:37:07.0 (7551763)|VARIABLE_SCOPE_BEGIN|[65]|this|BFFFollow_Controller|true|false
22:37:07.0 (7565194)|VARIABLE_ASSIGNMENT|[65]|this|{}|0x50b3809
22:37:07.0 (7569810)|VARIABLE_SCOPE_BEGIN|[65]|userId|Id|false|false
22:37:07.0 (7635948)|VARIABLE_ASSIGNMENT|[65]|userId|"00550000005cg71AAA"
22:37:07.0 (7647448)|HEAP_ALLOCATE|[66]|Bytes:5
22:37:07.0 (7651360)|STATEMENT_EXECUTE|[65]
22:37:07.0 (7652659)|STATEMENT_EXECUTE|[66]
22:37:07.0 (7653606)|STATEMENT_EXECUTE|[66]
22:37:07.0 (7654712)|STATEMENT_EXECUTE|[67]
22:37:07.0 (7698171)|HEAP_ALLOCATE|[67]|Bytes:24
22:37:07.0 (7710362)|SYSTEM_METHOD_ENTRY|[1]|Network.Network()
22:37:07.0 (7713060)|STATEMENT_EXECUTE|[1]
22:37:07.0 (7720260)|SYSTEM_METHOD_EXIT|[1]|Network
22:37:07.0 (7734230)|METHOD_ENTRY|[67]||System.Network.getNetworkId()
22:37:07.0 (7771035)|METHOD_EXIT|[67]||System.Network.getNetworkId()
22:37:07.0 (7981463)|HEAP_ALLOCATE|[67]|Bytes:18
22:37:07.0 (8023244)|HEAP_ALLOCATE|[67]|Bytes:968
22:37:07.0 (8034333)|SYSTEM_METHOD_ENTRY|[5]|ChatterFeeds.ChatterFeeds()
22:37:07.0 (8036636)|STATEMENT_EXECUTE|[5]
22:37:07.0 (8042766)|SYSTEM_METHOD_EXIT|[5]|ChatterFeeds
22:37:07.0 (8058543)|METHOD_ENTRY|[67]||ConnectApi.ChatterFeeds.getFeedElementsFromFeed(String, ConnectApi.FeedType, String)
22:37:07.0 (74191033)|SYSTEM_METHOD_EXIT|[5]|FeedElementPage
22:37:07.0 (74211323)|HEAP_ALLOCATE|[3649]|Bytes:84
22:37:07.0 (74218172)|HEAP_ALLOCATE|[3649]|Bytes:12
22:37:07.0 (74221674)|HEAP_ALLOCATE|[3649]|Bytes:8
22:37:07.0 (74229724)|VARIABLE_SCOPE_BEGIN|[39]|this|ConnectApi.FeedElementPage|true|false
22:37:07.0 (74289083)|VARIABLE_ASSIGNMENT|[39]|this|{}|0x5705086e
22:37:07.0 (74293393)|VARIABLE_SCOPE_BEGIN|[39]|versionIn|Double|false|false
22:37:07.0 (74299948)|VARIABLE_ASSIGNMENT|[39]|versionIn|34.0
22:37:07.0 (74302171)|VARIABLE_SCOPE_BEGIN|[39]|javaObj|java:sfdc.chatter.connect.api.output.feeds.FeedElementCollectionRepresentation|true|false
22:37:07.0 (74392470)|VARIABLE_ASSIGNMENT|[39]|javaObj|"sfdc.chatter.connect.api.output.feeds.FeedElementCollectionRepresentation@22239b78"|0x22239b78
22:37:07.0 (75000697)|SYSTEM_METHOD_EXIT|[5]|FeedItem
22:37:07.0 (75010427)|HEAP_ALLOCATE|[59]|Bytes:252
22:37:07.0 (75014852)|HEAP_ALLOCATE|[59]|Bytes:12
22:37:07.0 (75018321)|HEAP_ALLOCATE|[59]|Bytes:8
22:37:07.0 (75023253)|VARIABLE_SCOPE_BEGIN|[56]|this|ConnectApi.FeedItem|true|false
22:37:07.0 (75060890)|HEAP_ALLOCATE|[59]|Bytes:312
22:37:07.0 (75067116)|HEAP_ALLOCATE|[59]|Bytes:75
22:37:07.0 (75098155)|SYSTEM_METHOD_ENTRY|[5]|FeedElement.FeedElement()
22:37:07.0 (75101503)|STATEMENT_EXECUTE|[5]
22:37:07.0 (75109713)|SYSTEM_METHOD_EXIT|[5]|FeedElement
22:37:07.0 (75139810)|VARIABLE_ASSIGNMENT|[56]|this|{}|0x75f9b0ca
22:37:07.0 (75143893)|VARIABLE_SCOPE_BEGIN|[56]|versionIn|Double|false|false
22:37:07.0 (75149450)|VARIABLE_ASSIGNMENT|[56]|versionIn|34.0
22:37:07.0 (75151871)|VARIABLE_SCOPE_BEGIN|[56]|javaObj|java:sfdc.chatter.connect.api.output.feeds.FeedItemRepresentation|true|false
22:37:07.0 (75235280)|VARIABLE_ASSIGNMENT|[56]|javaObj|"\n\u003CFeedItem id(0D55000003LmBsDCAV)\u003E\n\u003CUser id(00550000005cg71AAA) name(Jaswinder Rattanpal) /\u003E\n\u003CFeedBody text(Test 1\n), isRichText(true) /\u003Esfdc.chatter.connect.api.output.feeds.FeedElementCommentCollectionRepresentation@4eaf8dc0\n\u003C/FeedItem\u003E"|0x3116aa03
22:37:07.0 (75453122)|SYSTEM_METHOD_EXIT|[5]|FeedBody
22:37:07.0 (75460151)|HEAP_ALLOCATE|[46]|Bytes:36
22:37:07.0 (75464653)|HEAP_ALLOCATE|[46]|Bytes:12
22:37:07.0 (75467828)|HEAP_ALLOCATE|[46]|Bytes:8
22:37:07.0 (75471716)|VARIABLE_SCOPE_BEGIN|[16]|this|ConnectApi.FeedBody|true|false
22:37:07.0 (75491662)|HEAP_ALLOCATE|[46]|Bytes:164
22:37:07.0 (75496678)|HEAP_ALLOCATE|[46]|Bytes:44
22:37:07.0 (75518385)|SYSTEM_METHOD_ENTRY|[5]|AbstractMessageBody.AbstractMessageBody()
22:37:07.0 (75520813)|STATEMENT_EXECUTE|[5]
22:37:07.0 (75527554)|SYSTEM_METHOD_EXIT|[5]|AbstractMessageBody
22:37:07.0 (75540913)|VARIABLE_ASSIGNMENT|[16]|this|{}|0xf500f02
22:37:07.0 (75544741)|VARIABLE_SCOPE_BEGIN|[16]|versionIn|Double|false|false
22:37:07.0 (75549987)|VARIABLE_ASSIGNMENT|[16]|versionIn|34.0
22:37:07.0 (75552283)|VARIABLE_SCOPE_BEGIN|[16]|javaObj|java:sfdc.chatter.connect.api.output.feeds.FeedBodyRepresentation|true|false
22:37:07.0 (75617090)|VARIABLE_ASSIGNMENT|[16]|javaObj|"\n\u003CFeedBody text(Test 1\n), isRichText(true) /\u003E"|0x379781c2
22:37:07.0 (75982290)|SYSTEM_METHOD_EXIT|[5]|MarkupBeginSegment
22:37:07.0 (75989908)|HEAP_ALLOCATE|[43]|Bytes:44
22:37:07.0 (75994031)|HEAP_ALLOCATE|[43]|Bytes:12
22:37:07.0 (75997092)|HEAP_ALLOCATE|[43]|Bytes:8
22:37:07.0 (76001210)|VARIABLE_SCOPE_BEGIN|[20]|this|ConnectApi.MarkupBeginSegment|true|false
22:37:07.0 (76026367)|HEAP_ALLOCATE|[43]|Bytes:120
22:37:07.0 (76031871)|HEAP_ALLOCATE|[43]|Bytes:40
22:37:07.0 (76055033)|SYSTEM_METHOD_ENTRY|[5]|MessageSegment.MessageSegment()
22:37:07.0 (76057546)|STATEMENT_EXECUTE|[5]
22:37:07.0 (76064187)|SYSTEM_METHOD_EXIT|[5]|MessageSegment
22:37:07.0 (76076383)|VARIABLE_ASSIGNMENT|[20]|this|{}|0x5e4cb7d
22:37:07.0 (76081529)|VARIABLE_SCOPE_BEGIN|[20]|versionIn|Double|false|false
22:37:07.0 (76088324)|VARIABLE_ASSIGNMENT|[20]|versionIn|34.0
22:37:07.0 (76095624)|VARIABLE_SCOPE_BEGIN|[20]|javaObj|java:sfdc.chatter.connect.api.output.feeds.MarkupBeginMessageSegmentRepresentation|true|false
22:37:07.0 (76164808)|VARIABLE_ASSIGNMENT|[20]|javaObj|"MarkupBegin(\"Paragraph\", \"p\")"|0x1262f70
22:37:07.0 (77030663)|SYSTEM_METHOD_EXIT|[5]|TextSegment
22:37:07.0 (77042282)|HEAP_ALLOCATE|[43]|Bytes:28
22:37:07.0 (77046595)|HEAP_ALLOCATE|[43]|Bytes:12
22:37:07.0 (77049671)|HEAP_ALLOCATE|[43]|Bytes:8
22:37:07.0 (77053886)|VARIABLE_SCOPE_BEGIN|[16]|this|ConnectApi.TextSegment|true|false
22:37:07.0 (77075822)|VARIABLE_ASSIGNMENT|[16]|this|{}|0x51311da
22:37:07.0 (77079526)|VARIABLE_SCOPE_BEGIN|[16]|versionIn|Double|false|false
22:37:07.0 (77084048)|VARIABLE_ASSIGNMENT|[16]|versionIn|34.0
22:37:07.0 (77086104)|VARIABLE_SCOPE_BEGIN|[16]|javaObj|java:sfdc.chatter.connect.api.output.feeds.TextMessageSegmentRepresentation|true|false
22:37:07.0 (77155933)|VARIABLE_ASSIGNMENT|[16]|javaObj|"Text(\"Test 1\")"|0x260f9d26
22:37:07.0 (77457951)|SYSTEM_METHOD_EXIT|[5]|MarkupEndSegment
22:37:07.0 (77464857)|HEAP_ALLOCATE|[43]|Bytes:44
22:37:07.0 (77468604)|HEAP_ALLOCATE|[43]|Bytes:12
22:37:07.0 (77471641)|HEAP_ALLOCATE|[43]|Bytes:8
22:37:07.0 (77475639)|VARIABLE_SCOPE_BEGIN|[20]|this|ConnectApi.MarkupEndSegment|true|false
22:37:07.0 (77499974)|VARIABLE_ASSIGNMENT|[20]|this|{}|0x16626b38
22:37:07.0 (77503881)|VARIABLE_SCOPE_BEGIN|[20]|versionIn|Double|false|false
22:37:07.0 (77508435)|VARIABLE_ASSIGNMENT|[20]|versionIn|34.0
22:37:07.0 (77510390)|VARIABLE_SCOPE_BEGIN|[20]|javaObj|java:sfdc.chatter.connect.api.output.feeds.MarkupEndMessageSegmentRepresentation|true|false
22:37:07.0 (77574343)|VARIABLE_ASSIGNMENT|[20]|javaObj|"MarkupEnd(\"Paragraph\", \"p\")"|0x10a7faed
22:37:07.0 (77986337)|SYSTEM_METHOD_EXIT|[5]|FeedElementCapabilities
22:37:07.0 (77994526)|HEAP_ALLOCATE|[49]|Bytes:236
22:37:07.0 (77998488)|HEAP_ALLOCATE|[49]|Bytes:12
22:37:07.0 (78001662)|HEAP_ALLOCATE|[49]|Bytes:8
22:37:07.0 (78006553)|VARIABLE_SCOPE_BEGIN|[77]|this|ConnectApi.FeedElementCapabilities|true|false
22:37:07.0 (78063741)|VARIABLE_ASSIGNMENT|[77]|this|{}|0xd27a4e2
22:37:07.0 (78068191)|VARIABLE_SCOPE_BEGIN|[77]|versionIn|Double|false|false
22:37:07.0 (78073177)|VARIABLE_ASSIGNMENT|[77]|versionIn|34.0
22:37:07.0 (78075530)|VARIABLE_SCOPE_BEGIN|[77]|javaObj|java:sfdc.chatter.connect.api.output.feeds.FeedElementCapabilitySetRepresentation|true|false
22:37:07.0 (78142496)|VARIABLE_ASSIGNMENT|[77]|javaObj|"sfdc.chatter.connect.api.output.feeds.FeedElementCapabilitySetRepresentation@579beecd"|0x579beecd
22:37:07.0 (78329522)|SYSTEM_METHOD_EXIT|[5]|AssociatedActionsCapability
22:37:07.0 (78336419)|HEAP_ALLOCATE|[85]|Bytes:20
22:37:07.0 (78340343)|HEAP_ALLOCATE|[85]|Bytes:12
22:37:07.0 (78343592)|HEAP_ALLOCATE|[85]|Bytes:8
22:37:07.0 (78347591)|VARIABLE_SCOPE_BEGIN|[18]|this|ConnectApi.AssociatedActionsCapability|true|false
22:37:07.0 (78368431)|VARIABLE_ASSIGNMENT|[18]|this|{}|0x52a574ad
22:37:07.0 (78372208)|VARIABLE_SCOPE_BEGIN|[18]|versionIn|Double|false|false
22:37:07.0 (78376940)|VARIABLE_ASSIGNMENT|[18]|versionIn|34.0
22:37:07.0 (78379186)|VARIABLE_SCOPE_BEGIN|[18]|javaObj|java:sfdc.chatter.connect.api.output.feeds.AssociatedActionsCapabilityRepresentation|true|false
22:37:07.0 (78442026)|VARIABLE_ASSIGNMENT|[18]|javaObj|"sfdc.chatter.connect.api.output.feeds.AssociatedActionsCapabilityRepresentation@7dfa9c86"|0x7dfa9c86
22:37:07.0 (78830707)|SYSTEM_METHOD_EXIT|[5]|BookmarksCapability
22:37:07.0 (78837417)|HEAP_ALLOCATE|[91]|Bytes:20
22:37:07.0 (78841491)|HEAP_ALLOCATE|[91]|Bytes:12
22:37:07.0 (78844509)|HEAP_ALLOCATE|[91]|Bytes:8
22:37:07.0 (78848171)|VARIABLE_SCOPE_BEGIN|[18]|this|ConnectApi.BookmarksCapability|true|false
22:37:07.0 (78867714)|VARIABLE_ASSIGNMENT|[18]|this|{}|0x4dca276f
22:37:07.0 (78871468)|VARIABLE_SCOPE_BEGIN|[18]|versionIn|Double|false|false
22:37:07.0 (78876118)|VARIABLE_ASSIGNMENT|[18]|versionIn|34.0
22:37:07.0 (78878091)|VARIABLE_SCOPE_BEGIN|[18]|javaObj|java:sfdc.chatter.connect.api.output.feeds.BookmarksCapabilityRepresentation|true|false
22:37:07.0 (78940401)|VARIABLE_ASSIGNMENT|[18]|javaObj|"sfdc.chatter.connect.api.output.feeds.BookmarksCapabilityRepresentation@45af459d"|0x45af459d
22:37:07.0 (79171274)|SYSTEM_METHOD_EXIT|[5]|ChatterLikesCapability
22:37:07.0 (79179468)|HEAP_ALLOCATE|[103]|Bytes:44
22:37:07.0 (79183833)|HEAP_ALLOCATE|[103]|Bytes:12
22:37:07.0 (79187051)|HEAP_ALLOCATE|[103]|Bytes:8
22:37:07.0 (79191348)|VARIABLE_SCOPE_BEGIN|[24]|this|ConnectApi.ChatterLikesCapability|true|false
22:37:07.0 (79215348)|VARIABLE_ASSIGNMENT|[24]|this|{}|0x3cd64199
22:37:07.0 (79219316)|VARIABLE_SCOPE_BEGIN|[24]|versionIn|Double|false|false
22:37:07.0 (79223821)|VARIABLE_ASSIGNMENT|[24]|versionIn|34.0
22:37:07.0 (79226077)|VARIABLE_SCOPE_BEGIN|[24]|javaObj|java:sfdc.chatter.connect.api.output.feeds.ChatterLikesCapabilityRepresentation|true|false
22:37:07.0 (79291946)|VARIABLE_ASSIGNMENT|[24]|javaObj|"sfdc.chatter.connect.api.output.feeds.ChatterLikesCapabilityRepresentation@1561e429"|0x1561e429
22:37:07.0 (79475264)|SYSTEM_METHOD_EXIT|[5]|MessageBody
22:37:07.0 (79482359)|HEAP_ALLOCATE|[32]|Bytes:36
22:37:07.0 (79486288)|HEAP_ALLOCATE|[32]|Bytes:12
22:37:07.0 (79489318)|HEAP_ALLOCATE|[32]|Bytes:8
22:37:07.0 (79492900)|VARIABLE_SCOPE_BEGIN|[16]|this|ConnectApi.MessageBody|true|false
22:37:07.0 (79514789)|VARIABLE_ASSIGNMENT|[16]|this|{}|0x98c48b5
22:37:07.0 (79518254)|VARIABLE_SCOPE_BEGIN|[16]|versionIn|Double|false|false
22:37:07.0 (79522986)|VARIABLE_ASSIGNMENT|[16]|versionIn|34.0
22:37:07.0 (79524947)|VARIABLE_SCOPE_BEGIN|[16]|javaObj|java:sfdc.chatter.connect.api.output.feeds.MessageBodyRepresentation|true|false
22:37:07.0 (79590789)|VARIABLE_ASSIGNMENT|[16]|javaObj|"\n\u003CMessageBody text(Test User likes this.), isRichText(null) /\u003E"|0x36b067b4
22:37:07.0 (79824170)|SYSTEM_METHOD_EXIT|[5]|EntityLinkSegment
22:37:07.0 (79831185)|HEAP_ALLOCATE|[43]|Bytes:44
22:37:07.0 (79835169)|HEAP_ALLOCATE|[43]|Bytes:12
22:37:07.0 (79838239)|HEAP_ALLOCATE|[43]|Bytes:8
22:37:07.0 (79842168)|VARIABLE_SCOPE_BEGIN|[20]|this|ConnectApi.EntityLinkSegment|true|false
22:37:07.0 (79865407)|VARIABLE_ASSIGNMENT|[20]|this|{}|0x38642272
22:37:07.0 (79869483)|VARIABLE_SCOPE_BEGIN|[20]|versionIn|Double|false|false
22:37:07.0 (79873885)|VARIABLE_ASSIGNMENT|[20]|versionIn|34.0
22:37:07.0 (79875927)|VARIABLE_SCOPE_BEGIN|[20]|javaObj|java:sfdc.chatter.connect.api.output.feeds.EntityLinkMessageSegmentRepresentation|true|false
22:37:07.0 (79942091)|VARIABLE_ASSIGNMENT|[20]|javaObj|"EntityLink(\"Test User\")"|0x223ed9fb
22:37:07.0 (80196483)|SYSTEM_METHOD_EXIT|[5]|Motif
22:37:07.0 (80208173)|HEAP_ALLOCATE|[25]|Bytes:52
22:37:07.0 (80212177)|HEAP_ALLOCATE|[25]|Bytes:12
22:37:07.0 (80215194)|HEAP_ALLOCATE|[25]|Bytes:8
22:37:07.0 (80219447)|VARIABLE_SCOPE_BEGIN|[31]|this|ConnectApi.Motif|true|false
22:37:07.0 (80243869)|VARIABLE_ASSIGNMENT|[31]|this|{}|0x499ce4e9
22:37:07.0 (80247883)|VARIABLE_SCOPE_BEGIN|[31]|versionIn|Double|false|false
22:37:07.0 (80254639)|VARIABLE_ASSIGNMENT|[31]|versionIn|34.0
22:37:07.0 (80257158)|VARIABLE_SCOPE_BEGIN|[31]|javaObj|java:sfdc.common.connect.api.output.common.MotifRepresentation|true|false
22:37:07.0 (80324641)|VARIABLE_ASSIGNMENT|[31]|javaObj|"sfdc.common.connect.api.output.common.MotifRepresentation@7c24b7a9"|0x7c24b7a9
22:37:07.0 (80543543)|SYSTEM_METHOD_EXIT|[5]|Reference
22:37:07.0 (80550318)|HEAP_ALLOCATE|[28]|Bytes:28
22:37:07.0 (80554050)|HEAP_ALLOCATE|[28]|Bytes:12
22:37:07.0 (80556938)|HEAP_ALLOCATE|[28]|Bytes:8
22:37:07.0 (80561283)|VARIABLE_SCOPE_BEGIN|[25]|this|ConnectApi.Reference|true|false
22:37:07.0 (80581705)|VARIABLE_ASSIGNMENT|[25]|this|{}|0x65ca6ded
22:37:07.0 (80585151)|VARIABLE_SCOPE_BEGIN|[25]|versionIn|Double|false|false
22:37:07.0 (80589542)|VARIABLE_ASSIGNMENT|[25]|versionIn|34.0
22:37:07.0 (80591349)|VARIABLE_SCOPE_BEGIN|[25]|javaObj|java:sfdc.common.connect.api.output.common.ReferenceRepresentation|true|false
22:37:07.0 (80655790)|VARIABLE_ASSIGNMENT|[25]|javaObj|"sfdc.common.connect.api.output.common.ReferenceRepresentation@316f91ae"|0x316f91ae
22:37:07.0 (81116115)|SYSTEM_METHOD_EXIT|[5]|ChatterLikePage
22:37:07.0 (81124099)|HEAP_ALLOCATE|[38]|Bytes:84
22:37:07.0 (81128063)|HEAP_ALLOCATE|[38]|Bytes:12
22:37:07.0 (81131212)|HEAP_ALLOCATE|[38]|Bytes:8
22:37:07.0 (81138227)|VARIABLE_SCOPE_BEGIN|[39]|this|ConnectApi.ChatterLikePage|true|false
22:37:07.0 (81167991)|VARIABLE_ASSIGNMENT|[39]|this|{}|0x1ffa80c6
22:37:07.0 (81171456)|VARIABLE_SCOPE_BEGIN|[39]|versionIn|Double|false|false
22:37:07.0 (81176061)|VARIABLE_ASSIGNMENT|[39]|versionIn|34.0
22:37:07.0 (81177790)|VARIABLE_SCOPE_BEGIN|[39]|javaObj|java:sfdc.chatter.connect.api.output.feeds.LikeCollectionRepresentation|true|false
22:37:07.0 (81240776)|VARIABLE_ASSIGNMENT|[39]|javaObj|"sfdc.chatter.connect.api.output.feeds.LikeCollectionRepresentation@46bae56f"|0x46bae56f
22:37:07.0 (81565184)|SYSTEM_METHOD_EXIT|[5]|ChatterLike
22:37:07.0 (81572212)|HEAP_ALLOCATE|[59]|Bytes:44
22:37:07.0 (81576066)|HEAP_ALLOCATE|[59]|Bytes:12
22:37:07.0 (81578978)|HEAP_ALLOCATE|[59]|Bytes:8
22:37:07.0 (81583114)|VARIABLE_SCOPE_BEGIN|[29]|this|ConnectApi.ChatterLike|true|false
22:37:07.0 (81606442)|VARIABLE_ASSIGNMENT|[29]|this|{}|0x70295d50
22:37:07.0 (81609936)|VARIABLE_SCOPE_BEGIN|[29]|versionIn|Double|false|false
22:37:07.0 (81614348)|VARIABLE_ASSIGNMENT|[29]|versionIn|34.0
22:37:07.0 (81616222)|VARIABLE_SCOPE_BEGIN|[29]|javaObj|java:sfdc.chatter.connect.api.output.feeds.LikeRepresentation|true|false
22:37:07.0 (81684313)|VARIABLE_ASSIGNMENT|[29]|javaObj|"sfdc.chatter.connect.api.output.feeds.LikeRepresentation@3d86401a"|0x3d86401a
22:37:07.0 (82040092)|SYSTEM_METHOD_EXIT|[5]|UserSummary
22:37:07.0 (82048052)|HEAP_ALLOCATE|[44]|Bytes:164
22:37:07.0 (82051952)|HEAP_ALLOCATE|[44]|Bytes:12
22:37:07.0 (82055243)|HEAP_ALLOCATE|[44]|Bytes:8
22:37:07.0 (82058754)|VARIABLE_SCOPE_BEGIN|[18]|this|ConnectApi.UserSummary|true|false
22:37:07.0 (82089224)|HEAP_ALLOCATE|[44]|Bytes:344
22:37:07.0 (82100342)|HEAP_ALLOCATE|[44]|Bytes:76
22:37:07.0 (82123093)|SYSTEM_METHOD_ENTRY|[5]|User.User()
22:37:07.0 (82125456)|STATEMENT_EXECUTE|[5]
22:37:07.0 (82134815)|SYSTEM_METHOD_EXIT|[5]|User
22:37:07.0 (82149315)|HEAP_ALLOCATE|[44]|Bytes:204
22:37:07.0 (82154599)|HEAP_ALLOCATE|[44]|Bytes:49
22:37:07.0 (82161217)|SYSTEM_METHOD_ENTRY|[5]|ActorWithId.ActorWithId()
22:37:07.0 (82163024)|STATEMENT_EXECUTE|[5]
22:37:07.0 (82168241)|SYSTEM_METHOD_EXIT|[5]|ActorWithId
22:37:07.0 (82177759)|HEAP_ALLOCATE|[44]|Bytes:116
22:37:07.0 (82182092)|HEAP_ALLOCATE|[44]|Bytes:40
22:37:07.0 (82188015)|SYSTEM_METHOD_ENTRY|[5]|Actor.Actor()
22:37:07.0 (82189725)|STATEMENT_EXECUTE|[5]
22:37:07.0 (82194488)|SYSTEM_METHOD_EXIT|[5]|Actor
22:37:07.0 (82209690)|VARIABLE_ASSIGNMENT|[18]|this|{}|0x76b11bdc
22:37:07.0 (82213091)|VARIABLE_SCOPE_BEGIN|[18]|versionIn|Double|false|false
22:37:07.0 (82218419)|VARIABLE_ASSIGNMENT|[18]|versionIn|34.0
22:37:07.0 (82220382)|VARIABLE_SCOPE_BEGIN|[18]|javaObj|java:sfdc.chatter.connect.api.output.user.UserSummaryRepresentation|true|false
22:37:07.0 (82294549)|VARIABLE_ASSIGNMENT|[18]|javaObj|"\n\u003CUser id(00550000005d7KnAAI) name(Test User) /\u003E"|0x673119f8
22:37:07.0 (82898388)|SYSTEM_METHOD_EXIT|[5]|Photo
22:37:07.0 (82904721)|HEAP_ALLOCATE|[64]|Bytes:68
22:37:07.0 (82908419)|HEAP_ALLOCATE|[64]|Bytes:12
22:37:07.0 (82911404)|HEAP_ALLOCATE|[64]|Bytes:8
22:37:07.0 (82914908)|VARIABLE_SCOPE_BEGIN|[35]|this|ConnectApi.Photo|true|false
22:37:07.0 (82940409)|VARIABLE_ASSIGNMENT|[35]|this|{}|0x5d480b93
22:37:07.0 (82943898)|VARIABLE_SCOPE_BEGIN|[35]|versionIn|Double|false|false
22:37:07.0 (82948563)|VARIABLE_ASSIGNMENT|[35]|versionIn|34.0
22:37:07.0 (82950342)|VARIABLE_SCOPE_BEGIN|[35]|javaObj|java:sfdc.chatter.connect.api.output.photo.PhotoRepresentation|true|false
22:37:07.0 (83017939)|VARIABLE_ASSIGNMENT|[35]|javaObj|"sfdc.chatter.connect.api.output.photo.PhotoRepresentation@524106b0"|0x524106b0
22:37:07.0 (84633065)|SYSTEM_METHOD_EXIT|[5]|CommentsCapability
22:37:07.0 (84641046)|HEAP_ALLOCATE|[106]|Bytes:20
22:37:07.0 (84645497)|HEAP_ALLOCATE|[106]|Bytes:12
22:37:07.0 (84648601)|HEAP_ALLOCATE|[106]|Bytes:8
22:37:07.0 (84652499)|VARIABLE_SCOPE_BEGIN|[18]|this|ConnectApi.CommentsCapability|true|false
22:37:07.0 (84673156)|VARIABLE_ASSIGNMENT|[18]|this|{}|0x43c1aa64
22:37:07.0 (84676810)|VARIABLE_SCOPE_BEGIN|[18]|versionIn|Double|false|false
22:37:07.0 (84681431)|VARIABLE_ASSIGNMENT|[18]|versionIn|34.0
22:37:07.0 (84683405)|VARIABLE_SCOPE_BEGIN|[18]|javaObj|java:sfdc.chatter.connect.api.output.feeds.CommentsCapabilityRepresentation|true|false
22:37:07.0 (84750447)|VARIABLE_ASSIGNMENT|[18]|javaObj|"sfdc.chatter.connect.api.output.feeds.CommentsCapabilityRepresentation@5e48251c"|0x5e48251c
22:37:07.0 (84919786)|SYSTEM_METHOD_EXIT|[5]|CommentPage
22:37:07.0 (84926909)|HEAP_ALLOCATE|[23]|Bytes:68
22:37:07.0 (84930687)|HEAP_ALLOCATE|[23]|Bytes:12
22:37:07.0 (84933946)|HEAP_ALLOCATE|[23]|Bytes:8
22:37:07.0 (84937676)|VARIABLE_SCOPE_BEGIN|[35]|this|ConnectApi.CommentPage|true|false
22:37:07.0 (84963499)|VARIABLE_ASSIGNMENT|[35]|this|{}|0x466cce3
22:37:07.0 (84967164)|VARIABLE_SCOPE_BEGIN|[35]|versionIn|Double|false|false
22:37:07.0 (84972047)|VARIABLE_ASSIGNMENT|[35]|versionIn|34.0
22:37:07.0 (84973989)|VARIABLE_SCOPE_BEGIN|[35]|javaObj|java:sfdc.chatter.connect.api.output.feeds.FeedElementCommentCollectionRepresentation|true|false
22:37:07.0 (85038904)|VARIABLE_ASSIGNMENT|[35]|javaObj|"sfdc.chatter.connect.api.output.feeds.FeedElementCommentCollectionRepresentation@2c58aad0"|0x2c58aad0
22:37:07.0 (85328637)|SYSTEM_METHOD_EXIT|[5]|Comment
22:37:07.0 (85335297)|HEAP_ALLOCATE|[48]|Bytes:156
22:37:07.0 (85339147)|HEAP_ALLOCATE|[48]|Bytes:12
22:37:07.0 (85342222)|HEAP_ALLOCATE|[48]|Bytes:8
22:37:07.0 (85346261)|VARIABLE_SCOPE_BEGIN|[57]|this|ConnectApi.Comment|true|false
22:37:07.0 (85383607)|VARIABLE_ASSIGNMENT|[57]|this|{}|0x6284a7b5
22:37:07.0 (85387559)|VARIABLE_SCOPE_BEGIN|[57]|versionIn|Double|false|false
22:37:07.0 (85392091)|VARIABLE_ASSIGNMENT|[57]|versionIn|34.0
22:37:07.0 (85394335)|VARIABLE_SCOPE_BEGIN|[57]|javaObj|java:sfdc.chatter.connect.api.output.feeds.CommentRepresentation|true|false
22:37:07.0 (85476722)|VARIABLE_ASSIGNMENT|[57]|javaObj|"\n\u003CComment id(0D750000002KRgU) parent(sfdc.common.connect.api.output.common.ReferenceRepresentation@7d7b1e3c) \u003E\n\u003CFeedBody text(Test), isRichText(false) /\u003E\n\u003CUser id(00550000005d7KnAAI) name(Test User) /\u003E\n\u003C/Comment"|0x4fc8c4a4
22:37:07.0 (85968583)|SYSTEM_METHOD_EXIT|[5]|CommentCapabilities
22:37:07.0 (85975587)|HEAP_ALLOCATE|[68]|Bytes:28
22:37:07.0 (85979574)|HEAP_ALLOCATE|[68]|Bytes:12
22:37:07.0 (85982623)|HEAP_ALLOCATE|[68]|Bytes:8
22:37:07.0 (85986792)|VARIABLE_SCOPE_BEGIN|[25]|this|ConnectApi.CommentCapabilities|true|false
22:37:07.0 (86006978)|VARIABLE_ASSIGNMENT|[25]|this|{}|0x26aff9a7
22:37:07.0 (86011111)|VARIABLE_SCOPE_BEGIN|[25]|versionIn|Double|false|false
22:37:07.0 (86015695)|VARIABLE_ASSIGNMENT|[25]|versionIn|34.0
22:37:07.0 (86017608)|VARIABLE_SCOPE_BEGIN|[25]|javaObj|java:sfdc.chatter.connect.api.output.feeds.CommentCapabilitySetRepresentation|true|false
22:37:07.0 (86083827)|VARIABLE_ASSIGNMENT|[25]|javaObj|"sfdc.chatter.connect.api.output.feeds.CommentCapabilitySetRepresentation@61d15bc8"|0x61d15bc8
22:37:07.0 (87995339)|SYSTEM_METHOD_EXIT|[5]|MentionSegment
22:37:07.0 (88003225)|HEAP_ALLOCATE|[43]|Bytes:60
22:37:07.0 (88007512)|HEAP_ALLOCATE|[43]|Bytes:12
22:37:07.0 (88010743)|HEAP_ALLOCATE|[43]|Bytes:8
22:37:07.0 (88014731)|VARIABLE_SCOPE_BEGIN|[24]|this|ConnectApi.MentionSegment|true|false
22:37:07.0 (88042301)|VARIABLE_ASSIGNMENT|[24]|this|{}|0x4d9a32ef
22:37:07.0 (88045982)|VARIABLE_SCOPE_BEGIN|[24]|versionIn|Double|false|false
22:37:07.0 (88050584)|VARIABLE_ASSIGNMENT|[24]|versionIn|34.0
22:37:07.0 (88052649)|VARIABLE_SCOPE_BEGIN|[24]|javaObj|java:sfdc.chatter.connect.api.output.feeds.MentionMessageSegmentRepresentation|true|false
22:37:07.0 (88142752)|VARIABLE_ASSIGNMENT|[24]|javaObj|"Mention(\"Test User\",00550000005d7KnAAI,true)"|0x1421983a
22:37:07.0 (95980700)|SYSTEM_METHOD_EXIT|[5]|InteractionsCapability
22:37:07.0 (95988989)|HEAP_ALLOCATE|[127]|Bytes:20
22:37:07.0 (95993550)|HEAP_ALLOCATE|[127]|Bytes:12
22:37:07.0 (95996810)|HEAP_ALLOCATE|[127]|Bytes:8
22:37:07.0 (96000630)|VARIABLE_SCOPE_BEGIN|[18]|this|ConnectApi.InteractionsCapability|true|false
22:37:07.0 (96023097)|VARIABLE_ASSIGNMENT|[18]|this|{}|0x7fc59e6d
22:37:07.0 (96028441)|VARIABLE_SCOPE_BEGIN|[18]|versionIn|Double|false|false
22:37:07.0 (96034371)|VARIABLE_ASSIGNMENT|[18]|versionIn|34.0
22:37:07.0 (96036720)|VARIABLE_SCOPE_BEGIN|[18]|javaObj|java:sfdc.chatter.connect.api.output.feeds.InteractionsCapabilityRepresentation|true|false
22:37:07.0 (96106162)|VARIABLE_ASSIGNMENT|[18]|javaObj|"sfdc.chatter.connect.api.output.feeds.InteractionsCapabilityRepresentation@4a17d506"|0x4a17d506
22:37:07.0 (96319064)|SYSTEM_METHOD_EXIT|[5]|MuteCapability
22:37:07.0 (96325439)|HEAP_ALLOCATE|[136]|Bytes:20
22:37:07.0 (96329410)|HEAP_ALLOCATE|[136]|Bytes:12
22:37:07.0 (96332531)|HEAP_ALLOCATE|[136]|Bytes:8
22:37:07.0 (96336326)|VARIABLE_SCOPE_BEGIN|[18]|this|ConnectApi.MuteCapability|true|false
22:37:07.0 (96357048)|VARIABLE_ASSIGNMENT|[18]|this|{}|0x56869be1
22:37:07.0 (96360547)|VARIABLE_SCOPE_BEGIN|[18]|versionIn|Double|false|false
22:37:07.0 (96365328)|VARIABLE_ASSIGNMENT|[18]|versionIn|34.0
22:37:07.0 (96367334)|VARIABLE_SCOPE_BEGIN|[18]|javaObj|java:sfdc.chatter.connect.api.output.feeds.MuteCapabilityRepresentation|true|false
22:37:07.0 (96430553)|VARIABLE_ASSIGNMENT|[18]|javaObj|"sfdc.chatter.connect.api.output.feeds.MuteCapabilityRepresentation@4efe2943"|0x4efe2943
22:37:07.0 (96657160)|SYSTEM_METHOD_EXIT|[5]|StatusCapability
22:37:07.0 (96663930)|HEAP_ALLOCATE|[157]|Bytes:28
22:37:07.0 (96667968)|HEAP_ALLOCATE|[157]|Bytes:12
22:37:07.0 (96671049)|HEAP_ALLOCATE|[157]|Bytes:8
22:37:07.0 (96674402)|VARIABLE_SCOPE_BEGIN|[20]|this|ConnectApi.StatusCapability|true|false
22:37:07.0 (96697679)|VARIABLE_ASSIGNMENT|[20]|this|{}|0x1d9be007
22:37:07.0 (96701192)|VARIABLE_SCOPE_BEGIN|[20]|versionIn|Double|false|false
22:37:07.0 (96705907)|VARIABLE_ASSIGNMENT|[20]|versionIn|34.0
22:37:07.0 (96707769)|VARIABLE_SCOPE_BEGIN|[20]|javaObj|java:sfdc.chatter.connect.api.output.feeds.StatusCapabilityRepresentation|true|false
22:37:07.0 (96788992)|VARIABLE_ASSIGNMENT|[20]|javaObj|"sfdc.chatter.connect.api.output.feeds.StatusCapabilityRepresentation@69d0b957"|0x69d0b957
22:37:07.0 (97222591)|SYSTEM_METHOD_EXIT|[5]|TopicsCapability
22:37:07.0 (97230480)|HEAP_ALLOCATE|[160]|Bytes:28
22:37:07.0 (97234668)|HEAP_ALLOCATE|[160]|Bytes:12
22:37:07.0 (97238194)|HEAP_ALLOCATE|[160]|Bytes:8
22:37:07.0 (97242156)|VARIABLE_SCOPE_BEGIN|[20]|this|ConnectApi.TopicsCapability|true|false
22:37:07.0 (97265064)|VARIABLE_ASSIGNMENT|[20]|this|{}|0xb6b6e1f
22:37:07.0 (97269024)|VARIABLE_SCOPE_BEGIN|[20]|versionIn|Double|false|false
22:37:07.0 (97273740)|VARIABLE_ASSIGNMENT|[20]|versionIn|34.0
22:37:07.0 (97275680)|VARIABLE_SCOPE_BEGIN|[20]|javaObj|java:sfdc.chatter.connect.api.output.feeds.TopicsCapabilityRepresentation|true|false
22:37:07.0 (97339138)|VARIABLE_ASSIGNMENT|[20]|javaObj|"sfdc.chatter.connect.api.output.feeds.TopicsCapabilityRepresentation@3460ea00"|0x3460ea00
22:37:07.0 (121806859)|METHOD_EXIT|[67]||ConnectApi.ChatterFeeds.getFeedElementsFromFeed(String, ConnectApi.FeedType, String)
22:37:07.0 (121817260)|VARIABLE_SCOPE_BEGIN|[67]|fep|ConnectApi.FeedElementPage|true|false
22:37:07.0 (121853919)|VARIABLE_ASSIGNMENT|[67]|fep|{}|0x5705086e
22:37:07.0 (121857862)|STATEMENT_EXECUTE|[68]
22:37:07.0 (121937943)|HEAP_ALLOCATE|[68]|Bytes:84
22:37:07.0 (121947952)|VARIABLE_SCOPE_BEGIN|[105]|this|ConnectApi.FeedElementPage|true|false
22:37:07.0 (121973290)|VARIABLE_ASSIGNMENT|[105]|this|{}|0x5705086e
22:37:07.0 (192472417)|USER_DEBUG|[68]|DEBUG|ConnectApi.FeedElementPage[buildVersion=34.0, currentPageToken=null, currentPageUrl=/services/data/v34.0/chatter/feeds/user-profile/00550000005cg71AAA/feed-elements, elements=(ConnectApi.FeedItem[buildVersion=34.0, actor=ConnectApi.UserSummary[buildVersion=34.0, additionalLabel=null, communityNickname=bfffollow1.4689653052892656E12, companyName=BFFFollow, displayName=Jaswinder Rattanpal, firstName=Jaswinder, id=00550000005cg71AAA, isActive=true, isInThisCommunity=true, lastName=Rattanpal, motif=ConnectApi.Motif[buildVersion=34.0, color=65CAE4, largeIconUrl=/img/icon/profile64.png, mediumIconUrl=/img/icon/profile32.png, smallIconUrl=/img/icon/profile16.png, svgIconUrl=null], mySubscription=null, name=Jaswinder Rattanpal, photo=ConnectApi.Photo[buildVersion=34.0, fullEmailPhotoUrl=https://bfffollow-dev-ed.my.salesforce.com/img/userprofile/default_profile_200.png?fromEmail=1, largePhotoUrl=https://bfffollow-dev-ed--c.na3.content.force.com/profilephoto/005/F, photoVersionId=null, smallPhotoUrl=https://bfffollow-dev-ed--c.na3.content.force.com/profilephoto/005/T, standardEmailPhotoUrl=https://bfffollow-dev-ed.my.salesforce.com/img/userprofile/default_profile_45.png?fromEmail=1, url=/services/data/v34.0/chatter/users/00550000005cg71AAA/photo], reputation=null, title=null, type=User, url=/services/data/v34.0/chatter/users/00550000005cg71AAA, userType=Internal], body=ConnectApi.FeedBody[buildVersion=34.0, messageSegments=(ConnectApi.MarkupBeginSegment[buildVersion=34.0, text=, type=MarkupBegin], ConnectApi.TextSegment[buildVersion=34.0, text=Test 1, type=Text], ConnectApi.MarkupEndSegment[buildVersion=34.0, text=
, type=MarkupEnd]), text=Test 1
], canShare=true, capabilities=ConnectApi.FeedElementCapabilities[buildVersion=34.0, approval=null, associatedActions=ConnectApi.AssociatedActionsCapability[buildVersion=34.0, platformActionGroups=()], banner=null, bookmarks=ConnectApi.BookmarksCapability[buildVersion=34.0, isBookmarkedByCurrentUser=false], bundle=null, canvas=null, caseComment=null, chatterLikes=ConnectApi.ChatterLikesCapability[buildVersion=34.0, isLikedByCurrentUser=false, likesMessage=ConnectApi.MessageBody[buildVersion=34.0, messageSegments=(ConnectApi.EntityLinkSegment[buildVersion=34.0, motif=ConnectApi.Motif[buildVersion=34.0, color=65CAE4, largeIconUrl=/img/icon/profile64.png, mediumIconUrl=/img/icon/profile32.png, smallIconUrl=/img/icon/profile16.png, svgIconUrl=null], reference=ConnectApi.Reference[buildVersion=34.0, id=00550000005d7KnAAI, url=/services/data/v34.0/chatter/users/00550000005d7KnAAI], text=Test User, type=EntityLink], ConnectApi.TextSegment[buildVersion=34.0, text= likes this., type=Text]), text=Test User likes this.], myLike=null, page=ConnectApi.ChatterLikePage[buildVersion=34.0, currentPageToken=0, currentPageUrl=/services/data/v34.0/chatter/feed-elements/0D55000003LmBsDCAV/capabilities/chatter-likes/items, items=(ConnectApi.ChatterLike[buildVersion=34.0, id=0I050000001eN0WCAU, likedItem=ConnectApi.Reference[buildVersion=34.0, id=0D55000003LmBsDCAV, url=/services/data/v34.0/chatter/feed-elements/0D55000003LmBsDCAV], url=/services/data/v34.0/chatter/likes/0I050000001eN0WCAU, user=ConnectApi.UserSummary[buildVersion=34.0, additionalLabel=null, communityNickname=jrattanpal, companyName=null, displayName=Test User, firstName=Test, id=00550000005d7KnAAI, isActive=true, isInThisCommunity=true, lastName=User, motif=ConnectApi.Motif[buildVersion=34.0, color=65CAE4, largeIconUrl=/img/icon/profile64.png, mediumIconUrl=/img/icon/profile32.png, smallIconUrl=/img/icon/profile16.png, svgIconUrl=null], mySubscription=ConnectApi.Reference[buildVersion=34.0, id=0E85000000Dvxc2CAB, url=/services/data/v34.0/chatter/subscriptions/0E85000000Dvxc2CAB], name=Test User, photo=ConnectApi.Photo[buildVersion=34.0, fullEmailPhotoUrl=https://bfffollow-dev-ed.my.salesforce.com/img/userprofile/default_profile_200.png?fromEmail=1, largePhotoUrl=https://bfffollow-dev-ed--c.na3.content.force.com/profilephoto/005/F, photoVersionId=null, smallPhotoUrl=https://bfffollow-dev-ed--c.na3.content.force.com/profilephoto/005/T, standardEmailPhotoUrl=https://bfffollow-dev-ed.my.salesforce.com/img/userprofile/default_profile_45.png?fromEmail=1, url=/services/data/v34.0/chatter/users/00550000005d7KnAAI/photo], reputation=null, title=null, type=User, url=/services/data/v34.0/chatter/users/00550000005d7KnAAI, userType=Internal]]), nextPageToken=null, nextPageUrl=null, previousPageToken=null, previousPageUrl=null, total=1]], comments=ConnectApi.CommentsCapability[buildVersion=34.0, page=ConnectApi.CommentPage[buildVersion=34.0, currentPageToken=null, currentPageUrl=/services/data/v34.0/chatter/feed-elements/0D55000003LmBsDCAV/capabilities/comments/items, items=(ConnectApi.Comment[buildVersion=34.0, body=ConnectApi.FeedBody[buildVersion=34.0, messageSegments=(ConnectApi.TextSegment[buildVersion=34.0, text=Test, type=Text]), text=Test], capabilities=ConnectApi.CommentCapabilities[buildVersion=34.0, content=null, edit=null], clientInfo=null, createdDate=2016-07-21 10:45:26, feedElement=ConnectApi.Reference[buildVersion=34.0, id=0D55000003LmBsDCAV, url=/services/data/v34.0/chatter/feed-elements/0D55000003LmBsDCAV], id=0D750000002KRgUCAW, isDeleteRestricted=false, likes=ConnectApi.ChatterLikePage[buildVersion=34.0, currentPageToken=null, currentPageUrl=/services/data/v34.0/chatter/comments/0D750000002KRgUCAW/likes, items=(), nextPageToken=null, nextPageUrl=null, previousPageToken=null, previousPageUrl=null, total=0], likesMessage=null, moderationFlags=null, myLike=null, parent=ConnectApi.Reference[buildVersion=34.0, id=00550000005cg71AAA, url=/services/data/v34.0/chatter/users/00550000005cg71AAA], relativeCreatedDate=11h ago, type=TextComment, url=/services/data/v34.0/chatter/comments/0D750000002KRgUCAW, user=ConnectApi.UserSummary[buildVersion=34.0, additionalLabel=null, communityNickname=jrattanpal, companyName=null, displayName=Test User, firstName=Test, id=00550000005d7KnAAI, isActive=true, isInThisCommunity=true, lastName=User, motif=ConnectApi.Motif[buildVersion=34.0, color=65CAE4, largeIconUrl=/img/icon/profile64.png, mediumIconUrl=/img/icon/profile32.png, smallIconUrl=/img/icon/profile16.png, svgIconUrl=null], mySubscription=ConnectApi.Reference[buildVersion=34.0, id=0E85000000Dvxc2CAB, url=/services/data/v34.0/chatter/subscriptions/0E85000000Dvxc2CAB], name=Test User, photo=ConnectApi.Photo[buildVersion=34.0, fullEmailPhotoUrl=https://bfffollow-dev-ed.my.salesforce.com/img/userprofile/default_profile_200.png?fromEmail=1, largePhotoUrl=https://bfffollow-dev-ed--c.na3.content.force.com/profilephoto/005/F, photoVersionId=null, smallPhotoUrl=https://bfffollow-dev-ed--c.na3.content.force.com/profilephoto/005/T, standardEmailPhotoUrl=https://bfffollow-dev-ed.my.salesforce.com/img/userprofile/default_profile_45.png?fromEmail=1, url=/services/data/v34.0/chatter/users/00550000005d7KnAAI/photo], reputation=null, title=null, type=User, url=/services/data/v34.0/chatter/users/00550000005d7KnAAI, userType=Internal]], ConnectApi.Comment[buildVersion=34.0, body=ConnectApi.FeedBody[buildVersion=34.0, messageSegments=(ConnectApi.MentionSegment[buildVersion=34.0, accessible=true, name=Test User, record=ConnectApi.UserSummary[buildVersion=34.0, additionalLabel=null, communityNickname=jrattanpal, companyName=null, displayName=Test User, firstName=Test, id=00550000005d7KnAAI, isActive=true, isInThisCommunity=true, lastName=User, motif=ConnectApi.Motif[buildVersion=34.0, color=65CAE4, largeIconUrl=/img/icon/profile64.png, mediumIconUrl=/img/icon/profile32.png, smallIconUrl=/img/icon/profile16.png, svgIconUrl=null], mySubscription=ConnectApi.Reference[buildVersion=34.0, id=0E85000000Dvxc2CAB, url=/services/data/v34.0/chatter/subscriptions/0E85000000Dvxc2CAB], name=Test User, photo=ConnectApi.Photo[buildVersion=34.0, fullEmailPhotoUrl=https://bfffollow-dev-ed.my.salesforce.com/img/userprofile/default_profile_200.png?fromEmail=1, largePhotoUrl=https://bfffollow-dev-ed--c.na3.content.force.com/profilephoto/005/F, photoVersionId=null, smallPhotoUrl=https://bfffollow-dev-ed--c.na3.content.force.com/profilephoto/005/T, standardEmailPhotoUrl=https://bfffollow-dev-ed.my.salesforce.com/img/userprofile/default_profile_45.png?fromEmail=1, url=/services/data/v34.0/chatter/users/00550000005d7KnAAI/photo], reputation=null, title=null, type=User, url=/services/data/v34.0/chatter/users/00550000005d7KnAAI, userType=Internal], text=@Test User, type=Mention]), text=@Test User], capabilities=ConnectApi.CommentCapabilities[buildVersion=34.0, content=null, edit=null], clientInfo=null, createdDate=2016-07-21 10:45:59, feedElement=ConnectApi.Reference[buildVersion=34.0, id=0D55000003LmBsDCAV, url=/services/data/v34.0/chatter/feed-elements/0D55000003LmBsDCAV], id=0D750000002KRl0CAG, isDeleteRestricted=false, likes=ConnectApi.ChatterLikePage[buildVersion=34.0, currentPageToken=null, currentPageUrl=/services/data/v34.0/chatter/comments/0D750000002KRl0CAG/likes, items=(), nextPageToken=null, nextPageUrl=null, previousPageToken=null, previousPageUrl=null, total=0], likesMessage=null, moderationFlags=null, myLike=null, parent=ConnectApi.Reference[buildVersion=34.0, id=00550000005cg71AAA, url=/services/data/v34.0/chatter/users/00550000005cg71AAA], relativeCreatedDate=11h ago, type=TextComment, url=/services/data/v34.0/chatter/comments/0D750000002KRl0CAG, user=ConnectApi.UserSummary[buildVersion=34.0, additionalLabel=null, communityNickname=bfffollow1.4689653052892656E12, companyName=BFFFollow, displayName=Jaswinder Rattanpal, firstName=Jaswinder, id=00550000005cg71AAA, isActive=true, isInThisCommunity=true, lastName=Rattanpal, motif=ConnectApi.Motif[buildVersion=34.0, color=65CAE4, largeIconUrl=/img/icon/profile64.png, mediumIconUrl=/img/icon/profile32.png, smallIconUrl=/img/icon/profile16.png, svgIconUrl=null], mySubscription=null, name=Jaswinder Rattanpal, photo=ConnectApi.Photo[buildVersion=34.0, fullEmailPhotoUrl=https://bfffollow-dev-ed.my.salesforce.com/img/userprofile/default_profile_200.png?fromEmail=1, largePhotoUrl=https://bfffollow-dev-ed--c.na3.content.force.com/profilephoto/005/F, photoVersionId=null, smallPhotoUrl=https://bfffollow-dev-ed--c.na3.content.force.com/profilephoto/005/T, standardEmailPhotoUrl=https://bfffollow-dev-ed.my.salesforce.com/img/userprofile/default_profile_45.png?fromEmail=1, url=/services/data/v34.0/chatter/users/00550000005cg71AAA/photo], reputation=null, title=null, type=User, url=/services/data/v34.0/chatter/users/00550000005cg71AAA, userType=Internal]]), nextPageToken=null, nextPageUrl=null, total=2]], content=null, dashboardComponentSnapshot=null, edit=null, emailMessage=null, enhancedLink=null, link=null, moderation=null, origin=null, poll=null, questionAndAnswers=null, recommendations=null, recordSnapshot=null, topics=ConnectApi.TopicsCapability[buildVersion=34.0, canAssignTopics=true, items=()], trackedChanges=null], clientInfo=null, createdDate=2016-07-21 00:33:49, event=false, feedElementType=FeedItem, header=ConnectApi.MessageBody[buildVersion=34.0, messageSegments=(ConnectApi.EntityLinkSegment[buildVersion=34.0, motif=ConnectApi.Motif[buildVersion=34.0, color=65CAE4, largeIconUrl=/img/icon/profile64.png, mediumIconUrl=/img/icon/profile32.png, smallIconUrl=/img/icon/profile16.png, svgIconUrl=null], reference=ConnectApi.Reference[buildVersion=34.0, id=00550000005cg71AAA, url=/services/data/v34.0/chatter/users/00550000005cg71AAA], text=Jaswinder Rattanpal, type=EntityLink]), text=Jaswinder Rattanpal], id=0D55000003LmBsDCAV, isDeleteRestricted=false, modifiedDate=2016-07-21 10:45:59, originalFeedItem=null, originalFeedItemActor=null, parent=ConnectApi.UserSummary[buildVersion=34.0, additionalLabel=null, communityNickname=bfffollow1.4689653052892656E12, companyName=BFFFollow, displayName=Jaswinder Rattanpal, firstName=Jaswinder, id=00550000005cg71AAA, isActive=true, isInThisCommunity=true, lastName=Rattanpal, motif=ConnectApi.Motif[buildVersion=34.0, color=65CAE4, largeIconUrl=/img/icon/profile64.png, mediumIconUrl=/img/icon/profile32.png, smallIconUrl=/img/icon/profile16.png, svgIconUrl=null], mySubscription=null, name=Jaswinder Rattanpal, photo=ConnectApi.Photo[buildVersion=34.0, fullEmailPhotoUrl=https://bfffollow-dev-ed.my.salesforce.com/img/userprofile/default_profile_200.png?fromEmail=1, largePhotoUrl=https://bfffollow-dev-ed--c.na3.content.force.com/profilephoto/005/F, photoVersionId=null, smallPhotoUrl=https://bfffollow-dev-ed--c.na3.content.force.com/profilephoto/005/T, standardEmailPhotoUrl=https://bfffollow-dev-ed.my.salesforce.com/img/userprofile/default_profile_45.png?fromEmail=1, url=/services/data/v34.0/chatter/users/00550000005cg71AAA/photo], reputation=null, title=null, type=User, url=/services/data/v34.0/chatter/users/00550000005cg71AAA, userType=Internal], photoUrl=https://bfffollow-dev-ed--c.na3.content.force.com/profilephoto/005/T, relativeCreatedDate=22h ago, type=TextPost, url=/services/data/v34.0/chatter/feed-elements/0D55000003LmBsDCAV, visibility=AllUsers], ConnectApi.FeedItem[buildVersion=34.0, actor=ConnectApi.UserSummary[buildVersion=34.0, additionalLabel=null, communityNickname=bfffollow1.4689653052892656E12, companyName=BFFFollow, displayName=Jaswinder Rattanpal, firstName=Jaswinder, id=00550000005cg71AAA, isActive=true, isInThisCommunity=true, lastName=Rattanpal, motif=ConnectApi.Motif[buildVersion=34.0, color=65CAE4, largeIconUrl=/img/icon/profile64.png, mediumIconUrl=/img/icon/profile32.png, smallIconUrl=/img/icon/profile16.png, svgIconUrl=null], mySubscription=null, name=Jaswinder Rattanpal, photo=ConnectApi.Photo[buildVersion=34.0, fullEmailPhotoUrl=https://bfffollow-dev-ed.my.salesforce.com/img/userprofile/default_profile_200.png?fromEmail=1, largePhotoUrl=https://bfffollow-dev-ed--c.na3.content.force.com/profilephoto/005/F, photoVersionId=null, smallPhotoUrl=https://bfffollow-dev-ed--c.na3.content.force.com/profilephoto/005/T, standardEmailPhotoUrl=https://bfffollow-dev-ed.my.salesforce.com/img/userprofile/default_profile_45.png?fromEmail=1, url=/services/data/v34.0/chatter/users/00550000005cg71AAA/photo], reputation=null, title=null, type=User, url=/services/data/v34.0/chatter/users/00550000005cg71AAA, userType=Internal], body=ConnectApi.FeedBody[buildVersion=34.0, messageSegments=(), text=null], canShare=false, capabilities=ConnectApi.FeedElementCapabilities[buildVersion=34.0, approval=null, associatedActions=ConnectApi.AssociatedActionsCapability[buildVersion=34.0, platformActionGroups=()], banner=null, bookmarks=ConnectApi.BookmarksCapability[buildVersion=34.0, isBookmarkedByCurrentUser=false], bundle=null, canvas=null, caseComment=null, chatterLikes=ConnectApi.ChatterLikesCapability[buildVersion=34.0, isLikedByCurrentUser=false, likesMessage=null, myLike=null, page=ConnectApi.ChatterLikePage[buildVersion=34.0, currentPageToken=0, currentPageUrl=/services/data/v34.0/chatter/feed-elements/0D55000003LmBs8CAF/capabilities/chatter-likes/items, items=(), nextPageToken=null, nextPageUrl=null, previousPageToken=null, previousPageUrl=null, total=0]], comments=ConnectApi.CommentsCapability[buildVersion=34.0, page=ConnectApi.CommentPage[buildVersion=34.0, currentPageToken=null, currentPageUrl=/services/data/v34.0/chatter/feed-elements/0D55000003LmBs8CAF/capabilities/comments/items, items=(), nextPageToken=null, nextPageUrl=null, total=0]], content=null, dashboardComponentSnapshot=null, edit=null, emailMessage=null, enhancedLink=null, link=null, moderation=null, origin=null, poll=null, questionAndAnswers=null, recommendations=null, recordSnapshot=null, topics=ConnectApi.TopicsCapability[buildVersion=34.0, canAssignTopics=true, items=()], trackedChanges=null], clientInfo=null, createdDate=2016-07-21 00:33:42, event=false, feedElementType=FeedItem, header=ConnectApi.MessageBody[buildVersion=34.0, messageSegments=(ConnectApi.EntityLinkSegment[buildVersion=34.0, motif=ConnectApi.Motif[buildVersion=34.0, color=65CAE4, largeIconUrl=/img/icon/profile64.png, mediumIconUrl=/img/icon/profile32.png, smallIconUrl=/img/icon/profile16.png, svgIconUrl=null], reference=ConnectApi.Reference[buildVersion=34.0, id=00550000005cg71AAA, url=/services/data/v34.0/chatter/users/00550000005cg71AAA], text=Jaswinder Rattanpal, type=EntityLink], ConnectApi.TextSegment[buildVersion=34.0, text= created the public group , type=Text], ConnectApi.EntityLinkSegment[buildVersion=34.0, motif=ConnectApi.Motif[buildVersion=34.0, color=83B6FF, largeIconUrl=/img/icon/groups64.png, mediumIconUrl=/img/icon/groups32.png, smallIconUrl=/img/icon/groups16.png, svgIconUrl=null], reference=ConnectApi.Reference[buildVersion=34.0, id=0F950000000YJ5jCAG, url=/services/data/v34.0/chatter/groups/0F950000000YJ5jCAG], text=All BFFFollow, type=EntityLink], ConnectApi.TextSegment[buildVersion=34.0, text=., type=Text]), text=Jaswinder Rattanpal created the public group All BFFFollow.], id=0D55000003LmBs8CAF, isDeleteRestricted=true, modifiedDate=2016-07-21 00:33:42, originalFeedItem=null, originalFeedItemActor=null, parent=ConnectApi.UserSummary[buildVersion=34.0, additionalLabel=null, communityNickname=bfffollow1.4689653052892656E12, companyName=BFFFollow, displayName=Jaswinder Rattanpal, firstName=Jaswinder, id=00550000005cg71AAA, isActive=true, isInThisCommunity=true, lastName=Rattanpal, motif=ConnectApi.Motif[buildVersion=34.0, color=65CAE4, largeIconUrl=/img/icon/profile64.png, mediumIconUrl=/img/icon/profile32.png, smallIconUrl=/img/icon/profile16.png, svgIconUrl=null], mySubscription=null, name=Jaswinder Rattanpal, photo=ConnectApi.Photo[buildVersion=34.0, fullEmailPhotoUrl=https://bfffollow-dev-ed.my.salesforce.com/img/userprofile/default_profile_200.png?fromEmail=1, largePhotoUrl=https://bfffollow-dev-ed--c.na3.content.force.com/profilephoto/005/F, photoVersionId=null, smallPhotoUrl=https://bfffollow-dev-ed--c.na3.content.force.com/profilephoto/005/T, standardEmailPhotoUrl=https://bfffollow-dev-ed.my.salesforce.com/img/userprofile/default_profile_45.png?fromEmail=1, url=/services/data/v34.0/chatter/users/00550000005cg71AAA/photo], reputation=null, title=null, type=User, url=/services/data/v34.0/chatter/users/00550000005cg71AAA, userType=Internal], photoUrl=https://bfffollow-dev-ed--c.na3.content.force.com/profilephoto/005/T, relativeCreatedDate=22h ago, type=CollaborationGroupCreated, url=/services/data/v34.0/chatter/feed-elements/0D55000003LmBs8CAF, visibility=AllUsers]), isModifiedToken=null, isModifiedUrl=null, nextPageToken=null, nextPageUrl=null, updatesToken=null, updatesUrl=null]
22:37:07.0 (192565527)|STATEMENT_EXECUTE|[69]
22:37:07.0 (192602814)|METHOD_ENTRY|[69]||System.JSON.serialize(Object)
22:37:07.0 (220868188)|METHOD_EXIT|[69]||System.JSON.serialize(Object)
22:37:07.0 (220894270)|METHOD_EXIT|[15]|01p50000002D8iw|BFFFollow_Controller.fetchUserFeed(Id)
22:37:07.0 (221003417)|VARIABLE_ASSIGNMENT|[EXTERNAL]|this|{"debug":true,"input":"{\"mode\":\"fetchUserFe (34 more) ...","operation":"BFFFollow_Controller"}|0x362e6bb0
22:37:07.0 (221018097)|VARIABLE_ASSIGNMENT|[EXTERNAL]|value|"{\"currentPageToken\": (15407 more) ..."
22:37:07.0 (221032236)|VARIABLE_ASSIGNMENT|[12]|this.output|"{\"currentPageToken\": (15407 more) ..."|0x362e6bb0
22:37:07.0 (221042506)|STATEMENT_EXECUTE|[16]
22:37:07.0 (221118002)|VARIABLE_ASSIGNMENT|[EXTERNAL]|this|{"debug":true,"input":"{\"mode\":\"fetchUserFe (34 more) ...","operation":"BFFFollow_Controller","output":"{\"currentPageToken\": (15407 more) ..."}|0x362e6bb0
22:37:07.0 (221174600)|VARIABLE_ASSIGNMENT|[EXTERNAL]|this|{"debug":true,"input":"{\"mode\":\"fetchUserFe (34 more) ...","operation":"BFFFollow_Controller","output":"{\"currentPageToken\": (15407 more) ..."}|0x362e6bb0
22:37:07.0 (221197721)|VARIABLE_ASSIGNMENT|[EXTERNAL]|value|true
22:37:07.0 (221206826)|HEAP_ALLOCATE|[15]|Bytes:5
22:37:07.0 (221222812)|VARIABLE_ASSIGNMENT|[15]|this.outputFlag|true|0x362e6bb0
22:37:07.0 (221240472)|STATEMENT_EXECUTE|[19]
22:37:07.0 (221242621)|STATEMENT_EXECUTE|[19]
22:37:07.0 (221251222)|HEAP_ALLOCATE|[19]|Bytes:11
22:37:07.0 (221411354)|HEAP_ALLOCATE|[19]|Bytes:15625
22:37:07.0 (221450156)|HEAP_ALLOCATE|[19]|Bytes:15636
22:37:07.0 (221487710)|USER_DEBUG|[19]|DEBUG|data AFTER:ETLC_ApexBridge_Data:[debug=true, input={"mode":"fetchUserFeed","userId":"00550000005cg71AAA"}, isSuccess=null, messages=null, operation=BFFFollow_Controller, output={"currentPageToken":null,"currentPageUrl":"/services/data/v34.0/chatter/feeds/user-profile/00550000005cg71AAA/feed-elements","elements":[{"actor":{"additionalLabel":null,"communityNickname":"bfffollow1.4689653052892656E12","companyName":"BFFFollow","displayName":"Jaswinder Rattanpal","firstName":"Jaswinder","id":"00550000005cg71AAA","isActive":true,"isInThisCommunity":true,"lastName":"Rattanpal","motif":{"color":"65CAE4","largeIconUrl":"/img/icon/profile64.png","mediumIconUrl":"/img/icon/profile32.png","smallIconUrl":"/img/icon/profile16.png","svgIconUrl":null},"mySubscription":null,"name":"Jaswinder Rattanpal","photo":{"fullEmailPhotoUrl":"https://bfffollow-dev-ed.my.salesforce.com/img/userprofile/default_profile_200.png?fromEmail=1","largePhotoUrl":"https://bfffollow-dev-ed--c.na3.content.force.com/profilephoto/005/F","photoVersionId":null,"smallPhotoUrl":"https://bfffollow-dev-ed--c.na3.content.force.com/profilephoto/005/T","standardEmailPhotoUrl":"https://bfffollow-dev-ed.my.salesforce.com/img/userprofile/default_profile_45.png?fromEmail=1","url":"/services/data/v34.0/chatter/users/00550000005cg71AAA/photo"},"reputation":null,"title":null,"type":"User","url":"/services/data/v34.0/chatter/users/00550000005cg71AAA","userType":"Internal"},"body":{"messageSegments":[{"text":"","type":"MarkupBegin"},{"text":"Test 1","type":"Text"},{"text":"\n","type":"MarkupEnd"}],"text":"Test 1\n"},"canShare":true,"capabilities":{"associatedActions":{"platformActionGroups":[]},"bookmarks":{"isBookmarkedByCurrentUser":false},"chatterLikes":{"isLikedByCurrentUser":false,"likesMessage":{"messageSegments":[{"motif":{"color":"65CAE4","largeIconUrl":"/img/icon/profile64.png","mediumIconUrl":"/img/icon/profile32.png","smallIconUrl":"/img/icon/profile16.png","svgIconUrl":null},"reference":{"id":"00550000005d7KnAAI","url":"/services/data/v34.0/chatter/users/00550000005d7KnAAI"},"text":"Test User","type":"EntityLink"},{"text":" likes this.","type":"Text"}],"text":"Test User likes this."},"myLike":null,"page":{"currentPageToken":0,"currentPageUrl":"/services/data/v34.0/chatter/feed-elements/0D55000003LmBsDCAV/capabilities/chatter-likes/items","items":[{"id":"0I050000001eN0WCAU","likedItem":{"id":"0D55000003LmBsDCAV","url":"/services/data/v34.0/chatter/feed-elements/0D55000003LmBsDCAV"},"url":"/services/data/v34.0/chatter/likes/0I050000001eN0WCAU","user":{"additionalLabel":null,"communityNickname":"jrattanpal","companyName":null,"displayName":"Test User","firstName":"Test","id":"00550000005d7KnAAI","isActive":true,"isInThisCommunity":true,"lastName":"User","motif":{"color":"65CAE4","largeIconUrl":"/img/icon/profile64.png","mediumIconUrl":"/img/icon/profile32.png","smallIconUrl":"/img/icon/profile16.png","svgIconUrl":null},"mySubscription":{"id":"0E85000000Dvxc2CAB","url":"/services/data/v34.0/chatter/subscriptions/0E85000000Dvxc2CAB"},"name":"Test User","photo":{"fullEmailPhotoUrl":"https://bfffollow-dev-ed.my.salesforce.com/img/userprofile/default_profile_200.png?fromEmail=1","largePhotoUrl":"https://bfffollow-dev-ed--c.na3.content.force.com/profilephoto/005/F","photoVersionId":null,"smallPhotoUrl":"https://bfffollow-dev-ed--c.na3.content.force.com/profilephoto/005/T","standardEmailPhotoUrl":"https://bfffollow-dev-ed.my.salesforce.com/img/userprofile/default_profile_45.png?fromEmail=1","url":"/services/data/v34.0/chatter/users/00550000005d7KnAAI/photo"},"reputation":null,"title":null,"type":"User","url":"/services/data/v34.0/chatter/users/00550000005d7KnAAI","userType":"Internal"}}],"nextPageToken":null,"nextPageUrl":null,"previousPageToken":null,"previousPageUrl":null,"total":1}},"comments":{"page":{"currentPageToken":null,"currentPageUrl":"/services/data/v34.0/chatter/feed-elements/0D55000003LmBsDCAV/capabilities/comments/items","items":[{"body":{"messageSegments":[{"text":"Test","type":"Text"}],"text":"Test"},"capabilities":{},"clientInfo":null,"createdDate":"2016-07-21T14:45:26.000Z","feedElement":{"id":"0D55000003LmBsDCAV","url":"/services/data/v34.0/chatter/feed-elements/0D55000003LmBsDCAV"},"id":"0D750000002KRgUCAW","isDeleteRestricted":false,"likes":{"currentPageToken":null,"currentPageUrl":"/services/data/v34.0/chatter/comments/0D750000002KRgUCAW/likes","items":[],"nextPageToken":null,"nextPageUrl":null,"previousPageToken":null,"previousPageUrl":null,"total":0},"likesMessage":null,"moderationFlags":null,"myLike":null,"parent":{"id":"00550000005cg71AAA","url":"/services/data/v34.0/chatter/users/00550000005cg71AAA"},"relativeCreatedDate":"11h ago","type":"TextComment","url":"/services/data/v34.0/chatter/comments/0D750000002KRgUCAW","user":{"additionalLabel":null,"communityNickname":"jrattanpal","companyName":null,"displayName":"Test User","firstName":"Test","id":"00550000005d7KnAAI","isActive":true,"isInThisCommunity":true,"lastName":"User","motif":{"color":"65CAE4","largeIconUrl":"/img/icon/profile64.png","mediumIconUrl":"/img/icon/profile32.png","smallIconUrl":"/img/icon/profile16.png","svgIconUrl":null},"mySubscription":{"id":"0E85000000Dvxc2CAB","url":"/services/data/v34.0/chatter/subscriptions/0E85000000Dvxc2CAB"},"name":"Test User","photo":{"fullEmailPhotoUrl":"https://bfffollow-dev-ed.my.salesforce.com/img/userprofile/default_profile_200.png?fromEmail=1","largePhotoUrl":"https://bfffollow-dev-ed--c.na3.content.force.com/profilephoto/005/F","photoVersionId":null,"smallPhotoUrl":"https://bfffollow-dev-ed--c.na3.content.force.com/profilephoto/005/T","standardEmailPhotoUrl":"https://bfffollow-dev-ed.my.salesforce.com/img/userprofile/default_profile_45.png?fromEmail=1","url":"/services/data/v34.0/chatter/users/00550000005d7KnAAI/photo"},"reputation":null,"title":null,"type":"User","url":"/services/data/v34.0/chatter/users/00550000005d7KnAAI","userType":"Internal"}},{"body":{"messageSegments":[{"accessible":true,"name":"Test User","record":{"additionalLabel":null,"communityNickname":"jrattanpal","companyName":null,"displayName":"Test User","firstName":"Test","id":"00550000005d7KnAAI","isActive":true,"isInThisCommunity":true,"lastName":"User","motif":{"color":"65CAE4","largeIconUrl":"/img/icon/profile64.png","mediumIconUrl":"/img/icon/profile32.png","smallIconUrl":"/img/icon/profile16.png","svgIconUrl":null},"mySubscription":{"id":"0E85000000Dvxc2CAB","url":"/services/data/v34.0/chatter/subscriptions/0E85000000Dvxc2CAB"},"name":"Test User","photo":{"fullEmailPhotoUrl":"https://bfffollow-dev-ed.my.salesforce.com/img/userprofile/default_profile_200.png?fromEmail=1","largePhotoUrl":"https://bfffollow-dev-ed--c.na3.content.force.com/profilephoto/005/F","photoVersionId":null,"smallPhotoUrl":"https://bfffollow-dev-ed--c.na3.content.force.com/profilephoto/005/T","standardEmailPhotoUrl":"https://bfffollow-dev-ed.my.salesforce.com/img/userprofile/default_profile_45.png?fromEmail=1","url":"/services/data/v34.0/chatter/users/00550000005d7KnAAI/photo"},"reputation":null,"title":null,"type":"User","url":"/services/data/v34.0/chatter/users/00550000005d7KnAAI","userType":"Internal"},"text":"@Test User","type":"Mention"}],"text":"@Test User"},"capabilities":{},"clientInfo":null,"createdDate":"2016-07-21T14:45:59.000Z","feedElement":{"id":"0D55000003LmBsDCAV","url":"/services/data/v34.0/chatter/feed-elements/0D55000003LmBsDCAV"},"id":"0D750000002KRl0CAG","isDeleteRestricted":false,"likes":{"currentPageToken":null,"currentPageUrl":"/services/data/v34.0/chatter/comments/0D750000002KRl0CAG/likes","items":[],"nextPageToken":null,"nextPageUrl":null,"previousPageToken":null,"previousPageUrl":null,"total":0},"likesMessage":null,"moderationFlags":null,"myLike":null,"parent":{"id":"00550000005cg71AAA","url":"/services/data/v34.0/chatter/users/00550000005cg71AAA"},"relativeCreatedDate":"11h ago","type":"TextComment","url":"/services/data/v34.0/chatter/comments/0D750000002KRl0CAG","user":{"additionalLabel":null,"communityNickname":"bfffollow1.4689653052892656E12","companyName":"BFFFollow","displayName":"Jaswinder Rattanpal","firstName":"Jaswinder","id":"00550000005cg71AAA","isActive":true,"isInThisCommunity":true,"lastName":"Rattanpal","motif":{"color":"65CAE4","largeIconUrl":"/img/icon/profile64.png","mediumIconUrl":"/img/icon/profile32.png","smallIconUrl":"/img/icon/profile16.png","svgIconUrl":null},"mySubscription":null,"name":"Jaswinder Rattanpal","photo":{"fullEmailPhotoUrl":"https://bfffollow-dev-ed.my.salesforce.com/img/userprofile/default_profile_200.png?fromEmail=1","largePhotoUrl":"https://bfffollow-dev-ed--c.na3.content.force.com/profilephoto/005/F","photoVersionId":null,"smallPhotoUrl":"https://bfffollow-dev-ed--c.na3.content.force.com/profilephoto/005/T","standardEmailPhotoUrl":"https://bfffollow-dev-ed.my.salesforce.com/img/userprofile/default_profile_45.png?fromEmail=1","url":"/services/data/v34.0/chatter/users/00550000005cg71AAA/photo"},"reputation":null,"title":null,"type":"User","url":"/services/data/v34.0/chatter/users/00550000005cg71AAA","userType":"Internal"}}],"nextPageToken":null,"nextPageUrl":null,"total":2}},"topics":{"canAssignTopics":true,"items":[]}},"clientInfo":null,"createdDate":"2016-07-21T04:33:49.000Z","event":false,"feedElementType":"FeedItem","header":{"messageSegments":[{"motif":{"color":"65CAE4","largeIconUrl":"/img/icon/profile64.png","mediumIconUrl":"/img/icon/profile32.png","smallIconUrl":"/img/icon/profile16.png","svgIconUrl":null},"reference":{"id":"00550000005cg71AAA","url":"/services/data/v34.0/chatter/users/00550000005cg71AAA"},"text":"Jaswinder Rattanpal","type":"EntityLink"}],"text":"Jaswinder Rattanpal"},"id":"0D55000003LmBsDCAV","isDeleteRestricted":false,"modifiedDate":"2016-07-21T14:45:59.000Z","originalFeedItem":null,"originalFeedItemActor":null,"parent":{"additionalLabel":null,"communityNickname":"bfffollow1.4689653052892656E12","companyName":"BFFFollow","displayName":"Jaswinder Rattanpal","firstName":"Jaswinder","id":"00550000005cg71AAA","isActive":true,"isInThisCommunity":true,"lastName":"Rattanpal","motif":{"color":"65CAE4","largeIconUrl":"/img/icon/profile64.png","mediumIconUrl":"/img/icon/profile32.png","smallIconUrl":"/img/icon/profile16.png","svgIconUrl":null},"mySubscription":null,"name":"Jaswinder Rattanpal","photo":{"fullEmailPhotoUrl":"https://bfffollow-dev-ed.my.salesforce.com/img/userprofile/default_profile_200.png?fromEmail=1","largePhotoUrl":"https://bfffollow-dev-ed--c.na3.content.force.com/profilephoto/005/F","photoVersionId":null,"smallPhotoUrl":"https://bfffollow-dev-ed--c.na3.content.force.com/profilephoto/005/T","standardEmailPhotoUrl":"https://bfffollow-dev-ed.my.salesforce.com/img/userprofile/default_profile_45.png?fromEmail=1","url":"/services/data/v34.0/chatter/users/00550000005cg71AAA/photo"},"reputation":null,"title":null,"type":"User","url":"/services/data/v34.0/chatter/users/00550000005cg71AAA","userType":"Internal"},"photoUrl":"https://bfffollow-dev-ed--c.na3.content.force.com/profilephoto/005/T","relativeCreatedDate":"22h ago","type":"TextPost","url":"/services/data/v34.0/chatter/feed-elements/0D55000003LmBsDCAV","visibility":"AllUsers"},{"actor":{"additionalLabel":null,"communityNickname":"bfffollow1.4689653052892656E12","companyName":"BFFFollow","displayName":"Jaswinder Rattanpal","firstName":"Jaswinder","id":"00550000005cg71AAA","isActive":true,"isInThisCommunity":true,"lastName":"Rattanpal","motif":{"color":"65CAE4","largeIconUrl":"/img/icon/profile64.png","mediumIconUrl":"/img/icon/profile32.png","smallIconUrl":"/img/icon/profile16.png","svgIconUrl":null},"mySubscription":null,"name":"Jaswinder Rattanpal","photo":{"fullEmailPhotoUrl":"https://bfffollow-dev-ed.my.salesforce.com/img/userprofile/default_profile_200.png?fromEmail=1","largePhotoUrl":"https://bfffollow-dev-ed--c.na3.content.force.com/profilephoto/005/F","photoVersionId":null,"smallPhotoUrl":"https://bfffollow-dev-ed--c.na3.content.force.com/profilephoto/005/T","standardEmailPhotoUrl":"https://bfffollow-dev-ed.my.salesforce.com/img/userprofile/default_profile_45.png?fromEmail=1","url":"/services/data/v34.0/chatter/users/00550000005cg71AAA/photo"},"reputation":null,"title":null,"type":"User","url":"/services/data/v34.0/chatter/users/00550000005cg71AAA","userType":"Internal"},"body":{"messageSegments":[],"text":null},"canShare":false,"capabilities":{"associatedActions":{"platformActionGroups":[]},"bookmarks":{"isBookmarkedByCurrentUser":false},"chatterLikes":{"isLikedByCurrentUser":false,"likesMessage":null,"myLike":null,"page":{"currentPageToken":0,"currentPageUrl":"/services/data/v34.0/chatter/feed-elements/0D55000003LmBs8CAF/capabilities/chatter-likes/items","items":[],"nextPageToken":null,"nextPageUrl":null,"previousPageToken":null,"previousPageUrl":null,"total":0}},"comments":{"page":{"currentPageToken":null,"currentPageUrl":"/services/data/v34.0/chatter/feed-elements/0D55000003LmBs8CAF/capabilities/comments/items","items":[],"nextPageToken":null,"nextPageUrl":null,"total":0}},"topics":{"canAssignTopics":true,"items":[]}},"clientInfo":null,"createdDate":"2016-07-21T04:33:42.000Z","event":false,"feedElementType":"FeedItem","header":{"messageSegments":[{"motif":{"color":"65CAE4","largeIconUrl":"/img/icon/profile64.png","mediumIconUrl":"/img/icon/profile32.png","smallIconUrl":"/img/icon/profile16.png","svgIconUrl":null},"reference":{"id":"00550000005cg71AAA","url":"/services/data/v34.0/chatter/users/00550000005cg71AAA"},"text":"Jaswinder Rattanpal","type":"EntityLink"},{"text":" created the public group ","type":"Text"},{"motif":{"color":"83B6FF","largeIconUrl":"/img/icon/groups64.png","mediumIconUrl":"/img/icon/groups32.png","smallIconUrl":"/img/icon/groups16.png","svgIconUrl":null},"reference":{"id":"0F950000000YJ5jCAG","url":"/services/data/v34.0/chatter/groups/0F950000000YJ5jCAG"},"text":"All BFFFollow","type":"EntityLink"},{"text":".","type":"Text"}],"text":"Jaswinder Rattanpal created the public group All BFFFollow."},"id":"0D55000003LmBs8CAF","isDeleteRestricted":true,"modifiedDate":"2016-07-21T04:33:42.000Z","originalFeedItem":null,"originalFeedItemActor":null,"parent":{"additionalLabel":null,"communityNickname":"bfffollow1.4689653052892656E12","companyName":"BFFFollow","displayName":"Jaswinder Rattanpal","firstName":"Jaswinder","id":"00550000005cg71AAA","isActive":true,"isInThisCommunity":true,"lastName":"Rattanpal","motif":{"color":"65CAE4","largeIconUrl":"/img/icon/profile64.png","mediumIconUrl":"/img/icon/profile32.png","smallIconUrl":"/img/icon/profile16.png","svgIconUrl":null},"mySubscription":null,"name":"Jaswinder Rattanpal","photo":{"fullEmailPhotoUrl":"https://bfffollow-dev-ed.my.salesforce.com/img/userprofile/default_profile_200.png?fromEmail=1","largePhotoUrl":"https://bfffollow-dev-ed--c.na3.content.force.com/profilephoto/005/F","photoVersionId":null,"smallPhotoUrl":"https://bfffollow-dev-ed--c.na3.content.force.com/profilephoto/005/T","standardEmailPhotoUrl":"https://bfffollow-dev-ed.my.salesforce.com/img/userprofile/default_profile_45.png?fromEmail=1","url":"/services/data/v34.0/chatter/users/00550000005cg71AAA/photo"},"reputation":null,"title":null,"type":"User","url":"/services/data/v34.0/chatter/users/00550000005cg71AAA","userType":"Internal"},"photoUrl":"https://bfffollow-dev-ed--c.na3.content.force.com/profilephoto/005/T","relativeCreatedDate":"22h ago","type":"CollaborationGroupCreated","url":"/services/data/v34.0/chatter/feed-elements/0D55000003LmBs8CAF","visibility":"AllUsers"}],"isModifiedToken":null,"isModifiedUrl":null,"nextPageToken":null,"nextPageUrl":null,"updatesToken":null,"updatesUrl":null}, outputFlag=true, records=null]
22:37:07.0 (221561181)|METHOD_EXIT|[9]|01p50000002D8iw|BFFFollow_Controller.process(ETLC_ApexBridge_Data)
22:37:07.0 (221566159)|STATEMENT_EXECUTE|[24]
22:37:07.0 (221589458)|METHOD_ENTRY|[24]|01p50000002CIEo|ETLC_ApexBridge_Data.toJSON()
22:37:07.0 (221610595)|VARIABLE_SCOPE_BEGIN|[57]|this|ETLC_ApexBridge_Data|true|false
22:37:07.0 (221642263)|VARIABLE_ASSIGNMENT|[57]|this|{"debug":true,"input":"{\"mode\":\"fetchUserFe (34 more) ...","operation":"BFFFollow_Controller","output":"{\"currentPageToken\": (15407 more) ...","outputFlag":true}|0x362e6bb0
22:37:07.0 (221648219)|STATEMENT_EXECUTE|[57]
22:37:07.0 (221649776)|STATEMENT_EXECUTE|[58]
22:37:07.0 (221663334)|METHOD_ENTRY|[58]||System.JSON.serialize(Object)
22:37:07.0 (221744544)|STATEMENT_EXECUTE|[22]
22:37:07.0 (221748629)|STATEMENT_EXECUTE|[23]
22:37:07.0 (221757433)|HEAP_ALLOCATE|[23]|Bytes:5
22:37:07.0 (221766323)|VARIABLE_ASSIGNMENT|[23]|this.isSuccess|true|0x362e6bb0
22:37:07.0 (221768814)|STATEMENT_EXECUTE|[24]
22:37:07.0 (221810198)|STATEMENT_EXECUTE|[31]
22:37:07.0 (221813440)|STATEMENT_EXECUTE|[32]
22:37:07.0 (221835207)|HEAP_ALLOCATE|[32]|Bytes:4
22:37:07.0 (221939945)|VARIABLE_ASSIGNMENT|[32]|this.messages|{"s":1,"v":{}}|0x362e6bb0
22:37:07.0 (221947147)|STATEMENT_EXECUTE|[33]
22:37:07.0 (222512999)|METHOD_EXIT|[58]||System.JSON.serialize(Object)
22:37:07.0 (222520240)|METHOD_EXIT|[24]|01p50000002CIEo|ETLC_ApexBridge_Data.toJSON()
22:37:07.0 (222534163)|SYSTEM_MODE_EXIT|false
22:37:07.222 (222584199)|CUMULATIVE_LIMIT_USAGE
22:37:07.222 (222584199)|LIMIT_USAGE_FOR_NS|(default)|
  Number of SOQL queries: 0 out of 100
  Number of query rows: 0 out of 50000
  Number of SOSL queries: 0 out of 20
  Number of DML statements: 0 out of 150
  Number of DML rows: 0 out of 10000
  Maximum CPU time: 0 out of 10000
  Maximum heap size: 0 out of 6000000
  Number of callouts: 0 out of 100
  Number of Email Invocations: 0 out of 10
  Number of future calls: 0 out of 50
  Number of queueable jobs added to the queue: 0 out of 50
  Number of Mobile Apex push calls: 0 out of 10

22:37:07.222 (222584199)|CUMULATIVE_LIMIT_USAGE_END

22:37:07.0 (222631415)|CODE_UNIT_FINISHED|ETLC_ApexBridge_Controller.execute
