37.0 APEX_CODE,FINEST;APEX_PROFILING,INFO;CALLOUT,INFO;DB,INFO;SYSTEM,DEBUG;VALIDATION,INFO;VISUALFORCE,INFO;WORKFLOW,INFO
10:21:08.13 (13831849)|USER_INFO|[EXTERNAL]|00550000005cg71|bfffollow@jr.te|Eastern Standard Time|GMT-04:00
10:21:08.13 (13894185)|EXECUTION_STARTED
10:21:08.13 (13900406)|CODE_UNIT_STARTED|[EXTERNAL]|aura
10:21:08.13 (14371794)|HEAP_ALLOCATE|[72]|Bytes:3
10:21:08.13 (14446977)|HEAP_ALLOCATE|[77]|Bytes:152
10:21:08.13 (14473244)|HEAP_ALLOCATE|[342]|Bytes:408
10:21:08.13 (14499032)|HEAP_ALLOCATE|[355]|Bytes:408
10:21:08.13 (14524175)|HEAP_ALLOCATE|[467]|Bytes:48
10:21:08.13 (14563133)|HEAP_ALLOCATE|[139]|Bytes:6
10:21:08.13 (14614494)|HEAP_ALLOCATE|[EXTERNAL]|Bytes:93
10:21:08.13 (14680301)|HEAP_ALLOCATE|[EXTERNAL]|Bytes:93
10:21:08.13 (15858155)|CODE_UNIT_STARTED|[EXTERNAL]|01p50000002CIEm|ETLC_ApexBridge_Controller.execute
10:21:08.13 (16730209)|HEAP_ALLOCATE|[EXTERNAL]|Bytes:1
10:21:08.13 (16740901)|HEAP_ALLOCATE|[EXTERNAL]|Bytes:10
10:21:08.13 (16772559)|METHOD_ENTRY|[1]|01p50000002CIEm|ETLC_ApexBridge_Controller.ETLC_ApexBridge_Controller()
10:21:08.13 (16780261)|STATEMENT_EXECUTE|[1]
10:21:08.13 (16788350)|STATEMENT_EXECUTE|[1]
10:21:08.13 (16800728)|METHOD_EXIT|[1]|ETLC_ApexBridge_Controller
10:21:08.13 (16808917)|HEAP_ALLOCATE|[EXTERNAL]|Bytes:93
10:21:08.13 (16837103)|SYSTEM_MODE_ENTER|false
10:21:08.13 (16858121)|VARIABLE_SCOPE_BEGIN|[3]|dataJson|String|false|false
10:21:08.13 (16918363)|VARIABLE_ASSIGNMENT|[3]|dataJson|"{\"operation\":\"BFFFol (73 more) ..."
10:21:08.13 (16940288)|STATEMENT_EXECUTE|[3]
10:21:08.13 (16942839)|STATEMENT_EXECUTE|[4]
10:21:08.13 (50204650)|VARIABLE_SCOPE_BEGIN|[4]|data|ETLC_ApexBridge_Data|true|false
10:21:08.13 (50236689)|VARIABLE_ASSIGNMENT|[4]|data|null|
10:21:08.13 (50243024)|STATEMENT_EXECUTE|[5]
10:21:08.13 (50245018)|STATEMENT_EXECUTE|[5]
10:21:08.13 (50245980)|STATEMENT_EXECUTE|[6]
10:21:08.13 (50292005)|HEAP_ALLOCATE|[6]|Bytes:11
10:21:08.13 (50308938)|HEAP_ALLOCATE|[6]|Bytes:248
10:21:08.13 (50315625)|HEAP_ALLOCATE|[6]|Bytes:39
10:21:08.13 (50387516)|METHOD_ENTRY|[2]|01p50000002CIEo|ETLC_ApexBridge_Data.ETLC_ApexBridge_Data()
10:21:08.13 (50396389)|STATEMENT_EXECUTE|[2]
10:21:08.13 (50404605)|STATEMENT_EXECUTE|[2]
10:21:08.13 (50418252)|METHOD_EXIT|[2]|ETLC_ApexBridge_Data
10:21:08.13 (50477134)|METHOD_ENTRY|[6]|01p50000002CIEo|ETLC_ApexBridge_Data.fromJSON(String)
10:21:08.13 (50527535)|VARIABLE_SCOPE_BEGIN|[60]|strJson|String|false|false
10:21:08.13 (50553763)|VARIABLE_ASSIGNMENT|[60]|strJson|"{\"operation\":\"BFFFol (73 more) ..."
10:21:08.13 (50563976)|STATEMENT_EXECUTE|[60]
10:21:08.13 (50566360)|STATEMENT_EXECUTE|[61]
10:21:08.13 (50580743)|HEAP_ALLOCATE|[61]|Bytes:20
10:21:08.13 (50625751)|HEAP_ALLOCATE|[50]|Bytes:5
10:21:08.13 (50682395)|HEAP_ALLOCATE|[56]|Bytes:5
10:21:08.13 (50702364)|HEAP_ALLOCATE|[64]|Bytes:7
10:21:08.13 (50885756)|HEAP_ALLOCATE|[61]|Bytes:24
10:21:08.13 (50906693)|SYSTEM_METHOD_ENTRY|[1]|Type.Type()
10:21:08.13 (50913004)|STATEMENT_EXECUTE|[1]
10:21:08.13 (50927203)|SYSTEM_METHOD_EXIT|[1]|Type
10:21:08.13 (50936222)|HEAP_ALLOCATE|[61]|Bytes:8
10:21:08.13 (50964363)|HEAP_ALLOCATE|[61]|Bytes:8
10:21:08.13 (50973194)|VARIABLE_SCOPE_BEGIN|[4]|this|System.Type|true|false
10:21:08.13 (51025051)|VARIABLE_ASSIGNMENT|[4]|this|{}|0x3ea5eb8e
10:21:08.13 (51030977)|VARIABLE_SCOPE_BEGIN|[4]|apextype|java:common.apex.runtime.ApexObjectType|true|false
10:21:08.13 (51226219)|VARIABLE_ASSIGNMENT|[4]|apextype|"ETLC_ApexBridge_Data"|0x4282c9bb
10:21:08.13 (51313573)|HEAP_ALLOCATE|[61]|Bytes:8
10:21:08.13 (51365198)|HEAP_ALLOCATE|[61]|Bytes:24
10:21:08.13 (51384612)|SYSTEM_METHOD_ENTRY|[1]|JSON.JSON()
10:21:08.13 (51389616)|STATEMENT_EXECUTE|[1]
10:21:08.13 (51399313)|SYSTEM_METHOD_EXIT|[1]|JSON
10:21:08.13 (51415720)|METHOD_ENTRY|[61]||System.JSON.deserializeStrict(String, System.Type)
10:21:08.13 (52086175)|METHOD_EXIT|[61]||System.JSON.deserializeStrict(String, System.Type)
10:21:08.13 (52097902)|METHOD_EXIT|[6]|01p50000002CIEo|ETLC_ApexBridge_Data.fromJSON(String)
10:21:08.13 (52164583)|VARIABLE_ASSIGNMENT|[6]|data|{"debug":true,"input":"{\"mode\":\"fetchFollow (9 more) ...","operation":"BFFFollow_Controller"}|0x1731d0ba
10:21:08.13 (52170362)|STATEMENT_EXECUTE|[7]
10:21:08.13 (52180185)|HEAP_ALLOCATE|[7]|Bytes:6
10:21:08.13 (52265790)|HEAP_ALLOCATE|[7]|Bytes:177
10:21:08.13 (52288226)|HEAP_ALLOCATE|[7]|Bytes:183
10:21:08.13 (52317744)|USER_DEBUG|[7]|DEBUG|data::ETLC_ApexBridge_Data:[debug=true, input={"mode":"fetchFollowedUsers"}, isSuccess=null, messages=null, operation=BFFFollow_Controller, output=null, outputFlag=null, records=null]
10:21:08.13 (52325241)|STATEMENT_EXECUTE|[8]
10:21:08.13 (52380849)|VARIABLE_ASSIGNMENT|[EXTERNAL]|this|{"debug":true,"input":"{\"mode\":\"fetchFollow (9 more) ...","operation":"BFFFollow_Controller"}|0x1731d0ba
10:21:08.13 (52404819)|METHOD_ENTRY|[8]||System.Type.forName(String)
10:21:08.13 (57319152)|METHOD_EXIT|[8]||System.Type.forName(String)
10:21:08.13 (57339947)|METHOD_ENTRY|[8]||System.Type.newInstance()
10:21:08.13 (61333997)|STATEMENT_EXECUTE|[1]
10:21:08.13 (61351412)|HEAP_ALLOCATE|[33]|Bytes:5
10:21:08.13 (61374940)|METHOD_EXIT|[1]|BFFFollow_Controller
10:21:08.13 (61396311)|HEAP_ALLOCATE|[33]|Bytes:4
10:21:08.13 (61410577)|VARIABLE_SCOPE_BEGIN|[1]|this|BFFFollow_Controller|true|false
10:21:08.13 (61450681)|VARIABLE_ASSIGNMENT|[1]|this|{}|0xcb3e9e0
10:21:08.13 (61460015)|HEAP_ALLOCATE|[33]|Bytes:5
10:21:08.13 (61469295)|HEAP_ALLOCATE|[33]|Bytes:11
10:21:08.13 (61489377)|METHOD_ENTRY|[1]|01p50000002CIEj|ETLC_ApexBridge_Abstract.ETLC_ApexBridge_Abstract()
10:21:08.13 (61493231)|STATEMENT_EXECUTE|[1]
10:21:08.13 (61497182)|STATEMENT_EXECUTE|[1]
10:21:08.13 (61502589)|METHOD_EXIT|[1]|ETLC_ApexBridge_Abstract
10:21:08.13 (61511826)|CONSTRUCTOR_ENTRY|[EXTERNAL]|01p50000002CIEj|<init>()
10:21:08.13 (61536168)|VARIABLE_SCOPE_BEGIN|[1]|this|ETLC_ApexBridge_Abstract|true|false
10:21:08.13 (61551314)|VARIABLE_ASSIGNMENT|[1]|this|{}|0xcb3e9e0
10:21:08.13 (61569430)|STATEMENT_EXECUTE|[1]
10:21:08.13 (61573743)|CONSTRUCTOR_EXIT|[EXTERNAL]|01p50000002CIEj|<init>()
10:21:08.13 (61579289)|STATEMENT_EXECUTE|[1]
10:21:08.13 (61584085)|HEAP_ALLOCATE|[33]|Bytes:5
10:21:08.13 (61609138)|METHOD_EXIT|[8]||System.Type.newInstance()
10:21:08.13 (61619309)|VARIABLE_SCOPE_BEGIN|[8]|executor|ETLC_ApexBridge_Abstract|true|false
10:21:08.13 (61632654)|VARIABLE_ASSIGNMENT|[8]|executor|{}|0xcb3e9e0
10:21:08.13 (61635171)|STATEMENT_EXECUTE|[9]
10:21:08.13 (61692364)|METHOD_ENTRY|[9]|01p50000002D8iw|BFFFollow_Controller.process(ETLC_ApexBridge_Data)
10:21:08.13 (61719178)|VARIABLE_SCOPE_BEGIN|[3]|this|BFFFollow_Controller|true|false
10:21:08.13 (61733545)|VARIABLE_ASSIGNMENT|[3]|this|{}|0xcb3e9e0
10:21:08.13 (61737825)|VARIABLE_SCOPE_BEGIN|[3]|data|ETLC_ApexBridge_Data|true|false
10:21:08.13 (61782502)|VARIABLE_ASSIGNMENT|[3]|data|{"debug":true,"input":"{\"mode\":\"fetchFollow (9 more) ...","operation":"BFFFollow_Controller"}|0x1731d0ba
10:21:08.13 (61792867)|HEAP_ALLOCATE|[4]|Bytes:5
10:21:08.13 (61797165)|STATEMENT_EXECUTE|[3]
10:21:08.13 (61798714)|STATEMENT_EXECUTE|[4]
10:21:08.13 (61893549)|VARIABLE_ASSIGNMENT|[EXTERNAL]|this|{"debug":true,"input":"{\"mode\":\"fetchFollow (9 more) ...","operation":"BFFFollow_Controller"}|0x1731d0ba
10:21:08.13 (61927615)|VARIABLE_ASSIGNMENT|[4]|BFFFollow_Controller.debugFlag|true
10:21:08.13 (61966646)|VARIABLE_ASSIGNMENT|[EXTERNAL]|this|{"debug":true,"input":"{\"mode\":\"fetchFollow (9 more) ...","operation":"BFFFollow_Controller"}|0x1731d0ba
10:21:08.13 (61980298)|STATEMENT_EXECUTE|[5]
10:21:08.13 (61989204)|HEAP_ALLOCATE|[5]|Bytes:12
10:21:08.13 (62038698)|HEAP_ALLOCATE|[5]|Bytes:177
10:21:08.13 (62056292)|HEAP_ALLOCATE|[5]|Bytes:189
10:21:08.13 (62079470)|USER_DEBUG|[5]|DEBUG|data BEFORE:ETLC_ApexBridge_Data:[debug=true, input={"mode":"fetchFollowedUsers"}, isSuccess=null, messages=null, operation=BFFFollow_Controller, output=null, outputFlag=null, records=null]
10:21:08.13 (62087079)|STATEMENT_EXECUTE|[7]
10:21:08.13 (62094545)|HEAP_ALLOCATE|[7]|Bytes:4
10:21:08.13 (62120437)|METHOD_ENTRY|[7]|01p50000002CIEo|ETLC_ApexBridge_Data.getInputValue(String)
10:21:08.13 (62143166)|VARIABLE_SCOPE_BEGIN|[52]|this|ETLC_ApexBridge_Data|true|false
10:21:08.13 (62170112)|VARIABLE_ASSIGNMENT|[52]|this|{"debug":true,"input":"{\"mode\":\"fetchFollow (9 more) ...","operation":"BFFFollow_Controller"}|0x1731d0ba
10:21:08.13 (62176442)|VARIABLE_SCOPE_BEGIN|[52]|key|String|false|false
10:21:08.13 (62180691)|VARIABLE_ASSIGNMENT|[52]|key|"mode"
10:21:08.13 (62184822)|STATEMENT_EXECUTE|[52]
10:21:08.13 (62186314)|STATEMENT_EXECUTE|[53]
10:21:08.13 (62235135)|VARIABLE_ASSIGNMENT|[EXTERNAL]|this|{"debug":true,"input":"{\"mode\":\"fetchFollow (9 more) ...","operation":"BFFFollow_Controller"}|0x1731d0ba
10:21:08.13 (62256624)|METHOD_ENTRY|[53]||System.JSON.deserializeUntyped(String)
10:21:08.13 (62527981)|METHOD_EXIT|[53]||System.JSON.deserializeUntyped(String)
10:21:08.13 (62537512)|VARIABLE_SCOPE_BEGIN|[53]|inputMap|Map<String,ANY>|true|false
10:21:08.13 (62561075)|VARIABLE_ASSIGNMENT|[53]|inputMap|{"s":1,"v":{"mode":"fetchFollowedUsers"}}|0x3763b4e5
10:21:08.13 (62564493)|STATEMENT_EXECUTE|[54]
10:21:08.13 (62638160)|METHOD_EXIT|[7]|01p50000002CIEo|ETLC_ApexBridge_Data.getInputValue(String)
10:21:08.13 (62648469)|VARIABLE_SCOPE_BEGIN|[7]|mode|String|false|false
10:21:08.13 (62663262)|VARIABLE_ASSIGNMENT|[7]|mode|"fetchFollowedUsers"
10:21:08.13 (62671230)|HEAP_ALLOCATE|[9]|Bytes:18
10:21:08.13 (62706961)|STATEMENT_EXECUTE|[9]
10:21:08.13 (62709131)|STATEMENT_EXECUTE|[10]
10:21:08.13 (62786444)|HEAP_ALLOCATE|[10]|Bytes:85
10:21:08.13 (62802697)|SYSTEM_METHOD_ENTRY|[1]|UserInfo.UserInfo()
10:21:08.13 (62805908)|STATEMENT_EXECUTE|[1]
10:21:08.13 (62813574)|SYSTEM_METHOD_EXIT|[1]|UserInfo
10:21:08.13 (62825523)|METHOD_ENTRY|[10]||System.UserInfo.getUserId()
10:21:08.13 (62864110)|METHOD_EXIT|[10]||System.UserInfo.getUserId()
10:21:08.13 (62880810)|HEAP_ALLOCATE|[10]|Bytes:4
10:21:08.13 (62895979)|METHOD_ENTRY|[10]|01p50000002D8iw|BFFFollow_Controller.fetchFollowedUsers(Id)
10:21:08.13 (62903984)|VARIABLE_SCOPE_BEGIN|[24]|this|BFFFollow_Controller|true|false
10:21:08.13 (62918837)|VARIABLE_ASSIGNMENT|[24]|this|{}|0xcb3e9e0
10:21:08.13 (62923686)|VARIABLE_SCOPE_BEGIN|[24]|followedById|Id|false|false
10:21:08.13 (63037186)|VARIABLE_ASSIGNMENT|[24]|followedById|"00550000005cg71AAA"
10:21:08.13 (63049872)|HEAP_ALLOCATE|[25]|Bytes:5
10:21:08.13 (63054024)|STATEMENT_EXECUTE|[24]
10:21:08.13 (63055316)|STATEMENT_EXECUTE|[25]
10:21:08.13 (63063233)|HEAP_ALLOCATE|[25]|Bytes:63
10:21:08.13 (63112851)|HEAP_ALLOCATE|[25]|Bytes:18
10:21:08.13 (63124959)|HEAP_ALLOCATE|[25]|Bytes:9
10:21:08.13 (63136963)|HEAP_ALLOCATE|[25]|Bytes:90
10:21:08.13 (63141820)|VARIABLE_SCOPE_BEGIN|[25]|soql|String|false|false
10:21:08.13 (63151125)|VARIABLE_ASSIGNMENT|[25]|soql|"SELECT FollowedUsers (70 more) ..."
10:21:08.13 (63153661)|STATEMENT_EXECUTE|[26]
10:21:08.13 (63154745)|STATEMENT_EXECUTE|[26]
10:21:08.13 (63160618)|STATEMENT_EXECUTE|[27]
10:21:08.13 (63161812)|STATEMENT_EXECUTE|[27]
10:21:08.13 (63168796)|HEAP_ALLOCATE|[27]|Bytes:24
10:21:08.13 (63174877)|HEAP_ALLOCATE|[27]|Bytes:114
10:21:08.13 (63204237)|USER_DEBUG|[27]|DEBUG|fetchFollowedUsers:soql:SELECT FollowedUsers__c FROM BFFFollow__c WHERE FollowedBy__c='00550000005cg71AAA' limit 1
10:21:08.13 (63212003)|STATEMENT_EXECUTE|[28]
10:21:08.13 (69880914)|HEAP_ALLOCATE|[28]|Bytes:9
10:21:08.13 (69896962)|HEAP_ALLOCATE|[28]|Bytes:29
10:21:08.13 (69900337)|HEAP_ALLOCATE|[28]|Bytes:21
10:21:08.13 (82073999)|METHOD_ENTRY|[7]|01p50000002CIEt|ETLC_SecuredDB.ETLC_SecuredDB()
10:21:08.13 (82098700)|STATEMENT_EXECUTE|[7]
10:21:08.13 (82114960)|STATEMENT_EXECUTE|[7]
10:21:08.13 (82138957)|HEAP_ALLOCATE|[28]|Bytes:5
10:21:08.13 (82183476)|METHOD_EXIT|[7]|ETLC_SecuredDB
10:21:08.13 (82267411)|METHOD_ENTRY|[28]|01p50000002CIEt|ETLC_SecuredDB.query(String)
10:21:08.13 (82328249)|VARIABLE_SCOPE_BEGIN|[10]|SOQL|String|false|false
10:21:08.13 (82357321)|VARIABLE_ASSIGNMENT|[10]|SOQL|"SELECT FollowedUsers (70 more) ..."
10:21:08.13 (82372697)|HEAP_ALLOCATE|[12]|Bytes:5
10:21:08.13 (82379543)|STATEMENT_EXECUTE|[10]
10:21:08.13 (82382077)|STATEMENT_EXECUTE|[12]
10:21:08.13 (103123272)|SOQL_EXECUTE_BEGIN|[12]|Aggregations:0|SELECT FollowedUsers__c FROM BFFFollow__c WHERE FollowedBy__c='00550000005cg71AAA' limit 1
10:21:08.13 (120108648)|SOQL_EXECUTE_END|[12]|Rows:1
10:21:08.13 (120154919)|HEAP_ALLOCATE|[12]|Bytes:8
10:21:08.13 (120175658)|HEAP_ALLOCATE|[12]|Bytes:158
10:21:08.13 (132921224)|HEAP_ALLOCATE|[12]|Bytes:8
10:21:08.13 (132972148)|VARIABLE_SCOPE_BEGIN|[12]|dbRecords|List<SObject>|true|false
10:21:08.13 (133036006)|VARIABLE_ASSIGNMENT|[12]|dbRecords|{"s":1,"v":[{"s":2,"v":{"FollowedUsers__c":"[{\"id\":\"00550000005d (85 more) ...","Id":"a005000000ezW4dAAE"}}]}|0x7bc3b162
10:21:08.13 (133042853)|STATEMENT_EXECUTE|[20]
10:21:08.13 (133437416)|HEAP_ALLOCATE|[20]|Bytes:12
10:21:08.13 (133448563)|HEAP_ALLOCATE|[20]|Bytes:8
10:21:08.13 (133525968)|HEAP_ALLOCATE|[20]|Bytes:12
10:21:08.13 (133531826)|HEAP_ALLOCATE|[20]|Bytes:9
10:21:08.13 (133544924)|HEAP_ALLOCATE|[20]|Bytes:12
10:21:08.13 (133548304)|HEAP_ALLOCATE|[20]|Bytes:8
10:21:08.13 (133559172)|HEAP_ALLOCATE|[20]|Bytes:12
10:21:08.13 (133562677)|HEAP_ALLOCATE|[20]|Bytes:8
10:21:08.13 (133572796)|HEAP_ALLOCATE|[20]|Bytes:12
10:21:08.13 (133576081)|HEAP_ALLOCATE|[20]|Bytes:9
10:21:08.13 (133617605)|METHOD_ENTRY|[20]|01p50000002CIEt|ETLC_SecuredDB.findFields(List<SObject>)
10:21:08.13 (133660130)|VARIABLE_SCOPE_BEGIN|[108]|dbRecords|List<SObject>|true|false
10:21:08.13 (133681249)|VARIABLE_ASSIGNMENT|[108]|dbRecords|{"s":1,"v":[{"s":2,"v":{"FollowedUsers__c":"[{\"id\":\"00550000005d (85 more) ...","Id":"a005000000ezW4dAAE"}}]}|0x7bc3b162
10:21:08.13 (133698806)|HEAP_ALLOCATE|[109]|Bytes:5
10:21:08.13 (133710091)|STATEMENT_EXECUTE|[108]
10:21:08.13 (133711684)|STATEMENT_EXECUTE|[109]
10:21:08.13 (133722298)|VARIABLE_SCOPE_BEGIN|[109]|strJSON|String|false|false
10:21:08.13 (133729034)|VARIABLE_ASSIGNMENT|[109]|strJSON|null
10:21:08.13 (133730796)|STATEMENT_EXECUTE|[110]
10:21:08.13 (133736276)|VARIABLE_SCOPE_BEGIN|[110]|mapFields|Map<String,Set<String>>|true|false
10:21:08.13 (133740917)|VARIABLE_ASSIGNMENT|[110]|mapFields|null|
10:21:08.13 (133742681)|STATEMENT_EXECUTE|[112]
10:21:08.13 (133759565)|METHOD_ENTRY|[112]||System.JSON.serialize(Object)
10:21:08.13 (134277946)|METHOD_EXIT|[112]||System.JSON.serialize(Object)
10:21:08.13 (134294145)|VARIABLE_ASSIGNMENT|[112]|strJSON|"[{\"attributes\":{\"typ (259 more) ..."
10:21:08.13 (134297581)|STATEMENT_EXECUTE|[113]
10:21:08.13 (134306268)|HEAP_ALLOCATE|[113]|Bytes:5
10:21:08.13 (134319924)|HEAP_ALLOCATE|[113]|Bytes:284
10:21:08.13 (134359220)|USER_DEBUG|[113]|DEBUG|JSON:[{"attributes":{"type":"BFFFollow__c","url":"/services/data/v37.0/sobjects/BFFFollow__c/a005000000ezW4dAAE"},"FollowedUsers__c":"[{\"id\":\"00550000005d7KnAAI\",\"name\":\"Test User\"},{\"id\":\"00550000005cg71AAA\",\"name\":\"Jaswinder Rattanpal\"}]","Id":"a005000000ezW4dAAE"}]
10:21:08.13 (134369041)|STATEMENT_EXECUTE|[114]
10:21:08.13 (134380382)|HEAP_ALLOCATE|[114]|Bytes:4
10:21:08.13 (134406347)|VARIABLE_ASSIGNMENT|[114]|mapFields|{"s":1,"v":{}}|0x7cb723c8
10:21:08.13 (134409488)|STATEMENT_EXECUTE|[115]
10:21:08.13 (134421476)|METHOD_ENTRY|[115]||System.JSON.deserializeUntyped(String)
10:21:08.13 (134787844)|METHOD_EXIT|[115]||System.JSON.deserializeUntyped(String)
10:21:08.13 (134798893)|VARIABLE_SCOPE_BEGIN|[115]|records|List<ANY>|true|false
10:21:08.13 (134822093)|HEAP_ALLOCATE|[EXTERNAL]|Bytes:8
10:21:08.13 (134846077)|VARIABLE_ASSIGNMENT|[115]|records|{"s":1,"v":[{"s":2,"v":{"attributes":{"s":3,"v":{"type":"BFFFollow__c","url":"/services/data/v37.0 (41 more) ..."}},"FollowedUsers__c":"[{\"id\":\"00550000005d (85 more) ...","Id":"a005000000ezW4dAAE"}}]}|0x40ceed4a
10:21:08.13 (134893051)|HEAP_ALLOCATE|[116]|Bytes:5
10:21:08.13 (134911222)|HEAP_ALLOCATE|[116]|Bytes:16
10:21:08.13 (134921460)|VARIABLE_SCOPE_BEGIN|[116]|record|Object|false|false
10:21:08.13 (134944299)|VARIABLE_ASSIGNMENT|[116]|record|{"s":1,"v":{"attributes":{"s":2,"v":{"type":"BFFFollow__c","url":"/services/data/v37.0 (41 more) ..."}},"FollowedUsers__c":"[{\"id\":\"00550000005d (85 more) ...","Id":"a005000000ezW4dAAE"}}
10:21:08.13 (134948838)|STATEMENT_EXECUTE|[116]
10:21:08.13 (134950377)|STATEMENT_EXECUTE|[117]
10:21:08.13 (134974300)|METHOD_ENTRY|[117]|01p50000002CIEt|ETLC_SecuredDB.findFieldsRecursive(Map<String,Set<String>>, Map<String,ANY>)
10:21:08.13 (134998038)|VARIABLE_SCOPE_BEGIN|[124]|mapFields|Map<String,Set<String>>|true|false
10:21:08.13 (135010283)|VARIABLE_ASSIGNMENT|[124]|mapFields|{"s":1,"v":{}}|0x7cb723c8
10:21:08.13 (135015467)|VARIABLE_SCOPE_BEGIN|[124]|record|Map<String,ANY>|true|false
10:21:08.13 (135029144)|VARIABLE_ASSIGNMENT|[124]|record|{"s":1,"v":{"attributes":{"s":2,"v":{"type":"BFFFollow__c","url":"/services/data/v37.0 (41 more) ..."}},"FollowedUsers__c":"[{\"id\":\"00550000005d (85 more) ...","Id":"a005000000ezW4dAAE"}}|0x2bd50a9f
10:21:08.13 (135039223)|HEAP_ALLOCATE|[125]|Bytes:5
10:21:08.13 (135043569)|STATEMENT_EXECUTE|[124]
10:21:08.13 (135044913)|STATEMENT_EXECUTE|[125]
10:21:08.13 (135051893)|HEAP_ALLOCATE|[125]|Bytes:10
10:21:08.13 (135056315)|VARIABLE_SCOPE_BEGIN|[125]|strAttributes|String|false|false
10:21:08.13 (135062348)|VARIABLE_ASSIGNMENT|[125]|strAttributes|"attributes"
10:21:08.13 (135064349)|STATEMENT_EXECUTE|[126]
10:21:08.13 (135068903)|HEAP_ALLOCATE|[126]|Bytes:7
10:21:08.13 (135072128)|VARIABLE_SCOPE_BEGIN|[126]|strRecord|String|false|false
10:21:08.13 (135077380)|VARIABLE_ASSIGNMENT|[126]|strRecord|"records"
10:21:08.13 (135110422)|STATEMENT_EXECUTE|[127]
10:21:08.13 (135112889)|STATEMENT_EXECUTE|[128]
10:21:08.13 (135147226)|VARIABLE_SCOPE_BEGIN|[128]|attributes|Map<String,ANY>|true|false
10:21:08.13 (135164054)|VARIABLE_ASSIGNMENT|[128]|attributes|{"s":1,"v":{"type":"BFFFollow__c","url":"/services/data/v37.0 (41 more) ..."}}|0x50590ce9
10:21:08.13 (135167369)|STATEMENT_EXECUTE|[129]
10:21:08.13 (135174407)|HEAP_ALLOCATE|[129]|Bytes:4
10:21:08.13 (135204687)|VARIABLE_SCOPE_BEGIN|[129]|objectName|String|false|false
10:21:08.13 (135212290)|VARIABLE_ASSIGNMENT|[129]|objectName|"BFFFollow__c"
10:21:08.13 (135222105)|HEAP_ALLOCATE|[130]|Bytes:4
10:21:08.13 (135285403)|HEAP_ALLOCATE|[130]|Bytes:44
10:21:08.13 (135303834)|HEAP_ALLOCATE|[130]|Bytes:12
10:21:08.13 (135326526)|HEAP_ALLOCATE|[130]|Bytes:5
10:21:08.13 (135341258)|VARIABLE_SCOPE_BEGIN|[130]|fieldName|String|false|false
10:21:08.13 (135348754)|VARIABLE_ASSIGNMENT|[130]|fieldName|"attributes"
10:21:08.13 (135351808)|STATEMENT_EXECUTE|[130]
10:21:08.13 (135353037)|STATEMENT_EXECUTE|[131]
10:21:08.13 (135392405)|VARIABLE_SCOPE_BEGIN|[131]|field|Object|false|false
10:21:08.13 (135409927)|VARIABLE_ASSIGNMENT|[131]|field|{"s":1,"v":{"type":"BFFFollow__c","url":"/services/data/v37.0 (41 more) ..."}}
10:21:08.13 (135436272)|STATEMENT_EXECUTE|[132]
10:21:08.13 (135452005)|HEAP_ALLOCATE|[130]|Bytes:5
10:21:08.13 (135463505)|VARIABLE_SCOPE_BEGIN|[130]|fieldName|String|false|false
10:21:08.13 (135470612)|VARIABLE_ASSIGNMENT|[130]|fieldName|"FollowedUsers__c"
10:21:08.13 (135473141)|STATEMENT_EXECUTE|[130]
10:21:08.13 (135474114)|STATEMENT_EXECUTE|[131]
10:21:08.13 (135491902)|VARIABLE_SCOPE_BEGIN|[131]|field|Object|false|false
10:21:08.13 (135502157)|VARIABLE_ASSIGNMENT|[131]|field|"[{\"id\":\"00550000005d (85 more) ..."
10:21:08.13 (135513325)|HEAP_ALLOCATE|[134]|Bytes:68
10:21:08.13 (135534042)|STATEMENT_EXECUTE|[136]
10:21:08.13 (135535938)|STATEMENT_EXECUTE|[137]
10:21:08.13 (135545267)|HEAP_ALLOCATE|[137]|Bytes:4
10:21:08.13 (135577724)|VARIABLE_SCOPE_BEGIN|[137]|fieldNames|Set<String>|true|false
10:21:08.13 (135598119)|VARIABLE_ASSIGNMENT|[137]|fieldNames|{"s":1,"v":[]}|0x2226d708
10:21:08.13 (135628838)|STATEMENT_EXECUTE|[138]
10:21:08.13 (135635166)|STATEMENT_EXECUTE|[139]
10:21:08.13 (135657228)|HEAP_ALLOCATE|[EXTERNAL]|Bytes:4
10:21:08.13 (135664675)|STATEMENT_EXECUTE|[140]
10:21:08.13 (135689853)|HEAP_ALLOCATE|[EXTERNAL]|Bytes:-4
10:21:08.13 (135708193)|HEAP_ALLOCATE|[130]|Bytes:5
10:21:08.13 (135720667)|VARIABLE_SCOPE_BEGIN|[130]|fieldName|String|false|false
10:21:08.13 (135727911)|VARIABLE_ASSIGNMENT|[130]|fieldName|"Id"
10:21:08.13 (135730574)|STATEMENT_EXECUTE|[130]
10:21:08.13 (135731720)|STATEMENT_EXECUTE|[131]
10:21:08.13 (135751022)|VARIABLE_SCOPE_BEGIN|[131]|field|Object|false|false
10:21:08.13 (135759637)|VARIABLE_ASSIGNMENT|[131]|field|"a005000000ezW4dAAE"
10:21:08.13 (135775750)|STATEMENT_EXECUTE|[136]
10:21:08.13 (135777215)|STATEMENT_EXECUTE|[137]
10:21:08.13 (135784282)|HEAP_ALLOCATE|[137]|Bytes:4
10:21:08.13 (135795713)|VARIABLE_SCOPE_BEGIN|[137]|fieldNames|Set<String>|true|false
10:21:08.13 (135811719)|VARIABLE_ASSIGNMENT|[137]|fieldNames|{"s":1,"v":[]}|0x2124a021
10:21:08.13 (135825120)|STATEMENT_EXECUTE|[138]
10:21:08.13 (135850624)|VARIABLE_ASSIGNMENT|[138]|fieldNames|{"s":1,"v":["FollowedUsers__c"]}|0x2226d708
10:21:08.13 (135854249)|STATEMENT_EXECUTE|[139]
10:21:08.13 (135863788)|HEAP_ALLOCATE|[EXTERNAL]|Bytes:4
10:21:08.13 (135869206)|STATEMENT_EXECUTE|[140]
10:21:08.13 (135890360)|HEAP_ALLOCATE|[130]|Bytes:5
10:21:08.13 (135902068)|VARIABLE_ASSIGNMENT|[130]|fieldName|null
10:21:08.13 (135914653)|METHOD_EXIT|[117]|01p50000002CIEt|ETLC_SecuredDB.findFieldsRecursive(Map<String,Set<String>>, Map<String,ANY>)
10:21:08.13 (135925031)|HEAP_ALLOCATE|[116]|Bytes:5
10:21:08.13 (135939072)|VARIABLE_ASSIGNMENT|[116]|record|null
10:21:08.13 (135945379)|HEAP_ALLOCATE|[119]|Bytes:4
10:21:08.13 (135977084)|HEAP_ALLOCATE|[119]|Bytes:20
10:21:08.13 (135989537)|HEAP_ALLOCATE|[119]|Bytes:4
10:21:08.13 (136006480)|HEAP_ALLOCATE|[119]|Bytes:5
10:21:08.13 (136020484)|VARIABLE_SCOPE_BEGIN|[119]|objectName|String|false|false
10:21:08.13 (136027997)|VARIABLE_ASSIGNMENT|[119]|objectName|"BFFFollow__c"
10:21:08.13 (136030871)|STATEMENT_EXECUTE|[119]
10:21:08.13 (136032108)|STATEMENT_EXECUTE|[120]
10:21:08.13 (136038791)|HEAP_ALLOCATE|[120]|Bytes:2
10:21:08.13 (136089755)|HEAP_ALLOCATE|[120]|Bytes:22
10:21:08.13 (136103267)|HEAP_ALLOCATE|[120]|Bytes:36
10:21:08.13 (136117456)|USER_DEBUG|[120]|DEBUG|BFFFollow__c: {FollowedUsers__c, Id}
10:21:08.13 (136129838)|HEAP_ALLOCATE|[119]|Bytes:5
10:21:08.13 (136141505)|VARIABLE_ASSIGNMENT|[119]|objectName|null
10:21:08.13 (136144901)|STATEMENT_EXECUTE|[122]
10:21:08.13 (136157017)|METHOD_EXIT|[20]|01p50000002CIEt|ETLC_SecuredDB.findFields(List<SObject>)
10:21:08.13 (136175242)|METHOD_ENTRY|[20]|01p50000002CIEt|ETLC_SecuredDB.validate(ETLC_SecuredDB.Operation, Map<String,Set<String>>)
10:21:08.13 (136183692)|VARIABLE_SCOPE_BEGIN|[55]|op|ETLC_SecuredDB.Operation|true|false
10:21:08.13 (136201186)|VARIABLE_ASSIGNMENT|[55]|op|"Querying"|0x2ee9a55
10:21:08.13 (136205855)|VARIABLE_SCOPE_BEGIN|[55]|mapFieldNames|Map<String,Set<String>>|true|false
10:21:08.13 (136221260)|VARIABLE_ASSIGNMENT|[55]|mapFieldNames|{"s":1,"v":{"BFFFollow__c":{"s":2,"v":["FollowedUsers__c","Id"]}}}|0x7cb723c8
10:21:08.13 (136230520)|HEAP_ALLOCATE|[56]|Bytes:5
10:21:08.13 (136234585)|STATEMENT_EXECUTE|[55]
10:21:08.13 (136235978)|STATEMENT_EXECUTE|[56]
10:21:08.13 (136243543)|VARIABLE_SCOPE_BEGIN|[56]|securityMessage|String|false|false
10:21:08.13 (136248570)|VARIABLE_ASSIGNMENT|[56]|securityMessage|null
10:21:08.13 (136250467)|STATEMENT_EXECUTE|[57]
10:21:08.13 (415972984)|HEAP_ALLOCATE|[57]|Bytes:1440
10:21:08.13 (416008035)|VARIABLE_SCOPE_BEGIN|[57]|mapObjects|Map<String,Schema.SObjectType>|true|false
10:21:08.13 (416397559)|VARIABLE_ASSIGNMENT|[57]|mapObjects|"{acceptedeventrelation=AcceptedEventRelation, account=Account, accountcontactrole=AccountContactRole, accountfeed=AccountFeed, accounthistory=AccountHistory, accountpartner=AccountPartner, accountshare=AccountShare, actionlinkgrouptemplate=ActionLinkGroupTemplate, actionlinktemplate=ActionLinkTemplate, activityhistory=ActivityHistory, ...}"|0x1104d3bd
10:21:08.13 (416421189)|HEAP_ALLOCATE|[58]|Bytes:4
10:21:08.13 (416523919)|HEAP_ALLOCATE|[58]|Bytes:20
10:21:08.13 (416557587)|HEAP_ALLOCATE|[58]|Bytes:4
10:21:08.13 (416596488)|HEAP_ALLOCATE|[58]|Bytes:5
10:21:08.13 (416619854)|VARIABLE_SCOPE_BEGIN|[58]|sObjectName|String|false|false
10:21:08.13 (416634454)|VARIABLE_ASSIGNMENT|[58]|sObjectName|"BFFFollow__c"
10:21:08.13 (416639603)|STATEMENT_EXECUTE|[58]
10:21:08.13 (416643320)|STATEMENT_EXECUTE|[59]
10:21:08.13 (416671105)|HEAP_ALLOCATE|[59]|Bytes:9
10:21:08.13 (416679096)|HEAP_ALLOCATE|[59]|Bytes:7
10:21:08.13 (416754027)|HEAP_ALLOCATE|[59]|Bytes:8
10:21:08.13 (416769059)|HEAP_ALLOCATE|[59]|Bytes:1
10:21:08.13 (416788877)|HEAP_ALLOCATE|[59]|Bytes:37
10:21:08.13 (416803305)|VARIABLE_ASSIGNMENT|[59]|securityMessage|"CRUD on [BFFFollow__ (17 more) ..."
10:21:08.13 (416807431)|STATEMENT_EXECUTE|[60]
10:21:08.13 (416816859)|HEAP_ALLOCATE|[60]|Bytes:10
10:21:08.13 (416828096)|HEAP_ALLOCATE|[60]|Bytes:47
10:21:08.13 (416881384)|USER_DEBUG|[60]|DEBUG|Checking: CRUD on [BFFFollow__c] for [Querying]
10:21:08.13 (416892107)|STATEMENT_EXECUTE|[61]
10:21:08.13 (417264974)|HEAP_ALLOCATE|[61]|Bytes:4
10:21:08.13 (417328983)|VARIABLE_SCOPE_BEGIN|[61]|drSObj|Schema.DescribeSObjectResult|true|false
10:21:08.13 (417440309)|VARIABLE_ASSIGNMENT|[61]|drSObj|"common.api.soap.wsdl.DescribeSObjectResult@a54f9caa"|0x405d2ef0
10:21:08.13 (417659556)|STATEMENT_EXECUTE|[64]
10:21:08.13 (417699465)|STATEMENT_EXECUTE|[65]
10:21:08.13 (417785035)|STATEMENT_EXECUTE|[77]
10:21:08.13 (417788529)|STATEMENT_EXECUTE|[79]
10:21:08.13 (418135039)|HEAP_ALLOCATE|[79]|Bytes:56
10:21:08.13 (418151019)|VARIABLE_SCOPE_BEGIN|[79]|mapFields|Map<String,Schema.SObjectField>|true|false
10:21:08.13 (418392090)|VARIABLE_ASSIGNMENT|[79]|mapFields|"{createdbyid=CreatedById, createddate=CreatedDate, followedby__c=FollowedBy__c, followedusers__c=FollowedUsers__c, id=Id, isdeleted=IsDeleted, lastmodifiedbyid=LastModifiedById, lastmodifieddate=LastModifiedDate, lastreferenceddate=LastReferencedDate, lastvieweddate=LastViewedDate, ...}"|0x1ec646bb
10:21:08.13 (418406600)|HEAP_ALLOCATE|[80]|Bytes:4
10:21:08.13 (418477513)|HEAP_ALLOCATE|[80]|Bytes:8
10:21:08.13 (418508053)|HEAP_ALLOCATE|[80]|Bytes:5
10:21:08.13 (418532010)|VARIABLE_SCOPE_BEGIN|[80]|fieldName|String|false|false
10:21:08.13 (418545379)|VARIABLE_ASSIGNMENT|[80]|fieldName|"FollowedUsers__c"
10:21:08.13 (418550362)|STATEMENT_EXECUTE|[80]
10:21:08.13 (418552643)|STATEMENT_EXECUTE|[81]
10:21:08.13 (448723741)|HEAP_ALLOCATE|[81]|Bytes:8
10:21:08.13 (448818979)|VARIABLE_SCOPE_BEGIN|[81]|drField|Schema.DescribeFieldResult|true|false
10:21:08.13 (449040901)|VARIABLE_ASSIGNMENT|[81]|drField|"common.api.soap.wsdl.Field@4427c9dd"|0x5935474d
10:21:08.13 (449088162)|STATEMENT_EXECUTE|[82]
10:21:08.13 (449096106)|STATEMENT_EXECUTE|[83]
10:21:08.13 (449127341)|HEAP_ALLOCATE|[83]|Bytes:8
10:21:08.13 (449135829)|HEAP_ALLOCATE|[83]|Bytes:1
10:21:08.13 (449261775)|HEAP_ALLOCATE|[83]|Bytes:8
10:21:08.13 (449301416)|HEAP_ALLOCATE|[83]|Bytes:52
10:21:08.13 (449315806)|HEAP_ALLOCATE|[83]|Bytes:53
10:21:08.13 (449334652)|VARIABLE_ASSIGNMENT|[83]|securityMessage|"FLS on [BFFFollow__c (33 more) ..."
10:21:08.13 (449340504)|STATEMENT_EXECUTE|[84]
10:21:08.13 (449358026)|HEAP_ALLOCATE|[84]|Bytes:63
10:21:08.13 (449418273)|USER_DEBUG|[84]|DEBUG|Checking: FLS on [BFFFollow__c.FollowedUsers__c] for [Querying]
10:21:08.13 (449612248)|STATEMENT_EXECUTE|[87]
10:21:08.13 (449635579)|STATEMENT_EXECUTE|[88]
10:21:08.13 (449671549)|HEAP_ALLOCATE|[80]|Bytes:5
10:21:08.13 (449709761)|VARIABLE_SCOPE_BEGIN|[80]|fieldName|String|false|false
10:21:08.13 (449722809)|VARIABLE_ASSIGNMENT|[80]|fieldName|"Id"
10:21:08.13 (449727858)|STATEMENT_EXECUTE|[80]
10:21:08.13 (449729828)|STATEMENT_EXECUTE|[81]
10:21:08.13 (449972074)|HEAP_ALLOCATE|[81]|Bytes:8
10:21:08.13 (449987164)|VARIABLE_SCOPE_BEGIN|[81]|drField|Schema.DescribeFieldResult|true|false
10:21:08.13 (450079699)|VARIABLE_ASSIGNMENT|[81]|drField|"common.api.soap.wsdl.Field@39307698"|0x456f1b68
10:21:08.13 (450101188)|STATEMENT_EXECUTE|[99]
10:21:08.13 (450104060)|STATEMENT_EXECUTE|[100]
10:21:08.13 (450116105)|HEAP_ALLOCATE|[100]|Bytes:22
10:21:08.13 (450173425)|HEAP_ALLOCATE|[100]|Bytes:8
10:21:08.13 (450198229)|HEAP_ALLOCATE|[100]|Bytes:52
10:21:08.13 (450206273)|HEAP_ALLOCATE|[100]|Bytes:35
10:21:08.13 (450214365)|HEAP_ALLOCATE|[100]|Bytes:87
10:21:08.13 (450236283)|USER_DEBUG|[100]|DEBUG|Bypass Check: FLS on [BFFFollow__c.Id] for [Querying] since it's not isPermissionable()
10:21:08.13 (450260406)|HEAP_ALLOCATE|[80]|Bytes:5
10:21:08.13 (450283729)|VARIABLE_ASSIGNMENT|[80]|fieldName|null
10:21:08.13 (450304051)|HEAP_ALLOCATE|[58]|Bytes:5
10:21:08.13 (450323455)|VARIABLE_ASSIGNMENT|[58]|sObjectName|null
10:21:08.13 (450346835)|METHOD_EXIT|[20]|01p50000002CIEt|ETLC_SecuredDB.validate(ETLC_SecuredDB.Operation, Map<String,Set<String>>)
10:21:08.13 (450355439)|STATEMENT_EXECUTE|[21]
10:21:08.13 (450376610)|METHOD_EXIT|[28]|01p50000002CIEt|ETLC_SecuredDB.query(String)
10:21:08.13 (450388361)|VARIABLE_SCOPE_BEGIN|[28]|dbRecords|List<SObject>|true|false
10:21:08.13 (450433158)|VARIABLE_ASSIGNMENT|[28]|dbRecords|{"s":1,"v":[{"s":2,"v":{"FollowedUsers__c":"[{\"id\":\"00550000005d (85 more) ...","Id":"a005000000ezW4dAAE"}}]}|0x7bc3b162
10:21:08.13 (450447549)|STATEMENT_EXECUTE|[29]
10:21:08.13 (450450444)|STATEMENT_EXECUTE|[29]
10:21:08.13 (450852676)|USER_DEBUG|[29]|DEBUG|(BFFFollow__c:{FollowedUsers__c=[{"id":"00550000005d7KnAAI","name":"Test User"},{"id":"00550000005cg71AAA","name":"Jaswinder Rattanpal"}], Id=a005000000ezW4dAAE})
10:21:08.13 (450993669)|STATEMENT_EXECUTE|[30]
10:21:08.13 (451001675)|STATEMENT_EXECUTE|[31]
10:21:08.13 (451005056)|STATEMENT_EXECUTE|[32]
10:21:08.13 (451017460)|HEAP_ALLOCATE|[32]|Bytes:18
10:21:08.13 (451038505)|HEAP_ALLOCATE|[32]|Bytes:12
10:21:08.13 (451052268)|HEAP_ALLOCATE|[32]|Bytes:16
10:21:08.13 (451148622)|HEAP_ALLOCATE|[32]|Bytes:105
10:21:08.13 (451182770)|HEAP_ALLOCATE|[32]|Bytes:105
10:21:08.13 (451205293)|HEAP_ALLOCATE|[32]|Bytes:123
10:21:08.13 (451227825)|USER_DEBUG|[32]|DEBUG|FollowedUsers__c::[{"id":"00550000005d7KnAAI","name":"Test User"},{"id":"00550000005cg71AAA","name":"Jaswinder Rattanpal"}]
10:21:08.13 (451238679)|STATEMENT_EXECUTE|[34]
10:21:08.13 (451258918)|HEAP_ALLOCATE|[34]|Bytes:12
10:21:08.13 (451335620)|HEAP_ALLOCATE|[34]|Bytes:105
10:21:08.13 (451365299)|METHOD_EXIT|[10]|01p50000002D8iw|BFFFollow_Controller.fetchFollowedUsers(Id)
10:21:08.13 (451486703)|VARIABLE_ASSIGNMENT|[EXTERNAL]|this|{"debug":true,"input":"{\"mode\":\"fetchFollow (9 more) ...","operation":"BFFFollow_Controller"}|0x1731d0ba
10:21:08.13 (451507281)|VARIABLE_ASSIGNMENT|[EXTERNAL]|value|"[{\"id\":\"00550000005d (85 more) ..."
10:21:08.13 (451536325)|VARIABLE_ASSIGNMENT|[12]|this.output|"[{\"id\":\"00550000005d (85 more) ..."|0x1731d0ba
10:21:08.13 (451548771)|STATEMENT_EXECUTE|[11]
10:21:08.13 (451643231)|VARIABLE_ASSIGNMENT|[EXTERNAL]|this|{"debug":true,"input":"{\"mode\":\"fetchFollow (9 more) ...","operation":"BFFFollow_Controller","output":"[{\"id\":\"00550000005d (85 more) ..."}|0x1731d0ba
10:21:08.13 (451752232)|VARIABLE_ASSIGNMENT|[EXTERNAL]|this|{"debug":true,"input":"{\"mode\":\"fetchFollow (9 more) ...","operation":"BFFFollow_Controller","output":"[{\"id\":\"00550000005d (85 more) ..."}|0x1731d0ba
10:21:08.13 (451771225)|VARIABLE_ASSIGNMENT|[EXTERNAL]|value|true
10:21:08.13 (451780940)|HEAP_ALLOCATE|[15]|Bytes:5
10:21:08.13 (451796929)|VARIABLE_ASSIGNMENT|[15]|this.outputFlag|true|0x1731d0ba
10:21:08.13 (451812952)|STATEMENT_EXECUTE|[19]
10:21:08.13 (451815324)|STATEMENT_EXECUTE|[19]
10:21:08.13 (451826473)|HEAP_ALLOCATE|[19]|Bytes:11
10:21:08.13 (451917382)|HEAP_ALLOCATE|[19]|Bytes:278
10:21:08.13 (451943413)|HEAP_ALLOCATE|[19]|Bytes:289
10:21:08.13 (451966726)|USER_DEBUG|[19]|DEBUG|data AFTER:ETLC_ApexBridge_Data:[debug=true, input={"mode":"fetchFollowedUsers"}, isSuccess=null, messages=null, operation=BFFFollow_Controller, output=[{"id":"00550000005d7KnAAI","name":"Test User"},{"id":"00550000005cg71AAA","name":"Jaswinder Rattanpal"}], outputFlag=true, records=null]
10:21:08.13 (451991774)|METHOD_EXIT|[9]|01p50000002D8iw|BFFFollow_Controller.process(ETLC_ApexBridge_Data)
10:21:08.13 (451998969)|STATEMENT_EXECUTE|[24]
10:21:08.13 (452032596)|METHOD_ENTRY|[24]|01p50000002CIEo|ETLC_ApexBridge_Data.toJSON()
10:21:08.13 (452062707)|VARIABLE_SCOPE_BEGIN|[57]|this|ETLC_ApexBridge_Data|true|false
10:21:08.13 (452110614)|VARIABLE_ASSIGNMENT|[57]|this|{"debug":true,"input":"{\"mode\":\"fetchFollow (9 more) ...","operation":"BFFFollow_Controller","output":"[{\"id\":\"00550000005d (85 more) ...","outputFlag":true}|0x1731d0ba
10:21:08.13 (452121464)|STATEMENT_EXECUTE|[57]
10:21:08.13 (452123627)|STATEMENT_EXECUTE|[58]
10:21:08.13 (452145521)|METHOD_ENTRY|[58]||System.JSON.serialize(Object)
10:21:08.13 (452273690)|STATEMENT_EXECUTE|[22]
10:21:08.13 (452281947)|STATEMENT_EXECUTE|[23]
10:21:08.13 (452296143)|HEAP_ALLOCATE|[23]|Bytes:5
10:21:08.13 (452312442)|VARIABLE_ASSIGNMENT|[23]|this.isSuccess|true|0x1731d0ba
10:21:08.13 (452317013)|STATEMENT_EXECUTE|[24]
10:21:08.13 (452390675)|STATEMENT_EXECUTE|[31]
10:21:08.13 (452399011)|STATEMENT_EXECUTE|[32]
10:21:08.13 (464059798)|HEAP_ALLOCATE|[32]|Bytes:4
10:21:08.13 (464160285)|VARIABLE_ASSIGNMENT|[32]|this.messages|{"s":1,"v":{}}|0x1731d0ba
10:21:08.13 (464166280)|STATEMENT_EXECUTE|[33]
10:21:08.13 (464637608)|METHOD_EXIT|[58]||System.JSON.serialize(Object)
10:21:08.13 (464648104)|METHOD_EXIT|[24]|01p50000002CIEo|ETLC_ApexBridge_Data.toJSON()
10:21:08.13 (464666098)|SYSTEM_MODE_EXIT|false
10:21:08.464 (464733100)|CUMULATIVE_LIMIT_USAGE
10:21:08.464 (464733100)|LIMIT_USAGE_FOR_NS|(default)|
  Number of SOQL queries: 1 out of 100
  Number of query rows: 1 out of 50000
  Number of SOSL queries: 0 out of 20
  Number of DML statements: 0 out of 150
  Number of DML rows: 0 out of 10000
  Maximum CPU time: 32 out of 10000
  Maximum heap size: 0 out of 6000000
  Number of callouts: 0 out of 100
  Number of Email Invocations: 0 out of 10
  Number of future calls: 0 out of 50
  Number of queueable jobs added to the queue: 0 out of 50
  Number of Mobile Apex push calls: 0 out of 10

10:21:08.464 (464733100)|CUMULATIVE_LIMIT_USAGE_END

10:21:08.13 (464791367)|CODE_UNIT_FINISHED|ETLC_ApexBridge_Controller.execute
