37.0 APEX_CODE,FINEST;APEX_PROFILING,INFO;CALLOUT,INFO;DB,INFO;SYSTEM,DEBUG;VALIDATION,INFO;VISUALFORCE,INFO;WORKFLOW,INFO
16:05:41.0 (545150)|USER_INFO|[EXTERNAL]|00550000005cg71|bfffollow@jr.te|Eastern Standard Time|GMT-04:00
16:05:41.0 (659728)|EXECUTION_STARTED
16:05:41.0 (665969)|CODE_UNIT_STARTED|[EXTERNAL]|aura
16:05:41.0 (1078353)|HEAP_ALLOCATE|[72]|Bytes:3
16:05:41.0 (1152359)|HEAP_ALLOCATE|[77]|Bytes:152
16:05:41.0 (1168308)|HEAP_ALLOCATE|[342]|Bytes:408
16:05:41.0 (1185343)|HEAP_ALLOCATE|[355]|Bytes:408
16:05:41.0 (1200227)|HEAP_ALLOCATE|[467]|Bytes:48
16:05:41.0 (1228533)|HEAP_ALLOCATE|[139]|Bytes:6
16:05:41.0 (1252366)|HEAP_ALLOCATE|[EXTERNAL]|Bytes:93
16:05:41.0 (1299874)|HEAP_ALLOCATE|[EXTERNAL]|Bytes:93
16:05:41.0 (2574460)|CODE_UNIT_STARTED|[EXTERNAL]|01p50000002CIEm|ETLC_ApexBridge_Controller.execute
16:05:41.0 (3300227)|HEAP_ALLOCATE|[EXTERNAL]|Bytes:1
16:05:41.0 (3308492)|HEAP_ALLOCATE|[EXTERNAL]|Bytes:10
16:05:41.0 (3359012)|METHOD_ENTRY|[1]|01p50000002CIEm|ETLC_ApexBridge_Controller.ETLC_ApexBridge_Controller()
16:05:41.0 (3364989)|STATEMENT_EXECUTE|[1]
16:05:41.0 (3373962)|STATEMENT_EXECUTE|[1]
16:05:41.0 (3404542)|METHOD_EXIT|[1]|ETLC_ApexBridge_Controller
16:05:41.0 (3416394)|HEAP_ALLOCATE|[EXTERNAL]|Bytes:93
16:05:41.0 (3432248)|SYSTEM_MODE_ENTER|false
16:05:41.0 (3447962)|VARIABLE_SCOPE_BEGIN|[3]|dataJson|String|false|false
16:05:41.0 (3505343)|VARIABLE_ASSIGNMENT|[3]|dataJson|"{\"operation\":\"BFFFol (73 more) ..."
16:05:41.0 (3524626)|STATEMENT_EXECUTE|[3]
16:05:41.0 (3527952)|STATEMENT_EXECUTE|[4]
16:05:41.0 (6435688)|VARIABLE_SCOPE_BEGIN|[4]|data|ETLC_ApexBridge_Data|true|false
16:05:41.0 (6459545)|VARIABLE_ASSIGNMENT|[4]|data|null|
16:05:41.0 (6465827)|STATEMENT_EXECUTE|[5]
16:05:41.0 (6468182)|STATEMENT_EXECUTE|[5]
16:05:41.0 (6469869)|STATEMENT_EXECUTE|[6]
16:05:41.0 (6494196)|HEAP_ALLOCATE|[6]|Bytes:11
16:05:41.0 (6511363)|HEAP_ALLOCATE|[6]|Bytes:248
16:05:41.0 (6517617)|HEAP_ALLOCATE|[6]|Bytes:39
16:05:41.0 (6632560)|METHOD_ENTRY|[2]|01p50000002CIEo|ETLC_ApexBridge_Data.ETLC_ApexBridge_Data()
16:05:41.0 (6638261)|STATEMENT_EXECUTE|[2]
16:05:41.0 (6703994)|STATEMENT_EXECUTE|[2]
16:05:41.0 (6717744)|METHOD_EXIT|[2]|ETLC_ApexBridge_Data
16:05:41.0 (6762564)|METHOD_ENTRY|[6]|01p50000002CIEo|ETLC_ApexBridge_Data.fromJSON(String)
16:05:41.0 (6796744)|VARIABLE_SCOPE_BEGIN|[60]|strJson|String|false|false
16:05:41.0 (6811372)|VARIABLE_ASSIGNMENT|[60]|strJson|"{\"operation\":\"BFFFol (73 more) ..."
16:05:41.0 (6818385)|STATEMENT_EXECUTE|[60]
16:05:41.0 (6820509)|STATEMENT_EXECUTE|[61]
16:05:41.0 (6832415)|HEAP_ALLOCATE|[61]|Bytes:20
16:05:41.0 (6866718)|HEAP_ALLOCATE|[50]|Bytes:5
16:05:41.0 (6904500)|HEAP_ALLOCATE|[56]|Bytes:5
16:05:41.0 (6934890)|HEAP_ALLOCATE|[64]|Bytes:7
16:05:41.0 (7134634)|HEAP_ALLOCATE|[61]|Bytes:24
16:05:41.0 (7154637)|SYSTEM_METHOD_ENTRY|[1]|Type.Type()
16:05:41.0 (7159313)|STATEMENT_EXECUTE|[1]
16:05:41.0 (7230901)|SYSTEM_METHOD_EXIT|[1]|Type
16:05:41.0 (7253760)|HEAP_ALLOCATE|[61]|Bytes:8
16:05:41.0 (7285024)|HEAP_ALLOCATE|[61]|Bytes:8
16:05:41.0 (7294678)|VARIABLE_SCOPE_BEGIN|[4]|this|System.Type|true|false
16:05:41.0 (7378081)|VARIABLE_ASSIGNMENT|[4]|this|{}|0x6aa354a3
16:05:41.0 (7386022)|VARIABLE_SCOPE_BEGIN|[4]|apextype|java:common.apex.runtime.ApexObjectType|true|false
16:05:41.0 (7608163)|VARIABLE_ASSIGNMENT|[4]|apextype|"ETLC_ApexBridge_Data"|0x50de6f0
16:05:41.0 (7772416)|HEAP_ALLOCATE|[61]|Bytes:8
16:05:41.0 (7822795)|HEAP_ALLOCATE|[61]|Bytes:24
16:05:41.0 (7841413)|SYSTEM_METHOD_ENTRY|[1]|JSON.JSON()
16:05:41.0 (7845528)|STATEMENT_EXECUTE|[1]
16:05:41.0 (7860634)|SYSTEM_METHOD_EXIT|[1]|JSON
16:05:41.0 (7880082)|METHOD_ENTRY|[61]||System.JSON.deserializeStrict(String, System.Type)
16:05:41.0 (8977659)|METHOD_EXIT|[61]||System.JSON.deserializeStrict(String, System.Type)
16:05:41.0 (8991246)|METHOD_EXIT|[6]|01p50000002CIEo|ETLC_ApexBridge_Data.fromJSON(String)
16:05:41.0 (9059632)|VARIABLE_ASSIGNMENT|[6]|data|{"debug":true,"input":"{\"mode\":\"fetchFollow (9 more) ...","operation":"BFFFollow_Controller"}|0x498e251c
16:05:41.0 (9066023)|STATEMENT_EXECUTE|[7]
16:05:41.0 (9077658)|HEAP_ALLOCATE|[7]|Bytes:6
16:05:41.0 (9165930)|HEAP_ALLOCATE|[7]|Bytes:177
16:05:41.0 (9189820)|HEAP_ALLOCATE|[7]|Bytes:183
16:05:41.0 (9221743)|USER_DEBUG|[7]|DEBUG|data::ETLC_ApexBridge_Data:[debug=true, input={"mode":"fetchFollowedUsers"}, isSuccess=null, messages=null, operation=BFFFollow_Controller, output=null, outputFlag=null, records=null]
16:05:41.0 (9235221)|STATEMENT_EXECUTE|[8]
16:05:41.0 (9322913)|VARIABLE_ASSIGNMENT|[EXTERNAL]|this|{"debug":true,"input":"{\"mode\":\"fetchFollow (9 more) ...","operation":"BFFFollow_Controller"}|0x498e251c
16:05:41.0 (9349329)|METHOD_ENTRY|[8]||System.Type.forName(String)
16:05:41.0 (11576687)|METHOD_EXIT|[8]||System.Type.forName(String)
16:05:41.0 (11594555)|METHOD_ENTRY|[8]||System.Type.newInstance()
16:05:41.0 (13243368)|STATEMENT_EXECUTE|[1]
16:05:41.0 (13258764)|HEAP_ALLOCATE|[33]|Bytes:5
16:05:41.0 (13281611)|METHOD_EXIT|[1]|BFFFollow_Controller
16:05:41.0 (13304107)|HEAP_ALLOCATE|[33]|Bytes:4
16:05:41.0 (13323992)|VARIABLE_SCOPE_BEGIN|[1]|this|BFFFollow_Controller|true|false
16:05:41.0 (13352057)|VARIABLE_ASSIGNMENT|[1]|this|{}|0x214c29bd
16:05:41.0 (13364459)|HEAP_ALLOCATE|[33]|Bytes:5
16:05:41.0 (13374380)|HEAP_ALLOCATE|[33]|Bytes:11
16:05:41.0 (13396106)|METHOD_ENTRY|[1]|01p50000002CIEj|ETLC_ApexBridge_Abstract.ETLC_ApexBridge_Abstract()
16:05:41.0 (13399567)|STATEMENT_EXECUTE|[1]
16:05:41.0 (13404828)|STATEMENT_EXECUTE|[1]
16:05:41.0 (13410713)|METHOD_EXIT|[1]|ETLC_ApexBridge_Abstract
16:05:41.0 (13418699)|CONSTRUCTOR_ENTRY|[EXTERNAL]|01p50000002CIEj|<init>()
16:05:41.0 (13454648)|VARIABLE_SCOPE_BEGIN|[1]|this|ETLC_ApexBridge_Abstract|true|false
16:05:41.0 (13472381)|VARIABLE_ASSIGNMENT|[1]|this|{}|0x214c29bd
16:05:41.0 (13492492)|STATEMENT_EXECUTE|[1]
16:05:41.0 (13497150)|CONSTRUCTOR_EXIT|[EXTERNAL]|01p50000002CIEj|<init>()
16:05:41.0 (13502466)|STATEMENT_EXECUTE|[1]
16:05:41.0 (13508076)|HEAP_ALLOCATE|[33]|Bytes:5
16:05:41.0 (13528366)|METHOD_EXIT|[8]||System.Type.newInstance()
16:05:41.0 (13537939)|VARIABLE_SCOPE_BEGIN|[8]|executor|ETLC_ApexBridge_Abstract|true|false
16:05:41.0 (13551826)|VARIABLE_ASSIGNMENT|[8]|executor|{}|0x214c29bd
16:05:41.0 (13554565)|STATEMENT_EXECUTE|[9]
16:05:41.0 (13601184)|METHOD_ENTRY|[9]|01p50000002D8iw|BFFFollow_Controller.process(ETLC_ApexBridge_Data)
16:05:41.0 (13628125)|VARIABLE_SCOPE_BEGIN|[3]|this|BFFFollow_Controller|true|false
16:05:41.0 (13642312)|VARIABLE_ASSIGNMENT|[3]|this|{}|0x214c29bd
16:05:41.0 (13646177)|VARIABLE_SCOPE_BEGIN|[3]|data|ETLC_ApexBridge_Data|true|false
16:05:41.0 (13679482)|VARIABLE_ASSIGNMENT|[3]|data|{"debug":true,"input":"{\"mode\":\"fetchFollow (9 more) ...","operation":"BFFFollow_Controller"}|0x498e251c
16:05:41.0 (13689579)|HEAP_ALLOCATE|[4]|Bytes:5
16:05:41.0 (13693557)|STATEMENT_EXECUTE|[3]
16:05:41.0 (13694761)|STATEMENT_EXECUTE|[4]
16:05:41.0 (13797527)|VARIABLE_ASSIGNMENT|[EXTERNAL]|this|{"debug":true,"input":"{\"mode\":\"fetchFollow (9 more) ...","operation":"BFFFollow_Controller"}|0x498e251c
16:05:41.0 (13827994)|VARIABLE_ASSIGNMENT|[4]|BFFFollow_Controller.debugFlag|true
16:05:41.0 (13869682)|VARIABLE_ASSIGNMENT|[EXTERNAL]|this|{"debug":true,"input":"{\"mode\":\"fetchFollow (9 more) ...","operation":"BFFFollow_Controller"}|0x498e251c
16:05:41.0 (13883927)|STATEMENT_EXECUTE|[5]
16:05:41.0 (13936091)|USER_DEBUG|[5]|DEBUG|ETLC_ApexBridge_Data:[debug=true, input={"mode":"fetchFollowedUsers"}, isSuccess=null, messages=null, operation=BFFFollow_Controller, output=null, outputFlag=null, records=null]
16:05:41.0 (13945187)|STATEMENT_EXECUTE|[7]
16:05:41.0 (13952714)|HEAP_ALLOCATE|[7]|Bytes:4
16:05:41.0 (13979552)|METHOD_ENTRY|[7]|01p50000002CIEo|ETLC_ApexBridge_Data.getInputValue(String)
16:05:41.0 (14003375)|VARIABLE_SCOPE_BEGIN|[52]|this|ETLC_ApexBridge_Data|true|false
16:05:41.0 (14031188)|VARIABLE_ASSIGNMENT|[52]|this|{"debug":true,"input":"{\"mode\":\"fetchFollow (9 more) ...","operation":"BFFFollow_Controller"}|0x498e251c
16:05:41.0 (14036776)|VARIABLE_SCOPE_BEGIN|[52]|key|String|false|false
16:05:41.0 (14043654)|VARIABLE_ASSIGNMENT|[52]|key|"mode"
16:05:41.0 (14048522)|STATEMENT_EXECUTE|[52]
16:05:41.0 (14049885)|STATEMENT_EXECUTE|[53]
16:05:41.0 (14101530)|VARIABLE_ASSIGNMENT|[EXTERNAL]|this|{"debug":true,"input":"{\"mode\":\"fetchFollow (9 more) ...","operation":"BFFFollow_Controller"}|0x498e251c
16:05:41.0 (14125652)|METHOD_ENTRY|[53]||System.JSON.deserializeUntyped(String)
16:05:41.0 (14413737)|METHOD_EXIT|[53]||System.JSON.deserializeUntyped(String)
16:05:41.0 (14424023)|VARIABLE_SCOPE_BEGIN|[53]|inputMap|Map<String,ANY>|true|false
16:05:41.0 (14451919)|VARIABLE_ASSIGNMENT|[53]|inputMap|{"s":1,"v":{"mode":"fetchFollowedUsers"}}|0x467816a
16:05:41.0 (14455558)|STATEMENT_EXECUTE|[54]
16:05:41.0 (14502923)|METHOD_EXIT|[7]|01p50000002CIEo|ETLC_ApexBridge_Data.getInputValue(String)
16:05:41.0 (14509285)|VARIABLE_SCOPE_BEGIN|[7]|mode|String|false|false
16:05:41.0 (14516631)|VARIABLE_ASSIGNMENT|[7]|mode|"fetchFollowedUsers"
16:05:41.0 (14522291)|HEAP_ALLOCATE|[9]|Bytes:18
16:05:41.0 (14545675)|STATEMENT_EXECUTE|[9]
16:05:41.0 (14547639)|STATEMENT_EXECUTE|[10]
16:05:41.0 (14606684)|HEAP_ALLOCATE|[10]|Bytes:85
16:05:41.0 (14622868)|SYSTEM_METHOD_ENTRY|[1]|UserInfo.UserInfo()
16:05:41.0 (14626084)|STATEMENT_EXECUTE|[1]
16:05:41.0 (14634134)|SYSTEM_METHOD_EXIT|[1]|UserInfo
16:05:41.0 (14647019)|METHOD_ENTRY|[10]||System.UserInfo.getUserId()
16:05:41.0 (14683212)|METHOD_EXIT|[10]||System.UserInfo.getUserId()
16:05:41.0 (14701319)|HEAP_ALLOCATE|[10]|Bytes:4
16:05:41.0 (14717139)|METHOD_ENTRY|[10]|01p50000002D8iw|BFFFollow_Controller.fetchFollowedUsers(Id)
16:05:41.0 (14723979)|VARIABLE_SCOPE_BEGIN|[20]|this|BFFFollow_Controller|true|false
16:05:41.0 (14748686)|VARIABLE_ASSIGNMENT|[20]|this|{}|0x214c29bd
16:05:41.0 (14753668)|VARIABLE_SCOPE_BEGIN|[20]|followedById|Id|false|false
16:05:41.0 (14890346)|VARIABLE_ASSIGNMENT|[20]|followedById|"00550000005cg71AAA"
16:05:41.0 (14902994)|HEAP_ALLOCATE|[21]|Bytes:5
16:05:41.0 (14907215)|STATEMENT_EXECUTE|[20]
16:05:41.0 (14908656)|STATEMENT_EXECUTE|[21]
16:05:41.0 (14916059)|HEAP_ALLOCATE|[21]|Bytes:63
16:05:41.0 (14958734)|HEAP_ALLOCATE|[21]|Bytes:18
16:05:41.0 (14980125)|HEAP_ALLOCATE|[21]|Bytes:9
16:05:41.0 (14993790)|HEAP_ALLOCATE|[21]|Bytes:90
16:05:41.0 (14999188)|VARIABLE_SCOPE_BEGIN|[21]|soql|String|false|false
16:05:41.0 (15007870)|VARIABLE_ASSIGNMENT|[21]|soql|"SELECT FollowedUsers (70 more) ..."
16:05:41.0 (15011608)|STATEMENT_EXECUTE|[22]
16:05:41.0 (15012895)|STATEMENT_EXECUTE|[22]
16:05:41.0 (15018982)|STATEMENT_EXECUTE|[23]
16:05:41.0 (15020093)|STATEMENT_EXECUTE|[23]
16:05:41.0 (15027244)|HEAP_ALLOCATE|[23]|Bytes:24
16:05:41.0 (15035582)|HEAP_ALLOCATE|[23]|Bytes:114
16:05:41.0 (15064093)|USER_DEBUG|[23]|DEBUG|fetchFollowedUsers:soql:SELECT FollowedUsers__c FROM BFFFollow__c WHERE FollowedBy__c='00550000005cg71AAA' limit 1
16:05:41.0 (15071329)|STATEMENT_EXECUTE|[24]
16:05:41.0 (17845888)|HEAP_ALLOCATE|[24]|Bytes:9
16:05:41.0 (17855150)|HEAP_ALLOCATE|[24]|Bytes:29
16:05:41.0 (17858755)|HEAP_ALLOCATE|[24]|Bytes:21
16:05:41.0 (17882120)|METHOD_ENTRY|[7]|01p50000002CIEt|ETLC_SecuredDB.ETLC_SecuredDB()
16:05:41.0 (17885673)|STATEMENT_EXECUTE|[7]
16:05:41.0 (17891234)|STATEMENT_EXECUTE|[7]
16:05:41.0 (17897466)|HEAP_ALLOCATE|[24]|Bytes:5
16:05:41.0 (17909625)|METHOD_EXIT|[7]|ETLC_SecuredDB
16:05:41.0 (17938339)|METHOD_ENTRY|[24]|01p50000002CIEt|ETLC_SecuredDB.query(String)
16:05:41.0 (17959206)|VARIABLE_SCOPE_BEGIN|[10]|SOQL|String|false|false
16:05:41.0 (17968787)|VARIABLE_ASSIGNMENT|[10]|SOQL|"SELECT FollowedUsers (70 more) ..."
16:05:41.0 (17977728)|HEAP_ALLOCATE|[12]|Bytes:5
16:05:41.0 (17982089)|STATEMENT_EXECUTE|[10]
16:05:41.0 (17983458)|STATEMENT_EXECUTE|[12]
16:05:41.0 (19137683)|SOQL_EXECUTE_BEGIN|[12]|Aggregations:0|SELECT FollowedUsers__c FROM BFFFollow__c WHERE FollowedBy__c='00550000005cg71AAA' limit 1
16:05:41.0 (23908484)|SOQL_EXECUTE_END|[12]|Rows:1
16:05:41.0 (23934405)|HEAP_ALLOCATE|[12]|Bytes:8
16:05:41.0 (23945896)|HEAP_ALLOCATE|[12]|Bytes:111
16:05:41.0 (24046554)|HEAP_ALLOCATE|[12]|Bytes:8
16:05:41.0 (24077618)|VARIABLE_SCOPE_BEGIN|[12]|dbRecords|List<SObject>|true|false
16:05:41.0 (24130909)|VARIABLE_ASSIGNMENT|[12]|dbRecords|{"s":1,"v":[{"s":2,"v":{"FollowedUsers__c":"[{\"id\":\"00550000005c (38 more) ...","Id":"a005000000ezW4dAAE"}}]}|0x27e1b7a1
16:05:41.0 (24136793)|STATEMENT_EXECUTE|[20]
16:05:41.0 (24599554)|HEAP_ALLOCATE|[20]|Bytes:12
16:05:41.0 (24611396)|HEAP_ALLOCATE|[20]|Bytes:8
16:05:41.0 (24712650)|HEAP_ALLOCATE|[20]|Bytes:12
16:05:41.0 (24722911)|HEAP_ALLOCATE|[20]|Bytes:9
16:05:41.0 (24751617)|HEAP_ALLOCATE|[20]|Bytes:12
16:05:41.0 (24760787)|HEAP_ALLOCATE|[20]|Bytes:8
16:05:41.0 (24785701)|HEAP_ALLOCATE|[20]|Bytes:12
16:05:41.0 (24794075)|HEAP_ALLOCATE|[20]|Bytes:8
16:05:41.0 (24832255)|HEAP_ALLOCATE|[20]|Bytes:12
16:05:41.0 (24846354)|HEAP_ALLOCATE|[20]|Bytes:9
16:05:41.0 (24907058)|METHOD_ENTRY|[20]|01p50000002CIEt|ETLC_SecuredDB.findFields(List<SObject>)
16:05:41.0 (24972846)|VARIABLE_SCOPE_BEGIN|[108]|dbRecords|List<SObject>|true|false
16:05:41.0 (25004479)|VARIABLE_ASSIGNMENT|[108]|dbRecords|{"s":1,"v":[{"s":2,"v":{"FollowedUsers__c":"[{\"id\":\"00550000005c (38 more) ...","Id":"a005000000ezW4dAAE"}}]}|0x27e1b7a1
16:05:41.0 (25024366)|HEAP_ALLOCATE|[109]|Bytes:5
16:05:41.0 (25031800)|STATEMENT_EXECUTE|[108]
16:05:41.0 (25034310)|STATEMENT_EXECUTE|[109]
16:05:41.0 (25047603)|VARIABLE_SCOPE_BEGIN|[109]|strJSON|String|false|false
16:05:41.0 (25060773)|VARIABLE_ASSIGNMENT|[109]|strJSON|null
16:05:41.0 (25064350)|STATEMENT_EXECUTE|[110]
16:05:41.0 (25076422)|VARIABLE_SCOPE_BEGIN|[110]|mapFields|Map<String,Set<String>>|true|false
16:05:41.0 (25085130)|VARIABLE_ASSIGNMENT|[110]|mapFields|null|
16:05:41.0 (25087466)|STATEMENT_EXECUTE|[112]
16:05:41.0 (25106904)|METHOD_ENTRY|[112]||System.JSON.serialize(Object)
16:05:41.0 (25790509)|METHOD_EXIT|[112]||System.JSON.serialize(Object)
16:05:41.0 (25812616)|VARIABLE_ASSIGNMENT|[112]|strJSON|"[{\"attributes\":{\"typ (204 more) ..."
16:05:41.0 (25818050)|STATEMENT_EXECUTE|[113]
16:05:41.0 (25830476)|HEAP_ALLOCATE|[113]|Bytes:5
16:05:41.0 (25851050)|HEAP_ALLOCATE|[113]|Bytes:229
16:05:41.0 (25952275)|USER_DEBUG|[113]|DEBUG|JSON:[{"attributes":{"type":"BFFFollow__c","url":"/services/data/v37.0/sobjects/BFFFollow__c/a005000000ezW4dAAE"},"FollowedUsers__c":"[{\"id\":\"00550000005cg71AAA\",\"name\":\"Jaswinder Rattanpal\"}]","Id":"a005000000ezW4dAAE"}]
16:05:41.0 (25967537)|STATEMENT_EXECUTE|[114]
16:05:41.0 (26047379)|HEAP_ALLOCATE|[114]|Bytes:4
16:05:41.0 (26090889)|VARIABLE_ASSIGNMENT|[114]|mapFields|{"s":1,"v":{}}|0x5e51f807
16:05:41.0 (26096920)|STATEMENT_EXECUTE|[115]
16:05:41.0 (26118013)|METHOD_ENTRY|[115]||System.JSON.deserializeUntyped(String)
16:05:41.0 (26699636)|METHOD_EXIT|[115]||System.JSON.deserializeUntyped(String)
16:05:41.0 (26712768)|VARIABLE_SCOPE_BEGIN|[115]|records|List<ANY>|true|false
16:05:41.0 (26749012)|HEAP_ALLOCATE|[EXTERNAL]|Bytes:8
16:05:41.0 (26775642)|VARIABLE_ASSIGNMENT|[115]|records|{"s":1,"v":[{"s":2,"v":{"attributes":{"s":3,"v":{"type":"BFFFollow__c","url":"/services/data/v37.0 (41 more) ..."}},"FollowedUsers__c":"[{\"id\":\"00550000005c (38 more) ...","Id":"a005000000ezW4dAAE"}}]}|0x2d7f35bf
16:05:41.0 (26831494)|HEAP_ALLOCATE|[116]|Bytes:5
16:05:41.0 (26859473)|HEAP_ALLOCATE|[116]|Bytes:16
16:05:41.0 (26872892)|VARIABLE_SCOPE_BEGIN|[116]|record|Object|false|false
16:05:41.0 (26895568)|VARIABLE_ASSIGNMENT|[116]|record|{"s":1,"v":{"attributes":{"s":2,"v":{"type":"BFFFollow__c","url":"/services/data/v37.0 (41 more) ..."}},"FollowedUsers__c":"[{\"id\":\"00550000005c (38 more) ...","Id":"a005000000ezW4dAAE"}}
16:05:41.0 (26900160)|STATEMENT_EXECUTE|[116]
16:05:41.0 (26901561)|STATEMENT_EXECUTE|[117]
16:05:41.0 (26929863)|METHOD_ENTRY|[117]|01p50000002CIEt|ETLC_SecuredDB.findFieldsRecursive(Map<String,Set<String>>, Map<String,ANY>)
16:05:41.0 (27013168)|VARIABLE_SCOPE_BEGIN|[124]|mapFields|Map<String,Set<String>>|true|false
16:05:41.0 (27028043)|VARIABLE_ASSIGNMENT|[124]|mapFields|{"s":1,"v":{}}|0x5e51f807
16:05:41.0 (27034032)|VARIABLE_SCOPE_BEGIN|[124]|record|Map<String,ANY>|true|false
16:05:41.0 (27065949)|VARIABLE_ASSIGNMENT|[124]|record|{"s":1,"v":{"attributes":{"s":2,"v":{"type":"BFFFollow__c","url":"/services/data/v37.0 (41 more) ..."}},"FollowedUsers__c":"[{\"id\":\"00550000005c (38 more) ...","Id":"a005000000ezW4dAAE"}}|0x2f96e131
16:05:41.0 (27094034)|HEAP_ALLOCATE|[125]|Bytes:5
16:05:41.0 (27101907)|STATEMENT_EXECUTE|[124]
16:05:41.0 (27104648)|STATEMENT_EXECUTE|[125]
16:05:41.0 (27115952)|HEAP_ALLOCATE|[125]|Bytes:10
16:05:41.0 (27125841)|VARIABLE_SCOPE_BEGIN|[125]|strAttributes|String|false|false
16:05:41.0 (27138034)|VARIABLE_ASSIGNMENT|[125]|strAttributes|"attributes"
16:05:41.0 (27142160)|STATEMENT_EXECUTE|[126]
16:05:41.0 (27152937)|HEAP_ALLOCATE|[126]|Bytes:7
16:05:41.0 (27161582)|VARIABLE_SCOPE_BEGIN|[126]|strRecord|String|false|false
16:05:41.0 (27172021)|VARIABLE_ASSIGNMENT|[126]|strRecord|"records"
16:05:41.0 (27235206)|STATEMENT_EXECUTE|[127]
16:05:41.0 (27238880)|STATEMENT_EXECUTE|[128]
16:05:41.0 (27303309)|VARIABLE_SCOPE_BEGIN|[128]|attributes|Map<String,ANY>|true|false
16:05:41.0 (27332179)|VARIABLE_ASSIGNMENT|[128]|attributes|{"s":1,"v":{"type":"BFFFollow__c","url":"/services/data/v37.0 (41 more) ..."}}|0x3f8577c2
16:05:41.0 (27338320)|STATEMENT_EXECUTE|[129]
16:05:41.0 (27350046)|HEAP_ALLOCATE|[129]|Bytes:4
16:05:41.0 (27408744)|VARIABLE_SCOPE_BEGIN|[129]|objectName|String|false|false
16:05:41.0 (27423416)|VARIABLE_ASSIGNMENT|[129]|objectName|"BFFFollow__c"
16:05:41.0 (27434791)|HEAP_ALLOCATE|[130]|Bytes:4
16:05:41.0 (27525319)|HEAP_ALLOCATE|[130]|Bytes:44
16:05:41.0 (27554288)|HEAP_ALLOCATE|[130]|Bytes:12
16:05:41.0 (27602181)|HEAP_ALLOCATE|[130]|Bytes:5
16:05:41.0 (27621098)|VARIABLE_SCOPE_BEGIN|[130]|fieldName|String|false|false
16:05:41.0 (27634008)|VARIABLE_ASSIGNMENT|[130]|fieldName|"attributes"
16:05:41.0 (27639257)|STATEMENT_EXECUTE|[130]
16:05:41.0 (27641367)|STATEMENT_EXECUTE|[131]
16:05:41.0 (27729496)|VARIABLE_SCOPE_BEGIN|[131]|field|Object|false|false
16:05:41.0 (27760831)|VARIABLE_ASSIGNMENT|[131]|field|{"s":1,"v":{"type":"BFFFollow__c","url":"/services/data/v37.0 (41 more) ..."}}
16:05:41.0 (27786261)|STATEMENT_EXECUTE|[132]
16:05:41.0 (27812239)|HEAP_ALLOCATE|[130]|Bytes:5
16:05:41.0 (27838346)|VARIABLE_SCOPE_BEGIN|[130]|fieldName|String|false|false
16:05:41.0 (27850681)|VARIABLE_ASSIGNMENT|[130]|fieldName|"FollowedUsers__c"
16:05:41.0 (27855673)|STATEMENT_EXECUTE|[130]
16:05:41.0 (27857671)|STATEMENT_EXECUTE|[131]
16:05:41.0 (27891031)|VARIABLE_SCOPE_BEGIN|[131]|field|Object|false|false
16:05:41.0 (27914243)|VARIABLE_ASSIGNMENT|[131]|field|"[{\"id\":\"00550000005c (38 more) ..."
16:05:41.0 (27934205)|HEAP_ALLOCATE|[134]|Bytes:68
16:05:41.0 (27965131)|STATEMENT_EXECUTE|[136]
16:05:41.0 (27968563)|STATEMENT_EXECUTE|[137]
16:05:41.0 (27986616)|HEAP_ALLOCATE|[137]|Bytes:4
16:05:41.0 (28042804)|VARIABLE_SCOPE_BEGIN|[137]|fieldNames|Set<String>|true|false
16:05:41.0 (28074380)|VARIABLE_ASSIGNMENT|[137]|fieldNames|{"s":1,"v":[]}|0x3ac3334f
16:05:41.0 (28128626)|STATEMENT_EXECUTE|[138]
16:05:41.0 (28137818)|STATEMENT_EXECUTE|[139]
16:05:41.0 (28185091)|HEAP_ALLOCATE|[EXTERNAL]|Bytes:4
16:05:41.0 (28200011)|STATEMENT_EXECUTE|[140]
16:05:41.0 (28253288)|HEAP_ALLOCATE|[EXTERNAL]|Bytes:-4
16:05:41.0 (28280800)|HEAP_ALLOCATE|[130]|Bytes:5
16:05:41.0 (28306269)|VARIABLE_SCOPE_BEGIN|[130]|fieldName|String|false|false
16:05:41.0 (28318618)|VARIABLE_ASSIGNMENT|[130]|fieldName|"Id"
16:05:41.0 (28323262)|STATEMENT_EXECUTE|[130]
16:05:41.0 (28325776)|STATEMENT_EXECUTE|[131]
16:05:41.0 (28359876)|VARIABLE_SCOPE_BEGIN|[131]|field|Object|false|false
16:05:41.0 (28377930)|VARIABLE_ASSIGNMENT|[131]|field|"a005000000ezW4dAAE"
16:05:41.0 (28404620)|STATEMENT_EXECUTE|[136]
16:05:41.0 (28407742)|STATEMENT_EXECUTE|[137]
16:05:41.0 (28418932)|HEAP_ALLOCATE|[137]|Bytes:4
16:05:41.0 (28440385)|VARIABLE_SCOPE_BEGIN|[137]|fieldNames|Set<String>|true|false
16:05:41.0 (28466693)|VARIABLE_ASSIGNMENT|[137]|fieldNames|{"s":1,"v":[]}|0x2244d24f
16:05:41.0 (28491242)|STATEMENT_EXECUTE|[138]
16:05:41.0 (28547865)|VARIABLE_ASSIGNMENT|[138]|fieldNames|{"s":1,"v":["FollowedUsers__c"]}|0x3ac3334f
16:05:41.0 (28554621)|STATEMENT_EXECUTE|[139]
16:05:41.0 (28574920)|HEAP_ALLOCATE|[EXTERNAL]|Bytes:4
16:05:41.0 (28587578)|STATEMENT_EXECUTE|[140]
16:05:41.0 (28632749)|HEAP_ALLOCATE|[130]|Bytes:5
16:05:41.0 (28657254)|VARIABLE_ASSIGNMENT|[130]|fieldName|null
16:05:41.0 (28675481)|METHOD_EXIT|[117]|01p50000002CIEt|ETLC_SecuredDB.findFieldsRecursive(Map<String,Set<String>>, Map<String,ANY>)
16:05:41.0 (28696936)|HEAP_ALLOCATE|[116]|Bytes:5
16:05:41.0 (28725380)|VARIABLE_ASSIGNMENT|[116]|record|null
16:05:41.0 (28737553)|HEAP_ALLOCATE|[119]|Bytes:4
16:05:41.0 (28789784)|HEAP_ALLOCATE|[119]|Bytes:20
16:05:41.0 (28815100)|HEAP_ALLOCATE|[119]|Bytes:4
16:05:41.0 (28854408)|HEAP_ALLOCATE|[119]|Bytes:5
16:05:41.0 (28882367)|VARIABLE_SCOPE_BEGIN|[119]|objectName|String|false|false
16:05:41.0 (28895462)|VARIABLE_ASSIGNMENT|[119]|objectName|"BFFFollow__c"
16:05:41.0 (28900729)|STATEMENT_EXECUTE|[119]
16:05:41.0 (28903332)|STATEMENT_EXECUTE|[120]
16:05:41.0 (28914773)|HEAP_ALLOCATE|[120]|Bytes:2
16:05:41.0 (29004777)|HEAP_ALLOCATE|[120]|Bytes:22
16:05:41.0 (29032993)|HEAP_ALLOCATE|[120]|Bytes:36
16:05:41.0 (29055994)|USER_DEBUG|[120]|DEBUG|BFFFollow__c: {FollowedUsers__c, Id}
16:05:41.0 (29084184)|HEAP_ALLOCATE|[119]|Bytes:5
16:05:41.0 (29107314)|VARIABLE_ASSIGNMENT|[119]|objectName|null
16:05:41.0 (29112905)|STATEMENT_EXECUTE|[122]
16:05:41.0 (29132176)|METHOD_EXIT|[20]|01p50000002CIEt|ETLC_SecuredDB.findFields(List<SObject>)
16:05:41.0 (29163928)|METHOD_ENTRY|[20]|01p50000002CIEt|ETLC_SecuredDB.validate(ETLC_SecuredDB.Operation, Map<String,Set<String>>)
16:05:41.0 (29178219)|VARIABLE_SCOPE_BEGIN|[55]|op|ETLC_SecuredDB.Operation|true|false
16:05:41.0 (29203822)|VARIABLE_ASSIGNMENT|[55]|op|"Querying"|0x71e6cf13
16:05:41.0 (29212656)|VARIABLE_SCOPE_BEGIN|[55]|mapFieldNames|Map<String,Set<String>>|true|false
16:05:41.0 (29238323)|VARIABLE_ASSIGNMENT|[55]|mapFieldNames|{"s":1,"v":{"BFFFollow__c":{"s":2,"v":["FollowedUsers__c","Id"]}}}|0x5e51f807
16:05:41.0 (29253883)|HEAP_ALLOCATE|[56]|Bytes:5
16:05:41.0 (29260744)|STATEMENT_EXECUTE|[55]
16:05:41.0 (29263391)|STATEMENT_EXECUTE|[56]
16:05:41.0 (29275783)|VARIABLE_SCOPE_BEGIN|[56]|securityMessage|String|false|false
16:05:41.0 (29285919)|VARIABLE_ASSIGNMENT|[56]|securityMessage|null
16:05:41.0 (29289601)|STATEMENT_EXECUTE|[57]
16:05:41.0 (45157732)|HEAP_ALLOCATE|[57]|Bytes:1256
16:05:41.0 (45193739)|VARIABLE_SCOPE_BEGIN|[57]|mapObjects|Map<String,Schema.SObjectType>|true|false
16:05:41.0 (45421421)|VARIABLE_ASSIGNMENT|[57]|mapObjects|"{acceptedeventrelation=AcceptedEventRelation, account=Account, accountcontactrole=AccountContactRole, accounthistory=AccountHistory, accountpartner=AccountPartner, accountshare=AccountShare, actionlinkgrouptemplate=ActionLinkGroupTemplate, actionlinktemplate=ActionLinkTemplate, activityhistory=ActivityHistory, additionalnumber=AdditionalNumber, ...}"|0x521cc32b
16:05:41.0 (45435943)|HEAP_ALLOCATE|[58]|Bytes:4
16:05:41.0 (45506318)|HEAP_ALLOCATE|[58]|Bytes:20
16:05:41.0 (45525160)|HEAP_ALLOCATE|[58]|Bytes:4
16:05:41.0 (45549618)|HEAP_ALLOCATE|[58]|Bytes:5
16:05:41.0 (45565392)|VARIABLE_SCOPE_BEGIN|[58]|sObjectName|String|false|false
16:05:41.0 (45575966)|VARIABLE_ASSIGNMENT|[58]|sObjectName|"BFFFollow__c"
16:05:41.0 (45581647)|STATEMENT_EXECUTE|[58]
16:05:41.0 (45583531)|STATEMENT_EXECUTE|[59]
16:05:41.0 (45600927)|HEAP_ALLOCATE|[59]|Bytes:9
16:05:41.0 (45605341)|HEAP_ALLOCATE|[59]|Bytes:7
16:05:41.0 (45673100)|HEAP_ALLOCATE|[59]|Bytes:8
16:05:41.0 (45685099)|HEAP_ALLOCATE|[59]|Bytes:1
16:05:41.0 (45699622)|HEAP_ALLOCATE|[59]|Bytes:37
16:05:41.0 (45710657)|VARIABLE_ASSIGNMENT|[59]|securityMessage|"CRUD on [BFFFollow__ (17 more) ..."
16:05:41.0 (45713894)|STATEMENT_EXECUTE|[60]
16:05:41.0 (45721116)|HEAP_ALLOCATE|[60]|Bytes:10
16:05:41.0 (45729073)|HEAP_ALLOCATE|[60]|Bytes:47
16:05:41.0 (45765729)|USER_DEBUG|[60]|DEBUG|Checking: CRUD on [BFFFollow__c] for [Querying]
16:05:41.0 (45773901)|STATEMENT_EXECUTE|[61]
16:05:41.0 (46045784)|HEAP_ALLOCATE|[61]|Bytes:4
16:05:41.0 (46095774)|VARIABLE_SCOPE_BEGIN|[61]|drSObj|Schema.DescribeSObjectResult|true|false
16:05:41.0 (46167614)|VARIABLE_ASSIGNMENT|[61]|drSObj|"common.api.soap.wsdl.DescribeSObjectResult@a54f9caa"|0x6cb372dd
16:05:41.0 (46335707)|STATEMENT_EXECUTE|[64]
16:05:41.0 (46357252)|STATEMENT_EXECUTE|[65]
16:05:41.0 (46420988)|STATEMENT_EXECUTE|[77]
16:05:41.0 (46423473)|STATEMENT_EXECUTE|[79]
16:05:41.0 (46666813)|HEAP_ALLOCATE|[79]|Bytes:56
16:05:41.0 (46678617)|VARIABLE_SCOPE_BEGIN|[79]|mapFields|Map<String,Schema.SObjectField>|true|false
16:05:41.0 (46825996)|VARIABLE_ASSIGNMENT|[79]|mapFields|"{createdbyid=CreatedById, createddate=CreatedDate, followedby__c=FollowedBy__c, followedusers__c=FollowedUsers__c, id=Id, isdeleted=IsDeleted, lastmodifiedbyid=LastModifiedById, lastmodifieddate=LastModifiedDate, lastreferenceddate=LastReferencedDate, lastvieweddate=LastViewedDate, ...}"|0x1ec55c
16:05:41.0 (46837255)|HEAP_ALLOCATE|[80]|Bytes:4
16:05:41.0 (46881123)|HEAP_ALLOCATE|[80]|Bytes:8
16:05:41.0 (46901664)|HEAP_ALLOCATE|[80]|Bytes:5
16:05:41.0 (46914866)|VARIABLE_SCOPE_BEGIN|[80]|fieldName|String|false|false
16:05:41.0 (46923044)|VARIABLE_ASSIGNMENT|[80]|fieldName|"FollowedUsers__c"
16:05:41.0 (46926115)|STATEMENT_EXECUTE|[80]
16:05:41.0 (46927462)|STATEMENT_EXECUTE|[81]
16:05:41.0 (47813111)|HEAP_ALLOCATE|[81]|Bytes:8
16:05:41.0 (47848105)|VARIABLE_SCOPE_BEGIN|[81]|drField|Schema.DescribeFieldResult|true|false
16:05:41.0 (47920314)|VARIABLE_ASSIGNMENT|[81]|drField|"common.api.soap.wsdl.Field@7fcb24ac"|0x390917b0
16:05:41.0 (47942774)|STATEMENT_EXECUTE|[82]
16:05:41.0 (47944742)|STATEMENT_EXECUTE|[83]
16:05:41.0 (47953019)|HEAP_ALLOCATE|[83]|Bytes:8
16:05:41.0 (47957196)|HEAP_ALLOCATE|[83]|Bytes:1
16:05:41.0 (47998022)|HEAP_ALLOCATE|[83]|Bytes:8
16:05:41.0 (48018585)|HEAP_ALLOCATE|[83]|Bytes:52
16:05:41.0 (48026176)|HEAP_ALLOCATE|[83]|Bytes:53
16:05:41.0 (48036554)|VARIABLE_ASSIGNMENT|[83]|securityMessage|"FLS on [BFFFollow__c (33 more) ..."
16:05:41.0 (48039681)|STATEMENT_EXECUTE|[84]
16:05:41.0 (48048888)|HEAP_ALLOCATE|[84]|Bytes:63
16:05:41.0 (48073546)|USER_DEBUG|[84]|DEBUG|Checking: FLS on [BFFFollow__c.FollowedUsers__c] for [Querying]
16:05:41.0 (48168335)|STATEMENT_EXECUTE|[87]
16:05:41.0 (48182062)|STATEMENT_EXECUTE|[88]
16:05:41.0 (48198315)|HEAP_ALLOCATE|[80]|Bytes:5
16:05:41.0 (48211796)|VARIABLE_SCOPE_BEGIN|[80]|fieldName|String|false|false
16:05:41.0 (48219312)|VARIABLE_ASSIGNMENT|[80]|fieldName|"Id"
16:05:41.0 (48222017)|STATEMENT_EXECUTE|[80]
16:05:41.0 (48223177)|STATEMENT_EXECUTE|[81]
16:05:41.0 (48361467)|HEAP_ALLOCATE|[81]|Bytes:8
16:05:41.0 (48376769)|VARIABLE_SCOPE_BEGIN|[81]|drField|Schema.DescribeFieldResult|true|false
16:05:41.0 (48440585)|VARIABLE_ASSIGNMENT|[81]|drField|"common.api.soap.wsdl.Field@eef3e55a"|0xd18ac81
16:05:41.0 (48453005)|STATEMENT_EXECUTE|[99]
16:05:41.0 (48454860)|STATEMENT_EXECUTE|[100]
16:05:41.0 (48463155)|HEAP_ALLOCATE|[100]|Bytes:22
16:05:41.0 (48504238)|HEAP_ALLOCATE|[100]|Bytes:8
16:05:41.0 (48519447)|HEAP_ALLOCATE|[100]|Bytes:52
16:05:41.0 (48524042)|HEAP_ALLOCATE|[100]|Bytes:35
16:05:41.0 (48528945)|HEAP_ALLOCATE|[100]|Bytes:87
16:05:41.0 (48540067)|USER_DEBUG|[100]|DEBUG|Bypass Check: FLS on [BFFFollow__c.Id] for [Querying] since it's not isPermissionable()
16:05:41.0 (48553984)|HEAP_ALLOCATE|[80]|Bytes:5
16:05:41.0 (48567265)|VARIABLE_ASSIGNMENT|[80]|fieldName|null
16:05:41.0 (48576876)|HEAP_ALLOCATE|[58]|Bytes:5
16:05:41.0 (48585697)|VARIABLE_ASSIGNMENT|[58]|sObjectName|null
16:05:41.0 (48603603)|METHOD_EXIT|[20]|01p50000002CIEt|ETLC_SecuredDB.validate(ETLC_SecuredDB.Operation, Map<String,Set<String>>)
16:05:41.0 (48607909)|STATEMENT_EXECUTE|[21]
16:05:41.0 (48620145)|METHOD_EXIT|[24]|01p50000002CIEt|ETLC_SecuredDB.query(String)
16:05:41.0 (48626822)|VARIABLE_SCOPE_BEGIN|[24]|dbRecords|List<SObject>|true|false
16:05:41.0 (48662344)|VARIABLE_ASSIGNMENT|[24]|dbRecords|{"s":1,"v":[{"s":2,"v":{"FollowedUsers__c":"[{\"id\":\"00550000005c (38 more) ...","Id":"a005000000ezW4dAAE"}}]}|0x27e1b7a1
16:05:41.0 (48670529)|STATEMENT_EXECUTE|[25]
16:05:41.0 (48671861)|STATEMENT_EXECUTE|[25]
16:05:41.0 (48737504)|USER_DEBUG|[25]|DEBUG|(BFFFollow__c:{FollowedUsers__c=[{"id":"00550000005cg71AAA","name":"Jaswinder Rattanpal"}], Id=a005000000ezW4dAAE})
16:05:41.0 (48833515)|STATEMENT_EXECUTE|[26]
16:05:41.0 (48838669)|STATEMENT_EXECUTE|[27]
16:05:41.0 (48839792)|STATEMENT_EXECUTE|[28]
16:05:41.0 (48847592)|HEAP_ALLOCATE|[28]|Bytes:18
16:05:41.0 (48863111)|HEAP_ALLOCATE|[28]|Bytes:12
16:05:41.0 (48870372)|HEAP_ALLOCATE|[28]|Bytes:16
16:05:41.0 (48943205)|HEAP_ALLOCATE|[28]|Bytes:58
16:05:41.0 (48964045)|HEAP_ALLOCATE|[28]|Bytes:58
16:05:41.0 (48974300)|HEAP_ALLOCATE|[28]|Bytes:76
16:05:41.0 (48985171)|USER_DEBUG|[28]|DEBUG|FollowedUsers__c::[{"id":"00550000005cg71AAA","name":"Jaswinder Rattanpal"}]
16:05:41.0 (48990915)|STATEMENT_EXECUTE|[30]
16:05:41.0 (49003702)|HEAP_ALLOCATE|[30]|Bytes:12
16:05:41.0 (49056219)|HEAP_ALLOCATE|[30]|Bytes:58
16:05:41.0 (49075514)|METHOD_EXIT|[10]|01p50000002D8iw|BFFFollow_Controller.fetchFollowedUsers(Id)
16:05:41.0 (49153528)|VARIABLE_ASSIGNMENT|[EXTERNAL]|this|{"debug":true,"input":"{\"mode\":\"fetchFollow (9 more) ...","operation":"BFFFollow_Controller"}|0x498e251c
16:05:41.0 (49164183)|VARIABLE_ASSIGNMENT|[EXTERNAL]|value|"[{\"id\":\"00550000005c (38 more) ..."
16:05:41.0 (49182290)|VARIABLE_ASSIGNMENT|[12]|this.output|"[{\"id\":\"00550000005c (38 more) ..."|0x498e251c
16:05:41.0 (49190379)|STATEMENT_EXECUTE|[11]
16:05:41.0 (49248073)|VARIABLE_ASSIGNMENT|[EXTERNAL]|this|{"debug":true,"input":"{\"mode\":\"fetchFollow (9 more) ...","operation":"BFFFollow_Controller","output":"[{\"id\":\"00550000005c (38 more) ..."}|0x498e251c
16:05:41.0 (49310613)|VARIABLE_ASSIGNMENT|[EXTERNAL]|this|{"debug":true,"input":"{\"mode\":\"fetchFollow (9 more) ...","operation":"BFFFollow_Controller","output":"[{\"id\":\"00550000005c (38 more) ..."}|0x498e251c
16:05:41.0 (49320409)|VARIABLE_ASSIGNMENT|[EXTERNAL]|value|true
16:05:41.0 (49326332)|HEAP_ALLOCATE|[15]|Bytes:5
16:05:41.0 (49334152)|VARIABLE_ASSIGNMENT|[15]|this.outputFlag|true|0x498e251c
16:05:41.0 (49343825)|STATEMENT_EXECUTE|[12]
16:05:41.0 (49345456)|STATEMENT_EXECUTE|[12]
16:05:41.0 (49403188)|USER_DEBUG|[12]|DEBUG|ETLC_ApexBridge_Data:[debug=true, input={"mode":"fetchFollowedUsers"}, isSuccess=null, messages=null, operation=BFFFollow_Controller, output=[{"id":"00550000005cg71AAA","name":"Jaswinder Rattanpal"}], outputFlag=true, records=null]
16:05:41.0 (49419365)|METHOD_EXIT|[9]|01p50000002D8iw|BFFFollow_Controller.process(ETLC_ApexBridge_Data)
16:05:41.0 (49423205)|STATEMENT_EXECUTE|[24]
16:05:41.0 (49443981)|METHOD_ENTRY|[24]|01p50000002CIEo|ETLC_ApexBridge_Data.toJSON()
16:05:41.0 (49462174)|VARIABLE_SCOPE_BEGIN|[57]|this|ETLC_ApexBridge_Data|true|false
16:05:41.0 (49490855)|VARIABLE_ASSIGNMENT|[57]|this|{"debug":true,"input":"{\"mode\":\"fetchFollow (9 more) ...","operation":"BFFFollow_Controller","output":"[{\"id\":\"00550000005c (38 more) ...","outputFlag":true}|0x498e251c
16:05:41.0 (49498157)|STATEMENT_EXECUTE|[57]
16:05:41.0 (49499411)|STATEMENT_EXECUTE|[58]
16:05:41.0 (49515352)|METHOD_ENTRY|[58]||System.JSON.serialize(Object)
16:05:41.0 (49611547)|STATEMENT_EXECUTE|[22]
16:05:41.0 (49616129)|STATEMENT_EXECUTE|[23]
16:05:41.0 (49624570)|HEAP_ALLOCATE|[23]|Bytes:5
16:05:41.0 (49633945)|VARIABLE_ASSIGNMENT|[23]|this.isSuccess|true|0x498e251c
16:05:41.0 (49636490)|STATEMENT_EXECUTE|[24]
16:05:41.0 (49680633)|STATEMENT_EXECUTE|[31]
16:05:41.0 (49685009)|STATEMENT_EXECUTE|[32]
16:05:41.0 (49695210)|HEAP_ALLOCATE|[32]|Bytes:4
16:05:41.0 (49756645)|VARIABLE_ASSIGNMENT|[32]|this.messages|{"s":1,"v":{}}|0x498e251c
16:05:41.0 (49760444)|STATEMENT_EXECUTE|[33]
16:05:41.0 (50086517)|METHOD_EXIT|[58]||System.JSON.serialize(Object)
16:05:41.0 (50094088)|METHOD_EXIT|[24]|01p50000002CIEo|ETLC_ApexBridge_Data.toJSON()
16:05:41.0 (50106281)|SYSTEM_MODE_EXIT|false
16:05:41.50 (50151962)|CUMULATIVE_LIMIT_USAGE
16:05:41.50 (50151962)|LIMIT_USAGE_FOR_NS|(default)|
  Number of SOQL queries: 1 out of 100
  Number of query rows: 1 out of 50000
  Number of SOSL queries: 0 out of 20
  Number of DML statements: 0 out of 150
  Number of DML rows: 0 out of 10000
  Maximum CPU time: 0 out of 10000
  Maximum heap size: 0 out of 6000000
  Number of callouts: 0 out of 100
  Number of Email Invocations: 0 out of 10
  Number of future calls: 0 out of 50
  Number of queueable jobs added to the queue: 0 out of 50
  Number of Mobile Apex push calls: 0 out of 10

16:05:41.50 (50151962)|CUMULATIVE_LIMIT_USAGE_END

16:05:41.0 (50193321)|CODE_UNIT_FINISHED|ETLC_ApexBridge_Controller.execute
