37.0 APEX_CODE,FINEST;APEX_PROFILING,INFO;CALLOUT,INFO;DB,INFO;SYSTEM,DEBUG;VALIDATION,INFO;VISUALFORCE,INFO;WORKFLOW,INFO
16:12:48.0 (446086)|USER_INFO|[EXTERNAL]|00550000005cg71|bfffollow@jr.te|Eastern Standard Time|GMT-04:00
16:12:48.0 (500202)|EXECUTION_STARTED
16:12:48.0 (506694)|CODE_UNIT_STARTED|[EXTERNAL]|aura
16:12:48.0 (926792)|HEAP_ALLOCATE|[72]|Bytes:3
16:12:48.0 (973926)|HEAP_ALLOCATE|[77]|Bytes:152
16:12:48.0 (989673)|HEAP_ALLOCATE|[342]|Bytes:408
16:12:48.0 (1005135)|HEAP_ALLOCATE|[355]|Bytes:408
16:12:48.0 (1021140)|HEAP_ALLOCATE|[467]|Bytes:48
16:12:48.0 (1048187)|HEAP_ALLOCATE|[139]|Bytes:6
16:12:48.0 (1069015)|HEAP_ALLOCATE|[EXTERNAL]|Bytes:93
16:12:48.0 (1090843)|HEAP_ALLOCATE|[EXTERNAL]|Bytes:93
16:12:48.0 (2466381)|CODE_UNIT_STARTED|[EXTERNAL]|01p50000002CIEm|ETLC_ApexBridge_Controller.execute
16:12:48.0 (3099723)|HEAP_ALLOCATE|[EXTERNAL]|Bytes:1
16:12:48.0 (3111243)|HEAP_ALLOCATE|[EXTERNAL]|Bytes:10
16:12:48.0 (3171685)|METHOD_ENTRY|[1]|01p50000002CIEm|ETLC_ApexBridge_Controller.ETLC_ApexBridge_Controller()
16:12:48.0 (3178400)|STATEMENT_EXECUTE|[1]
16:12:48.0 (3188609)|STATEMENT_EXECUTE|[1]
16:12:48.0 (3214181)|METHOD_EXIT|[1]|ETLC_ApexBridge_Controller
16:12:48.0 (3221162)|HEAP_ALLOCATE|[EXTERNAL]|Bytes:93
16:12:48.0 (3231299)|SYSTEM_MODE_ENTER|false
16:12:48.0 (3247959)|VARIABLE_SCOPE_BEGIN|[3]|dataJson|String|false|false
16:12:48.0 (3448508)|VARIABLE_ASSIGNMENT|[3]|dataJson|"{\"operation\":\"BFFFol (73 more) ..."
16:12:48.0 (3468441)|STATEMENT_EXECUTE|[3]
16:12:48.0 (3471665)|STATEMENT_EXECUTE|[4]
16:12:48.0 (5636239)|VARIABLE_SCOPE_BEGIN|[4]|data|ETLC_ApexBridge_Data|true|false
16:12:48.0 (5652811)|VARIABLE_ASSIGNMENT|[4]|data|null|
16:12:48.0 (5656535)|STATEMENT_EXECUTE|[5]
16:12:48.0 (5658092)|STATEMENT_EXECUTE|[5]
16:12:48.0 (5659139)|STATEMENT_EXECUTE|[6]
16:12:48.0 (5676960)|HEAP_ALLOCATE|[6]|Bytes:11
16:12:48.0 (5685497)|HEAP_ALLOCATE|[6]|Bytes:248
16:12:48.0 (5688685)|HEAP_ALLOCATE|[6]|Bytes:39
16:12:48.0 (5733064)|METHOD_ENTRY|[2]|01p50000002CIEo|ETLC_ApexBridge_Data.ETLC_ApexBridge_Data()
16:12:48.0 (5736970)|STATEMENT_EXECUTE|[2]
16:12:48.0 (5742671)|STATEMENT_EXECUTE|[2]
16:12:48.0 (5750650)|METHOD_EXIT|[2]|ETLC_ApexBridge_Data
16:12:48.0 (5789351)|METHOD_ENTRY|[6]|01p50000002CIEo|ETLC_ApexBridge_Data.fromJSON(String)
16:12:48.0 (5821085)|VARIABLE_SCOPE_BEGIN|[60]|strJson|String|false|false
16:12:48.0 (5833358)|VARIABLE_ASSIGNMENT|[60]|strJson|"{\"operation\":\"BFFFol (73 more) ..."
16:12:48.0 (5837635)|STATEMENT_EXECUTE|[60]
16:12:48.0 (5839014)|STATEMENT_EXECUTE|[61]
16:12:48.0 (5848446)|HEAP_ALLOCATE|[61]|Bytes:20
16:12:48.0 (5873609)|HEAP_ALLOCATE|[50]|Bytes:5
16:12:48.0 (5899794)|HEAP_ALLOCATE|[56]|Bytes:5
16:12:48.0 (5909392)|HEAP_ALLOCATE|[64]|Bytes:7
16:12:48.0 (6023211)|HEAP_ALLOCATE|[61]|Bytes:24
16:12:48.0 (6039247)|SYSTEM_METHOD_ENTRY|[1]|Type.Type()
16:12:48.0 (6042543)|STATEMENT_EXECUTE|[1]
16:12:48.0 (6052885)|SYSTEM_METHOD_EXIT|[1]|Type
16:12:48.0 (6059185)|HEAP_ALLOCATE|[61]|Bytes:8
16:12:48.0 (6084937)|HEAP_ALLOCATE|[61]|Bytes:8
16:12:48.0 (6090628)|VARIABLE_SCOPE_BEGIN|[4]|this|System.Type|true|false
16:12:48.0 (6145004)|VARIABLE_ASSIGNMENT|[4]|this|{}|0xd486c47
16:12:48.0 (6149678)|VARIABLE_SCOPE_BEGIN|[4]|apextype|java:common.apex.runtime.ApexObjectType|true|false
16:12:48.0 (6309510)|VARIABLE_ASSIGNMENT|[4]|apextype|"ETLC_ApexBridge_Data"|0x4bc6a426
16:12:48.0 (6398243)|HEAP_ALLOCATE|[61]|Bytes:8
16:12:48.0 (6445054)|HEAP_ALLOCATE|[61]|Bytes:24
16:12:48.0 (6464580)|SYSTEM_METHOD_ENTRY|[1]|JSON.JSON()
16:12:48.0 (6468534)|STATEMENT_EXECUTE|[1]
16:12:48.0 (6478450)|SYSTEM_METHOD_EXIT|[1]|JSON
16:12:48.0 (6493149)|METHOD_ENTRY|[61]||System.JSON.deserializeStrict(String, System.Type)
16:12:48.0 (7329230)|METHOD_EXIT|[61]||System.JSON.deserializeStrict(String, System.Type)
16:12:48.0 (7346369)|METHOD_EXIT|[6]|01p50000002CIEo|ETLC_ApexBridge_Data.fromJSON(String)
16:12:48.0 (7441364)|VARIABLE_ASSIGNMENT|[6]|data|{"debug":true,"input":"{\"mode\":\"fetchFollow (9 more) ...","operation":"BFFFollow_Controller"}|0x2174c577
16:12:48.0 (7448624)|STATEMENT_EXECUTE|[7]
16:12:48.0 (7461432)|HEAP_ALLOCATE|[7]|Bytes:6
16:12:48.0 (7564283)|HEAP_ALLOCATE|[7]|Bytes:177
16:12:48.0 (7591938)|HEAP_ALLOCATE|[7]|Bytes:183
16:12:48.0 (7619324)|USER_DEBUG|[7]|DEBUG|data::ETLC_ApexBridge_Data:[debug=true, input={"mode":"fetchFollowedUsers"}, isSuccess=null, messages=null, operation=BFFFollow_Controller, output=null, outputFlag=null, records=null]
16:12:48.0 (7628780)|STATEMENT_EXECUTE|[8]
16:12:48.0 (7704531)|VARIABLE_ASSIGNMENT|[EXTERNAL]|this|{"debug":true,"input":"{\"mode\":\"fetchFollow (9 more) ...","operation":"BFFFollow_Controller"}|0x2174c577
16:12:48.0 (7735535)|METHOD_ENTRY|[8]||System.Type.forName(String)
16:12:48.0 (10030244)|METHOD_EXIT|[8]||System.Type.forName(String)
16:12:48.0 (10046599)|METHOD_ENTRY|[8]||System.Type.newInstance()
16:12:48.0 (11362936)|STATEMENT_EXECUTE|[1]
16:12:48.0 (11378676)|HEAP_ALLOCATE|[33]|Bytes:5
16:12:48.0 (11399301)|METHOD_EXIT|[1]|BFFFollow_Controller
16:12:48.0 (11414305)|HEAP_ALLOCATE|[33]|Bytes:4
16:12:48.0 (11426133)|VARIABLE_SCOPE_BEGIN|[1]|this|BFFFollow_Controller|true|false
16:12:48.0 (11448385)|VARIABLE_ASSIGNMENT|[1]|this|{}|0x606c547b
16:12:48.0 (11457567)|HEAP_ALLOCATE|[33]|Bytes:5
16:12:48.0 (11466157)|HEAP_ALLOCATE|[33]|Bytes:11
16:12:48.0 (11487890)|METHOD_ENTRY|[1]|01p50000002CIEj|ETLC_ApexBridge_Abstract.ETLC_ApexBridge_Abstract()
16:12:48.0 (11491259)|STATEMENT_EXECUTE|[1]
16:12:48.0 (11495953)|STATEMENT_EXECUTE|[1]
16:12:48.0 (11502528)|METHOD_EXIT|[1]|ETLC_ApexBridge_Abstract
16:12:48.0 (11510043)|CONSTRUCTOR_ENTRY|[EXTERNAL]|01p50000002CIEj|<init>()
16:12:48.0 (11527820)|VARIABLE_SCOPE_BEGIN|[1]|this|ETLC_ApexBridge_Abstract|true|false
16:12:48.0 (11542643)|VARIABLE_ASSIGNMENT|[1]|this|{}|0x606c547b
16:12:48.0 (11556815)|STATEMENT_EXECUTE|[1]
16:12:48.0 (11561192)|CONSTRUCTOR_EXIT|[EXTERNAL]|01p50000002CIEj|<init>()
16:12:48.0 (11566685)|STATEMENT_EXECUTE|[1]
16:12:48.0 (11571676)|HEAP_ALLOCATE|[33]|Bytes:5
16:12:48.0 (11588905)|METHOD_EXIT|[8]||System.Type.newInstance()
16:12:48.0 (11597669)|VARIABLE_SCOPE_BEGIN|[8]|executor|ETLC_ApexBridge_Abstract|true|false
16:12:48.0 (11610329)|VARIABLE_ASSIGNMENT|[8]|executor|{}|0x606c547b
16:12:48.0 (11612873)|STATEMENT_EXECUTE|[9]
16:12:48.0 (11657782)|METHOD_ENTRY|[9]|01p50000002D8iw|BFFFollow_Controller.process(ETLC_ApexBridge_Data)
16:12:48.0 (11684531)|VARIABLE_SCOPE_BEGIN|[3]|this|BFFFollow_Controller|true|false
16:12:48.0 (11698405)|VARIABLE_ASSIGNMENT|[3]|this|{}|0x606c547b
16:12:48.0 (11702607)|VARIABLE_SCOPE_BEGIN|[3]|data|ETLC_ApexBridge_Data|true|false
16:12:48.0 (11731060)|VARIABLE_ASSIGNMENT|[3]|data|{"debug":true,"input":"{\"mode\":\"fetchFollow (9 more) ...","operation":"BFFFollow_Controller"}|0x2174c577
16:12:48.0 (11741021)|HEAP_ALLOCATE|[4]|Bytes:5
16:12:48.0 (11744855)|STATEMENT_EXECUTE|[3]
16:12:48.0 (11746053)|STATEMENT_EXECUTE|[4]
16:12:48.0 (11824893)|VARIABLE_ASSIGNMENT|[EXTERNAL]|this|{"debug":true,"input":"{\"mode\":\"fetchFollow (9 more) ...","operation":"BFFFollow_Controller"}|0x2174c577
16:12:48.0 (11869098)|VARIABLE_ASSIGNMENT|[4]|BFFFollow_Controller.debugFlag|true
16:12:48.0 (11910008)|VARIABLE_ASSIGNMENT|[EXTERNAL]|this|{"debug":true,"input":"{\"mode\":\"fetchFollow (9 more) ...","operation":"BFFFollow_Controller"}|0x2174c577
16:12:48.0 (11928514)|STATEMENT_EXECUTE|[5]
16:12:48.0 (11969536)|USER_DEBUG|[5]|DEBUG|ETLC_ApexBridge_Data:[debug=true, input={"mode":"fetchFollowedUsers"}, isSuccess=null, messages=null, operation=BFFFollow_Controller, output=null, outputFlag=null, records=null]
16:12:48.0 (11977476)|STATEMENT_EXECUTE|[7]
16:12:48.0 (11984893)|HEAP_ALLOCATE|[7]|Bytes:4
16:12:48.0 (12010461)|METHOD_ENTRY|[7]|01p50000002CIEo|ETLC_ApexBridge_Data.getInputValue(String)
16:12:48.0 (12036027)|VARIABLE_SCOPE_BEGIN|[52]|this|ETLC_ApexBridge_Data|true|false
16:12:48.0 (12061708)|VARIABLE_ASSIGNMENT|[52]|this|{"debug":true,"input":"{\"mode\":\"fetchFollow (9 more) ...","operation":"BFFFollow_Controller"}|0x2174c577
16:12:48.0 (12067765)|VARIABLE_SCOPE_BEGIN|[52]|key|String|false|false
16:12:48.0 (12072177)|VARIABLE_ASSIGNMENT|[52]|key|"mode"
16:12:48.0 (12077271)|STATEMENT_EXECUTE|[52]
16:12:48.0 (12079556)|STATEMENT_EXECUTE|[53]
16:12:48.0 (12133490)|VARIABLE_ASSIGNMENT|[EXTERNAL]|this|{"debug":true,"input":"{\"mode\":\"fetchFollow (9 more) ...","operation":"BFFFollow_Controller"}|0x2174c577
16:12:48.0 (12154858)|METHOD_ENTRY|[53]||System.JSON.deserializeUntyped(String)
16:12:48.0 (12411735)|METHOD_EXIT|[53]||System.JSON.deserializeUntyped(String)
16:12:48.0 (12421333)|VARIABLE_SCOPE_BEGIN|[53]|inputMap|Map<String,ANY>|true|false
16:12:48.0 (12448557)|VARIABLE_ASSIGNMENT|[53]|inputMap|{"s":1,"v":{"mode":"fetchFollowedUsers"}}|0x349d3b61
16:12:48.0 (12451969)|STATEMENT_EXECUTE|[54]
16:12:48.0 (12499060)|METHOD_EXIT|[7]|01p50000002CIEo|ETLC_ApexBridge_Data.getInputValue(String)
16:12:48.0 (12505900)|VARIABLE_SCOPE_BEGIN|[7]|mode|String|false|false
16:12:48.0 (12513069)|VARIABLE_ASSIGNMENT|[7]|mode|"fetchFollowedUsers"
16:12:48.0 (12517861)|HEAP_ALLOCATE|[9]|Bytes:18
16:12:48.0 (12553588)|STATEMENT_EXECUTE|[9]
16:12:48.0 (12555334)|STATEMENT_EXECUTE|[10]
16:12:48.0 (12606820)|HEAP_ALLOCATE|[10]|Bytes:85
16:12:48.0 (12621940)|SYSTEM_METHOD_ENTRY|[1]|UserInfo.UserInfo()
16:12:48.0 (12625124)|STATEMENT_EXECUTE|[1]
16:12:48.0 (12634000)|SYSTEM_METHOD_EXIT|[1]|UserInfo
16:12:48.0 (12646195)|METHOD_ENTRY|[10]||System.UserInfo.getUserId()
16:12:48.0 (12681158)|METHOD_EXIT|[10]||System.UserInfo.getUserId()
16:12:48.0 (12699931)|HEAP_ALLOCATE|[10]|Bytes:4
16:12:48.0 (12714677)|METHOD_ENTRY|[10]|01p50000002D8iw|BFFFollow_Controller.fetchFollowedUsers(Id)
16:12:48.0 (12722817)|VARIABLE_SCOPE_BEGIN|[20]|this|BFFFollow_Controller|true|false
16:12:48.0 (12736704)|VARIABLE_ASSIGNMENT|[20]|this|{}|0x606c547b
16:12:48.0 (12741530)|VARIABLE_SCOPE_BEGIN|[20]|followedById|Id|false|false
16:12:48.0 (12843171)|VARIABLE_ASSIGNMENT|[20]|followedById|"00550000005cg71AAA"
16:12:48.0 (12854395)|HEAP_ALLOCATE|[21]|Bytes:5
16:12:48.0 (12858641)|STATEMENT_EXECUTE|[20]
16:12:48.0 (12859980)|STATEMENT_EXECUTE|[21]
16:12:48.0 (12867825)|HEAP_ALLOCATE|[21]|Bytes:63
16:12:48.0 (12907873)|HEAP_ALLOCATE|[21]|Bytes:18
16:12:48.0 (12922723)|HEAP_ALLOCATE|[21]|Bytes:9
16:12:48.0 (12935272)|HEAP_ALLOCATE|[21]|Bytes:90
16:12:48.0 (12940146)|VARIABLE_SCOPE_BEGIN|[21]|soql|String|false|false
16:12:48.0 (12949253)|VARIABLE_ASSIGNMENT|[21]|soql|"SELECT FollowedUsers (70 more) ..."
16:12:48.0 (12951859)|STATEMENT_EXECUTE|[22]
16:12:48.0 (12952981)|STATEMENT_EXECUTE|[22]
16:12:48.0 (12959149)|STATEMENT_EXECUTE|[23]
16:12:48.0 (12960204)|STATEMENT_EXECUTE|[23]
16:12:48.0 (12967508)|HEAP_ALLOCATE|[23]|Bytes:24
16:12:48.0 (12974867)|HEAP_ALLOCATE|[23]|Bytes:114
16:12:48.0 (13002883)|USER_DEBUG|[23]|DEBUG|fetchFollowedUsers:soql:SELECT FollowedUsers__c FROM BFFFollow__c WHERE FollowedBy__c='00550000005cg71AAA' limit 1
16:12:48.0 (13010846)|STATEMENT_EXECUTE|[24]
16:12:48.0 (15591154)|HEAP_ALLOCATE|[24]|Bytes:9
16:12:48.0 (15601025)|HEAP_ALLOCATE|[24]|Bytes:29
16:12:48.0 (15604211)|HEAP_ALLOCATE|[24]|Bytes:21
16:12:48.0 (15630061)|METHOD_ENTRY|[7]|01p50000002CIEt|ETLC_SecuredDB.ETLC_SecuredDB()
16:12:48.0 (15634223)|STATEMENT_EXECUTE|[7]
16:12:48.0 (15640739)|STATEMENT_EXECUTE|[7]
16:12:48.0 (15649235)|HEAP_ALLOCATE|[24]|Bytes:5
16:12:48.0 (15663321)|METHOD_EXIT|[7]|ETLC_SecuredDB
16:12:48.0 (15697699)|METHOD_ENTRY|[24]|01p50000002CIEt|ETLC_SecuredDB.query(String)
16:12:48.0 (15724690)|VARIABLE_SCOPE_BEGIN|[10]|SOQL|String|false|false
16:12:48.0 (15741612)|VARIABLE_ASSIGNMENT|[10]|SOQL|"SELECT FollowedUsers (70 more) ..."
16:12:48.0 (15751355)|HEAP_ALLOCATE|[12]|Bytes:5
16:12:48.0 (15755689)|STATEMENT_EXECUTE|[10]
16:12:48.0 (15757050)|STATEMENT_EXECUTE|[12]
16:12:48.0 (16954641)|SOQL_EXECUTE_BEGIN|[12]|Aggregations:0|SELECT FollowedUsers__c FROM BFFFollow__c WHERE FollowedBy__c='00550000005cg71AAA' limit 1
16:12:48.0 (21768802)|SOQL_EXECUTE_END|[12]|Rows:1
16:12:48.0 (21796492)|HEAP_ALLOCATE|[12]|Bytes:8
16:12:48.0 (21811216)|HEAP_ALLOCATE|[12]|Bytes:111
16:12:48.0 (21950587)|HEAP_ALLOCATE|[12]|Bytes:8
16:12:48.0 (21973915)|VARIABLE_SCOPE_BEGIN|[12]|dbRecords|List<SObject>|true|false
16:12:48.0 (22029917)|VARIABLE_ASSIGNMENT|[12]|dbRecords|{"s":1,"v":[{"s":2,"v":{"FollowedUsers__c":"[{\"id\":\"00550000005c (38 more) ...","Id":"a005000000ezW4dAAE"}}]}|0x6549fc20
16:12:48.0 (22037185)|STATEMENT_EXECUTE|[20]
16:12:48.0 (22440862)|HEAP_ALLOCATE|[20]|Bytes:12
16:12:48.0 (22453375)|HEAP_ALLOCATE|[20]|Bytes:8
16:12:48.0 (22553631)|HEAP_ALLOCATE|[20]|Bytes:12
16:12:48.0 (22560420)|HEAP_ALLOCATE|[20]|Bytes:9
16:12:48.0 (22575744)|HEAP_ALLOCATE|[20]|Bytes:12
16:12:48.0 (22579235)|HEAP_ALLOCATE|[20]|Bytes:8
16:12:48.0 (22589600)|HEAP_ALLOCATE|[20]|Bytes:12
16:12:48.0 (22594233)|HEAP_ALLOCATE|[20]|Bytes:8
16:12:48.0 (22607287)|HEAP_ALLOCATE|[20]|Bytes:12
16:12:48.0 (22610757)|HEAP_ALLOCATE|[20]|Bytes:9
16:12:48.0 (22648555)|METHOD_ENTRY|[20]|01p50000002CIEt|ETLC_SecuredDB.findFields(List<SObject>)
16:12:48.0 (22692058)|VARIABLE_SCOPE_BEGIN|[108]|dbRecords|List<SObject>|true|false
16:12:48.0 (22721617)|VARIABLE_ASSIGNMENT|[108]|dbRecords|{"s":1,"v":[{"s":2,"v":{"FollowedUsers__c":"[{\"id\":\"00550000005c (38 more) ...","Id":"a005000000ezW4dAAE"}}]}|0x6549fc20
16:12:48.0 (22740536)|HEAP_ALLOCATE|[109]|Bytes:5
16:12:48.0 (22747309)|STATEMENT_EXECUTE|[108]
16:12:48.0 (22749913)|STATEMENT_EXECUTE|[109]
16:12:48.0 (22764851)|VARIABLE_SCOPE_BEGIN|[109]|strJSON|String|false|false
16:12:48.0 (22775976)|VARIABLE_ASSIGNMENT|[109]|strJSON|null
16:12:48.0 (22779630)|STATEMENT_EXECUTE|[110]
16:12:48.0 (22790590)|VARIABLE_SCOPE_BEGIN|[110]|mapFields|Map<String,Set<String>>|true|false
16:12:48.0 (22799987)|VARIABLE_ASSIGNMENT|[110]|mapFields|null|
16:12:48.0 (22803887)|STATEMENT_EXECUTE|[112]
16:12:48.0 (22831039)|METHOD_ENTRY|[112]||System.JSON.serialize(Object)
16:12:48.0 (23510973)|METHOD_EXIT|[112]||System.JSON.serialize(Object)
16:12:48.0 (23532462)|VARIABLE_ASSIGNMENT|[112]|strJSON|"[{\"attributes\":{\"typ (204 more) ..."
16:12:48.0 (23538121)|STATEMENT_EXECUTE|[113]
16:12:48.0 (23551703)|HEAP_ALLOCATE|[113]|Bytes:5
16:12:48.0 (23576490)|HEAP_ALLOCATE|[113]|Bytes:229
16:12:48.0 (23622831)|USER_DEBUG|[113]|DEBUG|JSON:[{"attributes":{"type":"BFFFollow__c","url":"/services/data/v37.0/sobjects/BFFFollow__c/a005000000ezW4dAAE"},"FollowedUsers__c":"[{\"id\":\"00550000005cg71AAA\",\"name\":\"Jaswinder Rattanpal\"}]","Id":"a005000000ezW4dAAE"}]
16:12:48.0 (23637502)|STATEMENT_EXECUTE|[114]
16:12:48.0 (23656525)|HEAP_ALLOCATE|[114]|Bytes:4
16:12:48.0 (23698583)|VARIABLE_ASSIGNMENT|[114]|mapFields|{"s":1,"v":{}}|0x8f2012b
16:12:48.0 (23704365)|STATEMENT_EXECUTE|[115]
16:12:48.0 (23724890)|METHOD_ENTRY|[115]||System.JSON.deserializeUntyped(String)
16:12:48.0 (24273983)|METHOD_EXIT|[115]||System.JSON.deserializeUntyped(String)
16:12:48.0 (24290361)|VARIABLE_SCOPE_BEGIN|[115]|records|List<ANY>|true|false
16:12:48.0 (24327234)|HEAP_ALLOCATE|[EXTERNAL]|Bytes:8
16:12:48.0 (24361602)|VARIABLE_ASSIGNMENT|[115]|records|{"s":1,"v":[{"s":2,"v":{"attributes":{"s":3,"v":{"type":"BFFFollow__c","url":"/services/data/v37.0 (41 more) ..."}},"FollowedUsers__c":"[{\"id\":\"00550000005c (38 more) ...","Id":"a005000000ezW4dAAE"}}]}|0x12e8ead1
16:12:48.0 (24428445)|HEAP_ALLOCATE|[116]|Bytes:5
16:12:48.0 (24456653)|HEAP_ALLOCATE|[116]|Bytes:16
16:12:48.0 (24474160)|VARIABLE_SCOPE_BEGIN|[116]|record|Object|false|false
16:12:48.0 (24509496)|VARIABLE_ASSIGNMENT|[116]|record|{"s":1,"v":{"attributes":{"s":2,"v":{"type":"BFFFollow__c","url":"/services/data/v37.0 (41 more) ..."}},"FollowedUsers__c":"[{\"id\":\"00550000005c (38 more) ...","Id":"a005000000ezW4dAAE"}}
16:12:48.0 (24517473)|STATEMENT_EXECUTE|[116]
16:12:48.0 (24519986)|STATEMENT_EXECUTE|[117]
16:12:48.0 (24556796)|METHOD_ENTRY|[117]|01p50000002CIEt|ETLC_SecuredDB.findFieldsRecursive(Map<String,Set<String>>, Map<String,ANY>)
16:12:48.0 (24597597)|VARIABLE_SCOPE_BEGIN|[124]|mapFields|Map<String,Set<String>>|true|false
16:12:48.0 (24614853)|VARIABLE_ASSIGNMENT|[124]|mapFields|{"s":1,"v":{}}|0x8f2012b
16:12:48.0 (24622272)|VARIABLE_SCOPE_BEGIN|[124]|record|Map<String,ANY>|true|false
16:12:48.0 (24643778)|VARIABLE_ASSIGNMENT|[124]|record|{"s":1,"v":{"attributes":{"s":2,"v":{"type":"BFFFollow__c","url":"/services/data/v37.0 (41 more) ..."}},"FollowedUsers__c":"[{\"id\":\"00550000005c (38 more) ...","Id":"a005000000ezW4dAAE"}}|0x717597e1
16:12:48.0 (24656939)|HEAP_ALLOCATE|[125]|Bytes:5
16:12:48.0 (24662791)|STATEMENT_EXECUTE|[124]
16:12:48.0 (24665198)|STATEMENT_EXECUTE|[125]
16:12:48.0 (24675300)|HEAP_ALLOCATE|[125]|Bytes:10
16:12:48.0 (24682138)|VARIABLE_SCOPE_BEGIN|[125]|strAttributes|String|false|false
16:12:48.0 (24691635)|VARIABLE_ASSIGNMENT|[125]|strAttributes|"attributes"
16:12:48.0 (24695172)|STATEMENT_EXECUTE|[126]
16:12:48.0 (24703607)|HEAP_ALLOCATE|[126]|Bytes:7
16:12:48.0 (24709443)|VARIABLE_SCOPE_BEGIN|[126]|strRecord|String|false|false
16:12:48.0 (24717607)|VARIABLE_ASSIGNMENT|[126]|strRecord|"records"
16:12:48.0 (24769227)|STATEMENT_EXECUTE|[127]
16:12:48.0 (24772789)|STATEMENT_EXECUTE|[128]
16:12:48.0 (24831036)|VARIABLE_SCOPE_BEGIN|[128]|attributes|Map<String,ANY>|true|false
16:12:48.0 (24853725)|VARIABLE_ASSIGNMENT|[128]|attributes|{"s":1,"v":{"type":"BFFFollow__c","url":"/services/data/v37.0 (41 more) ..."}}|0x39df4bfe
16:12:48.0 (24858531)|STATEMENT_EXECUTE|[129]
16:12:48.0 (24868785)|HEAP_ALLOCATE|[129]|Bytes:4
16:12:48.0 (24916120)|VARIABLE_SCOPE_BEGIN|[129]|objectName|String|false|false
16:12:48.0 (24927074)|VARIABLE_ASSIGNMENT|[129]|objectName|"BFFFollow__c"
16:12:48.0 (24940185)|HEAP_ALLOCATE|[130]|Bytes:4
16:12:48.0 (25037852)|HEAP_ALLOCATE|[130]|Bytes:44
16:12:48.0 (25066946)|HEAP_ALLOCATE|[130]|Bytes:12
16:12:48.0 (25107257)|HEAP_ALLOCATE|[130]|Bytes:5
16:12:48.0 (25134725)|VARIABLE_SCOPE_BEGIN|[130]|fieldName|String|false|false
16:12:48.0 (25153395)|VARIABLE_ASSIGNMENT|[130]|fieldName|"attributes"
16:12:48.0 (25158785)|STATEMENT_EXECUTE|[130]
16:12:48.0 (25160901)|STATEMENT_EXECUTE|[131]
16:12:48.0 (25225114)|VARIABLE_SCOPE_BEGIN|[131]|field|Object|false|false
16:12:48.0 (25251363)|VARIABLE_ASSIGNMENT|[131]|field|{"s":1,"v":{"type":"BFFFollow__c","url":"/services/data/v37.0 (41 more) ..."}}
16:12:48.0 (25289335)|STATEMENT_EXECUTE|[132]
16:12:48.0 (25311778)|HEAP_ALLOCATE|[130]|Bytes:5
16:12:48.0 (25330109)|VARIABLE_SCOPE_BEGIN|[130]|fieldName|String|false|false
16:12:48.0 (25340135)|VARIABLE_ASSIGNMENT|[130]|fieldName|"FollowedUsers__c"
16:12:48.0 (25343666)|STATEMENT_EXECUTE|[130]
16:12:48.0 (25345617)|STATEMENT_EXECUTE|[131]
16:12:48.0 (25375270)|VARIABLE_SCOPE_BEGIN|[131]|field|Object|false|false
16:12:48.0 (25398834)|VARIABLE_ASSIGNMENT|[131]|field|"[{\"id\":\"00550000005c (38 more) ..."
16:12:48.0 (25416971)|HEAP_ALLOCATE|[134]|Bytes:68
16:12:48.0 (25447931)|STATEMENT_EXECUTE|[136]
16:12:48.0 (25450608)|STATEMENT_EXECUTE|[137]
16:12:48.0 (25463553)|HEAP_ALLOCATE|[137]|Bytes:4
16:12:48.0 (25513840)|VARIABLE_SCOPE_BEGIN|[137]|fieldNames|Set<String>|true|false
16:12:48.0 (25538848)|VARIABLE_ASSIGNMENT|[137]|fieldNames|{"s":1,"v":[]}|0x74572633
16:12:48.0 (25583815)|STATEMENT_EXECUTE|[138]
16:12:48.0 (25592474)|STATEMENT_EXECUTE|[139]
16:12:48.0 (25629966)|HEAP_ALLOCATE|[EXTERNAL]|Bytes:4
16:12:48.0 (25641241)|STATEMENT_EXECUTE|[140]
16:12:48.0 (25684164)|HEAP_ALLOCATE|[EXTERNAL]|Bytes:-4
16:12:48.0 (25705780)|HEAP_ALLOCATE|[130]|Bytes:5
16:12:48.0 (25725978)|VARIABLE_SCOPE_BEGIN|[130]|fieldName|String|false|false
16:12:48.0 (25737086)|VARIABLE_ASSIGNMENT|[130]|fieldName|"Id"
16:12:48.0 (25741180)|STATEMENT_EXECUTE|[130]
16:12:48.0 (25743196)|STATEMENT_EXECUTE|[131]
16:12:48.0 (25775859)|VARIABLE_SCOPE_BEGIN|[131]|field|Object|false|false
16:12:48.0 (25793782)|VARIABLE_ASSIGNMENT|[131]|field|"a005000000ezW4dAAE"
16:12:48.0 (25819314)|STATEMENT_EXECUTE|[136]
16:12:48.0 (25822390)|STATEMENT_EXECUTE|[137]
16:12:48.0 (25833574)|HEAP_ALLOCATE|[137]|Bytes:4
16:12:48.0 (25851006)|VARIABLE_SCOPE_BEGIN|[137]|fieldNames|Set<String>|true|false
16:12:48.0 (25872078)|VARIABLE_ASSIGNMENT|[137]|fieldNames|{"s":1,"v":[]}|0x29c06dc7
16:12:48.0 (25891289)|STATEMENT_EXECUTE|[138]
16:12:48.0 (25928319)|VARIABLE_ASSIGNMENT|[138]|fieldNames|{"s":1,"v":["FollowedUsers__c"]}|0x74572633
16:12:48.0 (25933339)|STATEMENT_EXECUTE|[139]
16:12:48.0 (25948154)|HEAP_ALLOCATE|[EXTERNAL]|Bytes:4
16:12:48.0 (25956885)|STATEMENT_EXECUTE|[140]
16:12:48.0 (25989819)|HEAP_ALLOCATE|[130]|Bytes:5
16:12:48.0 (26009666)|VARIABLE_ASSIGNMENT|[130]|fieldName|null
16:12:48.0 (26029781)|METHOD_EXIT|[117]|01p50000002CIEt|ETLC_SecuredDB.findFieldsRecursive(Map<String,Set<String>>, Map<String,ANY>)
16:12:48.0 (26048457)|HEAP_ALLOCATE|[116]|Bytes:5
16:12:48.0 (26071685)|VARIABLE_ASSIGNMENT|[116]|record|null
16:12:48.0 (26080682)|HEAP_ALLOCATE|[119]|Bytes:4
16:12:48.0 (26127118)|HEAP_ALLOCATE|[119]|Bytes:20
16:12:48.0 (26153385)|HEAP_ALLOCATE|[119]|Bytes:4
16:12:48.0 (26184797)|HEAP_ALLOCATE|[119]|Bytes:5
16:12:48.0 (26204005)|VARIABLE_SCOPE_BEGIN|[119]|objectName|String|false|false
16:12:48.0 (26214258)|VARIABLE_ASSIGNMENT|[119]|objectName|"BFFFollow__c"
16:12:48.0 (26218555)|STATEMENT_EXECUTE|[119]
16:12:48.0 (26220512)|STATEMENT_EXECUTE|[120]
16:12:48.0 (26230557)|HEAP_ALLOCATE|[120]|Bytes:2
16:12:48.0 (26305505)|HEAP_ALLOCATE|[120]|Bytes:22
16:12:48.0 (26328113)|HEAP_ALLOCATE|[120]|Bytes:36
16:12:48.0 (26345076)|USER_DEBUG|[120]|DEBUG|BFFFollow__c: {FollowedUsers__c, Id}
16:12:48.0 (26365945)|HEAP_ALLOCATE|[119]|Bytes:5
16:12:48.0 (26385720)|VARIABLE_ASSIGNMENT|[119]|objectName|null
16:12:48.0 (26391058)|STATEMENT_EXECUTE|[122]
16:12:48.0 (26411202)|METHOD_EXIT|[20]|01p50000002CIEt|ETLC_SecuredDB.findFields(List<SObject>)
16:12:48.0 (26438565)|METHOD_ENTRY|[20]|01p50000002CIEt|ETLC_SecuredDB.validate(ETLC_SecuredDB.Operation, Map<String,Set<String>>)
16:12:48.0 (26452980)|VARIABLE_SCOPE_BEGIN|[55]|op|ETLC_SecuredDB.Operation|true|false
16:12:48.0 (26475694)|VARIABLE_ASSIGNMENT|[55]|op|"Querying"|0x2c0cd10b
16:12:48.0 (26483892)|VARIABLE_SCOPE_BEGIN|[55]|mapFieldNames|Map<String,Set<String>>|true|false
16:12:48.0 (26503998)|VARIABLE_ASSIGNMENT|[55]|mapFieldNames|{"s":1,"v":{"BFFFollow__c":{"s":2,"v":["FollowedUsers__c","Id"]}}}|0x8f2012b
16:12:48.0 (26516456)|HEAP_ALLOCATE|[56]|Bytes:5
16:12:48.0 (26522312)|STATEMENT_EXECUTE|[55]
16:12:48.0 (26524616)|STATEMENT_EXECUTE|[56]
16:12:48.0 (26534844)|VARIABLE_SCOPE_BEGIN|[56]|securityMessage|String|false|false
16:12:48.0 (26542409)|VARIABLE_ASSIGNMENT|[56]|securityMessage|null
16:12:48.0 (26545409)|STATEMENT_EXECUTE|[57]
16:12:48.0 (49864341)|HEAP_ALLOCATE|[57]|Bytes:1256
16:12:48.0 (49911516)|VARIABLE_SCOPE_BEGIN|[57]|mapObjects|Map<String,Schema.SObjectType>|true|false
16:12:48.0 (50299515)|VARIABLE_ASSIGNMENT|[57]|mapObjects|"{acceptedeventrelation=AcceptedEventRelation, account=Account, accountcontactrole=AccountContactRole, accounthistory=AccountHistory, accountpartner=AccountPartner, accountshare=AccountShare, actionlinkgrouptemplate=ActionLinkGroupTemplate, actionlinktemplate=ActionLinkTemplate, activityhistory=ActivityHistory, additionalnumber=AdditionalNumber, ...}"|0x61270c07
16:12:48.0 (50321609)|HEAP_ALLOCATE|[58]|Bytes:4
16:12:48.0 (50429388)|HEAP_ALLOCATE|[58]|Bytes:20
16:12:48.0 (50465279)|HEAP_ALLOCATE|[58]|Bytes:4
16:12:48.0 (50521236)|HEAP_ALLOCATE|[58]|Bytes:5
16:12:48.0 (50556361)|VARIABLE_SCOPE_BEGIN|[58]|sObjectName|String|false|false
16:12:48.0 (50572253)|VARIABLE_ASSIGNMENT|[58]|sObjectName|"BFFFollow__c"
16:12:48.0 (50579975)|STATEMENT_EXECUTE|[58]
16:12:48.0 (50583242)|STATEMENT_EXECUTE|[59]
16:12:48.0 (50603622)|HEAP_ALLOCATE|[59]|Bytes:9
16:12:48.0 (50611565)|HEAP_ALLOCATE|[59]|Bytes:7
16:12:48.0 (50703448)|HEAP_ALLOCATE|[59]|Bytes:8
16:12:48.0 (50724210)|HEAP_ALLOCATE|[59]|Bytes:1
16:12:48.0 (50747461)|HEAP_ALLOCATE|[59]|Bytes:37
16:12:48.0 (50764888)|VARIABLE_ASSIGNMENT|[59]|securityMessage|"CRUD on [BFFFollow__ (17 more) ..."
16:12:48.0 (50769818)|STATEMENT_EXECUTE|[60]
16:12:48.0 (50781928)|HEAP_ALLOCATE|[60]|Bytes:10
16:12:48.0 (50795765)|HEAP_ALLOCATE|[60]|Bytes:47
16:12:48.0 (50851111)|USER_DEBUG|[60]|DEBUG|Checking: CRUD on [BFFFollow__c] for [Querying]
16:12:48.0 (50864684)|STATEMENT_EXECUTE|[61]
16:12:48.0 (51228020)|HEAP_ALLOCATE|[61]|Bytes:4
16:12:48.0 (51275157)|VARIABLE_SCOPE_BEGIN|[61]|drSObj|Schema.DescribeSObjectResult|true|false
16:12:48.0 (51367205)|VARIABLE_ASSIGNMENT|[61]|drSObj|"common.api.soap.wsdl.DescribeSObjectResult@a54f9caa"|0x7c3700d5
16:12:48.0 (51602263)|STATEMENT_EXECUTE|[64]
16:12:48.0 (51634632)|STATEMENT_EXECUTE|[65]
16:12:48.0 (51721858)|STATEMENT_EXECUTE|[77]
16:12:48.0 (51725413)|STATEMENT_EXECUTE|[79]
16:12:48.0 (52138250)|HEAP_ALLOCATE|[79]|Bytes:56
16:12:48.0 (52155374)|VARIABLE_SCOPE_BEGIN|[79]|mapFields|Map<String,Schema.SObjectField>|true|false
16:12:48.0 (52413414)|VARIABLE_ASSIGNMENT|[79]|mapFields|"{createdbyid=CreatedById, createddate=CreatedDate, followedby__c=FollowedBy__c, followedusers__c=FollowedUsers__c, id=Id, isdeleted=IsDeleted, lastmodifiedbyid=LastModifiedById, lastmodifieddate=LastModifiedDate, lastreferenceddate=LastReferencedDate, lastvieweddate=LastViewedDate, ...}"|0x2851b2a0
16:12:48.0 (52429803)|HEAP_ALLOCATE|[80]|Bytes:4
16:12:48.0 (52517170)|HEAP_ALLOCATE|[80]|Bytes:8
16:12:48.0 (52561809)|HEAP_ALLOCATE|[80]|Bytes:5
16:12:48.0 (52588651)|VARIABLE_SCOPE_BEGIN|[80]|fieldName|String|false|false
16:12:48.0 (52603129)|VARIABLE_ASSIGNMENT|[80]|fieldName|"FollowedUsers__c"
16:12:48.0 (52608120)|STATEMENT_EXECUTE|[80]
16:12:48.0 (52610454)|STATEMENT_EXECUTE|[81]
16:12:48.0 (53618024)|HEAP_ALLOCATE|[81]|Bytes:8
16:12:48.0 (53668846)|VARIABLE_SCOPE_BEGIN|[81]|drField|Schema.DescribeFieldResult|true|false
16:12:48.0 (53764956)|VARIABLE_ASSIGNMENT|[81]|drField|"common.api.soap.wsdl.Field@a16fa315"|0x6399db7f
16:12:48.0 (53793456)|STATEMENT_EXECUTE|[82]
16:12:48.0 (53796857)|STATEMENT_EXECUTE|[83]
16:12:48.0 (53811057)|HEAP_ALLOCATE|[83]|Bytes:8
16:12:48.0 (53818465)|HEAP_ALLOCATE|[83]|Bytes:1
16:12:48.0 (53884709)|HEAP_ALLOCATE|[83]|Bytes:8
16:12:48.0 (53920079)|HEAP_ALLOCATE|[83]|Bytes:52
16:12:48.0 (53933395)|HEAP_ALLOCATE|[83]|Bytes:53
16:12:48.0 (53955374)|VARIABLE_ASSIGNMENT|[83]|securityMessage|"FLS on [BFFFollow__c (33 more) ..."
16:12:48.0 (53960812)|STATEMENT_EXECUTE|[84]
16:12:48.0 (53978022)|HEAP_ALLOCATE|[84]|Bytes:63
16:12:48.0 (54018517)|USER_DEBUG|[84]|DEBUG|Checking: FLS on [BFFFollow__c.FollowedUsers__c] for [Querying]
16:12:48.0 (54170157)|STATEMENT_EXECUTE|[87]
16:12:48.0 (54193123)|STATEMENT_EXECUTE|[88]
16:12:48.0 (54219919)|HEAP_ALLOCATE|[80]|Bytes:5
16:12:48.0 (54243968)|VARIABLE_SCOPE_BEGIN|[80]|fieldName|String|false|false
16:12:48.0 (54257030)|VARIABLE_ASSIGNMENT|[80]|fieldName|"Id"
16:12:48.0 (54261288)|STATEMENT_EXECUTE|[80]
16:12:48.0 (54263441)|STATEMENT_EXECUTE|[81]
16:12:48.0 (54468203)|HEAP_ALLOCATE|[81]|Bytes:8
16:12:48.0 (54482960)|VARIABLE_SCOPE_BEGIN|[81]|drField|Schema.DescribeFieldResult|true|false
16:12:48.0 (54567319)|VARIABLE_ASSIGNMENT|[81]|drField|"common.api.soap.wsdl.Field@42ca45a6"|0x75c56f25
16:12:48.0 (54583060)|STATEMENT_EXECUTE|[99]
16:12:48.0 (54585726)|STATEMENT_EXECUTE|[100]
16:12:48.0 (54598285)|HEAP_ALLOCATE|[100]|Bytes:22
16:12:48.0 (54656982)|HEAP_ALLOCATE|[100]|Bytes:8
16:12:48.0 (54682541)|HEAP_ALLOCATE|[100]|Bytes:52
16:12:48.0 (54691541)|HEAP_ALLOCATE|[100]|Bytes:35
16:12:48.0 (54700586)|HEAP_ALLOCATE|[100]|Bytes:87
16:12:48.0 (54718176)|USER_DEBUG|[100]|DEBUG|Bypass Check: FLS on [BFFFollow__c.Id] for [Querying] since it's not isPermissionable()
16:12:48.0 (54741809)|HEAP_ALLOCATE|[80]|Bytes:5
16:12:48.0 (54763770)|VARIABLE_ASSIGNMENT|[80]|fieldName|null
16:12:48.0 (54782857)|HEAP_ALLOCATE|[58]|Bytes:5
16:12:48.0 (54802197)|VARIABLE_ASSIGNMENT|[58]|sObjectName|null
16:12:48.0 (54826720)|METHOD_EXIT|[20]|01p50000002CIEt|ETLC_SecuredDB.validate(ETLC_SecuredDB.Operation, Map<String,Set<String>>)
16:12:48.0 (54833388)|STATEMENT_EXECUTE|[21]
16:12:48.0 (54854162)|METHOD_EXIT|[24]|01p50000002CIEt|ETLC_SecuredDB.query(String)
16:12:48.0 (54865005)|VARIABLE_SCOPE_BEGIN|[24]|dbRecords|List<SObject>|true|false
16:12:48.0 (54915271)|VARIABLE_ASSIGNMENT|[24]|dbRecords|{"s":1,"v":[{"s":2,"v":{"FollowedUsers__c":"[{\"id\":\"00550000005c (38 more) ...","Id":"a005000000ezW4dAAE"}}]}|0x6549fc20
16:12:48.0 (54926948)|STATEMENT_EXECUTE|[25]
16:12:48.0 (54929502)|STATEMENT_EXECUTE|[25]
16:12:48.0 (55030464)|USER_DEBUG|[25]|DEBUG|(BFFFollow__c:{FollowedUsers__c=[{"id":"00550000005cg71AAA","name":"Jaswinder Rattanpal"}], Id=a005000000ezW4dAAE})
16:12:48.0 (55139947)|STATEMENT_EXECUTE|[26]
16:12:48.0 (55147191)|STATEMENT_EXECUTE|[27]
16:12:48.0 (55148568)|STATEMENT_EXECUTE|[28]
16:12:48.0 (55158476)|HEAP_ALLOCATE|[28]|Bytes:18
16:12:48.0 (55172445)|HEAP_ALLOCATE|[28]|Bytes:12
16:12:48.0 (55179517)|HEAP_ALLOCATE|[28]|Bytes:16
16:12:48.0 (55253136)|HEAP_ALLOCATE|[28]|Bytes:58
16:12:48.0 (55274744)|HEAP_ALLOCATE|[28]|Bytes:58
16:12:48.0 (55284260)|HEAP_ALLOCATE|[28]|Bytes:76
16:12:48.0 (55294559)|USER_DEBUG|[28]|DEBUG|FollowedUsers__c::[{"id":"00550000005cg71AAA","name":"Jaswinder Rattanpal"}]
16:12:48.0 (55300422)|STATEMENT_EXECUTE|[30]
16:12:48.0 (55314057)|HEAP_ALLOCATE|[30]|Bytes:12
16:12:48.0 (55365911)|HEAP_ALLOCATE|[30]|Bytes:58
16:12:48.0 (55385542)|METHOD_EXIT|[10]|01p50000002D8iw|BFFFollow_Controller.fetchFollowedUsers(Id)
16:12:48.0 (55467019)|VARIABLE_ASSIGNMENT|[EXTERNAL]|this|{"debug":true,"input":"{\"mode\":\"fetchFollow (9 more) ...","operation":"BFFFollow_Controller"}|0x2174c577
16:12:48.0 (55478730)|VARIABLE_ASSIGNMENT|[EXTERNAL]|value|"[{\"id\":\"00550000005c (38 more) ..."
16:12:48.0 (55496336)|VARIABLE_ASSIGNMENT|[12]|this.output|"[{\"id\":\"00550000005c (38 more) ..."|0x2174c577
16:12:48.0 (55504287)|STATEMENT_EXECUTE|[11]
16:12:48.0 (55565847)|VARIABLE_ASSIGNMENT|[EXTERNAL]|this|{"debug":true,"input":"{\"mode\":\"fetchFollow (9 more) ...","operation":"BFFFollow_Controller","output":"[{\"id\":\"00550000005c (38 more) ..."}|0x2174c577
16:12:48.0 (55641112)|VARIABLE_ASSIGNMENT|[EXTERNAL]|this|{"debug":true,"input":"{\"mode\":\"fetchFollow (9 more) ...","operation":"BFFFollow_Controller","output":"[{\"id\":\"00550000005c (38 more) ..."}|0x2174c577
16:12:48.0 (55654467)|VARIABLE_ASSIGNMENT|[EXTERNAL]|value|true
16:12:48.0 (55660360)|HEAP_ALLOCATE|[15]|Bytes:5
16:12:48.0 (55669249)|VARIABLE_ASSIGNMENT|[15]|this.outputFlag|true|0x2174c577
16:12:48.0 (55679755)|STATEMENT_EXECUTE|[12]
16:12:48.0 (55681651)|STATEMENT_EXECUTE|[12]
16:12:48.0 (55736223)|USER_DEBUG|[12]|DEBUG|ETLC_ApexBridge_Data:[debug=true, input={"mode":"fetchFollowedUsers"}, isSuccess=null, messages=null, operation=BFFFollow_Controller, output=[{"id":"00550000005cg71AAA","name":"Jaswinder Rattanpal"}], outputFlag=true, records=null]
16:12:48.0 (55752293)|METHOD_EXIT|[9]|01p50000002D8iw|BFFFollow_Controller.process(ETLC_ApexBridge_Data)
16:12:48.0 (55756806)|STATEMENT_EXECUTE|[24]
16:12:48.0 (55778759)|METHOD_ENTRY|[24]|01p50000002CIEo|ETLC_ApexBridge_Data.toJSON()
16:12:48.0 (55800097)|VARIABLE_SCOPE_BEGIN|[57]|this|ETLC_ApexBridge_Data|true|false
16:12:48.0 (55828566)|VARIABLE_ASSIGNMENT|[57]|this|{"debug":true,"input":"{\"mode\":\"fetchFollow (9 more) ...","operation":"BFFFollow_Controller","output":"[{\"id\":\"00550000005c (38 more) ...","outputFlag":true}|0x2174c577
16:12:48.0 (55835251)|STATEMENT_EXECUTE|[57]
16:12:48.0 (55836664)|STATEMENT_EXECUTE|[58]
16:12:48.0 (55853903)|METHOD_ENTRY|[58]||System.JSON.serialize(Object)
16:12:48.0 (55954740)|STATEMENT_EXECUTE|[22]
16:12:48.0 (55966059)|STATEMENT_EXECUTE|[23]
16:12:48.0 (55976170)|HEAP_ALLOCATE|[23]|Bytes:5
16:12:48.0 (55985946)|VARIABLE_ASSIGNMENT|[23]|this.isSuccess|true|0x2174c577
16:12:48.0 (55989129)|STATEMENT_EXECUTE|[24]
16:12:48.0 (56036654)|STATEMENT_EXECUTE|[31]
16:12:48.0 (56041884)|STATEMENT_EXECUTE|[32]
16:12:48.0 (56053780)|HEAP_ALLOCATE|[32]|Bytes:4
16:12:48.0 (56119635)|VARIABLE_ASSIGNMENT|[32]|this.messages|{"s":1,"v":{}}|0x2174c577
16:12:48.0 (56124638)|STATEMENT_EXECUTE|[33]
16:12:48.0 (56552734)|METHOD_EXIT|[58]||System.JSON.serialize(Object)
16:12:48.0 (56564242)|METHOD_EXIT|[24]|01p50000002CIEo|ETLC_ApexBridge_Data.toJSON()
16:12:48.0 (56574662)|SYSTEM_MODE_EXIT|false
16:12:48.56 (56635385)|CUMULATIVE_LIMIT_USAGE
16:12:48.56 (56635385)|LIMIT_USAGE_FOR_NS|(default)|
  Number of SOQL queries: 1 out of 100
  Number of query rows: 1 out of 50000
  Number of SOSL queries: 0 out of 20
  Number of DML statements: 0 out of 150
  Number of DML rows: 0 out of 10000
  Maximum CPU time: 0 out of 10000
  Maximum heap size: 0 out of 6000000
  Number of callouts: 0 out of 100
  Number of Email Invocations: 0 out of 10
  Number of future calls: 0 out of 50
  Number of queueable jobs added to the queue: 0 out of 50
  Number of Mobile Apex push calls: 0 out of 10

16:12:48.56 (56635385)|CUMULATIVE_LIMIT_USAGE_END

16:12:48.0 (56684211)|CODE_UNIT_FINISHED|ETLC_ApexBridge_Controller.execute
