37.0 APEX_CODE,FINEST;APEX_PROFILING,INFO;CALLOUT,INFO;DB,INFO;SYSTEM,DEBUG;VALIDATION,INFO;VISUALFORCE,INFO;WORKFLOW,INFO
22:26:53.0 (80253)|USER_INFO|[EXTERNAL]|00550000005cg71|bfffollow@jr.te|Eastern Standard Time|GMT-04:00
22:26:53.0 (123402)|EXECUTION_STARTED
22:26:53.0 (129223)|CODE_UNIT_STARTED|[EXTERNAL]|aura
22:26:53.0 (498067)|HEAP_ALLOCATE|[72]|Bytes:3
22:26:53.0 (557147)|HEAP_ALLOCATE|[77]|Bytes:152
22:26:53.0 (576409)|HEAP_ALLOCATE|[342]|Bytes:408
22:26:53.0 (594568)|HEAP_ALLOCATE|[355]|Bytes:408
22:26:53.0 (612037)|HEAP_ALLOCATE|[467]|Bytes:48
22:26:53.0 (640124)|HEAP_ALLOCATE|[139]|Bytes:6
22:26:53.0 (673123)|HEAP_ALLOCATE|[EXTERNAL]|Bytes:93
22:26:53.0 (689475)|HEAP_ALLOCATE|[EXTERNAL]|Bytes:93
22:26:53.0 (1528665)|CODE_UNIT_STARTED|[EXTERNAL]|01p50000002CIEm|ETLC_ApexBridge_Controller.execute
22:26:53.0 (1671052)|HEAP_ALLOCATE|[EXTERNAL]|Bytes:1
22:26:53.0 (1677095)|HEAP_ALLOCATE|[EXTERNAL]|Bytes:10
22:26:53.0 (1689551)|METHOD_ENTRY|[1]|01p50000002CIEm|ETLC_ApexBridge_Controller.ETLC_ApexBridge_Controller()
22:26:53.0 (1693628)|STATEMENT_EXECUTE|[1]
22:26:53.0 (1698471)|STATEMENT_EXECUTE|[1]
22:26:53.0 (1705838)|METHOD_EXIT|[1]|ETLC_ApexBridge_Controller
22:26:53.0 (1710017)|HEAP_ALLOCATE|[EXTERNAL]|Bytes:93
22:26:53.0 (1725026)|SYSTEM_MODE_ENTER|false
22:26:53.0 (1734524)|VARIABLE_SCOPE_BEGIN|[3]|dataJson|String|false|false
22:26:53.0 (1774936)|VARIABLE_ASSIGNMENT|[3]|dataJson|"{\"operation\":\"BFFFol (73 more) ..."
22:26:53.0 (1790812)|STATEMENT_EXECUTE|[3]
22:26:53.0 (1793168)|STATEMENT_EXECUTE|[4]
22:26:53.0 (1894432)|VARIABLE_SCOPE_BEGIN|[4]|data|ETLC_ApexBridge_Data|true|false
22:26:53.0 (1906518)|VARIABLE_ASSIGNMENT|[4]|data|null|
22:26:53.0 (1908929)|STATEMENT_EXECUTE|[5]
22:26:53.0 (1909953)|STATEMENT_EXECUTE|[5]
22:26:53.0 (1910829)|STATEMENT_EXECUTE|[6]
22:26:53.0 (1927100)|HEAP_ALLOCATE|[6]|Bytes:11
22:26:53.0 (1933661)|HEAP_ALLOCATE|[6]|Bytes:248
22:26:53.0 (1936833)|HEAP_ALLOCATE|[6]|Bytes:39
22:26:53.0 (1963838)|METHOD_ENTRY|[2]|01p50000002CIEo|ETLC_ApexBridge_Data.ETLC_ApexBridge_Data()
22:26:53.0 (1966705)|STATEMENT_EXECUTE|[2]
22:26:53.0 (1969201)|STATEMENT_EXECUTE|[2]
22:26:53.0 (1974002)|METHOD_EXIT|[2]|ETLC_ApexBridge_Data
22:26:53.0 (1989158)|METHOD_ENTRY|[6]|01p50000002CIEo|ETLC_ApexBridge_Data.fromJSON(String)
22:26:53.0 (2008895)|VARIABLE_SCOPE_BEGIN|[60]|strJson|String|false|false
22:26:53.0 (2019774)|VARIABLE_ASSIGNMENT|[60]|strJson|"{\"operation\":\"BFFFol (73 more) ..."
22:26:53.0 (2024261)|STATEMENT_EXECUTE|[60]
22:26:53.0 (2025702)|STATEMENT_EXECUTE|[61]
22:26:53.0 (2034101)|HEAP_ALLOCATE|[61]|Bytes:20
22:26:53.0 (2056613)|HEAP_ALLOCATE|[50]|Bytes:5
22:26:53.0 (2079109)|HEAP_ALLOCATE|[56]|Bytes:5
22:26:53.0 (2087472)|HEAP_ALLOCATE|[64]|Bytes:7
22:26:53.0 (2186287)|HEAP_ALLOCATE|[61]|Bytes:24
22:26:53.0 (2197248)|SYSTEM_METHOD_ENTRY|[1]|Type.Type()
22:26:53.0 (2199616)|STATEMENT_EXECUTE|[1]
22:26:53.0 (2207475)|SYSTEM_METHOD_EXIT|[1]|Type
22:26:53.0 (2213391)|HEAP_ALLOCATE|[61]|Bytes:8
22:26:53.0 (2240817)|HEAP_ALLOCATE|[61]|Bytes:8
22:26:53.0 (2245796)|VARIABLE_SCOPE_BEGIN|[4]|this|System.Type|true|false
22:26:53.0 (2285783)|VARIABLE_ASSIGNMENT|[4]|this|{}|0x4412deb8
22:26:53.0 (2289462)|VARIABLE_SCOPE_BEGIN|[4]|apextype|java:common.apex.runtime.ApexObjectType|true|false
22:26:53.0 (2475628)|VARIABLE_ASSIGNMENT|[4]|apextype|"ETLC_ApexBridge_Data"|0x5186c683
22:26:53.0 (2547943)|HEAP_ALLOCATE|[61]|Bytes:8
22:26:53.0 (2586883)|HEAP_ALLOCATE|[61]|Bytes:24
22:26:53.0 (2597010)|SYSTEM_METHOD_ENTRY|[1]|JSON.JSON()
22:26:53.0 (2599145)|STATEMENT_EXECUTE|[1]
22:26:53.0 (2605615)|SYSTEM_METHOD_EXIT|[1]|JSON
22:26:53.0 (2620249)|METHOD_ENTRY|[61]||System.JSON.deserializeStrict(String, System.Type)
22:26:53.0 (2895690)|METHOD_EXIT|[61]||System.JSON.deserializeStrict(String, System.Type)
22:26:53.0 (2906917)|METHOD_EXIT|[6]|01p50000002CIEo|ETLC_ApexBridge_Data.fromJSON(String)
22:26:53.0 (2943134)|VARIABLE_ASSIGNMENT|[6]|data|{"debug":true,"input":"{\"mode\":\"fetchFollow (9 more) ...","operation":"BFFFollow_Controller"}|0x2aa7417a
22:26:53.0 (2948058)|STATEMENT_EXECUTE|[7]
22:26:53.0 (2957953)|HEAP_ALLOCATE|[7]|Bytes:6
22:26:53.0 (3030910)|HEAP_ALLOCATE|[7]|Bytes:177
22:26:53.0 (3054084)|HEAP_ALLOCATE|[7]|Bytes:183
22:26:53.0 (3074415)|USER_DEBUG|[7]|DEBUG|data::ETLC_ApexBridge_Data:[debug=true, input={"mode":"fetchFollowedUsers"}, isSuccess=null, messages=null, operation=BFFFollow_Controller, output=null, outputFlag=null, records=null]
22:26:53.0 (3081553)|STATEMENT_EXECUTE|[8]
22:26:53.0 (3134863)|VARIABLE_ASSIGNMENT|[EXTERNAL]|this|{"debug":true,"input":"{\"mode\":\"fetchFollow (9 more) ...","operation":"BFFFollow_Controller"}|0x2aa7417a
22:26:53.0 (3154296)|METHOD_ENTRY|[8]||System.Type.forName(String)
22:26:53.0 (3372538)|METHOD_EXIT|[8]||System.Type.forName(String)
22:26:53.0 (3384121)|METHOD_ENTRY|[8]||System.Type.newInstance()
22:26:53.0 (3514570)|STATEMENT_EXECUTE|[1]
22:26:53.0 (3525867)|HEAP_ALLOCATE|[33]|Bytes:5
22:26:53.0 (3537475)|METHOD_EXIT|[1]|BFFFollow_Controller
22:26:53.0 (3542319)|HEAP_ALLOCATE|[33]|Bytes:4
22:26:53.0 (3546740)|VARIABLE_SCOPE_BEGIN|[1]|this|BFFFollow_Controller|true|false
22:26:53.0 (3565056)|VARIABLE_ASSIGNMENT|[1]|this|{}|0x4f5e838
22:26:53.0 (3573165)|HEAP_ALLOCATE|[33]|Bytes:5
22:26:53.0 (3582192)|HEAP_ALLOCATE|[33]|Bytes:11
22:26:53.0 (3589884)|METHOD_ENTRY|[1]|01p50000002CIEj|ETLC_ApexBridge_Abstract.ETLC_ApexBridge_Abstract()
22:26:53.0 (3592298)|STATEMENT_EXECUTE|[1]
22:26:53.0 (3594664)|STATEMENT_EXECUTE|[1]
22:26:53.0 (3599092)|METHOD_EXIT|[1]|ETLC_ApexBridge_Abstract
22:26:53.0 (3610249)|CONSTRUCTOR_ENTRY|[EXTERNAL]|01p50000002CIEj|<init>()
22:26:53.0 (3616147)|VARIABLE_SCOPE_BEGIN|[1]|this|ETLC_ApexBridge_Abstract|true|false
22:26:53.0 (3631581)|VARIABLE_ASSIGNMENT|[1]|this|{}|0x4f5e838
22:26:53.0 (3645019)|STATEMENT_EXECUTE|[1]
22:26:53.0 (3657603)|CONSTRUCTOR_EXIT|[EXTERNAL]|01p50000002CIEj|<init>()
22:26:53.0 (3663543)|STATEMENT_EXECUTE|[1]
22:26:53.0 (3668423)|HEAP_ALLOCATE|[33]|Bytes:5
22:26:53.0 (3686236)|METHOD_EXIT|[8]||System.Type.newInstance()
22:26:53.0 (3695192)|VARIABLE_SCOPE_BEGIN|[8]|executor|ETLC_ApexBridge_Abstract|true|false
22:26:53.0 (3710479)|VARIABLE_ASSIGNMENT|[8]|executor|{}|0x4f5e838
22:26:53.0 (3713386)|STATEMENT_EXECUTE|[9]
22:26:53.0 (3733603)|METHOD_ENTRY|[9]|01p50000002D8iw|BFFFollow_Controller.process(ETLC_ApexBridge_Data)
22:26:53.0 (3748558)|VARIABLE_SCOPE_BEGIN|[3]|this|BFFFollow_Controller|true|false
22:26:53.0 (3763369)|VARIABLE_ASSIGNMENT|[3]|this|{}|0x4f5e838
22:26:53.0 (3766012)|VARIABLE_SCOPE_BEGIN|[3]|data|ETLC_ApexBridge_Data|true|false
22:26:53.0 (3788733)|VARIABLE_ASSIGNMENT|[3]|data|{"debug":true,"input":"{\"mode\":\"fetchFollow (9 more) ...","operation":"BFFFollow_Controller"}|0x2aa7417a
22:26:53.0 (3798228)|HEAP_ALLOCATE|[4]|Bytes:5
22:26:53.0 (3802060)|STATEMENT_EXECUTE|[3]
22:26:53.0 (3803115)|STATEMENT_EXECUTE|[4]
22:26:53.0 (3863719)|VARIABLE_ASSIGNMENT|[EXTERNAL]|this|{"debug":true,"input":"{\"mode\":\"fetchFollow (9 more) ...","operation":"BFFFollow_Controller"}|0x2aa7417a
22:26:53.0 (3885001)|VARIABLE_ASSIGNMENT|[4]|BFFFollow_Controller.debugFlag|true
22:26:53.0 (3924033)|VARIABLE_ASSIGNMENT|[EXTERNAL]|this|{"debug":true,"input":"{\"mode\":\"fetchFollow (9 more) ...","operation":"BFFFollow_Controller"}|0x2aa7417a
22:26:53.0 (3938409)|STATEMENT_EXECUTE|[5]
22:26:53.0 (3946859)|HEAP_ALLOCATE|[5]|Bytes:12
22:26:53.0 (3982062)|HEAP_ALLOCATE|[5]|Bytes:177
22:26:53.0 (3996534)|HEAP_ALLOCATE|[5]|Bytes:189
22:26:53.0 (4007133)|USER_DEBUG|[5]|DEBUG|data BEFORE:ETLC_ApexBridge_Data:[debug=true, input={"mode":"fetchFollowedUsers"}, isSuccess=null, messages=null, operation=BFFFollow_Controller, output=null, outputFlag=null, records=null]
22:26:53.0 (4014974)|STATEMENT_EXECUTE|[7]
22:26:53.0 (4022170)|HEAP_ALLOCATE|[7]|Bytes:4
22:26:53.0 (4034385)|METHOD_ENTRY|[7]|01p50000002CIEo|ETLC_ApexBridge_Data.getInputValue(String)
22:26:53.0 (4048552)|VARIABLE_SCOPE_BEGIN|[52]|this|ETLC_ApexBridge_Data|true|false
22:26:53.0 (4075976)|VARIABLE_ASSIGNMENT|[52]|this|{"debug":true,"input":"{\"mode\":\"fetchFollow (9 more) ...","operation":"BFFFollow_Controller"}|0x2aa7417a
22:26:53.0 (4080311)|VARIABLE_SCOPE_BEGIN|[52]|key|String|false|false
22:26:53.0 (4083590)|VARIABLE_ASSIGNMENT|[52]|key|"mode"
22:26:53.0 (4087986)|STATEMENT_EXECUTE|[52]
22:26:53.0 (4089438)|STATEMENT_EXECUTE|[53]
22:26:53.0 (4135927)|VARIABLE_ASSIGNMENT|[EXTERNAL]|this|{"debug":true,"input":"{\"mode\":\"fetchFollow (9 more) ...","operation":"BFFFollow_Controller"}|0x2aa7417a
22:26:53.0 (4153829)|METHOD_ENTRY|[53]||System.JSON.deserializeUntyped(String)
22:26:53.0 (4376987)|METHOD_EXIT|[53]||System.JSON.deserializeUntyped(String)
22:26:53.0 (4387282)|VARIABLE_SCOPE_BEGIN|[53]|inputMap|Map<String,ANY>|true|false
22:26:53.0 (4413877)|VARIABLE_ASSIGNMENT|[53]|inputMap|{"s":1,"v":{"mode":"fetchFollowedUsers"}}|0x508ca865
22:26:53.0 (4417444)|STATEMENT_EXECUTE|[54]
22:26:53.0 (4463071)|METHOD_EXIT|[7]|01p50000002CIEo|ETLC_ApexBridge_Data.getInputValue(String)
22:26:53.0 (4469860)|VARIABLE_SCOPE_BEGIN|[7]|mode|String|false|false
22:26:53.0 (4476884)|VARIABLE_ASSIGNMENT|[7]|mode|"fetchFollowedUsers"
22:26:53.0 (4481758)|HEAP_ALLOCATE|[9]|Bytes:18
22:26:53.0 (4507596)|STATEMENT_EXECUTE|[9]
22:26:53.0 (4509646)|STATEMENT_EXECUTE|[10]
22:26:53.0 (4550996)|HEAP_ALLOCATE|[10]|Bytes:85
22:26:53.0 (4562404)|SYSTEM_METHOD_ENTRY|[1]|UserInfo.UserInfo()
22:26:53.0 (4564771)|STATEMENT_EXECUTE|[1]
22:26:53.0 (4571853)|SYSTEM_METHOD_EXIT|[1]|UserInfo
22:26:53.0 (4583604)|METHOD_ENTRY|[10]||System.UserInfo.getUserId()
22:26:53.0 (4618381)|METHOD_EXIT|[10]||System.UserInfo.getUserId()
22:26:53.0 (4631896)|HEAP_ALLOCATE|[10]|Bytes:4
22:26:53.0 (4642306)|METHOD_ENTRY|[10]|01p50000002D8iw|BFFFollow_Controller.fetchFollowedUsers(Id)
22:26:53.0 (4647328)|VARIABLE_SCOPE_BEGIN|[24]|this|BFFFollow_Controller|true|false
22:26:53.0 (4668996)|VARIABLE_ASSIGNMENT|[24]|this|{}|0x4f5e838
22:26:53.0 (4672332)|VARIABLE_SCOPE_BEGIN|[24]|followedById|Id|false|false
22:26:53.0 (4731632)|VARIABLE_ASSIGNMENT|[24]|followedById|"00550000005cg71AAA"
22:26:53.0 (4742573)|HEAP_ALLOCATE|[25]|Bytes:5
22:26:53.0 (4746849)|STATEMENT_EXECUTE|[24]
22:26:53.0 (4748069)|STATEMENT_EXECUTE|[25]
22:26:53.0 (4755510)|HEAP_ALLOCATE|[25]|Bytes:63
22:26:53.0 (4790020)|HEAP_ALLOCATE|[25]|Bytes:18
22:26:53.0 (4802207)|HEAP_ALLOCATE|[25]|Bytes:9
22:26:53.0 (4811053)|HEAP_ALLOCATE|[25]|Bytes:90
22:26:53.0 (4815504)|VARIABLE_SCOPE_BEGIN|[25]|soql|String|false|false
22:26:53.0 (4824326)|VARIABLE_ASSIGNMENT|[25]|soql|"SELECT FollowedUsers (70 more) ..."
22:26:53.0 (4827095)|STATEMENT_EXECUTE|[26]
22:26:53.0 (4828087)|STATEMENT_EXECUTE|[26]
22:26:53.0 (4832758)|STATEMENT_EXECUTE|[27]
22:26:53.0 (4833912)|STATEMENT_EXECUTE|[27]
22:26:53.0 (4840514)|HEAP_ALLOCATE|[27]|Bytes:24
22:26:53.0 (4850118)|HEAP_ALLOCATE|[27]|Bytes:114
22:26:53.0 (4877208)|USER_DEBUG|[27]|DEBUG|fetchFollowedUsers:soql:SELECT FollowedUsers__c FROM BFFFollow__c WHERE FollowedBy__c='00550000005cg71AAA' limit 1
22:26:53.0 (4885324)|STATEMENT_EXECUTE|[28]
22:26:53.0 (4958880)|HEAP_ALLOCATE|[28]|Bytes:9
22:26:53.0 (4964740)|HEAP_ALLOCATE|[28]|Bytes:29
22:26:53.0 (4967332)|HEAP_ALLOCATE|[28]|Bytes:21
22:26:53.0 (4975702)|METHOD_ENTRY|[7]|01p50000002CIEt|ETLC_SecuredDB.ETLC_SecuredDB()
22:26:53.0 (4978004)|STATEMENT_EXECUTE|[7]
22:26:53.0 (4980730)|STATEMENT_EXECUTE|[7]
22:26:53.0 (4986028)|HEAP_ALLOCATE|[28]|Bytes:5
22:26:53.0 (4994558)|METHOD_EXIT|[7]|ETLC_SecuredDB
22:26:53.0 (5005978)|METHOD_ENTRY|[28]|01p50000002CIEt|ETLC_SecuredDB.query(String)
22:26:53.0 (5021402)|VARIABLE_SCOPE_BEGIN|[10]|SOQL|String|false|false
22:26:53.0 (5029309)|VARIABLE_ASSIGNMENT|[10]|SOQL|"SELECT FollowedUsers (70 more) ..."
22:26:53.0 (5036122)|HEAP_ALLOCATE|[12]|Bytes:5
22:26:53.0 (5040031)|STATEMENT_EXECUTE|[10]
22:26:53.0 (5041111)|STATEMENT_EXECUTE|[12]
22:26:53.0 (5447065)|SOQL_EXECUTE_BEGIN|[12]|Aggregations:0|SELECT FollowedUsers__c FROM BFFFollow__c WHERE FollowedBy__c='00550000005cg71AAA' limit 1
22:26:53.0 (9369132)|SOQL_EXECUTE_END|[12]|Rows:1
22:26:53.0 (9392559)|HEAP_ALLOCATE|[12]|Bytes:8
22:26:53.0 (9403143)|HEAP_ALLOCATE|[12]|Bytes:111
22:26:53.0 (9503011)|HEAP_ALLOCATE|[12]|Bytes:8
22:26:53.0 (9519884)|VARIABLE_SCOPE_BEGIN|[12]|dbRecords|List<SObject>|true|false
22:26:53.0 (9550749)|VARIABLE_ASSIGNMENT|[12]|dbRecords|{"s":1,"v":[{"s":2,"v":{"FollowedUsers__c":"[{\"id\":\"00550000005c (38 more) ...","Id":"a005000000ezW4dAAE"}}]}|0x7eab1da7
22:26:53.0 (9555313)|STATEMENT_EXECUTE|[20]
22:26:53.0 (9616043)|HEAP_ALLOCATE|[20]|Bytes:12
22:26:53.0 (9623046)|HEAP_ALLOCATE|[20]|Bytes:8
22:26:53.0 (9646979)|HEAP_ALLOCATE|[20]|Bytes:12
22:26:53.0 (9656436)|HEAP_ALLOCATE|[20]|Bytes:9
22:26:53.0 (9667633)|HEAP_ALLOCATE|[20]|Bytes:12
22:26:53.0 (9670870)|HEAP_ALLOCATE|[20]|Bytes:8
22:26:53.0 (9680562)|HEAP_ALLOCATE|[20]|Bytes:12
22:26:53.0 (9684025)|HEAP_ALLOCATE|[20]|Bytes:8
22:26:53.0 (9693771)|HEAP_ALLOCATE|[20]|Bytes:12
22:26:53.0 (9696901)|HEAP_ALLOCATE|[20]|Bytes:9
22:26:53.0 (9720251)|METHOD_ENTRY|[20]|01p50000002CIEt|ETLC_SecuredDB.findFields(List<SObject>)
22:26:53.0 (9738097)|VARIABLE_SCOPE_BEGIN|[108]|dbRecords|List<SObject>|true|false
22:26:53.0 (9762899)|VARIABLE_ASSIGNMENT|[108]|dbRecords|{"s":1,"v":[{"s":2,"v":{"FollowedUsers__c":"[{\"id\":\"00550000005c (38 more) ...","Id":"a005000000ezW4dAAE"}}]}|0x7eab1da7
22:26:53.0 (9774685)|HEAP_ALLOCATE|[109]|Bytes:5
22:26:53.0 (9778946)|STATEMENT_EXECUTE|[108]
22:26:53.0 (9780437)|STATEMENT_EXECUTE|[109]
22:26:53.0 (9789757)|VARIABLE_SCOPE_BEGIN|[109]|strJSON|String|false|false
22:26:53.0 (9796164)|VARIABLE_ASSIGNMENT|[109]|strJSON|null
22:26:53.0 (9798272)|STATEMENT_EXECUTE|[110]
22:26:53.0 (9805765)|VARIABLE_SCOPE_BEGIN|[110]|mapFields|Map<String,Set<String>>|true|false
22:26:53.0 (9810989)|VARIABLE_ASSIGNMENT|[110]|mapFields|null|
22:26:53.0 (9812927)|STATEMENT_EXECUTE|[112]
22:26:53.0 (9826200)|METHOD_ENTRY|[112]||System.JSON.serialize(Object)
22:26:53.0 (10234997)|METHOD_EXIT|[112]||System.JSON.serialize(Object)
22:26:53.0 (10250910)|VARIABLE_ASSIGNMENT|[112]|strJSON|"[{\"attributes\":{\"typ (204 more) ..."
22:26:53.0 (10254669)|STATEMENT_EXECUTE|[113]
22:26:53.0 (10262734)|HEAP_ALLOCATE|[113]|Bytes:5
22:26:53.0 (10271346)|HEAP_ALLOCATE|[113]|Bytes:229
22:26:53.0 (10297096)|USER_DEBUG|[113]|DEBUG|JSON:[{"attributes":{"type":"BFFFollow__c","url":"/services/data/v37.0/sobjects/BFFFollow__c/a005000000ezW4dAAE"},"FollowedUsers__c":"[{\"id\":\"00550000005cg71AAA\",\"name\":\"Jaswinder Rattanpal\"}]","Id":"a005000000ezW4dAAE"}]
22:26:53.0 (10306163)|STATEMENT_EXECUTE|[114]
22:26:53.0 (10317091)|HEAP_ALLOCATE|[114]|Bytes:4
22:26:53.0 (10340992)|VARIABLE_ASSIGNMENT|[114]|mapFields|{"s":1,"v":{}}|0x6c4454f4
22:26:53.0 (10344252)|STATEMENT_EXECUTE|[115]
22:26:53.0 (10356074)|METHOD_ENTRY|[115]||System.JSON.deserializeUntyped(String)
22:26:53.0 (10681357)|METHOD_EXIT|[115]||System.JSON.deserializeUntyped(String)
22:26:53.0 (10691437)|VARIABLE_SCOPE_BEGIN|[115]|records|List<ANY>|true|false
22:26:53.0 (10723030)|HEAP_ALLOCATE|[EXTERNAL]|Bytes:8
22:26:53.0 (10746540)|VARIABLE_ASSIGNMENT|[115]|records|{"s":1,"v":[{"s":2,"v":{"attributes":{"s":3,"v":{"type":"BFFFollow__c","url":"/services/data/v37.0 (41 more) ..."}},"FollowedUsers__c":"[{\"id\":\"00550000005c (38 more) ...","Id":"a005000000ezW4dAAE"}}]}|0x4a242afe
22:26:53.0 (10792792)|HEAP_ALLOCATE|[116]|Bytes:5
22:26:53.0 (10809591)|HEAP_ALLOCATE|[116]|Bytes:16
22:26:53.0 (10820190)|VARIABLE_SCOPE_BEGIN|[116]|record|Object|false|false
22:26:53.0 (10849824)|VARIABLE_ASSIGNMENT|[116]|record|{"s":1,"v":{"attributes":{"s":2,"v":{"type":"BFFFollow__c","url":"/services/data/v37.0 (41 more) ..."}},"FollowedUsers__c":"[{\"id\":\"00550000005c (38 more) ...","Id":"a005000000ezW4dAAE"}}
22:26:53.0 (10855666)|STATEMENT_EXECUTE|[116]
22:26:53.0 (10856996)|STATEMENT_EXECUTE|[117]
22:26:53.0 (10877134)|METHOD_ENTRY|[117]|01p50000002CIEt|ETLC_SecuredDB.findFieldsRecursive(Map<String,Set<String>>, Map<String,ANY>)
22:26:53.0 (10895310)|VARIABLE_SCOPE_BEGIN|[124]|mapFields|Map<String,Set<String>>|true|false
22:26:53.0 (10910655)|VARIABLE_ASSIGNMENT|[124]|mapFields|{"s":1,"v":{}}|0x6c4454f4
22:26:53.0 (10914012)|VARIABLE_SCOPE_BEGIN|[124]|record|Map<String,ANY>|true|false
22:26:53.0 (10926418)|VARIABLE_ASSIGNMENT|[124]|record|{"s":1,"v":{"attributes":{"s":2,"v":{"type":"BFFFollow__c","url":"/services/data/v37.0 (41 more) ..."}},"FollowedUsers__c":"[{\"id\":\"00550000005c (38 more) ...","Id":"a005000000ezW4dAAE"}}|0x2352b04e
22:26:53.0 (10936260)|HEAP_ALLOCATE|[125]|Bytes:5
22:26:53.0 (10940888)|STATEMENT_EXECUTE|[124]
22:26:53.0 (10942344)|STATEMENT_EXECUTE|[125]
22:26:53.0 (10948970)|HEAP_ALLOCATE|[125]|Bytes:10
22:26:53.0 (10953916)|VARIABLE_SCOPE_BEGIN|[125]|strAttributes|String|false|false
22:26:53.0 (10959730)|VARIABLE_ASSIGNMENT|[125]|strAttributes|"attributes"
22:26:53.0 (10961681)|STATEMENT_EXECUTE|[126]
22:26:53.0 (10966827)|HEAP_ALLOCATE|[126]|Bytes:7
22:26:53.0 (10970414)|VARIABLE_SCOPE_BEGIN|[126]|strRecord|String|false|false
22:26:53.0 (10974864)|VARIABLE_ASSIGNMENT|[126]|strRecord|"records"
22:26:53.0 (11009504)|STATEMENT_EXECUTE|[127]
22:26:53.0 (11012594)|STATEMENT_EXECUTE|[128]
22:26:53.0 (11048372)|VARIABLE_SCOPE_BEGIN|[128]|attributes|Map<String,ANY>|true|false
22:26:53.0 (11065336)|VARIABLE_ASSIGNMENT|[128]|attributes|{"s":1,"v":{"type":"BFFFollow__c","url":"/services/data/v37.0 (41 more) ..."}}|0x59a87a8b
22:26:53.0 (11068840)|STATEMENT_EXECUTE|[129]
22:26:53.0 (11076084)|HEAP_ALLOCATE|[129]|Bytes:4
22:26:53.0 (11108276)|VARIABLE_SCOPE_BEGIN|[129]|objectName|String|false|false
22:26:53.0 (11115911)|VARIABLE_ASSIGNMENT|[129]|objectName|"BFFFollow__c"
22:26:53.0 (11126909)|HEAP_ALLOCATE|[130]|Bytes:4
22:26:53.0 (11223562)|HEAP_ALLOCATE|[130]|Bytes:44
22:26:53.0 (11253758)|HEAP_ALLOCATE|[130]|Bytes:12
22:26:53.0 (11298373)|HEAP_ALLOCATE|[130]|Bytes:5
22:26:53.0 (11324389)|VARIABLE_SCOPE_BEGIN|[130]|fieldName|String|false|false
22:26:53.0 (11336462)|VARIABLE_ASSIGNMENT|[130]|fieldName|"attributes"
22:26:53.0 (11341259)|STATEMENT_EXECUTE|[130]
22:26:53.0 (11343595)|STATEMENT_EXECUTE|[131]
22:26:53.0 (11409713)|VARIABLE_SCOPE_BEGIN|[131]|field|Object|false|false
22:26:53.0 (11441155)|VARIABLE_ASSIGNMENT|[131]|field|{"s":1,"v":{"type":"BFFFollow__c","url":"/services/data/v37.0 (41 more) ..."}}
22:26:53.0 (11466790)|STATEMENT_EXECUTE|[132]
22:26:53.0 (11492247)|HEAP_ALLOCATE|[130]|Bytes:5
22:26:53.0 (11515471)|VARIABLE_SCOPE_BEGIN|[130]|fieldName|String|false|false
22:26:53.0 (11527332)|VARIABLE_ASSIGNMENT|[130]|fieldName|"FollowedUsers__c"
22:26:53.0 (11531698)|STATEMENT_EXECUTE|[130]
22:26:53.0 (11533668)|STATEMENT_EXECUTE|[131]
22:26:53.0 (11565781)|VARIABLE_SCOPE_BEGIN|[131]|field|Object|false|false
22:26:53.0 (11585376)|VARIABLE_ASSIGNMENT|[131]|field|"[{\"id\":\"00550000005c (38 more) ..."
22:26:53.0 (11602658)|HEAP_ALLOCATE|[134]|Bytes:68
22:26:53.0 (11622014)|STATEMENT_EXECUTE|[136]
22:26:53.0 (11623729)|STATEMENT_EXECUTE|[137]
22:26:53.0 (11634368)|HEAP_ALLOCATE|[137]|Bytes:4
22:26:53.0 (11676696)|VARIABLE_SCOPE_BEGIN|[137]|fieldNames|Set<String>|true|false
22:26:53.0 (11698091)|VARIABLE_ASSIGNMENT|[137]|fieldNames|{"s":1,"v":[]}|0x178576be
22:26:53.0 (11737898)|STATEMENT_EXECUTE|[138]
22:26:53.0 (11747135)|STATEMENT_EXECUTE|[139]
22:26:53.0 (11790007)|HEAP_ALLOCATE|[EXTERNAL]|Bytes:4
22:26:53.0 (11803500)|STATEMENT_EXECUTE|[140]
22:26:53.0 (11851377)|HEAP_ALLOCATE|[EXTERNAL]|Bytes:-4
22:26:53.0 (11875154)|HEAP_ALLOCATE|[130]|Bytes:5
22:26:53.0 (11896704)|VARIABLE_SCOPE_BEGIN|[130]|fieldName|String|false|false
22:26:53.0 (11904990)|VARIABLE_ASSIGNMENT|[130]|fieldName|"Id"
22:26:53.0 (11907884)|STATEMENT_EXECUTE|[130]
22:26:53.0 (11908972)|STATEMENT_EXECUTE|[131]
22:26:53.0 (11930725)|VARIABLE_SCOPE_BEGIN|[131]|field|Object|false|false
22:26:53.0 (11939443)|VARIABLE_ASSIGNMENT|[131]|field|"a005000000ezW4dAAE"
22:26:53.0 (11955522)|STATEMENT_EXECUTE|[136]
22:26:53.0 (11957288)|STATEMENT_EXECUTE|[137]
22:26:53.0 (11965263)|HEAP_ALLOCATE|[137]|Bytes:4
22:26:53.0 (11980496)|VARIABLE_SCOPE_BEGIN|[137]|fieldNames|Set<String>|true|false
22:26:53.0 (11998169)|VARIABLE_ASSIGNMENT|[137]|fieldNames|{"s":1,"v":[]}|0x7c1ddd6a
22:26:53.0 (12011660)|STATEMENT_EXECUTE|[138]
22:26:53.0 (12039745)|VARIABLE_ASSIGNMENT|[138]|fieldNames|{"s":1,"v":["FollowedUsers__c"]}|0x178576be
22:26:53.0 (12043883)|STATEMENT_EXECUTE|[139]
22:26:53.0 (12053848)|HEAP_ALLOCATE|[EXTERNAL]|Bytes:4
22:26:53.0 (12059194)|STATEMENT_EXECUTE|[140]
22:26:53.0 (12080759)|HEAP_ALLOCATE|[130]|Bytes:5
22:26:53.0 (12092214)|VARIABLE_ASSIGNMENT|[130]|fieldName|null
22:26:53.0 (12103309)|METHOD_EXIT|[117]|01p50000002CIEt|ETLC_SecuredDB.findFieldsRecursive(Map<String,Set<String>>, Map<String,ANY>)
22:26:53.0 (12114361)|HEAP_ALLOCATE|[116]|Bytes:5
22:26:53.0 (12129112)|VARIABLE_ASSIGNMENT|[116]|record|null
22:26:53.0 (12135524)|HEAP_ALLOCATE|[119]|Bytes:4
22:26:53.0 (12173576)|HEAP_ALLOCATE|[119]|Bytes:20
22:26:53.0 (12186570)|HEAP_ALLOCATE|[119]|Bytes:4
22:26:53.0 (12203678)|HEAP_ALLOCATE|[119]|Bytes:5
22:26:53.0 (12215467)|VARIABLE_SCOPE_BEGIN|[119]|objectName|String|false|false
22:26:53.0 (12222591)|VARIABLE_ASSIGNMENT|[119]|objectName|"BFFFollow__c"
22:26:53.0 (12225463)|STATEMENT_EXECUTE|[119]
22:26:53.0 (12226645)|STATEMENT_EXECUTE|[120]
22:26:53.0 (12234052)|HEAP_ALLOCATE|[120]|Bytes:2
22:26:53.0 (12286854)|HEAP_ALLOCATE|[120]|Bytes:22
22:26:53.0 (12299974)|HEAP_ALLOCATE|[120]|Bytes:36
22:26:53.0 (12315205)|USER_DEBUG|[120]|DEBUG|BFFFollow__c: {FollowedUsers__c, Id}
22:26:53.0 (12336575)|HEAP_ALLOCATE|[119]|Bytes:5
22:26:53.0 (12356236)|VARIABLE_ASSIGNMENT|[119]|objectName|null
22:26:53.0 (12361326)|STATEMENT_EXECUTE|[122]
22:26:53.0 (12380380)|METHOD_EXIT|[20]|01p50000002CIEt|ETLC_SecuredDB.findFields(List<SObject>)
22:26:53.0 (12399373)|METHOD_ENTRY|[20]|01p50000002CIEt|ETLC_SecuredDB.validate(ETLC_SecuredDB.Operation, Map<String,Set<String>>)
22:26:53.0 (12407474)|VARIABLE_SCOPE_BEGIN|[55]|op|ETLC_SecuredDB.Operation|true|false
22:26:53.0 (12427964)|VARIABLE_ASSIGNMENT|[55]|op|"Querying"|0x4afbd267
22:26:53.0 (12432404)|VARIABLE_SCOPE_BEGIN|[55]|mapFieldNames|Map<String,Set<String>>|true|false
22:26:53.0 (12454315)|VARIABLE_ASSIGNMENT|[55]|mapFieldNames|{"s":1,"v":{"BFFFollow__c":{"s":2,"v":["FollowedUsers__c","Id"]}}}|0x6c4454f4
22:26:53.0 (12466765)|HEAP_ALLOCATE|[56]|Bytes:5
22:26:53.0 (12473424)|STATEMENT_EXECUTE|[55]
22:26:53.0 (12475711)|STATEMENT_EXECUTE|[56]
22:26:53.0 (12487073)|VARIABLE_SCOPE_BEGIN|[56]|securityMessage|String|false|false
22:26:53.0 (12497211)|VARIABLE_ASSIGNMENT|[56]|securityMessage|null
22:26:53.0 (12501006)|STATEMENT_EXECUTE|[57]
22:26:53.0 (22356815)|HEAP_ALLOCATE|[57]|Bytes:1440
22:26:53.0 (22373319)|VARIABLE_SCOPE_BEGIN|[57]|mapObjects|Map<String,Schema.SObjectType>|true|false
22:26:53.0 (22569326)|VARIABLE_ASSIGNMENT|[57]|mapObjects|"{acceptedeventrelation=AcceptedEventRelation, account=Account, accountcontactrole=AccountContactRole, accountfeed=AccountFeed, accounthistory=AccountHistory, accountpartner=AccountPartner, accountshare=AccountShare, actionlinkgrouptemplate=ActionLinkGroupTemplate, actionlinktemplate=ActionLinkTemplate, activityhistory=ActivityHistory, ...}"|0x501d9591
22:26:53.0 (22581401)|HEAP_ALLOCATE|[58]|Bytes:4
22:26:53.0 (22627705)|HEAP_ALLOCATE|[58]|Bytes:20
22:26:53.0 (22642348)|HEAP_ALLOCATE|[58]|Bytes:4
22:26:53.0 (22666248)|HEAP_ALLOCATE|[58]|Bytes:5
22:26:53.0 (22679633)|VARIABLE_SCOPE_BEGIN|[58]|sObjectName|String|false|false
22:26:53.0 (22687781)|VARIABLE_ASSIGNMENT|[58]|sObjectName|"BFFFollow__c"
22:26:53.0 (22690869)|STATEMENT_EXECUTE|[58]
22:26:53.0 (22692335)|STATEMENT_EXECUTE|[59]
22:26:53.0 (22701321)|HEAP_ALLOCATE|[59]|Bytes:9
22:26:53.0 (22705034)|HEAP_ALLOCATE|[59]|Bytes:7
22:26:53.0 (22745516)|HEAP_ALLOCATE|[59]|Bytes:8
22:26:53.0 (22757430)|HEAP_ALLOCATE|[59]|Bytes:1
22:26:53.0 (22767446)|HEAP_ALLOCATE|[59]|Bytes:37
22:26:53.0 (22780232)|VARIABLE_ASSIGNMENT|[59]|securityMessage|"CRUD on [BFFFollow__ (17 more) ..."
22:26:53.0 (22783517)|STATEMENT_EXECUTE|[60]
22:26:53.0 (22790508)|HEAP_ALLOCATE|[60]|Bytes:10
22:26:53.0 (22796910)|HEAP_ALLOCATE|[60]|Bytes:47
22:26:53.0 (22820899)|USER_DEBUG|[60]|DEBUG|Checking: CRUD on [BFFFollow__c] for [Querying]
22:26:53.0 (22827996)|STATEMENT_EXECUTE|[61]
22:26:53.0 (23143859)|HEAP_ALLOCATE|[61]|Bytes:4
22:26:53.0 (23195023)|VARIABLE_SCOPE_BEGIN|[61]|drSObj|Schema.DescribeSObjectResult|true|false
22:26:53.0 (23299662)|VARIABLE_ASSIGNMENT|[61]|drSObj|"common.api.soap.wsdl.DescribeSObjectResult@a54f9caa"|0x7ef55fcf
22:26:53.0 (23453296)|STATEMENT_EXECUTE|[64]
22:26:53.0 (23482195)|STATEMENT_EXECUTE|[65]
22:26:53.0 (23551025)|STATEMENT_EXECUTE|[77]
22:26:53.0 (23553952)|STATEMENT_EXECUTE|[79]
22:26:53.0 (23877831)|HEAP_ALLOCATE|[79]|Bytes:56
22:26:53.0 (23893700)|VARIABLE_SCOPE_BEGIN|[79]|mapFields|Map<String,Schema.SObjectField>|true|false
22:26:53.0 (24113886)|VARIABLE_ASSIGNMENT|[79]|mapFields|"{createdbyid=CreatedById, createddate=CreatedDate, followedby__c=FollowedBy__c, followedusers__c=FollowedUsers__c, id=Id, isdeleted=IsDeleted, lastmodifiedbyid=LastModifiedById, lastmodifieddate=LastModifiedDate, lastreferenceddate=LastReferencedDate, lastvieweddate=LastViewedDate, ...}"|0x6a89d29c
22:26:53.0 (24127113)|HEAP_ALLOCATE|[80]|Bytes:4
22:26:53.0 (24186798)|HEAP_ALLOCATE|[80]|Bytes:8
22:26:53.0 (24214740)|HEAP_ALLOCATE|[80]|Bytes:5
22:26:53.0 (24232789)|VARIABLE_SCOPE_BEGIN|[80]|fieldName|String|false|false
22:26:53.0 (24243132)|VARIABLE_ASSIGNMENT|[80]|fieldName|"FollowedUsers__c"
22:26:53.0 (24247351)|STATEMENT_EXECUTE|[80]
22:26:53.0 (24249524)|STATEMENT_EXECUTE|[81]
22:26:53.0 (24669418)|HEAP_ALLOCATE|[81]|Bytes:8
22:26:53.0 (24702568)|VARIABLE_SCOPE_BEGIN|[81]|drField|Schema.DescribeFieldResult|true|false
22:26:53.0 (24768735)|VARIABLE_ASSIGNMENT|[81]|drField|"common.api.soap.wsdl.Field@cf9640ae"|0x43db559f
22:26:53.0 (24791370)|STATEMENT_EXECUTE|[82]
22:26:53.0 (24793185)|STATEMENT_EXECUTE|[83]
22:26:53.0 (24802096)|HEAP_ALLOCATE|[83]|Bytes:8
22:26:53.0 (24806372)|HEAP_ALLOCATE|[83]|Bytes:1
22:26:53.0 (24844715)|HEAP_ALLOCATE|[83]|Bytes:8
22:26:53.0 (24863416)|HEAP_ALLOCATE|[83]|Bytes:52
22:26:53.0 (24869185)|HEAP_ALLOCATE|[83]|Bytes:53
22:26:53.0 (24879063)|VARIABLE_ASSIGNMENT|[83]|securityMessage|"FLS on [BFFFollow__c (33 more) ..."
22:26:53.0 (24882268)|STATEMENT_EXECUTE|[84]
22:26:53.0 (24891908)|HEAP_ALLOCATE|[84]|Bytes:63
22:26:53.0 (24915528)|USER_DEBUG|[84]|DEBUG|Checking: FLS on [BFFFollow__c.FollowedUsers__c] for [Querying]
22:26:53.0 (25005695)|STATEMENT_EXECUTE|[87]
22:26:53.0 (25022392)|STATEMENT_EXECUTE|[88]
22:26:53.0 (25039201)|HEAP_ALLOCATE|[80]|Bytes:5
22:26:53.0 (25052148)|VARIABLE_SCOPE_BEGIN|[80]|fieldName|String|false|false
22:26:53.0 (25059485)|VARIABLE_ASSIGNMENT|[80]|fieldName|"Id"
22:26:53.0 (25061961)|STATEMENT_EXECUTE|[80]
22:26:53.0 (25063035)|STATEMENT_EXECUTE|[81]
22:26:53.0 (25220577)|HEAP_ALLOCATE|[81]|Bytes:8
22:26:53.0 (25232310)|VARIABLE_SCOPE_BEGIN|[81]|drField|Schema.DescribeFieldResult|true|false
22:26:53.0 (25303798)|VARIABLE_ASSIGNMENT|[81]|drField|"common.api.soap.wsdl.Field@47ed7a0f"|0x2f83373
22:26:53.0 (25317597)|STATEMENT_EXECUTE|[99]
22:26:53.0 (25319310)|STATEMENT_EXECUTE|[100]
22:26:53.0 (25327769)|HEAP_ALLOCATE|[100]|Bytes:22
22:26:53.0 (25370515)|HEAP_ALLOCATE|[100]|Bytes:8
22:26:53.0 (25391149)|HEAP_ALLOCATE|[100]|Bytes:52
22:26:53.0 (25396395)|HEAP_ALLOCATE|[100]|Bytes:35
22:26:53.0 (25400467)|HEAP_ALLOCATE|[100]|Bytes:87
22:26:53.0 (25411909)|USER_DEBUG|[100]|DEBUG|Bypass Check: FLS on [BFFFollow__c.Id] for [Querying] since it's not isPermissionable()
22:26:53.0 (25425763)|HEAP_ALLOCATE|[80]|Bytes:5
22:26:53.0 (25440252)|VARIABLE_ASSIGNMENT|[80]|fieldName|null
22:26:53.0 (25451599)|HEAP_ALLOCATE|[58]|Bytes:5
22:26:53.0 (25467920)|VARIABLE_ASSIGNMENT|[58]|sObjectName|null
22:26:53.0 (25479279)|METHOD_EXIT|[20]|01p50000002CIEt|ETLC_SecuredDB.validate(ETLC_SecuredDB.Operation, Map<String,Set<String>>)
22:26:53.0 (25483987)|STATEMENT_EXECUTE|[21]
22:26:53.0 (25497481)|METHOD_EXIT|[28]|01p50000002CIEt|ETLC_SecuredDB.query(String)
22:26:53.0 (25506795)|VARIABLE_SCOPE_BEGIN|[28]|dbRecords|List<SObject>|true|false
22:26:53.0 (25532988)|VARIABLE_ASSIGNMENT|[28]|dbRecords|{"s":1,"v":[{"s":2,"v":{"FollowedUsers__c":"[{\"id\":\"00550000005c (38 more) ...","Id":"a005000000ezW4dAAE"}}]}|0x7eab1da7
22:26:53.0 (25541729)|STATEMENT_EXECUTE|[29]
22:26:53.0 (25544004)|STATEMENT_EXECUTE|[29]
22:26:53.0 (25617793)|USER_DEBUG|[29]|DEBUG|(BFFFollow__c:{FollowedUsers__c=[{"id":"00550000005cg71AAA","name":"Jaswinder Rattanpal"}], Id=a005000000ezW4dAAE})
22:26:53.0 (25716301)|STATEMENT_EXECUTE|[30]
22:26:53.0 (25722503)|STATEMENT_EXECUTE|[31]
22:26:53.0 (25724680)|STATEMENT_EXECUTE|[32]
22:26:53.0 (25732983)|HEAP_ALLOCATE|[32]|Bytes:18
22:26:53.0 (25754611)|HEAP_ALLOCATE|[32]|Bytes:12
22:26:53.0 (25761393)|HEAP_ALLOCATE|[32]|Bytes:16
22:26:53.0 (25838219)|HEAP_ALLOCATE|[32]|Bytes:58
22:26:53.0 (25860056)|HEAP_ALLOCATE|[32]|Bytes:58
22:26:53.0 (25870713)|HEAP_ALLOCATE|[32]|Bytes:76
22:26:53.0 (25881189)|USER_DEBUG|[32]|DEBUG|FollowedUsers__c::[{"id":"00550000005cg71AAA","name":"Jaswinder Rattanpal"}]
22:26:53.0 (25887002)|STATEMENT_EXECUTE|[34]
22:26:53.0 (25900112)|HEAP_ALLOCATE|[34]|Bytes:12
22:26:53.0 (25948964)|HEAP_ALLOCATE|[34]|Bytes:58
22:26:53.0 (25968321)|METHOD_EXIT|[10]|01p50000002D8iw|BFFFollow_Controller.fetchFollowedUsers(Id)
22:26:53.0 (26026631)|VARIABLE_ASSIGNMENT|[EXTERNAL]|this|{"debug":true,"input":"{\"mode\":\"fetchFollow (9 more) ...","operation":"BFFFollow_Controller"}|0x2aa7417a
22:26:53.0 (26036975)|VARIABLE_ASSIGNMENT|[EXTERNAL]|value|"[{\"id\":\"00550000005c (38 more) ..."
22:26:53.0 (26056856)|VARIABLE_ASSIGNMENT|[12]|this.output|"[{\"id\":\"00550000005c (38 more) ..."|0x2aa7417a
22:26:53.0 (26066146)|STATEMENT_EXECUTE|[11]
22:26:53.0 (26122119)|VARIABLE_ASSIGNMENT|[EXTERNAL]|this|{"debug":true,"input":"{\"mode\":\"fetchFollow (9 more) ...","operation":"BFFFollow_Controller","output":"[{\"id\":\"00550000005c (38 more) ..."}|0x2aa7417a
22:26:53.0 (26177154)|VARIABLE_ASSIGNMENT|[EXTERNAL]|this|{"debug":true,"input":"{\"mode\":\"fetchFollow (9 more) ...","operation":"BFFFollow_Controller","output":"[{\"id\":\"00550000005c (38 more) ..."}|0x2aa7417a
22:26:53.0 (26185101)|VARIABLE_ASSIGNMENT|[EXTERNAL]|value|true
22:26:53.0 (26190417)|HEAP_ALLOCATE|[15]|Bytes:5
22:26:53.0 (26200820)|VARIABLE_ASSIGNMENT|[15]|this.outputFlag|true|0x2aa7417a
22:26:53.0 (26211828)|STATEMENT_EXECUTE|[19]
22:26:53.0 (26213778)|STATEMENT_EXECUTE|[19]
22:26:53.0 (26228810)|HEAP_ALLOCATE|[19]|Bytes:11
22:26:53.0 (26291237)|HEAP_ALLOCATE|[19]|Bytes:231
22:26:53.0 (26315189)|HEAP_ALLOCATE|[19]|Bytes:242
22:26:53.0 (26326519)|USER_DEBUG|[19]|DEBUG|data AFTER:ETLC_ApexBridge_Data:[debug=true, input={"mode":"fetchFollowedUsers"}, isSuccess=null, messages=null, operation=BFFFollow_Controller, output=[{"id":"00550000005cg71AAA","name":"Jaswinder Rattanpal"}], outputFlag=true, records=null]
22:26:53.0 (26341164)|METHOD_EXIT|[9]|01p50000002D8iw|BFFFollow_Controller.process(ETLC_ApexBridge_Data)
22:26:53.0 (26345934)|STATEMENT_EXECUTE|[24]
22:26:53.0 (26363185)|METHOD_ENTRY|[24]|01p50000002CIEo|ETLC_ApexBridge_Data.toJSON()
22:26:53.0 (26379968)|VARIABLE_SCOPE_BEGIN|[57]|this|ETLC_ApexBridge_Data|true|false
22:26:53.0 (26418771)|VARIABLE_ASSIGNMENT|[57]|this|{"debug":true,"input":"{\"mode\":\"fetchFollow (9 more) ...","operation":"BFFFollow_Controller","output":"[{\"id\":\"00550000005c (38 more) ...","outputFlag":true}|0x2aa7417a
22:26:53.0 (26424949)|STATEMENT_EXECUTE|[57]
22:26:53.0 (26426768)|STATEMENT_EXECUTE|[58]
22:26:53.0 (26442007)|METHOD_ENTRY|[58]||System.JSON.serialize(Object)
22:26:53.0 (26535850)|STATEMENT_EXECUTE|[22]
22:26:53.0 (26539945)|STATEMENT_EXECUTE|[23]
22:26:53.0 (26548784)|HEAP_ALLOCATE|[23]|Bytes:5
22:26:53.0 (26558078)|VARIABLE_ASSIGNMENT|[23]|this.isSuccess|true|0x2aa7417a
22:26:53.0 (26561791)|STATEMENT_EXECUTE|[24]
22:26:53.0 (26606130)|STATEMENT_EXECUTE|[31]
22:26:53.0 (26609801)|STATEMENT_EXECUTE|[32]
22:26:53.0 (26706681)|HEAP_ALLOCATE|[32]|Bytes:4
22:26:53.0 (26764758)|VARIABLE_ASSIGNMENT|[32]|this.messages|{"s":1,"v":{}}|0x2aa7417a
22:26:53.0 (26769071)|STATEMENT_EXECUTE|[33]
22:26:53.0 (27062421)|METHOD_EXIT|[58]||System.JSON.serialize(Object)
22:26:53.0 (27070675)|METHOD_EXIT|[24]|01p50000002CIEo|ETLC_ApexBridge_Data.toJSON()
22:26:53.0 (27078213)|SYSTEM_MODE_EXIT|false
22:26:53.27 (27121740)|CUMULATIVE_LIMIT_USAGE
22:26:53.27 (27121740)|LIMIT_USAGE_FOR_NS|(default)|
  Number of SOQL queries: 1 out of 100
  Number of query rows: 1 out of 50000
  Number of SOSL queries: 0 out of 20
  Number of DML statements: 0 out of 150
  Number of DML rows: 0 out of 10000
  Maximum CPU time: 0 out of 10000
  Maximum heap size: 0 out of 6000000
  Number of callouts: 0 out of 100
  Number of Email Invocations: 0 out of 10
  Number of future calls: 0 out of 50
  Number of queueable jobs added to the queue: 0 out of 50
  Number of Mobile Apex push calls: 0 out of 10

22:26:53.27 (27121740)|CUMULATIVE_LIMIT_USAGE_END

22:26:53.0 (27174915)|CODE_UNIT_FINISHED|ETLC_ApexBridge_Controller.execute
