37.0 APEX_CODE,FINEST;APEX_PROFILING,INFO;CALLOUT,INFO;DB,INFO;SYSTEM,DEBUG;VALIDATION,INFO;VISUALFORCE,INFO;WORKFLOW,INFO
15:09:18.0 (147964)|USER_INFO|[EXTERNAL]|00550000005cg71|bfffollow@jr.te|Eastern Standard Time|GMT-04:00
15:09:18.0 (730804)|HEAP_ALLOCATE|[72]|Bytes:3
15:09:18.0 (792582)|HEAP_ALLOCATE|[77]|Bytes:152
15:09:18.0 (821942)|HEAP_ALLOCATE|[342]|Bytes:408
15:09:18.0 (855400)|HEAP_ALLOCATE|[355]|Bytes:408
15:09:18.0 (885239)|HEAP_ALLOCATE|[467]|Bytes:48
15:09:18.2 (2187186)|USER_INFO|[EXTERNAL]|00550000005cg71|bfffollow@jr.te|Eastern Standard Time|GMT-04:00
15:09:18.2 (2402645)|STATEMENT_EXECUTE|[11]
15:09:18.2 (2460223)|HEAP_ALLOCATE|[50]|Bytes:5
15:09:18.2 (2500352)|HEAP_ALLOCATE|[56]|Bytes:5
15:09:18.2 (2524111)|HEAP_ALLOCATE|[64]|Bytes:7
15:09:18.2 (2558405)|SYSTEM_MODE_ENTER|false
15:09:18.2 (2579200)|HEAP_ALLOCATE|[EXTERNAL]|Bytes:5
15:09:18.2 (2587681)|STATEMENT_EXECUTE|[43]
15:09:18.2 (2596442)|SYSTEM_MODE_EXIT|false
15:09:18.2 (2614669)|METHOD_EXIT|[11]|LookupSObjectController
15:09:18.2 (2624454)|HEAP_ALLOCATE|[EXTERNAL]|Bytes:4
15:09:18.2 (2628412)|HEAP_ALLOCATE|[EXTERNAL]|Bytes:4
15:09:18.2 (2637279)|SYSTEM_MODE_ENTER|false
15:09:18.2 (2647862)|VARIABLE_SCOPE_BEGIN|[17]|searchString|String|false|false
15:09:18.2 (2693756)|VARIABLE_ASSIGNMENT|[17]|searchString|"Jasw"
15:09:18.2 (2701458)|VARIABLE_SCOPE_BEGIN|[17]|sObjectAPIName|String|false|false
15:09:18.2 (2709618)|VARIABLE_ASSIGNMENT|[17]|sObjectAPIName|"User"
15:09:18.2 (2730456)|HEAP_ALLOCATE|[20]|Bytes:5
15:09:18.2 (2736965)|STATEMENT_EXECUTE|[18]
15:09:18.2 (2739460)|STATEMENT_EXECUTE|[20]
15:09:18.2 (2790839)|ENTERING_MANAGED_PKG|
15:09:18.2 (2829764)|HEAP_ALLOCATE|[20]|Bytes:4
15:09:18.2 (2854791)|VARIABLE_SCOPE_BEGIN|[20]|sanitizedSearchString|String|false|false
15:09:18.2 (2867594)|VARIABLE_ASSIGNMENT|[20]|sanitizedSearchString|"Jasw"
15:09:18.2 (2872591)|STATEMENT_EXECUTE|[21]
15:09:18.2 (2913047)|ENTERING_MANAGED_PKG|
15:09:18.2 (2942892)|HEAP_ALLOCATE|[21]|Bytes:4
15:09:18.2 (2965994)|VARIABLE_SCOPE_BEGIN|[21]|sanitizedSObjectAPIName|String|false|false
15:09:18.2 (2977352)|VARIABLE_ASSIGNMENT|[21]|sanitizedSObjectAPIName|"User"
15:09:18.2 (2982140)|STATEMENT_EXECUTE|[23]
15:09:18.2 (3062523)|HEAP_ALLOCATE|[23]|Bytes:4
15:09:18.2 (3175355)|ENTERING_MANAGED_PKG|
15:09:18.2 (3215913)|VARIABLE_SCOPE_BEGIN|[23]|results|List<BFFFollow.LookupSObjectControllerResult>|true|false
15:09:18.2 (3236724)|HEAP_ALLOCATE|[EXTERNAL]|Bytes:4
15:09:18.2 (3266876)|VARIABLE_ASSIGNMENT|[23]|results|{"s":1,"v":[]}|0x5a109882
15:09:18.2 (3272470)|STATEMENT_EXECUTE|[26]
15:09:18.2 (3285390)|HEAP_ALLOCATE|[26]|Bytes:6
15:09:18.2 (3291955)|HEAP_ALLOCATE|[26]|Bytes:27
15:09:18.2 (3295942)|HEAP_ALLOCATE|[26]|Bytes:18
15:09:18.2 (3315027)|HEAP_ALLOCATE|[26]|Bytes:59
15:09:18.2 (3324999)|VARIABLE_SCOPE_BEGIN|[26]|searchQuery|String|false|false
15:09:18.2 (3341312)|VARIABLE_ASSIGNMENT|[26]|searchQuery|"FIND 'Jasw*' IN ALL  (39 more) ..."
15:09:18.2 (3345659)|STATEMENT_EXECUTE|[29]
15:09:18.2 (3385091)|ENTERING_MANAGED_PKG|
15:09:18.2 (4958751)|SOSL_EXECUTE_BEGIN|[29]|FIND 'Jasw*' IN ALL FIELDS RETURNING User(id,name) Limit 50
15:09:18.2 (47032630)|HEAP_ALLOCATE|[29]|Bytes:4
15:09:18.2 (47042808)|HEAP_ALLOCATE|[29]|Bytes:4
15:09:18.2 (47051202)|HEAP_ALLOCATE|[29]|Bytes:8
15:09:18.2 (47066820)|SOSL_EXECUTE_END|[29]|Rows:1
15:09:18.2 (47118334)|HEAP_ALLOCATE|[29]|Bytes:8
15:09:18.2 (47146149)|VARIABLE_SCOPE_BEGIN|[29]|searchList|List<List<SObject>>|true|false
15:09:18.2 (47223617)|VARIABLE_ASSIGNMENT|[29]|searchList|{"s":1,"v":[{"s":2,"v":[{"s":3,"v":{"Id":"00550000005cg71AAA","Name":"Jaswinder Rattanpal"}}]}]}|0x7b7659a9
15:09:18.2 (47322684)|HEAP_ALLOCATE|[32]|Bytes:8
15:09:18.2 (47432474)|ENTERING_MANAGED_PKG|
15:09:18.2 (47634276)|HEAP_ALLOCATE|[32]|Bytes:5
15:09:18.2 (47671434)|HEAP_ALLOCATE|[32]|Bytes:12
15:09:18.2 (47684263)|VARIABLE_SCOPE_BEGIN|[32]|so|SObject|true|false
15:09:18.2 (47700493)|VARIABLE_ASSIGNMENT|[32]|so|{"s":1,"v":{"Id":"00550000005cg71AAA","Name":"Jaswinder Rattanpal"}}|0x6b62194f
15:09:18.2 (47705327)|STATEMENT_EXECUTE|[33]
15:09:18.2 (47707788)|STATEMENT_EXECUTE|[34]
15:09:18.2 (47737911)|HEAP_ALLOCATE|[34]|Bytes:116
15:09:18.2 (47746831)|HEAP_ALLOCATE|[34]|Bytes:5
15:09:18.2 (47766620)|METHOD_ENTRY|[5]|01p50000002eFfl|LookupSObjectControllerResult.LookupSObjectControllerResult()
15:09:18.2 (47770227)|STATEMENT_EXECUTE|[5]
15:09:18.2 (47774183)|STATEMENT_EXECUTE|[5]
15:09:18.2 (47781621)|HEAP_ALLOCATE|[34]|Bytes:5
15:09:18.2 (47794284)|METHOD_EXIT|[5]|LookupSObjectControllerResult
15:09:18.2 (47801950)|HEAP_ALLOCATE|[34]|Bytes:12
15:09:18.2 (47807182)|HEAP_ALLOCATE|[34]|Bytes:4
15:09:18.2 (47840138)|ENTERING_MANAGED_PKG|
15:09:18.2 (47896652)|HEAP_ALLOCATE|[34]|Bytes:19
15:09:18.2 (47943580)|CONSTRUCTOR_ENTRY|[34]|01p50000002eFfl|<init>(String,Id)
15:09:18.2 (47952775)|VARIABLE_SCOPE_BEGIN|[9]|this|BFFFollow.LookupSObjectControllerResult|true|false
15:09:18.2 (47980953)|VARIABLE_ASSIGNMENT|[9]|this|{}|0x4d12ff33
15:09:18.2 (47984626)|VARIABLE_SCOPE_BEGIN|[9]|sObjectLabel|String|false|false
15:09:18.2 (47991043)|VARIABLE_ASSIGNMENT|[9]|sObjectLabel|"Jaswinder Rattanpal"
15:09:18.2 (47993499)|VARIABLE_SCOPE_BEGIN|[9]|sObjectId|Id|false|false
15:09:18.2 (48100883)|VARIABLE_ASSIGNMENT|[9]|sObjectId|"00550000005cg71AAA"
15:09:18.2 (48112612)|HEAP_ALLOCATE|[11]|Bytes:5
15:09:18.2 (48117274)|STATEMENT_EXECUTE|[5]
15:09:18.2 (48120206)|HEAP_ALLOCATE|[11]|Bytes:5
15:09:18.2 (48122233)|STATEMENT_EXECUTE|[6]
15:09:18.2 (48129062)|STATEMENT_EXECUTE|[7]
15:09:18.2 (48142663)|HEAP_ALLOCATE|[11]|Bytes:6
15:09:18.2 (48169847)|STATEMENT_EXECUTE|[10]
15:09:18.2 (48171928)|STATEMENT_EXECUTE|[11]
15:09:18.2 (48222039)|VARIABLE_ASSIGNMENT|[EXTERNAL]|this|{}|0x4d12ff33
15:09:18.2 (48229943)|VARIABLE_ASSIGNMENT|[EXTERNAL]|value|"Jaswinder Rattanpal"
15:09:18.2 (48242347)|VARIABLE_ASSIGNMENT|[6]|this.SObjectLabel|"Jaswinder Rattanpal"|0x4d12ff33
15:09:18.2 (48249788)|STATEMENT_EXECUTE|[12]
15:09:18.2 (48288795)|VARIABLE_ASSIGNMENT|[EXTERNAL]|this|{"SObjectLabel":"Jaswinder Rattanpal"}|0x4d12ff33
15:09:18.2 (48342348)|VARIABLE_ASSIGNMENT|[EXTERNAL]|value|"00550000005cg71AAA"
15:09:18.2 (48399721)|VARIABLE_ASSIGNMENT|[7]|this.SObjectId|"00550000005cg71AAA"|0x4d12ff33
15:09:18.2 (48421593)|CONSTRUCTOR_EXIT|[34]|01p50000002eFfl|<init>(String,Id)
15:09:18.2 (48439322)|ENTERING_MANAGED_PKG|
15:09:18.2 (48446315)|HEAP_ALLOCATE|[EXTERNAL]|Bytes:4
15:09:18.2 (48460892)|HEAP_ALLOCATE|[32]|Bytes:5
15:09:18.2 (48473925)|VARIABLE_ASSIGNMENT|[32]|so|null|
15:09:18.2 (48477335)|STATEMENT_EXECUTE|[37]
15:09:18.2 (48494532)|SYSTEM_MODE_EXIT|false
15:09:18.48 (48539312)|CUMULATIVE_LIMIT_USAGE
15:09:18.48 (48539312)|LIMIT_USAGE_FOR_NS|(default)|
  Number of SOQL queries: 0 out of 100
  Number of query rows: 0 out of 50000
  Number of SOSL queries: 0 out of 20
  Number of DML statements: 0 out of 150
  Number of DML rows: 0 out of 10000
  Maximum CPU time: 0 out of 10000
  Maximum heap size: 0 out of 6000000
  Number of callouts: 0 out of 100
  Number of Email Invocations: 0 out of 10
  Number of future calls: 0 out of 50
  Number of queueable jobs added to the queue: 0 out of 50
  Number of Mobile Apex push calls: 0 out of 10

15:09:18.48 (48539312)|LIMIT_USAGE_FOR_NS|BFFFollow|
  Number of SOQL queries: 0 out of 100
  Number of query rows: 0 out of 50000
  Number of SOSL queries: 1 out of 20
  Number of DML statements: 0 out of 150
  Number of DML rows: 0 out of 10000
  Maximum CPU time: 0 out of 10000
  Maximum heap size: 0 out of 6000000
  Number of callouts: 0 out of 100
  Number of Email Invocations: 0 out of 10
  Number of future calls: 0 out of 50
  Number of queueable jobs added to the queue: 0 out of 50
  Number of Mobile Apex push calls: 0 out of 10

15:09:18.48 (48539312)|CUMULATIVE_LIMIT_USAGE_END

15:09:18.2 (48602880)|CODE_UNIT_FINISHED|LookupSObjectController.lookup
15:09:18.50 (50280498)|USER_INFO|[EXTERNAL]|00550000005cg71|bfffollow@jr.te|Eastern Standard Time|GMT-04:00
15:09:18.50 (50293568)|CODE_UNIT_STARTED|[EXTERNAL]|Aura
15:09:18.50 (50325496)|CODE_UNIT_FINISHED|Aura
