37.0 APEX_CODE,FINEST;APEX_PROFILING,INFO;CALLOUT,INFO;DB,INFO;SYSTEM,DEBUG;VALIDATION,INFO;VISUALFORCE,INFO;WORKFLOW,INFO
14:10:25.0 (455017)|USER_INFO|[EXTERNAL]|00550000005cg71|bfffollow@jr.te|Eastern Standard Time|GMT-04:00
14:10:25.0 (502652)|EXECUTION_STARTED
14:10:25.0 (514072)|CODE_UNIT_STARTED|[EXTERNAL]|aura
14:10:25.0 (979472)|HEAP_ALLOCATE|[72]|Bytes:3
14:10:25.0 (1080234)|HEAP_ALLOCATE|[77]|Bytes:152
14:10:25.0 (1108709)|HEAP_ALLOCATE|[342]|Bytes:408
14:10:25.0 (1135844)|HEAP_ALLOCATE|[355]|Bytes:408
14:10:25.0 (1161438)|HEAP_ALLOCATE|[467]|Bytes:48
14:10:25.0 (1206704)|HEAP_ALLOCATE|[139]|Bytes:6
14:10:25.0 (1250460)|HEAP_ALLOCATE|[EXTERNAL]|Bytes:93
14:10:25.0 (1302258)|HEAP_ALLOCATE|[EXTERNAL]|Bytes:93
14:10:25.0 (2706414)|CODE_UNIT_STARTED|[EXTERNAL]|01p50000002CIEm|ETLC_ApexBridge_Controller.execute
14:10:25.0 (3601192)|HEAP_ALLOCATE|[EXTERNAL]|Bytes:1
14:10:25.0 (3609377)|HEAP_ALLOCATE|[EXTERNAL]|Bytes:10
14:10:25.0 (3678288)|METHOD_ENTRY|[1]|01p50000002CIEm|ETLC_ApexBridge_Controller.ETLC_ApexBridge_Controller()
14:10:25.0 (3687253)|STATEMENT_EXECUTE|[1]
14:10:25.0 (3695391)|STATEMENT_EXECUTE|[1]
14:10:25.0 (3720857)|METHOD_EXIT|[1]|ETLC_ApexBridge_Controller
14:10:25.0 (3727348)|HEAP_ALLOCATE|[EXTERNAL]|Bytes:93
14:10:25.0 (3740808)|SYSTEM_MODE_ENTER|false
14:10:25.0 (3880940)|VARIABLE_SCOPE_BEGIN|[3]|dataJson|String|false|false
14:10:25.0 (4038940)|VARIABLE_ASSIGNMENT|[3]|dataJson|"{\"operation\":\"BFFFol (73 more) ..."
14:10:25.0 (4062241)|STATEMENT_EXECUTE|[3]
14:10:25.0 (4067187)|STATEMENT_EXECUTE|[4]
14:10:25.0 (6897230)|VARIABLE_SCOPE_BEGIN|[4]|data|ETLC_ApexBridge_Data|true|false
14:10:25.0 (6918102)|VARIABLE_ASSIGNMENT|[4]|data|null|
14:10:25.0 (6927459)|STATEMENT_EXECUTE|[5]
14:10:25.0 (6930534)|STATEMENT_EXECUTE|[5]
14:10:25.0 (6932085)|STATEMENT_EXECUTE|[6]
14:10:25.0 (6954831)|HEAP_ALLOCATE|[6]|Bytes:11
14:10:25.0 (6964208)|HEAP_ALLOCATE|[6]|Bytes:248
14:10:25.0 (6967093)|HEAP_ALLOCATE|[6]|Bytes:39
14:10:25.0 (7015263)|METHOD_ENTRY|[2]|01p50000002CIEo|ETLC_ApexBridge_Data.ETLC_ApexBridge_Data()
14:10:25.0 (7020921)|STATEMENT_EXECUTE|[2]
14:10:25.0 (7025719)|STATEMENT_EXECUTE|[2]
14:10:25.0 (7033454)|METHOD_EXIT|[2]|ETLC_ApexBridge_Data
14:10:25.0 (7078566)|METHOD_ENTRY|[6]|01p50000002CIEo|ETLC_ApexBridge_Data.fromJSON(String)
14:10:25.0 (7112267)|VARIABLE_SCOPE_BEGIN|[60]|strJson|String|false|false
14:10:25.0 (7127177)|VARIABLE_ASSIGNMENT|[60]|strJson|"{\"operation\":\"BFFFol (73 more) ..."
14:10:25.0 (7134038)|STATEMENT_EXECUTE|[60]
14:10:25.0 (7136381)|STATEMENT_EXECUTE|[61]
14:10:25.0 (7146416)|HEAP_ALLOCATE|[61]|Bytes:20
14:10:25.0 (7169266)|HEAP_ALLOCATE|[50]|Bytes:5
14:10:25.0 (7193347)|HEAP_ALLOCATE|[56]|Bytes:5
14:10:25.0 (7202239)|HEAP_ALLOCATE|[64]|Bytes:7
14:10:25.0 (7323809)|HEAP_ALLOCATE|[61]|Bytes:24
14:10:25.0 (7339156)|SYSTEM_METHOD_ENTRY|[1]|Type.Type()
14:10:25.0 (7342787)|STATEMENT_EXECUTE|[1]
14:10:25.0 (7351962)|SYSTEM_METHOD_EXIT|[1]|Type
14:10:25.0 (7357641)|HEAP_ALLOCATE|[61]|Bytes:8
14:10:25.0 (7388836)|HEAP_ALLOCATE|[61]|Bytes:8
14:10:25.0 (7395570)|VARIABLE_SCOPE_BEGIN|[4]|this|System.Type|true|false
14:10:25.0 (7436398)|VARIABLE_ASSIGNMENT|[4]|this|{}|0x64649a09
14:10:25.0 (7441570)|VARIABLE_SCOPE_BEGIN|[4]|apextype|java:common.apex.runtime.ApexObjectType|true|false
14:10:25.0 (7576940)|VARIABLE_ASSIGNMENT|[4]|apextype|"ETLC_ApexBridge_Data"|0x6b47c746
14:10:25.0 (7700337)|HEAP_ALLOCATE|[61]|Bytes:8
14:10:25.0 (7741725)|HEAP_ALLOCATE|[61]|Bytes:24
14:10:25.0 (7756076)|SYSTEM_METHOD_ENTRY|[1]|JSON.JSON()
14:10:25.0 (7759630)|STATEMENT_EXECUTE|[1]
14:10:25.0 (7766601)|SYSTEM_METHOD_EXIT|[1]|JSON
14:10:25.0 (7780314)|METHOD_ENTRY|[61]||System.JSON.deserializeStrict(String, System.Type)
14:10:25.0 (8423644)|METHOD_EXIT|[61]||System.JSON.deserializeStrict(String, System.Type)
14:10:25.0 (8436250)|METHOD_EXIT|[6]|01p50000002CIEo|ETLC_ApexBridge_Data.fromJSON(String)
14:10:25.0 (8500009)|VARIABLE_ASSIGNMENT|[6]|data|{"debug":true,"input":"{\"mode\":\"fetchFollow (9 more) ...","operation":"BFFFollow_Controller"}|0x1f8860cd
14:10:25.0 (8507905)|STATEMENT_EXECUTE|[7]
14:10:25.0 (8517917)|HEAP_ALLOCATE|[7]|Bytes:6
14:10:25.0 (8597233)|HEAP_ALLOCATE|[7]|Bytes:177
14:10:25.0 (8620441)|HEAP_ALLOCATE|[7]|Bytes:183
14:10:25.0 (8646564)|USER_DEBUG|[7]|DEBUG|data::ETLC_ApexBridge_Data:[debug=true, input={"mode":"fetchFollowedUsers"}, isSuccess=null, messages=null, operation=BFFFollow_Controller, output=null, outputFlag=null, records=null]
14:10:25.0 (8656260)|STATEMENT_EXECUTE|[8]
14:10:25.0 (8715560)|VARIABLE_ASSIGNMENT|[EXTERNAL]|this|{"debug":true,"input":"{\"mode\":\"fetchFollow (9 more) ...","operation":"BFFFollow_Controller"}|0x1f8860cd
14:10:25.0 (8737295)|METHOD_ENTRY|[8]||System.Type.forName(String)
14:10:25.0 (11532076)|METHOD_EXIT|[8]||System.Type.forName(String)
14:10:25.0 (11551335)|METHOD_ENTRY|[8]||System.Type.newInstance()
14:10:25.0 (13084741)|STATEMENT_EXECUTE|[1]
14:10:25.0 (13101424)|HEAP_ALLOCATE|[33]|Bytes:5
14:10:25.0 (13121989)|METHOD_EXIT|[1]|BFFFollow_Controller
14:10:25.0 (13143246)|HEAP_ALLOCATE|[33]|Bytes:4
14:10:25.0 (13153807)|VARIABLE_SCOPE_BEGIN|[1]|this|BFFFollow_Controller|true|false
14:10:25.0 (13194844)|VARIABLE_ASSIGNMENT|[1]|this|{}|0x107f595
14:10:25.0 (13206020)|HEAP_ALLOCATE|[33]|Bytes:5
14:10:25.0 (13219607)|HEAP_ALLOCATE|[33]|Bytes:11
14:10:25.0 (13243888)|METHOD_ENTRY|[1]|01p50000002CIEj|ETLC_ApexBridge_Abstract.ETLC_ApexBridge_Abstract()
14:10:25.0 (13247879)|STATEMENT_EXECUTE|[1]
14:10:25.0 (13252780)|STATEMENT_EXECUTE|[1]
14:10:25.0 (13258350)|METHOD_EXIT|[1]|ETLC_ApexBridge_Abstract
14:10:25.0 (13269112)|CONSTRUCTOR_ENTRY|[EXTERNAL]|01p50000002CIEj|<init>()
14:10:25.0 (13295000)|VARIABLE_SCOPE_BEGIN|[1]|this|ETLC_ApexBridge_Abstract|true|false
14:10:25.0 (13313426)|VARIABLE_ASSIGNMENT|[1]|this|{}|0x107f595
14:10:25.0 (13331086)|STATEMENT_EXECUTE|[1]
14:10:25.0 (13338495)|CONSTRUCTOR_EXIT|[EXTERNAL]|01p50000002CIEj|<init>()
14:10:25.0 (13345182)|STATEMENT_EXECUTE|[1]
14:10:25.0 (13350341)|HEAP_ALLOCATE|[33]|Bytes:5
14:10:25.0 (13369135)|METHOD_EXIT|[8]||System.Type.newInstance()
14:10:25.0 (13377147)|VARIABLE_SCOPE_BEGIN|[8]|executor|ETLC_ApexBridge_Abstract|true|false
14:10:25.0 (13393009)|VARIABLE_ASSIGNMENT|[8]|executor|{}|0x107f595
14:10:25.0 (13397800)|STATEMENT_EXECUTE|[9]
14:10:25.0 (13451699)|METHOD_ENTRY|[9]|01p50000002D8iw|BFFFollow_Controller.process(ETLC_ApexBridge_Data)
14:10:25.0 (13478741)|VARIABLE_SCOPE_BEGIN|[3]|this|BFFFollow_Controller|true|false
14:10:25.0 (13494782)|VARIABLE_ASSIGNMENT|[3]|this|{}|0x107f595
14:10:25.0 (13498855)|VARIABLE_SCOPE_BEGIN|[3]|data|ETLC_ApexBridge_Data|true|false
14:10:25.0 (13537975)|VARIABLE_ASSIGNMENT|[3]|data|{"debug":true,"input":"{\"mode\":\"fetchFollow (9 more) ...","operation":"BFFFollow_Controller"}|0x1f8860cd
14:10:25.0 (13548174)|HEAP_ALLOCATE|[4]|Bytes:5
14:10:25.0 (13554677)|STATEMENT_EXECUTE|[3]
14:10:25.0 (13556920)|STATEMENT_EXECUTE|[4]
14:10:25.0 (13640463)|VARIABLE_ASSIGNMENT|[EXTERNAL]|this|{"debug":true,"input":"{\"mode\":\"fetchFollow (9 more) ...","operation":"BFFFollow_Controller"}|0x1f8860cd
14:10:25.0 (13695684)|VARIABLE_ASSIGNMENT|[4]|BFFFollow_Controller.debugFlag|true
14:10:25.0 (13740346)|VARIABLE_ASSIGNMENT|[EXTERNAL]|this|{"debug":true,"input":"{\"mode\":\"fetchFollow (9 more) ...","operation":"BFFFollow_Controller"}|0x1f8860cd
14:10:25.0 (13756928)|STATEMENT_EXECUTE|[5]
14:10:25.0 (13766814)|HEAP_ALLOCATE|[5]|Bytes:12
14:10:25.0 (13818931)|HEAP_ALLOCATE|[5]|Bytes:177
14:10:25.0 (13838076)|HEAP_ALLOCATE|[5]|Bytes:189
14:10:25.0 (13869534)|USER_DEBUG|[5]|DEBUG|data BEFORE:ETLC_ApexBridge_Data:[debug=true, input={"mode":"fetchFollowedUsers"}, isSuccess=null, messages=null, operation=BFFFollow_Controller, output=null, outputFlag=null, records=null]
14:10:25.0 (13886185)|STATEMENT_EXECUTE|[7]
14:10:25.0 (13895900)|HEAP_ALLOCATE|[7]|Bytes:4
14:10:25.0 (13924144)|METHOD_ENTRY|[7]|01p50000002CIEo|ETLC_ApexBridge_Data.getInputValue(String)
14:10:25.0 (13950216)|VARIABLE_SCOPE_BEGIN|[52]|this|ETLC_ApexBridge_Data|true|false
14:10:25.0 (13996346)|VARIABLE_ASSIGNMENT|[52]|this|{"debug":true,"input":"{\"mode\":\"fetchFollow (9 more) ...","operation":"BFFFollow_Controller"}|0x1f8860cd
14:10:25.0 (14006653)|VARIABLE_SCOPE_BEGIN|[52]|key|String|false|false
14:10:25.0 (14013218)|VARIABLE_ASSIGNMENT|[52]|key|"mode"
14:10:25.0 (14020258)|STATEMENT_EXECUTE|[52]
14:10:25.0 (14022826)|STATEMENT_EXECUTE|[53]
14:10:25.0 (14117906)|VARIABLE_ASSIGNMENT|[EXTERNAL]|this|{"debug":true,"input":"{\"mode\":\"fetchFollow (9 more) ...","operation":"BFFFollow_Controller"}|0x1f8860cd
14:10:25.0 (14151856)|METHOD_ENTRY|[53]||System.JSON.deserializeUntyped(String)
14:10:25.0 (14494065)|METHOD_EXIT|[53]||System.JSON.deserializeUntyped(String)
14:10:25.0 (14505387)|VARIABLE_SCOPE_BEGIN|[53]|inputMap|Map<String,ANY>|true|false
14:10:25.0 (14542738)|VARIABLE_ASSIGNMENT|[53]|inputMap|{"s":1,"v":{"mode":"fetchFollowedUsers"}}|0x271b2539
14:10:25.0 (14550163)|STATEMENT_EXECUTE|[54]
14:10:25.0 (14611640)|METHOD_EXIT|[7]|01p50000002CIEo|ETLC_ApexBridge_Data.getInputValue(String)
14:10:25.0 (14621241)|VARIABLE_SCOPE_BEGIN|[7]|mode|String|false|false
14:10:25.0 (14634329)|VARIABLE_ASSIGNMENT|[7]|mode|"fetchFollowedUsers"
14:10:25.0 (14642092)|HEAP_ALLOCATE|[9]|Bytes:18
14:10:25.0 (14678034)|STATEMENT_EXECUTE|[9]
14:10:25.0 (14683216)|STATEMENT_EXECUTE|[10]
14:10:25.0 (14752286)|HEAP_ALLOCATE|[10]|Bytes:85
14:10:25.0 (14771756)|SYSTEM_METHOD_ENTRY|[1]|UserInfo.UserInfo()
14:10:25.0 (14776097)|STATEMENT_EXECUTE|[1]
14:10:25.0 (14784186)|SYSTEM_METHOD_EXIT|[1]|UserInfo
14:10:25.0 (14800276)|METHOD_ENTRY|[10]||System.UserInfo.getUserId()
14:10:25.0 (14852572)|METHOD_EXIT|[10]||System.UserInfo.getUserId()
14:10:25.0 (14876658)|HEAP_ALLOCATE|[10]|Bytes:4
14:10:25.0 (14901089)|METHOD_ENTRY|[10]|01p50000002D8iw|BFFFollow_Controller.fetchFollowedUsers(Id)
14:10:25.0 (14913920)|VARIABLE_SCOPE_BEGIN|[24]|this|BFFFollow_Controller|true|false
14:10:25.0 (14941250)|VARIABLE_ASSIGNMENT|[24]|this|{}|0x107f595
14:10:25.0 (14950862)|VARIABLE_SCOPE_BEGIN|[24]|followedById|Id|false|false
14:10:25.0 (15073680)|VARIABLE_ASSIGNMENT|[24]|followedById|"00550000005cg71AAA"
14:10:25.0 (15088719)|HEAP_ALLOCATE|[25]|Bytes:5
14:10:25.0 (15098095)|STATEMENT_EXECUTE|[24]
14:10:25.0 (15101943)|STATEMENT_EXECUTE|[25]
14:10:25.0 (15113840)|HEAP_ALLOCATE|[25]|Bytes:63
14:10:25.0 (15166600)|HEAP_ALLOCATE|[25]|Bytes:18
14:10:25.0 (15183633)|HEAP_ALLOCATE|[25]|Bytes:9
14:10:25.0 (15199740)|HEAP_ALLOCATE|[25]|Bytes:90
14:10:25.0 (15207323)|VARIABLE_SCOPE_BEGIN|[25]|soql|String|false|false
14:10:25.0 (15221554)|VARIABLE_ASSIGNMENT|[25]|soql|"SELECT FollowedUsers (70 more) ..."
14:10:25.0 (15229590)|STATEMENT_EXECUTE|[26]
14:10:25.0 (15233238)|STATEMENT_EXECUTE|[26]
14:10:25.0 (15241151)|STATEMENT_EXECUTE|[27]
14:10:25.0 (15244375)|STATEMENT_EXECUTE|[27]
14:10:25.0 (15255835)|HEAP_ALLOCATE|[27]|Bytes:24
14:10:25.0 (15265769)|HEAP_ALLOCATE|[27]|Bytes:114
14:10:25.0 (15307288)|USER_DEBUG|[27]|DEBUG|fetchFollowedUsers:soql:SELECT FollowedUsers__c FROM BFFFollow__c WHERE FollowedBy__c='00550000005cg71AAA' limit 1
14:10:25.0 (15321599)|STATEMENT_EXECUTE|[28]
14:10:25.0 (19360438)|HEAP_ALLOCATE|[28]|Bytes:9
14:10:25.0 (19376790)|HEAP_ALLOCATE|[28]|Bytes:29
14:10:25.0 (19382364)|HEAP_ALLOCATE|[28]|Bytes:21
14:10:25.0 (19428322)|METHOD_ENTRY|[7]|01p50000002CIEt|ETLC_SecuredDB.ETLC_SecuredDB()
14:10:25.0 (19438084)|STATEMENT_EXECUTE|[7]
14:10:25.0 (19447289)|STATEMENT_EXECUTE|[7]
14:10:25.0 (19455888)|HEAP_ALLOCATE|[28]|Bytes:5
14:10:25.0 (19471293)|METHOD_EXIT|[7]|ETLC_SecuredDB
14:10:25.0 (19523993)|METHOD_ENTRY|[28]|01p50000002CIEt|ETLC_SecuredDB.query(String)
14:10:25.0 (19566960)|VARIABLE_SCOPE_BEGIN|[10]|SOQL|String|false|false
14:10:25.0 (19593241)|VARIABLE_ASSIGNMENT|[10]|SOQL|"SELECT FollowedUsers (70 more) ..."
14:10:25.0 (19604803)|HEAP_ALLOCATE|[12]|Bytes:5
14:10:25.0 (19614551)|STATEMENT_EXECUTE|[10]
14:10:25.0 (19619019)|STATEMENT_EXECUTE|[12]
14:10:25.0 (21297231)|SOQL_EXECUTE_BEGIN|[12]|Aggregations:0|SELECT FollowedUsers__c FROM BFFFollow__c WHERE FollowedBy__c='00550000005cg71AAA' limit 1
14:10:25.0 (36744158)|SOQL_EXECUTE_END|[12]|Rows:1
14:10:25.0 (36785882)|HEAP_ALLOCATE|[12]|Bytes:8
14:10:25.0 (36803676)|HEAP_ALLOCATE|[12]|Bytes:158
14:10:25.0 (36895490)|HEAP_ALLOCATE|[12]|Bytes:8
14:10:25.0 (36932355)|VARIABLE_SCOPE_BEGIN|[12]|dbRecords|List<SObject>|true|false
14:10:25.0 (37019046)|VARIABLE_ASSIGNMENT|[12]|dbRecords|{"s":1,"v":[{"s":2,"v":{"FollowedUsers__c":"[{\"id\":\"00550000005c (85 more) ...","Id":"a005000000ezW4dAAE"}}]}|0x6de91c2d
14:10:25.0 (37035992)|STATEMENT_EXECUTE|[20]
14:10:25.0 (37439561)|HEAP_ALLOCATE|[20]|Bytes:12
14:10:25.0 (37451045)|HEAP_ALLOCATE|[20]|Bytes:8
14:10:25.0 (37548691)|HEAP_ALLOCATE|[20]|Bytes:12
14:10:25.0 (37558359)|HEAP_ALLOCATE|[20]|Bytes:9
14:10:25.0 (37584378)|HEAP_ALLOCATE|[20]|Bytes:12
14:10:25.0 (37592814)|HEAP_ALLOCATE|[20]|Bytes:8
14:10:25.0 (37615967)|HEAP_ALLOCATE|[20]|Bytes:12
14:10:25.0 (37624078)|HEAP_ALLOCATE|[20]|Bytes:8
14:10:25.0 (37646065)|HEAP_ALLOCATE|[20]|Bytes:12
14:10:25.0 (37653912)|HEAP_ALLOCATE|[20]|Bytes:9
14:10:25.0 (37712100)|METHOD_ENTRY|[20]|01p50000002CIEt|ETLC_SecuredDB.findFields(List<SObject>)
14:10:25.0 (37764946)|VARIABLE_SCOPE_BEGIN|[108]|dbRecords|List<SObject>|true|false
14:10:25.0 (37804908)|VARIABLE_ASSIGNMENT|[108]|dbRecords|{"s":1,"v":[{"s":2,"v":{"FollowedUsers__c":"[{\"id\":\"00550000005c (85 more) ...","Id":"a005000000ezW4dAAE"}}]}|0x6de91c2d
14:10:25.0 (37820998)|HEAP_ALLOCATE|[109]|Bytes:5
14:10:25.0 (37832825)|STATEMENT_EXECUTE|[108]
14:10:25.0 (37837695)|STATEMENT_EXECUTE|[109]
14:10:25.0 (37852107)|VARIABLE_SCOPE_BEGIN|[109]|strJSON|String|false|false
14:10:25.0 (37863652)|VARIABLE_ASSIGNMENT|[109]|strJSON|null
14:10:25.0 (37871343)|STATEMENT_EXECUTE|[110]
14:10:25.0 (37885426)|VARIABLE_SCOPE_BEGIN|[110]|mapFields|Map<String,Set<String>>|true|false
14:10:25.0 (37897389)|VARIABLE_ASSIGNMENT|[110]|mapFields|null|
14:10:25.0 (37904487)|STATEMENT_EXECUTE|[112]
14:10:25.0 (37932356)|METHOD_ENTRY|[112]||System.JSON.serialize(Object)
14:10:25.0 (38507643)|METHOD_EXIT|[112]||System.JSON.serialize(Object)
14:10:25.0 (38526633)|VARIABLE_ASSIGNMENT|[112]|strJSON|"[{\"attributes\":{\"typ (259 more) ..."
14:10:25.0 (38533596)|STATEMENT_EXECUTE|[113]
14:10:25.0 (38544204)|HEAP_ALLOCATE|[113]|Bytes:5
14:10:25.0 (38554222)|HEAP_ALLOCATE|[113]|Bytes:284
14:10:25.0 (38596540)|USER_DEBUG|[113]|DEBUG|JSON:[{"attributes":{"type":"BFFFollow__c","url":"/services/data/v37.0/sobjects/BFFFollow__c/a005000000ezW4dAAE"},"FollowedUsers__c":"[{\"id\":\"00550000005cg71AAA\",\"name\":\"Jaswinder Rattanpal\"},{\"id\":\"00550000005d7KnAAI\",\"name\":\"Test User\"}]","Id":"a005000000ezW4dAAE"}]
14:10:25.0 (38607514)|STATEMENT_EXECUTE|[114]
14:10:25.0 (38616987)|HEAP_ALLOCATE|[114]|Bytes:4
14:10:25.0 (38646646)|VARIABLE_ASSIGNMENT|[114]|mapFields|{"s":1,"v":{}}|0x53b48aba
14:10:25.0 (38651952)|STATEMENT_EXECUTE|[115]
14:10:25.0 (38666592)|METHOD_ENTRY|[115]||System.JSON.deserializeUntyped(String)
14:10:25.0 (39055553)|METHOD_EXIT|[115]||System.JSON.deserializeUntyped(String)
14:10:25.0 (39065757)|VARIABLE_SCOPE_BEGIN|[115]|records|List<ANY>|true|false
14:10:25.0 (39101333)|HEAP_ALLOCATE|[EXTERNAL]|Bytes:8
14:10:25.0 (39132369)|VARIABLE_ASSIGNMENT|[115]|records|{"s":1,"v":[{"s":2,"v":{"attributes":{"s":3,"v":{"type":"BFFFollow__c","url":"/services/data/v37.0 (41 more) ..."}},"FollowedUsers__c":"[{\"id\":\"00550000005c (85 more) ...","Id":"a005000000ezW4dAAE"}}]}|0x12eeee01
14:10:25.0 (39184896)|HEAP_ALLOCATE|[116]|Bytes:5
14:10:25.0 (39202229)|HEAP_ALLOCATE|[116]|Bytes:16
14:10:25.0 (39213150)|VARIABLE_SCOPE_BEGIN|[116]|record|Object|false|false
14:10:25.0 (39244208)|VARIABLE_ASSIGNMENT|[116]|record|{"s":1,"v":{"attributes":{"s":2,"v":{"type":"BFFFollow__c","url":"/services/data/v37.0 (41 more) ..."}},"FollowedUsers__c":"[{\"id\":\"00550000005c (85 more) ...","Id":"a005000000ezW4dAAE"}}
14:10:25.0 (39254821)|STATEMENT_EXECUTE|[116]
14:10:25.0 (39259218)|STATEMENT_EXECUTE|[117]
14:10:25.0 (39295240)|METHOD_ENTRY|[117]|01p50000002CIEt|ETLC_SecuredDB.findFieldsRecursive(Map<String,Set<String>>, Map<String,ANY>)
14:10:25.0 (39324445)|VARIABLE_SCOPE_BEGIN|[124]|mapFields|Map<String,Set<String>>|true|false
14:10:25.0 (39340819)|VARIABLE_ASSIGNMENT|[124]|mapFields|{"s":1,"v":{}}|0x53b48aba
14:10:25.0 (39345465)|VARIABLE_SCOPE_BEGIN|[124]|record|Map<String,ANY>|true|false
14:10:25.0 (39362172)|VARIABLE_ASSIGNMENT|[124]|record|{"s":1,"v":{"attributes":{"s":2,"v":{"type":"BFFFollow__c","url":"/services/data/v37.0 (41 more) ..."}},"FollowedUsers__c":"[{\"id\":\"00550000005c (85 more) ...","Id":"a005000000ezW4dAAE"}}|0x582da083
14:10:25.0 (39373978)|HEAP_ALLOCATE|[125]|Bytes:5
14:10:25.0 (39384148)|STATEMENT_EXECUTE|[124]
14:10:25.0 (39389858)|STATEMENT_EXECUTE|[125]
14:10:25.0 (39406688)|HEAP_ALLOCATE|[125]|Bytes:10
14:10:25.0 (39415179)|VARIABLE_SCOPE_BEGIN|[125]|strAttributes|String|false|false
14:10:25.0 (39426676)|VARIABLE_ASSIGNMENT|[125]|strAttributes|"attributes"
14:10:25.0 (39432213)|STATEMENT_EXECUTE|[126]
14:10:25.0 (39440241)|HEAP_ALLOCATE|[126]|Bytes:7
14:10:25.0 (39445039)|VARIABLE_SCOPE_BEGIN|[126]|strRecord|String|false|false
14:10:25.0 (39450707)|VARIABLE_ASSIGNMENT|[126]|strRecord|"records"
14:10:25.0 (39488664)|STATEMENT_EXECUTE|[127]
14:10:25.0 (39491580)|STATEMENT_EXECUTE|[128]
14:10:25.0 (39527890)|VARIABLE_SCOPE_BEGIN|[128]|attributes|Map<String,ANY>|true|false
14:10:25.0 (39548839)|VARIABLE_ASSIGNMENT|[128]|attributes|{"s":1,"v":{"type":"BFFFollow__c","url":"/services/data/v37.0 (41 more) ..."}}|0x1d4e3fc4
14:10:25.0 (39554654)|STATEMENT_EXECUTE|[129]
14:10:25.0 (39563473)|HEAP_ALLOCATE|[129]|Bytes:4
14:10:25.0 (39596531)|VARIABLE_SCOPE_BEGIN|[129]|objectName|String|false|false
14:10:25.0 (39605567)|VARIABLE_ASSIGNMENT|[129]|objectName|"BFFFollow__c"
14:10:25.0 (39614540)|HEAP_ALLOCATE|[130]|Bytes:4
14:10:25.0 (39687011)|HEAP_ALLOCATE|[130]|Bytes:44
14:10:25.0 (39706797)|HEAP_ALLOCATE|[130]|Bytes:12
14:10:25.0 (39731027)|HEAP_ALLOCATE|[130]|Bytes:5
14:10:25.0 (39745717)|VARIABLE_SCOPE_BEGIN|[130]|fieldName|String|false|false
14:10:25.0 (39754089)|VARIABLE_ASSIGNMENT|[130]|fieldName|"attributes"
14:10:25.0 (39759808)|STATEMENT_EXECUTE|[130]
14:10:25.0 (39761983)|STATEMENT_EXECUTE|[131]
14:10:25.0 (39803750)|VARIABLE_SCOPE_BEGIN|[131]|field|Object|false|false
14:10:25.0 (39825638)|VARIABLE_ASSIGNMENT|[131]|field|{"s":1,"v":{"type":"BFFFollow__c","url":"/services/data/v37.0 (41 more) ..."}}
14:10:25.0 (39845690)|STATEMENT_EXECUTE|[132]
14:10:25.0 (39863250)|HEAP_ALLOCATE|[130]|Bytes:5
14:10:25.0 (39875986)|VARIABLE_SCOPE_BEGIN|[130]|fieldName|String|false|false
14:10:25.0 (39884067)|VARIABLE_ASSIGNMENT|[130]|fieldName|"FollowedUsers__c"
14:10:25.0 (39888726)|STATEMENT_EXECUTE|[130]
14:10:25.0 (39890916)|STATEMENT_EXECUTE|[131]
14:10:25.0 (39911523)|VARIABLE_SCOPE_BEGIN|[131]|field|Object|false|false
14:10:25.0 (39922390)|VARIABLE_ASSIGNMENT|[131]|field|"[{\"id\":\"00550000005c (85 more) ..."
14:10:25.0 (39934908)|HEAP_ALLOCATE|[134]|Bytes:68
14:10:25.0 (39966900)|STATEMENT_EXECUTE|[136]
14:10:25.0 (39971841)|STATEMENT_EXECUTE|[137]
14:10:25.0 (39986025)|HEAP_ALLOCATE|[137]|Bytes:4
14:10:25.0 (40027048)|VARIABLE_SCOPE_BEGIN|[137]|fieldNames|Set<String>|true|false
14:10:25.0 (40057485)|VARIABLE_ASSIGNMENT|[137]|fieldNames|{"s":1,"v":[]}|0xfa3f231
14:10:25.0 (40100083)|STATEMENT_EXECUTE|[138]
14:10:25.0 (40107649)|STATEMENT_EXECUTE|[139]
14:10:25.0 (40142094)|HEAP_ALLOCATE|[EXTERNAL]|Bytes:4
14:10:25.0 (40153521)|STATEMENT_EXECUTE|[140]
14:10:25.0 (40184478)|HEAP_ALLOCATE|[EXTERNAL]|Bytes:-4
14:10:25.0 (40199581)|HEAP_ALLOCATE|[130]|Bytes:5
14:10:25.0 (40212180)|VARIABLE_SCOPE_BEGIN|[130]|fieldName|String|false|false
14:10:25.0 (40220206)|VARIABLE_ASSIGNMENT|[130]|fieldName|"Id"
14:10:25.0 (40225995)|STATEMENT_EXECUTE|[130]
14:10:25.0 (40228040)|STATEMENT_EXECUTE|[131]
14:10:25.0 (40251799)|VARIABLE_SCOPE_BEGIN|[131]|field|Object|false|false
14:10:25.0 (40262144)|VARIABLE_ASSIGNMENT|[131]|field|"a005000000ezW4dAAE"
14:10:25.0 (40282099)|STATEMENT_EXECUTE|[136]
14:10:25.0 (40284464)|STATEMENT_EXECUTE|[137]
14:10:25.0 (40292754)|HEAP_ALLOCATE|[137]|Bytes:4
14:10:25.0 (40303981)|VARIABLE_SCOPE_BEGIN|[137]|fieldNames|Set<String>|true|false
14:10:25.0 (40322726)|VARIABLE_ASSIGNMENT|[137]|fieldNames|{"s":1,"v":[]}|0x3abf72fe
14:10:25.0 (40338490)|STATEMENT_EXECUTE|[138]
14:10:25.0 (40368321)|VARIABLE_ASSIGNMENT|[138]|fieldNames|{"s":1,"v":["FollowedUsers__c"]}|0xfa3f231
14:10:25.0 (40373781)|STATEMENT_EXECUTE|[139]
14:10:25.0 (40387529)|HEAP_ALLOCATE|[EXTERNAL]|Bytes:4
14:10:25.0 (40395938)|STATEMENT_EXECUTE|[140]
14:10:25.0 (40418716)|HEAP_ALLOCATE|[130]|Bytes:5
14:10:25.0 (40431322)|VARIABLE_ASSIGNMENT|[130]|fieldName|null
14:10:25.0 (40442402)|METHOD_EXIT|[117]|01p50000002CIEt|ETLC_SecuredDB.findFieldsRecursive(Map<String,Set<String>>, Map<String,ANY>)
14:10:25.0 (40452539)|HEAP_ALLOCATE|[116]|Bytes:5
14:10:25.0 (40467877)|VARIABLE_ASSIGNMENT|[116]|record|null
14:10:25.0 (40474406)|HEAP_ALLOCATE|[119]|Bytes:4
14:10:25.0 (40508707)|HEAP_ALLOCATE|[119]|Bytes:20
14:10:25.0 (40521817)|HEAP_ALLOCATE|[119]|Bytes:4
14:10:25.0 (40539330)|HEAP_ALLOCATE|[119]|Bytes:5
14:10:25.0 (40551083)|VARIABLE_SCOPE_BEGIN|[119]|objectName|String|false|false
14:10:25.0 (40559311)|VARIABLE_ASSIGNMENT|[119]|objectName|"BFFFollow__c"
14:10:25.0 (40565038)|STATEMENT_EXECUTE|[119]
14:10:25.0 (40567077)|STATEMENT_EXECUTE|[120]
14:10:25.0 (40575167)|HEAP_ALLOCATE|[120]|Bytes:2
14:10:25.0 (40635233)|HEAP_ALLOCATE|[120]|Bytes:22
14:10:25.0 (40650807)|HEAP_ALLOCATE|[120]|Bytes:36
14:10:25.0 (40667168)|USER_DEBUG|[120]|DEBUG|BFFFollow__c: {FollowedUsers__c, Id}
14:10:25.0 (40680879)|HEAP_ALLOCATE|[119]|Bytes:5
14:10:25.0 (40693238)|VARIABLE_ASSIGNMENT|[119]|objectName|null
14:10:25.0 (40698504)|STATEMENT_EXECUTE|[122]
14:10:25.0 (40711833)|METHOD_EXIT|[20]|01p50000002CIEt|ETLC_SecuredDB.findFields(List<SObject>)
14:10:25.0 (40730137)|METHOD_ENTRY|[20]|01p50000002CIEt|ETLC_SecuredDB.validate(ETLC_SecuredDB.Operation, Map<String,Set<String>>)
14:10:25.0 (40738437)|VARIABLE_SCOPE_BEGIN|[55]|op|ETLC_SecuredDB.Operation|true|false
14:10:25.0 (40758194)|VARIABLE_ASSIGNMENT|[55]|op|"Querying"|0x7829dbdc
14:10:25.0 (40763039)|VARIABLE_SCOPE_BEGIN|[55]|mapFieldNames|Map<String,Set<String>>|true|false
14:10:25.0 (40781200)|VARIABLE_ASSIGNMENT|[55]|mapFieldNames|{"s":1,"v":{"BFFFollow__c":{"s":2,"v":["FollowedUsers__c","Id"]}}}|0x53b48aba
14:10:25.0 (40790871)|HEAP_ALLOCATE|[56]|Bytes:5
14:10:25.0 (40797555)|STATEMENT_EXECUTE|[55]
14:10:25.0 (40799884)|STATEMENT_EXECUTE|[56]
14:10:25.0 (40808064)|VARIABLE_SCOPE_BEGIN|[56]|securityMessage|String|false|false
14:10:25.0 (40813951)|VARIABLE_ASSIGNMENT|[56]|securityMessage|null
14:10:25.0 (40816896)|STATEMENT_EXECUTE|[57]
14:10:25.0 (63323442)|HEAP_ALLOCATE|[57]|Bytes:1440
14:10:25.0 (63361604)|VARIABLE_SCOPE_BEGIN|[57]|mapObjects|Map<String,Schema.SObjectType>|true|false
14:10:25.0 (63644753)|VARIABLE_ASSIGNMENT|[57]|mapObjects|"{acceptedeventrelation=AcceptedEventRelation, account=Account, accountcontactrole=AccountContactRole, accountfeed=AccountFeed, accounthistory=AccountHistory, accountpartner=AccountPartner, accountshare=AccountShare, actionlinkgrouptemplate=ActionLinkGroupTemplate, actionlinktemplate=ActionLinkTemplate, activityhistory=ActivityHistory, ...}"|0x688b9c92
14:10:25.0 (63660564)|HEAP_ALLOCATE|[58]|Bytes:4
14:10:25.0 (63742551)|HEAP_ALLOCATE|[58]|Bytes:20
14:10:25.0 (63762237)|HEAP_ALLOCATE|[58]|Bytes:4
14:10:25.0 (63789068)|HEAP_ALLOCATE|[58]|Bytes:5
14:10:25.0 (63804919)|VARIABLE_SCOPE_BEGIN|[58]|sObjectName|String|false|false
14:10:25.0 (63815862)|VARIABLE_ASSIGNMENT|[58]|sObjectName|"BFFFollow__c"
14:10:25.0 (63825780)|STATEMENT_EXECUTE|[58]
14:10:25.0 (63829358)|STATEMENT_EXECUTE|[59]
14:10:25.0 (63843632)|HEAP_ALLOCATE|[59]|Bytes:9
14:10:25.0 (63847615)|HEAP_ALLOCATE|[59]|Bytes:7
14:10:25.0 (63903897)|HEAP_ALLOCATE|[59]|Bytes:8
14:10:25.0 (63915909)|HEAP_ALLOCATE|[59]|Bytes:1
14:10:25.0 (63933284)|HEAP_ALLOCATE|[59]|Bytes:37
14:10:25.0 (63947832)|VARIABLE_ASSIGNMENT|[59]|securityMessage|"CRUD on [BFFFollow__ (17 more) ..."
14:10:25.0 (63954340)|STATEMENT_EXECUTE|[60]
14:10:25.0 (63963212)|HEAP_ALLOCATE|[60]|Bytes:10
14:10:25.0 (63971512)|HEAP_ALLOCATE|[60]|Bytes:47
14:10:25.0 (64012748)|USER_DEBUG|[60]|DEBUG|Checking: CRUD on [BFFFollow__c] for [Querying]
14:10:25.0 (64025693)|STATEMENT_EXECUTE|[61]
14:10:25.0 (64333013)|HEAP_ALLOCATE|[61]|Bytes:4
14:10:25.0 (64379078)|VARIABLE_SCOPE_BEGIN|[61]|drSObj|Schema.DescribeSObjectResult|true|false
14:10:25.0 (64463729)|VARIABLE_ASSIGNMENT|[61]|drSObj|"common.api.soap.wsdl.DescribeSObjectResult@a54f9caa"|0x5b058f06
14:10:25.0 (64614992)|STATEMENT_EXECUTE|[64]
14:10:25.0 (64643553)|STATEMENT_EXECUTE|[65]
14:10:25.0 (64703737)|STATEMENT_EXECUTE|[77]
14:10:25.0 (64707152)|STATEMENT_EXECUTE|[79]
14:10:25.0 (65004644)|HEAP_ALLOCATE|[79]|Bytes:56
14:10:25.0 (65021689)|VARIABLE_SCOPE_BEGIN|[79]|mapFields|Map<String,Schema.SObjectField>|true|false
14:10:25.0 (65269073)|VARIABLE_ASSIGNMENT|[79]|mapFields|"{createdbyid=CreatedById, createddate=CreatedDate, followedby__c=FollowedBy__c, followedusers__c=FollowedUsers__c, id=Id, isdeleted=IsDeleted, lastmodifiedbyid=LastModifiedById, lastmodifieddate=LastModifiedDate, lastreferenceddate=LastReferencedDate, lastvieweddate=LastViewedDate, ...}"|0x680b3581
14:10:25.0 (65283241)|HEAP_ALLOCATE|[80]|Bytes:4
14:10:25.0 (65350235)|HEAP_ALLOCATE|[80]|Bytes:8
14:10:25.0 (65384997)|HEAP_ALLOCATE|[80]|Bytes:5
14:10:25.0 (65407737)|VARIABLE_SCOPE_BEGIN|[80]|fieldName|String|false|false
14:10:25.0 (65421506)|VARIABLE_ASSIGNMENT|[80]|fieldName|"FollowedUsers__c"
14:10:25.0 (65430831)|STATEMENT_EXECUTE|[80]
14:10:25.0 (65434845)|STATEMENT_EXECUTE|[81]
14:10:25.0 (66467542)|HEAP_ALLOCATE|[81]|Bytes:8
14:10:25.0 (66526422)|VARIABLE_SCOPE_BEGIN|[81]|drField|Schema.DescribeFieldResult|true|false
14:10:25.0 (66633788)|VARIABLE_ASSIGNMENT|[81]|drField|"common.api.soap.wsdl.Field@270d4fb0"|0x41e8a33f
14:10:25.0 (66668678)|STATEMENT_EXECUTE|[82]
14:10:25.0 (66674591)|STATEMENT_EXECUTE|[83]
14:10:25.0 (66689213)|HEAP_ALLOCATE|[83]|Bytes:8
14:10:25.0 (66696832)|HEAP_ALLOCATE|[83]|Bytes:1
14:10:25.0 (66765561)|HEAP_ALLOCATE|[83]|Bytes:8
14:10:25.0 (66801857)|HEAP_ALLOCATE|[83]|Bytes:52
14:10:25.0 (66816077)|HEAP_ALLOCATE|[83]|Bytes:53
14:10:25.0 (66834067)|VARIABLE_ASSIGNMENT|[83]|securityMessage|"FLS on [BFFFollow__c (33 more) ..."
14:10:25.0 (66843311)|STATEMENT_EXECUTE|[84]
14:10:25.0 (66861761)|HEAP_ALLOCATE|[84]|Bytes:63
14:10:25.0 (66915363)|USER_DEBUG|[84]|DEBUG|Checking: FLS on [BFFFollow__c.FollowedUsers__c] for [Querying]
14:10:25.0 (67079315)|STATEMENT_EXECUTE|[87]
14:10:25.0 (67108972)|STATEMENT_EXECUTE|[88]
14:10:25.0 (67136534)|HEAP_ALLOCATE|[80]|Bytes:5
14:10:25.0 (67161262)|VARIABLE_SCOPE_BEGIN|[80]|fieldName|String|false|false
14:10:25.0 (67174707)|VARIABLE_ASSIGNMENT|[80]|fieldName|"Id"
14:10:25.0 (67182947)|STATEMENT_EXECUTE|[80]
14:10:25.0 (67186721)|STATEMENT_EXECUTE|[81]
14:10:25.0 (67392561)|HEAP_ALLOCATE|[81]|Bytes:8
14:10:25.0 (67405004)|VARIABLE_SCOPE_BEGIN|[81]|drField|Schema.DescribeFieldResult|true|false
14:10:25.0 (67478064)|VARIABLE_ASSIGNMENT|[81]|drField|"common.api.soap.wsdl.Field@e491bca0"|0x15249d65
14:10:25.0 (67494271)|STATEMENT_EXECUTE|[99]
14:10:25.0 (67496991)|STATEMENT_EXECUTE|[100]
14:10:25.0 (67506346)|HEAP_ALLOCATE|[100]|Bytes:22
14:10:25.0 (67548709)|HEAP_ALLOCATE|[100]|Bytes:8
14:10:25.0 (67564478)|HEAP_ALLOCATE|[100]|Bytes:52
14:10:25.0 (67568500)|HEAP_ALLOCATE|[100]|Bytes:35
14:10:25.0 (67578879)|HEAP_ALLOCATE|[100]|Bytes:87
14:10:25.0 (67593484)|USER_DEBUG|[100]|DEBUG|Bypass Check: FLS on [BFFFollow__c.Id] for [Querying] since it's not isPermissionable()
14:10:25.0 (67610639)|HEAP_ALLOCATE|[80]|Bytes:5
14:10:25.0 (67626590)|VARIABLE_ASSIGNMENT|[80]|fieldName|null
14:10:25.0 (67636882)|HEAP_ALLOCATE|[58]|Bytes:5
14:10:25.0 (67646090)|VARIABLE_ASSIGNMENT|[58]|sObjectName|null
14:10:25.0 (67660762)|METHOD_EXIT|[20]|01p50000002CIEt|ETLC_SecuredDB.validate(ETLC_SecuredDB.Operation, Map<String,Set<String>>)
14:10:25.0 (67668280)|STATEMENT_EXECUTE|[21]
14:10:25.0 (67682052)|METHOD_EXIT|[28]|01p50000002CIEt|ETLC_SecuredDB.query(String)
14:10:25.0 (67687618)|VARIABLE_SCOPE_BEGIN|[28]|dbRecords|List<SObject>|true|false
14:10:25.0 (67726913)|VARIABLE_ASSIGNMENT|[28]|dbRecords|{"s":1,"v":[{"s":2,"v":{"FollowedUsers__c":"[{\"id\":\"00550000005c (85 more) ...","Id":"a005000000ezW4dAAE"}}]}|0x6de91c2d
14:10:25.0 (67737699)|STATEMENT_EXECUTE|[29]
14:10:25.0 (67739822)|STATEMENT_EXECUTE|[29]
14:10:25.0 (67818829)|USER_DEBUG|[29]|DEBUG|(BFFFollow__c:{FollowedUsers__c=[{"id":"00550000005cg71AAA","name":"Jaswinder Rattanpal"},{"id":"00550000005d7KnAAI","name":"Test User"}], Id=a005000000ezW4dAAE})
14:10:25.0 (67892259)|STATEMENT_EXECUTE|[30]
14:10:25.0 (67899193)|STATEMENT_EXECUTE|[31]
14:10:25.0 (67900922)|STATEMENT_EXECUTE|[32]
14:10:25.0 (67909483)|HEAP_ALLOCATE|[32]|Bytes:18
14:10:25.0 (67920745)|HEAP_ALLOCATE|[32]|Bytes:12
14:10:25.0 (67926069)|HEAP_ALLOCATE|[32]|Bytes:16
14:10:25.0 (67996122)|HEAP_ALLOCATE|[32]|Bytes:105
14:10:25.0 (68016928)|HEAP_ALLOCATE|[32]|Bytes:105
14:10:25.0 (68027323)|HEAP_ALLOCATE|[32]|Bytes:123
14:10:25.0 (68040923)|USER_DEBUG|[32]|DEBUG|FollowedUsers__c::[{"id":"00550000005cg71AAA","name":"Jaswinder Rattanpal"},{"id":"00550000005d7KnAAI","name":"Test User"}]
14:10:25.0 (68049438)|STATEMENT_EXECUTE|[34]
14:10:25.0 (68066176)|HEAP_ALLOCATE|[34]|Bytes:12
14:10:25.0 (68121290)|HEAP_ALLOCATE|[34]|Bytes:105
14:10:25.0 (68140757)|METHOD_EXIT|[10]|01p50000002D8iw|BFFFollow_Controller.fetchFollowedUsers(Id)
14:10:25.0 (68230765)|VARIABLE_ASSIGNMENT|[EXTERNAL]|this|{"debug":true,"input":"{\"mode\":\"fetchFollow (9 more) ...","operation":"BFFFollow_Controller"}|0x1f8860cd
14:10:25.0 (68244016)|VARIABLE_ASSIGNMENT|[EXTERNAL]|value|"[{\"id\":\"00550000005c (85 more) ..."
14:10:25.0 (68259513)|VARIABLE_ASSIGNMENT|[12]|this.output|"[{\"id\":\"00550000005c (85 more) ..."|0x1f8860cd
14:10:25.0 (68270692)|STATEMENT_EXECUTE|[11]
14:10:25.0 (68338879)|VARIABLE_ASSIGNMENT|[EXTERNAL]|this|{"debug":true,"input":"{\"mode\":\"fetchFollow (9 more) ...","operation":"BFFFollow_Controller","output":"[{\"id\":\"00550000005c (85 more) ..."}|0x1f8860cd
14:10:25.0 (68404748)|VARIABLE_ASSIGNMENT|[EXTERNAL]|this|{"debug":true,"input":"{\"mode\":\"fetchFollow (9 more) ...","operation":"BFFFollow_Controller","output":"[{\"id\":\"00550000005c (85 more) ..."}|0x1f8860cd
14:10:25.0 (68414925)|VARIABLE_ASSIGNMENT|[EXTERNAL]|value|true
14:10:25.0 (68420557)|HEAP_ALLOCATE|[15]|Bytes:5
14:10:25.0 (68429076)|VARIABLE_ASSIGNMENT|[15]|this.outputFlag|true|0x1f8860cd
14:10:25.0 (68442454)|STATEMENT_EXECUTE|[19]
14:10:25.0 (68445475)|STATEMENT_EXECUTE|[19]
14:10:25.0 (68454146)|HEAP_ALLOCATE|[19]|Bytes:11
14:10:25.0 (68523824)|HEAP_ALLOCATE|[19]|Bytes:278
14:10:25.0 (68550552)|HEAP_ALLOCATE|[19]|Bytes:289
14:10:25.0 (68574044)|USER_DEBUG|[19]|DEBUG|data AFTER:ETLC_ApexBridge_Data:[debug=true, input={"mode":"fetchFollowedUsers"}, isSuccess=null, messages=null, operation=BFFFollow_Controller, output=[{"id":"00550000005cg71AAA","name":"Jaswinder Rattanpal"},{"id":"00550000005d7KnAAI","name":"Test User"}], outputFlag=true, records=null]
14:10:25.0 (68599232)|METHOD_EXIT|[9]|01p50000002D8iw|BFFFollow_Controller.process(ETLC_ApexBridge_Data)
14:10:25.0 (68610355)|STATEMENT_EXECUTE|[24]
14:10:25.0 (68641156)|METHOD_ENTRY|[24]|01p50000002CIEo|ETLC_ApexBridge_Data.toJSON()
14:10:25.0 (68672982)|VARIABLE_SCOPE_BEGIN|[57]|this|ETLC_ApexBridge_Data|true|false
14:10:25.0 (68723918)|VARIABLE_ASSIGNMENT|[57]|this|{"debug":true,"input":"{\"mode\":\"fetchFollow (9 more) ...","operation":"BFFFollow_Controller","output":"[{\"id\":\"00550000005c (85 more) ...","outputFlag":true}|0x1f8860cd
14:10:25.0 (68736833)|STATEMENT_EXECUTE|[57]
14:10:25.0 (68741183)|STATEMENT_EXECUTE|[58]
14:10:25.0 (68763258)|METHOD_ENTRY|[58]||System.JSON.serialize(Object)
14:10:25.0 (68873662)|STATEMENT_EXECUTE|[22]
14:10:25.0 (68884035)|STATEMENT_EXECUTE|[23]
14:10:25.0 (68899049)|HEAP_ALLOCATE|[23]|Bytes:5
14:10:25.0 (68916956)|VARIABLE_ASSIGNMENT|[23]|this.isSuccess|true|0x1f8860cd
14:10:25.0 (68924224)|STATEMENT_EXECUTE|[24]
14:10:25.0 (68994364)|STATEMENT_EXECUTE|[31]
14:10:25.0 (69002778)|STATEMENT_EXECUTE|[32]
14:10:25.0 (69017000)|HEAP_ALLOCATE|[32]|Bytes:4
14:10:25.0 (69108897)|VARIABLE_ASSIGNMENT|[32]|this.messages|{"s":1,"v":{}}|0x1f8860cd
14:10:25.0 (69119076)|STATEMENT_EXECUTE|[33]
14:10:25.0 (69535746)|METHOD_EXIT|[58]||System.JSON.serialize(Object)
14:10:25.0 (69545685)|METHOD_EXIT|[24]|01p50000002CIEo|ETLC_ApexBridge_Data.toJSON()
14:10:25.0 (69560494)|SYSTEM_MODE_EXIT|false
14:10:25.69 (69613897)|CUMULATIVE_LIMIT_USAGE
14:10:25.69 (69613897)|LIMIT_USAGE_FOR_NS|(default)|
  Number of SOQL queries: 1 out of 100
  Number of query rows: 1 out of 50000
  Number of SOSL queries: 0 out of 20
  Number of DML statements: 0 out of 150
  Number of DML rows: 0 out of 10000
  Maximum CPU time: 0 out of 10000
  Maximum heap size: 0 out of 6000000
  Number of callouts: 0 out of 100
  Number of Email Invocations: 0 out of 10
  Number of future calls: 0 out of 50
  Number of queueable jobs added to the queue: 0 out of 50
  Number of Mobile Apex push calls: 0 out of 10

14:10:25.69 (69613897)|CUMULATIVE_LIMIT_USAGE_END

14:10:25.0 (69686483)|CODE_UNIT_FINISHED|ETLC_ApexBridge_Controller.execute
