37.0 APEX_CODE,FINEST;APEX_PROFILING,INFO;CALLOUT,INFO;DB,INFO;SYSTEM,DEBUG;VALIDATION,INFO;VISUALFORCE,INFO;WORKFLOW,INFO
13:32:45.0 (663523)|USER_INFO|[EXTERNAL]|00550000005cg71|bfffollow@jr.te|Eastern Standard Time|GMT-04:00
13:32:45.0 (712680)|EXECUTION_STARTED
13:32:45.0 (724723)|CODE_UNIT_STARTED|[EXTERNAL]|aura
13:32:45.0 (1359734)|HEAP_ALLOCATE|[72]|Bytes:3
13:32:45.0 (1447662)|HEAP_ALLOCATE|[77]|Bytes:152
13:32:45.0 (1472248)|HEAP_ALLOCATE|[342]|Bytes:408
13:32:45.0 (1504421)|HEAP_ALLOCATE|[355]|Bytes:408
13:32:45.0 (1535079)|HEAP_ALLOCATE|[467]|Bytes:48
13:32:45.0 (1635807)|HEAP_ALLOCATE|[139]|Bytes:6
13:32:45.0 (1672621)|HEAP_ALLOCATE|[EXTERNAL]|Bytes:93
13:32:45.0 (1720855)|HEAP_ALLOCATE|[EXTERNAL]|Bytes:93
13:32:45.0 (3123770)|CODE_UNIT_STARTED|[EXTERNAL]|01p50000002CIEm|ETLC_ApexBridge_Controller.execute
13:32:45.0 (3878946)|HEAP_ALLOCATE|[EXTERNAL]|Bytes:1
13:32:45.0 (3890921)|HEAP_ALLOCATE|[EXTERNAL]|Bytes:10
13:32:45.0 (3951779)|METHOD_ENTRY|[1]|01p50000002CIEm|ETLC_ApexBridge_Controller.ETLC_ApexBridge_Controller()
13:32:45.0 (3959549)|STATEMENT_EXECUTE|[1]
13:32:45.0 (3968549)|STATEMENT_EXECUTE|[1]
13:32:45.0 (4004201)|METHOD_EXIT|[1]|ETLC_ApexBridge_Controller
13:32:45.0 (4016839)|HEAP_ALLOCATE|[EXTERNAL]|Bytes:93
13:32:45.0 (4057746)|SYSTEM_MODE_ENTER|false
13:32:45.0 (4211370)|VARIABLE_SCOPE_BEGIN|[3]|dataJson|String|false|false
13:32:45.0 (4365956)|VARIABLE_ASSIGNMENT|[3]|dataJson|"{\"operation\":\"BFFFol (73 more) ..."
13:32:45.0 (4386592)|STATEMENT_EXECUTE|[3]
13:32:45.0 (4390280)|STATEMENT_EXECUTE|[4]
13:32:45.0 (7094260)|VARIABLE_SCOPE_BEGIN|[4]|data|ETLC_ApexBridge_Data|true|false
13:32:45.0 (7123787)|VARIABLE_ASSIGNMENT|[4]|data|null|
13:32:45.0 (7131147)|STATEMENT_EXECUTE|[5]
13:32:45.0 (7134617)|STATEMENT_EXECUTE|[5]
13:32:45.0 (7136293)|STATEMENT_EXECUTE|[6]
13:32:45.0 (7162235)|HEAP_ALLOCATE|[6]|Bytes:11
13:32:45.0 (7186282)|HEAP_ALLOCATE|[6]|Bytes:248
13:32:45.0 (7194281)|HEAP_ALLOCATE|[6]|Bytes:39
13:32:45.0 (7262023)|METHOD_ENTRY|[2]|01p50000002CIEo|ETLC_ApexBridge_Data.ETLC_ApexBridge_Data()
13:32:45.0 (7269353)|STATEMENT_EXECUTE|[2]
13:32:45.0 (7276981)|STATEMENT_EXECUTE|[2]
13:32:45.0 (7289311)|METHOD_EXIT|[2]|ETLC_ApexBridge_Data
13:32:45.0 (7394777)|METHOD_ENTRY|[6]|01p50000002CIEo|ETLC_ApexBridge_Data.fromJSON(String)
13:32:45.0 (7445159)|VARIABLE_SCOPE_BEGIN|[60]|strJson|String|false|false
13:32:45.0 (7467090)|VARIABLE_ASSIGNMENT|[60]|strJson|"{\"operation\":\"BFFFol (73 more) ..."
13:32:45.0 (7474576)|STATEMENT_EXECUTE|[60]
13:32:45.0 (7477137)|STATEMENT_EXECUTE|[61]
13:32:45.0 (7490014)|HEAP_ALLOCATE|[61]|Bytes:20
13:32:45.0 (7524761)|HEAP_ALLOCATE|[50]|Bytes:5
13:32:45.0 (7565949)|HEAP_ALLOCATE|[56]|Bytes:5
13:32:45.0 (7586892)|HEAP_ALLOCATE|[64]|Bytes:7
13:32:45.0 (7748322)|HEAP_ALLOCATE|[61]|Bytes:24
13:32:45.0 (7768973)|SYSTEM_METHOD_ENTRY|[1]|Type.Type()
13:32:45.0 (7774562)|STATEMENT_EXECUTE|[1]
13:32:45.0 (7791836)|SYSTEM_METHOD_EXIT|[1]|Type
13:32:45.0 (7800646)|HEAP_ALLOCATE|[61]|Bytes:8
13:32:45.0 (7843060)|HEAP_ALLOCATE|[61]|Bytes:8
13:32:45.0 (7854074)|VARIABLE_SCOPE_BEGIN|[4]|this|System.Type|true|false
13:32:45.0 (7906889)|VARIABLE_ASSIGNMENT|[4]|this|{}|0x603fffd8
13:32:45.0 (7914700)|VARIABLE_SCOPE_BEGIN|[4]|apextype|java:common.apex.runtime.ApexObjectType|true|false
13:32:45.0 (8180684)|VARIABLE_ASSIGNMENT|[4]|apextype|"ETLC_ApexBridge_Data"|0x7b91cd20
13:32:45.0 (8284078)|HEAP_ALLOCATE|[61]|Bytes:8
13:32:45.0 (8340848)|HEAP_ALLOCATE|[61]|Bytes:24
13:32:45.0 (8359449)|SYSTEM_METHOD_ENTRY|[1]|JSON.JSON()
13:32:45.0 (8364208)|STATEMENT_EXECUTE|[1]
13:32:45.0 (8378047)|SYSTEM_METHOD_EXIT|[1]|JSON
13:32:45.0 (8407110)|METHOD_ENTRY|[61]||System.JSON.deserializeStrict(String, System.Type)
13:32:45.0 (9449044)|METHOD_EXIT|[61]||System.JSON.deserializeStrict(String, System.Type)
13:32:45.0 (9468572)|METHOD_EXIT|[6]|01p50000002CIEo|ETLC_ApexBridge_Data.fromJSON(String)
13:32:45.0 (9582049)|VARIABLE_ASSIGNMENT|[6]|data|{"debug":true,"input":"{\"mode\":\"fetchFollow (9 more) ...","operation":"BFFFollow_Controller"}|0x55c1546d
13:32:45.0 (9590628)|STATEMENT_EXECUTE|[7]
13:32:45.0 (9607709)|HEAP_ALLOCATE|[7]|Bytes:6
13:32:45.0 (9722631)|HEAP_ALLOCATE|[7]|Bytes:177
13:32:45.0 (9758053)|HEAP_ALLOCATE|[7]|Bytes:183
13:32:45.0 (9826274)|USER_DEBUG|[7]|DEBUG|data::ETLC_ApexBridge_Data:[debug=true, input={"mode":"fetchFollowedUsers"}, isSuccess=null, messages=null, operation=BFFFollow_Controller, output=null, outputFlag=null, records=null]
13:32:45.0 (9842140)|STATEMENT_EXECUTE|[8]
13:32:45.0 (9934799)|VARIABLE_ASSIGNMENT|[EXTERNAL]|this|{"debug":true,"input":"{\"mode\":\"fetchFollow (9 more) ...","operation":"BFFFollow_Controller"}|0x55c1546d
13:32:45.0 (9966765)|METHOD_ENTRY|[8]||System.Type.forName(String)
13:32:45.0 (13876852)|METHOD_EXIT|[8]||System.Type.forName(String)
13:32:45.0 (13903765)|METHOD_ENTRY|[8]||System.Type.newInstance()
13:32:45.0 (16396013)|STATEMENT_EXECUTE|[1]
13:32:45.0 (16420022)|HEAP_ALLOCATE|[33]|Bytes:5
13:32:45.0 (16451832)|METHOD_EXIT|[1]|BFFFollow_Controller
13:32:45.0 (16485767)|HEAP_ALLOCATE|[33]|Bytes:4
13:32:45.0 (16503433)|VARIABLE_SCOPE_BEGIN|[1]|this|BFFFollow_Controller|true|false
13:32:45.0 (16553068)|VARIABLE_ASSIGNMENT|[1]|this|{}|0x286681b7
13:32:45.0 (16566274)|HEAP_ALLOCATE|[33]|Bytes:5
13:32:45.0 (16580194)|HEAP_ALLOCATE|[33]|Bytes:11
13:32:45.0 (16609800)|METHOD_ENTRY|[1]|01p50000002CIEj|ETLC_ApexBridge_Abstract.ETLC_ApexBridge_Abstract()
13:32:45.0 (16615783)|STATEMENT_EXECUTE|[1]
13:32:45.0 (16622970)|STATEMENT_EXECUTE|[1]
13:32:45.0 (16632476)|METHOD_EXIT|[1]|ETLC_ApexBridge_Abstract
13:32:45.0 (16652191)|CONSTRUCTOR_ENTRY|[EXTERNAL]|01p50000002CIEj|<init>()
13:32:45.0 (16695070)|VARIABLE_SCOPE_BEGIN|[1]|this|ETLC_ApexBridge_Abstract|true|false
13:32:45.0 (16721477)|VARIABLE_ASSIGNMENT|[1]|this|{}|0x286681b7
13:32:45.0 (16756520)|STATEMENT_EXECUTE|[1]
13:32:45.0 (16769151)|CONSTRUCTOR_EXIT|[EXTERNAL]|01p50000002CIEj|<init>()
13:32:45.0 (16778017)|STATEMENT_EXECUTE|[1]
13:32:45.0 (16786687)|HEAP_ALLOCATE|[33]|Bytes:5
13:32:45.0 (16820300)|METHOD_EXIT|[8]||System.Type.newInstance()
13:32:45.0 (16835779)|VARIABLE_SCOPE_BEGIN|[8]|executor|ETLC_ApexBridge_Abstract|true|false
13:32:45.0 (16859616)|VARIABLE_ASSIGNMENT|[8]|executor|{}|0x286681b7
13:32:45.0 (16865231)|STATEMENT_EXECUTE|[9]
13:32:45.0 (16947453)|METHOD_ENTRY|[9]|01p50000002D8iw|BFFFollow_Controller.process(ETLC_ApexBridge_Data)
13:32:45.0 (16990453)|VARIABLE_SCOPE_BEGIN|[3]|this|BFFFollow_Controller|true|false
13:32:45.0 (17015412)|VARIABLE_ASSIGNMENT|[3]|this|{}|0x286681b7
13:32:45.0 (17027254)|VARIABLE_SCOPE_BEGIN|[3]|data|ETLC_ApexBridge_Data|true|false
13:32:45.0 (17091972)|VARIABLE_ASSIGNMENT|[3]|data|{"debug":true,"input":"{\"mode\":\"fetchFollow (9 more) ...","operation":"BFFFollow_Controller"}|0x55c1546d
13:32:45.0 (17108228)|HEAP_ALLOCATE|[4]|Bytes:5
13:32:45.0 (17115122)|STATEMENT_EXECUTE|[3]
13:32:45.0 (17116927)|STATEMENT_EXECUTE|[4]
13:32:45.0 (17226954)|VARIABLE_ASSIGNMENT|[EXTERNAL]|this|{"debug":true,"input":"{\"mode\":\"fetchFollow (9 more) ...","operation":"BFFFollow_Controller"}|0x55c1546d
13:32:45.0 (17278885)|VARIABLE_ASSIGNMENT|[4]|BFFFollow_Controller.debugFlag|true
13:32:45.0 (17333864)|VARIABLE_ASSIGNMENT|[EXTERNAL]|this|{"debug":true,"input":"{\"mode\":\"fetchFollow (9 more) ...","operation":"BFFFollow_Controller"}|0x55c1546d
13:32:45.0 (17355146)|STATEMENT_EXECUTE|[5]
13:32:45.0 (17365783)|HEAP_ALLOCATE|[5]|Bytes:12
13:32:45.0 (17431277)|HEAP_ALLOCATE|[5]|Bytes:177
13:32:45.0 (17462770)|HEAP_ALLOCATE|[5]|Bytes:189
13:32:45.0 (17487934)|USER_DEBUG|[5]|DEBUG|data BEFORE:ETLC_ApexBridge_Data:[debug=true, input={"mode":"fetchFollowedUsers"}, isSuccess=null, messages=null, operation=BFFFollow_Controller, output=null, outputFlag=null, records=null]
13:32:45.0 (17498558)|STATEMENT_EXECUTE|[7]
13:32:45.0 (17510815)|HEAP_ALLOCATE|[7]|Bytes:4
13:32:45.0 (17552568)|METHOD_ENTRY|[7]|01p50000002CIEo|ETLC_ApexBridge_Data.getInputValue(String)
13:32:45.0 (17590778)|VARIABLE_SCOPE_BEGIN|[52]|this|ETLC_ApexBridge_Data|true|false
13:32:45.0 (17638118)|VARIABLE_ASSIGNMENT|[52]|this|{"debug":true,"input":"{\"mode\":\"fetchFollow (9 more) ...","operation":"BFFFollow_Controller"}|0x55c1546d
13:32:45.0 (17648305)|VARIABLE_SCOPE_BEGIN|[52]|key|String|false|false
13:32:45.0 (17653859)|VARIABLE_ASSIGNMENT|[52]|key|"mode"
13:32:45.0 (17658242)|STATEMENT_EXECUTE|[52]
13:32:45.0 (17659755)|STATEMENT_EXECUTE|[53]
13:32:45.0 (17726802)|VARIABLE_ASSIGNMENT|[EXTERNAL]|this|{"debug":true,"input":"{\"mode\":\"fetchFollow (9 more) ...","operation":"BFFFollow_Controller"}|0x55c1546d
13:32:45.0 (17757158)|METHOD_ENTRY|[53]||System.JSON.deserializeUntyped(String)
13:32:45.0 (18100720)|METHOD_EXIT|[53]||System.JSON.deserializeUntyped(String)
13:32:45.0 (18115114)|VARIABLE_SCOPE_BEGIN|[53]|inputMap|Map<String,ANY>|true|false
13:32:45.0 (18149048)|VARIABLE_ASSIGNMENT|[53]|inputMap|{"s":1,"v":{"mode":"fetchFollowedUsers"}}|0x2a84a387
13:32:45.0 (18154855)|STATEMENT_EXECUTE|[54]
13:32:45.0 (18233139)|METHOD_EXIT|[7]|01p50000002CIEo|ETLC_ApexBridge_Data.getInputValue(String)
13:32:45.0 (18242294)|VARIABLE_SCOPE_BEGIN|[7]|mode|String|false|false
13:32:45.0 (18253490)|VARIABLE_ASSIGNMENT|[7]|mode|"fetchFollowedUsers"
13:32:45.0 (18260378)|HEAP_ALLOCATE|[9]|Bytes:18
13:32:45.0 (18295671)|STATEMENT_EXECUTE|[9]
13:32:45.0 (18298714)|STATEMENT_EXECUTE|[10]
13:32:45.0 (18392103)|HEAP_ALLOCATE|[10]|Bytes:85
13:32:45.0 (18414315)|SYSTEM_METHOD_ENTRY|[1]|UserInfo.UserInfo()
13:32:45.0 (18419235)|STATEMENT_EXECUTE|[1]
13:32:45.0 (18432571)|SYSTEM_METHOD_EXIT|[1]|UserInfo
13:32:45.0 (18457380)|METHOD_ENTRY|[10]||System.UserInfo.getUserId()
13:32:45.0 (18514901)|METHOD_EXIT|[10]||System.UserInfo.getUserId()
13:32:45.0 (18537987)|HEAP_ALLOCATE|[10]|Bytes:4
13:32:45.0 (18564640)|METHOD_ENTRY|[10]|01p50000002D8iw|BFFFollow_Controller.fetchFollowedUsers(Id)
13:32:45.0 (18578497)|VARIABLE_SCOPE_BEGIN|[24]|this|BFFFollow_Controller|true|false
13:32:45.0 (18601915)|VARIABLE_ASSIGNMENT|[24]|this|{}|0x286681b7
13:32:45.0 (18611574)|VARIABLE_SCOPE_BEGIN|[24]|followedById|Id|false|false
13:32:45.0 (18827034)|VARIABLE_ASSIGNMENT|[24]|followedById|"00550000005cg71AAA"
13:32:45.0 (18842668)|HEAP_ALLOCATE|[25]|Bytes:5
13:32:45.0 (18848624)|STATEMENT_EXECUTE|[24]
13:32:45.0 (18850794)|STATEMENT_EXECUTE|[25]
13:32:45.0 (18862437)|HEAP_ALLOCATE|[25]|Bytes:63
13:32:45.0 (18922234)|HEAP_ALLOCATE|[25]|Bytes:18
13:32:45.0 (18942245)|HEAP_ALLOCATE|[25]|Bytes:9
13:32:45.0 (18961668)|HEAP_ALLOCATE|[25]|Bytes:90
13:32:45.0 (18969987)|VARIABLE_SCOPE_BEGIN|[25]|soql|String|false|false
13:32:45.0 (18984446)|VARIABLE_ASSIGNMENT|[25]|soql|"SELECT FollowedUsers (70 more) ..."
13:32:45.0 (18990301)|STATEMENT_EXECUTE|[26]
13:32:45.0 (18992602)|STATEMENT_EXECUTE|[26]
13:32:45.0 (19001683)|STATEMENT_EXECUTE|[27]
13:32:45.0 (19005119)|STATEMENT_EXECUTE|[27]
13:32:45.0 (19017588)|HEAP_ALLOCATE|[27]|Bytes:24
13:32:45.0 (19030490)|HEAP_ALLOCATE|[27]|Bytes:114
13:32:45.0 (19074162)|USER_DEBUG|[27]|DEBUG|fetchFollowedUsers:soql:SELECT FollowedUsers__c FROM BFFFollow__c WHERE FollowedBy__c='00550000005cg71AAA' limit 1
13:32:45.0 (19088320)|STATEMENT_EXECUTE|[28]
13:32:45.0 (23681893)|HEAP_ALLOCATE|[28]|Bytes:9
13:32:45.0 (23699798)|HEAP_ALLOCATE|[28]|Bytes:29
13:32:45.0 (23706231)|HEAP_ALLOCATE|[28]|Bytes:21
13:32:45.0 (23751799)|METHOD_ENTRY|[7]|01p50000002CIEt|ETLC_SecuredDB.ETLC_SecuredDB()
13:32:45.0 (23759996)|STATEMENT_EXECUTE|[7]
13:32:45.0 (23769572)|STATEMENT_EXECUTE|[7]
13:32:45.0 (23780132)|HEAP_ALLOCATE|[28]|Bytes:5
13:32:45.0 (23798672)|METHOD_EXIT|[7]|ETLC_SecuredDB
13:32:45.0 (23861302)|METHOD_ENTRY|[28]|01p50000002CIEt|ETLC_SecuredDB.query(String)
13:32:45.0 (23910884)|VARIABLE_SCOPE_BEGIN|[10]|SOQL|String|false|false
13:32:45.0 (23940364)|VARIABLE_ASSIGNMENT|[10]|SOQL|"SELECT FollowedUsers (70 more) ..."
13:32:45.0 (23953377)|HEAP_ALLOCATE|[12]|Bytes:5
13:32:45.0 (23960735)|STATEMENT_EXECUTE|[10]
13:32:45.0 (23964028)|STATEMENT_EXECUTE|[12]
13:32:45.0 (25640638)|SOQL_EXECUTE_BEGIN|[12]|Aggregations:0|SELECT FollowedUsers__c FROM BFFFollow__c WHERE FollowedBy__c='00550000005cg71AAA' limit 1
13:32:45.0 (30147673)|SOQL_EXECUTE_END|[12]|Rows:1
13:32:45.0 (30195078)|HEAP_ALLOCATE|[12]|Bytes:8
13:32:45.0 (30216187)|HEAP_ALLOCATE|[12]|Bytes:158
13:32:45.0 (30340504)|HEAP_ALLOCATE|[12]|Bytes:8
13:32:45.0 (30377323)|VARIABLE_SCOPE_BEGIN|[12]|dbRecords|List<SObject>|true|false
13:32:45.0 (30456994)|VARIABLE_ASSIGNMENT|[12]|dbRecords|{"s":1,"v":[{"s":2,"v":{"FollowedUsers__c":"[{\"id\":\"00550000005c (85 more) ...","Id":"a005000000ezW4dAAE"}}]}|0x64ea5026
13:32:45.0 (30465730)|STATEMENT_EXECUTE|[20]
13:32:45.0 (30986498)|HEAP_ALLOCATE|[20]|Bytes:12
13:32:45.0 (30998302)|HEAP_ALLOCATE|[20]|Bytes:8
13:32:45.0 (31098392)|HEAP_ALLOCATE|[20]|Bytes:12
13:32:45.0 (31109992)|HEAP_ALLOCATE|[20]|Bytes:9
13:32:45.0 (31136658)|HEAP_ALLOCATE|[20]|Bytes:12
13:32:45.0 (31145763)|HEAP_ALLOCATE|[20]|Bytes:8
13:32:45.0 (31176740)|HEAP_ALLOCATE|[20]|Bytes:12
13:32:45.0 (31186230)|HEAP_ALLOCATE|[20]|Bytes:8
13:32:45.0 (31211210)|HEAP_ALLOCATE|[20]|Bytes:12
13:32:45.0 (31220412)|HEAP_ALLOCATE|[20]|Bytes:9
13:32:45.0 (31283815)|METHOD_ENTRY|[20]|01p50000002CIEt|ETLC_SecuredDB.findFields(List<SObject>)
13:32:45.0 (31343595)|VARIABLE_SCOPE_BEGIN|[108]|dbRecords|List<SObject>|true|false
13:32:45.0 (31381564)|VARIABLE_ASSIGNMENT|[108]|dbRecords|{"s":1,"v":[{"s":2,"v":{"FollowedUsers__c":"[{\"id\":\"00550000005c (85 more) ...","Id":"a005000000ezW4dAAE"}}]}|0x64ea5026
13:32:45.0 (31398668)|HEAP_ALLOCATE|[109]|Bytes:5
13:32:45.0 (31406112)|STATEMENT_EXECUTE|[108]
13:32:45.0 (31408667)|STATEMENT_EXECUTE|[109]
13:32:45.0 (31423277)|VARIABLE_SCOPE_BEGIN|[109]|strJSON|String|false|false
13:32:45.0 (31435529)|VARIABLE_ASSIGNMENT|[109]|strJSON|null
13:32:45.0 (31439950)|STATEMENT_EXECUTE|[110]
13:32:45.0 (31452663)|VARIABLE_SCOPE_BEGIN|[110]|mapFields|Map<String,Set<String>>|true|false
13:32:45.0 (31464306)|VARIABLE_ASSIGNMENT|[110]|mapFields|null|
13:32:45.0 (31467859)|STATEMENT_EXECUTE|[112]
13:32:45.0 (31493812)|METHOD_ENTRY|[112]||System.JSON.serialize(Object)
13:32:45.0 (32316590)|METHOD_EXIT|[112]||System.JSON.serialize(Object)
13:32:45.0 (32339254)|VARIABLE_ASSIGNMENT|[112]|strJSON|"[{\"attributes\":{\"typ (259 more) ..."
13:32:45.0 (32345380)|STATEMENT_EXECUTE|[113]
13:32:45.0 (32358112)|HEAP_ALLOCATE|[113]|Bytes:5
13:32:45.0 (32374373)|HEAP_ALLOCATE|[113]|Bytes:284
13:32:45.0 (32423750)|USER_DEBUG|[113]|DEBUG|JSON:[{"attributes":{"type":"BFFFollow__c","url":"/services/data/v37.0/sobjects/BFFFollow__c/a005000000ezW4dAAE"},"FollowedUsers__c":"[{\"id\":\"00550000005cg71AAA\",\"name\":\"Jaswinder Rattanpal\"},{\"id\":\"00550000005d7KnAAI\",\"name\":\"Test User\"}]","Id":"a005000000ezW4dAAE"}]
13:32:45.0 (32438627)|STATEMENT_EXECUTE|[114]
13:32:45.0 (32451288)|HEAP_ALLOCATE|[114]|Bytes:4
13:32:45.0 (32504381)|VARIABLE_ASSIGNMENT|[114]|mapFields|{"s":1,"v":{}}|0x5729a4e8
13:32:45.0 (32510603)|STATEMENT_EXECUTE|[115]
13:32:45.0 (32531966)|METHOD_ENTRY|[115]||System.JSON.deserializeUntyped(String)
13:32:45.0 (33084020)|METHOD_EXIT|[115]||System.JSON.deserializeUntyped(String)
13:32:45.0 (33099468)|VARIABLE_SCOPE_BEGIN|[115]|records|List<ANY>|true|false
13:32:45.0 (33138499)|HEAP_ALLOCATE|[EXTERNAL]|Bytes:8
13:32:45.0 (33184784)|VARIABLE_ASSIGNMENT|[115]|records|{"s":1,"v":[{"s":2,"v":{"attributes":{"s":3,"v":{"type":"BFFFollow__c","url":"/services/data/v37.0 (41 more) ..."}},"FollowedUsers__c":"[{\"id\":\"00550000005c (85 more) ...","Id":"a005000000ezW4dAAE"}}]}|0x4633bb84
13:32:45.0 (33256724)|HEAP_ALLOCATE|[116]|Bytes:5
13:32:45.0 (33287053)|HEAP_ALLOCATE|[116]|Bytes:16
13:32:45.0 (33306199)|VARIABLE_SCOPE_BEGIN|[116]|record|Object|false|false
13:32:45.0 (33344741)|VARIABLE_ASSIGNMENT|[116]|record|{"s":1,"v":{"attributes":{"s":2,"v":{"type":"BFFFollow__c","url":"/services/data/v37.0 (41 more) ..."}},"FollowedUsers__c":"[{\"id\":\"00550000005c (85 more) ...","Id":"a005000000ezW4dAAE"}}
13:32:45.0 (33352437)|STATEMENT_EXECUTE|[116]
13:32:45.0 (33354977)|STATEMENT_EXECUTE|[117]
13:32:45.0 (33392868)|METHOD_ENTRY|[117]|01p50000002CIEt|ETLC_SecuredDB.findFieldsRecursive(Map<String,Set<String>>, Map<String,ANY>)
13:32:45.0 (33436849)|VARIABLE_SCOPE_BEGIN|[124]|mapFields|Map<String,Set<String>>|true|false
13:32:45.0 (33455754)|VARIABLE_ASSIGNMENT|[124]|mapFields|{"s":1,"v":{}}|0x5729a4e8
13:32:45.0 (33465634)|VARIABLE_SCOPE_BEGIN|[124]|record|Map<String,ANY>|true|false
13:32:45.0 (33492616)|VARIABLE_ASSIGNMENT|[124]|record|{"s":1,"v":{"attributes":{"s":2,"v":{"type":"BFFFollow__c","url":"/services/data/v37.0 (41 more) ..."}},"FollowedUsers__c":"[{\"id\":\"00550000005c (85 more) ...","Id":"a005000000ezW4dAAE"}}|0x7ca6ec08
13:32:45.0 (33507085)|HEAP_ALLOCATE|[125]|Bytes:5
13:32:45.0 (33514731)|STATEMENT_EXECUTE|[124]
13:32:45.0 (33517879)|STATEMENT_EXECUTE|[125]
13:32:45.0 (33529142)|HEAP_ALLOCATE|[125]|Bytes:10
13:32:45.0 (33537983)|VARIABLE_SCOPE_BEGIN|[125]|strAttributes|String|false|false
13:32:45.0 (33549271)|VARIABLE_ASSIGNMENT|[125]|strAttributes|"attributes"
13:32:45.0 (33553298)|STATEMENT_EXECUTE|[126]
13:32:45.0 (33563113)|HEAP_ALLOCATE|[126]|Bytes:7
13:32:45.0 (33570875)|VARIABLE_SCOPE_BEGIN|[126]|strRecord|String|false|false
13:32:45.0 (33581022)|VARIABLE_ASSIGNMENT|[126]|strRecord|"records"
13:32:45.0 (33634194)|STATEMENT_EXECUTE|[127]
13:32:45.0 (33637753)|STATEMENT_EXECUTE|[128]
13:32:45.0 (33701062)|VARIABLE_SCOPE_BEGIN|[128]|attributes|Map<String,ANY>|true|false
13:32:45.0 (33726682)|VARIABLE_ASSIGNMENT|[128]|attributes|{"s":1,"v":{"type":"BFFFollow__c","url":"/services/data/v37.0 (41 more) ..."}}|0x7616e420
13:32:45.0 (33732355)|STATEMENT_EXECUTE|[129]
13:32:45.0 (33744452)|HEAP_ALLOCATE|[129]|Bytes:4
13:32:45.0 (33797978)|VARIABLE_SCOPE_BEGIN|[129]|objectName|String|false|false
13:32:45.0 (33811593)|VARIABLE_ASSIGNMENT|[129]|objectName|"BFFFollow__c"
13:32:45.0 (33826157)|HEAP_ALLOCATE|[130]|Bytes:4
13:32:45.0 (33924144)|HEAP_ALLOCATE|[130]|Bytes:44
13:32:45.0 (33957114)|HEAP_ALLOCATE|[130]|Bytes:12
13:32:45.0 (34006479)|HEAP_ALLOCATE|[130]|Bytes:5
13:32:45.0 (34035915)|VARIABLE_SCOPE_BEGIN|[130]|fieldName|String|false|false
13:32:45.0 (34049113)|VARIABLE_ASSIGNMENT|[130]|fieldName|"attributes"
13:32:45.0 (34054556)|STATEMENT_EXECUTE|[130]
13:32:45.0 (34056746)|STATEMENT_EXECUTE|[131]
13:32:45.0 (34126070)|VARIABLE_SCOPE_BEGIN|[131]|field|Object|false|false
13:32:45.0 (34156157)|VARIABLE_ASSIGNMENT|[131]|field|{"s":1,"v":{"type":"BFFFollow__c","url":"/services/data/v37.0 (41 more) ..."}}
13:32:45.0 (34189959)|STATEMENT_EXECUTE|[132]
13:32:45.0 (34216994)|HEAP_ALLOCATE|[130]|Bytes:5
13:32:45.0 (34241144)|VARIABLE_SCOPE_BEGIN|[130]|fieldName|String|false|false
13:32:45.0 (34253728)|VARIABLE_ASSIGNMENT|[130]|fieldName|"FollowedUsers__c"
13:32:45.0 (34258810)|STATEMENT_EXECUTE|[130]
13:32:45.0 (34261440)|STATEMENT_EXECUTE|[131]
13:32:45.0 (34297136)|VARIABLE_SCOPE_BEGIN|[131]|field|Object|false|false
13:32:45.0 (34319305)|VARIABLE_ASSIGNMENT|[131]|field|"[{\"id\":\"00550000005c (85 more) ..."
13:32:45.0 (34338775)|HEAP_ALLOCATE|[134]|Bytes:68
13:32:45.0 (34373551)|STATEMENT_EXECUTE|[136]
13:32:45.0 (34376710)|STATEMENT_EXECUTE|[137]
13:32:45.0 (34390148)|HEAP_ALLOCATE|[137]|Bytes:4
13:32:45.0 (34447769)|VARIABLE_SCOPE_BEGIN|[137]|fieldNames|Set<String>|true|false
13:32:45.0 (34479754)|VARIABLE_ASSIGNMENT|[137]|fieldNames|{"s":1,"v":[]}|0x37b67971
13:32:45.0 (34534170)|STATEMENT_EXECUTE|[138]
13:32:45.0 (34544530)|STATEMENT_EXECUTE|[139]
13:32:45.0 (34600277)|HEAP_ALLOCATE|[EXTERNAL]|Bytes:4
13:32:45.0 (34616783)|STATEMENT_EXECUTE|[140]
13:32:45.0 (34669869)|HEAP_ALLOCATE|[EXTERNAL]|Bytes:-4
13:32:45.0 (34696391)|HEAP_ALLOCATE|[130]|Bytes:5
13:32:45.0 (34719226)|VARIABLE_SCOPE_BEGIN|[130]|fieldName|String|false|false
13:32:45.0 (34731180)|VARIABLE_ASSIGNMENT|[130]|fieldName|"Id"
13:32:45.0 (34736455)|STATEMENT_EXECUTE|[130]
13:32:45.0 (34738506)|STATEMENT_EXECUTE|[131]
13:32:45.0 (34773929)|VARIABLE_SCOPE_BEGIN|[131]|field|Object|false|false
13:32:45.0 (34791993)|VARIABLE_ASSIGNMENT|[131]|field|"a005000000ezW4dAAE"
13:32:45.0 (34818422)|STATEMENT_EXECUTE|[136]
13:32:45.0 (34822116)|STATEMENT_EXECUTE|[137]
13:32:45.0 (34833040)|HEAP_ALLOCATE|[137]|Bytes:4
13:32:45.0 (34853446)|VARIABLE_SCOPE_BEGIN|[137]|fieldNames|Set<String>|true|false
13:32:45.0 (34880266)|VARIABLE_ASSIGNMENT|[137]|fieldNames|{"s":1,"v":[]}|0x7cbb0523
13:32:45.0 (34903588)|STATEMENT_EXECUTE|[138]
13:32:45.0 (34954081)|VARIABLE_ASSIGNMENT|[138]|fieldNames|{"s":1,"v":["FollowedUsers__c"]}|0x37b67971
13:32:45.0 (34960664)|STATEMENT_EXECUTE|[139]
13:32:45.0 (34984583)|HEAP_ALLOCATE|[EXTERNAL]|Bytes:4
13:32:45.0 (34998989)|STATEMENT_EXECUTE|[140]
13:32:45.0 (35042940)|HEAP_ALLOCATE|[130]|Bytes:5
13:32:45.0 (35066759)|VARIABLE_ASSIGNMENT|[130]|fieldName|null
13:32:45.0 (35087772)|METHOD_EXIT|[117]|01p50000002CIEt|ETLC_SecuredDB.findFieldsRecursive(Map<String,Set<String>>, Map<String,ANY>)
13:32:45.0 (35109198)|HEAP_ALLOCATE|[116]|Bytes:5
13:32:45.0 (35137105)|VARIABLE_ASSIGNMENT|[116]|record|null
13:32:45.0 (35148937)|HEAP_ALLOCATE|[119]|Bytes:4
13:32:45.0 (35209615)|HEAP_ALLOCATE|[119]|Bytes:20
13:32:45.0 (35235811)|HEAP_ALLOCATE|[119]|Bytes:4
13:32:45.0 (35274886)|HEAP_ALLOCATE|[119]|Bytes:5
13:32:45.0 (35298104)|VARIABLE_SCOPE_BEGIN|[119]|objectName|String|false|false
13:32:45.0 (35310379)|VARIABLE_ASSIGNMENT|[119]|objectName|"BFFFollow__c"
13:32:45.0 (35315320)|STATEMENT_EXECUTE|[119]
13:32:45.0 (35318106)|STATEMENT_EXECUTE|[120]
13:32:45.0 (35329486)|HEAP_ALLOCATE|[120]|Bytes:2
13:32:45.0 (35419981)|HEAP_ALLOCATE|[120]|Bytes:22
13:32:45.0 (35447328)|HEAP_ALLOCATE|[120]|Bytes:36
13:32:45.0 (35473321)|USER_DEBUG|[120]|DEBUG|BFFFollow__c: {FollowedUsers__c, Id}
13:32:45.0 (35496257)|HEAP_ALLOCATE|[119]|Bytes:5
13:32:45.0 (35516645)|VARIABLE_ASSIGNMENT|[119]|objectName|null
13:32:45.0 (35522423)|STATEMENT_EXECUTE|[122]
13:32:45.0 (35541662)|METHOD_EXIT|[20]|01p50000002CIEt|ETLC_SecuredDB.findFields(List<SObject>)
13:32:45.0 (35573615)|METHOD_ENTRY|[20]|01p50000002CIEt|ETLC_SecuredDB.validate(ETLC_SecuredDB.Operation, Map<String,Set<String>>)
13:32:45.0 (35589875)|VARIABLE_SCOPE_BEGIN|[55]|op|ETLC_SecuredDB.Operation|true|false
13:32:45.0 (35622528)|VARIABLE_ASSIGNMENT|[55]|op|"Querying"|0x41b43b47
13:32:45.0 (35632700)|VARIABLE_SCOPE_BEGIN|[55]|mapFieldNames|Map<String,Set<String>>|true|false
13:32:45.0 (35660223)|VARIABLE_ASSIGNMENT|[55]|mapFieldNames|{"s":1,"v":{"BFFFollow__c":{"s":2,"v":["FollowedUsers__c","Id"]}}}|0x5729a4e8
13:32:45.0 (35675301)|HEAP_ALLOCATE|[56]|Bytes:5
13:32:45.0 (35682489)|STATEMENT_EXECUTE|[55]
13:32:45.0 (35685069)|STATEMENT_EXECUTE|[56]
13:32:45.0 (35696711)|VARIABLE_SCOPE_BEGIN|[56]|securityMessage|String|false|false
13:32:45.0 (35706223)|VARIABLE_ASSIGNMENT|[56]|securityMessage|null
13:32:45.0 (35709815)|STATEMENT_EXECUTE|[57]
13:32:45.0 (56204470)|HEAP_ALLOCATE|[57]|Bytes:1440
13:32:45.0 (56240146)|VARIABLE_SCOPE_BEGIN|[57]|mapObjects|Map<String,Schema.SObjectType>|true|false
13:32:45.0 (56498049)|VARIABLE_ASSIGNMENT|[57]|mapObjects|"{acceptedeventrelation=AcceptedEventRelation, account=Account, accountcontactrole=AccountContactRole, accountfeed=AccountFeed, accounthistory=AccountHistory, accountpartner=AccountPartner, accountshare=AccountShare, actionlinkgrouptemplate=ActionLinkGroupTemplate, actionlinktemplate=ActionLinkTemplate, activityhistory=ActivityHistory, ...}"|0x45cdaff1
13:32:45.0 (56511482)|HEAP_ALLOCATE|[58]|Bytes:4
13:32:45.0 (56579014)|HEAP_ALLOCATE|[58]|Bytes:20
13:32:45.0 (56594710)|HEAP_ALLOCATE|[58]|Bytes:4
13:32:45.0 (56617394)|HEAP_ALLOCATE|[58]|Bytes:5
13:32:45.0 (56632448)|VARIABLE_SCOPE_BEGIN|[58]|sObjectName|String|false|false
13:32:45.0 (56644184)|VARIABLE_ASSIGNMENT|[58]|sObjectName|"BFFFollow__c"
13:32:45.0 (56648347)|STATEMENT_EXECUTE|[58]
13:32:45.0 (56650570)|STATEMENT_EXECUTE|[59]
13:32:45.0 (56663459)|HEAP_ALLOCATE|[59]|Bytes:9
13:32:45.0 (56667220)|HEAP_ALLOCATE|[59]|Bytes:7
13:32:45.0 (56724606)|HEAP_ALLOCATE|[59]|Bytes:8
13:32:45.0 (56736492)|HEAP_ALLOCATE|[59]|Bytes:1
13:32:45.0 (56749162)|HEAP_ALLOCATE|[59]|Bytes:37
13:32:45.0 (56760261)|VARIABLE_ASSIGNMENT|[59]|securityMessage|"CRUD on [BFFFollow__ (17 more) ..."
13:32:45.0 (56763623)|STATEMENT_EXECUTE|[60]
13:32:45.0 (56770746)|HEAP_ALLOCATE|[60]|Bytes:10
13:32:45.0 (56777485)|HEAP_ALLOCATE|[60]|Bytes:47
13:32:45.0 (56809402)|USER_DEBUG|[60]|DEBUG|Checking: CRUD on [BFFFollow__c] for [Querying]
13:32:45.0 (56817682)|STATEMENT_EXECUTE|[61]
13:32:45.0 (57103026)|HEAP_ALLOCATE|[61]|Bytes:4
13:32:45.0 (57146034)|VARIABLE_SCOPE_BEGIN|[61]|drSObj|Schema.DescribeSObjectResult|true|false
13:32:45.0 (57233861)|VARIABLE_ASSIGNMENT|[61]|drSObj|"common.api.soap.wsdl.DescribeSObjectResult@a54f9caa"|0x423a305a
13:32:45.0 (57385676)|STATEMENT_EXECUTE|[64]
13:32:45.0 (57414263)|STATEMENT_EXECUTE|[65]
13:32:45.0 (57469036)|STATEMENT_EXECUTE|[77]
13:32:45.0 (57471762)|STATEMENT_EXECUTE|[79]
13:32:45.0 (57722768)|HEAP_ALLOCATE|[79]|Bytes:56
13:32:45.0 (57734086)|VARIABLE_SCOPE_BEGIN|[79]|mapFields|Map<String,Schema.SObjectField>|true|false
13:32:45.0 (57884245)|VARIABLE_ASSIGNMENT|[79]|mapFields|"{createdbyid=CreatedById, createddate=CreatedDate, followedby__c=FollowedBy__c, followedusers__c=FollowedUsers__c, id=Id, isdeleted=IsDeleted, lastmodifiedbyid=LastModifiedById, lastmodifieddate=LastModifiedDate, lastreferenceddate=LastReferencedDate, lastvieweddate=LastViewedDate, ...}"|0x38ea616
13:32:45.0 (57895151)|HEAP_ALLOCATE|[80]|Bytes:4
13:32:45.0 (57940379)|HEAP_ALLOCATE|[80]|Bytes:8
13:32:45.0 (57961328)|HEAP_ALLOCATE|[80]|Bytes:5
13:32:45.0 (57974535)|VARIABLE_SCOPE_BEGIN|[80]|fieldName|String|false|false
13:32:45.0 (57983221)|VARIABLE_ASSIGNMENT|[80]|fieldName|"FollowedUsers__c"
13:32:45.0 (57986325)|STATEMENT_EXECUTE|[80]
13:32:45.0 (57987673)|STATEMENT_EXECUTE|[81]
13:32:45.0 (60076063)|HEAP_ALLOCATE|[81]|Bytes:8
13:32:45.0 (60140872)|VARIABLE_SCOPE_BEGIN|[81]|drField|Schema.DescribeFieldResult|true|false
13:32:45.0 (60314246)|VARIABLE_ASSIGNMENT|[81]|drField|"common.api.soap.wsdl.Field@afacbb31"|0x1af7279a
13:32:45.0 (60347611)|STATEMENT_EXECUTE|[82]
13:32:45.0 (60350306)|STATEMENT_EXECUTE|[83]
13:32:45.0 (60369342)|HEAP_ALLOCATE|[83]|Bytes:8
13:32:45.0 (60374858)|HEAP_ALLOCATE|[83]|Bytes:1
13:32:45.0 (60463628)|HEAP_ALLOCATE|[83]|Bytes:8
13:32:45.0 (60488541)|HEAP_ALLOCATE|[83]|Bytes:52
13:32:45.0 (60496974)|HEAP_ALLOCATE|[83]|Bytes:53
13:32:45.0 (60509569)|VARIABLE_ASSIGNMENT|[83]|securityMessage|"FLS on [BFFFollow__c (33 more) ..."
13:32:45.0 (60513518)|STATEMENT_EXECUTE|[84]
13:32:45.0 (60524494)|HEAP_ALLOCATE|[84]|Bytes:63
13:32:45.0 (60563602)|USER_DEBUG|[84]|DEBUG|Checking: FLS on [BFFFollow__c.FollowedUsers__c] for [Querying]
13:32:45.0 (60689712)|STATEMENT_EXECUTE|[87]
13:32:45.0 (60707343)|STATEMENT_EXECUTE|[88]
13:32:45.0 (60731744)|HEAP_ALLOCATE|[80]|Bytes:5
13:32:45.0 (60749217)|VARIABLE_SCOPE_BEGIN|[80]|fieldName|String|false|false
13:32:45.0 (60757846)|VARIABLE_ASSIGNMENT|[80]|fieldName|"Id"
13:32:45.0 (60761072)|STATEMENT_EXECUTE|[80]
13:32:45.0 (60762282)|STATEMENT_EXECUTE|[81]
13:32:45.0 (60937450)|HEAP_ALLOCATE|[81]|Bytes:8
13:32:45.0 (60949199)|VARIABLE_SCOPE_BEGIN|[81]|drField|Schema.DescribeFieldResult|true|false
13:32:45.0 (61018083)|VARIABLE_ASSIGNMENT|[81]|drField|"common.api.soap.wsdl.Field@6dacb6d4"|0x201c8581
13:32:45.0 (61032021)|STATEMENT_EXECUTE|[99]
13:32:45.0 (61033979)|STATEMENT_EXECUTE|[100]
13:32:45.0 (61042954)|HEAP_ALLOCATE|[100]|Bytes:22
13:32:45.0 (61085591)|HEAP_ALLOCATE|[100]|Bytes:8
13:32:45.0 (61101591)|HEAP_ALLOCATE|[100]|Bytes:52
13:32:45.0 (61106040)|HEAP_ALLOCATE|[100]|Bytes:35
13:32:45.0 (61110384)|HEAP_ALLOCATE|[100]|Bytes:87
13:32:45.0 (61121153)|USER_DEBUG|[100]|DEBUG|Bypass Check: FLS on [BFFFollow__c.Id] for [Querying] since it's not isPermissionable()
13:32:45.0 (61135486)|HEAP_ALLOCATE|[80]|Bytes:5
13:32:45.0 (61148877)|VARIABLE_ASSIGNMENT|[80]|fieldName|null
13:32:45.0 (61159802)|HEAP_ALLOCATE|[58]|Bytes:5
13:32:45.0 (61169142)|VARIABLE_ASSIGNMENT|[58]|sObjectName|null
13:32:45.0 (61187357)|METHOD_EXIT|[20]|01p50000002CIEt|ETLC_SecuredDB.validate(ETLC_SecuredDB.Operation, Map<String,Set<String>>)
13:32:45.0 (61192138)|STATEMENT_EXECUTE|[21]
13:32:45.0 (61205558)|METHOD_EXIT|[28]|01p50000002CIEt|ETLC_SecuredDB.query(String)
13:32:45.0 (61212048)|VARIABLE_SCOPE_BEGIN|[28]|dbRecords|List<SObject>|true|false
13:32:45.0 (61254649)|VARIABLE_ASSIGNMENT|[28]|dbRecords|{"s":1,"v":[{"s":2,"v":{"FollowedUsers__c":"[{\"id\":\"00550000005c (85 more) ...","Id":"a005000000ezW4dAAE"}}]}|0x64ea5026
13:32:45.0 (61265837)|STATEMENT_EXECUTE|[29]
13:32:45.0 (61267334)|STATEMENT_EXECUTE|[29]
13:32:45.0 (61341658)|USER_DEBUG|[29]|DEBUG|(BFFFollow__c:{FollowedUsers__c=[{"id":"00550000005cg71AAA","name":"Jaswinder Rattanpal"},{"id":"00550000005d7KnAAI","name":"Test User"}], Id=a005000000ezW4dAAE})
13:32:45.0 (61451023)|STATEMENT_EXECUTE|[30]
13:32:45.0 (61457241)|STATEMENT_EXECUTE|[31]
13:32:45.0 (61458426)|STATEMENT_EXECUTE|[32]
13:32:45.0 (61466645)|HEAP_ALLOCATE|[32]|Bytes:18
13:32:45.0 (61481425)|HEAP_ALLOCATE|[32]|Bytes:12
13:32:45.0 (61488044)|HEAP_ALLOCATE|[32]|Bytes:16
13:32:45.0 (61560347)|HEAP_ALLOCATE|[32]|Bytes:105
13:32:45.0 (61581725)|HEAP_ALLOCATE|[32]|Bytes:105
13:32:45.0 (61591399)|HEAP_ALLOCATE|[32]|Bytes:123
13:32:45.0 (61601773)|USER_DEBUG|[32]|DEBUG|FollowedUsers__c::[{"id":"00550000005cg71AAA","name":"Jaswinder Rattanpal"},{"id":"00550000005d7KnAAI","name":"Test User"}]
13:32:45.0 (61608142)|STATEMENT_EXECUTE|[34]
13:32:45.0 (61621090)|HEAP_ALLOCATE|[34]|Bytes:12
13:32:45.0 (61673744)|HEAP_ALLOCATE|[34]|Bytes:105
13:32:45.0 (61694464)|METHOD_EXIT|[10]|01p50000002D8iw|BFFFollow_Controller.fetchFollowedUsers(Id)
13:32:45.0 (61775660)|VARIABLE_ASSIGNMENT|[EXTERNAL]|this|{"debug":true,"input":"{\"mode\":\"fetchFollow (9 more) ...","operation":"BFFFollow_Controller"}|0x55c1546d
13:32:45.0 (61787934)|VARIABLE_ASSIGNMENT|[EXTERNAL]|value|"[{\"id\":\"00550000005c (85 more) ..."
13:32:45.0 (61805866)|VARIABLE_ASSIGNMENT|[12]|this.output|"[{\"id\":\"00550000005c (85 more) ..."|0x55c1546d
13:32:45.0 (61813798)|STATEMENT_EXECUTE|[11]
13:32:45.0 (61875820)|VARIABLE_ASSIGNMENT|[EXTERNAL]|this|{"debug":true,"input":"{\"mode\":\"fetchFollow (9 more) ...","operation":"BFFFollow_Controller","output":"[{\"id\":\"00550000005c (85 more) ..."}|0x55c1546d
13:32:45.0 (61938123)|VARIABLE_ASSIGNMENT|[EXTERNAL]|this|{"debug":true,"input":"{\"mode\":\"fetchFollow (9 more) ...","operation":"BFFFollow_Controller","output":"[{\"id\":\"00550000005c (85 more) ..."}|0x55c1546d
13:32:45.0 (61949169)|VARIABLE_ASSIGNMENT|[EXTERNAL]|value|true
13:32:45.0 (61954987)|HEAP_ALLOCATE|[15]|Bytes:5
13:32:45.0 (61963360)|VARIABLE_ASSIGNMENT|[15]|this.outputFlag|true|0x55c1546d
13:32:45.0 (61974412)|STATEMENT_EXECUTE|[19]
13:32:45.0 (61976267)|STATEMENT_EXECUTE|[19]
13:32:45.0 (61983945)|HEAP_ALLOCATE|[19]|Bytes:11
13:32:45.0 (62045994)|HEAP_ALLOCATE|[19]|Bytes:278
13:32:45.0 (62063221)|HEAP_ALLOCATE|[19]|Bytes:289
13:32:45.0 (62074551)|USER_DEBUG|[19]|DEBUG|data AFTER:ETLC_ApexBridge_Data:[debug=true, input={"mode":"fetchFollowedUsers"}, isSuccess=null, messages=null, operation=BFFFollow_Controller, output=[{"id":"00550000005cg71AAA","name":"Jaswinder Rattanpal"},{"id":"00550000005d7KnAAI","name":"Test User"}], outputFlag=true, records=null]
13:32:45.0 (62090390)|METHOD_EXIT|[9]|01p50000002D8iw|BFFFollow_Controller.process(ETLC_ApexBridge_Data)
13:32:45.0 (62095010)|STATEMENT_EXECUTE|[24]
13:32:45.0 (62116501)|METHOD_ENTRY|[24]|01p50000002CIEo|ETLC_ApexBridge_Data.toJSON()
13:32:45.0 (62138377)|VARIABLE_SCOPE_BEGIN|[57]|this|ETLC_ApexBridge_Data|true|false
13:32:45.0 (62168957)|VARIABLE_ASSIGNMENT|[57]|this|{"debug":true,"input":"{\"mode\":\"fetchFollow (9 more) ...","operation":"BFFFollow_Controller","output":"[{\"id\":\"00550000005c (85 more) ...","outputFlag":true}|0x55c1546d
13:32:45.0 (62176162)|STATEMENT_EXECUTE|[57]
13:32:45.0 (62177597)|STATEMENT_EXECUTE|[58]
13:32:45.0 (62193860)|METHOD_ENTRY|[58]||System.JSON.serialize(Object)
13:32:45.0 (62284909)|STATEMENT_EXECUTE|[22]
13:32:45.0 (62290412)|STATEMENT_EXECUTE|[23]
13:32:45.0 (62299458)|HEAP_ALLOCATE|[23]|Bytes:5
13:32:45.0 (62309490)|VARIABLE_ASSIGNMENT|[23]|this.isSuccess|true|0x55c1546d
13:32:45.0 (62311943)|STATEMENT_EXECUTE|[24]
13:32:45.0 (62358091)|STATEMENT_EXECUTE|[31]
13:32:45.0 (62362711)|STATEMENT_EXECUTE|[32]
13:32:45.0 (62373609)|HEAP_ALLOCATE|[32]|Bytes:4
13:32:45.0 (62444314)|VARIABLE_ASSIGNMENT|[32]|this.messages|{"s":1,"v":{}}|0x55c1546d
13:32:45.0 (62448435)|STATEMENT_EXECUTE|[33]
13:32:45.0 (62788345)|METHOD_EXIT|[58]||System.JSON.serialize(Object)
13:32:45.0 (62795042)|METHOD_EXIT|[24]|01p50000002CIEo|ETLC_ApexBridge_Data.toJSON()
13:32:45.0 (62809580)|SYSTEM_MODE_EXIT|false
13:32:45.62 (62873031)|CUMULATIVE_LIMIT_USAGE
13:32:45.62 (62873031)|LIMIT_USAGE_FOR_NS|(default)|
  Number of SOQL queries: 1 out of 100
  Number of query rows: 1 out of 50000
  Number of SOSL queries: 0 out of 20
  Number of DML statements: 0 out of 150
  Number of DML rows: 0 out of 10000
  Maximum CPU time: 0 out of 10000
  Maximum heap size: 0 out of 6000000
  Number of callouts: 0 out of 100
  Number of Email Invocations: 0 out of 10
  Number of future calls: 0 out of 50
  Number of queueable jobs added to the queue: 0 out of 50
  Number of Mobile Apex push calls: 0 out of 10

13:32:45.62 (62873031)|CUMULATIVE_LIMIT_USAGE_END

13:32:45.0 (62919696)|CODE_UNIT_FINISHED|ETLC_ApexBridge_Controller.execute
