37.0 APEX_CODE,FINEST;APEX_PROFILING,INFO;CALLOUT,INFO;DB,INFO;SYSTEM,DEBUG;VALIDATION,INFO;VISUALFORCE,INFO;WORKFLOW,INFO
15:35:01.0 (479782)|USER_INFO|[EXTERNAL]|00550000005cg71|bfffollow@jr.te|Eastern Standard Time|GMT-04:00
15:35:01.0 (537107)|EXECUTION_STARTED
15:35:01.0 (544266)|CODE_UNIT_STARTED|[EXTERNAL]|aura
15:35:01.0 (1024215)|HEAP_ALLOCATE|[72]|Bytes:3
15:35:01.0 (1083635)|HEAP_ALLOCATE|[77]|Bytes:152
15:35:01.0 (1108025)|HEAP_ALLOCATE|[342]|Bytes:408
15:35:01.0 (1138076)|HEAP_ALLOCATE|[355]|Bytes:408
15:35:01.0 (1167943)|HEAP_ALLOCATE|[467]|Bytes:48
15:35:01.0 (1218273)|HEAP_ALLOCATE|[139]|Bytes:6
15:35:01.0 (1266332)|HEAP_ALLOCATE|[EXTERNAL]|Bytes:122
15:35:01.0 (1293976)|HEAP_ALLOCATE|[EXTERNAL]|Bytes:122
15:35:01.0 (2384932)|CODE_UNIT_STARTED|[EXTERNAL]|01p50000002CIEm|ETLC_ApexBridge_Controller.execute
15:35:01.0 (2736718)|HEAP_ALLOCATE|[EXTERNAL]|Bytes:1
15:35:01.0 (2797056)|HEAP_ALLOCATE|[EXTERNAL]|Bytes:10
15:35:01.0 (3050152)|METHOD_ENTRY|[1]|01p50000002CIEm|ETLC_ApexBridge_Controller.ETLC_ApexBridge_Controller()
15:35:01.0 (3059390)|STATEMENT_EXECUTE|[1]
15:35:01.0 (3067782)|STATEMENT_EXECUTE|[1]
15:35:01.0 (3084532)|METHOD_EXIT|[1]|ETLC_ApexBridge_Controller
15:35:01.0 (3094834)|HEAP_ALLOCATE|[EXTERNAL]|Bytes:122
15:35:01.0 (3110830)|SYSTEM_MODE_ENTER|false
15:35:01.0 (3128497)|VARIABLE_SCOPE_BEGIN|[3]|dataJson|String|false|false
15:35:01.0 (3187160)|VARIABLE_ASSIGNMENT|[3]|dataJson|"{\"operation\":\"BFFFol (102 more) ..."
15:35:01.0 (3219947)|STATEMENT_EXECUTE|[3]
15:35:01.0 (3224813)|STATEMENT_EXECUTE|[4]
15:35:01.0 (5255136)|VARIABLE_SCOPE_BEGIN|[4]|data|ETLC_ApexBridge_Data|true|false
15:35:01.0 (5271647)|VARIABLE_ASSIGNMENT|[4]|data|null|
15:35:01.0 (5275031)|STATEMENT_EXECUTE|[5]
15:35:01.0 (5276820)|STATEMENT_EXECUTE|[5]
15:35:01.0 (5277989)|STATEMENT_EXECUTE|[6]
15:35:01.0 (5295572)|HEAP_ALLOCATE|[6]|Bytes:11
15:35:01.0 (5304832)|HEAP_ALLOCATE|[6]|Bytes:248
15:35:01.0 (5308483)|HEAP_ALLOCATE|[6]|Bytes:39
15:35:01.0 (5352285)|METHOD_ENTRY|[2]|01p50000002CIEo|ETLC_ApexBridge_Data.ETLC_ApexBridge_Data()
15:35:01.0 (5356270)|STATEMENT_EXECUTE|[2]
15:35:01.0 (5360428)|STATEMENT_EXECUTE|[2]
15:35:01.0 (5368990)|METHOD_EXIT|[2]|ETLC_ApexBridge_Data
15:35:01.0 (5404056)|METHOD_ENTRY|[6]|01p50000002CIEo|ETLC_ApexBridge_Data.fromJSON(String)
15:35:01.0 (5432035)|VARIABLE_SCOPE_BEGIN|[60]|strJson|String|false|false
15:35:01.0 (5444463)|VARIABLE_ASSIGNMENT|[60]|strJson|"{\"operation\":\"BFFFol (102 more) ..."
15:35:01.0 (5449274)|STATEMENT_EXECUTE|[60]
15:35:01.0 (5450805)|STATEMENT_EXECUTE|[61]
15:35:01.0 (5460121)|HEAP_ALLOCATE|[61]|Bytes:20
15:35:01.0 (5483338)|HEAP_ALLOCATE|[50]|Bytes:5
15:35:01.0 (5505652)|HEAP_ALLOCATE|[56]|Bytes:5
15:35:01.0 (5515801)|HEAP_ALLOCATE|[64]|Bytes:7
15:35:01.0 (5622572)|HEAP_ALLOCATE|[61]|Bytes:24
15:35:01.0 (5637813)|SYSTEM_METHOD_ENTRY|[1]|Type.Type()
15:35:01.0 (5641046)|STATEMENT_EXECUTE|[1]
15:35:01.0 (5651934)|SYSTEM_METHOD_EXIT|[1]|Type
15:35:01.0 (5658069)|HEAP_ALLOCATE|[61]|Bytes:8
15:35:01.0 (5685433)|HEAP_ALLOCATE|[61]|Bytes:8
15:35:01.0 (5691080)|VARIABLE_SCOPE_BEGIN|[4]|this|System.Type|true|false
15:35:01.0 (5727208)|VARIABLE_ASSIGNMENT|[4]|this|{}|0x43209d7e
15:35:01.0 (5731728)|VARIABLE_SCOPE_BEGIN|[4]|apextype|java:common.apex.runtime.ApexObjectType|true|false
15:35:01.0 (5870257)|VARIABLE_ASSIGNMENT|[4]|apextype|"ETLC_ApexBridge_Data"|0x268c6451
15:35:01.0 (5971336)|HEAP_ALLOCATE|[61]|Bytes:8
15:35:01.0 (6016121)|HEAP_ALLOCATE|[61]|Bytes:24
15:35:01.0 (6031763)|SYSTEM_METHOD_ENTRY|[1]|JSON.JSON()
15:35:01.0 (6034581)|STATEMENT_EXECUTE|[1]
15:35:01.0 (6043931)|SYSTEM_METHOD_EXIT|[1]|JSON
15:35:01.0 (6057456)|METHOD_ENTRY|[61]||System.JSON.deserializeStrict(String, System.Type)
15:35:01.0 (6655505)|METHOD_EXIT|[61]||System.JSON.deserializeStrict(String, System.Type)
15:35:01.0 (6664971)|METHOD_EXIT|[6]|01p50000002CIEo|ETLC_ApexBridge_Data.fromJSON(String)
15:35:01.0 (6724762)|VARIABLE_ASSIGNMENT|[6]|data|{"debug":true,"input":"{\"mode\":\"fetchUserFe (34 more) ...","operation":"BFFFollow_Controller"}|0x5751cddd
15:35:01.0 (6730602)|STATEMENT_EXECUTE|[7]
15:35:01.0 (6741589)|HEAP_ALLOCATE|[7]|Bytes:6
15:35:01.0 (6827310)|HEAP_ALLOCATE|[7]|Bytes:202
15:35:01.0 (6851386)|HEAP_ALLOCATE|[7]|Bytes:208
15:35:01.0 (6878021)|USER_DEBUG|[7]|DEBUG|data::ETLC_ApexBridge_Data:[debug=true, input={"mode":"fetchUserFeed","userId":"00550000005cg71AAA"}, isSuccess=null, messages=null, operation=BFFFollow_Controller, output=null, outputFlag=null, records=null]
15:35:01.0 (6886440)|STATEMENT_EXECUTE|[8]
15:35:01.0 (6943844)|VARIABLE_ASSIGNMENT|[EXTERNAL]|this|{"debug":true,"input":"{\"mode\":\"fetchUserFe (34 more) ...","operation":"BFFFollow_Controller"}|0x5751cddd
15:35:01.0 (6964429)|METHOD_ENTRY|[8]||System.Type.forName(String)
15:35:01.0 (8967481)|METHOD_EXIT|[8]||System.Type.forName(String)
15:35:01.0 (8983257)|METHOD_ENTRY|[8]||System.Type.newInstance()
15:35:01.0 (10735342)|STATEMENT_EXECUTE|[1]
15:35:01.0 (10753285)|HEAP_ALLOCATE|[33]|Bytes:5
15:35:01.0 (10776567)|METHOD_EXIT|[1]|BFFFollow_Controller
15:35:01.0 (10802442)|HEAP_ALLOCATE|[33]|Bytes:4
15:35:01.0 (10816897)|VARIABLE_SCOPE_BEGIN|[1]|this|BFFFollow_Controller|true|false
15:35:01.0 (10855851)|VARIABLE_ASSIGNMENT|[1]|this|{}|0x36e0547c
15:35:01.0 (10870478)|HEAP_ALLOCATE|[33]|Bytes:5
15:35:01.0 (10884995)|HEAP_ALLOCATE|[33]|Bytes:11
15:35:01.0 (10914515)|METHOD_ENTRY|[1]|01p50000002CIEj|ETLC_ApexBridge_Abstract.ETLC_ApexBridge_Abstract()
15:35:01.0 (10920236)|STATEMENT_EXECUTE|[1]
15:35:01.0 (10927280)|STATEMENT_EXECUTE|[1]
15:35:01.0 (10939073)|METHOD_EXIT|[1]|ETLC_ApexBridge_Abstract
15:35:01.0 (10964690)|CONSTRUCTOR_ENTRY|[EXTERNAL]|01p50000002CIEj|<init>()
15:35:01.0 (10997048)|VARIABLE_SCOPE_BEGIN|[1]|this|ETLC_ApexBridge_Abstract|true|false
15:35:01.0 (11020337)|VARIABLE_ASSIGNMENT|[1]|this|{}|0x36e0547c
15:35:01.0 (11048925)|STATEMENT_EXECUTE|[1]
15:35:01.0 (11066995)|CONSTRUCTOR_EXIT|[EXTERNAL]|01p50000002CIEj|<init>()
15:35:01.0 (11077939)|STATEMENT_EXECUTE|[1]
15:35:01.0 (11086732)|HEAP_ALLOCATE|[33]|Bytes:5
15:35:01.0 (11117246)|METHOD_EXIT|[8]||System.Type.newInstance()
15:35:01.0 (11130018)|VARIABLE_SCOPE_BEGIN|[8]|executor|ETLC_ApexBridge_Abstract|true|false
15:35:01.0 (11151245)|VARIABLE_ASSIGNMENT|[8]|executor|{}|0x36e0547c
15:35:01.0 (11157371)|STATEMENT_EXECUTE|[9]
15:35:01.0 (11216057)|METHOD_ENTRY|[9]|01p50000002D8iw|BFFFollow_Controller.process(ETLC_ApexBridge_Data)
15:35:01.0 (11253400)|VARIABLE_SCOPE_BEGIN|[3]|this|BFFFollow_Controller|true|false
15:35:01.0 (11274195)|VARIABLE_ASSIGNMENT|[3]|this|{}|0x36e0547c
15:35:01.0 (11281717)|VARIABLE_SCOPE_BEGIN|[3]|data|ETLC_ApexBridge_Data|true|false
15:35:01.0 (11327969)|VARIABLE_ASSIGNMENT|[3]|data|{"debug":true,"input":"{\"mode\":\"fetchUserFe (34 more) ...","operation":"BFFFollow_Controller"}|0x5751cddd
15:35:01.0 (11342657)|HEAP_ALLOCATE|[4]|Bytes:5
15:35:01.0 (11349403)|STATEMENT_EXECUTE|[3]
15:35:01.0 (11352011)|STATEMENT_EXECUTE|[4]
15:35:01.0 (11471292)|VARIABLE_ASSIGNMENT|[EXTERNAL]|this|{"debug":true,"input":"{\"mode\":\"fetchUserFe (34 more) ...","operation":"BFFFollow_Controller"}|0x5751cddd
15:35:01.0 (11534845)|VARIABLE_ASSIGNMENT|[4]|BFFFollow_Controller.debugFlag|true
15:35:01.0 (11600180)|VARIABLE_ASSIGNMENT|[EXTERNAL]|this|{"debug":true,"input":"{\"mode\":\"fetchUserFe (34 more) ...","operation":"BFFFollow_Controller"}|0x5751cddd
15:35:01.0 (11624237)|STATEMENT_EXECUTE|[5]
15:35:01.0 (11639615)|HEAP_ALLOCATE|[5]|Bytes:12
15:35:01.0 (11703646)|HEAP_ALLOCATE|[5]|Bytes:202
15:35:01.0 (11727789)|HEAP_ALLOCATE|[5]|Bytes:214
15:35:01.0 (11755600)|USER_DEBUG|[5]|DEBUG|data BEFORE:ETLC_ApexBridge_Data:[debug=true, input={"mode":"fetchUserFeed","userId":"00550000005cg71AAA"}, isSuccess=null, messages=null, operation=BFFFollow_Controller, output=null, outputFlag=null, records=null]
15:35:01.0 (11768568)|STATEMENT_EXECUTE|[7]
15:35:01.0 (11781045)|HEAP_ALLOCATE|[7]|Bytes:4
15:35:01.0 (11817665)|METHOD_ENTRY|[7]|01p50000002CIEo|ETLC_ApexBridge_Data.getInputValue(String)
15:35:01.0 (11858895)|VARIABLE_SCOPE_BEGIN|[52]|this|ETLC_ApexBridge_Data|true|false
15:35:01.0 (11901032)|VARIABLE_ASSIGNMENT|[52]|this|{"debug":true,"input":"{\"mode\":\"fetchUserFe (34 more) ...","operation":"BFFFollow_Controller"}|0x5751cddd
15:35:01.0 (11910906)|VARIABLE_SCOPE_BEGIN|[52]|key|String|false|false
15:35:01.0 (11919534)|VARIABLE_ASSIGNMENT|[52]|key|"mode"
15:35:01.0 (11925902)|STATEMENT_EXECUTE|[52]
15:35:01.0 (11928295)|STATEMENT_EXECUTE|[53]
15:35:01.0 (12006677)|VARIABLE_ASSIGNMENT|[EXTERNAL]|this|{"debug":true,"input":"{\"mode\":\"fetchUserFe (34 more) ...","operation":"BFFFollow_Controller"}|0x5751cddd
15:35:01.0 (12038311)|METHOD_ENTRY|[53]||System.JSON.deserializeUntyped(String)
15:35:01.0 (12439555)|METHOD_EXIT|[53]||System.JSON.deserializeUntyped(String)
15:35:01.0 (12453392)|VARIABLE_SCOPE_BEGIN|[53]|inputMap|Map<String,ANY>|true|false
15:35:01.0 (12496136)|VARIABLE_ASSIGNMENT|[53]|inputMap|{"s":1,"v":{"mode":"fetchUserFeed","userId":"00550000005cg71AAA"}}|0xd03eef3
15:35:01.0 (12502443)|STATEMENT_EXECUTE|[54]
15:35:01.0 (12563478)|METHOD_EXIT|[7]|01p50000002CIEo|ETLC_ApexBridge_Data.getInputValue(String)
15:35:01.0 (12574249)|VARIABLE_SCOPE_BEGIN|[7]|mode|String|false|false
15:35:01.0 (12586011)|VARIABLE_ASSIGNMENT|[7]|mode|"fetchUserFeed"
15:35:01.0 (12594095)|HEAP_ALLOCATE|[9]|Bytes:18
15:35:01.0 (12624179)|HEAP_ALLOCATE|[12]|Bytes:17
15:35:01.0 (12642110)|HEAP_ALLOCATE|[14]|Bytes:13
15:35:01.0 (12658830)|STATEMENT_EXECUTE|[14]
15:35:01.0 (12661970)|STATEMENT_EXECUTE|[15]
15:35:01.0 (12674139)|HEAP_ALLOCATE|[15]|Bytes:6
15:35:01.0 (12690925)|METHOD_ENTRY|[15]|01p50000002CIEo|ETLC_ApexBridge_Data.getInputValue(String)
15:35:01.0 (12710473)|VARIABLE_SCOPE_BEGIN|[52]|this|ETLC_ApexBridge_Data|true|false
15:35:01.0 (12750770)|VARIABLE_ASSIGNMENT|[52]|this|{"debug":true,"input":"{\"mode\":\"fetchUserFe (34 more) ...","operation":"BFFFollow_Controller"}|0x5751cddd
15:35:01.0 (12758738)|VARIABLE_SCOPE_BEGIN|[52]|key|String|false|false
15:35:01.0 (12765867)|VARIABLE_ASSIGNMENT|[52]|key|"userId"
15:35:01.0 (12771192)|STATEMENT_EXECUTE|[52]
15:35:01.0 (12773419)|STATEMENT_EXECUTE|[53]
15:35:01.0 (12831698)|VARIABLE_ASSIGNMENT|[EXTERNAL]|this|{"debug":true,"input":"{\"mode\":\"fetchUserFe (34 more) ...","operation":"BFFFollow_Controller"}|0x5751cddd
15:35:01.0 (12851908)|METHOD_ENTRY|[53]||System.JSON.deserializeUntyped(String)
15:35:01.0 (13043014)|METHOD_EXIT|[53]||System.JSON.deserializeUntyped(String)
15:35:01.0 (13055868)|VARIABLE_SCOPE_BEGIN|[53]|inputMap|Map<String,ANY>|true|false
15:35:01.0 (13084538)|VARIABLE_ASSIGNMENT|[53]|inputMap|{"s":1,"v":{"mode":"fetchUserFeed","userId":"00550000005cg71AAA"}}|0x7798b1a8
15:35:01.0 (13090632)|STATEMENT_EXECUTE|[54]
15:35:01.0 (13119635)|METHOD_EXIT|[15]|01p50000002CIEo|ETLC_ApexBridge_Data.getInputValue(String)
15:35:01.0 (13139653)|HEAP_ALLOCATE|[15]|Bytes:4
15:35:01.0 (13159275)|METHOD_ENTRY|[15]|01p50000002D8iw|BFFFollow_Controller.fetchUserFeed(Id)
15:35:01.0 (13169302)|VARIABLE_SCOPE_BEGIN|[65]|this|BFFFollow_Controller|true|false
15:35:01.0 (13188119)|VARIABLE_ASSIGNMENT|[65]|this|{}|0x36e0547c
15:35:01.0 (13194555)|VARIABLE_SCOPE_BEGIN|[65]|userId|Id|false|false
15:35:01.0 (13343033)|VARIABLE_ASSIGNMENT|[65]|userId|"00550000005cg71AAA"
15:35:01.0 (13358553)|HEAP_ALLOCATE|[66]|Bytes:5
15:35:01.0 (13364354)|STATEMENT_EXECUTE|[65]
15:35:01.0 (13367017)|STATEMENT_EXECUTE|[66]
15:35:01.0 (13368956)|STATEMENT_EXECUTE|[66]
15:35:01.0 (13370894)|STATEMENT_EXECUTE|[67]
15:35:01.0 (13436102)|HEAP_ALLOCATE|[67]|Bytes:24
15:35:01.0 (13457673)|SYSTEM_METHOD_ENTRY|[1]|Network.Network()
15:35:01.0 (13462518)|STATEMENT_EXECUTE|[1]
15:35:01.0 (13478461)|SYSTEM_METHOD_EXIT|[1]|Network
15:35:01.0 (13496182)|METHOD_ENTRY|[67]||System.Network.getNetworkId()
15:35:01.0 (13548635)|METHOD_EXIT|[67]||System.Network.getNetworkId()
15:35:01.0 (14006946)|HEAP_ALLOCATE|[67]|Bytes:18
15:35:01.0 (14068648)|HEAP_ALLOCATE|[67]|Bytes:968
15:35:01.0 (14088990)|SYSTEM_METHOD_ENTRY|[5]|ChatterFeeds.ChatterFeeds()
15:35:01.0 (14094514)|STATEMENT_EXECUTE|[5]
15:35:01.0 (14109745)|SYSTEM_METHOD_EXIT|[5]|ChatterFeeds
15:35:01.0 (14130487)|METHOD_ENTRY|[67]||ConnectApi.ChatterFeeds.getFeedElementsFromFeed(String, ConnectApi.FeedType, String)
15:35:01.0 (108307483)|SYSTEM_METHOD_EXIT|[5]|FeedElementPage
15:35:01.0 (108332679)|HEAP_ALLOCATE|[3649]|Bytes:84
15:35:01.0 (108344710)|HEAP_ALLOCATE|[3649]|Bytes:12
15:35:01.0 (108351862)|HEAP_ALLOCATE|[3649]|Bytes:8
15:35:01.0 (108363306)|VARIABLE_SCOPE_BEGIN|[39]|this|ConnectApi.FeedElementPage|true|false
15:35:01.0 (108666410)|VARIABLE_ASSIGNMENT|[39]|this|{}|0xfea571b
15:35:01.0 (108676169)|VARIABLE_SCOPE_BEGIN|[39]|versionIn|Double|false|false
15:35:01.0 (108689995)|VARIABLE_ASSIGNMENT|[39]|versionIn|34.0
15:35:01.0 (108694981)|VARIABLE_SCOPE_BEGIN|[39]|javaObj|java:sfdc.chatter.connect.api.output.feeds.FeedElementCollectionRepresentation|true|false
15:35:01.0 (108861873)|VARIABLE_ASSIGNMENT|[39]|javaObj|"sfdc.chatter.connect.api.output.feeds.FeedElementCollectionRepresentation@5a70d5eb"|0x5a70d5eb
15:35:01.0 (110193998)|SYSTEM_METHOD_EXIT|[5]|FeedItem
15:35:01.0 (110209400)|HEAP_ALLOCATE|[59]|Bytes:252
15:35:01.0 (110219075)|HEAP_ALLOCATE|[59]|Bytes:12
15:35:01.0 (110225526)|HEAP_ALLOCATE|[59]|Bytes:8
15:35:01.0 (110237427)|VARIABLE_SCOPE_BEGIN|[56]|this|ConnectApi.FeedItem|true|false
15:35:01.0 (110337322)|HEAP_ALLOCATE|[59]|Bytes:312
15:35:01.0 (110350545)|HEAP_ALLOCATE|[59]|Bytes:75
15:35:01.0 (110397682)|SYSTEM_METHOD_ENTRY|[5]|FeedElement.FeedElement()
15:35:01.0 (110403412)|STATEMENT_EXECUTE|[5]
15:35:01.0 (110419670)|SYSTEM_METHOD_EXIT|[5]|FeedElement
15:35:01.0 (110492039)|VARIABLE_ASSIGNMENT|[56]|this|{}|0x7746715c
15:35:01.0 (110500674)|VARIABLE_SCOPE_BEGIN|[56]|versionIn|Double|false|false
15:35:01.0 (110511004)|VARIABLE_ASSIGNMENT|[56]|versionIn|34.0
15:35:01.0 (110516204)|VARIABLE_SCOPE_BEGIN|[56]|javaObj|java:sfdc.chatter.connect.api.output.feeds.FeedItemRepresentation|true|false
15:35:01.0 (110655721)|VARIABLE_ASSIGNMENT|[56]|javaObj|"\n\u003CFeedItem id(0D55000003LmBsDCAV)\u003E\n\u003CUser id(00550000005cg71AAA) name(Jaswinder Rattanpal) /\u003E\n\u003CFeedBody text(Test 1\n), isRichText(true) /\u003Esfdc.chatter.connect.api.output.feeds.FeedElementCommentCollectionRepresentation@3bc7b153\n\u003C/FeedItem\u003E"|0x66487bbf
15:35:01.0 (111026033)|SYSTEM_METHOD_EXIT|[5]|FeedBody
15:35:01.0 (111039580)|HEAP_ALLOCATE|[46]|Bytes:36
15:35:01.0 (111047397)|HEAP_ALLOCATE|[46]|Bytes:12
15:35:01.0 (111053340)|HEAP_ALLOCATE|[46]|Bytes:8
15:35:01.0 (111060873)|VARIABLE_SCOPE_BEGIN|[16]|this|ConnectApi.FeedBody|true|false
15:35:01.0 (111105968)|HEAP_ALLOCATE|[46]|Bytes:164
15:35:01.0 (111118905)|HEAP_ALLOCATE|[46]|Bytes:44
15:35:01.0 (111162926)|SYSTEM_METHOD_ENTRY|[5]|AbstractMessageBody.AbstractMessageBody()
15:35:01.0 (111169095)|STATEMENT_EXECUTE|[5]
15:35:01.0 (111186392)|SYSTEM_METHOD_EXIT|[5]|AbstractMessageBody
15:35:01.0 (111215175)|VARIABLE_ASSIGNMENT|[16]|this|{}|0x3a4b2510
15:35:01.0 (111222907)|VARIABLE_SCOPE_BEGIN|[16]|versionIn|Double|false|false
15:35:01.0 (111232984)|VARIABLE_ASSIGNMENT|[16]|versionIn|34.0
15:35:01.0 (111238657)|VARIABLE_SCOPE_BEGIN|[16]|javaObj|java:sfdc.chatter.connect.api.output.feeds.FeedBodyRepresentation|true|false
15:35:01.0 (111334810)|VARIABLE_ASSIGNMENT|[16]|javaObj|"\n\u003CFeedBody text(Test 1\n), isRichText(true) /\u003E"|0x7e436f94
15:35:01.0 (111929206)|SYSTEM_METHOD_EXIT|[5]|MarkupBeginSegment
15:35:01.0 (111940608)|HEAP_ALLOCATE|[43]|Bytes:44
15:35:01.0 (111947682)|HEAP_ALLOCATE|[43]|Bytes:12
15:35:01.0 (111953963)|HEAP_ALLOCATE|[43]|Bytes:8
15:35:01.0 (111961121)|VARIABLE_SCOPE_BEGIN|[20]|this|ConnectApi.MarkupBeginSegment|true|false
15:35:01.0 (112020820)|HEAP_ALLOCATE|[43]|Bytes:120
15:35:01.0 (112036258)|HEAP_ALLOCATE|[43]|Bytes:40
15:35:01.0 (112094823)|SYSTEM_METHOD_ENTRY|[5]|MessageSegment.MessageSegment()
15:35:01.0 (112100780)|STATEMENT_EXECUTE|[5]
15:35:01.0 (112118857)|SYSTEM_METHOD_EXIT|[5]|MessageSegment
15:35:01.0 (112146840)|VARIABLE_ASSIGNMENT|[20]|this|{}|0x78880426
15:35:01.0 (112154277)|VARIABLE_SCOPE_BEGIN|[20]|versionIn|Double|false|false
15:35:01.0 (112164883)|VARIABLE_ASSIGNMENT|[20]|versionIn|34.0
15:35:01.0 (112170184)|VARIABLE_SCOPE_BEGIN|[20]|javaObj|java:sfdc.chatter.connect.api.output.feeds.MarkupBeginMessageSegmentRepresentation|true|false
15:35:01.0 (112271351)|VARIABLE_ASSIGNMENT|[20]|javaObj|"MarkupBegin(\"Paragraph\", \"p\")"|0x5d380d0b
15:35:01.0 (113905212)|SYSTEM_METHOD_EXIT|[5]|TextSegment
15:35:01.0 (113918500)|HEAP_ALLOCATE|[43]|Bytes:28
15:35:01.0 (113927077)|HEAP_ALLOCATE|[43]|Bytes:12
15:35:01.0 (113933203)|HEAP_ALLOCATE|[43]|Bytes:8
15:35:01.0 (113940927)|VARIABLE_SCOPE_BEGIN|[16]|this|ConnectApi.TextSegment|true|false
15:35:01.0 (114000117)|VARIABLE_ASSIGNMENT|[16]|this|{}|0x5be22795
15:35:01.0 (114010135)|VARIABLE_SCOPE_BEGIN|[16]|versionIn|Double|false|false
15:35:01.0 (114021086)|VARIABLE_ASSIGNMENT|[16]|versionIn|34.0
15:35:01.0 (114026168)|VARIABLE_SCOPE_BEGIN|[16]|javaObj|java:sfdc.chatter.connect.api.output.feeds.TextMessageSegmentRepresentation|true|false
15:35:01.0 (114132621)|VARIABLE_ASSIGNMENT|[16]|javaObj|"Text(\"Test 1\")"|0x63f3b1fb
15:35:01.0 (114709040)|SYSTEM_METHOD_EXIT|[5]|MarkupEndSegment
15:35:01.0 (114721649)|HEAP_ALLOCATE|[43]|Bytes:44
15:35:01.0 (114729297)|HEAP_ALLOCATE|[43]|Bytes:12
15:35:01.0 (114735441)|HEAP_ALLOCATE|[43]|Bytes:8
15:35:01.0 (114742758)|VARIABLE_SCOPE_BEGIN|[20]|this|ConnectApi.MarkupEndSegment|true|false
15:35:01.0 (114799216)|VARIABLE_ASSIGNMENT|[20]|this|{}|0x7ebea8db
15:35:01.0 (114806458)|VARIABLE_SCOPE_BEGIN|[20]|versionIn|Double|false|false
15:35:01.0 (114815463)|VARIABLE_ASSIGNMENT|[20]|versionIn|34.0
15:35:01.0 (114819671)|VARIABLE_SCOPE_BEGIN|[20]|javaObj|java:sfdc.chatter.connect.api.output.feeds.MarkupEndMessageSegmentRepresentation|true|false
15:35:01.0 (114914047)|VARIABLE_ASSIGNMENT|[20]|javaObj|"MarkupEnd(\"Paragraph\", \"p\")"|0x67e970d
15:35:01.0 (115486378)|SYSTEM_METHOD_EXIT|[5]|FeedElementCapabilities
15:35:01.0 (115496421)|HEAP_ALLOCATE|[49]|Bytes:236
15:35:01.0 (115502060)|HEAP_ALLOCATE|[49]|Bytes:12
15:35:01.0 (115505825)|HEAP_ALLOCATE|[49]|Bytes:8
15:35:01.0 (115510139)|VARIABLE_SCOPE_BEGIN|[77]|this|ConnectApi.FeedElementCapabilities|true|false
15:35:01.0 (115609096)|VARIABLE_ASSIGNMENT|[77]|this|{}|0x4ceac6d8
15:35:01.0 (115614523)|VARIABLE_SCOPE_BEGIN|[77]|versionIn|Double|false|false
15:35:01.0 (115620905)|VARIABLE_ASSIGNMENT|[77]|versionIn|34.0
15:35:01.0 (115623565)|VARIABLE_SCOPE_BEGIN|[77]|javaObj|java:sfdc.chatter.connect.api.output.feeds.FeedElementCapabilitySetRepresentation|true|false
15:35:01.0 (115704703)|VARIABLE_ASSIGNMENT|[77]|javaObj|"sfdc.chatter.connect.api.output.feeds.FeedElementCapabilitySetRepresentation@32e8dad7"|0x32e8dad7
15:35:01.0 (115940226)|SYSTEM_METHOD_EXIT|[5]|AssociatedActionsCapability
15:35:01.0 (115947967)|HEAP_ALLOCATE|[85]|Bytes:20
15:35:01.0 (115952698)|HEAP_ALLOCATE|[85]|Bytes:12
15:35:01.0 (115956345)|HEAP_ALLOCATE|[85]|Bytes:8
15:35:01.0 (115960297)|VARIABLE_SCOPE_BEGIN|[18]|this|ConnectApi.AssociatedActionsCapability|true|false
15:35:01.0 (115992660)|VARIABLE_ASSIGNMENT|[18]|this|{}|0x391b5421
15:35:01.0 (115997423)|VARIABLE_SCOPE_BEGIN|[18]|versionIn|Double|false|false
15:35:01.0 (116003812)|VARIABLE_ASSIGNMENT|[18]|versionIn|34.0
15:35:01.0 (116008715)|VARIABLE_SCOPE_BEGIN|[18]|javaObj|java:sfdc.chatter.connect.api.output.feeds.AssociatedActionsCapabilityRepresentation|true|false
15:35:01.0 (116076418)|VARIABLE_ASSIGNMENT|[18]|javaObj|"sfdc.chatter.connect.api.output.feeds.AssociatedActionsCapabilityRepresentation@4b2f6af0"|0x4b2f6af0
15:35:01.0 (116557307)|SYSTEM_METHOD_EXIT|[5]|BookmarksCapability
15:35:01.0 (116565300)|HEAP_ALLOCATE|[91]|Bytes:20
15:35:01.0 (116569829)|HEAP_ALLOCATE|[91]|Bytes:12
15:35:01.0 (116573235)|HEAP_ALLOCATE|[91]|Bytes:8
15:35:01.0 (116577098)|VARIABLE_SCOPE_BEGIN|[18]|this|ConnectApi.BookmarksCapability|true|false
15:35:01.0 (116607853)|VARIABLE_ASSIGNMENT|[18]|this|{}|0x51e9a94b
15:35:01.0 (116612412)|VARIABLE_SCOPE_BEGIN|[18]|versionIn|Double|false|false
15:35:01.0 (116617852)|VARIABLE_ASSIGNMENT|[18]|versionIn|34.0
15:35:01.0 (116620245)|VARIABLE_SCOPE_BEGIN|[18]|javaObj|java:sfdc.chatter.connect.api.output.feeds.BookmarksCapabilityRepresentation|true|false
15:35:01.0 (116684443)|VARIABLE_ASSIGNMENT|[18]|javaObj|"sfdc.chatter.connect.api.output.feeds.BookmarksCapabilityRepresentation@25a3efc3"|0x25a3efc3
15:35:01.0 (116943034)|SYSTEM_METHOD_EXIT|[5]|ChatterLikesCapability
15:35:01.0 (116954134)|HEAP_ALLOCATE|[103]|Bytes:44
15:35:01.0 (116959525)|HEAP_ALLOCATE|[103]|Bytes:12
15:35:01.0 (116963312)|HEAP_ALLOCATE|[103]|Bytes:8
15:35:01.0 (116967480)|VARIABLE_SCOPE_BEGIN|[24]|this|ConnectApi.ChatterLikesCapability|true|false
15:35:01.0 (117009473)|VARIABLE_ASSIGNMENT|[24]|this|{}|0x46fa1d0a
15:35:01.0 (117015734)|VARIABLE_SCOPE_BEGIN|[24]|versionIn|Double|false|false
15:35:01.0 (117021811)|VARIABLE_ASSIGNMENT|[24]|versionIn|34.0
15:35:01.0 (117024181)|VARIABLE_SCOPE_BEGIN|[24]|javaObj|java:sfdc.chatter.connect.api.output.feeds.ChatterLikesCapabilityRepresentation|true|false
15:35:01.0 (117088174)|VARIABLE_ASSIGNMENT|[24]|javaObj|"sfdc.chatter.connect.api.output.feeds.ChatterLikesCapabilityRepresentation@763287cf"|0x763287cf
15:35:01.0 (117293222)|SYSTEM_METHOD_EXIT|[5]|MessageBody
15:35:01.0 (117301252)|HEAP_ALLOCATE|[32]|Bytes:36
15:35:01.0 (117305727)|HEAP_ALLOCATE|[32]|Bytes:12
15:35:01.0 (117308990)|HEAP_ALLOCATE|[32]|Bytes:8
15:35:01.0 (117313334)|VARIABLE_SCOPE_BEGIN|[16]|this|ConnectApi.MessageBody|true|false
15:35:01.0 (117353311)|VARIABLE_ASSIGNMENT|[16]|this|{}|0x6a0dcbb3
15:35:01.0 (117358185)|VARIABLE_SCOPE_BEGIN|[16]|versionIn|Double|false|false
15:35:01.0 (117363603)|VARIABLE_ASSIGNMENT|[16]|versionIn|34.0
15:35:01.0 (117365892)|VARIABLE_SCOPE_BEGIN|[16]|javaObj|java:sfdc.chatter.connect.api.output.feeds.MessageBodyRepresentation|true|false
15:35:01.0 (117436210)|VARIABLE_ASSIGNMENT|[16]|javaObj|"\n\u003CMessageBody text(Test User likes this.), isRichText(null) /\u003E"|0x506aecc6
15:35:01.0 (117721105)|SYSTEM_METHOD_EXIT|[5]|EntityLinkSegment
15:35:01.0 (117729365)|HEAP_ALLOCATE|[43]|Bytes:44
15:35:01.0 (117733611)|HEAP_ALLOCATE|[43]|Bytes:12
15:35:01.0 (117736929)|HEAP_ALLOCATE|[43]|Bytes:8
15:35:01.0 (117741133)|VARIABLE_SCOPE_BEGIN|[20]|this|ConnectApi.EntityLinkSegment|true|false
15:35:01.0 (117781645)|VARIABLE_ASSIGNMENT|[20]|this|{}|0x46eea98c
15:35:01.0 (117786929)|VARIABLE_SCOPE_BEGIN|[20]|versionIn|Double|false|false
15:35:01.0 (117792631)|VARIABLE_ASSIGNMENT|[20]|versionIn|34.0
15:35:01.0 (117795089)|VARIABLE_SCOPE_BEGIN|[20]|javaObj|java:sfdc.chatter.connect.api.output.feeds.EntityLinkMessageSegmentRepresentation|true|false
15:35:01.0 (117868463)|VARIABLE_ASSIGNMENT|[20]|javaObj|"EntityLink(\"Test User\")"|0x24805261
15:35:01.0 (118173060)|SYSTEM_METHOD_EXIT|[5]|Motif
15:35:01.0 (118181471)|HEAP_ALLOCATE|[25]|Bytes:52
15:35:01.0 (118185733)|HEAP_ALLOCATE|[25]|Bytes:12
15:35:01.0 (118189017)|HEAP_ALLOCATE|[25]|Bytes:8
15:35:01.0 (118193102)|VARIABLE_SCOPE_BEGIN|[31]|this|ConnectApi.Motif|true|false
15:35:01.0 (118231154)|VARIABLE_ASSIGNMENT|[31]|this|{}|0x20d45511
15:35:01.0 (118235641)|VARIABLE_SCOPE_BEGIN|[31]|versionIn|Double|false|false
15:35:01.0 (118241221)|VARIABLE_ASSIGNMENT|[31]|versionIn|34.0
15:35:01.0 (118243564)|VARIABLE_SCOPE_BEGIN|[31]|javaObj|java:sfdc.common.connect.api.output.common.MotifRepresentation|true|false
15:35:01.0 (118310368)|VARIABLE_ASSIGNMENT|[31]|javaObj|"sfdc.common.connect.api.output.common.MotifRepresentation@275f8111"|0x275f8111
15:35:01.0 (118553310)|SYSTEM_METHOD_EXIT|[5]|Reference
15:35:01.0 (118560474)|HEAP_ALLOCATE|[28]|Bytes:28
15:35:01.0 (118564650)|HEAP_ALLOCATE|[28]|Bytes:12
15:35:01.0 (118567964)|HEAP_ALLOCATE|[28]|Bytes:8
15:35:01.0 (118572269)|VARIABLE_SCOPE_BEGIN|[25]|this|ConnectApi.Reference|true|false
15:35:01.0 (118603053)|VARIABLE_ASSIGNMENT|[25]|this|{}|0x14cefebf
15:35:01.0 (118607327)|VARIABLE_SCOPE_BEGIN|[25]|versionIn|Double|false|false
15:35:01.0 (118612838)|VARIABLE_ASSIGNMENT|[25]|versionIn|34.0
15:35:01.0 (118615260)|VARIABLE_SCOPE_BEGIN|[25]|javaObj|java:sfdc.common.connect.api.output.common.ReferenceRepresentation|true|false
15:35:01.0 (118680382)|VARIABLE_ASSIGNMENT|[25]|javaObj|"sfdc.common.connect.api.output.common.ReferenceRepresentation@32fba51d"|0x32fba51d
15:35:01.0 (119239908)|SYSTEM_METHOD_EXIT|[5]|ChatterLikePage
15:35:01.0 (119248818)|HEAP_ALLOCATE|[38]|Bytes:84
15:35:01.0 (119253077)|HEAP_ALLOCATE|[38]|Bytes:12
15:35:01.0 (119256255)|HEAP_ALLOCATE|[38]|Bytes:8
15:35:01.0 (119271038)|VARIABLE_SCOPE_BEGIN|[39]|this|ConnectApi.ChatterLikePage|true|false
15:35:01.0 (119319300)|VARIABLE_ASSIGNMENT|[39]|this|{}|0x3005128e
15:35:01.0 (119324083)|VARIABLE_SCOPE_BEGIN|[39]|versionIn|Double|false|false
15:35:01.0 (119329688)|VARIABLE_ASSIGNMENT|[39]|versionIn|34.0
15:35:01.0 (119332010)|VARIABLE_SCOPE_BEGIN|[39]|javaObj|java:sfdc.chatter.connect.api.output.feeds.LikeCollectionRepresentation|true|false
15:35:01.0 (119396461)|VARIABLE_ASSIGNMENT|[39]|javaObj|"sfdc.chatter.connect.api.output.feeds.LikeCollectionRepresentation@6b094a96"|0x6b094a96
15:35:01.0 (119840636)|SYSTEM_METHOD_EXIT|[5]|ChatterLike
15:35:01.0 (119853190)|HEAP_ALLOCATE|[59]|Bytes:44
15:35:01.0 (119857592)|HEAP_ALLOCATE|[59]|Bytes:12
15:35:01.0 (119860952)|HEAP_ALLOCATE|[59]|Bytes:8
15:35:01.0 (119866055)|VARIABLE_SCOPE_BEGIN|[29]|this|ConnectApi.ChatterLike|true|false
15:35:01.0 (119903250)|VARIABLE_ASSIGNMENT|[29]|this|{}|0x8d17a4e
15:35:01.0 (119909193)|VARIABLE_SCOPE_BEGIN|[29]|versionIn|Double|false|false
15:35:01.0 (119914762)|VARIABLE_ASSIGNMENT|[29]|versionIn|34.0
15:35:01.0 (119918733)|VARIABLE_SCOPE_BEGIN|[29]|javaObj|java:sfdc.chatter.connect.api.output.feeds.LikeRepresentation|true|false
15:35:01.0 (119985658)|VARIABLE_ASSIGNMENT|[29]|javaObj|"sfdc.chatter.connect.api.output.feeds.LikeRepresentation@676df504"|0x676df504
15:35:01.0 (120405228)|SYSTEM_METHOD_EXIT|[5]|UserSummary
15:35:01.0 (120414028)|HEAP_ALLOCATE|[44]|Bytes:164
15:35:01.0 (120418555)|HEAP_ALLOCATE|[44]|Bytes:12
15:35:01.0 (120422144)|HEAP_ALLOCATE|[44]|Bytes:8
15:35:01.0 (120425863)|VARIABLE_SCOPE_BEGIN|[18]|this|ConnectApi.UserSummary|true|false
15:35:01.0 (120473399)|HEAP_ALLOCATE|[44]|Bytes:344
15:35:01.0 (120481163)|HEAP_ALLOCATE|[44]|Bytes:76
15:35:01.0 (120512888)|SYSTEM_METHOD_ENTRY|[5]|User.User()
15:35:01.0 (120516219)|STATEMENT_EXECUTE|[5]
15:35:01.0 (120525947)|SYSTEM_METHOD_EXIT|[5]|User
15:35:01.0 (120541103)|HEAP_ALLOCATE|[44]|Bytes:204
15:35:01.0 (120547481)|HEAP_ALLOCATE|[44]|Bytes:49
15:35:01.0 (120557102)|SYSTEM_METHOD_ENTRY|[5]|ActorWithId.ActorWithId()
15:35:01.0 (120559396)|STATEMENT_EXECUTE|[5]
15:35:01.0 (120566309)|SYSTEM_METHOD_EXIT|[5]|ActorWithId
15:35:01.0 (120576556)|HEAP_ALLOCATE|[44]|Bytes:116
15:35:01.0 (120581933)|HEAP_ALLOCATE|[44]|Bytes:40
15:35:01.0 (120590090)|SYSTEM_METHOD_ENTRY|[5]|Actor.Actor()
15:35:01.0 (120592455)|STATEMENT_EXECUTE|[5]
15:35:01.0 (120599334)|SYSTEM_METHOD_EXIT|[5]|Actor
15:35:01.0 (120628616)|VARIABLE_ASSIGNMENT|[18]|this|{}|0x7fe41a05
15:35:01.0 (120632807)|VARIABLE_SCOPE_BEGIN|[18]|versionIn|Double|false|false
15:35:01.0 (120638788)|VARIABLE_ASSIGNMENT|[18]|versionIn|34.0
15:35:01.0 (120641144)|VARIABLE_SCOPE_BEGIN|[18]|javaObj|java:sfdc.chatter.connect.api.output.user.UserSummaryRepresentation|true|false
15:35:01.0 (120718979)|VARIABLE_ASSIGNMENT|[18]|javaObj|"\n\u003CUser id(00550000005d7KnAAI) name(Test User) /\u003E"|0x5e98a295
15:35:01.0 (121418304)|SYSTEM_METHOD_EXIT|[5]|Photo
15:35:01.0 (121426354)|HEAP_ALLOCATE|[64]|Bytes:68
15:35:01.0 (121430628)|HEAP_ALLOCATE|[64]|Bytes:12
15:35:01.0 (121433873)|HEAP_ALLOCATE|[64]|Bytes:8
15:35:01.0 (121437877)|VARIABLE_SCOPE_BEGIN|[35]|this|ConnectApi.Photo|true|false
15:35:01.0 (121480563)|VARIABLE_ASSIGNMENT|[35]|this|{}|0x5d98b002
15:35:01.0 (121485420)|VARIABLE_SCOPE_BEGIN|[35]|versionIn|Double|false|false
15:35:01.0 (121491120)|VARIABLE_ASSIGNMENT|[35]|versionIn|34.0
15:35:01.0 (121493600)|VARIABLE_SCOPE_BEGIN|[35]|javaObj|java:sfdc.chatter.connect.api.output.photo.PhotoRepresentation|true|false
15:35:01.0 (121561357)|VARIABLE_ASSIGNMENT|[35]|javaObj|"sfdc.chatter.connect.api.output.photo.PhotoRepresentation@55d5bb60"|0x55d5bb60
15:35:01.0 (123509275)|SYSTEM_METHOD_EXIT|[5]|CommentsCapability
15:35:01.0 (123518488)|HEAP_ALLOCATE|[106]|Bytes:20
15:35:01.0 (123523900)|HEAP_ALLOCATE|[106]|Bytes:12
15:35:01.0 (123527238)|HEAP_ALLOCATE|[106]|Bytes:8
15:35:01.0 (123531260)|VARIABLE_SCOPE_BEGIN|[18]|this|ConnectApi.CommentsCapability|true|false
15:35:01.0 (123568721)|VARIABLE_ASSIGNMENT|[18]|this|{}|0x11a92035
15:35:01.0 (123573661)|VARIABLE_SCOPE_BEGIN|[18]|versionIn|Double|false|false
15:35:01.0 (123580525)|VARIABLE_ASSIGNMENT|[18]|versionIn|34.0
15:35:01.0 (123583064)|VARIABLE_SCOPE_BEGIN|[18]|javaObj|java:sfdc.chatter.connect.api.output.feeds.CommentsCapabilityRepresentation|true|false
15:35:01.0 (123659171)|VARIABLE_ASSIGNMENT|[18]|javaObj|"sfdc.chatter.connect.api.output.feeds.CommentsCapabilityRepresentation@9a98aa2"|0x9a98aa2
15:35:01.0 (123856960)|SYSTEM_METHOD_EXIT|[5]|CommentPage
15:35:01.0 (123864386)|HEAP_ALLOCATE|[23]|Bytes:68
15:35:01.0 (123868794)|HEAP_ALLOCATE|[23]|Bytes:12
15:35:01.0 (123872315)|HEAP_ALLOCATE|[23]|Bytes:8
15:35:01.0 (123876329)|VARIABLE_SCOPE_BEGIN|[35]|this|ConnectApi.CommentPage|true|false
15:35:01.0 (123919760)|VARIABLE_ASSIGNMENT|[35]|this|{}|0x715f2e4c
15:35:01.0 (123924904)|VARIABLE_SCOPE_BEGIN|[35]|versionIn|Double|false|false
15:35:01.0 (123930541)|VARIABLE_ASSIGNMENT|[35]|versionIn|34.0
15:35:01.0 (123932988)|VARIABLE_SCOPE_BEGIN|[35]|javaObj|java:sfdc.chatter.connect.api.output.feeds.FeedElementCommentCollectionRepresentation|true|false
15:35:01.0 (123998120)|VARIABLE_ASSIGNMENT|[35]|javaObj|"sfdc.chatter.connect.api.output.feeds.FeedElementCommentCollectionRepresentation@ea17e55"|0xea17e55
15:35:01.0 (124355979)|SYSTEM_METHOD_EXIT|[5]|Comment
15:35:01.0 (124364784)|HEAP_ALLOCATE|[48]|Bytes:156
15:35:01.0 (124369263)|HEAP_ALLOCATE|[48]|Bytes:12
15:35:01.0 (124372795)|HEAP_ALLOCATE|[48]|Bytes:8
15:35:01.0 (124377993)|VARIABLE_SCOPE_BEGIN|[57]|this|ConnectApi.Comment|true|false
15:35:01.0 (124448501)|VARIABLE_ASSIGNMENT|[57]|this|{}|0x56d15f3c
15:35:01.0 (124454600)|VARIABLE_SCOPE_BEGIN|[57]|versionIn|Double|false|false
15:35:01.0 (124460527)|VARIABLE_ASSIGNMENT|[57]|versionIn|34.0
15:35:01.0 (124464779)|VARIABLE_SCOPE_BEGIN|[57]|javaObj|java:sfdc.chatter.connect.api.output.feeds.CommentRepresentation|true|false
15:35:01.0 (124941436)|VARIABLE_ASSIGNMENT|[57]|javaObj|"\n\u003CComment id(0D750000002KRgU) parent(sfdc.common.connect.api.output.common.ReferenceRepresentation@13e823de) \u003E\n\u003CFeedBody text(Test), isRichText(false) /\u003E\n\u003CUser id(00550000005d7KnAAI) name(Test User) /\u003E\n\u003C/Comment"|0x1b4d42a1
15:35:01.0 (125627873)|SYSTEM_METHOD_EXIT|[5]|CommentCapabilities
15:35:01.0 (125636472)|HEAP_ALLOCATE|[68]|Bytes:28
15:35:01.0 (125640966)|HEAP_ALLOCATE|[68]|Bytes:12
15:35:01.0 (125644379)|HEAP_ALLOCATE|[68]|Bytes:8
15:35:01.0 (125649531)|VARIABLE_SCOPE_BEGIN|[25]|this|ConnectApi.CommentCapabilities|true|false
15:35:01.0 (125682657)|VARIABLE_ASSIGNMENT|[25]|this|{}|0x1e1bd44b
15:35:01.0 (125688195)|VARIABLE_SCOPE_BEGIN|[25]|versionIn|Double|false|false
15:35:01.0 (125693983)|VARIABLE_ASSIGNMENT|[25]|versionIn|34.0
15:35:01.0 (125697912)|VARIABLE_SCOPE_BEGIN|[25]|javaObj|java:sfdc.chatter.connect.api.output.feeds.CommentCapabilitySetRepresentation|true|false
15:35:01.0 (125765951)|VARIABLE_ASSIGNMENT|[25]|javaObj|"sfdc.chatter.connect.api.output.feeds.CommentCapabilitySetRepresentation@426f500b"|0x426f500b
15:35:01.0 (128232652)|SYSTEM_METHOD_EXIT|[5]|MentionSegment
15:35:01.0 (128242544)|HEAP_ALLOCATE|[43]|Bytes:60
15:35:01.0 (128247822)|HEAP_ALLOCATE|[43]|Bytes:12
15:35:01.0 (128251166)|HEAP_ALLOCATE|[43]|Bytes:8
15:35:01.0 (128256998)|VARIABLE_SCOPE_BEGIN|[24]|this|ConnectApi.MentionSegment|true|false
15:35:01.0 (128313468)|VARIABLE_ASSIGNMENT|[24]|this|{}|0x61626db9
15:35:01.0 (128319206)|VARIABLE_SCOPE_BEGIN|[24]|versionIn|Double|false|false
15:35:01.0 (128326852)|VARIABLE_ASSIGNMENT|[24]|versionIn|34.0
15:35:01.0 (128331187)|VARIABLE_SCOPE_BEGIN|[24]|javaObj|java:sfdc.chatter.connect.api.output.feeds.MentionMessageSegmentRepresentation|true|false
15:35:01.0 (128747692)|VARIABLE_ASSIGNMENT|[24]|javaObj|"Mention(\"Test User\",00550000005d7KnAAI,true)"|0x219b5452
15:35:01.0 (138122360)|SYSTEM_METHOD_EXIT|[5]|InteractionsCapability
15:35:01.0 (138136758)|HEAP_ALLOCATE|[127]|Bytes:20
15:35:01.0 (138143877)|HEAP_ALLOCATE|[127]|Bytes:12
15:35:01.0 (138148040)|HEAP_ALLOCATE|[127]|Bytes:8
15:35:01.0 (138153449)|VARIABLE_SCOPE_BEGIN|[18]|this|ConnectApi.InteractionsCapability|true|false
15:35:01.0 (138217784)|VARIABLE_ASSIGNMENT|[18]|this|{}|0x19ccb762
15:35:01.0 (138222890)|VARIABLE_SCOPE_BEGIN|[18]|versionIn|Double|false|false
15:35:01.0 (138232596)|VARIABLE_ASSIGNMENT|[18]|versionIn|34.0
15:35:01.0 (138234928)|VARIABLE_SCOPE_BEGIN|[18]|javaObj|java:sfdc.chatter.connect.api.output.feeds.InteractionsCapabilityRepresentation|true|false
15:35:01.0 (138375858)|VARIABLE_ASSIGNMENT|[18]|javaObj|"sfdc.chatter.connect.api.output.feeds.InteractionsCapabilityRepresentation@52a63025"|0x52a63025
15:35:01.0 (138620018)|SYSTEM_METHOD_EXIT|[5]|MuteCapability
15:35:01.0 (138626815)|HEAP_ALLOCATE|[136]|Bytes:20
15:35:01.0 (138631106)|HEAP_ALLOCATE|[136]|Bytes:12
15:35:01.0 (138634401)|HEAP_ALLOCATE|[136]|Bytes:8
15:35:01.0 (138638368)|VARIABLE_SCOPE_BEGIN|[18]|this|ConnectApi.MuteCapability|true|false
15:35:01.0 (138669035)|VARIABLE_ASSIGNMENT|[18]|this|{}|0x20db906d
15:35:01.0 (138673818)|VARIABLE_SCOPE_BEGIN|[18]|versionIn|Double|false|false
15:35:01.0 (138679479)|VARIABLE_ASSIGNMENT|[18]|versionIn|34.0
15:35:01.0 (138682038)|VARIABLE_SCOPE_BEGIN|[18]|javaObj|java:sfdc.chatter.connect.api.output.feeds.MuteCapabilityRepresentation|true|false
15:35:01.0 (138744873)|VARIABLE_ASSIGNMENT|[18]|javaObj|"sfdc.chatter.connect.api.output.feeds.MuteCapabilityRepresentation@5b1969e0"|0x5b1969e0
15:35:01.0 (138998152)|SYSTEM_METHOD_EXIT|[5]|StatusCapability
15:35:01.0 (139005372)|HEAP_ALLOCATE|[157]|Bytes:28
15:35:01.0 (139010666)|HEAP_ALLOCATE|[157]|Bytes:12
15:35:01.0 (139013926)|HEAP_ALLOCATE|[157]|Bytes:8
15:35:01.0 (139017573)|VARIABLE_SCOPE_BEGIN|[20]|this|ConnectApi.StatusCapability|true|false
15:35:01.0 (139051539)|VARIABLE_ASSIGNMENT|[20]|this|{}|0x2792a246
15:35:01.0 (139055960)|VARIABLE_SCOPE_BEGIN|[20]|versionIn|Double|false|false
15:35:01.0 (139061632)|VARIABLE_ASSIGNMENT|[20]|versionIn|34.0
15:35:01.0 (139063868)|VARIABLE_SCOPE_BEGIN|[20]|javaObj|java:sfdc.chatter.connect.api.output.feeds.StatusCapabilityRepresentation|true|false
15:35:01.0 (139126170)|VARIABLE_ASSIGNMENT|[20]|javaObj|"sfdc.chatter.connect.api.output.feeds.StatusCapabilityRepresentation@44d69989"|0x44d69989
15:35:01.0 (139622027)|SYSTEM_METHOD_EXIT|[5]|TopicsCapability
15:35:01.0 (139629382)|HEAP_ALLOCATE|[160]|Bytes:28
15:35:01.0 (139633617)|HEAP_ALLOCATE|[160]|Bytes:12
15:35:01.0 (139636974)|HEAP_ALLOCATE|[160]|Bytes:8
15:35:01.0 (139641010)|VARIABLE_SCOPE_BEGIN|[20]|this|ConnectApi.TopicsCapability|true|false
15:35:01.0 (139675471)|VARIABLE_ASSIGNMENT|[20]|this|{}|0x38723186
15:35:01.0 (139680036)|VARIABLE_SCOPE_BEGIN|[20]|versionIn|Double|false|false
15:35:01.0 (139685919)|VARIABLE_ASSIGNMENT|[20]|versionIn|34.0
15:35:01.0 (139688182)|VARIABLE_SCOPE_BEGIN|[20]|javaObj|java:sfdc.chatter.connect.api.output.feeds.TopicsCapabilityRepresentation|true|false
15:35:01.0 (139751098)|VARIABLE_ASSIGNMENT|[20]|javaObj|"sfdc.chatter.connect.api.output.feeds.TopicsCapabilityRepresentation@28341901"|0x28341901
15:35:01.0 (166372326)|METHOD_EXIT|[67]||ConnectApi.ChatterFeeds.getFeedElementsFromFeed(String, ConnectApi.FeedType, String)
15:35:01.0 (166387803)|VARIABLE_SCOPE_BEGIN|[67]|fep|ConnectApi.FeedElementPage|true|false
15:35:01.0 (166479954)|VARIABLE_ASSIGNMENT|[67]|fep|{}|0xfea571b
15:35:01.0 (166485738)|STATEMENT_EXECUTE|[68]
15:35:01.0 (166560680)|HEAP_ALLOCATE|[68]|Bytes:84
15:35:01.0 (166570332)|VARIABLE_SCOPE_BEGIN|[105]|this|ConnectApi.FeedElementPage|true|false
15:35:01.0 (166612033)|VARIABLE_ASSIGNMENT|[105]|this|{}|0xfea571b
15:35:01.0 (248890545)|USER_DEBUG|[68]|DEBUG|ConnectApi.FeedElementPage[buildVersion=34.0, currentPageToken=null, currentPageUrl=/services/data/v34.0/chatter/feeds/user-profile/00550000005cg71AAA/feed-elements, elements=(ConnectApi.FeedItem[buildVersion=34.0, actor=ConnectApi.UserSummary[buildVersion=34.0, additionalLabel=null, communityNickname=bfffollow1.4689653052892656E12, companyName=BFFFollow, displayName=Jaswinder Rattanpal, firstName=Jaswinder, id=00550000005cg71AAA, isActive=true, isInThisCommunity=true, lastName=Rattanpal, motif=ConnectApi.Motif[buildVersion=34.0, color=65CAE4, largeIconUrl=/img/icon/profile64.png, mediumIconUrl=/img/icon/profile32.png, smallIconUrl=/img/icon/profile16.png, svgIconUrl=null], mySubscription=null, name=Jaswinder Rattanpal, photo=ConnectApi.Photo[buildVersion=34.0, fullEmailPhotoUrl=https://bfffollow-dev-ed.my.salesforce.com/img/userprofile/default_profile_200.png?fromEmail=1, largePhotoUrl=https://bfffollow-dev-ed--c.na3.content.force.com/profilephoto/005/F, photoVersionId=null, smallPhotoUrl=https://bfffollow-dev-ed--c.na3.content.force.com/profilephoto/005/T, standardEmailPhotoUrl=https://bfffollow-dev-ed.my.salesforce.com/img/userprofile/default_profile_45.png?fromEmail=1, url=/services/data/v34.0/chatter/users/00550000005cg71AAA/photo], reputation=null, title=null, type=User, url=/services/data/v34.0/chatter/users/00550000005cg71AAA, userType=Internal], body=ConnectApi.FeedBody[buildVersion=34.0, messageSegments=(ConnectApi.MarkupBeginSegment[buildVersion=34.0, text=, type=MarkupBegin], ConnectApi.TextSegment[buildVersion=34.0, text=Test 1, type=Text], ConnectApi.MarkupEndSegment[buildVersion=34.0, text=
, type=MarkupEnd]), text=Test 1
], canShare=true, capabilities=ConnectApi.FeedElementCapabilities[buildVersion=34.0, approval=null, associatedActions=ConnectApi.AssociatedActionsCapability[buildVersion=34.0, platformActionGroups=()], banner=null, bookmarks=ConnectApi.BookmarksCapability[buildVersion=34.0, isBookmarkedByCurrentUser=false], bundle=null, canvas=null, caseComment=null, chatterLikes=ConnectApi.ChatterLikesCapability[buildVersion=34.0, isLikedByCurrentUser=false, likesMessage=ConnectApi.MessageBody[buildVersion=34.0, messageSegments=(ConnectApi.EntityLinkSegment[buildVersion=34.0, motif=ConnectApi.Motif[buildVersion=34.0, color=65CAE4, largeIconUrl=/img/icon/profile64.png, mediumIconUrl=/img/icon/profile32.png, smallIconUrl=/img/icon/profile16.png, svgIconUrl=null], reference=ConnectApi.Reference[buildVersion=34.0, id=00550000005d7KnAAI, url=/services/data/v34.0/chatter/users/00550000005d7KnAAI], text=Test User, type=EntityLink], ConnectApi.TextSegment[buildVersion=34.0, text= likes this., type=Text]), text=Test User likes this.], myLike=null, page=ConnectApi.ChatterLikePage[buildVersion=34.0, currentPageToken=0, currentPageUrl=/services/data/v34.0/chatter/feed-elements/0D55000003LmBsDCAV/capabilities/chatter-likes/items, items=(ConnectApi.ChatterLike[buildVersion=34.0, id=0I050000001eN0WCAU, likedItem=ConnectApi.Reference[buildVersion=34.0, id=0D55000003LmBsDCAV, url=/services/data/v34.0/chatter/feed-elements/0D55000003LmBsDCAV], url=/services/data/v34.0/chatter/likes/0I050000001eN0WCAU, user=ConnectApi.UserSummary[buildVersion=34.0, additionalLabel=null, communityNickname=jrattanpal, companyName=null, displayName=Test User, firstName=Test, id=00550000005d7KnAAI, isActive=true, isInThisCommunity=true, lastName=User, motif=ConnectApi.Motif[buildVersion=34.0, color=65CAE4, largeIconUrl=/img/icon/profile64.png, mediumIconUrl=/img/icon/profile32.png, smallIconUrl=/img/icon/profile16.png, svgIconUrl=null], mySubscription=ConnectApi.Reference[buildVersion=34.0, id=0E85000000Dvxc2CAB, url=/services/data/v34.0/chatter/subscriptions/0E85000000Dvxc2CAB], name=Test User, photo=ConnectApi.Photo[buildVersion=34.0, fullEmailPhotoUrl=https://bfffollow-dev-ed.my.salesforce.com/img/userprofile/default_profile_200.png?fromEmail=1, largePhotoUrl=https://bfffollow-dev-ed--c.na3.content.force.com/profilephoto/005/F, photoVersionId=null, smallPhotoUrl=https://bfffollow-dev-ed--c.na3.content.force.com/profilephoto/005/T, standardEmailPhotoUrl=https://bfffollow-dev-ed.my.salesforce.com/img/userprofile/default_profile_45.png?fromEmail=1, url=/services/data/v34.0/chatter/users/00550000005d7KnAAI/photo], reputation=null, title=null, type=User, url=/services/data/v34.0/chatter/users/00550000005d7KnAAI, userType=Internal]]), nextPageToken=null, nextPageUrl=null, previousPageToken=null, previousPageUrl=null, total=1]], comments=ConnectApi.CommentsCapability[buildVersion=34.0, page=ConnectApi.CommentPage[buildVersion=34.0, currentPageToken=null, currentPageUrl=/services/data/v34.0/chatter/feed-elements/0D55000003LmBsDCAV/capabilities/comments/items, items=(ConnectApi.Comment[buildVersion=34.0, body=ConnectApi.FeedBody[buildVersion=34.0, messageSegments=(ConnectApi.TextSegment[buildVersion=34.0, text=Test, type=Text]), text=Test], capabilities=ConnectApi.CommentCapabilities[buildVersion=34.0, content=null, edit=null], clientInfo=null, createdDate=2016-07-21 10:45:26, feedElement=ConnectApi.Reference[buildVersion=34.0, id=0D55000003LmBsDCAV, url=/services/data/v34.0/chatter/feed-elements/0D55000003LmBsDCAV], id=0D750000002KRgUCAW, isDeleteRestricted=false, likes=ConnectApi.ChatterLikePage[buildVersion=34.0, currentPageToken=null, currentPageUrl=/services/data/v34.0/chatter/comments/0D750000002KRgUCAW/likes, items=(), nextPageToken=null, nextPageUrl=null, previousPageToken=null, previousPageUrl=null, total=0], likesMessage=null, moderationFlags=null, myLike=null, parent=ConnectApi.Reference[buildVersion=34.0, id=00550000005cg71AAA, url=/services/data/v34.0/chatter/users/00550000005cg71AAA], relativeCreatedDate=4h ago, type=TextComment, url=/services/data/v34.0/chatter/comments/0D750000002KRgUCAW, user=ConnectApi.UserSummary[buildVersion=34.0, additionalLabel=null, communityNickname=jrattanpal, companyName=null, displayName=Test User, firstName=Test, id=00550000005d7KnAAI, isActive=true, isInThisCommunity=true, lastName=User, motif=ConnectApi.Motif[buildVersion=34.0, color=65CAE4, largeIconUrl=/img/icon/profile64.png, mediumIconUrl=/img/icon/profile32.png, smallIconUrl=/img/icon/profile16.png, svgIconUrl=null], mySubscription=ConnectApi.Reference[buildVersion=34.0, id=0E85000000Dvxc2CAB, url=/services/data/v34.0/chatter/subscriptions/0E85000000Dvxc2CAB], name=Test User, photo=ConnectApi.Photo[buildVersion=34.0, fullEmailPhotoUrl=https://bfffollow-dev-ed.my.salesforce.com/img/userprofile/default_profile_200.png?fromEmail=1, largePhotoUrl=https://bfffollow-dev-ed--c.na3.content.force.com/profilephoto/005/F, photoVersionId=null, smallPhotoUrl=https://bfffollow-dev-ed--c.na3.content.force.com/profilephoto/005/T, standardEmailPhotoUrl=https://bfffollow-dev-ed.my.salesforce.com/img/userprofile/default_profile_45.png?fromEmail=1, url=/services/data/v34.0/chatter/users/00550000005d7KnAAI/photo], reputation=null, title=null, type=User, url=/services/data/v34.0/chatter/users/00550000005d7KnAAI, userType=Internal]], ConnectApi.Comment[buildVersion=34.0, body=ConnectApi.FeedBody[buildVersion=34.0, messageSegments=(ConnectApi.MentionSegment[buildVersion=34.0, accessible=true, name=Test User, record=ConnectApi.UserSummary[buildVersion=34.0, additionalLabel=null, communityNickname=jrattanpal, companyName=null, displayName=Test User, firstName=Test, id=00550000005d7KnAAI, isActive=true, isInThisCommunity=true, lastName=User, motif=ConnectApi.Motif[buildVersion=34.0, color=65CAE4, largeIconUrl=/img/icon/profile64.png, mediumIconUrl=/img/icon/profile32.png, smallIconUrl=/img/icon/profile16.png, svgIconUrl=null], mySubscription=ConnectApi.Reference[buildVersion=34.0, id=0E85000000Dvxc2CAB, url=/services/data/v34.0/chatter/subscriptions/0E85000000Dvxc2CAB], name=Test User, photo=ConnectApi.Photo[buildVersion=34.0, fullEmailPhotoUrl=https://bfffollow-dev-ed.my.salesforce.com/img/userprofile/default_profile_200.png?fromEmail=1, largePhotoUrl=https://bfffollow-dev-ed--c.na3.content.force.com/profilephoto/005/F, photoVersionId=null, smallPhotoUrl=https://bfffollow-dev-ed--c.na3.content.force.com/profilephoto/005/T, standardEmailPhotoUrl=https://bfffollow-dev-ed.my.salesforce.com/img/userprofile/default_profile_45.png?fromEmail=1, url=/services/data/v34.0/chatter/users/00550000005d7KnAAI/photo], reputation=null, title=null, type=User, url=/services/data/v34.0/chatter/users/00550000005d7KnAAI, userType=Internal], text=@Test User, type=Mention]), text=@Test User], capabilities=ConnectApi.CommentCapabilities[buildVersion=34.0, content=null, edit=null], clientInfo=null, createdDate=2016-07-21 10:45:59, feedElement=ConnectApi.Reference[buildVersion=34.0, id=0D55000003LmBsDCAV, url=/services/data/v34.0/chatter/feed-elements/0D55000003LmBsDCAV], id=0D750000002KRl0CAG, isDeleteRestricted=false, likes=ConnectApi.ChatterLikePage[buildVersion=34.0, currentPageToken=null, currentPageUrl=/services/data/v34.0/chatter/comments/0D750000002KRl0CAG/likes, items=(), nextPageToken=null, nextPageUrl=null, previousPageToken=null, previousPageUrl=null, total=0], likesMessage=null, moderationFlags=null, myLike=null, parent=ConnectApi.Reference[buildVersion=34.0, id=00550000005cg71AAA, url=/services/data/v34.0/chatter/users/00550000005cg71AAA], relativeCreatedDate=4h ago, type=TextComment, url=/services/data/v34.0/chatter/comments/0D750000002KRl0CAG, user=ConnectApi.UserSummary[buildVersion=34.0, additionalLabel=null, communityNickname=bfffollow1.4689653052892656E12, companyName=BFFFollow, displayName=Jaswinder Rattanpal, firstName=Jaswinder, id=00550000005cg71AAA, isActive=true, isInThisCommunity=true, lastName=Rattanpal, motif=ConnectApi.Motif[buildVersion=34.0, color=65CAE4, largeIconUrl=/img/icon/profile64.png, mediumIconUrl=/img/icon/profile32.png, smallIconUrl=/img/icon/profile16.png, svgIconUrl=null], mySubscription=null, name=Jaswinder Rattanpal, photo=ConnectApi.Photo[buildVersion=34.0, fullEmailPhotoUrl=https://bfffollow-dev-ed.my.salesforce.com/img/userprofile/default_profile_200.png?fromEmail=1, largePhotoUrl=https://bfffollow-dev-ed--c.na3.content.force.com/profilephoto/005/F, photoVersionId=null, smallPhotoUrl=https://bfffollow-dev-ed--c.na3.content.force.com/profilephoto/005/T, standardEmailPhotoUrl=https://bfffollow-dev-ed.my.salesforce.com/img/userprofile/default_profile_45.png?fromEmail=1, url=/services/data/v34.0/chatter/users/00550000005cg71AAA/photo], reputation=null, title=null, type=User, url=/services/data/v34.0/chatter/users/00550000005cg71AAA, userType=Internal]]), nextPageToken=null, nextPageUrl=null, total=2]], content=null, dashboardComponentSnapshot=null, edit=null, emailMessage=null, enhancedLink=null, link=null, moderation=null, origin=null, poll=null, questionAndAnswers=null, recommendations=null, recordSnapshot=null, topics=ConnectApi.TopicsCapability[buildVersion=34.0, canAssignTopics=true, items=()], trackedChanges=null], clientInfo=null, createdDate=2016-07-21 00:33:49, event=false, feedElementType=FeedItem, header=ConnectApi.MessageBody[buildVersion=34.0, messageSegments=(ConnectApi.EntityLinkSegment[buildVersion=34.0, motif=ConnectApi.Motif[buildVersion=34.0, color=65CAE4, largeIconUrl=/img/icon/profile64.png, mediumIconUrl=/img/icon/profile32.png, smallIconUrl=/img/icon/profile16.png, svgIconUrl=null], reference=ConnectApi.Reference[buildVersion=34.0, id=00550000005cg71AAA, url=/services/data/v34.0/chatter/users/00550000005cg71AAA], text=Jaswinder Rattanpal, type=EntityLink]), text=Jaswinder Rattanpal], id=0D55000003LmBsDCAV, isDeleteRestricted=false, modifiedDate=2016-07-21 10:45:59, originalFeedItem=null, originalFeedItemActor=null, parent=ConnectApi.UserSummary[buildVersion=34.0, additionalLabel=null, communityNickname=bfffollow1.4689653052892656E12, companyName=BFFFollow, displayName=Jaswinder Rattanpal, firstName=Jaswinder, id=00550000005cg71AAA, isActive=true, isInThisCommunity=true, lastName=Rattanpal, motif=ConnectApi.Motif[buildVersion=34.0, color=65CAE4, largeIconUrl=/img/icon/profile64.png, mediumIconUrl=/img/icon/profile32.png, smallIconUrl=/img/icon/profile16.png, svgIconUrl=null], mySubscription=null, name=Jaswinder Rattanpal, photo=ConnectApi.Photo[buildVersion=34.0, fullEmailPhotoUrl=https://bfffollow-dev-ed.my.salesforce.com/img/userprofile/default_profile_200.png?fromEmail=1, largePhotoUrl=https://bfffollow-dev-ed--c.na3.content.force.com/profilephoto/005/F, photoVersionId=null, smallPhotoUrl=https://bfffollow-dev-ed--c.na3.content.force.com/profilephoto/005/T, standardEmailPhotoUrl=https://bfffollow-dev-ed.my.salesforce.com/img/userprofile/default_profile_45.png?fromEmail=1, url=/services/data/v34.0/chatter/users/00550000005cg71AAA/photo], reputation=null, title=null, type=User, url=/services/data/v34.0/chatter/users/00550000005cg71AAA, userType=Internal], photoUrl=https://bfffollow-dev-ed--c.na3.content.force.com/profilephoto/005/T, relativeCreatedDate=15h ago, type=TextPost, url=/services/data/v34.0/chatter/feed-elements/0D55000003LmBsDCAV, visibility=AllUsers], ConnectApi.FeedItem[buildVersion=34.0, actor=ConnectApi.UserSummary[buildVersion=34.0, additionalLabel=null, communityNickname=bfffollow1.4689653052892656E12, companyName=BFFFollow, displayName=Jaswinder Rattanpal, firstName=Jaswinder, id=00550000005cg71AAA, isActive=true, isInThisCommunity=true, lastName=Rattanpal, motif=ConnectApi.Motif[buildVersion=34.0, color=65CAE4, largeIconUrl=/img/icon/profile64.png, mediumIconUrl=/img/icon/profile32.png, smallIconUrl=/img/icon/profile16.png, svgIconUrl=null], mySubscription=null, name=Jaswinder Rattanpal, photo=ConnectApi.Photo[buildVersion=34.0, fullEmailPhotoUrl=https://bfffollow-dev-ed.my.salesforce.com/img/userprofile/default_profile_200.png?fromEmail=1, largePhotoUrl=https://bfffollow-dev-ed--c.na3.content.force.com/profilephoto/005/F, photoVersionId=null, smallPhotoUrl=https://bfffollow-dev-ed--c.na3.content.force.com/profilephoto/005/T, standardEmailPhotoUrl=https://bfffollow-dev-ed.my.salesforce.com/img/userprofile/default_profile_45.png?fromEmail=1, url=/services/data/v34.0/chatter/users/00550000005cg71AAA/photo], reputation=null, title=null, type=User, url=/services/data/v34.0/chatter/users/00550000005cg71AAA, userType=Internal], body=ConnectApi.FeedBody[buildVersion=34.0, messageSegments=(), text=null], canShare=false, capabilities=ConnectApi.FeedElementCapabilities[buildVersion=34.0, approval=null, associatedActions=ConnectApi.AssociatedActionsCapability[buildVersion=34.0, platformActionGroups=()], banner=null, bookmarks=ConnectApi.BookmarksCapability[buildVersion=34.0, isBookmarkedByCurrentUser=false], bundle=null, canvas=null, caseComment=null, chatterLikes=ConnectApi.ChatterLikesCapability[buildVersion=34.0, isLikedByCurrentUser=false, likesMessage=null, myLike=null, page=ConnectApi.ChatterLikePage[buildVersion=34.0, currentPageToken=0, currentPageUrl=/services/data/v34.0/chatter/feed-elements/0D55000003LmBs8CAF/capabilities/chatter-likes/items, items=(), nextPageToken=null, nextPageUrl=null, previousPageToken=null, previousPageUrl=null, total=0]], comments=ConnectApi.CommentsCapability[buildVersion=34.0, page=ConnectApi.CommentPage[buildVersion=34.0, currentPageToken=null, currentPageUrl=/services/data/v34.0/chatter/feed-elements/0D55000003LmBs8CAF/capabilities/comments/items, items=(), nextPageToken=null, nextPageUrl=null, total=0]], content=null, dashboardComponentSnapshot=null, edit=null, emailMessage=null, enhancedLink=null, link=null, moderation=null, origin=null, poll=null, questionAndAnswers=null, recommendations=null, recordSnapshot=null, topics=ConnectApi.TopicsCapability[buildVersion=34.0, canAssignTopics=true, items=()], trackedChanges=null], clientInfo=null, createdDate=2016-07-21 00:33:42, event=false, feedElementType=FeedItem, header=ConnectApi.MessageBody[buildVersion=34.0, messageSegments=(ConnectApi.EntityLinkSegment[buildVersion=34.0, motif=ConnectApi.Motif[buildVersion=34.0, color=65CAE4, largeIconUrl=/img/icon/profile64.png, mediumIconUrl=/img/icon/profile32.png, smallIconUrl=/img/icon/profile16.png, svgIconUrl=null], reference=ConnectApi.Reference[buildVersion=34.0, id=00550000005cg71AAA, url=/services/data/v34.0/chatter/users/00550000005cg71AAA], text=Jaswinder Rattanpal, type=EntityLink], ConnectApi.TextSegment[buildVersion=34.0, text= created the public group , type=Text], ConnectApi.EntityLinkSegment[buildVersion=34.0, motif=ConnectApi.Motif[buildVersion=34.0, color=83B6FF, largeIconUrl=/img/icon/groups64.png, mediumIconUrl=/img/icon/groups32.png, smallIconUrl=/img/icon/groups16.png, svgIconUrl=null], reference=ConnectApi.Reference[buildVersion=34.0, id=0F950000000YJ5jCAG, url=/services/data/v34.0/chatter/groups/0F950000000YJ5jCAG], text=All BFFFollow, type=EntityLink], ConnectApi.TextSegment[buildVersion=34.0, text=., type=Text]), text=Jaswinder Rattanpal created the public group All BFFFollow.], id=0D55000003LmBs8CAF, isDeleteRestricted=true, modifiedDate=2016-07-21 00:33:42, originalFeedItem=null, originalFeedItemActor=null, parent=ConnectApi.UserSummary[buildVersion=34.0, additionalLabel=null, communityNickname=bfffollow1.4689653052892656E12, companyName=BFFFollow, displayName=Jaswinder Rattanpal, firstName=Jaswinder, id=00550000005cg71AAA, isActive=true, isInThisCommunity=true, lastName=Rattanpal, motif=ConnectApi.Motif[buildVersion=34.0, color=65CAE4, largeIconUrl=/img/icon/profile64.png, mediumIconUrl=/img/icon/profile32.png, smallIconUrl=/img/icon/profile16.png, svgIconUrl=null], mySubscription=null, name=Jaswinder Rattanpal, photo=ConnectApi.Photo[buildVersion=34.0, fullEmailPhotoUrl=https://bfffollow-dev-ed.my.salesforce.com/img/userprofile/default_profile_200.png?fromEmail=1, largePhotoUrl=https://bfffollow-dev-ed--c.na3.content.force.com/profilephoto/005/F, photoVersionId=null, smallPhotoUrl=https://bfffollow-dev-ed--c.na3.content.force.com/profilephoto/005/T, standardEmailPhotoUrl=https://bfffollow-dev-ed.my.salesforce.com/img/userprofile/default_profile_45.png?fromEmail=1, url=/services/data/v34.0/chatter/users/00550000005cg71AAA/photo], reputation=null, title=null, type=User, url=/services/data/v34.0/chatter/users/00550000005cg71AAA, userType=Internal], photoUrl=https://bfffollow-dev-ed--c.na3.content.force.com/profilephoto/005/T, relativeCreatedDate=15h ago, type=CollaborationGroupCreated, url=/services/data/v34.0/chatter/feed-elements/0D55000003LmBs8CAF, visibility=AllUsers]), isModifiedToken=null, isModifiedUrl=null, nextPageToken=null, nextPageUrl=null, updatesToken=null, updatesUrl=null]
15:35:01.0 (248990215)|STATEMENT_EXECUTE|[69]
15:35:01.0 (249020314)|METHOD_ENTRY|[69]||System.JSON.serialize(Object)
15:35:01.0 (281387920)|METHOD_EXIT|[69]||System.JSON.serialize(Object)
15:35:01.0 (281411219)|METHOD_EXIT|[15]|01p50000002D8iw|BFFFollow_Controller.fetchUserFeed(Id)
15:35:01.0 (281540147)|VARIABLE_ASSIGNMENT|[EXTERNAL]|this|{"debug":true,"input":"{\"mode\":\"fetchUserFe (34 more) ...","operation":"BFFFollow_Controller"}|0x5751cddd
15:35:01.0 (281552805)|VARIABLE_ASSIGNMENT|[EXTERNAL]|value|"{\"currentPageToken\": (15405 more) ..."
15:35:01.0 (281577125)|VARIABLE_ASSIGNMENT|[12]|this.output|"{\"currentPageToken\": (15405 more) ..."|0x5751cddd
15:35:01.0 (281587527)|STATEMENT_EXECUTE|[16]
15:35:01.0 (281672569)|VARIABLE_ASSIGNMENT|[EXTERNAL]|this|{"debug":true,"input":"{\"mode\":\"fetchUserFe (34 more) ...","operation":"BFFFollow_Controller","output":"{\"currentPageToken\": (15405 more) ..."}|0x5751cddd
15:35:01.0 (281740526)|VARIABLE_ASSIGNMENT|[EXTERNAL]|this|{"debug":true,"input":"{\"mode\":\"fetchUserFe (34 more) ...","operation":"BFFFollow_Controller","output":"{\"currentPageToken\": (15405 more) ..."}|0x5751cddd
15:35:01.0 (281751147)|VARIABLE_ASSIGNMENT|[EXTERNAL]|value|true
15:35:01.0 (281757050)|HEAP_ALLOCATE|[15]|Bytes:5
15:35:01.0 (281767098)|VARIABLE_ASSIGNMENT|[15]|this.outputFlag|true|0x5751cddd
15:35:01.0 (281780608)|STATEMENT_EXECUTE|[19]
15:35:01.0 (281782413)|STATEMENT_EXECUTE|[19]
15:35:01.0 (281791274)|HEAP_ALLOCATE|[19]|Bytes:11
15:35:01.0 (281930626)|HEAP_ALLOCATE|[19]|Bytes:15623
15:35:01.0 (281956337)|HEAP_ALLOCATE|[19]|Bytes:15634
15:35:01.0 (281984024)|USER_DEBUG|[19]|DEBUG|data AFTER:ETLC_ApexBridge_Data:[debug=true, input={"mode":"fetchUserFeed","userId":"00550000005cg71AAA"}, isSuccess=null, messages=null, operation=BFFFollow_Controller, output={"currentPageToken":null,"currentPageUrl":"/services/data/v34.0/chatter/feeds/user-profile/00550000005cg71AAA/feed-elements","elements":[{"actor":{"additionalLabel":null,"communityNickname":"bfffollow1.4689653052892656E12","companyName":"BFFFollow","displayName":"Jaswinder Rattanpal","firstName":"Jaswinder","id":"00550000005cg71AAA","isActive":true,"isInThisCommunity":true,"lastName":"Rattanpal","motif":{"color":"65CAE4","largeIconUrl":"/img/icon/profile64.png","mediumIconUrl":"/img/icon/profile32.png","smallIconUrl":"/img/icon/profile16.png","svgIconUrl":null},"mySubscription":null,"name":"Jaswinder Rattanpal","photo":{"fullEmailPhotoUrl":"https://bfffollow-dev-ed.my.salesforce.com/img/userprofile/default_profile_200.png?fromEmail=1","largePhotoUrl":"https://bfffollow-dev-ed--c.na3.content.force.com/profilephoto/005/F","photoVersionId":null,"smallPhotoUrl":"https://bfffollow-dev-ed--c.na3.content.force.com/profilephoto/005/T","standardEmailPhotoUrl":"https://bfffollow-dev-ed.my.salesforce.com/img/userprofile/default_profile_45.png?fromEmail=1","url":"/services/data/v34.0/chatter/users/00550000005cg71AAA/photo"},"reputation":null,"title":null,"type":"User","url":"/services/data/v34.0/chatter/users/00550000005cg71AAA","userType":"Internal"},"body":{"messageSegments":[{"text":"","type":"MarkupBegin"},{"text":"Test 1","type":"Text"},{"text":"\n","type":"MarkupEnd"}],"text":"Test 1\n"},"canShare":true,"capabilities":{"associatedActions":{"platformActionGroups":[]},"bookmarks":{"isBookmarkedByCurrentUser":false},"chatterLikes":{"isLikedByCurrentUser":false,"likesMessage":{"messageSegments":[{"motif":{"color":"65CAE4","largeIconUrl":"/img/icon/profile64.png","mediumIconUrl":"/img/icon/profile32.png","smallIconUrl":"/img/icon/profile16.png","svgIconUrl":null},"reference":{"id":"00550000005d7KnAAI","url":"/services/data/v34.0/chatter/users/00550000005d7KnAAI"},"text":"Test User","type":"EntityLink"},{"text":" likes this.","type":"Text"}],"text":"Test User likes this."},"myLike":null,"page":{"currentPageToken":0,"currentPageUrl":"/services/data/v34.0/chatter/feed-elements/0D55000003LmBsDCAV/capabilities/chatter-likes/items","items":[{"id":"0I050000001eN0WCAU","likedItem":{"id":"0D55000003LmBsDCAV","url":"/services/data/v34.0/chatter/feed-elements/0D55000003LmBsDCAV"},"url":"/services/data/v34.0/chatter/likes/0I050000001eN0WCAU","user":{"additionalLabel":null,"communityNickname":"jrattanpal","companyName":null,"displayName":"Test User","firstName":"Test","id":"00550000005d7KnAAI","isActive":true,"isInThisCommunity":true,"lastName":"User","motif":{"color":"65CAE4","largeIconUrl":"/img/icon/profile64.png","mediumIconUrl":"/img/icon/profile32.png","smallIconUrl":"/img/icon/profile16.png","svgIconUrl":null},"mySubscription":{"id":"0E85000000Dvxc2CAB","url":"/services/data/v34.0/chatter/subscriptions/0E85000000Dvxc2CAB"},"name":"Test User","photo":{"fullEmailPhotoUrl":"https://bfffollow-dev-ed.my.salesforce.com/img/userprofile/default_profile_200.png?fromEmail=1","largePhotoUrl":"https://bfffollow-dev-ed--c.na3.content.force.com/profilephoto/005/F","photoVersionId":null,"smallPhotoUrl":"https://bfffollow-dev-ed--c.na3.content.force.com/profilephoto/005/T","standardEmailPhotoUrl":"https://bfffollow-dev-ed.my.salesforce.com/img/userprofile/default_profile_45.png?fromEmail=1","url":"/services/data/v34.0/chatter/users/00550000005d7KnAAI/photo"},"reputation":null,"title":null,"type":"User","url":"/services/data/v34.0/chatter/users/00550000005d7KnAAI","userType":"Internal"}}],"nextPageToken":null,"nextPageUrl":null,"previousPageToken":null,"previousPageUrl":null,"total":1}},"comments":{"page":{"currentPageToken":null,"currentPageUrl":"/services/data/v34.0/chatter/feed-elements/0D55000003LmBsDCAV/capabilities/comments/items","items":[{"body":{"messageSegments":[{"text":"Test","type":"Text"}],"text":"Test"},"capabilities":{},"clientInfo":null,"createdDate":"2016-07-21T14:45:26.000Z","feedElement":{"id":"0D55000003LmBsDCAV","url":"/services/data/v34.0/chatter/feed-elements/0D55000003LmBsDCAV"},"id":"0D750000002KRgUCAW","isDeleteRestricted":false,"likes":{"currentPageToken":null,"currentPageUrl":"/services/data/v34.0/chatter/comments/0D750000002KRgUCAW/likes","items":[],"nextPageToken":null,"nextPageUrl":null,"previousPageToken":null,"previousPageUrl":null,"total":0},"likesMessage":null,"moderationFlags":null,"myLike":null,"parent":{"id":"00550000005cg71AAA","url":"/services/data/v34.0/chatter/users/00550000005cg71AAA"},"relativeCreatedDate":"4h ago","type":"TextComment","url":"/services/data/v34.0/chatter/comments/0D750000002KRgUCAW","user":{"additionalLabel":null,"communityNickname":"jrattanpal","companyName":null,"displayName":"Test User","firstName":"Test","id":"00550000005d7KnAAI","isActive":true,"isInThisCommunity":true,"lastName":"User","motif":{"color":"65CAE4","largeIconUrl":"/img/icon/profile64.png","mediumIconUrl":"/img/icon/profile32.png","smallIconUrl":"/img/icon/profile16.png","svgIconUrl":null},"mySubscription":{"id":"0E85000000Dvxc2CAB","url":"/services/data/v34.0/chatter/subscriptions/0E85000000Dvxc2CAB"},"name":"Test User","photo":{"fullEmailPhotoUrl":"https://bfffollow-dev-ed.my.salesforce.com/img/userprofile/default_profile_200.png?fromEmail=1","largePhotoUrl":"https://bfffollow-dev-ed--c.na3.content.force.com/profilephoto/005/F","photoVersionId":null,"smallPhotoUrl":"https://bfffollow-dev-ed--c.na3.content.force.com/profilephoto/005/T","standardEmailPhotoUrl":"https://bfffollow-dev-ed.my.salesforce.com/img/userprofile/default_profile_45.png?fromEmail=1","url":"/services/data/v34.0/chatter/users/00550000005d7KnAAI/photo"},"reputation":null,"title":null,"type":"User","url":"/services/data/v34.0/chatter/users/00550000005d7KnAAI","userType":"Internal"}},{"body":{"messageSegments":[{"accessible":true,"name":"Test User","record":{"additionalLabel":null,"communityNickname":"jrattanpal","companyName":null,"displayName":"Test User","firstName":"Test","id":"00550000005d7KnAAI","isActive":true,"isInThisCommunity":true,"lastName":"User","motif":{"color":"65CAE4","largeIconUrl":"/img/icon/profile64.png","mediumIconUrl":"/img/icon/profile32.png","smallIconUrl":"/img/icon/profile16.png","svgIconUrl":null},"mySubscription":{"id":"0E85000000Dvxc2CAB","url":"/services/data/v34.0/chatter/subscriptions/0E85000000Dvxc2CAB"},"name":"Test User","photo":{"fullEmailPhotoUrl":"https://bfffollow-dev-ed.my.salesforce.com/img/userprofile/default_profile_200.png?fromEmail=1","largePhotoUrl":"https://bfffollow-dev-ed--c.na3.content.force.com/profilephoto/005/F","photoVersionId":null,"smallPhotoUrl":"https://bfffollow-dev-ed--c.na3.content.force.com/profilephoto/005/T","standardEmailPhotoUrl":"https://bfffollow-dev-ed.my.salesforce.com/img/userprofile/default_profile_45.png?fromEmail=1","url":"/services/data/v34.0/chatter/users/00550000005d7KnAAI/photo"},"reputation":null,"title":null,"type":"User","url":"/services/data/v34.0/chatter/users/00550000005d7KnAAI","userType":"Internal"},"text":"@Test User","type":"Mention"}],"text":"@Test User"},"capabilities":{},"clientInfo":null,"createdDate":"2016-07-21T14:45:59.000Z","feedElement":{"id":"0D55000003LmBsDCAV","url":"/services/data/v34.0/chatter/feed-elements/0D55000003LmBsDCAV"},"id":"0D750000002KRl0CAG","isDeleteRestricted":false,"likes":{"currentPageToken":null,"currentPageUrl":"/services/data/v34.0/chatter/comments/0D750000002KRl0CAG/likes","items":[],"nextPageToken":null,"nextPageUrl":null,"previousPageToken":null,"previousPageUrl":null,"total":0},"likesMessage":null,"moderationFlags":null,"myLike":null,"parent":{"id":"00550000005cg71AAA","url":"/services/data/v34.0/chatter/users/00550000005cg71AAA"},"relativeCreatedDate":"4h ago","type":"TextComment","url":"/services/data/v34.0/chatter/comments/0D750000002KRl0CAG","user":{"additionalLabel":null,"communityNickname":"bfffollow1.4689653052892656E12","companyName":"BFFFollow","displayName":"Jaswinder Rattanpal","firstName":"Jaswinder","id":"00550000005cg71AAA","isActive":true,"isInThisCommunity":true,"lastName":"Rattanpal","motif":{"color":"65CAE4","largeIconUrl":"/img/icon/profile64.png","mediumIconUrl":"/img/icon/profile32.png","smallIconUrl":"/img/icon/profile16.png","svgIconUrl":null},"mySubscription":null,"name":"Jaswinder Rattanpal","photo":{"fullEmailPhotoUrl":"https://bfffollow-dev-ed.my.salesforce.com/img/userprofile/default_profile_200.png?fromEmail=1","largePhotoUrl":"https://bfffollow-dev-ed--c.na3.content.force.com/profilephoto/005/F","photoVersionId":null,"smallPhotoUrl":"https://bfffollow-dev-ed--c.na3.content.force.com/profilephoto/005/T","standardEmailPhotoUrl":"https://bfffollow-dev-ed.my.salesforce.com/img/userprofile/default_profile_45.png?fromEmail=1","url":"/services/data/v34.0/chatter/users/00550000005cg71AAA/photo"},"reputation":null,"title":null,"type":"User","url":"/services/data/v34.0/chatter/users/00550000005cg71AAA","userType":"Internal"}}],"nextPageToken":null,"nextPageUrl":null,"total":2}},"topics":{"canAssignTopics":true,"items":[]}},"clientInfo":null,"createdDate":"2016-07-21T04:33:49.000Z","event":false,"feedElementType":"FeedItem","header":{"messageSegments":[{"motif":{"color":"65CAE4","largeIconUrl":"/img/icon/profile64.png","mediumIconUrl":"/img/icon/profile32.png","smallIconUrl":"/img/icon/profile16.png","svgIconUrl":null},"reference":{"id":"00550000005cg71AAA","url":"/services/data/v34.0/chatter/users/00550000005cg71AAA"},"text":"Jaswinder Rattanpal","type":"EntityLink"}],"text":"Jaswinder Rattanpal"},"id":"0D55000003LmBsDCAV","isDeleteRestricted":false,"modifiedDate":"2016-07-21T14:45:59.000Z","originalFeedItem":null,"originalFeedItemActor":null,"parent":{"additionalLabel":null,"communityNickname":"bfffollow1.4689653052892656E12","companyName":"BFFFollow","displayName":"Jaswinder Rattanpal","firstName":"Jaswinder","id":"00550000005cg71AAA","isActive":true,"isInThisCommunity":true,"lastName":"Rattanpal","motif":{"color":"65CAE4","largeIconUrl":"/img/icon/profile64.png","mediumIconUrl":"/img/icon/profile32.png","smallIconUrl":"/img/icon/profile16.png","svgIconUrl":null},"mySubscription":null,"name":"Jaswinder Rattanpal","photo":{"fullEmailPhotoUrl":"https://bfffollow-dev-ed.my.salesforce.com/img/userprofile/default_profile_200.png?fromEmail=1","largePhotoUrl":"https://bfffollow-dev-ed--c.na3.content.force.com/profilephoto/005/F","photoVersionId":null,"smallPhotoUrl":"https://bfffollow-dev-ed--c.na3.content.force.com/profilephoto/005/T","standardEmailPhotoUrl":"https://bfffollow-dev-ed.my.salesforce.com/img/userprofile/default_profile_45.png?fromEmail=1","url":"/services/data/v34.0/chatter/users/00550000005cg71AAA/photo"},"reputation":null,"title":null,"type":"User","url":"/services/data/v34.0/chatter/users/00550000005cg71AAA","userType":"Internal"},"photoUrl":"https://bfffollow-dev-ed--c.na3.content.force.com/profilephoto/005/T","relativeCreatedDate":"15h ago","type":"TextPost","url":"/services/data/v34.0/chatter/feed-elements/0D55000003LmBsDCAV","visibility":"AllUsers"},{"actor":{"additionalLabel":null,"communityNickname":"bfffollow1.4689653052892656E12","companyName":"BFFFollow","displayName":"Jaswinder Rattanpal","firstName":"Jaswinder","id":"00550000005cg71AAA","isActive":true,"isInThisCommunity":true,"lastName":"Rattanpal","motif":{"color":"65CAE4","largeIconUrl":"/img/icon/profile64.png","mediumIconUrl":"/img/icon/profile32.png","smallIconUrl":"/img/icon/profile16.png","svgIconUrl":null},"mySubscription":null,"name":"Jaswinder Rattanpal","photo":{"fullEmailPhotoUrl":"https://bfffollow-dev-ed.my.salesforce.com/img/userprofile/default_profile_200.png?fromEmail=1","largePhotoUrl":"https://bfffollow-dev-ed--c.na3.content.force.com/profilephoto/005/F","photoVersionId":null,"smallPhotoUrl":"https://bfffollow-dev-ed--c.na3.content.force.com/profilephoto/005/T","standardEmailPhotoUrl":"https://bfffollow-dev-ed.my.salesforce.com/img/userprofile/default_profile_45.png?fromEmail=1","url":"/services/data/v34.0/chatter/users/00550000005cg71AAA/photo"},"reputation":null,"title":null,"type":"User","url":"/services/data/v34.0/chatter/users/00550000005cg71AAA","userType":"Internal"},"body":{"messageSegments":[],"text":null},"canShare":false,"capabilities":{"associatedActions":{"platformActionGroups":[]},"bookmarks":{"isBookmarkedByCurrentUser":false},"chatterLikes":{"isLikedByCurrentUser":false,"likesMessage":null,"myLike":null,"page":{"currentPageToken":0,"currentPageUrl":"/services/data/v34.0/chatter/feed-elements/0D55000003LmBs8CAF/capabilities/chatter-likes/items","items":[],"nextPageToken":null,"nextPageUrl":null,"previousPageToken":null,"previousPageUrl":null,"total":0}},"comments":{"page":{"currentPageToken":null,"currentPageUrl":"/services/data/v34.0/chatter/feed-elements/0D55000003LmBs8CAF/capabilities/comments/items","items":[],"nextPageToken":null,"nextPageUrl":null,"total":0}},"topics":{"canAssignTopics":true,"items":[]}},"clientInfo":null,"createdDate":"2016-07-21T04:33:42.000Z","event":false,"feedElementType":"FeedItem","header":{"messageSegments":[{"motif":{"color":"65CAE4","largeIconUrl":"/img/icon/profile64.png","mediumIconUrl":"/img/icon/profile32.png","smallIconUrl":"/img/icon/profile16.png","svgIconUrl":null},"reference":{"id":"00550000005cg71AAA","url":"/services/data/v34.0/chatter/users/00550000005cg71AAA"},"text":"Jaswinder Rattanpal","type":"EntityLink"},{"text":" created the public group ","type":"Text"},{"motif":{"color":"83B6FF","largeIconUrl":"/img/icon/groups64.png","mediumIconUrl":"/img/icon/groups32.png","smallIconUrl":"/img/icon/groups16.png","svgIconUrl":null},"reference":{"id":"0F950000000YJ5jCAG","url":"/services/data/v34.0/chatter/groups/0F950000000YJ5jCAG"},"text":"All BFFFollow","type":"EntityLink"},{"text":".","type":"Text"}],"text":"Jaswinder Rattanpal created the public group All BFFFollow."},"id":"0D55000003LmBs8CAF","isDeleteRestricted":true,"modifiedDate":"2016-07-21T04:33:42.000Z","originalFeedItem":null,"originalFeedItemActor":null,"parent":{"additionalLabel":null,"communityNickname":"bfffollow1.4689653052892656E12","companyName":"BFFFollow","displayName":"Jaswinder Rattanpal","firstName":"Jaswinder","id":"00550000005cg71AAA","isActive":true,"isInThisCommunity":true,"lastName":"Rattanpal","motif":{"color":"65CAE4","largeIconUrl":"/img/icon/profile64.png","mediumIconUrl":"/img/icon/profile32.png","smallIconUrl":"/img/icon/profile16.png","svgIconUrl":null},"mySubscription":null,"name":"Jaswinder Rattanpal","photo":{"fullEmailPhotoUrl":"https://bfffollow-dev-ed.my.salesforce.com/img/userprofile/default_profile_200.png?fromEmail=1","largePhotoUrl":"https://bfffollow-dev-ed--c.na3.content.force.com/profilephoto/005/F","photoVersionId":null,"smallPhotoUrl":"https://bfffollow-dev-ed--c.na3.content.force.com/profilephoto/005/T","standardEmailPhotoUrl":"https://bfffollow-dev-ed.my.salesforce.com/img/userprofile/default_profile_45.png?fromEmail=1","url":"/services/data/v34.0/chatter/users/00550000005cg71AAA/photo"},"reputation":null,"title":null,"type":"User","url":"/services/data/v34.0/chatter/users/00550000005cg71AAA","userType":"Internal"},"photoUrl":"https://bfffollow-dev-ed--c.na3.content.force.com/profilephoto/005/T","relativeCreatedDate":"15h ago","type":"CollaborationGroupCreated","url":"/services/data/v34.0/chatter/feed-elements/0D55000003LmBs8CAF","visibility":"AllUsers"}],"isModifiedToken":null,"isModifiedUrl":null,"nextPageToken":null,"nextPageUrl":null,"updatesToken":null,"updatesUrl":null}, outputFlag=true, records=null]
15:35:01.0 (282057798)|METHOD_EXIT|[9]|01p50000002D8iw|BFFFollow_Controller.process(ETLC_ApexBridge_Data)
15:35:01.0 (282063784)|STATEMENT_EXECUTE|[24]
15:35:01.0 (282088450)|METHOD_ENTRY|[24]|01p50000002CIEo|ETLC_ApexBridge_Data.toJSON()
15:35:01.0 (282109942)|VARIABLE_SCOPE_BEGIN|[57]|this|ETLC_ApexBridge_Data|true|false
15:35:01.0 (282152792)|VARIABLE_ASSIGNMENT|[57]|this|{"debug":true,"input":"{\"mode\":\"fetchUserFe (34 more) ...","operation":"BFFFollow_Controller","output":"{\"currentPageToken\": (15405 more) ...","outputFlag":true}|0x5751cddd
15:35:01.0 (282159059)|STATEMENT_EXECUTE|[57]
15:35:01.0 (282160441)|STATEMENT_EXECUTE|[58]
15:35:01.0 (282174407)|METHOD_ENTRY|[58]||System.JSON.serialize(Object)
15:35:01.0 (282264153)|STATEMENT_EXECUTE|[22]
15:35:01.0 (282268912)|STATEMENT_EXECUTE|[23]
15:35:01.0 (282278454)|HEAP_ALLOCATE|[23]|Bytes:5
15:35:01.0 (282287799)|VARIABLE_ASSIGNMENT|[23]|this.isSuccess|true|0x5751cddd
15:35:01.0 (282289991)|STATEMENT_EXECUTE|[24]
15:35:01.0 (282338486)|STATEMENT_EXECUTE|[31]
15:35:01.0 (282342899)|STATEMENT_EXECUTE|[32]
15:35:01.0 (282353357)|HEAP_ALLOCATE|[32]|Bytes:4
15:35:01.0 (282435295)|VARIABLE_ASSIGNMENT|[32]|this.messages|{"s":1,"v":{}}|0x5751cddd
15:35:01.0 (282444550)|STATEMENT_EXECUTE|[33]
15:35:01.0 (282975651)|METHOD_EXIT|[58]||System.JSON.serialize(Object)
15:35:01.0 (282982494)|METHOD_EXIT|[24]|01p50000002CIEo|ETLC_ApexBridge_Data.toJSON()
15:35:01.0 (282996592)|SYSTEM_MODE_EXIT|false
15:35:01.283 (283054873)|CUMULATIVE_LIMIT_USAGE
15:35:01.283 (283054873)|LIMIT_USAGE_FOR_NS|(default)|
  Number of SOQL queries: 0 out of 100
  Number of query rows: 0 out of 50000
  Number of SOSL queries: 0 out of 20
  Number of DML statements: 0 out of 150
  Number of DML rows: 0 out of 10000
  Maximum CPU time: 163 out of 10000
  Maximum heap size: 0 out of 6000000
  Number of callouts: 0 out of 100
  Number of Email Invocations: 0 out of 10
  Number of future calls: 0 out of 50
  Number of queueable jobs added to the queue: 0 out of 50
  Number of Mobile Apex push calls: 0 out of 10

15:35:01.283 (283054873)|CUMULATIVE_LIMIT_USAGE_END

15:35:01.0 (283112821)|CODE_UNIT_FINISHED|ETLC_ApexBridge_Controller.execute
