37.0 APEX_CODE,FINEST;APEX_PROFILING,INFO;CALLOUT,INFO;DB,INFO;SYSTEM,DEBUG;VALIDATION,INFO;VISUALFORCE,INFO;WORKFLOW,INFO
00:35:20.1 (1170167)|USER_INFO|[EXTERNAL]|00550000005cg71|bfffollow@jr.te|Eastern Standard Time|GMT-04:00
00:35:20.1 (1235496)|EXECUTION_STARTED
00:35:20.1 (1291606)|CODE_UNIT_STARTED|[EXTERNAL]|aura
00:35:20.1 (3953671)|HEAP_ALLOCATE|[72]|Bytes:3
00:35:20.1 (4279731)|HEAP_ALLOCATE|[77]|Bytes:152
00:35:20.1 (4413686)|HEAP_ALLOCATE|[342]|Bytes:408
00:35:20.1 (4524999)|HEAP_ALLOCATE|[355]|Bytes:408
00:35:20.1 (4628731)|HEAP_ALLOCATE|[467]|Bytes:48
00:35:20.1 (4896936)|HEAP_ALLOCATE|[139]|Bytes:6
00:35:20.1 (5054561)|HEAP_ALLOCATE|[EXTERNAL]|Bytes:4
00:35:20.1 (5099445)|HEAP_ALLOCATE|[EXTERNAL]|Bytes:4
00:35:20.1 (5430863)|HEAP_ALLOCATE|[EXTERNAL]|Bytes:4
00:35:20.1 (5461412)|HEAP_ALLOCATE|[EXTERNAL]|Bytes:4
00:35:20.1 (6887305)|CODE_UNIT_STARTED|[EXTERNAL]|01p50000002D2uA|LookupSObjectController.lookup
00:35:20.1 (7736285)|HEAP_ALLOCATE|[EXTERNAL]|Bytes:6
00:35:20.1 (7792939)|HEAP_ALLOCATE|[EXTERNAL]|Bytes:2
00:35:20.1 (7866949)|METHOD_ENTRY|[11]|01p50000002D2uA|LookupSObjectController.LookupSObjectController()
00:35:20.1 (7926110)|STATEMENT_EXECUTE|[11]
00:35:20.1 (8064994)|STATEMENT_EXECUTE|[11]
00:35:20.1 (8192819)|HEAP_ALLOCATE|[50]|Bytes:5
00:35:20.1 (8337427)|HEAP_ALLOCATE|[56]|Bytes:5
00:35:20.1 (8394740)|HEAP_ALLOCATE|[64]|Bytes:7
00:35:20.1 (8479950)|SYSTEM_MODE_ENTER|false
00:35:20.1 (8873970)|HEAP_ALLOCATE|[EXTERNAL]|Bytes:5
00:35:20.1 (9093269)|STATEMENT_EXECUTE|[43]
00:35:20.1 (9168934)|SYSTEM_MODE_EXIT|false
00:35:20.1 (9216453)|METHOD_EXIT|[11]|LookupSObjectController
00:35:20.1 (9243268)|HEAP_ALLOCATE|[EXTERNAL]|Bytes:4
00:35:20.1 (9266461)|HEAP_ALLOCATE|[EXTERNAL]|Bytes:4
00:35:20.1 (9286646)|SYSTEM_MODE_ENTER|false
00:35:20.1 (10728981)|VARIABLE_SCOPE_BEGIN|[17]|searchString|String|false|false
00:35:20.1 (11027021)|VARIABLE_ASSIGNMENT|[17]|searchString|"Test"
00:35:20.1 (11059320)|VARIABLE_SCOPE_BEGIN|[17]|sObjectAPIName|String|false|false
00:35:20.1 (11107958)|VARIABLE_ASSIGNMENT|[17]|sObjectAPIName|"User"
00:35:20.1 (11224784)|HEAP_ALLOCATE|[20]|Bytes:5
00:35:20.1 (11339375)|STATEMENT_EXECUTE|[18]
00:35:20.1 (11355394)|STATEMENT_EXECUTE|[20]
00:35:20.1 (11611465)|HEAP_ALLOCATE|[20]|Bytes:4
00:35:20.1 (11687252)|VARIABLE_SCOPE_BEGIN|[20]|sanitizedSearchString|String|false|false
00:35:20.1 (11807895)|VARIABLE_ASSIGNMENT|[20]|sanitizedSearchString|"Test"
00:35:20.1 (11828220)|STATEMENT_EXECUTE|[21]
00:35:20.1 (11968845)|HEAP_ALLOCATE|[21]|Bytes:4
00:35:20.1 (12034831)|VARIABLE_SCOPE_BEGIN|[21]|sanitizedSObjectAPIName|String|false|false
00:35:20.1 (12117582)|VARIABLE_ASSIGNMENT|[21]|sanitizedSObjectAPIName|"User"
00:35:20.1 (12138074)|STATEMENT_EXECUTE|[23]
00:35:20.1 (12178560)|HEAP_ALLOCATE|[23]|Bytes:4
00:35:20.1 (12335412)|VARIABLE_SCOPE_BEGIN|[23]|results|List<LookupSObjectController.Result>|true|false
00:35:20.1 (12431017)|HEAP_ALLOCATE|[EXTERNAL]|Bytes:4
00:35:20.1 (12904111)|VARIABLE_ASSIGNMENT|[23]|results|{"s":1,"v":[]}|0x61871b2
00:35:20.1 (12928704)|STATEMENT_EXECUTE|[26]
00:35:20.1 (12961614)|HEAP_ALLOCATE|[26]|Bytes:6
00:35:20.1 (12984997)|HEAP_ALLOCATE|[26]|Bytes:27
00:35:20.1 (13004756)|HEAP_ALLOCATE|[26]|Bytes:18
00:35:20.1 (13037425)|HEAP_ALLOCATE|[26]|Bytes:59
00:35:20.1 (13066305)|VARIABLE_SCOPE_BEGIN|[26]|searchQuery|String|false|false
00:35:20.1 (13204885)|VARIABLE_ASSIGNMENT|[26]|searchQuery|"FIND 'Test*' IN ALL  (39 more) ..."
00:35:20.1 (13225829)|STATEMENT_EXECUTE|[29]
00:35:20.1 (15837345)|SOSL_EXECUTE_BEGIN|[29]|FIND 'Test*' IN ALL FIELDS RETURNING User(id,name) Limit 50
00:35:20.1 (47083778)|HEAP_ALLOCATE|[29]|Bytes:4
00:35:20.1 (47119824)|HEAP_ALLOCATE|[29]|Bytes:4
00:35:20.1 (47148352)|HEAP_ALLOCATE|[29]|Bytes:8
00:35:20.1 (47184260)|SOSL_EXECUTE_END|[29]|Rows:1
00:35:20.1 (47271319)|HEAP_ALLOCATE|[29]|Bytes:8
00:35:20.1 (47345653)|VARIABLE_SCOPE_BEGIN|[29]|searchList|List<List<SObject>>|true|false
00:35:20.1 (47466784)|VARIABLE_ASSIGNMENT|[29]|searchList|{"s":1,"v":[{"s":2,"v":[{"s":3,"v":{"Id":"00550000005d7KnAAI","Name":"Test User"}}]}]}|0x4449a378
00:35:20.1 (47691751)|HEAP_ALLOCATE|[32]|Bytes:8
00:35:20.1 (48258311)|HEAP_ALLOCATE|[32]|Bytes:5
00:35:20.1 (48370987)|HEAP_ALLOCATE|[32]|Bytes:12
00:35:20.1 (48418152)|VARIABLE_SCOPE_BEGIN|[32]|so|SObject|true|false
00:35:20.1 (48464475)|VARIABLE_ASSIGNMENT|[32]|so|{"s":1,"v":{"Id":"00550000005d7KnAAI","Name":"Test User"}}|0x31ed32bb
00:35:20.1 (48487701)|STATEMENT_EXECUTE|[33]
00:35:20.1 (48500401)|STATEMENT_EXECUTE|[34]
00:35:20.1 (48622659)|HEAP_ALLOCATE|[34]|Bytes:116
00:35:20.1 (48653993)|HEAP_ALLOCATE|[34]|Bytes:8
00:35:20.1 (48699361)|HEAP_ALLOCATE|[34]|Bytes:12
00:35:20.1 (48724137)|HEAP_ALLOCATE|[34]|Bytes:4
00:35:20.1 (48872383)|HEAP_ALLOCATE|[34]|Bytes:9
00:35:20.1 (49145371)|CONSTRUCTOR_ENTRY|[34]|01p50000002D2uA|<init>(String,Id)
00:35:20.1 (49211372)|VARIABLE_SCOPE_BEGIN|[48]|this|LookupSObjectController.Result|true|false
00:35:20.1 (50097348)|VARIABLE_ASSIGNMENT|[48]|this|{}|0x3372a9ba
00:35:20.1 (50127963)|VARIABLE_SCOPE_BEGIN|[48]|sObjectLabel|String|false|false
00:35:20.1 (50160250)|VARIABLE_ASSIGNMENT|[48]|sObjectLabel|"Test User"
00:35:20.1 (50182576)|VARIABLE_SCOPE_BEGIN|[48]|sObjectId|Id|false|false
00:35:20.1 (50985556)|VARIABLE_ASSIGNMENT|[48]|sObjectId|"00550000005d7KnAAI"
00:35:20.1 (51012329)|STATEMENT_EXECUTE|[43]
00:35:20.1 (51026240)|STATEMENT_EXECUTE|[45]
00:35:20.1 (51053519)|STATEMENT_EXECUTE|[46]
00:35:20.1 (51095207)|HEAP_ALLOCATE|[50]|Bytes:6
00:35:20.1 (51212912)|STATEMENT_EXECUTE|[49]
00:35:20.1 (51228325)|STATEMENT_EXECUTE|[50]
00:35:20.1 (51458666)|VARIABLE_ASSIGNMENT|[EXTERNAL]|this|{}|0x3372a9ba
00:35:20.1 (51500610)|VARIABLE_ASSIGNMENT|[EXTERNAL]|value|"Test User"
00:35:20.1 (51858404)|VARIABLE_ASSIGNMENT|[45]|this.SObjectLabel|"Test User"|0x3372a9ba
00:35:20.1 (51897468)|STATEMENT_EXECUTE|[51]
00:35:20.1 (52062217)|VARIABLE_ASSIGNMENT|[EXTERNAL]|this|{"SObjectLabel":"Test User"}|0x3372a9ba
00:35:20.1 (52155783)|VARIABLE_ASSIGNMENT|[EXTERNAL]|value|"00550000005d7KnAAI"
00:35:20.1 (52317867)|VARIABLE_ASSIGNMENT|[46]|this.SObjectId|"00550000005d7KnAAI"|0x3372a9ba
00:35:20.1 (52371942)|CONSTRUCTOR_EXIT|[34]|01p50000002D2uA|<init>(String,Id)
00:35:20.1 (52477018)|HEAP_ALLOCATE|[EXTERNAL]|Bytes:4
00:35:20.1 (52552491)|HEAP_ALLOCATE|[32]|Bytes:5
00:35:20.1 (52617107)|VARIABLE_ASSIGNMENT|[32]|so|null|
00:35:20.1 (52638192)|STATEMENT_EXECUTE|[37]
00:35:20.1 (52688903)|SYSTEM_MODE_EXIT|false
00:35:20.52 (52752677)|CUMULATIVE_LIMIT_USAGE
00:35:20.52 (52752677)|LIMIT_USAGE_FOR_NS|(default)|
  Number of SOQL queries: 0 out of 100
  Number of query rows: 0 out of 50000
  Number of SOSL queries: 1 out of 20
  Number of DML statements: 0 out of 150
  Number of DML rows: 0 out of 10000
  Maximum CPU time: 0 out of 10000
  Maximum heap size: 0 out of 6000000
  Number of callouts: 0 out of 100
  Number of Email Invocations: 0 out of 10
  Number of future calls: 0 out of 50
  Number of queueable jobs added to the queue: 0 out of 50
  Number of Mobile Apex push calls: 0 out of 10

00:35:20.52 (52752677)|CUMULATIVE_LIMIT_USAGE_END

00:35:20.1 (52828696)|CODE_UNIT_FINISHED|LookupSObjectController.lookup
00:35:20.1 (54900743)|CODE_UNIT_STARTED|[EXTERNAL]|Aura
00:35:20.1 (55079086)|CODE_UNIT_FINISHED|Aura
