37.0 APEX_CODE,FINEST;APEX_PROFILING,INFO;CALLOUT,INFO;DB,INFO;SYSTEM,DEBUG;VALIDATION,INFO;VISUALFORCE,INFO;WORKFLOW,INFO
15:55:26.0 (381811)|USER_INFO|[EXTERNAL]|00550000005cg71|bfffollow@jr.te|Eastern Standard Time|GMT-04:00
15:55:26.0 (823171)|HEAP_ALLOCATE|[72]|Bytes:3
15:55:26.0 (870250)|HEAP_ALLOCATE|[77]|Bytes:152
15:55:26.0 (887387)|HEAP_ALLOCATE|[342]|Bytes:408
15:55:26.0 (905356)|HEAP_ALLOCATE|[355]|Bytes:408
15:55:26.0 (922124)|HEAP_ALLOCATE|[467]|Bytes:48
15:55:26.2 (2015107)|USER_INFO|[EXTERNAL]|00550000005cg71|bfffollow@jr.te|Eastern Standard Time|GMT-04:00
15:55:26.2 (2807166)|STATEMENT_EXECUTE|[11]
15:55:26.2 (2858552)|HEAP_ALLOCATE|[50]|Bytes:5
15:55:26.2 (2890464)|HEAP_ALLOCATE|[56]|Bytes:5
15:55:26.2 (2908596)|HEAP_ALLOCATE|[64]|Bytes:7
15:55:26.2 (2950135)|SYSTEM_MODE_ENTER|false
15:55:26.2 (2972049)|HEAP_ALLOCATE|[EXTERNAL]|Bytes:5
15:55:26.2 (2980300)|STATEMENT_EXECUTE|[43]
15:55:26.2 (2991715)|SYSTEM_MODE_EXIT|false
15:55:26.2 (3007615)|METHOD_EXIT|[11]|LookupSObjectController
15:55:26.2 (3016668)|HEAP_ALLOCATE|[EXTERNAL]|Bytes:3
15:55:26.2 (3020421)|HEAP_ALLOCATE|[EXTERNAL]|Bytes:4
15:55:26.2 (3032122)|SYSTEM_MODE_ENTER|false
15:55:26.2 (3051683)|VARIABLE_SCOPE_BEGIN|[17]|searchString|String|false|false
15:55:26.2 (3104544)|VARIABLE_ASSIGNMENT|[17]|searchString|"Jas"
15:55:26.2 (3116722)|VARIABLE_SCOPE_BEGIN|[17]|sObjectAPIName|String|false|false
15:55:26.2 (3125373)|VARIABLE_ASSIGNMENT|[17]|sObjectAPIName|"User"
15:55:26.2 (3147766)|HEAP_ALLOCATE|[20]|Bytes:5
15:55:26.2 (3154773)|STATEMENT_EXECUTE|[18]
15:55:26.2 (3157366)|STATEMENT_EXECUTE|[20]
15:55:26.2 (3209429)|ENTERING_MANAGED_PKG|
15:55:26.2 (3243110)|HEAP_ALLOCATE|[20]|Bytes:3
15:55:26.2 (3267854)|VARIABLE_SCOPE_BEGIN|[20]|sanitizedSearchString|String|false|false
15:55:26.2 (3280998)|VARIABLE_ASSIGNMENT|[20]|sanitizedSearchString|"Jas"
15:55:26.2 (3286168)|STATEMENT_EXECUTE|[21]
15:55:26.2 (3321411)|ENTERING_MANAGED_PKG|
15:55:26.2 (3347189)|HEAP_ALLOCATE|[21]|Bytes:4
15:55:26.2 (3369444)|VARIABLE_SCOPE_BEGIN|[21]|sanitizedSObjectAPIName|String|false|false
15:55:26.2 (3382195)|VARIABLE_ASSIGNMENT|[21]|sanitizedSObjectAPIName|"User"
15:55:26.2 (3386597)|STATEMENT_EXECUTE|[23]
15:55:26.2 (3402058)|HEAP_ALLOCATE|[23]|Bytes:4
15:55:26.2 (3502012)|ENTERING_MANAGED_PKG|
15:55:26.2 (3547457)|VARIABLE_SCOPE_BEGIN|[23]|results|List<BFFFollow.LookupSObjectControllerResult>|true|false
15:55:26.2 (3565378)|HEAP_ALLOCATE|[EXTERNAL]|Bytes:4
15:55:26.2 (3594502)|VARIABLE_ASSIGNMENT|[23]|results|{"s":1,"v":[]}|0x73ee5520
15:55:26.2 (3600815)|STATEMENT_EXECUTE|[26]
15:55:26.2 (3614306)|HEAP_ALLOCATE|[26]|Bytes:6
15:55:26.2 (3623018)|HEAP_ALLOCATE|[26]|Bytes:27
15:55:26.2 (3628833)|HEAP_ALLOCATE|[26]|Bytes:18
15:55:26.2 (3648831)|HEAP_ALLOCATE|[26]|Bytes:58
15:55:26.2 (3658607)|VARIABLE_SCOPE_BEGIN|[26]|searchQuery|String|false|false
15:55:26.2 (3674688)|VARIABLE_ASSIGNMENT|[26]|searchQuery|"FIND 'Jas*' IN ALL F (38 more) ..."
15:55:26.2 (3679300)|STATEMENT_EXECUTE|[29]
15:55:26.2 (3719427)|ENTERING_MANAGED_PKG|
15:55:26.2 (5554756)|SOSL_EXECUTE_BEGIN|[29]|FIND 'Jas*' IN ALL FIELDS RETURNING User(id,name) Limit 50
15:55:26.2 (41828217)|HEAP_ALLOCATE|[29]|Bytes:4
15:55:26.2 (41838093)|HEAP_ALLOCATE|[29]|Bytes:4
15:55:26.2 (41846177)|HEAP_ALLOCATE|[29]|Bytes:8
15:55:26.2 (41856793)|SOSL_EXECUTE_END|[29]|Rows:1
15:55:26.2 (41900579)|HEAP_ALLOCATE|[29]|Bytes:8
15:55:26.2 (41930870)|VARIABLE_SCOPE_BEGIN|[29]|searchList|List<List<SObject>>|true|false
15:55:26.2 (41996558)|VARIABLE_ASSIGNMENT|[29]|searchList|{"s":1,"v":[{"s":2,"v":[{"s":3,"v":{"Id":"00550000005cg71AAA","Name":"Jaswinder Rattanpal"}}]}]}|0x324a022d
15:55:26.2 (42068252)|HEAP_ALLOCATE|[32]|Bytes:8
15:55:26.2 (42166084)|ENTERING_MANAGED_PKG|
15:55:26.2 (42333405)|HEAP_ALLOCATE|[32]|Bytes:5
15:55:26.2 (42371569)|HEAP_ALLOCATE|[32]|Bytes:12
15:55:26.2 (42383842)|VARIABLE_SCOPE_BEGIN|[32]|so|SObject|true|false
15:55:26.2 (42400347)|VARIABLE_ASSIGNMENT|[32]|so|{"s":1,"v":{"Id":"00550000005cg71AAA","Name":"Jaswinder Rattanpal"}}|0x2f4c2626
15:55:26.2 (42405760)|STATEMENT_EXECUTE|[33]
15:55:26.2 (42408512)|STATEMENT_EXECUTE|[34]
15:55:26.2 (42463729)|HEAP_ALLOCATE|[34]|Bytes:116
15:55:26.2 (42470480)|HEAP_ALLOCATE|[34]|Bytes:5
15:55:26.2 (42504938)|METHOD_ENTRY|[5]|01p50000002eFfl|LookupSObjectControllerResult.LookupSObjectControllerResult()
15:55:26.2 (42508778)|STATEMENT_EXECUTE|[5]
15:55:26.2 (42530042)|STATEMENT_EXECUTE|[5]
15:55:26.2 (42539760)|HEAP_ALLOCATE|[34]|Bytes:5
15:55:26.2 (42561276)|METHOD_EXIT|[5]|LookupSObjectControllerResult
15:55:26.2 (42581557)|HEAP_ALLOCATE|[34]|Bytes:12
15:55:26.2 (42586894)|HEAP_ALLOCATE|[34]|Bytes:4
15:55:26.2 (42622827)|ENTERING_MANAGED_PKG|
15:55:26.2 (42678274)|HEAP_ALLOCATE|[34]|Bytes:19
15:55:26.2 (42724280)|CONSTRUCTOR_ENTRY|[34]|01p50000002eFfl|<init>(String,Id)
15:55:26.2 (42753173)|VARIABLE_SCOPE_BEGIN|[9]|this|BFFFollow.LookupSObjectControllerResult|true|false
15:55:26.2 (42805846)|VARIABLE_ASSIGNMENT|[9]|this|{}|0x1256d1b0
15:55:26.2 (42812217)|VARIABLE_SCOPE_BEGIN|[9]|sObjectLabel|String|false|false
15:55:26.2 (42818765)|VARIABLE_ASSIGNMENT|[9]|sObjectLabel|"Jaswinder Rattanpal"
15:55:26.2 (42821877)|VARIABLE_SCOPE_BEGIN|[9]|sObjectId|Id|false|false
15:55:26.2 (42969200)|VARIABLE_ASSIGNMENT|[9]|sObjectId|"00550000005cg71AAA"
15:55:26.2 (42980720)|HEAP_ALLOCATE|[11]|Bytes:5
15:55:26.2 (42985642)|STATEMENT_EXECUTE|[5]
15:55:26.2 (42988505)|HEAP_ALLOCATE|[11]|Bytes:5
15:55:26.2 (42990576)|STATEMENT_EXECUTE|[6]
15:55:26.2 (43001231)|STATEMENT_EXECUTE|[7]
15:55:26.2 (43015387)|HEAP_ALLOCATE|[11]|Bytes:6
15:55:26.2 (43048232)|STATEMENT_EXECUTE|[10]
15:55:26.2 (43050447)|STATEMENT_EXECUTE|[11]
15:55:26.2 (43129821)|VARIABLE_ASSIGNMENT|[EXTERNAL]|this|{}|0x1256d1b0
15:55:26.2 (43139578)|VARIABLE_ASSIGNMENT|[EXTERNAL]|value|"Jaswinder Rattanpal"
15:55:26.2 (43153566)|VARIABLE_ASSIGNMENT|[6]|this.SObjectLabel|"Jaswinder Rattanpal"|0x1256d1b0
15:55:26.2 (43161728)|STATEMENT_EXECUTE|[12]
15:55:26.2 (43253889)|VARIABLE_ASSIGNMENT|[EXTERNAL]|this|{"SObjectLabel":"Jaswinder Rattanpal"}|0x1256d1b0
15:55:26.2 (43313471)|VARIABLE_ASSIGNMENT|[EXTERNAL]|value|"00550000005cg71AAA"
15:55:26.2 (43373685)|VARIABLE_ASSIGNMENT|[7]|this.SObjectId|"00550000005cg71AAA"|0x1256d1b0
15:55:26.2 (43396845)|CONSTRUCTOR_EXIT|[34]|01p50000002eFfl|<init>(String,Id)
15:55:26.2 (43413193)|ENTERING_MANAGED_PKG|
15:55:26.2 (43419677)|HEAP_ALLOCATE|[EXTERNAL]|Bytes:4
15:55:26.2 (43434267)|HEAP_ALLOCATE|[32]|Bytes:5
15:55:26.2 (43446671)|VARIABLE_ASSIGNMENT|[32]|so|null|
15:55:26.2 (43450202)|STATEMENT_EXECUTE|[37]
15:55:26.2 (43470318)|SYSTEM_MODE_EXIT|false
15:55:26.43 (43519654)|CUMULATIVE_LIMIT_USAGE
15:55:26.43 (43519654)|LIMIT_USAGE_FOR_NS|(default)|
  Number of SOQL queries: 0 out of 100
  Number of query rows: 0 out of 50000
  Number of SOSL queries: 0 out of 20
  Number of DML statements: 0 out of 150
  Number of DML rows: 0 out of 10000
  Maximum CPU time: 0 out of 10000
  Maximum heap size: 0 out of 6000000
  Number of callouts: 0 out of 100
  Number of Email Invocations: 0 out of 10
  Number of future calls: 0 out of 50
  Number of queueable jobs added to the queue: 0 out of 50
  Number of Mobile Apex push calls: 0 out of 10

15:55:26.43 (43519654)|LIMIT_USAGE_FOR_NS|BFFFollow|
  Number of SOQL queries: 0 out of 100
  Number of query rows: 0 out of 50000
  Number of SOSL queries: 1 out of 20
  Number of DML statements: 0 out of 150
  Number of DML rows: 0 out of 10000
  Maximum CPU time: 0 out of 10000
  Maximum heap size: 0 out of 6000000
  Number of callouts: 0 out of 100
  Number of Email Invocations: 0 out of 10
  Number of future calls: 0 out of 50
  Number of queueable jobs added to the queue: 0 out of 50
  Number of Mobile Apex push calls: 0 out of 10

15:55:26.43 (43519654)|CUMULATIVE_LIMIT_USAGE_END

15:55:26.2 (43569095)|CODE_UNIT_FINISHED|LookupSObjectController.lookup
15:55:26.44 (44823810)|USER_INFO|[EXTERNAL]|00550000005cg71|bfffollow@jr.te|Eastern Standard Time|GMT-04:00
15:55:26.44 (44834313)|CODE_UNIT_STARTED|[EXTERNAL]|Aura
15:55:26.44 (44864420)|CODE_UNIT_FINISHED|Aura
