37.0 APEX_CODE,FINEST;APEX_PROFILING,INFO;CALLOUT,INFO;DB,INFO;SYSTEM,DEBUG;VALIDATION,INFO;VISUALFORCE,INFO;WORKFLOW,INFO
22:38:15.0 (382165)|USER_INFO|[EXTERNAL]|00550000005cg71|bfffollow@jr.te|Eastern Standard Time|GMT-04:00
22:38:15.0 (415373)|EXECUTION_STARTED
22:38:15.0 (423080)|CODE_UNIT_STARTED|[EXTERNAL]|aura
22:38:15.0 (732598)|HEAP_ALLOCATE|[72]|Bytes:3
22:38:15.0 (787314)|HEAP_ALLOCATE|[77]|Bytes:152
22:38:15.0 (803072)|HEAP_ALLOCATE|[342]|Bytes:408
22:38:15.0 (818349)|HEAP_ALLOCATE|[355]|Bytes:408
22:38:15.0 (833149)|HEAP_ALLOCATE|[467]|Bytes:48
22:38:15.0 (864246)|HEAP_ALLOCATE|[139]|Bytes:6
22:38:15.0 (886703)|HEAP_ALLOCATE|[EXTERNAL]|Bytes:122
22:38:15.0 (904809)|HEAP_ALLOCATE|[EXTERNAL]|Bytes:122
22:38:15.0 (1702124)|CODE_UNIT_STARTED|[EXTERNAL]|01p50000002CIEm|ETLC_ApexBridge_Controller.execute
22:38:15.0 (2243511)|HEAP_ALLOCATE|[EXTERNAL]|Bytes:1
22:38:15.0 (2251223)|HEAP_ALLOCATE|[EXTERNAL]|Bytes:10
22:38:15.0 (2263138)|METHOD_ENTRY|[1]|01p50000002CIEm|ETLC_ApexBridge_Controller.ETLC_ApexBridge_Controller()
22:38:15.0 (2267056)|STATEMENT_EXECUTE|[1]
22:38:15.0 (2272356)|STATEMENT_EXECUTE|[1]
22:38:15.0 (2277279)|METHOD_EXIT|[1]|ETLC_ApexBridge_Controller
22:38:15.0 (2281326)|HEAP_ALLOCATE|[EXTERNAL]|Bytes:122
22:38:15.0 (2289622)|SYSTEM_MODE_ENTER|false
22:38:15.0 (2299584)|VARIABLE_SCOPE_BEGIN|[3]|dataJson|String|false|false
22:38:15.0 (2329078)|VARIABLE_ASSIGNMENT|[3]|dataJson|"{\"operation\":\"BFFFol (102 more) ..."
22:38:15.0 (2342694)|STATEMENT_EXECUTE|[3]
22:38:15.0 (2344133)|STATEMENT_EXECUTE|[4]
22:38:15.0 (4257807)|VARIABLE_SCOPE_BEGIN|[4]|data|ETLC_ApexBridge_Data|true|false
22:38:15.0 (4270538)|VARIABLE_ASSIGNMENT|[4]|data|null|
22:38:15.0 (4273664)|STATEMENT_EXECUTE|[5]
22:38:15.0 (4274945)|STATEMENT_EXECUTE|[5]
22:38:15.0 (4275927)|STATEMENT_EXECUTE|[6]
22:38:15.0 (4291258)|HEAP_ALLOCATE|[6]|Bytes:11
22:38:15.0 (4298462)|HEAP_ALLOCATE|[6]|Bytes:248
22:38:15.0 (4301691)|HEAP_ALLOCATE|[6]|Bytes:39
22:38:15.0 (4337241)|METHOD_ENTRY|[2]|01p50000002CIEo|ETLC_ApexBridge_Data.ETLC_ApexBridge_Data()
22:38:15.0 (4340147)|STATEMENT_EXECUTE|[2]
22:38:15.0 (4343824)|STATEMENT_EXECUTE|[2]
22:38:15.0 (4348484)|METHOD_EXIT|[2]|ETLC_ApexBridge_Data
22:38:15.0 (4384108)|METHOD_ENTRY|[6]|01p50000002CIEo|ETLC_ApexBridge_Data.fromJSON(String)
22:38:15.0 (4411255)|VARIABLE_SCOPE_BEGIN|[60]|strJson|String|false|false
22:38:15.0 (4420884)|VARIABLE_ASSIGNMENT|[60]|strJson|"{\"operation\":\"BFFFol (102 more) ..."
22:38:15.0 (4425081)|STATEMENT_EXECUTE|[60]
22:38:15.0 (4426266)|STATEMENT_EXECUTE|[61]
22:38:15.0 (4434468)|HEAP_ALLOCATE|[61]|Bytes:20
22:38:15.0 (4457747)|HEAP_ALLOCATE|[50]|Bytes:5
22:38:15.0 (4482350)|HEAP_ALLOCATE|[56]|Bytes:5
22:38:15.0 (4491846)|HEAP_ALLOCATE|[64]|Bytes:7
22:38:15.0 (4590840)|HEAP_ALLOCATE|[61]|Bytes:24
22:38:15.0 (4602140)|SYSTEM_METHOD_ENTRY|[1]|Type.Type()
22:38:15.0 (4604577)|STATEMENT_EXECUTE|[1]
22:38:15.0 (4611398)|SYSTEM_METHOD_EXIT|[1]|Type
22:38:15.0 (4616235)|HEAP_ALLOCATE|[61]|Bytes:8
22:38:15.0 (4633953)|HEAP_ALLOCATE|[61]|Bytes:8
22:38:15.0 (4638554)|VARIABLE_SCOPE_BEGIN|[4]|this|System.Type|true|false
22:38:15.0 (4671368)|VARIABLE_ASSIGNMENT|[4]|this|{}|0x3851dac7
22:38:15.0 (4675309)|VARIABLE_SCOPE_BEGIN|[4]|apextype|java:common.apex.runtime.ApexObjectType|true|false
22:38:15.0 (4789920)|VARIABLE_ASSIGNMENT|[4]|apextype|"ETLC_ApexBridge_Data"|0x7c6e7adb
22:38:15.0 (4879352)|HEAP_ALLOCATE|[61]|Bytes:8
22:38:15.0 (4918601)|HEAP_ALLOCATE|[61]|Bytes:24
22:38:15.0 (4928735)|SYSTEM_METHOD_ENTRY|[1]|JSON.JSON()
22:38:15.0 (4930891)|STATEMENT_EXECUTE|[1]
22:38:15.0 (4935788)|SYSTEM_METHOD_EXIT|[1]|JSON
22:38:15.0 (4951461)|METHOD_ENTRY|[61]||System.JSON.deserializeStrict(String, System.Type)
22:38:15.0 (5565996)|METHOD_EXIT|[61]||System.JSON.deserializeStrict(String, System.Type)
22:38:15.0 (5577707)|METHOD_EXIT|[6]|01p50000002CIEo|ETLC_ApexBridge_Data.fromJSON(String)
22:38:15.0 (5648523)|VARIABLE_ASSIGNMENT|[6]|data|{"debug":true,"input":"{\"mode\":\"fetchUserFe (34 more) ...","operation":"BFFFollow_Controller"}|0x5b95e463
22:38:15.0 (5653756)|STATEMENT_EXECUTE|[7]
22:38:15.0 (5662980)|HEAP_ALLOCATE|[7]|Bytes:6
22:38:15.0 (5732237)|HEAP_ALLOCATE|[7]|Bytes:202
22:38:15.0 (5756355)|HEAP_ALLOCATE|[7]|Bytes:208
22:38:15.0 (5779557)|USER_DEBUG|[7]|DEBUG|data::ETLC_ApexBridge_Data:[debug=true, input={"mode":"fetchUserFeed","userId":"00550000005cg71AAA"}, isSuccess=null, messages=null, operation=BFFFollow_Controller, output=null, outputFlag=null, records=null]
22:38:15.0 (5786857)|STATEMENT_EXECUTE|[8]
22:38:15.0 (5842307)|VARIABLE_ASSIGNMENT|[EXTERNAL]|this|{"debug":true,"input":"{\"mode\":\"fetchUserFe (34 more) ...","operation":"BFFFollow_Controller"}|0x5b95e463
22:38:15.0 (5861198)|METHOD_ENTRY|[8]||System.Type.forName(String)
22:38:15.0 (7619382)|METHOD_EXIT|[8]||System.Type.forName(String)
22:38:15.0 (7632281)|METHOD_ENTRY|[8]||System.Type.newInstance()
22:38:15.0 (8835674)|STATEMENT_EXECUTE|[1]
22:38:15.0 (8847793)|HEAP_ALLOCATE|[33]|Bytes:5
22:38:15.0 (8860933)|METHOD_EXIT|[1]|BFFFollow_Controller
22:38:15.0 (8875576)|HEAP_ALLOCATE|[33]|Bytes:4
22:38:15.0 (8882545)|VARIABLE_SCOPE_BEGIN|[1]|this|BFFFollow_Controller|true|false
22:38:15.0 (8899237)|VARIABLE_ASSIGNMENT|[1]|this|{}|0x1d37352d
22:38:15.0 (8906851)|HEAP_ALLOCATE|[33]|Bytes:5
22:38:15.0 (8915098)|HEAP_ALLOCATE|[33]|Bytes:11
22:38:15.0 (8931905)|METHOD_ENTRY|[1]|01p50000002CIEj|ETLC_ApexBridge_Abstract.ETLC_ApexBridge_Abstract()
22:38:15.0 (8934555)|STATEMENT_EXECUTE|[1]
22:38:15.0 (8937591)|STATEMENT_EXECUTE|[1]
22:38:15.0 (8941879)|METHOD_EXIT|[1]|ETLC_ApexBridge_Abstract
22:38:15.0 (8953619)|CONSTRUCTOR_ENTRY|[EXTERNAL]|01p50000002CIEj|<init>()
22:38:15.0 (8972394)|VARIABLE_SCOPE_BEGIN|[1]|this|ETLC_ApexBridge_Abstract|true|false
22:38:15.0 (8988389)|VARIABLE_ASSIGNMENT|[1]|this|{}|0x1d37352d
22:38:15.0 (9002726)|STATEMENT_EXECUTE|[1]
22:38:15.0 (9012228)|CONSTRUCTOR_EXIT|[EXTERNAL]|01p50000002CIEj|<init>()
22:38:15.0 (9017988)|STATEMENT_EXECUTE|[1]
22:38:15.0 (9022650)|HEAP_ALLOCATE|[33]|Bytes:5
22:38:15.0 (9039166)|METHOD_EXIT|[8]||System.Type.newInstance()
22:38:15.0 (9047228)|VARIABLE_SCOPE_BEGIN|[8]|executor|ETLC_ApexBridge_Abstract|true|false
22:38:15.0 (9060624)|VARIABLE_ASSIGNMENT|[8]|executor|{}|0x1d37352d
22:38:15.0 (9063172)|STATEMENT_EXECUTE|[9]
22:38:15.0 (9103468)|METHOD_ENTRY|[9]|01p50000002D8iw|BFFFollow_Controller.process(ETLC_ApexBridge_Data)
22:38:15.0 (9128163)|VARIABLE_SCOPE_BEGIN|[3]|this|BFFFollow_Controller|true|false
22:38:15.0 (9142242)|VARIABLE_ASSIGNMENT|[3]|this|{}|0x1d37352d
22:38:15.0 (9146621)|VARIABLE_SCOPE_BEGIN|[3]|data|ETLC_ApexBridge_Data|true|false
22:38:15.0 (9169948)|VARIABLE_ASSIGNMENT|[3]|data|{"debug":true,"input":"{\"mode\":\"fetchUserFe (34 more) ...","operation":"BFFFollow_Controller"}|0x5b95e463
22:38:15.0 (9178628)|HEAP_ALLOCATE|[4]|Bytes:5
22:38:15.0 (9182421)|STATEMENT_EXECUTE|[3]
22:38:15.0 (9183631)|STATEMENT_EXECUTE|[4]
22:38:15.0 (9259722)|VARIABLE_ASSIGNMENT|[EXTERNAL]|this|{"debug":true,"input":"{\"mode\":\"fetchUserFe (34 more) ...","operation":"BFFFollow_Controller"}|0x5b95e463
22:38:15.0 (9295279)|VARIABLE_ASSIGNMENT|[4]|BFFFollow_Controller.debugFlag|true
22:38:15.0 (9335519)|VARIABLE_ASSIGNMENT|[EXTERNAL]|this|{"debug":true,"input":"{\"mode\":\"fetchUserFe (34 more) ...","operation":"BFFFollow_Controller"}|0x5b95e463
22:38:15.0 (9349125)|STATEMENT_EXECUTE|[5]
22:38:15.0 (9357519)|HEAP_ALLOCATE|[5]|Bytes:12
22:38:15.0 (9392492)|HEAP_ALLOCATE|[5]|Bytes:202
22:38:15.0 (9406227)|HEAP_ALLOCATE|[5]|Bytes:214
22:38:15.0 (9416907)|USER_DEBUG|[5]|DEBUG|data BEFORE:ETLC_ApexBridge_Data:[debug=true, input={"mode":"fetchUserFeed","userId":"00550000005cg71AAA"}, isSuccess=null, messages=null, operation=BFFFollow_Controller, output=null, outputFlag=null, records=null]
22:38:15.0 (9423028)|STATEMENT_EXECUTE|[7]
22:38:15.0 (9429801)|HEAP_ALLOCATE|[7]|Bytes:4
22:38:15.0 (9451288)|METHOD_ENTRY|[7]|01p50000002CIEo|ETLC_ApexBridge_Data.getInputValue(String)
22:38:15.0 (9472774)|VARIABLE_SCOPE_BEGIN|[52]|this|ETLC_ApexBridge_Data|true|false
22:38:15.0 (9498917)|VARIABLE_ASSIGNMENT|[52]|this|{"debug":true,"input":"{\"mode\":\"fetchUserFe (34 more) ...","operation":"BFFFollow_Controller"}|0x5b95e463
22:38:15.0 (9505092)|VARIABLE_SCOPE_BEGIN|[52]|key|String|false|false
22:38:15.0 (9508908)|VARIABLE_ASSIGNMENT|[52]|key|"mode"
22:38:15.0 (9512753)|STATEMENT_EXECUTE|[52]
22:38:15.0 (9513965)|STATEMENT_EXECUTE|[53]
22:38:15.0 (9563101)|VARIABLE_ASSIGNMENT|[EXTERNAL]|this|{"debug":true,"input":"{\"mode\":\"fetchUserFe (34 more) ...","operation":"BFFFollow_Controller"}|0x5b95e463
22:38:15.0 (9579880)|METHOD_ENTRY|[53]||System.JSON.deserializeUntyped(String)
22:38:15.0 (9839577)|METHOD_EXIT|[53]||System.JSON.deserializeUntyped(String)
22:38:15.0 (9848869)|VARIABLE_SCOPE_BEGIN|[53]|inputMap|Map<String,ANY>|true|false
22:38:15.0 (9877140)|VARIABLE_ASSIGNMENT|[53]|inputMap|{"s":1,"v":{"mode":"fetchUserFeed","userId":"00550000005cg71AAA"}}|0x3499a40b
22:38:15.0 (9880571)|STATEMENT_EXECUTE|[54]
22:38:15.0 (9927206)|METHOD_EXIT|[7]|01p50000002CIEo|ETLC_ApexBridge_Data.getInputValue(String)
22:38:15.0 (9933991)|VARIABLE_SCOPE_BEGIN|[7]|mode|String|false|false
22:38:15.0 (9940315)|VARIABLE_ASSIGNMENT|[7]|mode|"fetchUserFeed"
22:38:15.0 (9944269)|HEAP_ALLOCATE|[9]|Bytes:18
22:38:15.0 (9972305)|HEAP_ALLOCATE|[12]|Bytes:17
22:38:15.0 (9981339)|HEAP_ALLOCATE|[14]|Bytes:13
22:38:15.0 (9990842)|STATEMENT_EXECUTE|[14]
22:38:15.0 (9992405)|STATEMENT_EXECUTE|[15]
22:38:15.0 (9998959)|HEAP_ALLOCATE|[15]|Bytes:6
22:38:15.0 (10009015)|METHOD_ENTRY|[15]|01p50000002CIEo|ETLC_ApexBridge_Data.getInputValue(String)
22:38:15.0 (10023260)|VARIABLE_SCOPE_BEGIN|[52]|this|ETLC_ApexBridge_Data|true|false
22:38:15.0 (10050062)|VARIABLE_ASSIGNMENT|[52]|this|{"debug":true,"input":"{\"mode\":\"fetchUserFe (34 more) ...","operation":"BFFFollow_Controller"}|0x5b95e463
22:38:15.0 (10053623)|VARIABLE_SCOPE_BEGIN|[52]|key|String|false|false
22:38:15.0 (10056892)|VARIABLE_ASSIGNMENT|[52]|key|"userId"
22:38:15.0 (10060401)|STATEMENT_EXECUTE|[52]
22:38:15.0 (10061639)|STATEMENT_EXECUTE|[53]
22:38:15.0 (10090982)|VARIABLE_ASSIGNMENT|[EXTERNAL]|this|{"debug":true,"input":"{\"mode\":\"fetchUserFe (34 more) ...","operation":"BFFFollow_Controller"}|0x5b95e463
22:38:15.0 (10102001)|METHOD_ENTRY|[53]||System.JSON.deserializeUntyped(String)
22:38:15.0 (10226276)|METHOD_EXIT|[53]||System.JSON.deserializeUntyped(String)
22:38:15.0 (10234767)|VARIABLE_SCOPE_BEGIN|[53]|inputMap|Map<String,ANY>|true|false
22:38:15.0 (10253622)|VARIABLE_ASSIGNMENT|[53]|inputMap|{"s":1,"v":{"mode":"fetchUserFeed","userId":"00550000005cg71AAA"}}|0x640869ab
22:38:15.0 (10257190)|STATEMENT_EXECUTE|[54]
22:38:15.0 (10276797)|METHOD_EXIT|[15]|01p50000002CIEo|ETLC_ApexBridge_Data.getInputValue(String)
22:38:15.0 (10291072)|HEAP_ALLOCATE|[15]|Bytes:4
22:38:15.0 (10305259)|METHOD_ENTRY|[15]|01p50000002D8iw|BFFFollow_Controller.fetchUserFeed(Id)
22:38:15.0 (10313011)|VARIABLE_SCOPE_BEGIN|[65]|this|BFFFollow_Controller|true|false
22:38:15.0 (10326687)|VARIABLE_ASSIGNMENT|[65]|this|{}|0x1d37352d
22:38:15.0 (10331475)|VARIABLE_SCOPE_BEGIN|[65]|userId|Id|false|false
22:38:15.0 (10389400)|VARIABLE_ASSIGNMENT|[65]|userId|"00550000005cg71AAA"
22:38:15.0 (10400712)|HEAP_ALLOCATE|[66]|Bytes:5
22:38:15.0 (10404699)|STATEMENT_EXECUTE|[65]
22:38:15.0 (10406030)|STATEMENT_EXECUTE|[66]
22:38:15.0 (10407002)|STATEMENT_EXECUTE|[66]
22:38:15.0 (10407941)|STATEMENT_EXECUTE|[67]
22:38:15.0 (10449609)|HEAP_ALLOCATE|[67]|Bytes:24
22:38:15.0 (10461334)|SYSTEM_METHOD_ENTRY|[1]|Network.Network()
22:38:15.0 (10463563)|STATEMENT_EXECUTE|[1]
22:38:15.0 (10468932)|SYSTEM_METHOD_EXIT|[1]|Network
22:38:15.0 (10482431)|METHOD_ENTRY|[67]||System.Network.getNetworkId()
22:38:15.0 (10518833)|METHOD_EXIT|[67]||System.Network.getNetworkId()
22:38:15.0 (10741898)|HEAP_ALLOCATE|[67]|Bytes:18
22:38:15.0 (10784790)|HEAP_ALLOCATE|[67]|Bytes:968
22:38:15.0 (10795621)|SYSTEM_METHOD_ENTRY|[5]|ChatterFeeds.ChatterFeeds()
22:38:15.0 (10797927)|STATEMENT_EXECUTE|[5]
22:38:15.0 (10802795)|SYSTEM_METHOD_EXIT|[5]|ChatterFeeds
22:38:15.0 (10817374)|METHOD_ENTRY|[67]||ConnectApi.ChatterFeeds.getFeedElementsFromFeed(String, ConnectApi.FeedType, String)
22:38:15.0 (74693850)|SYSTEM_METHOD_EXIT|[5]|FeedElementPage
22:38:15.0 (74709559)|HEAP_ALLOCATE|[3649]|Bytes:84
22:38:15.0 (74716939)|HEAP_ALLOCATE|[3649]|Bytes:12
22:38:15.0 (74720413)|HEAP_ALLOCATE|[3649]|Bytes:8
22:38:15.0 (74726527)|VARIABLE_SCOPE_BEGIN|[39]|this|ConnectApi.FeedElementPage|true|false
22:38:15.0 (74811138)|VARIABLE_ASSIGNMENT|[39]|this|{}|0xfb85f5f
22:38:15.0 (74817019)|VARIABLE_SCOPE_BEGIN|[39]|versionIn|Double|false|false
22:38:15.0 (74824569)|VARIABLE_ASSIGNMENT|[39]|versionIn|34.0
22:38:15.0 (74827043)|VARIABLE_SCOPE_BEGIN|[39]|javaObj|java:sfdc.chatter.connect.api.output.feeds.FeedElementCollectionRepresentation|true|false
22:38:15.0 (74927661)|VARIABLE_ASSIGNMENT|[39]|javaObj|"sfdc.chatter.connect.api.output.feeds.FeedElementCollectionRepresentation@5c7fba82"|0x5c7fba82
22:38:15.0 (75495288)|SYSTEM_METHOD_EXIT|[5]|FeedItem
22:38:15.0 (75505511)|HEAP_ALLOCATE|[59]|Bytes:252
22:38:15.0 (75512585)|HEAP_ALLOCATE|[59]|Bytes:12
22:38:15.0 (75518568)|HEAP_ALLOCATE|[59]|Bytes:8
22:38:15.0 (75525554)|VARIABLE_SCOPE_BEGIN|[56]|this|ConnectApi.FeedItem|true|false
22:38:15.0 (75576779)|HEAP_ALLOCATE|[59]|Bytes:312
22:38:15.0 (75589706)|HEAP_ALLOCATE|[59]|Bytes:75
22:38:15.0 (75618178)|SYSTEM_METHOD_ENTRY|[5]|FeedElement.FeedElement()
22:38:15.0 (75621504)|STATEMENT_EXECUTE|[5]
22:38:15.0 (75627972)|SYSTEM_METHOD_EXIT|[5]|FeedElement
22:38:15.0 (75655066)|VARIABLE_ASSIGNMENT|[56]|this|{}|0x7f529ba7
22:38:15.0 (75659354)|VARIABLE_SCOPE_BEGIN|[56]|versionIn|Double|false|false
22:38:15.0 (75665258)|VARIABLE_ASSIGNMENT|[56]|versionIn|34.0
22:38:15.0 (75667449)|VARIABLE_SCOPE_BEGIN|[56]|javaObj|java:sfdc.chatter.connect.api.output.feeds.FeedItemRepresentation|true|false
22:38:15.0 (75752978)|VARIABLE_ASSIGNMENT|[56]|javaObj|"\n\u003CFeedItem id(0D55000003LmBsDCAV)\u003E\n\u003CUser id(00550000005cg71AAA) name(Jaswinder Rattanpal) /\u003E\n\u003CFeedBody text(Test 1\n), isRichText(true) /\u003Esfdc.chatter.connect.api.output.feeds.FeedElementCommentCollectionRepresentation@5f4f514c\n\u003C/FeedItem\u003E"|0x12c0af5d
22:38:15.0 (75981438)|SYSTEM_METHOD_EXIT|[5]|FeedBody
22:38:15.0 (75988624)|HEAP_ALLOCATE|[46]|Bytes:36
22:38:15.0 (75994392)|HEAP_ALLOCATE|[46]|Bytes:12
22:38:15.0 (76000220)|HEAP_ALLOCATE|[46]|Bytes:8
22:38:15.0 (76008077)|VARIABLE_SCOPE_BEGIN|[16]|this|ConnectApi.FeedBody|true|false
22:38:15.0 (76039423)|HEAP_ALLOCATE|[46]|Bytes:164
22:38:15.0 (76050794)|HEAP_ALLOCATE|[46]|Bytes:44
22:38:15.0 (76075441)|SYSTEM_METHOD_ENTRY|[5]|AbstractMessageBody.AbstractMessageBody()
22:38:15.0 (76078063)|STATEMENT_EXECUTE|[5]
22:38:15.0 (76084056)|SYSTEM_METHOD_EXIT|[5]|AbstractMessageBody
22:38:15.0 (76097896)|VARIABLE_ASSIGNMENT|[16]|this|{}|0x33caac2d
22:38:15.0 (76101670)|VARIABLE_SCOPE_BEGIN|[16]|versionIn|Double|false|false
22:38:15.0 (76107302)|VARIABLE_ASSIGNMENT|[16]|versionIn|34.0
22:38:15.0 (76109435)|VARIABLE_SCOPE_BEGIN|[16]|javaObj|java:sfdc.chatter.connect.api.output.feeds.FeedBodyRepresentation|true|false
22:38:15.0 (76174227)|VARIABLE_ASSIGNMENT|[16]|javaObj|"\n\u003CFeedBody text(Test 1\n), isRichText(true) /\u003E"|0x58ae9650
22:38:15.0 (76545980)|SYSTEM_METHOD_EXIT|[5]|MarkupBeginSegment
22:38:15.0 (76553598)|HEAP_ALLOCATE|[43]|Bytes:44
22:38:15.0 (76557462)|HEAP_ALLOCATE|[43]|Bytes:12
22:38:15.0 (76560693)|HEAP_ALLOCATE|[43]|Bytes:8
22:38:15.0 (76564731)|VARIABLE_SCOPE_BEGIN|[20]|this|ConnectApi.MarkupBeginSegment|true|false
22:38:15.0 (76602512)|HEAP_ALLOCATE|[43]|Bytes:120
22:38:15.0 (76614269)|HEAP_ALLOCATE|[43]|Bytes:40
22:38:15.0 (76641946)|SYSTEM_METHOD_ENTRY|[5]|MessageSegment.MessageSegment()
22:38:15.0 (76644742)|STATEMENT_EXECUTE|[5]
22:38:15.0 (76650952)|SYSTEM_METHOD_EXIT|[5]|MessageSegment
22:38:15.0 (76664031)|VARIABLE_ASSIGNMENT|[20]|this|{}|0x7dce6938
22:38:15.0 (76667663)|VARIABLE_SCOPE_BEGIN|[20]|versionIn|Double|false|false
22:38:15.0 (76673203)|VARIABLE_ASSIGNMENT|[20]|versionIn|34.0
22:38:15.0 (76675423)|VARIABLE_SCOPE_BEGIN|[20]|javaObj|java:sfdc.chatter.connect.api.output.feeds.MarkupBeginMessageSegmentRepresentation|true|false
22:38:15.0 (76745348)|VARIABLE_ASSIGNMENT|[20]|javaObj|"MarkupBegin(\"Paragraph\", \"p\")"|0x6a638b9b
22:38:15.0 (77660557)|SYSTEM_METHOD_EXIT|[5]|TextSegment
22:38:15.0 (77671593)|HEAP_ALLOCATE|[43]|Bytes:28
22:38:15.0 (77676021)|HEAP_ALLOCATE|[43]|Bytes:12
22:38:15.0 (77679280)|HEAP_ALLOCATE|[43]|Bytes:8
22:38:15.0 (77682982)|VARIABLE_SCOPE_BEGIN|[16]|this|ConnectApi.TextSegment|true|false
22:38:15.0 (77708820)|VARIABLE_ASSIGNMENT|[16]|this|{}|0x201ef2fd
22:38:15.0 (77716251)|VARIABLE_SCOPE_BEGIN|[16]|versionIn|Double|false|false
22:38:15.0 (77726952)|VARIABLE_ASSIGNMENT|[16]|versionIn|34.0
22:38:15.0 (77731246)|VARIABLE_SCOPE_BEGIN|[16]|javaObj|java:sfdc.chatter.connect.api.output.feeds.TextMessageSegmentRepresentation|true|false
22:38:15.0 (77803057)|VARIABLE_ASSIGNMENT|[16]|javaObj|"Text(\"Test 1\")"|0x2e17d86f
22:38:15.0 (78107922)|SYSTEM_METHOD_EXIT|[5]|MarkupEndSegment
22:38:15.0 (78116425)|HEAP_ALLOCATE|[43]|Bytes:44
22:38:15.0 (78120457)|HEAP_ALLOCATE|[43]|Bytes:12
22:38:15.0 (78123659)|HEAP_ALLOCATE|[43]|Bytes:8
22:38:15.0 (78128332)|VARIABLE_SCOPE_BEGIN|[20]|this|ConnectApi.MarkupEndSegment|true|false
22:38:15.0 (78152349)|VARIABLE_ASSIGNMENT|[20]|this|{}|0x58dea165
22:38:15.0 (78156075)|VARIABLE_SCOPE_BEGIN|[20]|versionIn|Double|false|false
22:38:15.0 (78160846)|VARIABLE_ASSIGNMENT|[20]|versionIn|34.0
22:38:15.0 (78162755)|VARIABLE_SCOPE_BEGIN|[20]|javaObj|java:sfdc.chatter.connect.api.output.feeds.MarkupEndMessageSegmentRepresentation|true|false
22:38:15.0 (78250666)|VARIABLE_ASSIGNMENT|[20]|javaObj|"MarkupEnd(\"Paragraph\", \"p\")"|0x23424449
22:38:15.0 (78711352)|SYSTEM_METHOD_EXIT|[5]|FeedElementCapabilities
22:38:15.0 (78720095)|HEAP_ALLOCATE|[49]|Bytes:236
22:38:15.0 (78724458)|HEAP_ALLOCATE|[49]|Bytes:12
22:38:15.0 (78727660)|HEAP_ALLOCATE|[49]|Bytes:8
22:38:15.0 (78731737)|VARIABLE_SCOPE_BEGIN|[77]|this|ConnectApi.FeedElementCapabilities|true|false
22:38:15.0 (78784401)|VARIABLE_ASSIGNMENT|[77]|this|{}|0x741cd3c6
22:38:15.0 (78788999)|VARIABLE_SCOPE_BEGIN|[77]|versionIn|Double|false|false
22:38:15.0 (78794433)|VARIABLE_ASSIGNMENT|[77]|versionIn|34.0
22:38:15.0 (78796275)|VARIABLE_SCOPE_BEGIN|[77]|javaObj|java:sfdc.chatter.connect.api.output.feeds.FeedElementCapabilitySetRepresentation|true|false
22:38:15.0 (78857438)|VARIABLE_ASSIGNMENT|[77]|javaObj|"sfdc.chatter.connect.api.output.feeds.FeedElementCapabilitySetRepresentation@64d8b98a"|0x64d8b98a
22:38:15.0 (79044011)|SYSTEM_METHOD_EXIT|[5]|AssociatedActionsCapability
22:38:15.0 (79055097)|HEAP_ALLOCATE|[85]|Bytes:20
22:38:15.0 (79060744)|HEAP_ALLOCATE|[85]|Bytes:12
22:38:15.0 (79063964)|HEAP_ALLOCATE|[85]|Bytes:8
22:38:15.0 (79068283)|VARIABLE_SCOPE_BEGIN|[18]|this|ConnectApi.AssociatedActionsCapability|true|false
22:38:15.0 (79088981)|VARIABLE_ASSIGNMENT|[18]|this|{}|0x49a0f9fd
22:38:15.0 (79092374)|VARIABLE_SCOPE_BEGIN|[18]|versionIn|Double|false|false
22:38:15.0 (79096857)|VARIABLE_ASSIGNMENT|[18]|versionIn|34.0
22:38:15.0 (79098829)|VARIABLE_SCOPE_BEGIN|[18]|javaObj|java:sfdc.chatter.connect.api.output.feeds.AssociatedActionsCapabilityRepresentation|true|false
22:38:15.0 (79181649)|VARIABLE_ASSIGNMENT|[18]|javaObj|"sfdc.chatter.connect.api.output.feeds.AssociatedActionsCapabilityRepresentation@78f19c8c"|0x78f19c8c
22:38:15.0 (79619893)|SYSTEM_METHOD_EXIT|[5]|BookmarksCapability
22:38:15.0 (79629728)|HEAP_ALLOCATE|[91]|Bytes:20
22:38:15.0 (79637095)|HEAP_ALLOCATE|[91]|Bytes:12
22:38:15.0 (79642818)|HEAP_ALLOCATE|[91]|Bytes:8
22:38:15.0 (79649784)|VARIABLE_SCOPE_BEGIN|[18]|this|ConnectApi.BookmarksCapability|true|false
22:38:15.0 (79677572)|VARIABLE_ASSIGNMENT|[18]|this|{}|0x6a61f2b7
22:38:15.0 (79682555)|VARIABLE_SCOPE_BEGIN|[18]|versionIn|Double|false|false
22:38:15.0 (79687822)|VARIABLE_ASSIGNMENT|[18]|versionIn|34.0
22:38:15.0 (79690140)|VARIABLE_SCOPE_BEGIN|[18]|javaObj|java:sfdc.chatter.connect.api.output.feeds.BookmarksCapabilityRepresentation|true|false
22:38:15.0 (79758546)|VARIABLE_ASSIGNMENT|[18]|javaObj|"sfdc.chatter.connect.api.output.feeds.BookmarksCapabilityRepresentation@4b540298"|0x4b540298
22:38:15.0 (79989375)|SYSTEM_METHOD_EXIT|[5]|ChatterLikesCapability
22:38:15.0 (79996365)|HEAP_ALLOCATE|[103]|Bytes:44
22:38:15.0 (80000388)|HEAP_ALLOCATE|[103]|Bytes:12
22:38:15.0 (80004724)|HEAP_ALLOCATE|[103]|Bytes:8
22:38:15.0 (80008622)|VARIABLE_SCOPE_BEGIN|[24]|this|ConnectApi.ChatterLikesCapability|true|false
22:38:15.0 (80031038)|VARIABLE_ASSIGNMENT|[24]|this|{}|0x575751e
22:38:15.0 (80034734)|VARIABLE_SCOPE_BEGIN|[24]|versionIn|Double|false|false
22:38:15.0 (80039335)|VARIABLE_ASSIGNMENT|[24]|versionIn|34.0
22:38:15.0 (80041561)|VARIABLE_SCOPE_BEGIN|[24]|javaObj|java:sfdc.chatter.connect.api.output.feeds.ChatterLikesCapabilityRepresentation|true|false
22:38:15.0 (80104051)|VARIABLE_ASSIGNMENT|[24]|javaObj|"sfdc.chatter.connect.api.output.feeds.ChatterLikesCapabilityRepresentation@71949cc0"|0x71949cc0
22:38:15.0 (80312522)|SYSTEM_METHOD_EXIT|[5]|MessageBody
22:38:15.0 (80325079)|HEAP_ALLOCATE|[32]|Bytes:36
22:38:15.0 (80332132)|HEAP_ALLOCATE|[32]|Bytes:12
22:38:15.0 (80337364)|HEAP_ALLOCATE|[32]|Bytes:8
22:38:15.0 (80344275)|VARIABLE_SCOPE_BEGIN|[16]|this|ConnectApi.MessageBody|true|false
22:38:15.0 (80367748)|VARIABLE_ASSIGNMENT|[16]|this|{}|0x14053c0f
22:38:15.0 (80371122)|VARIABLE_SCOPE_BEGIN|[16]|versionIn|Double|false|false
22:38:15.0 (80375697)|VARIABLE_ASSIGNMENT|[16]|versionIn|34.0
22:38:15.0 (80377779)|VARIABLE_SCOPE_BEGIN|[16]|javaObj|java:sfdc.chatter.connect.api.output.feeds.MessageBodyRepresentation|true|false
22:38:15.0 (80444204)|VARIABLE_ASSIGNMENT|[16]|javaObj|"\n\u003CMessageBody text(Test User likes this.), isRichText(null) /\u003E"|0x7faeacd5
22:38:15.0 (80703890)|SYSTEM_METHOD_EXIT|[5]|EntityLinkSegment
22:38:15.0 (80712043)|HEAP_ALLOCATE|[43]|Bytes:44
22:38:15.0 (80716397)|HEAP_ALLOCATE|[43]|Bytes:12
22:38:15.0 (80719667)|HEAP_ALLOCATE|[43]|Bytes:8
22:38:15.0 (80723974)|VARIABLE_SCOPE_BEGIN|[20]|this|ConnectApi.EntityLinkSegment|true|false
22:38:15.0 (80751056)|VARIABLE_ASSIGNMENT|[20]|this|{}|0x51ddfbbb
22:38:15.0 (80755316)|VARIABLE_SCOPE_BEGIN|[20]|versionIn|Double|false|false
22:38:15.0 (80760121)|VARIABLE_ASSIGNMENT|[20]|versionIn|34.0
22:38:15.0 (80762716)|VARIABLE_SCOPE_BEGIN|[20]|javaObj|java:sfdc.chatter.connect.api.output.feeds.EntityLinkMessageSegmentRepresentation|true|false
22:38:15.0 (80853505)|VARIABLE_ASSIGNMENT|[20]|javaObj|"EntityLink(\"Test User\")"|0x4fa0fdc
22:38:15.0 (81104214)|SYSTEM_METHOD_EXIT|[5]|Motif
22:38:15.0 (81112336)|HEAP_ALLOCATE|[25]|Bytes:52
22:38:15.0 (81116391)|HEAP_ALLOCATE|[25]|Bytes:12
22:38:15.0 (81119514)|HEAP_ALLOCATE|[25]|Bytes:8
22:38:15.0 (81123611)|VARIABLE_SCOPE_BEGIN|[31]|this|ConnectApi.Motif|true|false
22:38:15.0 (81152473)|VARIABLE_ASSIGNMENT|[31]|this|{}|0x39a2be08
22:38:15.0 (81158417)|VARIABLE_SCOPE_BEGIN|[31]|versionIn|Double|false|false
22:38:15.0 (81166027)|VARIABLE_ASSIGNMENT|[31]|versionIn|34.0
22:38:15.0 (81170510)|VARIABLE_SCOPE_BEGIN|[31]|javaObj|java:sfdc.common.connect.api.output.common.MotifRepresentation|true|false
22:38:15.0 (81239570)|VARIABLE_ASSIGNMENT|[31]|javaObj|"sfdc.common.connect.api.output.common.MotifRepresentation@336075ed"|0x336075ed
22:38:15.0 (81480082)|SYSTEM_METHOD_EXIT|[5]|Reference
22:38:15.0 (81486707)|HEAP_ALLOCATE|[28]|Bytes:28
22:38:15.0 (81490349)|HEAP_ALLOCATE|[28]|Bytes:12
22:38:15.0 (81493442)|HEAP_ALLOCATE|[28]|Bytes:8
22:38:15.0 (81497410)|VARIABLE_SCOPE_BEGIN|[25]|this|ConnectApi.Reference|true|false
22:38:15.0 (81516072)|VARIABLE_ASSIGNMENT|[25]|this|{}|0xd5e5019
22:38:15.0 (81519667)|VARIABLE_SCOPE_BEGIN|[25]|versionIn|Double|false|false
22:38:15.0 (81524173)|VARIABLE_ASSIGNMENT|[25]|versionIn|34.0
22:38:15.0 (81526375)|VARIABLE_SCOPE_BEGIN|[25]|javaObj|java:sfdc.common.connect.api.output.common.ReferenceRepresentation|true|false
22:38:15.0 (81598038)|VARIABLE_ASSIGNMENT|[25]|javaObj|"sfdc.common.connect.api.output.common.ReferenceRepresentation@598e3a81"|0x598e3a81
22:38:15.0 (82117645)|SYSTEM_METHOD_EXIT|[5]|ChatterLikePage
22:38:15.0 (82126003)|HEAP_ALLOCATE|[38]|Bytes:84
22:38:15.0 (82129999)|HEAP_ALLOCATE|[38]|Bytes:12
22:38:15.0 (82133136)|HEAP_ALLOCATE|[38]|Bytes:8
22:38:15.0 (82140320)|VARIABLE_SCOPE_BEGIN|[39]|this|ConnectApi.ChatterLikePage|true|false
22:38:15.0 (82167553)|VARIABLE_ASSIGNMENT|[39]|this|{}|0x75f09d46
22:38:15.0 (82173393)|VARIABLE_SCOPE_BEGIN|[39]|versionIn|Double|false|false
22:38:15.0 (82181024)|VARIABLE_ASSIGNMENT|[39]|versionIn|34.0
22:38:15.0 (82184785)|VARIABLE_SCOPE_BEGIN|[39]|javaObj|java:sfdc.chatter.connect.api.output.feeds.LikeCollectionRepresentation|true|false
22:38:15.0 (82254390)|VARIABLE_ASSIGNMENT|[39]|javaObj|"sfdc.chatter.connect.api.output.feeds.LikeCollectionRepresentation@450f4108"|0x450f4108
22:38:15.0 (82636743)|SYSTEM_METHOD_EXIT|[5]|ChatterLike
22:38:15.0 (82643852)|HEAP_ALLOCATE|[59]|Bytes:44
22:38:15.0 (82647646)|HEAP_ALLOCATE|[59]|Bytes:12
22:38:15.0 (82650776)|HEAP_ALLOCATE|[59]|Bytes:8
22:38:15.0 (82654383)|VARIABLE_SCOPE_BEGIN|[29]|this|ConnectApi.ChatterLike|true|false
22:38:15.0 (82675495)|VARIABLE_ASSIGNMENT|[29]|this|{}|0x3a2e0f28
22:38:15.0 (82679102)|VARIABLE_SCOPE_BEGIN|[29]|versionIn|Double|false|false
22:38:15.0 (82683620)|VARIABLE_ASSIGNMENT|[29]|versionIn|34.0
22:38:15.0 (82686085)|VARIABLE_SCOPE_BEGIN|[29]|javaObj|java:sfdc.chatter.connect.api.output.feeds.LikeRepresentation|true|false
22:38:15.0 (82753956)|VARIABLE_ASSIGNMENT|[29]|javaObj|"sfdc.chatter.connect.api.output.feeds.LikeRepresentation@125c70de"|0x125c70de
22:38:15.0 (83154842)|SYSTEM_METHOD_EXIT|[5]|UserSummary
22:38:15.0 (83163963)|HEAP_ALLOCATE|[44]|Bytes:164
22:38:15.0 (83167975)|HEAP_ALLOCATE|[44]|Bytes:12
22:38:15.0 (83171753)|HEAP_ALLOCATE|[44]|Bytes:8
22:38:15.0 (83175860)|VARIABLE_SCOPE_BEGIN|[18]|this|ConnectApi.UserSummary|true|false
22:38:15.0 (83201680)|HEAP_ALLOCATE|[44]|Bytes:344
22:38:15.0 (83208667)|HEAP_ALLOCATE|[44]|Bytes:76
22:38:15.0 (83232277)|SYSTEM_METHOD_ENTRY|[5]|User.User()
22:38:15.0 (83234449)|STATEMENT_EXECUTE|[5]
22:38:15.0 (83240229)|SYSTEM_METHOD_EXIT|[5]|User
22:38:15.0 (83263512)|HEAP_ALLOCATE|[44]|Bytes:204
22:38:15.0 (83274681)|HEAP_ALLOCATE|[44]|Bytes:49
22:38:15.0 (83287980)|SYSTEM_METHOD_ENTRY|[5]|ActorWithId.ActorWithId()
22:38:15.0 (83290529)|STATEMENT_EXECUTE|[5]
22:38:15.0 (83296996)|SYSTEM_METHOD_EXIT|[5]|ActorWithId
22:38:15.0 (83308657)|HEAP_ALLOCATE|[44]|Bytes:116
22:38:15.0 (83313831)|HEAP_ALLOCATE|[44]|Bytes:40
22:38:15.0 (83320011)|SYSTEM_METHOD_ENTRY|[5]|Actor.Actor()
22:38:15.0 (83321725)|STATEMENT_EXECUTE|[5]
22:38:15.0 (83325418)|SYSTEM_METHOD_EXIT|[5]|Actor
22:38:15.0 (83342251)|VARIABLE_ASSIGNMENT|[18]|this|{}|0x63b7d57e
22:38:15.0 (83345980)|VARIABLE_SCOPE_BEGIN|[18]|versionIn|Double|false|false
22:38:15.0 (83351538)|VARIABLE_ASSIGNMENT|[18]|versionIn|34.0
22:38:15.0 (83353620)|VARIABLE_SCOPE_BEGIN|[18]|javaObj|java:sfdc.chatter.connect.api.output.user.UserSummaryRepresentation|true|false
22:38:15.0 (83445342)|VARIABLE_ASSIGNMENT|[18]|javaObj|"\n\u003CUser id(00550000005d7KnAAI) name(Test User) /\u003E"|0x5c8fdf01
22:38:15.0 (84120902)|SYSTEM_METHOD_EXIT|[5]|Photo
22:38:15.0 (84129462)|HEAP_ALLOCATE|[64]|Bytes:68
22:38:15.0 (84133098)|HEAP_ALLOCATE|[64]|Bytes:12
22:38:15.0 (84136103)|HEAP_ALLOCATE|[64]|Bytes:8
22:38:15.0 (84139986)|VARIABLE_SCOPE_BEGIN|[35]|this|ConnectApi.Photo|true|false
22:38:15.0 (84164661)|VARIABLE_ASSIGNMENT|[35]|this|{}|0x1612ccf7
22:38:15.0 (84168378)|VARIABLE_SCOPE_BEGIN|[35]|versionIn|Double|false|false
22:38:15.0 (84173122)|VARIABLE_ASSIGNMENT|[35]|versionIn|34.0
22:38:15.0 (84175526)|VARIABLE_SCOPE_BEGIN|[35]|javaObj|java:sfdc.chatter.connect.api.output.photo.PhotoRepresentation|true|false
22:38:15.0 (84255230)|VARIABLE_ASSIGNMENT|[35]|javaObj|"sfdc.chatter.connect.api.output.photo.PhotoRepresentation@67b9846b"|0x67b9846b
22:38:15.0 (86047561)|SYSTEM_METHOD_EXIT|[5]|CommentsCapability
22:38:15.0 (86055290)|HEAP_ALLOCATE|[106]|Bytes:20
22:38:15.0 (86059759)|HEAP_ALLOCATE|[106]|Bytes:12
22:38:15.0 (86062957)|HEAP_ALLOCATE|[106]|Bytes:8
22:38:15.0 (86066686)|VARIABLE_SCOPE_BEGIN|[18]|this|ConnectApi.CommentsCapability|true|false
22:38:15.0 (86086169)|VARIABLE_ASSIGNMENT|[18]|this|{}|0x182d065e
22:38:15.0 (86089535)|VARIABLE_SCOPE_BEGIN|[18]|versionIn|Double|false|false
22:38:15.0 (86094080)|VARIABLE_ASSIGNMENT|[18]|versionIn|34.0
22:38:15.0 (86096231)|VARIABLE_SCOPE_BEGIN|[18]|javaObj|java:sfdc.chatter.connect.api.output.feeds.CommentsCapabilityRepresentation|true|false
22:38:15.0 (86159826)|VARIABLE_ASSIGNMENT|[18]|javaObj|"sfdc.chatter.connect.api.output.feeds.CommentsCapabilityRepresentation@185804d8"|0x185804d8
22:38:15.0 (86321871)|SYSTEM_METHOD_EXIT|[5]|CommentPage
22:38:15.0 (86328693)|HEAP_ALLOCATE|[23]|Bytes:68
22:38:15.0 (86332408)|HEAP_ALLOCATE|[23]|Bytes:12
22:38:15.0 (86335495)|HEAP_ALLOCATE|[23]|Bytes:8
22:38:15.0 (86339244)|VARIABLE_SCOPE_BEGIN|[35]|this|ConnectApi.CommentPage|true|false
22:38:15.0 (86363520)|VARIABLE_ASSIGNMENT|[35]|this|{}|0x33e94164
22:38:15.0 (86366766)|VARIABLE_SCOPE_BEGIN|[35]|versionIn|Double|false|false
22:38:15.0 (86371353)|VARIABLE_ASSIGNMENT|[35]|versionIn|34.0
22:38:15.0 (86373224)|VARIABLE_SCOPE_BEGIN|[35]|javaObj|java:sfdc.chatter.connect.api.output.feeds.FeedElementCommentCollectionRepresentation|true|false
22:38:15.0 (86436457)|VARIABLE_ASSIGNMENT|[35]|javaObj|"sfdc.chatter.connect.api.output.feeds.FeedElementCommentCollectionRepresentation@4c60a847"|0x4c60a847
22:38:15.0 (86722038)|SYSTEM_METHOD_EXIT|[5]|Comment
22:38:15.0 (86729378)|HEAP_ALLOCATE|[48]|Bytes:156
22:38:15.0 (86733277)|HEAP_ALLOCATE|[48]|Bytes:12
22:38:15.0 (86736323)|HEAP_ALLOCATE|[48]|Bytes:8
22:38:15.0 (86741241)|VARIABLE_SCOPE_BEGIN|[57]|this|ConnectApi.Comment|true|false
22:38:15.0 (86779946)|VARIABLE_ASSIGNMENT|[57]|this|{}|0x3c0f5863
22:38:15.0 (86784149)|VARIABLE_SCOPE_BEGIN|[57]|versionIn|Double|false|false
22:38:15.0 (86789209)|VARIABLE_ASSIGNMENT|[57]|versionIn|34.0
22:38:15.0 (86791245)|VARIABLE_SCOPE_BEGIN|[57]|javaObj|java:sfdc.chatter.connect.api.output.feeds.CommentRepresentation|true|false
22:38:15.0 (86871638)|VARIABLE_ASSIGNMENT|[57]|javaObj|"\n\u003CComment id(0D750000002KRgU) parent(sfdc.common.connect.api.output.common.ReferenceRepresentation@64a9f5fe) \u003E\n\u003CFeedBody text(Test), isRichText(false) /\u003E\n\u003CUser id(00550000005d7KnAAI) name(Test User) /\u003E\n\u003C/Comment"|0x1d327a6e
22:38:15.0 (87377570)|SYSTEM_METHOD_EXIT|[5]|CommentCapabilities
22:38:15.0 (87385089)|HEAP_ALLOCATE|[68]|Bytes:28
22:38:15.0 (87389208)|HEAP_ALLOCATE|[68]|Bytes:12
22:38:15.0 (87392358)|HEAP_ALLOCATE|[68]|Bytes:8
22:38:15.0 (87395901)|VARIABLE_SCOPE_BEGIN|[25]|this|ConnectApi.CommentCapabilities|true|false
22:38:15.0 (87414668)|VARIABLE_ASSIGNMENT|[25]|this|{}|0x54d9cb1f
22:38:15.0 (87417954)|VARIABLE_SCOPE_BEGIN|[25]|versionIn|Double|false|false
22:38:15.0 (87422559)|VARIABLE_ASSIGNMENT|[25]|versionIn|34.0
22:38:15.0 (87424428)|VARIABLE_SCOPE_BEGIN|[25]|javaObj|java:sfdc.chatter.connect.api.output.feeds.CommentCapabilitySetRepresentation|true|false
22:38:15.0 (87490735)|VARIABLE_ASSIGNMENT|[25]|javaObj|"sfdc.chatter.connect.api.output.feeds.CommentCapabilitySetRepresentation@12d35da7"|0x12d35da7
22:38:15.0 (89411439)|SYSTEM_METHOD_EXIT|[5]|MentionSegment
22:38:15.0 (89419248)|HEAP_ALLOCATE|[43]|Bytes:60
22:38:15.0 (89423405)|HEAP_ALLOCATE|[43]|Bytes:12
22:38:15.0 (89426856)|HEAP_ALLOCATE|[43]|Bytes:8
22:38:15.0 (89430851)|VARIABLE_SCOPE_BEGIN|[24]|this|ConnectApi.MentionSegment|true|false
22:38:15.0 (89456830)|VARIABLE_ASSIGNMENT|[24]|this|{}|0x3791b05d
22:38:15.0 (89460388)|VARIABLE_SCOPE_BEGIN|[24]|versionIn|Double|false|false
22:38:15.0 (89465292)|VARIABLE_ASSIGNMENT|[24]|versionIn|34.0
22:38:15.0 (89467433)|VARIABLE_SCOPE_BEGIN|[24]|javaObj|java:sfdc.chatter.connect.api.output.feeds.MentionMessageSegmentRepresentation|true|false
22:38:15.0 (89541588)|VARIABLE_ASSIGNMENT|[24]|javaObj|"Mention(\"Test User\",00550000005d7KnAAI,true)"|0x2d0a1483
22:38:15.0 (97436813)|SYSTEM_METHOD_EXIT|[5]|InteractionsCapability
22:38:15.0 (97444654)|HEAP_ALLOCATE|[127]|Bytes:20
22:38:15.0 (97449047)|HEAP_ALLOCATE|[127]|Bytes:12
22:38:15.0 (97452287)|HEAP_ALLOCATE|[127]|Bytes:8
22:38:15.0 (97456021)|VARIABLE_SCOPE_BEGIN|[18]|this|ConnectApi.InteractionsCapability|true|false
22:38:15.0 (97476388)|VARIABLE_ASSIGNMENT|[18]|this|{}|0x25bc5ae0
22:38:15.0 (97480001)|VARIABLE_SCOPE_BEGIN|[18]|versionIn|Double|false|false
22:38:15.0 (97484735)|VARIABLE_ASSIGNMENT|[18]|versionIn|34.0
22:38:15.0 (97486998)|VARIABLE_SCOPE_BEGIN|[18]|javaObj|java:sfdc.chatter.connect.api.output.feeds.InteractionsCapabilityRepresentation|true|false
22:38:15.0 (97551136)|VARIABLE_ASSIGNMENT|[18]|javaObj|"sfdc.chatter.connect.api.output.feeds.InteractionsCapabilityRepresentation@6e692c3d"|0x6e692c3d
22:38:15.0 (97759414)|SYSTEM_METHOD_EXIT|[5]|MuteCapability
22:38:15.0 (97766055)|HEAP_ALLOCATE|[136]|Bytes:20
22:38:15.0 (97769931)|HEAP_ALLOCATE|[136]|Bytes:12
22:38:15.0 (97773060)|HEAP_ALLOCATE|[136]|Bytes:8
22:38:15.0 (97776617)|VARIABLE_SCOPE_BEGIN|[18]|this|ConnectApi.MuteCapability|true|false
22:38:15.0 (97796274)|VARIABLE_ASSIGNMENT|[18]|this|{}|0x54407af5
22:38:15.0 (97799684)|VARIABLE_SCOPE_BEGIN|[18]|versionIn|Double|false|false
22:38:15.0 (97804248)|VARIABLE_ASSIGNMENT|[18]|versionIn|34.0
22:38:15.0 (97806451)|VARIABLE_SCOPE_BEGIN|[18]|javaObj|java:sfdc.chatter.connect.api.output.feeds.MuteCapabilityRepresentation|true|false
22:38:15.0 (97868264)|VARIABLE_ASSIGNMENT|[18]|javaObj|"sfdc.chatter.connect.api.output.feeds.MuteCapabilityRepresentation@2913c2f2"|0x2913c2f2
22:38:15.0 (98086290)|SYSTEM_METHOD_EXIT|[5]|StatusCapability
22:38:15.0 (98094153)|HEAP_ALLOCATE|[157]|Bytes:28
22:38:15.0 (98098160)|HEAP_ALLOCATE|[157]|Bytes:12
22:38:15.0 (98101335)|HEAP_ALLOCATE|[157]|Bytes:8
22:38:15.0 (98105226)|VARIABLE_SCOPE_BEGIN|[20]|this|ConnectApi.StatusCapability|true|false
22:38:15.0 (98127068)|VARIABLE_ASSIGNMENT|[20]|this|{}|0x6ebff66a
22:38:15.0 (98130890)|VARIABLE_SCOPE_BEGIN|[20]|versionIn|Double|false|false
22:38:15.0 (98135406)|VARIABLE_ASSIGNMENT|[20]|versionIn|34.0
22:38:15.0 (98137340)|VARIABLE_SCOPE_BEGIN|[20]|javaObj|java:sfdc.chatter.connect.api.output.feeds.StatusCapabilityRepresentation|true|false
22:38:15.0 (98198727)|VARIABLE_ASSIGNMENT|[20]|javaObj|"sfdc.chatter.connect.api.output.feeds.StatusCapabilityRepresentation@49102744"|0x49102744
22:38:15.0 (98551983)|SYSTEM_METHOD_EXIT|[5]|TopicsCapability
22:38:15.0 (98558129)|HEAP_ALLOCATE|[160]|Bytes:28
22:38:15.0 (98562210)|HEAP_ALLOCATE|[160]|Bytes:12
22:38:15.0 (98565330)|HEAP_ALLOCATE|[160]|Bytes:8
22:38:15.0 (98569010)|VARIABLE_SCOPE_BEGIN|[20]|this|ConnectApi.TopicsCapability|true|false
22:38:15.0 (98596863)|VARIABLE_ASSIGNMENT|[20]|this|{}|0x1e506b41
22:38:15.0 (98601269)|VARIABLE_SCOPE_BEGIN|[20]|versionIn|Double|false|false
22:38:15.0 (98606369)|VARIABLE_ASSIGNMENT|[20]|versionIn|34.0
22:38:15.0 (98608389)|VARIABLE_SCOPE_BEGIN|[20]|javaObj|java:sfdc.chatter.connect.api.output.feeds.TopicsCapabilityRepresentation|true|false
22:38:15.0 (98670722)|VARIABLE_ASSIGNMENT|[20]|javaObj|"sfdc.chatter.connect.api.output.feeds.TopicsCapabilityRepresentation@29e32e2b"|0x29e32e2b
22:38:15.0 (122424142)|METHOD_EXIT|[67]||ConnectApi.ChatterFeeds.getFeedElementsFromFeed(String, ConnectApi.FeedType, String)
22:38:15.0 (122433619)|VARIABLE_SCOPE_BEGIN|[67]|fep|ConnectApi.FeedElementPage|true|false
22:38:15.0 (122465697)|VARIABLE_ASSIGNMENT|[67]|fep|{}|0xfb85f5f
22:38:15.0 (122470435)|STATEMENT_EXECUTE|[68]
22:38:15.0 (122549386)|HEAP_ALLOCATE|[68]|Bytes:84
22:38:15.0 (122557198)|VARIABLE_SCOPE_BEGIN|[105]|this|ConnectApi.FeedElementPage|true|false
22:38:15.0 (122580023)|VARIABLE_ASSIGNMENT|[105]|this|{}|0xfb85f5f
22:38:15.0 (197622564)|USER_DEBUG|[68]|DEBUG|ConnectApi.FeedElementPage[buildVersion=34.0, currentPageToken=null, currentPageUrl=/services/data/v34.0/chatter/feeds/user-profile/00550000005cg71AAA/feed-elements, elements=(ConnectApi.FeedItem[buildVersion=34.0, actor=ConnectApi.UserSummary[buildVersion=34.0, additionalLabel=null, communityNickname=bfffollow1.4689653052892656E12, companyName=BFFFollow, displayName=Jaswinder Rattanpal, firstName=Jaswinder, id=00550000005cg71AAA, isActive=true, isInThisCommunity=true, lastName=Rattanpal, motif=ConnectApi.Motif[buildVersion=34.0, color=65CAE4, largeIconUrl=/img/icon/profile64.png, mediumIconUrl=/img/icon/profile32.png, smallIconUrl=/img/icon/profile16.png, svgIconUrl=null], mySubscription=null, name=Jaswinder Rattanpal, photo=ConnectApi.Photo[buildVersion=34.0, fullEmailPhotoUrl=https://bfffollow-dev-ed.my.salesforce.com/img/userprofile/default_profile_200.png?fromEmail=1, largePhotoUrl=https://bfffollow-dev-ed--c.na3.content.force.com/profilephoto/005/F, photoVersionId=null, smallPhotoUrl=https://bfffollow-dev-ed--c.na3.content.force.com/profilephoto/005/T, standardEmailPhotoUrl=https://bfffollow-dev-ed.my.salesforce.com/img/userprofile/default_profile_45.png?fromEmail=1, url=/services/data/v34.0/chatter/users/00550000005cg71AAA/photo], reputation=null, title=null, type=User, url=/services/data/v34.0/chatter/users/00550000005cg71AAA, userType=Internal], body=ConnectApi.FeedBody[buildVersion=34.0, messageSegments=(ConnectApi.MarkupBeginSegment[buildVersion=34.0, text=, type=MarkupBegin], ConnectApi.TextSegment[buildVersion=34.0, text=Test 1, type=Text], ConnectApi.MarkupEndSegment[buildVersion=34.0, text=
, type=MarkupEnd]), text=Test 1
], canShare=true, capabilities=ConnectApi.FeedElementCapabilities[buildVersion=34.0, approval=null, associatedActions=ConnectApi.AssociatedActionsCapability[buildVersion=34.0, platformActionGroups=()], banner=null, bookmarks=ConnectApi.BookmarksCapability[buildVersion=34.0, isBookmarkedByCurrentUser=false], bundle=null, canvas=null, caseComment=null, chatterLikes=ConnectApi.ChatterLikesCapability[buildVersion=34.0, isLikedByCurrentUser=false, likesMessage=ConnectApi.MessageBody[buildVersion=34.0, messageSegments=(ConnectApi.EntityLinkSegment[buildVersion=34.0, motif=ConnectApi.Motif[buildVersion=34.0, color=65CAE4, largeIconUrl=/img/icon/profile64.png, mediumIconUrl=/img/icon/profile32.png, smallIconUrl=/img/icon/profile16.png, svgIconUrl=null], reference=ConnectApi.Reference[buildVersion=34.0, id=00550000005d7KnAAI, url=/services/data/v34.0/chatter/users/00550000005d7KnAAI], text=Test User, type=EntityLink], ConnectApi.TextSegment[buildVersion=34.0, text= likes this., type=Text]), text=Test User likes this.], myLike=null, page=ConnectApi.ChatterLikePage[buildVersion=34.0, currentPageToken=0, currentPageUrl=/services/data/v34.0/chatter/feed-elements/0D55000003LmBsDCAV/capabilities/chatter-likes/items, items=(ConnectApi.ChatterLike[buildVersion=34.0, id=0I050000001eN0WCAU, likedItem=ConnectApi.Reference[buildVersion=34.0, id=0D55000003LmBsDCAV, url=/services/data/v34.0/chatter/feed-elements/0D55000003LmBsDCAV], url=/services/data/v34.0/chatter/likes/0I050000001eN0WCAU, user=ConnectApi.UserSummary[buildVersion=34.0, additionalLabel=null, communityNickname=jrattanpal, companyName=null, displayName=Test User, firstName=Test, id=00550000005d7KnAAI, isActive=true, isInThisCommunity=true, lastName=User, motif=ConnectApi.Motif[buildVersion=34.0, color=65CAE4, largeIconUrl=/img/icon/profile64.png, mediumIconUrl=/img/icon/profile32.png, smallIconUrl=/img/icon/profile16.png, svgIconUrl=null], mySubscription=ConnectApi.Reference[buildVersion=34.0, id=0E85000000Dvxc2CAB, url=/services/data/v34.0/chatter/subscriptions/0E85000000Dvxc2CAB], name=Test User, photo=ConnectApi.Photo[buildVersion=34.0, fullEmailPhotoUrl=https://bfffollow-dev-ed.my.salesforce.com/img/userprofile/default_profile_200.png?fromEmail=1, largePhotoUrl=https://bfffollow-dev-ed--c.na3.content.force.com/profilephoto/005/F, photoVersionId=null, smallPhotoUrl=https://bfffollow-dev-ed--c.na3.content.force.com/profilephoto/005/T, standardEmailPhotoUrl=https://bfffollow-dev-ed.my.salesforce.com/img/userprofile/default_profile_45.png?fromEmail=1, url=/services/data/v34.0/chatter/users/00550000005d7KnAAI/photo], reputation=null, title=null, type=User, url=/services/data/v34.0/chatter/users/00550000005d7KnAAI, userType=Internal]]), nextPageToken=null, nextPageUrl=null, previousPageToken=null, previousPageUrl=null, total=1]], comments=ConnectApi.CommentsCapability[buildVersion=34.0, page=ConnectApi.CommentPage[buildVersion=34.0, currentPageToken=null, currentPageUrl=/services/data/v34.0/chatter/feed-elements/0D55000003LmBsDCAV/capabilities/comments/items, items=(ConnectApi.Comment[buildVersion=34.0, body=ConnectApi.FeedBody[buildVersion=34.0, messageSegments=(ConnectApi.TextSegment[buildVersion=34.0, text=Test, type=Text]), text=Test], capabilities=ConnectApi.CommentCapabilities[buildVersion=34.0, content=null, edit=null], clientInfo=null, createdDate=2016-07-21 10:45:26, feedElement=ConnectApi.Reference[buildVersion=34.0, id=0D55000003LmBsDCAV, url=/services/data/v34.0/chatter/feed-elements/0D55000003LmBsDCAV], id=0D750000002KRgUCAW, isDeleteRestricted=false, likes=ConnectApi.ChatterLikePage[buildVersion=34.0, currentPageToken=null, currentPageUrl=/services/data/v34.0/chatter/comments/0D750000002KRgUCAW/likes, items=(), nextPageToken=null, nextPageUrl=null, previousPageToken=null, previousPageUrl=null, total=0], likesMessage=null, moderationFlags=null, myLike=null, parent=ConnectApi.Reference[buildVersion=34.0, id=00550000005cg71AAA, url=/services/data/v34.0/chatter/users/00550000005cg71AAA], relativeCreatedDate=11h ago, type=TextComment, url=/services/data/v34.0/chatter/comments/0D750000002KRgUCAW, user=ConnectApi.UserSummary[buildVersion=34.0, additionalLabel=null, communityNickname=jrattanpal, companyName=null, displayName=Test User, firstName=Test, id=00550000005d7KnAAI, isActive=true, isInThisCommunity=true, lastName=User, motif=ConnectApi.Motif[buildVersion=34.0, color=65CAE4, largeIconUrl=/img/icon/profile64.png, mediumIconUrl=/img/icon/profile32.png, smallIconUrl=/img/icon/profile16.png, svgIconUrl=null], mySubscription=ConnectApi.Reference[buildVersion=34.0, id=0E85000000Dvxc2CAB, url=/services/data/v34.0/chatter/subscriptions/0E85000000Dvxc2CAB], name=Test User, photo=ConnectApi.Photo[buildVersion=34.0, fullEmailPhotoUrl=https://bfffollow-dev-ed.my.salesforce.com/img/userprofile/default_profile_200.png?fromEmail=1, largePhotoUrl=https://bfffollow-dev-ed--c.na3.content.force.com/profilephoto/005/F, photoVersionId=null, smallPhotoUrl=https://bfffollow-dev-ed--c.na3.content.force.com/profilephoto/005/T, standardEmailPhotoUrl=https://bfffollow-dev-ed.my.salesforce.com/img/userprofile/default_profile_45.png?fromEmail=1, url=/services/data/v34.0/chatter/users/00550000005d7KnAAI/photo], reputation=null, title=null, type=User, url=/services/data/v34.0/chatter/users/00550000005d7KnAAI, userType=Internal]], ConnectApi.Comment[buildVersion=34.0, body=ConnectApi.FeedBody[buildVersion=34.0, messageSegments=(ConnectApi.MentionSegment[buildVersion=34.0, accessible=true, name=Test User, record=ConnectApi.UserSummary[buildVersion=34.0, additionalLabel=null, communityNickname=jrattanpal, companyName=null, displayName=Test User, firstName=Test, id=00550000005d7KnAAI, isActive=true, isInThisCommunity=true, lastName=User, motif=ConnectApi.Motif[buildVersion=34.0, color=65CAE4, largeIconUrl=/img/icon/profile64.png, mediumIconUrl=/img/icon/profile32.png, smallIconUrl=/img/icon/profile16.png, svgIconUrl=null], mySubscription=ConnectApi.Reference[buildVersion=34.0, id=0E85000000Dvxc2CAB, url=/services/data/v34.0/chatter/subscriptions/0E85000000Dvxc2CAB], name=Test User, photo=ConnectApi.Photo[buildVersion=34.0, fullEmailPhotoUrl=https://bfffollow-dev-ed.my.salesforce.com/img/userprofile/default_profile_200.png?fromEmail=1, largePhotoUrl=https://bfffollow-dev-ed--c.na3.content.force.com/profilephoto/005/F, photoVersionId=null, smallPhotoUrl=https://bfffollow-dev-ed--c.na3.content.force.com/profilephoto/005/T, standardEmailPhotoUrl=https://bfffollow-dev-ed.my.salesforce.com/img/userprofile/default_profile_45.png?fromEmail=1, url=/services/data/v34.0/chatter/users/00550000005d7KnAAI/photo], reputation=null, title=null, type=User, url=/services/data/v34.0/chatter/users/00550000005d7KnAAI, userType=Internal], text=@Test User, type=Mention]), text=@Test User], capabilities=ConnectApi.CommentCapabilities[buildVersion=34.0, content=null, edit=null], clientInfo=null, createdDate=2016-07-21 10:45:59, feedElement=ConnectApi.Reference[buildVersion=34.0, id=0D55000003LmBsDCAV, url=/services/data/v34.0/chatter/feed-elements/0D55000003LmBsDCAV], id=0D750000002KRl0CAG, isDeleteRestricted=false, likes=ConnectApi.ChatterLikePage[buildVersion=34.0, currentPageToken=null, currentPageUrl=/services/data/v34.0/chatter/comments/0D750000002KRl0CAG/likes, items=(), nextPageToken=null, nextPageUrl=null, previousPageToken=null, previousPageUrl=null, total=0], likesMessage=null, moderationFlags=null, myLike=null, parent=ConnectApi.Reference[buildVersion=34.0, id=00550000005cg71AAA, url=/services/data/v34.0/chatter/users/00550000005cg71AAA], relativeCreatedDate=11h ago, type=TextComment, url=/services/data/v34.0/chatter/comments/0D750000002KRl0CAG, user=ConnectApi.UserSummary[buildVersion=34.0, additionalLabel=null, communityNickname=bfffollow1.4689653052892656E12, companyName=BFFFollow, displayName=Jaswinder Rattanpal, firstName=Jaswinder, id=00550000005cg71AAA, isActive=true, isInThisCommunity=true, lastName=Rattanpal, motif=ConnectApi.Motif[buildVersion=34.0, color=65CAE4, largeIconUrl=/img/icon/profile64.png, mediumIconUrl=/img/icon/profile32.png, smallIconUrl=/img/icon/profile16.png, svgIconUrl=null], mySubscription=null, name=Jaswinder Rattanpal, photo=ConnectApi.Photo[buildVersion=34.0, fullEmailPhotoUrl=https://bfffollow-dev-ed.my.salesforce.com/img/userprofile/default_profile_200.png?fromEmail=1, largePhotoUrl=https://bfffollow-dev-ed--c.na3.content.force.com/profilephoto/005/F, photoVersionId=null, smallPhotoUrl=https://bfffollow-dev-ed--c.na3.content.force.com/profilephoto/005/T, standardEmailPhotoUrl=https://bfffollow-dev-ed.my.salesforce.com/img/userprofile/default_profile_45.png?fromEmail=1, url=/services/data/v34.0/chatter/users/00550000005cg71AAA/photo], reputation=null, title=null, type=User, url=/services/data/v34.0/chatter/users/00550000005cg71AAA, userType=Internal]]), nextPageToken=null, nextPageUrl=null, total=2]], content=null, dashboardComponentSnapshot=null, edit=null, emailMessage=null, enhancedLink=null, link=null, moderation=null, origin=null, poll=null, questionAndAnswers=null, recommendations=null, recordSnapshot=null, topics=ConnectApi.TopicsCapability[buildVersion=34.0, canAssignTopics=true, items=()], trackedChanges=null], clientInfo=null, createdDate=2016-07-21 00:33:49, event=false, feedElementType=FeedItem, header=ConnectApi.MessageBody[buildVersion=34.0, messageSegments=(ConnectApi.EntityLinkSegment[buildVersion=34.0, motif=ConnectApi.Motif[buildVersion=34.0, color=65CAE4, largeIconUrl=/img/icon/profile64.png, mediumIconUrl=/img/icon/profile32.png, smallIconUrl=/img/icon/profile16.png, svgIconUrl=null], reference=ConnectApi.Reference[buildVersion=34.0, id=00550000005cg71AAA, url=/services/data/v34.0/chatter/users/00550000005cg71AAA], text=Jaswinder Rattanpal, type=EntityLink]), text=Jaswinder Rattanpal], id=0D55000003LmBsDCAV, isDeleteRestricted=false, modifiedDate=2016-07-21 10:45:59, originalFeedItem=null, originalFeedItemActor=null, parent=ConnectApi.UserSummary[buildVersion=34.0, additionalLabel=null, communityNickname=bfffollow1.4689653052892656E12, companyName=BFFFollow, displayName=Jaswinder Rattanpal, firstName=Jaswinder, id=00550000005cg71AAA, isActive=true, isInThisCommunity=true, lastName=Rattanpal, motif=ConnectApi.Motif[buildVersion=34.0, color=65CAE4, largeIconUrl=/img/icon/profile64.png, mediumIconUrl=/img/icon/profile32.png, smallIconUrl=/img/icon/profile16.png, svgIconUrl=null], mySubscription=null, name=Jaswinder Rattanpal, photo=ConnectApi.Photo[buildVersion=34.0, fullEmailPhotoUrl=https://bfffollow-dev-ed.my.salesforce.com/img/userprofile/default_profile_200.png?fromEmail=1, largePhotoUrl=https://bfffollow-dev-ed--c.na3.content.force.com/profilephoto/005/F, photoVersionId=null, smallPhotoUrl=https://bfffollow-dev-ed--c.na3.content.force.com/profilephoto/005/T, standardEmailPhotoUrl=https://bfffollow-dev-ed.my.salesforce.com/img/userprofile/default_profile_45.png?fromEmail=1, url=/services/data/v34.0/chatter/users/00550000005cg71AAA/photo], reputation=null, title=null, type=User, url=/services/data/v34.0/chatter/users/00550000005cg71AAA, userType=Internal], photoUrl=https://bfffollow-dev-ed--c.na3.content.force.com/profilephoto/005/T, relativeCreatedDate=22h ago, type=TextPost, url=/services/data/v34.0/chatter/feed-elements/0D55000003LmBsDCAV, visibility=AllUsers], ConnectApi.FeedItem[buildVersion=34.0, actor=ConnectApi.UserSummary[buildVersion=34.0, additionalLabel=null, communityNickname=bfffollow1.4689653052892656E12, companyName=BFFFollow, displayName=Jaswinder Rattanpal, firstName=Jaswinder, id=00550000005cg71AAA, isActive=true, isInThisCommunity=true, lastName=Rattanpal, motif=ConnectApi.Motif[buildVersion=34.0, color=65CAE4, largeIconUrl=/img/icon/profile64.png, mediumIconUrl=/img/icon/profile32.png, smallIconUrl=/img/icon/profile16.png, svgIconUrl=null], mySubscription=null, name=Jaswinder Rattanpal, photo=ConnectApi.Photo[buildVersion=34.0, fullEmailPhotoUrl=https://bfffollow-dev-ed.my.salesforce.com/img/userprofile/default_profile_200.png?fromEmail=1, largePhotoUrl=https://bfffollow-dev-ed--c.na3.content.force.com/profilephoto/005/F, photoVersionId=null, smallPhotoUrl=https://bfffollow-dev-ed--c.na3.content.force.com/profilephoto/005/T, standardEmailPhotoUrl=https://bfffollow-dev-ed.my.salesforce.com/img/userprofile/default_profile_45.png?fromEmail=1, url=/services/data/v34.0/chatter/users/00550000005cg71AAA/photo], reputation=null, title=null, type=User, url=/services/data/v34.0/chatter/users/00550000005cg71AAA, userType=Internal], body=ConnectApi.FeedBody[buildVersion=34.0, messageSegments=(), text=null], canShare=false, capabilities=ConnectApi.FeedElementCapabilities[buildVersion=34.0, approval=null, associatedActions=ConnectApi.AssociatedActionsCapability[buildVersion=34.0, platformActionGroups=()], banner=null, bookmarks=ConnectApi.BookmarksCapability[buildVersion=34.0, isBookmarkedByCurrentUser=false], bundle=null, canvas=null, caseComment=null, chatterLikes=ConnectApi.ChatterLikesCapability[buildVersion=34.0, isLikedByCurrentUser=false, likesMessage=null, myLike=null, page=ConnectApi.ChatterLikePage[buildVersion=34.0, currentPageToken=0, currentPageUrl=/services/data/v34.0/chatter/feed-elements/0D55000003LmBs8CAF/capabilities/chatter-likes/items, items=(), nextPageToken=null, nextPageUrl=null, previousPageToken=null, previousPageUrl=null, total=0]], comments=ConnectApi.CommentsCapability[buildVersion=34.0, page=ConnectApi.CommentPage[buildVersion=34.0, currentPageToken=null, currentPageUrl=/services/data/v34.0/chatter/feed-elements/0D55000003LmBs8CAF/capabilities/comments/items, items=(), nextPageToken=null, nextPageUrl=null, total=0]], content=null, dashboardComponentSnapshot=null, edit=null, emailMessage=null, enhancedLink=null, link=null, moderation=null, origin=null, poll=null, questionAndAnswers=null, recommendations=null, recordSnapshot=null, topics=ConnectApi.TopicsCapability[buildVersion=34.0, canAssignTopics=true, items=()], trackedChanges=null], clientInfo=null, createdDate=2016-07-21 00:33:42, event=false, feedElementType=FeedItem, header=ConnectApi.MessageBody[buildVersion=34.0, messageSegments=(ConnectApi.EntityLinkSegment[buildVersion=34.0, motif=ConnectApi.Motif[buildVersion=34.0, color=65CAE4, largeIconUrl=/img/icon/profile64.png, mediumIconUrl=/img/icon/profile32.png, smallIconUrl=/img/icon/profile16.png, svgIconUrl=null], reference=ConnectApi.Reference[buildVersion=34.0, id=00550000005cg71AAA, url=/services/data/v34.0/chatter/users/00550000005cg71AAA], text=Jaswinder Rattanpal, type=EntityLink], ConnectApi.TextSegment[buildVersion=34.0, text= created the public group , type=Text], ConnectApi.EntityLinkSegment[buildVersion=34.0, motif=ConnectApi.Motif[buildVersion=34.0, color=83B6FF, largeIconUrl=/img/icon/groups64.png, mediumIconUrl=/img/icon/groups32.png, smallIconUrl=/img/icon/groups16.png, svgIconUrl=null], reference=ConnectApi.Reference[buildVersion=34.0, id=0F950000000YJ5jCAG, url=/services/data/v34.0/chatter/groups/0F950000000YJ5jCAG], text=All BFFFollow, type=EntityLink], ConnectApi.TextSegment[buildVersion=34.0, text=., type=Text]), text=Jaswinder Rattanpal created the public group All BFFFollow.], id=0D55000003LmBs8CAF, isDeleteRestricted=true, modifiedDate=2016-07-21 00:33:42, originalFeedItem=null, originalFeedItemActor=null, parent=ConnectApi.UserSummary[buildVersion=34.0, additionalLabel=null, communityNickname=bfffollow1.4689653052892656E12, companyName=BFFFollow, displayName=Jaswinder Rattanpal, firstName=Jaswinder, id=00550000005cg71AAA, isActive=true, isInThisCommunity=true, lastName=Rattanpal, motif=ConnectApi.Motif[buildVersion=34.0, color=65CAE4, largeIconUrl=/img/icon/profile64.png, mediumIconUrl=/img/icon/profile32.png, smallIconUrl=/img/icon/profile16.png, svgIconUrl=null], mySubscription=null, name=Jaswinder Rattanpal, photo=ConnectApi.Photo[buildVersion=34.0, fullEmailPhotoUrl=https://bfffollow-dev-ed.my.salesforce.com/img/userprofile/default_profile_200.png?fromEmail=1, largePhotoUrl=https://bfffollow-dev-ed--c.na3.content.force.com/profilephoto/005/F, photoVersionId=null, smallPhotoUrl=https://bfffollow-dev-ed--c.na3.content.force.com/profilephoto/005/T, standardEmailPhotoUrl=https://bfffollow-dev-ed.my.salesforce.com/img/userprofile/default_profile_45.png?fromEmail=1, url=/services/data/v34.0/chatter/users/00550000005cg71AAA/photo], reputation=null, title=null, type=User, url=/services/data/v34.0/chatter/users/00550000005cg71AAA, userType=Internal], photoUrl=https://bfffollow-dev-ed--c.na3.content.force.com/profilephoto/005/T, relativeCreatedDate=22h ago, type=CollaborationGroupCreated, url=/services/data/v34.0/chatter/feed-elements/0D55000003LmBs8CAF, visibility=AllUsers]), isModifiedToken=null, isModifiedUrl=null, nextPageToken=null, nextPageUrl=null, updatesToken=null, updatesUrl=null]
22:38:15.0 (197712090)|STATEMENT_EXECUTE|[69]
22:38:15.0 (197741687)|METHOD_ENTRY|[69]||System.JSON.serialize(Object)
22:38:15.0 (218783759)|METHOD_EXIT|[69]||System.JSON.serialize(Object)
22:38:15.0 (218803379)|METHOD_EXIT|[15]|01p50000002D8iw|BFFFollow_Controller.fetchUserFeed(Id)
22:38:15.0 (218888453)|VARIABLE_ASSIGNMENT|[EXTERNAL]|this|{"debug":true,"input":"{\"mode\":\"fetchUserFe (34 more) ...","operation":"BFFFollow_Controller"}|0x5b95e463
22:38:15.0 (218901555)|VARIABLE_ASSIGNMENT|[EXTERNAL]|value|"{\"currentPageToken\": (15407 more) ..."
22:38:15.0 (218916550)|VARIABLE_ASSIGNMENT|[12]|this.output|"{\"currentPageToken\": (15407 more) ..."|0x5b95e463
22:38:15.0 (218925787)|STATEMENT_EXECUTE|[16]
22:38:15.0 (218994593)|VARIABLE_ASSIGNMENT|[EXTERNAL]|this|{"debug":true,"input":"{\"mode\":\"fetchUserFe (34 more) ...","operation":"BFFFollow_Controller","output":"{\"currentPageToken\": (15407 more) ..."}|0x5b95e463
22:38:15.0 (219047481)|VARIABLE_ASSIGNMENT|[EXTERNAL]|this|{"debug":true,"input":"{\"mode\":\"fetchUserFe (34 more) ...","operation":"BFFFollow_Controller","output":"{\"currentPageToken\": (15407 more) ..."}|0x5b95e463
22:38:15.0 (219058903)|VARIABLE_ASSIGNMENT|[EXTERNAL]|value|true
22:38:15.0 (219064529)|HEAP_ALLOCATE|[15]|Bytes:5
22:38:15.0 (219075217)|VARIABLE_ASSIGNMENT|[15]|this.outputFlag|true|0x5b95e463
22:38:15.0 (219088499)|STATEMENT_EXECUTE|[19]
22:38:15.0 (219090486)|STATEMENT_EXECUTE|[19]
22:38:15.0 (219098612)|HEAP_ALLOCATE|[19]|Bytes:11
22:38:15.0 (219225846)|HEAP_ALLOCATE|[19]|Bytes:15625
22:38:15.0 (219250356)|HEAP_ALLOCATE|[19]|Bytes:15636
22:38:15.0 (219268537)|USER_DEBUG|[19]|DEBUG|data AFTER:ETLC_ApexBridge_Data:[debug=true, input={"mode":"fetchUserFeed","userId":"00550000005cg71AAA"}, isSuccess=null, messages=null, operation=BFFFollow_Controller, output={"currentPageToken":null,"currentPageUrl":"/services/data/v34.0/chatter/feeds/user-profile/00550000005cg71AAA/feed-elements","elements":[{"actor":{"additionalLabel":null,"communityNickname":"bfffollow1.4689653052892656E12","companyName":"BFFFollow","displayName":"Jaswinder Rattanpal","firstName":"Jaswinder","id":"00550000005cg71AAA","isActive":true,"isInThisCommunity":true,"lastName":"Rattanpal","motif":{"color":"65CAE4","largeIconUrl":"/img/icon/profile64.png","mediumIconUrl":"/img/icon/profile32.png","smallIconUrl":"/img/icon/profile16.png","svgIconUrl":null},"mySubscription":null,"name":"Jaswinder Rattanpal","photo":{"fullEmailPhotoUrl":"https://bfffollow-dev-ed.my.salesforce.com/img/userprofile/default_profile_200.png?fromEmail=1","largePhotoUrl":"https://bfffollow-dev-ed--c.na3.content.force.com/profilephoto/005/F","photoVersionId":null,"smallPhotoUrl":"https://bfffollow-dev-ed--c.na3.content.force.com/profilephoto/005/T","standardEmailPhotoUrl":"https://bfffollow-dev-ed.my.salesforce.com/img/userprofile/default_profile_45.png?fromEmail=1","url":"/services/data/v34.0/chatter/users/00550000005cg71AAA/photo"},"reputation":null,"title":null,"type":"User","url":"/services/data/v34.0/chatter/users/00550000005cg71AAA","userType":"Internal"},"body":{"messageSegments":[{"text":"","type":"MarkupBegin"},{"text":"Test 1","type":"Text"},{"text":"\n","type":"MarkupEnd"}],"text":"Test 1\n"},"canShare":true,"capabilities":{"associatedActions":{"platformActionGroups":[]},"bookmarks":{"isBookmarkedByCurrentUser":false},"chatterLikes":{"isLikedByCurrentUser":false,"likesMessage":{"messageSegments":[{"motif":{"color":"65CAE4","largeIconUrl":"/img/icon/profile64.png","mediumIconUrl":"/img/icon/profile32.png","smallIconUrl":"/img/icon/profile16.png","svgIconUrl":null},"reference":{"id":"00550000005d7KnAAI","url":"/services/data/v34.0/chatter/users/00550000005d7KnAAI"},"text":"Test User","type":"EntityLink"},{"text":" likes this.","type":"Text"}],"text":"Test User likes this."},"myLike":null,"page":{"currentPageToken":0,"currentPageUrl":"/services/data/v34.0/chatter/feed-elements/0D55000003LmBsDCAV/capabilities/chatter-likes/items","items":[{"id":"0I050000001eN0WCAU","likedItem":{"id":"0D55000003LmBsDCAV","url":"/services/data/v34.0/chatter/feed-elements/0D55000003LmBsDCAV"},"url":"/services/data/v34.0/chatter/likes/0I050000001eN0WCAU","user":{"additionalLabel":null,"communityNickname":"jrattanpal","companyName":null,"displayName":"Test User","firstName":"Test","id":"00550000005d7KnAAI","isActive":true,"isInThisCommunity":true,"lastName":"User","motif":{"color":"65CAE4","largeIconUrl":"/img/icon/profile64.png","mediumIconUrl":"/img/icon/profile32.png","smallIconUrl":"/img/icon/profile16.png","svgIconUrl":null},"mySubscription":{"id":"0E85000000Dvxc2CAB","url":"/services/data/v34.0/chatter/subscriptions/0E85000000Dvxc2CAB"},"name":"Test User","photo":{"fullEmailPhotoUrl":"https://bfffollow-dev-ed.my.salesforce.com/img/userprofile/default_profile_200.png?fromEmail=1","largePhotoUrl":"https://bfffollow-dev-ed--c.na3.content.force.com/profilephoto/005/F","photoVersionId":null,"smallPhotoUrl":"https://bfffollow-dev-ed--c.na3.content.force.com/profilephoto/005/T","standardEmailPhotoUrl":"https://bfffollow-dev-ed.my.salesforce.com/img/userprofile/default_profile_45.png?fromEmail=1","url":"/services/data/v34.0/chatter/users/00550000005d7KnAAI/photo"},"reputation":null,"title":null,"type":"User","url":"/services/data/v34.0/chatter/users/00550000005d7KnAAI","userType":"Internal"}}],"nextPageToken":null,"nextPageUrl":null,"previousPageToken":null,"previousPageUrl":null,"total":1}},"comments":{"page":{"currentPageToken":null,"currentPageUrl":"/services/data/v34.0/chatter/feed-elements/0D55000003LmBsDCAV/capabilities/comments/items","items":[{"body":{"messageSegments":[{"text":"Test","type":"Text"}],"text":"Test"},"capabilities":{},"clientInfo":null,"createdDate":"2016-07-21T14:45:26.000Z","feedElement":{"id":"0D55000003LmBsDCAV","url":"/services/data/v34.0/chatter/feed-elements/0D55000003LmBsDCAV"},"id":"0D750000002KRgUCAW","isDeleteRestricted":false,"likes":{"currentPageToken":null,"currentPageUrl":"/services/data/v34.0/chatter/comments/0D750000002KRgUCAW/likes","items":[],"nextPageToken":null,"nextPageUrl":null,"previousPageToken":null,"previousPageUrl":null,"total":0},"likesMessage":null,"moderationFlags":null,"myLike":null,"parent":{"id":"00550000005cg71AAA","url":"/services/data/v34.0/chatter/users/00550000005cg71AAA"},"relativeCreatedDate":"11h ago","type":"TextComment","url":"/services/data/v34.0/chatter/comments/0D750000002KRgUCAW","user":{"additionalLabel":null,"communityNickname":"jrattanpal","companyName":null,"displayName":"Test User","firstName":"Test","id":"00550000005d7KnAAI","isActive":true,"isInThisCommunity":true,"lastName":"User","motif":{"color":"65CAE4","largeIconUrl":"/img/icon/profile64.png","mediumIconUrl":"/img/icon/profile32.png","smallIconUrl":"/img/icon/profile16.png","svgIconUrl":null},"mySubscription":{"id":"0E85000000Dvxc2CAB","url":"/services/data/v34.0/chatter/subscriptions/0E85000000Dvxc2CAB"},"name":"Test User","photo":{"fullEmailPhotoUrl":"https://bfffollow-dev-ed.my.salesforce.com/img/userprofile/default_profile_200.png?fromEmail=1","largePhotoUrl":"https://bfffollow-dev-ed--c.na3.content.force.com/profilephoto/005/F","photoVersionId":null,"smallPhotoUrl":"https://bfffollow-dev-ed--c.na3.content.force.com/profilephoto/005/T","standardEmailPhotoUrl":"https://bfffollow-dev-ed.my.salesforce.com/img/userprofile/default_profile_45.png?fromEmail=1","url":"/services/data/v34.0/chatter/users/00550000005d7KnAAI/photo"},"reputation":null,"title":null,"type":"User","url":"/services/data/v34.0/chatter/users/00550000005d7KnAAI","userType":"Internal"}},{"body":{"messageSegments":[{"accessible":true,"name":"Test User","record":{"additionalLabel":null,"communityNickname":"jrattanpal","companyName":null,"displayName":"Test User","firstName":"Test","id":"00550000005d7KnAAI","isActive":true,"isInThisCommunity":true,"lastName":"User","motif":{"color":"65CAE4","largeIconUrl":"/img/icon/profile64.png","mediumIconUrl":"/img/icon/profile32.png","smallIconUrl":"/img/icon/profile16.png","svgIconUrl":null},"mySubscription":{"id":"0E85000000Dvxc2CAB","url":"/services/data/v34.0/chatter/subscriptions/0E85000000Dvxc2CAB"},"name":"Test User","photo":{"fullEmailPhotoUrl":"https://bfffollow-dev-ed.my.salesforce.com/img/userprofile/default_profile_200.png?fromEmail=1","largePhotoUrl":"https://bfffollow-dev-ed--c.na3.content.force.com/profilephoto/005/F","photoVersionId":null,"smallPhotoUrl":"https://bfffollow-dev-ed--c.na3.content.force.com/profilephoto/005/T","standardEmailPhotoUrl":"https://bfffollow-dev-ed.my.salesforce.com/img/userprofile/default_profile_45.png?fromEmail=1","url":"/services/data/v34.0/chatter/users/00550000005d7KnAAI/photo"},"reputation":null,"title":null,"type":"User","url":"/services/data/v34.0/chatter/users/00550000005d7KnAAI","userType":"Internal"},"text":"@Test User","type":"Mention"}],"text":"@Test User"},"capabilities":{},"clientInfo":null,"createdDate":"2016-07-21T14:45:59.000Z","feedElement":{"id":"0D55000003LmBsDCAV","url":"/services/data/v34.0/chatter/feed-elements/0D55000003LmBsDCAV"},"id":"0D750000002KRl0CAG","isDeleteRestricted":false,"likes":{"currentPageToken":null,"currentPageUrl":"/services/data/v34.0/chatter/comments/0D750000002KRl0CAG/likes","items":[],"nextPageToken":null,"nextPageUrl":null,"previousPageToken":null,"previousPageUrl":null,"total":0},"likesMessage":null,"moderationFlags":null,"myLike":null,"parent":{"id":"00550000005cg71AAA","url":"/services/data/v34.0/chatter/users/00550000005cg71AAA"},"relativeCreatedDate":"11h ago","type":"TextComment","url":"/services/data/v34.0/chatter/comments/0D750000002KRl0CAG","user":{"additionalLabel":null,"communityNickname":"bfffollow1.4689653052892656E12","companyName":"BFFFollow","displayName":"Jaswinder Rattanpal","firstName":"Jaswinder","id":"00550000005cg71AAA","isActive":true,"isInThisCommunity":true,"lastName":"Rattanpal","motif":{"color":"65CAE4","largeIconUrl":"/img/icon/profile64.png","mediumIconUrl":"/img/icon/profile32.png","smallIconUrl":"/img/icon/profile16.png","svgIconUrl":null},"mySubscription":null,"name":"Jaswinder Rattanpal","photo":{"fullEmailPhotoUrl":"https://bfffollow-dev-ed.my.salesforce.com/img/userprofile/default_profile_200.png?fromEmail=1","largePhotoUrl":"https://bfffollow-dev-ed--c.na3.content.force.com/profilephoto/005/F","photoVersionId":null,"smallPhotoUrl":"https://bfffollow-dev-ed--c.na3.content.force.com/profilephoto/005/T","standardEmailPhotoUrl":"https://bfffollow-dev-ed.my.salesforce.com/img/userprofile/default_profile_45.png?fromEmail=1","url":"/services/data/v34.0/chatter/users/00550000005cg71AAA/photo"},"reputation":null,"title":null,"type":"User","url":"/services/data/v34.0/chatter/users/00550000005cg71AAA","userType":"Internal"}}],"nextPageToken":null,"nextPageUrl":null,"total":2}},"topics":{"canAssignTopics":true,"items":[]}},"clientInfo":null,"createdDate":"2016-07-21T04:33:49.000Z","event":false,"feedElementType":"FeedItem","header":{"messageSegments":[{"motif":{"color":"65CAE4","largeIconUrl":"/img/icon/profile64.png","mediumIconUrl":"/img/icon/profile32.png","smallIconUrl":"/img/icon/profile16.png","svgIconUrl":null},"reference":{"id":"00550000005cg71AAA","url":"/services/data/v34.0/chatter/users/00550000005cg71AAA"},"text":"Jaswinder Rattanpal","type":"EntityLink"}],"text":"Jaswinder Rattanpal"},"id":"0D55000003LmBsDCAV","isDeleteRestricted":false,"modifiedDate":"2016-07-21T14:45:59.000Z","originalFeedItem":null,"originalFeedItemActor":null,"parent":{"additionalLabel":null,"communityNickname":"bfffollow1.4689653052892656E12","companyName":"BFFFollow","displayName":"Jaswinder Rattanpal","firstName":"Jaswinder","id":"00550000005cg71AAA","isActive":true,"isInThisCommunity":true,"lastName":"Rattanpal","motif":{"color":"65CAE4","largeIconUrl":"/img/icon/profile64.png","mediumIconUrl":"/img/icon/profile32.png","smallIconUrl":"/img/icon/profile16.png","svgIconUrl":null},"mySubscription":null,"name":"Jaswinder Rattanpal","photo":{"fullEmailPhotoUrl":"https://bfffollow-dev-ed.my.salesforce.com/img/userprofile/default_profile_200.png?fromEmail=1","largePhotoUrl":"https://bfffollow-dev-ed--c.na3.content.force.com/profilephoto/005/F","photoVersionId":null,"smallPhotoUrl":"https://bfffollow-dev-ed--c.na3.content.force.com/profilephoto/005/T","standardEmailPhotoUrl":"https://bfffollow-dev-ed.my.salesforce.com/img/userprofile/default_profile_45.png?fromEmail=1","url":"/services/data/v34.0/chatter/users/00550000005cg71AAA/photo"},"reputation":null,"title":null,"type":"User","url":"/services/data/v34.0/chatter/users/00550000005cg71AAA","userType":"Internal"},"photoUrl":"https://bfffollow-dev-ed--c.na3.content.force.com/profilephoto/005/T","relativeCreatedDate":"22h ago","type":"TextPost","url":"/services/data/v34.0/chatter/feed-elements/0D55000003LmBsDCAV","visibility":"AllUsers"},{"actor":{"additionalLabel":null,"communityNickname":"bfffollow1.4689653052892656E12","companyName":"BFFFollow","displayName":"Jaswinder Rattanpal","firstName":"Jaswinder","id":"00550000005cg71AAA","isActive":true,"isInThisCommunity":true,"lastName":"Rattanpal","motif":{"color":"65CAE4","largeIconUrl":"/img/icon/profile64.png","mediumIconUrl":"/img/icon/profile32.png","smallIconUrl":"/img/icon/profile16.png","svgIconUrl":null},"mySubscription":null,"name":"Jaswinder Rattanpal","photo":{"fullEmailPhotoUrl":"https://bfffollow-dev-ed.my.salesforce.com/img/userprofile/default_profile_200.png?fromEmail=1","largePhotoUrl":"https://bfffollow-dev-ed--c.na3.content.force.com/profilephoto/005/F","photoVersionId":null,"smallPhotoUrl":"https://bfffollow-dev-ed--c.na3.content.force.com/profilephoto/005/T","standardEmailPhotoUrl":"https://bfffollow-dev-ed.my.salesforce.com/img/userprofile/default_profile_45.png?fromEmail=1","url":"/services/data/v34.0/chatter/users/00550000005cg71AAA/photo"},"reputation":null,"title":null,"type":"User","url":"/services/data/v34.0/chatter/users/00550000005cg71AAA","userType":"Internal"},"body":{"messageSegments":[],"text":null},"canShare":false,"capabilities":{"associatedActions":{"platformActionGroups":[]},"bookmarks":{"isBookmarkedByCurrentUser":false},"chatterLikes":{"isLikedByCurrentUser":false,"likesMessage":null,"myLike":null,"page":{"currentPageToken":0,"currentPageUrl":"/services/data/v34.0/chatter/feed-elements/0D55000003LmBs8CAF/capabilities/chatter-likes/items","items":[],"nextPageToken":null,"nextPageUrl":null,"previousPageToken":null,"previousPageUrl":null,"total":0}},"comments":{"page":{"currentPageToken":null,"currentPageUrl":"/services/data/v34.0/chatter/feed-elements/0D55000003LmBs8CAF/capabilities/comments/items","items":[],"nextPageToken":null,"nextPageUrl":null,"total":0}},"topics":{"canAssignTopics":true,"items":[]}},"clientInfo":null,"createdDate":"2016-07-21T04:33:42.000Z","event":false,"feedElementType":"FeedItem","header":{"messageSegments":[{"motif":{"color":"65CAE4","largeIconUrl":"/img/icon/profile64.png","mediumIconUrl":"/img/icon/profile32.png","smallIconUrl":"/img/icon/profile16.png","svgIconUrl":null},"reference":{"id":"00550000005cg71AAA","url":"/services/data/v34.0/chatter/users/00550000005cg71AAA"},"text":"Jaswinder Rattanpal","type":"EntityLink"},{"text":" created the public group ","type":"Text"},{"motif":{"color":"83B6FF","largeIconUrl":"/img/icon/groups64.png","mediumIconUrl":"/img/icon/groups32.png","smallIconUrl":"/img/icon/groups16.png","svgIconUrl":null},"reference":{"id":"0F950000000YJ5jCAG","url":"/services/data/v34.0/chatter/groups/0F950000000YJ5jCAG"},"text":"All BFFFollow","type":"EntityLink"},{"text":".","type":"Text"}],"text":"Jaswinder Rattanpal created the public group All BFFFollow."},"id":"0D55000003LmBs8CAF","isDeleteRestricted":true,"modifiedDate":"2016-07-21T04:33:42.000Z","originalFeedItem":null,"originalFeedItemActor":null,"parent":{"additionalLabel":null,"communityNickname":"bfffollow1.4689653052892656E12","companyName":"BFFFollow","displayName":"Jaswinder Rattanpal","firstName":"Jaswinder","id":"00550000005cg71AAA","isActive":true,"isInThisCommunity":true,"lastName":"Rattanpal","motif":{"color":"65CAE4","largeIconUrl":"/img/icon/profile64.png","mediumIconUrl":"/img/icon/profile32.png","smallIconUrl":"/img/icon/profile16.png","svgIconUrl":null},"mySubscription":null,"name":"Jaswinder Rattanpal","photo":{"fullEmailPhotoUrl":"https://bfffollow-dev-ed.my.salesforce.com/img/userprofile/default_profile_200.png?fromEmail=1","largePhotoUrl":"https://bfffollow-dev-ed--c.na3.content.force.com/profilephoto/005/F","photoVersionId":null,"smallPhotoUrl":"https://bfffollow-dev-ed--c.na3.content.force.com/profilephoto/005/T","standardEmailPhotoUrl":"https://bfffollow-dev-ed.my.salesforce.com/img/userprofile/default_profile_45.png?fromEmail=1","url":"/services/data/v34.0/chatter/users/00550000005cg71AAA/photo"},"reputation":null,"title":null,"type":"User","url":"/services/data/v34.0/chatter/users/00550000005cg71AAA","userType":"Internal"},"photoUrl":"https://bfffollow-dev-ed--c.na3.content.force.com/profilephoto/005/T","relativeCreatedDate":"22h ago","type":"CollaborationGroupCreated","url":"/services/data/v34.0/chatter/feed-elements/0D55000003LmBs8CAF","visibility":"AllUsers"}],"isModifiedToken":null,"isModifiedUrl":null,"nextPageToken":null,"nextPageUrl":null,"updatesToken":null,"updatesUrl":null}, outputFlag=true, records=null]
22:38:15.0 (219339658)|METHOD_EXIT|[9]|01p50000002D8iw|BFFFollow_Controller.process(ETLC_ApexBridge_Data)
22:38:15.0 (219344151)|STATEMENT_EXECUTE|[24]
22:38:15.0 (219367917)|METHOD_ENTRY|[24]|01p50000002CIEo|ETLC_ApexBridge_Data.toJSON()
22:38:15.0 (219389320)|VARIABLE_SCOPE_BEGIN|[57]|this|ETLC_ApexBridge_Data|true|false
22:38:15.0 (219420221)|VARIABLE_ASSIGNMENT|[57]|this|{"debug":true,"input":"{\"mode\":\"fetchUserFe (34 more) ...","operation":"BFFFollow_Controller","output":"{\"currentPageToken\": (15407 more) ...","outputFlag":true}|0x5b95e463
22:38:15.0 (219426180)|STATEMENT_EXECUTE|[57]
22:38:15.0 (219427489)|STATEMENT_EXECUTE|[58]
22:38:15.0 (219439332)|METHOD_ENTRY|[58]||System.JSON.serialize(Object)
22:38:15.0 (219527195)|STATEMENT_EXECUTE|[22]
22:38:15.0 (219531391)|STATEMENT_EXECUTE|[23]
22:38:15.0 (219540786)|HEAP_ALLOCATE|[23]|Bytes:5
22:38:15.0 (219550014)|VARIABLE_ASSIGNMENT|[23]|this.isSuccess|true|0x5b95e463
22:38:15.0 (219552387)|STATEMENT_EXECUTE|[24]
22:38:15.0 (219604309)|STATEMENT_EXECUTE|[31]
22:38:15.0 (219609142)|STATEMENT_EXECUTE|[32]
22:38:15.0 (219619450)|HEAP_ALLOCATE|[32]|Bytes:4
22:38:15.0 (219676311)|VARIABLE_ASSIGNMENT|[32]|this.messages|{"s":1,"v":{}}|0x5b95e463
22:38:15.0 (219680540)|STATEMENT_EXECUTE|[33]
22:38:15.0 (220146290)|METHOD_EXIT|[58]||System.JSON.serialize(Object)
22:38:15.0 (220153945)|METHOD_EXIT|[24]|01p50000002CIEo|ETLC_ApexBridge_Data.toJSON()
22:38:15.0 (220161805)|SYSTEM_MODE_EXIT|false
22:38:15.220 (220205743)|CUMULATIVE_LIMIT_USAGE
22:38:15.220 (220205743)|LIMIT_USAGE_FOR_NS|(default)|
  Number of SOQL queries: 0 out of 100
  Number of query rows: 0 out of 50000
  Number of SOSL queries: 0 out of 20
  Number of DML statements: 0 out of 150
  Number of DML rows: 0 out of 10000
  Maximum CPU time: 0 out of 10000
  Maximum heap size: 0 out of 6000000
  Number of callouts: 0 out of 100
  Number of Email Invocations: 0 out of 10
  Number of future calls: 0 out of 50
  Number of queueable jobs added to the queue: 0 out of 50
  Number of Mobile Apex push calls: 0 out of 10

22:38:15.220 (220205743)|CUMULATIVE_LIMIT_USAGE_END

22:38:15.0 (220257010)|CODE_UNIT_FINISHED|ETLC_ApexBridge_Controller.execute
