37.0 APEX_CODE,FINEST;APEX_PROFILING,INFO;CALLOUT,INFO;DB,INFO;SYSTEM,DEBUG;VALIDATION,INFO;VISUALFORCE,INFO;WORKFLOW,INFO
23:50:57.0 (437211)|USER_INFO|[EXTERNAL]|00550000005cg71|bfffollow@jr.te|Eastern Standard Time|GMT-04:00
23:50:57.0 (479033)|EXECUTION_STARTED
23:50:57.0 (483970)|CODE_UNIT_STARTED|[EXTERNAL]|aura
23:50:57.0 (915803)|HEAP_ALLOCATE|[72]|Bytes:3
23:50:57.0 (1002401)|HEAP_ALLOCATE|[77]|Bytes:152
23:50:57.0 (1021673)|HEAP_ALLOCATE|[342]|Bytes:408
23:50:57.0 (1039407)|HEAP_ALLOCATE|[355]|Bytes:408
23:50:57.0 (1055962)|HEAP_ALLOCATE|[467]|Bytes:48
23:50:57.0 (1084599)|HEAP_ALLOCATE|[139]|Bytes:6
23:50:57.0 (1109482)|HEAP_ALLOCATE|[EXTERNAL]|Bytes:93
23:50:57.0 (1149114)|HEAP_ALLOCATE|[EXTERNAL]|Bytes:93
23:50:57.0 (2002910)|CODE_UNIT_STARTED|[EXTERNAL]|01p50000002CIEm|ETLC_ApexBridge_Controller.execute
23:50:57.0 (2162978)|HEAP_ALLOCATE|[EXTERNAL]|Bytes:1
23:50:57.0 (2169648)|HEAP_ALLOCATE|[EXTERNAL]|Bytes:10
23:50:57.0 (2203799)|METHOD_ENTRY|[1]|01p50000002CIEm|ETLC_ApexBridge_Controller.ETLC_ApexBridge_Controller()
23:50:57.0 (2208587)|STATEMENT_EXECUTE|[1]
23:50:57.0 (2214325)|STATEMENT_EXECUTE|[1]
23:50:57.0 (2233599)|METHOD_EXIT|[1]|ETLC_ApexBridge_Controller
23:50:57.0 (2238999)|HEAP_ALLOCATE|[EXTERNAL]|Bytes:93
23:50:57.0 (2251211)|SYSTEM_MODE_ENTER|false
23:50:57.0 (2261428)|VARIABLE_SCOPE_BEGIN|[3]|dataJson|String|false|false
23:50:57.0 (2451560)|VARIABLE_ASSIGNMENT|[3]|dataJson|"{\"operation\":\"BFFFol (73 more) ..."
23:50:57.0 (2467131)|STATEMENT_EXECUTE|[3]
23:50:57.0 (2468762)|STATEMENT_EXECUTE|[4]
23:50:57.0 (3203838)|VARIABLE_SCOPE_BEGIN|[4]|data|ETLC_ApexBridge_Data|true|false
23:50:57.0 (3217766)|VARIABLE_ASSIGNMENT|[4]|data|null|
23:50:57.0 (3220695)|STATEMENT_EXECUTE|[5]
23:50:57.0 (3221936)|STATEMENT_EXECUTE|[5]
23:50:57.0 (3234960)|STATEMENT_EXECUTE|[6]
23:50:57.0 (3256322)|HEAP_ALLOCATE|[6]|Bytes:11
23:50:57.0 (3269415)|HEAP_ALLOCATE|[6]|Bytes:248
23:50:57.0 (3275921)|HEAP_ALLOCATE|[6]|Bytes:39
23:50:57.0 (3308968)|METHOD_ENTRY|[2]|01p50000002CIEo|ETLC_ApexBridge_Data.ETLC_ApexBridge_Data()
23:50:57.0 (3313451)|STATEMENT_EXECUTE|[2]
23:50:57.0 (3317791)|STATEMENT_EXECUTE|[2]
23:50:57.0 (3326426)|METHOD_EXIT|[2]|ETLC_ApexBridge_Data
23:50:57.0 (3349163)|METHOD_ENTRY|[6]|01p50000002CIEo|ETLC_ApexBridge_Data.fromJSON(String)
23:50:57.0 (3380415)|VARIABLE_SCOPE_BEGIN|[60]|strJson|String|false|false
23:50:57.0 (3394190)|VARIABLE_ASSIGNMENT|[60]|strJson|"{\"operation\":\"BFFFol (73 more) ..."
23:50:57.0 (3401450)|STATEMENT_EXECUTE|[60]
23:50:57.0 (3403923)|STATEMENT_EXECUTE|[61]
23:50:57.0 (3417594)|HEAP_ALLOCATE|[61]|Bytes:20
23:50:57.0 (3460261)|HEAP_ALLOCATE|[50]|Bytes:5
23:50:57.0 (3492752)|HEAP_ALLOCATE|[56]|Bytes:5
23:50:57.0 (3503347)|HEAP_ALLOCATE|[64]|Bytes:7
23:50:57.0 (3601715)|HEAP_ALLOCATE|[61]|Bytes:24
23:50:57.0 (3615418)|SYSTEM_METHOD_ENTRY|[1]|Type.Type()
23:50:57.0 (3617990)|STATEMENT_EXECUTE|[1]
23:50:57.0 (3625772)|SYSTEM_METHOD_EXIT|[1]|Type
23:50:57.0 (3631024)|HEAP_ALLOCATE|[61]|Bytes:8
23:50:57.0 (3648798)|HEAP_ALLOCATE|[61]|Bytes:8
23:50:57.0 (3653417)|VARIABLE_SCOPE_BEGIN|[4]|this|System.Type|true|false
23:50:57.0 (3692323)|VARIABLE_ASSIGNMENT|[4]|this|{}|0x2d079d34
23:50:57.0 (3696159)|VARIABLE_SCOPE_BEGIN|[4]|apextype|java:common.apex.runtime.ApexObjectType|true|false
23:50:57.0 (3849797)|VARIABLE_ASSIGNMENT|[4]|apextype|"ETLC_ApexBridge_Data"|0x7ac2e460
23:50:57.0 (3942289)|HEAP_ALLOCATE|[61]|Bytes:8
23:50:57.0 (3983239)|HEAP_ALLOCATE|[61]|Bytes:24
23:50:57.0 (3993880)|SYSTEM_METHOD_ENTRY|[1]|JSON.JSON()
23:50:57.0 (3996064)|STATEMENT_EXECUTE|[1]
23:50:57.0 (4002953)|SYSTEM_METHOD_EXIT|[1]|JSON
23:50:57.0 (4018488)|METHOD_ENTRY|[61]||System.JSON.deserializeStrict(String, System.Type)
23:50:57.0 (4336984)|METHOD_EXIT|[61]||System.JSON.deserializeStrict(String, System.Type)
23:50:57.0 (4348984)|METHOD_EXIT|[6]|01p50000002CIEo|ETLC_ApexBridge_Data.fromJSON(String)
23:50:57.0 (4383472)|VARIABLE_ASSIGNMENT|[6]|data|{"debug":true,"input":"{\"mode\":\"fetchFollow (9 more) ...","operation":"BFFFollow_Controller"}|0x2fc17c62
23:50:57.0 (4388031)|STATEMENT_EXECUTE|[7]
23:50:57.0 (4397714)|HEAP_ALLOCATE|[7]|Bytes:6
23:50:57.0 (4468624)|HEAP_ALLOCATE|[7]|Bytes:177
23:50:57.0 (4489434)|HEAP_ALLOCATE|[7]|Bytes:183
23:50:57.0 (4520960)|USER_DEBUG|[7]|DEBUG|data::ETLC_ApexBridge_Data:[debug=true, input={"mode":"fetchFollowedUsers"}, isSuccess=null, messages=null, operation=BFFFollow_Controller, output=null, outputFlag=null, records=null]
23:50:57.0 (4528328)|STATEMENT_EXECUTE|[8]
23:50:57.0 (4585921)|VARIABLE_ASSIGNMENT|[EXTERNAL]|this|{"debug":true,"input":"{\"mode\":\"fetchFollow (9 more) ...","operation":"BFFFollow_Controller"}|0x2fc17c62
23:50:57.0 (4618561)|METHOD_ENTRY|[8]||System.Type.forName(String)
23:50:57.0 (4908711)|METHOD_EXIT|[8]||System.Type.forName(String)
23:50:57.0 (4920846)|METHOD_ENTRY|[8]||System.Type.newInstance()
23:50:57.0 (5429870)|STATEMENT_EXECUTE|[1]
23:50:57.0 (5441694)|HEAP_ALLOCATE|[33]|Bytes:5
23:50:57.0 (5452629)|METHOD_EXIT|[1]|BFFFollow_Controller
23:50:57.0 (5457506)|HEAP_ALLOCATE|[33]|Bytes:4
23:50:57.0 (5461545)|VARIABLE_SCOPE_BEGIN|[1]|this|BFFFollow_Controller|true|false
23:50:57.0 (5479298)|VARIABLE_ASSIGNMENT|[1]|this|{}|0x4d2dc528
23:50:57.0 (5487478)|HEAP_ALLOCATE|[33]|Bytes:5
23:50:57.0 (5496943)|HEAP_ALLOCATE|[33]|Bytes:11
23:50:57.0 (5505012)|METHOD_ENTRY|[1]|01p50000002CIEj|ETLC_ApexBridge_Abstract.ETLC_ApexBridge_Abstract()
23:50:57.0 (5507366)|STATEMENT_EXECUTE|[1]
23:50:57.0 (5509922)|STATEMENT_EXECUTE|[1]
23:50:57.0 (5514287)|METHOD_EXIT|[1]|ETLC_ApexBridge_Abstract
23:50:57.0 (5520484)|CONSTRUCTOR_ENTRY|[EXTERNAL]|01p50000002CIEj|<init>()
23:50:57.0 (5526174)|VARIABLE_SCOPE_BEGIN|[1]|this|ETLC_ApexBridge_Abstract|true|false
23:50:57.0 (5540213)|VARIABLE_ASSIGNMENT|[1]|this|{}|0x4d2dc528
23:50:57.0 (5553425)|STATEMENT_EXECUTE|[1]
23:50:57.0 (5557525)|CONSTRUCTOR_EXIT|[EXTERNAL]|01p50000002CIEj|<init>()
23:50:57.0 (5563470)|STATEMENT_EXECUTE|[1]
23:50:57.0 (5567866)|HEAP_ALLOCATE|[33]|Bytes:5
23:50:57.0 (5584723)|METHOD_EXIT|[8]||System.Type.newInstance()
23:50:57.0 (5592372)|VARIABLE_SCOPE_BEGIN|[8]|executor|ETLC_ApexBridge_Abstract|true|false
23:50:57.0 (5606191)|VARIABLE_ASSIGNMENT|[8]|executor|{}|0x4d2dc528
23:50:57.0 (5609001)|STATEMENT_EXECUTE|[9]
23:50:57.0 (5632468)|METHOD_ENTRY|[9]|01p50000002D8iw|BFFFollow_Controller.process(ETLC_ApexBridge_Data)
23:50:57.0 (5647028)|VARIABLE_SCOPE_BEGIN|[3]|this|BFFFollow_Controller|true|false
23:50:57.0 (5661197)|VARIABLE_ASSIGNMENT|[3]|this|{}|0x4d2dc528
23:50:57.0 (5664005)|VARIABLE_SCOPE_BEGIN|[3]|data|ETLC_ApexBridge_Data|true|false
23:50:57.0 (5687742)|VARIABLE_ASSIGNMENT|[3]|data|{"debug":true,"input":"{\"mode\":\"fetchFollow (9 more) ...","operation":"BFFFollow_Controller"}|0x2fc17c62
23:50:57.0 (5697053)|HEAP_ALLOCATE|[4]|Bytes:5
23:50:57.0 (5700976)|STATEMENT_EXECUTE|[3]
23:50:57.0 (5702054)|STATEMENT_EXECUTE|[4]
23:50:57.0 (5751483)|VARIABLE_ASSIGNMENT|[EXTERNAL]|this|{"debug":true,"input":"{\"mode\":\"fetchFollow (9 more) ...","operation":"BFFFollow_Controller"}|0x2fc17c62
23:50:57.0 (5773640)|VARIABLE_ASSIGNMENT|[4]|BFFFollow_Controller.debugFlag|true
23:50:57.0 (5809594)|VARIABLE_ASSIGNMENT|[EXTERNAL]|this|{"debug":true,"input":"{\"mode\":\"fetchFollow (9 more) ...","operation":"BFFFollow_Controller"}|0x2fc17c62
23:50:57.0 (5822623)|STATEMENT_EXECUTE|[5]
23:50:57.0 (5857491)|USER_DEBUG|[5]|DEBUG|ETLC_ApexBridge_Data:[debug=true, input={"mode":"fetchFollowedUsers"}, isSuccess=null, messages=null, operation=BFFFollow_Controller, output=null, outputFlag=null, records=null]
23:50:57.0 (5864937)|STATEMENT_EXECUTE|[7]
23:50:57.0 (5872322)|HEAP_ALLOCATE|[7]|Bytes:4
23:50:57.0 (5885556)|METHOD_ENTRY|[7]|01p50000002CIEo|ETLC_ApexBridge_Data.getInputValue(String)
23:50:57.0 (5897767)|VARIABLE_SCOPE_BEGIN|[52]|this|ETLC_ApexBridge_Data|true|false
23:50:57.0 (5924634)|VARIABLE_ASSIGNMENT|[52]|this|{"debug":true,"input":"{\"mode\":\"fetchFollow (9 more) ...","operation":"BFFFollow_Controller"}|0x2fc17c62
23:50:57.0 (5928957)|VARIABLE_SCOPE_BEGIN|[52]|key|String|false|false
23:50:57.0 (5932692)|VARIABLE_ASSIGNMENT|[52]|key|"mode"
23:50:57.0 (5937312)|STATEMENT_EXECUTE|[52]
23:50:57.0 (5938671)|STATEMENT_EXECUTE|[53]
23:50:57.0 (5982451)|VARIABLE_ASSIGNMENT|[EXTERNAL]|this|{"debug":true,"input":"{\"mode\":\"fetchFollow (9 more) ...","operation":"BFFFollow_Controller"}|0x2fc17c62
23:50:57.0 (6000997)|METHOD_ENTRY|[53]||System.JSON.deserializeUntyped(String)
23:50:57.0 (6262291)|METHOD_EXIT|[53]||System.JSON.deserializeUntyped(String)
23:50:57.0 (6271699)|VARIABLE_SCOPE_BEGIN|[53]|inputMap|Map<String,ANY>|true|false
23:50:57.0 (6299247)|VARIABLE_ASSIGNMENT|[53]|inputMap|{"s":1,"v":{"mode":"fetchFollowedUsers"}}|0x6c54f2d5
23:50:57.0 (6302621)|STATEMENT_EXECUTE|[54]
23:50:57.0 (6361782)|METHOD_EXIT|[7]|01p50000002CIEo|ETLC_ApexBridge_Data.getInputValue(String)
23:50:57.0 (6367551)|VARIABLE_SCOPE_BEGIN|[7]|mode|String|false|false
23:50:57.0 (6374919)|VARIABLE_ASSIGNMENT|[7]|mode|"fetchFollowedUsers"
23:50:57.0 (6379647)|HEAP_ALLOCATE|[9]|Bytes:18
23:50:57.0 (6401904)|STATEMENT_EXECUTE|[9]
23:50:57.0 (6403749)|STATEMENT_EXECUTE|[10]
23:50:57.0 (6456999)|HEAP_ALLOCATE|[10]|Bytes:85
23:50:57.0 (6469762)|SYSTEM_METHOD_ENTRY|[1]|UserInfo.UserInfo()
23:50:57.0 (6472069)|STATEMENT_EXECUTE|[1]
23:50:57.0 (6479417)|SYSTEM_METHOD_EXIT|[1]|UserInfo
23:50:57.0 (6492545)|METHOD_ENTRY|[10]||System.UserInfo.getUserId()
23:50:57.0 (6526116)|METHOD_EXIT|[10]||System.UserInfo.getUserId()
23:50:57.0 (6539846)|HEAP_ALLOCATE|[10]|Bytes:4
23:50:57.0 (6551871)|METHOD_ENTRY|[10]|01p50000002D8iw|BFFFollow_Controller.fetchFollowedUsers(Id)
23:50:57.0 (6557070)|VARIABLE_SCOPE_BEGIN|[20]|this|BFFFollow_Controller|true|false
23:50:57.0 (6572945)|VARIABLE_ASSIGNMENT|[20]|this|{}|0x4d2dc528
23:50:57.0 (6575758)|VARIABLE_SCOPE_BEGIN|[20]|followedById|Id|false|false
23:50:57.0 (6644191)|VARIABLE_ASSIGNMENT|[20]|followedById|"00550000005cg71AAA"
23:50:57.0 (6657112)|HEAP_ALLOCATE|[21]|Bytes:5
23:50:57.0 (6661677)|STATEMENT_EXECUTE|[20]
23:50:57.0 (6662962)|STATEMENT_EXECUTE|[21]
23:50:57.0 (6671427)|HEAP_ALLOCATE|[21]|Bytes:63
23:50:57.0 (6707206)|HEAP_ALLOCATE|[21]|Bytes:18
23:50:57.0 (6729617)|HEAP_ALLOCATE|[21]|Bytes:9
23:50:57.0 (6739115)|HEAP_ALLOCATE|[21]|Bytes:90
23:50:57.0 (6744049)|VARIABLE_SCOPE_BEGIN|[21]|soql|String|false|false
23:50:57.0 (6753381)|VARIABLE_ASSIGNMENT|[21]|soql|"SELECT FollowedUsers (70 more) ..."
23:50:57.0 (6756270)|STATEMENT_EXECUTE|[22]
23:50:57.0 (6757435)|STATEMENT_EXECUTE|[22]
23:50:57.0 (6761837)|STATEMENT_EXECUTE|[23]
23:50:57.0 (6763020)|STATEMENT_EXECUTE|[23]
23:50:57.0 (6770670)|HEAP_ALLOCATE|[23]|Bytes:24
23:50:57.0 (6777568)|HEAP_ALLOCATE|[23]|Bytes:114
23:50:57.0 (6804748)|USER_DEBUG|[23]|DEBUG|fetchFollowedUsers:soql:SELECT FollowedUsers__c FROM BFFFollow__c WHERE FollowedBy__c='00550000005cg71AAA' limit 1
23:50:57.0 (6812780)|STATEMENT_EXECUTE|[24]
23:50:57.0 (7306709)|HEAP_ALLOCATE|[24]|Bytes:9
23:50:57.0 (7314647)|HEAP_ALLOCATE|[24]|Bytes:29
23:50:57.0 (7317595)|HEAP_ALLOCATE|[24]|Bytes:21
23:50:57.0 (7326054)|METHOD_ENTRY|[7]|01p50000002CIEt|ETLC_SecuredDB.ETLC_SecuredDB()
23:50:57.0 (7328599)|STATEMENT_EXECUTE|[7]
23:50:57.0 (7331743)|STATEMENT_EXECUTE|[7]
23:50:57.0 (7337960)|HEAP_ALLOCATE|[24]|Bytes:5
23:50:57.0 (7347507)|METHOD_EXIT|[7]|ETLC_SecuredDB
23:50:57.0 (7360135)|METHOD_ENTRY|[24]|01p50000002CIEt|ETLC_SecuredDB.query(String)
23:50:57.0 (7374560)|VARIABLE_SCOPE_BEGIN|[10]|SOQL|String|false|false
23:50:57.0 (7383544)|VARIABLE_ASSIGNMENT|[10]|SOQL|"SELECT FollowedUsers (70 more) ..."
23:50:57.0 (7391543)|HEAP_ALLOCATE|[12]|Bytes:5
23:50:57.0 (7395331)|STATEMENT_EXECUTE|[10]
23:50:57.0 (7396537)|STATEMENT_EXECUTE|[12]
23:50:57.0 (8837626)|SOQL_EXECUTE_BEGIN|[12]|Aggregations:0|SELECT FollowedUsers__c FROM BFFFollow__c WHERE FollowedBy__c='00550000005cg71AAA' limit 1
23:50:57.0 (12758370)|SOQL_EXECUTE_END|[12]|Rows:1
23:50:57.0 (12787136)|HEAP_ALLOCATE|[12]|Bytes:8
23:50:57.0 (12802206)|HEAP_ALLOCATE|[12]|Bytes:158
23:50:57.0 (12935812)|HEAP_ALLOCATE|[12]|Bytes:8
23:50:57.0 (12963580)|VARIABLE_SCOPE_BEGIN|[12]|dbRecords|List<SObject>|true|false
23:50:57.0 (13011792)|VARIABLE_ASSIGNMENT|[12]|dbRecords|{"s":1,"v":[{"s":2,"v":{"FollowedUsers__c":"[{\"id\":\"00550000005c (85 more) ...","Id":"a005000000ezW4dAAE"}}]}|0x3a564b68
23:50:57.0 (13020895)|STATEMENT_EXECUTE|[20]
23:50:57.0 (13121486)|HEAP_ALLOCATE|[20]|Bytes:12
23:50:57.0 (13131826)|HEAP_ALLOCATE|[20]|Bytes:8
23:50:57.0 (13179659)|HEAP_ALLOCATE|[20]|Bytes:12
23:50:57.0 (13187644)|HEAP_ALLOCATE|[20]|Bytes:9
23:50:57.0 (13209796)|HEAP_ALLOCATE|[20]|Bytes:12
23:50:57.0 (13216612)|HEAP_ALLOCATE|[20]|Bytes:8
23:50:57.0 (13236901)|HEAP_ALLOCATE|[20]|Bytes:12
23:50:57.0 (13243418)|HEAP_ALLOCATE|[20]|Bytes:8
23:50:57.0 (13262984)|HEAP_ALLOCATE|[20]|Bytes:12
23:50:57.0 (13269518)|HEAP_ALLOCATE|[20]|Bytes:9
23:50:57.0 (13307445)|METHOD_ENTRY|[20]|01p50000002CIEt|ETLC_SecuredDB.findFields(List<SObject>)
23:50:57.0 (13333844)|VARIABLE_SCOPE_BEGIN|[108]|dbRecords|List<SObject>|true|false
23:50:57.0 (13358567)|VARIABLE_ASSIGNMENT|[108]|dbRecords|{"s":1,"v":[{"s":2,"v":{"FollowedUsers__c":"[{\"id\":\"00550000005c (85 more) ...","Id":"a005000000ezW4dAAE"}}]}|0x3a564b68
23:50:57.0 (13373553)|HEAP_ALLOCATE|[109]|Bytes:5
23:50:57.0 (13379967)|STATEMENT_EXECUTE|[108]
23:50:57.0 (13382090)|STATEMENT_EXECUTE|[109]
23:50:57.0 (13394849)|VARIABLE_SCOPE_BEGIN|[109]|strJSON|String|false|false
23:50:57.0 (13405726)|VARIABLE_ASSIGNMENT|[109]|strJSON|null
23:50:57.0 (13408841)|STATEMENT_EXECUTE|[110]
23:50:57.0 (13422331)|VARIABLE_SCOPE_BEGIN|[110]|mapFields|Map<String,Set<String>>|true|false
23:50:57.0 (13432018)|VARIABLE_ASSIGNMENT|[110]|mapFields|null|
23:50:57.0 (13435379)|STATEMENT_EXECUTE|[112]
23:50:57.0 (13455990)|METHOD_ENTRY|[112]||System.JSON.serialize(Object)
23:50:57.0 (13992794)|METHOD_EXIT|[112]||System.JSON.serialize(Object)
23:50:57.0 (14013763)|VARIABLE_ASSIGNMENT|[112]|strJSON|"[{\"attributes\":{\"typ (259 more) ..."
23:50:57.0 (14020118)|STATEMENT_EXECUTE|[113]
23:50:57.0 (14033539)|HEAP_ALLOCATE|[113]|Bytes:5
23:50:57.0 (14053048)|HEAP_ALLOCATE|[113]|Bytes:284
23:50:57.0 (14096536)|USER_DEBUG|[113]|DEBUG|JSON:[{"attributes":{"type":"BFFFollow__c","url":"/services/data/v37.0/sobjects/BFFFollow__c/a005000000ezW4dAAE"},"FollowedUsers__c":"[{\"id\":\"00550000005cg71AAA\",\"name\":\"Jaswinder Rattanpal\"},{\"id\":\"00550000005d7KnAAI\",\"name\":\"Test User\"}]","Id":"a005000000ezW4dAAE"}]
23:50:57.0 (14113245)|STATEMENT_EXECUTE|[114]
23:50:57.0 (14130044)|HEAP_ALLOCATE|[114]|Bytes:4
23:50:57.0 (14206904)|VARIABLE_ASSIGNMENT|[114]|mapFields|{"s":1,"v":{}}|0x1a372cdf
23:50:57.0 (14212984)|STATEMENT_EXECUTE|[115]
23:50:57.0 (14235601)|METHOD_ENTRY|[115]||System.JSON.deserializeUntyped(String)
23:50:57.0 (14819782)|METHOD_EXIT|[115]||System.JSON.deserializeUntyped(String)
23:50:57.0 (14834820)|VARIABLE_SCOPE_BEGIN|[115]|records|List<ANY>|true|false
23:50:57.0 (14873835)|HEAP_ALLOCATE|[EXTERNAL]|Bytes:8
23:50:57.0 (14908592)|VARIABLE_ASSIGNMENT|[115]|records|{"s":1,"v":[{"s":2,"v":{"attributes":{"s":3,"v":{"type":"BFFFollow__c","url":"/services/data/v37.0 (41 more) ..."}},"FollowedUsers__c":"[{\"id\":\"00550000005c (85 more) ...","Id":"a005000000ezW4dAAE"}}]}|0x12b229fa
23:50:57.0 (14980290)|HEAP_ALLOCATE|[116]|Bytes:5
23:50:57.0 (15011878)|HEAP_ALLOCATE|[116]|Bytes:16
23:50:57.0 (15034692)|VARIABLE_SCOPE_BEGIN|[116]|record|Object|false|false
23:50:57.0 (15073703)|VARIABLE_ASSIGNMENT|[116]|record|{"s":1,"v":{"attributes":{"s":2,"v":{"type":"BFFFollow__c","url":"/services/data/v37.0 (41 more) ..."}},"FollowedUsers__c":"[{\"id\":\"00550000005c (85 more) ...","Id":"a005000000ezW4dAAE"}}
23:50:57.0 (15081313)|STATEMENT_EXECUTE|[116]
23:50:57.0 (15083698)|STATEMENT_EXECUTE|[117]
23:50:57.0 (15118397)|METHOD_ENTRY|[117]|01p50000002CIEt|ETLC_SecuredDB.findFieldsRecursive(Map<String,Set<String>>, Map<String,ANY>)
23:50:57.0 (15142315)|VARIABLE_SCOPE_BEGIN|[124]|mapFields|Map<String,Set<String>>|true|false
23:50:57.0 (15165819)|VARIABLE_ASSIGNMENT|[124]|mapFields|{"s":1,"v":{}}|0x1a372cdf
23:50:57.0 (15170841)|VARIABLE_SCOPE_BEGIN|[124]|record|Map<String,ANY>|true|false
23:50:57.0 (15195328)|VARIABLE_ASSIGNMENT|[124]|record|{"s":1,"v":{"attributes":{"s":2,"v":{"type":"BFFFollow__c","url":"/services/data/v37.0 (41 more) ..."}},"FollowedUsers__c":"[{\"id\":\"00550000005c (85 more) ...","Id":"a005000000ezW4dAAE"}}|0x6e7592ae
23:50:57.0 (15211792)|HEAP_ALLOCATE|[125]|Bytes:5
23:50:57.0 (15219220)|STATEMENT_EXECUTE|[124]
23:50:57.0 (15221616)|STATEMENT_EXECUTE|[125]
23:50:57.0 (15233115)|HEAP_ALLOCATE|[125]|Bytes:10
23:50:57.0 (15242083)|VARIABLE_SCOPE_BEGIN|[125]|strAttributes|String|false|false
23:50:57.0 (15253961)|VARIABLE_ASSIGNMENT|[125]|strAttributes|"attributes"
23:50:57.0 (15257999)|STATEMENT_EXECUTE|[126]
23:50:57.0 (15273266)|HEAP_ALLOCATE|[126]|Bytes:7
23:50:57.0 (15282630)|VARIABLE_SCOPE_BEGIN|[126]|strRecord|String|false|false
23:50:57.0 (15293280)|VARIABLE_ASSIGNMENT|[126]|strRecord|"records"
23:50:57.0 (15355430)|STATEMENT_EXECUTE|[127]
23:50:57.0 (15359493)|STATEMENT_EXECUTE|[128]
23:50:57.0 (15426988)|VARIABLE_SCOPE_BEGIN|[128]|attributes|Map<String,ANY>|true|false
23:50:57.0 (15452252)|VARIABLE_ASSIGNMENT|[128]|attributes|{"s":1,"v":{"type":"BFFFollow__c","url":"/services/data/v37.0 (41 more) ..."}}|0x3e915dbf
23:50:57.0 (15457862)|STATEMENT_EXECUTE|[129]
23:50:57.0 (15469337)|HEAP_ALLOCATE|[129]|Bytes:4
23:50:57.0 (15528805)|VARIABLE_SCOPE_BEGIN|[129]|objectName|String|false|false
23:50:57.0 (15541814)|VARIABLE_ASSIGNMENT|[129]|objectName|"BFFFollow__c"
23:50:57.0 (15554801)|HEAP_ALLOCATE|[130]|Bytes:4
23:50:57.0 (15646821)|HEAP_ALLOCATE|[130]|Bytes:44
23:50:57.0 (15680283)|HEAP_ALLOCATE|[130]|Bytes:12
23:50:57.0 (15729092)|HEAP_ALLOCATE|[130]|Bytes:5
23:50:57.0 (15756348)|VARIABLE_SCOPE_BEGIN|[130]|fieldName|String|false|false
23:50:57.0 (15769853)|VARIABLE_ASSIGNMENT|[130]|fieldName|"attributes"
23:50:57.0 (15775026)|STATEMENT_EXECUTE|[130]
23:50:57.0 (15776950)|STATEMENT_EXECUTE|[131]
23:50:57.0 (15847652)|VARIABLE_SCOPE_BEGIN|[131]|field|Object|false|false
23:50:57.0 (15878040)|VARIABLE_ASSIGNMENT|[131]|field|{"s":1,"v":{"type":"BFFFollow__c","url":"/services/data/v37.0 (41 more) ..."}}
23:50:57.0 (15907738)|STATEMENT_EXECUTE|[132]
23:50:57.0 (15934393)|HEAP_ALLOCATE|[130]|Bytes:5
23:50:57.0 (15959037)|VARIABLE_SCOPE_BEGIN|[130]|fieldName|String|false|false
23:50:57.0 (15971222)|VARIABLE_ASSIGNMENT|[130]|fieldName|"FollowedUsers__c"
23:50:57.0 (15975985)|STATEMENT_EXECUTE|[130]
23:50:57.0 (15978031)|STATEMENT_EXECUTE|[131]
23:50:57.0 (16016079)|VARIABLE_SCOPE_BEGIN|[131]|field|Object|false|false
23:50:57.0 (16039343)|VARIABLE_ASSIGNMENT|[131]|field|"[{\"id\":\"00550000005c (85 more) ..."
23:50:57.0 (16058449)|HEAP_ALLOCATE|[134]|Bytes:68
23:50:57.0 (16091151)|STATEMENT_EXECUTE|[136]
23:50:57.0 (16094466)|STATEMENT_EXECUTE|[137]
23:50:57.0 (16110497)|HEAP_ALLOCATE|[137]|Bytes:4
23:50:57.0 (16168623)|VARIABLE_SCOPE_BEGIN|[137]|fieldNames|Set<String>|true|false
23:50:57.0 (16199892)|VARIABLE_ASSIGNMENT|[137]|fieldNames|{"s":1,"v":[]}|0x1d63df66
23:50:57.0 (16256709)|STATEMENT_EXECUTE|[138]
23:50:57.0 (16268016)|STATEMENT_EXECUTE|[139]
23:50:57.0 (16313823)|HEAP_ALLOCATE|[EXTERNAL]|Bytes:4
23:50:57.0 (16329149)|STATEMENT_EXECUTE|[140]
23:50:57.0 (16385272)|HEAP_ALLOCATE|[EXTERNAL]|Bytes:-4
23:50:57.0 (16413559)|HEAP_ALLOCATE|[130]|Bytes:5
23:50:57.0 (16438530)|VARIABLE_SCOPE_BEGIN|[130]|fieldName|String|false|false
23:50:57.0 (16450325)|VARIABLE_ASSIGNMENT|[130]|fieldName|"Id"
23:50:57.0 (16454398)|STATEMENT_EXECUTE|[130]
23:50:57.0 (16456341)|STATEMENT_EXECUTE|[131]
23:50:57.0 (16493945)|VARIABLE_SCOPE_BEGIN|[131]|field|Object|false|false
23:50:57.0 (16512654)|VARIABLE_ASSIGNMENT|[131]|field|"a005000000ezW4dAAE"
23:50:57.0 (16541056)|STATEMENT_EXECUTE|[136]
23:50:57.0 (16544336)|STATEMENT_EXECUTE|[137]
23:50:57.0 (16557278)|HEAP_ALLOCATE|[137]|Bytes:4
23:50:57.0 (16578375)|VARIABLE_SCOPE_BEGIN|[137]|fieldNames|Set<String>|true|false
23:50:57.0 (16605637)|VARIABLE_ASSIGNMENT|[137]|fieldNames|{"s":1,"v":[]}|0x1e9dc8c9
23:50:57.0 (16631165)|STATEMENT_EXECUTE|[138]
23:50:57.0 (16683979)|VARIABLE_ASSIGNMENT|[138]|fieldNames|{"s":1,"v":["FollowedUsers__c"]}|0x1d63df66
23:50:57.0 (16690054)|STATEMENT_EXECUTE|[139]
23:50:57.0 (16711144)|HEAP_ALLOCATE|[EXTERNAL]|Bytes:4
23:50:57.0 (16723579)|STATEMENT_EXECUTE|[140]
23:50:57.0 (16768589)|HEAP_ALLOCATE|[130]|Bytes:5
23:50:57.0 (16809224)|VARIABLE_ASSIGNMENT|[130]|fieldName|null
23:50:57.0 (16831444)|METHOD_EXIT|[117]|01p50000002CIEt|ETLC_SecuredDB.findFieldsRecursive(Map<String,Set<String>>, Map<String,ANY>)
23:50:57.0 (16855128)|HEAP_ALLOCATE|[116]|Bytes:5
23:50:57.0 (16885563)|VARIABLE_ASSIGNMENT|[116]|record|null
23:50:57.0 (16896007)|HEAP_ALLOCATE|[119]|Bytes:4
23:50:57.0 (16949523)|HEAP_ALLOCATE|[119]|Bytes:20
23:50:57.0 (16975200)|HEAP_ALLOCATE|[119]|Bytes:4
23:50:57.0 (17011526)|HEAP_ALLOCATE|[119]|Bytes:5
23:50:57.0 (17027562)|VARIABLE_SCOPE_BEGIN|[119]|objectName|String|false|false
23:50:57.0 (17035900)|VARIABLE_ASSIGNMENT|[119]|objectName|"BFFFollow__c"
23:50:57.0 (17038921)|STATEMENT_EXECUTE|[119]
23:50:57.0 (17040187)|STATEMENT_EXECUTE|[120]
23:50:57.0 (17048191)|HEAP_ALLOCATE|[120]|Bytes:2
23:50:57.0 (17107375)|HEAP_ALLOCATE|[120]|Bytes:22
23:50:57.0 (17121154)|HEAP_ALLOCATE|[120]|Bytes:36
23:50:57.0 (17132373)|USER_DEBUG|[120]|DEBUG|BFFFollow__c: {FollowedUsers__c, Id}
23:50:57.0 (17145121)|HEAP_ALLOCATE|[119]|Bytes:5
23:50:57.0 (17162793)|VARIABLE_ASSIGNMENT|[119]|objectName|null
23:50:57.0 (17166498)|STATEMENT_EXECUTE|[122]
23:50:57.0 (17181022)|METHOD_EXIT|[20]|01p50000002CIEt|ETLC_SecuredDB.findFields(List<SObject>)
23:50:57.0 (17194611)|METHOD_ENTRY|[20]|01p50000002CIEt|ETLC_SecuredDB.validate(ETLC_SecuredDB.Operation, Map<String,Set<String>>)
23:50:57.0 (17199855)|VARIABLE_SCOPE_BEGIN|[55]|op|ETLC_SecuredDB.Operation|true|false
23:50:57.0 (17215161)|VARIABLE_ASSIGNMENT|[55]|op|"Querying"|0x5c3fd956
23:50:57.0 (17217815)|VARIABLE_SCOPE_BEGIN|[55]|mapFieldNames|Map<String,Set<String>>|true|false
23:50:57.0 (17233965)|VARIABLE_ASSIGNMENT|[55]|mapFieldNames|{"s":1,"v":{"BFFFollow__c":{"s":2,"v":["FollowedUsers__c","Id"]}}}|0x1a372cdf
23:50:57.0 (17243281)|HEAP_ALLOCATE|[56]|Bytes:5
23:50:57.0 (17247421)|STATEMENT_EXECUTE|[55]
23:50:57.0 (17248756)|STATEMENT_EXECUTE|[56]
23:50:57.0 (17256615)|VARIABLE_SCOPE_BEGIN|[56]|securityMessage|String|false|false
23:50:57.0 (17262485)|VARIABLE_ASSIGNMENT|[56]|securityMessage|null
23:50:57.0 (17264501)|STATEMENT_EXECUTE|[57]
23:50:57.0 (32337214)|HEAP_ALLOCATE|[57]|Bytes:1256
23:50:57.0 (32373932)|VARIABLE_SCOPE_BEGIN|[57]|mapObjects|Map<String,Schema.SObjectType>|true|false
23:50:57.0 (32609821)|VARIABLE_ASSIGNMENT|[57]|mapObjects|"{acceptedeventrelation=AcceptedEventRelation, account=Account, accountcontactrole=AccountContactRole, accounthistory=AccountHistory, accountpartner=AccountPartner, accountshare=AccountShare, actionlinkgrouptemplate=ActionLinkGroupTemplate, actionlinktemplate=ActionLinkTemplate, activityhistory=ActivityHistory, additionalnumber=AdditionalNumber, ...}"|0x68f71bcb
23:50:57.0 (32625319)|HEAP_ALLOCATE|[58]|Bytes:4
23:50:57.0 (32692202)|HEAP_ALLOCATE|[58]|Bytes:20
23:50:57.0 (32710985)|HEAP_ALLOCATE|[58]|Bytes:4
23:50:57.0 (32733051)|HEAP_ALLOCATE|[58]|Bytes:5
23:50:57.0 (32748257)|VARIABLE_SCOPE_BEGIN|[58]|sObjectName|String|false|false
23:50:57.0 (32758895)|VARIABLE_ASSIGNMENT|[58]|sObjectName|"BFFFollow__c"
23:50:57.0 (32762892)|STATEMENT_EXECUTE|[58]
23:50:57.0 (32764720)|STATEMENT_EXECUTE|[59]
23:50:57.0 (32779855)|HEAP_ALLOCATE|[59]|Bytes:9
23:50:57.0 (32784567)|HEAP_ALLOCATE|[59]|Bytes:7
23:50:57.0 (32848594)|HEAP_ALLOCATE|[59]|Bytes:8
23:50:57.0 (32861059)|HEAP_ALLOCATE|[59]|Bytes:1
23:50:57.0 (32876147)|HEAP_ALLOCATE|[59]|Bytes:37
23:50:57.0 (32887056)|VARIABLE_ASSIGNMENT|[59]|securityMessage|"CRUD on [BFFFollow__ (17 more) ..."
23:50:57.0 (32890705)|STATEMENT_EXECUTE|[60]
23:50:57.0 (32898405)|HEAP_ALLOCATE|[60]|Bytes:10
23:50:57.0 (32906918)|HEAP_ALLOCATE|[60]|Bytes:47
23:50:57.0 (32942794)|USER_DEBUG|[60]|DEBUG|Checking: CRUD on [BFFFollow__c] for [Querying]
23:50:57.0 (32950474)|STATEMENT_EXECUTE|[61]
23:50:57.0 (33227771)|HEAP_ALLOCATE|[61]|Bytes:4
23:50:57.0 (33274118)|VARIABLE_SCOPE_BEGIN|[61]|drSObj|Schema.DescribeSObjectResult|true|false
23:50:57.0 (33356901)|VARIABLE_ASSIGNMENT|[61]|drSObj|"common.api.soap.wsdl.DescribeSObjectResult@a54f9caa"|0x1b472768
23:50:57.0 (33506590)|STATEMENT_EXECUTE|[64]
23:50:57.0 (33532537)|STATEMENT_EXECUTE|[65]
23:50:57.0 (33591308)|STATEMENT_EXECUTE|[77]
23:50:57.0 (33593872)|STATEMENT_EXECUTE|[79]
23:50:57.0 (33841139)|HEAP_ALLOCATE|[79]|Bytes:56
23:50:57.0 (33852867)|VARIABLE_SCOPE_BEGIN|[79]|mapFields|Map<String,Schema.SObjectField>|true|false
23:50:57.0 (34020260)|VARIABLE_ASSIGNMENT|[79]|mapFields|"{createdbyid=CreatedById, createddate=CreatedDate, followedby__c=FollowedBy__c, followedusers__c=FollowedUsers__c, id=Id, isdeleted=IsDeleted, lastmodifiedbyid=LastModifiedById, lastmodifieddate=LastModifiedDate, lastreferenceddate=LastReferencedDate, lastvieweddate=LastViewedDate, ...}"|0x3990a83f
23:50:57.0 (34032284)|HEAP_ALLOCATE|[80]|Bytes:4
23:50:57.0 (34079066)|HEAP_ALLOCATE|[80]|Bytes:8
23:50:57.0 (34100633)|HEAP_ALLOCATE|[80]|Bytes:5
23:50:57.0 (34114110)|VARIABLE_SCOPE_BEGIN|[80]|fieldName|String|false|false
23:50:57.0 (34122810)|VARIABLE_ASSIGNMENT|[80]|fieldName|"FollowedUsers__c"
23:50:57.0 (34125910)|STATEMENT_EXECUTE|[80]
23:50:57.0 (34127241)|STATEMENT_EXECUTE|[81]
23:50:57.0 (34785378)|HEAP_ALLOCATE|[81]|Bytes:8
23:50:57.0 (34818190)|VARIABLE_SCOPE_BEGIN|[81]|drField|Schema.DescribeFieldResult|true|false
23:50:57.0 (34893577)|VARIABLE_ASSIGNMENT|[81]|drField|"common.api.soap.wsdl.Field@a8fd31c6"|0x7f34314e
23:50:57.0 (34918408)|STATEMENT_EXECUTE|[82]
23:50:57.0 (34920361)|STATEMENT_EXECUTE|[83]
23:50:57.0 (34929522)|HEAP_ALLOCATE|[83]|Bytes:8
23:50:57.0 (34933786)|HEAP_ALLOCATE|[83]|Bytes:1
23:50:57.0 (34972860)|HEAP_ALLOCATE|[83]|Bytes:8
23:50:57.0 (34993426)|HEAP_ALLOCATE|[83]|Bytes:52
23:50:57.0 (34999672)|HEAP_ALLOCATE|[83]|Bytes:53
23:50:57.0 (35009304)|VARIABLE_ASSIGNMENT|[83]|securityMessage|"FLS on [BFFFollow__c (33 more) ..."
23:50:57.0 (35018361)|STATEMENT_EXECUTE|[84]
23:50:57.0 (35029512)|HEAP_ALLOCATE|[84]|Bytes:63
23:50:57.0 (35055018)|USER_DEBUG|[84]|DEBUG|Checking: FLS on [BFFFollow__c.FollowedUsers__c] for [Querying]
23:50:57.0 (35150520)|STATEMENT_EXECUTE|[87]
23:50:57.0 (35167271)|STATEMENT_EXECUTE|[88]
23:50:57.0 (35185050)|HEAP_ALLOCATE|[80]|Bytes:5
23:50:57.0 (35198007)|VARIABLE_SCOPE_BEGIN|[80]|fieldName|String|false|false
23:50:57.0 (35206130)|VARIABLE_ASSIGNMENT|[80]|fieldName|"Id"
23:50:57.0 (35208854)|STATEMENT_EXECUTE|[80]
23:50:57.0 (35209986)|STATEMENT_EXECUTE|[81]
23:50:57.0 (35359936)|HEAP_ALLOCATE|[81]|Bytes:8
23:50:57.0 (35371450)|VARIABLE_SCOPE_BEGIN|[81]|drField|Schema.DescribeFieldResult|true|false
23:50:57.0 (35441047)|VARIABLE_ASSIGNMENT|[81]|drField|"common.api.soap.wsdl.Field@43c338f5"|0x54037b47
23:50:57.0 (35453518)|STATEMENT_EXECUTE|[99]
23:50:57.0 (35455198)|STATEMENT_EXECUTE|[100]
23:50:57.0 (35463869)|HEAP_ALLOCATE|[100]|Bytes:22
23:50:57.0 (35505812)|HEAP_ALLOCATE|[100]|Bytes:8
23:50:57.0 (35521335)|HEAP_ALLOCATE|[100]|Bytes:52
23:50:57.0 (35525932)|HEAP_ALLOCATE|[100]|Bytes:35
23:50:57.0 (35530534)|HEAP_ALLOCATE|[100]|Bytes:87
23:50:57.0 (35540726)|USER_DEBUG|[100]|DEBUG|Bypass Check: FLS on [BFFFollow__c.Id] for [Querying] since it's not isPermissionable()
23:50:57.0 (35554541)|HEAP_ALLOCATE|[80]|Bytes:5
23:50:57.0 (35567801)|VARIABLE_ASSIGNMENT|[80]|fieldName|null
23:50:57.0 (35577141)|HEAP_ALLOCATE|[58]|Bytes:5
23:50:57.0 (35586074)|VARIABLE_ASSIGNMENT|[58]|sObjectName|null
23:50:57.0 (35601083)|METHOD_EXIT|[20]|01p50000002CIEt|ETLC_SecuredDB.validate(ETLC_SecuredDB.Operation, Map<String,Set<String>>)
23:50:57.0 (35606028)|STATEMENT_EXECUTE|[21]
23:50:57.0 (35620148)|METHOD_EXIT|[24]|01p50000002CIEt|ETLC_SecuredDB.query(String)
23:50:57.0 (35626556)|VARIABLE_SCOPE_BEGIN|[24]|dbRecords|List<SObject>|true|false
23:50:57.0 (35662746)|VARIABLE_ASSIGNMENT|[24]|dbRecords|{"s":1,"v":[{"s":2,"v":{"FollowedUsers__c":"[{\"id\":\"00550000005c (85 more) ...","Id":"a005000000ezW4dAAE"}}]}|0x3a564b68
23:50:57.0 (35670419)|STATEMENT_EXECUTE|[25]
23:50:57.0 (35671808)|STATEMENT_EXECUTE|[25]
23:50:57.0 (35734873)|USER_DEBUG|[25]|DEBUG|(BFFFollow__c:{FollowedUsers__c=[{"id":"00550000005cg71AAA","name":"Jaswinder Rattanpal"},{"id":"00550000005d7KnAAI","name":"Test User"}], Id=a005000000ezW4dAAE})
23:50:57.0 (35791721)|STATEMENT_EXECUTE|[26]
23:50:57.0 (35796638)|STATEMENT_EXECUTE|[27]
23:50:57.0 (35797723)|STATEMENT_EXECUTE|[28]
23:50:57.0 (35805976)|HEAP_ALLOCATE|[28]|Bytes:18
23:50:57.0 (35819938)|HEAP_ALLOCATE|[28]|Bytes:12
23:50:57.0 (35825867)|HEAP_ALLOCATE|[28]|Bytes:16
23:50:57.0 (35894414)|HEAP_ALLOCATE|[28]|Bytes:105
23:50:57.0 (35915552)|HEAP_ALLOCATE|[28]|Bytes:105
23:50:57.0 (35925573)|HEAP_ALLOCATE|[28]|Bytes:123
23:50:57.0 (35935874)|USER_DEBUG|[28]|DEBUG|FollowedUsers__c::[{"id":"00550000005cg71AAA","name":"Jaswinder Rattanpal"},{"id":"00550000005d7KnAAI","name":"Test User"}]
23:50:57.0 (35941900)|STATEMENT_EXECUTE|[30]
23:50:57.0 (35955777)|HEAP_ALLOCATE|[30]|Bytes:12
23:50:57.0 (36007890)|HEAP_ALLOCATE|[30]|Bytes:105
23:50:57.0 (36034180)|METHOD_EXIT|[10]|01p50000002D8iw|BFFFollow_Controller.fetchFollowedUsers(Id)
23:50:57.0 (36093122)|VARIABLE_ASSIGNMENT|[EXTERNAL]|this|{"debug":true,"input":"{\"mode\":\"fetchFollow (9 more) ...","operation":"BFFFollow_Controller"}|0x2fc17c62
23:50:57.0 (36101635)|VARIABLE_ASSIGNMENT|[EXTERNAL]|value|"[{\"id\":\"00550000005c (85 more) ..."
23:50:57.0 (36116628)|VARIABLE_ASSIGNMENT|[12]|this.output|"[{\"id\":\"00550000005c (85 more) ..."|0x2fc17c62
23:50:57.0 (36124542)|STATEMENT_EXECUTE|[11]
23:50:57.0 (36176404)|VARIABLE_ASSIGNMENT|[EXTERNAL]|this|{"debug":true,"input":"{\"mode\":\"fetchFollow (9 more) ...","operation":"BFFFollow_Controller","output":"[{\"id\":\"00550000005c (85 more) ..."}|0x2fc17c62
23:50:57.0 (36221046)|VARIABLE_ASSIGNMENT|[EXTERNAL]|this|{"debug":true,"input":"{\"mode\":\"fetchFollow (9 more) ...","operation":"BFFFollow_Controller","output":"[{\"id\":\"00550000005c (85 more) ..."}|0x2fc17c62
23:50:57.0 (36228446)|VARIABLE_ASSIGNMENT|[EXTERNAL]|value|true
23:50:57.0 (36233726)|HEAP_ALLOCATE|[15]|Bytes:5
23:50:57.0 (36241423)|VARIABLE_ASSIGNMENT|[15]|this.outputFlag|true|0x2fc17c62
23:50:57.0 (36251001)|STATEMENT_EXECUTE|[12]
23:50:57.0 (36252560)|STATEMENT_EXECUTE|[12]
23:50:57.0 (36300141)|USER_DEBUG|[12]|DEBUG|ETLC_ApexBridge_Data:[debug=true, input={"mode":"fetchFollowedUsers"}, isSuccess=null, messages=null, operation=BFFFollow_Controller, output=[{"id":"00550000005cg71AAA","name":"Jaswinder Rattanpal"},{"id":"00550000005d7KnAAI","name":"Test User"}], outputFlag=true, records=null]
23:50:57.0 (36317729)|METHOD_EXIT|[9]|01p50000002D8iw|BFFFollow_Controller.process(ETLC_ApexBridge_Data)
23:50:57.0 (36321966)|STATEMENT_EXECUTE|[24]
23:50:57.0 (36339511)|METHOD_ENTRY|[24]|01p50000002CIEo|ETLC_ApexBridge_Data.toJSON()
23:50:57.0 (36353075)|VARIABLE_SCOPE_BEGIN|[57]|this|ETLC_ApexBridge_Data|true|false
23:50:57.0 (36382206)|VARIABLE_ASSIGNMENT|[57]|this|{"debug":true,"input":"{\"mode\":\"fetchFollow (9 more) ...","operation":"BFFFollow_Controller","output":"[{\"id\":\"00550000005c (85 more) ...","outputFlag":true}|0x2fc17c62
23:50:57.0 (36388337)|STATEMENT_EXECUTE|[57]
23:50:57.0 (36389491)|STATEMENT_EXECUTE|[58]
23:50:57.0 (36405861)|METHOD_ENTRY|[58]||System.JSON.serialize(Object)
23:50:57.0 (36478899)|STATEMENT_EXECUTE|[22]
23:50:57.0 (36482666)|STATEMENT_EXECUTE|[23]
23:50:57.0 (36491655)|HEAP_ALLOCATE|[23]|Bytes:5
23:50:57.0 (36500670)|VARIABLE_ASSIGNMENT|[23]|this.isSuccess|true|0x2fc17c62
23:50:57.0 (36503364)|STATEMENT_EXECUTE|[24]
23:50:57.0 (36535194)|STATEMENT_EXECUTE|[31]
23:50:57.0 (36538272)|STATEMENT_EXECUTE|[32]
23:50:57.0 (36633525)|HEAP_ALLOCATE|[32]|Bytes:4
23:50:57.0 (36707104)|VARIABLE_ASSIGNMENT|[32]|this.messages|{"s":1,"v":{}}|0x2fc17c62
23:50:57.0 (36711553)|STATEMENT_EXECUTE|[33]
23:50:57.0 (37047266)|METHOD_EXIT|[58]||System.JSON.serialize(Object)
23:50:57.0 (37055565)|METHOD_EXIT|[24]|01p50000002CIEo|ETLC_ApexBridge_Data.toJSON()
23:50:57.0 (37065178)|SYSTEM_MODE_EXIT|false
23:50:57.37 (37111054)|CUMULATIVE_LIMIT_USAGE
23:50:57.37 (37111054)|LIMIT_USAGE_FOR_NS|(default)|
  Number of SOQL queries: 1 out of 100
  Number of query rows: 1 out of 50000
  Number of SOSL queries: 0 out of 20
  Number of DML statements: 0 out of 150
  Number of DML rows: 0 out of 10000
  Maximum CPU time: 0 out of 10000
  Maximum heap size: 0 out of 6000000
  Number of callouts: 0 out of 100
  Number of Email Invocations: 0 out of 10
  Number of future calls: 0 out of 50
  Number of queueable jobs added to the queue: 0 out of 50
  Number of Mobile Apex push calls: 0 out of 10

23:50:57.37 (37111054)|CUMULATIVE_LIMIT_USAGE_END

23:50:57.0 (37161913)|CODE_UNIT_FINISHED|ETLC_ApexBridge_Controller.execute
