37.0 APEX_CODE,FINEST;APEX_PROFILING,INFO;CALLOUT,INFO;DB,INFO;SYSTEM,DEBUG;VALIDATION,INFO;VISUALFORCE,INFO;WORKFLOW,INFO
00:07:32.0 (190703)|USER_INFO|[EXTERNAL]|00550000005cg71|bfffollow@jr.te|Eastern Standard Time|GMT-04:00
00:07:32.0 (247883)|EXECUTION_STARTED
00:07:32.0 (260327)|CODE_UNIT_STARTED|[EXTERNAL]|aura
00:07:32.0 (637681)|HEAP_ALLOCATE|[72]|Bytes:3
00:07:32.0 (692269)|HEAP_ALLOCATE|[77]|Bytes:152
00:07:32.0 (731239)|HEAP_ALLOCATE|[342]|Bytes:408
00:07:32.0 (767980)|HEAP_ALLOCATE|[355]|Bytes:408
00:07:32.0 (803194)|HEAP_ALLOCATE|[467]|Bytes:48
00:07:32.0 (859777)|HEAP_ALLOCATE|[139]|Bytes:6
00:07:32.0 (910114)|HEAP_ALLOCATE|[EXTERNAL]|Bytes:93
00:07:32.0 (945140)|HEAP_ALLOCATE|[EXTERNAL]|Bytes:93
00:07:32.0 (1957426)|CODE_UNIT_STARTED|[EXTERNAL]|01p50000002CIEm|ETLC_ApexBridge_Controller.execute
00:07:32.0 (2130583)|HEAP_ALLOCATE|[EXTERNAL]|Bytes:1
00:07:32.0 (2166638)|HEAP_ALLOCATE|[EXTERNAL]|Bytes:10
00:07:32.0 (2198714)|METHOD_ENTRY|[1]|01p50000002CIEm|ETLC_ApexBridge_Controller.ETLC_ApexBridge_Controller()
00:07:32.0 (2213869)|STATEMENT_EXECUTE|[1]
00:07:32.0 (2236924)|STATEMENT_EXECUTE|[1]
00:07:32.0 (2271270)|METHOD_EXIT|[1]|ETLC_ApexBridge_Controller
00:07:32.0 (2298280)|HEAP_ALLOCATE|[EXTERNAL]|Bytes:93
00:07:32.0 (2331776)|SYSTEM_MODE_ENTER|false
00:07:32.0 (2362310)|VARIABLE_SCOPE_BEGIN|[3]|dataJson|String|false|false
00:07:32.0 (2431149)|VARIABLE_ASSIGNMENT|[3]|dataJson|"{\"operation\":\"BFFFol (73 more) ..."
00:07:32.0 (2470867)|STATEMENT_EXECUTE|[3]
00:07:32.0 (2490907)|STATEMENT_EXECUTE|[4]
00:07:32.0 (2694046)|VARIABLE_SCOPE_BEGIN|[4]|data|ETLC_ApexBridge_Data|true|false
00:07:32.0 (2739565)|VARIABLE_ASSIGNMENT|[4]|data|null|
00:07:32.0 (2756457)|STATEMENT_EXECUTE|[5]
00:07:32.0 (2773126)|STATEMENT_EXECUTE|[5]
00:07:32.0 (2791194)|STATEMENT_EXECUTE|[6]
00:07:32.0 (2849562)|HEAP_ALLOCATE|[6]|Bytes:11
00:07:32.0 (2896087)|HEAP_ALLOCATE|[6]|Bytes:248
00:07:32.0 (2929335)|HEAP_ALLOCATE|[6]|Bytes:39
00:07:32.0 (2989859)|METHOD_ENTRY|[2]|01p50000002CIEo|ETLC_ApexBridge_Data.ETLC_ApexBridge_Data()
00:07:32.0 (3004989)|STATEMENT_EXECUTE|[2]
00:07:32.0 (3021645)|STATEMENT_EXECUTE|[2]
00:07:32.0 (3041696)|METHOD_EXIT|[2]|ETLC_ApexBridge_Data
00:07:32.0 (3095645)|METHOD_ENTRY|[6]|01p50000002CIEo|ETLC_ApexBridge_Data.fromJSON(String)
00:07:32.0 (3174068)|VARIABLE_SCOPE_BEGIN|[60]|strJson|String|false|false
00:07:32.0 (3215610)|VARIABLE_ASSIGNMENT|[60]|strJson|"{\"operation\":\"BFFFol (73 more) ..."
00:07:32.0 (3233339)|STATEMENT_EXECUTE|[60]
00:07:32.0 (3243816)|STATEMENT_EXECUTE|[61]
00:07:32.0 (3281498)|HEAP_ALLOCATE|[61]|Bytes:20
00:07:32.0 (3338292)|HEAP_ALLOCATE|[50]|Bytes:5
00:07:32.0 (3397430)|HEAP_ALLOCATE|[56]|Bytes:5
00:07:32.0 (3430829)|HEAP_ALLOCATE|[64]|Bytes:7
00:07:32.0 (3619582)|HEAP_ALLOCATE|[61]|Bytes:24
00:07:32.0 (3667595)|SYSTEM_METHOD_ENTRY|[1]|Type.Type()
00:07:32.0 (3683958)|STATEMENT_EXECUTE|[1]
00:07:32.0 (3712707)|SYSTEM_METHOD_EXIT|[1]|Type
00:07:32.0 (3733547)|HEAP_ALLOCATE|[61]|Bytes:8
00:07:32.0 (3784849)|HEAP_ALLOCATE|[61]|Bytes:8
00:07:32.0 (3822974)|VARIABLE_SCOPE_BEGIN|[4]|this|System.Type|true|false
00:07:32.0 (3917737)|VARIABLE_ASSIGNMENT|[4]|this|{}|0x32f62332
00:07:32.0 (3948261)|VARIABLE_SCOPE_BEGIN|[4]|apextype|java:common.apex.runtime.ApexObjectType|true|false
00:07:32.0 (4111525)|VARIABLE_ASSIGNMENT|[4]|apextype|"ETLC_ApexBridge_Data"|0x4188d84e
00:07:32.0 (4284478)|HEAP_ALLOCATE|[61]|Bytes:8
00:07:32.0 (4375323)|HEAP_ALLOCATE|[61]|Bytes:24
00:07:32.0 (4415414)|SYSTEM_METHOD_ENTRY|[1]|JSON.JSON()
00:07:32.0 (4430923)|STATEMENT_EXECUTE|[1]
00:07:32.0 (4461555)|SYSTEM_METHOD_EXIT|[1]|JSON
00:07:32.0 (4520937)|METHOD_ENTRY|[61]||System.JSON.deserializeStrict(String, System.Type)
00:07:32.0 (5214545)|METHOD_EXIT|[61]||System.JSON.deserializeStrict(String, System.Type)
00:07:32.0 (5273157)|METHOD_EXIT|[6]|01p50000002CIEo|ETLC_ApexBridge_Data.fromJSON(String)
00:07:32.0 (5399617)|VARIABLE_ASSIGNMENT|[6]|data|{"debug":true,"input":"{\"mode\":\"fetchFollow (9 more) ...","operation":"BFFFollow_Controller"}|0x3c1a49f0
00:07:32.0 (5428559)|STATEMENT_EXECUTE|[7]
00:07:32.0 (5470103)|HEAP_ALLOCATE|[7]|Bytes:6
00:07:32.0 (5603867)|HEAP_ALLOCATE|[7]|Bytes:177
00:07:32.0 (5680349)|HEAP_ALLOCATE|[7]|Bytes:183
00:07:32.0 (5752690)|USER_DEBUG|[7]|DEBUG|data::ETLC_ApexBridge_Data:[debug=true, input={"mode":"fetchFollowedUsers"}, isSuccess=null, messages=null, operation=BFFFollow_Controller, output=null, outputFlag=null, records=null]
00:07:32.0 (5783299)|STATEMENT_EXECUTE|[8]
00:07:32.0 (5985408)|VARIABLE_ASSIGNMENT|[EXTERNAL]|this|{"debug":true,"input":"{\"mode\":\"fetchFollow (9 more) ...","operation":"BFFFollow_Controller"}|0x3c1a49f0
00:07:32.0 (6076236)|METHOD_ENTRY|[8]||System.Type.forName(String)
00:07:32.0 (6582501)|METHOD_EXIT|[8]||System.Type.forName(String)
00:07:32.0 (6625552)|METHOD_ENTRY|[8]||System.Type.newInstance()
00:07:32.0 (6931317)|STATEMENT_EXECUTE|[1]
00:07:32.0 (6966802)|HEAP_ALLOCATE|[33]|Bytes:5
00:07:32.0 (7016689)|METHOD_EXIT|[1]|BFFFollow_Controller
00:07:32.0 (7045853)|HEAP_ALLOCATE|[33]|Bytes:4
00:07:32.0 (7082497)|VARIABLE_SCOPE_BEGIN|[1]|this|BFFFollow_Controller|true|false
00:07:32.0 (7137387)|VARIABLE_ASSIGNMENT|[1]|this|{}|0x1a1e6960
00:07:32.0 (7162458)|HEAP_ALLOCATE|[33]|Bytes:5
00:07:32.0 (7198803)|HEAP_ALLOCATE|[33]|Bytes:11
00:07:32.0 (7243659)|METHOD_ENTRY|[1]|01p50000002CIEj|ETLC_ApexBridge_Abstract.ETLC_ApexBridge_Abstract()
00:07:32.0 (7266735)|STATEMENT_EXECUTE|[1]
00:07:32.0 (7293502)|STATEMENT_EXECUTE|[1]
00:07:32.0 (7317949)|METHOD_EXIT|[1]|ETLC_ApexBridge_Abstract
00:07:32.0 (7346271)|CONSTRUCTOR_ENTRY|[EXTERNAL]|01p50000002CIEj|<init>()
00:07:32.0 (7371190)|VARIABLE_SCOPE_BEGIN|[1]|this|ETLC_ApexBridge_Abstract|true|false
00:07:32.0 (7437980)|VARIABLE_ASSIGNMENT|[1]|this|{}|0x1a1e6960
00:07:32.0 (7544300)|STATEMENT_EXECUTE|[1]
00:07:32.0 (7577844)|CONSTRUCTOR_EXIT|[EXTERNAL]|01p50000002CIEj|<init>()
00:07:32.0 (7607606)|STATEMENT_EXECUTE|[1]
00:07:32.0 (7646301)|HEAP_ALLOCATE|[33]|Bytes:5
00:07:32.0 (7731834)|METHOD_EXIT|[8]||System.Type.newInstance()
00:07:32.0 (7777712)|VARIABLE_SCOPE_BEGIN|[8]|executor|ETLC_ApexBridge_Abstract|true|false
00:07:32.0 (7862465)|VARIABLE_ASSIGNMENT|[8]|executor|{}|0x1a1e6960
00:07:32.0 (7894298)|STATEMENT_EXECUTE|[9]
00:07:32.0 (7977135)|METHOD_ENTRY|[9]|01p50000002D8iw|BFFFollow_Controller.process(ETLC_ApexBridge_Data)
00:07:32.0 (8028346)|VARIABLE_SCOPE_BEGIN|[3]|this|BFFFollow_Controller|true|false
00:07:32.0 (8107673)|VARIABLE_ASSIGNMENT|[3]|this|{}|0x1a1e6960
00:07:32.0 (8140639)|VARIABLE_SCOPE_BEGIN|[3]|data|ETLC_ApexBridge_Data|true|false
00:07:32.0 (8224782)|VARIABLE_ASSIGNMENT|[3]|data|{"debug":true,"input":"{\"mode\":\"fetchFollow (9 more) ...","operation":"BFFFollow_Controller"}|0x3c1a49f0
00:07:32.0 (8261945)|HEAP_ALLOCATE|[4]|Bytes:5
00:07:32.0 (8291765)|STATEMENT_EXECUTE|[3]
00:07:32.0 (8310113)|STATEMENT_EXECUTE|[4]
00:07:32.0 (8491749)|VARIABLE_ASSIGNMENT|[EXTERNAL]|this|{"debug":true,"input":"{\"mode\":\"fetchFollow (9 more) ...","operation":"BFFFollow_Controller"}|0x3c1a49f0
00:07:32.0 (8588431)|VARIABLE_ASSIGNMENT|[4]|BFFFollow_Controller.debugFlag|true
00:07:32.0 (8745710)|VARIABLE_ASSIGNMENT|[EXTERNAL]|this|{"debug":true,"input":"{\"mode\":\"fetchFollow (9 more) ...","operation":"BFFFollow_Controller"}|0x3c1a49f0
00:07:32.0 (8786369)|STATEMENT_EXECUTE|[5]
00:07:32.0 (8929121)|USER_DEBUG|[5]|DEBUG|ETLC_ApexBridge_Data:[debug=true, input={"mode":"fetchFollowedUsers"}, isSuccess=null, messages=null, operation=BFFFollow_Controller, output=null, outputFlag=null, records=null]
00:07:32.0 (8989673)|STATEMENT_EXECUTE|[7]
00:07:32.0 (9022647)|HEAP_ALLOCATE|[7]|Bytes:4
00:07:32.0 (9067470)|METHOD_ENTRY|[7]|01p50000002CIEo|ETLC_ApexBridge_Data.getInputValue(String)
00:07:32.0 (9114196)|VARIABLE_SCOPE_BEGIN|[52]|this|ETLC_ApexBridge_Data|true|false
00:07:32.0 (9187785)|VARIABLE_ASSIGNMENT|[52]|this|{"debug":true,"input":"{\"mode\":\"fetchFollow (9 more) ...","operation":"BFFFollow_Controller"}|0x3c1a49f0
00:07:32.0 (9210838)|VARIABLE_SCOPE_BEGIN|[52]|key|String|false|false
00:07:32.0 (9237015)|VARIABLE_ASSIGNMENT|[52]|key|"mode"
00:07:32.0 (9254199)|STATEMENT_EXECUTE|[52]
00:07:32.0 (9272506)|STATEMENT_EXECUTE|[53]
00:07:32.0 (9446813)|VARIABLE_ASSIGNMENT|[EXTERNAL]|this|{"debug":true,"input":"{\"mode\":\"fetchFollow (9 more) ...","operation":"BFFFollow_Controller"}|0x3c1a49f0
00:07:32.0 (9509154)|METHOD_ENTRY|[53]||System.JSON.deserializeUntyped(String)
00:07:32.0 (9938209)|METHOD_EXIT|[53]||System.JSON.deserializeUntyped(String)
00:07:32.0 (9969427)|VARIABLE_SCOPE_BEGIN|[53]|inputMap|Map<String,ANY>|true|false
00:07:32.0 (10030276)|VARIABLE_ASSIGNMENT|[53]|inputMap|{"s":1,"v":{"mode":"fetchFollowedUsers"}}|0x4ee9e011
00:07:32.0 (10048026)|STATEMENT_EXECUTE|[54]
00:07:32.0 (10225148)|METHOD_EXIT|[7]|01p50000002CIEo|ETLC_ApexBridge_Data.getInputValue(String)
00:07:32.0 (10262912)|VARIABLE_SCOPE_BEGIN|[7]|mode|String|false|false
00:07:32.0 (10297275)|VARIABLE_ASSIGNMENT|[7]|mode|"fetchFollowedUsers"
00:07:32.0 (10315169)|HEAP_ALLOCATE|[9]|Bytes:18
00:07:32.0 (10360599)|STATEMENT_EXECUTE|[9]
00:07:32.0 (10380611)|STATEMENT_EXECUTE|[10]
00:07:32.0 (10485918)|HEAP_ALLOCATE|[10]|Bytes:85
00:07:32.0 (10530802)|SYSTEM_METHOD_ENTRY|[1]|UserInfo.UserInfo()
00:07:32.0 (10546273)|STATEMENT_EXECUTE|[1]
00:07:32.0 (10571226)|SYSTEM_METHOD_EXIT|[1]|UserInfo
00:07:32.0 (10611207)|METHOD_ENTRY|[10]||System.UserInfo.getUserId()
00:07:32.0 (10695199)|METHOD_EXIT|[10]||System.UserInfo.getUserId()
00:07:32.0 (10730135)|HEAP_ALLOCATE|[10]|Bytes:4
00:07:32.0 (10796338)|METHOD_ENTRY|[10]|01p50000002D8iw|BFFFollow_Controller.fetchFollowedUsers(Id)
00:07:32.0 (10841334)|VARIABLE_SCOPE_BEGIN|[20]|this|BFFFollow_Controller|true|false
00:07:32.0 (10921275)|VARIABLE_ASSIGNMENT|[20]|this|{}|0x1a1e6960
00:07:32.0 (10959406)|VARIABLE_SCOPE_BEGIN|[20]|followedById|Id|false|false
00:07:32.0 (11062027)|VARIABLE_ASSIGNMENT|[20]|followedById|"00550000005cg71AAA"
00:07:32.0 (11089365)|HEAP_ALLOCATE|[21]|Bytes:5
00:07:32.0 (11107484)|STATEMENT_EXECUTE|[20]
00:07:32.0 (11123107)|STATEMENT_EXECUTE|[21]
00:07:32.0 (11169555)|HEAP_ALLOCATE|[21]|Bytes:63
00:07:32.0 (11308110)|HEAP_ALLOCATE|[21]|Bytes:18
00:07:32.0 (11382368)|HEAP_ALLOCATE|[21]|Bytes:9
00:07:32.0 (11419842)|HEAP_ALLOCATE|[21]|Bytes:90
00:07:32.0 (11469942)|VARIABLE_SCOPE_BEGIN|[21]|soql|String|false|false
00:07:32.0 (11518397)|VARIABLE_ASSIGNMENT|[21]|soql|"SELECT FollowedUsers (70 more) ..."
00:07:32.0 (11535362)|STATEMENT_EXECUTE|[22]
00:07:32.0 (11545498)|STATEMENT_EXECUTE|[22]
00:07:32.0 (11560257)|STATEMENT_EXECUTE|[23]
00:07:32.0 (11577462)|STATEMENT_EXECUTE|[23]
00:07:32.0 (11621528)|HEAP_ALLOCATE|[23]|Bytes:24
00:07:32.0 (11648427)|HEAP_ALLOCATE|[23]|Bytes:114
00:07:32.0 (11726795)|USER_DEBUG|[23]|DEBUG|fetchFollowedUsers:soql:SELECT FollowedUsers__c FROM BFFFollow__c WHERE FollowedBy__c='00550000005cg71AAA' limit 1
00:07:32.0 (11757270)|STATEMENT_EXECUTE|[24]
00:07:32.0 (11873269)|HEAP_ALLOCATE|[24]|Bytes:9
00:07:32.0 (11896943)|HEAP_ALLOCATE|[24]|Bytes:29
00:07:32.0 (11913720)|HEAP_ALLOCATE|[24]|Bytes:21
00:07:32.0 (11941090)|METHOD_ENTRY|[7]|01p50000002CIEt|ETLC_SecuredDB.ETLC_SecuredDB()
00:07:32.0 (11955207)|STATEMENT_EXECUTE|[7]
00:07:32.0 (11970217)|STATEMENT_EXECUTE|[7]
00:07:32.0 (11986797)|HEAP_ALLOCATE|[24]|Bytes:5
00:07:32.0 (12019762)|METHOD_EXIT|[7]|ETLC_SecuredDB
00:07:32.0 (12074942)|METHOD_ENTRY|[24]|01p50000002CIEt|ETLC_SecuredDB.query(String)
00:07:32.0 (12147687)|VARIABLE_SCOPE_BEGIN|[10]|SOQL|String|false|false
00:07:32.0 (12199120)|VARIABLE_ASSIGNMENT|[10]|SOQL|"SELECT FollowedUsers (70 more) ..."
00:07:32.0 (12235438)|HEAP_ALLOCATE|[12]|Bytes:5
00:07:32.0 (12278273)|STATEMENT_EXECUTE|[10]
00:07:32.0 (12297656)|STATEMENT_EXECUTE|[12]
00:07:32.0 (12864992)|SOQL_EXECUTE_BEGIN|[12]|Aggregations:0|SELECT FollowedUsers__c FROM BFFFollow__c WHERE FollowedBy__c='00550000005cg71AAA' limit 1
00:07:32.0 (17490520)|SOQL_EXECUTE_END|[12]|Rows:1
00:07:32.0 (17560410)|HEAP_ALLOCATE|[12]|Bytes:8
00:07:32.0 (17590392)|HEAP_ALLOCATE|[12]|Bytes:158
00:07:32.0 (17767538)|HEAP_ALLOCATE|[12]|Bytes:8
00:07:32.0 (17858091)|VARIABLE_SCOPE_BEGIN|[12]|dbRecords|List<SObject>|true|false
00:07:32.0 (17967216)|VARIABLE_ASSIGNMENT|[12]|dbRecords|{"s":1,"v":[{"s":2,"v":{"FollowedUsers__c":"[{\"id\":\"00550000005c (85 more) ...","Id":"a005000000ezW4dAAE"}}]}|0x11ff405
00:07:32.0 (18013454)|STATEMENT_EXECUTE|[20]
00:07:32.0 (18118318)|HEAP_ALLOCATE|[20]|Bytes:12
00:07:32.0 (18143021)|HEAP_ALLOCATE|[20]|Bytes:8
00:07:32.0 (18229576)|HEAP_ALLOCATE|[20]|Bytes:12
00:07:32.0 (18250047)|HEAP_ALLOCATE|[20]|Bytes:9
00:07:32.0 (18337758)|HEAP_ALLOCATE|[20]|Bytes:12
00:07:32.0 (18370082)|HEAP_ALLOCATE|[20]|Bytes:8
00:07:32.0 (18447193)|HEAP_ALLOCATE|[20]|Bytes:12
00:07:32.0 (18478865)|HEAP_ALLOCATE|[20]|Bytes:8
00:07:32.0 (18557452)|HEAP_ALLOCATE|[20]|Bytes:12
00:07:32.0 (18588568)|HEAP_ALLOCATE|[20]|Bytes:9
00:07:32.0 (18701204)|METHOD_ENTRY|[20]|01p50000002CIEt|ETLC_SecuredDB.findFields(List<SObject>)
00:07:32.0 (18773407)|VARIABLE_SCOPE_BEGIN|[108]|dbRecords|List<SObject>|true|false
00:07:32.0 (18833376)|VARIABLE_ASSIGNMENT|[108]|dbRecords|{"s":1,"v":[{"s":2,"v":{"FollowedUsers__c":"[{\"id\":\"00550000005c (85 more) ...","Id":"a005000000ezW4dAAE"}}]}|0x11ff405
00:07:32.0 (18889537)|HEAP_ALLOCATE|[109]|Bytes:5
00:07:32.0 (18920286)|STATEMENT_EXECUTE|[108]
00:07:32.0 (18938442)|STATEMENT_EXECUTE|[109]
00:07:32.0 (19004753)|VARIABLE_SCOPE_BEGIN|[109]|strJSON|String|false|false
00:07:32.0 (19057667)|VARIABLE_ASSIGNMENT|[109]|strJSON|null
00:07:32.0 (19080363)|STATEMENT_EXECUTE|[110]
00:07:32.0 (19140791)|VARIABLE_SCOPE_BEGIN|[110]|mapFields|Map<String,Set<String>>|true|false
00:07:32.0 (19194862)|VARIABLE_ASSIGNMENT|[110]|mapFields|null|
00:07:32.0 (19219710)|STATEMENT_EXECUTE|[112]
00:07:32.0 (19298527)|METHOD_ENTRY|[112]||System.JSON.serialize(Object)
00:07:32.0 (20194105)|METHOD_EXIT|[112]||System.JSON.serialize(Object)
00:07:32.0 (20239953)|VARIABLE_ASSIGNMENT|[112]|strJSON|"[{\"attributes\":{\"typ (259 more) ..."
00:07:32.0 (20255534)|STATEMENT_EXECUTE|[113]
00:07:32.0 (20284761)|HEAP_ALLOCATE|[113]|Bytes:5
00:07:32.0 (20314347)|HEAP_ALLOCATE|[113]|Bytes:284
00:07:32.0 (20388519)|USER_DEBUG|[113]|DEBUG|JSON:[{"attributes":{"type":"BFFFollow__c","url":"/services/data/v37.0/sobjects/BFFFollow__c/a005000000ezW4dAAE"},"FollowedUsers__c":"[{\"id\":\"00550000005cg71AAA\",\"name\":\"Jaswinder Rattanpal\"},{\"id\":\"00550000005d7KnAAI\",\"name\":\"Test User\"}]","Id":"a005000000ezW4dAAE"}]
00:07:32.0 (20421040)|STATEMENT_EXECUTE|[114]
00:07:32.0 (20454093)|HEAP_ALLOCATE|[114]|Bytes:4
00:07:32.0 (20529911)|VARIABLE_ASSIGNMENT|[114]|mapFields|{"s":1,"v":{}}|0x69c866a8
00:07:32.0 (20556242)|STATEMENT_EXECUTE|[115]
00:07:32.0 (20639824)|METHOD_ENTRY|[115]||System.JSON.deserializeUntyped(String)
00:07:32.0 (21689549)|METHOD_EXIT|[115]||System.JSON.deserializeUntyped(String)
00:07:32.0 (21738042)|VARIABLE_SCOPE_BEGIN|[115]|records|List<ANY>|true|false
00:07:32.0 (21818873)|HEAP_ALLOCATE|[EXTERNAL]|Bytes:8
00:07:32.0 (21904723)|VARIABLE_ASSIGNMENT|[115]|records|{"s":1,"v":[{"s":2,"v":{"attributes":{"s":3,"v":{"type":"BFFFollow__c","url":"/services/data/v37.0 (41 more) ..."}},"FollowedUsers__c":"[{\"id\":\"00550000005c (85 more) ...","Id":"a005000000ezW4dAAE"}}]}|0x17890848
00:07:32.0 (22089854)|HEAP_ALLOCATE|[116]|Bytes:5
00:07:32.0 (22168160)|HEAP_ALLOCATE|[116]|Bytes:16
00:07:32.0 (22224756)|VARIABLE_SCOPE_BEGIN|[116]|record|Object|false|false
00:07:32.0 (22317575)|VARIABLE_ASSIGNMENT|[116]|record|{"s":1,"v":{"attributes":{"s":2,"v":{"type":"BFFFollow__c","url":"/services/data/v37.0 (41 more) ..."}},"FollowedUsers__c":"[{\"id\":\"00550000005c (85 more) ...","Id":"a005000000ezW4dAAE"}}
00:07:32.0 (22345385)|STATEMENT_EXECUTE|[116]
00:07:32.0 (22363905)|STATEMENT_EXECUTE|[117]
00:07:32.0 (22440777)|METHOD_ENTRY|[117]|01p50000002CIEt|ETLC_SecuredDB.findFieldsRecursive(Map<String,Set<String>>, Map<String,ANY>)
00:07:32.0 (22513601)|VARIABLE_SCOPE_BEGIN|[124]|mapFields|Map<String,Set<String>>|true|false
00:07:32.0 (22581281)|VARIABLE_ASSIGNMENT|[124]|mapFields|{"s":1,"v":{}}|0x69c866a8
00:07:32.0 (22614556)|VARIABLE_SCOPE_BEGIN|[124]|record|Map<String,ANY>|true|false
00:07:32.0 (22697097)|VARIABLE_ASSIGNMENT|[124]|record|{"s":1,"v":{"attributes":{"s":2,"v":{"type":"BFFFollow__c","url":"/services/data/v37.0 (41 more) ..."}},"FollowedUsers__c":"[{\"id\":\"00550000005c (85 more) ...","Id":"a005000000ezW4dAAE"}}|0x735fdcd8
00:07:32.0 (22736955)|HEAP_ALLOCATE|[125]|Bytes:5
00:07:32.0 (22766520)|STATEMENT_EXECUTE|[124]
00:07:32.0 (22785694)|STATEMENT_EXECUTE|[125]
00:07:32.0 (22831386)|HEAP_ALLOCATE|[125]|Bytes:10
00:07:32.0 (22878591)|VARIABLE_SCOPE_BEGIN|[125]|strAttributes|String|false|false
00:07:32.0 (22936745)|VARIABLE_ASSIGNMENT|[125]|strAttributes|"attributes"
00:07:32.0 (22962063)|STATEMENT_EXECUTE|[126]
00:07:32.0 (23009320)|HEAP_ALLOCATE|[126]|Bytes:7
00:07:32.0 (23052963)|VARIABLE_SCOPE_BEGIN|[126]|strRecord|String|false|false
00:07:32.0 (23110031)|VARIABLE_ASSIGNMENT|[126]|strRecord|"records"
00:07:32.0 (23255265)|STATEMENT_EXECUTE|[127]
00:07:32.0 (23274597)|STATEMENT_EXECUTE|[128]
00:07:32.0 (23419630)|VARIABLE_SCOPE_BEGIN|[128]|attributes|Map<String,ANY>|true|false
00:07:32.0 (23472448)|VARIABLE_ASSIGNMENT|[128]|attributes|{"s":1,"v":{"type":"BFFFollow__c","url":"/services/data/v37.0 (41 more) ..."}}|0x2af24fc6
00:07:32.0 (23492058)|STATEMENT_EXECUTE|[129]
00:07:32.0 (23537547)|HEAP_ALLOCATE|[129]|Bytes:4
00:07:32.0 (23689701)|VARIABLE_SCOPE_BEGIN|[129]|objectName|String|false|false
00:07:32.0 (23747012)|VARIABLE_ASSIGNMENT|[129]|objectName|"BFFFollow__c"
00:07:32.0 (23787661)|HEAP_ALLOCATE|[130]|Bytes:4
00:07:32.0 (24010422)|HEAP_ALLOCATE|[130]|Bytes:44
00:07:32.0 (24123367)|HEAP_ALLOCATE|[130]|Bytes:12
00:07:32.0 (24280148)|HEAP_ALLOCATE|[130]|Bytes:5
00:07:32.0 (24353946)|VARIABLE_SCOPE_BEGIN|[130]|fieldName|String|false|false
00:07:32.0 (24389921)|VARIABLE_ASSIGNMENT|[130]|fieldName|"attributes"
00:07:32.0 (24405210)|STATEMENT_EXECUTE|[130]
00:07:32.0 (24415713)|STATEMENT_EXECUTE|[131]
00:07:32.0 (24601441)|VARIABLE_SCOPE_BEGIN|[131]|field|Object|false|false
00:07:32.0 (24686603)|VARIABLE_ASSIGNMENT|[131]|field|{"s":1,"v":{"type":"BFFFollow__c","url":"/services/data/v37.0 (41 more) ..."}}
00:07:32.0 (24745314)|STATEMENT_EXECUTE|[132]
00:07:32.0 (24829418)|HEAP_ALLOCATE|[130]|Bytes:5
00:07:32.0 (24919201)|VARIABLE_SCOPE_BEGIN|[130]|fieldName|String|false|false
00:07:32.0 (24973621)|VARIABLE_ASSIGNMENT|[130]|fieldName|"FollowedUsers__c"
00:07:32.0 (24997879)|STATEMENT_EXECUTE|[130]
00:07:32.0 (25015688)|STATEMENT_EXECUTE|[131]
00:07:32.0 (25157577)|VARIABLE_SCOPE_BEGIN|[131]|field|Object|false|false
00:07:32.0 (25234191)|VARIABLE_ASSIGNMENT|[131]|field|"[{\"id\":\"00550000005c (85 more) ..."
00:07:32.0 (25277806)|HEAP_ALLOCATE|[134]|Bytes:68
00:07:32.0 (25319682)|STATEMENT_EXECUTE|[136]
00:07:32.0 (25332214)|STATEMENT_EXECUTE|[137]
00:07:32.0 (25369078)|HEAP_ALLOCATE|[137]|Bytes:4
00:07:32.0 (25483653)|VARIABLE_SCOPE_BEGIN|[137]|fieldNames|Set<String>|true|false
00:07:32.0 (25556876)|VARIABLE_ASSIGNMENT|[137]|fieldNames|{"s":1,"v":[]}|0x258116
00:07:32.0 (25701687)|STATEMENT_EXECUTE|[138]
00:07:32.0 (25747981)|STATEMENT_EXECUTE|[139]
00:07:32.0 (25852339)|HEAP_ALLOCATE|[EXTERNAL]|Bytes:4
00:07:32.0 (25909680)|STATEMENT_EXECUTE|[140]
00:07:32.0 (26060294)|HEAP_ALLOCATE|[EXTERNAL]|Bytes:-4
00:07:32.0 (26149332)|HEAP_ALLOCATE|[130]|Bytes:5
00:07:32.0 (26228797)|VARIABLE_SCOPE_BEGIN|[130]|fieldName|String|false|false
00:07:32.0 (26291325)|VARIABLE_ASSIGNMENT|[130]|fieldName|"Id"
00:07:32.0 (26307817)|STATEMENT_EXECUTE|[130]
00:07:32.0 (26317855)|STATEMENT_EXECUTE|[131]
00:07:32.0 (26416022)|VARIABLE_SCOPE_BEGIN|[131]|field|Object|false|false
00:07:32.0 (26466171)|VARIABLE_ASSIGNMENT|[131]|field|"a005000000ezW4dAAE"
00:07:32.0 (26517981)|STATEMENT_EXECUTE|[136]
00:07:32.0 (26539536)|STATEMENT_EXECUTE|[137]
00:07:32.0 (26588550)|HEAP_ALLOCATE|[137]|Bytes:4
00:07:32.0 (26679700)|VARIABLE_SCOPE_BEGIN|[137]|fieldNames|Set<String>|true|false
00:07:32.0 (26745714)|VARIABLE_ASSIGNMENT|[137]|fieldNames|{"s":1,"v":[]}|0x5f311212
00:07:32.0 (26800330)|STATEMENT_EXECUTE|[138]
00:07:32.0 (26928919)|VARIABLE_ASSIGNMENT|[138]|fieldNames|{"s":1,"v":["FollowedUsers__c"]}|0x258116
00:07:32.0 (26953230)|STATEMENT_EXECUTE|[139]
00:07:32.0 (27025148)|HEAP_ALLOCATE|[EXTERNAL]|Bytes:4
00:07:32.0 (27068763)|STATEMENT_EXECUTE|[140]
00:07:32.0 (27196507)|HEAP_ALLOCATE|[130]|Bytes:5
00:07:32.0 (27251961)|VARIABLE_ASSIGNMENT|[130]|fieldName|null
00:07:32.0 (27288762)|METHOD_EXIT|[117]|01p50000002CIEt|ETLC_SecuredDB.findFieldsRecursive(Map<String,Set<String>>, Map<String,ANY>)
00:07:32.0 (27351327)|HEAP_ALLOCATE|[116]|Bytes:5
00:07:32.0 (27424910)|VARIABLE_ASSIGNMENT|[116]|record|null
00:07:32.0 (27447711)|HEAP_ALLOCATE|[119]|Bytes:4
00:07:32.0 (27590262)|HEAP_ALLOCATE|[119]|Bytes:20
00:07:32.0 (27674441)|HEAP_ALLOCATE|[119]|Bytes:4
00:07:32.0 (27775051)|HEAP_ALLOCATE|[119]|Bytes:5
00:07:32.0 (27839140)|VARIABLE_SCOPE_BEGIN|[119]|objectName|String|false|false
00:07:32.0 (27879193)|VARIABLE_ASSIGNMENT|[119]|objectName|"BFFFollow__c"
00:07:32.0 (27895158)|STATEMENT_EXECUTE|[119]
00:07:32.0 (27905355)|STATEMENT_EXECUTE|[120]
00:07:32.0 (27934373)|HEAP_ALLOCATE|[120]|Bytes:2
00:07:32.0 (28075129)|HEAP_ALLOCATE|[120]|Bytes:22
00:07:32.0 (28122167)|HEAP_ALLOCATE|[120]|Bytes:36
00:07:32.0 (28166631)|USER_DEBUG|[120]|DEBUG|BFFFollow__c: {FollowedUsers__c, Id}
00:07:32.0 (28215226)|HEAP_ALLOCATE|[119]|Bytes:5
00:07:32.0 (28266434)|VARIABLE_ASSIGNMENT|[119]|objectName|null
00:07:32.0 (28282445)|STATEMENT_EXECUTE|[122]
00:07:32.0 (28328408)|METHOD_EXIT|[20]|01p50000002CIEt|ETLC_SecuredDB.findFields(List<SObject>)
00:07:32.0 (28367843)|METHOD_ENTRY|[20]|01p50000002CIEt|ETLC_SecuredDB.validate(ETLC_SecuredDB.Operation, Map<String,Set<String>>)
00:07:32.0 (28394087)|VARIABLE_SCOPE_BEGIN|[55]|op|ETLC_SecuredDB.Operation|true|false
00:07:32.0 (28433786)|VARIABLE_ASSIGNMENT|[55]|op|"Querying"|0x5205bc30
00:07:32.0 (28453065)|VARIABLE_SCOPE_BEGIN|[55]|mapFieldNames|Map<String,Set<String>>|true|false
00:07:32.0 (28509559)|VARIABLE_ASSIGNMENT|[55]|mapFieldNames|{"s":1,"v":{"BFFFollow__c":{"s":2,"v":["FollowedUsers__c","Id"]}}}|0x69c866a8
00:07:32.0 (28547829)|HEAP_ALLOCATE|[56]|Bytes:5
00:07:32.0 (28578750)|STATEMENT_EXECUTE|[55]
00:07:32.0 (28598441)|STATEMENT_EXECUTE|[56]
00:07:32.0 (28652399)|VARIABLE_SCOPE_BEGIN|[56]|securityMessage|String|false|false
00:07:32.0 (28705440)|VARIABLE_ASSIGNMENT|[56]|securityMessage|null
00:07:32.0 (28724554)|STATEMENT_EXECUTE|[57]
00:07:32.0 (40703526)|HEAP_ALLOCATE|[57]|Bytes:1256
00:07:32.0 (40780848)|VARIABLE_SCOPE_BEGIN|[57]|mapObjects|Map<String,Schema.SObjectType>|true|false
00:07:32.0 (41018081)|VARIABLE_ASSIGNMENT|[57]|mapObjects|"{acceptedeventrelation=AcceptedEventRelation, account=Account, accountcontactrole=AccountContactRole, accounthistory=AccountHistory, accountpartner=AccountPartner, accountshare=AccountShare, actionlinkgrouptemplate=ActionLinkGroupTemplate, actionlinktemplate=ActionLinkTemplate, activityhistory=ActivityHistory, additionalnumber=AdditionalNumber, ...}"|0x6ab155c9
00:07:32.0 (41050956)|HEAP_ALLOCATE|[58]|Bytes:4
00:07:32.0 (41191856)|HEAP_ALLOCATE|[58]|Bytes:20
00:07:32.0 (41252706)|HEAP_ALLOCATE|[58]|Bytes:4
00:07:32.0 (41346980)|HEAP_ALLOCATE|[58]|Bytes:5
00:07:32.0 (41403335)|VARIABLE_SCOPE_BEGIN|[58]|sObjectName|String|false|false
00:07:32.0 (41439918)|VARIABLE_ASSIGNMENT|[58]|sObjectName|"BFFFollow__c"
00:07:32.0 (41456185)|STATEMENT_EXECUTE|[58]
00:07:32.0 (41466807)|STATEMENT_EXECUTE|[59]
00:07:32.0 (41500366)|HEAP_ALLOCATE|[59]|Bytes:9
00:07:32.0 (41518373)|HEAP_ALLOCATE|[59]|Bytes:7
00:07:32.0 (41624007)|HEAP_ALLOCATE|[59]|Bytes:8
00:07:32.0 (41663954)|HEAP_ALLOCATE|[59]|Bytes:1
00:07:32.0 (41695115)|HEAP_ALLOCATE|[59]|Bytes:37
00:07:32.0 (41743794)|VARIABLE_ASSIGNMENT|[59]|securityMessage|"CRUD on [BFFFollow__ (17 more) ..."
00:07:32.0 (41760060)|STATEMENT_EXECUTE|[60]
00:07:32.0 (41788669)|HEAP_ALLOCATE|[60]|Bytes:10
00:07:32.0 (41813787)|HEAP_ALLOCATE|[60]|Bytes:47
00:07:32.0 (41889643)|USER_DEBUG|[60]|DEBUG|Checking: CRUD on [BFFFollow__c] for [Querying]
00:07:32.0 (41919287)|STATEMENT_EXECUTE|[61]
00:07:32.0 (42283626)|HEAP_ALLOCATE|[61]|Bytes:4
00:07:32.0 (42440016)|VARIABLE_SCOPE_BEGIN|[61]|drSObj|Schema.DescribeSObjectResult|true|false
00:07:32.0 (42546766)|VARIABLE_ASSIGNMENT|[61]|drSObj|"common.api.soap.wsdl.DescribeSObjectResult@a54f9caa"|0x11467fee
00:07:32.0 (42782867)|STATEMENT_EXECUTE|[64]
00:07:32.0 (42825004)|STATEMENT_EXECUTE|[65]
00:07:32.0 (42947447)|STATEMENT_EXECUTE|[77]
00:07:32.0 (42961561)|STATEMENT_EXECUTE|[79]
00:07:32.0 (43578133)|HEAP_ALLOCATE|[79]|Bytes:56
00:07:32.0 (43620820)|VARIABLE_SCOPE_BEGIN|[79]|mapFields|Map<String,Schema.SObjectField>|true|false
00:07:32.0 (43832392)|VARIABLE_ASSIGNMENT|[79]|mapFields|"{createdbyid=CreatedById, createddate=CreatedDate, followedby__c=FollowedBy__c, followedusers__c=FollowedUsers__c, id=Id, isdeleted=IsDeleted, lastmodifiedbyid=LastModifiedById, lastmodifieddate=LastModifiedDate, lastreferenceddate=LastReferencedDate, lastvieweddate=LastViewedDate, ...}"|0x6e5db5ca
00:07:32.0 (43860156)|HEAP_ALLOCATE|[80]|Bytes:4
00:07:32.0 (43993514)|HEAP_ALLOCATE|[80]|Bytes:8
00:07:32.0 (44078918)|HEAP_ALLOCATE|[80]|Bytes:5
00:07:32.0 (44132232)|VARIABLE_SCOPE_BEGIN|[80]|fieldName|String|false|false
00:07:32.0 (44167527)|VARIABLE_ASSIGNMENT|[80]|fieldName|"FollowedUsers__c"
00:07:32.0 (44182656)|STATEMENT_EXECUTE|[80]
00:07:32.0 (44192827)|STATEMENT_EXECUTE|[81]
00:07:32.0 (44614690)|HEAP_ALLOCATE|[81]|Bytes:8
00:07:32.0 (44679529)|VARIABLE_SCOPE_BEGIN|[81]|drField|Schema.DescribeFieldResult|true|false
00:07:32.0 (44784705)|VARIABLE_ASSIGNMENT|[81]|drField|"common.api.soap.wsdl.Field@9793cb82"|0x6b180eb0
00:07:32.0 (44825987)|STATEMENT_EXECUTE|[82]
00:07:32.0 (44838514)|STATEMENT_EXECUTE|[83]
00:07:32.0 (44866872)|HEAP_ALLOCATE|[83]|Bytes:8
00:07:32.0 (44885078)|HEAP_ALLOCATE|[83]|Bytes:1
00:07:32.0 (44972952)|HEAP_ALLOCATE|[83]|Bytes:8
00:07:32.0 (45024162)|HEAP_ALLOCATE|[83]|Bytes:52
00:07:32.0 (45049837)|HEAP_ALLOCATE|[83]|Bytes:53
00:07:32.0 (45089114)|VARIABLE_ASSIGNMENT|[83]|securityMessage|"FLS on [BFFFollow__c (33 more) ..."
00:07:32.0 (45104444)|STATEMENT_EXECUTE|[84]
00:07:32.0 (45138975)|HEAP_ALLOCATE|[84]|Bytes:63
00:07:32.0 (45207057)|USER_DEBUG|[84]|DEBUG|Checking: FLS on [BFFFollow__c.FollowedUsers__c] for [Querying]
00:07:32.0 (45403880)|STATEMENT_EXECUTE|[87]
00:07:32.0 (45436975)|STATEMENT_EXECUTE|[88]
00:07:32.0 (45490893)|HEAP_ALLOCATE|[80]|Bytes:5
00:07:32.0 (45540076)|VARIABLE_SCOPE_BEGIN|[80]|fieldName|String|false|false
00:07:32.0 (45574370)|VARIABLE_ASSIGNMENT|[80]|fieldName|"Id"
00:07:32.0 (45589192)|STATEMENT_EXECUTE|[80]
00:07:32.0 (45599394)|STATEMENT_EXECUTE|[81]
00:07:32.0 (45825050)|HEAP_ALLOCATE|[81]|Bytes:8
00:07:32.0 (45865531)|VARIABLE_SCOPE_BEGIN|[81]|drField|Schema.DescribeFieldResult|true|false
00:07:32.0 (45957392)|VARIABLE_ASSIGNMENT|[81]|drField|"common.api.soap.wsdl.Field@2a54e421"|0x24a8bc51
00:07:32.0 (45987084)|STATEMENT_EXECUTE|[99]
00:07:32.0 (45998787)|STATEMENT_EXECUTE|[100]
00:07:32.0 (46026659)|HEAP_ALLOCATE|[100]|Bytes:22
00:07:32.0 (46117282)|HEAP_ALLOCATE|[100]|Bytes:8
00:07:32.0 (46162924)|HEAP_ALLOCATE|[100]|Bytes:52
00:07:32.0 (46183634)|HEAP_ALLOCATE|[100]|Bytes:35
00:07:32.0 (46203308)|HEAP_ALLOCATE|[100]|Bytes:87
00:07:32.0 (46244979)|USER_DEBUG|[100]|DEBUG|Bypass Check: FLS on [BFFFollow__c.Id] for [Querying] since it's not isPermissionable()
00:07:32.0 (46294878)|HEAP_ALLOCATE|[80]|Bytes:5
00:07:32.0 (46348502)|VARIABLE_ASSIGNMENT|[80]|fieldName|null
00:07:32.0 (46387903)|HEAP_ALLOCATE|[58]|Bytes:5
00:07:32.0 (46438303)|VARIABLE_ASSIGNMENT|[58]|sObjectName|null
00:07:32.0 (46478311)|METHOD_EXIT|[20]|01p50000002CIEt|ETLC_SecuredDB.validate(ETLC_SecuredDB.Operation, Map<String,Set<String>>)
00:07:32.0 (46496230)|STATEMENT_EXECUTE|[21]
00:07:32.0 (46541513)|METHOD_EXIT|[24]|01p50000002CIEt|ETLC_SecuredDB.query(String)
00:07:32.0 (46568290)|VARIABLE_SCOPE_BEGIN|[24]|dbRecords|List<SObject>|true|false
00:07:32.0 (46628880)|VARIABLE_ASSIGNMENT|[24]|dbRecords|{"s":1,"v":[{"s":2,"v":{"FollowedUsers__c":"[{\"id\":\"00550000005c (85 more) ...","Id":"a005000000ezW4dAAE"}}]}|0x11ff405
00:07:32.0 (46650493)|STATEMENT_EXECUTE|[25]
00:07:32.0 (46661179)|STATEMENT_EXECUTE|[25]
00:07:32.0 (46786704)|USER_DEBUG|[25]|DEBUG|(BFFFollow__c:{FollowedUsers__c=[{"id":"00550000005cg71AAA","name":"Jaswinder Rattanpal"},{"id":"00550000005d7KnAAI","name":"Test User"}], Id=a005000000ezW4dAAE})
00:07:32.0 (46929614)|STATEMENT_EXECUTE|[26]
00:07:32.0 (46946522)|STATEMENT_EXECUTE|[27]
00:07:32.0 (46956663)|STATEMENT_EXECUTE|[28]
00:07:32.0 (46983596)|HEAP_ALLOCATE|[28]|Bytes:18
00:07:32.0 (47013929)|HEAP_ALLOCATE|[28]|Bytes:12
00:07:32.0 (47036704)|HEAP_ALLOCATE|[28]|Bytes:16
00:07:32.0 (47159845)|HEAP_ALLOCATE|[28]|Bytes:105
00:07:32.0 (47223319)|HEAP_ALLOCATE|[28]|Bytes:105
00:07:32.0 (47263406)|HEAP_ALLOCATE|[28]|Bytes:123
00:07:32.0 (47306035)|USER_DEBUG|[28]|DEBUG|FollowedUsers__c::[{"id":"00550000005cg71AAA","name":"Jaswinder Rattanpal"},{"id":"00550000005d7KnAAI","name":"Test User"}]
00:07:32.0 (47334426)|STATEMENT_EXECUTE|[30]
00:07:32.0 (47371883)|HEAP_ALLOCATE|[30]|Bytes:12
00:07:32.0 (47482136)|HEAP_ALLOCATE|[30]|Bytes:105
00:07:32.0 (47539860)|METHOD_EXIT|[10]|01p50000002D8iw|BFFFollow_Controller.fetchFollowedUsers(Id)
00:07:32.0 (47665038)|VARIABLE_ASSIGNMENT|[EXTERNAL]|this|{"debug":true,"input":"{\"mode\":\"fetchFollow (9 more) ...","operation":"BFFFollow_Controller"}|0x3c1a49f0
00:07:32.0 (47705305)|VARIABLE_ASSIGNMENT|[EXTERNAL]|value|"[{\"id\":\"00550000005c (85 more) ..."
00:07:32.0 (47755344)|VARIABLE_ASSIGNMENT|[12]|this.output|"[{\"id\":\"00550000005c (85 more) ..."|0x3c1a49f0
00:07:32.0 (47788114)|STATEMENT_EXECUTE|[11]
00:07:32.0 (47922428)|VARIABLE_ASSIGNMENT|[EXTERNAL]|this|{"debug":true,"input":"{\"mode\":\"fetchFollow (9 more) ...","operation":"BFFFollow_Controller","output":"[{\"id\":\"00550000005c (85 more) ..."}|0x3c1a49f0
00:07:32.0 (48045991)|VARIABLE_ASSIGNMENT|[EXTERNAL]|this|{"debug":true,"input":"{\"mode\":\"fetchFollow (9 more) ...","operation":"BFFFollow_Controller","output":"[{\"id\":\"00550000005c (85 more) ..."}|0x3c1a49f0
00:07:32.0 (48084619)|VARIABLE_ASSIGNMENT|[EXTERNAL]|value|true
00:07:32.0 (48103520)|HEAP_ALLOCATE|[15]|Bytes:5
00:07:32.0 (48139568)|VARIABLE_ASSIGNMENT|[15]|this.outputFlag|true|0x3c1a49f0
00:07:32.0 (48173706)|STATEMENT_EXECUTE|[12]
00:07:32.0 (48185466)|STATEMENT_EXECUTE|[12]
00:07:32.0 (48289879)|USER_DEBUG|[12]|DEBUG|ETLC_ApexBridge_Data:[debug=true, input={"mode":"fetchFollowedUsers"}, isSuccess=null, messages=null, operation=BFFFollow_Controller, output=[{"id":"00550000005cg71AAA","name":"Jaswinder Rattanpal"},{"id":"00550000005d7KnAAI","name":"Test User"}], outputFlag=true, records=null]
00:07:32.0 (48340944)|METHOD_EXIT|[9]|01p50000002D8iw|BFFFollow_Controller.process(ETLC_ApexBridge_Data)
00:07:32.0 (48359824)|STATEMENT_EXECUTE|[24]
00:07:32.0 (48410274)|METHOD_ENTRY|[24]|01p50000002CIEo|ETLC_ApexBridge_Data.toJSON()
00:07:32.0 (48455486)|VARIABLE_SCOPE_BEGIN|[57]|this|ETLC_ApexBridge_Data|true|false
00:07:32.0 (48526626)|VARIABLE_ASSIGNMENT|[57]|this|{"debug":true,"input":"{\"mode\":\"fetchFollow (9 more) ...","operation":"BFFFollow_Controller","output":"[{\"id\":\"00550000005c (85 more) ...","outputFlag":true}|0x3c1a49f0
00:07:32.0 (48546964)|STATEMENT_EXECUTE|[57]
00:07:32.0 (48557588)|STATEMENT_EXECUTE|[58]
00:07:32.0 (48604729)|METHOD_ENTRY|[58]||System.JSON.serialize(Object)
00:07:32.0 (48806858)|STATEMENT_EXECUTE|[22]
00:07:32.0 (48822582)|STATEMENT_EXECUTE|[23]
00:07:32.0 (48853093)|HEAP_ALLOCATE|[23]|Bytes:5
00:07:32.0 (48891523)|VARIABLE_ASSIGNMENT|[23]|this.isSuccess|true|0x3c1a49f0
00:07:32.0 (48906181)|STATEMENT_EXECUTE|[24]
00:07:32.0 (48992386)|STATEMENT_EXECUTE|[31]
00:07:32.0 (49007325)|STATEMENT_EXECUTE|[32]
00:07:32.0 (49139566)|HEAP_ALLOCATE|[32]|Bytes:4
00:07:32.0 (49237428)|VARIABLE_ASSIGNMENT|[32]|this.messages|{"s":1,"v":{}}|0x3c1a49f0
00:07:32.0 (49254327)|STATEMENT_EXECUTE|[33]
00:07:32.0 (49740314)|METHOD_EXIT|[58]||System.JSON.serialize(Object)
00:07:32.0 (49770271)|METHOD_EXIT|[24]|01p50000002CIEo|ETLC_ApexBridge_Data.toJSON()
00:07:32.0 (49792887)|SYSTEM_MODE_EXIT|false
00:07:32.49 (49837761)|CUMULATIVE_LIMIT_USAGE
00:07:32.49 (49837761)|LIMIT_USAGE_FOR_NS|(default)|
  Number of SOQL queries: 1 out of 100
  Number of query rows: 1 out of 50000
  Number of SOSL queries: 0 out of 20
  Number of DML statements: 0 out of 150
  Number of DML rows: 0 out of 10000
  Maximum CPU time: 0 out of 10000
  Maximum heap size: 0 out of 6000000
  Number of callouts: 0 out of 100
  Number of Email Invocations: 0 out of 10
  Number of future calls: 0 out of 50
  Number of queueable jobs added to the queue: 0 out of 50
  Number of Mobile Apex push calls: 0 out of 10

00:07:32.49 (49837761)|CUMULATIVE_LIMIT_USAGE_END

00:07:32.0 (49906886)|CODE_UNIT_FINISHED|ETLC_ApexBridge_Controller.execute
