37.0 APEX_CODE,FINEST;APEX_PROFILING,INFO;CALLOUT,INFO;DB,INFO;SYSTEM,DEBUG;VALIDATION,INFO;VISUALFORCE,INFO;WORKFLOW,INFO
20:24:30.0 (86954)|USER_INFO|[EXTERNAL]|00550000005cg71|bfffollow@jr.te|Eastern Standard Time|GMT-04:00
20:24:30.0 (127560)|EXECUTION_STARTED
20:24:30.0 (132578)|CODE_UNIT_STARTED|[EXTERNAL]|aura
20:24:30.0 (474193)|HEAP_ALLOCATE|[72]|Bytes:3
20:24:30.0 (544864)|HEAP_ALLOCATE|[77]|Bytes:152
20:24:30.0 (560474)|HEAP_ALLOCATE|[342]|Bytes:408
20:24:30.0 (576102)|HEAP_ALLOCATE|[355]|Bytes:408
20:24:30.0 (590927)|HEAP_ALLOCATE|[467]|Bytes:48
20:24:30.0 (618767)|HEAP_ALLOCATE|[139]|Bytes:6
20:24:30.0 (641941)|HEAP_ALLOCATE|[EXTERNAL]|Bytes:4
20:24:30.0 (675447)|HEAP_ALLOCATE|[EXTERNAL]|Bytes:4
20:24:30.0 (756331)|HEAP_ALLOCATE|[EXTERNAL]|Bytes:4
20:24:30.0 (766936)|HEAP_ALLOCATE|[EXTERNAL]|Bytes:4
20:24:30.0 (1745076)|CODE_UNIT_STARTED|[EXTERNAL]|01p50000002D2uA|LookupSObjectController.lookup
20:24:30.0 (1876036)|HEAP_ALLOCATE|[EXTERNAL]|Bytes:6
20:24:30.0 (1882495)|HEAP_ALLOCATE|[EXTERNAL]|Bytes:2
20:24:30.0 (1895805)|METHOD_ENTRY|[11]|01p50000002D2uA|LookupSObjectController.LookupSObjectController()
20:24:30.0 (1899880)|STATEMENT_EXECUTE|[11]
20:24:30.0 (1905785)|STATEMENT_EXECUTE|[11]
20:24:30.0 (1946408)|HEAP_ALLOCATE|[50]|Bytes:5
20:24:30.0 (1975083)|HEAP_ALLOCATE|[56]|Bytes:5
20:24:30.0 (1986239)|HEAP_ALLOCATE|[64]|Bytes:7
20:24:30.0 (2008941)|SYSTEM_MODE_ENTER|false
20:24:30.0 (2180969)|HEAP_ALLOCATE|[EXTERNAL]|Bytes:5
20:24:30.0 (2186527)|STATEMENT_EXECUTE|[43]
20:24:30.0 (2193654)|SYSTEM_MODE_EXIT|false
20:24:30.0 (2220388)|METHOD_EXIT|[11]|LookupSObjectController
20:24:30.0 (2226722)|HEAP_ALLOCATE|[EXTERNAL]|Bytes:4
20:24:30.0 (2228764)|HEAP_ALLOCATE|[EXTERNAL]|Bytes:4
20:24:30.0 (2235031)|SYSTEM_MODE_ENTER|false
20:24:30.0 (2241668)|VARIABLE_SCOPE_BEGIN|[17]|searchString|String|false|false
20:24:30.0 (2349742)|VARIABLE_ASSIGNMENT|[17]|searchString|"Test"
20:24:30.0 (2353882)|VARIABLE_SCOPE_BEGIN|[17]|sObjectAPIName|String|false|false
20:24:30.0 (2357585)|VARIABLE_ASSIGNMENT|[17]|sObjectAPIName|"User"
20:24:30.0 (2376203)|HEAP_ALLOCATE|[20]|Bytes:5
20:24:30.0 (2380659)|STATEMENT_EXECUTE|[18]
20:24:30.0 (2382121)|STATEMENT_EXECUTE|[20]
20:24:30.0 (2440959)|HEAP_ALLOCATE|[20]|Bytes:4
20:24:30.0 (2455405)|VARIABLE_SCOPE_BEGIN|[20]|sanitizedSearchString|String|false|false
20:24:30.0 (2463963)|VARIABLE_ASSIGNMENT|[20]|sanitizedSearchString|"Test"
20:24:30.0 (2466729)|STATEMENT_EXECUTE|[21]
20:24:30.0 (2493721)|HEAP_ALLOCATE|[21]|Bytes:4
20:24:30.0 (2504842)|VARIABLE_SCOPE_BEGIN|[21]|sanitizedSObjectAPIName|String|false|false
20:24:30.0 (2512193)|VARIABLE_ASSIGNMENT|[21]|sanitizedSObjectAPIName|"User"
20:24:30.0 (2514888)|STATEMENT_EXECUTE|[23]
20:24:30.0 (2572157)|HEAP_ALLOCATE|[23]|Bytes:4
20:24:30.0 (2656620)|VARIABLE_SCOPE_BEGIN|[23]|results|List<LookupSObjectController.Result>|true|false
20:24:30.0 (2674624)|HEAP_ALLOCATE|[EXTERNAL]|Bytes:4
20:24:30.0 (2700579)|VARIABLE_ASSIGNMENT|[23]|results|{"s":1,"v":[]}|0x40035f54
20:24:30.0 (2703924)|STATEMENT_EXECUTE|[26]
20:24:30.0 (2713098)|HEAP_ALLOCATE|[26]|Bytes:6
20:24:30.0 (2718165)|HEAP_ALLOCATE|[26]|Bytes:27
20:24:30.0 (2721186)|HEAP_ALLOCATE|[26]|Bytes:18
20:24:30.0 (2734134)|HEAP_ALLOCATE|[26]|Bytes:59
20:24:30.0 (2738936)|VARIABLE_SCOPE_BEGIN|[26]|searchQuery|String|false|false
20:24:30.0 (2748938)|VARIABLE_ASSIGNMENT|[26]|searchQuery|"FIND 'Test*' IN ALL  (39 more) ..."
20:24:30.0 (2751485)|STATEMENT_EXECUTE|[29]
20:24:30.0 (4108133)|SOSL_EXECUTE_BEGIN|[29]|FIND 'Test*' IN ALL FIELDS RETURNING User(id,name) Limit 50
20:24:30.0 (37437376)|HEAP_ALLOCATE|[29]|Bytes:4
20:24:30.0 (37450352)|HEAP_ALLOCATE|[29]|Bytes:4
20:24:30.0 (37459648)|HEAP_ALLOCATE|[29]|Bytes:8
20:24:30.0 (37471626)|SOSL_EXECUTE_END|[29]|Rows:1
20:24:30.0 (37539236)|HEAP_ALLOCATE|[29]|Bytes:8
20:24:30.0 (37570022)|VARIABLE_SCOPE_BEGIN|[29]|searchList|List<List<SObject>>|true|false
20:24:30.0 (37631688)|VARIABLE_ASSIGNMENT|[29]|searchList|{"s":1,"v":[{"s":2,"v":[{"s":3,"v":{"Id":"00550000005d7KnAAI","Name":"Test User"}}]}]}|0x3f23a52
20:24:30.0 (37736359)|HEAP_ALLOCATE|[32]|Bytes:8
20:24:30.0 (38084053)|HEAP_ALLOCATE|[32]|Bytes:5
20:24:30.0 (38129101)|HEAP_ALLOCATE|[32]|Bytes:12
20:24:30.0 (38142155)|VARIABLE_SCOPE_BEGIN|[32]|so|SObject|true|false
20:24:30.0 (38161458)|VARIABLE_ASSIGNMENT|[32]|so|{"s":1,"v":{"Id":"00550000005d7KnAAI","Name":"Test User"}}|0x5734c75c
20:24:30.0 (38167276)|STATEMENT_EXECUTE|[33]
20:24:30.0 (38169415)|STATEMENT_EXECUTE|[34]
20:24:30.0 (38201261)|HEAP_ALLOCATE|[34]|Bytes:116
20:24:30.0 (38208951)|HEAP_ALLOCATE|[34]|Bytes:8
20:24:30.0 (38218695)|HEAP_ALLOCATE|[34]|Bytes:12
20:24:30.0 (38223160)|HEAP_ALLOCATE|[34]|Bytes:4
20:24:30.0 (38322003)|HEAP_ALLOCATE|[34]|Bytes:9
20:24:30.0 (38377046)|CONSTRUCTOR_ENTRY|[34]|01p50000002D2uA|<init>(String,Id)
20:24:30.0 (38387397)|VARIABLE_SCOPE_BEGIN|[48]|this|LookupSObjectController.Result|true|false
20:24:30.0 (38427184)|VARIABLE_ASSIGNMENT|[48]|this|{}|0x3f517d1d
20:24:30.0 (38430964)|VARIABLE_SCOPE_BEGIN|[48]|sObjectLabel|String|false|false
20:24:30.0 (38436074)|VARIABLE_ASSIGNMENT|[48]|sObjectLabel|"Test User"
20:24:30.0 (38438262)|VARIABLE_SCOPE_BEGIN|[48]|sObjectId|Id|false|false
20:24:30.0 (38535355)|VARIABLE_ASSIGNMENT|[48]|sObjectId|"00550000005d7KnAAI"
20:24:30.0 (38542686)|STATEMENT_EXECUTE|[43]
20:24:30.0 (38544300)|STATEMENT_EXECUTE|[45]
20:24:30.0 (38549929)|STATEMENT_EXECUTE|[46]
20:24:30.0 (38561456)|HEAP_ALLOCATE|[50]|Bytes:6
20:24:30.0 (38599127)|STATEMENT_EXECUTE|[49]
20:24:30.0 (38601130)|STATEMENT_EXECUTE|[50]
20:24:30.0 (38653249)|VARIABLE_ASSIGNMENT|[EXTERNAL]|this|{}|0x3f517d1d
20:24:30.0 (38660620)|VARIABLE_ASSIGNMENT|[EXTERNAL]|value|"Test User"
20:24:30.0 (38675780)|VARIABLE_ASSIGNMENT|[45]|this.SObjectLabel|"Test User"|0x3f517d1d
20:24:30.0 (38688915)|STATEMENT_EXECUTE|[51]
20:24:30.0 (38726695)|VARIABLE_ASSIGNMENT|[EXTERNAL]|this|{"SObjectLabel":"Test User"}|0x3f517d1d
20:24:30.0 (38784257)|VARIABLE_ASSIGNMENT|[EXTERNAL]|value|"00550000005d7KnAAI"
20:24:30.0 (38856115)|VARIABLE_ASSIGNMENT|[46]|this.SObjectId|"00550000005d7KnAAI"|0x3f517d1d
20:24:30.0 (38874557)|CONSTRUCTOR_EXIT|[34]|01p50000002D2uA|<init>(String,Id)
20:24:30.0 (38893124)|HEAP_ALLOCATE|[EXTERNAL]|Bytes:4
20:24:30.0 (38915816)|HEAP_ALLOCATE|[32]|Bytes:5
20:24:30.0 (38929431)|VARIABLE_ASSIGNMENT|[32]|so|null|
20:24:30.0 (38932793)|STATEMENT_EXECUTE|[37]
20:24:30.0 (38955695)|SYSTEM_MODE_EXIT|false
20:24:30.39 (39012620)|CUMULATIVE_LIMIT_USAGE
20:24:30.39 (39012620)|LIMIT_USAGE_FOR_NS|(default)|
  Number of SOQL queries: 0 out of 100
  Number of query rows: 0 out of 50000
  Number of SOSL queries: 1 out of 20
  Number of DML statements: 0 out of 150
  Number of DML rows: 0 out of 10000
  Maximum CPU time: 0 out of 10000
  Maximum heap size: 0 out of 6000000
  Number of callouts: 0 out of 100
  Number of Email Invocations: 0 out of 10
  Number of future calls: 0 out of 50
  Number of queueable jobs added to the queue: 0 out of 50
  Number of Mobile Apex push calls: 0 out of 10

20:24:30.39 (39012620)|CUMULATIVE_LIMIT_USAGE_END

20:24:30.0 (39063281)|CODE_UNIT_FINISHED|LookupSObjectController.lookup
20:24:30.0 (40453300)|CODE_UNIT_STARTED|[EXTERNAL]|Aura
20:24:30.0 (40491197)|CODE_UNIT_FINISHED|Aura
