37.0 APEX_CODE,FINEST;APEX_PROFILING,INFO;CALLOUT,INFO;DB,INFO;SYSTEM,DEBUG;VALIDATION,INFO;VISUALFORCE,INFO;WORKFLOW,INFO
23:41:30.0 (82238)|USER_INFO|[EXTERNAL]|00550000005cg71|bfffollow@jr.te|Eastern Standard Time|GMT-04:00
23:41:30.0 (121266)|EXECUTION_STARTED
23:41:30.0 (126192)|CODE_UNIT_STARTED|[EXTERNAL]|aura
23:41:30.0 (473014)|HEAP_ALLOCATE|[72]|Bytes:3
23:41:30.0 (512691)|HEAP_ALLOCATE|[77]|Bytes:152
23:41:30.0 (526714)|HEAP_ALLOCATE|[342]|Bytes:408
23:41:30.0 (541201)|HEAP_ALLOCATE|[355]|Bytes:408
23:41:30.0 (555267)|HEAP_ALLOCATE|[467]|Bytes:48
23:41:30.0 (583661)|HEAP_ALLOCATE|[139]|Bytes:6
23:41:30.0 (609951)|HEAP_ALLOCATE|[EXTERNAL]|Bytes:2
23:41:30.0 (625580)|HEAP_ALLOCATE|[EXTERNAL]|Bytes:2
23:41:30.0 (707598)|HEAP_ALLOCATE|[EXTERNAL]|Bytes:4
23:41:30.0 (717155)|HEAP_ALLOCATE|[EXTERNAL]|Bytes:4
23:41:30.0 (1880827)|CODE_UNIT_STARTED|[EXTERNAL]|01p50000002D2uA|LookupSObjectController.lookup
23:41:30.0 (2015165)|HEAP_ALLOCATE|[EXTERNAL]|Bytes:6
23:41:30.0 (2021587)|HEAP_ALLOCATE|[EXTERNAL]|Bytes:2
23:41:30.0 (2036979)|METHOD_ENTRY|[11]|01p50000002D2uA|LookupSObjectController.LookupSObjectController()
23:41:30.0 (2041702)|STATEMENT_EXECUTE|[11]
23:41:30.0 (2045930)|STATEMENT_EXECUTE|[11]
23:41:30.0 (2084215)|HEAP_ALLOCATE|[50]|Bytes:5
23:41:30.0 (2109164)|HEAP_ALLOCATE|[56]|Bytes:5
23:41:30.0 (2118457)|HEAP_ALLOCATE|[64]|Bytes:7
23:41:30.0 (2141314)|SYSTEM_MODE_ENTER|false
23:41:30.0 (2160316)|HEAP_ALLOCATE|[EXTERNAL]|Bytes:5
23:41:30.0 (2165084)|STATEMENT_EXECUTE|[43]
23:41:30.0 (2172356)|SYSTEM_MODE_EXIT|false
23:41:30.0 (2183372)|METHOD_EXIT|[11]|LookupSObjectController
23:41:30.0 (2188161)|HEAP_ALLOCATE|[EXTERNAL]|Bytes:2
23:41:30.0 (2189960)|HEAP_ALLOCATE|[EXTERNAL]|Bytes:4
23:41:30.0 (2198086)|SYSTEM_MODE_ENTER|false
23:41:30.0 (2207236)|VARIABLE_SCOPE_BEGIN|[17]|searchString|String|false|false
23:41:30.0 (2238598)|VARIABLE_ASSIGNMENT|[17]|searchString|"Te"
23:41:30.0 (2242199)|VARIABLE_SCOPE_BEGIN|[17]|sObjectAPIName|String|false|false
23:41:30.0 (2246491)|VARIABLE_ASSIGNMENT|[17]|sObjectAPIName|"User"
23:41:30.0 (2259135)|HEAP_ALLOCATE|[20]|Bytes:5
23:41:30.0 (2262763)|STATEMENT_EXECUTE|[18]
23:41:30.0 (2264029)|STATEMENT_EXECUTE|[20]
23:41:30.0 (2316853)|HEAP_ALLOCATE|[20]|Bytes:2
23:41:30.0 (2331121)|VARIABLE_SCOPE_BEGIN|[20]|sanitizedSearchString|String|false|false
23:41:30.0 (2338204)|VARIABLE_ASSIGNMENT|[20]|sanitizedSearchString|"Te"
23:41:30.0 (2340574)|STATEMENT_EXECUTE|[21]
23:41:30.0 (2367408)|HEAP_ALLOCATE|[21]|Bytes:4
23:41:30.0 (2378643)|VARIABLE_SCOPE_BEGIN|[21]|sanitizedSObjectAPIName|String|false|false
23:41:30.0 (2384959)|VARIABLE_ASSIGNMENT|[21]|sanitizedSObjectAPIName|"User"
23:41:30.0 (2387633)|STATEMENT_EXECUTE|[23]
23:41:30.0 (2441375)|HEAP_ALLOCATE|[23]|Bytes:4
23:41:30.0 (2528612)|VARIABLE_SCOPE_BEGIN|[23]|results|List<LookupSObjectController.Result>|true|false
23:41:30.0 (2546453)|HEAP_ALLOCATE|[EXTERNAL]|Bytes:4
23:41:30.0 (2565444)|VARIABLE_ASSIGNMENT|[23]|results|{"s":1,"v":[]}|0x90286a6
23:41:30.0 (2568629)|STATEMENT_EXECUTE|[26]
23:41:30.0 (2576734)|HEAP_ALLOCATE|[26]|Bytes:6
23:41:30.0 (2580710)|HEAP_ALLOCATE|[26]|Bytes:27
23:41:30.0 (2582726)|HEAP_ALLOCATE|[26]|Bytes:18
23:41:30.0 (2598622)|HEAP_ALLOCATE|[26]|Bytes:57
23:41:30.0 (2603595)|VARIABLE_SCOPE_BEGIN|[26]|searchQuery|String|false|false
23:41:30.0 (2613369)|VARIABLE_ASSIGNMENT|[26]|searchQuery|"FIND 'Te*' IN ALL FI (37 more) ..."
23:41:30.0 (2615790)|STATEMENT_EXECUTE|[29]
23:41:30.0 (3772818)|SOSL_EXECUTE_BEGIN|[29]|FIND 'Te*' IN ALL FIELDS RETURNING User(id,name) Limit 50
23:41:30.0 (32844272)|HEAP_ALLOCATE|[29]|Bytes:4
23:41:30.0 (32855510)|HEAP_ALLOCATE|[29]|Bytes:4
23:41:30.0 (32859093)|HEAP_ALLOCATE|[29]|Bytes:4
23:41:30.0 (32866575)|HEAP_ALLOCATE|[29]|Bytes:8
23:41:30.0 (32877732)|SOSL_EXECUTE_END|[29]|Rows:2
23:41:30.0 (32935086)|HEAP_ALLOCATE|[29]|Bytes:8
23:41:30.0 (32964451)|VARIABLE_SCOPE_BEGIN|[29]|searchList|List<List<SObject>>|true|false
23:41:30.0 (33021144)|VARIABLE_ASSIGNMENT|[29]|searchList|{"s":1,"v":[{"s":2,"v":[{"s":3,"v":{"Id":"00550000005cg71AAA","Name":"Jaswinder Rattanpal"}},{"s":4,"v":{"Id":"00550000005d7KnAAI","Name":"Test User"}}]}]}|0x2288b3a9
23:41:30.0 (33111044)|HEAP_ALLOCATE|[32]|Bytes:12
23:41:30.0 (33424635)|HEAP_ALLOCATE|[32]|Bytes:5
23:41:30.0 (33459773)|HEAP_ALLOCATE|[32]|Bytes:12
23:41:30.0 (33472188)|VARIABLE_SCOPE_BEGIN|[32]|so|SObject|true|false
23:41:30.0 (33488199)|VARIABLE_ASSIGNMENT|[32]|so|{"s":1,"v":{"Id":"00550000005cg71AAA","Name":"Jaswinder Rattanpal"}}|0x12bf207b
23:41:30.0 (33493183)|STATEMENT_EXECUTE|[33]
23:41:30.0 (33494969)|STATEMENT_EXECUTE|[34]
23:41:30.0 (33525187)|HEAP_ALLOCATE|[34]|Bytes:116
23:41:30.0 (33531874)|HEAP_ALLOCATE|[34]|Bytes:8
23:41:30.0 (33539423)|HEAP_ALLOCATE|[34]|Bytes:12
23:41:30.0 (33544004)|HEAP_ALLOCATE|[34]|Bytes:4
23:41:30.0 (33629561)|HEAP_ALLOCATE|[34]|Bytes:19
23:41:30.0 (33672466)|CONSTRUCTOR_ENTRY|[34]|01p50000002D2uA|<init>(String,Id)
23:41:30.0 (33680465)|VARIABLE_SCOPE_BEGIN|[48]|this|LookupSObjectController.Result|true|false
23:41:30.0 (33714328)|VARIABLE_ASSIGNMENT|[48]|this|{}|0x238a6359
23:41:30.0 (33717498)|VARIABLE_SCOPE_BEGIN|[48]|sObjectLabel|String|false|false
23:41:30.0 (33723183)|VARIABLE_ASSIGNMENT|[48]|sObjectLabel|"Jaswinder Rattanpal"
23:41:30.0 (33725625)|VARIABLE_SCOPE_BEGIN|[48]|sObjectId|Id|false|false
23:41:30.0 (33822694)|VARIABLE_ASSIGNMENT|[48]|sObjectId|"00550000005cg71AAA"
23:41:30.0 (33828693)|STATEMENT_EXECUTE|[43]
23:41:30.0 (33829985)|STATEMENT_EXECUTE|[45]
23:41:30.0 (33836061)|STATEMENT_EXECUTE|[46]
23:41:30.0 (33848133)|HEAP_ALLOCATE|[50]|Bytes:6
23:41:30.0 (33881606)|STATEMENT_EXECUTE|[49]
23:41:30.0 (33883269)|STATEMENT_EXECUTE|[50]
23:41:30.0 (33934331)|VARIABLE_ASSIGNMENT|[EXTERNAL]|this|{}|0x238a6359
23:41:30.0 (33941521)|VARIABLE_ASSIGNMENT|[EXTERNAL]|value|"Jaswinder Rattanpal"
23:41:30.0 (33955446)|VARIABLE_ASSIGNMENT|[45]|this.SObjectLabel|"Jaswinder Rattanpal"|0x238a6359
23:41:30.0 (33962634)|STATEMENT_EXECUTE|[51]
23:41:30.0 (33997066)|VARIABLE_ASSIGNMENT|[EXTERNAL]|this|{"SObjectLabel":"Jaswinder Rattanpal"}|0x238a6359
23:41:30.0 (34051052)|VARIABLE_ASSIGNMENT|[EXTERNAL]|value|"00550000005cg71AAA"
23:41:30.0 (34110040)|VARIABLE_ASSIGNMENT|[46]|this.SObjectId|"00550000005cg71AAA"|0x238a6359
23:41:30.0 (34126518)|CONSTRUCTOR_EXIT|[34]|01p50000002D2uA|<init>(String,Id)
23:41:30.0 (34145192)|HEAP_ALLOCATE|[EXTERNAL]|Bytes:4
23:41:30.0 (34161246)|HEAP_ALLOCATE|[32]|Bytes:5
23:41:30.0 (34184028)|HEAP_ALLOCATE|[32]|Bytes:12
23:41:30.0 (34194532)|VARIABLE_SCOPE_BEGIN|[32]|so|SObject|true|false
23:41:30.0 (34209214)|VARIABLE_ASSIGNMENT|[32]|so|{"s":1,"v":{"Id":"00550000005d7KnAAI","Name":"Test User"}}|0x25ffcf16
23:41:30.0 (34212256)|STATEMENT_EXECUTE|[33]
23:41:30.0 (34213335)|STATEMENT_EXECUTE|[34]
23:41:30.0 (34221832)|HEAP_ALLOCATE|[34]|Bytes:12
23:41:30.0 (34256393)|HEAP_ALLOCATE|[34]|Bytes:9
23:41:30.0 (34276627)|CONSTRUCTOR_ENTRY|[34]|01p50000002D2uA|<init>(String,Id)
23:41:30.0 (34280933)|VARIABLE_SCOPE_BEGIN|[48]|this|LookupSObjectController.Result|true|false
23:41:30.0 (34296101)|VARIABLE_ASSIGNMENT|[48]|this|{}|0x1589a4fd
23:41:30.0 (34298560)|VARIABLE_SCOPE_BEGIN|[48]|sObjectLabel|String|false|false
23:41:30.0 (34303171)|VARIABLE_ASSIGNMENT|[48]|sObjectLabel|"Test User"
23:41:30.0 (34304761)|VARIABLE_SCOPE_BEGIN|[48]|sObjectId|Id|false|false
23:41:30.0 (34356406)|VARIABLE_ASSIGNMENT|[48]|sObjectId|"00550000005d7KnAAI"
23:41:30.0 (34361585)|STATEMENT_EXECUTE|[43]
23:41:30.0 (34362606)|STATEMENT_EXECUTE|[45]
23:41:30.0 (34367979)|STATEMENT_EXECUTE|[46]
23:41:30.0 (34381933)|STATEMENT_EXECUTE|[49]
23:41:30.0 (34383221)|STATEMENT_EXECUTE|[50]
23:41:30.0 (34403357)|VARIABLE_ASSIGNMENT|[EXTERNAL]|this|{}|0x1589a4fd
23:41:30.0 (34408633)|VARIABLE_ASSIGNMENT|[EXTERNAL]|value|"Test User"
23:41:30.0 (34415698)|VARIABLE_ASSIGNMENT|[45]|this.SObjectLabel|"Test User"|0x1589a4fd
23:41:30.0 (34421601)|STATEMENT_EXECUTE|[51]
23:41:30.0 (34445419)|VARIABLE_ASSIGNMENT|[EXTERNAL]|this|{"SObjectLabel":"Test User"}|0x1589a4fd
23:41:30.0 (34496651)|VARIABLE_ASSIGNMENT|[EXTERNAL]|value|"00550000005d7KnAAI"
23:41:30.0 (34548327)|VARIABLE_ASSIGNMENT|[46]|this.SObjectId|"00550000005d7KnAAI"|0x1589a4fd
23:41:30.0 (34562505)|CONSTRUCTOR_EXIT|[34]|01p50000002D2uA|<init>(String,Id)
23:41:30.0 (34571862)|HEAP_ALLOCATE|[EXTERNAL]|Bytes:4
23:41:30.0 (34585014)|HEAP_ALLOCATE|[32]|Bytes:5
23:41:30.0 (34601632)|VARIABLE_ASSIGNMENT|[32]|so|null|
23:41:30.0 (34605171)|STATEMENT_EXECUTE|[37]
23:41:30.0 (34622936)|SYSTEM_MODE_EXIT|false
23:41:30.34 (34681513)|CUMULATIVE_LIMIT_USAGE
23:41:30.34 (34681513)|LIMIT_USAGE_FOR_NS|(default)|
  Number of SOQL queries: 0 out of 100
  Number of query rows: 0 out of 50000
  Number of SOSL queries: 1 out of 20
  Number of DML statements: 0 out of 150
  Number of DML rows: 0 out of 10000
  Maximum CPU time: 0 out of 10000
  Maximum heap size: 0 out of 6000000
  Number of callouts: 0 out of 100
  Number of Email Invocations: 0 out of 10
  Number of future calls: 0 out of 50
  Number of queueable jobs added to the queue: 0 out of 50
  Number of Mobile Apex push calls: 0 out of 10

23:41:30.34 (34681513)|CUMULATIVE_LIMIT_USAGE_END

23:41:30.0 (34745951)|CODE_UNIT_FINISHED|LookupSObjectController.lookup
23:41:30.0 (36291696)|CODE_UNIT_STARTED|[EXTERNAL]|Aura
23:41:30.0 (36323640)|CODE_UNIT_FINISHED|Aura
23:41:30.0 (37338208)|CODE_UNIT_STARTED|[EXTERNAL]|Aura
23:41:30.0 (37362531)|CODE_UNIT_FINISHED|Aura
