37.0 APEX_CODE,FINEST;APEX_PROFILING,INFO;CALLOUT,INFO;DB,INFO;SYSTEM,DEBUG;VALIDATION,INFO;VISUALFORCE,INFO;WORKFLOW,INFO
15:41:45.0 (502410)|USER_INFO|[EXTERNAL]|00550000005cg71|bfffollow@jr.te|Eastern Standard Time|GMT-04:00
15:41:45.0 (552058)|EXECUTION_STARTED
15:41:45.0 (561378)|CODE_UNIT_STARTED|[EXTERNAL]|aura
15:41:45.0 (957027)|HEAP_ALLOCATE|[72]|Bytes:3
15:41:45.0 (1001894)|HEAP_ALLOCATE|[77]|Bytes:152
15:41:45.0 (1028405)|HEAP_ALLOCATE|[342]|Bytes:408
15:41:45.0 (1057045)|HEAP_ALLOCATE|[355]|Bytes:408
15:41:45.0 (1083942)|HEAP_ALLOCATE|[467]|Bytes:48
15:41:45.0 (1128378)|HEAP_ALLOCATE|[139]|Bytes:6
15:41:45.0 (1166127)|HEAP_ALLOCATE|[EXTERNAL]|Bytes:93
15:41:45.0 (1195194)|HEAP_ALLOCATE|[EXTERNAL]|Bytes:93
15:41:45.0 (2188612)|CODE_UNIT_STARTED|[EXTERNAL]|01p50000002CIEm|ETLC_ApexBridge_Controller.execute
15:41:45.0 (2950260)|HEAP_ALLOCATE|[EXTERNAL]|Bytes:1
15:41:45.0 (2956748)|HEAP_ALLOCATE|[EXTERNAL]|Bytes:10
15:41:45.0 (2969920)|METHOD_ENTRY|[1]|01p50000002CIEm|ETLC_ApexBridge_Controller.ETLC_ApexBridge_Controller()
15:41:45.0 (2974026)|STATEMENT_EXECUTE|[1]
15:41:45.0 (2979734)|STATEMENT_EXECUTE|[1]
15:41:45.0 (2984716)|METHOD_EXIT|[1]|ETLC_ApexBridge_Controller
15:41:45.0 (2989091)|HEAP_ALLOCATE|[EXTERNAL]|Bytes:93
15:41:45.0 (3001644)|SYSTEM_MODE_ENTER|false
15:41:45.0 (3014007)|VARIABLE_SCOPE_BEGIN|[3]|dataJson|String|false|false
15:41:45.0 (3056828)|VARIABLE_ASSIGNMENT|[3]|dataJson|"{\"operation\":\"BFFFol (73 more) ..."
15:41:45.0 (3068544)|STATEMENT_EXECUTE|[3]
15:41:45.0 (3071104)|STATEMENT_EXECUTE|[4]
15:41:45.0 (5333435)|VARIABLE_SCOPE_BEGIN|[4]|data|ETLC_ApexBridge_Data|true|false
15:41:45.0 (5350777)|VARIABLE_ASSIGNMENT|[4]|data|null|
15:41:45.0 (5354242)|STATEMENT_EXECUTE|[5]
15:41:45.0 (5356108)|STATEMENT_EXECUTE|[5]
15:41:45.0 (5357118)|STATEMENT_EXECUTE|[6]
15:41:45.0 (5374445)|HEAP_ALLOCATE|[6]|Bytes:11
15:41:45.0 (5381790)|HEAP_ALLOCATE|[6]|Bytes:248
15:41:45.0 (5385238)|HEAP_ALLOCATE|[6]|Bytes:39
15:41:45.0 (5425157)|METHOD_ENTRY|[2]|01p50000002CIEo|ETLC_ApexBridge_Data.ETLC_ApexBridge_Data()
15:41:45.0 (5428501)|STATEMENT_EXECUTE|[2]
15:41:45.0 (5432864)|STATEMENT_EXECUTE|[2]
15:41:45.0 (5438921)|METHOD_EXIT|[2]|ETLC_ApexBridge_Data
15:41:45.0 (5476276)|METHOD_ENTRY|[6]|01p50000002CIEo|ETLC_ApexBridge_Data.fromJSON(String)
15:41:45.0 (5504368)|VARIABLE_SCOPE_BEGIN|[60]|strJson|String|false|false
15:41:45.0 (5517118)|VARIABLE_ASSIGNMENT|[60]|strJson|"{\"operation\":\"BFFFol (73 more) ..."
15:41:45.0 (5521472)|STATEMENT_EXECUTE|[60]
15:41:45.0 (5522835)|STATEMENT_EXECUTE|[61]
15:41:45.0 (5531429)|HEAP_ALLOCATE|[61]|Bytes:20
15:41:45.0 (5552602)|HEAP_ALLOCATE|[50]|Bytes:5
15:41:45.0 (5573156)|HEAP_ALLOCATE|[56]|Bytes:5
15:41:45.0 (5581642)|HEAP_ALLOCATE|[64]|Bytes:7
15:41:45.0 (5681686)|HEAP_ALLOCATE|[61]|Bytes:24
15:41:45.0 (5693616)|SYSTEM_METHOD_ENTRY|[1]|Type.Type()
15:41:45.0 (5697385)|STATEMENT_EXECUTE|[1]
15:41:45.0 (5706246)|SYSTEM_METHOD_EXIT|[1]|Type
15:41:45.0 (5712148)|HEAP_ALLOCATE|[61]|Bytes:8
15:41:45.0 (5737644)|HEAP_ALLOCATE|[61]|Bytes:8
15:41:45.0 (5742553)|VARIABLE_SCOPE_BEGIN|[4]|this|System.Type|true|false
15:41:45.0 (5776876)|VARIABLE_ASSIGNMENT|[4]|this|{}|0x76e3d48e
15:41:45.0 (5780991)|VARIABLE_SCOPE_BEGIN|[4]|apextype|java:common.apex.runtime.ApexObjectType|true|false
15:41:45.0 (5959653)|VARIABLE_ASSIGNMENT|[4]|apextype|"ETLC_ApexBridge_Data"|0x3822cf47
15:41:45.0 (6051757)|HEAP_ALLOCATE|[61]|Bytes:8
15:41:45.0 (6093492)|HEAP_ALLOCATE|[61]|Bytes:24
15:41:45.0 (6103863)|SYSTEM_METHOD_ENTRY|[1]|JSON.JSON()
15:41:45.0 (6106232)|STATEMENT_EXECUTE|[1]
15:41:45.0 (6111938)|SYSTEM_METHOD_EXIT|[1]|JSON
15:41:45.0 (6127291)|METHOD_ENTRY|[61]||System.JSON.deserializeStrict(String, System.Type)
15:41:45.0 (6919718)|METHOD_EXIT|[61]||System.JSON.deserializeStrict(String, System.Type)
15:41:45.0 (6936721)|METHOD_EXIT|[6]|01p50000002CIEo|ETLC_ApexBridge_Data.fromJSON(String)
15:41:45.0 (7033754)|VARIABLE_ASSIGNMENT|[6]|data|{"debug":true,"input":"{\"mode\":\"fetchFollow (9 more) ...","operation":"BFFFollow_Controller"}|0x3b50d5c
15:41:45.0 (7042222)|STATEMENT_EXECUTE|[7]
15:41:45.0 (7057060)|HEAP_ALLOCATE|[7]|Bytes:6
15:41:45.0 (7160548)|HEAP_ALLOCATE|[7]|Bytes:177
15:41:45.0 (7191736)|HEAP_ALLOCATE|[7]|Bytes:183
15:41:45.0 (7224712)|USER_DEBUG|[7]|DEBUG|data::ETLC_ApexBridge_Data:[debug=true, input={"mode":"fetchFollowedUsers"}, isSuccess=null, messages=null, operation=BFFFollow_Controller, output=null, outputFlag=null, records=null]
15:41:45.0 (7236259)|STATEMENT_EXECUTE|[8]
15:41:45.0 (7322467)|VARIABLE_ASSIGNMENT|[EXTERNAL]|this|{"debug":true,"input":"{\"mode\":\"fetchFollow (9 more) ...","operation":"BFFFollow_Controller"}|0x3b50d5c
15:41:45.0 (7350140)|METHOD_ENTRY|[8]||System.Type.forName(String)
15:41:45.0 (10396949)|METHOD_EXIT|[8]||System.Type.forName(String)
15:41:45.0 (10418647)|METHOD_ENTRY|[8]||System.Type.newInstance()
15:41:45.0 (12320896)|STATEMENT_EXECUTE|[1]
15:41:45.0 (12340332)|HEAP_ALLOCATE|[33]|Bytes:5
15:41:45.0 (12364463)|METHOD_EXIT|[1]|BFFFollow_Controller
15:41:45.0 (12394695)|HEAP_ALLOCATE|[33]|Bytes:4
15:41:45.0 (12410418)|VARIABLE_SCOPE_BEGIN|[1]|this|BFFFollow_Controller|true|false
15:41:45.0 (12452414)|VARIABLE_ASSIGNMENT|[1]|this|{}|0x21f35796
15:41:45.0 (12464216)|HEAP_ALLOCATE|[33]|Bytes:5
15:41:45.0 (12477549)|HEAP_ALLOCATE|[33]|Bytes:11
15:41:45.0 (12505232)|METHOD_ENTRY|[1]|01p50000002CIEj|ETLC_ApexBridge_Abstract.ETLC_ApexBridge_Abstract()
15:41:45.0 (12510805)|STATEMENT_EXECUTE|[1]
15:41:45.0 (12517267)|STATEMENT_EXECUTE|[1]
15:41:45.0 (12526333)|METHOD_EXIT|[1]|ETLC_ApexBridge_Abstract
15:41:45.0 (12542032)|CONSTRUCTOR_ENTRY|[EXTERNAL]|01p50000002CIEj|<init>()
15:41:45.0 (12572236)|VARIABLE_SCOPE_BEGIN|[1]|this|ETLC_ApexBridge_Abstract|true|false
15:41:45.0 (12597884)|VARIABLE_ASSIGNMENT|[1]|this|{}|0x21f35796
15:41:45.0 (12624533)|STATEMENT_EXECUTE|[1]
15:41:45.0 (12634636)|CONSTRUCTOR_EXIT|[EXTERNAL]|01p50000002CIEj|<init>()
15:41:45.0 (12642641)|STATEMENT_EXECUTE|[1]
15:41:45.0 (12649486)|HEAP_ALLOCATE|[33]|Bytes:5
15:41:45.0 (12680555)|METHOD_EXIT|[8]||System.Type.newInstance()
15:41:45.0 (12694340)|VARIABLE_SCOPE_BEGIN|[8]|executor|ETLC_ApexBridge_Abstract|true|false
15:41:45.0 (12720829)|VARIABLE_ASSIGNMENT|[8]|executor|{}|0x21f35796
15:41:45.0 (12726658)|STATEMENT_EXECUTE|[9]
15:41:45.0 (12783329)|METHOD_ENTRY|[9]|01p50000002D8iw|BFFFollow_Controller.process(ETLC_ApexBridge_Data)
15:41:45.0 (12810915)|VARIABLE_SCOPE_BEGIN|[3]|this|BFFFollow_Controller|true|false
15:41:45.0 (12826603)|VARIABLE_ASSIGNMENT|[3]|this|{}|0x21f35796
15:41:45.0 (12830726)|VARIABLE_SCOPE_BEGIN|[3]|data|ETLC_ApexBridge_Data|true|false
15:41:45.0 (12870028)|VARIABLE_ASSIGNMENT|[3]|data|{"debug":true,"input":"{\"mode\":\"fetchFollow (9 more) ...","operation":"BFFFollow_Controller"}|0x3b50d5c
15:41:45.0 (12880111)|HEAP_ALLOCATE|[4]|Bytes:5
15:41:45.0 (12884085)|STATEMENT_EXECUTE|[3]
15:41:45.0 (12885483)|STATEMENT_EXECUTE|[4]
15:41:45.0 (12967426)|VARIABLE_ASSIGNMENT|[EXTERNAL]|this|{"debug":true,"input":"{\"mode\":\"fetchFollow (9 more) ...","operation":"BFFFollow_Controller"}|0x3b50d5c
15:41:45.0 (13020248)|VARIABLE_ASSIGNMENT|[4]|BFFFollow_Controller.debugFlag|true
15:41:45.0 (13064101)|VARIABLE_ASSIGNMENT|[EXTERNAL]|this|{"debug":true,"input":"{\"mode\":\"fetchFollow (9 more) ...","operation":"BFFFollow_Controller"}|0x3b50d5c
15:41:45.0 (13077986)|STATEMENT_EXECUTE|[5]
15:41:45.0 (13087420)|HEAP_ALLOCATE|[5]|Bytes:12
15:41:45.0 (13133128)|HEAP_ALLOCATE|[5]|Bytes:177
15:41:45.0 (13148392)|HEAP_ALLOCATE|[5]|Bytes:189
15:41:45.0 (13165218)|USER_DEBUG|[5]|DEBUG|data BEFORE:ETLC_ApexBridge_Data:[debug=true, input={"mode":"fetchFollowedUsers"}, isSuccess=null, messages=null, operation=BFFFollow_Controller, output=null, outputFlag=null, records=null]
15:41:45.0 (13172434)|STATEMENT_EXECUTE|[7]
15:41:45.0 (13179583)|HEAP_ALLOCATE|[7]|Bytes:4
15:41:45.0 (13205018)|METHOD_ENTRY|[7]|01p50000002CIEo|ETLC_ApexBridge_Data.getInputValue(String)
15:41:45.0 (13227781)|VARIABLE_SCOPE_BEGIN|[52]|this|ETLC_ApexBridge_Data|true|false
15:41:45.0 (13255013)|VARIABLE_ASSIGNMENT|[52]|this|{"debug":true,"input":"{\"mode\":\"fetchFollow (9 more) ...","operation":"BFFFollow_Controller"}|0x3b50d5c
15:41:45.0 (13260337)|VARIABLE_SCOPE_BEGIN|[52]|key|String|false|false
15:41:45.0 (13264373)|VARIABLE_ASSIGNMENT|[52]|key|"mode"
15:41:45.0 (13268448)|STATEMENT_EXECUTE|[52]
15:41:45.0 (13270205)|STATEMENT_EXECUTE|[53]
15:41:45.0 (13321970)|VARIABLE_ASSIGNMENT|[EXTERNAL]|this|{"debug":true,"input":"{\"mode\":\"fetchFollow (9 more) ...","operation":"BFFFollow_Controller"}|0x3b50d5c
15:41:45.0 (13343833)|METHOD_ENTRY|[53]||System.JSON.deserializeUntyped(String)
15:41:45.0 (13594478)|METHOD_EXIT|[53]||System.JSON.deserializeUntyped(String)
15:41:45.0 (13604138)|VARIABLE_SCOPE_BEGIN|[53]|inputMap|Map<String,ANY>|true|false
15:41:45.0 (13629676)|VARIABLE_ASSIGNMENT|[53]|inputMap|{"s":1,"v":{"mode":"fetchFollowedUsers"}}|0x2fee26c4
15:41:45.0 (13633303)|STATEMENT_EXECUTE|[54]
15:41:45.0 (13677275)|METHOD_EXIT|[7]|01p50000002CIEo|ETLC_ApexBridge_Data.getInputValue(String)
15:41:45.0 (13682940)|VARIABLE_SCOPE_BEGIN|[7]|mode|String|false|false
15:41:45.0 (13691182)|VARIABLE_ASSIGNMENT|[7]|mode|"fetchFollowedUsers"
15:41:45.0 (13698158)|HEAP_ALLOCATE|[9]|Bytes:18
15:41:45.0 (13723075)|STATEMENT_EXECUTE|[9]
15:41:45.0 (13724968)|STATEMENT_EXECUTE|[10]
15:41:45.0 (13765386)|HEAP_ALLOCATE|[10]|Bytes:85
15:41:45.0 (13776944)|SYSTEM_METHOD_ENTRY|[1]|UserInfo.UserInfo()
15:41:45.0 (13779550)|STATEMENT_EXECUTE|[1]
15:41:45.0 (13785859)|SYSTEM_METHOD_EXIT|[1]|UserInfo
15:41:45.0 (13799669)|METHOD_ENTRY|[10]||System.UserInfo.getUserId()
15:41:45.0 (13830398)|METHOD_EXIT|[10]||System.UserInfo.getUserId()
15:41:45.0 (13842245)|HEAP_ALLOCATE|[10]|Bytes:4
15:41:45.0 (13861382)|METHOD_ENTRY|[10]|01p50000002D8iw|BFFFollow_Controller.fetchFollowedUsers(Id)
15:41:45.0 (13868675)|VARIABLE_SCOPE_BEGIN|[24]|this|BFFFollow_Controller|true|false
15:41:45.0 (13884048)|VARIABLE_ASSIGNMENT|[24]|this|{}|0x21f35796
15:41:45.0 (13888225)|VARIABLE_SCOPE_BEGIN|[24]|followedById|Id|false|false
15:41:45.0 (14006254)|VARIABLE_ASSIGNMENT|[24]|followedById|"00550000005cg71AAA"
15:41:45.0 (14018470)|HEAP_ALLOCATE|[25]|Bytes:5
15:41:45.0 (14022423)|STATEMENT_EXECUTE|[24]
15:41:45.0 (14023909)|STATEMENT_EXECUTE|[25]
15:41:45.0 (14032271)|HEAP_ALLOCATE|[25]|Bytes:63
15:41:45.0 (14072264)|HEAP_ALLOCATE|[25]|Bytes:18
15:41:45.0 (14083285)|HEAP_ALLOCATE|[25]|Bytes:9
15:41:45.0 (14094254)|HEAP_ALLOCATE|[25]|Bytes:90
15:41:45.0 (14098525)|VARIABLE_SCOPE_BEGIN|[25]|soql|String|false|false
15:41:45.0 (14110119)|VARIABLE_ASSIGNMENT|[25]|soql|"SELECT FollowedUsers (70 more) ..."
15:41:45.0 (14114618)|STATEMENT_EXECUTE|[26]
15:41:45.0 (14116510)|STATEMENT_EXECUTE|[26]
15:41:45.0 (14123868)|STATEMENT_EXECUTE|[27]
15:41:45.0 (14125928)|STATEMENT_EXECUTE|[27]
15:41:45.0 (14137378)|HEAP_ALLOCATE|[27]|Bytes:24
15:41:45.0 (14149322)|HEAP_ALLOCATE|[27]|Bytes:114
15:41:45.0 (14183348)|USER_DEBUG|[27]|DEBUG|fetchFollowedUsers:soql:SELECT FollowedUsers__c FROM BFFFollow__c WHERE FollowedBy__c='00550000005cg71AAA' limit 1
15:41:45.0 (14190999)|STATEMENT_EXECUTE|[28]
15:41:45.0 (17079317)|HEAP_ALLOCATE|[28]|Bytes:9
15:41:45.0 (17091896)|HEAP_ALLOCATE|[28]|Bytes:29
15:41:45.0 (17095087)|HEAP_ALLOCATE|[28]|Bytes:21
15:41:45.0 (17119931)|METHOD_ENTRY|[7]|01p50000002CIEt|ETLC_SecuredDB.ETLC_SecuredDB()
15:41:45.0 (17123583)|STATEMENT_EXECUTE|[7]
15:41:45.0 (17128977)|STATEMENT_EXECUTE|[7]
15:41:45.0 (17134809)|HEAP_ALLOCATE|[28]|Bytes:5
15:41:45.0 (17146120)|METHOD_EXIT|[7]|ETLC_SecuredDB
15:41:45.0 (17181656)|METHOD_ENTRY|[28]|01p50000002CIEt|ETLC_SecuredDB.query(String)
15:41:45.0 (17208755)|VARIABLE_SCOPE_BEGIN|[10]|SOQL|String|false|false
15:41:45.0 (17222532)|VARIABLE_ASSIGNMENT|[10]|SOQL|"SELECT FollowedUsers (70 more) ..."
15:41:45.0 (17230835)|HEAP_ALLOCATE|[12]|Bytes:5
15:41:45.0 (17234773)|STATEMENT_EXECUTE|[10]
15:41:45.0 (17236573)|STATEMENT_EXECUTE|[12]
15:41:45.0 (18458292)|SOQL_EXECUTE_BEGIN|[12]|Aggregations:0|SELECT FollowedUsers__c FROM BFFFollow__c WHERE FollowedBy__c='00550000005cg71AAA' limit 1
15:41:45.0 (22115048)|SOQL_EXECUTE_END|[12]|Rows:1
15:41:45.0 (22135364)|HEAP_ALLOCATE|[12]|Bytes:8
15:41:45.0 (22145586)|HEAP_ALLOCATE|[12]|Bytes:158
15:41:45.0 (22205332)|HEAP_ALLOCATE|[12]|Bytes:8
15:41:45.0 (22225716)|VARIABLE_SCOPE_BEGIN|[12]|dbRecords|List<SObject>|true|false
15:41:45.0 (22276247)|VARIABLE_ASSIGNMENT|[12]|dbRecords|{"s":1,"v":[{"s":2,"v":{"FollowedUsers__c":"[{\"id\":\"00550000005c (85 more) ...","Id":"a005000000ezW4dAAE"}}]}|0x5e1fdc8e
15:41:45.0 (22281030)|STATEMENT_EXECUTE|[20]
15:41:45.0 (22615897)|HEAP_ALLOCATE|[20]|Bytes:12
15:41:45.0 (22623640)|HEAP_ALLOCATE|[20]|Bytes:8
15:41:45.0 (22679531)|HEAP_ALLOCATE|[20]|Bytes:12
15:41:45.0 (22685124)|HEAP_ALLOCATE|[20]|Bytes:9
15:41:45.0 (22701812)|HEAP_ALLOCATE|[20]|Bytes:12
15:41:45.0 (22705839)|HEAP_ALLOCATE|[20]|Bytes:8
15:41:45.0 (22717350)|HEAP_ALLOCATE|[20]|Bytes:12
15:41:45.0 (22720710)|HEAP_ALLOCATE|[20]|Bytes:8
15:41:45.0 (22730845)|HEAP_ALLOCATE|[20]|Bytes:12
15:41:45.0 (22734130)|HEAP_ALLOCATE|[20]|Bytes:9
15:41:45.0 (22769603)|METHOD_ENTRY|[20]|01p50000002CIEt|ETLC_SecuredDB.findFields(List<SObject>)
15:41:45.0 (22802188)|VARIABLE_SCOPE_BEGIN|[108]|dbRecords|List<SObject>|true|false
15:41:45.0 (22825847)|VARIABLE_ASSIGNMENT|[108]|dbRecords|{"s":1,"v":[{"s":2,"v":{"FollowedUsers__c":"[{\"id\":\"00550000005c (85 more) ...","Id":"a005000000ezW4dAAE"}}]}|0x5e1fdc8e
15:41:45.0 (22836230)|HEAP_ALLOCATE|[109]|Bytes:5
15:41:45.0 (22840037)|STATEMENT_EXECUTE|[108]
15:41:45.0 (22841713)|STATEMENT_EXECUTE|[109]
15:41:45.0 (22856643)|VARIABLE_SCOPE_BEGIN|[109]|strJSON|String|false|false
15:41:45.0 (22862929)|VARIABLE_ASSIGNMENT|[109]|strJSON|null
15:41:45.0 (22864940)|STATEMENT_EXECUTE|[110]
15:41:45.0 (22869816)|VARIABLE_SCOPE_BEGIN|[110]|mapFields|Map<String,Set<String>>|true|false
15:41:45.0 (22874497)|VARIABLE_ASSIGNMENT|[110]|mapFields|null|
15:41:45.0 (22876321)|STATEMENT_EXECUTE|[112]
15:41:45.0 (22893880)|METHOD_ENTRY|[112]||System.JSON.serialize(Object)
15:41:45.0 (23431885)|METHOD_EXIT|[112]||System.JSON.serialize(Object)
15:41:45.0 (23448619)|VARIABLE_ASSIGNMENT|[112]|strJSON|"[{\"attributes\":{\"typ (259 more) ..."
15:41:45.0 (23452187)|STATEMENT_EXECUTE|[113]
15:41:45.0 (23461519)|HEAP_ALLOCATE|[113]|Bytes:5
15:41:45.0 (23471977)|HEAP_ALLOCATE|[113]|Bytes:284
15:41:45.0 (23516972)|USER_DEBUG|[113]|DEBUG|JSON:[{"attributes":{"type":"BFFFollow__c","url":"/services/data/v37.0/sobjects/BFFFollow__c/a005000000ezW4dAAE"},"FollowedUsers__c":"[{\"id\":\"00550000005cg71AAA\",\"name\":\"Jaswinder Rattanpal\"},{\"id\":\"00550000005d7KnAAI\",\"name\":\"Test User\"}]","Id":"a005000000ezW4dAAE"}]
15:41:45.0 (23526147)|STATEMENT_EXECUTE|[114]
15:41:45.0 (23537742)|HEAP_ALLOCATE|[114]|Bytes:4
15:41:45.0 (23562726)|VARIABLE_ASSIGNMENT|[114]|mapFields|{"s":1,"v":{}}|0x23f7bac1
15:41:45.0 (23565983)|STATEMENT_EXECUTE|[115]
15:41:45.0 (23578527)|METHOD_ENTRY|[115]||System.JSON.deserializeUntyped(String)
15:41:45.0 (23964781)|METHOD_EXIT|[115]||System.JSON.deserializeUntyped(String)
15:41:45.0 (23977796)|VARIABLE_SCOPE_BEGIN|[115]|records|List<ANY>|true|false
15:41:45.0 (24001067)|HEAP_ALLOCATE|[EXTERNAL]|Bytes:8
15:41:45.0 (24028090)|VARIABLE_ASSIGNMENT|[115]|records|{"s":1,"v":[{"s":2,"v":{"attributes":{"s":3,"v":{"type":"BFFFollow__c","url":"/services/data/v37.0 (41 more) ..."}},"FollowedUsers__c":"[{\"id\":\"00550000005c (85 more) ...","Id":"a005000000ezW4dAAE"}}]}|0x60050963
15:41:45.0 (24076285)|HEAP_ALLOCATE|[116]|Bytes:5
15:41:45.0 (24093605)|HEAP_ALLOCATE|[116]|Bytes:16
15:41:45.0 (24104433)|VARIABLE_SCOPE_BEGIN|[116]|record|Object|false|false
15:41:45.0 (24126793)|VARIABLE_ASSIGNMENT|[116]|record|{"s":1,"v":{"attributes":{"s":2,"v":{"type":"BFFFollow__c","url":"/services/data/v37.0 (41 more) ..."}},"FollowedUsers__c":"[{\"id\":\"00550000005c (85 more) ...","Id":"a005000000ezW4dAAE"}}
15:41:45.0 (24130933)|STATEMENT_EXECUTE|[116]
15:41:45.0 (24132443)|STATEMENT_EXECUTE|[117]
15:41:45.0 (24155822)|METHOD_ENTRY|[117]|01p50000002CIEt|ETLC_SecuredDB.findFieldsRecursive(Map<String,Set<String>>, Map<String,ANY>)
15:41:45.0 (24181572)|VARIABLE_SCOPE_BEGIN|[124]|mapFields|Map<String,Set<String>>|true|false
15:41:45.0 (24193876)|VARIABLE_ASSIGNMENT|[124]|mapFields|{"s":1,"v":{}}|0x23f7bac1
15:41:45.0 (24197713)|VARIABLE_SCOPE_BEGIN|[124]|record|Map<String,ANY>|true|false
15:41:45.0 (24210519)|VARIABLE_ASSIGNMENT|[124]|record|{"s":1,"v":{"attributes":{"s":2,"v":{"type":"BFFFollow__c","url":"/services/data/v37.0 (41 more) ..."}},"FollowedUsers__c":"[{\"id\":\"00550000005c (85 more) ...","Id":"a005000000ezW4dAAE"}}|0x65558bb9
15:41:45.0 (24220334)|HEAP_ALLOCATE|[125]|Bytes:5
15:41:45.0 (24224162)|STATEMENT_EXECUTE|[124]
15:41:45.0 (24225923)|STATEMENT_EXECUTE|[125]
15:41:45.0 (24232937)|HEAP_ALLOCATE|[125]|Bytes:10
15:41:45.0 (24237433)|VARIABLE_SCOPE_BEGIN|[125]|strAttributes|String|false|false
15:41:45.0 (24243320)|VARIABLE_ASSIGNMENT|[125]|strAttributes|"attributes"
15:41:45.0 (24245357)|STATEMENT_EXECUTE|[126]
15:41:45.0 (24250211)|HEAP_ALLOCATE|[126]|Bytes:7
15:41:45.0 (24253701)|VARIABLE_SCOPE_BEGIN|[126]|strRecord|String|false|false
15:41:45.0 (24257883)|VARIABLE_ASSIGNMENT|[126]|strRecord|"records"
15:41:45.0 (24291267)|STATEMENT_EXECUTE|[127]
15:41:45.0 (24293690)|STATEMENT_EXECUTE|[128]
15:41:45.0 (24327335)|VARIABLE_SCOPE_BEGIN|[128]|attributes|Map<String,ANY>|true|false
15:41:45.0 (24343890)|VARIABLE_ASSIGNMENT|[128]|attributes|{"s":1,"v":{"type":"BFFFollow__c","url":"/services/data/v37.0 (41 more) ..."}}|0x61476aeb
15:41:45.0 (24347157)|STATEMENT_EXECUTE|[129]
15:41:45.0 (24354872)|HEAP_ALLOCATE|[129]|Bytes:4
15:41:45.0 (24385564)|VARIABLE_SCOPE_BEGIN|[129]|objectName|String|false|false
15:41:45.0 (24393464)|VARIABLE_ASSIGNMENT|[129]|objectName|"BFFFollow__c"
15:41:45.0 (24402634)|HEAP_ALLOCATE|[130]|Bytes:4
15:41:45.0 (24468986)|HEAP_ALLOCATE|[130]|Bytes:44
15:41:45.0 (24487152)|HEAP_ALLOCATE|[130]|Bytes:12
15:41:45.0 (24510538)|HEAP_ALLOCATE|[130]|Bytes:5
15:41:45.0 (24523821)|VARIABLE_SCOPE_BEGIN|[130]|fieldName|String|false|false
15:41:45.0 (24531715)|VARIABLE_ASSIGNMENT|[130]|fieldName|"attributes"
15:41:45.0 (24534689)|STATEMENT_EXECUTE|[130]
15:41:45.0 (24536096)|STATEMENT_EXECUTE|[131]
15:41:45.0 (24575694)|VARIABLE_SCOPE_BEGIN|[131]|field|Object|false|false
15:41:45.0 (24593249)|VARIABLE_ASSIGNMENT|[131]|field|{"s":1,"v":{"type":"BFFFollow__c","url":"/services/data/v37.0 (41 more) ..."}}
15:41:45.0 (24611329)|STATEMENT_EXECUTE|[132]
15:41:45.0 (24626958)|HEAP_ALLOCATE|[130]|Bytes:5
15:41:45.0 (24638779)|VARIABLE_SCOPE_BEGIN|[130]|fieldName|String|false|false
15:41:45.0 (24645742)|VARIABLE_ASSIGNMENT|[130]|fieldName|"FollowedUsers__c"
15:41:45.0 (24648419)|STATEMENT_EXECUTE|[130]
15:41:45.0 (24649814)|STATEMENT_EXECUTE|[131]
15:41:45.0 (24668106)|VARIABLE_SCOPE_BEGIN|[131]|field|Object|false|false
15:41:45.0 (24677976)|VARIABLE_ASSIGNMENT|[131]|field|"[{\"id\":\"00550000005c (85 more) ..."
15:41:45.0 (24689470)|HEAP_ALLOCATE|[134]|Bytes:68
15:41:45.0 (24711067)|STATEMENT_EXECUTE|[136]
15:41:45.0 (24713329)|STATEMENT_EXECUTE|[137]
15:41:45.0 (24723418)|HEAP_ALLOCATE|[137]|Bytes:4
15:41:45.0 (24758995)|VARIABLE_SCOPE_BEGIN|[137]|fieldNames|Set<String>|true|false
15:41:45.0 (24781909)|VARIABLE_ASSIGNMENT|[137]|fieldNames|{"s":1,"v":[]}|0x37fea52d
15:41:45.0 (24815209)|STATEMENT_EXECUTE|[138]
15:41:45.0 (24821657)|STATEMENT_EXECUTE|[139]
15:41:45.0 (24852818)|HEAP_ALLOCATE|[EXTERNAL]|Bytes:4
15:41:45.0 (24861007)|STATEMENT_EXECUTE|[140]
15:41:45.0 (24901444)|HEAP_ALLOCATE|[EXTERNAL]|Bytes:-4
15:41:45.0 (24926422)|HEAP_ALLOCATE|[130]|Bytes:5
15:41:45.0 (24948224)|VARIABLE_SCOPE_BEGIN|[130]|fieldName|String|false|false
15:41:45.0 (24959254)|VARIABLE_ASSIGNMENT|[130]|fieldName|"Id"
15:41:45.0 (24963848)|STATEMENT_EXECUTE|[130]
15:41:45.0 (24966469)|STATEMENT_EXECUTE|[131]
15:41:45.0 (24996020)|VARIABLE_SCOPE_BEGIN|[131]|field|Object|false|false
15:41:45.0 (25012299)|VARIABLE_ASSIGNMENT|[131]|field|"a005000000ezW4dAAE"
15:41:45.0 (25033064)|STATEMENT_EXECUTE|[136]
15:41:45.0 (25034923)|STATEMENT_EXECUTE|[137]
15:41:45.0 (25043407)|HEAP_ALLOCATE|[137]|Bytes:4
15:41:45.0 (25054935)|VARIABLE_SCOPE_BEGIN|[137]|fieldNames|Set<String>|true|false
15:41:45.0 (25073257)|VARIABLE_ASSIGNMENT|[137]|fieldNames|{"s":1,"v":[]}|0x7e3ff828
15:41:45.0 (25086775)|STATEMENT_EXECUTE|[138]
15:41:45.0 (25114565)|VARIABLE_ASSIGNMENT|[138]|fieldNames|{"s":1,"v":["FollowedUsers__c"]}|0x37fea52d
15:41:45.0 (25118283)|STATEMENT_EXECUTE|[139]
15:41:45.0 (25128441)|HEAP_ALLOCATE|[EXTERNAL]|Bytes:4
15:41:45.0 (25133769)|STATEMENT_EXECUTE|[140]
15:41:45.0 (25154694)|HEAP_ALLOCATE|[130]|Bytes:5
15:41:45.0 (25166335)|VARIABLE_ASSIGNMENT|[130]|fieldName|null
15:41:45.0 (25178511)|METHOD_EXIT|[117]|01p50000002CIEt|ETLC_SecuredDB.findFieldsRecursive(Map<String,Set<String>>, Map<String,ANY>)
15:41:45.0 (25188722)|HEAP_ALLOCATE|[116]|Bytes:5
15:41:45.0 (25203167)|VARIABLE_ASSIGNMENT|[116]|record|null
15:41:45.0 (25209586)|HEAP_ALLOCATE|[119]|Bytes:4
15:41:45.0 (25244604)|HEAP_ALLOCATE|[119]|Bytes:20
15:41:45.0 (25263906)|HEAP_ALLOCATE|[119]|Bytes:4
15:41:45.0 (25295930)|HEAP_ALLOCATE|[119]|Bytes:5
15:41:45.0 (25311240)|VARIABLE_SCOPE_BEGIN|[119]|objectName|String|false|false
15:41:45.0 (25319062)|VARIABLE_ASSIGNMENT|[119]|objectName|"BFFFollow__c"
15:41:45.0 (25322039)|STATEMENT_EXECUTE|[119]
15:41:45.0 (25323522)|STATEMENT_EXECUTE|[120]
15:41:45.0 (25331080)|HEAP_ALLOCATE|[120]|Bytes:2
15:41:45.0 (25385258)|HEAP_ALLOCATE|[120]|Bytes:22
15:41:45.0 (25399028)|HEAP_ALLOCATE|[120]|Bytes:36
15:41:45.0 (25410529)|USER_DEBUG|[120]|DEBUG|BFFFollow__c: {FollowedUsers__c, Id}
15:41:45.0 (25423145)|HEAP_ALLOCATE|[119]|Bytes:5
15:41:45.0 (25434387)|VARIABLE_ASSIGNMENT|[119]|objectName|null
15:41:45.0 (25437801)|STATEMENT_EXECUTE|[122]
15:41:45.0 (25450714)|METHOD_EXIT|[20]|01p50000002CIEt|ETLC_SecuredDB.findFields(List<SObject>)
15:41:45.0 (25468333)|METHOD_ENTRY|[20]|01p50000002CIEt|ETLC_SecuredDB.validate(ETLC_SecuredDB.Operation, Map<String,Set<String>>)
15:41:45.0 (25475467)|VARIABLE_SCOPE_BEGIN|[55]|op|ETLC_SecuredDB.Operation|true|false
15:41:45.0 (25494688)|VARIABLE_ASSIGNMENT|[55]|op|"Querying"|0x1c18717d
15:41:45.0 (25498838)|VARIABLE_SCOPE_BEGIN|[55]|mapFieldNames|Map<String,Set<String>>|true|false
15:41:45.0 (25515838)|VARIABLE_ASSIGNMENT|[55]|mapFieldNames|{"s":1,"v":{"BFFFollow__c":{"s":2,"v":["FollowedUsers__c","Id"]}}}|0x23f7bac1
15:41:45.0 (25524780)|HEAP_ALLOCATE|[56]|Bytes:5
15:41:45.0 (25528715)|STATEMENT_EXECUTE|[55]
15:41:45.0 (25530295)|STATEMENT_EXECUTE|[56]
15:41:45.0 (25537596)|VARIABLE_SCOPE_BEGIN|[56]|securityMessage|String|false|false
15:41:45.0 (25542707)|VARIABLE_ASSIGNMENT|[56]|securityMessage|null
15:41:45.0 (25544635)|STATEMENT_EXECUTE|[57]
15:41:45.0 (45227515)|HEAP_ALLOCATE|[57]|Bytes:1440
15:41:45.0 (45262653)|VARIABLE_SCOPE_BEGIN|[57]|mapObjects|Map<String,Schema.SObjectType>|true|false
15:41:45.0 (45507789)|VARIABLE_ASSIGNMENT|[57]|mapObjects|"{acceptedeventrelation=AcceptedEventRelation, account=Account, accountcontactrole=AccountContactRole, accountfeed=AccountFeed, accounthistory=AccountHistory, accountpartner=AccountPartner, accountshare=AccountShare, actionlinkgrouptemplate=ActionLinkGroupTemplate, actionlinktemplate=ActionLinkTemplate, activityhistory=ActivityHistory, ...}"|0x5e8d781e
15:41:45.0 (45523576)|HEAP_ALLOCATE|[58]|Bytes:4
15:41:45.0 (45596857)|HEAP_ALLOCATE|[58]|Bytes:20
15:41:45.0 (45616347)|HEAP_ALLOCATE|[58]|Bytes:4
15:41:45.0 (45645472)|HEAP_ALLOCATE|[58]|Bytes:5
15:41:45.0 (45665755)|VARIABLE_SCOPE_BEGIN|[58]|sObjectName|String|false|false
15:41:45.0 (45676707)|VARIABLE_ASSIGNMENT|[58]|sObjectName|"BFFFollow__c"
15:41:45.0 (45681526)|STATEMENT_EXECUTE|[58]
15:41:45.0 (45684981)|STATEMENT_EXECUTE|[59]
15:41:45.0 (45702403)|HEAP_ALLOCATE|[59]|Bytes:9
15:41:45.0 (45707071)|HEAP_ALLOCATE|[59]|Bytes:7
15:41:45.0 (45772065)|HEAP_ALLOCATE|[59]|Bytes:8
15:41:45.0 (45782987)|HEAP_ALLOCATE|[59]|Bytes:1
15:41:45.0 (45798003)|HEAP_ALLOCATE|[59]|Bytes:37
15:41:45.0 (45807825)|VARIABLE_ASSIGNMENT|[59]|securityMessage|"CRUD on [BFFFollow__ (17 more) ..."
15:41:45.0 (45810835)|STATEMENT_EXECUTE|[60]
15:41:45.0 (45818787)|HEAP_ALLOCATE|[60]|Bytes:10
15:41:45.0 (45826166)|HEAP_ALLOCATE|[60]|Bytes:47
15:41:45.0 (45870149)|USER_DEBUG|[60]|DEBUG|Checking: CRUD on [BFFFollow__c] for [Querying]
15:41:45.0 (45878171)|STATEMENT_EXECUTE|[61]
15:41:45.0 (46169831)|HEAP_ALLOCATE|[61]|Bytes:4
15:41:45.0 (46214678)|VARIABLE_SCOPE_BEGIN|[61]|drSObj|Schema.DescribeSObjectResult|true|false
15:41:45.0 (46292187)|VARIABLE_ASSIGNMENT|[61]|drSObj|"common.api.soap.wsdl.DescribeSObjectResult@a54f9caa"|0x71865109
15:41:45.0 (46451066)|STATEMENT_EXECUTE|[64]
15:41:45.0 (46479019)|STATEMENT_EXECUTE|[65]
15:41:45.0 (46533773)|STATEMENT_EXECUTE|[77]
15:41:45.0 (46536531)|STATEMENT_EXECUTE|[79]
15:41:45.0 (46763977)|HEAP_ALLOCATE|[79]|Bytes:56
15:41:45.0 (46774944)|VARIABLE_SCOPE_BEGIN|[79]|mapFields|Map<String,Schema.SObjectField>|true|false
15:41:45.0 (46930015)|VARIABLE_ASSIGNMENT|[79]|mapFields|"{createdbyid=CreatedById, createddate=CreatedDate, followedby__c=FollowedBy__c, followedusers__c=FollowedUsers__c, id=Id, isdeleted=IsDeleted, lastmodifiedbyid=LastModifiedById, lastmodifieddate=LastModifiedDate, lastreferenceddate=LastReferencedDate, lastvieweddate=LastViewedDate, ...}"|0x6c53cc
15:41:45.0 (46941260)|HEAP_ALLOCATE|[80]|Bytes:4
15:41:45.0 (46987349)|HEAP_ALLOCATE|[80]|Bytes:8
15:41:45.0 (47007704)|HEAP_ALLOCATE|[80]|Bytes:5
15:41:45.0 (47026848)|VARIABLE_SCOPE_BEGIN|[80]|fieldName|String|false|false
15:41:45.0 (47039174)|VARIABLE_ASSIGNMENT|[80]|fieldName|"FollowedUsers__c"
15:41:45.0 (47044197)|STATEMENT_EXECUTE|[80]
15:41:45.0 (47047138)|STATEMENT_EXECUTE|[81]
15:41:45.0 (48049962)|HEAP_ALLOCATE|[81]|Bytes:8
15:41:45.0 (48084898)|VARIABLE_SCOPE_BEGIN|[81]|drField|Schema.DescribeFieldResult|true|false
15:41:45.0 (48162541)|VARIABLE_ASSIGNMENT|[81]|drField|"common.api.soap.wsdl.Field@dc46b0b9"|0x521cd65e
15:41:45.0 (48184793)|STATEMENT_EXECUTE|[82]
15:41:45.0 (48186699)|STATEMENT_EXECUTE|[83]
15:41:45.0 (48195956)|HEAP_ALLOCATE|[83]|Bytes:8
15:41:45.0 (48200125)|HEAP_ALLOCATE|[83]|Bytes:1
15:41:45.0 (48242769)|HEAP_ALLOCATE|[83]|Bytes:8
15:41:45.0 (48262043)|HEAP_ALLOCATE|[83]|Bytes:52
15:41:45.0 (48268050)|HEAP_ALLOCATE|[83]|Bytes:53
15:41:45.0 (48277788)|VARIABLE_ASSIGNMENT|[83]|securityMessage|"FLS on [BFFFollow__c (33 more) ..."
15:41:45.0 (48280675)|STATEMENT_EXECUTE|[84]
15:41:45.0 (48290362)|HEAP_ALLOCATE|[84]|Bytes:63
15:41:45.0 (48318500)|USER_DEBUG|[84]|DEBUG|Checking: FLS on [BFFFollow__c.FollowedUsers__c] for [Querying]
15:41:45.0 (48433303)|STATEMENT_EXECUTE|[87]
15:41:45.0 (48450570)|STATEMENT_EXECUTE|[88]
15:41:45.0 (48468100)|HEAP_ALLOCATE|[80]|Bytes:5
15:41:45.0 (48481346)|VARIABLE_SCOPE_BEGIN|[80]|fieldName|String|false|false
15:41:45.0 (48489401)|VARIABLE_ASSIGNMENT|[80]|fieldName|"Id"
15:41:45.0 (48491963)|STATEMENT_EXECUTE|[80]
15:41:45.0 (48493085)|STATEMENT_EXECUTE|[81]
15:41:45.0 (48633735)|HEAP_ALLOCATE|[81]|Bytes:8
15:41:45.0 (48644420)|VARIABLE_SCOPE_BEGIN|[81]|drField|Schema.DescribeFieldResult|true|false
15:41:45.0 (48716942)|VARIABLE_ASSIGNMENT|[81]|drField|"common.api.soap.wsdl.Field@d0d6e8a9"|0x2b0da670
15:41:45.0 (48730058)|STATEMENT_EXECUTE|[99]
15:41:45.0 (48731848)|STATEMENT_EXECUTE|[100]
15:41:45.0 (48740926)|HEAP_ALLOCATE|[100]|Bytes:22
15:41:45.0 (48780530)|HEAP_ALLOCATE|[100]|Bytes:8
15:41:45.0 (48795042)|HEAP_ALLOCATE|[100]|Bytes:52
15:41:45.0 (48799162)|HEAP_ALLOCATE|[100]|Bytes:35
15:41:45.0 (48803115)|HEAP_ALLOCATE|[100]|Bytes:87
15:41:45.0 (48813445)|USER_DEBUG|[100]|DEBUG|Bypass Check: FLS on [BFFFollow__c.Id] for [Querying] since it's not isPermissionable()
15:41:45.0 (48826912)|HEAP_ALLOCATE|[80]|Bytes:5
15:41:45.0 (48839479)|VARIABLE_ASSIGNMENT|[80]|fieldName|null
15:41:45.0 (48854004)|HEAP_ALLOCATE|[58]|Bytes:5
15:41:45.0 (48863453)|VARIABLE_ASSIGNMENT|[58]|sObjectName|null
15:41:45.0 (48881542)|METHOD_EXIT|[20]|01p50000002CIEt|ETLC_SecuredDB.validate(ETLC_SecuredDB.Operation, Map<String,Set<String>>)
15:41:45.0 (48888442)|STATEMENT_EXECUTE|[21]
15:41:45.0 (48907910)|METHOD_EXIT|[28]|01p50000002CIEt|ETLC_SecuredDB.query(String)
15:41:45.0 (48918259)|VARIABLE_SCOPE_BEGIN|[28]|dbRecords|List<SObject>|true|false
15:41:45.0 (48960735)|VARIABLE_ASSIGNMENT|[28]|dbRecords|{"s":1,"v":[{"s":2,"v":{"FollowedUsers__c":"[{\"id\":\"00550000005c (85 more) ...","Id":"a005000000ezW4dAAE"}}]}|0x5e1fdc8e
15:41:45.0 (48970227)|STATEMENT_EXECUTE|[29]
15:41:45.0 (48971743)|STATEMENT_EXECUTE|[29]
15:41:45.0 (49056070)|USER_DEBUG|[29]|DEBUG|(BFFFollow__c:{FollowedUsers__c=[{"id":"00550000005cg71AAA","name":"Jaswinder Rattanpal"},{"id":"00550000005d7KnAAI","name":"Test User"}], Id=a005000000ezW4dAAE})
15:41:45.0 (49130503)|STATEMENT_EXECUTE|[30]
15:41:45.0 (49136256)|STATEMENT_EXECUTE|[31]
15:41:45.0 (49137471)|STATEMENT_EXECUTE|[32]
15:41:45.0 (49145979)|HEAP_ALLOCATE|[32]|Bytes:18
15:41:45.0 (49157408)|HEAP_ALLOCATE|[32]|Bytes:12
15:41:45.0 (49163002)|HEAP_ALLOCATE|[32]|Bytes:16
15:41:45.0 (49226085)|HEAP_ALLOCATE|[32]|Bytes:105
15:41:45.0 (49245644)|HEAP_ALLOCATE|[32]|Bytes:105
15:41:45.0 (49254574)|HEAP_ALLOCATE|[32]|Bytes:123
15:41:45.0 (49264646)|USER_DEBUG|[32]|DEBUG|FollowedUsers__c::[{"id":"00550000005cg71AAA","name":"Jaswinder Rattanpal"},{"id":"00550000005d7KnAAI","name":"Test User"}]
15:41:45.0 (49270681)|STATEMENT_EXECUTE|[34]
15:41:45.0 (49283765)|HEAP_ALLOCATE|[34]|Bytes:12
15:41:45.0 (49333190)|HEAP_ALLOCATE|[34]|Bytes:105
15:41:45.0 (49351260)|METHOD_EXIT|[10]|01p50000002D8iw|BFFFollow_Controller.fetchFollowedUsers(Id)
15:41:45.0 (49438939)|VARIABLE_ASSIGNMENT|[EXTERNAL]|this|{"debug":true,"input":"{\"mode\":\"fetchFollow (9 more) ...","operation":"BFFFollow_Controller"}|0x3b50d5c
15:41:45.0 (49450619)|VARIABLE_ASSIGNMENT|[EXTERNAL]|value|"[{\"id\":\"00550000005c (85 more) ..."
15:41:45.0 (49466015)|VARIABLE_ASSIGNMENT|[12]|this.output|"[{\"id\":\"00550000005c (85 more) ..."|0x3b50d5c
15:41:45.0 (49473673)|STATEMENT_EXECUTE|[11]
15:41:45.0 (49532450)|VARIABLE_ASSIGNMENT|[EXTERNAL]|this|{"debug":true,"input":"{\"mode\":\"fetchFollow (9 more) ...","operation":"BFFFollow_Controller","output":"[{\"id\":\"00550000005c (85 more) ..."}|0x3b50d5c
15:41:45.0 (49587178)|VARIABLE_ASSIGNMENT|[EXTERNAL]|this|{"debug":true,"input":"{\"mode\":\"fetchFollow (9 more) ...","operation":"BFFFollow_Controller","output":"[{\"id\":\"00550000005c (85 more) ..."}|0x3b50d5c
15:41:45.0 (49596212)|VARIABLE_ASSIGNMENT|[EXTERNAL]|value|true
15:41:45.0 (49602100)|HEAP_ALLOCATE|[15]|Bytes:5
15:41:45.0 (49609880)|VARIABLE_ASSIGNMENT|[15]|this.outputFlag|true|0x3b50d5c
15:41:45.0 (49619461)|STATEMENT_EXECUTE|[19]
15:41:45.0 (49621270)|STATEMENT_EXECUTE|[19]
15:41:45.0 (49629252)|HEAP_ALLOCATE|[19]|Bytes:11
15:41:45.0 (49695874)|HEAP_ALLOCATE|[19]|Bytes:278
15:41:45.0 (49713981)|HEAP_ALLOCATE|[19]|Bytes:289
15:41:45.0 (49724891)|USER_DEBUG|[19]|DEBUG|data AFTER:ETLC_ApexBridge_Data:[debug=true, input={"mode":"fetchFollowedUsers"}, isSuccess=null, messages=null, operation=BFFFollow_Controller, output=[{"id":"00550000005cg71AAA","name":"Jaswinder Rattanpal"},{"id":"00550000005d7KnAAI","name":"Test User"}], outputFlag=true, records=null]
15:41:45.0 (49738630)|METHOD_EXIT|[9]|01p50000002D8iw|BFFFollow_Controller.process(ETLC_ApexBridge_Data)
15:41:45.0 (49742913)|STATEMENT_EXECUTE|[24]
15:41:45.0 (49763996)|METHOD_ENTRY|[24]|01p50000002CIEo|ETLC_ApexBridge_Data.toJSON()
15:41:45.0 (49783589)|VARIABLE_SCOPE_BEGIN|[57]|this|ETLC_ApexBridge_Data|true|false
15:41:45.0 (49813817)|VARIABLE_ASSIGNMENT|[57]|this|{"debug":true,"input":"{\"mode\":\"fetchFollow (9 more) ...","operation":"BFFFollow_Controller","output":"[{\"id\":\"00550000005c (85 more) ...","outputFlag":true}|0x3b50d5c
15:41:45.0 (49819593)|STATEMENT_EXECUTE|[57]
15:41:45.0 (49821013)|STATEMENT_EXECUTE|[58]
15:41:45.0 (49836138)|METHOD_ENTRY|[58]||System.JSON.serialize(Object)
15:41:45.0 (49941093)|STATEMENT_EXECUTE|[22]
15:41:45.0 (49946262)|STATEMENT_EXECUTE|[23]
15:41:45.0 (49955884)|HEAP_ALLOCATE|[23]|Bytes:5
15:41:45.0 (49965487)|VARIABLE_ASSIGNMENT|[23]|this.isSuccess|true|0x3b50d5c
15:41:45.0 (49968104)|STATEMENT_EXECUTE|[24]
15:41:45.0 (50015947)|STATEMENT_EXECUTE|[31]
15:41:45.0 (50021343)|STATEMENT_EXECUTE|[32]
15:41:45.0 (50029333)|HEAP_ALLOCATE|[32]|Bytes:4
15:41:45.0 (50094481)|VARIABLE_ASSIGNMENT|[32]|this.messages|{"s":1,"v":{}}|0x3b50d5c
15:41:45.0 (50098703)|STATEMENT_EXECUTE|[33]
15:41:45.0 (50439378)|METHOD_EXIT|[58]||System.JSON.serialize(Object)
15:41:45.0 (50449340)|METHOD_EXIT|[24]|01p50000002CIEo|ETLC_ApexBridge_Data.toJSON()
15:41:45.0 (50464869)|SYSTEM_MODE_EXIT|false
15:41:45.50 (50517973)|CUMULATIVE_LIMIT_USAGE
15:41:45.50 (50517973)|LIMIT_USAGE_FOR_NS|(default)|
  Number of SOQL queries: 1 out of 100
  Number of query rows: 1 out of 50000
  Number of SOSL queries: 0 out of 20
  Number of DML statements: 0 out of 150
  Number of DML rows: 0 out of 10000
  Maximum CPU time: 0 out of 10000
  Maximum heap size: 0 out of 6000000
  Number of callouts: 0 out of 100
  Number of Email Invocations: 0 out of 10
  Number of future calls: 0 out of 50
  Number of queueable jobs added to the queue: 0 out of 50
  Number of Mobile Apex push calls: 0 out of 10

15:41:45.50 (50517973)|CUMULATIVE_LIMIT_USAGE_END

15:41:45.0 (50574172)|CODE_UNIT_FINISHED|ETLC_ApexBridge_Controller.execute
