37.0 APEX_CODE,FINEST;APEX_PROFILING,INFO;CALLOUT,INFO;DB,INFO;SYSTEM,DEBUG;VALIDATION,INFO;VISUALFORCE,INFO;WORKFLOW,INFO
20:29:10.0 (83047)|USER_INFO|[EXTERNAL]|00550000005cg71|bfffollow@jr.te|Eastern Standard Time|GMT-04:00
20:29:10.0 (125222)|EXECUTION_STARTED
20:29:10.0 (129758)|CODE_UNIT_STARTED|[EXTERNAL]|aura
20:29:10.0 (446783)|HEAP_ALLOCATE|[72]|Bytes:3
20:29:10.0 (483112)|HEAP_ALLOCATE|[77]|Bytes:152
20:29:10.0 (497951)|HEAP_ALLOCATE|[342]|Bytes:408
20:29:10.0 (514888)|HEAP_ALLOCATE|[355]|Bytes:408
20:29:10.0 (531291)|HEAP_ALLOCATE|[467]|Bytes:48
20:29:10.0 (557300)|HEAP_ALLOCATE|[139]|Bytes:6
20:29:10.0 (578566)|HEAP_ALLOCATE|[EXTERNAL]|Bytes:93
20:29:10.0 (598409)|HEAP_ALLOCATE|[EXTERNAL]|Bytes:93
20:29:10.0 (1474945)|CODE_UNIT_STARTED|[EXTERNAL]|01p50000002CIEm|ETLC_ApexBridge_Controller.execute
20:29:10.0 (1592245)|HEAP_ALLOCATE|[EXTERNAL]|Bytes:1
20:29:10.0 (1597820)|HEAP_ALLOCATE|[EXTERNAL]|Bytes:10
20:29:10.0 (1609931)|METHOD_ENTRY|[1]|01p50000002CIEm|ETLC_ApexBridge_Controller.ETLC_ApexBridge_Controller()
20:29:10.0 (1614103)|STATEMENT_EXECUTE|[1]
20:29:10.0 (1618506)|STATEMENT_EXECUTE|[1]
20:29:10.0 (1623471)|METHOD_EXIT|[1]|ETLC_ApexBridge_Controller
20:29:10.0 (1627743)|HEAP_ALLOCATE|[EXTERNAL]|Bytes:93
20:29:10.0 (1639930)|SYSTEM_MODE_ENTER|false
20:29:10.0 (1648540)|VARIABLE_SCOPE_BEGIN|[3]|dataJson|String|false|false
20:29:10.0 (1693368)|VARIABLE_ASSIGNMENT|[3]|dataJson|"{\"operation\":\"BFFFol (73 more) ..."
20:29:10.0 (1706853)|STATEMENT_EXECUTE|[3]
20:29:10.0 (1708305)|STATEMENT_EXECUTE|[4]
20:29:10.0 (1796313)|VARIABLE_SCOPE_BEGIN|[4]|data|ETLC_ApexBridge_Data|true|false
20:29:10.0 (1807779)|VARIABLE_ASSIGNMENT|[4]|data|null|
20:29:10.0 (1810262)|STATEMENT_EXECUTE|[5]
20:29:10.0 (1811458)|STATEMENT_EXECUTE|[5]
20:29:10.0 (1812544)|STATEMENT_EXECUTE|[6]
20:29:10.0 (1834698)|HEAP_ALLOCATE|[6]|Bytes:11
20:29:10.0 (1841929)|HEAP_ALLOCATE|[6]|Bytes:248
20:29:10.0 (1845019)|HEAP_ALLOCATE|[6]|Bytes:39
20:29:10.0 (1869026)|METHOD_ENTRY|[2]|01p50000002CIEo|ETLC_ApexBridge_Data.ETLC_ApexBridge_Data()
20:29:10.0 (1872080)|STATEMENT_EXECUTE|[2]
20:29:10.0 (1874894)|STATEMENT_EXECUTE|[2]
20:29:10.0 (1878907)|METHOD_EXIT|[2]|ETLC_ApexBridge_Data
20:29:10.0 (1893348)|METHOD_ENTRY|[6]|01p50000002CIEo|ETLC_ApexBridge_Data.fromJSON(String)
20:29:10.0 (1911624)|VARIABLE_SCOPE_BEGIN|[60]|strJson|String|false|false
20:29:10.0 (1920408)|VARIABLE_ASSIGNMENT|[60]|strJson|"{\"operation\":\"BFFFol (73 more) ..."
20:29:10.0 (1924649)|STATEMENT_EXECUTE|[60]
20:29:10.0 (1926062)|STATEMENT_EXECUTE|[61]
20:29:10.0 (1935535)|HEAP_ALLOCATE|[61]|Bytes:20
20:29:10.0 (1954001)|HEAP_ALLOCATE|[50]|Bytes:5
20:29:10.0 (1974472)|HEAP_ALLOCATE|[56]|Bytes:5
20:29:10.0 (1982976)|HEAP_ALLOCATE|[64]|Bytes:7
20:29:10.0 (2099107)|HEAP_ALLOCATE|[61]|Bytes:24
20:29:10.0 (2111577)|SYSTEM_METHOD_ENTRY|[1]|Type.Type()
20:29:10.0 (2114339)|STATEMENT_EXECUTE|[1]
20:29:10.0 (2120816)|SYSTEM_METHOD_EXIT|[1]|Type
20:29:10.0 (2126013)|HEAP_ALLOCATE|[61]|Bytes:8
20:29:10.0 (2142475)|HEAP_ALLOCATE|[61]|Bytes:8
20:29:10.0 (2146627)|VARIABLE_SCOPE_BEGIN|[4]|this|System.Type|true|false
20:29:10.0 (2178855)|VARIABLE_ASSIGNMENT|[4]|this|{}|0x6e50ad2f
20:29:10.0 (2182351)|VARIABLE_SCOPE_BEGIN|[4]|apextype|java:common.apex.runtime.ApexObjectType|true|false
20:29:10.0 (2329802)|VARIABLE_ASSIGNMENT|[4]|apextype|"ETLC_ApexBridge_Data"|0x2c32427b
20:29:10.0 (2395619)|HEAP_ALLOCATE|[61]|Bytes:8
20:29:10.0 (2435276)|HEAP_ALLOCATE|[61]|Bytes:24
20:29:10.0 (2445242)|SYSTEM_METHOD_ENTRY|[1]|JSON.JSON()
20:29:10.0 (2447498)|STATEMENT_EXECUTE|[1]
20:29:10.0 (2453189)|SYSTEM_METHOD_EXIT|[1]|JSON
20:29:10.0 (2465592)|METHOD_ENTRY|[61]||System.JSON.deserializeStrict(String, System.Type)
20:29:10.0 (2742903)|METHOD_EXIT|[61]||System.JSON.deserializeStrict(String, System.Type)
20:29:10.0 (2751614)|METHOD_EXIT|[6]|01p50000002CIEo|ETLC_ApexBridge_Data.fromJSON(String)
20:29:10.0 (2790940)|VARIABLE_ASSIGNMENT|[6]|data|{"debug":true,"input":"{\"mode\":\"fetchFollow (9 more) ...","operation":"BFFFollow_Controller"}|0x4b518f34
20:29:10.0 (2796128)|STATEMENT_EXECUTE|[7]
20:29:10.0 (2807057)|HEAP_ALLOCATE|[7]|Bytes:6
20:29:10.0 (2880515)|HEAP_ALLOCATE|[7]|Bytes:177
20:29:10.0 (2899138)|HEAP_ALLOCATE|[7]|Bytes:183
20:29:10.0 (2920124)|USER_DEBUG|[7]|DEBUG|data::ETLC_ApexBridge_Data:[debug=true, input={"mode":"fetchFollowedUsers"}, isSuccess=null, messages=null, operation=BFFFollow_Controller, output=null, outputFlag=null, records=null]
20:29:10.0 (2926961)|STATEMENT_EXECUTE|[8]
20:29:10.0 (2981220)|VARIABLE_ASSIGNMENT|[EXTERNAL]|this|{"debug":true,"input":"{\"mode\":\"fetchFollow (9 more) ...","operation":"BFFFollow_Controller"}|0x4b518f34
20:29:10.0 (3000257)|METHOD_ENTRY|[8]||System.Type.forName(String)
20:29:10.0 (3209075)|METHOD_EXIT|[8]||System.Type.forName(String)
20:29:10.0 (3219736)|METHOD_ENTRY|[8]||System.Type.newInstance()
20:29:10.0 (3347144)|STATEMENT_EXECUTE|[1]
20:29:10.0 (3356644)|HEAP_ALLOCATE|[33]|Bytes:5
20:29:10.0 (3365225)|METHOD_EXIT|[1]|BFFFollow_Controller
20:29:10.0 (3370039)|HEAP_ALLOCATE|[33]|Bytes:4
20:29:10.0 (3374231)|VARIABLE_SCOPE_BEGIN|[1]|this|BFFFollow_Controller|true|false
20:29:10.0 (3390313)|VARIABLE_ASSIGNMENT|[1]|this|{}|0x178e8ee9
20:29:10.0 (3397771)|HEAP_ALLOCATE|[33]|Bytes:5
20:29:10.0 (3406900)|HEAP_ALLOCATE|[33]|Bytes:11
20:29:10.0 (3415307)|METHOD_ENTRY|[1]|01p50000002CIEj|ETLC_ApexBridge_Abstract.ETLC_ApexBridge_Abstract()
20:29:10.0 (3417681)|STATEMENT_EXECUTE|[1]
20:29:10.0 (3420159)|STATEMENT_EXECUTE|[1]
20:29:10.0 (3423727)|METHOD_EXIT|[1]|ETLC_ApexBridge_Abstract
20:29:10.0 (3430091)|CONSTRUCTOR_ENTRY|[EXTERNAL]|01p50000002CIEj|<init>()
20:29:10.0 (3435352)|VARIABLE_SCOPE_BEGIN|[1]|this|ETLC_ApexBridge_Abstract|true|false
20:29:10.0 (3448290)|VARIABLE_ASSIGNMENT|[1]|this|{}|0x178e8ee9
20:29:10.0 (3461007)|STATEMENT_EXECUTE|[1]
20:29:10.0 (3464635)|CONSTRUCTOR_EXIT|[EXTERNAL]|01p50000002CIEj|<init>()
20:29:10.0 (3469251)|STATEMENT_EXECUTE|[1]
20:29:10.0 (3473491)|HEAP_ALLOCATE|[33]|Bytes:5
20:29:10.0 (3487690)|METHOD_EXIT|[8]||System.Type.newInstance()
20:29:10.0 (3494382)|VARIABLE_SCOPE_BEGIN|[8]|executor|ETLC_ApexBridge_Abstract|true|false
20:29:10.0 (3507023)|VARIABLE_ASSIGNMENT|[8]|executor|{}|0x178e8ee9
20:29:10.0 (3510001)|STATEMENT_EXECUTE|[9]
20:29:10.0 (3531756)|METHOD_ENTRY|[9]|01p50000002D8iw|BFFFollow_Controller.process(ETLC_ApexBridge_Data)
20:29:10.0 (3546218)|VARIABLE_SCOPE_BEGIN|[3]|this|BFFFollow_Controller|true|false
20:29:10.0 (3559941)|VARIABLE_ASSIGNMENT|[3]|this|{}|0x178e8ee9
20:29:10.0 (3562686)|VARIABLE_SCOPE_BEGIN|[3]|data|ETLC_ApexBridge_Data|true|false
20:29:10.0 (3585055)|VARIABLE_ASSIGNMENT|[3]|data|{"debug":true,"input":"{\"mode\":\"fetchFollow (9 more) ...","operation":"BFFFollow_Controller"}|0x4b518f34
20:29:10.0 (3594202)|HEAP_ALLOCATE|[4]|Bytes:5
20:29:10.0 (3597912)|STATEMENT_EXECUTE|[3]
20:29:10.0 (3599044)|STATEMENT_EXECUTE|[4]
20:29:10.0 (3649364)|VARIABLE_ASSIGNMENT|[EXTERNAL]|this|{"debug":true,"input":"{\"mode\":\"fetchFollow (9 more) ...","operation":"BFFFollow_Controller"}|0x4b518f34
20:29:10.0 (3669239)|VARIABLE_ASSIGNMENT|[4]|BFFFollow_Controller.debugFlag|true
20:29:10.0 (3705701)|VARIABLE_ASSIGNMENT|[EXTERNAL]|this|{"debug":true,"input":"{\"mode\":\"fetchFollow (9 more) ...","operation":"BFFFollow_Controller"}|0x4b518f34
20:29:10.0 (3718021)|STATEMENT_EXECUTE|[5]
20:29:10.0 (3754412)|USER_DEBUG|[5]|DEBUG|ETLC_ApexBridge_Data:[debug=true, input={"mode":"fetchFollowedUsers"}, isSuccess=null, messages=null, operation=BFFFollow_Controller, output=null, outputFlag=null, records=null]
20:29:10.0 (3761678)|STATEMENT_EXECUTE|[7]
20:29:10.0 (3769918)|HEAP_ALLOCATE|[7]|Bytes:4
20:29:10.0 (3783786)|METHOD_ENTRY|[7]|01p50000002CIEo|ETLC_ApexBridge_Data.getInputValue(String)
20:29:10.0 (3796352)|VARIABLE_SCOPE_BEGIN|[52]|this|ETLC_ApexBridge_Data|true|false
20:29:10.0 (3826975)|VARIABLE_ASSIGNMENT|[52]|this|{"debug":true,"input":"{\"mode\":\"fetchFollow (9 more) ...","operation":"BFFFollow_Controller"}|0x4b518f34
20:29:10.0 (3830767)|VARIABLE_SCOPE_BEGIN|[52]|key|String|false|false
20:29:10.0 (3834391)|VARIABLE_ASSIGNMENT|[52]|key|"mode"
20:29:10.0 (3839000)|STATEMENT_EXECUTE|[52]
20:29:10.0 (3840534)|STATEMENT_EXECUTE|[53]
20:29:10.0 (3888158)|VARIABLE_ASSIGNMENT|[EXTERNAL]|this|{"debug":true,"input":"{\"mode\":\"fetchFollow (9 more) ...","operation":"BFFFollow_Controller"}|0x4b518f34
20:29:10.0 (3905237)|METHOD_ENTRY|[53]||System.JSON.deserializeUntyped(String)
20:29:10.0 (4105783)|METHOD_EXIT|[53]||System.JSON.deserializeUntyped(String)
20:29:10.0 (4115593)|VARIABLE_SCOPE_BEGIN|[53]|inputMap|Map<String,ANY>|true|false
20:29:10.0 (4152052)|VARIABLE_ASSIGNMENT|[53]|inputMap|{"s":1,"v":{"mode":"fetchFollowedUsers"}}|0x2fd521cb
20:29:10.0 (4156292)|STATEMENT_EXECUTE|[54]
20:29:10.0 (4202390)|METHOD_EXIT|[7]|01p50000002CIEo|ETLC_ApexBridge_Data.getInputValue(String)
20:29:10.0 (4207917)|VARIABLE_SCOPE_BEGIN|[7]|mode|String|false|false
20:29:10.0 (4214897)|VARIABLE_ASSIGNMENT|[7]|mode|"fetchFollowedUsers"
20:29:10.0 (4219296)|HEAP_ALLOCATE|[9]|Bytes:18
20:29:10.0 (4242919)|STATEMENT_EXECUTE|[9]
20:29:10.0 (4244699)|STATEMENT_EXECUTE|[10]
20:29:10.0 (4286639)|HEAP_ALLOCATE|[10]|Bytes:85
20:29:10.0 (4298156)|SYSTEM_METHOD_ENTRY|[1]|UserInfo.UserInfo()
20:29:10.0 (4300359)|STATEMENT_EXECUTE|[1]
20:29:10.0 (4306617)|SYSTEM_METHOD_EXIT|[1]|UserInfo
20:29:10.0 (4318081)|METHOD_ENTRY|[10]||System.UserInfo.getUserId()
20:29:10.0 (4349870)|METHOD_EXIT|[10]||System.UserInfo.getUserId()
20:29:10.0 (4364295)|HEAP_ALLOCATE|[10]|Bytes:4
20:29:10.0 (4380390)|METHOD_ENTRY|[10]|01p50000002D8iw|BFFFollow_Controller.fetchFollowedUsers(Id)
20:29:10.0 (4386583)|VARIABLE_SCOPE_BEGIN|[20]|this|BFFFollow_Controller|true|false
20:29:10.0 (4400821)|VARIABLE_ASSIGNMENT|[20]|this|{}|0x178e8ee9
20:29:10.0 (4404569)|VARIABLE_SCOPE_BEGIN|[20]|followedById|Id|false|false
20:29:10.0 (4473151)|VARIABLE_ASSIGNMENT|[20]|followedById|"00550000005cg71AAA"
20:29:10.0 (4484964)|HEAP_ALLOCATE|[21]|Bytes:5
20:29:10.0 (4489251)|STATEMENT_EXECUTE|[20]
20:29:10.0 (4490567)|STATEMENT_EXECUTE|[21]
20:29:10.0 (4500910)|HEAP_ALLOCATE|[21]|Bytes:63
20:29:10.0 (4536632)|HEAP_ALLOCATE|[21]|Bytes:18
20:29:10.0 (4548906)|HEAP_ALLOCATE|[21]|Bytes:9
20:29:10.0 (4558493)|HEAP_ALLOCATE|[21]|Bytes:90
20:29:10.0 (4562616)|VARIABLE_SCOPE_BEGIN|[21]|soql|String|false|false
20:29:10.0 (4571173)|VARIABLE_ASSIGNMENT|[21]|soql|"SELECT FollowedUsers (70 more) ..."
20:29:10.0 (4573688)|STATEMENT_EXECUTE|[22]
20:29:10.0 (4574687)|STATEMENT_EXECUTE|[22]
20:29:10.0 (4580308)|STATEMENT_EXECUTE|[23]
20:29:10.0 (4581253)|STATEMENT_EXECUTE|[23]
20:29:10.0 (4589720)|HEAP_ALLOCATE|[23]|Bytes:24
20:29:10.0 (4596255)|HEAP_ALLOCATE|[23]|Bytes:114
20:29:10.0 (4623407)|USER_DEBUG|[23]|DEBUG|fetchFollowedUsers:soql:SELECT FollowedUsers__c FROM BFFFollow__c WHERE FollowedBy__c='00550000005cg71AAA' limit 1
20:29:10.0 (4630566)|STATEMENT_EXECUTE|[24]
20:29:10.0 (4732397)|HEAP_ALLOCATE|[24]|Bytes:9
20:29:10.0 (4739445)|HEAP_ALLOCATE|[24]|Bytes:29
20:29:10.0 (4741887)|HEAP_ALLOCATE|[24]|Bytes:21
20:29:10.0 (4750571)|METHOD_ENTRY|[7]|01p50000002CIEt|ETLC_SecuredDB.ETLC_SecuredDB()
20:29:10.0 (4753078)|STATEMENT_EXECUTE|[7]
20:29:10.0 (4756309)|STATEMENT_EXECUTE|[7]
20:29:10.0 (4776285)|HEAP_ALLOCATE|[24]|Bytes:5
20:29:10.0 (4791215)|METHOD_EXIT|[7]|ETLC_SecuredDB
20:29:10.0 (4807893)|METHOD_ENTRY|[24]|01p50000002CIEt|ETLC_SecuredDB.query(String)
20:29:10.0 (4831114)|VARIABLE_SCOPE_BEGIN|[10]|SOQL|String|false|false
20:29:10.0 (4839877)|VARIABLE_ASSIGNMENT|[10]|SOQL|"SELECT FollowedUsers (70 more) ..."
20:29:10.0 (4848550)|HEAP_ALLOCATE|[12]|Bytes:5
20:29:10.0 (4852303)|STATEMENT_EXECUTE|[10]
20:29:10.0 (4853518)|STATEMENT_EXECUTE|[12]
20:29:10.0 (5233207)|SOQL_EXECUTE_BEGIN|[12]|Aggregations:0|SELECT FollowedUsers__c FROM BFFFollow__c WHERE FollowedBy__c='00550000005cg71AAA' limit 1
20:29:10.0 (8430153)|SOQL_EXECUTE_END|[12]|Rows:1
20:29:10.0 (8454339)|HEAP_ALLOCATE|[12]|Bytes:8
20:29:10.0 (8464596)|HEAP_ALLOCATE|[12]|Bytes:158
20:29:10.0 (8561559)|HEAP_ALLOCATE|[12]|Bytes:8
20:29:10.0 (8579562)|VARIABLE_SCOPE_BEGIN|[12]|dbRecords|List<SObject>|true|false
20:29:10.0 (8616475)|VARIABLE_ASSIGNMENT|[12]|dbRecords|{"s":1,"v":[{"s":2,"v":{"FollowedUsers__c":"[{\"id\":\"00550000005c (85 more) ...","Id":"a005000000ezW4dAAE"}}]}|0x351b7c2
20:29:10.0 (8620909)|STATEMENT_EXECUTE|[20]
20:29:10.0 (8699205)|HEAP_ALLOCATE|[20]|Bytes:12
20:29:10.0 (8706064)|HEAP_ALLOCATE|[20]|Bytes:8
20:29:10.0 (8734144)|HEAP_ALLOCATE|[20]|Bytes:12
20:29:10.0 (8738105)|HEAP_ALLOCATE|[20]|Bytes:9
20:29:10.0 (8748870)|HEAP_ALLOCATE|[20]|Bytes:12
20:29:10.0 (8752131)|HEAP_ALLOCATE|[20]|Bytes:8
20:29:10.0 (8761560)|HEAP_ALLOCATE|[20]|Bytes:12
20:29:10.0 (8764730)|HEAP_ALLOCATE|[20]|Bytes:8
20:29:10.0 (8773814)|HEAP_ALLOCATE|[20]|Bytes:12
20:29:10.0 (8777023)|HEAP_ALLOCATE|[20]|Bytes:9
20:29:10.0 (8802107)|METHOD_ENTRY|[20]|01p50000002CIEt|ETLC_SecuredDB.findFields(List<SObject>)
20:29:10.0 (8826874)|VARIABLE_SCOPE_BEGIN|[108]|dbRecords|List<SObject>|true|false
20:29:10.0 (8845527)|VARIABLE_ASSIGNMENT|[108]|dbRecords|{"s":1,"v":[{"s":2,"v":{"FollowedUsers__c":"[{\"id\":\"00550000005c (85 more) ...","Id":"a005000000ezW4dAAE"}}]}|0x351b7c2
20:29:10.0 (8856006)|HEAP_ALLOCATE|[109]|Bytes:5
20:29:10.0 (8860313)|STATEMENT_EXECUTE|[108]
20:29:10.0 (8861887)|STATEMENT_EXECUTE|[109]
20:29:10.0 (8872262)|VARIABLE_SCOPE_BEGIN|[109]|strJSON|String|false|false
20:29:10.0 (8878277)|VARIABLE_ASSIGNMENT|[109]|strJSON|null
20:29:10.0 (8880384)|STATEMENT_EXECUTE|[110]
20:29:10.0 (8888647)|VARIABLE_SCOPE_BEGIN|[110]|mapFields|Map<String,Set<String>>|true|false
20:29:10.0 (8893775)|VARIABLE_ASSIGNMENT|[110]|mapFields|null|
20:29:10.0 (8895682)|STATEMENT_EXECUTE|[112]
20:29:10.0 (8909452)|METHOD_ENTRY|[112]||System.JSON.serialize(Object)
20:29:10.0 (9317699)|METHOD_EXIT|[112]||System.JSON.serialize(Object)
20:29:10.0 (9333067)|VARIABLE_ASSIGNMENT|[112]|strJSON|"[{\"attributes\":{\"typ (259 more) ..."
20:29:10.0 (9336704)|STATEMENT_EXECUTE|[113]
20:29:10.0 (9346536)|HEAP_ALLOCATE|[113]|Bytes:5
20:29:10.0 (9356937)|HEAP_ALLOCATE|[113]|Bytes:284
20:29:10.0 (9387654)|USER_DEBUG|[113]|DEBUG|JSON:[{"attributes":{"type":"BFFFollow__c","url":"/services/data/v37.0/sobjects/BFFFollow__c/a005000000ezW4dAAE"},"FollowedUsers__c":"[{\"id\":\"00550000005cg71AAA\",\"name\":\"Jaswinder Rattanpal\"},{\"id\":\"00550000005d7KnAAI\",\"name\":\"Test User\"}]","Id":"a005000000ezW4dAAE"}]
20:29:10.0 (9396738)|STATEMENT_EXECUTE|[114]
20:29:10.0 (9406083)|HEAP_ALLOCATE|[114]|Bytes:4
20:29:10.0 (9429482)|VARIABLE_ASSIGNMENT|[114]|mapFields|{"s":1,"v":{}}|0x262b07cd
20:29:10.0 (9432624)|STATEMENT_EXECUTE|[115]
20:29:10.0 (9445080)|METHOD_ENTRY|[115]||System.JSON.deserializeUntyped(String)
20:29:10.0 (9798533)|METHOD_EXIT|[115]||System.JSON.deserializeUntyped(String)
20:29:10.0 (9808454)|VARIABLE_SCOPE_BEGIN|[115]|records|List<ANY>|true|false
20:29:10.0 (9844074)|HEAP_ALLOCATE|[EXTERNAL]|Bytes:8
20:29:10.0 (9867148)|VARIABLE_ASSIGNMENT|[115]|records|{"s":1,"v":[{"s":2,"v":{"attributes":{"s":3,"v":{"type":"BFFFollow__c","url":"/services/data/v37.0 (41 more) ..."}},"FollowedUsers__c":"[{\"id\":\"00550000005c (85 more) ...","Id":"a005000000ezW4dAAE"}}]}|0x28ca5b6d
20:29:10.0 (9909457)|HEAP_ALLOCATE|[116]|Bytes:5
20:29:10.0 (9925217)|HEAP_ALLOCATE|[116]|Bytes:16
20:29:10.0 (9935612)|VARIABLE_SCOPE_BEGIN|[116]|record|Object|false|false
20:29:10.0 (9956652)|VARIABLE_ASSIGNMENT|[116]|record|{"s":1,"v":{"attributes":{"s":2,"v":{"type":"BFFFollow__c","url":"/services/data/v37.0 (41 more) ..."}},"FollowedUsers__c":"[{\"id\":\"00550000005c (85 more) ...","Id":"a005000000ezW4dAAE"}}
20:29:10.0 (9960962)|STATEMENT_EXECUTE|[116]
20:29:10.0 (9962221)|STATEMENT_EXECUTE|[117]
20:29:10.0 (9982082)|METHOD_ENTRY|[117]|01p50000002CIEt|ETLC_SecuredDB.findFieldsRecursive(Map<String,Set<String>>, Map<String,ANY>)
20:29:10.0 (9997828)|VARIABLE_SCOPE_BEGIN|[124]|mapFields|Map<String,Set<String>>|true|false
20:29:10.0 (10012211)|VARIABLE_ASSIGNMENT|[124]|mapFields|{"s":1,"v":{}}|0x262b07cd
20:29:10.0 (10016272)|VARIABLE_SCOPE_BEGIN|[124]|record|Map<String,ANY>|true|false
20:29:10.0 (10027891)|VARIABLE_ASSIGNMENT|[124]|record|{"s":1,"v":{"attributes":{"s":2,"v":{"type":"BFFFollow__c","url":"/services/data/v37.0 (41 more) ..."}},"FollowedUsers__c":"[{\"id\":\"00550000005c (85 more) ...","Id":"a005000000ezW4dAAE"}}|0x7144fbf1
20:29:10.0 (10037345)|HEAP_ALLOCATE|[125]|Bytes:5
20:29:10.0 (10041156)|STATEMENT_EXECUTE|[124]
20:29:10.0 (10042611)|STATEMENT_EXECUTE|[125]
20:29:10.0 (10050787)|HEAP_ALLOCATE|[125]|Bytes:10
20:29:10.0 (10057742)|VARIABLE_SCOPE_BEGIN|[125]|strAttributes|String|false|false
20:29:10.0 (10064092)|VARIABLE_ASSIGNMENT|[125]|strAttributes|"attributes"
20:29:10.0 (10066260)|STATEMENT_EXECUTE|[126]
20:29:10.0 (10072162)|HEAP_ALLOCATE|[126]|Bytes:7
20:29:10.0 (10075463)|VARIABLE_SCOPE_BEGIN|[126]|strRecord|String|false|false
20:29:10.0 (10080374)|VARIABLE_ASSIGNMENT|[126]|strRecord|"records"
20:29:10.0 (10117494)|STATEMENT_EXECUTE|[127]
20:29:10.0 (10119701)|STATEMENT_EXECUTE|[128]
20:29:10.0 (10160507)|VARIABLE_SCOPE_BEGIN|[128]|attributes|Map<String,ANY>|true|false
20:29:10.0 (10177225)|VARIABLE_ASSIGNMENT|[128]|attributes|{"s":1,"v":{"type":"BFFFollow__c","url":"/services/data/v37.0 (41 more) ..."}}|0x66d4378c
20:29:10.0 (10180447)|STATEMENT_EXECUTE|[129]
20:29:10.0 (10189307)|HEAP_ALLOCATE|[129]|Bytes:4
20:29:10.0 (10224119)|VARIABLE_SCOPE_BEGIN|[129]|objectName|String|false|false
20:29:10.0 (10231609)|VARIABLE_ASSIGNMENT|[129]|objectName|"BFFFollow__c"
20:29:10.0 (10238986)|HEAP_ALLOCATE|[130]|Bytes:4
20:29:10.0 (10297390)|HEAP_ALLOCATE|[130]|Bytes:44
20:29:10.0 (10315656)|HEAP_ALLOCATE|[130]|Bytes:12
20:29:10.0 (10337051)|HEAP_ALLOCATE|[130]|Bytes:5
20:29:10.0 (10349463)|VARIABLE_SCOPE_BEGIN|[130]|fieldName|String|false|false
20:29:10.0 (10360155)|VARIABLE_ASSIGNMENT|[130]|fieldName|"attributes"
20:29:10.0 (10363002)|STATEMENT_EXECUTE|[130]
20:29:10.0 (10364245)|STATEMENT_EXECUTE|[131]
20:29:10.0 (10409992)|VARIABLE_SCOPE_BEGIN|[131]|field|Object|false|false
20:29:10.0 (10438156)|VARIABLE_ASSIGNMENT|[131]|field|{"s":1,"v":{"type":"BFFFollow__c","url":"/services/data/v37.0 (41 more) ..."}}
20:29:10.0 (10465066)|STATEMENT_EXECUTE|[132]
20:29:10.0 (10486758)|HEAP_ALLOCATE|[130]|Bytes:5
20:29:10.0 (10498734)|VARIABLE_SCOPE_BEGIN|[130]|fieldName|String|false|false
20:29:10.0 (10505868)|VARIABLE_ASSIGNMENT|[130]|fieldName|"FollowedUsers__c"
20:29:10.0 (10508250)|STATEMENT_EXECUTE|[130]
20:29:10.0 (10509328)|STATEMENT_EXECUTE|[131]
20:29:10.0 (10532488)|VARIABLE_SCOPE_BEGIN|[131]|field|Object|false|false
20:29:10.0 (10542811)|VARIABLE_ASSIGNMENT|[131]|field|"[{\"id\":\"00550000005c (85 more) ..."
20:29:10.0 (10554363)|HEAP_ALLOCATE|[134]|Bytes:68
20:29:10.0 (10574560)|STATEMENT_EXECUTE|[136]
20:29:10.0 (10578862)|STATEMENT_EXECUTE|[137]
20:29:10.0 (10591271)|HEAP_ALLOCATE|[137]|Bytes:4
20:29:10.0 (10634215)|VARIABLE_SCOPE_BEGIN|[137]|fieldNames|Set<String>|true|false
20:29:10.0 (10659565)|VARIABLE_ASSIGNMENT|[137]|fieldNames|{"s":1,"v":[]}|0x183f51f4
20:29:10.0 (10698650)|STATEMENT_EXECUTE|[138]
20:29:10.0 (10706965)|STATEMENT_EXECUTE|[139]
20:29:10.0 (10734238)|HEAP_ALLOCATE|[EXTERNAL]|Bytes:4
20:29:10.0 (10742186)|STATEMENT_EXECUTE|[140]
20:29:10.0 (10772978)|HEAP_ALLOCATE|[EXTERNAL]|Bytes:-4
20:29:10.0 (10787494)|HEAP_ALLOCATE|[130]|Bytes:5
20:29:10.0 (10798545)|VARIABLE_SCOPE_BEGIN|[130]|fieldName|String|false|false
20:29:10.0 (10805302)|VARIABLE_ASSIGNMENT|[130]|fieldName|"Id"
20:29:10.0 (10807803)|STATEMENT_EXECUTE|[130]
20:29:10.0 (10808828)|STATEMENT_EXECUTE|[131]
20:29:10.0 (10837255)|VARIABLE_SCOPE_BEGIN|[131]|field|Object|false|false
20:29:10.0 (10846384)|VARIABLE_ASSIGNMENT|[131]|field|"a005000000ezW4dAAE"
20:29:10.0 (10863040)|STATEMENT_EXECUTE|[136]
20:29:10.0 (10864848)|STATEMENT_EXECUTE|[137]
20:29:10.0 (10874227)|HEAP_ALLOCATE|[137]|Bytes:4
20:29:10.0 (10885271)|VARIABLE_SCOPE_BEGIN|[137]|fieldNames|Set<String>|true|false
20:29:10.0 (10900535)|VARIABLE_ASSIGNMENT|[137]|fieldNames|{"s":1,"v":[]}|0x62d470ad
20:29:10.0 (10913385)|STATEMENT_EXECUTE|[138]
20:29:10.0 (10939379)|VARIABLE_ASSIGNMENT|[138]|fieldNames|{"s":1,"v":["FollowedUsers__c"]}|0x183f51f4
20:29:10.0 (10942675)|STATEMENT_EXECUTE|[139]
20:29:10.0 (10953737)|HEAP_ALLOCATE|[EXTERNAL]|Bytes:4
20:29:10.0 (10959153)|STATEMENT_EXECUTE|[140]
20:29:10.0 (10980917)|HEAP_ALLOCATE|[130]|Bytes:5
20:29:10.0 (10991666)|VARIABLE_ASSIGNMENT|[130]|fieldName|null
20:29:10.0 (11001616)|METHOD_EXIT|[117]|01p50000002CIEt|ETLC_SecuredDB.findFieldsRecursive(Map<String,Set<String>>, Map<String,ANY>)
20:29:10.0 (11012292)|HEAP_ALLOCATE|[116]|Bytes:5
20:29:10.0 (11025868)|VARIABLE_ASSIGNMENT|[116]|record|null
20:29:10.0 (11031656)|HEAP_ALLOCATE|[119]|Bytes:4
20:29:10.0 (11061495)|HEAP_ALLOCATE|[119]|Bytes:20
20:29:10.0 (11086853)|HEAP_ALLOCATE|[119]|Bytes:4
20:29:10.0 (11104751)|HEAP_ALLOCATE|[119]|Bytes:5
20:29:10.0 (11116255)|VARIABLE_SCOPE_BEGIN|[119]|objectName|String|false|false
20:29:10.0 (11123306)|VARIABLE_ASSIGNMENT|[119]|objectName|"BFFFollow__c"
20:29:10.0 (11125952)|STATEMENT_EXECUTE|[119]
20:29:10.0 (11127093)|STATEMENT_EXECUTE|[120]
20:29:10.0 (11135861)|HEAP_ALLOCATE|[120]|Bytes:2
20:29:10.0 (11191522)|HEAP_ALLOCATE|[120]|Bytes:22
20:29:10.0 (11205498)|HEAP_ALLOCATE|[120]|Bytes:36
20:29:10.0 (11216651)|USER_DEBUG|[120]|DEBUG|BFFFollow__c: {FollowedUsers__c, Id}
20:29:10.0 (11228755)|HEAP_ALLOCATE|[119]|Bytes:5
20:29:10.0 (11238759)|VARIABLE_ASSIGNMENT|[119]|objectName|null
20:29:10.0 (11241860)|STATEMENT_EXECUTE|[122]
20:29:10.0 (11255357)|METHOD_EXIT|[20]|01p50000002CIEt|ETLC_SecuredDB.findFields(List<SObject>)
20:29:10.0 (11267537)|METHOD_ENTRY|[20]|01p50000002CIEt|ETLC_SecuredDB.validate(ETLC_SecuredDB.Operation, Map<String,Set<String>>)
20:29:10.0 (11272501)|VARIABLE_SCOPE_BEGIN|[55]|op|ETLC_SecuredDB.Operation|true|false
20:29:10.0 (11289359)|VARIABLE_ASSIGNMENT|[55]|op|"Querying"|0x34198475
20:29:10.0 (11291880)|VARIABLE_SCOPE_BEGIN|[55]|mapFieldNames|Map<String,Set<String>>|true|false
20:29:10.0 (11306364)|VARIABLE_ASSIGNMENT|[55]|mapFieldNames|{"s":1,"v":{"BFFFollow__c":{"s":2,"v":["FollowedUsers__c","Id"]}}}|0x262b07cd
20:29:10.0 (11314603)|HEAP_ALLOCATE|[56]|Bytes:5
20:29:10.0 (11319122)|STATEMENT_EXECUTE|[55]
20:29:10.0 (11320501)|STATEMENT_EXECUTE|[56]
20:29:10.0 (11329159)|VARIABLE_SCOPE_BEGIN|[56]|securityMessage|String|false|false
20:29:10.0 (11334310)|VARIABLE_ASSIGNMENT|[56]|securityMessage|null
20:29:10.0 (11336153)|STATEMENT_EXECUTE|[57]
20:29:10.0 (21591369)|HEAP_ALLOCATE|[57]|Bytes:1256
20:29:10.0 (21627082)|VARIABLE_SCOPE_BEGIN|[57]|mapObjects|Map<String,Schema.SObjectType>|true|false
20:29:10.0 (21861526)|VARIABLE_ASSIGNMENT|[57]|mapObjects|"{acceptedeventrelation=AcceptedEventRelation, account=Account, accountcontactrole=AccountContactRole, accounthistory=AccountHistory, accountpartner=AccountPartner, accountshare=AccountShare, actionlinkgrouptemplate=ActionLinkGroupTemplate, actionlinktemplate=ActionLinkTemplate, activityhistory=ActivityHistory, additionalnumber=AdditionalNumber, ...}"|0x7336ad2d
20:29:10.0 (21875269)|HEAP_ALLOCATE|[58]|Bytes:4
20:29:10.0 (21943627)|HEAP_ALLOCATE|[58]|Bytes:20
20:29:10.0 (21961553)|HEAP_ALLOCATE|[58]|Bytes:4
20:29:10.0 (21988280)|HEAP_ALLOCATE|[58]|Bytes:5
20:29:10.0 (22004711)|VARIABLE_SCOPE_BEGIN|[58]|sObjectName|String|false|false
20:29:10.0 (22015114)|VARIABLE_ASSIGNMENT|[58]|sObjectName|"BFFFollow__c"
20:29:10.0 (22019169)|STATEMENT_EXECUTE|[58]
20:29:10.0 (22020957)|STATEMENT_EXECUTE|[59]
20:29:10.0 (22034527)|HEAP_ALLOCATE|[59]|Bytes:9
20:29:10.0 (22038113)|HEAP_ALLOCATE|[59]|Bytes:7
20:29:10.0 (22095214)|HEAP_ALLOCATE|[59]|Bytes:8
20:29:10.0 (22107131)|HEAP_ALLOCATE|[59]|Bytes:1
20:29:10.0 (22116552)|HEAP_ALLOCATE|[59]|Bytes:37
20:29:10.0 (22126619)|VARIABLE_ASSIGNMENT|[59]|securityMessage|"CRUD on [BFFFollow__ (17 more) ..."
20:29:10.0 (22129926)|STATEMENT_EXECUTE|[60]
20:29:10.0 (22138364)|HEAP_ALLOCATE|[60]|Bytes:10
20:29:10.0 (22144198)|HEAP_ALLOCATE|[60]|Bytes:47
20:29:10.0 (22176416)|USER_DEBUG|[60]|DEBUG|Checking: CRUD on [BFFFollow__c] for [Querying]
20:29:10.0 (22183478)|STATEMENT_EXECUTE|[61]
20:29:10.0 (22473816)|HEAP_ALLOCATE|[61]|Bytes:4
20:29:10.0 (22519350)|VARIABLE_SCOPE_BEGIN|[61]|drSObj|Schema.DescribeSObjectResult|true|false
20:29:10.0 (22606431)|VARIABLE_ASSIGNMENT|[61]|drSObj|"common.api.soap.wsdl.DescribeSObjectResult@a54f9caa"|0x5074b9d7
20:29:10.0 (22744127)|STATEMENT_EXECUTE|[64]
20:29:10.0 (22773040)|STATEMENT_EXECUTE|[65]
20:29:10.0 (22832903)|STATEMENT_EXECUTE|[77]
20:29:10.0 (22835459)|STATEMENT_EXECUTE|[79]
20:29:10.0 (23078651)|HEAP_ALLOCATE|[79]|Bytes:56
20:29:10.0 (23090866)|VARIABLE_SCOPE_BEGIN|[79]|mapFields|Map<String,Schema.SObjectField>|true|false
20:29:10.0 (23252494)|VARIABLE_ASSIGNMENT|[79]|mapFields|"{createdbyid=CreatedById, createddate=CreatedDate, followedby__c=FollowedBy__c, followedusers__c=FollowedUsers__c, id=Id, isdeleted=IsDeleted, lastmodifiedbyid=LastModifiedById, lastmodifieddate=LastModifiedDate, lastreferenceddate=LastReferencedDate, lastvieweddate=LastViewedDate, ...}"|0x2836a580
20:29:10.0 (23262683)|HEAP_ALLOCATE|[80]|Bytes:4
20:29:10.0 (23305307)|HEAP_ALLOCATE|[80]|Bytes:8
20:29:10.0 (23323741)|HEAP_ALLOCATE|[80]|Bytes:5
20:29:10.0 (23335882)|VARIABLE_SCOPE_BEGIN|[80]|fieldName|String|false|false
20:29:10.0 (23344246)|VARIABLE_ASSIGNMENT|[80]|fieldName|"FollowedUsers__c"
20:29:10.0 (23347043)|STATEMENT_EXECUTE|[80]
20:29:10.0 (23348332)|STATEMENT_EXECUTE|[81]
20:29:10.0 (23720894)|HEAP_ALLOCATE|[81]|Bytes:8
20:29:10.0 (23754368)|VARIABLE_SCOPE_BEGIN|[81]|drField|Schema.DescribeFieldResult|true|false
20:29:10.0 (23831945)|VARIABLE_ASSIGNMENT|[81]|drField|"common.api.soap.wsdl.Field@87de80ac"|0x3027593d
20:29:10.0 (23861004)|STATEMENT_EXECUTE|[82]
20:29:10.0 (23864687)|STATEMENT_EXECUTE|[83]
20:29:10.0 (23879256)|HEAP_ALLOCATE|[83]|Bytes:8
20:29:10.0 (23885936)|HEAP_ALLOCATE|[83]|Bytes:1
20:29:10.0 (23926308)|HEAP_ALLOCATE|[83]|Bytes:8
20:29:10.0 (23946107)|HEAP_ALLOCATE|[83]|Bytes:52
20:29:10.0 (23951777)|HEAP_ALLOCATE|[83]|Bytes:53
20:29:10.0 (23960932)|VARIABLE_ASSIGNMENT|[83]|securityMessage|"FLS on [BFFFollow__c (33 more) ..."
20:29:10.0 (23963884)|STATEMENT_EXECUTE|[84]
20:29:10.0 (23974500)|HEAP_ALLOCATE|[84]|Bytes:63
20:29:10.0 (23997786)|USER_DEBUG|[84]|DEBUG|Checking: FLS on [BFFFollow__c.FollowedUsers__c] for [Querying]
20:29:10.0 (24089904)|STATEMENT_EXECUTE|[87]
20:29:10.0 (24107834)|STATEMENT_EXECUTE|[88]
20:29:10.0 (24126984)|HEAP_ALLOCATE|[80]|Bytes:5
20:29:10.0 (24138882)|VARIABLE_SCOPE_BEGIN|[80]|fieldName|String|false|false
20:29:10.0 (24146082)|VARIABLE_ASSIGNMENT|[80]|fieldName|"Id"
20:29:10.0 (24148439)|STATEMENT_EXECUTE|[80]
20:29:10.0 (24149551)|STATEMENT_EXECUTE|[81]
20:29:10.0 (24300671)|HEAP_ALLOCATE|[81]|Bytes:8
20:29:10.0 (24311440)|VARIABLE_SCOPE_BEGIN|[81]|drField|Schema.DescribeFieldResult|true|false
20:29:10.0 (24380843)|VARIABLE_ASSIGNMENT|[81]|drField|"common.api.soap.wsdl.Field@a5367bef"|0x65ad17a8
20:29:10.0 (24393259)|STATEMENT_EXECUTE|[99]
20:29:10.0 (24394792)|STATEMENT_EXECUTE|[100]
20:29:10.0 (24404528)|HEAP_ALLOCATE|[100]|Bytes:22
20:29:10.0 (24445307)|HEAP_ALLOCATE|[100]|Bytes:8
20:29:10.0 (24460778)|HEAP_ALLOCATE|[100]|Bytes:52
20:29:10.0 (24464896)|HEAP_ALLOCATE|[100]|Bytes:35
20:29:10.0 (24468867)|HEAP_ALLOCATE|[100]|Bytes:87
20:29:10.0 (24479584)|USER_DEBUG|[100]|DEBUG|Bypass Check: FLS on [BFFFollow__c.Id] for [Querying] since it's not isPermissionable()
20:29:10.0 (24492694)|HEAP_ALLOCATE|[80]|Bytes:5
20:29:10.0 (24503879)|VARIABLE_ASSIGNMENT|[80]|fieldName|null
20:29:10.0 (24512240)|HEAP_ALLOCATE|[58]|Bytes:5
20:29:10.0 (24520196)|VARIABLE_ASSIGNMENT|[58]|sObjectName|null
20:29:10.0 (24539901)|METHOD_EXIT|[20]|01p50000002CIEt|ETLC_SecuredDB.validate(ETLC_SecuredDB.Operation, Map<String,Set<String>>)
20:29:10.0 (24544810)|STATEMENT_EXECUTE|[21]
20:29:10.0 (24559214)|METHOD_EXIT|[24]|01p50000002CIEt|ETLC_SecuredDB.query(String)
20:29:10.0 (24565407)|VARIABLE_SCOPE_BEGIN|[24]|dbRecords|List<SObject>|true|false
20:29:10.0 (24615896)|VARIABLE_ASSIGNMENT|[24]|dbRecords|{"s":1,"v":[{"s":2,"v":{"FollowedUsers__c":"[{\"id\":\"00550000005c (85 more) ...","Id":"a005000000ezW4dAAE"}}]}|0x351b7c2
20:29:10.0 (24624920)|STATEMENT_EXECUTE|[25]
20:29:10.0 (24626375)|STATEMENT_EXECUTE|[25]
20:29:10.0 (24700913)|USER_DEBUG|[25]|DEBUG|(BFFFollow__c:{FollowedUsers__c=[{"id":"00550000005cg71AAA","name":"Jaswinder Rattanpal"},{"id":"00550000005d7KnAAI","name":"Test User"}], Id=a005000000ezW4dAAE})
20:29:10.0 (24818799)|STATEMENT_EXECUTE|[26]
20:29:10.0 (24824556)|STATEMENT_EXECUTE|[27]
20:29:10.0 (24825862)|STATEMENT_EXECUTE|[28]
20:29:10.0 (24835434)|HEAP_ALLOCATE|[28]|Bytes:18
20:29:10.0 (24847298)|HEAP_ALLOCATE|[28]|Bytes:12
20:29:10.0 (24853443)|HEAP_ALLOCATE|[28]|Bytes:16
20:29:10.0 (24920611)|HEAP_ALLOCATE|[28]|Bytes:105
20:29:10.0 (24942040)|HEAP_ALLOCATE|[28]|Bytes:105
20:29:10.0 (24951636)|HEAP_ALLOCATE|[28]|Bytes:123
20:29:10.0 (24961872)|USER_DEBUG|[28]|DEBUG|FollowedUsers__c::[{"id":"00550000005cg71AAA","name":"Jaswinder Rattanpal"},{"id":"00550000005d7KnAAI","name":"Test User"}]
20:29:10.0 (24968144)|STATEMENT_EXECUTE|[30]
20:29:10.0 (24982333)|HEAP_ALLOCATE|[30]|Bytes:12
20:29:10.0 (25034738)|HEAP_ALLOCATE|[30]|Bytes:105
20:29:10.0 (25055092)|METHOD_EXIT|[10]|01p50000002D8iw|BFFFollow_Controller.fetchFollowedUsers(Id)
20:29:10.0 (25115182)|VARIABLE_ASSIGNMENT|[EXTERNAL]|this|{"debug":true,"input":"{\"mode\":\"fetchFollow (9 more) ...","operation":"BFFFollow_Controller"}|0x4b518f34
20:29:10.0 (25123451)|VARIABLE_ASSIGNMENT|[EXTERNAL]|value|"[{\"id\":\"00550000005c (85 more) ..."
20:29:10.0 (25139081)|VARIABLE_ASSIGNMENT|[12]|this.output|"[{\"id\":\"00550000005c (85 more) ..."|0x4b518f34
20:29:10.0 (25146189)|STATEMENT_EXECUTE|[11]
20:29:10.0 (25202257)|VARIABLE_ASSIGNMENT|[EXTERNAL]|this|{"debug":true,"input":"{\"mode\":\"fetchFollow (9 more) ...","operation":"BFFFollow_Controller","output":"[{\"id\":\"00550000005c (85 more) ..."}|0x4b518f34
20:29:10.0 (25256196)|VARIABLE_ASSIGNMENT|[EXTERNAL]|this|{"debug":true,"input":"{\"mode\":\"fetchFollow (9 more) ...","operation":"BFFFollow_Controller","output":"[{\"id\":\"00550000005c (85 more) ..."}|0x4b518f34
20:29:10.0 (25263644)|VARIABLE_ASSIGNMENT|[EXTERNAL]|value|true
20:29:10.0 (25268715)|HEAP_ALLOCATE|[15]|Bytes:5
20:29:10.0 (25276256)|VARIABLE_ASSIGNMENT|[15]|this.outputFlag|true|0x4b518f34
20:29:10.0 (25286231)|STATEMENT_EXECUTE|[12]
20:29:10.0 (25287782)|STATEMENT_EXECUTE|[12]
20:29:10.0 (25339155)|USER_DEBUG|[12]|DEBUG|ETLC_ApexBridge_Data:[debug=true, input={"mode":"fetchFollowedUsers"}, isSuccess=null, messages=null, operation=BFFFollow_Controller, output=[{"id":"00550000005cg71AAA","name":"Jaswinder Rattanpal"},{"id":"00550000005d7KnAAI","name":"Test User"}], outputFlag=true, records=null]
20:29:10.0 (25355047)|METHOD_EXIT|[9]|01p50000002D8iw|BFFFollow_Controller.process(ETLC_ApexBridge_Data)
20:29:10.0 (25359193)|STATEMENT_EXECUTE|[24]
20:29:10.0 (25380403)|METHOD_ENTRY|[24]|01p50000002CIEo|ETLC_ApexBridge_Data.toJSON()
20:29:10.0 (25394364)|VARIABLE_SCOPE_BEGIN|[57]|this|ETLC_ApexBridge_Data|true|false
20:29:10.0 (25424063)|VARIABLE_ASSIGNMENT|[57]|this|{"debug":true,"input":"{\"mode\":\"fetchFollow (9 more) ...","operation":"BFFFollow_Controller","output":"[{\"id\":\"00550000005c (85 more) ...","outputFlag":true}|0x4b518f34
20:29:10.0 (25429760)|STATEMENT_EXECUTE|[57]
20:29:10.0 (25430881)|STATEMENT_EXECUTE|[58]
20:29:10.0 (25446920)|METHOD_ENTRY|[58]||System.JSON.serialize(Object)
20:29:10.0 (25533090)|STATEMENT_EXECUTE|[22]
20:29:10.0 (25537345)|STATEMENT_EXECUTE|[23]
20:29:10.0 (25547415)|HEAP_ALLOCATE|[23]|Bytes:5
20:29:10.0 (25556880)|VARIABLE_ASSIGNMENT|[23]|this.isSuccess|true|0x4b518f34
20:29:10.0 (25559426)|STATEMENT_EXECUTE|[24]
20:29:10.0 (25592279)|STATEMENT_EXECUTE|[31]
20:29:10.0 (25595519)|STATEMENT_EXECUTE|[32]
20:29:10.0 (25708544)|HEAP_ALLOCATE|[32]|Bytes:4
20:29:10.0 (25782317)|VARIABLE_ASSIGNMENT|[32]|this.messages|{"s":1,"v":{}}|0x4b518f34
20:29:10.0 (25787096)|STATEMENT_EXECUTE|[33]
20:29:10.0 (26143341)|METHOD_EXIT|[58]||System.JSON.serialize(Object)
20:29:10.0 (26150923)|METHOD_EXIT|[24]|01p50000002CIEo|ETLC_ApexBridge_Data.toJSON()
20:29:10.0 (26160105)|SYSTEM_MODE_EXIT|false
20:29:10.26 (26212107)|CUMULATIVE_LIMIT_USAGE
20:29:10.26 (26212107)|LIMIT_USAGE_FOR_NS|(default)|
  Number of SOQL queries: 1 out of 100
  Number of query rows: 1 out of 50000
  Number of SOSL queries: 0 out of 20
  Number of DML statements: 0 out of 150
  Number of DML rows: 0 out of 10000
  Maximum CPU time: 0 out of 10000
  Maximum heap size: 0 out of 6000000
  Number of callouts: 0 out of 100
  Number of Email Invocations: 0 out of 10
  Number of future calls: 0 out of 50
  Number of queueable jobs added to the queue: 0 out of 50
  Number of Mobile Apex push calls: 0 out of 10

20:29:10.26 (26212107)|CUMULATIVE_LIMIT_USAGE_END

20:29:10.0 (26265316)|CODE_UNIT_FINISHED|ETLC_ApexBridge_Controller.execute
