37.0 APEX_CODE,FINEST;APEX_PROFILING,INFO;CALLOUT,INFO;DB,INFO;SYSTEM,DEBUG;VALIDATION,INFO;VISUALFORCE,INFO;WORKFLOW,INFO
10:34:26.1 (1689692)|USER_INFO|[EXTERNAL]|00550000005cg71|bfffollow@jr.te|Eastern Standard Time|GMT-04:00
10:34:26.1 (1729924)|EXECUTION_STARTED
10:34:26.1 (1736628)|CODE_UNIT_STARTED|[EXTERNAL]|aura
10:34:26.1 (2094189)|HEAP_ALLOCATE|[72]|Bytes:3
10:34:26.1 (2161135)|HEAP_ALLOCATE|[77]|Bytes:152
10:34:26.1 (2174085)|HEAP_ALLOCATE|[342]|Bytes:408
10:34:26.1 (2190389)|HEAP_ALLOCATE|[355]|Bytes:408
10:34:26.1 (2207471)|HEAP_ALLOCATE|[467]|Bytes:48
10:34:26.1 (2229779)|HEAP_ALLOCATE|[139]|Bytes:6
10:34:26.1 (2253600)|HEAP_ALLOCATE|[EXTERNAL]|Bytes:93
10:34:26.1 (2287265)|HEAP_ALLOCATE|[EXTERNAL]|Bytes:93
10:34:26.1 (3824276)|CODE_UNIT_STARTED|[EXTERNAL]|01p50000002CIEm|ETLC_ApexBridge_Controller.execute
10:34:26.1 (4417214)|HEAP_ALLOCATE|[EXTERNAL]|Bytes:1
10:34:26.1 (4425411)|HEAP_ALLOCATE|[EXTERNAL]|Bytes:10
10:34:26.1 (4459279)|METHOD_ENTRY|[1]|01p50000002CIEm|ETLC_ApexBridge_Controller.ETLC_ApexBridge_Controller()
10:34:26.1 (4464213)|STATEMENT_EXECUTE|[1]
10:34:26.1 (4469275)|STATEMENT_EXECUTE|[1]
10:34:26.1 (4488673)|METHOD_EXIT|[1]|ETLC_ApexBridge_Controller
10:34:26.1 (4494623)|HEAP_ALLOCATE|[EXTERNAL]|Bytes:93
10:34:26.1 (4506525)|SYSTEM_MODE_ENTER|false
10:34:26.1 (4630133)|VARIABLE_SCOPE_BEGIN|[3]|dataJson|String|false|false
10:34:26.1 (4733236)|VARIABLE_ASSIGNMENT|[3]|dataJson|"{\"operation\":\"BFFFol (73 more) ..."
10:34:26.1 (4746058)|STATEMENT_EXECUTE|[3]
10:34:26.1 (4747505)|STATEMENT_EXECUTE|[4]
10:34:26.1 (32788611)|VARIABLE_SCOPE_BEGIN|[4]|data|ETLC_ApexBridge_Data|true|false
10:34:26.1 (32825800)|VARIABLE_ASSIGNMENT|[4]|data|null|
10:34:26.1 (32832390)|STATEMENT_EXECUTE|[5]
10:34:26.1 (32834474)|STATEMENT_EXECUTE|[5]
10:34:26.1 (32835587)|STATEMENT_EXECUTE|[6]
10:34:26.1 (32859497)|HEAP_ALLOCATE|[6]|Bytes:11
10:34:26.1 (32870256)|HEAP_ALLOCATE|[6]|Bytes:248
10:34:26.1 (32873636)|HEAP_ALLOCATE|[6]|Bytes:39
10:34:26.1 (32923796)|METHOD_ENTRY|[2]|01p50000002CIEo|ETLC_ApexBridge_Data.ETLC_ApexBridge_Data()
10:34:26.1 (32927732)|STATEMENT_EXECUTE|[2]
10:34:26.1 (32932219)|STATEMENT_EXECUTE|[2]
10:34:26.1 (32940631)|METHOD_EXIT|[2]|ETLC_ApexBridge_Data
10:34:26.1 (33059710)|METHOD_ENTRY|[6]|01p50000002CIEo|ETLC_ApexBridge_Data.fromJSON(String)
10:34:26.1 (33107405)|VARIABLE_SCOPE_BEGIN|[60]|strJson|String|false|false
10:34:26.1 (33129412)|VARIABLE_ASSIGNMENT|[60]|strJson|"{\"operation\":\"BFFFol (73 more) ..."
10:34:26.1 (33135635)|STATEMENT_EXECUTE|[60]
10:34:26.1 (33138084)|STATEMENT_EXECUTE|[61]
10:34:26.1 (33151180)|HEAP_ALLOCATE|[61]|Bytes:20
10:34:26.1 (33186884)|HEAP_ALLOCATE|[50]|Bytes:5
10:34:26.1 (33213492)|HEAP_ALLOCATE|[56]|Bytes:5
10:34:26.1 (33222667)|HEAP_ALLOCATE|[64]|Bytes:7
10:34:26.1 (33340553)|HEAP_ALLOCATE|[61]|Bytes:24
10:34:26.1 (33356917)|SYSTEM_METHOD_ENTRY|[1]|Type.Type()
10:34:26.1 (33361504)|STATEMENT_EXECUTE|[1]
10:34:26.1 (33375089)|SYSTEM_METHOD_EXIT|[1]|Type
10:34:26.1 (33381747)|HEAP_ALLOCATE|[61]|Bytes:8
10:34:26.1 (33425783)|HEAP_ALLOCATE|[61]|Bytes:8
10:34:26.1 (33435593)|VARIABLE_SCOPE_BEGIN|[4]|this|System.Type|true|false
10:34:26.1 (33484519)|VARIABLE_ASSIGNMENT|[4]|this|{}|0x3b5a1de9
10:34:26.1 (33489522)|VARIABLE_SCOPE_BEGIN|[4]|apextype|java:common.apex.runtime.ApexObjectType|true|false
10:34:26.1 (33668921)|VARIABLE_ASSIGNMENT|[4]|apextype|"ETLC_ApexBridge_Data"|0x43eef195
10:34:26.1 (33759849)|HEAP_ALLOCATE|[61]|Bytes:8
10:34:26.1 (33812382)|HEAP_ALLOCATE|[61]|Bytes:24
10:34:26.1 (33826425)|SYSTEM_METHOD_ENTRY|[1]|JSON.JSON()
10:34:26.1 (33829753)|STATEMENT_EXECUTE|[1]
10:34:26.1 (33840358)|SYSTEM_METHOD_EXIT|[1]|JSON
10:34:26.1 (33862404)|METHOD_ENTRY|[61]||System.JSON.deserializeStrict(String, System.Type)
10:34:26.1 (34730094)|METHOD_EXIT|[61]||System.JSON.deserializeStrict(String, System.Type)
10:34:26.1 (34748305)|METHOD_EXIT|[6]|01p50000002CIEo|ETLC_ApexBridge_Data.fromJSON(String)
10:34:26.1 (34855482)|VARIABLE_ASSIGNMENT|[6]|data|{"debug":true,"input":"{\"mode\":\"fetchFollow (9 more) ...","operation":"BFFFollow_Controller"}|0x74b0e759
10:34:26.1 (34864175)|STATEMENT_EXECUTE|[7]
10:34:26.1 (34878910)|HEAP_ALLOCATE|[7]|Bytes:6
10:34:26.1 (34986731)|HEAP_ALLOCATE|[7]|Bytes:177
10:34:26.1 (35019742)|HEAP_ALLOCATE|[7]|Bytes:183
10:34:26.1 (35088435)|USER_DEBUG|[7]|DEBUG|data::ETLC_ApexBridge_Data:[debug=true, input={"mode":"fetchFollowedUsers"}, isSuccess=null, messages=null, operation=BFFFollow_Controller, output=null, outputFlag=null, records=null]
10:34:26.1 (35116832)|STATEMENT_EXECUTE|[8]
10:34:26.1 (35194882)|VARIABLE_ASSIGNMENT|[EXTERNAL]|this|{"debug":true,"input":"{\"mode\":\"fetchFollow (9 more) ...","operation":"BFFFollow_Controller"}|0x74b0e759
10:34:26.1 (35219405)|METHOD_ENTRY|[8]||System.Type.forName(String)
10:34:27.134 (1134297709)|METHOD_EXIT|[8]||System.Type.forName(String)
10:34:27.134 (1134347034)|METHOD_ENTRY|[8]||System.Type.newInstance()
10:34:27.134 (1140848851)|STATEMENT_EXECUTE|[1]
10:34:27.134 (1140875083)|HEAP_ALLOCATE|[33]|Bytes:5
10:34:27.134 (1140898131)|METHOD_EXIT|[1]|BFFFollow_Controller
10:34:27.134 (1140918540)|HEAP_ALLOCATE|[33]|Bytes:4
10:34:27.134 (1140932810)|VARIABLE_SCOPE_BEGIN|[1]|this|BFFFollow_Controller|true|false
10:34:27.134 (1140981072)|VARIABLE_ASSIGNMENT|[1]|this|{}|0x5d3e6439
10:34:27.134 (1140992195)|HEAP_ALLOCATE|[33]|Bytes:5
10:34:27.134 (1141008057)|HEAP_ALLOCATE|[33]|Bytes:11
10:34:27.134 (1141029263)|METHOD_ENTRY|[1]|01p50000002CIEj|ETLC_ApexBridge_Abstract.ETLC_ApexBridge_Abstract()
10:34:27.134 (1141032627)|STATEMENT_EXECUTE|[1]
10:34:27.134 (1141036676)|STATEMENT_EXECUTE|[1]
10:34:27.134 (1141042938)|METHOD_EXIT|[1]|ETLC_ApexBridge_Abstract
10:34:27.134 (1141058884)|CONSTRUCTOR_ENTRY|[EXTERNAL]|01p50000002CIEj|<init>()
10:34:27.134 (1141082380)|VARIABLE_SCOPE_BEGIN|[1]|this|ETLC_ApexBridge_Abstract|true|false
10:34:27.134 (1141104199)|VARIABLE_ASSIGNMENT|[1]|this|{}|0x5d3e6439
10:34:27.134 (1141121509)|STATEMENT_EXECUTE|[1]
10:34:27.134 (1141130673)|CONSTRUCTOR_EXIT|[EXTERNAL]|01p50000002CIEj|<init>()
10:34:27.134 (1141136798)|STATEMENT_EXECUTE|[1]
10:34:27.134 (1141142169)|HEAP_ALLOCATE|[33]|Bytes:5
10:34:27.134 (1141168423)|METHOD_EXIT|[8]||System.Type.newInstance()
10:34:27.134 (1141180232)|VARIABLE_SCOPE_BEGIN|[8]|executor|ETLC_ApexBridge_Abstract|true|false
10:34:27.134 (1141201340)|VARIABLE_ASSIGNMENT|[8]|executor|{}|0x5d3e6439
10:34:27.134 (1141204410)|STATEMENT_EXECUTE|[9]
10:34:27.134 (1141261015)|METHOD_ENTRY|[9]|01p50000002D8iw|BFFFollow_Controller.process(ETLC_ApexBridge_Data)
10:34:27.134 (1141289641)|VARIABLE_SCOPE_BEGIN|[3]|this|BFFFollow_Controller|true|false
10:34:27.134 (1141310019)|VARIABLE_ASSIGNMENT|[3]|this|{}|0x5d3e6439
10:34:27.134 (1141314827)|VARIABLE_SCOPE_BEGIN|[3]|data|ETLC_ApexBridge_Data|true|false
10:34:27.134 (1141359160)|VARIABLE_ASSIGNMENT|[3]|data|{"debug":true,"input":"{\"mode\":\"fetchFollow (9 more) ...","operation":"BFFFollow_Controller"}|0x74b0e759
10:34:27.134 (1141370298)|HEAP_ALLOCATE|[4]|Bytes:5
10:34:27.134 (1141374729)|STATEMENT_EXECUTE|[3]
10:34:27.134 (1141376457)|STATEMENT_EXECUTE|[4]
10:34:27.134 (1141482500)|VARIABLE_ASSIGNMENT|[EXTERNAL]|this|{"debug":true,"input":"{\"mode\":\"fetchFollow (9 more) ...","operation":"BFFFollow_Controller"}|0x74b0e759
10:34:27.134 (1141511892)|VARIABLE_ASSIGNMENT|[4]|BFFFollow_Controller.debugFlag|true
10:34:27.134 (1141557276)|VARIABLE_ASSIGNMENT|[EXTERNAL]|this|{"debug":true,"input":"{\"mode\":\"fetchFollow (9 more) ...","operation":"BFFFollow_Controller"}|0x74b0e759
10:34:27.134 (1141571810)|STATEMENT_EXECUTE|[5]
10:34:27.134 (1141581551)|HEAP_ALLOCATE|[5]|Bytes:12
10:34:27.134 (1141631651)|HEAP_ALLOCATE|[5]|Bytes:177
10:34:27.134 (1141650354)|HEAP_ALLOCATE|[5]|Bytes:189
10:34:27.134 (1141682900)|USER_DEBUG|[5]|DEBUG|data BEFORE:ETLC_ApexBridge_Data:[debug=true, input={"mode":"fetchFollowedUsers"}, isSuccess=null, messages=null, operation=BFFFollow_Controller, output=null, outputFlag=null, records=null]
10:34:27.134 (1141697026)|STATEMENT_EXECUTE|[7]
10:34:27.134 (1141708313)|HEAP_ALLOCATE|[7]|Bytes:4
10:34:27.134 (1141742762)|METHOD_ENTRY|[7]|01p50000002CIEo|ETLC_ApexBridge_Data.getInputValue(String)
10:34:27.134 (1141769867)|VARIABLE_SCOPE_BEGIN|[52]|this|ETLC_ApexBridge_Data|true|false
10:34:27.134 (1141805074)|VARIABLE_ASSIGNMENT|[52]|this|{"debug":true,"input":"{\"mode\":\"fetchFollow (9 more) ...","operation":"BFFFollow_Controller"}|0x74b0e759
10:34:27.134 (1141811842)|VARIABLE_SCOPE_BEGIN|[52]|key|String|false|false
10:34:27.134 (1141818148)|VARIABLE_ASSIGNMENT|[52]|key|"mode"
10:34:27.134 (1141822682)|STATEMENT_EXECUTE|[52]
10:34:27.134 (1141824014)|STATEMENT_EXECUTE|[53]
10:34:27.134 (1141884185)|VARIABLE_ASSIGNMENT|[EXTERNAL]|this|{"debug":true,"input":"{\"mode\":\"fetchFollow (9 more) ...","operation":"BFFFollow_Controller"}|0x74b0e759
10:34:27.134 (1141907005)|METHOD_ENTRY|[53]||System.JSON.deserializeUntyped(String)
10:34:27.134 (1142199304)|METHOD_EXIT|[53]||System.JSON.deserializeUntyped(String)
10:34:27.134 (1142209725)|VARIABLE_SCOPE_BEGIN|[53]|inputMap|Map<String,ANY>|true|false
10:34:27.134 (1142237382)|VARIABLE_ASSIGNMENT|[53]|inputMap|{"s":1,"v":{"mode":"fetchFollowedUsers"}}|0x3bb0bc1b
10:34:27.134 (1142240971)|STATEMENT_EXECUTE|[54]
10:34:27.134 (1142326765)|METHOD_EXIT|[7]|01p50000002CIEo|ETLC_ApexBridge_Data.getInputValue(String)
10:34:27.134 (1142333392)|VARIABLE_SCOPE_BEGIN|[7]|mode|String|false|false
10:34:27.134 (1142345306)|VARIABLE_ASSIGNMENT|[7]|mode|"fetchFollowedUsers"
10:34:27.134 (1142351262)|HEAP_ALLOCATE|[9]|Bytes:18
10:34:27.134 (1142384766)|STATEMENT_EXECUTE|[9]
10:34:27.134 (1142386705)|STATEMENT_EXECUTE|[10]
10:34:27.134 (1142449226)|HEAP_ALLOCATE|[10]|Bytes:85
10:34:27.134 (1142461120)|SYSTEM_METHOD_ENTRY|[1]|UserInfo.UserInfo()
10:34:27.134 (1142463657)|STATEMENT_EXECUTE|[1]
10:34:27.134 (1142471145)|SYSTEM_METHOD_EXIT|[1]|UserInfo
10:34:27.134 (1142485496)|METHOD_ENTRY|[10]||System.UserInfo.getUserId()
10:34:27.134 (1142523579)|METHOD_EXIT|[10]||System.UserInfo.getUserId()
10:34:27.134 (1142538997)|HEAP_ALLOCATE|[10]|Bytes:4
10:34:27.134 (1142554038)|METHOD_ENTRY|[10]|01p50000002D8iw|BFFFollow_Controller.fetchFollowedUsers(Id)
10:34:27.134 (1142561981)|VARIABLE_SCOPE_BEGIN|[24]|this|BFFFollow_Controller|true|false
10:34:27.134 (1142582381)|VARIABLE_ASSIGNMENT|[24]|this|{}|0x5d3e6439
10:34:27.134 (1142587558)|VARIABLE_SCOPE_BEGIN|[24]|followedById|Id|false|false
10:34:27.134 (1142701231)|VARIABLE_ASSIGNMENT|[24]|followedById|"00550000005cg71AAA"
10:34:27.134 (1142713757)|HEAP_ALLOCATE|[25]|Bytes:5
10:34:27.134 (1142718511)|STATEMENT_EXECUTE|[24]
10:34:27.134 (1142719821)|STATEMENT_EXECUTE|[25]
10:34:27.134 (1142728175)|HEAP_ALLOCATE|[25]|Bytes:63
10:34:27.134 (1142767574)|HEAP_ALLOCATE|[25]|Bytes:18
10:34:27.134 (1142780017)|HEAP_ALLOCATE|[25]|Bytes:9
10:34:27.134 (1142793987)|HEAP_ALLOCATE|[25]|Bytes:90
10:34:27.134 (1142799744)|VARIABLE_SCOPE_BEGIN|[25]|soql|String|false|false
10:34:27.134 (1142813476)|VARIABLE_ASSIGNMENT|[25]|soql|"SELECT FollowedUsers (70 more) ..."
10:34:27.134 (1142816531)|STATEMENT_EXECUTE|[26]
10:34:27.134 (1142817738)|STATEMENT_EXECUTE|[26]
10:34:27.134 (1142823646)|STATEMENT_EXECUTE|[27]
10:34:27.134 (1142825015)|STATEMENT_EXECUTE|[27]
10:34:27.134 (1142832906)|HEAP_ALLOCATE|[27]|Bytes:24
10:34:27.134 (1142839951)|HEAP_ALLOCATE|[27]|Bytes:114
10:34:27.134 (1142872346)|USER_DEBUG|[27]|DEBUG|fetchFollowedUsers:soql:SELECT FollowedUsers__c FROM BFFFollow__c WHERE FollowedBy__c='00550000005cg71AAA' limit 1
10:34:27.134 (1142881417)|STATEMENT_EXECUTE|[28]
10:34:27.134 (1187477782)|HEAP_ALLOCATE|[28]|Bytes:9
10:34:27.134 (1187497567)|HEAP_ALLOCATE|[28]|Bytes:29
10:34:27.134 (1187501238)|HEAP_ALLOCATE|[28]|Bytes:21
10:34:27.134 (1187536734)|METHOD_ENTRY|[7]|01p50000002CIEt|ETLC_SecuredDB.ETLC_SecuredDB()
10:34:27.134 (1187542123)|STATEMENT_EXECUTE|[7]
10:34:27.134 (1187549636)|STATEMENT_EXECUTE|[7]
10:34:27.134 (1187558961)|HEAP_ALLOCATE|[28]|Bytes:5
10:34:27.134 (1187574182)|METHOD_EXIT|[7]|ETLC_SecuredDB
10:34:27.134 (1187627504)|METHOD_ENTRY|[28]|01p50000002CIEt|ETLC_SecuredDB.query(String)
10:34:27.134 (1187670301)|VARIABLE_SCOPE_BEGIN|[10]|SOQL|String|false|false
10:34:27.134 (1187701283)|VARIABLE_ASSIGNMENT|[10]|SOQL|"SELECT FollowedUsers (70 more) ..."
10:34:27.134 (1187711636)|HEAP_ALLOCATE|[12]|Bytes:5
10:34:27.134 (1187716275)|STATEMENT_EXECUTE|[10]
10:34:27.134 (1187717677)|STATEMENT_EXECUTE|[12]
10:34:27.134 (1188137552)|SOQL_EXECUTE_BEGIN|[12]|Aggregations:0|SELECT FollowedUsers__c FROM BFFFollow__c WHERE FollowedBy__c='00550000005cg71AAA' limit 1
10:34:27.134 (1192172409)|SOQL_EXECUTE_END|[12]|Rows:1
10:34:27.134 (1192197371)|HEAP_ALLOCATE|[12]|Bytes:8
10:34:27.134 (1192208590)|HEAP_ALLOCATE|[12]|Bytes:158
10:34:27.134 (1192296504)|HEAP_ALLOCATE|[12]|Bytes:8
10:34:27.134 (1192316389)|VARIABLE_SCOPE_BEGIN|[12]|dbRecords|List<SObject>|true|false
10:34:27.134 (1192375402)|VARIABLE_ASSIGNMENT|[12]|dbRecords|{"s":1,"v":[{"s":2,"v":{"FollowedUsers__c":"[{\"id\":\"00550000005d (85 more) ...","Id":"a005000000ezW4dAAE"}}]}|0x39228001
10:34:27.134 (1192383576)|STATEMENT_EXECUTE|[20]
10:34:27.134 (1192684546)|HEAP_ALLOCATE|[20]|Bytes:12
10:34:27.134 (1192692740)|HEAP_ALLOCATE|[20]|Bytes:8
10:34:27.134 (1192760316)|HEAP_ALLOCATE|[20]|Bytes:12
10:34:27.134 (1192766429)|HEAP_ALLOCATE|[20]|Bytes:9
10:34:27.134 (1192779271)|HEAP_ALLOCATE|[20]|Bytes:12
10:34:27.134 (1192782853)|HEAP_ALLOCATE|[20]|Bytes:8
10:34:27.134 (1192793414)|HEAP_ALLOCATE|[20]|Bytes:12
10:34:27.134 (1192796833)|HEAP_ALLOCATE|[20]|Bytes:8
10:34:27.134 (1192806668)|HEAP_ALLOCATE|[20]|Bytes:12
10:34:27.134 (1192810038)|HEAP_ALLOCATE|[20]|Bytes:9
10:34:27.134 (1192842055)|METHOD_ENTRY|[20]|01p50000002CIEt|ETLC_SecuredDB.findFields(List<SObject>)
10:34:27.134 (1192875451)|VARIABLE_SCOPE_BEGIN|[108]|dbRecords|List<SObject>|true|false
10:34:27.134 (1192909961)|VARIABLE_ASSIGNMENT|[108]|dbRecords|{"s":1,"v":[{"s":2,"v":{"FollowedUsers__c":"[{\"id\":\"00550000005d (85 more) ...","Id":"a005000000ezW4dAAE"}}]}|0x39228001
10:34:27.134 (1192928022)|HEAP_ALLOCATE|[109]|Bytes:5
10:34:27.134 (1192935006)|STATEMENT_EXECUTE|[108]
10:34:27.134 (1192937362)|STATEMENT_EXECUTE|[109]
10:34:27.134 (1192950913)|VARIABLE_SCOPE_BEGIN|[109]|strJSON|String|false|false
10:34:27.134 (1192965973)|VARIABLE_ASSIGNMENT|[109]|strJSON|null
10:34:27.134 (1192970083)|STATEMENT_EXECUTE|[110]
10:34:27.134 (1192981580)|VARIABLE_SCOPE_BEGIN|[110]|mapFields|Map<String,Set<String>>|true|false
10:34:27.134 (1192994824)|VARIABLE_ASSIGNMENT|[110]|mapFields|null|
10:34:27.134 (1193005398)|STATEMENT_EXECUTE|[112]
10:34:27.134 (1193030468)|METHOD_ENTRY|[112]||System.JSON.serialize(Object)
10:34:27.134 (1193624239)|METHOD_EXIT|[112]||System.JSON.serialize(Object)
10:34:27.134 (1193649878)|VARIABLE_ASSIGNMENT|[112]|strJSON|"[{\"attributes\":{\"typ (259 more) ..."
10:34:27.134 (1193655672)|STATEMENT_EXECUTE|[113]
10:34:27.134 (1193668219)|HEAP_ALLOCATE|[113]|Bytes:5
10:34:27.134 (1193685248)|HEAP_ALLOCATE|[113]|Bytes:284
10:34:27.134 (1193737947)|USER_DEBUG|[113]|DEBUG|JSON:[{"attributes":{"type":"BFFFollow__c","url":"/services/data/v37.0/sobjects/BFFFollow__c/a005000000ezW4dAAE"},"FollowedUsers__c":"[{\"id\":\"00550000005d7KnAAI\",\"name\":\"Test User\"},{\"id\":\"00550000005cg71AAA\",\"name\":\"Jaswinder Rattanpal\"}]","Id":"a005000000ezW4dAAE"}]
10:34:27.134 (1193754348)|STATEMENT_EXECUTE|[114]
10:34:27.134 (1193771614)|HEAP_ALLOCATE|[114]|Bytes:4
10:34:27.134 (1193863067)|VARIABLE_ASSIGNMENT|[114]|mapFields|{"s":1,"v":{}}|0x449999fa
10:34:27.134 (1193869604)|STATEMENT_EXECUTE|[115]
10:34:27.134 (1193889358)|METHOD_ENTRY|[115]||System.JSON.deserializeUntyped(String)
10:34:27.134 (1194485590)|METHOD_EXIT|[115]||System.JSON.deserializeUntyped(String)
10:34:27.134 (1194498317)|VARIABLE_SCOPE_BEGIN|[115]|records|List<ANY>|true|false
10:34:27.134 (1194523513)|HEAP_ALLOCATE|[EXTERNAL]|Bytes:8
10:34:27.134 (1194553655)|VARIABLE_ASSIGNMENT|[115]|records|{"s":1,"v":[{"s":2,"v":{"attributes":{"s":3,"v":{"type":"BFFFollow__c","url":"/services/data/v37.0 (41 more) ..."}},"FollowedUsers__c":"[{\"id\":\"00550000005d (85 more) ...","Id":"a005000000ezW4dAAE"}}]}|0x1e061852
10:34:27.134 (1194609393)|HEAP_ALLOCATE|[116]|Bytes:5
10:34:27.134 (1194631927)|HEAP_ALLOCATE|[116]|Bytes:16
10:34:27.134 (1194643019)|VARIABLE_SCOPE_BEGIN|[116]|record|Object|false|false
10:34:27.134 (1194669709)|VARIABLE_ASSIGNMENT|[116]|record|{"s":1,"v":{"attributes":{"s":2,"v":{"type":"BFFFollow__c","url":"/services/data/v37.0 (41 more) ..."}},"FollowedUsers__c":"[{\"id\":\"00550000005d (85 more) ...","Id":"a005000000ezW4dAAE"}}
10:34:27.134 (1194674796)|STATEMENT_EXECUTE|[116]
10:34:27.134 (1194676215)|STATEMENT_EXECUTE|[117]
10:34:27.134 (1194699470)|METHOD_ENTRY|[117]|01p50000002CIEt|ETLC_SecuredDB.findFieldsRecursive(Map<String,Set<String>>, Map<String,ANY>)
10:34:27.134 (1194726885)|VARIABLE_SCOPE_BEGIN|[124]|mapFields|Map<String,Set<String>>|true|false
10:34:27.134 (1194743228)|VARIABLE_ASSIGNMENT|[124]|mapFields|{"s":1,"v":{}}|0x449999fa
10:34:27.134 (1194748143)|VARIABLE_SCOPE_BEGIN|[124]|record|Map<String,ANY>|true|false
10:34:27.134 (1194763781)|VARIABLE_ASSIGNMENT|[124]|record|{"s":1,"v":{"attributes":{"s":2,"v":{"type":"BFFFollow__c","url":"/services/data/v37.0 (41 more) ..."}},"FollowedUsers__c":"[{\"id\":\"00550000005d (85 more) ...","Id":"a005000000ezW4dAAE"}}|0x2a5b4c7
10:34:27.134 (1194779870)|HEAP_ALLOCATE|[125]|Bytes:5
10:34:27.134 (1194784232)|STATEMENT_EXECUTE|[124]
10:34:27.134 (1194785496)|STATEMENT_EXECUTE|[125]
10:34:27.134 (1194792762)|HEAP_ALLOCATE|[125]|Bytes:10
10:34:27.134 (1194797343)|VARIABLE_SCOPE_BEGIN|[125]|strAttributes|String|false|false
10:34:27.134 (1194806376)|VARIABLE_ASSIGNMENT|[125]|strAttributes|"attributes"
10:34:27.134 (1194808723)|STATEMENT_EXECUTE|[126]
10:34:27.134 (1194814317)|HEAP_ALLOCATE|[126]|Bytes:7
10:34:27.134 (1194818075)|VARIABLE_SCOPE_BEGIN|[126]|strRecord|String|false|false
10:34:27.134 (1194825321)|VARIABLE_ASSIGNMENT|[126]|strRecord|"records"
10:34:27.134 (1194864992)|STATEMENT_EXECUTE|[127]
10:34:27.134 (1194867228)|STATEMENT_EXECUTE|[128]
10:34:27.134 (1194906075)|VARIABLE_SCOPE_BEGIN|[128]|attributes|Map<String,ANY>|true|false
10:34:27.134 (1194927698)|VARIABLE_ASSIGNMENT|[128]|attributes|{"s":1,"v":{"type":"BFFFollow__c","url":"/services/data/v37.0 (41 more) ..."}}|0x836447a
10:34:27.134 (1194931553)|STATEMENT_EXECUTE|[129]
10:34:27.134 (1194939333)|HEAP_ALLOCATE|[129]|Bytes:4
10:34:27.134 (1194974085)|VARIABLE_SCOPE_BEGIN|[129]|objectName|String|false|false
10:34:27.134 (1194985667)|VARIABLE_ASSIGNMENT|[129]|objectName|"BFFFollow__c"
10:34:27.134 (1195001196)|HEAP_ALLOCATE|[130]|Bytes:4
10:34:27.134 (1195072577)|HEAP_ALLOCATE|[130]|Bytes:44
10:34:27.134 (1195094189)|HEAP_ALLOCATE|[130]|Bytes:12
10:34:27.134 (1195119893)|HEAP_ALLOCATE|[130]|Bytes:5
10:34:27.134 (1195136126)|VARIABLE_SCOPE_BEGIN|[130]|fieldName|String|false|false
10:34:27.134 (1195148231)|VARIABLE_ASSIGNMENT|[130]|fieldName|"attributes"
10:34:27.134 (1195151802)|STATEMENT_EXECUTE|[130]
10:34:27.134 (1195154082)|STATEMENT_EXECUTE|[131]
10:34:27.134 (1195203043)|VARIABLE_SCOPE_BEGIN|[131]|field|Object|false|false
10:34:27.134 (1195225873)|VARIABLE_ASSIGNMENT|[131]|field|{"s":1,"v":{"type":"BFFFollow__c","url":"/services/data/v37.0 (41 more) ..."}}
10:34:27.134 (1195250148)|STATEMENT_EXECUTE|[132]
10:34:27.134 (1195266757)|HEAP_ALLOCATE|[130]|Bytes:5
10:34:27.134 (1195279640)|VARIABLE_SCOPE_BEGIN|[130]|fieldName|String|false|false
10:34:27.134 (1195290583)|VARIABLE_ASSIGNMENT|[130]|fieldName|"FollowedUsers__c"
10:34:27.134 (1195293372)|STATEMENT_EXECUTE|[130]
10:34:27.134 (1195294540)|STATEMENT_EXECUTE|[131]
10:34:27.134 (1195315040)|VARIABLE_SCOPE_BEGIN|[131]|field|Object|false|false
10:34:27.134 (1195328297)|VARIABLE_ASSIGNMENT|[131]|field|"[{\"id\":\"00550000005d (85 more) ..."
10:34:27.134 (1195340721)|HEAP_ALLOCATE|[134]|Bytes:68
10:34:27.134 (1195362572)|STATEMENT_EXECUTE|[136]
10:34:27.134 (1195364664)|STATEMENT_EXECUTE|[137]
10:34:27.134 (1195375268)|HEAP_ALLOCATE|[137]|Bytes:4
10:34:27.134 (1195413404)|VARIABLE_SCOPE_BEGIN|[137]|fieldNames|Set<String>|true|false
10:34:27.134 (1195436853)|VARIABLE_ASSIGNMENT|[137]|fieldNames|{"s":1,"v":[]}|0x2e021618
10:34:27.134 (1195473469)|STATEMENT_EXECUTE|[138]
10:34:27.134 (1195479426)|STATEMENT_EXECUTE|[139]
10:34:27.134 (1195512516)|HEAP_ALLOCATE|[EXTERNAL]|Bytes:4
10:34:27.134 (1195521684)|STATEMENT_EXECUTE|[140]
10:34:27.134 (1195552481)|HEAP_ALLOCATE|[EXTERNAL]|Bytes:-4
10:34:27.134 (1195567833)|HEAP_ALLOCATE|[130]|Bytes:5
10:34:27.134 (1195580604)|VARIABLE_SCOPE_BEGIN|[130]|fieldName|String|false|false
10:34:27.134 (1195591773)|VARIABLE_ASSIGNMENT|[130]|fieldName|"Id"
10:34:27.134 (1195594687)|STATEMENT_EXECUTE|[130]
10:34:27.134 (1195596214)|STATEMENT_EXECUTE|[131]
10:34:27.134 (1195627580)|VARIABLE_SCOPE_BEGIN|[131]|field|Object|false|false
10:34:27.134 (1195650678)|VARIABLE_ASSIGNMENT|[131]|field|"a005000000ezW4dAAE"
10:34:27.134 (1195672091)|STATEMENT_EXECUTE|[136]
10:34:27.134 (1195673910)|STATEMENT_EXECUTE|[137]
10:34:27.134 (1195682753)|HEAP_ALLOCATE|[137]|Bytes:4
10:34:27.134 (1195703325)|VARIABLE_SCOPE_BEGIN|[137]|fieldNames|Set<String>|true|false
10:34:27.134 (1195724845)|VARIABLE_ASSIGNMENT|[137]|fieldNames|{"s":1,"v":[]}|0x1ae8c93
10:34:27.134 (1195739796)|STATEMENT_EXECUTE|[138]
10:34:27.134 (1195770521)|VARIABLE_ASSIGNMENT|[138]|fieldNames|{"s":1,"v":["FollowedUsers__c"]}|0x2e021618
10:34:27.134 (1195774465)|STATEMENT_EXECUTE|[139]
10:34:27.134 (1195787841)|HEAP_ALLOCATE|[EXTERNAL]|Bytes:4
10:34:27.134 (1195794792)|STATEMENT_EXECUTE|[140]
10:34:27.134 (1195816689)|HEAP_ALLOCATE|[130]|Bytes:5
10:34:27.134 (1195832278)|VARIABLE_ASSIGNMENT|[130]|fieldName|null
10:34:27.134 (1195844384)|METHOD_EXIT|[117]|01p50000002CIEt|ETLC_SecuredDB.findFieldsRecursive(Map<String,Set<String>>, Map<String,ANY>)
10:34:27.134 (1195855619)|HEAP_ALLOCATE|[116]|Bytes:5
10:34:27.134 (1195874457)|VARIABLE_ASSIGNMENT|[116]|record|null
10:34:27.134 (1195881508)|HEAP_ALLOCATE|[119]|Bytes:4
10:34:27.134 (1195918889)|HEAP_ALLOCATE|[119]|Bytes:20
10:34:27.134 (1195932091)|HEAP_ALLOCATE|[119]|Bytes:4
10:34:27.134 (1195949674)|HEAP_ALLOCATE|[119]|Bytes:5
10:34:27.134 (1195962179)|VARIABLE_SCOPE_BEGIN|[119]|objectName|String|false|false
10:34:27.134 (1195973317)|VARIABLE_ASSIGNMENT|[119]|objectName|"BFFFollow__c"
10:34:27.134 (1195976551)|STATEMENT_EXECUTE|[119]
10:34:27.134 (1195977700)|STATEMENT_EXECUTE|[120]
10:34:27.134 (1195985360)|HEAP_ALLOCATE|[120]|Bytes:2
10:34:27.134 (1196051255)|HEAP_ALLOCATE|[120]|Bytes:22
10:34:27.134 (1196067999)|HEAP_ALLOCATE|[120]|Bytes:36
10:34:27.134 (1196083931)|USER_DEBUG|[120]|DEBUG|BFFFollow__c: {FollowedUsers__c, Id}
10:34:27.134 (1196098548)|HEAP_ALLOCATE|[119]|Bytes:5
10:34:27.134 (1196113503)|VARIABLE_ASSIGNMENT|[119]|objectName|null
10:34:27.134 (1196117288)|STATEMENT_EXECUTE|[122]
10:34:27.134 (1196129702)|METHOD_EXIT|[20]|01p50000002CIEt|ETLC_SecuredDB.findFields(List<SObject>)
10:34:27.134 (1196146998)|METHOD_ENTRY|[20]|01p50000002CIEt|ETLC_SecuredDB.validate(ETLC_SecuredDB.Operation, Map<String,Set<String>>)
10:34:27.134 (1196156858)|VARIABLE_SCOPE_BEGIN|[55]|op|ETLC_SecuredDB.Operation|true|false
10:34:27.134 (1196181189)|VARIABLE_ASSIGNMENT|[55]|op|"Querying"|0x79fd86c5
10:34:27.134 (1196186382)|VARIABLE_SCOPE_BEGIN|[55]|mapFieldNames|Map<String,Set<String>>|true|false
10:34:27.134 (1196203693)|VARIABLE_ASSIGNMENT|[55]|mapFieldNames|{"s":1,"v":{"BFFFollow__c":{"s":2,"v":["FollowedUsers__c","Id"]}}}|0x449999fa
10:34:27.134 (1196213253)|HEAP_ALLOCATE|[56]|Bytes:5
10:34:27.134 (1196217586)|STATEMENT_EXECUTE|[55]
10:34:27.134 (1196219046)|STATEMENT_EXECUTE|[56]
10:34:27.134 (1196226300)|VARIABLE_SCOPE_BEGIN|[56]|securityMessage|String|false|false
10:34:27.134 (1196233794)|VARIABLE_ASSIGNMENT|[56]|securityMessage|null
10:34:27.134 (1196235936)|STATEMENT_EXECUTE|[57]
10:34:27.134 (1214257958)|HEAP_ALLOCATE|[57]|Bytes:1440
10:34:27.134 (1214309202)|VARIABLE_SCOPE_BEGIN|[57]|mapObjects|Map<String,Schema.SObjectType>|true|false
10:34:27.134 (1214660726)|VARIABLE_ASSIGNMENT|[57]|mapObjects|"{acceptedeventrelation=AcceptedEventRelation, account=Account, accountcontactrole=AccountContactRole, accountfeed=AccountFeed, accounthistory=AccountHistory, accountpartner=AccountPartner, accountshare=AccountShare, actionlinkgrouptemplate=ActionLinkGroupTemplate, actionlinktemplate=ActionLinkTemplate, activityhistory=ActivityHistory, ...}"|0x47f1fd34
10:34:27.134 (1214686664)|HEAP_ALLOCATE|[58]|Bytes:4
10:34:27.134 (1214786198)|HEAP_ALLOCATE|[58]|Bytes:20
10:34:27.134 (1214810612)|HEAP_ALLOCATE|[58]|Bytes:4
10:34:27.134 (1214857009)|HEAP_ALLOCATE|[58]|Bytes:5
10:34:27.134 (1214892610)|VARIABLE_SCOPE_BEGIN|[58]|sObjectName|String|false|false
10:34:27.134 (1214913475)|VARIABLE_ASSIGNMENT|[58]|sObjectName|"BFFFollow__c"
10:34:27.134 (1214921862)|STATEMENT_EXECUTE|[58]
10:34:27.134 (1214924997)|STATEMENT_EXECUTE|[59]
10:34:27.134 (1214951118)|HEAP_ALLOCATE|[59]|Bytes:9
10:34:27.134 (1214961153)|HEAP_ALLOCATE|[59]|Bytes:7
10:34:27.134 (1215058989)|HEAP_ALLOCATE|[59]|Bytes:8
10:34:27.134 (1215077107)|HEAP_ALLOCATE|[59]|Bytes:1
10:34:27.134 (1215093997)|HEAP_ALLOCATE|[59]|Bytes:37
10:34:27.134 (1215110360)|VARIABLE_ASSIGNMENT|[59]|securityMessage|"CRUD on [BFFFollow__ (17 more) ..."
10:34:27.134 (1215114283)|STATEMENT_EXECUTE|[60]
10:34:27.134 (1215123705)|HEAP_ALLOCATE|[60]|Bytes:10
10:34:27.134 (1215137076)|HEAP_ALLOCATE|[60]|Bytes:47
10:34:27.134 (1215196398)|USER_DEBUG|[60]|DEBUG|Checking: CRUD on [BFFFollow__c] for [Querying]
10:34:27.134 (1215210726)|STATEMENT_EXECUTE|[61]
10:34:27.134 (1215815135)|HEAP_ALLOCATE|[61]|Bytes:4
10:34:27.134 (1215863301)|VARIABLE_SCOPE_BEGIN|[61]|drSObj|Schema.DescribeSObjectResult|true|false
10:34:27.134 (1215949725)|VARIABLE_ASSIGNMENT|[61]|drSObj|"common.api.soap.wsdl.DescribeSObjectResult@a54f9caa"|0x1fcf7525
10:34:27.134 (1216237738)|STATEMENT_EXECUTE|[64]
10:34:27.134 (1216275802)|STATEMENT_EXECUTE|[65]
10:34:27.134 (1216368343)|STATEMENT_EXECUTE|[77]
10:34:27.134 (1216372236)|STATEMENT_EXECUTE|[79]
10:34:27.134 (1216783811)|HEAP_ALLOCATE|[79]|Bytes:56
10:34:27.134 (1216800225)|VARIABLE_SCOPE_BEGIN|[79]|mapFields|Map<String,Schema.SObjectField>|true|false
10:34:27.134 (1216998944)|VARIABLE_ASSIGNMENT|[79]|mapFields|"{createdbyid=CreatedById, createddate=CreatedDate, followedby__c=FollowedBy__c, followedusers__c=FollowedUsers__c, id=Id, isdeleted=IsDeleted, lastmodifiedbyid=LastModifiedById, lastmodifieddate=LastModifiedDate, lastreferenceddate=LastReferencedDate, lastvieweddate=LastViewedDate, ...}"|0x2e30bbde
10:34:27.134 (1217018181)|HEAP_ALLOCATE|[80]|Bytes:4
10:34:27.134 (1217093100)|HEAP_ALLOCATE|[80]|Bytes:8
10:34:27.134 (1217126700)|HEAP_ALLOCATE|[80]|Bytes:5
10:34:27.134 (1217151028)|VARIABLE_SCOPE_BEGIN|[80]|fieldName|String|false|false
10:34:27.134 (1217171264)|VARIABLE_ASSIGNMENT|[80]|fieldName|"FollowedUsers__c"
10:34:27.134 (1217176953)|STATEMENT_EXECUTE|[80]
10:34:27.134 (1217179180)|STATEMENT_EXECUTE|[81]
10:34:27.134 (1218181060)|HEAP_ALLOCATE|[81]|Bytes:8
10:34:27.134 (1218227357)|VARIABLE_SCOPE_BEGIN|[81]|drField|Schema.DescribeFieldResult|true|false
10:34:27.134 (1218331439)|VARIABLE_ASSIGNMENT|[81]|drField|"common.api.soap.wsdl.Field@a561d179"|0x17ae7e
10:34:27.134 (1218356493)|STATEMENT_EXECUTE|[82]
10:34:27.134 (1218358636)|STATEMENT_EXECUTE|[83]
10:34:27.134 (1218369342)|HEAP_ALLOCATE|[83]|Bytes:8
10:34:27.134 (1218377305)|HEAP_ALLOCATE|[83]|Bytes:1
10:34:27.134 (1218424461)|HEAP_ALLOCATE|[83]|Bytes:8
10:34:27.134 (1218446444)|HEAP_ALLOCATE|[83]|Bytes:52
10:34:27.134 (1218453310)|HEAP_ALLOCATE|[83]|Bytes:53
10:34:27.134 (1218467955)|VARIABLE_ASSIGNMENT|[83]|securityMessage|"FLS on [BFFFollow__c (33 more) ..."
10:34:27.134 (1218471255)|STATEMENT_EXECUTE|[84]
10:34:27.134 (1218482188)|HEAP_ALLOCATE|[84]|Bytes:63
10:34:27.134 (1218512295)|USER_DEBUG|[84]|DEBUG|Checking: FLS on [BFFFollow__c.FollowedUsers__c] for [Querying]
10:34:27.134 (1218614616)|STATEMENT_EXECUTE|[87]
10:34:27.134 (1218632555)|STATEMENT_EXECUTE|[88]
10:34:27.134 (1218650704)|HEAP_ALLOCATE|[80]|Bytes:5
10:34:27.134 (1218665010)|VARIABLE_SCOPE_BEGIN|[80]|fieldName|String|false|false
10:34:27.134 (1218677185)|VARIABLE_ASSIGNMENT|[80]|fieldName|"Id"
10:34:27.134 (1218680186)|STATEMENT_EXECUTE|[80]
10:34:27.134 (1218681375)|STATEMENT_EXECUTE|[81]
10:34:27.134 (1218823141)|HEAP_ALLOCATE|[81]|Bytes:8
10:34:27.134 (1218834168)|VARIABLE_SCOPE_BEGIN|[81]|drField|Schema.DescribeFieldResult|true|false
10:34:27.134 (1218908364)|VARIABLE_ASSIGNMENT|[81]|drField|"common.api.soap.wsdl.Field@143a9c71"|0x4a049d28
10:34:27.134 (1218921332)|STATEMENT_EXECUTE|[99]
10:34:27.134 (1218923079)|STATEMENT_EXECUTE|[100]
10:34:27.134 (1218931882)|HEAP_ALLOCATE|[100]|Bytes:22
10:34:27.134 (1218973567)|HEAP_ALLOCATE|[100]|Bytes:8
10:34:27.134 (1218989332)|HEAP_ALLOCATE|[100]|Bytes:52
10:34:27.134 (1218994529)|HEAP_ALLOCATE|[100]|Bytes:35
10:34:27.134 (1218999027)|HEAP_ALLOCATE|[100]|Bytes:87
10:34:27.134 (1219019225)|USER_DEBUG|[100]|DEBUG|Bypass Check: FLS on [BFFFollow__c.Id] for [Querying] since it's not isPermissionable()
10:34:27.134 (1219037403)|HEAP_ALLOCATE|[80]|Bytes:5
10:34:27.134 (1219054654)|VARIABLE_ASSIGNMENT|[80]|fieldName|null
10:34:27.134 (1219065543)|HEAP_ALLOCATE|[58]|Bytes:5
10:34:27.134 (1219077120)|VARIABLE_ASSIGNMENT|[58]|sObjectName|null
10:34:27.134 (1219093489)|METHOD_EXIT|[20]|01p50000002CIEt|ETLC_SecuredDB.validate(ETLC_SecuredDB.Operation, Map<String,Set<String>>)
10:34:27.134 (1219098061)|STATEMENT_EXECUTE|[21]
10:34:27.134 (1219111087)|METHOD_EXIT|[28]|01p50000002CIEt|ETLC_SecuredDB.query(String)
10:34:27.134 (1219117505)|VARIABLE_SCOPE_BEGIN|[28]|dbRecords|List<SObject>|true|false
10:34:27.134 (1219152647)|VARIABLE_ASSIGNMENT|[28]|dbRecords|{"s":1,"v":[{"s":2,"v":{"FollowedUsers__c":"[{\"id\":\"00550000005d (85 more) ...","Id":"a005000000ezW4dAAE"}}]}|0x39228001
10:34:27.134 (1219162825)|STATEMENT_EXECUTE|[29]
10:34:27.134 (1219164301)|STATEMENT_EXECUTE|[29]
10:34:27.134 (1219249474)|USER_DEBUG|[29]|DEBUG|(BFFFollow__c:{FollowedUsers__c=[{"id":"00550000005d7KnAAI","name":"Test User"},{"id":"00550000005cg71AAA","name":"Jaswinder Rattanpal"}], Id=a005000000ezW4dAAE})
10:34:27.134 (1219355220)|STATEMENT_EXECUTE|[30]
10:34:27.134 (1219361012)|STATEMENT_EXECUTE|[31]
10:34:27.134 (1219362226)|STATEMENT_EXECUTE|[32]
10:34:27.134 (1219370776)|HEAP_ALLOCATE|[32]|Bytes:18
10:34:27.134 (1219386106)|HEAP_ALLOCATE|[32]|Bytes:12
10:34:27.134 (1219392504)|HEAP_ALLOCATE|[32]|Bytes:16
10:34:27.134 (1219473000)|HEAP_ALLOCATE|[32]|Bytes:105
10:34:27.134 (1219503707)|HEAP_ALLOCATE|[32]|Bytes:105
10:34:27.134 (1219525282)|HEAP_ALLOCATE|[32]|Bytes:123
10:34:27.134 (1219544266)|USER_DEBUG|[32]|DEBUG|FollowedUsers__c::[{"id":"00550000005d7KnAAI","name":"Test User"},{"id":"00550000005cg71AAA","name":"Jaswinder Rattanpal"}]
10:34:27.134 (1219552836)|STATEMENT_EXECUTE|[34]
10:34:27.134 (1219567005)|HEAP_ALLOCATE|[34]|Bytes:12
10:34:27.134 (1219637654)|HEAP_ALLOCATE|[34]|Bytes:105
10:34:27.134 (1219669036)|METHOD_EXIT|[10]|01p50000002D8iw|BFFFollow_Controller.fetchFollowedUsers(Id)
10:34:27.134 (1219794347)|VARIABLE_ASSIGNMENT|[EXTERNAL]|this|{"debug":true,"input":"{\"mode\":\"fetchFollow (9 more) ...","operation":"BFFFollow_Controller"}|0x74b0e759
10:34:27.134 (1219819213)|VARIABLE_ASSIGNMENT|[EXTERNAL]|value|"[{\"id\":\"00550000005d (85 more) ..."
10:34:27.134 (1219851644)|VARIABLE_ASSIGNMENT|[12]|this.output|"[{\"id\":\"00550000005d (85 more) ..."|0x74b0e759
10:34:27.134 (1219866111)|STATEMENT_EXECUTE|[11]
10:34:27.134 (1219958334)|VARIABLE_ASSIGNMENT|[EXTERNAL]|this|{"debug":true,"input":"{\"mode\":\"fetchFollow (9 more) ...","operation":"BFFFollow_Controller","output":"[{\"id\":\"00550000005d (85 more) ..."}|0x74b0e759
10:34:27.134 (1220034083)|VARIABLE_ASSIGNMENT|[EXTERNAL]|this|{"debug":true,"input":"{\"mode\":\"fetchFollow (9 more) ...","operation":"BFFFollow_Controller","output":"[{\"id\":\"00550000005d (85 more) ..."}|0x74b0e759
10:34:27.134 (1220048990)|VARIABLE_ASSIGNMENT|[EXTERNAL]|value|true
10:34:27.134 (1220054968)|HEAP_ALLOCATE|[15]|Bytes:5
10:34:27.134 (1220065866)|VARIABLE_ASSIGNMENT|[15]|this.outputFlag|true|0x74b0e759
10:34:27.134 (1220078249)|STATEMENT_EXECUTE|[19]
10:34:27.134 (1220079935)|STATEMENT_EXECUTE|[19]
10:34:27.134 (1220087850)|HEAP_ALLOCATE|[19]|Bytes:11
10:34:27.134 (1220151910)|HEAP_ALLOCATE|[19]|Bytes:278
10:34:27.134 (1220168533)|HEAP_ALLOCATE|[19]|Bytes:289
10:34:27.134 (1220187027)|USER_DEBUG|[19]|DEBUG|data AFTER:ETLC_ApexBridge_Data:[debug=true, input={"mode":"fetchFollowedUsers"}, isSuccess=null, messages=null, operation=BFFFollow_Controller, output=[{"id":"00550000005d7KnAAI","name":"Test User"},{"id":"00550000005cg71AAA","name":"Jaswinder Rattanpal"}], outputFlag=true, records=null]
10:34:27.134 (1220203757)|METHOD_EXIT|[9]|01p50000002D8iw|BFFFollow_Controller.process(ETLC_ApexBridge_Data)
10:34:27.134 (1220207973)|STATEMENT_EXECUTE|[24]
10:34:27.134 (1220230387)|METHOD_ENTRY|[24]|01p50000002CIEo|ETLC_ApexBridge_Data.toJSON()
10:34:27.134 (1220250644)|VARIABLE_SCOPE_BEGIN|[57]|this|ETLC_ApexBridge_Data|true|false
10:34:27.134 (1220290790)|VARIABLE_ASSIGNMENT|[57]|this|{"debug":true,"input":"{\"mode\":\"fetchFollow (9 more) ...","operation":"BFFFollow_Controller","output":"[{\"id\":\"00550000005d (85 more) ...","outputFlag":true}|0x74b0e759
10:34:27.134 (1220298230)|STATEMENT_EXECUTE|[57]
10:34:27.134 (1220299531)|STATEMENT_EXECUTE|[58]
10:34:27.134 (1220315553)|METHOD_ENTRY|[58]||System.JSON.serialize(Object)
10:34:27.134 (1220418330)|STATEMENT_EXECUTE|[22]
10:34:27.134 (1220423222)|STATEMENT_EXECUTE|[23]
10:34:27.134 (1220432244)|HEAP_ALLOCATE|[23]|Bytes:5
10:34:27.134 (1220445759)|VARIABLE_ASSIGNMENT|[23]|this.isSuccess|true|0x74b0e759
10:34:27.134 (1220448991)|STATEMENT_EXECUTE|[24]
10:34:27.134 (1220500715)|STATEMENT_EXECUTE|[31]
10:34:27.134 (1220505052)|STATEMENT_EXECUTE|[32]
10:34:27.134 (1220515017)|HEAP_ALLOCATE|[32]|Bytes:4
10:34:27.134 (1220584591)|VARIABLE_ASSIGNMENT|[32]|this.messages|{"s":1,"v":{}}|0x74b0e759
10:34:27.134 (1220588746)|STATEMENT_EXECUTE|[33]
10:34:27.134 (1220931307)|METHOD_EXIT|[58]||System.JSON.serialize(Object)
10:34:27.134 (1220937911)|METHOD_EXIT|[24]|01p50000002CIEo|ETLC_ApexBridge_Data.toJSON()
10:34:27.134 (1220950373)|SYSTEM_MODE_EXIT|false
10:34:27.221 (1221036020)|CUMULATIVE_LIMIT_USAGE
10:34:27.221 (1221036020)|LIMIT_USAGE_FOR_NS|(default)|
  Number of SOQL queries: 1 out of 100
  Number of query rows: 1 out of 50000
  Number of SOSL queries: 0 out of 20
  Number of DML statements: 0 out of 150
  Number of DML rows: 0 out of 10000
  Maximum CPU time: 0 out of 10000
  Maximum heap size: 0 out of 6000000
  Number of callouts: 0 out of 100
  Number of Email Invocations: 0 out of 10
  Number of future calls: 0 out of 50
  Number of queueable jobs added to the queue: 0 out of 50
  Number of Mobile Apex push calls: 0 out of 10

10:34:27.221 (1221036020)|CUMULATIVE_LIMIT_USAGE_END

10:34:27.134 (1221107867)|CODE_UNIT_FINISHED|ETLC_ApexBridge_Controller.execute
