37.0 APEX_CODE,FINEST;APEX_PROFILING,INFO;CALLOUT,INFO;DB,INFO;SYSTEM,DEBUG;VALIDATION,INFO;VISUALFORCE,INFO;WORKFLOW,INFO
21:44:59.0 (71915)|USER_INFO|[EXTERNAL]|00550000005cg71|bfffollow@jr.te|Eastern Standard Time|GMT-04:00
21:44:59.0 (105008)|EXECUTION_STARTED
21:44:59.0 (110042)|CODE_UNIT_STARTED|[EXTERNAL]|VisualForce View State
21:44:59.0 (11473605)|CODE_UNIT_FINISHED|VisualForce View State
21:44:59.0 (12554236)|EXECUTION_FINISHED
21:44:59.14 (14845725)|USER_INFO|[EXTERNAL]|00550000005cg71|bfffollow@jr.te|Eastern Standard Time|GMT-04:00
21:44:59.14 (14857734)|EXECUTION_STARTED
21:44:59.14 (14860525)|CODE_UNIT_STARTED|[EXTERNAL]|VF: /apex/editStaticResource.apexp
21:44:59.14 (14889526)|USER_INFO|[EXTERNAL]|00550000005cg71|bfffollow@jr.te|Eastern Standard Time|GMT-04:00
21:44:59.15 (15082976)|USER_INFO|[EXTERNAL]|00550000005cg71|bfffollow@jr.te|Eastern Standard Time|GMT-04:00
21:44:59.14 (16515497)|HEAP_ALLOCATE|[EXTERNAL]|Bytes:-4
21:44:59.16 (16649339)|USER_INFO|[EXTERNAL]|00550000005cg71|bfffollow@jr.te|Eastern Standard Time|GMT-04:00
21:44:59.16 (16692274)|HEAP_ALLOCATE|[EXTERNAL]|Bytes:-4
21:44:59.16 (16863358)|USER_INFO|[EXTERNAL]|00550000005cg71|bfffollow@jr.te|Eastern Standard Time|GMT-04:00
21:44:59.16 (16988505)|USER_INFO|[EXTERNAL]|00550000005cg71|bfffollow@jr.te|Eastern Standard Time|GMT-04:00
21:44:59.17 (17651437)|USER_INFO|[EXTERNAL]|00550000005cg71|bfffollow@jr.te|Eastern Standard Time|GMT-04:00
21:44:59.17 (17812298)|USER_INFO|[EXTERNAL]|00550000005cg71|bfffollow@jr.te|Eastern Standard Time|GMT-04:00
21:44:59.18 (18204173)|USER_INFO|[EXTERNAL]|00550000005cg71|bfffollow@jr.te|Eastern Standard Time|GMT-04:00
21:44:59.18 (18507800)|USER_INFO|[EXTERNAL]|00550000005cg71|bfffollow@jr.te|Eastern Standard Time|GMT-04:00
21:44:59.18 (18541496)|HEAP_ALLOCATE|[EXTERNAL]|Bytes:-4
21:44:59.18 (18682881)|USER_INFO|[EXTERNAL]|00550000005cg71|bfffollow@jr.te|Eastern Standard Time|GMT-04:00
21:44:59.18 (18718208)|HEAP_ALLOCATE|[EXTERNAL]|Bytes:-4
21:44:59.18 (18904851)|USER_INFO|[EXTERNAL]|00550000005cg71|bfffollow@jr.te|Eastern Standard Time|GMT-04:00
21:44:59.19 (19130104)|USER_INFO|[EXTERNAL]|00550000005cg71|bfffollow@jr.te|Eastern Standard Time|GMT-04:00
21:44:59.19 (19147172)|SYSTEM_MODE_ENTER|false
21:44:59.19 (81524075)|HEAP_ALLOCATE|[EXTERNAL]|Bytes:-4
21:44:59.83 (83997532)|CUMULATIVE_LIMIT_USAGE
21:44:59.83 (83997532)|LIMIT_USAGE_FOR_NS|(default)|
  Number of SOQL queries: 0 out of 100
  Number of query rows: 0 out of 50000
  Number of SOSL queries: 0 out of 20
  Number of DML statements: 0 out of 150
  Number of DML rows: 0 out of 10000
  Maximum CPU time: 0 out of 10000
  Maximum heap size: 0 out of 6000000
  Number of callouts: 0 out of 100
  Number of Email Invocations: 0 out of 10
  Number of future calls: 0 out of 50
  Number of queueable jobs added to the queue: 0 out of 50
  Number of Mobile Apex push calls: 0 out of 10

21:44:59.83 (83997532)|CUMULATIVE_LIMIT_USAGE_END

21:44:59.14 (84052891)|CODE_UNIT_FINISHED|VF: /apex/editStaticResource.apexp
21:44:59.14 (85199401)|EXECUTION_FINISHED
