37.0 APEX_CODE,FINEST;APEX_PROFILING,INFO;CALLOUT,INFO;DB,INFO;SYSTEM,DEBUG;VALIDATION,INFO;VISUALFORCE,INFO;WORKFLOW,INFO
10:28:01.0 (455674)|USER_INFO|[EXTERNAL]|00550000005cg71|bfffollow@jr.te|Eastern Standard Time|GMT-04:00
10:28:01.0 (495571)|EXECUTION_STARTED
10:28:01.0 (500441)|CODE_UNIT_STARTED|[EXTERNAL]|aura
10:28:01.0 (892737)|HEAP_ALLOCATE|[72]|Bytes:3
10:28:01.0 (946546)|HEAP_ALLOCATE|[77]|Bytes:152
10:28:01.0 (964336)|HEAP_ALLOCATE|[342]|Bytes:408
10:28:01.0 (980548)|HEAP_ALLOCATE|[355]|Bytes:408
10:28:01.0 (995848)|HEAP_ALLOCATE|[467]|Bytes:48
10:28:01.0 (1025146)|HEAP_ALLOCATE|[139]|Bytes:6
10:28:01.0 (1051143)|HEAP_ALLOCATE|[EXTERNAL]|Bytes:94
10:28:01.0 (1068491)|HEAP_ALLOCATE|[EXTERNAL]|Bytes:94
10:28:01.0 (2897945)|CODE_UNIT_STARTED|[EXTERNAL]|01p50000002CIEm|ETLC_ApexBridge_Controller.execute
10:28:01.0 (3591719)|HEAP_ALLOCATE|[EXTERNAL]|Bytes:1
10:28:01.0 (3602966)|HEAP_ALLOCATE|[EXTERNAL]|Bytes:10
10:28:01.0 (3627764)|METHOD_ENTRY|[1]|01p50000002CIEm|ETLC_ApexBridge_Controller.ETLC_ApexBridge_Controller()
10:28:01.0 (3635272)|STATEMENT_EXECUTE|[1]
10:28:01.0 (3640560)|STATEMENT_EXECUTE|[1]
10:28:01.0 (3649223)|METHOD_EXIT|[1]|ETLC_ApexBridge_Controller
10:28:01.0 (3654629)|HEAP_ALLOCATE|[EXTERNAL]|Bytes:94
10:28:01.0 (3663761)|SYSTEM_MODE_ENTER|false
10:28:01.0 (3677577)|VARIABLE_SCOPE_BEGIN|[3]|dataJson|String|false|false
10:28:01.0 (3718145)|VARIABLE_ASSIGNMENT|[3]|dataJson|"{\"operation\":\"BFFFol (74 more) ..."
10:28:01.0 (3731468)|STATEMENT_EXECUTE|[3]
10:28:01.0 (3733214)|STATEMENT_EXECUTE|[4]
10:28:01.0 (5893330)|VARIABLE_SCOPE_BEGIN|[4]|data|ETLC_ApexBridge_Data|true|false
10:28:01.0 (5907547)|VARIABLE_ASSIGNMENT|[4]|data|null|
10:28:01.0 (5910421)|STATEMENT_EXECUTE|[5]
10:28:01.0 (5911808)|STATEMENT_EXECUTE|[5]
10:28:01.0 (5912710)|STATEMENT_EXECUTE|[6]
10:28:01.0 (5933091)|HEAP_ALLOCATE|[6]|Bytes:11
10:28:01.0 (5941566)|HEAP_ALLOCATE|[6]|Bytes:248
10:28:01.0 (5944221)|HEAP_ALLOCATE|[6]|Bytes:39
10:28:01.0 (6006249)|METHOD_ENTRY|[2]|01p50000002CIEo|ETLC_ApexBridge_Data.ETLC_ApexBridge_Data()
10:28:01.0 (6013130)|STATEMENT_EXECUTE|[2]
10:28:01.0 (6019314)|STATEMENT_EXECUTE|[2]
10:28:01.0 (6030632)|METHOD_EXIT|[2]|ETLC_ApexBridge_Data
10:28:01.0 (6064313)|METHOD_ENTRY|[6]|01p50000002CIEo|ETLC_ApexBridge_Data.fromJSON(String)
10:28:01.0 (6092960)|VARIABLE_SCOPE_BEGIN|[60]|strJson|String|false|false
10:28:01.0 (6107410)|VARIABLE_ASSIGNMENT|[60]|strJson|"{\"operation\":\"BFFFol (74 more) ..."
10:28:01.0 (6114625)|STATEMENT_EXECUTE|[60]
10:28:01.0 (6116826)|STATEMENT_EXECUTE|[61]
10:28:01.0 (6130063)|HEAP_ALLOCATE|[61]|Bytes:20
10:28:01.0 (6160775)|HEAP_ALLOCATE|[50]|Bytes:5
10:28:01.0 (6196244)|HEAP_ALLOCATE|[56]|Bytes:5
10:28:01.0 (6213459)|HEAP_ALLOCATE|[64]|Bytes:7
10:28:01.0 (6317460)|HEAP_ALLOCATE|[61]|Bytes:24
10:28:01.0 (6338631)|SYSTEM_METHOD_ENTRY|[1]|Type.Type()
10:28:01.0 (6343864)|STATEMENT_EXECUTE|[1]
10:28:01.0 (6359164)|SYSTEM_METHOD_EXIT|[1]|Type
10:28:01.0 (6369021)|HEAP_ALLOCATE|[61]|Bytes:8
10:28:01.0 (6402176)|HEAP_ALLOCATE|[61]|Bytes:8
10:28:01.0 (6411750)|VARIABLE_SCOPE_BEGIN|[4]|this|System.Type|true|false
10:28:01.0 (6455991)|VARIABLE_ASSIGNMENT|[4]|this|{}|0x105334be
10:28:01.0 (6463431)|VARIABLE_SCOPE_BEGIN|[4]|apextype|java:common.apex.runtime.ApexObjectType|true|false
10:28:01.0 (6674401)|VARIABLE_ASSIGNMENT|[4]|apextype|"ETLC_ApexBridge_Data"|0x2ce1c0a1
10:28:01.0 (6757390)|HEAP_ALLOCATE|[61]|Bytes:8
10:28:01.0 (6801470)|HEAP_ALLOCATE|[61]|Bytes:24
10:28:01.0 (6819686)|SYSTEM_METHOD_ENTRY|[1]|JSON.JSON()
10:28:01.0 (6823869)|STATEMENT_EXECUTE|[1]
10:28:01.0 (6834137)|SYSTEM_METHOD_EXIT|[1]|JSON
10:28:01.0 (6851587)|METHOD_ENTRY|[61]||System.JSON.deserializeStrict(String, System.Type)
10:28:01.0 (7521804)|METHOD_EXIT|[61]||System.JSON.deserializeStrict(String, System.Type)
10:28:01.0 (7538809)|METHOD_EXIT|[6]|01p50000002CIEo|ETLC_ApexBridge_Data.fromJSON(String)
10:28:01.0 (7622098)|VARIABLE_ASSIGNMENT|[6]|data|{"debug":false,"input":"{\"mode\":\"fetchFollow (9 more) ...","operation":"BFFFollow_Controller"}|0x40580d45
10:28:01.0 (7627838)|STATEMENT_EXECUTE|[7]
10:28:01.0 (7638269)|HEAP_ALLOCATE|[7]|Bytes:6
10:28:01.0 (7725371)|HEAP_ALLOCATE|[7]|Bytes:178
10:28:01.0 (7756005)|HEAP_ALLOCATE|[7]|Bytes:184
10:28:01.0 (7784367)|USER_DEBUG|[7]|DEBUG|data::ETLC_ApexBridge_Data:[debug=false, input={"mode":"fetchFollowedUsers"}, isSuccess=null, messages=null, operation=BFFFollow_Controller, output=null, outputFlag=null, records=null]
10:28:01.0 (7792999)|STATEMENT_EXECUTE|[8]
10:28:01.0 (7852141)|VARIABLE_ASSIGNMENT|[EXTERNAL]|this|{"debug":false,"input":"{\"mode\":\"fetchFollow (9 more) ...","operation":"BFFFollow_Controller"}|0x40580d45
10:28:01.0 (7873158)|METHOD_ENTRY|[8]||System.Type.forName(String)
10:28:01.0 (10059939)|METHOD_EXIT|[8]||System.Type.forName(String)
10:28:01.0 (10075330)|METHOD_ENTRY|[8]||System.Type.newInstance()
10:28:01.0 (11495552)|STATEMENT_EXECUTE|[1]
10:28:01.0 (11508814)|HEAP_ALLOCATE|[33]|Bytes:5
10:28:01.0 (11529293)|METHOD_EXIT|[1]|BFFFollow_Controller
10:28:01.0 (11549835)|HEAP_ALLOCATE|[33]|Bytes:4
10:28:01.0 (11561350)|VARIABLE_SCOPE_BEGIN|[1]|this|BFFFollow_Controller|true|false
10:28:01.0 (11593593)|VARIABLE_ASSIGNMENT|[1]|this|{}|0x5cdccbdc
10:28:01.0 (11607261)|HEAP_ALLOCATE|[33]|Bytes:5
10:28:01.0 (11620275)|HEAP_ALLOCATE|[33]|Bytes:11
10:28:01.0 (11650076)|METHOD_ENTRY|[1]|01p50000002CIEj|ETLC_ApexBridge_Abstract.ETLC_ApexBridge_Abstract()
10:28:01.0 (11656002)|STATEMENT_EXECUTE|[1]
10:28:01.0 (11661856)|STATEMENT_EXECUTE|[1]
10:28:01.0 (11671229)|METHOD_EXIT|[1]|ETLC_ApexBridge_Abstract
10:28:01.0 (11681141)|CONSTRUCTOR_ENTRY|[EXTERNAL]|01p50000002CIEj|<init>()
10:28:01.0 (11701960)|VARIABLE_SCOPE_BEGIN|[1]|this|ETLC_ApexBridge_Abstract|true|false
10:28:01.0 (11719705)|VARIABLE_ASSIGNMENT|[1]|this|{}|0x5cdccbdc
10:28:01.0 (11735165)|STATEMENT_EXECUTE|[1]
10:28:01.0 (11739581)|CONSTRUCTOR_EXIT|[EXTERNAL]|01p50000002CIEj|<init>()
10:28:01.0 (11744912)|STATEMENT_EXECUTE|[1]
10:28:01.0 (11750009)|HEAP_ALLOCATE|[33]|Bytes:5
10:28:01.0 (11768151)|METHOD_EXIT|[8]||System.Type.newInstance()
10:28:01.0 (11777500)|VARIABLE_SCOPE_BEGIN|[8]|executor|ETLC_ApexBridge_Abstract|true|false
10:28:01.0 (11791840)|VARIABLE_ASSIGNMENT|[8]|executor|{}|0x5cdccbdc
10:28:01.0 (11794516)|STATEMENT_EXECUTE|[9]
10:28:01.0 (11838639)|METHOD_ENTRY|[9]|01p50000002D8iw|BFFFollow_Controller.process(ETLC_ApexBridge_Data)
10:28:01.0 (11875774)|VARIABLE_SCOPE_BEGIN|[3]|this|BFFFollow_Controller|true|false
10:28:01.0 (11897692)|VARIABLE_ASSIGNMENT|[3]|this|{}|0x5cdccbdc
10:28:01.0 (11905133)|VARIABLE_SCOPE_BEGIN|[3]|data|ETLC_ApexBridge_Data|true|false
10:28:01.0 (11962614)|VARIABLE_ASSIGNMENT|[3]|data|{"debug":false,"input":"{\"mode\":\"fetchFollow (9 more) ...","operation":"BFFFollow_Controller"}|0x40580d45
10:28:01.0 (11978291)|HEAP_ALLOCATE|[4]|Bytes:5
10:28:01.0 (11983088)|STATEMENT_EXECUTE|[3]
10:28:01.0 (11984372)|STATEMENT_EXECUTE|[4]
10:28:01.0 (12070280)|VARIABLE_ASSIGNMENT|[EXTERNAL]|this|{"debug":false,"input":"{\"mode\":\"fetchFollow (9 more) ...","operation":"BFFFollow_Controller"}|0x40580d45
10:28:01.0 (12098274)|VARIABLE_ASSIGNMENT|[4]|BFFFollow_Controller.debugFlag|false
10:28:01.0 (12153723)|VARIABLE_ASSIGNMENT|[EXTERNAL]|this|{"debug":false,"input":"{\"mode\":\"fetchFollow (9 more) ...","operation":"BFFFollow_Controller"}|0x40580d45
10:28:01.0 (12174740)|STATEMENT_EXECUTE|[5]
10:28:01.0 (12183824)|STATEMENT_EXECUTE|[7]
10:28:01.0 (12191842)|HEAP_ALLOCATE|[7]|Bytes:4
10:28:01.0 (12225389)|METHOD_ENTRY|[7]|01p50000002CIEo|ETLC_ApexBridge_Data.getInputValue(String)
10:28:01.0 (12250701)|VARIABLE_SCOPE_BEGIN|[52]|this|ETLC_ApexBridge_Data|true|false
10:28:01.0 (12279081)|VARIABLE_ASSIGNMENT|[52]|this|{"debug":false,"input":"{\"mode\":\"fetchFollow (9 more) ...","operation":"BFFFollow_Controller"}|0x40580d45
10:28:01.0 (12285618)|VARIABLE_SCOPE_BEGIN|[52]|key|String|false|false
10:28:01.0 (12289422)|VARIABLE_ASSIGNMENT|[52]|key|"mode"
10:28:01.0 (12293706)|STATEMENT_EXECUTE|[52]
10:28:01.0 (12294908)|STATEMENT_EXECUTE|[53]
10:28:01.0 (12358991)|VARIABLE_ASSIGNMENT|[EXTERNAL]|this|{"debug":false,"input":"{\"mode\":\"fetchFollow (9 more) ...","operation":"BFFFollow_Controller"}|0x40580d45
10:28:01.0 (12389706)|METHOD_ENTRY|[53]||System.JSON.deserializeUntyped(String)
10:28:01.0 (12629790)|METHOD_EXIT|[53]||System.JSON.deserializeUntyped(String)
10:28:01.0 (12639906)|VARIABLE_SCOPE_BEGIN|[53]|inputMap|Map<String,ANY>|true|false
10:28:01.0 (12666518)|VARIABLE_ASSIGNMENT|[53]|inputMap|{"s":1,"v":{"mode":"fetchFollowedUsers"}}|0x10f1737a
10:28:01.0 (12670209)|STATEMENT_EXECUTE|[54]
10:28:01.0 (12711455)|METHOD_EXIT|[7]|01p50000002CIEo|ETLC_ApexBridge_Data.getInputValue(String)
10:28:01.0 (12717703)|VARIABLE_SCOPE_BEGIN|[7]|mode|String|false|false
10:28:01.0 (12724551)|VARIABLE_ASSIGNMENT|[7]|mode|"fetchFollowedUsers"
10:28:01.0 (12729444)|HEAP_ALLOCATE|[9]|Bytes:18
10:28:01.0 (12759972)|STATEMENT_EXECUTE|[9]
10:28:01.0 (12761841)|STATEMENT_EXECUTE|[10]
10:28:01.0 (12811721)|HEAP_ALLOCATE|[10]|Bytes:85
10:28:01.0 (12826501)|SYSTEM_METHOD_ENTRY|[1]|UserInfo.UserInfo()
10:28:01.0 (12829819)|STATEMENT_EXECUTE|[1]
10:28:01.0 (12837117)|SYSTEM_METHOD_EXIT|[1]|UserInfo
10:28:01.0 (12848750)|METHOD_ENTRY|[10]||System.UserInfo.getUserId()
10:28:01.0 (12880961)|METHOD_EXIT|[10]||System.UserInfo.getUserId()
10:28:01.0 (12894207)|HEAP_ALLOCATE|[10]|Bytes:4
10:28:01.0 (12909101)|METHOD_ENTRY|[10]|01p50000002D8iw|BFFFollow_Controller.fetchFollowedUsers(Id)
10:28:01.0 (12917990)|VARIABLE_SCOPE_BEGIN|[24]|this|BFFFollow_Controller|true|false
10:28:01.0 (12938121)|VARIABLE_ASSIGNMENT|[24]|this|{}|0x5cdccbdc
10:28:01.0 (12944020)|VARIABLE_SCOPE_BEGIN|[24]|followedById|Id|false|false
10:28:01.0 (13120276)|VARIABLE_ASSIGNMENT|[24]|followedById|"00550000005cg71AAA"
10:28:01.0 (13134240)|HEAP_ALLOCATE|[25]|Bytes:5
10:28:01.0 (13138281)|STATEMENT_EXECUTE|[24]
10:28:01.0 (13139572)|STATEMENT_EXECUTE|[25]
10:28:01.0 (13147859)|HEAP_ALLOCATE|[25]|Bytes:63
10:28:01.0 (13186766)|HEAP_ALLOCATE|[25]|Bytes:18
10:28:01.0 (13197968)|HEAP_ALLOCATE|[25]|Bytes:9
10:28:01.0 (13208634)|HEAP_ALLOCATE|[25]|Bytes:90
10:28:01.0 (13213588)|VARIABLE_SCOPE_BEGIN|[25]|soql|String|false|false
10:28:01.0 (13222728)|VARIABLE_ASSIGNMENT|[25]|soql|"SELECT FollowedUsers (70 more) ..."
10:28:01.0 (13225584)|STATEMENT_EXECUTE|[26]
10:28:01.0 (13226632)|STATEMENT_EXECUTE|[26]
10:28:01.0 (13231375)|STATEMENT_EXECUTE|[27]
10:28:01.0 (13236570)|STATEMENT_EXECUTE|[28]
10:28:01.0 (16434950)|HEAP_ALLOCATE|[28]|Bytes:9
10:28:01.0 (16447386)|HEAP_ALLOCATE|[28]|Bytes:29
10:28:01.0 (16450856)|HEAP_ALLOCATE|[28]|Bytes:21
10:28:01.0 (16481964)|METHOD_ENTRY|[7]|01p50000002CIEt|ETLC_SecuredDB.ETLC_SecuredDB()
10:28:01.0 (16486855)|STATEMENT_EXECUTE|[7]
10:28:01.0 (16494009)|STATEMENT_EXECUTE|[7]
10:28:01.0 (16502438)|HEAP_ALLOCATE|[28]|Bytes:5
10:28:01.0 (16523046)|METHOD_EXIT|[7]|ETLC_SecuredDB
10:28:01.0 (16569537)|METHOD_ENTRY|[28]|01p50000002CIEt|ETLC_SecuredDB.query(String)
10:28:01.0 (16598754)|VARIABLE_SCOPE_BEGIN|[10]|SOQL|String|false|false
10:28:01.0 (16613487)|VARIABLE_ASSIGNMENT|[10]|SOQL|"SELECT FollowedUsers (70 more) ..."
10:28:01.0 (16623412)|HEAP_ALLOCATE|[12]|Bytes:5
10:28:01.0 (16627855)|STATEMENT_EXECUTE|[10]
10:28:01.0 (16629231)|STATEMENT_EXECUTE|[12]
10:28:01.0 (17682556)|SOQL_EXECUTE_BEGIN|[12]|Aggregations:0|SELECT FollowedUsers__c FROM BFFFollow__c WHERE FollowedBy__c='00550000005cg71AAA' limit 1
10:28:01.0 (21242224)|SOQL_EXECUTE_END|[12]|Rows:1
10:28:01.0 (21263527)|HEAP_ALLOCATE|[12]|Bytes:8
10:28:01.0 (21274380)|HEAP_ALLOCATE|[12]|Bytes:158
10:28:01.0 (21337973)|HEAP_ALLOCATE|[12]|Bytes:8
10:28:01.0 (21359575)|VARIABLE_SCOPE_BEGIN|[12]|dbRecords|List<SObject>|true|false
10:28:01.0 (21408557)|VARIABLE_ASSIGNMENT|[12]|dbRecords|{"s":1,"v":[{"s":2,"v":{"FollowedUsers__c":"[{\"id\":\"00550000005d (85 more) ...","Id":"a005000000ezW4dAAE"}}]}|0xfdf8961
10:28:01.0 (21415039)|STATEMENT_EXECUTE|[20]
10:28:01.0 (21742376)|HEAP_ALLOCATE|[20]|Bytes:12
10:28:01.0 (21750106)|HEAP_ALLOCATE|[20]|Bytes:8
10:28:01.0 (21836361)|HEAP_ALLOCATE|[20]|Bytes:12
10:28:01.0 (21845385)|HEAP_ALLOCATE|[20]|Bytes:9
10:28:01.0 (21870261)|HEAP_ALLOCATE|[20]|Bytes:12
10:28:01.0 (21878435)|HEAP_ALLOCATE|[20]|Bytes:8
10:28:01.0 (21902740)|HEAP_ALLOCATE|[20]|Bytes:12
10:28:01.0 (21910350)|HEAP_ALLOCATE|[20]|Bytes:8
10:28:01.0 (21937543)|HEAP_ALLOCATE|[20]|Bytes:12
10:28:01.0 (21944110)|HEAP_ALLOCATE|[20]|Bytes:9
10:28:01.0 (21994100)|METHOD_ENTRY|[20]|01p50000002CIEt|ETLC_SecuredDB.findFields(List<SObject>)
10:28:01.0 (22036811)|VARIABLE_SCOPE_BEGIN|[108]|dbRecords|List<SObject>|true|false
10:28:01.0 (22065358)|VARIABLE_ASSIGNMENT|[108]|dbRecords|{"s":1,"v":[{"s":2,"v":{"FollowedUsers__c":"[{\"id\":\"00550000005d (85 more) ...","Id":"a005000000ezW4dAAE"}}]}|0xfdf8961
10:28:01.0 (22085090)|HEAP_ALLOCATE|[109]|Bytes:5
10:28:01.0 (22092045)|STATEMENT_EXECUTE|[108]
10:28:01.0 (22094333)|STATEMENT_EXECUTE|[109]
10:28:01.0 (22106346)|VARIABLE_SCOPE_BEGIN|[109]|strJSON|String|false|false
10:28:01.0 (22115324)|VARIABLE_ASSIGNMENT|[109]|strJSON|null
10:28:01.0 (22118487)|STATEMENT_EXECUTE|[110]
10:28:01.0 (22127693)|VARIABLE_SCOPE_BEGIN|[110]|mapFields|Map<String,Set<String>>|true|false
10:28:01.0 (22134725)|VARIABLE_ASSIGNMENT|[110]|mapFields|null|
10:28:01.0 (22138359)|STATEMENT_EXECUTE|[112]
10:28:01.0 (22159101)|METHOD_ENTRY|[112]||System.JSON.serialize(Object)
10:28:01.0 (22591765)|METHOD_EXIT|[112]||System.JSON.serialize(Object)
10:28:01.0 (22606221)|VARIABLE_ASSIGNMENT|[112]|strJSON|"[{\"attributes\":{\"typ (259 more) ..."
10:28:01.0 (22609537)|STATEMENT_EXECUTE|[113]
10:28:01.0 (22618616)|HEAP_ALLOCATE|[113]|Bytes:5
10:28:01.0 (22628788)|HEAP_ALLOCATE|[113]|Bytes:284
10:28:01.0 (22664010)|USER_DEBUG|[113]|DEBUG|JSON:[{"attributes":{"type":"BFFFollow__c","url":"/services/data/v37.0/sobjects/BFFFollow__c/a005000000ezW4dAAE"},"FollowedUsers__c":"[{\"id\":\"00550000005d7KnAAI\",\"name\":\"Test User\"},{\"id\":\"00550000005cg71AAA\",\"name\":\"Jaswinder Rattanpal\"}]","Id":"a005000000ezW4dAAE"}]
10:28:01.0 (22673331)|STATEMENT_EXECUTE|[114]
10:28:01.0 (22683922)|HEAP_ALLOCATE|[114]|Bytes:4
10:28:01.0 (22712224)|VARIABLE_ASSIGNMENT|[114]|mapFields|{"s":1,"v":{}}|0x595866f0
10:28:01.0 (22715442)|STATEMENT_EXECUTE|[115]
10:28:01.0 (22728246)|METHOD_ENTRY|[115]||System.JSON.deserializeUntyped(String)
10:28:01.0 (23210602)|METHOD_EXIT|[115]||System.JSON.deserializeUntyped(String)
10:28:01.0 (23224646)|VARIABLE_SCOPE_BEGIN|[115]|records|List<ANY>|true|false
10:28:01.0 (23263267)|HEAP_ALLOCATE|[EXTERNAL]|Bytes:8
10:28:01.0 (23300677)|VARIABLE_ASSIGNMENT|[115]|records|{"s":1,"v":[{"s":2,"v":{"attributes":{"s":3,"v":{"type":"BFFFollow__c","url":"/services/data/v37.0 (41 more) ..."}},"FollowedUsers__c":"[{\"id\":\"00550000005d (85 more) ...","Id":"a005000000ezW4dAAE"}}]}|0x23d4b4a2
10:28:01.0 (23359028)|HEAP_ALLOCATE|[116]|Bytes:5
10:28:01.0 (23422431)|HEAP_ALLOCATE|[116]|Bytes:16
10:28:01.0 (23437428)|VARIABLE_SCOPE_BEGIN|[116]|record|Object|false|false
10:28:01.0 (23474320)|VARIABLE_ASSIGNMENT|[116]|record|{"s":1,"v":{"attributes":{"s":2,"v":{"type":"BFFFollow__c","url":"/services/data/v37.0 (41 more) ..."}},"FollowedUsers__c":"[{\"id\":\"00550000005d (85 more) ...","Id":"a005000000ezW4dAAE"}}
10:28:01.0 (23482386)|STATEMENT_EXECUTE|[116]
10:28:01.0 (23484584)|STATEMENT_EXECUTE|[117]
10:28:01.0 (23520836)|METHOD_ENTRY|[117]|01p50000002CIEt|ETLC_SecuredDB.findFieldsRecursive(Map<String,Set<String>>, Map<String,ANY>)
10:28:01.0 (23577396)|VARIABLE_SCOPE_BEGIN|[124]|mapFields|Map<String,Set<String>>|true|false
10:28:01.0 (23602093)|VARIABLE_ASSIGNMENT|[124]|mapFields|{"s":1,"v":{}}|0x595866f0
10:28:01.0 (23610642)|VARIABLE_SCOPE_BEGIN|[124]|record|Map<String,ANY>|true|false
10:28:01.0 (23635332)|VARIABLE_ASSIGNMENT|[124]|record|{"s":1,"v":{"attributes":{"s":2,"v":{"type":"BFFFollow__c","url":"/services/data/v37.0 (41 more) ..."}},"FollowedUsers__c":"[{\"id\":\"00550000005d (85 more) ...","Id":"a005000000ezW4dAAE"}}|0x35fe1d88
10:28:01.0 (23647715)|HEAP_ALLOCATE|[125]|Bytes:5
10:28:01.0 (23652032)|STATEMENT_EXECUTE|[124]
10:28:01.0 (23653393)|STATEMENT_EXECUTE|[125]
10:28:01.0 (23660733)|HEAP_ALLOCATE|[125]|Bytes:10
10:28:01.0 (23668563)|VARIABLE_SCOPE_BEGIN|[125]|strAttributes|String|false|false
10:28:01.0 (23674836)|VARIABLE_ASSIGNMENT|[125]|strAttributes|"attributes"
10:28:01.0 (23676793)|STATEMENT_EXECUTE|[126]
10:28:01.0 (23681776)|HEAP_ALLOCATE|[126]|Bytes:7
10:28:01.0 (23685217)|VARIABLE_SCOPE_BEGIN|[126]|strRecord|String|false|false
10:28:01.0 (23689544)|VARIABLE_ASSIGNMENT|[126]|strRecord|"records"
10:28:01.0 (23723472)|STATEMENT_EXECUTE|[127]
10:28:01.0 (23725677)|STATEMENT_EXECUTE|[128]
10:28:01.0 (23760609)|VARIABLE_SCOPE_BEGIN|[128]|attributes|Map<String,ANY>|true|false
10:28:01.0 (23780249)|VARIABLE_ASSIGNMENT|[128]|attributes|{"s":1,"v":{"type":"BFFFollow__c","url":"/services/data/v37.0 (41 more) ..."}}|0x1ca3018a
10:28:01.0 (23783826)|STATEMENT_EXECUTE|[129]
10:28:01.0 (23791191)|HEAP_ALLOCATE|[129]|Bytes:4
10:28:01.0 (23822839)|VARIABLE_SCOPE_BEGIN|[129]|objectName|String|false|false
10:28:01.0 (23829936)|VARIABLE_ASSIGNMENT|[129]|objectName|"BFFFollow__c"
10:28:01.0 (23838860)|HEAP_ALLOCATE|[130]|Bytes:4
10:28:01.0 (23904371)|HEAP_ALLOCATE|[130]|Bytes:44
10:28:01.0 (23927166)|HEAP_ALLOCATE|[130]|Bytes:12
10:28:01.0 (23950720)|HEAP_ALLOCATE|[130]|Bytes:5
10:28:01.0 (23964614)|VARIABLE_SCOPE_BEGIN|[130]|fieldName|String|false|false
10:28:01.0 (23972638)|VARIABLE_ASSIGNMENT|[130]|fieldName|"attributes"
10:28:01.0 (23975987)|STATEMENT_EXECUTE|[130]
10:28:01.0 (23977012)|STATEMENT_EXECUTE|[131]
10:28:01.0 (24017780)|VARIABLE_SCOPE_BEGIN|[131]|field|Object|false|false
10:28:01.0 (24044313)|VARIABLE_ASSIGNMENT|[131]|field|{"s":1,"v":{"type":"BFFFollow__c","url":"/services/data/v37.0 (41 more) ..."}}
10:28:01.0 (24075760)|STATEMENT_EXECUTE|[132]
10:28:01.0 (24101025)|HEAP_ALLOCATE|[130]|Bytes:5
10:28:01.0 (24124794)|VARIABLE_SCOPE_BEGIN|[130]|fieldName|String|false|false
10:28:01.0 (24136372)|VARIABLE_ASSIGNMENT|[130]|fieldName|"FollowedUsers__c"
10:28:01.0 (24140693)|STATEMENT_EXECUTE|[130]
10:28:01.0 (24142369)|STATEMENT_EXECUTE|[131]
10:28:01.0 (24175635)|VARIABLE_SCOPE_BEGIN|[131]|field|Object|false|false
10:28:01.0 (24192260)|VARIABLE_ASSIGNMENT|[131]|field|"[{\"id\":\"00550000005d (85 more) ..."
10:28:01.0 (24207858)|HEAP_ALLOCATE|[134]|Bytes:68
10:28:01.0 (24235023)|STATEMENT_EXECUTE|[136]
10:28:01.0 (24237903)|STATEMENT_EXECUTE|[137]
10:28:01.0 (24249004)|HEAP_ALLOCATE|[137]|Bytes:4
10:28:01.0 (24294532)|VARIABLE_SCOPE_BEGIN|[137]|fieldNames|Set<String>|true|false
10:28:01.0 (24318984)|VARIABLE_ASSIGNMENT|[137]|fieldNames|{"s":1,"v":[]}|0xa14ec4
10:28:01.0 (24365612)|STATEMENT_EXECUTE|[138]
10:28:01.0 (24373708)|STATEMENT_EXECUTE|[139]
10:28:01.0 (24411487)|HEAP_ALLOCATE|[EXTERNAL]|Bytes:4
10:28:01.0 (24424548)|STATEMENT_EXECUTE|[140]
10:28:01.0 (24472459)|HEAP_ALLOCATE|[EXTERNAL]|Bytes:-4
10:28:01.0 (24494614)|HEAP_ALLOCATE|[130]|Bytes:5
10:28:01.0 (24516249)|VARIABLE_SCOPE_BEGIN|[130]|fieldName|String|false|false
10:28:01.0 (24527133)|VARIABLE_ASSIGNMENT|[130]|fieldName|"Id"
10:28:01.0 (24531593)|STATEMENT_EXECUTE|[130]
10:28:01.0 (24533685)|STATEMENT_EXECUTE|[131]
10:28:01.0 (24557751)|VARIABLE_SCOPE_BEGIN|[131]|field|Object|false|false
10:28:01.0 (24569729)|VARIABLE_ASSIGNMENT|[131]|field|"a005000000ezW4dAAE"
10:28:01.0 (24590388)|STATEMENT_EXECUTE|[136]
10:28:01.0 (24591992)|STATEMENT_EXECUTE|[137]
10:28:01.0 (24600130)|HEAP_ALLOCATE|[137]|Bytes:4
10:28:01.0 (24612429)|VARIABLE_SCOPE_BEGIN|[137]|fieldNames|Set<String>|true|false
10:28:01.0 (24633104)|VARIABLE_ASSIGNMENT|[137]|fieldNames|{"s":1,"v":[]}|0x45f60105
10:28:01.0 (24652574)|STATEMENT_EXECUTE|[138]
10:28:01.0 (24695928)|VARIABLE_ASSIGNMENT|[138]|fieldNames|{"s":1,"v":["FollowedUsers__c"]}|0xa14ec4
10:28:01.0 (24701442)|STATEMENT_EXECUTE|[139]
10:28:01.0 (24721848)|HEAP_ALLOCATE|[EXTERNAL]|Bytes:4
10:28:01.0 (24732957)|STATEMENT_EXECUTE|[140]
10:28:01.0 (24770621)|HEAP_ALLOCATE|[130]|Bytes:5
10:28:01.0 (24790460)|VARIABLE_ASSIGNMENT|[130]|fieldName|null
10:28:01.0 (24809424)|METHOD_EXIT|[117]|01p50000002CIEt|ETLC_SecuredDB.findFieldsRecursive(Map<String,Set<String>>, Map<String,ANY>)
10:28:01.0 (24825988)|HEAP_ALLOCATE|[116]|Bytes:5
10:28:01.0 (24847376)|VARIABLE_ASSIGNMENT|[116]|record|null
10:28:01.0 (24856254)|HEAP_ALLOCATE|[119]|Bytes:4
10:28:01.0 (24905557)|HEAP_ALLOCATE|[119]|Bytes:20
10:28:01.0 (24931094)|HEAP_ALLOCATE|[119]|Bytes:4
10:28:01.0 (24959070)|HEAP_ALLOCATE|[119]|Bytes:5
10:28:01.0 (24981762)|VARIABLE_SCOPE_BEGIN|[119]|objectName|String|false|false
10:28:01.0 (24992946)|VARIABLE_ASSIGNMENT|[119]|objectName|"BFFFollow__c"
10:28:01.0 (24997302)|STATEMENT_EXECUTE|[119]
10:28:01.0 (24999047)|STATEMENT_EXECUTE|[120]
10:28:01.0 (25009480)|HEAP_ALLOCATE|[120]|Bytes:2
10:28:01.0 (25084644)|HEAP_ALLOCATE|[120]|Bytes:22
10:28:01.0 (25107850)|HEAP_ALLOCATE|[120]|Bytes:36
10:28:01.0 (25125514)|USER_DEBUG|[120]|DEBUG|BFFFollow__c: {FollowedUsers__c, Id}
10:28:01.0 (25145388)|HEAP_ALLOCATE|[119]|Bytes:5
10:28:01.0 (25161257)|VARIABLE_ASSIGNMENT|[119]|objectName|null
10:28:01.0 (25166059)|STATEMENT_EXECUTE|[122]
10:28:01.0 (25183468)|METHOD_EXIT|[20]|01p50000002CIEt|ETLC_SecuredDB.findFields(List<SObject>)
10:28:01.0 (25209209)|METHOD_ENTRY|[20]|01p50000002CIEt|ETLC_SecuredDB.validate(ETLC_SecuredDB.Operation, Map<String,Set<String>>)
10:28:01.0 (25220800)|VARIABLE_SCOPE_BEGIN|[55]|op|ETLC_SecuredDB.Operation|true|false
10:28:01.0 (25241929)|VARIABLE_ASSIGNMENT|[55]|op|"Querying"|0x73613a88
10:28:01.0 (25248755)|VARIABLE_SCOPE_BEGIN|[55]|mapFieldNames|Map<String,Set<String>>|true|false
10:28:01.0 (25272580)|VARIABLE_ASSIGNMENT|[55]|mapFieldNames|{"s":1,"v":{"BFFFollow__c":{"s":2,"v":["FollowedUsers__c","Id"]}}}|0x595866f0
10:28:01.0 (25285193)|HEAP_ALLOCATE|[56]|Bytes:5
10:28:01.0 (25290632)|STATEMENT_EXECUTE|[55]
10:28:01.0 (25292832)|STATEMENT_EXECUTE|[56]
10:28:01.0 (25303358)|VARIABLE_SCOPE_BEGIN|[56]|securityMessage|String|false|false
10:28:01.0 (25310669)|VARIABLE_ASSIGNMENT|[56]|securityMessage|null
10:28:01.0 (25313674)|STATEMENT_EXECUTE|[57]
10:28:01.0 (44304905)|HEAP_ALLOCATE|[57]|Bytes:1440
10:28:01.0 (44334117)|VARIABLE_SCOPE_BEGIN|[57]|mapObjects|Map<String,Schema.SObjectType>|true|false
10:28:01.0 (44647585)|VARIABLE_ASSIGNMENT|[57]|mapObjects|"{acceptedeventrelation=AcceptedEventRelation, account=Account, accountcontactrole=AccountContactRole, accountfeed=AccountFeed, accounthistory=AccountHistory, accountpartner=AccountPartner, accountshare=AccountShare, actionlinkgrouptemplate=ActionLinkGroupTemplate, actionlinktemplate=ActionLinkTemplate, activityhistory=ActivityHistory, ...}"|0x79bc8d4e
10:28:01.0 (44663591)|HEAP_ALLOCATE|[58]|Bytes:4
10:28:01.0 (44743173)|HEAP_ALLOCATE|[58]|Bytes:20
10:28:01.0 (44772781)|HEAP_ALLOCATE|[58]|Bytes:4
10:28:01.0 (44798215)|HEAP_ALLOCATE|[58]|Bytes:5
10:28:01.0 (44815346)|VARIABLE_SCOPE_BEGIN|[58]|sObjectName|String|false|false
10:28:01.0 (44828886)|VARIABLE_ASSIGNMENT|[58]|sObjectName|"BFFFollow__c"
10:28:01.0 (44835578)|STATEMENT_EXECUTE|[58]
10:28:01.0 (44838385)|STATEMENT_EXECUTE|[59]
10:28:01.0 (44855699)|HEAP_ALLOCATE|[59]|Bytes:9
10:28:01.0 (44864791)|HEAP_ALLOCATE|[59]|Bytes:7
10:28:01.0 (44938642)|HEAP_ALLOCATE|[59]|Bytes:8
10:28:01.0 (44951965)|HEAP_ALLOCATE|[59]|Bytes:1
10:28:01.0 (44966051)|HEAP_ALLOCATE|[59]|Bytes:37
10:28:01.0 (44976320)|VARIABLE_ASSIGNMENT|[59]|securityMessage|"CRUD on [BFFFollow__ (17 more) ..."
10:28:01.0 (44979547)|STATEMENT_EXECUTE|[60]
10:28:01.0 (44988149)|HEAP_ALLOCATE|[60]|Bytes:10
10:28:01.0 (44995346)|HEAP_ALLOCATE|[60]|Bytes:47
10:28:01.0 (45030327)|USER_DEBUG|[60]|DEBUG|Checking: CRUD on [BFFFollow__c] for [Querying]
10:28:01.0 (45039085)|STATEMENT_EXECUTE|[61]
10:28:01.0 (45347301)|HEAP_ALLOCATE|[61]|Bytes:4
10:28:01.0 (45404860)|VARIABLE_SCOPE_BEGIN|[61]|drSObj|Schema.DescribeSObjectResult|true|false
10:28:01.0 (45513210)|VARIABLE_ASSIGNMENT|[61]|drSObj|"common.api.soap.wsdl.DescribeSObjectResult@a54f9caa"|0x7350464b
10:28:01.0 (45722829)|STATEMENT_EXECUTE|[64]
10:28:01.0 (45753636)|STATEMENT_EXECUTE|[65]
10:28:01.0 (45838512)|STATEMENT_EXECUTE|[77]
10:28:01.0 (45841831)|STATEMENT_EXECUTE|[79]
10:28:01.0 (46196653)|HEAP_ALLOCATE|[79]|Bytes:56
10:28:01.0 (46215084)|VARIABLE_SCOPE_BEGIN|[79]|mapFields|Map<String,Schema.SObjectField>|true|false
10:28:01.0 (46468314)|VARIABLE_ASSIGNMENT|[79]|mapFields|"{createdbyid=CreatedById, createddate=CreatedDate, followedby__c=FollowedBy__c, followedusers__c=FollowedUsers__c, id=Id, isdeleted=IsDeleted, lastmodifiedbyid=LastModifiedById, lastmodifieddate=LastModifiedDate, lastreferenceddate=LastReferencedDate, lastvieweddate=LastViewedDate, ...}"|0x2bddf880
10:28:01.0 (46481968)|HEAP_ALLOCATE|[80]|Bytes:4
10:28:01.0 (46547431)|HEAP_ALLOCATE|[80]|Bytes:8
10:28:01.0 (46580800)|HEAP_ALLOCATE|[80]|Bytes:5
10:28:01.0 (46603757)|VARIABLE_SCOPE_BEGIN|[80]|fieldName|String|false|false
10:28:01.0 (46615811)|VARIABLE_ASSIGNMENT|[80]|fieldName|"FollowedUsers__c"
10:28:01.0 (46620518)|STATEMENT_EXECUTE|[80]
10:28:01.0 (46622834)|STATEMENT_EXECUTE|[81]
10:28:01.0 (47536288)|HEAP_ALLOCATE|[81]|Bytes:8
10:28:01.0 (47571976)|VARIABLE_SCOPE_BEGIN|[81]|drField|Schema.DescribeFieldResult|true|false
10:28:01.0 (47640536)|VARIABLE_ASSIGNMENT|[81]|drField|"common.api.soap.wsdl.Field@26f3da71"|0x5a99b631
10:28:01.0 (47662733)|STATEMENT_EXECUTE|[82]
10:28:01.0 (47664588)|STATEMENT_EXECUTE|[83]
10:28:01.0 (47673797)|HEAP_ALLOCATE|[83]|Bytes:8
10:28:01.0 (47678308)|HEAP_ALLOCATE|[83]|Bytes:1
10:28:01.0 (47715613)|HEAP_ALLOCATE|[83]|Bytes:8
10:28:01.0 (47734253)|HEAP_ALLOCATE|[83]|Bytes:52
10:28:01.0 (47740318)|HEAP_ALLOCATE|[83]|Bytes:53
10:28:01.0 (47749567)|VARIABLE_ASSIGNMENT|[83]|securityMessage|"FLS on [BFFFollow__c (33 more) ..."
10:28:01.0 (47752967)|STATEMENT_EXECUTE|[84]
10:28:01.0 (47762848)|HEAP_ALLOCATE|[84]|Bytes:63
10:28:01.0 (47786068)|USER_DEBUG|[84]|DEBUG|Checking: FLS on [BFFFollow__c.FollowedUsers__c] for [Querying]
10:28:01.0 (47876438)|STATEMENT_EXECUTE|[87]
10:28:01.0 (47891897)|STATEMENT_EXECUTE|[88]
10:28:01.0 (47908531)|HEAP_ALLOCATE|[80]|Bytes:5
10:28:01.0 (47926247)|VARIABLE_SCOPE_BEGIN|[80]|fieldName|String|false|false
10:28:01.0 (47934279)|VARIABLE_ASSIGNMENT|[80]|fieldName|"Id"
10:28:01.0 (47936935)|STATEMENT_EXECUTE|[80]
10:28:01.0 (47938220)|STATEMENT_EXECUTE|[81]
10:28:01.0 (48086060)|HEAP_ALLOCATE|[81]|Bytes:8
10:28:01.0 (48098266)|VARIABLE_SCOPE_BEGIN|[81]|drField|Schema.DescribeFieldResult|true|false
10:28:01.0 (48160751)|VARIABLE_ASSIGNMENT|[81]|drField|"common.api.soap.wsdl.Field@9d9cc4d5"|0x33b40f1e
10:28:01.0 (48173347)|STATEMENT_EXECUTE|[99]
10:28:01.0 (48174902)|STATEMENT_EXECUTE|[100]
10:28:01.0 (48183898)|HEAP_ALLOCATE|[100]|Bytes:22
10:28:01.0 (48224146)|HEAP_ALLOCATE|[100]|Bytes:8
10:28:01.0 (48239032)|HEAP_ALLOCATE|[100]|Bytes:52
10:28:01.0 (48243839)|HEAP_ALLOCATE|[100]|Bytes:35
10:28:01.0 (48248127)|HEAP_ALLOCATE|[100]|Bytes:87
10:28:01.0 (48258500)|USER_DEBUG|[100]|DEBUG|Bypass Check: FLS on [BFFFollow__c.Id] for [Querying] since it's not isPermissionable()
10:28:01.0 (48271282)|HEAP_ALLOCATE|[80]|Bytes:5
10:28:01.0 (48283885)|VARIABLE_ASSIGNMENT|[80]|fieldName|null
10:28:01.0 (48292316)|HEAP_ALLOCATE|[58]|Bytes:5
10:28:01.0 (48300852)|VARIABLE_ASSIGNMENT|[58]|sObjectName|null
10:28:01.0 (48314673)|METHOD_EXIT|[20]|01p50000002CIEt|ETLC_SecuredDB.validate(ETLC_SecuredDB.Operation, Map<String,Set<String>>)
10:28:01.0 (48319385)|STATEMENT_EXECUTE|[21]
10:28:01.0 (48333562)|METHOD_EXIT|[28]|01p50000002CIEt|ETLC_SecuredDB.query(String)
10:28:01.0 (48339546)|VARIABLE_SCOPE_BEGIN|[28]|dbRecords|List<SObject>|true|false
10:28:01.0 (48372583)|VARIABLE_ASSIGNMENT|[28]|dbRecords|{"s":1,"v":[{"s":2,"v":{"FollowedUsers__c":"[{\"id\":\"00550000005d (85 more) ...","Id":"a005000000ezW4dAAE"}}]}|0xfdf8961
10:28:01.0 (48382330)|STATEMENT_EXECUTE|[29]
10:28:01.0 (48488379)|STATEMENT_EXECUTE|[30]
10:28:01.0 (48493957)|STATEMENT_EXECUTE|[31]
10:28:01.0 (48499382)|STATEMENT_EXECUTE|[34]
10:28:01.0 (48512879)|HEAP_ALLOCATE|[34]|Bytes:12
10:28:01.0 (48521337)|HEAP_ALLOCATE|[34]|Bytes:16
10:28:01.0 (48587786)|HEAP_ALLOCATE|[34]|Bytes:105
10:28:01.0 (48608589)|METHOD_EXIT|[10]|01p50000002D8iw|BFFFollow_Controller.fetchFollowedUsers(Id)
10:28:01.0 (48686990)|VARIABLE_ASSIGNMENT|[EXTERNAL]|this|{"debug":false,"input":"{\"mode\":\"fetchFollow (9 more) ...","operation":"BFFFollow_Controller"}|0x40580d45
10:28:01.0 (48698776)|VARIABLE_ASSIGNMENT|[EXTERNAL]|value|"[{\"id\":\"00550000005d (85 more) ..."
10:28:01.0 (48714678)|VARIABLE_ASSIGNMENT|[12]|this.output|"[{\"id\":\"00550000005d (85 more) ..."|0x40580d45
10:28:01.0 (48722474)|STATEMENT_EXECUTE|[11]
10:28:01.0 (48780766)|VARIABLE_ASSIGNMENT|[EXTERNAL]|this|{"debug":false,"input":"{\"mode\":\"fetchFollow (9 more) ...","operation":"BFFFollow_Controller","output":"[{\"id\":\"00550000005d (85 more) ..."}|0x40580d45
10:28:01.0 (48840983)|VARIABLE_ASSIGNMENT|[EXTERNAL]|this|{"debug":false,"input":"{\"mode\":\"fetchFollow (9 more) ...","operation":"BFFFollow_Controller","output":"[{\"id\":\"00550000005d (85 more) ..."}|0x40580d45
10:28:01.0 (48851129)|VARIABLE_ASSIGNMENT|[EXTERNAL]|value|true
10:28:01.0 (48856632)|HEAP_ALLOCATE|[15]|Bytes:5
10:28:01.0 (48864309)|VARIABLE_ASSIGNMENT|[15]|this.outputFlag|true|0x40580d45
10:28:01.0 (48874683)|STATEMENT_EXECUTE|[19]
10:28:01.0 (48889264)|METHOD_EXIT|[9]|01p50000002D8iw|BFFFollow_Controller.process(ETLC_ApexBridge_Data)
10:28:01.0 (48893484)|STATEMENT_EXECUTE|[24]
10:28:01.0 (48912047)|METHOD_ENTRY|[24]|01p50000002CIEo|ETLC_ApexBridge_Data.toJSON()
10:28:01.0 (48936152)|VARIABLE_SCOPE_BEGIN|[57]|this|ETLC_ApexBridge_Data|true|false
10:28:01.0 (48966653)|VARIABLE_ASSIGNMENT|[57]|this|{"debug":false,"input":"{\"mode\":\"fetchFollow (9 more) ...","operation":"BFFFollow_Controller","output":"[{\"id\":\"00550000005d (85 more) ...","outputFlag":true}|0x40580d45
10:28:01.0 (48974078)|STATEMENT_EXECUTE|[57]
10:28:01.0 (48975413)|STATEMENT_EXECUTE|[58]
10:28:01.0 (48990212)|METHOD_ENTRY|[58]||System.JSON.serialize(Object)
10:28:01.0 (49074491)|STATEMENT_EXECUTE|[22]
10:28:01.0 (49080994)|STATEMENT_EXECUTE|[23]
10:28:01.0 (49092595)|HEAP_ALLOCATE|[23]|Bytes:5
10:28:01.0 (49102972)|VARIABLE_ASSIGNMENT|[23]|this.isSuccess|true|0x40580d45
10:28:01.0 (49105347)|STATEMENT_EXECUTE|[24]
10:28:01.0 (49151304)|STATEMENT_EXECUTE|[31]
10:28:01.0 (49155471)|STATEMENT_EXECUTE|[32]
10:28:01.0 (49165152)|HEAP_ALLOCATE|[32]|Bytes:4
10:28:01.0 (49227959)|VARIABLE_ASSIGNMENT|[32]|this.messages|{"s":1,"v":{}}|0x40580d45
10:28:01.0 (49232378)|STATEMENT_EXECUTE|[33]
10:28:01.0 (49534017)|METHOD_EXIT|[58]||System.JSON.serialize(Object)
10:28:01.0 (49540703)|METHOD_EXIT|[24]|01p50000002CIEo|ETLC_ApexBridge_Data.toJSON()
10:28:01.0 (49547839)|SYSTEM_MODE_EXIT|false
10:28:01.49 (49595149)|CUMULATIVE_LIMIT_USAGE
10:28:01.49 (49595149)|LIMIT_USAGE_FOR_NS|(default)|
  Number of SOQL queries: 1 out of 100
  Number of query rows: 1 out of 50000
  Number of SOSL queries: 0 out of 20
  Number of DML statements: 0 out of 150
  Number of DML rows: 0 out of 10000
  Maximum CPU time: 0 out of 10000
  Maximum heap size: 0 out of 6000000
  Number of callouts: 0 out of 100
  Number of Email Invocations: 0 out of 10
  Number of future calls: 0 out of 50
  Number of queueable jobs added to the queue: 0 out of 50
  Number of Mobile Apex push calls: 0 out of 10

10:28:01.49 (49595149)|CUMULATIVE_LIMIT_USAGE_END

10:28:01.0 (49652705)|CODE_UNIT_FINISHED|ETLC_ApexBridge_Controller.execute
