37.0 APEX_CODE,FINEST;APEX_PROFILING,INFO;CALLOUT,INFO;DB,INFO;SYSTEM,DEBUG;VALIDATION,INFO;VISUALFORCE,INFO;WORKFLOW,INFO
21:27:57.0 (361841)|USER_INFO|[EXTERNAL]|00550000005cg71|bfffollow@jr.te|Eastern Standard Time|GMT-04:00
21:27:57.0 (406015)|EXECUTION_STARTED
21:27:57.0 (411427)|CODE_UNIT_STARTED|[EXTERNAL]|aura
21:27:57.0 (775084)|HEAP_ALLOCATE|[72]|Bytes:3
21:27:57.0 (827230)|HEAP_ALLOCATE|[77]|Bytes:152
21:27:57.0 (843779)|HEAP_ALLOCATE|[342]|Bytes:408
21:27:57.0 (861232)|HEAP_ALLOCATE|[355]|Bytes:408
21:27:57.0 (877793)|HEAP_ALLOCATE|[467]|Bytes:48
21:27:57.0 (908206)|HEAP_ALLOCATE|[139]|Bytes:6
21:27:57.0 (933419)|HEAP_ALLOCATE|[EXTERNAL]|Bytes:93
21:27:57.0 (991935)|HEAP_ALLOCATE|[EXTERNAL]|Bytes:93
21:27:57.0 (1894265)|CODE_UNIT_STARTED|[EXTERNAL]|01p50000002CIEm|ETLC_ApexBridge_Controller.execute
21:27:57.0 (2490741)|HEAP_ALLOCATE|[EXTERNAL]|Bytes:1
21:27:57.0 (2498170)|HEAP_ALLOCATE|[EXTERNAL]|Bytes:10
21:27:57.0 (2537162)|METHOD_ENTRY|[1]|01p50000002CIEm|ETLC_ApexBridge_Controller.ETLC_ApexBridge_Controller()
21:27:57.0 (2542441)|STATEMENT_EXECUTE|[1]
21:27:57.0 (2549055)|STATEMENT_EXECUTE|[1]
21:27:57.0 (2567135)|METHOD_EXIT|[1]|ETLC_ApexBridge_Controller
21:27:57.0 (2572736)|HEAP_ALLOCATE|[EXTERNAL]|Bytes:93
21:27:57.0 (2587505)|SYSTEM_MODE_ENTER|false
21:27:57.0 (2599392)|VARIABLE_SCOPE_BEGIN|[3]|dataJson|String|false|false
21:27:57.0 (2641119)|VARIABLE_ASSIGNMENT|[3]|dataJson|"{\"operation\":\"BFFFol (73 more) ..."
21:27:57.0 (2656219)|STATEMENT_EXECUTE|[3]
21:27:57.0 (2657771)|STATEMENT_EXECUTE|[4]
21:27:57.0 (3255327)|VARIABLE_SCOPE_BEGIN|[4]|data|ETLC_ApexBridge_Data|true|false
21:27:57.0 (3268919)|VARIABLE_ASSIGNMENT|[4]|data|null|
21:27:57.0 (3271758)|STATEMENT_EXECUTE|[5]
21:27:57.0 (3272934)|STATEMENT_EXECUTE|[5]
21:27:57.0 (3273999)|STATEMENT_EXECUTE|[6]
21:27:57.0 (3297984)|HEAP_ALLOCATE|[6]|Bytes:11
21:27:57.0 (3305474)|HEAP_ALLOCATE|[6]|Bytes:248
21:27:57.0 (3308428)|HEAP_ALLOCATE|[6]|Bytes:39
21:27:57.0 (3331856)|METHOD_ENTRY|[2]|01p50000002CIEo|ETLC_ApexBridge_Data.ETLC_ApexBridge_Data()
21:27:57.0 (3334755)|STATEMENT_EXECUTE|[2]
21:27:57.0 (3337513)|STATEMENT_EXECUTE|[2]
21:27:57.0 (3341763)|METHOD_EXIT|[2]|ETLC_ApexBridge_Data
21:27:57.0 (3356571)|METHOD_ENTRY|[6]|01p50000002CIEo|ETLC_ApexBridge_Data.fromJSON(String)
21:27:57.0 (3375908)|VARIABLE_SCOPE_BEGIN|[60]|strJson|String|false|false
21:27:57.0 (3385142)|VARIABLE_ASSIGNMENT|[60]|strJson|"{\"operation\":\"BFFFol (73 more) ..."
21:27:57.0 (3389518)|STATEMENT_EXECUTE|[60]
21:27:57.0 (3390964)|STATEMENT_EXECUTE|[61]
21:27:57.0 (3400201)|HEAP_ALLOCATE|[61]|Bytes:20
21:27:57.0 (3424319)|HEAP_ALLOCATE|[50]|Bytes:5
21:27:57.0 (3451173)|HEAP_ALLOCATE|[56]|Bytes:5
21:27:57.0 (3460307)|HEAP_ALLOCATE|[64]|Bytes:7
21:27:57.0 (3563329)|HEAP_ALLOCATE|[61]|Bytes:24
21:27:57.0 (3574934)|SYSTEM_METHOD_ENTRY|[1]|Type.Type()
21:27:57.0 (3577523)|STATEMENT_EXECUTE|[1]
21:27:57.0 (3590034)|SYSTEM_METHOD_EXIT|[1]|Type
21:27:57.0 (3596377)|HEAP_ALLOCATE|[61]|Bytes:8
21:27:57.0 (3617624)|HEAP_ALLOCATE|[61]|Bytes:8
21:27:57.0 (3621790)|VARIABLE_SCOPE_BEGIN|[4]|this|System.Type|true|false
21:27:57.0 (3688125)|VARIABLE_ASSIGNMENT|[4]|this|{}|0xe74842c
21:27:57.0 (3692821)|VARIABLE_SCOPE_BEGIN|[4]|apextype|java:common.apex.runtime.ApexObjectType|true|false
21:27:57.0 (3852700)|VARIABLE_ASSIGNMENT|[4]|apextype|"ETLC_ApexBridge_Data"|0x2c32427b
21:27:57.0 (3921431)|HEAP_ALLOCATE|[61]|Bytes:8
21:27:57.0 (3962249)|HEAP_ALLOCATE|[61]|Bytes:24
21:27:57.0 (3972240)|SYSTEM_METHOD_ENTRY|[1]|JSON.JSON()
21:27:57.0 (3974496)|STATEMENT_EXECUTE|[1]
21:27:57.0 (3980179)|SYSTEM_METHOD_EXIT|[1]|JSON
21:27:57.0 (3993016)|METHOD_ENTRY|[61]||System.JSON.deserializeStrict(String, System.Type)
21:27:57.0 (4310198)|METHOD_EXIT|[61]||System.JSON.deserializeStrict(String, System.Type)
21:27:57.0 (4321766)|METHOD_EXIT|[6]|01p50000002CIEo|ETLC_ApexBridge_Data.fromJSON(String)
21:27:57.0 (4362197)|VARIABLE_ASSIGNMENT|[6]|data|{"debug":true,"input":"{\"mode\":\"fetchFollow (9 more) ...","operation":"BFFFollow_Controller"}|0x74fe265f
21:27:57.0 (4366973)|STATEMENT_EXECUTE|[7]
21:27:57.0 (4377518)|HEAP_ALLOCATE|[7]|Bytes:6
21:27:57.0 (4454803)|HEAP_ALLOCATE|[7]|Bytes:177
21:27:57.0 (4476235)|HEAP_ALLOCATE|[7]|Bytes:183
21:27:57.0 (4497322)|USER_DEBUG|[7]|DEBUG|data::ETLC_ApexBridge_Data:[debug=true, input={"mode":"fetchFollowedUsers"}, isSuccess=null, messages=null, operation=BFFFollow_Controller, output=null, outputFlag=null, records=null]
21:27:57.0 (4503832)|STATEMENT_EXECUTE|[8]
21:27:57.0 (4557113)|VARIABLE_ASSIGNMENT|[EXTERNAL]|this|{"debug":true,"input":"{\"mode\":\"fetchFollow (9 more) ...","operation":"BFFFollow_Controller"}|0x74fe265f
21:27:57.0 (4575808)|METHOD_ENTRY|[8]||System.Type.forName(String)
21:27:57.0 (6490936)|METHOD_EXIT|[8]||System.Type.forName(String)
21:27:57.0 (6503532)|METHOD_ENTRY|[8]||System.Type.newInstance()
21:27:57.0 (7070000)|STATEMENT_EXECUTE|[1]
21:27:57.0 (7082181)|HEAP_ALLOCATE|[33]|Bytes:5
21:27:57.0 (7094918)|METHOD_EXIT|[1]|BFFFollow_Controller
21:27:57.0 (7112243)|HEAP_ALLOCATE|[33]|Bytes:4
21:27:57.0 (7119787)|VARIABLE_SCOPE_BEGIN|[1]|this|BFFFollow_Controller|true|false
21:27:57.0 (7138015)|VARIABLE_ASSIGNMENT|[1]|this|{}|0x788fe67
21:27:57.0 (7145638)|HEAP_ALLOCATE|[33]|Bytes:5
21:27:57.0 (7154599)|HEAP_ALLOCATE|[33]|Bytes:11
21:27:57.0 (7163348)|METHOD_ENTRY|[1]|01p50000002CIEj|ETLC_ApexBridge_Abstract.ETLC_ApexBridge_Abstract()
21:27:57.0 (7165761)|STATEMENT_EXECUTE|[1]
21:27:57.0 (7168528)|STATEMENT_EXECUTE|[1]
21:27:57.0 (7172399)|METHOD_EXIT|[1]|ETLC_ApexBridge_Abstract
21:27:57.0 (7178688)|CONSTRUCTOR_ENTRY|[EXTERNAL]|01p50000002CIEj|<init>()
21:27:57.0 (7185099)|VARIABLE_SCOPE_BEGIN|[1]|this|ETLC_ApexBridge_Abstract|true|false
21:27:57.0 (7198427)|VARIABLE_ASSIGNMENT|[1]|this|{}|0x788fe67
21:27:57.0 (7211697)|STATEMENT_EXECUTE|[1]
21:27:57.0 (7215540)|CONSTRUCTOR_EXIT|[EXTERNAL]|01p50000002CIEj|<init>()
21:27:57.0 (7220212)|STATEMENT_EXECUTE|[1]
21:27:57.0 (7224523)|HEAP_ALLOCATE|[33]|Bytes:5
21:27:57.0 (7239589)|METHOD_EXIT|[8]||System.Type.newInstance()
21:27:57.0 (7246368)|VARIABLE_SCOPE_BEGIN|[8]|executor|ETLC_ApexBridge_Abstract|true|false
21:27:57.0 (7258556)|VARIABLE_ASSIGNMENT|[8]|executor|{}|0x788fe67
21:27:57.0 (7261282)|STATEMENT_EXECUTE|[9]
21:27:57.0 (7305769)|METHOD_ENTRY|[9]|01p50000002D8iw|BFFFollow_Controller.process(ETLC_ApexBridge_Data)
21:27:57.0 (7329290)|VARIABLE_SCOPE_BEGIN|[3]|this|BFFFollow_Controller|true|false
21:27:57.0 (7343840)|VARIABLE_ASSIGNMENT|[3]|this|{}|0x788fe67
21:27:57.0 (7347627)|VARIABLE_SCOPE_BEGIN|[3]|data|ETLC_ApexBridge_Data|true|false
21:27:57.0 (7372038)|VARIABLE_ASSIGNMENT|[3]|data|{"debug":true,"input":"{\"mode\":\"fetchFollow (9 more) ...","operation":"BFFFollow_Controller"}|0x74fe265f
21:27:57.0 (7381568)|HEAP_ALLOCATE|[4]|Bytes:5
21:27:57.0 (7385251)|STATEMENT_EXECUTE|[3]
21:27:57.0 (7386553)|STATEMENT_EXECUTE|[4]
21:27:57.0 (7464121)|VARIABLE_ASSIGNMENT|[EXTERNAL]|this|{"debug":true,"input":"{\"mode\":\"fetchFollow (9 more) ...","operation":"BFFFollow_Controller"}|0x74fe265f
21:27:57.0 (7499830)|VARIABLE_ASSIGNMENT|[4]|BFFFollow_Controller.debugFlag|true
21:27:57.0 (7542028)|VARIABLE_ASSIGNMENT|[EXTERNAL]|this|{"debug":true,"input":"{\"mode\":\"fetchFollow (9 more) ...","operation":"BFFFollow_Controller"}|0x74fe265f
21:27:57.0 (7568130)|STATEMENT_EXECUTE|[5]
21:27:57.0 (7606542)|USER_DEBUG|[5]|DEBUG|ETLC_ApexBridge_Data:[debug=true, input={"mode":"fetchFollowedUsers"}, isSuccess=null, messages=null, operation=BFFFollow_Controller, output=null, outputFlag=null, records=null]
21:27:57.0 (7613895)|STATEMENT_EXECUTE|[7]
21:27:57.0 (7622358)|HEAP_ALLOCATE|[7]|Bytes:4
21:27:57.0 (7635755)|METHOD_ENTRY|[7]|01p50000002CIEo|ETLC_ApexBridge_Data.getInputValue(String)
21:27:57.0 (7648905)|VARIABLE_SCOPE_BEGIN|[52]|this|ETLC_ApexBridge_Data|true|false
21:27:57.0 (7676201)|VARIABLE_ASSIGNMENT|[52]|this|{"debug":true,"input":"{\"mode\":\"fetchFollow (9 more) ...","operation":"BFFFollow_Controller"}|0x74fe265f
21:27:57.0 (7679614)|VARIABLE_SCOPE_BEGIN|[52]|key|String|false|false
21:27:57.0 (7682850)|VARIABLE_ASSIGNMENT|[52]|key|"mode"
21:27:57.0 (7687619)|STATEMENT_EXECUTE|[52]
21:27:57.0 (7688812)|STATEMENT_EXECUTE|[53]
21:27:57.0 (7745405)|VARIABLE_ASSIGNMENT|[EXTERNAL]|this|{"debug":true,"input":"{\"mode\":\"fetchFollow (9 more) ...","operation":"BFFFollow_Controller"}|0x74fe265f
21:27:57.0 (7764311)|METHOD_ENTRY|[53]||System.JSON.deserializeUntyped(String)
21:27:57.0 (8019966)|METHOD_EXIT|[53]||System.JSON.deserializeUntyped(String)
21:27:57.0 (8029874)|VARIABLE_SCOPE_BEGIN|[53]|inputMap|Map<String,ANY>|true|false
21:27:57.0 (8055469)|VARIABLE_ASSIGNMENT|[53]|inputMap|{"s":1,"v":{"mode":"fetchFollowedUsers"}}|0x3673a6ca
21:27:57.0 (8058632)|STATEMENT_EXECUTE|[54]
21:27:57.0 (8105312)|METHOD_EXIT|[7]|01p50000002CIEo|ETLC_ApexBridge_Data.getInputValue(String)
21:27:57.0 (8111843)|VARIABLE_SCOPE_BEGIN|[7]|mode|String|false|false
21:27:57.0 (8118573)|VARIABLE_ASSIGNMENT|[7]|mode|"fetchFollowedUsers"
21:27:57.0 (8123032)|HEAP_ALLOCATE|[9]|Bytes:18
21:27:57.0 (8155261)|STATEMENT_EXECUTE|[9]
21:27:57.0 (8157069)|STATEMENT_EXECUTE|[10]
21:27:57.0 (8200981)|HEAP_ALLOCATE|[10]|Bytes:85
21:27:57.0 (8213254)|SYSTEM_METHOD_ENTRY|[1]|UserInfo.UserInfo()
21:27:57.0 (8215590)|STATEMENT_EXECUTE|[1]
21:27:57.0 (8221790)|SYSTEM_METHOD_EXIT|[1]|UserInfo
21:27:57.0 (8233716)|METHOD_ENTRY|[10]||System.UserInfo.getUserId()
21:27:57.0 (8267220)|METHOD_EXIT|[10]||System.UserInfo.getUserId()
21:27:57.0 (8287047)|HEAP_ALLOCATE|[10]|Bytes:4
21:27:57.0 (8301819)|METHOD_ENTRY|[10]|01p50000002D8iw|BFFFollow_Controller.fetchFollowedUsers(Id)
21:27:57.0 (8307889)|VARIABLE_SCOPE_BEGIN|[20]|this|BFFFollow_Controller|true|false
21:27:57.0 (8322452)|VARIABLE_ASSIGNMENT|[20]|this|{}|0x788fe67
21:27:57.0 (8326240)|VARIABLE_SCOPE_BEGIN|[20]|followedById|Id|false|false
21:27:57.0 (8406101)|VARIABLE_ASSIGNMENT|[20]|followedById|"00550000005cg71AAA"
21:27:57.0 (8417439)|HEAP_ALLOCATE|[21]|Bytes:5
21:27:57.0 (8421267)|STATEMENT_EXECUTE|[20]
21:27:57.0 (8422539)|STATEMENT_EXECUTE|[21]
21:27:57.0 (8431732)|HEAP_ALLOCATE|[21]|Bytes:63
21:27:57.0 (8468214)|HEAP_ALLOCATE|[21]|Bytes:18
21:27:57.0 (8479415)|HEAP_ALLOCATE|[21]|Bytes:9
21:27:57.0 (8489102)|HEAP_ALLOCATE|[21]|Bytes:90
21:27:57.0 (8493066)|VARIABLE_SCOPE_BEGIN|[21]|soql|String|false|false
21:27:57.0 (8501564)|VARIABLE_ASSIGNMENT|[21]|soql|"SELECT FollowedUsers (70 more) ..."
21:27:57.0 (8503935)|STATEMENT_EXECUTE|[22]
21:27:57.0 (8504917)|STATEMENT_EXECUTE|[22]
21:27:57.0 (8510210)|STATEMENT_EXECUTE|[23]
21:27:57.0 (8511221)|STATEMENT_EXECUTE|[23]
21:27:57.0 (8519574)|HEAP_ALLOCATE|[23]|Bytes:24
21:27:57.0 (8526311)|HEAP_ALLOCATE|[23]|Bytes:114
21:27:57.0 (8554383)|USER_DEBUG|[23]|DEBUG|fetchFollowedUsers:soql:SELECT FollowedUsers__c FROM BFFFollow__c WHERE FollowedBy__c='00550000005cg71AAA' limit 1
21:27:57.0 (8561244)|STATEMENT_EXECUTE|[24]
21:27:57.0 (11023311)|HEAP_ALLOCATE|[24]|Bytes:9
21:27:57.0 (11033286)|HEAP_ALLOCATE|[24]|Bytes:29
21:27:57.0 (11036818)|HEAP_ALLOCATE|[24]|Bytes:21
21:27:57.0 (11054440)|METHOD_ENTRY|[7]|01p50000002CIEt|ETLC_SecuredDB.ETLC_SecuredDB()
21:27:57.0 (11057679)|STATEMENT_EXECUTE|[7]
21:27:57.0 (11061766)|STATEMENT_EXECUTE|[7]
21:27:57.0 (11067677)|HEAP_ALLOCATE|[24]|Bytes:5
21:27:57.0 (11078117)|METHOD_EXIT|[7]|ETLC_SecuredDB
21:27:57.0 (11104160)|METHOD_ENTRY|[24]|01p50000002CIEt|ETLC_SecuredDB.query(String)
21:27:57.0 (11133179)|VARIABLE_SCOPE_BEGIN|[10]|SOQL|String|false|false
21:27:57.0 (11142260)|VARIABLE_ASSIGNMENT|[10]|SOQL|"SELECT FollowedUsers (70 more) ..."
21:27:57.0 (11151201)|HEAP_ALLOCATE|[12]|Bytes:5
21:27:57.0 (11155212)|STATEMENT_EXECUTE|[10]
21:27:57.0 (11156656)|STATEMENT_EXECUTE|[12]
21:27:57.0 (12469777)|SOQL_EXECUTE_BEGIN|[12]|Aggregations:0|SELECT FollowedUsers__c FROM BFFFollow__c WHERE FollowedBy__c='00550000005cg71AAA' limit 1
21:27:57.0 (17247705)|SOQL_EXECUTE_END|[12]|Rows:1
21:27:57.0 (17274523)|HEAP_ALLOCATE|[12]|Bytes:8
21:27:57.0 (17290295)|HEAP_ALLOCATE|[12]|Bytes:158
21:27:57.0 (17382603)|HEAP_ALLOCATE|[12]|Bytes:8
21:27:57.0 (17398660)|VARIABLE_SCOPE_BEGIN|[12]|dbRecords|List<SObject>|true|false
21:27:57.0 (17438844)|VARIABLE_ASSIGNMENT|[12]|dbRecords|{"s":1,"v":[{"s":2,"v":{"FollowedUsers__c":"[{\"id\":\"00550000005c (85 more) ...","Id":"a005000000ezW4dAAE"}}]}|0x2e162f3d
21:27:57.0 (17443000)|STATEMENT_EXECUTE|[20]
21:27:57.0 (17703768)|HEAP_ALLOCATE|[20]|Bytes:12
21:27:57.0 (17712368)|HEAP_ALLOCATE|[20]|Bytes:8
21:27:57.0 (17771209)|HEAP_ALLOCATE|[20]|Bytes:12
21:27:57.0 (17776328)|HEAP_ALLOCATE|[20]|Bytes:9
21:27:57.0 (17788971)|HEAP_ALLOCATE|[20]|Bytes:12
21:27:57.0 (17792138)|HEAP_ALLOCATE|[20]|Bytes:8
21:27:57.0 (17801865)|HEAP_ALLOCATE|[20]|Bytes:12
21:27:57.0 (17805086)|HEAP_ALLOCATE|[20]|Bytes:8
21:27:57.0 (17814311)|HEAP_ALLOCATE|[20]|Bytes:12
21:27:57.0 (17817379)|HEAP_ALLOCATE|[20]|Bytes:9
21:27:57.0 (17844039)|METHOD_ENTRY|[20]|01p50000002CIEt|ETLC_SecuredDB.findFields(List<SObject>)
21:27:57.0 (17869129)|VARIABLE_SCOPE_BEGIN|[108]|dbRecords|List<SObject>|true|false
21:27:57.0 (17887716)|VARIABLE_ASSIGNMENT|[108]|dbRecords|{"s":1,"v":[{"s":2,"v":{"FollowedUsers__c":"[{\"id\":\"00550000005c (85 more) ...","Id":"a005000000ezW4dAAE"}}]}|0x2e162f3d
21:27:57.0 (17898760)|HEAP_ALLOCATE|[109]|Bytes:5
21:27:57.0 (17902661)|STATEMENT_EXECUTE|[108]
21:27:57.0 (17904034)|STATEMENT_EXECUTE|[109]
21:27:57.0 (17915115)|VARIABLE_SCOPE_BEGIN|[109]|strJSON|String|false|false
21:27:57.0 (17921189)|VARIABLE_ASSIGNMENT|[109]|strJSON|null
21:27:57.0 (17923208)|STATEMENT_EXECUTE|[110]
21:27:57.0 (17928400)|VARIABLE_SCOPE_BEGIN|[110]|mapFields|Map<String,Set<String>>|true|false
21:27:57.0 (17932675)|VARIABLE_ASSIGNMENT|[110]|mapFields|null|
21:27:57.0 (17934538)|STATEMENT_EXECUTE|[112]
21:27:57.0 (17948743)|METHOD_ENTRY|[112]||System.JSON.serialize(Object)
21:27:57.0 (18411761)|METHOD_EXIT|[112]||System.JSON.serialize(Object)
21:27:57.0 (18433581)|VARIABLE_ASSIGNMENT|[112]|strJSON|"[{\"attributes\":{\"typ (259 more) ..."
21:27:57.0 (18437381)|STATEMENT_EXECUTE|[113]
21:27:57.0 (18448165)|HEAP_ALLOCATE|[113]|Bytes:5
21:27:57.0 (18464262)|HEAP_ALLOCATE|[113]|Bytes:284
21:27:57.0 (18496248)|USER_DEBUG|[113]|DEBUG|JSON:[{"attributes":{"type":"BFFFollow__c","url":"/services/data/v37.0/sobjects/BFFFollow__c/a005000000ezW4dAAE"},"FollowedUsers__c":"[{\"id\":\"00550000005cg71AAA\",\"name\":\"Jaswinder Rattanpal\"},{\"id\":\"00550000005d7KnAAI\",\"name\":\"Test User\"}]","Id":"a005000000ezW4dAAE"}]
21:27:57.0 (18505238)|STATEMENT_EXECUTE|[114]
21:27:57.0 (18518226)|HEAP_ALLOCATE|[114]|Bytes:4
21:27:57.0 (18545768)|VARIABLE_ASSIGNMENT|[114]|mapFields|{"s":1,"v":{}}|0x3a76e60b
21:27:57.0 (18548883)|STATEMENT_EXECUTE|[115]
21:27:57.0 (18561711)|METHOD_ENTRY|[115]||System.JSON.deserializeUntyped(String)
21:27:57.0 (18924607)|METHOD_EXIT|[115]||System.JSON.deserializeUntyped(String)
21:27:57.0 (18934181)|VARIABLE_SCOPE_BEGIN|[115]|records|List<ANY>|true|false
21:27:57.0 (18963418)|HEAP_ALLOCATE|[EXTERNAL]|Bytes:8
21:27:57.0 (18985930)|VARIABLE_ASSIGNMENT|[115]|records|{"s":1,"v":[{"s":2,"v":{"attributes":{"s":3,"v":{"type":"BFFFollow__c","url":"/services/data/v37.0 (41 more) ..."}},"FollowedUsers__c":"[{\"id\":\"00550000005c (85 more) ...","Id":"a005000000ezW4dAAE"}}]}|0x32321d1c
21:27:57.0 (19031051)|HEAP_ALLOCATE|[116]|Bytes:5
21:27:57.0 (19048463)|HEAP_ALLOCATE|[116]|Bytes:16
21:27:57.0 (19059284)|VARIABLE_SCOPE_BEGIN|[116]|record|Object|false|false
21:27:57.0 (19080578)|VARIABLE_ASSIGNMENT|[116]|record|{"s":1,"v":{"attributes":{"s":2,"v":{"type":"BFFFollow__c","url":"/services/data/v37.0 (41 more) ..."}},"FollowedUsers__c":"[{\"id\":\"00550000005c (85 more) ...","Id":"a005000000ezW4dAAE"}}
21:27:57.0 (19085020)|STATEMENT_EXECUTE|[116]
21:27:57.0 (19086288)|STATEMENT_EXECUTE|[117]
21:27:57.0 (19109200)|METHOD_ENTRY|[117]|01p50000002CIEt|ETLC_SecuredDB.findFieldsRecursive(Map<String,Set<String>>, Map<String,ANY>)
21:27:57.0 (19132499)|VARIABLE_SCOPE_BEGIN|[124]|mapFields|Map<String,Set<String>>|true|false
21:27:57.0 (19143915)|VARIABLE_ASSIGNMENT|[124]|mapFields|{"s":1,"v":{}}|0x3a76e60b
21:27:57.0 (19147406)|VARIABLE_SCOPE_BEGIN|[124]|record|Map<String,ANY>|true|false
21:27:57.0 (19158955)|VARIABLE_ASSIGNMENT|[124]|record|{"s":1,"v":{"attributes":{"s":2,"v":{"type":"BFFFollow__c","url":"/services/data/v37.0 (41 more) ..."}},"FollowedUsers__c":"[{\"id\":\"00550000005c (85 more) ...","Id":"a005000000ezW4dAAE"}}|0x5cd588c7
21:27:57.0 (19168006)|HEAP_ALLOCATE|[125]|Bytes:5
21:27:57.0 (19176273)|STATEMENT_EXECUTE|[124]
21:27:57.0 (19177827)|STATEMENT_EXECUTE|[125]
21:27:57.0 (19186176)|HEAP_ALLOCATE|[125]|Bytes:10
21:27:57.0 (19191039)|VARIABLE_SCOPE_BEGIN|[125]|strAttributes|String|false|false
21:27:57.0 (19197437)|VARIABLE_ASSIGNMENT|[125]|strAttributes|"attributes"
21:27:57.0 (19199456)|STATEMENT_EXECUTE|[126]
21:27:57.0 (19204827)|HEAP_ALLOCATE|[126]|Bytes:7
21:27:57.0 (19208180)|VARIABLE_SCOPE_BEGIN|[126]|strRecord|String|false|false
21:27:57.0 (19212720)|VARIABLE_ASSIGNMENT|[126]|strRecord|"records"
21:27:57.0 (19248267)|STATEMENT_EXECUTE|[127]
21:27:57.0 (19250364)|STATEMENT_EXECUTE|[128]
21:27:57.0 (19291816)|VARIABLE_SCOPE_BEGIN|[128]|attributes|Map<String,ANY>|true|false
21:27:57.0 (19307899)|VARIABLE_ASSIGNMENT|[128]|attributes|{"s":1,"v":{"type":"BFFFollow__c","url":"/services/data/v37.0 (41 more) ..."}}|0x7e33a5c5
21:27:57.0 (19311067)|STATEMENT_EXECUTE|[129]
21:27:57.0 (19319744)|HEAP_ALLOCATE|[129]|Bytes:4
21:27:57.0 (19352289)|VARIABLE_SCOPE_BEGIN|[129]|objectName|String|false|false
21:27:57.0 (19359684)|VARIABLE_ASSIGNMENT|[129]|objectName|"BFFFollow__c"
21:27:57.0 (19368823)|HEAP_ALLOCATE|[130]|Bytes:4
21:27:57.0 (19428807)|HEAP_ALLOCATE|[130]|Bytes:44
21:27:57.0 (19447479)|HEAP_ALLOCATE|[130]|Bytes:12
21:27:57.0 (19471118)|HEAP_ALLOCATE|[130]|Bytes:5
21:27:57.0 (19484766)|VARIABLE_SCOPE_BEGIN|[130]|fieldName|String|false|false
21:27:57.0 (19491988)|VARIABLE_ASSIGNMENT|[130]|fieldName|"attributes"
21:27:57.0 (19494576)|STATEMENT_EXECUTE|[130]
21:27:57.0 (19495702)|STATEMENT_EXECUTE|[131]
21:27:57.0 (19537024)|VARIABLE_SCOPE_BEGIN|[131]|field|Object|false|false
21:27:57.0 (19554277)|VARIABLE_ASSIGNMENT|[131]|field|{"s":1,"v":{"type":"BFFFollow__c","url":"/services/data/v37.0 (41 more) ..."}}
21:27:57.0 (19579162)|STATEMENT_EXECUTE|[132]
21:27:57.0 (19597552)|HEAP_ALLOCATE|[130]|Bytes:5
21:27:57.0 (19608591)|VARIABLE_SCOPE_BEGIN|[130]|fieldName|String|false|false
21:27:57.0 (19615210)|VARIABLE_ASSIGNMENT|[130]|fieldName|"FollowedUsers__c"
21:27:57.0 (19617563)|STATEMENT_EXECUTE|[130]
21:27:57.0 (19618600)|STATEMENT_EXECUTE|[131]
21:27:57.0 (19638564)|VARIABLE_SCOPE_BEGIN|[131]|field|Object|false|false
21:27:57.0 (19648120)|VARIABLE_ASSIGNMENT|[131]|field|"[{\"id\":\"00550000005c (85 more) ..."
21:27:57.0 (19659188)|HEAP_ALLOCATE|[134]|Bytes:68
21:27:57.0 (19684644)|STATEMENT_EXECUTE|[136]
21:27:57.0 (19686693)|STATEMENT_EXECUTE|[137]
21:27:57.0 (19698183)|HEAP_ALLOCATE|[137]|Bytes:4
21:27:57.0 (19732930)|VARIABLE_SCOPE_BEGIN|[137]|fieldNames|Set<String>|true|false
21:27:57.0 (19752413)|VARIABLE_ASSIGNMENT|[137]|fieldNames|{"s":1,"v":[]}|0x51006b28
21:27:57.0 (19784495)|STATEMENT_EXECUTE|[138]
21:27:57.0 (19791856)|STATEMENT_EXECUTE|[139]
21:27:57.0 (19817817)|HEAP_ALLOCATE|[EXTERNAL]|Bytes:4
21:27:57.0 (19825531)|STATEMENT_EXECUTE|[140]
21:27:57.0 (19856773)|HEAP_ALLOCATE|[EXTERNAL]|Bytes:-4
21:27:57.0 (19871585)|HEAP_ALLOCATE|[130]|Bytes:5
21:27:57.0 (19882530)|VARIABLE_SCOPE_BEGIN|[130]|fieldName|String|false|false
21:27:57.0 (19889407)|VARIABLE_ASSIGNMENT|[130]|fieldName|"Id"
21:27:57.0 (19891902)|STATEMENT_EXECUTE|[130]
21:27:57.0 (19892954)|STATEMENT_EXECUTE|[131]
21:27:57.0 (19913720)|VARIABLE_SCOPE_BEGIN|[131]|field|Object|false|false
21:27:57.0 (19922060)|VARIABLE_ASSIGNMENT|[131]|field|"a005000000ezW4dAAE"
21:27:57.0 (19938417)|STATEMENT_EXECUTE|[136]
21:27:57.0 (19939980)|STATEMENT_EXECUTE|[137]
21:27:57.0 (19948758)|HEAP_ALLOCATE|[137]|Bytes:4
21:27:57.0 (19959432)|VARIABLE_SCOPE_BEGIN|[137]|fieldNames|Set<String>|true|false
21:27:57.0 (19974439)|VARIABLE_ASSIGNMENT|[137]|fieldNames|{"s":1,"v":[]}|0x21e3427f
21:27:57.0 (19987050)|STATEMENT_EXECUTE|[138]
21:27:57.0 (20012543)|VARIABLE_ASSIGNMENT|[138]|fieldNames|{"s":1,"v":["FollowedUsers__c"]}|0x51006b28
21:27:57.0 (20016830)|STATEMENT_EXECUTE|[139]
21:27:57.0 (20027585)|HEAP_ALLOCATE|[EXTERNAL]|Bytes:4
21:27:57.0 (20032986)|STATEMENT_EXECUTE|[140]
21:27:57.0 (20054560)|HEAP_ALLOCATE|[130]|Bytes:5
21:27:57.0 (20065154)|VARIABLE_ASSIGNMENT|[130]|fieldName|null
21:27:57.0 (20075415)|METHOD_EXIT|[117]|01p50000002CIEt|ETLC_SecuredDB.findFieldsRecursive(Map<String,Set<String>>, Map<String,ANY>)
21:27:57.0 (20084748)|HEAP_ALLOCATE|[116]|Bytes:5
21:27:57.0 (20098528)|VARIABLE_ASSIGNMENT|[116]|record|null
21:27:57.0 (20104422)|HEAP_ALLOCATE|[119]|Bytes:4
21:27:57.0 (20134110)|HEAP_ALLOCATE|[119]|Bytes:20
21:27:57.0 (20145567)|HEAP_ALLOCATE|[119]|Bytes:4
21:27:57.0 (20162039)|HEAP_ALLOCATE|[119]|Bytes:5
21:27:57.0 (20173565)|VARIABLE_SCOPE_BEGIN|[119]|objectName|String|false|false
21:27:57.0 (20180614)|VARIABLE_ASSIGNMENT|[119]|objectName|"BFFFollow__c"
21:27:57.0 (20183118)|STATEMENT_EXECUTE|[119]
21:27:57.0 (20184269)|STATEMENT_EXECUTE|[120]
21:27:57.0 (20192642)|HEAP_ALLOCATE|[120]|Bytes:2
21:27:57.0 (20255729)|HEAP_ALLOCATE|[120]|Bytes:22
21:27:57.0 (20273705)|HEAP_ALLOCATE|[120]|Bytes:36
21:27:57.0 (20289776)|USER_DEBUG|[120]|DEBUG|BFFFollow__c: {FollowedUsers__c, Id}
21:27:57.0 (20302706)|HEAP_ALLOCATE|[119]|Bytes:5
21:27:57.0 (20313447)|VARIABLE_ASSIGNMENT|[119]|objectName|null
21:27:57.0 (20316392)|STATEMENT_EXECUTE|[122]
21:27:57.0 (20329598)|METHOD_EXIT|[20]|01p50000002CIEt|ETLC_SecuredDB.findFields(List<SObject>)
21:27:57.0 (20345026)|METHOD_ENTRY|[20]|01p50000002CIEt|ETLC_SecuredDB.validate(ETLC_SecuredDB.Operation, Map<String,Set<String>>)
21:27:57.0 (20351069)|VARIABLE_SCOPE_BEGIN|[55]|op|ETLC_SecuredDB.Operation|true|false
21:27:57.0 (20366980)|VARIABLE_ASSIGNMENT|[55]|op|"Querying"|0x73c1c11c
21:27:57.0 (20370294)|VARIABLE_SCOPE_BEGIN|[55]|mapFieldNames|Map<String,Set<String>>|true|false
21:27:57.0 (20384193)|VARIABLE_ASSIGNMENT|[55]|mapFieldNames|{"s":1,"v":{"BFFFollow__c":{"s":2,"v":["FollowedUsers__c","Id"]}}}|0x3a76e60b
21:27:57.0 (20393049)|HEAP_ALLOCATE|[56]|Bytes:5
21:27:57.0 (20396497)|STATEMENT_EXECUTE|[55]
21:27:57.0 (20397704)|STATEMENT_EXECUTE|[56]
21:27:57.0 (20406137)|VARIABLE_SCOPE_BEGIN|[56]|securityMessage|String|false|false
21:27:57.0 (20411048)|VARIABLE_ASSIGNMENT|[56]|securityMessage|null
21:27:57.0 (20413017)|STATEMENT_EXECUTE|[57]
21:27:57.0 (34475385)|HEAP_ALLOCATE|[57]|Bytes:1256
21:27:57.0 (34499471)|VARIABLE_SCOPE_BEGIN|[57]|mapObjects|Map<String,Schema.SObjectType>|true|false
21:27:57.0 (34712057)|VARIABLE_ASSIGNMENT|[57]|mapObjects|"{acceptedeventrelation=AcceptedEventRelation, account=Account, accountcontactrole=AccountContactRole, accounthistory=AccountHistory, accountpartner=AccountPartner, accountshare=AccountShare, actionlinkgrouptemplate=ActionLinkGroupTemplate, actionlinktemplate=ActionLinkTemplate, activityhistory=ActivityHistory, additionalnumber=AdditionalNumber, ...}"|0x21caad67
21:27:57.0 (34725440)|HEAP_ALLOCATE|[58]|Bytes:4
21:27:57.0 (34776283)|HEAP_ALLOCATE|[58]|Bytes:20
21:27:57.0 (34793835)|HEAP_ALLOCATE|[58]|Bytes:4
21:27:57.0 (34817600)|HEAP_ALLOCATE|[58]|Bytes:5
21:27:57.0 (34833277)|VARIABLE_SCOPE_BEGIN|[58]|sObjectName|String|false|false
21:27:57.0 (34841843)|VARIABLE_ASSIGNMENT|[58]|sObjectName|"BFFFollow__c"
21:27:57.0 (34846013)|STATEMENT_EXECUTE|[58]
21:27:57.0 (34847805)|STATEMENT_EXECUTE|[59]
21:27:57.0 (34862116)|HEAP_ALLOCATE|[59]|Bytes:9
21:27:57.0 (34866380)|HEAP_ALLOCATE|[59]|Bytes:7
21:27:57.0 (34915577)|HEAP_ALLOCATE|[59]|Bytes:8
21:27:57.0 (34926991)|HEAP_ALLOCATE|[59]|Bytes:1
21:27:57.0 (34940824)|HEAP_ALLOCATE|[59]|Bytes:37
21:27:57.0 (34949936)|VARIABLE_ASSIGNMENT|[59]|securityMessage|"CRUD on [BFFFollow__ (17 more) ..."
21:27:57.0 (34952867)|STATEMENT_EXECUTE|[60]
21:27:57.0 (34961399)|HEAP_ALLOCATE|[60]|Bytes:10
21:27:57.0 (34968268)|HEAP_ALLOCATE|[60]|Bytes:47
21:27:57.0 (34996098)|USER_DEBUG|[60]|DEBUG|Checking: CRUD on [BFFFollow__c] for [Querying]
21:27:57.0 (35002872)|STATEMENT_EXECUTE|[61]
21:27:57.0 (35288551)|HEAP_ALLOCATE|[61]|Bytes:4
21:27:57.0 (35335992)|VARIABLE_SCOPE_BEGIN|[61]|drSObj|Schema.DescribeSObjectResult|true|false
21:27:57.0 (35416575)|VARIABLE_ASSIGNMENT|[61]|drSObj|"common.api.soap.wsdl.DescribeSObjectResult@a54f9caa"|0x2ae9317b
21:27:57.0 (35574647)|STATEMENT_EXECUTE|[64]
21:27:57.0 (35602248)|STATEMENT_EXECUTE|[65]
21:27:57.0 (35661556)|STATEMENT_EXECUTE|[77]
21:27:57.0 (35663980)|STATEMENT_EXECUTE|[79]
21:27:57.0 (35899937)|HEAP_ALLOCATE|[79]|Bytes:56
21:27:57.0 (35911101)|VARIABLE_SCOPE_BEGIN|[79]|mapFields|Map<String,Schema.SObjectField>|true|false
21:27:57.0 (36073833)|VARIABLE_ASSIGNMENT|[79]|mapFields|"{createdbyid=CreatedById, createddate=CreatedDate, followedby__c=FollowedBy__c, followedusers__c=FollowedUsers__c, id=Id, isdeleted=IsDeleted, lastmodifiedbyid=LastModifiedById, lastmodifieddate=LastModifiedDate, lastreferenceddate=LastReferencedDate, lastvieweddate=LastViewedDate, ...}"|0x1e470dcb
21:27:57.0 (36084365)|HEAP_ALLOCATE|[80]|Bytes:4
21:27:57.0 (36125597)|HEAP_ALLOCATE|[80]|Bytes:8
21:27:57.0 (36144299)|HEAP_ALLOCATE|[80]|Bytes:5
21:27:57.0 (36156550)|VARIABLE_SCOPE_BEGIN|[80]|fieldName|String|false|false
21:27:57.0 (36164681)|VARIABLE_ASSIGNMENT|[80]|fieldName|"FollowedUsers__c"
21:27:57.0 (36167630)|STATEMENT_EXECUTE|[80]
21:27:57.0 (36168926)|STATEMENT_EXECUTE|[81]
21:27:57.0 (36901278)|HEAP_ALLOCATE|[81]|Bytes:8
21:27:57.0 (36934785)|VARIABLE_SCOPE_BEGIN|[81]|drField|Schema.DescribeFieldResult|true|false
21:27:57.0 (37008918)|VARIABLE_ASSIGNMENT|[81]|drField|"common.api.soap.wsdl.Field@b2a32a69"|0x62ddfe8
21:27:57.0 (37033083)|STATEMENT_EXECUTE|[82]
21:27:57.0 (37034888)|STATEMENT_EXECUTE|[83]
21:27:57.0 (37045245)|HEAP_ALLOCATE|[83]|Bytes:8
21:27:57.0 (37049298)|HEAP_ALLOCATE|[83]|Bytes:1
21:27:57.0 (37087686)|HEAP_ALLOCATE|[83]|Bytes:8
21:27:57.0 (37106695)|HEAP_ALLOCATE|[83]|Bytes:52
21:27:57.0 (37112526)|HEAP_ALLOCATE|[83]|Bytes:53
21:27:57.0 (37121534)|VARIABLE_ASSIGNMENT|[83]|securityMessage|"FLS on [BFFFollow__c (33 more) ..."
21:27:57.0 (37124446)|STATEMENT_EXECUTE|[84]
21:27:57.0 (37135122)|HEAP_ALLOCATE|[84]|Bytes:63
21:27:57.0 (37158948)|USER_DEBUG|[84]|DEBUG|Checking: FLS on [BFFFollow__c.FollowedUsers__c] for [Querying]
21:27:57.0 (37252387)|STATEMENT_EXECUTE|[87]
21:27:57.0 (37268923)|STATEMENT_EXECUTE|[88]
21:27:57.0 (37292527)|HEAP_ALLOCATE|[80]|Bytes:5
21:27:57.0 (37305345)|VARIABLE_SCOPE_BEGIN|[80]|fieldName|String|false|false
21:27:57.0 (37312736)|VARIABLE_ASSIGNMENT|[80]|fieldName|"Id"
21:27:57.0 (37315158)|STATEMENT_EXECUTE|[80]
21:27:57.0 (37316193)|STATEMENT_EXECUTE|[81]
21:27:57.0 (37445162)|HEAP_ALLOCATE|[81]|Bytes:8
21:27:57.0 (37455756)|VARIABLE_SCOPE_BEGIN|[81]|drField|Schema.DescribeFieldResult|true|false
21:27:57.0 (37523969)|VARIABLE_ASSIGNMENT|[81]|drField|"common.api.soap.wsdl.Field@3039139e"|0x7442530f
21:27:57.0 (37536186)|STATEMENT_EXECUTE|[99]
21:27:57.0 (37537780)|STATEMENT_EXECUTE|[100]
21:27:57.0 (37552105)|HEAP_ALLOCATE|[100]|Bytes:22
21:27:57.0 (37593619)|HEAP_ALLOCATE|[100]|Bytes:8
21:27:57.0 (37608454)|HEAP_ALLOCATE|[100]|Bytes:52
21:27:57.0 (37612929)|HEAP_ALLOCATE|[100]|Bytes:35
21:27:57.0 (37617772)|HEAP_ALLOCATE|[100]|Bytes:87
21:27:57.0 (37628613)|USER_DEBUG|[100]|DEBUG|Bypass Check: FLS on [BFFFollow__c.Id] for [Querying] since it's not isPermissionable()
21:27:57.0 (37642341)|HEAP_ALLOCATE|[80]|Bytes:5
21:27:57.0 (37653208)|VARIABLE_ASSIGNMENT|[80]|fieldName|null
21:27:57.0 (37662005)|HEAP_ALLOCATE|[58]|Bytes:5
21:27:57.0 (37670087)|VARIABLE_ASSIGNMENT|[58]|sObjectName|null
21:27:57.0 (37682386)|METHOD_EXIT|[20]|01p50000002CIEt|ETLC_SecuredDB.validate(ETLC_SecuredDB.Operation, Map<String,Set<String>>)
21:27:57.0 (37686213)|STATEMENT_EXECUTE|[21]
21:27:57.0 (37698624)|METHOD_EXIT|[24]|01p50000002CIEt|ETLC_SecuredDB.query(String)
21:27:57.0 (37704561)|VARIABLE_SCOPE_BEGIN|[24]|dbRecords|List<SObject>|true|false
21:27:57.0 (37732859)|VARIABLE_ASSIGNMENT|[24]|dbRecords|{"s":1,"v":[{"s":2,"v":{"FollowedUsers__c":"[{\"id\":\"00550000005c (85 more) ...","Id":"a005000000ezW4dAAE"}}]}|0x2e162f3d
21:27:57.0 (37740811)|STATEMENT_EXECUTE|[25]
21:27:57.0 (37742099)|STATEMENT_EXECUTE|[25]
21:27:57.0 (37815094)|USER_DEBUG|[25]|DEBUG|(BFFFollow__c:{FollowedUsers__c=[{"id":"00550000005cg71AAA","name":"Jaswinder Rattanpal"},{"id":"00550000005d7KnAAI","name":"Test User"}], Id=a005000000ezW4dAAE})
21:27:57.0 (37919770)|STATEMENT_EXECUTE|[26]
21:27:57.0 (37925125)|STATEMENT_EXECUTE|[27]
21:27:57.0 (37926325)|STATEMENT_EXECUTE|[28]
21:27:57.0 (37935450)|HEAP_ALLOCATE|[28]|Bytes:18
21:27:57.0 (37948610)|HEAP_ALLOCATE|[28]|Bytes:12
21:27:57.0 (37955031)|HEAP_ALLOCATE|[28]|Bytes:16
21:27:57.0 (38026698)|HEAP_ALLOCATE|[28]|Bytes:105
21:27:57.0 (38048883)|HEAP_ALLOCATE|[28]|Bytes:105
21:27:57.0 (38058827)|HEAP_ALLOCATE|[28]|Bytes:123
21:27:57.0 (38069197)|USER_DEBUG|[28]|DEBUG|FollowedUsers__c::[{"id":"00550000005cg71AAA","name":"Jaswinder Rattanpal"},{"id":"00550000005d7KnAAI","name":"Test User"}]
21:27:57.0 (38075208)|STATEMENT_EXECUTE|[30]
21:27:57.0 (38089327)|HEAP_ALLOCATE|[30]|Bytes:12
21:27:57.0 (38140267)|HEAP_ALLOCATE|[30]|Bytes:105
21:27:57.0 (38158919)|METHOD_EXIT|[10]|01p50000002D8iw|BFFFollow_Controller.fetchFollowedUsers(Id)
21:27:57.0 (38223765)|VARIABLE_ASSIGNMENT|[EXTERNAL]|this|{"debug":true,"input":"{\"mode\":\"fetchFollow (9 more) ...","operation":"BFFFollow_Controller"}|0x74fe265f
21:27:57.0 (38231812)|VARIABLE_ASSIGNMENT|[EXTERNAL]|value|"[{\"id\":\"00550000005c (85 more) ..."
21:27:57.0 (38249160)|VARIABLE_ASSIGNMENT|[12]|this.output|"[{\"id\":\"00550000005c (85 more) ..."|0x74fe265f
21:27:57.0 (38255947)|STATEMENT_EXECUTE|[11]
21:27:57.0 (38314905)|VARIABLE_ASSIGNMENT|[EXTERNAL]|this|{"debug":true,"input":"{\"mode\":\"fetchFollow (9 more) ...","operation":"BFFFollow_Controller","output":"[{\"id\":\"00550000005c (85 more) ..."}|0x74fe265f
21:27:57.0 (38361517)|VARIABLE_ASSIGNMENT|[EXTERNAL]|this|{"debug":true,"input":"{\"mode\":\"fetchFollow (9 more) ...","operation":"BFFFollow_Controller","output":"[{\"id\":\"00550000005c (85 more) ..."}|0x74fe265f
21:27:57.0 (38368491)|VARIABLE_ASSIGNMENT|[EXTERNAL]|value|true
21:27:57.0 (38373456)|HEAP_ALLOCATE|[15]|Bytes:5
21:27:57.0 (38381081)|VARIABLE_ASSIGNMENT|[15]|this.outputFlag|true|0x74fe265f
21:27:57.0 (38390406)|STATEMENT_EXECUTE|[12]
21:27:57.0 (38391900)|STATEMENT_EXECUTE|[12]
21:27:57.0 (38448377)|USER_DEBUG|[12]|DEBUG|ETLC_ApexBridge_Data:[debug=true, input={"mode":"fetchFollowedUsers"}, isSuccess=null, messages=null, operation=BFFFollow_Controller, output=[{"id":"00550000005cg71AAA","name":"Jaswinder Rattanpal"},{"id":"00550000005d7KnAAI","name":"Test User"}], outputFlag=true, records=null]
21:27:57.0 (38462881)|METHOD_EXIT|[9]|01p50000002D8iw|BFFFollow_Controller.process(ETLC_ApexBridge_Data)
21:27:57.0 (38466652)|STATEMENT_EXECUTE|[24]
21:27:57.0 (38488409)|METHOD_ENTRY|[24]|01p50000002CIEo|ETLC_ApexBridge_Data.toJSON()
21:27:57.0 (38501548)|VARIABLE_SCOPE_BEGIN|[57]|this|ETLC_ApexBridge_Data|true|false
21:27:57.0 (38531245)|VARIABLE_ASSIGNMENT|[57]|this|{"debug":true,"input":"{\"mode\":\"fetchFollow (9 more) ...","operation":"BFFFollow_Controller","output":"[{\"id\":\"00550000005c (85 more) ...","outputFlag":true}|0x74fe265f
21:27:57.0 (38537097)|STATEMENT_EXECUTE|[57]
21:27:57.0 (38538247)|STATEMENT_EXECUTE|[58]
21:27:57.0 (38552860)|METHOD_ENTRY|[58]||System.JSON.serialize(Object)
21:27:57.0 (38630882)|STATEMENT_EXECUTE|[22]
21:27:57.0 (38634538)|STATEMENT_EXECUTE|[23]
21:27:57.0 (38650215)|HEAP_ALLOCATE|[23]|Bytes:5
21:27:57.0 (38660841)|VARIABLE_ASSIGNMENT|[23]|this.isSuccess|true|0x74fe265f
21:27:57.0 (38663838)|STATEMENT_EXECUTE|[24]
21:27:57.0 (38699140)|STATEMENT_EXECUTE|[31]
21:27:57.0 (38702328)|STATEMENT_EXECUTE|[32]
21:27:57.0 (38808627)|HEAP_ALLOCATE|[32]|Bytes:4
21:27:57.0 (38878662)|VARIABLE_ASSIGNMENT|[32]|this.messages|{"s":1,"v":{}}|0x74fe265f
21:27:57.0 (38883479)|STATEMENT_EXECUTE|[33]
21:27:57.0 (39194915)|METHOD_EXIT|[58]||System.JSON.serialize(Object)
21:27:57.0 (39202555)|METHOD_EXIT|[24]|01p50000002CIEo|ETLC_ApexBridge_Data.toJSON()
21:27:57.0 (39211478)|SYSTEM_MODE_EXIT|false
21:27:57.39 (39261257)|CUMULATIVE_LIMIT_USAGE
21:27:57.39 (39261257)|LIMIT_USAGE_FOR_NS|(default)|
  Number of SOQL queries: 1 out of 100
  Number of query rows: 1 out of 50000
  Number of SOSL queries: 0 out of 20
  Number of DML statements: 0 out of 150
  Number of DML rows: 0 out of 10000
  Maximum CPU time: 0 out of 10000
  Maximum heap size: 0 out of 6000000
  Number of callouts: 0 out of 100
  Number of Email Invocations: 0 out of 10
  Number of future calls: 0 out of 50
  Number of queueable jobs added to the queue: 0 out of 50
  Number of Mobile Apex push calls: 0 out of 10

21:27:57.39 (39261257)|CUMULATIVE_LIMIT_USAGE_END

21:27:57.0 (39315031)|CODE_UNIT_FINISHED|ETLC_ApexBridge_Controller.execute
