37.0 APEX_CODE,FINEST;APEX_PROFILING,INFO;CALLOUT,INFO;DB,INFO;SYSTEM,DEBUG;VALIDATION,INFO;VISUALFORCE,INFO;WORKFLOW,INFO
15:10:00.0 (403654)|USER_INFO|[EXTERNAL]|00550000005cg71|bfffollow@jr.te|Eastern Standard Time|GMT-04:00
15:10:00.0 (805139)|HEAP_ALLOCATE|[72]|Bytes:3
15:10:00.0 (884958)|HEAP_ALLOCATE|[77]|Bytes:152
15:10:00.0 (901382)|HEAP_ALLOCATE|[342]|Bytes:408
15:10:00.0 (920027)|HEAP_ALLOCATE|[355]|Bytes:408
15:10:00.0 (937363)|HEAP_ALLOCATE|[467]|Bytes:48
15:10:00.2 (2653235)|USER_INFO|[EXTERNAL]|00550000005cg71|bfffollow@jr.te|Eastern Standard Time|GMT-04:00
15:10:00.2 (3368716)|STATEMENT_EXECUTE|[11]
15:10:00.2 (3409034)|HEAP_ALLOCATE|[50]|Bytes:5
15:10:00.2 (3435208)|HEAP_ALLOCATE|[56]|Bytes:5
15:10:00.2 (3443966)|HEAP_ALLOCATE|[64]|Bytes:7
15:10:00.2 (3467325)|SYSTEM_MODE_ENTER|false
15:10:00.2 (3483769)|HEAP_ALLOCATE|[EXTERNAL]|Bytes:5
15:10:00.2 (3504802)|STATEMENT_EXECUTE|[43]
15:10:00.2 (3512620)|SYSTEM_MODE_EXIT|false
15:10:00.2 (3535713)|METHOD_EXIT|[11]|LookupSObjectController
15:10:00.2 (3541934)|HEAP_ALLOCATE|[EXTERNAL]|Bytes:3
15:10:00.2 (3550654)|HEAP_ALLOCATE|[EXTERNAL]|Bytes:4
15:10:00.2 (3558308)|SYSTEM_MODE_ENTER|false
15:10:00.2 (3570744)|VARIABLE_SCOPE_BEGIN|[17]|searchString|String|false|false
15:10:00.2 (3725831)|VARIABLE_ASSIGNMENT|[17]|searchString|"Jas"
15:10:00.2 (3732594)|VARIABLE_SCOPE_BEGIN|[17]|sObjectAPIName|String|false|false
15:10:00.2 (3737057)|VARIABLE_ASSIGNMENT|[17]|sObjectAPIName|"User"
15:10:00.2 (3752256)|HEAP_ALLOCATE|[20]|Bytes:5
15:10:00.2 (3756816)|STATEMENT_EXECUTE|[18]
15:10:00.2 (3758138)|STATEMENT_EXECUTE|[20]
15:10:00.2 (3794677)|ENTERING_MANAGED_PKG|
15:10:00.2 (3823293)|HEAP_ALLOCATE|[20]|Bytes:3
15:10:00.2 (3838878)|VARIABLE_SCOPE_BEGIN|[20]|sanitizedSearchString|String|false|false
15:10:00.2 (3848316)|VARIABLE_ASSIGNMENT|[20]|sanitizedSearchString|"Jas"
15:10:00.2 (3850890)|STATEMENT_EXECUTE|[21]
15:10:00.2 (3870408)|ENTERING_MANAGED_PKG|
15:10:00.2 (3888824)|HEAP_ALLOCATE|[21]|Bytes:4
15:10:00.2 (3900628)|VARIABLE_SCOPE_BEGIN|[21]|sanitizedSObjectAPIName|String|false|false
15:10:00.2 (3907975)|VARIABLE_ASSIGNMENT|[21]|sanitizedSObjectAPIName|"User"
15:10:00.2 (3910466)|STATEMENT_EXECUTE|[23]
15:10:00.2 (3921871)|HEAP_ALLOCATE|[23]|Bytes:4
15:10:00.2 (4017288)|ENTERING_MANAGED_PKG|
15:10:00.2 (4047019)|VARIABLE_SCOPE_BEGIN|[23]|results|List<BFFFollow.LookupSObjectControllerResult>|true|false
15:10:00.2 (4063058)|HEAP_ALLOCATE|[EXTERNAL]|Bytes:4
15:10:00.2 (4083159)|VARIABLE_ASSIGNMENT|[23]|results|{"s":1,"v":[]}|0x36e22e4f
15:10:00.2 (4086286)|STATEMENT_EXECUTE|[26]
15:10:00.2 (4095549)|HEAP_ALLOCATE|[26]|Bytes:6
15:10:00.2 (4100196)|HEAP_ALLOCATE|[26]|Bytes:27
15:10:00.2 (4102868)|HEAP_ALLOCATE|[26]|Bytes:18
15:10:00.2 (4118482)|HEAP_ALLOCATE|[26]|Bytes:58
15:10:00.2 (4125223)|VARIABLE_SCOPE_BEGIN|[26]|searchQuery|String|false|false
15:10:00.2 (4135593)|VARIABLE_ASSIGNMENT|[26]|searchQuery|"FIND 'Jas*' IN ALL F (38 more) ..."
15:10:00.2 (4138196)|STATEMENT_EXECUTE|[29]
15:10:00.2 (4166709)|ENTERING_MANAGED_PKG|
15:10:00.2 (16325624)|SOSL_EXECUTE_BEGIN|[29]|FIND 'Jas*' IN ALL FIELDS RETURNING User(id,name) Limit 50
15:10:00.2 (56928890)|HEAP_ALLOCATE|[29]|Bytes:4
15:10:00.2 (56938567)|HEAP_ALLOCATE|[29]|Bytes:4
15:10:00.2 (56947262)|HEAP_ALLOCATE|[29]|Bytes:8
15:10:00.2 (56957562)|SOSL_EXECUTE_END|[29]|Rows:1
15:10:00.2 (57027979)|HEAP_ALLOCATE|[29]|Bytes:8
15:10:00.2 (57078034)|VARIABLE_SCOPE_BEGIN|[29]|searchList|List<List<SObject>>|true|false
15:10:00.2 (57144359)|VARIABLE_ASSIGNMENT|[29]|searchList|{"s":1,"v":[{"s":2,"v":[{"s":3,"v":{"Id":"00550000005cg71AAA","Name":"Jaswinder Rattanpal"}}]}]}|0x54d0d8a2
15:10:00.2 (57231665)|HEAP_ALLOCATE|[32]|Bytes:8
15:10:00.2 (57331586)|ENTERING_MANAGED_PKG|
15:10:00.2 (57589610)|HEAP_ALLOCATE|[32]|Bytes:5
15:10:00.2 (57680204)|HEAP_ALLOCATE|[32]|Bytes:12
15:10:00.2 (57699041)|VARIABLE_SCOPE_BEGIN|[32]|so|SObject|true|false
15:10:00.2 (57720989)|VARIABLE_ASSIGNMENT|[32]|so|{"s":1,"v":{"Id":"00550000005cg71AAA","Name":"Jaswinder Rattanpal"}}|0x2fbe324
15:10:00.2 (57728281)|STATEMENT_EXECUTE|[33]
15:10:00.2 (57730810)|STATEMENT_EXECUTE|[34]
15:10:00.2 (57791673)|HEAP_ALLOCATE|[34]|Bytes:116
15:10:00.2 (57802569)|HEAP_ALLOCATE|[34]|Bytes:5
15:10:00.2 (57845626)|METHOD_ENTRY|[5]|01p50000002eFfl|LookupSObjectControllerResult.LookupSObjectControllerResult()
15:10:00.2 (57851565)|STATEMENT_EXECUTE|[5]
15:10:00.2 (57858684)|STATEMENT_EXECUTE|[5]
15:10:00.2 (57930331)|HEAP_ALLOCATE|[34]|Bytes:5
15:10:00.2 (57961960)|METHOD_EXIT|[5]|LookupSObjectControllerResult
15:10:00.2 (57997793)|HEAP_ALLOCATE|[34]|Bytes:12
15:10:00.2 (58006427)|HEAP_ALLOCATE|[34]|Bytes:4
15:10:00.2 (58052287)|ENTERING_MANAGED_PKG|
15:10:00.2 (58132314)|HEAP_ALLOCATE|[34]|Bytes:19
15:10:00.2 (58202239)|CONSTRUCTOR_ENTRY|[34]|01p50000002eFfl|<init>(String,Id)
15:10:00.2 (58238156)|VARIABLE_SCOPE_BEGIN|[9]|this|BFFFollow.LookupSObjectControllerResult|true|false
15:10:00.2 (58311284)|VARIABLE_ASSIGNMENT|[9]|this|{}|0x7135bc5c
15:10:00.2 (58317898)|VARIABLE_SCOPE_BEGIN|[9]|sObjectLabel|String|false|false
15:10:00.2 (58326838)|VARIABLE_ASSIGNMENT|[9]|sObjectLabel|"Jaswinder Rattanpal"
15:10:00.2 (58330769)|VARIABLE_SCOPE_BEGIN|[9]|sObjectId|Id|false|false
15:10:00.2 (58484237)|VARIABLE_ASSIGNMENT|[9]|sObjectId|"00550000005cg71AAA"
15:10:00.2 (58496446)|HEAP_ALLOCATE|[11]|Bytes:5
15:10:00.2 (58502534)|STATEMENT_EXECUTE|[5]
15:10:00.2 (58506718)|HEAP_ALLOCATE|[11]|Bytes:5
15:10:00.2 (58510143)|STATEMENT_EXECUTE|[6]
15:10:00.2 (58519987)|STATEMENT_EXECUTE|[7]
15:10:00.2 (58536680)|HEAP_ALLOCATE|[11]|Bytes:6
15:10:00.2 (58574078)|STATEMENT_EXECUTE|[10]
15:10:00.2 (58576914)|STATEMENT_EXECUTE|[11]
15:10:00.2 (58674325)|VARIABLE_ASSIGNMENT|[EXTERNAL]|this|{}|0x7135bc5c
15:10:00.2 (58688424)|VARIABLE_ASSIGNMENT|[EXTERNAL]|value|"Jaswinder Rattanpal"
15:10:00.2 (58707453)|VARIABLE_ASSIGNMENT|[6]|this.SObjectLabel|"Jaswinder Rattanpal"|0x7135bc5c
15:10:00.2 (58719778)|STATEMENT_EXECUTE|[12]
15:10:00.2 (58806861)|VARIABLE_ASSIGNMENT|[EXTERNAL]|this|{"SObjectLabel":"Jaswinder Rattanpal"}|0x7135bc5c
15:10:00.2 (58892038)|VARIABLE_ASSIGNMENT|[EXTERNAL]|value|"00550000005cg71AAA"
15:10:00.2 (58992282)|VARIABLE_ASSIGNMENT|[7]|this.SObjectId|"00550000005cg71AAA"|0x7135bc5c
15:10:00.2 (59025436)|CONSTRUCTOR_EXIT|[34]|01p50000002eFfl|<init>(String,Id)
15:10:00.2 (59056407)|ENTERING_MANAGED_PKG|
15:10:00.2 (59068654)|HEAP_ALLOCATE|[EXTERNAL]|Bytes:4
15:10:00.2 (59095496)|HEAP_ALLOCATE|[32]|Bytes:5
15:10:00.2 (59117862)|VARIABLE_ASSIGNMENT|[32]|so|null|
15:10:00.2 (59124442)|STATEMENT_EXECUTE|[37]
15:10:00.2 (59147237)|SYSTEM_MODE_EXIT|false
15:10:00.59 (59202241)|CUMULATIVE_LIMIT_USAGE
15:10:00.59 (59202241)|LIMIT_USAGE_FOR_NS|(default)|
  Number of SOQL queries: 0 out of 100
  Number of query rows: 0 out of 50000
  Number of SOSL queries: 0 out of 20
  Number of DML statements: 0 out of 150
  Number of DML rows: 0 out of 10000
  Maximum CPU time: 0 out of 10000
  Maximum heap size: 0 out of 6000000
  Number of callouts: 0 out of 100
  Number of Email Invocations: 0 out of 10
  Number of future calls: 0 out of 50
  Number of queueable jobs added to the queue: 0 out of 50
  Number of Mobile Apex push calls: 0 out of 10

15:10:00.59 (59202241)|LIMIT_USAGE_FOR_NS|BFFFollow|
  Number of SOQL queries: 0 out of 100
  Number of query rows: 0 out of 50000
  Number of SOSL queries: 1 out of 20
  Number of DML statements: 0 out of 150
  Number of DML rows: 0 out of 10000
  Maximum CPU time: 0 out of 10000
  Maximum heap size: 0 out of 6000000
  Number of callouts: 0 out of 100
  Number of Email Invocations: 0 out of 10
  Number of future calls: 0 out of 50
  Number of queueable jobs added to the queue: 0 out of 50
  Number of Mobile Apex push calls: 0 out of 10

15:10:00.59 (59202241)|CUMULATIVE_LIMIT_USAGE_END

15:10:00.2 (59292848)|CODE_UNIT_FINISHED|LookupSObjectController.lookup
15:10:00.60 (60784412)|USER_INFO|[EXTERNAL]|00550000005cg71|bfffollow@jr.te|Eastern Standard Time|GMT-04:00
15:10:00.60 (60796718)|CODE_UNIT_STARTED|[EXTERNAL]|Aura
15:10:00.60 (60830011)|CODE_UNIT_FINISHED|Aura
