37.0 APEX_CODE,FINEST;APEX_PROFILING,INFO;CALLOUT,INFO;DB,INFO;SYSTEM,DEBUG;VALIDATION,INFO;VISUALFORCE,INFO;WORKFLOW,INFO
21:33:18.0 (569450)|USER_INFO|[EXTERNAL]|00550000005cg71|bfffollow@jr.te|Eastern Standard Time|GMT-04:00
21:33:18.0 (620028)|EXECUTION_STARTED
21:33:18.0 (626956)|CODE_UNIT_STARTED|[EXTERNAL]|aura
21:33:18.0 (1069856)|HEAP_ALLOCATE|[72]|Bytes:3
21:33:18.0 (1154863)|HEAP_ALLOCATE|[77]|Bytes:152
21:33:18.0 (1174903)|HEAP_ALLOCATE|[342]|Bytes:408
21:33:18.0 (1192670)|HEAP_ALLOCATE|[355]|Bytes:408
21:33:18.0 (1208649)|HEAP_ALLOCATE|[467]|Bytes:48
21:33:18.0 (1313346)|HEAP_ALLOCATE|[139]|Bytes:6
21:33:18.0 (1347342)|HEAP_ALLOCATE|[EXTERNAL]|Bytes:93
21:33:18.0 (1383634)|HEAP_ALLOCATE|[EXTERNAL]|Bytes:93
21:33:18.0 (2338404)|CODE_UNIT_STARTED|[EXTERNAL]|01p50000002CIEm|ETLC_ApexBridge_Controller.execute
21:33:18.0 (3100046)|HEAP_ALLOCATE|[EXTERNAL]|Bytes:1
21:33:18.0 (3107151)|HEAP_ALLOCATE|[EXTERNAL]|Bytes:10
21:33:18.0 (3145431)|METHOD_ENTRY|[1]|01p50000002CIEm|ETLC_ApexBridge_Controller.ETLC_ApexBridge_Controller()
21:33:18.0 (3153464)|STATEMENT_EXECUTE|[1]
21:33:18.0 (3163999)|STATEMENT_EXECUTE|[1]
21:33:18.0 (3200934)|METHOD_EXIT|[1]|ETLC_ApexBridge_Controller
21:33:18.0 (3210313)|HEAP_ALLOCATE|[EXTERNAL]|Bytes:93
21:33:18.0 (3230091)|SYSTEM_MODE_ENTER|false
21:33:18.0 (3405616)|VARIABLE_SCOPE_BEGIN|[3]|dataJson|String|false|false
21:33:18.0 (3528937)|VARIABLE_ASSIGNMENT|[3]|dataJson|"{\"operation\":\"BFFFol (73 more) ..."
21:33:18.0 (3546488)|STATEMENT_EXECUTE|[3]
21:33:18.0 (3548340)|STATEMENT_EXECUTE|[4]
21:33:18.0 (4492731)|VARIABLE_SCOPE_BEGIN|[4]|data|ETLC_ApexBridge_Data|true|false
21:33:18.0 (4506425)|VARIABLE_ASSIGNMENT|[4]|data|null|
21:33:18.0 (4510250)|STATEMENT_EXECUTE|[5]
21:33:18.0 (4511634)|STATEMENT_EXECUTE|[5]
21:33:18.0 (4512800)|STATEMENT_EXECUTE|[6]
21:33:18.0 (4530987)|HEAP_ALLOCATE|[6]|Bytes:11
21:33:18.0 (4538636)|HEAP_ALLOCATE|[6]|Bytes:248
21:33:18.0 (4541876)|HEAP_ALLOCATE|[6]|Bytes:39
21:33:18.0 (4573360)|METHOD_ENTRY|[2]|01p50000002CIEo|ETLC_ApexBridge_Data.ETLC_ApexBridge_Data()
21:33:18.0 (4577041)|STATEMENT_EXECUTE|[2]
21:33:18.0 (4580253)|STATEMENT_EXECUTE|[2]
21:33:18.0 (4586716)|METHOD_EXIT|[2]|ETLC_ApexBridge_Data
21:33:18.0 (4627396)|METHOD_ENTRY|[6]|01p50000002CIEo|ETLC_ApexBridge_Data.fromJSON(String)
21:33:18.0 (4647690)|VARIABLE_SCOPE_BEGIN|[60]|strJson|String|false|false
21:33:18.0 (4659269)|VARIABLE_ASSIGNMENT|[60]|strJson|"{\"operation\":\"BFFFol (73 more) ..."
21:33:18.0 (4664818)|STATEMENT_EXECUTE|[60]
21:33:18.0 (4666265)|STATEMENT_EXECUTE|[61]
21:33:18.0 (4674722)|HEAP_ALLOCATE|[61]|Bytes:20
21:33:18.0 (4704104)|HEAP_ALLOCATE|[50]|Bytes:5
21:33:18.0 (4746848)|HEAP_ALLOCATE|[56]|Bytes:5
21:33:18.0 (4761252)|HEAP_ALLOCATE|[64]|Bytes:7
21:33:18.0 (4876452)|HEAP_ALLOCATE|[61]|Bytes:24
21:33:18.0 (4892039)|SYSTEM_METHOD_ENTRY|[1]|Type.Type()
21:33:18.0 (4895545)|STATEMENT_EXECUTE|[1]
21:33:18.0 (4906189)|SYSTEM_METHOD_EXIT|[1]|Type
21:33:18.0 (4912529)|HEAP_ALLOCATE|[61]|Bytes:8
21:33:18.0 (4934910)|HEAP_ALLOCATE|[61]|Bytes:8
21:33:18.0 (4948557)|VARIABLE_SCOPE_BEGIN|[4]|this|System.Type|true|false
21:33:18.0 (4988566)|VARIABLE_ASSIGNMENT|[4]|this|{}|0x4ba8b7b6
21:33:18.0 (4992562)|VARIABLE_SCOPE_BEGIN|[4]|apextype|java:common.apex.runtime.ApexObjectType|true|false
21:33:18.0 (5189653)|VARIABLE_ASSIGNMENT|[4]|apextype|"ETLC_ApexBridge_Data"|0x436dac9f
21:33:18.0 (5280823)|HEAP_ALLOCATE|[61]|Bytes:8
21:33:18.0 (5335506)|HEAP_ALLOCATE|[61]|Bytes:24
21:33:18.0 (5350557)|SYSTEM_METHOD_ENTRY|[1]|JSON.JSON()
21:33:18.0 (5353308)|STATEMENT_EXECUTE|[1]
21:33:18.0 (5361775)|SYSTEM_METHOD_EXIT|[1]|JSON
21:33:18.0 (5375853)|METHOD_ENTRY|[61]||System.JSON.deserializeStrict(String, System.Type)
21:33:18.0 (5717943)|METHOD_EXIT|[61]||System.JSON.deserializeStrict(String, System.Type)
21:33:18.0 (5729773)|METHOD_EXIT|[6]|01p50000002CIEo|ETLC_ApexBridge_Data.fromJSON(String)
21:33:18.0 (5764381)|VARIABLE_ASSIGNMENT|[6]|data|{"debug":true,"input":"{\"mode\":\"fetchFollow (9 more) ...","operation":"BFFFollow_Controller"}|0x71d6c65e
21:33:18.0 (5769078)|STATEMENT_EXECUTE|[7]
21:33:18.0 (5778142)|HEAP_ALLOCATE|[7]|Bytes:6
21:33:18.0 (5858462)|HEAP_ALLOCATE|[7]|Bytes:177
21:33:18.0 (5884359)|HEAP_ALLOCATE|[7]|Bytes:183
21:33:18.0 (5924845)|USER_DEBUG|[7]|DEBUG|data::ETLC_ApexBridge_Data:[debug=true, input={"mode":"fetchFollowedUsers"}, isSuccess=null, messages=null, operation=BFFFollow_Controller, output=null, outputFlag=null, records=null]
21:33:18.0 (5934383)|STATEMENT_EXECUTE|[8]
21:33:18.0 (5986493)|VARIABLE_ASSIGNMENT|[EXTERNAL]|this|{"debug":true,"input":"{\"mode\":\"fetchFollow (9 more) ...","operation":"BFFFollow_Controller"}|0x71d6c65e
21:33:18.0 (6006451)|METHOD_ENTRY|[8]||System.Type.forName(String)
21:33:18.0 (6737487)|METHOD_EXIT|[8]||System.Type.forName(String)
21:33:18.0 (6750149)|METHOD_ENTRY|[8]||System.Type.newInstance()
21:33:18.0 (7246021)|STATEMENT_EXECUTE|[1]
21:33:18.0 (7261009)|HEAP_ALLOCATE|[33]|Bytes:5
21:33:18.0 (7284039)|METHOD_EXIT|[1]|BFFFollow_Controller
21:33:18.0 (7290042)|HEAP_ALLOCATE|[33]|Bytes:4
21:33:18.0 (7294742)|VARIABLE_SCOPE_BEGIN|[1]|this|BFFFollow_Controller|true|false
21:33:18.0 (7312494)|VARIABLE_ASSIGNMENT|[1]|this|{}|0x75296051
21:33:18.0 (7321197)|HEAP_ALLOCATE|[33]|Bytes:5
21:33:18.0 (7331208)|HEAP_ALLOCATE|[33]|Bytes:11
21:33:18.0 (7342951)|METHOD_ENTRY|[1]|01p50000002CIEj|ETLC_ApexBridge_Abstract.ETLC_ApexBridge_Abstract()
21:33:18.0 (7345854)|STATEMENT_EXECUTE|[1]
21:33:18.0 (7348952)|STATEMENT_EXECUTE|[1]
21:33:18.0 (7354556)|METHOD_EXIT|[1]|ETLC_ApexBridge_Abstract
21:33:18.0 (7361434)|CONSTRUCTOR_ENTRY|[EXTERNAL]|01p50000002CIEj|<init>()
21:33:18.0 (7367320)|VARIABLE_SCOPE_BEGIN|[1]|this|ETLC_ApexBridge_Abstract|true|false
21:33:18.0 (7381906)|VARIABLE_ASSIGNMENT|[1]|this|{}|0x75296051
21:33:18.0 (7396152)|STATEMENT_EXECUTE|[1]
21:33:18.0 (7400435)|CONSTRUCTOR_EXIT|[EXTERNAL]|01p50000002CIEj|<init>()
21:33:18.0 (7405826)|STATEMENT_EXECUTE|[1]
21:33:18.0 (7410662)|HEAP_ALLOCATE|[33]|Bytes:5
21:33:18.0 (7427947)|METHOD_EXIT|[8]||System.Type.newInstance()
21:33:18.0 (7435272)|VARIABLE_SCOPE_BEGIN|[8]|executor|ETLC_ApexBridge_Abstract|true|false
21:33:18.0 (7449239)|VARIABLE_ASSIGNMENT|[8]|executor|{}|0x75296051
21:33:18.0 (7451909)|STATEMENT_EXECUTE|[9]
21:33:18.0 (7475091)|METHOD_ENTRY|[9]|01p50000002D8iw|BFFFollow_Controller.process(ETLC_ApexBridge_Data)
21:33:18.0 (7489087)|VARIABLE_SCOPE_BEGIN|[3]|this|BFFFollow_Controller|true|false
21:33:18.0 (7513641)|VARIABLE_ASSIGNMENT|[3]|this|{}|0x75296051
21:33:18.0 (7516705)|VARIABLE_SCOPE_BEGIN|[3]|data|ETLC_ApexBridge_Data|true|false
21:33:18.0 (7543280)|VARIABLE_ASSIGNMENT|[3]|data|{"debug":true,"input":"{\"mode\":\"fetchFollow (9 more) ...","operation":"BFFFollow_Controller"}|0x71d6c65e
21:33:18.0 (7553933)|HEAP_ALLOCATE|[4]|Bytes:5
21:33:18.0 (7558072)|STATEMENT_EXECUTE|[3]
21:33:18.0 (7559210)|STATEMENT_EXECUTE|[4]
21:33:18.0 (7607435)|VARIABLE_ASSIGNMENT|[EXTERNAL]|this|{"debug":true,"input":"{\"mode\":\"fetchFollow (9 more) ...","operation":"BFFFollow_Controller"}|0x71d6c65e
21:33:18.0 (7639014)|VARIABLE_ASSIGNMENT|[4]|BFFFollow_Controller.debugFlag|true
21:33:18.0 (7676591)|VARIABLE_ASSIGNMENT|[EXTERNAL]|this|{"debug":true,"input":"{\"mode\":\"fetchFollow (9 more) ...","operation":"BFFFollow_Controller"}|0x71d6c65e
21:33:18.0 (7692317)|STATEMENT_EXECUTE|[5]
21:33:18.0 (7727725)|USER_DEBUG|[5]|DEBUG|ETLC_ApexBridge_Data:[debug=true, input={"mode":"fetchFollowedUsers"}, isSuccess=null, messages=null, operation=BFFFollow_Controller, output=null, outputFlag=null, records=null]
21:33:18.0 (7736291)|STATEMENT_EXECUTE|[7]
21:33:18.0 (7743463)|HEAP_ALLOCATE|[7]|Bytes:4
21:33:18.0 (7757614)|METHOD_ENTRY|[7]|01p50000002CIEo|ETLC_ApexBridge_Data.getInputValue(String)
21:33:18.0 (7769536)|VARIABLE_SCOPE_BEGIN|[52]|this|ETLC_ApexBridge_Data|true|false
21:33:18.0 (7795300)|VARIABLE_ASSIGNMENT|[52]|this|{"debug":true,"input":"{\"mode\":\"fetchFollow (9 more) ...","operation":"BFFFollow_Controller"}|0x71d6c65e
21:33:18.0 (7799014)|VARIABLE_SCOPE_BEGIN|[52]|key|String|false|false
21:33:18.0 (7802767)|VARIABLE_ASSIGNMENT|[52]|key|"mode"
21:33:18.0 (7807668)|STATEMENT_EXECUTE|[52]
21:33:18.0 (7809384)|STATEMENT_EXECUTE|[53]
21:33:18.0 (7852957)|VARIABLE_ASSIGNMENT|[EXTERNAL]|this|{"debug":true,"input":"{\"mode\":\"fetchFollow (9 more) ...","operation":"BFFFollow_Controller"}|0x71d6c65e
21:33:18.0 (7871708)|METHOD_ENTRY|[53]||System.JSON.deserializeUntyped(String)
21:33:18.0 (8136573)|METHOD_EXIT|[53]||System.JSON.deserializeUntyped(String)
21:33:18.0 (8146396)|VARIABLE_SCOPE_BEGIN|[53]|inputMap|Map<String,ANY>|true|false
21:33:18.0 (8177054)|VARIABLE_ASSIGNMENT|[53]|inputMap|{"s":1,"v":{"mode":"fetchFollowedUsers"}}|0x609e1591
21:33:18.0 (8180611)|STATEMENT_EXECUTE|[54]
21:33:18.0 (8248081)|METHOD_EXIT|[7]|01p50000002CIEo|ETLC_ApexBridge_Data.getInputValue(String)
21:33:18.0 (8255454)|VARIABLE_SCOPE_BEGIN|[7]|mode|String|false|false
21:33:18.0 (8263166)|VARIABLE_ASSIGNMENT|[7]|mode|"fetchFollowedUsers"
21:33:18.0 (8272010)|HEAP_ALLOCATE|[9]|Bytes:18
21:33:18.0 (8306697)|STATEMENT_EXECUTE|[9]
21:33:18.0 (8308493)|STATEMENT_EXECUTE|[10]
21:33:18.0 (8357432)|HEAP_ALLOCATE|[10]|Bytes:85
21:33:18.0 (8373167)|SYSTEM_METHOD_ENTRY|[1]|UserInfo.UserInfo()
21:33:18.0 (8375997)|STATEMENT_EXECUTE|[1]
21:33:18.0 (8384812)|SYSTEM_METHOD_EXIT|[1]|UserInfo
21:33:18.0 (8397274)|METHOD_ENTRY|[10]||System.UserInfo.getUserId()
21:33:18.0 (8434082)|METHOD_EXIT|[10]||System.UserInfo.getUserId()
21:33:18.0 (8451103)|HEAP_ALLOCATE|[10]|Bytes:4
21:33:18.0 (8473375)|METHOD_ENTRY|[10]|01p50000002D8iw|BFFFollow_Controller.fetchFollowedUsers(Id)
21:33:18.0 (8478384)|VARIABLE_SCOPE_BEGIN|[20]|this|BFFFollow_Controller|true|false
21:33:18.0 (8494728)|VARIABLE_ASSIGNMENT|[20]|this|{}|0x75296051
21:33:18.0 (8497558)|VARIABLE_SCOPE_BEGIN|[20]|followedById|Id|false|false
21:33:18.0 (8594805)|VARIABLE_ASSIGNMENT|[20]|followedById|"00550000005cg71AAA"
21:33:18.0 (8608203)|HEAP_ALLOCATE|[21]|Bytes:5
21:33:18.0 (8612707)|STATEMENT_EXECUTE|[20]
21:33:18.0 (8613972)|STATEMENT_EXECUTE|[21]
21:33:18.0 (8621312)|HEAP_ALLOCATE|[21]|Bytes:63
21:33:18.0 (8657214)|HEAP_ALLOCATE|[21]|Bytes:18
21:33:18.0 (8669977)|HEAP_ALLOCATE|[21]|Bytes:9
21:33:18.0 (8681329)|HEAP_ALLOCATE|[21]|Bytes:90
21:33:18.0 (8686012)|VARIABLE_SCOPE_BEGIN|[21]|soql|String|false|false
21:33:18.0 (8694823)|VARIABLE_ASSIGNMENT|[21]|soql|"SELECT FollowedUsers (70 more) ..."
21:33:18.0 (8697717)|STATEMENT_EXECUTE|[22]
21:33:18.0 (8698819)|STATEMENT_EXECUTE|[22]
21:33:18.0 (8705084)|STATEMENT_EXECUTE|[23]
21:33:18.0 (8706640)|STATEMENT_EXECUTE|[23]
21:33:18.0 (8713190)|HEAP_ALLOCATE|[23]|Bytes:24
21:33:18.0 (8720047)|HEAP_ALLOCATE|[23]|Bytes:114
21:33:18.0 (8749565)|USER_DEBUG|[23]|DEBUG|fetchFollowedUsers:soql:SELECT FollowedUsers__c FROM BFFFollow__c WHERE FollowedBy__c='00550000005cg71AAA' limit 1
21:33:18.0 (8758234)|STATEMENT_EXECUTE|[24]
21:33:18.0 (9314202)|HEAP_ALLOCATE|[24]|Bytes:9
21:33:18.0 (9322533)|HEAP_ALLOCATE|[24]|Bytes:29
21:33:18.0 (9325200)|HEAP_ALLOCATE|[24]|Bytes:21
21:33:18.0 (9337519)|METHOD_ENTRY|[7]|01p50000002CIEt|ETLC_SecuredDB.ETLC_SecuredDB()
21:33:18.0 (9340935)|STATEMENT_EXECUTE|[7]
21:33:18.0 (9344483)|STATEMENT_EXECUTE|[7]
21:33:18.0 (9350414)|HEAP_ALLOCATE|[24]|Bytes:5
21:33:18.0 (9362371)|METHOD_EXIT|[7]|ETLC_SecuredDB
21:33:18.0 (9375023)|METHOD_ENTRY|[24]|01p50000002CIEt|ETLC_SecuredDB.query(String)
21:33:18.0 (9388980)|VARIABLE_SCOPE_BEGIN|[10]|SOQL|String|false|false
21:33:18.0 (9397653)|VARIABLE_ASSIGNMENT|[10]|SOQL|"SELECT FollowedUsers (70 more) ..."
21:33:18.0 (9405760)|HEAP_ALLOCATE|[12]|Bytes:5
21:33:18.0 (9410302)|STATEMENT_EXECUTE|[10]
21:33:18.0 (9411638)|STATEMENT_EXECUTE|[12]
21:33:18.0 (10918995)|SOQL_EXECUTE_BEGIN|[12]|Aggregations:0|SELECT FollowedUsers__c FROM BFFFollow__c WHERE FollowedBy__c='00550000005cg71AAA' limit 1
21:33:18.0 (15436649)|SOQL_EXECUTE_END|[12]|Rows:1
21:33:18.0 (15469915)|HEAP_ALLOCATE|[12]|Bytes:8
21:33:18.0 (15482925)|HEAP_ALLOCATE|[12]|Bytes:158
21:33:18.0 (15669374)|HEAP_ALLOCATE|[12]|Bytes:8
21:33:18.0 (15703998)|VARIABLE_SCOPE_BEGIN|[12]|dbRecords|List<SObject>|true|false
21:33:18.0 (15758680)|VARIABLE_ASSIGNMENT|[12]|dbRecords|{"s":1,"v":[{"s":2,"v":{"FollowedUsers__c":"[{\"id\":\"00550000005c (85 more) ...","Id":"a005000000ezW4dAAE"}}]}|0x358a41e8
21:33:18.0 (15765381)|STATEMENT_EXECUTE|[20]
21:33:18.0 (15878453)|HEAP_ALLOCATE|[20]|Bytes:12
21:33:18.0 (15889043)|HEAP_ALLOCATE|[20]|Bytes:8
21:33:18.0 (15936312)|HEAP_ALLOCATE|[20]|Bytes:12
21:33:18.0 (15940149)|HEAP_ALLOCATE|[20]|Bytes:9
21:33:18.0 (15952062)|HEAP_ALLOCATE|[20]|Bytes:12
21:33:18.0 (15955340)|HEAP_ALLOCATE|[20]|Bytes:8
21:33:18.0 (15965961)|HEAP_ALLOCATE|[20]|Bytes:12
21:33:18.0 (15968980)|HEAP_ALLOCATE|[20]|Bytes:8
21:33:18.0 (15979285)|HEAP_ALLOCATE|[20]|Bytes:12
21:33:18.0 (15982367)|HEAP_ALLOCATE|[20]|Bytes:9
21:33:18.0 (16014650)|METHOD_ENTRY|[20]|01p50000002CIEt|ETLC_SecuredDB.findFields(List<SObject>)
21:33:18.0 (16041278)|VARIABLE_SCOPE_BEGIN|[108]|dbRecords|List<SObject>|true|false
21:33:18.0 (16062687)|VARIABLE_ASSIGNMENT|[108]|dbRecords|{"s":1,"v":[{"s":2,"v":{"FollowedUsers__c":"[{\"id\":\"00550000005c (85 more) ...","Id":"a005000000ezW4dAAE"}}]}|0x358a41e8
21:33:18.0 (16081685)|HEAP_ALLOCATE|[109]|Bytes:5
21:33:18.0 (16086424)|STATEMENT_EXECUTE|[108]
21:33:18.0 (16088042)|STATEMENT_EXECUTE|[109]
21:33:18.0 (16098404)|VARIABLE_SCOPE_BEGIN|[109]|strJSON|String|false|false
21:33:18.0 (16105059)|VARIABLE_ASSIGNMENT|[109]|strJSON|null
21:33:18.0 (16107036)|STATEMENT_EXECUTE|[110]
21:33:18.0 (16117890)|VARIABLE_SCOPE_BEGIN|[110]|mapFields|Map<String,Set<String>>|true|false
21:33:18.0 (16124602)|VARIABLE_ASSIGNMENT|[110]|mapFields|null|
21:33:18.0 (16126955)|STATEMENT_EXECUTE|[112]
21:33:18.0 (16144404)|METHOD_ENTRY|[112]||System.JSON.serialize(Object)
21:33:18.0 (16705069)|METHOD_EXIT|[112]||System.JSON.serialize(Object)
21:33:18.0 (16720817)|VARIABLE_ASSIGNMENT|[112]|strJSON|"[{\"attributes\":{\"typ (259 more) ..."
21:33:18.0 (16724052)|STATEMENT_EXECUTE|[113]
21:33:18.0 (16731868)|HEAP_ALLOCATE|[113]|Bytes:5
21:33:18.0 (16750416)|HEAP_ALLOCATE|[113]|Bytes:284
21:33:18.0 (16790113)|USER_DEBUG|[113]|DEBUG|JSON:[{"attributes":{"type":"BFFFollow__c","url":"/services/data/v37.0/sobjects/BFFFollow__c/a005000000ezW4dAAE"},"FollowedUsers__c":"[{\"id\":\"00550000005cg71AAA\",\"name\":\"Jaswinder Rattanpal\"},{\"id\":\"00550000005d7KnAAI\",\"name\":\"Test User\"}]","Id":"a005000000ezW4dAAE"}]
21:33:18.0 (16800940)|STATEMENT_EXECUTE|[114]
21:33:18.0 (16812087)|HEAP_ALLOCATE|[114]|Bytes:4
21:33:18.0 (16871015)|VARIABLE_ASSIGNMENT|[114]|mapFields|{"s":1,"v":{}}|0x70b612a2
21:33:18.0 (16874663)|STATEMENT_EXECUTE|[115]
21:33:18.0 (16888887)|METHOD_ENTRY|[115]||System.JSON.deserializeUntyped(String)
21:33:18.0 (17306288)|METHOD_EXIT|[115]||System.JSON.deserializeUntyped(String)
21:33:18.0 (17318322)|VARIABLE_SCOPE_BEGIN|[115]|records|List<ANY>|true|false
21:33:18.0 (17354807)|HEAP_ALLOCATE|[EXTERNAL]|Bytes:8
21:33:18.0 (17379270)|VARIABLE_ASSIGNMENT|[115]|records|{"s":1,"v":[{"s":2,"v":{"attributes":{"s":3,"v":{"type":"BFFFollow__c","url":"/services/data/v37.0 (41 more) ..."}},"FollowedUsers__c":"[{\"id\":\"00550000005c (85 more) ...","Id":"a005000000ezW4dAAE"}}]}|0x17d4985d
21:33:18.0 (17433254)|HEAP_ALLOCATE|[116]|Bytes:5
21:33:18.0 (17454780)|HEAP_ALLOCATE|[116]|Bytes:16
21:33:18.0 (17465810)|VARIABLE_SCOPE_BEGIN|[116]|record|Object|false|false
21:33:18.0 (17488795)|VARIABLE_ASSIGNMENT|[116]|record|{"s":1,"v":{"attributes":{"s":2,"v":{"type":"BFFFollow__c","url":"/services/data/v37.0 (41 more) ..."}},"FollowedUsers__c":"[{\"id\":\"00550000005c (85 more) ...","Id":"a005000000ezW4dAAE"}}
21:33:18.0 (17493962)|STATEMENT_EXECUTE|[116]
21:33:18.0 (17495542)|STATEMENT_EXECUTE|[117]
21:33:18.0 (17514418)|METHOD_ENTRY|[117]|01p50000002CIEt|ETLC_SecuredDB.findFieldsRecursive(Map<String,Set<String>>, Map<String,ANY>)
21:33:18.0 (17528748)|VARIABLE_SCOPE_BEGIN|[124]|mapFields|Map<String,Set<String>>|true|false
21:33:18.0 (17539443)|VARIABLE_ASSIGNMENT|[124]|mapFields|{"s":1,"v":{}}|0x70b612a2
21:33:18.0 (17541940)|VARIABLE_SCOPE_BEGIN|[124]|record|Map<String,ANY>|true|false
21:33:18.0 (17553314)|VARIABLE_ASSIGNMENT|[124]|record|{"s":1,"v":{"attributes":{"s":2,"v":{"type":"BFFFollow__c","url":"/services/data/v37.0 (41 more) ..."}},"FollowedUsers__c":"[{\"id\":\"00550000005c (85 more) ...","Id":"a005000000ezW4dAAE"}}|0x449cd767
21:33:18.0 (17563509)|HEAP_ALLOCATE|[125]|Bytes:5
21:33:18.0 (17568035)|STATEMENT_EXECUTE|[124]
21:33:18.0 (17569284)|STATEMENT_EXECUTE|[125]
21:33:18.0 (17576007)|HEAP_ALLOCATE|[125]|Bytes:10
21:33:18.0 (17580350)|VARIABLE_SCOPE_BEGIN|[125]|strAttributes|String|false|false
21:33:18.0 (17586389)|VARIABLE_ASSIGNMENT|[125]|strAttributes|"attributes"
21:33:18.0 (17588906)|STATEMENT_EXECUTE|[126]
21:33:18.0 (17593657)|HEAP_ALLOCATE|[126]|Bytes:7
21:33:18.0 (17597093)|VARIABLE_SCOPE_BEGIN|[126]|strRecord|String|false|false
21:33:18.0 (17601484)|VARIABLE_ASSIGNMENT|[126]|strRecord|"records"
21:33:18.0 (17649499)|STATEMENT_EXECUTE|[127]
21:33:18.0 (17651985)|STATEMENT_EXECUTE|[128]
21:33:18.0 (17694818)|VARIABLE_SCOPE_BEGIN|[128]|attributes|Map<String,ANY>|true|false
21:33:18.0 (17711880)|VARIABLE_ASSIGNMENT|[128]|attributes|{"s":1,"v":{"type":"BFFFollow__c","url":"/services/data/v37.0 (41 more) ..."}}|0x40c6b53f
21:33:18.0 (17715049)|STATEMENT_EXECUTE|[129]
21:33:18.0 (17722390)|HEAP_ALLOCATE|[129]|Bytes:4
21:33:18.0 (17765832)|VARIABLE_SCOPE_BEGIN|[129]|objectName|String|false|false
21:33:18.0 (17774164)|VARIABLE_ASSIGNMENT|[129]|objectName|"BFFFollow__c"
21:33:18.0 (17785418)|HEAP_ALLOCATE|[130]|Bytes:4
21:33:18.0 (17855207)|HEAP_ALLOCATE|[130]|Bytes:44
21:33:18.0 (17876338)|HEAP_ALLOCATE|[130]|Bytes:12
21:33:18.0 (17902225)|HEAP_ALLOCATE|[130]|Bytes:5
21:33:18.0 (17917994)|VARIABLE_SCOPE_BEGIN|[130]|fieldName|String|false|false
21:33:18.0 (17925486)|VARIABLE_ASSIGNMENT|[130]|fieldName|"attributes"
21:33:18.0 (17928493)|STATEMENT_EXECUTE|[130]
21:33:18.0 (17929792)|STATEMENT_EXECUTE|[131]
21:33:18.0 (17971432)|VARIABLE_SCOPE_BEGIN|[131]|field|Object|false|false
21:33:18.0 (17989643)|VARIABLE_ASSIGNMENT|[131]|field|{"s":1,"v":{"type":"BFFFollow__c","url":"/services/data/v37.0 (41 more) ..."}}
21:33:18.0 (18018860)|STATEMENT_EXECUTE|[132]
21:33:18.0 (18036546)|HEAP_ALLOCATE|[130]|Bytes:5
21:33:18.0 (18049417)|VARIABLE_SCOPE_BEGIN|[130]|fieldName|String|false|false
21:33:18.0 (18056246)|VARIABLE_ASSIGNMENT|[130]|fieldName|"FollowedUsers__c"
21:33:18.0 (18058737)|STATEMENT_EXECUTE|[130]
21:33:18.0 (18059894)|STATEMENT_EXECUTE|[131]
21:33:18.0 (18078892)|VARIABLE_SCOPE_BEGIN|[131]|field|Object|false|false
21:33:18.0 (18089443)|VARIABLE_ASSIGNMENT|[131]|field|"[{\"id\":\"00550000005c (85 more) ..."
21:33:18.0 (18101646)|HEAP_ALLOCATE|[134]|Bytes:68
21:33:18.0 (18129505)|STATEMENT_EXECUTE|[136]
21:33:18.0 (18131454)|STATEMENT_EXECUTE|[137]
21:33:18.0 (18141834)|HEAP_ALLOCATE|[137]|Bytes:4
21:33:18.0 (18180008)|VARIABLE_SCOPE_BEGIN|[137]|fieldNames|Set<String>|true|false
21:33:18.0 (18199120)|VARIABLE_ASSIGNMENT|[137]|fieldNames|{"s":1,"v":[]}|0x258c87
21:33:18.0 (18233086)|STATEMENT_EXECUTE|[138]
21:33:18.0 (18238699)|STATEMENT_EXECUTE|[139]
21:33:18.0 (18265028)|HEAP_ALLOCATE|[EXTERNAL]|Bytes:4
21:33:18.0 (18278063)|STATEMENT_EXECUTE|[140]
21:33:18.0 (18311133)|HEAP_ALLOCATE|[EXTERNAL]|Bytes:-4
21:33:18.0 (18326534)|HEAP_ALLOCATE|[130]|Bytes:5
21:33:18.0 (18338916)|VARIABLE_SCOPE_BEGIN|[130]|fieldName|String|false|false
21:33:18.0 (18345940)|VARIABLE_ASSIGNMENT|[130]|fieldName|"Id"
21:33:18.0 (18348497)|STATEMENT_EXECUTE|[130]
21:33:18.0 (18349593)|STATEMENT_EXECUTE|[131]
21:33:18.0 (18369649)|VARIABLE_SCOPE_BEGIN|[131]|field|Object|false|false
21:33:18.0 (18378292)|VARIABLE_ASSIGNMENT|[131]|field|"a005000000ezW4dAAE"
21:33:18.0 (18394936)|STATEMENT_EXECUTE|[136]
21:33:18.0 (18396435)|STATEMENT_EXECUTE|[137]
21:33:18.0 (18403888)|HEAP_ALLOCATE|[137]|Bytes:4
21:33:18.0 (18415295)|VARIABLE_SCOPE_BEGIN|[137]|fieldNames|Set<String>|true|false
21:33:18.0 (18429570)|VARIABLE_ASSIGNMENT|[137]|fieldNames|{"s":1,"v":[]}|0x3300eaae
21:33:18.0 (18443250)|STATEMENT_EXECUTE|[138]
21:33:18.0 (18468140)|VARIABLE_ASSIGNMENT|[138]|fieldNames|{"s":1,"v":["FollowedUsers__c"]}|0x258c87
21:33:18.0 (18471773)|STATEMENT_EXECUTE|[139]
21:33:18.0 (18481435)|HEAP_ALLOCATE|[EXTERNAL]|Bytes:4
21:33:18.0 (18487362)|STATEMENT_EXECUTE|[140]
21:33:18.0 (18508956)|HEAP_ALLOCATE|[130]|Bytes:5
21:33:18.0 (18520709)|VARIABLE_ASSIGNMENT|[130]|fieldName|null
21:33:18.0 (18535349)|METHOD_EXIT|[117]|01p50000002CIEt|ETLC_SecuredDB.findFieldsRecursive(Map<String,Set<String>>, Map<String,ANY>)
21:33:18.0 (18545771)|HEAP_ALLOCATE|[116]|Bytes:5
21:33:18.0 (18560383)|VARIABLE_ASSIGNMENT|[116]|record|null
21:33:18.0 (18566335)|HEAP_ALLOCATE|[119]|Bytes:4
21:33:18.0 (18596039)|HEAP_ALLOCATE|[119]|Bytes:20
21:33:18.0 (18608901)|HEAP_ALLOCATE|[119]|Bytes:4
21:33:18.0 (18627253)|HEAP_ALLOCATE|[119]|Bytes:5
21:33:18.0 (18639819)|VARIABLE_SCOPE_BEGIN|[119]|objectName|String|false|false
21:33:18.0 (18646912)|VARIABLE_ASSIGNMENT|[119]|objectName|"BFFFollow__c"
21:33:18.0 (18650055)|STATEMENT_EXECUTE|[119]
21:33:18.0 (18651234)|STATEMENT_EXECUTE|[120]
21:33:18.0 (18658119)|HEAP_ALLOCATE|[120]|Bytes:2
21:33:18.0 (18715144)|HEAP_ALLOCATE|[120]|Bytes:22
21:33:18.0 (18730693)|HEAP_ALLOCATE|[120]|Bytes:36
21:33:18.0 (18741864)|USER_DEBUG|[120]|DEBUG|BFFFollow__c: {FollowedUsers__c, Id}
21:33:18.0 (18754761)|HEAP_ALLOCATE|[119]|Bytes:5
21:33:18.0 (18765950)|VARIABLE_ASSIGNMENT|[119]|objectName|null
21:33:18.0 (18769038)|STATEMENT_EXECUTE|[122]
21:33:18.0 (18781308)|METHOD_EXIT|[20]|01p50000002CIEt|ETLC_SecuredDB.findFields(List<SObject>)
21:33:18.0 (18793141)|METHOD_ENTRY|[20]|01p50000002CIEt|ETLC_SecuredDB.validate(ETLC_SecuredDB.Operation, Map<String,Set<String>>)
21:33:18.0 (18797678)|VARIABLE_SCOPE_BEGIN|[55]|op|ETLC_SecuredDB.Operation|true|false
21:33:18.0 (18814424)|VARIABLE_ASSIGNMENT|[55]|op|"Querying"|0x11052446
21:33:18.0 (18817205)|VARIABLE_SCOPE_BEGIN|[55]|mapFieldNames|Map<String,Set<String>>|true|false
21:33:18.0 (18830859)|VARIABLE_ASSIGNMENT|[55]|mapFieldNames|{"s":1,"v":{"BFFFollow__c":{"s":2,"v":["FollowedUsers__c","Id"]}}}|0x70b612a2
21:33:18.0 (18840563)|HEAP_ALLOCATE|[56]|Bytes:5
21:33:18.0 (18845104)|STATEMENT_EXECUTE|[55]
21:33:18.0 (18846549)|STATEMENT_EXECUTE|[56]
21:33:18.0 (18854938)|VARIABLE_SCOPE_BEGIN|[56]|securityMessage|String|false|false
21:33:18.0 (18863461)|VARIABLE_ASSIGNMENT|[56]|securityMessage|null
21:33:18.0 (18866864)|STATEMENT_EXECUTE|[57]
21:33:18.0 (39378971)|HEAP_ALLOCATE|[57]|Bytes:1256
21:33:18.0 (39418426)|VARIABLE_SCOPE_BEGIN|[57]|mapObjects|Map<String,Schema.SObjectType>|true|false
21:33:18.0 (39636663)|VARIABLE_ASSIGNMENT|[57]|mapObjects|"{acceptedeventrelation=AcceptedEventRelation, account=Account, accountcontactrole=AccountContactRole, accounthistory=AccountHistory, accountpartner=AccountPartner, accountshare=AccountShare, actionlinkgrouptemplate=ActionLinkGroupTemplate, actionlinktemplate=ActionLinkTemplate, activityhistory=ActivityHistory, additionalnumber=AdditionalNumber, ...}"|0x649f0414
21:33:18.0 (39650108)|HEAP_ALLOCATE|[58]|Bytes:4
21:33:18.0 (39723589)|HEAP_ALLOCATE|[58]|Bytes:20
21:33:18.0 (39745476)|HEAP_ALLOCATE|[58]|Bytes:4
21:33:18.0 (39774189)|HEAP_ALLOCATE|[58]|Bytes:5
21:33:18.0 (39801444)|VARIABLE_SCOPE_BEGIN|[58]|sObjectName|String|false|false
21:33:18.0 (39817074)|VARIABLE_ASSIGNMENT|[58]|sObjectName|"BFFFollow__c"
21:33:18.0 (39822962)|STATEMENT_EXECUTE|[58]
21:33:18.0 (39826336)|STATEMENT_EXECUTE|[59]
21:33:18.0 (39842635)|HEAP_ALLOCATE|[59]|Bytes:9
21:33:18.0 (39848376)|HEAP_ALLOCATE|[59]|Bytes:7
21:33:18.0 (39913456)|HEAP_ALLOCATE|[59]|Bytes:8
21:33:18.0 (39929119)|HEAP_ALLOCATE|[59]|Bytes:1
21:33:18.0 (39948986)|HEAP_ALLOCATE|[59]|Bytes:37
21:33:18.0 (39968409)|VARIABLE_ASSIGNMENT|[59]|securityMessage|"CRUD on [BFFFollow__ (17 more) ..."
21:33:18.0 (39973840)|STATEMENT_EXECUTE|[60]
21:33:18.0 (39984969)|HEAP_ALLOCATE|[60]|Bytes:10
21:33:18.0 (39997748)|HEAP_ALLOCATE|[60]|Bytes:47
21:33:18.0 (40042947)|USER_DEBUG|[60]|DEBUG|Checking: CRUD on [BFFFollow__c] for [Querying]
21:33:18.0 (40054743)|STATEMENT_EXECUTE|[61]
21:33:18.0 (40389432)|HEAP_ALLOCATE|[61]|Bytes:4
21:33:18.0 (40443446)|VARIABLE_SCOPE_BEGIN|[61]|drSObj|Schema.DescribeSObjectResult|true|false
21:33:18.0 (40517920)|VARIABLE_ASSIGNMENT|[61]|drSObj|"common.api.soap.wsdl.DescribeSObjectResult@a54f9caa"|0x7c933b9e
21:33:18.0 (40710504)|STATEMENT_EXECUTE|[64]
21:33:18.0 (40740724)|STATEMENT_EXECUTE|[65]
21:33:18.0 (40802785)|STATEMENT_EXECUTE|[77]
21:33:18.0 (40806582)|STATEMENT_EXECUTE|[79]
21:33:18.0 (41123882)|HEAP_ALLOCATE|[79]|Bytes:56
21:33:18.0 (41143427)|VARIABLE_SCOPE_BEGIN|[79]|mapFields|Map<String,Schema.SObjectField>|true|false
21:33:18.0 (41412953)|VARIABLE_ASSIGNMENT|[79]|mapFields|"{createdbyid=CreatedById, createddate=CreatedDate, followedby__c=FollowedBy__c, followedusers__c=FollowedUsers__c, id=Id, isdeleted=IsDeleted, lastmodifiedbyid=LastModifiedById, lastmodifieddate=LastModifiedDate, lastreferenceddate=LastReferencedDate, lastvieweddate=LastViewedDate, ...}"|0x448c175e
21:33:18.0 (41426732)|HEAP_ALLOCATE|[80]|Bytes:4
21:33:18.0 (41498181)|HEAP_ALLOCATE|[80]|Bytes:8
21:33:18.0 (41540029)|HEAP_ALLOCATE|[80]|Bytes:5
21:33:18.0 (41568910)|VARIABLE_SCOPE_BEGIN|[80]|fieldName|String|false|false
21:33:18.0 (41582997)|VARIABLE_ASSIGNMENT|[80]|fieldName|"FollowedUsers__c"
21:33:18.0 (41588002)|STATEMENT_EXECUTE|[80]
21:33:18.0 (41589957)|STATEMENT_EXECUTE|[81]
21:33:18.0 (42775299)|HEAP_ALLOCATE|[81]|Bytes:8
21:33:18.0 (42828200)|VARIABLE_SCOPE_BEGIN|[81]|drField|Schema.DescribeFieldResult|true|false
21:33:18.0 (42926190)|VARIABLE_ASSIGNMENT|[81]|drField|"common.api.soap.wsdl.Field@80a250a1"|0x465784ca
21:33:18.0 (42957610)|STATEMENT_EXECUTE|[82]
21:33:18.0 (42961134)|STATEMENT_EXECUTE|[83]
21:33:18.0 (42972689)|HEAP_ALLOCATE|[83]|Bytes:8
21:33:18.0 (42982391)|HEAP_ALLOCATE|[83]|Bytes:1
21:33:18.0 (43044329)|HEAP_ALLOCATE|[83]|Bytes:8
21:33:18.0 (43083732)|HEAP_ALLOCATE|[83]|Bytes:52
21:33:18.0 (43097404)|HEAP_ALLOCATE|[83]|Bytes:53
21:33:18.0 (43119994)|VARIABLE_ASSIGNMENT|[83]|securityMessage|"FLS on [BFFFollow__c (33 more) ..."
21:33:18.0 (43125403)|STATEMENT_EXECUTE|[84]
21:33:18.0 (43143118)|HEAP_ALLOCATE|[84]|Bytes:63
21:33:18.0 (43184098)|USER_DEBUG|[84]|DEBUG|Checking: FLS on [BFFFollow__c.FollowedUsers__c] for [Querying]
21:33:18.0 (43353528)|STATEMENT_EXECUTE|[87]
21:33:18.0 (43378939)|STATEMENT_EXECUTE|[88]
21:33:18.0 (43407072)|HEAP_ALLOCATE|[80]|Bytes:5
21:33:18.0 (43435032)|VARIABLE_SCOPE_BEGIN|[80]|fieldName|String|false|false
21:33:18.0 (43447525)|VARIABLE_ASSIGNMENT|[80]|fieldName|"Id"
21:33:18.0 (43451844)|STATEMENT_EXECUTE|[80]
21:33:18.0 (43453722)|STATEMENT_EXECUTE|[81]
21:33:18.0 (43675437)|HEAP_ALLOCATE|[81]|Bytes:8
21:33:18.0 (43692188)|VARIABLE_SCOPE_BEGIN|[81]|drField|Schema.DescribeFieldResult|true|false
21:33:18.0 (43783878)|VARIABLE_ASSIGNMENT|[81]|drField|"common.api.soap.wsdl.Field@d3ffcb35"|0x2d4e1736
21:33:18.0 (43800808)|STATEMENT_EXECUTE|[99]
21:33:18.0 (43803780)|STATEMENT_EXECUTE|[100]
21:33:18.0 (43815325)|HEAP_ALLOCATE|[100]|Bytes:22
21:33:18.0 (43879474)|HEAP_ALLOCATE|[100]|Bytes:8
21:33:18.0 (43910383)|HEAP_ALLOCATE|[100]|Bytes:52
21:33:18.0 (43919892)|HEAP_ALLOCATE|[100]|Bytes:35
21:33:18.0 (43931509)|HEAP_ALLOCATE|[100]|Bytes:87
21:33:18.0 (43950701)|USER_DEBUG|[100]|DEBUG|Bypass Check: FLS on [BFFFollow__c.Id] for [Querying] since it's not isPermissionable()
21:33:18.0 (43977545)|HEAP_ALLOCATE|[80]|Bytes:5
21:33:18.0 (44003377)|VARIABLE_ASSIGNMENT|[80]|fieldName|null
21:33:18.0 (44025793)|HEAP_ALLOCATE|[58]|Bytes:5
21:33:18.0 (44048042)|VARIABLE_ASSIGNMENT|[58]|sObjectName|null
21:33:18.0 (44073583)|METHOD_EXIT|[20]|01p50000002CIEt|ETLC_SecuredDB.validate(ETLC_SecuredDB.Operation, Map<String,Set<String>>)
21:33:18.0 (44081537)|STATEMENT_EXECUTE|[21]
21:33:18.0 (44109544)|METHOD_EXIT|[24]|01p50000002CIEt|ETLC_SecuredDB.query(String)
21:33:18.0 (44121753)|VARIABLE_SCOPE_BEGIN|[24]|dbRecords|List<SObject>|true|false
21:33:18.0 (44168173)|VARIABLE_ASSIGNMENT|[24]|dbRecords|{"s":1,"v":[{"s":2,"v":{"FollowedUsers__c":"[{\"id\":\"00550000005c (85 more) ...","Id":"a005000000ezW4dAAE"}}]}|0x358a41e8
21:33:18.0 (44180513)|STATEMENT_EXECUTE|[25]
21:33:18.0 (44182933)|STATEMENT_EXECUTE|[25]
21:33:18.0 (44274132)|USER_DEBUG|[25]|DEBUG|(BFFFollow__c:{FollowedUsers__c=[{"id":"00550000005cg71AAA","name":"Jaswinder Rattanpal"},{"id":"00550000005d7KnAAI","name":"Test User"}], Id=a005000000ezW4dAAE})
21:33:18.0 (44386046)|STATEMENT_EXECUTE|[26]
21:33:18.0 (44394112)|STATEMENT_EXECUTE|[27]
21:33:18.0 (44396351)|STATEMENT_EXECUTE|[28]
21:33:18.0 (44407675)|HEAP_ALLOCATE|[28]|Bytes:18
21:33:18.0 (44427802)|HEAP_ALLOCATE|[28]|Bytes:12
21:33:18.0 (44439248)|HEAP_ALLOCATE|[28]|Bytes:16
21:33:18.0 (44541293)|HEAP_ALLOCATE|[28]|Bytes:105
21:33:18.0 (44577409)|HEAP_ALLOCATE|[28]|Bytes:105
21:33:18.0 (44599335)|HEAP_ALLOCATE|[28]|Bytes:123
21:33:18.0 (44619094)|USER_DEBUG|[28]|DEBUG|FollowedUsers__c::[{"id":"00550000005cg71AAA","name":"Jaswinder Rattanpal"},{"id":"00550000005d7KnAAI","name":"Test User"}]
21:33:18.0 (44630391)|STATEMENT_EXECUTE|[30]
21:33:18.0 (44645399)|HEAP_ALLOCATE|[30]|Bytes:12
21:33:18.0 (44703109)|HEAP_ALLOCATE|[30]|Bytes:105
21:33:18.0 (44724435)|METHOD_EXIT|[10]|01p50000002D8iw|BFFFollow_Controller.fetchFollowedUsers(Id)
21:33:18.0 (44801568)|VARIABLE_ASSIGNMENT|[EXTERNAL]|this|{"debug":true,"input":"{\"mode\":\"fetchFollow (9 more) ...","operation":"BFFFollow_Controller"}|0x71d6c65e
21:33:18.0 (44816234)|VARIABLE_ASSIGNMENT|[EXTERNAL]|value|"[{\"id\":\"00550000005c (85 more) ..."
21:33:18.0 (44843584)|VARIABLE_ASSIGNMENT|[12]|this.output|"[{\"id\":\"00550000005c (85 more) ..."|0x71d6c65e
21:33:18.0 (44858173)|STATEMENT_EXECUTE|[11]
21:33:18.0 (44916958)|VARIABLE_ASSIGNMENT|[EXTERNAL]|this|{"debug":true,"input":"{\"mode\":\"fetchFollow (9 more) ...","operation":"BFFFollow_Controller","output":"[{\"id\":\"00550000005c (85 more) ..."}|0x71d6c65e
21:33:18.0 (44977284)|VARIABLE_ASSIGNMENT|[EXTERNAL]|this|{"debug":true,"input":"{\"mode\":\"fetchFollow (9 more) ...","operation":"BFFFollow_Controller","output":"[{\"id\":\"00550000005c (85 more) ..."}|0x71d6c65e
21:33:18.0 (44989180)|VARIABLE_ASSIGNMENT|[EXTERNAL]|value|true
21:33:18.0 (44999318)|HEAP_ALLOCATE|[15]|Bytes:5
21:33:18.0 (45013776)|VARIABLE_ASSIGNMENT|[15]|this.outputFlag|true|0x71d6c65e
21:33:18.0 (45030910)|STATEMENT_EXECUTE|[12]
21:33:18.0 (45033917)|STATEMENT_EXECUTE|[12]
21:33:18.0 (45117456)|USER_DEBUG|[12]|DEBUG|ETLC_ApexBridge_Data:[debug=true, input={"mode":"fetchFollowedUsers"}, isSuccess=null, messages=null, operation=BFFFollow_Controller, output=[{"id":"00550000005cg71AAA","name":"Jaswinder Rattanpal"},{"id":"00550000005d7KnAAI","name":"Test User"}], outputFlag=true, records=null]
21:33:18.0 (45147598)|METHOD_EXIT|[9]|01p50000002D8iw|BFFFollow_Controller.process(ETLC_ApexBridge_Data)
21:33:18.0 (45155581)|STATEMENT_EXECUTE|[24]
21:33:18.0 (45188021)|METHOD_ENTRY|[24]|01p50000002CIEo|ETLC_ApexBridge_Data.toJSON()
21:33:18.0 (45207583)|VARIABLE_SCOPE_BEGIN|[57]|this|ETLC_ApexBridge_Data|true|false
21:33:18.0 (45254276)|VARIABLE_ASSIGNMENT|[57]|this|{"debug":true,"input":"{\"mode\":\"fetchFollow (9 more) ...","operation":"BFFFollow_Controller","output":"[{\"id\":\"00550000005c (85 more) ...","outputFlag":true}|0x71d6c65e
21:33:18.0 (45264561)|STATEMENT_EXECUTE|[57]
21:33:18.0 (45266746)|STATEMENT_EXECUTE|[58]
21:33:18.0 (45289235)|METHOD_ENTRY|[58]||System.JSON.serialize(Object)
21:33:18.0 (45408002)|STATEMENT_EXECUTE|[22]
21:33:18.0 (45413753)|STATEMENT_EXECUTE|[23]
21:33:18.0 (45426049)|HEAP_ALLOCATE|[23]|Bytes:5
21:33:18.0 (45441983)|VARIABLE_ASSIGNMENT|[23]|this.isSuccess|true|0x71d6c65e
21:33:18.0 (45445999)|STATEMENT_EXECUTE|[24]
21:33:18.0 (45498131)|STATEMENT_EXECUTE|[31]
21:33:18.0 (45504034)|STATEMENT_EXECUTE|[32]
21:33:18.0 (45630441)|HEAP_ALLOCATE|[32]|Bytes:4
21:33:18.0 (45705482)|VARIABLE_ASSIGNMENT|[32]|this.messages|{"s":1,"v":{}}|0x71d6c65e
21:33:18.0 (45712193)|STATEMENT_EXECUTE|[33]
21:33:18.0 (46155348)|METHOD_EXIT|[58]||System.JSON.serialize(Object)
21:33:18.0 (46164145)|METHOD_EXIT|[24]|01p50000002CIEo|ETLC_ApexBridge_Data.toJSON()
21:33:18.0 (46174219)|SYSTEM_MODE_EXIT|false
21:33:18.46 (46221079)|CUMULATIVE_LIMIT_USAGE
21:33:18.46 (46221079)|LIMIT_USAGE_FOR_NS|(default)|
  Number of SOQL queries: 1 out of 100
  Number of query rows: 1 out of 50000
  Number of SOSL queries: 0 out of 20
  Number of DML statements: 0 out of 150
  Number of DML rows: 0 out of 10000
  Maximum CPU time: 0 out of 10000
  Maximum heap size: 0 out of 6000000
  Number of callouts: 0 out of 100
  Number of Email Invocations: 0 out of 10
  Number of future calls: 0 out of 50
  Number of queueable jobs added to the queue: 0 out of 50
  Number of Mobile Apex push calls: 0 out of 10

21:33:18.46 (46221079)|CUMULATIVE_LIMIT_USAGE_END

21:33:18.0 (46267209)|CODE_UNIT_FINISHED|ETLC_ApexBridge_Controller.execute
