37.0 APEX_CODE,FINEST;APEX_PROFILING,INFO;CALLOUT,INFO;DB,INFO;SYSTEM,DEBUG;VALIDATION,INFO;VISUALFORCE,INFO;WORKFLOW,INFO
16:15:47.0 (471515)|USER_INFO|[EXTERNAL]|00550000005cg71|bfffollow@jr.te|Eastern Standard Time|GMT-04:00
16:15:47.0 (530324)|EXECUTION_STARTED
16:15:47.0 (538210)|CODE_UNIT_STARTED|[EXTERNAL]|aura
16:15:47.0 (986505)|HEAP_ALLOCATE|[72]|Bytes:3
16:15:47.0 (1050082)|HEAP_ALLOCATE|[77]|Bytes:152
16:15:47.0 (1069997)|HEAP_ALLOCATE|[342]|Bytes:408
16:15:47.0 (1089350)|HEAP_ALLOCATE|[355]|Bytes:408
16:15:47.0 (1106647)|HEAP_ALLOCATE|[467]|Bytes:48
16:15:47.0 (1170606)|HEAP_ALLOCATE|[139]|Bytes:6
16:15:47.0 (1197227)|HEAP_ALLOCATE|[EXTERNAL]|Bytes:93
16:15:47.0 (1230665)|HEAP_ALLOCATE|[EXTERNAL]|Bytes:93
16:15:47.0 (3000164)|CODE_UNIT_STARTED|[EXTERNAL]|01p50000002CIEm|ETLC_ApexBridge_Controller.execute
16:15:47.0 (3727607)|HEAP_ALLOCATE|[EXTERNAL]|Bytes:1
16:15:47.0 (3735216)|HEAP_ALLOCATE|[EXTERNAL]|Bytes:10
16:15:47.0 (3777745)|METHOD_ENTRY|[1]|01p50000002CIEm|ETLC_ApexBridge_Controller.ETLC_ApexBridge_Controller()
16:15:47.0 (3783646)|STATEMENT_EXECUTE|[1]
16:15:47.0 (3791150)|STATEMENT_EXECUTE|[1]
16:15:47.0 (3813937)|METHOD_EXIT|[1]|ETLC_ApexBridge_Controller
16:15:47.0 (3820189)|HEAP_ALLOCATE|[EXTERNAL]|Bytes:93
16:15:47.0 (3830276)|SYSTEM_MODE_ENTER|false
16:15:47.0 (3984176)|VARIABLE_SCOPE_BEGIN|[3]|dataJson|String|false|false
16:15:47.0 (4111066)|VARIABLE_ASSIGNMENT|[3]|dataJson|"{\"operation\":\"BFFFol (73 more) ..."
16:15:47.0 (4134848)|STATEMENT_EXECUTE|[3]
16:15:47.0 (4138076)|STATEMENT_EXECUTE|[4]
16:15:47.0 (7003604)|VARIABLE_SCOPE_BEGIN|[4]|data|ETLC_ApexBridge_Data|true|false
16:15:47.0 (7027620)|VARIABLE_ASSIGNMENT|[4]|data|null|
16:15:47.0 (7033387)|STATEMENT_EXECUTE|[5]
16:15:47.0 (7035860)|STATEMENT_EXECUTE|[5]
16:15:47.0 (7037417)|STATEMENT_EXECUTE|[6]
16:15:47.0 (7064914)|HEAP_ALLOCATE|[6]|Bytes:11
16:15:47.0 (7081103)|HEAP_ALLOCATE|[6]|Bytes:248
16:15:47.0 (7086888)|HEAP_ALLOCATE|[6]|Bytes:39
16:15:47.0 (7157353)|METHOD_ENTRY|[2]|01p50000002CIEo|ETLC_ApexBridge_Data.ETLC_ApexBridge_Data()
16:15:47.0 (7165160)|STATEMENT_EXECUTE|[2]
16:15:47.0 (7186027)|STATEMENT_EXECUTE|[2]
16:15:47.0 (7202024)|METHOD_EXIT|[2]|ETLC_ApexBridge_Data
16:15:47.0 (7294837)|METHOD_ENTRY|[6]|01p50000002CIEo|ETLC_ApexBridge_Data.fromJSON(String)
16:15:47.0 (7331303)|VARIABLE_SCOPE_BEGIN|[60]|strJson|String|false|false
16:15:47.0 (7347873)|VARIABLE_ASSIGNMENT|[60]|strJson|"{\"operation\":\"BFFFol (73 more) ..."
16:15:47.0 (7354401)|STATEMENT_EXECUTE|[60]
16:15:47.0 (7356465)|STATEMENT_EXECUTE|[61]
16:15:47.0 (7367303)|HEAP_ALLOCATE|[61]|Bytes:20
16:15:47.0 (7397593)|HEAP_ALLOCATE|[50]|Bytes:5
16:15:47.0 (7436750)|HEAP_ALLOCATE|[56]|Bytes:5
16:15:47.0 (7451225)|HEAP_ALLOCATE|[64]|Bytes:7
16:15:47.0 (7588566)|HEAP_ALLOCATE|[61]|Bytes:24
16:15:47.0 (7607609)|SYSTEM_METHOD_ENTRY|[1]|Type.Type()
16:15:47.0 (7612385)|STATEMENT_EXECUTE|[1]
16:15:47.0 (7631846)|SYSTEM_METHOD_EXIT|[1]|Type
16:15:47.0 (7641248)|HEAP_ALLOCATE|[61]|Bytes:8
16:15:47.0 (7665595)|HEAP_ALLOCATE|[61]|Bytes:8
16:15:47.0 (7671960)|VARIABLE_SCOPE_BEGIN|[4]|this|System.Type|true|false
16:15:47.0 (7740029)|VARIABLE_ASSIGNMENT|[4]|this|{}|0x1bf0508b
16:15:47.0 (7746052)|VARIABLE_SCOPE_BEGIN|[4]|apextype|java:common.apex.runtime.ApexObjectType|true|false
16:15:47.0 (7930258)|VARIABLE_ASSIGNMENT|[4]|apextype|"ETLC_ApexBridge_Data"|0x794f392a
16:15:47.0 (8022016)|HEAP_ALLOCATE|[61]|Bytes:8
16:15:47.0 (8075701)|HEAP_ALLOCATE|[61]|Bytes:24
16:15:47.0 (8093779)|SYSTEM_METHOD_ENTRY|[1]|JSON.JSON()
16:15:47.0 (8098037)|STATEMENT_EXECUTE|[1]
16:15:47.0 (8110196)|SYSTEM_METHOD_EXIT|[1]|JSON
16:15:47.0 (8128321)|METHOD_ENTRY|[61]||System.JSON.deserializeStrict(String, System.Type)
16:15:47.0 (8932819)|METHOD_EXIT|[61]||System.JSON.deserializeStrict(String, System.Type)
16:15:47.0 (8945362)|METHOD_EXIT|[6]|01p50000002CIEo|ETLC_ApexBridge_Data.fromJSON(String)
16:15:47.0 (9007829)|VARIABLE_ASSIGNMENT|[6]|data|{"debug":true,"input":"{\"mode\":\"fetchFollow (9 more) ...","operation":"BFFFollow_Controller"}|0x6fceb140
16:15:47.0 (9014835)|STATEMENT_EXECUTE|[7]
16:15:47.0 (9024296)|HEAP_ALLOCATE|[7]|Bytes:6
16:15:47.0 (9100152)|HEAP_ALLOCATE|[7]|Bytes:177
16:15:47.0 (9120964)|HEAP_ALLOCATE|[7]|Bytes:183
16:15:47.0 (9160511)|USER_DEBUG|[7]|DEBUG|data::ETLC_ApexBridge_Data:[debug=true, input={"mode":"fetchFollowedUsers"}, isSuccess=null, messages=null, operation=BFFFollow_Controller, output=null, outputFlag=null, records=null]
16:15:47.0 (9170552)|STATEMENT_EXECUTE|[8]
16:15:47.0 (9233353)|VARIABLE_ASSIGNMENT|[EXTERNAL]|this|{"debug":true,"input":"{\"mode\":\"fetchFollow (9 more) ...","operation":"BFFFollow_Controller"}|0x6fceb140
16:15:47.0 (9255092)|METHOD_ENTRY|[8]||System.Type.forName(String)
16:15:47.0 (12198112)|METHOD_EXIT|[8]||System.Type.forName(String)
16:15:47.0 (12215476)|METHOD_ENTRY|[8]||System.Type.newInstance()
16:15:47.0 (14179105)|STATEMENT_EXECUTE|[1]
16:15:47.0 (14200492)|HEAP_ALLOCATE|[33]|Bytes:5
16:15:47.0 (14233848)|METHOD_EXIT|[1]|BFFFollow_Controller
16:15:47.0 (14258403)|HEAP_ALLOCATE|[33]|Bytes:4
16:15:47.0 (14271019)|VARIABLE_SCOPE_BEGIN|[1]|this|BFFFollow_Controller|true|false
16:15:47.0 (14305096)|VARIABLE_ASSIGNMENT|[1]|this|{}|0x72c40226
16:15:47.0 (14315030)|HEAP_ALLOCATE|[33]|Bytes:5
16:15:47.0 (14324848)|HEAP_ALLOCATE|[33]|Bytes:11
16:15:47.0 (14346681)|METHOD_ENTRY|[1]|01p50000002CIEj|ETLC_ApexBridge_Abstract.ETLC_ApexBridge_Abstract()
16:15:47.0 (14350209)|STATEMENT_EXECUTE|[1]
16:15:47.0 (14354441)|STATEMENT_EXECUTE|[1]
16:15:47.0 (14360938)|METHOD_EXIT|[1]|ETLC_ApexBridge_Abstract
16:15:47.0 (14368977)|CONSTRUCTOR_ENTRY|[EXTERNAL]|01p50000002CIEj|<init>()
16:15:47.0 (14392145)|VARIABLE_SCOPE_BEGIN|[1]|this|ETLC_ApexBridge_Abstract|true|false
16:15:47.0 (14408246)|VARIABLE_ASSIGNMENT|[1]|this|{}|0x72c40226
16:15:47.0 (14424287)|STATEMENT_EXECUTE|[1]
16:15:47.0 (14428574)|CONSTRUCTOR_EXIT|[EXTERNAL]|01p50000002CIEj|<init>()
16:15:47.0 (14433719)|STATEMENT_EXECUTE|[1]
16:15:47.0 (14438842)|HEAP_ALLOCATE|[33]|Bytes:5
16:15:47.0 (14459495)|METHOD_EXIT|[8]||System.Type.newInstance()
16:15:47.0 (14468214)|VARIABLE_SCOPE_BEGIN|[8]|executor|ETLC_ApexBridge_Abstract|true|false
16:15:47.0 (14481366)|VARIABLE_ASSIGNMENT|[8]|executor|{}|0x72c40226
16:15:47.0 (14483939)|STATEMENT_EXECUTE|[9]
16:15:47.0 (14534195)|METHOD_ENTRY|[9]|01p50000002D8iw|BFFFollow_Controller.process(ETLC_ApexBridge_Data)
16:15:47.0 (14561215)|VARIABLE_SCOPE_BEGIN|[3]|this|BFFFollow_Controller|true|false
16:15:47.0 (14575598)|VARIABLE_ASSIGNMENT|[3]|this|{}|0x72c40226
16:15:47.0 (14579828)|VARIABLE_SCOPE_BEGIN|[3]|data|ETLC_ApexBridge_Data|true|false
16:15:47.0 (14621430)|VARIABLE_ASSIGNMENT|[3]|data|{"debug":true,"input":"{\"mode\":\"fetchFollow (9 more) ...","operation":"BFFFollow_Controller"}|0x6fceb140
16:15:47.0 (14635646)|HEAP_ALLOCATE|[4]|Bytes:5
16:15:47.0 (14639705)|STATEMENT_EXECUTE|[3]
16:15:47.0 (14640845)|STATEMENT_EXECUTE|[4]
16:15:47.0 (14722393)|VARIABLE_ASSIGNMENT|[EXTERNAL]|this|{"debug":true,"input":"{\"mode\":\"fetchFollow (9 more) ...","operation":"BFFFollow_Controller"}|0x6fceb140
16:15:47.0 (14769627)|VARIABLE_ASSIGNMENT|[4]|BFFFollow_Controller.debugFlag|true
16:15:47.0 (14811483)|VARIABLE_ASSIGNMENT|[EXTERNAL]|this|{"debug":true,"input":"{\"mode\":\"fetchFollow (9 more) ...","operation":"BFFFollow_Controller"}|0x6fceb140
16:15:47.0 (14826066)|STATEMENT_EXECUTE|[5]
16:15:47.0 (14880267)|USER_DEBUG|[5]|DEBUG|ETLC_ApexBridge_Data:[debug=true, input={"mode":"fetchFollowedUsers"}, isSuccess=null, messages=null, operation=BFFFollow_Controller, output=null, outputFlag=null, records=null]
16:15:47.0 (14890061)|STATEMENT_EXECUTE|[7]
16:15:47.0 (14897569)|HEAP_ALLOCATE|[7]|Bytes:4
16:15:47.0 (14925721)|METHOD_ENTRY|[7]|01p50000002CIEo|ETLC_ApexBridge_Data.getInputValue(String)
16:15:47.0 (14951452)|VARIABLE_SCOPE_BEGIN|[52]|this|ETLC_ApexBridge_Data|true|false
16:15:47.0 (14978723)|VARIABLE_ASSIGNMENT|[52]|this|{"debug":true,"input":"{\"mode\":\"fetchFollow (9 more) ...","operation":"BFFFollow_Controller"}|0x6fceb140
16:15:47.0 (14985165)|VARIABLE_SCOPE_BEGIN|[52]|key|String|false|false
16:15:47.0 (14989830)|VARIABLE_ASSIGNMENT|[52]|key|"mode"
16:15:47.0 (14994387)|STATEMENT_EXECUTE|[52]
16:15:47.0 (14995629)|STATEMENT_EXECUTE|[53]
16:15:47.0 (15048095)|VARIABLE_ASSIGNMENT|[EXTERNAL]|this|{"debug":true,"input":"{\"mode\":\"fetchFollow (9 more) ...","operation":"BFFFollow_Controller"}|0x6fceb140
16:15:47.0 (15074495)|METHOD_ENTRY|[53]||System.JSON.deserializeUntyped(String)
16:15:47.0 (15323118)|METHOD_EXIT|[53]||System.JSON.deserializeUntyped(String)
16:15:47.0 (15331811)|VARIABLE_SCOPE_BEGIN|[53]|inputMap|Map<String,ANY>|true|false
16:15:47.0 (15355934)|VARIABLE_ASSIGNMENT|[53]|inputMap|{"s":1,"v":{"mode":"fetchFollowedUsers"}}|0x22a0cde
16:15:47.0 (15359567)|STATEMENT_EXECUTE|[54]
16:15:47.0 (15420086)|METHOD_EXIT|[7]|01p50000002CIEo|ETLC_ApexBridge_Data.getInputValue(String)
16:15:47.0 (15425973)|VARIABLE_SCOPE_BEGIN|[7]|mode|String|false|false
16:15:47.0 (15433385)|VARIABLE_ASSIGNMENT|[7]|mode|"fetchFollowedUsers"
16:15:47.0 (15438809)|HEAP_ALLOCATE|[9]|Bytes:18
16:15:47.0 (15472772)|STATEMENT_EXECUTE|[9]
16:15:47.0 (15474562)|STATEMENT_EXECUTE|[10]
16:15:47.0 (15537690)|HEAP_ALLOCATE|[10]|Bytes:85
16:15:47.0 (15553612)|SYSTEM_METHOD_ENTRY|[1]|UserInfo.UserInfo()
16:15:47.0 (15557059)|STATEMENT_EXECUTE|[1]
16:15:47.0 (15565912)|SYSTEM_METHOD_EXIT|[1]|UserInfo
16:15:47.0 (15578400)|METHOD_ENTRY|[10]||System.UserInfo.getUserId()
16:15:47.0 (15615694)|METHOD_EXIT|[10]||System.UserInfo.getUserId()
16:15:47.0 (15636926)|HEAP_ALLOCATE|[10]|Bytes:4
16:15:47.0 (15652260)|METHOD_ENTRY|[10]|01p50000002D8iw|BFFFollow_Controller.fetchFollowedUsers(Id)
16:15:47.0 (15659626)|VARIABLE_SCOPE_BEGIN|[20]|this|BFFFollow_Controller|true|false
16:15:47.0 (15674712)|VARIABLE_ASSIGNMENT|[20]|this|{}|0x72c40226
16:15:47.0 (15679576)|VARIABLE_SCOPE_BEGIN|[20]|followedById|Id|false|false
16:15:47.0 (15779967)|VARIABLE_ASSIGNMENT|[20]|followedById|"00550000005cg71AAA"
16:15:47.0 (15791647)|HEAP_ALLOCATE|[21]|Bytes:5
16:15:47.0 (15795864)|STATEMENT_EXECUTE|[20]
16:15:47.0 (15797115)|STATEMENT_EXECUTE|[21]
16:15:47.0 (15804625)|HEAP_ALLOCATE|[21]|Bytes:63
16:15:47.0 (15847007)|HEAP_ALLOCATE|[21]|Bytes:18
16:15:47.0 (15859140)|HEAP_ALLOCATE|[21]|Bytes:9
16:15:47.0 (15871794)|HEAP_ALLOCATE|[21]|Bytes:90
16:15:47.0 (15876251)|VARIABLE_SCOPE_BEGIN|[21]|soql|String|false|false
16:15:47.0 (15885142)|VARIABLE_ASSIGNMENT|[21]|soql|"SELECT FollowedUsers (70 more) ..."
16:15:47.0 (15887685)|STATEMENT_EXECUTE|[22]
16:15:47.0 (15888808)|STATEMENT_EXECUTE|[22]
16:15:47.0 (15893162)|STATEMENT_EXECUTE|[23]
16:15:47.0 (15894213)|STATEMENT_EXECUTE|[23]
16:15:47.0 (15901366)|HEAP_ALLOCATE|[23]|Bytes:24
16:15:47.0 (15907383)|HEAP_ALLOCATE|[23]|Bytes:114
16:15:47.0 (15935847)|USER_DEBUG|[23]|DEBUG|fetchFollowedUsers:soql:SELECT FollowedUsers__c FROM BFFFollow__c WHERE FollowedBy__c='00550000005cg71AAA' limit 1
16:15:47.0 (15944207)|STATEMENT_EXECUTE|[24]
16:15:47.0 (19050394)|HEAP_ALLOCATE|[24]|Bytes:9
16:15:47.0 (19061403)|HEAP_ALLOCATE|[24]|Bytes:29
16:15:47.0 (19064564)|HEAP_ALLOCATE|[24]|Bytes:21
16:15:47.0 (19092522)|METHOD_ENTRY|[7]|01p50000002CIEt|ETLC_SecuredDB.ETLC_SecuredDB()
16:15:47.0 (19096852)|STATEMENT_EXECUTE|[7]
16:15:47.0 (19102254)|STATEMENT_EXECUTE|[7]
16:15:47.0 (19109106)|HEAP_ALLOCATE|[24]|Bytes:5
16:15:47.0 (19121802)|METHOD_EXIT|[7]|ETLC_SecuredDB
16:15:47.0 (19159310)|METHOD_ENTRY|[24]|01p50000002CIEt|ETLC_SecuredDB.query(String)
16:15:47.0 (19185245)|VARIABLE_SCOPE_BEGIN|[10]|SOQL|String|false|false
16:15:47.0 (19208551)|VARIABLE_ASSIGNMENT|[10]|SOQL|"SELECT FollowedUsers (70 more) ..."
16:15:47.0 (19218251)|HEAP_ALLOCATE|[12]|Bytes:5
16:15:47.0 (19222634)|STATEMENT_EXECUTE|[10]
16:15:47.0 (19223966)|STATEMENT_EXECUTE|[12]
16:15:47.0 (20556910)|SOQL_EXECUTE_BEGIN|[12]|Aggregations:0|SELECT FollowedUsers__c FROM BFFFollow__c WHERE FollowedBy__c='00550000005cg71AAA' limit 1
16:15:47.0 (24490578)|SOQL_EXECUTE_END|[12]|Rows:1
16:15:47.0 (24512770)|HEAP_ALLOCATE|[12]|Bytes:8
16:15:47.0 (24524155)|HEAP_ALLOCATE|[12]|Bytes:111
16:15:47.0 (24607892)|HEAP_ALLOCATE|[12]|Bytes:8
16:15:47.0 (24638153)|VARIABLE_SCOPE_BEGIN|[12]|dbRecords|List<SObject>|true|false
16:15:47.0 (24693247)|VARIABLE_ASSIGNMENT|[12]|dbRecords|{"s":1,"v":[{"s":2,"v":{"FollowedUsers__c":"[{\"id\":\"00550000005c (38 more) ...","Id":"a005000000ezW4dAAE"}}]}|0x149defec
16:15:47.0 (24698634)|STATEMENT_EXECUTE|[20]
16:15:47.0 (25083392)|HEAP_ALLOCATE|[20]|Bytes:12
16:15:47.0 (25091821)|HEAP_ALLOCATE|[20]|Bytes:8
16:15:47.0 (25156523)|HEAP_ALLOCATE|[20]|Bytes:12
16:15:47.0 (25162732)|HEAP_ALLOCATE|[20]|Bytes:9
16:15:47.0 (25176384)|HEAP_ALLOCATE|[20]|Bytes:12
16:15:47.0 (25179962)|HEAP_ALLOCATE|[20]|Bytes:8
16:15:47.0 (25190879)|HEAP_ALLOCATE|[20]|Bytes:12
16:15:47.0 (25194690)|HEAP_ALLOCATE|[20]|Bytes:8
16:15:47.0 (25205455)|HEAP_ALLOCATE|[20]|Bytes:12
16:15:47.0 (25208888)|HEAP_ALLOCATE|[20]|Bytes:9
16:15:47.0 (25246984)|METHOD_ENTRY|[20]|01p50000002CIEt|ETLC_SecuredDB.findFields(List<SObject>)
16:15:47.0 (25283762)|VARIABLE_SCOPE_BEGIN|[108]|dbRecords|List<SObject>|true|false
16:15:47.0 (25304531)|VARIABLE_ASSIGNMENT|[108]|dbRecords|{"s":1,"v":[{"s":2,"v":{"FollowedUsers__c":"[{\"id\":\"00550000005c (38 more) ...","Id":"a005000000ezW4dAAE"}}]}|0x149defec
16:15:47.0 (25318074)|HEAP_ALLOCATE|[109]|Bytes:5
16:15:47.0 (25322763)|STATEMENT_EXECUTE|[108]
16:15:47.0 (25324223)|STATEMENT_EXECUTE|[109]
16:15:47.0 (25333115)|VARIABLE_SCOPE_BEGIN|[109]|strJSON|String|false|false
16:15:47.0 (25339745)|VARIABLE_ASSIGNMENT|[109]|strJSON|null
16:15:47.0 (25341761)|STATEMENT_EXECUTE|[110]
16:15:47.0 (25346840)|VARIABLE_SCOPE_BEGIN|[110]|mapFields|Map<String,Set<String>>|true|false
16:15:47.0 (25351829)|VARIABLE_ASSIGNMENT|[110]|mapFields|null|
16:15:47.0 (25353709)|STATEMENT_EXECUTE|[112]
16:15:47.0 (25369394)|METHOD_ENTRY|[112]||System.JSON.serialize(Object)
16:15:47.0 (25849077)|METHOD_EXIT|[112]||System.JSON.serialize(Object)
16:15:47.0 (25864234)|VARIABLE_ASSIGNMENT|[112]|strJSON|"[{\"attributes\":{\"typ (204 more) ..."
16:15:47.0 (25867677)|STATEMENT_EXECUTE|[113]
16:15:47.0 (25876029)|HEAP_ALLOCATE|[113]|Bytes:5
16:15:47.0 (25888844)|HEAP_ALLOCATE|[113]|Bytes:229
16:15:47.0 (25925822)|USER_DEBUG|[113]|DEBUG|JSON:[{"attributes":{"type":"BFFFollow__c","url":"/services/data/v37.0/sobjects/BFFFollow__c/a005000000ezW4dAAE"},"FollowedUsers__c":"[{\"id\":\"00550000005cg71AAA\",\"name\":\"Jaswinder Rattanpal\"}]","Id":"a005000000ezW4dAAE"}]
16:15:47.0 (25935370)|STATEMENT_EXECUTE|[114]
16:15:47.0 (25944304)|HEAP_ALLOCATE|[114]|Bytes:4
16:15:47.0 (26002616)|VARIABLE_ASSIGNMENT|[114]|mapFields|{"s":1,"v":{}}|0x5c4e2ff3
16:15:47.0 (26007463)|STATEMENT_EXECUTE|[115]
16:15:47.0 (26021920)|METHOD_ENTRY|[115]||System.JSON.deserializeUntyped(String)
16:15:47.0 (26406461)|METHOD_EXIT|[115]||System.JSON.deserializeUntyped(String)
16:15:47.0 (26417638)|VARIABLE_SCOPE_BEGIN|[115]|records|List<ANY>|true|false
16:15:47.0 (26442940)|HEAP_ALLOCATE|[EXTERNAL]|Bytes:8
16:15:47.0 (26468005)|VARIABLE_ASSIGNMENT|[115]|records|{"s":1,"v":[{"s":2,"v":{"attributes":{"s":3,"v":{"type":"BFFFollow__c","url":"/services/data/v37.0 (41 more) ..."}},"FollowedUsers__c":"[{\"id\":\"00550000005c (38 more) ...","Id":"a005000000ezW4dAAE"}}]}|0x2da71e47
16:15:47.0 (26514770)|HEAP_ALLOCATE|[116]|Bytes:5
16:15:47.0 (26532938)|HEAP_ALLOCATE|[116]|Bytes:16
16:15:47.0 (26543571)|VARIABLE_SCOPE_BEGIN|[116]|record|Object|false|false
16:15:47.0 (26566250)|VARIABLE_ASSIGNMENT|[116]|record|{"s":1,"v":{"attributes":{"s":2,"v":{"type":"BFFFollow__c","url":"/services/data/v37.0 (41 more) ..."}},"FollowedUsers__c":"[{\"id\":\"00550000005c (38 more) ...","Id":"a005000000ezW4dAAE"}}
16:15:47.0 (26570980)|STATEMENT_EXECUTE|[116]
16:15:47.0 (26572858)|STATEMENT_EXECUTE|[117]
16:15:47.0 (26597342)|METHOD_ENTRY|[117]|01p50000002CIEt|ETLC_SecuredDB.findFieldsRecursive(Map<String,Set<String>>, Map<String,ANY>)
16:15:47.0 (26624183)|VARIABLE_SCOPE_BEGIN|[124]|mapFields|Map<String,Set<String>>|true|false
16:15:47.0 (26640552)|VARIABLE_ASSIGNMENT|[124]|mapFields|{"s":1,"v":{}}|0x5c4e2ff3
16:15:47.0 (26645785)|VARIABLE_SCOPE_BEGIN|[124]|record|Map<String,ANY>|true|false
16:15:47.0 (26659224)|VARIABLE_ASSIGNMENT|[124]|record|{"s":1,"v":{"attributes":{"s":2,"v":{"type":"BFFFollow__c","url":"/services/data/v37.0 (41 more) ..."}},"FollowedUsers__c":"[{\"id\":\"00550000005c (38 more) ...","Id":"a005000000ezW4dAAE"}}|0x3946ccd6
16:15:47.0 (26669206)|HEAP_ALLOCATE|[125]|Bytes:5
16:15:47.0 (26673413)|STATEMENT_EXECUTE|[124]
16:15:47.0 (26675054)|STATEMENT_EXECUTE|[125]
16:15:47.0 (26695955)|HEAP_ALLOCATE|[125]|Bytes:10
16:15:47.0 (26701024)|VARIABLE_SCOPE_BEGIN|[125]|strAttributes|String|false|false
16:15:47.0 (26707849)|VARIABLE_ASSIGNMENT|[125]|strAttributes|"attributes"
16:15:47.0 (26709949)|STATEMENT_EXECUTE|[126]
16:15:47.0 (26714804)|HEAP_ALLOCATE|[126]|Bytes:7
16:15:47.0 (26717979)|VARIABLE_SCOPE_BEGIN|[126]|strRecord|String|false|false
16:15:47.0 (26722784)|VARIABLE_ASSIGNMENT|[126]|strRecord|"records"
16:15:47.0 (26760517)|STATEMENT_EXECUTE|[127]
16:15:47.0 (26762724)|STATEMENT_EXECUTE|[128]
16:15:47.0 (26798056)|VARIABLE_SCOPE_BEGIN|[128]|attributes|Map<String,ANY>|true|false
16:15:47.0 (26814881)|VARIABLE_ASSIGNMENT|[128]|attributes|{"s":1,"v":{"type":"BFFFollow__c","url":"/services/data/v37.0 (41 more) ..."}}|0x6f6b5592
16:15:47.0 (26818558)|STATEMENT_EXECUTE|[129]
16:15:47.0 (26825655)|HEAP_ALLOCATE|[129]|Bytes:4
16:15:47.0 (26858675)|VARIABLE_SCOPE_BEGIN|[129]|objectName|String|false|false
16:15:47.0 (26866271)|VARIABLE_ASSIGNMENT|[129]|objectName|"BFFFollow__c"
16:15:47.0 (26875743)|HEAP_ALLOCATE|[130]|Bytes:4
16:15:47.0 (26938514)|HEAP_ALLOCATE|[130]|Bytes:44
16:15:47.0 (26956611)|HEAP_ALLOCATE|[130]|Bytes:12
16:15:47.0 (26981611)|HEAP_ALLOCATE|[130]|Bytes:5
16:15:47.0 (26994905)|VARIABLE_SCOPE_BEGIN|[130]|fieldName|String|false|false
16:15:47.0 (27002504)|VARIABLE_ASSIGNMENT|[130]|fieldName|"attributes"
16:15:47.0 (27006615)|STATEMENT_EXECUTE|[130]
16:15:47.0 (27007987)|STATEMENT_EXECUTE|[131]
16:15:47.0 (27049369)|VARIABLE_SCOPE_BEGIN|[131]|field|Object|false|false
16:15:47.0 (27067205)|VARIABLE_ASSIGNMENT|[131]|field|{"s":1,"v":{"type":"BFFFollow__c","url":"/services/data/v37.0 (41 more) ..."}}
16:15:47.0 (27086018)|STATEMENT_EXECUTE|[132]
16:15:47.0 (27101691)|HEAP_ALLOCATE|[130]|Bytes:5
16:15:47.0 (27114567)|VARIABLE_SCOPE_BEGIN|[130]|fieldName|String|false|false
16:15:47.0 (27121409)|VARIABLE_ASSIGNMENT|[130]|fieldName|"FollowedUsers__c"
16:15:47.0 (27123948)|STATEMENT_EXECUTE|[130]
16:15:47.0 (27125034)|STATEMENT_EXECUTE|[131]
16:15:47.0 (27143472)|VARIABLE_SCOPE_BEGIN|[131]|field|Object|false|false
16:15:47.0 (27153593)|VARIABLE_ASSIGNMENT|[131]|field|"[{\"id\":\"00550000005c (38 more) ..."
16:15:47.0 (27165614)|HEAP_ALLOCATE|[134]|Bytes:68
16:15:47.0 (27191157)|STATEMENT_EXECUTE|[136]
16:15:47.0 (27192894)|STATEMENT_EXECUTE|[137]
16:15:47.0 (27202564)|HEAP_ALLOCATE|[137]|Bytes:4
16:15:47.0 (27239166)|VARIABLE_SCOPE_BEGIN|[137]|fieldNames|Set<String>|true|false
16:15:47.0 (27258060)|VARIABLE_ASSIGNMENT|[137]|fieldNames|{"s":1,"v":[]}|0x57b7a514
16:15:47.0 (27291115)|STATEMENT_EXECUTE|[138]
16:15:47.0 (27296729)|STATEMENT_EXECUTE|[139]
16:15:47.0 (27322589)|HEAP_ALLOCATE|[EXTERNAL]|Bytes:4
16:15:47.0 (27330050)|STATEMENT_EXECUTE|[140]
16:15:47.0 (27359407)|HEAP_ALLOCATE|[EXTERNAL]|Bytes:-4
16:15:47.0 (27374150)|HEAP_ALLOCATE|[130]|Bytes:5
16:15:47.0 (27386370)|VARIABLE_SCOPE_BEGIN|[130]|fieldName|String|false|false
16:15:47.0 (27393469)|VARIABLE_ASSIGNMENT|[130]|fieldName|"Id"
16:15:47.0 (27396115)|STATEMENT_EXECUTE|[130]
16:15:47.0 (27397217)|STATEMENT_EXECUTE|[131]
16:15:47.0 (27416592)|VARIABLE_SCOPE_BEGIN|[131]|field|Object|false|false
16:15:47.0 (27425357)|VARIABLE_ASSIGNMENT|[131]|field|"a005000000ezW4dAAE"
16:15:47.0 (27442727)|STATEMENT_EXECUTE|[136]
16:15:47.0 (27444272)|STATEMENT_EXECUTE|[137]
16:15:47.0 (27451410)|HEAP_ALLOCATE|[137]|Bytes:4
16:15:47.0 (27462586)|VARIABLE_SCOPE_BEGIN|[137]|fieldNames|Set<String>|true|false
16:15:47.0 (27477128)|VARIABLE_ASSIGNMENT|[137]|fieldNames|{"s":1,"v":[]}|0x5898f348
16:15:47.0 (27491098)|STATEMENT_EXECUTE|[138]
16:15:47.0 (27534879)|VARIABLE_ASSIGNMENT|[138]|fieldNames|{"s":1,"v":["FollowedUsers__c"]}|0x57b7a514
16:15:47.0 (27540652)|STATEMENT_EXECUTE|[139]
16:15:47.0 (27557157)|HEAP_ALLOCATE|[EXTERNAL]|Bytes:4
16:15:47.0 (27567108)|STATEMENT_EXECUTE|[140]
16:15:47.0 (27599053)|HEAP_ALLOCATE|[130]|Bytes:5
16:15:47.0 (27616734)|VARIABLE_ASSIGNMENT|[130]|fieldName|null
16:15:47.0 (27636886)|METHOD_EXIT|[117]|01p50000002CIEt|ETLC_SecuredDB.findFieldsRecursive(Map<String,Set<String>>, Map<String,ANY>)
16:15:47.0 (27652819)|HEAP_ALLOCATE|[116]|Bytes:5
16:15:47.0 (27674639)|VARIABLE_ASSIGNMENT|[116]|record|null
16:15:47.0 (27682533)|HEAP_ALLOCATE|[119]|Bytes:4
16:15:47.0 (27724116)|HEAP_ALLOCATE|[119]|Bytes:20
16:15:47.0 (27744702)|HEAP_ALLOCATE|[119]|Bytes:4
16:15:47.0 (27778818)|HEAP_ALLOCATE|[119]|Bytes:5
16:15:47.0 (27801695)|VARIABLE_SCOPE_BEGIN|[119]|objectName|String|false|false
16:15:47.0 (27811968)|VARIABLE_ASSIGNMENT|[119]|objectName|"BFFFollow__c"
16:15:47.0 (27816629)|STATEMENT_EXECUTE|[119]
16:15:47.0 (27818539)|STATEMENT_EXECUTE|[120]
16:15:47.0 (27828647)|HEAP_ALLOCATE|[120]|Bytes:2
16:15:47.0 (27912919)|HEAP_ALLOCATE|[120]|Bytes:22
16:15:47.0 (27936949)|HEAP_ALLOCATE|[120]|Bytes:36
16:15:47.0 (27955615)|USER_DEBUG|[120]|DEBUG|BFFFollow__c: {FollowedUsers__c, Id}
16:15:47.0 (27978296)|HEAP_ALLOCATE|[119]|Bytes:5
16:15:47.0 (27998093)|VARIABLE_ASSIGNMENT|[119]|objectName|null
16:15:47.0 (28002668)|STATEMENT_EXECUTE|[122]
16:15:47.0 (28022133)|METHOD_EXIT|[20]|01p50000002CIEt|ETLC_SecuredDB.findFields(List<SObject>)
16:15:47.0 (28052436)|METHOD_ENTRY|[20]|01p50000002CIEt|ETLC_SecuredDB.validate(ETLC_SecuredDB.Operation, Map<String,Set<String>>)
16:15:47.0 (28066175)|VARIABLE_SCOPE_BEGIN|[55]|op|ETLC_SecuredDB.Operation|true|false
16:15:47.0 (28106080)|VARIABLE_ASSIGNMENT|[55]|op|"Querying"|0x1190f79c
16:15:47.0 (28115741)|VARIABLE_SCOPE_BEGIN|[55]|mapFieldNames|Map<String,Set<String>>|true|false
16:15:47.0 (28142963)|VARIABLE_ASSIGNMENT|[55]|mapFieldNames|{"s":1,"v":{"BFFFollow__c":{"s":2,"v":["FollowedUsers__c","Id"]}}}|0x5c4e2ff3
16:15:47.0 (28157637)|HEAP_ALLOCATE|[56]|Bytes:5
16:15:47.0 (28164658)|STATEMENT_EXECUTE|[55]
16:15:47.0 (28166687)|STATEMENT_EXECUTE|[56]
16:15:47.0 (28193181)|VARIABLE_SCOPE_BEGIN|[56]|securityMessage|String|false|false
16:15:47.0 (28203419)|VARIABLE_ASSIGNMENT|[56]|securityMessage|null
16:15:47.0 (28206798)|STATEMENT_EXECUTE|[57]
16:15:47.0 (52843964)|HEAP_ALLOCATE|[57]|Bytes:1256
16:15:47.0 (52883593)|VARIABLE_SCOPE_BEGIN|[57]|mapObjects|Map<String,Schema.SObjectType>|true|false
16:15:47.0 (53133691)|VARIABLE_ASSIGNMENT|[57]|mapObjects|"{acceptedeventrelation=AcceptedEventRelation, account=Account, accountcontactrole=AccountContactRole, accounthistory=AccountHistory, accountpartner=AccountPartner, accountshare=AccountShare, actionlinkgrouptemplate=ActionLinkGroupTemplate, actionlinktemplate=ActionLinkTemplate, activityhistory=ActivityHistory, additionalnumber=AdditionalNumber, ...}"|0x7be57fbf
16:15:47.0 (53151683)|HEAP_ALLOCATE|[58]|Bytes:4
16:15:47.0 (53222392)|HEAP_ALLOCATE|[58]|Bytes:20
16:15:47.0 (53241514)|HEAP_ALLOCATE|[58]|Bytes:4
16:15:47.0 (53269748)|HEAP_ALLOCATE|[58]|Bytes:5
16:15:47.0 (53285764)|VARIABLE_SCOPE_BEGIN|[58]|sObjectName|String|false|false
16:15:47.0 (53296922)|VARIABLE_ASSIGNMENT|[58]|sObjectName|"BFFFollow__c"
16:15:47.0 (53301319)|STATEMENT_EXECUTE|[58]
16:15:47.0 (53303095)|STATEMENT_EXECUTE|[59]
16:15:47.0 (53320222)|HEAP_ALLOCATE|[59]|Bytes:9
16:15:47.0 (53324494)|HEAP_ALLOCATE|[59]|Bytes:7
16:15:47.0 (53390892)|HEAP_ALLOCATE|[59]|Bytes:8
16:15:47.0 (53403669)|HEAP_ALLOCATE|[59]|Bytes:1
16:15:47.0 (53418882)|HEAP_ALLOCATE|[59]|Bytes:37
16:15:47.0 (53429417)|VARIABLE_ASSIGNMENT|[59]|securityMessage|"CRUD on [BFFFollow__ (17 more) ..."
16:15:47.0 (53432618)|STATEMENT_EXECUTE|[60]
16:15:47.0 (53440291)|HEAP_ALLOCATE|[60]|Bytes:10
16:15:47.0 (53446800)|HEAP_ALLOCATE|[60]|Bytes:47
16:15:47.0 (53486748)|USER_DEBUG|[60]|DEBUG|Checking: CRUD on [BFFFollow__c] for [Querying]
16:15:47.0 (53496492)|STATEMENT_EXECUTE|[61]
16:15:47.0 (53854972)|HEAP_ALLOCATE|[61]|Bytes:4
16:15:47.0 (53908722)|VARIABLE_SCOPE_BEGIN|[61]|drSObj|Schema.DescribeSObjectResult|true|false
16:15:47.0 (53984897)|VARIABLE_ASSIGNMENT|[61]|drSObj|"common.api.soap.wsdl.DescribeSObjectResult@a54f9caa"|0x3ad9a87d
16:15:47.0 (54190191)|STATEMENT_EXECUTE|[64]
16:15:47.0 (54220949)|STATEMENT_EXECUTE|[65]
16:15:47.0 (54283313)|STATEMENT_EXECUTE|[77]
16:15:47.0 (54285635)|STATEMENT_EXECUTE|[79]
16:15:47.0 (54563784)|HEAP_ALLOCATE|[79]|Bytes:56
16:15:47.0 (54580935)|VARIABLE_SCOPE_BEGIN|[79]|mapFields|Map<String,Schema.SObjectField>|true|false
16:15:47.0 (54803602)|VARIABLE_ASSIGNMENT|[79]|mapFields|"{createdbyid=CreatedById, createddate=CreatedDate, followedby__c=FollowedBy__c, followedusers__c=FollowedUsers__c, id=Id, isdeleted=IsDeleted, lastmodifiedbyid=LastModifiedById, lastmodifieddate=LastModifiedDate, lastreferenceddate=LastReferencedDate, lastvieweddate=LastViewedDate, ...}"|0x2755cb72
16:15:47.0 (54818248)|HEAP_ALLOCATE|[80]|Bytes:4
16:15:47.0 (54893890)|HEAP_ALLOCATE|[80]|Bytes:8
16:15:47.0 (54928418)|HEAP_ALLOCATE|[80]|Bytes:5
16:15:47.0 (54952174)|VARIABLE_SCOPE_BEGIN|[80]|fieldName|String|false|false
16:15:47.0 (54963982)|VARIABLE_ASSIGNMENT|[80]|fieldName|"FollowedUsers__c"
16:15:47.0 (54968551)|STATEMENT_EXECUTE|[80]
16:15:47.0 (54970492)|STATEMENT_EXECUTE|[81]
16:15:47.0 (55997951)|HEAP_ALLOCATE|[81]|Bytes:8
16:15:47.0 (56049200)|VARIABLE_SCOPE_BEGIN|[81]|drField|Schema.DescribeFieldResult|true|false
16:15:47.0 (56148270)|VARIABLE_ASSIGNMENT|[81]|drField|"common.api.soap.wsdl.Field@68fdf6e5"|0x4dd23e63
16:15:47.0 (56179525)|STATEMENT_EXECUTE|[82]
16:15:47.0 (56183029)|STATEMENT_EXECUTE|[83]
16:15:47.0 (56195558)|HEAP_ALLOCATE|[83]|Bytes:8
16:15:47.0 (56204923)|HEAP_ALLOCATE|[83]|Bytes:1
16:15:47.0 (56265814)|HEAP_ALLOCATE|[83]|Bytes:8
16:15:47.0 (56300201)|HEAP_ALLOCATE|[83]|Bytes:52
16:15:47.0 (56311301)|HEAP_ALLOCATE|[83]|Bytes:53
16:15:47.0 (56324825)|VARIABLE_ASSIGNMENT|[83]|securityMessage|"FLS on [BFFFollow__c (33 more) ..."
16:15:47.0 (56328887)|STATEMENT_EXECUTE|[84]
16:15:47.0 (56345641)|HEAP_ALLOCATE|[84]|Bytes:63
16:15:47.0 (56400000)|USER_DEBUG|[84]|DEBUG|Checking: FLS on [BFFFollow__c.FollowedUsers__c] for [Querying]
16:15:47.0 (56575742)|STATEMENT_EXECUTE|[87]
16:15:47.0 (56600576)|STATEMENT_EXECUTE|[88]
16:15:47.0 (56636810)|HEAP_ALLOCATE|[80]|Bytes:5
16:15:47.0 (56662266)|VARIABLE_SCOPE_BEGIN|[80]|fieldName|String|false|false
16:15:47.0 (56674253)|VARIABLE_ASSIGNMENT|[80]|fieldName|"Id"
16:15:47.0 (56678476)|STATEMENT_EXECUTE|[80]
16:15:47.0 (56680750)|STATEMENT_EXECUTE|[81]
16:15:47.0 (56899259)|HEAP_ALLOCATE|[81]|Bytes:8
16:15:47.0 (56913975)|VARIABLE_SCOPE_BEGIN|[81]|drField|Schema.DescribeFieldResult|true|false
16:15:47.0 (56996873)|VARIABLE_ASSIGNMENT|[81]|drField|"common.api.soap.wsdl.Field@ac05668c"|0x6b116410
16:15:47.0 (57011264)|STATEMENT_EXECUTE|[99]
16:15:47.0 (57014942)|STATEMENT_EXECUTE|[100]
16:15:47.0 (57026176)|HEAP_ALLOCATE|[100]|Bytes:22
16:15:47.0 (57082903)|HEAP_ALLOCATE|[100]|Bytes:8
16:15:47.0 (57107300)|HEAP_ALLOCATE|[100]|Bytes:52
16:15:47.0 (57114687)|HEAP_ALLOCATE|[100]|Bytes:35
16:15:47.0 (57123359)|HEAP_ALLOCATE|[100]|Bytes:87
16:15:47.0 (57141072)|USER_DEBUG|[100]|DEBUG|Bypass Check: FLS on [BFFFollow__c.Id] for [Querying] since it's not isPermissionable()
16:15:47.0 (57165672)|HEAP_ALLOCATE|[80]|Bytes:5
16:15:47.0 (57187983)|VARIABLE_ASSIGNMENT|[80]|fieldName|null
16:15:47.0 (57206619)|HEAP_ALLOCATE|[58]|Bytes:5
16:15:47.0 (57227224)|VARIABLE_ASSIGNMENT|[58]|sObjectName|null
16:15:47.0 (57248564)|METHOD_EXIT|[20]|01p50000002CIEt|ETLC_SecuredDB.validate(ETLC_SecuredDB.Operation, Map<String,Set<String>>)
16:15:47.0 (57255432)|STATEMENT_EXECUTE|[21]
16:15:47.0 (57275160)|METHOD_EXIT|[24]|01p50000002CIEt|ETLC_SecuredDB.query(String)
16:15:47.0 (57285729)|VARIABLE_SCOPE_BEGIN|[24]|dbRecords|List<SObject>|true|false
16:15:47.0 (57333745)|VARIABLE_ASSIGNMENT|[24]|dbRecords|{"s":1,"v":[{"s":2,"v":{"FollowedUsers__c":"[{\"id\":\"00550000005c (38 more) ...","Id":"a005000000ezW4dAAE"}}]}|0x149defec
16:15:47.0 (57347833)|STATEMENT_EXECUTE|[25]
16:15:47.0 (57350402)|STATEMENT_EXECUTE|[25]
16:15:47.0 (57429845)|USER_DEBUG|[25]|DEBUG|(BFFFollow__c:{FollowedUsers__c=[{"id":"00550000005cg71AAA","name":"Jaswinder Rattanpal"}], Id=a005000000ezW4dAAE})
16:15:47.0 (57544680)|STATEMENT_EXECUTE|[26]
16:15:47.0 (57551288)|STATEMENT_EXECUTE|[27]
16:15:47.0 (57552687)|STATEMENT_EXECUTE|[28]
16:15:47.0 (57561032)|HEAP_ALLOCATE|[28]|Bytes:18
16:15:47.0 (57577425)|HEAP_ALLOCATE|[28]|Bytes:12
16:15:47.0 (57584150)|HEAP_ALLOCATE|[28]|Bytes:16
16:15:47.0 (57666014)|HEAP_ALLOCATE|[28]|Bytes:58
16:15:47.0 (57704394)|HEAP_ALLOCATE|[28]|Bytes:58
16:15:47.0 (57729151)|HEAP_ALLOCATE|[28]|Bytes:76
16:15:47.0 (57749267)|USER_DEBUG|[28]|DEBUG|FollowedUsers__c::[{"id":"00550000005cg71AAA","name":"Jaswinder Rattanpal"}]
16:15:47.0 (57761108)|STATEMENT_EXECUTE|[30]
16:15:47.0 (57780808)|HEAP_ALLOCATE|[30]|Bytes:12
16:15:47.0 (57859316)|HEAP_ALLOCATE|[30]|Bytes:58
16:15:47.0 (57888947)|METHOD_EXIT|[10]|01p50000002D8iw|BFFFollow_Controller.fetchFollowedUsers(Id)
16:15:47.0 (57996102)|VARIABLE_ASSIGNMENT|[EXTERNAL]|this|{"debug":true,"input":"{\"mode\":\"fetchFollow (9 more) ...","operation":"BFFFollow_Controller"}|0x6fceb140
16:15:47.0 (58011427)|VARIABLE_ASSIGNMENT|[EXTERNAL]|value|"[{\"id\":\"00550000005c (38 more) ..."
16:15:47.0 (58032457)|VARIABLE_ASSIGNMENT|[12]|this.output|"[{\"id\":\"00550000005c (38 more) ..."|0x6fceb140
16:15:47.0 (58041600)|STATEMENT_EXECUTE|[11]
16:15:47.0 (58104180)|VARIABLE_ASSIGNMENT|[EXTERNAL]|this|{"debug":true,"input":"{\"mode\":\"fetchFollow (9 more) ...","operation":"BFFFollow_Controller","output":"[{\"id\":\"00550000005c (38 more) ..."}|0x6fceb140
16:15:47.0 (58165628)|VARIABLE_ASSIGNMENT|[EXTERNAL]|this|{"debug":true,"input":"{\"mode\":\"fetchFollow (9 more) ...","operation":"BFFFollow_Controller","output":"[{\"id\":\"00550000005c (38 more) ..."}|0x6fceb140
16:15:47.0 (58175873)|VARIABLE_ASSIGNMENT|[EXTERNAL]|value|true
16:15:47.0 (58181587)|HEAP_ALLOCATE|[15]|Bytes:5
16:15:47.0 (58190528)|VARIABLE_ASSIGNMENT|[15]|this.outputFlag|true|0x6fceb140
16:15:47.0 (58200744)|STATEMENT_EXECUTE|[12]
16:15:47.0 (58202430)|STATEMENT_EXECUTE|[12]
16:15:47.0 (58253074)|USER_DEBUG|[12]|DEBUG|ETLC_ApexBridge_Data:[debug=true, input={"mode":"fetchFollowedUsers"}, isSuccess=null, messages=null, operation=BFFFollow_Controller, output=[{"id":"00550000005cg71AAA","name":"Jaswinder Rattanpal"}], outputFlag=true, records=null]
16:15:47.0 (58270451)|METHOD_EXIT|[9]|01p50000002D8iw|BFFFollow_Controller.process(ETLC_ApexBridge_Data)
16:15:47.0 (58274861)|STATEMENT_EXECUTE|[24]
16:15:47.0 (58298318)|METHOD_ENTRY|[24]|01p50000002CIEo|ETLC_ApexBridge_Data.toJSON()
16:15:47.0 (58317533)|VARIABLE_SCOPE_BEGIN|[57]|this|ETLC_ApexBridge_Data|true|false
16:15:47.0 (58346943)|VARIABLE_ASSIGNMENT|[57]|this|{"debug":true,"input":"{\"mode\":\"fetchFollow (9 more) ...","operation":"BFFFollow_Controller","output":"[{\"id\":\"00550000005c (38 more) ...","outputFlag":true}|0x6fceb140
16:15:47.0 (58353563)|STATEMENT_EXECUTE|[57]
16:15:47.0 (58354804)|STATEMENT_EXECUTE|[58]
16:15:47.0 (58370980)|METHOD_ENTRY|[58]||System.JSON.serialize(Object)
16:15:47.0 (58465218)|STATEMENT_EXECUTE|[22]
16:15:47.0 (58472464)|STATEMENT_EXECUTE|[23]
16:15:47.0 (58486240)|HEAP_ALLOCATE|[23]|Bytes:5
16:15:47.0 (58502385)|VARIABLE_ASSIGNMENT|[23]|this.isSuccess|true|0x6fceb140
16:15:47.0 (58507263)|STATEMENT_EXECUTE|[24]
16:15:47.0 (58575672)|STATEMENT_EXECUTE|[31]
16:15:47.0 (58582710)|STATEMENT_EXECUTE|[32]
16:15:47.0 (58598935)|HEAP_ALLOCATE|[32]|Bytes:4
16:15:47.0 (58705561)|VARIABLE_ASSIGNMENT|[32]|this.messages|{"s":1,"v":{}}|0x6fceb140
16:15:47.0 (58712409)|STATEMENT_EXECUTE|[33]
16:15:47.0 (59187743)|METHOD_EXIT|[58]||System.JSON.serialize(Object)
16:15:47.0 (59195816)|METHOD_EXIT|[24]|01p50000002CIEo|ETLC_ApexBridge_Data.toJSON()
16:15:47.0 (59203666)|SYSTEM_MODE_EXIT|false
16:15:47.59 (59252263)|CUMULATIVE_LIMIT_USAGE
16:15:47.59 (59252263)|LIMIT_USAGE_FOR_NS|(default)|
  Number of SOQL queries: 1 out of 100
  Number of query rows: 1 out of 50000
  Number of SOSL queries: 0 out of 20
  Number of DML statements: 0 out of 150
  Number of DML rows: 0 out of 10000
  Maximum CPU time: 0 out of 10000
  Maximum heap size: 0 out of 6000000
  Number of callouts: 0 out of 100
  Number of Email Invocations: 0 out of 10
  Number of future calls: 0 out of 50
  Number of queueable jobs added to the queue: 0 out of 50
  Number of Mobile Apex push calls: 0 out of 10

16:15:47.59 (59252263)|CUMULATIVE_LIMIT_USAGE_END

16:15:47.0 (59298305)|CODE_UNIT_FINISHED|ETLC_ApexBridge_Controller.execute
