37.0 APEX_CODE,FINEST;APEX_PROFILING,INFO;CALLOUT,INFO;DB,INFO;SYSTEM,DEBUG;VALIDATION,INFO;VISUALFORCE,INFO;WORKFLOW,INFO
23:47:13.0 (399021)|USER_INFO|[EXTERNAL]|00550000005cg71|bfffollow@jr.te|Eastern Standard Time|GMT-04:00
23:47:13.0 (588344)|EXECUTION_STARTED
23:47:13.0 (594365)|CODE_UNIT_STARTED|[EXTERNAL]|aura
23:47:13.0 (987380)|HEAP_ALLOCATE|[72]|Bytes:3
23:47:13.0 (1062181)|HEAP_ALLOCATE|[77]|Bytes:152
23:47:13.0 (1083559)|HEAP_ALLOCATE|[342]|Bytes:408
23:47:13.0 (1104305)|HEAP_ALLOCATE|[355]|Bytes:408
23:47:13.0 (1123945)|HEAP_ALLOCATE|[467]|Bytes:48
23:47:13.0 (1187454)|HEAP_ALLOCATE|[139]|Bytes:6
23:47:13.0 (1215361)|HEAP_ALLOCATE|[EXTERNAL]|Bytes:93
23:47:13.0 (1246830)|HEAP_ALLOCATE|[EXTERNAL]|Bytes:93
23:47:13.0 (2064252)|CODE_UNIT_STARTED|[EXTERNAL]|01p50000002CIEm|ETLC_ApexBridge_Controller.execute
23:47:13.0 (2211087)|HEAP_ALLOCATE|[EXTERNAL]|Bytes:1
23:47:13.0 (2217128)|HEAP_ALLOCATE|[EXTERNAL]|Bytes:10
23:47:13.0 (2248628)|METHOD_ENTRY|[1]|01p50000002CIEm|ETLC_ApexBridge_Controller.ETLC_ApexBridge_Controller()
23:47:13.0 (2253418)|STATEMENT_EXECUTE|[1]
23:47:13.0 (2258946)|STATEMENT_EXECUTE|[1]
23:47:13.0 (2283740)|METHOD_EXIT|[1]|ETLC_ApexBridge_Controller
23:47:13.0 (2289738)|HEAP_ALLOCATE|[EXTERNAL]|Bytes:93
23:47:13.0 (2303102)|SYSTEM_MODE_ENTER|false
23:47:13.0 (2382049)|VARIABLE_SCOPE_BEGIN|[3]|dataJson|String|false|false
23:47:13.0 (2412941)|VARIABLE_ASSIGNMENT|[3]|dataJson|"{\"operation\":\"BFFFol (73 more) ..."
23:47:13.0 (2426002)|STATEMENT_EXECUTE|[3]
23:47:13.0 (2427463)|STATEMENT_EXECUTE|[4]
23:47:13.0 (4392930)|VARIABLE_SCOPE_BEGIN|[4]|data|ETLC_ApexBridge_Data|true|false
23:47:13.0 (4406792)|VARIABLE_ASSIGNMENT|[4]|data|null|
23:47:13.0 (4409739)|STATEMENT_EXECUTE|[5]
23:47:13.0 (4411068)|STATEMENT_EXECUTE|[5]
23:47:13.0 (4412029)|STATEMENT_EXECUTE|[6]
23:47:13.0 (4427349)|HEAP_ALLOCATE|[6]|Bytes:11
23:47:13.0 (4433927)|HEAP_ALLOCATE|[6]|Bytes:248
23:47:13.0 (4437121)|HEAP_ALLOCATE|[6]|Bytes:39
23:47:13.0 (4472606)|METHOD_ENTRY|[2]|01p50000002CIEo|ETLC_ApexBridge_Data.ETLC_ApexBridge_Data()
23:47:13.0 (4475559)|STATEMENT_EXECUTE|[2]
23:47:13.0 (4479550)|STATEMENT_EXECUTE|[2]
23:47:13.0 (4485140)|METHOD_EXIT|[2]|ETLC_ApexBridge_Data
23:47:13.0 (4543715)|METHOD_ENTRY|[6]|01p50000002CIEo|ETLC_ApexBridge_Data.fromJSON(String)
23:47:13.0 (4571847)|VARIABLE_SCOPE_BEGIN|[60]|strJson|String|false|false
23:47:13.0 (4583238)|VARIABLE_ASSIGNMENT|[60]|strJson|"{\"operation\":\"BFFFol (73 more) ..."
23:47:13.0 (4587747)|STATEMENT_EXECUTE|[60]
23:47:13.0 (4589251)|STATEMENT_EXECUTE|[61]
23:47:13.0 (4598268)|HEAP_ALLOCATE|[61]|Bytes:20
23:47:13.0 (4621292)|HEAP_ALLOCATE|[50]|Bytes:5
23:47:13.0 (4642928)|HEAP_ALLOCATE|[56]|Bytes:5
23:47:13.0 (4651530)|HEAP_ALLOCATE|[64]|Bytes:7
23:47:13.0 (4744532)|HEAP_ALLOCATE|[61]|Bytes:24
23:47:13.0 (4755603)|SYSTEM_METHOD_ENTRY|[1]|Type.Type()
23:47:13.0 (4758091)|STATEMENT_EXECUTE|[1]
23:47:13.0 (4766363)|SYSTEM_METHOD_EXIT|[1]|Type
23:47:13.0 (4771937)|HEAP_ALLOCATE|[61]|Bytes:8
23:47:13.0 (4797984)|HEAP_ALLOCATE|[61]|Bytes:8
23:47:13.0 (4802920)|VARIABLE_SCOPE_BEGIN|[4]|this|System.Type|true|false
23:47:13.0 (4855148)|VARIABLE_ASSIGNMENT|[4]|this|{}|0x75a1e181
23:47:13.0 (4860469)|VARIABLE_SCOPE_BEGIN|[4]|apextype|java:common.apex.runtime.ApexObjectType|true|false
23:47:13.0 (4979419)|VARIABLE_ASSIGNMENT|[4]|apextype|"ETLC_ApexBridge_Data"|0x28cec080
23:47:13.0 (5051516)|HEAP_ALLOCATE|[61]|Bytes:8
23:47:13.0 (5090377)|HEAP_ALLOCATE|[61]|Bytes:24
23:47:13.0 (5100650)|SYSTEM_METHOD_ENTRY|[1]|JSON.JSON()
23:47:13.0 (5102849)|STATEMENT_EXECUTE|[1]
23:47:13.0 (5109625)|SYSTEM_METHOD_EXIT|[1]|JSON
23:47:13.0 (5123721)|METHOD_ENTRY|[61]||System.JSON.deserializeStrict(String, System.Type)
23:47:13.0 (5772497)|METHOD_EXIT|[61]||System.JSON.deserializeStrict(String, System.Type)
23:47:13.0 (5784798)|METHOD_EXIT|[6]|01p50000002CIEo|ETLC_ApexBridge_Data.fromJSON(String)
23:47:13.0 (5848779)|VARIABLE_ASSIGNMENT|[6]|data|{"debug":true,"input":"{\"mode\":\"fetchFollow (9 more) ...","operation":"BFFFollow_Controller"}|0x7e37870e
23:47:13.0 (5854131)|STATEMENT_EXECUTE|[7]
23:47:13.0 (5864063)|HEAP_ALLOCATE|[7]|Bytes:6
23:47:13.0 (5934692)|HEAP_ALLOCATE|[7]|Bytes:177
23:47:13.0 (5957048)|HEAP_ALLOCATE|[7]|Bytes:183
23:47:13.0 (5995140)|USER_DEBUG|[7]|DEBUG|data::ETLC_ApexBridge_Data:[debug=true, input={"mode":"fetchFollowedUsers"}, isSuccess=null, messages=null, operation=BFFFollow_Controller, output=null, outputFlag=null, records=null]
23:47:13.0 (6004252)|STATEMENT_EXECUTE|[8]
23:47:13.0 (6066974)|VARIABLE_ASSIGNMENT|[EXTERNAL]|this|{"debug":true,"input":"{\"mode\":\"fetchFollow (9 more) ...","operation":"BFFFollow_Controller"}|0x7e37870e
23:47:13.0 (6089222)|METHOD_ENTRY|[8]||System.Type.forName(String)
23:47:13.0 (8039141)|METHOD_EXIT|[8]||System.Type.forName(String)
23:47:13.0 (8053599)|METHOD_ENTRY|[8]||System.Type.newInstance()
23:47:13.0 (9334349)|STATEMENT_EXECUTE|[1]
23:47:13.0 (9346655)|HEAP_ALLOCATE|[33]|Bytes:5
23:47:13.0 (9360403)|METHOD_EXIT|[1]|BFFFollow_Controller
23:47:13.0 (9375202)|HEAP_ALLOCATE|[33]|Bytes:4
23:47:13.0 (9383109)|VARIABLE_SCOPE_BEGIN|[1]|this|BFFFollow_Controller|true|false
23:47:13.0 (9402959)|VARIABLE_ASSIGNMENT|[1]|this|{}|0xf5cde60
23:47:13.0 (9411430)|HEAP_ALLOCATE|[33]|Bytes:5
23:47:13.0 (9419681)|HEAP_ALLOCATE|[33]|Bytes:11
23:47:13.0 (9439238)|METHOD_ENTRY|[1]|01p50000002CIEj|ETLC_ApexBridge_Abstract.ETLC_ApexBridge_Abstract()
23:47:13.0 (9443954)|STATEMENT_EXECUTE|[1]
23:47:13.0 (9449922)|STATEMENT_EXECUTE|[1]
23:47:13.0 (9458640)|METHOD_EXIT|[1]|ETLC_ApexBridge_Abstract
23:47:13.0 (9472330)|CONSTRUCTOR_ENTRY|[EXTERNAL]|01p50000002CIEj|<init>()
23:47:13.0 (9491857)|VARIABLE_SCOPE_BEGIN|[1]|this|ETLC_ApexBridge_Abstract|true|false
23:47:13.0 (9509919)|VARIABLE_ASSIGNMENT|[1]|this|{}|0xf5cde60
23:47:13.0 (9524972)|STATEMENT_EXECUTE|[1]
23:47:13.0 (9533486)|CONSTRUCTOR_EXIT|[EXTERNAL]|01p50000002CIEj|<init>()
23:47:13.0 (9539058)|STATEMENT_EXECUTE|[1]
23:47:13.0 (9544055)|HEAP_ALLOCATE|[33]|Bytes:5
23:47:13.0 (9562052)|METHOD_EXIT|[8]||System.Type.newInstance()
23:47:13.0 (9572010)|VARIABLE_SCOPE_BEGIN|[8]|executor|ETLC_ApexBridge_Abstract|true|false
23:47:13.0 (9588244)|VARIABLE_ASSIGNMENT|[8]|executor|{}|0xf5cde60
23:47:13.0 (9591275)|STATEMENT_EXECUTE|[9]
23:47:13.0 (9629248)|METHOD_ENTRY|[9]|01p50000002D8iw|BFFFollow_Controller.process(ETLC_ApexBridge_Data)
23:47:13.0 (9655256)|VARIABLE_SCOPE_BEGIN|[3]|this|BFFFollow_Controller|true|false
23:47:13.0 (9671453)|VARIABLE_ASSIGNMENT|[3]|this|{}|0xf5cde60
23:47:13.0 (9675852)|VARIABLE_SCOPE_BEGIN|[3]|data|ETLC_ApexBridge_Data|true|false
23:47:13.0 (9700448)|VARIABLE_ASSIGNMENT|[3]|data|{"debug":true,"input":"{\"mode\":\"fetchFollow (9 more) ...","operation":"BFFFollow_Controller"}|0x7e37870e
23:47:13.0 (9709812)|HEAP_ALLOCATE|[4]|Bytes:5
23:47:13.0 (9713745)|STATEMENT_EXECUTE|[3]
23:47:13.0 (9714891)|STATEMENT_EXECUTE|[4]
23:47:13.0 (9797831)|VARIABLE_ASSIGNMENT|[EXTERNAL]|this|{"debug":true,"input":"{\"mode\":\"fetchFollow (9 more) ...","operation":"BFFFollow_Controller"}|0x7e37870e
23:47:13.0 (9820267)|VARIABLE_ASSIGNMENT|[4]|BFFFollow_Controller.debugFlag|true
23:47:13.0 (9861575)|VARIABLE_ASSIGNMENT|[EXTERNAL]|this|{"debug":true,"input":"{\"mode\":\"fetchFollow (9 more) ...","operation":"BFFFollow_Controller"}|0x7e37870e
23:47:13.0 (9876899)|STATEMENT_EXECUTE|[5]
23:47:13.0 (9886172)|HEAP_ALLOCATE|[5]|Bytes:12
23:47:13.0 (9923432)|HEAP_ALLOCATE|[5]|Bytes:177
23:47:13.0 (9938788)|HEAP_ALLOCATE|[5]|Bytes:189
23:47:13.0 (9949638)|USER_DEBUG|[5]|DEBUG|data BEFORE:ETLC_ApexBridge_Data:[debug=true, input={"mode":"fetchFollowedUsers"}, isSuccess=null, messages=null, operation=BFFFollow_Controller, output=null, outputFlag=null, records=null]
23:47:13.0 (9956078)|STATEMENT_EXECUTE|[7]
23:47:13.0 (9963071)|HEAP_ALLOCATE|[7]|Bytes:4
23:47:13.0 (9985147)|METHOD_ENTRY|[7]|01p50000002CIEo|ETLC_ApexBridge_Data.getInputValue(String)
23:47:13.0 (10008465)|VARIABLE_SCOPE_BEGIN|[52]|this|ETLC_ApexBridge_Data|true|false
23:47:13.0 (10037912)|VARIABLE_ASSIGNMENT|[52]|this|{"debug":true,"input":"{\"mode\":\"fetchFollow (9 more) ...","operation":"BFFFollow_Controller"}|0x7e37870e
23:47:13.0 (10044836)|VARIABLE_SCOPE_BEGIN|[52]|key|String|false|false
23:47:13.0 (10048720)|VARIABLE_ASSIGNMENT|[52]|key|"mode"
23:47:13.0 (10052716)|STATEMENT_EXECUTE|[52]
23:47:13.0 (10054096)|STATEMENT_EXECUTE|[53]
23:47:13.0 (10110611)|VARIABLE_ASSIGNMENT|[EXTERNAL]|this|{"debug":true,"input":"{\"mode\":\"fetchFollow (9 more) ...","operation":"BFFFollow_Controller"}|0x7e37870e
23:47:13.0 (10129811)|METHOD_ENTRY|[53]||System.JSON.deserializeUntyped(String)
23:47:13.0 (10365238)|METHOD_EXIT|[53]||System.JSON.deserializeUntyped(String)
23:47:13.0 (10376264)|VARIABLE_SCOPE_BEGIN|[53]|inputMap|Map<String,ANY>|true|false
23:47:13.0 (10401867)|VARIABLE_ASSIGNMENT|[53]|inputMap|{"s":1,"v":{"mode":"fetchFollowedUsers"}}|0x7f66de52
23:47:13.0 (10405520)|STATEMENT_EXECUTE|[54]
23:47:13.0 (10464401)|METHOD_EXIT|[7]|01p50000002CIEo|ETLC_ApexBridge_Data.getInputValue(String)
23:47:13.0 (10471427)|VARIABLE_SCOPE_BEGIN|[7]|mode|String|false|false
23:47:13.0 (10478868)|VARIABLE_ASSIGNMENT|[7]|mode|"fetchFollowedUsers"
23:47:13.0 (10483835)|HEAP_ALLOCATE|[9]|Bytes:18
23:47:13.0 (10513706)|STATEMENT_EXECUTE|[9]
23:47:13.0 (10515552)|STATEMENT_EXECUTE|[10]
23:47:13.0 (10556100)|HEAP_ALLOCATE|[10]|Bytes:85
23:47:13.0 (10567985)|SYSTEM_METHOD_ENTRY|[1]|UserInfo.UserInfo()
23:47:13.0 (10570400)|STATEMENT_EXECUTE|[1]
23:47:13.0 (10577656)|SYSTEM_METHOD_EXIT|[1]|UserInfo
23:47:13.0 (10589732)|METHOD_ENTRY|[10]||System.UserInfo.getUserId()
23:47:13.0 (10623002)|METHOD_EXIT|[10]||System.UserInfo.getUserId()
23:47:13.0 (10637206)|HEAP_ALLOCATE|[10]|Bytes:4
23:47:13.0 (10652180)|METHOD_ENTRY|[10]|01p50000002D8iw|BFFFollow_Controller.fetchFollowedUsers(Id)
23:47:13.0 (10660683)|VARIABLE_SCOPE_BEGIN|[24]|this|BFFFollow_Controller|true|false
23:47:13.0 (10677641)|VARIABLE_ASSIGNMENT|[24]|this|{}|0xf5cde60
23:47:13.0 (10682573)|VARIABLE_SCOPE_BEGIN|[24]|followedById|Id|false|false
23:47:13.0 (10739958)|VARIABLE_ASSIGNMENT|[24]|followedById|"00550000005cg71AAA"
23:47:13.0 (10750523)|HEAP_ALLOCATE|[25]|Bytes:5
23:47:13.0 (10754436)|STATEMENT_EXECUTE|[24]
23:47:13.0 (10755637)|STATEMENT_EXECUTE|[25]
23:47:13.0 (10763687)|HEAP_ALLOCATE|[25]|Bytes:63
23:47:13.0 (10799000)|HEAP_ALLOCATE|[25]|Bytes:18
23:47:13.0 (10811380)|HEAP_ALLOCATE|[25]|Bytes:9
23:47:13.0 (10820345)|HEAP_ALLOCATE|[25]|Bytes:90
23:47:13.0 (10824863)|VARIABLE_SCOPE_BEGIN|[25]|soql|String|false|false
23:47:13.0 (10834338)|VARIABLE_ASSIGNMENT|[25]|soql|"SELECT FollowedUsers (70 more) ..."
23:47:13.0 (10837143)|STATEMENT_EXECUTE|[26]
23:47:13.0 (10838412)|STATEMENT_EXECUTE|[26]
23:47:13.0 (10843652)|STATEMENT_EXECUTE|[27]
23:47:13.0 (10844745)|STATEMENT_EXECUTE|[27]
23:47:13.0 (10851909)|HEAP_ALLOCATE|[27]|Bytes:24
23:47:13.0 (10858242)|HEAP_ALLOCATE|[27]|Bytes:114
23:47:13.0 (10885286)|USER_DEBUG|[27]|DEBUG|fetchFollowedUsers:soql:SELECT FollowedUsers__c FROM BFFFollow__c WHERE FollowedBy__c='00550000005cg71AAA' limit 1
23:47:13.0 (10892805)|STATEMENT_EXECUTE|[28]
23:47:13.0 (13373120)|HEAP_ALLOCATE|[28]|Bytes:9
23:47:13.0 (13381367)|HEAP_ALLOCATE|[28]|Bytes:29
23:47:13.0 (13384628)|HEAP_ALLOCATE|[28]|Bytes:21
23:47:13.0 (13402147)|METHOD_ENTRY|[7]|01p50000002CIEt|ETLC_SecuredDB.ETLC_SecuredDB()
23:47:13.0 (13405353)|STATEMENT_EXECUTE|[7]
23:47:13.0 (13409219)|STATEMENT_EXECUTE|[7]
23:47:13.0 (13415012)|HEAP_ALLOCATE|[28]|Bytes:5
23:47:13.0 (13424294)|METHOD_EXIT|[7]|ETLC_SecuredDB
23:47:13.0 (13450875)|METHOD_ENTRY|[28]|01p50000002CIEt|ETLC_SecuredDB.query(String)
23:47:13.0 (13473362)|VARIABLE_SCOPE_BEGIN|[10]|SOQL|String|false|false
23:47:13.0 (13482545)|VARIABLE_ASSIGNMENT|[10]|SOQL|"SELECT FollowedUsers (70 more) ..."
23:47:13.0 (13490620)|HEAP_ALLOCATE|[12]|Bytes:5
23:47:13.0 (13494559)|STATEMENT_EXECUTE|[10]
23:47:13.0 (13495873)|STATEMENT_EXECUTE|[12]
23:47:13.0 (14005469)|SOQL_EXECUTE_BEGIN|[12]|Aggregations:0|SELECT FollowedUsers__c FROM BFFFollow__c WHERE FollowedBy__c='00550000005cg71AAA' limit 1
23:47:13.0 (17322609)|SOQL_EXECUTE_END|[12]|Rows:1
23:47:13.0 (17344690)|HEAP_ALLOCATE|[12]|Bytes:8
23:47:13.0 (17354516)|HEAP_ALLOCATE|[12]|Bytes:158
23:47:13.0 (17424756)|HEAP_ALLOCATE|[12]|Bytes:8
23:47:13.0 (17438679)|VARIABLE_SCOPE_BEGIN|[12]|dbRecords|List<SObject>|true|false
23:47:13.0 (17468911)|VARIABLE_ASSIGNMENT|[12]|dbRecords|{"s":1,"v":[{"s":2,"v":{"FollowedUsers__c":"[{\"id\":\"00550000005d (85 more) ...","Id":"a005000000ezW4dAAE"}}]}|0x727b023a
23:47:13.0 (17473432)|STATEMENT_EXECUTE|[20]
23:47:13.0 (17680005)|HEAP_ALLOCATE|[20]|Bytes:12
23:47:13.0 (17687852)|HEAP_ALLOCATE|[20]|Bytes:8
23:47:13.0 (17738561)|HEAP_ALLOCATE|[20]|Bytes:12
23:47:13.0 (17744041)|HEAP_ALLOCATE|[20]|Bytes:9
23:47:13.0 (17756353)|HEAP_ALLOCATE|[20]|Bytes:12
23:47:13.0 (17759816)|HEAP_ALLOCATE|[20]|Bytes:8
23:47:13.0 (17769545)|HEAP_ALLOCATE|[20]|Bytes:12
23:47:13.0 (17772910)|HEAP_ALLOCATE|[20]|Bytes:8
23:47:13.0 (17782322)|HEAP_ALLOCATE|[20]|Bytes:12
23:47:13.0 (17785555)|HEAP_ALLOCATE|[20]|Bytes:9
23:47:13.0 (17812493)|METHOD_ENTRY|[20]|01p50000002CIEt|ETLC_SecuredDB.findFields(List<SObject>)
23:47:13.0 (17837657)|VARIABLE_SCOPE_BEGIN|[108]|dbRecords|List<SObject>|true|false
23:47:13.0 (17859591)|VARIABLE_ASSIGNMENT|[108]|dbRecords|{"s":1,"v":[{"s":2,"v":{"FollowedUsers__c":"[{\"id\":\"00550000005d (85 more) ...","Id":"a005000000ezW4dAAE"}}]}|0x727b023a
23:47:13.0 (17868973)|HEAP_ALLOCATE|[109]|Bytes:5
23:47:13.0 (17873399)|STATEMENT_EXECUTE|[108]
23:47:13.0 (17874846)|STATEMENT_EXECUTE|[109]
23:47:13.0 (17884234)|VARIABLE_SCOPE_BEGIN|[109]|strJSON|String|false|false
23:47:13.0 (17889924)|VARIABLE_ASSIGNMENT|[109]|strJSON|null
23:47:13.0 (17891790)|STATEMENT_EXECUTE|[110]
23:47:13.0 (17896377)|VARIABLE_SCOPE_BEGIN|[110]|mapFields|Map<String,Set<String>>|true|false
23:47:13.0 (17901060)|VARIABLE_ASSIGNMENT|[110]|mapFields|null|
23:47:13.0 (17902848)|STATEMENT_EXECUTE|[112]
23:47:13.0 (17916570)|METHOD_ENTRY|[112]||System.JSON.serialize(Object)
23:47:13.0 (18380809)|METHOD_EXIT|[112]||System.JSON.serialize(Object)
23:47:13.0 (18397526)|VARIABLE_ASSIGNMENT|[112]|strJSON|"[{\"attributes\":{\"typ (259 more) ..."
23:47:13.0 (18401152)|STATEMENT_EXECUTE|[113]
23:47:13.0 (18409801)|HEAP_ALLOCATE|[113]|Bytes:5
23:47:13.0 (18418181)|HEAP_ALLOCATE|[113]|Bytes:284
23:47:13.0 (18443451)|USER_DEBUG|[113]|DEBUG|JSON:[{"attributes":{"type":"BFFFollow__c","url":"/services/data/v37.0/sobjects/BFFFollow__c/a005000000ezW4dAAE"},"FollowedUsers__c":"[{\"id\":\"00550000005d7KnAAI\",\"name\":\"Test User\"},{\"id\":\"00550000005cg71AAA\",\"name\":\"Jaswinder Rattanpal\"}]","Id":"a005000000ezW4dAAE"}]
23:47:13.0 (18452997)|STATEMENT_EXECUTE|[114]
23:47:13.0 (18464113)|HEAP_ALLOCATE|[114]|Bytes:4
23:47:13.0 (18501468)|VARIABLE_ASSIGNMENT|[114]|mapFields|{"s":1,"v":{}}|0x432f662d
23:47:13.0 (18505416)|STATEMENT_EXECUTE|[115]
23:47:13.0 (18519129)|METHOD_ENTRY|[115]||System.JSON.deserializeUntyped(String)
23:47:13.0 (18839757)|METHOD_EXIT|[115]||System.JSON.deserializeUntyped(String)
23:47:13.0 (18850240)|VARIABLE_SCOPE_BEGIN|[115]|records|List<ANY>|true|false
23:47:13.0 (18878002)|HEAP_ALLOCATE|[EXTERNAL]|Bytes:8
23:47:13.0 (18901815)|VARIABLE_ASSIGNMENT|[115]|records|{"s":1,"v":[{"s":2,"v":{"attributes":{"s":3,"v":{"type":"BFFFollow__c","url":"/services/data/v37.0 (41 more) ..."}},"FollowedUsers__c":"[{\"id\":\"00550000005d (85 more) ...","Id":"a005000000ezW4dAAE"}}]}|0x6ae29543
23:47:13.0 (18946680)|HEAP_ALLOCATE|[116]|Bytes:5
23:47:13.0 (18963659)|HEAP_ALLOCATE|[116]|Bytes:16
23:47:13.0 (18975005)|VARIABLE_SCOPE_BEGIN|[116]|record|Object|false|false
23:47:13.0 (19002324)|VARIABLE_ASSIGNMENT|[116]|record|{"s":1,"v":{"attributes":{"s":2,"v":{"type":"BFFFollow__c","url":"/services/data/v37.0 (41 more) ..."}},"FollowedUsers__c":"[{\"id\":\"00550000005d (85 more) ...","Id":"a005000000ezW4dAAE"}}
23:47:13.0 (19008554)|STATEMENT_EXECUTE|[116]
23:47:13.0 (19009774)|STATEMENT_EXECUTE|[117]
23:47:13.0 (19034243)|METHOD_ENTRY|[117]|01p50000002CIEt|ETLC_SecuredDB.findFieldsRecursive(Map<String,Set<String>>, Map<String,ANY>)
23:47:13.0 (19060129)|VARIABLE_SCOPE_BEGIN|[124]|mapFields|Map<String,Set<String>>|true|false
23:47:13.0 (19073273)|VARIABLE_ASSIGNMENT|[124]|mapFields|{"s":1,"v":{}}|0x432f662d
23:47:13.0 (19077831)|VARIABLE_SCOPE_BEGIN|[124]|record|Map<String,ANY>|true|false
23:47:13.0 (19090524)|VARIABLE_ASSIGNMENT|[124]|record|{"s":1,"v":{"attributes":{"s":2,"v":{"type":"BFFFollow__c","url":"/services/data/v37.0 (41 more) ..."}},"FollowedUsers__c":"[{\"id\":\"00550000005d (85 more) ...","Id":"a005000000ezW4dAAE"}}|0x598e731
23:47:13.0 (19099455)|HEAP_ALLOCATE|[125]|Bytes:5
23:47:13.0 (19103167)|STATEMENT_EXECUTE|[124]
23:47:13.0 (19104578)|STATEMENT_EXECUTE|[125]
23:47:13.0 (19111240)|HEAP_ALLOCATE|[125]|Bytes:10
23:47:13.0 (19116125)|VARIABLE_SCOPE_BEGIN|[125]|strAttributes|String|false|false
23:47:13.0 (19121784)|VARIABLE_ASSIGNMENT|[125]|strAttributes|"attributes"
23:47:13.0 (19123684)|STATEMENT_EXECUTE|[126]
23:47:13.0 (19128018)|HEAP_ALLOCATE|[126]|Bytes:7
23:47:13.0 (19131321)|VARIABLE_SCOPE_BEGIN|[126]|strRecord|String|false|false
23:47:13.0 (19135676)|VARIABLE_ASSIGNMENT|[126]|strRecord|"records"
23:47:13.0 (19169639)|STATEMENT_EXECUTE|[127]
23:47:13.0 (19171785)|STATEMENT_EXECUTE|[128]
23:47:13.0 (19206778)|VARIABLE_SCOPE_BEGIN|[128]|attributes|Map<String,ANY>|true|false
23:47:13.0 (19223670)|VARIABLE_ASSIGNMENT|[128]|attributes|{"s":1,"v":{"type":"BFFFollow__c","url":"/services/data/v37.0 (41 more) ..."}}|0x7e998ad
23:47:13.0 (19227353)|STATEMENT_EXECUTE|[129]
23:47:13.0 (19234631)|HEAP_ALLOCATE|[129]|Bytes:4
23:47:13.0 (19271867)|VARIABLE_SCOPE_BEGIN|[129]|objectName|String|false|false
23:47:13.0 (19279686)|VARIABLE_ASSIGNMENT|[129]|objectName|"BFFFollow__c"
23:47:13.0 (19289345)|HEAP_ALLOCATE|[130]|Bytes:4
23:47:13.0 (19353046)|HEAP_ALLOCATE|[130]|Bytes:44
23:47:13.0 (19371160)|HEAP_ALLOCATE|[130]|Bytes:12
23:47:13.0 (19394328)|HEAP_ALLOCATE|[130]|Bytes:5
23:47:13.0 (19408419)|VARIABLE_SCOPE_BEGIN|[130]|fieldName|String|false|false
23:47:13.0 (19415876)|VARIABLE_ASSIGNMENT|[130]|fieldName|"attributes"
23:47:13.0 (19418619)|STATEMENT_EXECUTE|[130]
23:47:13.0 (19419715)|STATEMENT_EXECUTE|[131]
23:47:13.0 (19462229)|VARIABLE_SCOPE_BEGIN|[131]|field|Object|false|false
23:47:13.0 (19480755)|VARIABLE_ASSIGNMENT|[131]|field|{"s":1,"v":{"type":"BFFFollow__c","url":"/services/data/v37.0 (41 more) ..."}}
23:47:13.0 (19497837)|STATEMENT_EXECUTE|[132]
23:47:13.0 (19514062)|HEAP_ALLOCATE|[130]|Bytes:5
23:47:13.0 (19526027)|VARIABLE_SCOPE_BEGIN|[130]|fieldName|String|false|false
23:47:13.0 (19532856)|VARIABLE_ASSIGNMENT|[130]|fieldName|"FollowedUsers__c"
23:47:13.0 (19535283)|STATEMENT_EXECUTE|[130]
23:47:13.0 (19536299)|STATEMENT_EXECUTE|[131]
23:47:13.0 (19555755)|VARIABLE_SCOPE_BEGIN|[131]|field|Object|false|false
23:47:13.0 (19566089)|VARIABLE_ASSIGNMENT|[131]|field|"[{\"id\":\"00550000005d (85 more) ..."
23:47:13.0 (19577485)|HEAP_ALLOCATE|[134]|Bytes:68
23:47:13.0 (19594149)|STATEMENT_EXECUTE|[136]
23:47:13.0 (19595668)|STATEMENT_EXECUTE|[137]
23:47:13.0 (19605299)|HEAP_ALLOCATE|[137]|Bytes:4
23:47:13.0 (19642715)|VARIABLE_SCOPE_BEGIN|[137]|fieldNames|Set<String>|true|false
23:47:13.0 (19663897)|VARIABLE_ASSIGNMENT|[137]|fieldNames|{"s":1,"v":[]}|0x41795a54
23:47:13.0 (19697280)|STATEMENT_EXECUTE|[138]
23:47:13.0 (19703530)|STATEMENT_EXECUTE|[139]
23:47:13.0 (19728370)|HEAP_ALLOCATE|[EXTERNAL]|Bytes:4
23:47:13.0 (19736516)|STATEMENT_EXECUTE|[140]
23:47:13.0 (19765227)|HEAP_ALLOCATE|[EXTERNAL]|Bytes:-4
23:47:13.0 (19780179)|HEAP_ALLOCATE|[130]|Bytes:5
23:47:13.0 (19791966)|VARIABLE_SCOPE_BEGIN|[130]|fieldName|String|false|false
23:47:13.0 (19799452)|VARIABLE_ASSIGNMENT|[130]|fieldName|"Id"
23:47:13.0 (19802061)|STATEMENT_EXECUTE|[130]
23:47:13.0 (19803617)|STATEMENT_EXECUTE|[131]
23:47:13.0 (19823419)|VARIABLE_SCOPE_BEGIN|[131]|field|Object|false|false
23:47:13.0 (19832163)|VARIABLE_ASSIGNMENT|[131]|field|"a005000000ezW4dAAE"
23:47:13.0 (19847453)|STATEMENT_EXECUTE|[136]
23:47:13.0 (19848886)|STATEMENT_EXECUTE|[137]
23:47:13.0 (19856538)|HEAP_ALLOCATE|[137]|Bytes:4
23:47:13.0 (19870952)|VARIABLE_SCOPE_BEGIN|[137]|fieldNames|Set<String>|true|false
23:47:13.0 (19888705)|VARIABLE_ASSIGNMENT|[137]|fieldNames|{"s":1,"v":[]}|0x31a8c25
23:47:13.0 (19902137)|STATEMENT_EXECUTE|[138]
23:47:13.0 (19928976)|VARIABLE_ASSIGNMENT|[138]|fieldNames|{"s":1,"v":["FollowedUsers__c"]}|0x41795a54
23:47:13.0 (19932528)|STATEMENT_EXECUTE|[139]
23:47:13.0 (19943140)|HEAP_ALLOCATE|[EXTERNAL]|Bytes:4
23:47:13.0 (19948526)|STATEMENT_EXECUTE|[140]
23:47:13.0 (19970169)|HEAP_ALLOCATE|[130]|Bytes:5
23:47:13.0 (19981767)|VARIABLE_ASSIGNMENT|[130]|fieldName|null
23:47:13.0 (19991595)|METHOD_EXIT|[117]|01p50000002CIEt|ETLC_SecuredDB.findFieldsRecursive(Map<String,Set<String>>, Map<String,ANY>)
23:47:13.0 (20002068)|HEAP_ALLOCATE|[116]|Bytes:5
23:47:13.0 (20018269)|VARIABLE_ASSIGNMENT|[116]|record|null
23:47:13.0 (20024565)|HEAP_ALLOCATE|[119]|Bytes:4
23:47:13.0 (20062437)|HEAP_ALLOCATE|[119]|Bytes:20
23:47:13.0 (20075429)|HEAP_ALLOCATE|[119]|Bytes:4
23:47:13.0 (20092791)|HEAP_ALLOCATE|[119]|Bytes:5
23:47:13.0 (20104949)|VARIABLE_SCOPE_BEGIN|[119]|objectName|String|false|false
23:47:13.0 (20112186)|VARIABLE_ASSIGNMENT|[119]|objectName|"BFFFollow__c"
23:47:13.0 (20114883)|STATEMENT_EXECUTE|[119]
23:47:13.0 (20115958)|STATEMENT_EXECUTE|[120]
23:47:13.0 (20123177)|HEAP_ALLOCATE|[120]|Bytes:2
23:47:13.0 (20176588)|HEAP_ALLOCATE|[120]|Bytes:22
23:47:13.0 (20189802)|HEAP_ALLOCATE|[120]|Bytes:36
23:47:13.0 (20200619)|USER_DEBUG|[120]|DEBUG|BFFFollow__c: {FollowedUsers__c, Id}
23:47:13.0 (20212954)|HEAP_ALLOCATE|[119]|Bytes:5
23:47:13.0 (20224498)|VARIABLE_ASSIGNMENT|[119]|objectName|null
23:47:13.0 (20227825)|STATEMENT_EXECUTE|[122]
23:47:13.0 (20239816)|METHOD_EXIT|[20]|01p50000002CIEt|ETLC_SecuredDB.findFields(List<SObject>)
23:47:13.0 (20256996)|METHOD_ENTRY|[20]|01p50000002CIEt|ETLC_SecuredDB.validate(ETLC_SecuredDB.Operation, Map<String,Set<String>>)
23:47:13.0 (20269857)|VARIABLE_SCOPE_BEGIN|[55]|op|ETLC_SecuredDB.Operation|true|false
23:47:13.0 (20286567)|VARIABLE_ASSIGNMENT|[55]|op|"Querying"|0xbb24577
23:47:13.0 (20291324)|VARIABLE_SCOPE_BEGIN|[55]|mapFieldNames|Map<String,Set<String>>|true|false
23:47:13.0 (20307206)|VARIABLE_ASSIGNMENT|[55]|mapFieldNames|{"s":1,"v":{"BFFFollow__c":{"s":2,"v":["FollowedUsers__c","Id"]}}}|0x432f662d
23:47:13.0 (20315855)|HEAP_ALLOCATE|[56]|Bytes:5
23:47:13.0 (20319411)|STATEMENT_EXECUTE|[55]
23:47:13.0 (20320638)|STATEMENT_EXECUTE|[56]
23:47:13.0 (20328155)|VARIABLE_SCOPE_BEGIN|[56]|securityMessage|String|false|false
23:47:13.0 (20333181)|VARIABLE_ASSIGNMENT|[56]|securityMessage|null
23:47:13.0 (20335100)|STATEMENT_EXECUTE|[57]
23:47:13.0 (34669802)|HEAP_ALLOCATE|[57]|Bytes:1440
23:47:13.0 (34689325)|VARIABLE_SCOPE_BEGIN|[57]|mapObjects|Map<String,Schema.SObjectType>|true|false
23:47:13.0 (34922143)|VARIABLE_ASSIGNMENT|[57]|mapObjects|"{acceptedeventrelation=AcceptedEventRelation, account=Account, accountcontactrole=AccountContactRole, accountfeed=AccountFeed, accounthistory=AccountHistory, accountpartner=AccountPartner, accountshare=AccountShare, actionlinkgrouptemplate=ActionLinkGroupTemplate, actionlinktemplate=ActionLinkTemplate, activityhistory=ActivityHistory, ...}"|0x1205af
23:47:13.0 (34933719)|HEAP_ALLOCATE|[58]|Bytes:4
23:47:13.0 (34984227)|HEAP_ALLOCATE|[58]|Bytes:20
23:47:13.0 (34998919)|HEAP_ALLOCATE|[58]|Bytes:4
23:47:13.0 (35018833)|HEAP_ALLOCATE|[58]|Bytes:5
23:47:13.0 (35033772)|VARIABLE_SCOPE_BEGIN|[58]|sObjectName|String|false|false
23:47:13.0 (35042276)|VARIABLE_ASSIGNMENT|[58]|sObjectName|"BFFFollow__c"
23:47:13.0 (35046139)|STATEMENT_EXECUTE|[58]
23:47:13.0 (35047451)|STATEMENT_EXECUTE|[59]
23:47:13.0 (35057719)|HEAP_ALLOCATE|[59]|Bytes:9
23:47:13.0 (35061461)|HEAP_ALLOCATE|[59]|Bytes:7
23:47:13.0 (35103943)|HEAP_ALLOCATE|[59]|Bytes:8
23:47:13.0 (35115967)|HEAP_ALLOCATE|[59]|Bytes:1
23:47:13.0 (35126574)|HEAP_ALLOCATE|[59]|Bytes:37
23:47:13.0 (35136576)|VARIABLE_ASSIGNMENT|[59]|securityMessage|"CRUD on [BFFFollow__ (17 more) ..."
23:47:13.0 (35139684)|STATEMENT_EXECUTE|[60]
23:47:13.0 (35147055)|HEAP_ALLOCATE|[60]|Bytes:10
23:47:13.0 (35153154)|HEAP_ALLOCATE|[60]|Bytes:47
23:47:13.0 (35177613)|USER_DEBUG|[60]|DEBUG|Checking: CRUD on [BFFFollow__c] for [Querying]
23:47:13.0 (35184906)|STATEMENT_EXECUTE|[61]
23:47:13.0 (35431791)|HEAP_ALLOCATE|[61]|Bytes:4
23:47:13.0 (35469920)|VARIABLE_SCOPE_BEGIN|[61]|drSObj|Schema.DescribeSObjectResult|true|false
23:47:13.0 (35548351)|VARIABLE_ASSIGNMENT|[61]|drSObj|"common.api.soap.wsdl.DescribeSObjectResult@a54f9caa"|0x5d00ca2f
23:47:13.0 (35708672)|STATEMENT_EXECUTE|[64]
23:47:13.0 (35732638)|STATEMENT_EXECUTE|[65]
23:47:13.0 (35788034)|STATEMENT_EXECUTE|[77]
23:47:13.0 (35790495)|STATEMENT_EXECUTE|[79]
23:47:13.0 (36015378)|HEAP_ALLOCATE|[79]|Bytes:56
23:47:13.0 (36027898)|VARIABLE_SCOPE_BEGIN|[79]|mapFields|Map<String,Schema.SObjectField>|true|false
23:47:13.0 (36181268)|VARIABLE_ASSIGNMENT|[79]|mapFields|"{createdbyid=CreatedById, createddate=CreatedDate, followedby__c=FollowedBy__c, followedusers__c=FollowedUsers__c, id=Id, isdeleted=IsDeleted, lastmodifiedbyid=LastModifiedById, lastmodifieddate=LastModifiedDate, lastreferenceddate=LastReferencedDate, lastvieweddate=LastViewedDate, ...}"|0x25b37f32
23:47:13.0 (36191516)|HEAP_ALLOCATE|[80]|Bytes:4
23:47:13.0 (36241211)|HEAP_ALLOCATE|[80]|Bytes:8
23:47:13.0 (36261582)|HEAP_ALLOCATE|[80]|Bytes:5
23:47:13.0 (36279402)|VARIABLE_SCOPE_BEGIN|[80]|fieldName|String|false|false
23:47:13.0 (36288000)|VARIABLE_ASSIGNMENT|[80]|fieldName|"FollowedUsers__c"
23:47:13.0 (36291105)|STATEMENT_EXECUTE|[80]
23:47:13.0 (36292308)|STATEMENT_EXECUTE|[81]
23:47:13.0 (37079276)|HEAP_ALLOCATE|[81]|Bytes:8
23:47:13.0 (37120432)|VARIABLE_SCOPE_BEGIN|[81]|drField|Schema.DescribeFieldResult|true|false
23:47:13.0 (37194325)|VARIABLE_ASSIGNMENT|[81]|drField|"common.api.soap.wsdl.Field@7eb7da21"|0x2a7254bd
23:47:13.0 (37217421)|STATEMENT_EXECUTE|[82]
23:47:13.0 (37219516)|STATEMENT_EXECUTE|[83]
23:47:13.0 (37228587)|HEAP_ALLOCATE|[83]|Bytes:8
23:47:13.0 (37232707)|HEAP_ALLOCATE|[83]|Bytes:1
23:47:13.0 (37276610)|HEAP_ALLOCATE|[83]|Bytes:8
23:47:13.0 (37296083)|HEAP_ALLOCATE|[83]|Bytes:52
23:47:13.0 (37301903)|HEAP_ALLOCATE|[83]|Bytes:53
23:47:13.0 (37312733)|VARIABLE_ASSIGNMENT|[83]|securityMessage|"FLS on [BFFFollow__c (33 more) ..."
23:47:13.0 (37316018)|STATEMENT_EXECUTE|[84]
23:47:13.0 (37325019)|HEAP_ALLOCATE|[84]|Bytes:63
23:47:13.0 (37348777)|USER_DEBUG|[84]|DEBUG|Checking: FLS on [BFFFollow__c.FollowedUsers__c] for [Querying]
23:47:13.0 (37441645)|STATEMENT_EXECUTE|[87]
23:47:13.0 (37457374)|STATEMENT_EXECUTE|[88]
23:47:13.0 (37474349)|HEAP_ALLOCATE|[80]|Bytes:5
23:47:13.0 (37487489)|VARIABLE_SCOPE_BEGIN|[80]|fieldName|String|false|false
23:47:13.0 (37495317)|VARIABLE_ASSIGNMENT|[80]|fieldName|"Id"
23:47:13.0 (37497800)|STATEMENT_EXECUTE|[80]
23:47:13.0 (37498858)|STATEMENT_EXECUTE|[81]
23:47:13.0 (37648342)|HEAP_ALLOCATE|[81]|Bytes:8
23:47:13.0 (37661225)|VARIABLE_SCOPE_BEGIN|[81]|drField|Schema.DescribeFieldResult|true|false
23:47:13.0 (37729446)|VARIABLE_ASSIGNMENT|[81]|drField|"common.api.soap.wsdl.Field@3758cdc3"|0x24cfba0d
23:47:13.0 (37742231)|STATEMENT_EXECUTE|[99]
23:47:13.0 (37743754)|STATEMENT_EXECUTE|[100]
23:47:13.0 (37752513)|HEAP_ALLOCATE|[100]|Bytes:22
23:47:13.0 (37793441)|HEAP_ALLOCATE|[100]|Bytes:8
23:47:13.0 (37808716)|HEAP_ALLOCATE|[100]|Bytes:52
23:47:13.0 (37812924)|HEAP_ALLOCATE|[100]|Bytes:35
23:47:13.0 (37817053)|HEAP_ALLOCATE|[100]|Bytes:87
23:47:13.0 (37827677)|USER_DEBUG|[100]|DEBUG|Bypass Check: FLS on [BFFFollow__c.Id] for [Querying] since it's not isPermissionable()
23:47:13.0 (37841014)|HEAP_ALLOCATE|[80]|Bytes:5
23:47:13.0 (37853778)|VARIABLE_ASSIGNMENT|[80]|fieldName|null
23:47:13.0 (37863117)|HEAP_ALLOCATE|[58]|Bytes:5
23:47:13.0 (37872048)|VARIABLE_ASSIGNMENT|[58]|sObjectName|null
23:47:13.0 (37882901)|METHOD_EXIT|[20]|01p50000002CIEt|ETLC_SecuredDB.validate(ETLC_SecuredDB.Operation, Map<String,Set<String>>)
23:47:13.0 (37887125)|STATEMENT_EXECUTE|[21]
23:47:13.0 (37899002)|METHOD_EXIT|[28]|01p50000002CIEt|ETLC_SecuredDB.query(String)
23:47:13.0 (37905286)|VARIABLE_SCOPE_BEGIN|[28]|dbRecords|List<SObject>|true|false
23:47:13.0 (37930059)|VARIABLE_ASSIGNMENT|[28]|dbRecords|{"s":1,"v":[{"s":2,"v":{"FollowedUsers__c":"[{\"id\":\"00550000005d (85 more) ...","Id":"a005000000ezW4dAAE"}}]}|0x727b023a
23:47:13.0 (37938329)|STATEMENT_EXECUTE|[29]
23:47:13.0 (37939585)|STATEMENT_EXECUTE|[29]
23:47:13.0 (38007226)|USER_DEBUG|[29]|DEBUG|(BFFFollow__c:{FollowedUsers__c=[{"id":"00550000005d7KnAAI","name":"Test User"},{"id":"00550000005cg71AAA","name":"Jaswinder Rattanpal"}], Id=a005000000ezW4dAAE})
23:47:13.0 (38092086)|STATEMENT_EXECUTE|[30]
23:47:13.0 (38097452)|STATEMENT_EXECUTE|[31]
23:47:13.0 (38098956)|STATEMENT_EXECUTE|[32]
23:47:13.0 (38107703)|HEAP_ALLOCATE|[32]|Bytes:18
23:47:13.0 (38120384)|HEAP_ALLOCATE|[32]|Bytes:12
23:47:13.0 (38126851)|HEAP_ALLOCATE|[32]|Bytes:16
23:47:13.0 (38193797)|HEAP_ALLOCATE|[32]|Bytes:105
23:47:13.0 (38214766)|HEAP_ALLOCATE|[32]|Bytes:105
23:47:13.0 (38225038)|HEAP_ALLOCATE|[32]|Bytes:123
23:47:13.0 (38235422)|USER_DEBUG|[32]|DEBUG|FollowedUsers__c::[{"id":"00550000005d7KnAAI","name":"Test User"},{"id":"00550000005cg71AAA","name":"Jaswinder Rattanpal"}]
23:47:13.0 (38241349)|STATEMENT_EXECUTE|[34]
23:47:13.0 (38254105)|HEAP_ALLOCATE|[34]|Bytes:12
23:47:13.0 (38310000)|HEAP_ALLOCATE|[34]|Bytes:105
23:47:13.0 (38330058)|METHOD_EXIT|[10]|01p50000002D8iw|BFFFollow_Controller.fetchFollowedUsers(Id)
23:47:13.0 (38445773)|VARIABLE_ASSIGNMENT|[EXTERNAL]|this|{"debug":true,"input":"{\"mode\":\"fetchFollow (9 more) ...","operation":"BFFFollow_Controller"}|0x7e37870e
23:47:13.0 (38460288)|VARIABLE_ASSIGNMENT|[EXTERNAL]|value|"[{\"id\":\"00550000005d (85 more) ..."
23:47:13.0 (38475571)|VARIABLE_ASSIGNMENT|[12]|this.output|"[{\"id\":\"00550000005d (85 more) ..."|0x7e37870e
23:47:13.0 (38485071)|STATEMENT_EXECUTE|[11]
23:47:13.0 (38547812)|VARIABLE_ASSIGNMENT|[EXTERNAL]|this|{"debug":true,"input":"{\"mode\":\"fetchFollow (9 more) ...","operation":"BFFFollow_Controller","output":"[{\"id\":\"00550000005d (85 more) ..."}|0x7e37870e
23:47:13.0 (38609035)|VARIABLE_ASSIGNMENT|[EXTERNAL]|this|{"debug":true,"input":"{\"mode\":\"fetchFollow (9 more) ...","operation":"BFFFollow_Controller","output":"[{\"id\":\"00550000005d (85 more) ..."}|0x7e37870e
23:47:13.0 (38619572)|VARIABLE_ASSIGNMENT|[EXTERNAL]|value|true
23:47:13.0 (38625088)|HEAP_ALLOCATE|[15]|Bytes:5
23:47:13.0 (38633294)|VARIABLE_ASSIGNMENT|[15]|this.outputFlag|true|0x7e37870e
23:47:13.0 (38644662)|STATEMENT_EXECUTE|[19]
23:47:13.0 (38646339)|STATEMENT_EXECUTE|[19]
23:47:13.0 (38690786)|HEAP_ALLOCATE|[19]|Bytes:11
23:47:13.0 (38776378)|HEAP_ALLOCATE|[19]|Bytes:278
23:47:13.0 (38795338)|HEAP_ALLOCATE|[19]|Bytes:289
23:47:13.0 (38806219)|USER_DEBUG|[19]|DEBUG|data AFTER:ETLC_ApexBridge_Data:[debug=true, input={"mode":"fetchFollowedUsers"}, isSuccess=null, messages=null, operation=BFFFollow_Controller, output=[{"id":"00550000005d7KnAAI","name":"Test User"},{"id":"00550000005cg71AAA","name":"Jaswinder Rattanpal"}], outputFlag=true, records=null]
23:47:13.0 (38820216)|METHOD_EXIT|[9]|01p50000002D8iw|BFFFollow_Controller.process(ETLC_ApexBridge_Data)
23:47:13.0 (38825217)|STATEMENT_EXECUTE|[24]
23:47:13.0 (38846227)|METHOD_ENTRY|[24]|01p50000002CIEo|ETLC_ApexBridge_Data.toJSON()
23:47:13.0 (38868216)|VARIABLE_SCOPE_BEGIN|[57]|this|ETLC_ApexBridge_Data|true|false
23:47:13.0 (38898954)|VARIABLE_ASSIGNMENT|[57]|this|{"debug":true,"input":"{\"mode\":\"fetchFollow (9 more) ...","operation":"BFFFollow_Controller","output":"[{\"id\":\"00550000005d (85 more) ...","outputFlag":true}|0x7e37870e
23:47:13.0 (38905603)|STATEMENT_EXECUTE|[57]
23:47:13.0 (38906925)|STATEMENT_EXECUTE|[58]
23:47:13.0 (38923263)|METHOD_ENTRY|[58]||System.JSON.serialize(Object)
23:47:13.0 (39018991)|STATEMENT_EXECUTE|[22]
23:47:13.0 (39024589)|STATEMENT_EXECUTE|[23]
23:47:13.0 (39034300)|HEAP_ALLOCATE|[23]|Bytes:5
23:47:13.0 (39044328)|VARIABLE_ASSIGNMENT|[23]|this.isSuccess|true|0x7e37870e
23:47:13.0 (39046893)|STATEMENT_EXECUTE|[24]
23:47:13.0 (39093801)|STATEMENT_EXECUTE|[31]
23:47:13.0 (39098141)|STATEMENT_EXECUTE|[32]
23:47:13.0 (39108285)|HEAP_ALLOCATE|[32]|Bytes:4
23:47:13.0 (39167685)|VARIABLE_ASSIGNMENT|[32]|this.messages|{"s":1,"v":{}}|0x7e37870e
23:47:13.0 (39172122)|STATEMENT_EXECUTE|[33]
23:47:13.0 (39489226)|METHOD_EXIT|[58]||System.JSON.serialize(Object)
23:47:13.0 (39496857)|METHOD_EXIT|[24]|01p50000002CIEo|ETLC_ApexBridge_Data.toJSON()
23:47:13.0 (39504353)|SYSTEM_MODE_EXIT|false
23:47:13.39 (39561554)|CUMULATIVE_LIMIT_USAGE
23:47:13.39 (39561554)|LIMIT_USAGE_FOR_NS|(default)|
  Number of SOQL queries: 1 out of 100
  Number of query rows: 1 out of 50000
  Number of SOSL queries: 0 out of 20
  Number of DML statements: 0 out of 150
  Number of DML rows: 0 out of 10000
  Maximum CPU time: 0 out of 10000
  Maximum heap size: 0 out of 6000000
  Number of callouts: 0 out of 100
  Number of Email Invocations: 0 out of 10
  Number of future calls: 0 out of 50
  Number of queueable jobs added to the queue: 0 out of 50
  Number of Mobile Apex push calls: 0 out of 10

23:47:13.39 (39561554)|CUMULATIVE_LIMIT_USAGE_END

23:47:13.0 (39627678)|CODE_UNIT_FINISHED|ETLC_ApexBridge_Controller.execute
