37.0 APEX_CODE,FINEST;APEX_PROFILING,INFO;CALLOUT,INFO;DB,INFO;SYSTEM,DEBUG;VALIDATION,INFO;VISUALFORCE,INFO;WORKFLOW,INFO
16:02:59.0 (114871)|USER_INFO|[EXTERNAL]|00550000005cg71|bfffollow@jr.te|Eastern Standard Time|GMT-04:00
16:02:59.0 (175821)|EXECUTION_STARTED
16:02:59.0 (182505)|CODE_UNIT_STARTED|[EXTERNAL]|aura
16:02:59.0 (666784)|HEAP_ALLOCATE|[72]|Bytes:3
16:02:59.0 (754915)|HEAP_ALLOCATE|[77]|Bytes:152
16:02:59.0 (779030)|HEAP_ALLOCATE|[342]|Bytes:408
16:02:59.0 (809491)|HEAP_ALLOCATE|[355]|Bytes:408
16:02:59.0 (902439)|HEAP_ALLOCATE|[467]|Bytes:48
16:02:59.0 (943129)|HEAP_ALLOCATE|[139]|Bytes:6
16:02:59.0 (1317145)|HEAP_ALLOCATE|[EXTERNAL]|Bytes:93
16:02:59.0 (1350544)|HEAP_ALLOCATE|[EXTERNAL]|Bytes:93
16:02:59.0 (2411828)|CODE_UNIT_STARTED|[EXTERNAL]|01p50000002CIEm|ETLC_ApexBridge_Controller.execute
16:02:59.0 (2649663)|HEAP_ALLOCATE|[EXTERNAL]|Bytes:1
16:02:59.0 (2658389)|HEAP_ALLOCATE|[EXTERNAL]|Bytes:10
16:02:59.0 (2678071)|METHOD_ENTRY|[1]|01p50000002CIEm|ETLC_ApexBridge_Controller.ETLC_ApexBridge_Controller()
16:02:59.0 (2683405)|STATEMENT_EXECUTE|[1]
16:02:59.0 (2690135)|STATEMENT_EXECUTE|[1]
16:02:59.0 (2704444)|METHOD_EXIT|[1]|ETLC_ApexBridge_Controller
16:02:59.0 (2712179)|HEAP_ALLOCATE|[EXTERNAL]|Bytes:93
16:02:59.0 (2725276)|SYSTEM_MODE_ENTER|false
16:02:59.0 (2743923)|VARIABLE_SCOPE_BEGIN|[3]|dataJson|String|false|false
16:02:59.0 (2806367)|VARIABLE_ASSIGNMENT|[3]|dataJson|"{\"operation\":\"BFFFol (73 more) ..."
16:02:59.0 (2865817)|STATEMENT_EXECUTE|[3]
16:02:59.0 (2869264)|STATEMENT_EXECUTE|[4]
16:02:59.0 (3057731)|VARIABLE_SCOPE_BEGIN|[4]|data|ETLC_ApexBridge_Data|true|false
16:02:59.0 (3075689)|VARIABLE_ASSIGNMENT|[4]|data|null|
16:02:59.0 (3079153)|STATEMENT_EXECUTE|[5]
16:02:59.0 (3080860)|STATEMENT_EXECUTE|[5]
16:02:59.0 (3082406)|STATEMENT_EXECUTE|[6]
16:02:59.0 (3107303)|HEAP_ALLOCATE|[6]|Bytes:11
16:02:59.0 (3119953)|HEAP_ALLOCATE|[6]|Bytes:248
16:02:59.0 (3126065)|HEAP_ALLOCATE|[6]|Bytes:39
16:02:59.0 (3164379)|METHOD_ENTRY|[2]|01p50000002CIEo|ETLC_ApexBridge_Data.ETLC_ApexBridge_Data()
16:02:59.0 (3168154)|STATEMENT_EXECUTE|[2]
16:02:59.0 (3172128)|STATEMENT_EXECUTE|[2]
16:02:59.0 (3185759)|METHOD_EXIT|[2]|ETLC_ApexBridge_Data
16:02:59.0 (3217945)|METHOD_ENTRY|[6]|01p50000002CIEo|ETLC_ApexBridge_Data.fromJSON(String)
16:02:59.0 (3254875)|VARIABLE_SCOPE_BEGIN|[60]|strJson|String|false|false
16:02:59.0 (3269389)|VARIABLE_ASSIGNMENT|[60]|strJson|"{\"operation\":\"BFFFol (73 more) ..."
16:02:59.0 (3276280)|STATEMENT_EXECUTE|[60]
16:02:59.0 (3278606)|STATEMENT_EXECUTE|[61]
16:02:59.0 (3290232)|HEAP_ALLOCATE|[61]|Bytes:20
16:02:59.0 (3357461)|HEAP_ALLOCATE|[50]|Bytes:5
16:02:59.0 (3399360)|HEAP_ALLOCATE|[56]|Bytes:5
16:02:59.0 (3416629)|HEAP_ALLOCATE|[64]|Bytes:7
16:02:59.0 (3606375)|HEAP_ALLOCATE|[61]|Bytes:24
16:02:59.0 (3681522)|SYSTEM_METHOD_ENTRY|[1]|Type.Type()
16:02:59.0 (3686443)|STATEMENT_EXECUTE|[1]
16:02:59.0 (3706060)|SYSTEM_METHOD_EXIT|[1]|Type
16:02:59.0 (3718403)|HEAP_ALLOCATE|[61]|Bytes:8
16:02:59.0 (3750004)|HEAP_ALLOCATE|[61]|Bytes:8
16:02:59.0 (3758621)|VARIABLE_SCOPE_BEGIN|[4]|this|System.Type|true|false
16:02:59.0 (3848105)|VARIABLE_ASSIGNMENT|[4]|this|{}|0x71f6f5bc
16:02:59.0 (3855113)|VARIABLE_SCOPE_BEGIN|[4]|apextype|java:common.apex.runtime.ApexObjectType|true|false
16:02:59.0 (4251875)|VARIABLE_ASSIGNMENT|[4]|apextype|"ETLC_ApexBridge_Data"|0x775ce128
16:02:59.0 (4331118)|HEAP_ALLOCATE|[61]|Bytes:8
16:02:59.0 (4377316)|HEAP_ALLOCATE|[61]|Bytes:24
16:02:59.0 (4388525)|SYSTEM_METHOD_ENTRY|[1]|JSON.JSON()
16:02:59.0 (4390725)|STATEMENT_EXECUTE|[1]
16:02:59.0 (4401687)|SYSTEM_METHOD_EXIT|[1]|JSON
16:02:59.0 (4417333)|METHOD_ENTRY|[61]||System.JSON.deserializeStrict(String, System.Type)
16:02:59.0 (4726626)|METHOD_EXIT|[61]||System.JSON.deserializeStrict(String, System.Type)
16:02:59.0 (4737966)|METHOD_EXIT|[6]|01p50000002CIEo|ETLC_ApexBridge_Data.fromJSON(String)
16:02:59.0 (4940879)|VARIABLE_ASSIGNMENT|[6]|data|{"debug":true,"input":"{\"mode\":\"fetchFollow (9 more) ...","operation":"BFFFollow_Controller"}|0x75b4c17e
16:02:59.0 (4946835)|STATEMENT_EXECUTE|[7]
16:02:59.0 (4956421)|HEAP_ALLOCATE|[7]|Bytes:6
16:02:59.0 (5039222)|HEAP_ALLOCATE|[7]|Bytes:177
16:02:59.0 (5065156)|HEAP_ALLOCATE|[7]|Bytes:183
16:02:59.0 (5088914)|USER_DEBUG|[7]|DEBUG|data::ETLC_ApexBridge_Data:[debug=true, input={"mode":"fetchFollowedUsers"}, isSuccess=null, messages=null, operation=BFFFollow_Controller, output=null, outputFlag=null, records=null]
16:02:59.0 (5096917)|STATEMENT_EXECUTE|[8]
16:02:59.0 (5156528)|VARIABLE_ASSIGNMENT|[EXTERNAL]|this|{"debug":true,"input":"{\"mode\":\"fetchFollow (9 more) ...","operation":"BFFFollow_Controller"}|0x75b4c17e
16:02:59.0 (5176896)|METHOD_ENTRY|[8]||System.Type.forName(String)
16:02:59.0 (5406119)|METHOD_EXIT|[8]||System.Type.forName(String)
16:02:59.0 (5418007)|METHOD_ENTRY|[8]||System.Type.newInstance()
16:02:59.0 (5611178)|STATEMENT_EXECUTE|[1]
16:02:59.0 (5624204)|HEAP_ALLOCATE|[33]|Bytes:5
16:02:59.0 (5645862)|METHOD_EXIT|[1]|BFFFollow_Controller
16:02:59.0 (5652173)|HEAP_ALLOCATE|[33]|Bytes:4
16:02:59.0 (5660584)|VARIABLE_SCOPE_BEGIN|[1]|this|BFFFollow_Controller|true|false
16:02:59.0 (5677267)|VARIABLE_ASSIGNMENT|[1]|this|{}|0x37a297d5
16:02:59.0 (5686951)|HEAP_ALLOCATE|[33]|Bytes:5
16:02:59.0 (5696346)|HEAP_ALLOCATE|[33]|Bytes:11
16:02:59.0 (5713818)|METHOD_ENTRY|[1]|01p50000002CIEj|ETLC_ApexBridge_Abstract.ETLC_ApexBridge_Abstract()
16:02:59.0 (5716593)|STATEMENT_EXECUTE|[1]
16:02:59.0 (5720672)|STATEMENT_EXECUTE|[1]
16:02:59.0 (5729400)|METHOD_EXIT|[1]|ETLC_ApexBridge_Abstract
16:02:59.0 (5738018)|CONSTRUCTOR_ENTRY|[EXTERNAL]|01p50000002CIEj|<init>()
16:02:59.0 (5760116)|VARIABLE_SCOPE_BEGIN|[1]|this|ETLC_ApexBridge_Abstract|true|false
16:02:59.0 (5775514)|VARIABLE_ASSIGNMENT|[1]|this|{}|0x37a297d5
16:02:59.0 (5789493)|STATEMENT_EXECUTE|[1]
16:02:59.0 (5794198)|CONSTRUCTOR_EXIT|[EXTERNAL]|01p50000002CIEj|<init>()
16:02:59.0 (5799799)|STATEMENT_EXECUTE|[1]
16:02:59.0 (5805022)|HEAP_ALLOCATE|[33]|Bytes:5
16:02:59.0 (5821586)|METHOD_EXIT|[8]||System.Type.newInstance()
16:02:59.0 (5829898)|VARIABLE_SCOPE_BEGIN|[8]|executor|ETLC_ApexBridge_Abstract|true|false
16:02:59.0 (5843327)|VARIABLE_ASSIGNMENT|[8]|executor|{}|0x37a297d5
16:02:59.0 (5845740)|STATEMENT_EXECUTE|[9]
16:02:59.0 (5882107)|METHOD_ENTRY|[9]|01p50000002D8iw|BFFFollow_Controller.process(ETLC_ApexBridge_Data)
16:02:59.0 (5911111)|VARIABLE_SCOPE_BEGIN|[3]|this|BFFFollow_Controller|true|false
16:02:59.0 (5925609)|VARIABLE_ASSIGNMENT|[3]|this|{}|0x37a297d5
16:02:59.0 (5930065)|VARIABLE_SCOPE_BEGIN|[3]|data|ETLC_ApexBridge_Data|true|false
16:02:59.0 (5953853)|VARIABLE_ASSIGNMENT|[3]|data|{"debug":true,"input":"{\"mode\":\"fetchFollow (9 more) ...","operation":"BFFFollow_Controller"}|0x75b4c17e
16:02:59.0 (5964026)|HEAP_ALLOCATE|[4]|Bytes:5
16:02:59.0 (5967803)|STATEMENT_EXECUTE|[3]
16:02:59.0 (5968907)|STATEMENT_EXECUTE|[4]
16:02:59.0 (6060065)|VARIABLE_ASSIGNMENT|[EXTERNAL]|this|{"debug":true,"input":"{\"mode\":\"fetchFollow (9 more) ...","operation":"BFFFollow_Controller"}|0x75b4c17e
16:02:59.0 (6083916)|VARIABLE_ASSIGNMENT|[4]|BFFFollow_Controller.debugFlag|true
16:02:59.0 (6122334)|VARIABLE_ASSIGNMENT|[EXTERNAL]|this|{"debug":true,"input":"{\"mode\":\"fetchFollow (9 more) ...","operation":"BFFFollow_Controller"}|0x75b4c17e
16:02:59.0 (6138196)|STATEMENT_EXECUTE|[5]
16:02:59.0 (6173218)|USER_DEBUG|[5]|DEBUG|ETLC_ApexBridge_Data:[debug=true, input={"mode":"fetchFollowedUsers"}, isSuccess=null, messages=null, operation=BFFFollow_Controller, output=null, outputFlag=null, records=null]
16:02:59.0 (6180749)|STATEMENT_EXECUTE|[7]
16:02:59.0 (6187887)|HEAP_ALLOCATE|[7]|Bytes:4
16:02:59.0 (6207101)|METHOD_ENTRY|[7]|01p50000002CIEo|ETLC_ApexBridge_Data.getInputValue(String)
16:02:59.0 (6229792)|VARIABLE_SCOPE_BEGIN|[52]|this|ETLC_ApexBridge_Data|true|false
16:02:59.0 (6256097)|VARIABLE_ASSIGNMENT|[52]|this|{"debug":true,"input":"{\"mode\":\"fetchFollow (9 more) ...","operation":"BFFFollow_Controller"}|0x75b4c17e
16:02:59.0 (6263036)|VARIABLE_SCOPE_BEGIN|[52]|key|String|false|false
16:02:59.0 (6267043)|VARIABLE_ASSIGNMENT|[52]|key|"mode"
16:02:59.0 (6271473)|STATEMENT_EXECUTE|[52]
16:02:59.0 (6273167)|STATEMENT_EXECUTE|[53]
16:02:59.0 (6325857)|VARIABLE_ASSIGNMENT|[EXTERNAL]|this|{"debug":true,"input":"{\"mode\":\"fetchFollow (9 more) ...","operation":"BFFFollow_Controller"}|0x75b4c17e
16:02:59.0 (6344954)|METHOD_ENTRY|[53]||System.JSON.deserializeUntyped(String)
16:02:59.0 (6593999)|METHOD_EXIT|[53]||System.JSON.deserializeUntyped(String)
16:02:59.0 (6604345)|VARIABLE_SCOPE_BEGIN|[53]|inputMap|Map<String,ANY>|true|false
16:02:59.0 (6636213)|VARIABLE_ASSIGNMENT|[53]|inputMap|{"s":1,"v":{"mode":"fetchFollowedUsers"}}|0x3296b746
16:02:59.0 (6639721)|STATEMENT_EXECUTE|[54]
16:02:59.0 (6686833)|METHOD_EXIT|[7]|01p50000002CIEo|ETLC_ApexBridge_Data.getInputValue(String)
16:02:59.0 (6694269)|VARIABLE_SCOPE_BEGIN|[7]|mode|String|false|false
16:02:59.0 (6701630)|VARIABLE_ASSIGNMENT|[7]|mode|"fetchFollowedUsers"
16:02:59.0 (6706587)|HEAP_ALLOCATE|[9]|Bytes:18
16:02:59.0 (6742342)|STATEMENT_EXECUTE|[9]
16:02:59.0 (6744074)|STATEMENT_EXECUTE|[10]
16:02:59.0 (6789451)|HEAP_ALLOCATE|[10]|Bytes:85
16:02:59.0 (6802290)|SYSTEM_METHOD_ENTRY|[1]|UserInfo.UserInfo()
16:02:59.0 (6804440)|STATEMENT_EXECUTE|[1]
16:02:59.0 (6815477)|SYSTEM_METHOD_EXIT|[1]|UserInfo
16:02:59.0 (6829033)|METHOD_ENTRY|[10]||System.UserInfo.getUserId()
16:02:59.0 (6864552)|METHOD_EXIT|[10]||System.UserInfo.getUserId()
16:02:59.0 (6882206)|HEAP_ALLOCATE|[10]|Bytes:4
16:02:59.0 (6903452)|METHOD_ENTRY|[10]|01p50000002D8iw|BFFFollow_Controller.fetchFollowedUsers(Id)
16:02:59.0 (6912397)|VARIABLE_SCOPE_BEGIN|[20]|this|BFFFollow_Controller|true|false
16:02:59.0 (6927433)|VARIABLE_ASSIGNMENT|[20]|this|{}|0x37a297d5
16:02:59.0 (6932361)|VARIABLE_SCOPE_BEGIN|[20]|followedById|Id|false|false
16:02:59.0 (7051444)|VARIABLE_ASSIGNMENT|[20]|followedById|"00550000005cg71AAA"
16:02:59.0 (7064203)|HEAP_ALLOCATE|[21]|Bytes:5
16:02:59.0 (7068486)|STATEMENT_EXECUTE|[20]
16:02:59.0 (7069920)|STATEMENT_EXECUTE|[21]
16:02:59.0 (7078670)|HEAP_ALLOCATE|[21]|Bytes:63
16:02:59.0 (7117835)|HEAP_ALLOCATE|[21]|Bytes:18
16:02:59.0 (7129728)|HEAP_ALLOCATE|[21]|Bytes:9
16:02:59.0 (7139947)|HEAP_ALLOCATE|[21]|Bytes:90
16:02:59.0 (7144553)|VARIABLE_SCOPE_BEGIN|[21]|soql|String|false|false
16:02:59.0 (7153554)|VARIABLE_ASSIGNMENT|[21]|soql|"SELECT FollowedUsers (70 more) ..."
16:02:59.0 (7156003)|STATEMENT_EXECUTE|[22]
16:02:59.0 (7157215)|STATEMENT_EXECUTE|[22]
16:02:59.0 (7164078)|STATEMENT_EXECUTE|[23]
16:02:59.0 (7165101)|STATEMENT_EXECUTE|[23]
16:02:59.0 (7172082)|HEAP_ALLOCATE|[23]|Bytes:24
16:02:59.0 (7178664)|HEAP_ALLOCATE|[23]|Bytes:114
16:02:59.0 (7207247)|USER_DEBUG|[23]|DEBUG|fetchFollowedUsers:soql:SELECT FollowedUsers__c FROM BFFFollow__c WHERE FollowedBy__c='00550000005cg71AAA' limit 1
16:02:59.0 (7214520)|STATEMENT_EXECUTE|[24]
16:02:59.0 (7307812)|HEAP_ALLOCATE|[24]|Bytes:9
16:02:59.0 (7314428)|HEAP_ALLOCATE|[24]|Bytes:29
16:02:59.0 (7317443)|HEAP_ALLOCATE|[24]|Bytes:21
16:02:59.0 (7329980)|METHOD_ENTRY|[7]|01p50000002CIEt|ETLC_SecuredDB.ETLC_SecuredDB()
16:02:59.0 (7332505)|STATEMENT_EXECUTE|[7]
16:02:59.0 (7335382)|STATEMENT_EXECUTE|[7]
16:02:59.0 (7340945)|HEAP_ALLOCATE|[24]|Bytes:5
16:02:59.0 (7353890)|METHOD_EXIT|[7]|ETLC_SecuredDB
16:02:59.0 (7372872)|METHOD_ENTRY|[24]|01p50000002CIEt|ETLC_SecuredDB.query(String)
16:02:59.0 (7392432)|VARIABLE_SCOPE_BEGIN|[10]|SOQL|String|false|false
16:02:59.0 (7401215)|VARIABLE_ASSIGNMENT|[10]|SOQL|"SELECT FollowedUsers (70 more) ..."
16:02:59.0 (7409816)|HEAP_ALLOCATE|[12]|Bytes:5
16:02:59.0 (7414002)|STATEMENT_EXECUTE|[10]
16:02:59.0 (7415271)|STATEMENT_EXECUTE|[12]
16:02:59.0 (7905772)|SOQL_EXECUTE_BEGIN|[12]|Aggregations:0|SELECT FollowedUsers__c FROM BFFFollow__c WHERE FollowedBy__c='00550000005cg71AAA' limit 1
16:02:59.0 (12580356)|SOQL_EXECUTE_END|[12]|Rows:1
16:02:59.0 (12609777)|HEAP_ALLOCATE|[12]|Bytes:8
16:02:59.0 (12622006)|HEAP_ALLOCATE|[12]|Bytes:111
16:02:59.0 (12700460)|HEAP_ALLOCATE|[12]|Bytes:8
16:02:59.0 (12726869)|VARIABLE_SCOPE_BEGIN|[12]|dbRecords|List<SObject>|true|false
16:02:59.0 (12785459)|VARIABLE_ASSIGNMENT|[12]|dbRecords|{"s":1,"v":[{"s":2,"v":{"FollowedUsers__c":"[{\"id\":\"00550000005c (38 more) ...","Id":"a005000000ezW4dAAE"}}]}|0x159dc984
16:02:59.0 (12791865)|STATEMENT_EXECUTE|[20]
16:02:59.0 (12918207)|HEAP_ALLOCATE|[20]|Bytes:12
16:02:59.0 (12925487)|HEAP_ALLOCATE|[20]|Bytes:8
16:02:59.0 (12999104)|HEAP_ALLOCATE|[20]|Bytes:12
16:02:59.0 (13004019)|HEAP_ALLOCATE|[20]|Bytes:9
16:02:59.0 (13018503)|HEAP_ALLOCATE|[20]|Bytes:12
16:02:59.0 (13021832)|HEAP_ALLOCATE|[20]|Bytes:8
16:02:59.0 (13032087)|HEAP_ALLOCATE|[20]|Bytes:12
16:02:59.0 (13035386)|HEAP_ALLOCATE|[20]|Bytes:8
16:02:59.0 (13045331)|HEAP_ALLOCATE|[20]|Bytes:12
16:02:59.0 (13048560)|HEAP_ALLOCATE|[20]|Bytes:9
16:02:59.0 (13089663)|METHOD_ENTRY|[20]|01p50000002CIEt|ETLC_SecuredDB.findFields(List<SObject>)
16:02:59.0 (13131333)|VARIABLE_SCOPE_BEGIN|[108]|dbRecords|List<SObject>|true|false
16:02:59.0 (13152260)|VARIABLE_ASSIGNMENT|[108]|dbRecords|{"s":1,"v":[{"s":2,"v":{"FollowedUsers__c":"[{\"id\":\"00550000005c (38 more) ...","Id":"a005000000ezW4dAAE"}}]}|0x159dc984
16:02:59.0 (13164195)|HEAP_ALLOCATE|[109]|Bytes:5
16:02:59.0 (13168561)|STATEMENT_EXECUTE|[108]
16:02:59.0 (13169953)|STATEMENT_EXECUTE|[109]
16:02:59.0 (13179174)|VARIABLE_SCOPE_BEGIN|[109]|strJSON|String|false|false
16:02:59.0 (13186843)|VARIABLE_ASSIGNMENT|[109]|strJSON|null
16:02:59.0 (13188628)|STATEMENT_EXECUTE|[110]
16:02:59.0 (13193118)|VARIABLE_SCOPE_BEGIN|[110]|mapFields|Map<String,Set<String>>|true|false
16:02:59.0 (13197815)|VARIABLE_ASSIGNMENT|[110]|mapFields|null|
16:02:59.0 (13199370)|STATEMENT_EXECUTE|[112]
16:02:59.0 (13215877)|METHOD_ENTRY|[112]||System.JSON.serialize(Object)
16:02:59.0 (13681936)|METHOD_EXIT|[112]||System.JSON.serialize(Object)
16:02:59.0 (13698220)|VARIABLE_ASSIGNMENT|[112]|strJSON|"[{\"attributes\":{\"typ (204 more) ..."
16:02:59.0 (13701789)|STATEMENT_EXECUTE|[113]
16:02:59.0 (13709710)|HEAP_ALLOCATE|[113]|Bytes:5
16:02:59.0 (13722515)|HEAP_ALLOCATE|[113]|Bytes:229
16:02:59.0 (13759045)|USER_DEBUG|[113]|DEBUG|JSON:[{"attributes":{"type":"BFFFollow__c","url":"/services/data/v37.0/sobjects/BFFFollow__c/a005000000ezW4dAAE"},"FollowedUsers__c":"[{\"id\":\"00550000005cg71AAA\",\"name\":\"Jaswinder Rattanpal\"}]","Id":"a005000000ezW4dAAE"}]
16:02:59.0 (13767917)|STATEMENT_EXECUTE|[114]
16:02:59.0 (13776346)|HEAP_ALLOCATE|[114]|Bytes:4
16:02:59.0 (13801449)|VARIABLE_ASSIGNMENT|[114]|mapFields|{"s":1,"v":{}}|0x39cfb9b3
16:02:59.0 (13804384)|STATEMENT_EXECUTE|[115]
16:02:59.0 (13816266)|METHOD_ENTRY|[115]||System.JSON.deserializeUntyped(String)
16:02:59.0 (14176115)|METHOD_EXIT|[115]||System.JSON.deserializeUntyped(String)
16:02:59.0 (14189757)|VARIABLE_SCOPE_BEGIN|[115]|records|List<ANY>|true|false
16:02:59.0 (14219802)|HEAP_ALLOCATE|[EXTERNAL]|Bytes:8
16:02:59.0 (14244567)|VARIABLE_ASSIGNMENT|[115]|records|{"s":1,"v":[{"s":2,"v":{"attributes":{"s":3,"v":{"type":"BFFFollow__c","url":"/services/data/v37.0 (41 more) ..."}},"FollowedUsers__c":"[{\"id\":\"00550000005c (38 more) ...","Id":"a005000000ezW4dAAE"}}]}|0x426596e7
16:02:59.0 (14290298)|HEAP_ALLOCATE|[116]|Bytes:5
16:02:59.0 (14307458)|HEAP_ALLOCATE|[116]|Bytes:16
16:02:59.0 (14318224)|VARIABLE_SCOPE_BEGIN|[116]|record|Object|false|false
16:02:59.0 (14341905)|VARIABLE_ASSIGNMENT|[116]|record|{"s":1,"v":{"attributes":{"s":2,"v":{"type":"BFFFollow__c","url":"/services/data/v37.0 (41 more) ..."}},"FollowedUsers__c":"[{\"id\":\"00550000005c (38 more) ...","Id":"a005000000ezW4dAAE"}}
16:02:59.0 (14346420)|STATEMENT_EXECUTE|[116]
16:02:59.0 (14347766)|STATEMENT_EXECUTE|[117]
16:02:59.0 (14375577)|METHOD_ENTRY|[117]|01p50000002CIEt|ETLC_SecuredDB.findFieldsRecursive(Map<String,Set<String>>, Map<String,ANY>)
16:02:59.0 (14402849)|VARIABLE_SCOPE_BEGIN|[124]|mapFields|Map<String,Set<String>>|true|false
16:02:59.0 (14415212)|VARIABLE_ASSIGNMENT|[124]|mapFields|{"s":1,"v":{}}|0x39cfb9b3
16:02:59.0 (14419979)|VARIABLE_SCOPE_BEGIN|[124]|record|Map<String,ANY>|true|false
16:02:59.0 (14433526)|VARIABLE_ASSIGNMENT|[124]|record|{"s":1,"v":{"attributes":{"s":2,"v":{"type":"BFFFollow__c","url":"/services/data/v37.0 (41 more) ..."}},"FollowedUsers__c":"[{\"id\":\"00550000005c (38 more) ...","Id":"a005000000ezW4dAAE"}}|0x412024b6
16:02:59.0 (14443105)|HEAP_ALLOCATE|[125]|Bytes:5
16:02:59.0 (14447292)|STATEMENT_EXECUTE|[124]
16:02:59.0 (14448448)|STATEMENT_EXECUTE|[125]
16:02:59.0 (14455271)|HEAP_ALLOCATE|[125]|Bytes:10
16:02:59.0 (14459846)|VARIABLE_SCOPE_BEGIN|[125]|strAttributes|String|false|false
16:02:59.0 (14465999)|VARIABLE_ASSIGNMENT|[125]|strAttributes|"attributes"
16:02:59.0 (14468051)|STATEMENT_EXECUTE|[126]
16:02:59.0 (14473196)|HEAP_ALLOCATE|[126]|Bytes:7
16:02:59.0 (14476580)|VARIABLE_SCOPE_BEGIN|[126]|strRecord|String|false|false
16:02:59.0 (14481339)|VARIABLE_ASSIGNMENT|[126]|strRecord|"records"
16:02:59.0 (14517429)|STATEMENT_EXECUTE|[127]
16:02:59.0 (14519567)|STATEMENT_EXECUTE|[128]
16:02:59.0 (14554113)|VARIABLE_SCOPE_BEGIN|[128]|attributes|Map<String,ANY>|true|false
16:02:59.0 (14571289)|VARIABLE_ASSIGNMENT|[128]|attributes|{"s":1,"v":{"type":"BFFFollow__c","url":"/services/data/v37.0 (41 more) ..."}}|0x4265d867
16:02:59.0 (14574751)|STATEMENT_EXECUTE|[129]
16:02:59.0 (14582515)|HEAP_ALLOCATE|[129]|Bytes:4
16:02:59.0 (14614762)|VARIABLE_SCOPE_BEGIN|[129]|objectName|String|false|false
16:02:59.0 (14622865)|VARIABLE_ASSIGNMENT|[129]|objectName|"BFFFollow__c"
16:02:59.0 (14632002)|HEAP_ALLOCATE|[130]|Bytes:4
16:02:59.0 (14701787)|HEAP_ALLOCATE|[130]|Bytes:44
16:02:59.0 (14722190)|HEAP_ALLOCATE|[130]|Bytes:12
16:02:59.0 (14747080)|HEAP_ALLOCATE|[130]|Bytes:5
16:02:59.0 (14761388)|VARIABLE_SCOPE_BEGIN|[130]|fieldName|String|false|false
16:02:59.0 (14769455)|VARIABLE_ASSIGNMENT|[130]|fieldName|"attributes"
16:02:59.0 (14772257)|STATEMENT_EXECUTE|[130]
16:02:59.0 (14773383)|STATEMENT_EXECUTE|[131]
16:02:59.0 (14814862)|VARIABLE_SCOPE_BEGIN|[131]|field|Object|false|false
16:02:59.0 (14833942)|VARIABLE_ASSIGNMENT|[131]|field|{"s":1,"v":{"type":"BFFFollow__c","url":"/services/data/v37.0 (41 more) ..."}}
16:02:59.0 (14856233)|STATEMENT_EXECUTE|[132]
16:02:59.0 (14873625)|HEAP_ALLOCATE|[130]|Bytes:5
16:02:59.0 (14886088)|VARIABLE_SCOPE_BEGIN|[130]|fieldName|String|false|false
16:02:59.0 (14892987)|VARIABLE_ASSIGNMENT|[130]|fieldName|"FollowedUsers__c"
16:02:59.0 (14895453)|STATEMENT_EXECUTE|[130]
16:02:59.0 (14900852)|STATEMENT_EXECUTE|[131]
16:02:59.0 (14921273)|VARIABLE_SCOPE_BEGIN|[131]|field|Object|false|false
16:02:59.0 (14932525)|VARIABLE_ASSIGNMENT|[131]|field|"[{\"id\":\"00550000005c (38 more) ..."
16:02:59.0 (14944175)|HEAP_ALLOCATE|[134]|Bytes:68
16:02:59.0 (14966908)|STATEMENT_EXECUTE|[136]
16:02:59.0 (14968849)|STATEMENT_EXECUTE|[137]
16:02:59.0 (14979259)|HEAP_ALLOCATE|[137]|Bytes:4
16:02:59.0 (15014743)|VARIABLE_SCOPE_BEGIN|[137]|fieldNames|Set<String>|true|false
16:02:59.0 (15038053)|VARIABLE_ASSIGNMENT|[137]|fieldNames|{"s":1,"v":[]}|0x6a3f3b9
16:02:59.0 (15070628)|STATEMENT_EXECUTE|[138]
16:02:59.0 (15076945)|STATEMENT_EXECUTE|[139]
16:02:59.0 (15102067)|HEAP_ALLOCATE|[EXTERNAL]|Bytes:4
16:02:59.0 (15109913)|STATEMENT_EXECUTE|[140]
16:02:59.0 (15138063)|HEAP_ALLOCATE|[EXTERNAL]|Bytes:-4
16:02:59.0 (15153730)|HEAP_ALLOCATE|[130]|Bytes:5
16:02:59.0 (15165857)|VARIABLE_SCOPE_BEGIN|[130]|fieldName|String|false|false
16:02:59.0 (15172972)|VARIABLE_ASSIGNMENT|[130]|fieldName|"Id"
16:02:59.0 (15175323)|STATEMENT_EXECUTE|[130]
16:02:59.0 (15176380)|STATEMENT_EXECUTE|[131]
16:02:59.0 (15196321)|VARIABLE_SCOPE_BEGIN|[131]|field|Object|false|false
16:02:59.0 (15204864)|VARIABLE_ASSIGNMENT|[131]|field|"a005000000ezW4dAAE"
16:02:59.0 (15221181)|STATEMENT_EXECUTE|[136]
16:02:59.0 (15222792)|STATEMENT_EXECUTE|[137]
16:02:59.0 (15230979)|HEAP_ALLOCATE|[137]|Bytes:4
16:02:59.0 (15242159)|VARIABLE_SCOPE_BEGIN|[137]|fieldNames|Set<String>|true|false
16:02:59.0 (15258716)|VARIABLE_ASSIGNMENT|[137]|fieldNames|{"s":1,"v":[]}|0x689f9f24
16:02:59.0 (15271498)|STATEMENT_EXECUTE|[138]
16:02:59.0 (15298818)|VARIABLE_ASSIGNMENT|[138]|fieldNames|{"s":1,"v":["FollowedUsers__c"]}|0x6a3f3b9
16:02:59.0 (15302291)|STATEMENT_EXECUTE|[139]
16:02:59.0 (15312719)|HEAP_ALLOCATE|[EXTERNAL]|Bytes:4
16:02:59.0 (15317951)|STATEMENT_EXECUTE|[140]
16:02:59.0 (15339761)|HEAP_ALLOCATE|[130]|Bytes:5
16:02:59.0 (15351700)|VARIABLE_ASSIGNMENT|[130]|fieldName|null
16:02:59.0 (15363358)|METHOD_EXIT|[117]|01p50000002CIEt|ETLC_SecuredDB.findFieldsRecursive(Map<String,Set<String>>, Map<String,ANY>)
16:02:59.0 (15373905)|HEAP_ALLOCATE|[116]|Bytes:5
16:02:59.0 (15389263)|VARIABLE_ASSIGNMENT|[116]|record|null
16:02:59.0 (15395912)|HEAP_ALLOCATE|[119]|Bytes:4
16:02:59.0 (15426669)|HEAP_ALLOCATE|[119]|Bytes:20
16:02:59.0 (15439331)|HEAP_ALLOCATE|[119]|Bytes:4
16:02:59.0 (15457496)|HEAP_ALLOCATE|[119]|Bytes:5
16:02:59.0 (15469776)|VARIABLE_SCOPE_BEGIN|[119]|objectName|String|false|false
16:02:59.0 (15477165)|VARIABLE_ASSIGNMENT|[119]|objectName|"BFFFollow__c"
16:02:59.0 (15479797)|STATEMENT_EXECUTE|[119]
16:02:59.0 (15480919)|STATEMENT_EXECUTE|[120]
16:02:59.0 (15494633)|HEAP_ALLOCATE|[120]|Bytes:2
16:02:59.0 (15553988)|HEAP_ALLOCATE|[120]|Bytes:22
16:02:59.0 (15568336)|HEAP_ALLOCATE|[120]|Bytes:36
16:02:59.0 (15579369)|USER_DEBUG|[120]|DEBUG|BFFFollow__c: {FollowedUsers__c, Id}
16:02:59.0 (15592199)|HEAP_ALLOCATE|[119]|Bytes:5
16:02:59.0 (15603734)|VARIABLE_ASSIGNMENT|[119]|objectName|null
16:02:59.0 (15606879)|STATEMENT_EXECUTE|[122]
16:02:59.0 (15619484)|METHOD_EXIT|[20]|01p50000002CIEt|ETLC_SecuredDB.findFields(List<SObject>)
16:02:59.0 (15640663)|METHOD_ENTRY|[20]|01p50000002CIEt|ETLC_SecuredDB.validate(ETLC_SecuredDB.Operation, Map<String,Set<String>>)
16:02:59.0 (15648895)|VARIABLE_SCOPE_BEGIN|[55]|op|ETLC_SecuredDB.Operation|true|false
16:02:59.0 (15670088)|VARIABLE_ASSIGNMENT|[55]|op|"Querying"|0x28da0315
16:02:59.0 (15674629)|VARIABLE_SCOPE_BEGIN|[55]|mapFieldNames|Map<String,Set<String>>|true|false
16:02:59.0 (15691111)|VARIABLE_ASSIGNMENT|[55]|mapFieldNames|{"s":1,"v":{"BFFFollow__c":{"s":2,"v":["FollowedUsers__c","Id"]}}}|0x39cfb9b3
16:02:59.0 (15700209)|HEAP_ALLOCATE|[56]|Bytes:5
16:02:59.0 (15704716)|STATEMENT_EXECUTE|[55]
16:02:59.0 (15706147)|STATEMENT_EXECUTE|[56]
16:02:59.0 (15713758)|VARIABLE_SCOPE_BEGIN|[56]|securityMessage|String|false|false
16:02:59.0 (15719334)|VARIABLE_ASSIGNMENT|[56]|securityMessage|null
16:02:59.0 (15720895)|STATEMENT_EXECUTE|[57]
16:02:59.0 (26311931)|HEAP_ALLOCATE|[57]|Bytes:1256
16:02:59.0 (26350421)|VARIABLE_SCOPE_BEGIN|[57]|mapObjects|Map<String,Schema.SObjectType>|true|false
16:02:59.0 (26610213)|VARIABLE_ASSIGNMENT|[57]|mapObjects|"{acceptedeventrelation=AcceptedEventRelation, account=Account, accountcontactrole=AccountContactRole, accounthistory=AccountHistory, accountpartner=AccountPartner, accountshare=AccountShare, actionlinkgrouptemplate=ActionLinkGroupTemplate, actionlinktemplate=ActionLinkTemplate, activityhistory=ActivityHistory, additionalnumber=AdditionalNumber, ...}"|0x44104089
16:02:59.0 (26629309)|HEAP_ALLOCATE|[58]|Bytes:4
16:02:59.0 (26710966)|HEAP_ALLOCATE|[58]|Bytes:20
16:02:59.0 (26731975)|HEAP_ALLOCATE|[58]|Bytes:4
16:02:59.0 (26762824)|HEAP_ALLOCATE|[58]|Bytes:5
16:02:59.0 (26784516)|VARIABLE_SCOPE_BEGIN|[58]|sObjectName|String|false|false
16:02:59.0 (26796008)|VARIABLE_ASSIGNMENT|[58]|sObjectName|"BFFFollow__c"
16:02:59.0 (26801672)|STATEMENT_EXECUTE|[58]
16:02:59.0 (26803294)|STATEMENT_EXECUTE|[59]
16:02:59.0 (26824704)|HEAP_ALLOCATE|[59]|Bytes:9
16:02:59.0 (26828622)|HEAP_ALLOCATE|[59]|Bytes:7
16:02:59.0 (26900647)|HEAP_ALLOCATE|[59]|Bytes:8
16:02:59.0 (26913675)|HEAP_ALLOCATE|[59]|Bytes:1
16:02:59.0 (26928448)|HEAP_ALLOCATE|[59]|Bytes:37
16:02:59.0 (26939836)|VARIABLE_ASSIGNMENT|[59]|securityMessage|"CRUD on [BFFFollow__ (17 more) ..."
16:02:59.0 (26943431)|STATEMENT_EXECUTE|[60]
16:02:59.0 (26950610)|HEAP_ALLOCATE|[60]|Bytes:10
16:02:59.0 (26956992)|HEAP_ALLOCATE|[60]|Bytes:47
16:02:59.0 (26996778)|USER_DEBUG|[60]|DEBUG|Checking: CRUD on [BFFFollow__c] for [Querying]
16:02:59.0 (27003995)|STATEMENT_EXECUTE|[61]
16:02:59.0 (27311011)|HEAP_ALLOCATE|[61]|Bytes:4
16:02:59.0 (27360160)|VARIABLE_SCOPE_BEGIN|[61]|drSObj|Schema.DescribeSObjectResult|true|false
16:02:59.0 (27452440)|VARIABLE_ASSIGNMENT|[61]|drSObj|"common.api.soap.wsdl.DescribeSObjectResult@a54f9caa"|0x49458fa4
16:02:59.0 (27594081)|STATEMENT_EXECUTE|[64]
16:02:59.0 (27620169)|STATEMENT_EXECUTE|[65]
16:02:59.0 (27675564)|STATEMENT_EXECUTE|[77]
16:02:59.0 (27678095)|STATEMENT_EXECUTE|[79]
16:02:59.0 (27926086)|HEAP_ALLOCATE|[79]|Bytes:56
16:02:59.0 (27936836)|VARIABLE_SCOPE_BEGIN|[79]|mapFields|Map<String,Schema.SObjectField>|true|false
16:02:59.0 (28108437)|VARIABLE_ASSIGNMENT|[79]|mapFields|"{createdbyid=CreatedById, createddate=CreatedDate, followedby__c=FollowedBy__c, followedusers__c=FollowedUsers__c, id=Id, isdeleted=IsDeleted, lastmodifiedbyid=LastModifiedById, lastmodifieddate=LastModifiedDate, lastreferenceddate=LastReferencedDate, lastvieweddate=LastViewedDate, ...}"|0x317fef32
16:02:59.0 (28125270)|HEAP_ALLOCATE|[80]|Bytes:4
16:02:59.0 (28169509)|HEAP_ALLOCATE|[80]|Bytes:8
16:02:59.0 (28190329)|HEAP_ALLOCATE|[80]|Bytes:5
16:02:59.0 (28203555)|VARIABLE_SCOPE_BEGIN|[80]|fieldName|String|false|false
16:02:59.0 (28212009)|VARIABLE_ASSIGNMENT|[80]|fieldName|"FollowedUsers__c"
16:02:59.0 (28214937)|STATEMENT_EXECUTE|[80]
16:02:59.0 (28216151)|STATEMENT_EXECUTE|[81]
16:02:59.0 (28568743)|HEAP_ALLOCATE|[81]|Bytes:8
16:02:59.0 (28601975)|VARIABLE_SCOPE_BEGIN|[81]|drField|Schema.DescribeFieldResult|true|false
16:02:59.0 (28685875)|VARIABLE_ASSIGNMENT|[81]|drField|"common.api.soap.wsdl.Field@788bccdf"|0x3b04d708
16:02:59.0 (28708291)|STATEMENT_EXECUTE|[82]
16:02:59.0 (28709889)|STATEMENT_EXECUTE|[83]
16:02:59.0 (28718878)|HEAP_ALLOCATE|[83]|Bytes:8
16:02:59.0 (28722599)|HEAP_ALLOCATE|[83]|Bytes:1
16:02:59.0 (28763050)|HEAP_ALLOCATE|[83]|Bytes:8
16:02:59.0 (28784809)|HEAP_ALLOCATE|[83]|Bytes:52
16:02:59.0 (28790517)|HEAP_ALLOCATE|[83]|Bytes:53
16:02:59.0 (28800326)|VARIABLE_ASSIGNMENT|[83]|securityMessage|"FLS on [BFFFollow__c (33 more) ..."
16:02:59.0 (28803356)|STATEMENT_EXECUTE|[84]
16:02:59.0 (28812770)|HEAP_ALLOCATE|[84]|Bytes:63
16:02:59.0 (28837373)|USER_DEBUG|[84]|DEBUG|Checking: FLS on [BFFFollow__c.FollowedUsers__c] for [Querying]
16:02:59.0 (28935172)|STATEMENT_EXECUTE|[87]
16:02:59.0 (28951995)|STATEMENT_EXECUTE|[88]
16:02:59.0 (28969405)|HEAP_ALLOCATE|[80]|Bytes:5
16:02:59.0 (28982512)|VARIABLE_SCOPE_BEGIN|[80]|fieldName|String|false|false
16:02:59.0 (28990046)|VARIABLE_ASSIGNMENT|[80]|fieldName|"Id"
16:02:59.0 (28992470)|STATEMENT_EXECUTE|[80]
16:02:59.0 (28993473)|STATEMENT_EXECUTE|[81]
16:02:59.0 (29141687)|HEAP_ALLOCATE|[81]|Bytes:8
16:02:59.0 (29153646)|VARIABLE_SCOPE_BEGIN|[81]|drField|Schema.DescribeFieldResult|true|false
16:02:59.0 (29231561)|VARIABLE_ASSIGNMENT|[81]|drField|"common.api.soap.wsdl.Field@ed713bff"|0x7eb3a107
16:02:59.0 (29244062)|STATEMENT_EXECUTE|[99]
16:02:59.0 (29245461)|STATEMENT_EXECUTE|[100]
16:02:59.0 (29254274)|HEAP_ALLOCATE|[100]|Bytes:22
16:02:59.0 (29294377)|HEAP_ALLOCATE|[100]|Bytes:8
16:02:59.0 (29309227)|HEAP_ALLOCATE|[100]|Bytes:52
16:02:59.0 (29313130)|HEAP_ALLOCATE|[100]|Bytes:35
16:02:59.0 (29317160)|HEAP_ALLOCATE|[100]|Bytes:87
16:02:59.0 (29327691)|USER_DEBUG|[100]|DEBUG|Bypass Check: FLS on [BFFFollow__c.Id] for [Querying] since it's not isPermissionable()
16:02:59.0 (29341615)|HEAP_ALLOCATE|[80]|Bytes:5
16:02:59.0 (29355526)|VARIABLE_ASSIGNMENT|[80]|fieldName|null
16:02:59.0 (29365404)|HEAP_ALLOCATE|[58]|Bytes:5
16:02:59.0 (29374144)|VARIABLE_ASSIGNMENT|[58]|sObjectName|null
16:02:59.0 (29391936)|METHOD_EXIT|[20]|01p50000002CIEt|ETLC_SecuredDB.validate(ETLC_SecuredDB.Operation, Map<String,Set<String>>)
16:02:59.0 (29396737)|STATEMENT_EXECUTE|[21]
16:02:59.0 (29410254)|METHOD_EXIT|[24]|01p50000002CIEt|ETLC_SecuredDB.query(String)
16:02:59.0 (29416795)|VARIABLE_SCOPE_BEGIN|[24]|dbRecords|List<SObject>|true|false
16:02:59.0 (29463939)|VARIABLE_ASSIGNMENT|[24]|dbRecords|{"s":1,"v":[{"s":2,"v":{"FollowedUsers__c":"[{\"id\":\"00550000005c (38 more) ...","Id":"a005000000ezW4dAAE"}}]}|0x159dc984
16:02:59.0 (29473663)|STATEMENT_EXECUTE|[25]
16:02:59.0 (29474990)|STATEMENT_EXECUTE|[25]
16:02:59.0 (29544876)|USER_DEBUG|[25]|DEBUG|(BFFFollow__c:{FollowedUsers__c=[{"id":"00550000005cg71AAA","name":"Jaswinder Rattanpal"}], Id=a005000000ezW4dAAE})
16:02:59.0 (29676265)|STATEMENT_EXECUTE|[26]
16:02:59.0 (29681776)|STATEMENT_EXECUTE|[27]
16:02:59.0 (29682918)|STATEMENT_EXECUTE|[28]
16:02:59.0 (29692209)|HEAP_ALLOCATE|[28]|Bytes:18
16:02:59.0 (29705682)|HEAP_ALLOCATE|[28]|Bytes:12
16:02:59.0 (29713044)|HEAP_ALLOCATE|[28]|Bytes:16
16:02:59.0 (29786082)|HEAP_ALLOCATE|[28]|Bytes:58
16:02:59.0 (29806659)|HEAP_ALLOCATE|[28]|Bytes:58
16:02:59.0 (29816051)|HEAP_ALLOCATE|[28]|Bytes:76
16:02:59.0 (29826142)|USER_DEBUG|[28]|DEBUG|FollowedUsers__c::[{"id":"00550000005cg71AAA","name":"Jaswinder Rattanpal"}]
16:02:59.0 (29831647)|STATEMENT_EXECUTE|[30]
16:02:59.0 (29844327)|HEAP_ALLOCATE|[30]|Bytes:12
16:02:59.0 (29893700)|HEAP_ALLOCATE|[30]|Bytes:58
16:02:59.0 (29918451)|METHOD_EXIT|[10]|01p50000002D8iw|BFFFollow_Controller.fetchFollowedUsers(Id)
16:02:59.0 (30009704)|VARIABLE_ASSIGNMENT|[EXTERNAL]|this|{"debug":true,"input":"{\"mode\":\"fetchFollow (9 more) ...","operation":"BFFFollow_Controller"}|0x75b4c17e
16:02:59.0 (30022800)|VARIABLE_ASSIGNMENT|[EXTERNAL]|value|"[{\"id\":\"00550000005c (38 more) ..."
16:02:59.0 (30040165)|VARIABLE_ASSIGNMENT|[12]|this.output|"[{\"id\":\"00550000005c (38 more) ..."|0x75b4c17e
16:02:59.0 (30048008)|STATEMENT_EXECUTE|[11]
16:02:59.0 (30113871)|VARIABLE_ASSIGNMENT|[EXTERNAL]|this|{"debug":true,"input":"{\"mode\":\"fetchFollow (9 more) ...","operation":"BFFFollow_Controller","output":"[{\"id\":\"00550000005c (38 more) ..."}|0x75b4c17e
16:02:59.0 (30178554)|VARIABLE_ASSIGNMENT|[EXTERNAL]|this|{"debug":true,"input":"{\"mode\":\"fetchFollow (9 more) ...","operation":"BFFFollow_Controller","output":"[{\"id\":\"00550000005c (38 more) ..."}|0x75b4c17e
16:02:59.0 (30189452)|VARIABLE_ASSIGNMENT|[EXTERNAL]|value|true
16:02:59.0 (30194824)|HEAP_ALLOCATE|[15]|Bytes:5
16:02:59.0 (30202390)|VARIABLE_ASSIGNMENT|[15]|this.outputFlag|true|0x75b4c17e
16:02:59.0 (30212226)|STATEMENT_EXECUTE|[12]
16:02:59.0 (30213645)|STATEMENT_EXECUTE|[12]
16:02:59.0 (30264153)|USER_DEBUG|[12]|DEBUG|ETLC_ApexBridge_Data:[debug=true, input={"mode":"fetchFollowedUsers"}, isSuccess=null, messages=null, operation=BFFFollow_Controller, output=[{"id":"00550000005cg71AAA","name":"Jaswinder Rattanpal"}], outputFlag=true, records=null]
16:02:59.0 (30279629)|METHOD_EXIT|[9]|01p50000002D8iw|BFFFollow_Controller.process(ETLC_ApexBridge_Data)
16:02:59.0 (30283785)|STATEMENT_EXECUTE|[24]
16:02:59.0 (30305294)|METHOD_ENTRY|[24]|01p50000002CIEo|ETLC_ApexBridge_Data.toJSON()
16:02:59.0 (30325298)|VARIABLE_SCOPE_BEGIN|[57]|this|ETLC_ApexBridge_Data|true|false
16:02:59.0 (30354361)|VARIABLE_ASSIGNMENT|[57]|this|{"debug":true,"input":"{\"mode\":\"fetchFollow (9 more) ...","operation":"BFFFollow_Controller","output":"[{\"id\":\"00550000005c (38 more) ...","outputFlag":true}|0x75b4c17e
16:02:59.0 (30360494)|STATEMENT_EXECUTE|[57]
16:02:59.0 (30361583)|STATEMENT_EXECUTE|[58]
16:02:59.0 (30379347)|METHOD_ENTRY|[58]||System.JSON.serialize(Object)
16:02:59.0 (30470888)|STATEMENT_EXECUTE|[22]
16:02:59.0 (30474842)|STATEMENT_EXECUTE|[23]
16:02:59.0 (30483712)|HEAP_ALLOCATE|[23]|Bytes:5
16:02:59.0 (30493226)|VARIABLE_ASSIGNMENT|[23]|this.isSuccess|true|0x75b4c17e
16:02:59.0 (30495537)|STATEMENT_EXECUTE|[24]
16:02:59.0 (30537873)|STATEMENT_EXECUTE|[31]
16:02:59.0 (30541285)|STATEMENT_EXECUTE|[32]
16:02:59.0 (30550947)|HEAP_ALLOCATE|[32]|Bytes:4
16:02:59.0 (30635318)|VARIABLE_ASSIGNMENT|[32]|this.messages|{"s":1,"v":{}}|0x75b4c17e
16:02:59.0 (30639435)|STATEMENT_EXECUTE|[33]
16:02:59.0 (30996379)|METHOD_EXIT|[58]||System.JSON.serialize(Object)
16:02:59.0 (31003158)|METHOD_EXIT|[24]|01p50000002CIEo|ETLC_ApexBridge_Data.toJSON()
16:02:59.0 (31014267)|SYSTEM_MODE_EXIT|false
16:02:59.31 (31072194)|CUMULATIVE_LIMIT_USAGE
16:02:59.31 (31072194)|LIMIT_USAGE_FOR_NS|(default)|
  Number of SOQL queries: 1 out of 100
  Number of query rows: 1 out of 50000
  Number of SOSL queries: 0 out of 20
  Number of DML statements: 0 out of 150
  Number of DML rows: 0 out of 10000
  Maximum CPU time: 0 out of 10000
  Maximum heap size: 0 out of 6000000
  Number of callouts: 0 out of 100
  Number of Email Invocations: 0 out of 10
  Number of future calls: 0 out of 50
  Number of queueable jobs added to the queue: 0 out of 50
  Number of Mobile Apex push calls: 0 out of 10

16:02:59.31 (31072194)|CUMULATIVE_LIMIT_USAGE_END

16:02:59.0 (31133428)|CODE_UNIT_FINISHED|ETLC_ApexBridge_Controller.execute
