37.0 APEX_CODE,FINEST;APEX_PROFILING,INFO;CALLOUT,INFO;DB,INFO;SYSTEM,DEBUG;VALIDATION,INFO;VISUALFORCE,INFO;WORKFLOW,INFO
16:08:59.0 (438140)|USER_INFO|[EXTERNAL]|00550000005cg71|bfffollow@jr.te|Eastern Standard Time|GMT-04:00
16:08:59.0 (896278)|HEAP_ALLOCATE|[72]|Bytes:3
16:08:59.0 (935620)|HEAP_ALLOCATE|[77]|Bytes:152
16:08:59.0 (954789)|HEAP_ALLOCATE|[342]|Bytes:408
16:08:59.0 (980373)|HEAP_ALLOCATE|[355]|Bytes:408
16:08:59.0 (1004130)|HEAP_ALLOCATE|[467]|Bytes:48
16:08:59.2 (2110673)|USER_INFO|[EXTERNAL]|00550000005cg71|bfffollow@jr.te|Eastern Standard Time|GMT-04:00
16:08:59.2 (2676406)|STATEMENT_EXECUTE|[1]
16:08:59.2 (2691700)|METHOD_EXIT|[1]|ETLC_ApexBridge_Controller
16:08:59.2 (2701325)|HEAP_ALLOCATE|[EXTERNAL]|Bytes:93
16:08:59.2 (2716617)|SYSTEM_MODE_ENTER|false
16:08:59.2 (2728351)|VARIABLE_SCOPE_BEGIN|[3]|dataJson|String|false|false
16:08:59.2 (2768845)|VARIABLE_ASSIGNMENT|[3]|dataJson|"{\"operation\":\"BFFFol (73 more) ..."
16:08:59.2 (2789335)|STATEMENT_EXECUTE|[3]
16:08:59.2 (2791990)|STATEMENT_EXECUTE|[4]
16:08:59.2 (3471789)|VARIABLE_SCOPE_BEGIN|[4]|data|BFFFollow.ETLC_ApexBridge_Data|true|false
16:08:59.2 (3493061)|VARIABLE_ASSIGNMENT|[4]|data|null|
16:08:59.2 (3497824)|STATEMENT_EXECUTE|[5]
16:08:59.2 (3499853)|STATEMENT_EXECUTE|[5]
16:08:59.2 (3501631)|STATEMENT_EXECUTE|[6]
16:08:59.2 (3525831)|HEAP_ALLOCATE|[6]|Bytes:11
16:08:59.2 (3537771)|HEAP_ALLOCATE|[6]|Bytes:248
16:08:59.2 (3543223)|HEAP_ALLOCATE|[6]|Bytes:39
16:08:59.2 (3582541)|METHOD_ENTRY|[2]|01p50000002CIEo|ETLC_ApexBridge_Data.ETLC_ApexBridge_Data()
16:08:59.2 (3586912)|STATEMENT_EXECUTE|[2]
16:08:59.2 (3590822)|STATEMENT_EXECUTE|[2]
16:08:59.2 (3596654)|METHOD_EXIT|[2]|ETLC_ApexBridge_Data
16:08:59.2 (3613006)|METHOD_ENTRY|[6]|01p50000002CIEo|BFFFollow.ETLC_ApexBridge_Data.fromJSON(String)
16:08:59.2 (3629729)|VARIABLE_SCOPE_BEGIN|[60]|strJson|String|false|false
16:08:59.2 (3640157)|VARIABLE_ASSIGNMENT|[60]|strJson|"{\"operation\":\"BFFFol (73 more) ..."
16:08:59.2 (3645520)|STATEMENT_EXECUTE|[60]
16:08:59.2 (3646819)|STATEMENT_EXECUTE|[61]
16:08:59.2 (3656377)|HEAP_ALLOCATE|[61]|Bytes:30
16:08:59.2 (3674043)|HEAP_ALLOCATE|[50]|Bytes:5
16:08:59.2 (3695018)|HEAP_ALLOCATE|[56]|Bytes:5
16:08:59.2 (3712879)|HEAP_ALLOCATE|[64]|Bytes:7
16:08:59.2 (3824992)|HEAP_ALLOCATE|[61]|Bytes:24
16:08:59.2 (3848143)|SYSTEM_METHOD_ENTRY|[1]|Type.Type()
16:08:59.2 (3853104)|STATEMENT_EXECUTE|[1]
16:08:59.2 (3872804)|SYSTEM_METHOD_EXIT|[1]|Type
16:08:59.2 (3882333)|HEAP_ALLOCATE|[61]|Bytes:8
16:08:59.2 (3914473)|HEAP_ALLOCATE|[61]|Bytes:8
16:08:59.2 (3923897)|VARIABLE_SCOPE_BEGIN|[4]|this|System.Type|true|false
16:08:59.2 (3960814)|VARIABLE_ASSIGNMENT|[4]|this|{}|0xba48fc8
16:08:59.2 (3966971)|VARIABLE_SCOPE_BEGIN|[4]|apextype|java:common.apex.runtime.ApexObjectType|true|false
16:08:59.2 (4213615)|VARIABLE_ASSIGNMENT|[4]|apextype|"BFFFollow.ETLC_ApexBridge_Data"|0x18fbf7cd
16:08:59.2 (4368828)|HEAP_ALLOCATE|[61]|Bytes:8
16:08:59.2 (4421312)|HEAP_ALLOCATE|[61]|Bytes:24
16:08:59.2 (4440592)|SYSTEM_METHOD_ENTRY|[1]|JSON.JSON()
16:08:59.2 (4445045)|STATEMENT_EXECUTE|[1]
16:08:59.2 (4457967)|SYSTEM_METHOD_EXIT|[1]|JSON
16:08:59.2 (4476935)|METHOD_ENTRY|[61]||System.JSON.deserializeStrict(String, System.Type)
16:08:59.2 (4873188)|METHOD_EXIT|[61]||System.JSON.deserializeStrict(String, System.Type)
16:08:59.2 (4895601)|METHOD_EXIT|[6]|01p50000002CIEo|BFFFollow.ETLC_ApexBridge_Data.fromJSON(String)
16:08:59.2 (4952394)|VARIABLE_ASSIGNMENT|[6]|data|{"debug":true,"input":"{\"mode\":\"fetchFollow (9 more) ...","operation":"BFFFollow_Controller"}|0x43bbe74f
16:08:59.2 (4960716)|STATEMENT_EXECUTE|[7]
16:08:59.2 (4975750)|HEAP_ALLOCATE|[7]|Bytes:6
16:08:59.2 (5023317)|ENTERING_MANAGED_PKG|
16:08:59.2 (5098170)|HEAP_ALLOCATE|[7]|Bytes:177
16:08:59.2 (5134018)|HEAP_ALLOCATE|[7]|Bytes:183
16:08:59.2 (5167525)|ENTERING_MANAGED_PKG|
16:08:59.2 (5177238)|USER_DEBUG|[7]|DEBUG|data::ETLC_ApexBridge_Data:[debug=true, input={"mode":"fetchFollowedUsers"}, isSuccess=null, messages=null, operation=BFFFollow_Controller, output=null, outputFlag=null, records=null]
16:08:59.2 (5190401)|STATEMENT_EXECUTE|[8]
16:08:59.2 (5317616)|VARIABLE_ASSIGNMENT|[EXTERNAL]|this|{"debug":true,"input":"{\"mode\":\"fetchFollow (9 more) ...","operation":"BFFFollow_Controller"}|0x43bbe74f
16:08:59.2 (5350844)|METHOD_ENTRY|[8]||System.Type.forName(String)
16:08:59.2 (5990992)|METHOD_EXIT|[8]||System.Type.forName(String)
16:08:59.2 (6002699)|METHOD_ENTRY|[8]||System.Type.newInstance()
16:08:59.2 (6553225)|STATEMENT_EXECUTE|[1]
16:08:59.2 (6563918)|HEAP_ALLOCATE|[33]|Bytes:5
16:08:59.2 (6578102)|METHOD_EXIT|[1]|BFFFollow_Controller
16:08:59.2 (6583852)|HEAP_ALLOCATE|[33]|Bytes:4
16:08:59.2 (6588843)|VARIABLE_SCOPE_BEGIN|[1]|this|BFFFollow.BFFFollow_Controller|true|false
16:08:59.2 (6606671)|VARIABLE_ASSIGNMENT|[1]|this|{}|0x36cbb5ca
16:08:59.2 (6615646)|HEAP_ALLOCATE|[33]|Bytes:5
16:08:59.2 (6626640)|HEAP_ALLOCATE|[33]|Bytes:11
16:08:59.2 (6639530)|METHOD_ENTRY|[1]|01p50000002CIEj|ETLC_ApexBridge_Abstract.ETLC_ApexBridge_Abstract()
16:08:59.2 (6642746)|STATEMENT_EXECUTE|[1]
16:08:59.2 (6646221)|STATEMENT_EXECUTE|[1]
16:08:59.2 (6651419)|METHOD_EXIT|[1]|ETLC_ApexBridge_Abstract
16:08:59.2 (6658522)|CONSTRUCTOR_ENTRY|[EXTERNAL]|01p50000002CIEj|<init>()
16:08:59.2 (6664603)|VARIABLE_SCOPE_BEGIN|[1]|this|BFFFollow.ETLC_ApexBridge_Abstract|true|false
16:08:59.2 (6679838)|VARIABLE_ASSIGNMENT|[1]|this|{}|0x36cbb5ca
16:08:59.2 (6694040)|STATEMENT_EXECUTE|[1]
16:08:59.2 (6698245)|CONSTRUCTOR_EXIT|[EXTERNAL]|01p50000002CIEj|<init>()
16:08:59.2 (6708646)|STATEMENT_EXECUTE|[1]
16:08:59.2 (6713504)|HEAP_ALLOCATE|[33]|Bytes:5
16:08:59.2 (6731901)|METHOD_EXIT|[8]||System.Type.newInstance()
16:08:59.2 (6740549)|VARIABLE_SCOPE_BEGIN|[8]|executor|BFFFollow.ETLC_ApexBridge_Abstract|true|false
16:08:59.2 (6754921)|VARIABLE_ASSIGNMENT|[8]|executor|{}|0x36cbb5ca
16:08:59.2 (6757848)|STATEMENT_EXECUTE|[9]
16:08:59.2 (6780832)|METHOD_ENTRY|[9]|01p50000002D8iw|BFFFollow.BFFFollow_Controller.process(BFFFollow.ETLC_ApexBridge_Data)
16:08:59.2 (6795556)|VARIABLE_SCOPE_BEGIN|[3]|this|BFFFollow.BFFFollow_Controller|true|false
16:08:59.2 (6810083)|VARIABLE_ASSIGNMENT|[3]|this|{}|0x36cbb5ca
16:08:59.2 (6813012)|VARIABLE_SCOPE_BEGIN|[3]|data|BFFFollow.ETLC_ApexBridge_Data|true|false
16:08:59.2 (6836540)|VARIABLE_ASSIGNMENT|[3]|data|{"debug":true,"input":"{\"mode\":\"fetchFollow (9 more) ...","operation":"BFFFollow_Controller"}|0x43bbe74f
16:08:59.2 (6846365)|HEAP_ALLOCATE|[4]|Bytes:5
16:08:59.2 (6850583)|STATEMENT_EXECUTE|[3]
16:08:59.2 (6851852)|STATEMENT_EXECUTE|[4]
16:08:59.2 (6903311)|VARIABLE_ASSIGNMENT|[EXTERNAL]|this|{"debug":true,"input":"{\"mode\":\"fetchFollow (9 more) ...","operation":"BFFFollow_Controller"}|0x43bbe74f
16:08:59.2 (6923409)|VARIABLE_ASSIGNMENT|[4]|BFFFollow_Controller.debugFlag|true
16:08:59.2 (6959130)|VARIABLE_ASSIGNMENT|[EXTERNAL]|this|{"debug":true,"input":"{\"mode\":\"fetchFollow (9 more) ...","operation":"BFFFollow_Controller"}|0x43bbe74f
16:08:59.2 (6973926)|STATEMENT_EXECUTE|[5]
16:08:59.2 (6983138)|HEAP_ALLOCATE|[5]|Bytes:12
16:08:59.2 (7011035)|ENTERING_MANAGED_PKG|
16:08:59.2 (7052009)|HEAP_ALLOCATE|[5]|Bytes:177
16:08:59.2 (7076658)|HEAP_ALLOCATE|[5]|Bytes:189
16:08:59.2 (7095345)|ENTERING_MANAGED_PKG|
16:08:59.2 (7102803)|USER_DEBUG|[5]|DEBUG|data BEFORE:ETLC_ApexBridge_Data:[debug=true, input={"mode":"fetchFollowedUsers"}, isSuccess=null, messages=null, operation=BFFFollow_Controller, output=null, outputFlag=null, records=null]
16:08:59.2 (7112588)|STATEMENT_EXECUTE|[7]
16:08:59.2 (7121917)|HEAP_ALLOCATE|[7]|Bytes:4
16:08:59.2 (7136880)|METHOD_ENTRY|[7]|01p50000002CIEo|BFFFollow.ETLC_ApexBridge_Data.getInputValue(String)
16:08:59.2 (7150217)|VARIABLE_SCOPE_BEGIN|[52]|this|BFFFollow.ETLC_ApexBridge_Data|true|false
16:08:59.2 (7177759)|VARIABLE_ASSIGNMENT|[52]|this|{"debug":true,"input":"{\"mode\":\"fetchFollow (9 more) ...","operation":"BFFFollow_Controller"}|0x43bbe74f
16:08:59.2 (7182083)|VARIABLE_SCOPE_BEGIN|[52]|key|String|false|false
16:08:59.2 (7185987)|VARIABLE_ASSIGNMENT|[52]|key|"mode"
16:08:59.2 (7190832)|STATEMENT_EXECUTE|[52]
16:08:59.2 (7192311)|STATEMENT_EXECUTE|[53]
16:08:59.2 (7236605)|VARIABLE_ASSIGNMENT|[EXTERNAL]|this|{"debug":true,"input":"{\"mode\":\"fetchFollow (9 more) ...","operation":"BFFFollow_Controller"}|0x43bbe74f
16:08:59.2 (7254365)|METHOD_ENTRY|[53]||System.JSON.deserializeUntyped(String)
16:08:59.2 (7480262)|METHOD_EXIT|[53]||System.JSON.deserializeUntyped(String)
16:08:59.2 (7489413)|VARIABLE_SCOPE_BEGIN|[53]|inputMap|Map<String,ANY>|true|false
16:08:59.2 (7513626)|VARIABLE_ASSIGNMENT|[53]|inputMap|{"s":1,"v":{"mode":"fetchFollowedUsers"}}|0x4b1ba2e2
16:08:59.2 (7517715)|STATEMENT_EXECUTE|[54]
16:08:59.2 (7542220)|ENTERING_MANAGED_PKG|
16:08:59.2 (7574037)|METHOD_EXIT|[7]|01p50000002CIEo|BFFFollow.ETLC_ApexBridge_Data.getInputValue(String)
16:08:59.2 (7581230)|VARIABLE_SCOPE_BEGIN|[7]|mode|String|false|false
16:08:59.2 (7588441)|VARIABLE_ASSIGNMENT|[7]|mode|"fetchFollowedUsers"
16:08:59.2 (7593006)|HEAP_ALLOCATE|[9]|Bytes:19
16:08:59.2 (7614324)|HEAP_ALLOCATE|[11]|Bytes:18
16:08:59.2 (7627543)|STATEMENT_EXECUTE|[11]
16:08:59.2 (7629177)|STATEMENT_EXECUTE|[12]
16:08:59.2 (7670596)|HEAP_ALLOCATE|[12]|Bytes:85
16:08:59.2 (7685192)|SYSTEM_METHOD_ENTRY|[1]|UserInfo.UserInfo()
16:08:59.2 (7688136)|STATEMENT_EXECUTE|[1]
16:08:59.2 (7695641)|SYSTEM_METHOD_EXIT|[1]|UserInfo
16:08:59.2 (7713126)|METHOD_ENTRY|[12]||System.UserInfo.getUserId()
16:08:59.2 (7746222)|METHOD_EXIT|[12]||System.UserInfo.getUserId()
16:08:59.2 (7759636)|HEAP_ALLOCATE|[12]|Bytes:4
16:08:59.2 (7776591)|METHOD_ENTRY|[12]|01p50000002D8iw|BFFFollow.BFFFollow_Controller.fetchFollowedUsers(Id)
16:08:59.2 (7786292)|VARIABLE_SCOPE_BEGIN|[41]|this|BFFFollow.BFFFollow_Controller|true|false
16:08:59.2 (7802293)|VARIABLE_ASSIGNMENT|[41]|this|{}|0x36cbb5ca
16:08:59.2 (7807711)|VARIABLE_SCOPE_BEGIN|[41]|followedById|Id|false|false
16:08:59.2 (7883742)|VARIABLE_ASSIGNMENT|[41]|followedById|"00550000005cg71AAA"
16:08:59.2 (7897587)|HEAP_ALLOCATE|[42]|Bytes:5
16:08:59.2 (7902213)|STATEMENT_EXECUTE|[41]
16:08:59.2 (7903590)|STATEMENT_EXECUTE|[42]
16:08:59.2 (7912869)|HEAP_ALLOCATE|[42]|Bytes:63
16:08:59.2 (7934333)|ENTERING_MANAGED_PKG|
16:08:59.2 (7955949)|HEAP_ALLOCATE|[42]|Bytes:18
16:08:59.2 (7967427)|HEAP_ALLOCATE|[42]|Bytes:9
16:08:59.2 (7976953)|HEAP_ALLOCATE|[42]|Bytes:90
16:08:59.2 (7982180)|VARIABLE_SCOPE_BEGIN|[42]|soql|String|false|false
16:08:59.2 (7990752)|VARIABLE_ASSIGNMENT|[42]|soql|"SELECT FollowedUsers (70 more) ..."
16:08:59.2 (7993992)|STATEMENT_EXECUTE|[43]
16:08:59.2 (7995102)|STATEMENT_EXECUTE|[43]
16:08:59.2 (8000867)|STATEMENT_EXECUTE|[44]
16:08:59.2 (8003006)|STATEMENT_EXECUTE|[44]
16:08:59.2 (8011678)|HEAP_ALLOCATE|[44]|Bytes:24
16:08:59.2 (8018510)|HEAP_ALLOCATE|[44]|Bytes:114
16:08:59.2 (8035210)|ENTERING_MANAGED_PKG|
16:08:59.2 (8055079)|USER_DEBUG|[44]|DEBUG|fetchFollowedUsers:soql:SELECT FollowedUsers__c FROM BFFFollow__c WHERE FollowedBy__c='00550000005cg71AAA' limit 1
16:08:59.2 (8064703)|STATEMENT_EXECUTE|[45]
16:08:59.2 (13775626)|HEAP_ALLOCATE|[45]|Bytes:9
16:08:59.2 (13787374)|HEAP_ALLOCATE|[45]|Bytes:29
16:08:59.2 (13790608)|HEAP_ALLOCATE|[45]|Bytes:21
16:08:59.2 (13821609)|METHOD_ENTRY|[7]|01p50000002CIEt|ETLC_SecuredDB.ETLC_SecuredDB()
16:08:59.2 (13826550)|STATEMENT_EXECUTE|[7]
16:08:59.2 (13832988)|STATEMENT_EXECUTE|[7]
16:08:59.2 (13839809)|HEAP_ALLOCATE|[45]|Bytes:5
16:08:59.2 (13853253)|METHOD_EXIT|[7]|ETLC_SecuredDB
16:08:59.2 (13889649)|METHOD_ENTRY|[45]|01p50000002CIEt|BFFFollow.ETLC_SecuredDB.query(String)
16:08:59.2 (13949735)|VARIABLE_SCOPE_BEGIN|[10]|SOQL|String|false|false
16:08:59.2 (13964387)|VARIABLE_ASSIGNMENT|[10]|SOQL|"SELECT FollowedUsers (70 more) ..."
16:08:59.2 (13974502)|HEAP_ALLOCATE|[12]|Bytes:5
16:08:59.2 (13980190)|STATEMENT_EXECUTE|[10]
16:08:59.2 (13981856)|STATEMENT_EXECUTE|[12]
16:08:59.2 (14016978)|ENTERING_MANAGED_PKG|
16:08:59.2 (25499665)|SOQL_EXECUTE_BEGIN|[12]|Aggregations:0|SELECT FollowedUsers__c FROM BFFFollow__c WHERE FollowedBy__c='00550000005cg71AAA' limit 1
16:08:59.2 (30197966)|SOQL_EXECUTE_END|[12]|Rows:1
16:08:59.2 (30225231)|HEAP_ALLOCATE|[12]|Bytes:8
16:08:59.2 (30236294)|HEAP_ALLOCATE|[12]|Bytes:169
16:08:59.2 (30330054)|HEAP_ALLOCATE|[12]|Bytes:8
16:08:59.2 (30357721)|VARIABLE_SCOPE_BEGIN|[12]|dbRecords|List<SObject>|true|false
16:08:59.2 (30409503)|VARIABLE_ASSIGNMENT|[12]|dbRecords|{"s":1,"v":[{"s":2,"v":{"BFFFollow__FollowedU (7 more) ...":"[{\"id\":\"00550000005c (85 more) ...","Id":"a005000000f0TxbAAE"}}]}|0x111e5e8e
16:08:59.2 (30418668)|STATEMENT_EXECUTE|[20]
16:08:59.2 (30788757)|HEAP_ALLOCATE|[20]|Bytes:12
16:08:59.2 (30799252)|HEAP_ALLOCATE|[20]|Bytes:8
16:08:59.2 (30867838)|HEAP_ALLOCATE|[20]|Bytes:12
16:08:59.2 (30873608)|HEAP_ALLOCATE|[20]|Bytes:9
16:08:59.2 (30887103)|HEAP_ALLOCATE|[20]|Bytes:12
16:08:59.2 (30890776)|HEAP_ALLOCATE|[20]|Bytes:8
16:08:59.2 (30901579)|HEAP_ALLOCATE|[20]|Bytes:12
16:08:59.2 (30905031)|HEAP_ALLOCATE|[20]|Bytes:8
16:08:59.2 (30918672)|HEAP_ALLOCATE|[20]|Bytes:12
16:08:59.2 (30922133)|HEAP_ALLOCATE|[20]|Bytes:9
16:08:59.2 (30961827)|METHOD_ENTRY|[20]|01p50000002CIEt|BFFFollow.ETLC_SecuredDB.findFields(List<SObject>)
16:08:59.2 (30999005)|VARIABLE_SCOPE_BEGIN|[108]|dbRecords|List<SObject>|true|false
16:08:59.2 (31020424)|VARIABLE_ASSIGNMENT|[108]|dbRecords|{"s":1,"v":[{"s":2,"v":{"BFFFollow__FollowedU (7 more) ...":"[{\"id\":\"00550000005c (85 more) ...","Id":"a005000000f0TxbAAE"}}]}|0x111e5e8e
16:08:59.2 (31039163)|HEAP_ALLOCATE|[109]|Bytes:5
16:08:59.2 (31044320)|STATEMENT_EXECUTE|[108]
16:08:59.2 (31045992)|STATEMENT_EXECUTE|[109]
16:08:59.2 (31057730)|VARIABLE_SCOPE_BEGIN|[109]|strJSON|String|false|false
16:08:59.2 (31064530)|VARIABLE_ASSIGNMENT|[109]|strJSON|null
16:08:59.2 (31066622)|STATEMENT_EXECUTE|[110]
16:08:59.2 (31072720)|VARIABLE_SCOPE_BEGIN|[110]|mapFields|Map<String,Set<String>>|true|false
16:08:59.2 (31077361)|VARIABLE_ASSIGNMENT|[110]|mapFields|null|
16:08:59.2 (31079372)|STATEMENT_EXECUTE|[112]
16:08:59.2 (31094908)|METHOD_ENTRY|[112]||System.JSON.serialize(Object)
16:08:59.2 (31541420)|METHOD_EXIT|[112]||System.JSON.serialize(Object)
16:08:59.2 (31555919)|VARIABLE_ASSIGNMENT|[112]|strJSON|"[{\"attributes\":{\"typ (292 more) ..."
16:08:59.2 (31559786)|STATEMENT_EXECUTE|[113]
16:08:59.2 (31569522)|HEAP_ALLOCATE|[113]|Bytes:5
16:08:59.2 (31583999)|HEAP_ALLOCATE|[113]|Bytes:317
16:08:59.2 (31609296)|ENTERING_MANAGED_PKG|
16:08:59.2 (31631988)|USER_DEBUG|[113]|DEBUG|JSON:[{"attributes":{"type":"BFFFollow__BFFFollow__c","url":"/services/data/v37.0/sobjects/BFFFollow__BFFFollow__c/a005000000f0TxbAAE"},"BFFFollow__FollowedUsers__c":"[{\"id\":\"00550000005cg71AAA\",\"name\":\"Jaswinder Rattanpal\"},{\"id\":\"00550000005d7KnAAI\",\"name\":\"Test User\"}]","Id":"a005000000f0TxbAAE"}]
16:08:59.2 (31642538)|STATEMENT_EXECUTE|[114]
16:08:59.2 (31654955)|HEAP_ALLOCATE|[114]|Bytes:4
16:08:59.2 (31685799)|VARIABLE_ASSIGNMENT|[114]|mapFields|{"s":1,"v":{}}|0x3fb0dc65
16:08:59.2 (31689608)|STATEMENT_EXECUTE|[115]
16:08:59.2 (31703610)|METHOD_ENTRY|[115]||System.JSON.deserializeUntyped(String)
16:08:59.2 (32061327)|METHOD_EXIT|[115]||System.JSON.deserializeUntyped(String)
16:08:59.2 (32072760)|VARIABLE_SCOPE_BEGIN|[115]|records|List<ANY>|true|false
16:08:59.2 (32100091)|HEAP_ALLOCATE|[EXTERNAL]|Bytes:8
16:08:59.2 (32124126)|VARIABLE_ASSIGNMENT|[115]|records|{"s":1,"v":[{"s":2,"v":{"attributes":{"s":3,"v":{"type":"BFFFollow__BFFFollow (3 more) ...","url":"/services/data/v37.0 (52 more) ..."}},"BFFFollow__FollowedU (7 more) ...":"[{\"id\":\"00550000005c (85 more) ...","Id":"a005000000f0TxbAAE"}}]}|0x531ee999
16:08:59.2 (32151260)|ENTERING_MANAGED_PKG|
16:08:59.2 (32182692)|HEAP_ALLOCATE|[116]|Bytes:5
16:08:59.2 (32201058)|HEAP_ALLOCATE|[116]|Bytes:16
16:08:59.2 (32212120)|VARIABLE_SCOPE_BEGIN|[116]|record|Object|false|false
16:08:59.2 (32235909)|VARIABLE_ASSIGNMENT|[116]|record|{"s":1,"v":{"attributes":{"s":2,"v":{"type":"BFFFollow__BFFFollow (3 more) ...","url":"/services/data/v37.0 (52 more) ..."}},"BFFFollow__FollowedU (7 more) ...":"[{\"id\":\"00550000005c (85 more) ...","Id":"a005000000f0TxbAAE"}}
16:08:59.2 (32241800)|STATEMENT_EXECUTE|[116]
16:08:59.2 (32243380)|STATEMENT_EXECUTE|[117]
16:08:59.2 (32268709)|METHOD_ENTRY|[117]|01p50000002CIEt|BFFFollow.ETLC_SecuredDB.findFieldsRecursive(Map<String,Set<String>>, Map<String,ANY>)
16:08:59.2 (32296705)|VARIABLE_SCOPE_BEGIN|[124]|mapFields|Map<String,Set<String>>|true|false
16:08:59.2 (32309316)|VARIABLE_ASSIGNMENT|[124]|mapFields|{"s":1,"v":{}}|0x3fb0dc65
16:08:59.2 (32314229)|VARIABLE_SCOPE_BEGIN|[124]|record|Map<String,ANY>|true|false
16:08:59.2 (32328309)|VARIABLE_ASSIGNMENT|[124]|record|{"s":1,"v":{"attributes":{"s":2,"v":{"type":"BFFFollow__BFFFollow (3 more) ...","url":"/services/data/v37.0 (52 more) ..."}},"BFFFollow__FollowedU (7 more) ...":"[{\"id\":\"00550000005c (85 more) ...","Id":"a005000000f0TxbAAE"}}|0x674adc9b
16:08:59.2 (32338273)|HEAP_ALLOCATE|[125]|Bytes:5
16:08:59.2 (32342931)|STATEMENT_EXECUTE|[124]
16:08:59.2 (32344253)|STATEMENT_EXECUTE|[125]
16:08:59.2 (32351937)|HEAP_ALLOCATE|[125]|Bytes:10
16:08:59.2 (32356893)|VARIABLE_SCOPE_BEGIN|[125]|strAttributes|String|false|false
16:08:59.2 (32362611)|VARIABLE_ASSIGNMENT|[125]|strAttributes|"attributes"
16:08:59.2 (32364679)|STATEMENT_EXECUTE|[126]
16:08:59.2 (32370301)|HEAP_ALLOCATE|[126]|Bytes:7
16:08:59.2 (32373804)|VARIABLE_SCOPE_BEGIN|[126]|strRecord|String|false|false
16:08:59.2 (32378267)|VARIABLE_ASSIGNMENT|[126]|strRecord|"records"
16:08:59.2 (32395461)|ENTERING_MANAGED_PKG|
16:08:59.2 (32423616)|STATEMENT_EXECUTE|[127]
16:08:59.2 (32425733)|STATEMENT_EXECUTE|[128]
16:08:59.2 (32442753)|ENTERING_MANAGED_PKG|
16:08:59.2 (32473084)|VARIABLE_SCOPE_BEGIN|[128]|attributes|Map<String,ANY>|true|false
16:08:59.2 (32490258)|VARIABLE_ASSIGNMENT|[128]|attributes|{"s":1,"v":{"type":"BFFFollow__BFFFollow (3 more) ...","url":"/services/data/v37.0 (52 more) ..."}}|0x7574a12d
16:08:59.2 (32494519)|STATEMENT_EXECUTE|[129]
16:08:59.2 (32502827)|HEAP_ALLOCATE|[129]|Bytes:4
16:08:59.2 (32518685)|ENTERING_MANAGED_PKG|
16:08:59.2 (32544481)|VARIABLE_SCOPE_BEGIN|[129]|objectName|String|false|false
16:08:59.2 (32552904)|VARIABLE_ASSIGNMENT|[129]|objectName|"BFFFollow__BFFFollow (3 more) ..."
16:08:59.2 (32563351)|HEAP_ALLOCATE|[130]|Bytes:4
16:08:59.2 (32582833)|ENTERING_MANAGED_PKG|
16:08:59.2 (32611413)|ENTERING_MANAGED_PKG|
16:08:59.2 (32646453)|HEAP_ALLOCATE|[130]|Bytes:55
16:08:59.2 (32666083)|ENTERING_MANAGED_PKG|
16:08:59.2 (32672759)|HEAP_ALLOCATE|[130]|Bytes:12
16:08:59.2 (32689308)|ENTERING_MANAGED_PKG|
16:08:59.2 (32708686)|HEAP_ALLOCATE|[130]|Bytes:5
16:08:59.2 (32724715)|VARIABLE_SCOPE_BEGIN|[130]|fieldName|String|false|false
16:08:59.2 (32732384)|VARIABLE_ASSIGNMENT|[130]|fieldName|"attributes"
16:08:59.2 (32735785)|STATEMENT_EXECUTE|[130]
16:08:59.2 (32736923)|STATEMENT_EXECUTE|[131]
16:08:59.2 (32754548)|ENTERING_MANAGED_PKG|
16:08:59.2 (32786595)|VARIABLE_SCOPE_BEGIN|[131]|field|Object|false|false
16:08:59.2 (32804919)|VARIABLE_ASSIGNMENT|[131]|field|{"s":1,"v":{"type":"BFFFollow__BFFFollow (3 more) ...","url":"/services/data/v37.0 (52 more) ..."}}
16:08:59.2 (32827487)|STATEMENT_EXECUTE|[132]
16:08:59.2 (32844671)|HEAP_ALLOCATE|[130]|Bytes:5
16:08:59.2 (32857530)|VARIABLE_SCOPE_BEGIN|[130]|fieldName|String|false|false
16:08:59.2 (32864869)|VARIABLE_ASSIGNMENT|[130]|fieldName|"BFFFollow__FollowedU (7 more) ..."
16:08:59.2 (32867828)|STATEMENT_EXECUTE|[130]
16:08:59.2 (32868969)|STATEMENT_EXECUTE|[131]
16:08:59.2 (32885118)|ENTERING_MANAGED_PKG|
16:08:59.2 (32898954)|VARIABLE_SCOPE_BEGIN|[131]|field|Object|false|false
16:08:59.2 (32909363)|VARIABLE_ASSIGNMENT|[131]|field|"[{\"id\":\"00550000005c (85 more) ..."
16:08:59.2 (32921825)|HEAP_ALLOCATE|[134]|Bytes:68
16:08:59.2 (32943117)|STATEMENT_EXECUTE|[136]
16:08:59.2 (32944931)|STATEMENT_EXECUTE|[137]
16:08:59.2 (32955472)|HEAP_ALLOCATE|[137]|Bytes:4
16:08:59.2 (32976009)|ENTERING_MANAGED_PKG|
16:08:59.2 (32997473)|VARIABLE_SCOPE_BEGIN|[137]|fieldNames|Set<String>|true|false
16:08:59.2 (33017803)|VARIABLE_ASSIGNMENT|[137]|fieldNames|{"s":1,"v":[]}|0x68e86239
16:08:59.2 (33036472)|ENTERING_MANAGED_PKG|
16:08:59.2 (33061254)|STATEMENT_EXECUTE|[138]
16:08:59.2 (33068148)|STATEMENT_EXECUTE|[139]
16:08:59.2 (33084105)|ENTERING_MANAGED_PKG|
16:08:59.2 (33102128)|HEAP_ALLOCATE|[EXTERNAL]|Bytes:4
16:08:59.2 (33110580)|STATEMENT_EXECUTE|[140]
16:08:59.2 (33127116)|ENTERING_MANAGED_PKG|
16:08:59.2 (33149180)|HEAP_ALLOCATE|[EXTERNAL]|Bytes:-4
16:08:59.2 (33163789)|HEAP_ALLOCATE|[130]|Bytes:5
16:08:59.2 (33176382)|VARIABLE_SCOPE_BEGIN|[130]|fieldName|String|false|false
16:08:59.2 (33183519)|VARIABLE_ASSIGNMENT|[130]|fieldName|"Id"
16:08:59.2 (33186989)|STATEMENT_EXECUTE|[130]
16:08:59.2 (33188167)|STATEMENT_EXECUTE|[131]
16:08:59.2 (33204544)|ENTERING_MANAGED_PKG|
16:08:59.2 (33218158)|VARIABLE_SCOPE_BEGIN|[131]|field|Object|false|false
16:08:59.2 (33226938)|VARIABLE_ASSIGNMENT|[131]|field|"a005000000f0TxbAAE"
16:08:59.2 (33244450)|STATEMENT_EXECUTE|[136]
16:08:59.2 (33246269)|STATEMENT_EXECUTE|[137]
16:08:59.2 (33254641)|HEAP_ALLOCATE|[137]|Bytes:4
16:08:59.2 (33266498)|ENTERING_MANAGED_PKG|
16:08:59.2 (33273700)|VARIABLE_SCOPE_BEGIN|[137]|fieldNames|Set<String>|true|false
16:08:59.2 (33290116)|VARIABLE_ASSIGNMENT|[137]|fieldNames|{"s":1,"v":[]}|0x59f7d5bb
16:08:59.2 (33302058)|ENTERING_MANAGED_PKG|
16:08:59.2 (33310890)|STATEMENT_EXECUTE|[138]
16:08:59.2 (33325533)|ENTERING_MANAGED_PKG|
16:08:59.2 (33346951)|VARIABLE_ASSIGNMENT|[138]|fieldNames|{"s":1,"v":["BFFFollow__FollowedU (7 more) ..."]}|0x68e86239
16:08:59.2 (33351361)|STATEMENT_EXECUTE|[139]
16:08:59.2 (33365090)|ENTERING_MANAGED_PKG|
16:08:59.2 (33368526)|HEAP_ALLOCATE|[EXTERNAL]|Bytes:4
16:08:59.2 (33375273)|STATEMENT_EXECUTE|[140]
16:08:59.2 (33385951)|ENTERING_MANAGED_PKG|
16:08:59.2 (33403631)|HEAP_ALLOCATE|[130]|Bytes:5
16:08:59.2 (33414995)|VARIABLE_ASSIGNMENT|[130]|fieldName|null
16:08:59.2 (33426762)|METHOD_EXIT|[117]|01p50000002CIEt|BFFFollow.ETLC_SecuredDB.findFieldsRecursive(Map<String,Set<String>>, Map<String,ANY>)
16:08:59.2 (33436220)|HEAP_ALLOCATE|[116]|Bytes:5
16:08:59.2 (33450398)|VARIABLE_ASSIGNMENT|[116]|record|null
16:08:59.2 (33457057)|HEAP_ALLOCATE|[119]|Bytes:4
16:08:59.2 (33469035)|ENTERING_MANAGED_PKG|
16:08:59.2 (33491490)|ENTERING_MANAGED_PKG|
16:08:59.2 (33502235)|HEAP_ALLOCATE|[119]|Bytes:31
16:08:59.2 (33516469)|ENTERING_MANAGED_PKG|
16:08:59.2 (33520548)|HEAP_ALLOCATE|[119]|Bytes:4
16:08:59.2 (33530629)|ENTERING_MANAGED_PKG|
16:08:59.2 (33544496)|HEAP_ALLOCATE|[119]|Bytes:5
16:08:59.2 (33558073)|VARIABLE_SCOPE_BEGIN|[119]|objectName|String|false|false
16:08:59.2 (33566094)|VARIABLE_ASSIGNMENT|[119]|objectName|"BFFFollow__BFFFollow (3 more) ..."
16:08:59.2 (33569378)|STATEMENT_EXECUTE|[119]
16:08:59.2 (33570621)|STATEMENT_EXECUTE|[120]
16:08:59.2 (33578499)|HEAP_ALLOCATE|[120]|Bytes:2
16:08:59.2 (33592662)|ENTERING_MANAGED_PKG|
16:08:59.2 (33633861)|ENTERING_MANAGED_PKG|
16:08:59.2 (33645674)|HEAP_ALLOCATE|[120]|Bytes:33
16:08:59.2 (33660548)|HEAP_ALLOCATE|[120]|Bytes:58
16:08:59.2 (33673287)|ENTERING_MANAGED_PKG|
16:08:59.2 (33681695)|USER_DEBUG|[120]|DEBUG|BFFFollow__BFFFollow__c: {BFFFollow__FollowedUsers__c, Id}
16:08:59.2 (33695664)|HEAP_ALLOCATE|[119]|Bytes:5
16:08:59.2 (33707349)|VARIABLE_ASSIGNMENT|[119]|objectName|null
16:08:59.2 (33711509)|STATEMENT_EXECUTE|[122]
16:08:59.2 (33724704)|METHOD_EXIT|[20]|01p50000002CIEt|BFFFollow.ETLC_SecuredDB.findFields(List<SObject>)
16:08:59.2 (33744588)|METHOD_ENTRY|[20]|01p50000002CIEt|BFFFollow.ETLC_SecuredDB.validate(BFFFollow.ETLC_SecuredDB.Operation, Map<String,Set<String>>)
16:08:59.2 (33754049)|VARIABLE_SCOPE_BEGIN|[55]|op|BFFFollow.ETLC_SecuredDB.Operation|true|false
16:08:59.2 (33771716)|VARIABLE_ASSIGNMENT|[55]|op|"Querying"|0x35b83dc0
16:08:59.2 (33776416)|VARIABLE_SCOPE_BEGIN|[55]|mapFieldNames|Map<String,Set<String>>|true|false
16:08:59.2 (33792518)|VARIABLE_ASSIGNMENT|[55]|mapFieldNames|{"s":1,"v":{"BFFFollow__BFFFollow (3 more) ...":{"s":2,"v":["BFFFollow__FollowedU (7 more) ...","Id"]}}}|0x3fb0dc65
16:08:59.2 (33802368)|HEAP_ALLOCATE|[56]|Bytes:5
16:08:59.2 (33806901)|STATEMENT_EXECUTE|[55]
16:08:59.2 (33808568)|STATEMENT_EXECUTE|[56]
16:08:59.2 (33816905)|VARIABLE_SCOPE_BEGIN|[56]|securityMessage|String|false|false
16:08:59.2 (33822259)|VARIABLE_ASSIGNMENT|[56]|securityMessage|null
16:08:59.2 (33824181)|STATEMENT_EXECUTE|[57]
16:08:59.2 (33848107)|ENTERING_MANAGED_PKG|
16:08:59.2 (50888961)|HEAP_ALLOCATE|[57]|Bytes:1440
16:08:59.2 (50925325)|VARIABLE_SCOPE_BEGIN|[57]|mapObjects|Map<String,Schema.SObjectType>|true|false
16:08:59.2 (51165971)|VARIABLE_ASSIGNMENT|[57]|mapObjects|"{acceptedeventrelation=AcceptedEventRelation, account=Account, accountcontactrole=AccountContactRole, accountfeed=AccountFeed, accounthistory=AccountHistory, accountpartner=AccountPartner, accountshare=AccountShare, actionlinkgrouptemplate=ActionLinkGroupTemplate, actionlinktemplate=ActionLinkTemplate, activityhistory=ActivityHistory, ...}"|0x1eea78e4
16:08:59.2 (51182556)|HEAP_ALLOCATE|[58]|Bytes:4
16:08:59.2 (51208803)|ENTERING_MANAGED_PKG|
16:08:59.2 (51253752)|ENTERING_MANAGED_PKG|
16:08:59.2 (51273180)|HEAP_ALLOCATE|[58]|Bytes:31
16:08:59.2 (51292081)|ENTERING_MANAGED_PKG|
16:08:59.2 (51299567)|HEAP_ALLOCATE|[58]|Bytes:4
16:08:59.2 (51311076)|ENTERING_MANAGED_PKG|
16:08:59.2 (51336346)|HEAP_ALLOCATE|[58]|Bytes:5
16:08:59.2 (51357872)|VARIABLE_SCOPE_BEGIN|[58]|sObjectName|String|false|false
16:08:59.2 (51369427)|VARIABLE_ASSIGNMENT|[58]|sObjectName|"BFFFollow__BFFFollow (3 more) ..."
16:08:59.2 (51375957)|STATEMENT_EXECUTE|[58]
16:08:59.2 (51377769)|STATEMENT_EXECUTE|[59]
16:08:59.2 (51391727)|HEAP_ALLOCATE|[59]|Bytes:9
16:08:59.2 (51395935)|HEAP_ALLOCATE|[59]|Bytes:7
16:08:59.2 (51421061)|ENTERING_MANAGED_PKG|
16:08:59.2 (51461963)|HEAP_ALLOCATE|[59]|Bytes:8
16:08:59.2 (51473469)|HEAP_ALLOCATE|[59]|Bytes:1
16:08:59.2 (51484310)|HEAP_ALLOCATE|[59]|Bytes:48
16:08:59.2 (51493711)|VARIABLE_ASSIGNMENT|[59]|securityMessage|"CRUD on [BFFFollow__ (28 more) ..."
16:08:59.2 (51497283)|STATEMENT_EXECUTE|[60]
16:08:59.2 (51506097)|HEAP_ALLOCATE|[60]|Bytes:10
16:08:59.2 (51513654)|HEAP_ALLOCATE|[60]|Bytes:58
16:08:59.2 (51532858)|ENTERING_MANAGED_PKG|
16:08:59.2 (51553680)|USER_DEBUG|[60]|DEBUG|Checking: CRUD on [BFFFollow__BFFFollow__c] for [Querying]
16:08:59.2 (51561764)|STATEMENT_EXECUTE|[61]
16:08:59.2 (51581057)|ENTERING_MANAGED_PKG|
16:08:59.2 (51823751)|HEAP_ALLOCATE|[61]|Bytes:4
16:08:59.2 (51865035)|VARIABLE_SCOPE_BEGIN|[61]|drSObj|Schema.DescribeSObjectResult|true|false
16:08:59.2 (51943391)|VARIABLE_ASSIGNMENT|[61]|drSObj|"common.api.soap.wsdl.DescribeSObjectResult@6e1daf55"|0x5a353cf0
16:08:59.2 (52100692)|STATEMENT_EXECUTE|[64]
16:08:59.2 (52126904)|STATEMENT_EXECUTE|[65]
16:08:59.2 (52185870)|STATEMENT_EXECUTE|[77]
16:08:59.2 (52188427)|STATEMENT_EXECUTE|[79]
16:08:59.2 (52441639)|HEAP_ALLOCATE|[79]|Bytes:56
16:08:59.2 (52453279)|VARIABLE_SCOPE_BEGIN|[79]|mapFields|Map<String,Schema.SObjectField>|true|false
16:08:59.2 (52611561)|VARIABLE_ASSIGNMENT|[79]|mapFields|"{bfffollow__followedby__c=BFFFollow__FollowedBy__c, bfffollow__followedusers__c=BFFFollow__FollowedUsers__c, createdbyid=CreatedById, createddate=CreatedDate, id=Id, isdeleted=IsDeleted, lastmodifiedbyid=LastModifiedById, lastmodifieddate=LastModifiedDate, lastreferenceddate=LastReferencedDate, lastvieweddate=LastViewedDate, ...}"|0x5b758e78
16:08:59.2 (52622916)|HEAP_ALLOCATE|[80]|Bytes:4
16:08:59.2 (52637585)|ENTERING_MANAGED_PKG|
16:08:59.2 (52662294)|ENTERING_MANAGED_PKG|
16:08:59.2 (52688778)|ENTERING_MANAGED_PKG|
16:08:59.2 (52694723)|HEAP_ALLOCATE|[80]|Bytes:8
16:08:59.2 (52706069)|ENTERING_MANAGED_PKG|
16:08:59.2 (52721637)|HEAP_ALLOCATE|[80]|Bytes:5
16:08:59.2 (52736172)|VARIABLE_SCOPE_BEGIN|[80]|fieldName|String|false|false
16:08:59.2 (52745500)|VARIABLE_ASSIGNMENT|[80]|fieldName|"BFFFollow__FollowedU (7 more) ..."
16:08:59.2 (52749103)|STATEMENT_EXECUTE|[80]
16:08:59.2 (52750414)|STATEMENT_EXECUTE|[81]
16:08:59.2 (52770038)|ENTERING_MANAGED_PKG|
16:08:59.2 (59734535)|HEAP_ALLOCATE|[81]|Bytes:8
16:08:59.2 (59798287)|VARIABLE_SCOPE_BEGIN|[81]|drField|Schema.DescribeFieldResult|true|false
16:08:59.2 (59957836)|VARIABLE_ASSIGNMENT|[81]|drField|"common.api.soap.wsdl.Field@1027ccb5"|0x11710f5e
16:08:59.2 (59993208)|STATEMENT_EXECUTE|[82]
16:08:59.2 (59995655)|STATEMENT_EXECUTE|[83]
16:08:59.2 (60013429)|HEAP_ALLOCATE|[83]|Bytes:8
16:08:59.2 (60020002)|HEAP_ALLOCATE|[83]|Bytes:1
16:08:59.2 (60060202)|ENTERING_MANAGED_PKG|
16:08:59.2 (60108567)|HEAP_ALLOCATE|[83]|Bytes:8
16:08:59.2 (60134114)|HEAP_ALLOCATE|[83]|Bytes:74
16:08:59.2 (60142335)|HEAP_ALLOCATE|[83]|Bytes:75
16:08:59.2 (60154152)|VARIABLE_ASSIGNMENT|[83]|securityMessage|"FLS on [BFFFollow__B (55 more) ..."
16:08:59.2 (60158166)|STATEMENT_EXECUTE|[84]
16:08:59.2 (60169755)|HEAP_ALLOCATE|[84]|Bytes:85
16:08:59.2 (60192821)|ENTERING_MANAGED_PKG|
16:08:59.2 (60214317)|USER_DEBUG|[84]|DEBUG|Checking: FLS on [BFFFollow__BFFFollow__c.BFFFollow__FollowedUsers__c] for [Querying]
16:08:59.2 (60339971)|STATEMENT_EXECUTE|[87]
16:08:59.2 (60361858)|STATEMENT_EXECUTE|[88]
16:08:59.2 (60385657)|HEAP_ALLOCATE|[80]|Bytes:5
16:08:59.2 (60403752)|VARIABLE_SCOPE_BEGIN|[80]|fieldName|String|false|false
16:08:59.2 (60411815)|VARIABLE_ASSIGNMENT|[80]|fieldName|"Id"
16:08:59.2 (60415620)|STATEMENT_EXECUTE|[80]
16:08:59.2 (60416860)|STATEMENT_EXECUTE|[81]
16:08:59.2 (60436932)|ENTERING_MANAGED_PKG|
16:08:59.2 (60600960)|HEAP_ALLOCATE|[81]|Bytes:8
16:08:59.2 (60612352)|VARIABLE_SCOPE_BEGIN|[81]|drField|Schema.DescribeFieldResult|true|false
16:08:59.2 (60680459)|VARIABLE_ASSIGNMENT|[81]|drField|"common.api.soap.wsdl.Field@efbba2ce"|0xbdbf935
16:08:59.2 (60694403)|STATEMENT_EXECUTE|[99]
16:08:59.2 (60696013)|STATEMENT_EXECUTE|[100]
16:08:59.2 (60706026)|HEAP_ALLOCATE|[100]|Bytes:22
16:08:59.2 (60730614)|ENTERING_MANAGED_PKG|
16:08:59.2 (60754088)|HEAP_ALLOCATE|[100]|Bytes:8
16:08:59.2 (60769386)|HEAP_ALLOCATE|[100]|Bytes:63
16:08:59.2 (60774232)|HEAP_ALLOCATE|[100]|Bytes:35
16:08:59.2 (60778807)|HEAP_ALLOCATE|[100]|Bytes:98
16:08:59.2 (60794226)|ENTERING_MANAGED_PKG|
16:08:59.2 (60798376)|USER_DEBUG|[100]|DEBUG|Bypass Check: FLS on [BFFFollow__BFFFollow__c.Id] for [Querying] since it's not isPermissionable()
16:08:59.2 (60812850)|HEAP_ALLOCATE|[80]|Bytes:5
16:08:59.2 (60826789)|VARIABLE_ASSIGNMENT|[80]|fieldName|null
16:08:59.2 (60837397)|HEAP_ALLOCATE|[58]|Bytes:5
16:08:59.2 (60846934)|VARIABLE_ASSIGNMENT|[58]|sObjectName|null
16:08:59.2 (60862244)|METHOD_EXIT|[20]|01p50000002CIEt|BFFFollow.ETLC_SecuredDB.validate(BFFFollow.ETLC_SecuredDB.Operation, Map<String,Set<String>>)
16:08:59.2 (60867603)|STATEMENT_EXECUTE|[21]
16:08:59.2 (60883525)|METHOD_EXIT|[45]|01p50000002CIEt|BFFFollow.ETLC_SecuredDB.query(String)
16:08:59.2 (60890735)|VARIABLE_SCOPE_BEGIN|[45]|dbRecords|List<SObject>|true|false
16:08:59.2 (60925945)|VARIABLE_ASSIGNMENT|[45]|dbRecords|{"s":1,"v":[{"s":2,"v":{"BFFFollow__FollowedU (7 more) ...":"[{\"id\":\"00550000005c (85 more) ...","Id":"a005000000f0TxbAAE"}}]}|0x111e5e8e
16:08:59.2 (60935803)|STATEMENT_EXECUTE|[46]
16:08:59.2 (60937119)|STATEMENT_EXECUTE|[46]
16:08:59.2 (60962822)|ENTERING_MANAGED_PKG|
16:08:59.2 (61013150)|USER_DEBUG|[46]|DEBUG|(BFFFollow__BFFFollow__c:{BFFFollow__FollowedUsers__c=[{"id":"00550000005cg71AAA","name":"Jaswinder Rattanpal"},{"id":"00550000005d7KnAAI","name":"Test User"}], Id=a005000000f0TxbAAE})
16:08:59.2 (61088161)|ENTERING_MANAGED_PKG|
16:08:59.2 (61110538)|STATEMENT_EXECUTE|[47]
16:08:59.2 (61115992)|STATEMENT_EXECUTE|[48]
16:08:59.2 (61117641)|STATEMENT_EXECUTE|[49]
16:08:59.2 (61126906)|HEAP_ALLOCATE|[49]|Bytes:18
16:08:59.2 (61144118)|HEAP_ALLOCATE|[49]|Bytes:12
16:08:59.2 (61151316)|HEAP_ALLOCATE|[49]|Bytes:16
16:08:59.2 (61179575)|ENTERING_MANAGED_PKG|
16:08:59.2 (61227137)|HEAP_ALLOCATE|[49]|Bytes:105
16:08:59.2 (61250572)|ENTERING_MANAGED_PKG|
16:08:59.2 (61255013)|HEAP_ALLOCATE|[49]|Bytes:105
16:08:59.2 (61266143)|HEAP_ALLOCATE|[49]|Bytes:123
16:08:59.2 (61278404)|ENTERING_MANAGED_PKG|
16:08:59.2 (61281982)|USER_DEBUG|[49]|DEBUG|FollowedUsers__c::[{"id":"00550000005cg71AAA","name":"Jaswinder Rattanpal"},{"id":"00550000005d7KnAAI","name":"Test User"}]
16:08:59.2 (61288935)|STATEMENT_EXECUTE|[51]
16:08:59.2 (61303237)|HEAP_ALLOCATE|[51]|Bytes:12
16:08:59.2 (61322316)|ENTERING_MANAGED_PKG|
16:08:59.2 (61359607)|HEAP_ALLOCATE|[51]|Bytes:105
16:08:59.2 (61379857)|METHOD_EXIT|[12]|01p50000002D8iw|BFFFollow.BFFFollow_Controller.fetchFollowedUsers(Id)
16:08:59.2 (61457871)|VARIABLE_ASSIGNMENT|[EXTERNAL]|this|{"debug":true,"input":"{\"mode\":\"fetchFollow (9 more) ...","operation":"BFFFollow_Controller"}|0x43bbe74f
16:08:59.2 (61469950)|VARIABLE_ASSIGNMENT|[EXTERNAL]|value|"[{\"id\":\"00550000005c (85 more) ..."
16:08:59.2 (61484871)|VARIABLE_ASSIGNMENT|[12]|this.output|"[{\"id\":\"00550000005c (85 more) ..."|0x43bbe74f
16:08:59.2 (61493281)|STATEMENT_EXECUTE|[13]
16:08:59.2 (61552538)|VARIABLE_ASSIGNMENT|[EXTERNAL]|this|{"debug":true,"input":"{\"mode\":\"fetchFollow (9 more) ...","operation":"BFFFollow_Controller","output":"[{\"id\":\"00550000005c (85 more) ..."}|0x43bbe74f
16:08:59.2 (61601216)|VARIABLE_ASSIGNMENT|[EXTERNAL]|this|{"debug":true,"input":"{\"mode\":\"fetchFollow (9 more) ...","operation":"BFFFollow_Controller","output":"[{\"id\":\"00550000005c (85 more) ..."}|0x43bbe74f
16:08:59.2 (61608675)|VARIABLE_ASSIGNMENT|[EXTERNAL]|value|true
16:08:59.2 (61613863)|HEAP_ALLOCATE|[15]|Bytes:5
16:08:59.2 (61621593)|VARIABLE_ASSIGNMENT|[15]|this.outputFlag|true|0x43bbe74f
16:08:59.2 (61632031)|STATEMENT_EXECUTE|[21]
16:08:59.2 (61633557)|STATEMENT_EXECUTE|[21]
16:08:59.2 (61641620)|HEAP_ALLOCATE|[21]|Bytes:11
16:08:59.2 (61662942)|ENTERING_MANAGED_PKG|
16:08:59.2 (61716204)|HEAP_ALLOCATE|[21]|Bytes:278
16:08:59.2 (61733121)|HEAP_ALLOCATE|[21]|Bytes:289
16:08:59.2 (61748836)|ENTERING_MANAGED_PKG|
16:08:59.2 (61752909)|USER_DEBUG|[21]|DEBUG|data AFTER:ETLC_ApexBridge_Data:[debug=true, input={"mode":"fetchFollowedUsers"}, isSuccess=null, messages=null, operation=BFFFollow_Controller, output=[{"id":"00550000005cg71AAA","name":"Jaswinder Rattanpal"},{"id":"00550000005d7KnAAI","name":"Test User"}], outputFlag=true, records=null]
16:08:59.2 (61767328)|METHOD_EXIT|[9]|01p50000002D8iw|BFFFollow.BFFFollow_Controller.process(BFFFollow.ETLC_ApexBridge_Data)
16:08:59.2 (61772065)|STATEMENT_EXECUTE|[24]
16:08:59.2 (61792796)|METHOD_ENTRY|[24]|01p50000002CIEo|BFFFollow.ETLC_ApexBridge_Data.toJSON()
16:08:59.2 (61806363)|VARIABLE_SCOPE_BEGIN|[57]|this|BFFFollow.ETLC_ApexBridge_Data|true|false
16:08:59.2 (61835839)|VARIABLE_ASSIGNMENT|[57]|this|{"debug":true,"input":"{\"mode\":\"fetchFollow (9 more) ...","operation":"BFFFollow_Controller","output":"[{\"id\":\"00550000005c (85 more) ...","outputFlag":true}|0x43bbe74f
16:08:59.2 (61843541)|STATEMENT_EXECUTE|[57]
16:08:59.2 (61844771)|STATEMENT_EXECUTE|[58]
16:08:59.2 (61860961)|METHOD_ENTRY|[58]||System.JSON.serialize(Object)
16:08:59.2 (61940154)|STATEMENT_EXECUTE|[22]
16:08:59.2 (61943999)|STATEMENT_EXECUTE|[23]
16:08:59.2 (61953353)|HEAP_ALLOCATE|[23]|Bytes:5
16:08:59.2 (61962495)|VARIABLE_ASSIGNMENT|[23]|this.isSuccess|true|0x43bbe74f
16:08:59.2 (61964961)|STATEMENT_EXECUTE|[24]
16:08:59.2 (61995954)|STATEMENT_EXECUTE|[31]
16:08:59.2 (61999196)|STATEMENT_EXECUTE|[32]
16:08:59.2 (62106997)|HEAP_ALLOCATE|[32]|Bytes:4
16:08:59.2 (62159648)|VARIABLE_ASSIGNMENT|[32]|this.messages|{"s":1,"v":{}}|0x43bbe74f
16:08:59.2 (62164476)|STATEMENT_EXECUTE|[33]
16:08:59.2 (62472116)|METHOD_EXIT|[58]||System.JSON.serialize(Object)
16:08:59.2 (62479128)|METHOD_EXIT|[24]|01p50000002CIEo|BFFFollow.ETLC_ApexBridge_Data.toJSON()
16:08:59.2 (62486543)|SYSTEM_MODE_EXIT|false
16:08:59.62 (62530114)|CUMULATIVE_LIMIT_USAGE
16:08:59.62 (62530114)|LIMIT_USAGE_FOR_NS|(default)|
  Number of SOQL queries: 0 out of 100
  Number of query rows: 0 out of 50000
  Number of SOSL queries: 0 out of 20
  Number of DML statements: 0 out of 150
  Number of DML rows: 0 out of 10000
  Maximum CPU time: 0 out of 10000
  Maximum heap size: 0 out of 6000000
  Number of callouts: 0 out of 100
  Number of Email Invocations: 0 out of 10
  Number of future calls: 0 out of 50
  Number of queueable jobs added to the queue: 0 out of 50
  Number of Mobile Apex push calls: 0 out of 10

16:08:59.62 (62530114)|LIMIT_USAGE_FOR_NS|BFFFollow|
  Number of SOQL queries: 1 out of 100
  Number of query rows: 1 out of 50000
  Number of SOSL queries: 0 out of 20
  Number of DML statements: 0 out of 150
  Number of DML rows: 0 out of 10000
  Maximum CPU time: 0 out of 10000
  Maximum heap size: 0 out of 6000000
  Number of callouts: 0 out of 100
  Number of Email Invocations: 0 out of 10
  Number of future calls: 0 out of 50
  Number of queueable jobs added to the queue: 0 out of 50
  Number of Mobile Apex push calls: 0 out of 10

16:08:59.62 (62530114)|CUMULATIVE_LIMIT_USAGE_END

16:08:59.2 (62590875)|CODE_UNIT_FINISHED|ETLC_ApexBridge_Controller.execute
