37.0 APEX_CODE,FINEST;APEX_PROFILING,INFO;CALLOUT,INFO;DB,INFO;SYSTEM,DEBUG;VALIDATION,INFO;VISUALFORCE,INFO;WORKFLOW,INFO
15:08:22.0 (409042)|USER_INFO|[EXTERNAL]|00550000005cg71|bfffollow@jr.te|Eastern Standard Time|GMT-04:00
15:08:22.0 (770351)|HEAP_ALLOCATE|[72]|Bytes:3
15:08:22.0 (804222)|HEAP_ALLOCATE|[77]|Bytes:152
15:08:22.0 (818414)|HEAP_ALLOCATE|[342]|Bytes:408
15:08:22.0 (835496)|HEAP_ALLOCATE|[355]|Bytes:408
15:08:22.0 (852156)|HEAP_ALLOCATE|[467]|Bytes:48
15:08:22.2 (2118154)|USER_INFO|[EXTERNAL]|00550000005cg71|bfffollow@jr.te|Eastern Standard Time|GMT-04:00
15:08:22.2 (2571824)|STATEMENT_EXECUTE|[1]
15:08:22.2 (2582305)|METHOD_EXIT|[1]|ETLC_ApexBridge_Controller
15:08:22.2 (2587748)|HEAP_ALLOCATE|[EXTERNAL]|Bytes:93
15:08:22.2 (2596972)|SYSTEM_MODE_ENTER|false
15:08:22.2 (2610322)|VARIABLE_SCOPE_BEGIN|[3]|dataJson|String|false|false
15:08:22.2 (2648084)|VARIABLE_ASSIGNMENT|[3]|dataJson|"{\"operation\":\"BFFFol (73 more) ..."
15:08:22.2 (2658353)|STATEMENT_EXECUTE|[3]
15:08:22.2 (2660037)|STATEMENT_EXECUTE|[4]
15:08:22.2 (4590323)|VARIABLE_SCOPE_BEGIN|[4]|data|BFFFollow.ETLC_ApexBridge_Data|true|false
15:08:22.2 (4603624)|VARIABLE_ASSIGNMENT|[4]|data|null|
15:08:22.2 (4606613)|STATEMENT_EXECUTE|[5]
15:08:22.2 (4608005)|STATEMENT_EXECUTE|[5]
15:08:22.2 (4608971)|STATEMENT_EXECUTE|[6]
15:08:22.2 (4624621)|HEAP_ALLOCATE|[6]|Bytes:11
15:08:22.2 (4632356)|HEAP_ALLOCATE|[6]|Bytes:248
15:08:22.2 (4635920)|HEAP_ALLOCATE|[6]|Bytes:39
15:08:22.2 (4673161)|METHOD_ENTRY|[2]|01p50000002CIEo|ETLC_ApexBridge_Data.ETLC_ApexBridge_Data()
15:08:22.2 (4677185)|STATEMENT_EXECUTE|[2]
15:08:22.2 (4681311)|STATEMENT_EXECUTE|[2]
15:08:22.2 (4687313)|METHOD_EXIT|[2]|ETLC_ApexBridge_Data
15:08:22.2 (4718331)|METHOD_ENTRY|[6]|01p50000002CIEo|BFFFollow.ETLC_ApexBridge_Data.fromJSON(String)
15:08:22.2 (4746153)|VARIABLE_SCOPE_BEGIN|[60]|strJson|String|false|false
15:08:22.2 (4756357)|VARIABLE_ASSIGNMENT|[60]|strJson|"{\"operation\":\"BFFFol (73 more) ..."
15:08:22.2 (4761176)|STATEMENT_EXECUTE|[60]
15:08:22.2 (4762693)|STATEMENT_EXECUTE|[61]
15:08:22.2 (4772390)|HEAP_ALLOCATE|[61]|Bytes:30
15:08:22.2 (4792718)|HEAP_ALLOCATE|[50]|Bytes:5
15:08:22.2 (4815947)|HEAP_ALLOCATE|[56]|Bytes:5
15:08:22.2 (4826196)|HEAP_ALLOCATE|[64]|Bytes:7
15:08:22.2 (4917595)|HEAP_ALLOCATE|[61]|Bytes:24
15:08:22.2 (4932169)|SYSTEM_METHOD_ENTRY|[1]|Type.Type()
15:08:22.2 (4935361)|STATEMENT_EXECUTE|[1]
15:08:22.2 (4944307)|SYSTEM_METHOD_EXIT|[1]|Type
15:08:22.2 (4950238)|HEAP_ALLOCATE|[61]|Bytes:8
15:08:22.2 (4966572)|HEAP_ALLOCATE|[61]|Bytes:8
15:08:22.2 (4971007)|VARIABLE_SCOPE_BEGIN|[4]|this|System.Type|true|false
15:08:22.2 (5002174)|VARIABLE_ASSIGNMENT|[4]|this|{}|0x7214c93
15:08:22.2 (5007239)|VARIABLE_SCOPE_BEGIN|[4]|apextype|java:common.apex.runtime.ApexObjectType|true|false
15:08:22.2 (5108289)|VARIABLE_ASSIGNMENT|[4]|apextype|"BFFFollow.ETLC_ApexBridge_Data"|0x43f9b875
15:08:22.2 (5173833)|HEAP_ALLOCATE|[61]|Bytes:8
15:08:22.2 (5214609)|HEAP_ALLOCATE|[61]|Bytes:24
15:08:22.2 (5227092)|SYSTEM_METHOD_ENTRY|[1]|JSON.JSON()
15:08:22.2 (5229720)|STATEMENT_EXECUTE|[1]
15:08:22.2 (5236802)|SYSTEM_METHOD_EXIT|[1]|JSON
15:08:22.2 (5249370)|METHOD_ENTRY|[61]||System.JSON.deserializeStrict(String, System.Type)
15:08:22.2 (5838547)|METHOD_EXIT|[61]||System.JSON.deserializeStrict(String, System.Type)
15:08:22.2 (5849281)|METHOD_EXIT|[6]|01p50000002CIEo|BFFFollow.ETLC_ApexBridge_Data.fromJSON(String)
15:08:22.2 (5914746)|VARIABLE_ASSIGNMENT|[6]|data|{"debug":true,"input":"{\"mode\":\"fetchFollow (9 more) ...","operation":"BFFFollow_Controller"}|0xff7181f
15:08:22.2 (5920032)|STATEMENT_EXECUTE|[7]
15:08:22.2 (5930309)|HEAP_ALLOCATE|[7]|Bytes:6
15:08:22.2 (5957583)|ENTERING_MANAGED_PKG|
15:08:22.2 (6007568)|HEAP_ALLOCATE|[7]|Bytes:177
15:08:22.2 (6028175)|HEAP_ALLOCATE|[7]|Bytes:183
15:08:22.2 (6048541)|ENTERING_MANAGED_PKG|
15:08:22.2 (6053724)|USER_DEBUG|[7]|DEBUG|data::ETLC_ApexBridge_Data:[debug=true, input={"mode":"fetchFollowedUsers"}, isSuccess=null, messages=null, operation=BFFFollow_Controller, output=null, outputFlag=null, records=null]
15:08:22.2 (6060518)|STATEMENT_EXECUTE|[8]
15:08:22.2 (6117845)|VARIABLE_ASSIGNMENT|[EXTERNAL]|this|{"debug":true,"input":"{\"mode\":\"fetchFollow (9 more) ...","operation":"BFFFollow_Controller"}|0xff7181f
15:08:22.2 (6137378)|METHOD_ENTRY|[8]||System.Type.forName(String)
15:08:22.2 (8300343)|METHOD_EXIT|[8]||System.Type.forName(String)
15:08:22.2 (8312772)|METHOD_ENTRY|[8]||System.Type.newInstance()
15:08:22.2 (9845987)|STATEMENT_EXECUTE|[1]
15:08:22.2 (9858484)|HEAP_ALLOCATE|[33]|Bytes:5
15:08:22.2 (9873326)|METHOD_EXIT|[1]|BFFFollow_Controller
15:08:22.2 (9892137)|HEAP_ALLOCATE|[33]|Bytes:4
15:08:22.2 (9903328)|VARIABLE_SCOPE_BEGIN|[1]|this|BFFFollow.BFFFollow_Controller|true|false
15:08:22.2 (9921274)|VARIABLE_ASSIGNMENT|[1]|this|{}|0x332e273c
15:08:22.2 (9930080)|HEAP_ALLOCATE|[33]|Bytes:5
15:08:22.2 (9938913)|HEAP_ALLOCATE|[33]|Bytes:11
15:08:22.2 (9960889)|METHOD_ENTRY|[1]|01p50000002CIEj|ETLC_ApexBridge_Abstract.ETLC_ApexBridge_Abstract()
15:08:22.2 (9964238)|STATEMENT_EXECUTE|[1]
15:08:22.2 (9968270)|STATEMENT_EXECUTE|[1]
15:08:22.2 (9973977)|METHOD_EXIT|[1]|ETLC_ApexBridge_Abstract
15:08:22.2 (9982074)|CONSTRUCTOR_ENTRY|[EXTERNAL]|01p50000002CIEj|<init>()
15:08:22.2 (10001559)|VARIABLE_SCOPE_BEGIN|[1]|this|BFFFollow.ETLC_ApexBridge_Abstract|true|false
15:08:22.2 (10017726)|VARIABLE_ASSIGNMENT|[1]|this|{}|0x332e273c
15:08:22.2 (10032640)|STATEMENT_EXECUTE|[1]
15:08:22.2 (10037083)|CONSTRUCTOR_EXIT|[EXTERNAL]|01p50000002CIEj|<init>()
15:08:22.2 (10042734)|STATEMENT_EXECUTE|[1]
15:08:22.2 (10047783)|HEAP_ALLOCATE|[33]|Bytes:5
15:08:22.2 (10064053)|METHOD_EXIT|[8]||System.Type.newInstance()
15:08:22.2 (10072959)|VARIABLE_SCOPE_BEGIN|[8]|executor|BFFFollow.ETLC_ApexBridge_Abstract|true|false
15:08:22.2 (10085521)|VARIABLE_ASSIGNMENT|[8]|executor|{}|0x332e273c
15:08:22.2 (10088413)|STATEMENT_EXECUTE|[9]
15:08:22.2 (10129445)|METHOD_ENTRY|[9]|01p50000002D8iw|BFFFollow.BFFFollow_Controller.process(BFFFollow.ETLC_ApexBridge_Data)
15:08:22.2 (10155333)|VARIABLE_SCOPE_BEGIN|[3]|this|BFFFollow.BFFFollow_Controller|true|false
15:08:22.2 (10169752)|VARIABLE_ASSIGNMENT|[3]|this|{}|0x332e273c
15:08:22.2 (10174306)|VARIABLE_SCOPE_BEGIN|[3]|data|BFFFollow.ETLC_ApexBridge_Data|true|false
15:08:22.2 (10198579)|VARIABLE_ASSIGNMENT|[3]|data|{"debug":true,"input":"{\"mode\":\"fetchFollow (9 more) ...","operation":"BFFFollow_Controller"}|0xff7181f
15:08:22.2 (10207974)|HEAP_ALLOCATE|[4]|Bytes:5
15:08:22.2 (10212207)|STATEMENT_EXECUTE|[3]
15:08:22.2 (10213594)|STATEMENT_EXECUTE|[4]
15:08:22.2 (10293771)|VARIABLE_ASSIGNMENT|[EXTERNAL]|this|{"debug":true,"input":"{\"mode\":\"fetchFollow (9 more) ...","operation":"BFFFollow_Controller"}|0xff7181f
15:08:22.2 (10316627)|VARIABLE_ASSIGNMENT|[4]|BFFFollow_Controller.debugFlag|true
15:08:22.2 (10355497)|VARIABLE_ASSIGNMENT|[EXTERNAL]|this|{"debug":true,"input":"{\"mode\":\"fetchFollow (9 more) ...","operation":"BFFFollow_Controller"}|0xff7181f
15:08:22.2 (10369109)|STATEMENT_EXECUTE|[5]
15:08:22.2 (10378859)|HEAP_ALLOCATE|[5]|Bytes:12
15:08:22.2 (10401271)|ENTERING_MANAGED_PKG|
15:08:22.2 (10423069)|HEAP_ALLOCATE|[5]|Bytes:177
15:08:22.2 (10437522)|HEAP_ALLOCATE|[5]|Bytes:189
15:08:22.2 (10450476)|ENTERING_MANAGED_PKG|
15:08:22.2 (10454362)|USER_DEBUG|[5]|DEBUG|data BEFORE:ETLC_ApexBridge_Data:[debug=true, input={"mode":"fetchFollowedUsers"}, isSuccess=null, messages=null, operation=BFFFollow_Controller, output=null, outputFlag=null, records=null]
15:08:22.2 (10461087)|STATEMENT_EXECUTE|[7]
15:08:22.2 (10468458)|HEAP_ALLOCATE|[7]|Bytes:4
15:08:22.2 (10491377)|METHOD_ENTRY|[7]|01p50000002CIEo|BFFFollow.ETLC_ApexBridge_Data.getInputValue(String)
15:08:22.2 (10514373)|VARIABLE_SCOPE_BEGIN|[52]|this|BFFFollow.ETLC_ApexBridge_Data|true|false
15:08:22.2 (10540882)|VARIABLE_ASSIGNMENT|[52]|this|{"debug":true,"input":"{\"mode\":\"fetchFollow (9 more) ...","operation":"BFFFollow_Controller"}|0xff7181f
15:08:22.2 (10547499)|VARIABLE_SCOPE_BEGIN|[52]|key|String|false|false
15:08:22.2 (10551617)|VARIABLE_ASSIGNMENT|[52]|key|"mode"
15:08:22.2 (10555991)|STATEMENT_EXECUTE|[52]
15:08:22.2 (10557407)|STATEMENT_EXECUTE|[53]
15:08:22.2 (10609626)|VARIABLE_ASSIGNMENT|[EXTERNAL]|this|{"debug":true,"input":"{\"mode\":\"fetchFollow (9 more) ...","operation":"BFFFollow_Controller"}|0xff7181f
15:08:22.2 (10628300)|METHOD_ENTRY|[53]||System.JSON.deserializeUntyped(String)
15:08:22.2 (10847971)|METHOD_EXIT|[53]||System.JSON.deserializeUntyped(String)
15:08:22.2 (10857894)|VARIABLE_SCOPE_BEGIN|[53]|inputMap|Map<String,ANY>|true|false
15:08:22.2 (10881201)|VARIABLE_ASSIGNMENT|[53]|inputMap|{"s":1,"v":{"mode":"fetchFollowedUsers"}}|0x16f33180
15:08:22.2 (10884671)|STATEMENT_EXECUTE|[54]
15:08:22.2 (10911612)|ENTERING_MANAGED_PKG|
15:08:22.2 (10963599)|METHOD_EXIT|[7]|01p50000002CIEo|BFFFollow.ETLC_ApexBridge_Data.getInputValue(String)
15:08:22.2 (10974274)|VARIABLE_SCOPE_BEGIN|[7]|mode|String|false|false
15:08:22.2 (10984500)|VARIABLE_ASSIGNMENT|[7]|mode|"fetchFollowedUsers"
15:08:22.2 (10990120)|HEAP_ALLOCATE|[9]|Bytes:19
15:08:22.2 (11012976)|HEAP_ALLOCATE|[11]|Bytes:18
15:08:22.2 (11027306)|STATEMENT_EXECUTE|[11]
15:08:22.2 (11029083)|STATEMENT_EXECUTE|[12]
15:08:22.2 (11075900)|HEAP_ALLOCATE|[12]|Bytes:85
15:08:22.2 (11091124)|SYSTEM_METHOD_ENTRY|[1]|UserInfo.UserInfo()
15:08:22.2 (11093961)|STATEMENT_EXECUTE|[1]
15:08:22.2 (11101718)|SYSTEM_METHOD_EXIT|[1]|UserInfo
15:08:22.2 (11113656)|METHOD_ENTRY|[12]||System.UserInfo.getUserId()
15:08:22.2 (11147629)|METHOD_EXIT|[12]||System.UserInfo.getUserId()
15:08:22.2 (11180192)|HEAP_ALLOCATE|[12]|Bytes:4
15:08:22.2 (11204774)|METHOD_ENTRY|[12]|01p50000002D8iw|BFFFollow.BFFFollow_Controller.fetchFollowedUsers(Id)
15:08:22.2 (11215466)|VARIABLE_SCOPE_BEGIN|[41]|this|BFFFollow.BFFFollow_Controller|true|false
15:08:22.2 (11230794)|VARIABLE_ASSIGNMENT|[41]|this|{}|0x332e273c
15:08:22.2 (11235822)|VARIABLE_SCOPE_BEGIN|[41]|followedById|Id|false|false
15:08:22.2 (11302071)|VARIABLE_ASSIGNMENT|[41]|followedById|"00550000005cg71AAA"
15:08:22.2 (11313255)|HEAP_ALLOCATE|[42]|Bytes:5
15:08:22.2 (11317777)|STATEMENT_EXECUTE|[41]
15:08:22.2 (11319143)|STATEMENT_EXECUTE|[42]
15:08:22.2 (11327787)|HEAP_ALLOCATE|[42]|Bytes:63
15:08:22.2 (11348102)|ENTERING_MANAGED_PKG|
15:08:22.2 (11372326)|HEAP_ALLOCATE|[42]|Bytes:18
15:08:22.2 (11383923)|HEAP_ALLOCATE|[42]|Bytes:9
15:08:22.2 (11394294)|HEAP_ALLOCATE|[42]|Bytes:90
15:08:22.2 (11399294)|VARIABLE_SCOPE_BEGIN|[42]|soql|String|false|false
15:08:22.2 (11407621)|VARIABLE_ASSIGNMENT|[42]|soql|"SELECT FollowedUsers (70 more) ..."
15:08:22.2 (11410734)|STATEMENT_EXECUTE|[43]
15:08:22.2 (11412028)|STATEMENT_EXECUTE|[43]
15:08:22.2 (11417231)|STATEMENT_EXECUTE|[44]
15:08:22.2 (11418284)|STATEMENT_EXECUTE|[44]
15:08:22.2 (11426098)|HEAP_ALLOCATE|[44]|Bytes:24
15:08:22.2 (11432644)|HEAP_ALLOCATE|[44]|Bytes:114
15:08:22.2 (11446780)|ENTERING_MANAGED_PKG|
15:08:22.2 (11465432)|USER_DEBUG|[44]|DEBUG|fetchFollowedUsers:soql:SELECT FollowedUsers__c FROM BFFFollow__c WHERE FollowedBy__c='00550000005cg71AAA' limit 1
15:08:22.2 (11472736)|STATEMENT_EXECUTE|[45]
15:08:22.2 (17227611)|HEAP_ALLOCATE|[45]|Bytes:9
15:08:22.2 (17237752)|HEAP_ALLOCATE|[45]|Bytes:29
15:08:22.2 (17241963)|HEAP_ALLOCATE|[45]|Bytes:21
15:08:22.2 (17264600)|METHOD_ENTRY|[7]|01p50000002CIEt|ETLC_SecuredDB.ETLC_SecuredDB()
15:08:22.2 (17268076)|STATEMENT_EXECUTE|[7]
15:08:22.2 (17272220)|STATEMENT_EXECUTE|[7]
15:08:22.2 (17278452)|HEAP_ALLOCATE|[45]|Bytes:5
15:08:22.2 (17289192)|METHOD_EXIT|[7]|ETLC_SecuredDB
15:08:22.2 (17316772)|METHOD_ENTRY|[45]|01p50000002CIEt|BFFFollow.ETLC_SecuredDB.query(String)
15:08:22.2 (17340020)|VARIABLE_SCOPE_BEGIN|[10]|SOQL|String|false|false
15:08:22.2 (17349466)|VARIABLE_ASSIGNMENT|[10]|SOQL|"SELECT FollowedUsers (70 more) ..."
15:08:22.2 (17358427)|HEAP_ALLOCATE|[12]|Bytes:5
15:08:22.2 (17363017)|STATEMENT_EXECUTE|[10]
15:08:22.2 (17364552)|STATEMENT_EXECUTE|[12]
15:08:22.2 (17396147)|ENTERING_MANAGED_PKG|
15:08:22.2 (26664614)|SOQL_EXECUTE_BEGIN|[12]|Aggregations:0|SELECT FollowedUsers__c FROM BFFFollow__c WHERE FollowedBy__c='00550000005cg71AAA' limit 1
15:08:22.2 (30566564)|SOQL_EXECUTE_END|[12]|Rows:1
15:08:22.2 (30591464)|HEAP_ALLOCATE|[12]|Bytes:8
15:08:22.2 (30602205)|HEAP_ALLOCATE|[12]|Bytes:169
15:08:22.2 (30664332)|HEAP_ALLOCATE|[12]|Bytes:8
15:08:22.2 (30689038)|VARIABLE_SCOPE_BEGIN|[12]|dbRecords|List<SObject>|true|false
15:08:22.2 (30744212)|VARIABLE_ASSIGNMENT|[12]|dbRecords|{"s":1,"v":[{"s":2,"v":{"BFFFollow__FollowedU (7 more) ...":"[{\"id\":\"00550000005c (85 more) ...","Id":"a005000000ezW4dAAE"}}]}|0x272400ef
15:08:22.2 (30750105)|STATEMENT_EXECUTE|[20]
15:08:22.2 (31113075)|HEAP_ALLOCATE|[20]|Bytes:12
15:08:22.2 (31122179)|HEAP_ALLOCATE|[20]|Bytes:8
15:08:22.2 (31204457)|HEAP_ALLOCATE|[20]|Bytes:12
15:08:22.2 (31210672)|HEAP_ALLOCATE|[20]|Bytes:9
15:08:22.2 (31226183)|HEAP_ALLOCATE|[20]|Bytes:12
15:08:22.2 (31230195)|HEAP_ALLOCATE|[20]|Bytes:8
15:08:22.2 (31242192)|HEAP_ALLOCATE|[20]|Bytes:12
15:08:22.2 (31246357)|HEAP_ALLOCATE|[20]|Bytes:8
15:08:22.2 (31259426)|HEAP_ALLOCATE|[20]|Bytes:12
15:08:22.2 (31263037)|HEAP_ALLOCATE|[20]|Bytes:9
15:08:22.2 (31302008)|METHOD_ENTRY|[20]|01p50000002CIEt|BFFFollow.ETLC_SecuredDB.findFields(List<SObject>)
15:08:22.2 (31339287)|VARIABLE_SCOPE_BEGIN|[108]|dbRecords|List<SObject>|true|false
15:08:22.2 (31362986)|VARIABLE_ASSIGNMENT|[108]|dbRecords|{"s":1,"v":[{"s":2,"v":{"BFFFollow__FollowedU (7 more) ...":"[{\"id\":\"00550000005c (85 more) ...","Id":"a005000000ezW4dAAE"}}]}|0x272400ef
15:08:22.2 (31374732)|HEAP_ALLOCATE|[109]|Bytes:5
15:08:22.2 (31379557)|STATEMENT_EXECUTE|[108]
15:08:22.2 (31381180)|STATEMENT_EXECUTE|[109]
15:08:22.2 (31391993)|VARIABLE_SCOPE_BEGIN|[109]|strJSON|String|false|false
15:08:22.2 (31399318)|VARIABLE_ASSIGNMENT|[109]|strJSON|null
15:08:22.2 (31401490)|STATEMENT_EXECUTE|[110]
15:08:22.2 (31406853)|VARIABLE_SCOPE_BEGIN|[110]|mapFields|Map<String,Set<String>>|true|false
15:08:22.2 (31411814)|VARIABLE_ASSIGNMENT|[110]|mapFields|null|
15:08:22.2 (31413608)|STATEMENT_EXECUTE|[112]
15:08:22.2 (31430759)|METHOD_ENTRY|[112]||System.JSON.serialize(Object)
15:08:22.2 (31868202)|METHOD_EXIT|[112]||System.JSON.serialize(Object)
15:08:22.2 (31882662)|VARIABLE_ASSIGNMENT|[112]|strJSON|"[{\"attributes\":{\"typ (292 more) ..."
15:08:22.2 (31887113)|STATEMENT_EXECUTE|[113]
15:08:22.2 (31899999)|HEAP_ALLOCATE|[113]|Bytes:5
15:08:22.2 (31911789)|HEAP_ALLOCATE|[113]|Bytes:317
15:08:22.2 (31934081)|ENTERING_MANAGED_PKG|
15:08:22.2 (31957902)|USER_DEBUG|[113]|DEBUG|JSON:[{"attributes":{"type":"BFFFollow__BFFFollow__c","url":"/services/data/v37.0/sobjects/BFFFollow__BFFFollow__c/a005000000ezW4dAAE"},"BFFFollow__FollowedUsers__c":"[{\"id\":\"00550000005cg71AAA\",\"name\":\"Jaswinder Rattanpal\"},{\"id\":\"00550000005d7KnAAI\",\"name\":\"Test User\"}]","Id":"a005000000ezW4dAAE"}]
15:08:22.2 (31967288)|STATEMENT_EXECUTE|[114]
15:08:22.2 (31977210)|HEAP_ALLOCATE|[114]|Bytes:4
15:08:22.2 (32004856)|VARIABLE_ASSIGNMENT|[114]|mapFields|{"s":1,"v":{}}|0xbdc1859
15:08:22.2 (32009999)|STATEMENT_EXECUTE|[115]
15:08:22.2 (32030368)|METHOD_ENTRY|[115]||System.JSON.deserializeUntyped(String)
15:08:22.2 (32560054)|METHOD_EXIT|[115]||System.JSON.deserializeUntyped(String)
15:08:22.2 (32576135)|VARIABLE_SCOPE_BEGIN|[115]|records|List<ANY>|true|false
15:08:22.2 (32617053)|HEAP_ALLOCATE|[EXTERNAL]|Bytes:8
15:08:22.2 (32659065)|VARIABLE_ASSIGNMENT|[115]|records|{"s":1,"v":[{"s":2,"v":{"attributes":{"s":3,"v":{"type":"BFFFollow__BFFFollow (3 more) ...","url":"/services/data/v37.0 (52 more) ..."}},"BFFFollow__FollowedU (7 more) ...":"[{\"id\":\"00550000005c (85 more) ...","Id":"a005000000ezW4dAAE"}}]}|0x4d31be24
15:08:22.2 (32689863)|ENTERING_MANAGED_PKG|
15:08:22.2 (32743477)|HEAP_ALLOCATE|[116]|Bytes:5
15:08:22.2 (32771877)|HEAP_ALLOCATE|[116]|Bytes:16
15:08:22.2 (32791971)|VARIABLE_SCOPE_BEGIN|[116]|record|Object|false|false
15:08:22.2 (32830580)|VARIABLE_ASSIGNMENT|[116]|record|{"s":1,"v":{"attributes":{"s":2,"v":{"type":"BFFFollow__BFFFollow (3 more) ...","url":"/services/data/v37.0 (52 more) ..."}},"BFFFollow__FollowedU (7 more) ...":"[{\"id\":\"00550000005c (85 more) ...","Id":"a005000000ezW4dAAE"}}
15:08:22.2 (32838000)|STATEMENT_EXECUTE|[116]
15:08:22.2 (32840498)|STATEMENT_EXECUTE|[117]
15:08:22.2 (32880424)|METHOD_ENTRY|[117]|01p50000002CIEt|BFFFollow.ETLC_SecuredDB.findFieldsRecursive(Map<String,Set<String>>, Map<String,ANY>)
15:08:22.2 (32925509)|VARIABLE_SCOPE_BEGIN|[124]|mapFields|Map<String,Set<String>>|true|false
15:08:22.2 (32942826)|VARIABLE_ASSIGNMENT|[124]|mapFields|{"s":1,"v":{}}|0xbdc1859
15:08:22.2 (32953362)|VARIABLE_SCOPE_BEGIN|[124]|record|Map<String,ANY>|true|false
15:08:22.2 (32982261)|VARIABLE_ASSIGNMENT|[124]|record|{"s":1,"v":{"attributes":{"s":2,"v":{"type":"BFFFollow__BFFFollow (3 more) ...","url":"/services/data/v37.0 (52 more) ..."}},"BFFFollow__FollowedU (7 more) ...":"[{\"id\":\"00550000005c (85 more) ...","Id":"a005000000ezW4dAAE"}}|0x5762d398
15:08:22.2 (32999009)|HEAP_ALLOCATE|[125]|Bytes:5
15:08:22.2 (33006829)|STATEMENT_EXECUTE|[124]
15:08:22.2 (33010237)|STATEMENT_EXECUTE|[125]
15:08:22.2 (33022939)|HEAP_ALLOCATE|[125]|Bytes:10
15:08:22.2 (33032265)|VARIABLE_SCOPE_BEGIN|[125]|strAttributes|String|false|false
15:08:22.2 (33042590)|VARIABLE_ASSIGNMENT|[125]|strAttributes|"attributes"
15:08:22.2 (33046155)|STATEMENT_EXECUTE|[126]
15:08:22.2 (33057049)|HEAP_ALLOCATE|[126]|Bytes:7
15:08:22.2 (33064920)|VARIABLE_SCOPE_BEGIN|[126]|strRecord|String|false|false
15:08:22.2 (33073739)|VARIABLE_ASSIGNMENT|[126]|strRecord|"records"
15:08:22.2 (33095879)|ENTERING_MANAGED_PKG|
15:08:22.2 (33139147)|STATEMENT_EXECUTE|[127]
15:08:22.2 (33143896)|STATEMENT_EXECUTE|[128]
15:08:22.2 (33169819)|ENTERING_MANAGED_PKG|
15:08:22.2 (33219149)|VARIABLE_SCOPE_BEGIN|[128]|attributes|Map<String,ANY>|true|false
15:08:22.2 (33242275)|VARIABLE_ASSIGNMENT|[128]|attributes|{"s":1,"v":{"type":"BFFFollow__BFFFollow (3 more) ...","url":"/services/data/v37.0 (52 more) ..."}}|0x7350a0a1
15:08:22.2 (33247955)|STATEMENT_EXECUTE|[129]
15:08:22.2 (33258724)|HEAP_ALLOCATE|[129]|Bytes:4
15:08:22.2 (33280188)|ENTERING_MANAGED_PKG|
15:08:22.2 (33323989)|VARIABLE_SCOPE_BEGIN|[129]|objectName|String|false|false
15:08:22.2 (33336542)|VARIABLE_ASSIGNMENT|[129]|objectName|"BFFFollow__BFFFollow (3 more) ..."
15:08:22.2 (33349395)|HEAP_ALLOCATE|[130]|Bytes:4
15:08:22.2 (33375732)|ENTERING_MANAGED_PKG|
15:08:22.2 (33413246)|ENTERING_MANAGED_PKG|
15:08:22.2 (33450799)|HEAP_ALLOCATE|[130]|Bytes:55
15:08:22.2 (33479853)|ENTERING_MANAGED_PKG|
15:08:22.2 (33491302)|HEAP_ALLOCATE|[130]|Bytes:12
15:08:22.2 (33515301)|ENTERING_MANAGED_PKG|
15:08:22.2 (33545782)|HEAP_ALLOCATE|[130]|Bytes:5
15:08:22.2 (33562383)|VARIABLE_SCOPE_BEGIN|[130]|fieldName|String|false|false
15:08:22.2 (33570411)|VARIABLE_ASSIGNMENT|[130]|fieldName|"attributes"
15:08:22.2 (33573751)|STATEMENT_EXECUTE|[130]
15:08:22.2 (33575168)|STATEMENT_EXECUTE|[131]
15:08:22.2 (33592412)|ENTERING_MANAGED_PKG|
15:08:22.2 (33633572)|VARIABLE_SCOPE_BEGIN|[131]|field|Object|false|false
15:08:22.2 (33653286)|VARIABLE_ASSIGNMENT|[131]|field|{"s":1,"v":{"type":"BFFFollow__BFFFollow (3 more) ...","url":"/services/data/v37.0 (52 more) ..."}}
15:08:22.2 (33678643)|STATEMENT_EXECUTE|[132]
15:08:22.2 (33704595)|HEAP_ALLOCATE|[130]|Bytes:5
15:08:22.2 (33821697)|VARIABLE_SCOPE_BEGIN|[130]|fieldName|String|false|false
15:08:22.2 (33835908)|VARIABLE_ASSIGNMENT|[130]|fieldName|"BFFFollow__FollowedU (7 more) ..."
15:08:22.2 (33841066)|STATEMENT_EXECUTE|[130]
15:08:22.2 (33843218)|STATEMENT_EXECUTE|[131]
15:08:22.2 (33869048)|ENTERING_MANAGED_PKG|
15:08:22.2 (33895159)|VARIABLE_SCOPE_BEGIN|[131]|field|Object|false|false
15:08:22.2 (33914223)|VARIABLE_ASSIGNMENT|[131]|field|"[{\"id\":\"00550000005c (85 more) ..."
15:08:22.2 (33931345)|HEAP_ALLOCATE|[134]|Bytes:68
15:08:22.2 (33959927)|STATEMENT_EXECUTE|[136]
15:08:22.2 (33963737)|STATEMENT_EXECUTE|[137]
15:08:22.2 (33979539)|HEAP_ALLOCATE|[137]|Bytes:4
15:08:22.2 (34010301)|ENTERING_MANAGED_PKG|
15:08:22.2 (34045746)|VARIABLE_SCOPE_BEGIN|[137]|fieldNames|Set<String>|true|false
15:08:22.2 (34074778)|VARIABLE_ASSIGNMENT|[137]|fieldNames|{"s":1,"v":[]}|0x58a52dec
15:08:22.2 (34094274)|ENTERING_MANAGED_PKG|
15:08:22.2 (34126357)|STATEMENT_EXECUTE|[138]
15:08:22.2 (34136514)|STATEMENT_EXECUTE|[139]
15:08:22.2 (34160176)|ENTERING_MANAGED_PKG|
15:08:22.2 (34191460)|HEAP_ALLOCATE|[EXTERNAL]|Bytes:4
15:08:22.2 (34202440)|STATEMENT_EXECUTE|[140]
15:08:22.2 (34219951)|ENTERING_MANAGED_PKG|
15:08:22.2 (34243444)|HEAP_ALLOCATE|[EXTERNAL]|Bytes:-4
15:08:22.2 (34258944)|HEAP_ALLOCATE|[130]|Bytes:5
15:08:22.2 (34271770)|VARIABLE_SCOPE_BEGIN|[130]|fieldName|String|false|false
15:08:22.2 (34279494)|VARIABLE_ASSIGNMENT|[130]|fieldName|"Id"
15:08:22.2 (34282357)|STATEMENT_EXECUTE|[130]
15:08:22.2 (34283511)|STATEMENT_EXECUTE|[131]
15:08:22.2 (34298553)|ENTERING_MANAGED_PKG|
15:08:22.2 (34312017)|VARIABLE_SCOPE_BEGIN|[131]|field|Object|false|false
15:08:22.2 (34321677)|VARIABLE_ASSIGNMENT|[131]|field|"a005000000ezW4dAAE"
15:08:22.2 (34346919)|STATEMENT_EXECUTE|[136]
15:08:22.2 (34350230)|STATEMENT_EXECUTE|[137]
15:08:22.2 (34362875)|HEAP_ALLOCATE|[137]|Bytes:4
15:08:22.2 (34380624)|ENTERING_MANAGED_PKG|
15:08:22.2 (34391897)|VARIABLE_SCOPE_BEGIN|[137]|fieldNames|Set<String>|true|false
15:08:22.2 (34413029)|VARIABLE_ASSIGNMENT|[137]|fieldNames|{"s":1,"v":[]}|0x191adb73
15:08:22.2 (34425499)|ENTERING_MANAGED_PKG|
15:08:22.2 (34434388)|STATEMENT_EXECUTE|[138]
15:08:22.2 (34446993)|ENTERING_MANAGED_PKG|
15:08:22.2 (34470794)|VARIABLE_ASSIGNMENT|[138]|fieldNames|{"s":1,"v":["BFFFollow__FollowedU (7 more) ..."]}|0x58a52dec
15:08:22.2 (34474881)|STATEMENT_EXECUTE|[139]
15:08:22.2 (34487482)|ENTERING_MANAGED_PKG|
15:08:22.2 (34494821)|HEAP_ALLOCATE|[EXTERNAL]|Bytes:4
15:08:22.2 (34502167)|STATEMENT_EXECUTE|[140]
15:08:22.2 (34512348)|ENTERING_MANAGED_PKG|
15:08:22.2 (34530482)|HEAP_ALLOCATE|[130]|Bytes:5
15:08:22.2 (34542844)|VARIABLE_ASSIGNMENT|[130]|fieldName|null
15:08:22.2 (34558872)|METHOD_EXIT|[117]|01p50000002CIEt|BFFFollow.ETLC_SecuredDB.findFieldsRecursive(Map<String,Set<String>>, Map<String,ANY>)
15:08:22.2 (34577333)|HEAP_ALLOCATE|[116]|Bytes:5
15:08:22.2 (34602552)|VARIABLE_ASSIGNMENT|[116]|record|null
15:08:22.2 (34612614)|HEAP_ALLOCATE|[119]|Bytes:4
15:08:22.2 (34631997)|ENTERING_MANAGED_PKG|
15:08:22.2 (34665637)|ENTERING_MANAGED_PKG|
15:08:22.2 (34681310)|HEAP_ALLOCATE|[119]|Bytes:31
15:08:22.2 (34706802)|ENTERING_MANAGED_PKG|
15:08:22.2 (34714258)|HEAP_ALLOCATE|[119]|Bytes:4
15:08:22.2 (34742493)|ENTERING_MANAGED_PKG|
15:08:22.2 (34770874)|HEAP_ALLOCATE|[119]|Bytes:5
15:08:22.2 (34795068)|VARIABLE_SCOPE_BEGIN|[119]|objectName|String|false|false
15:08:22.2 (34808369)|VARIABLE_ASSIGNMENT|[119]|objectName|"BFFFollow__BFFFollow (3 more) ..."
15:08:22.2 (34814020)|STATEMENT_EXECUTE|[119]
15:08:22.2 (34816434)|STATEMENT_EXECUTE|[120]
15:08:22.2 (34829339)|HEAP_ALLOCATE|[120]|Bytes:2
15:08:22.2 (34851828)|ENTERING_MANAGED_PKG|
15:08:22.2 (34919820)|ENTERING_MANAGED_PKG|
15:08:22.2 (34938992)|HEAP_ALLOCATE|[120]|Bytes:33
15:08:22.2 (34967690)|HEAP_ALLOCATE|[120]|Bytes:58
15:08:22.2 (34992102)|ENTERING_MANAGED_PKG|
15:08:22.2 (34999755)|USER_DEBUG|[120]|DEBUG|BFFFollow__BFFFollow__c: {BFFFollow__FollowedUsers__c, Id}
15:08:22.2 (35022616)|HEAP_ALLOCATE|[119]|Bytes:5
15:08:22.2 (35045468)|VARIABLE_ASSIGNMENT|[119]|objectName|null
15:08:22.2 (35052391)|STATEMENT_EXECUTE|[122]
15:08:22.2 (35072225)|METHOD_EXIT|[20]|01p50000002CIEt|BFFFollow.ETLC_SecuredDB.findFields(List<SObject>)
15:08:22.2 (35101467)|METHOD_ENTRY|[20]|01p50000002CIEt|BFFFollow.ETLC_SecuredDB.validate(BFFFollow.ETLC_SecuredDB.Operation, Map<String,Set<String>>)
15:08:22.2 (35115718)|VARIABLE_SCOPE_BEGIN|[55]|op|BFFFollow.ETLC_SecuredDB.Operation|true|false
15:08:22.2 (35143115)|VARIABLE_ASSIGNMENT|[55]|op|"Querying"|0x5c2d6f9c
15:08:22.2 (35153736)|VARIABLE_SCOPE_BEGIN|[55]|mapFieldNames|Map<String,Set<String>>|true|false
15:08:22.2 (35184451)|VARIABLE_ASSIGNMENT|[55]|mapFieldNames|{"s":1,"v":{"BFFFollow__BFFFollow (3 more) ...":{"s":2,"v":["BFFFollow__FollowedU (7 more) ...","Id"]}}}|0xbdc1859
15:08:22.2 (35198945)|HEAP_ALLOCATE|[56]|Bytes:5
15:08:22.2 (35206736)|STATEMENT_EXECUTE|[55]
15:08:22.2 (35209703)|STATEMENT_EXECUTE|[56]
15:08:22.2 (35222686)|VARIABLE_SCOPE_BEGIN|[56]|securityMessage|String|false|false
15:08:22.2 (35236801)|VARIABLE_ASSIGNMENT|[56]|securityMessage|null
15:08:22.2 (35241180)|STATEMENT_EXECUTE|[57]
15:08:22.2 (35277766)|ENTERING_MANAGED_PKG|
15:08:22.2 (54660774)|HEAP_ALLOCATE|[57]|Bytes:1440
15:08:22.2 (54694812)|VARIABLE_SCOPE_BEGIN|[57]|mapObjects|Map<String,Schema.SObjectType>|true|false
15:08:22.2 (54922903)|VARIABLE_ASSIGNMENT|[57]|mapObjects|"{acceptedeventrelation=AcceptedEventRelation, account=Account, accountcontactrole=AccountContactRole, accountfeed=AccountFeed, accounthistory=AccountHistory, accountpartner=AccountPartner, accountshare=AccountShare, actionlinkgrouptemplate=ActionLinkGroupTemplate, actionlinktemplate=ActionLinkTemplate, activityhistory=ActivityHistory, ...}"|0x2d16f3b8
15:08:22.2 (54937278)|HEAP_ALLOCATE|[58]|Bytes:4
15:08:22.2 (54963982)|ENTERING_MANAGED_PKG|
15:08:22.2 (55028106)|ENTERING_MANAGED_PKG|
15:08:22.2 (55057527)|HEAP_ALLOCATE|[58]|Bytes:31
15:08:22.2 (55087693)|ENTERING_MANAGED_PKG|
15:08:22.2 (55098228)|HEAP_ALLOCATE|[58]|Bytes:4
15:08:22.2 (55120395)|ENTERING_MANAGED_PKG|
15:08:22.2 (55146345)|HEAP_ALLOCATE|[58]|Bytes:5
15:08:22.2 (55168750)|VARIABLE_SCOPE_BEGIN|[58]|sObjectName|String|false|false
15:08:22.2 (55187176)|VARIABLE_ASSIGNMENT|[58]|sObjectName|"BFFFollow__BFFFollow (3 more) ..."
15:08:22.2 (55194189)|STATEMENT_EXECUTE|[58]
15:08:22.2 (55198123)|STATEMENT_EXECUTE|[59]
15:08:22.2 (55216714)|HEAP_ALLOCATE|[59]|Bytes:9
15:08:22.2 (55225259)|HEAP_ALLOCATE|[59]|Bytes:7
15:08:22.2 (55257944)|ENTERING_MANAGED_PKG|
15:08:22.2 (55317783)|HEAP_ALLOCATE|[59]|Bytes:8
15:08:22.2 (55338377)|HEAP_ALLOCATE|[59]|Bytes:1
15:08:22.2 (55355733)|HEAP_ALLOCATE|[59]|Bytes:48
15:08:22.2 (55371621)|VARIABLE_ASSIGNMENT|[59]|securityMessage|"CRUD on [BFFFollow__ (28 more) ..."
15:08:22.2 (55377048)|STATEMENT_EXECUTE|[60]
15:08:22.2 (55389405)|HEAP_ALLOCATE|[60]|Bytes:10
15:08:22.2 (55400507)|HEAP_ALLOCATE|[60]|Bytes:58
15:08:22.2 (55424149)|ENTERING_MANAGED_PKG|
15:08:22.2 (55453998)|USER_DEBUG|[60]|DEBUG|Checking: CRUD on [BFFFollow__BFFFollow__c] for [Querying]
15:08:22.2 (55466118)|STATEMENT_EXECUTE|[61]
15:08:22.2 (55493424)|ENTERING_MANAGED_PKG|
15:08:22.2 (55760145)|HEAP_ALLOCATE|[61]|Bytes:4
15:08:22.2 (55802805)|VARIABLE_SCOPE_BEGIN|[61]|drSObj|Schema.DescribeSObjectResult|true|false
15:08:22.2 (55887196)|VARIABLE_ASSIGNMENT|[61]|drSObj|"common.api.soap.wsdl.DescribeSObjectResult@6e1daf55"|0x4842768c
15:08:22.2 (56047998)|STATEMENT_EXECUTE|[64]
15:08:22.2 (56073935)|STATEMENT_EXECUTE|[65]
15:08:22.2 (56132280)|STATEMENT_EXECUTE|[77]
15:08:22.2 (56135067)|STATEMENT_EXECUTE|[79]
15:08:22.2 (56381636)|HEAP_ALLOCATE|[79]|Bytes:56
15:08:22.2 (56393172)|VARIABLE_SCOPE_BEGIN|[79]|mapFields|Map<String,Schema.SObjectField>|true|false
15:08:22.2 (56594531)|VARIABLE_ASSIGNMENT|[79]|mapFields|"{bfffollow__followedby__c=BFFFollow__FollowedBy__c, bfffollow__followedusers__c=BFFFollow__FollowedUsers__c, createdbyid=CreatedById, createddate=CreatedDate, id=Id, isdeleted=IsDeleted, lastmodifiedbyid=LastModifiedById, lastmodifieddate=LastModifiedDate, lastreferenceddate=LastReferencedDate, lastvieweddate=LastViewedDate, ...}"|0x64f50aa7
15:08:22.2 (56605376)|HEAP_ALLOCATE|[80]|Bytes:4
15:08:22.2 (56619522)|ENTERING_MANAGED_PKG|
15:08:22.2 (56644533)|ENTERING_MANAGED_PKG|
15:08:22.2 (56664103)|ENTERING_MANAGED_PKG|
15:08:22.2 (56669829)|HEAP_ALLOCATE|[80]|Bytes:8
15:08:22.2 (56682999)|ENTERING_MANAGED_PKG|
15:08:22.2 (56699712)|HEAP_ALLOCATE|[80]|Bytes:5
15:08:22.2 (56713345)|VARIABLE_SCOPE_BEGIN|[80]|fieldName|String|false|false
15:08:22.2 (56722719)|VARIABLE_ASSIGNMENT|[80]|fieldName|"BFFFollow__FollowedU (7 more) ..."
15:08:22.2 (56726165)|STATEMENT_EXECUTE|[80]
15:08:22.2 (56727772)|STATEMENT_EXECUTE|[81]
15:08:22.2 (56745232)|ENTERING_MANAGED_PKG|
15:08:22.2 (62896491)|HEAP_ALLOCATE|[81]|Bytes:8
15:08:22.2 (62967736)|VARIABLE_SCOPE_BEGIN|[81]|drField|Schema.DescribeFieldResult|true|false
15:08:22.2 (63093693)|VARIABLE_ASSIGNMENT|[81]|drField|"common.api.soap.wsdl.Field@3c6da868"|0x640566a5
15:08:22.2 (63130596)|STATEMENT_EXECUTE|[82]
15:08:22.2 (63134174)|STATEMENT_EXECUTE|[83]
15:08:22.2 (63149990)|HEAP_ALLOCATE|[83]|Bytes:8
15:08:22.2 (63155904)|HEAP_ALLOCATE|[83]|Bytes:1
15:08:22.2 (63188828)|ENTERING_MANAGED_PKG|
15:08:22.2 (63230564)|HEAP_ALLOCATE|[83]|Bytes:8
15:08:22.2 (63255431)|HEAP_ALLOCATE|[83]|Bytes:74
15:08:22.2 (63262330)|HEAP_ALLOCATE|[83]|Bytes:75
15:08:22.2 (63273526)|VARIABLE_ASSIGNMENT|[83]|securityMessage|"FLS on [BFFFollow__B (55 more) ..."
15:08:22.2 (63277011)|STATEMENT_EXECUTE|[84]
15:08:22.2 (63287540)|HEAP_ALLOCATE|[84]|Bytes:85
15:08:22.2 (63308489)|ENTERING_MANAGED_PKG|
15:08:22.2 (63329707)|USER_DEBUG|[84]|DEBUG|Checking: FLS on [BFFFollow__BFFFollow__c.BFFFollow__FollowedUsers__c] for [Querying]
15:08:22.2 (63446502)|STATEMENT_EXECUTE|[87]
15:08:22.2 (63463789)|STATEMENT_EXECUTE|[88]
15:08:22.2 (63485105)|HEAP_ALLOCATE|[80]|Bytes:5
15:08:22.2 (63501619)|VARIABLE_SCOPE_BEGIN|[80]|fieldName|String|false|false
15:08:22.2 (63509717)|VARIABLE_ASSIGNMENT|[80]|fieldName|"Id"
15:08:22.2 (63512908)|STATEMENT_EXECUTE|[80]
15:08:22.2 (63514175)|STATEMENT_EXECUTE|[81]
15:08:22.2 (63530657)|ENTERING_MANAGED_PKG|
15:08:22.2 (63683370)|HEAP_ALLOCATE|[81]|Bytes:8
15:08:22.2 (63694733)|VARIABLE_SCOPE_BEGIN|[81]|drField|Schema.DescribeFieldResult|true|false
15:08:22.2 (63758652)|VARIABLE_ASSIGNMENT|[81]|drField|"common.api.soap.wsdl.Field@583aaa70"|0x3d6e6f76
15:08:22.2 (63771114)|STATEMENT_EXECUTE|[99]
15:08:22.2 (63772695)|STATEMENT_EXECUTE|[100]
15:08:22.2 (63781964)|HEAP_ALLOCATE|[100]|Bytes:22
15:08:22.2 (63804572)|ENTERING_MANAGED_PKG|
15:08:22.2 (63835234)|HEAP_ALLOCATE|[100]|Bytes:8
15:08:22.2 (63851746)|HEAP_ALLOCATE|[100]|Bytes:63
15:08:22.2 (63856253)|HEAP_ALLOCATE|[100]|Bytes:35
15:08:22.2 (63860602)|HEAP_ALLOCATE|[100]|Bytes:98
15:08:22.2 (63874086)|ENTERING_MANAGED_PKG|
15:08:22.2 (63877942)|USER_DEBUG|[100]|DEBUG|Bypass Check: FLS on [BFFFollow__BFFFollow__c.Id] for [Querying] since it's not isPermissionable()
15:08:22.2 (63892072)|HEAP_ALLOCATE|[80]|Bytes:5
15:08:22.2 (63904980)|VARIABLE_ASSIGNMENT|[80]|fieldName|null
15:08:22.2 (63914727)|HEAP_ALLOCATE|[58]|Bytes:5
15:08:22.2 (63922803)|VARIABLE_ASSIGNMENT|[58]|sObjectName|null
15:08:22.2 (63939082)|METHOD_EXIT|[20]|01p50000002CIEt|BFFFollow.ETLC_SecuredDB.validate(BFFFollow.ETLC_SecuredDB.Operation, Map<String,Set<String>>)
15:08:22.2 (63943664)|STATEMENT_EXECUTE|[21]
15:08:22.2 (63956158)|METHOD_EXIT|[45]|01p50000002CIEt|BFFFollow.ETLC_SecuredDB.query(String)
15:08:22.2 (63963410)|VARIABLE_SCOPE_BEGIN|[45]|dbRecords|List<SObject>|true|false
15:08:22.2 (64004642)|VARIABLE_ASSIGNMENT|[45]|dbRecords|{"s":1,"v":[{"s":2,"v":{"BFFFollow__FollowedU (7 more) ...":"[{\"id\":\"00550000005c (85 more) ...","Id":"a005000000ezW4dAAE"}}]}|0x272400ef
15:08:22.2 (64013230)|STATEMENT_EXECUTE|[46]
15:08:22.2 (64014659)|STATEMENT_EXECUTE|[46]
15:08:22.2 (64040257)|ENTERING_MANAGED_PKG|
15:08:22.2 (64095561)|USER_DEBUG|[46]|DEBUG|(BFFFollow__BFFFollow__c:{BFFFollow__FollowedUsers__c=[{"id":"00550000005cg71AAA","name":"Jaswinder Rattanpal"},{"id":"00550000005d7KnAAI","name":"Test User"}], Id=a005000000ezW4dAAE})
15:08:22.2 (64180765)|ENTERING_MANAGED_PKG|
15:08:22.2 (64202694)|STATEMENT_EXECUTE|[47]
15:08:22.2 (64208329)|STATEMENT_EXECUTE|[48]
15:08:22.2 (64209554)|STATEMENT_EXECUTE|[49]
15:08:22.2 (64218040)|HEAP_ALLOCATE|[49]|Bytes:18
15:08:22.2 (64229685)|HEAP_ALLOCATE|[49]|Bytes:12
15:08:22.2 (64235801)|HEAP_ALLOCATE|[49]|Bytes:16
15:08:22.2 (64265074)|ENTERING_MANAGED_PKG|
15:08:22.2 (64312288)|HEAP_ALLOCATE|[49]|Bytes:105
15:08:22.2 (64334665)|ENTERING_MANAGED_PKG|
15:08:22.2 (64338796)|HEAP_ALLOCATE|[49]|Bytes:105
15:08:22.2 (64349171)|HEAP_ALLOCATE|[49]|Bytes:123
15:08:22.2 (64359892)|ENTERING_MANAGED_PKG|
15:08:22.2 (64363170)|USER_DEBUG|[49]|DEBUG|FollowedUsers__c::[{"id":"00550000005cg71AAA","name":"Jaswinder Rattanpal"},{"id":"00550000005d7KnAAI","name":"Test User"}]
15:08:22.2 (64369815)|STATEMENT_EXECUTE|[51]
15:08:22.2 (64382374)|HEAP_ALLOCATE|[51]|Bytes:12
15:08:22.2 (64400160)|ENTERING_MANAGED_PKG|
15:08:22.2 (64439211)|HEAP_ALLOCATE|[51]|Bytes:105
15:08:22.2 (64458016)|METHOD_EXIT|[12]|01p50000002D8iw|BFFFollow.BFFFollow_Controller.fetchFollowedUsers(Id)
15:08:22.2 (64534561)|VARIABLE_ASSIGNMENT|[EXTERNAL]|this|{"debug":true,"input":"{\"mode\":\"fetchFollow (9 more) ...","operation":"BFFFollow_Controller"}|0xff7181f
15:08:22.2 (64546743)|VARIABLE_ASSIGNMENT|[EXTERNAL]|value|"[{\"id\":\"00550000005c (85 more) ..."
15:08:22.2 (64561613)|VARIABLE_ASSIGNMENT|[12]|this.output|"[{\"id\":\"00550000005c (85 more) ..."|0xff7181f
15:08:22.2 (64569236)|STATEMENT_EXECUTE|[13]
15:08:22.2 (64631376)|VARIABLE_ASSIGNMENT|[EXTERNAL]|this|{"debug":true,"input":"{\"mode\":\"fetchFollow (9 more) ...","operation":"BFFFollow_Controller","output":"[{\"id\":\"00550000005c (85 more) ..."}|0xff7181f
15:08:22.2 (64691938)|VARIABLE_ASSIGNMENT|[EXTERNAL]|this|{"debug":true,"input":"{\"mode\":\"fetchFollow (9 more) ...","operation":"BFFFollow_Controller","output":"[{\"id\":\"00550000005c (85 more) ..."}|0xff7181f
15:08:22.2 (64702935)|VARIABLE_ASSIGNMENT|[EXTERNAL]|value|true
15:08:22.2 (64708476)|HEAP_ALLOCATE|[15]|Bytes:5
15:08:22.2 (64716503)|VARIABLE_ASSIGNMENT|[15]|this.outputFlag|true|0xff7181f
15:08:22.2 (64727490)|STATEMENT_EXECUTE|[21]
15:08:22.2 (64729025)|STATEMENT_EXECUTE|[21]
15:08:22.2 (64737438)|HEAP_ALLOCATE|[21]|Bytes:11
15:08:22.2 (64757757)|ENTERING_MANAGED_PKG|
15:08:22.2 (64806066)|HEAP_ALLOCATE|[21]|Bytes:278
15:08:22.2 (64821426)|HEAP_ALLOCATE|[21]|Bytes:289
15:08:22.2 (64839827)|ENTERING_MANAGED_PKG|
15:08:22.2 (64843670)|USER_DEBUG|[21]|DEBUG|data AFTER:ETLC_ApexBridge_Data:[debug=true, input={"mode":"fetchFollowedUsers"}, isSuccess=null, messages=null, operation=BFFFollow_Controller, output=[{"id":"00550000005cg71AAA","name":"Jaswinder Rattanpal"},{"id":"00550000005d7KnAAI","name":"Test User"}], outputFlag=true, records=null]
15:08:22.2 (64857323)|METHOD_EXIT|[9]|01p50000002D8iw|BFFFollow.BFFFollow_Controller.process(BFFFollow.ETLC_ApexBridge_Data)
15:08:22.2 (64861859)|STATEMENT_EXECUTE|[24]
15:08:22.2 (64883599)|METHOD_ENTRY|[24]|01p50000002CIEo|BFFFollow.ETLC_ApexBridge_Data.toJSON()
15:08:22.2 (64904538)|VARIABLE_SCOPE_BEGIN|[57]|this|BFFFollow.ETLC_ApexBridge_Data|true|false
15:08:22.2 (64934250)|VARIABLE_ASSIGNMENT|[57]|this|{"debug":true,"input":"{\"mode\":\"fetchFollow (9 more) ...","operation":"BFFFollow_Controller","output":"[{\"id\":\"00550000005c (85 more) ...","outputFlag":true}|0xff7181f
15:08:22.2 (64940209)|STATEMENT_EXECUTE|[57]
15:08:22.2 (64941480)|STATEMENT_EXECUTE|[58]
15:08:22.2 (64958254)|METHOD_ENTRY|[58]||System.JSON.serialize(Object)
15:08:22.2 (65048697)|STATEMENT_EXECUTE|[22]
15:08:22.2 (65056243)|STATEMENT_EXECUTE|[23]
15:08:22.2 (65070806)|HEAP_ALLOCATE|[23]|Bytes:5
15:08:22.2 (65085990)|VARIABLE_ASSIGNMENT|[23]|this.isSuccess|true|0xff7181f
15:08:22.2 (65091160)|STATEMENT_EXECUTE|[24]
15:08:22.2 (65145957)|STATEMENT_EXECUTE|[31]
15:08:22.2 (65150738)|STATEMENT_EXECUTE|[32]
15:08:22.2 (65162165)|HEAP_ALLOCATE|[32]|Bytes:4
15:08:22.2 (65223803)|VARIABLE_ASSIGNMENT|[32]|this.messages|{"s":1,"v":{}}|0xff7181f
15:08:22.2 (65228114)|STATEMENT_EXECUTE|[33]
15:08:22.2 (65563128)|METHOD_EXIT|[58]||System.JSON.serialize(Object)
15:08:22.2 (65569401)|METHOD_EXIT|[24]|01p50000002CIEo|BFFFollow.ETLC_ApexBridge_Data.toJSON()
15:08:22.2 (65578474)|SYSTEM_MODE_EXIT|false
15:08:22.65 (65623591)|CUMULATIVE_LIMIT_USAGE
15:08:22.65 (65623591)|LIMIT_USAGE_FOR_NS|(default)|
  Number of SOQL queries: 0 out of 100
  Number of query rows: 0 out of 50000
  Number of SOSL queries: 0 out of 20
  Number of DML statements: 0 out of 150
  Number of DML rows: 0 out of 10000
  Maximum CPU time: 0 out of 10000
  Maximum heap size: 0 out of 6000000
  Number of callouts: 0 out of 100
  Number of Email Invocations: 0 out of 10
  Number of future calls: 0 out of 50
  Number of queueable jobs added to the queue: 0 out of 50
  Number of Mobile Apex push calls: 0 out of 10

15:08:22.65 (65623591)|LIMIT_USAGE_FOR_NS|BFFFollow|
  Number of SOQL queries: 1 out of 100
  Number of query rows: 1 out of 50000
  Number of SOSL queries: 0 out of 20
  Number of DML statements: 0 out of 150
  Number of DML rows: 0 out of 10000
  Maximum CPU time: 0 out of 10000
  Maximum heap size: 0 out of 6000000
  Number of callouts: 0 out of 100
  Number of Email Invocations: 0 out of 10
  Number of future calls: 0 out of 50
  Number of queueable jobs added to the queue: 0 out of 50
  Number of Mobile Apex push calls: 0 out of 10

15:08:22.65 (65623591)|CUMULATIVE_LIMIT_USAGE_END

15:08:22.2 (65689768)|CODE_UNIT_FINISHED|ETLC_ApexBridge_Controller.execute
