37.0 APEX_CODE,FINEST;APEX_PROFILING,INFO;CALLOUT,INFO;DB,INFO;SYSTEM,DEBUG;VALIDATION,INFO;VISUALFORCE,INFO;WORKFLOW,INFO
10:41:23.0 (479121)|USER_INFO|[EXTERNAL]|00550000005cg71|bfffollow@jr.te|Eastern Standard Time|GMT-04:00
10:41:23.0 (522521)|EXECUTION_STARTED
10:41:23.0 (527207)|CODE_UNIT_STARTED|[EXTERNAL]|aura
10:41:23.0 (943595)|HEAP_ALLOCATE|[72]|Bytes:3
10:41:23.0 (1007438)|HEAP_ALLOCATE|[77]|Bytes:152
10:41:23.0 (1020745)|HEAP_ALLOCATE|[342]|Bytes:408
10:41:23.0 (1037051)|HEAP_ALLOCATE|[355]|Bytes:408
10:41:23.0 (1052893)|HEAP_ALLOCATE|[467]|Bytes:48
10:41:23.0 (1076728)|HEAP_ALLOCATE|[139]|Bytes:6
10:41:23.0 (1102829)|HEAP_ALLOCATE|[EXTERNAL]|Bytes:122
10:41:23.0 (1122345)|HEAP_ALLOCATE|[EXTERNAL]|Bytes:122
10:41:23.0 (3716938)|CODE_UNIT_STARTED|[EXTERNAL]|01p50000002CIEm|ETLC_ApexBridge_Controller.execute
10:41:23.0 (4417527)|HEAP_ALLOCATE|[EXTERNAL]|Bytes:1
10:41:23.0 (4426657)|HEAP_ALLOCATE|[EXTERNAL]|Bytes:10
10:41:23.0 (4447766)|METHOD_ENTRY|[1]|01p50000002CIEm|ETLC_ApexBridge_Controller.ETLC_ApexBridge_Controller()
10:41:23.0 (4452743)|STATEMENT_EXECUTE|[1]
10:41:23.0 (4459080)|STATEMENT_EXECUTE|[1]
10:41:23.0 (4466813)|METHOD_EXIT|[1]|ETLC_ApexBridge_Controller
10:41:23.0 (4472210)|HEAP_ALLOCATE|[EXTERNAL]|Bytes:122
10:41:23.0 (4484045)|SYSTEM_MODE_ENTER|false
10:41:23.0 (4500780)|VARIABLE_SCOPE_BEGIN|[3]|dataJson|String|false|false
10:41:23.0 (4542664)|VARIABLE_ASSIGNMENT|[3]|dataJson|"{\"operation\":\"BFFFol (102 more) ..."
10:41:23.0 (4552660)|STATEMENT_EXECUTE|[3]
10:41:23.0 (4554237)|STATEMENT_EXECUTE|[4]
10:41:23.0 (6789359)|VARIABLE_SCOPE_BEGIN|[4]|data|ETLC_ApexBridge_Data|true|false
10:41:23.0 (6803215)|VARIABLE_ASSIGNMENT|[4]|data|null|
10:41:23.0 (6806198)|STATEMENT_EXECUTE|[5]
10:41:23.0 (6807886)|STATEMENT_EXECUTE|[5]
10:41:23.0 (6808871)|STATEMENT_EXECUTE|[6]
10:41:23.0 (6826883)|HEAP_ALLOCATE|[6]|Bytes:11
10:41:23.0 (6835584)|HEAP_ALLOCATE|[6]|Bytes:248
10:41:23.0 (6842452)|HEAP_ALLOCATE|[6]|Bytes:39
10:41:23.0 (6896006)|METHOD_ENTRY|[2]|01p50000002CIEo|ETLC_ApexBridge_Data.ETLC_ApexBridge_Data()
10:41:23.0 (6900556)|STATEMENT_EXECUTE|[2]
10:41:23.0 (6905668)|STATEMENT_EXECUTE|[2]
10:41:23.0 (6917416)|METHOD_EXIT|[2]|ETLC_ApexBridge_Data
10:41:23.0 (6952682)|METHOD_ENTRY|[6]|01p50000002CIEo|ETLC_ApexBridge_Data.fromJSON(String)
10:41:23.0 (6982304)|VARIABLE_SCOPE_BEGIN|[60]|strJson|String|false|false
10:41:23.0 (6993583)|VARIABLE_ASSIGNMENT|[60]|strJson|"{\"operation\":\"BFFFol (102 more) ..."
10:41:23.0 (6998263)|STATEMENT_EXECUTE|[60]
10:41:23.0 (6999703)|STATEMENT_EXECUTE|[61]
10:41:23.0 (7009179)|HEAP_ALLOCATE|[61]|Bytes:20
10:41:23.0 (7051879)|HEAP_ALLOCATE|[50]|Bytes:5
10:41:23.0 (7091133)|HEAP_ALLOCATE|[56]|Bytes:5
10:41:23.0 (7111020)|HEAP_ALLOCATE|[64]|Bytes:7
10:41:23.0 (7235114)|HEAP_ALLOCATE|[61]|Bytes:24
10:41:23.0 (7252232)|SYSTEM_METHOD_ENTRY|[1]|Type.Type()
10:41:23.0 (7255714)|STATEMENT_EXECUTE|[1]
10:41:23.0 (7265936)|SYSTEM_METHOD_EXIT|[1]|Type
10:41:23.0 (7272916)|HEAP_ALLOCATE|[61]|Bytes:8
10:41:23.0 (7300902)|HEAP_ALLOCATE|[61]|Bytes:8
10:41:23.0 (7307010)|VARIABLE_SCOPE_BEGIN|[4]|this|System.Type|true|false
10:41:23.0 (7357982)|VARIABLE_ASSIGNMENT|[4]|this|{}|0x2b44686
10:41:23.0 (7363076)|VARIABLE_SCOPE_BEGIN|[4]|apextype|java:common.apex.runtime.ApexObjectType|true|false
10:41:23.0 (7539069)|VARIABLE_ASSIGNMENT|[4]|apextype|"ETLC_ApexBridge_Data"|0x25731786
10:41:23.0 (7630142)|HEAP_ALLOCATE|[61]|Bytes:8
10:41:23.0 (7682065)|HEAP_ALLOCATE|[61]|Bytes:24
10:41:23.0 (7701084)|SYSTEM_METHOD_ENTRY|[1]|JSON.JSON()
10:41:23.0 (7704220)|STATEMENT_EXECUTE|[1]
10:41:23.0 (7712852)|SYSTEM_METHOD_EXIT|[1]|JSON
10:41:23.0 (7731276)|METHOD_ENTRY|[61]||System.JSON.deserializeStrict(String, System.Type)
10:41:23.0 (8396357)|METHOD_EXIT|[61]||System.JSON.deserializeStrict(String, System.Type)
10:41:23.0 (8413907)|METHOD_EXIT|[6]|01p50000002CIEo|ETLC_ApexBridge_Data.fromJSON(String)
10:41:23.0 (8570168)|VARIABLE_ASSIGNMENT|[6]|data|{"debug":true,"input":"{\"mode\":\"fetchUserFe (34 more) ...","operation":"BFFFollow_Controller"}|0x48b8f97c
10:41:23.0 (8579281)|STATEMENT_EXECUTE|[7]
10:41:23.0 (8594557)|HEAP_ALLOCATE|[7]|Bytes:6
10:41:23.0 (8723584)|HEAP_ALLOCATE|[7]|Bytes:202
10:41:23.0 (8768268)|HEAP_ALLOCATE|[7]|Bytes:208
10:41:23.0 (8797767)|USER_DEBUG|[7]|DEBUG|data::ETLC_ApexBridge_Data:[debug=true, input={"mode":"fetchUserFeed","userId":"00550000005d7KnAAI"}, isSuccess=null, messages=null, operation=BFFFollow_Controller, output=null, outputFlag=null, records=null]
10:41:23.0 (8806223)|STATEMENT_EXECUTE|[8]
10:41:23.0 (8882684)|VARIABLE_ASSIGNMENT|[EXTERNAL]|this|{"debug":true,"input":"{\"mode\":\"fetchUserFe (34 more) ...","operation":"BFFFollow_Controller"}|0x48b8f97c
10:41:23.0 (8907022)|METHOD_ENTRY|[8]||System.Type.forName(String)
10:41:23.0 (11138586)|METHOD_EXIT|[8]||System.Type.forName(String)
10:41:23.0 (11158392)|METHOD_ENTRY|[8]||System.Type.newInstance()
10:41:23.0 (13280017)|STATEMENT_EXECUTE|[1]
10:41:23.0 (13296013)|HEAP_ALLOCATE|[33]|Bytes:5
10:41:23.0 (13320904)|METHOD_EXIT|[1]|BFFFollow_Controller
10:41:23.0 (13342064)|HEAP_ALLOCATE|[33]|Bytes:4
10:41:23.0 (13355980)|VARIABLE_SCOPE_BEGIN|[1]|this|BFFFollow_Controller|true|false
10:41:23.0 (13404338)|VARIABLE_ASSIGNMENT|[1]|this|{}|0x5acdf5e5
10:41:23.0 (13413600)|HEAP_ALLOCATE|[33]|Bytes:5
10:41:23.0 (13422360)|HEAP_ALLOCATE|[33]|Bytes:11
10:41:23.0 (13445926)|METHOD_ENTRY|[1]|01p50000002CIEj|ETLC_ApexBridge_Abstract.ETLC_ApexBridge_Abstract()
10:41:23.0 (13449883)|STATEMENT_EXECUTE|[1]
10:41:23.0 (13454347)|STATEMENT_EXECUTE|[1]
10:41:23.0 (13461648)|METHOD_EXIT|[1]|ETLC_ApexBridge_Abstract
10:41:23.0 (13471758)|CONSTRUCTOR_ENTRY|[EXTERNAL]|01p50000002CIEj|<init>()
10:41:23.0 (13496229)|VARIABLE_SCOPE_BEGIN|[1]|this|ETLC_ApexBridge_Abstract|true|false
10:41:23.0 (13525010)|VARIABLE_ASSIGNMENT|[1]|this|{}|0x5acdf5e5
10:41:23.0 (13542950)|STATEMENT_EXECUTE|[1]
10:41:23.0 (13553506)|CONSTRUCTOR_EXIT|[EXTERNAL]|01p50000002CIEj|<init>()
10:41:23.0 (13559743)|STATEMENT_EXECUTE|[1]
10:41:23.0 (13564738)|HEAP_ALLOCATE|[33]|Bytes:5
10:41:23.0 (13587033)|METHOD_EXIT|[8]||System.Type.newInstance()
10:41:23.0 (13597362)|VARIABLE_SCOPE_BEGIN|[8]|executor|ETLC_ApexBridge_Abstract|true|false
10:41:23.0 (13620721)|VARIABLE_ASSIGNMENT|[8]|executor|{}|0x5acdf5e5
10:41:23.0 (13624021)|STATEMENT_EXECUTE|[9]
10:41:23.0 (13680797)|METHOD_ENTRY|[9]|01p50000002D8iw|BFFFollow_Controller.process(ETLC_ApexBridge_Data)
10:41:23.0 (13712680)|VARIABLE_SCOPE_BEGIN|[3]|this|BFFFollow_Controller|true|false
10:41:23.0 (13733518)|VARIABLE_ASSIGNMENT|[3]|this|{}|0x5acdf5e5
10:41:23.0 (13738258)|VARIABLE_SCOPE_BEGIN|[3]|data|ETLC_ApexBridge_Data|true|false
10:41:23.0 (13790348)|VARIABLE_ASSIGNMENT|[3]|data|{"debug":true,"input":"{\"mode\":\"fetchUserFe (34 more) ...","operation":"BFFFollow_Controller"}|0x48b8f97c
10:41:23.0 (13800358)|HEAP_ALLOCATE|[4]|Bytes:5
10:41:23.0 (13804260)|STATEMENT_EXECUTE|[3]
10:41:23.0 (13805569)|STATEMENT_EXECUTE|[4]
10:41:23.0 (13933863)|VARIABLE_ASSIGNMENT|[EXTERNAL]|this|{"debug":true,"input":"{\"mode\":\"fetchUserFe (34 more) ...","operation":"BFFFollow_Controller"}|0x48b8f97c
10:41:23.0 (13961425)|VARIABLE_ASSIGNMENT|[4]|BFFFollow_Controller.debugFlag|true
10:41:23.0 (14017680)|VARIABLE_ASSIGNMENT|[EXTERNAL]|this|{"debug":true,"input":"{\"mode\":\"fetchUserFe (34 more) ...","operation":"BFFFollow_Controller"}|0x48b8f97c
10:41:23.0 (14033286)|STATEMENT_EXECUTE|[5]
10:41:23.0 (14052593)|HEAP_ALLOCATE|[5]|Bytes:12
10:41:23.0 (14106293)|HEAP_ALLOCATE|[5]|Bytes:202
10:41:23.0 (14129373)|HEAP_ALLOCATE|[5]|Bytes:214
10:41:23.0 (14162094)|USER_DEBUG|[5]|DEBUG|data BEFORE:ETLC_ApexBridge_Data:[debug=true, input={"mode":"fetchUserFeed","userId":"00550000005d7KnAAI"}, isSuccess=null, messages=null, operation=BFFFollow_Controller, output=null, outputFlag=null, records=null]
10:41:23.0 (14173015)|STATEMENT_EXECUTE|[7]
10:41:23.0 (14182123)|HEAP_ALLOCATE|[7]|Bytes:4
10:41:23.0 (14210744)|METHOD_ENTRY|[7]|01p50000002CIEo|ETLC_ApexBridge_Data.getInputValue(String)
10:41:23.0 (14245830)|VARIABLE_SCOPE_BEGIN|[52]|this|ETLC_ApexBridge_Data|true|false
10:41:23.0 (14299497)|VARIABLE_ASSIGNMENT|[52]|this|{"debug":true,"input":"{\"mode\":\"fetchUserFe (34 more) ...","operation":"BFFFollow_Controller"}|0x48b8f97c
10:41:23.0 (14309987)|VARIABLE_SCOPE_BEGIN|[52]|key|String|false|false
10:41:23.0 (14315582)|VARIABLE_ASSIGNMENT|[52]|key|"mode"
10:41:23.0 (14320005)|STATEMENT_EXECUTE|[52]
10:41:23.0 (14321495)|STATEMENT_EXECUTE|[53]
10:41:23.0 (14409380)|VARIABLE_ASSIGNMENT|[EXTERNAL]|this|{"debug":true,"input":"{\"mode\":\"fetchUserFe (34 more) ...","operation":"BFFFollow_Controller"}|0x48b8f97c
10:41:23.0 (14446453)|METHOD_ENTRY|[53]||System.JSON.deserializeUntyped(String)
10:41:23.0 (14929399)|METHOD_EXIT|[53]||System.JSON.deserializeUntyped(String)
10:41:23.0 (14943867)|VARIABLE_SCOPE_BEGIN|[53]|inputMap|Map<String,ANY>|true|false
10:41:23.0 (14982813)|VARIABLE_ASSIGNMENT|[53]|inputMap|{"s":1,"v":{"mode":"fetchUserFeed","userId":"00550000005d7KnAAI"}}|0x3020566b
10:41:23.0 (14989327)|STATEMENT_EXECUTE|[54]
10:41:23.0 (15069167)|METHOD_EXIT|[7]|01p50000002CIEo|ETLC_ApexBridge_Data.getInputValue(String)
10:41:23.0 (15081478)|VARIABLE_SCOPE_BEGIN|[7]|mode|String|false|false
10:41:23.0 (15093358)|VARIABLE_ASSIGNMENT|[7]|mode|"fetchUserFeed"
10:41:23.0 (15101356)|HEAP_ALLOCATE|[9]|Bytes:18
10:41:23.0 (15136162)|HEAP_ALLOCATE|[12]|Bytes:17
10:41:23.0 (15155704)|HEAP_ALLOCATE|[14]|Bytes:13
10:41:23.0 (15172910)|STATEMENT_EXECUTE|[14]
10:41:23.0 (15176036)|STATEMENT_EXECUTE|[15]
10:41:23.0 (15200749)|HEAP_ALLOCATE|[15]|Bytes:6
10:41:23.0 (15221527)|METHOD_ENTRY|[15]|01p50000002CIEo|ETLC_ApexBridge_Data.getInputValue(String)
10:41:23.0 (15245875)|VARIABLE_SCOPE_BEGIN|[52]|this|ETLC_ApexBridge_Data|true|false
10:41:23.0 (15310553)|VARIABLE_ASSIGNMENT|[52]|this|{"debug":true,"input":"{\"mode\":\"fetchUserFe (34 more) ...","operation":"BFFFollow_Controller"}|0x48b8f97c
10:41:23.0 (15316568)|VARIABLE_SCOPE_BEGIN|[52]|key|String|false|false
10:41:23.0 (15323691)|VARIABLE_ASSIGNMENT|[52]|key|"userId"
10:41:23.0 (15329274)|STATEMENT_EXECUTE|[52]
10:41:23.0 (15331196)|STATEMENT_EXECUTE|[53]
10:41:23.0 (15403727)|VARIABLE_ASSIGNMENT|[EXTERNAL]|this|{"debug":true,"input":"{\"mode\":\"fetchUserFe (34 more) ...","operation":"BFFFollow_Controller"}|0x48b8f97c
10:41:23.0 (15426661)|METHOD_ENTRY|[53]||System.JSON.deserializeUntyped(String)
10:41:23.0 (15660535)|METHOD_EXIT|[53]||System.JSON.deserializeUntyped(String)
10:41:23.0 (15673322)|VARIABLE_SCOPE_BEGIN|[53]|inputMap|Map<String,ANY>|true|false
10:41:23.0 (15705080)|VARIABLE_ASSIGNMENT|[53]|inputMap|{"s":1,"v":{"mode":"fetchUserFeed","userId":"00550000005d7KnAAI"}}|0x59d08fc
10:41:23.0 (15711182)|STATEMENT_EXECUTE|[54]
10:41:23.0 (15748150)|METHOD_EXIT|[15]|01p50000002CIEo|ETLC_ApexBridge_Data.getInputValue(String)
10:41:23.0 (15767408)|HEAP_ALLOCATE|[15]|Bytes:4
10:41:23.0 (15792314)|METHOD_ENTRY|[15]|01p50000002D8iw|BFFFollow_Controller.fetchUserFeed(Id)
10:41:23.0 (15806484)|VARIABLE_SCOPE_BEGIN|[65]|this|BFFFollow_Controller|true|false
10:41:23.0 (15838079)|VARIABLE_ASSIGNMENT|[65]|this|{}|0x5acdf5e5
10:41:23.0 (15848264)|VARIABLE_SCOPE_BEGIN|[65]|userId|Id|false|false
10:41:23.0 (15982014)|VARIABLE_ASSIGNMENT|[65]|userId|"00550000005d7KnAAI"
10:41:23.0 (15997826)|HEAP_ALLOCATE|[66]|Bytes:5
10:41:23.0 (16004576)|STATEMENT_EXECUTE|[65]
10:41:23.0 (16008165)|STATEMENT_EXECUTE|[66]
10:41:23.0 (16009812)|STATEMENT_EXECUTE|[66]
10:41:23.0 (16011623)|STATEMENT_EXECUTE|[67]
10:41:23.0 (16072364)|HEAP_ALLOCATE|[67]|Bytes:24
10:41:23.0 (16109511)|SYSTEM_METHOD_ENTRY|[1]|Network.Network()
10:41:23.0 (16114895)|STATEMENT_EXECUTE|[1]
10:41:23.0 (16131623)|SYSTEM_METHOD_EXIT|[1]|Network
10:41:23.0 (16158559)|METHOD_ENTRY|[67]||System.Network.getNetworkId()
10:41:23.0 (16216354)|METHOD_EXIT|[67]||System.Network.getNetworkId()
10:41:23.0 (16528123)|HEAP_ALLOCATE|[67]|Bytes:18
10:41:23.0 (16584395)|HEAP_ALLOCATE|[67]|Bytes:968
10:41:23.0 (16619876)|SYSTEM_METHOD_ENTRY|[5]|ChatterFeeds.ChatterFeeds()
10:41:23.0 (16629612)|STATEMENT_EXECUTE|[5]
10:41:23.0 (16646713)|SYSTEM_METHOD_EXIT|[5]|ChatterFeeds
10:41:23.0 (16686204)|METHOD_ENTRY|[67]||ConnectApi.ChatterFeeds.getFeedElementsFromFeed(String, ConnectApi.FeedType, String)
10:41:23.0 (101493739)|SYSTEM_METHOD_EXIT|[5]|FeedElementPage
10:41:23.0 (101721934)|HEAP_ALLOCATE|[3649]|Bytes:84
10:41:23.0 (101744500)|HEAP_ALLOCATE|[3649]|Bytes:12
10:41:23.0 (101751471)|HEAP_ALLOCATE|[3649]|Bytes:8
10:41:23.0 (101769062)|VARIABLE_SCOPE_BEGIN|[39]|this|ConnectApi.FeedElementPage|true|false
10:41:23.0 (101875384)|VARIABLE_ASSIGNMENT|[39]|this|{}|0x3ef61ac2
10:41:23.0 (101885325)|VARIABLE_SCOPE_BEGIN|[39]|versionIn|Double|false|false
10:41:23.0 (101905617)|VARIABLE_ASSIGNMENT|[39]|versionIn|34.0
10:41:23.0 (101917042)|VARIABLE_SCOPE_BEGIN|[39]|javaObj|java:sfdc.chatter.connect.api.output.feeds.FeedElementCollectionRepresentation|true|false
10:41:23.0 (102045926)|VARIABLE_ASSIGNMENT|[39]|javaObj|"sfdc.chatter.connect.api.output.feeds.FeedElementCollectionRepresentation@4a420bbb"|0x4a420bbb
10:41:23.0 (102882087)|SYSTEM_METHOD_EXIT|[5]|FeedItem
10:41:23.0 (102893315)|HEAP_ALLOCATE|[59]|Bytes:252
10:41:23.0 (102901543)|HEAP_ALLOCATE|[59]|Bytes:12
10:41:23.0 (102907149)|HEAP_ALLOCATE|[59]|Bytes:8
10:41:23.0 (102917433)|VARIABLE_SCOPE_BEGIN|[56]|this|ConnectApi.FeedItem|true|false
10:41:23.0 (103034025)|HEAP_ALLOCATE|[59]|Bytes:312
10:41:23.0 (103049414)|HEAP_ALLOCATE|[59]|Bytes:75
10:41:23.0 (103105744)|SYSTEM_METHOD_ENTRY|[5]|FeedElement.FeedElement()
10:41:23.0 (103111965)|STATEMENT_EXECUTE|[5]
10:41:23.0 (103132006)|SYSTEM_METHOD_EXIT|[5]|FeedElement
10:41:23.0 (103224790)|VARIABLE_ASSIGNMENT|[56]|this|{}|0x27a03985
10:41:23.0 (103237453)|VARIABLE_SCOPE_BEGIN|[56]|versionIn|Double|false|false
10:41:23.0 (103246969)|VARIABLE_ASSIGNMENT|[56]|versionIn|34.0
10:41:23.0 (103255325)|VARIABLE_SCOPE_BEGIN|[56]|javaObj|java:sfdc.chatter.connect.api.output.feeds.FeedItemRepresentation|true|false
10:41:23.0 (104240343)|VARIABLE_ASSIGNMENT|[56]|javaObj|"\n\u003CFeedItem id(0D55000003LmBshCAF)\u003E\n\u003CUser id(00550000005d7KnAAI) name(Test User) /\u003E\n\u003CFeedBody text(Test 2\n), isRichText(true) /\u003Esfdc.chatter.connect.api.output.feeds.FeedElementCommentCollectionRepresentation@4b7ebe81\n\u003C/FeedItem\u003E"|0x45508d26
10:41:23.0 (104662251)|SYSTEM_METHOD_EXIT|[5]|FeedBody
10:41:23.0 (104673577)|HEAP_ALLOCATE|[46]|Bytes:36
10:41:23.0 (104681313)|HEAP_ALLOCATE|[46]|Bytes:12
10:41:23.0 (104691401)|HEAP_ALLOCATE|[46]|Bytes:8
10:41:23.0 (104702518)|VARIABLE_SCOPE_BEGIN|[16]|this|ConnectApi.FeedBody|true|false
10:41:23.0 (104746020)|HEAP_ALLOCATE|[46]|Bytes:164
10:41:23.0 (104759003)|HEAP_ALLOCATE|[46]|Bytes:44
10:41:23.0 (104815634)|SYSTEM_METHOD_ENTRY|[5]|AbstractMessageBody.AbstractMessageBody()
10:41:23.0 (104821495)|STATEMENT_EXECUTE|[5]
10:41:23.0 (104840407)|SYSTEM_METHOD_EXIT|[5]|AbstractMessageBody
10:41:23.0 (104869945)|VARIABLE_ASSIGNMENT|[16]|this|{}|0x1f9559e4
10:41:23.0 (104880583)|VARIABLE_SCOPE_BEGIN|[16]|versionIn|Double|false|false
10:41:23.0 (104890071)|VARIABLE_ASSIGNMENT|[16]|versionIn|34.0
10:41:23.0 (104898525)|VARIABLE_SCOPE_BEGIN|[16]|javaObj|java:sfdc.chatter.connect.api.output.feeds.FeedBodyRepresentation|true|false
10:41:23.0 (104998146)|VARIABLE_ASSIGNMENT|[16]|javaObj|"\n\u003CFeedBody text(Test 2\n), isRichText(true) /\u003E"|0x395f2782
10:41:23.0 (105500841)|SYSTEM_METHOD_EXIT|[5]|MarkupBeginSegment
10:41:23.0 (105509324)|HEAP_ALLOCATE|[43]|Bytes:44
10:41:23.0 (105514152)|HEAP_ALLOCATE|[43]|Bytes:12
10:41:23.0 (105517519)|HEAP_ALLOCATE|[43]|Bytes:8
10:41:23.0 (105524299)|VARIABLE_SCOPE_BEGIN|[20]|this|ConnectApi.MarkupBeginSegment|true|false
10:41:23.0 (105561216)|HEAP_ALLOCATE|[43]|Bytes:120
10:41:23.0 (105568364)|HEAP_ALLOCATE|[43]|Bytes:40
10:41:23.0 (105604122)|SYSTEM_METHOD_ENTRY|[5]|MessageSegment.MessageSegment()
10:41:23.0 (105607807)|STATEMENT_EXECUTE|[5]
10:41:23.0 (105617404)|SYSTEM_METHOD_EXIT|[5]|MessageSegment
10:41:23.0 (105636250)|VARIABLE_ASSIGNMENT|[20]|this|{}|0x7eb0c9e
10:41:23.0 (105643793)|VARIABLE_SCOPE_BEGIN|[20]|versionIn|Double|false|false
10:41:23.0 (105649797)|VARIABLE_ASSIGNMENT|[20]|versionIn|34.0
10:41:23.0 (105654637)|VARIABLE_SCOPE_BEGIN|[20]|javaObj|java:sfdc.chatter.connect.api.output.feeds.MarkupBeginMessageSegmentRepresentation|true|false
10:41:23.0 (105909554)|VARIABLE_ASSIGNMENT|[20]|javaObj|"MarkupBegin(\"Paragraph\", \"p\")"|0x469398f8
10:41:23.0 (107005289)|SYSTEM_METHOD_EXIT|[5]|TextSegment
10:41:23.0 (107017783)|HEAP_ALLOCATE|[43]|Bytes:28
10:41:23.0 (107025560)|HEAP_ALLOCATE|[43]|Bytes:12
10:41:23.0 (107030984)|HEAP_ALLOCATE|[43]|Bytes:8
10:41:23.0 (107041936)|VARIABLE_SCOPE_BEGIN|[16]|this|ConnectApi.TextSegment|true|false
10:41:23.0 (107082776)|VARIABLE_ASSIGNMENT|[16]|this|{}|0x335ff96d
10:41:23.0 (107090796)|VARIABLE_SCOPE_BEGIN|[16]|versionIn|Double|false|false
10:41:23.0 (107096940)|VARIABLE_ASSIGNMENT|[16]|versionIn|34.0
10:41:23.0 (107101748)|VARIABLE_SCOPE_BEGIN|[16]|javaObj|java:sfdc.chatter.connect.api.output.feeds.TextMessageSegmentRepresentation|true|false
10:41:23.0 (107403668)|VARIABLE_ASSIGNMENT|[16]|javaObj|"Text(\"Test 2\")"|0x6c0f8c64
10:41:23.0 (107795984)|SYSTEM_METHOD_EXIT|[5]|MarkupEndSegment
10:41:23.0 (107804003)|HEAP_ALLOCATE|[43]|Bytes:44
10:41:23.0 (107809280)|HEAP_ALLOCATE|[43]|Bytes:12
10:41:23.0 (107812730)|HEAP_ALLOCATE|[43]|Bytes:8
10:41:23.0 (107819573)|VARIABLE_SCOPE_BEGIN|[20]|this|ConnectApi.MarkupEndSegment|true|false
10:41:23.0 (107860447)|VARIABLE_ASSIGNMENT|[20]|this|{}|0x36019d45
10:41:23.0 (107867011)|VARIABLE_SCOPE_BEGIN|[20]|versionIn|Double|false|false
10:41:23.0 (107872900)|VARIABLE_ASSIGNMENT|[20]|versionIn|34.0
10:41:23.0 (107877620)|VARIABLE_SCOPE_BEGIN|[20]|javaObj|java:sfdc.chatter.connect.api.output.feeds.MarkupEndMessageSegmentRepresentation|true|false
10:41:23.0 (108103301)|VARIABLE_ASSIGNMENT|[20]|javaObj|"MarkupEnd(\"Paragraph\", \"p\")"|0x20f6f129
10:41:23.0 (108672906)|SYSTEM_METHOD_EXIT|[5]|FeedElementCapabilities
10:41:23.0 (108681372)|HEAP_ALLOCATE|[49]|Bytes:236
10:41:23.0 (108691099)|HEAP_ALLOCATE|[49]|Bytes:12
10:41:23.0 (108694757)|HEAP_ALLOCATE|[49]|Bytes:8
10:41:23.0 (108702359)|VARIABLE_SCOPE_BEGIN|[77]|this|ConnectApi.FeedElementCapabilities|true|false
10:41:23.0 (108807644)|VARIABLE_ASSIGNMENT|[77]|this|{}|0x6caef0cb
10:41:23.0 (108818841)|VARIABLE_SCOPE_BEGIN|[77]|versionIn|Double|false|false
10:41:23.0 (108833466)|VARIABLE_ASSIGNMENT|[77]|versionIn|34.0
10:41:23.0 (108839911)|VARIABLE_SCOPE_BEGIN|[77]|javaObj|java:sfdc.chatter.connect.api.output.feeds.FeedElementCapabilitySetRepresentation|true|false
10:41:23.0 (108904162)|VARIABLE_ASSIGNMENT|[77]|javaObj|"sfdc.chatter.connect.api.output.feeds.FeedElementCapabilitySetRepresentation@7c522d96"|0x7c522d96
10:41:23.0 (109152558)|SYSTEM_METHOD_EXIT|[5]|AssociatedActionsCapability
10:41:23.0 (109161024)|HEAP_ALLOCATE|[85]|Bytes:20
10:41:23.0 (109165733)|HEAP_ALLOCATE|[85]|Bytes:12
10:41:23.0 (109169098)|HEAP_ALLOCATE|[85]|Bytes:8
10:41:23.0 (109175980)|VARIABLE_SCOPE_BEGIN|[18]|this|ConnectApi.AssociatedActionsCapability|true|false
10:41:23.0 (109208854)|VARIABLE_ASSIGNMENT|[18]|this|{}|0x46037cec
10:41:23.0 (109215247)|VARIABLE_SCOPE_BEGIN|[18]|versionIn|Double|false|false
10:41:23.0 (109221056)|VARIABLE_ASSIGNMENT|[18]|versionIn|34.0
10:41:23.0 (109225942)|VARIABLE_SCOPE_BEGIN|[18]|javaObj|java:sfdc.chatter.connect.api.output.feeds.AssociatedActionsCapabilityRepresentation|true|false
10:41:23.0 (109288775)|VARIABLE_ASSIGNMENT|[18]|javaObj|"sfdc.chatter.connect.api.output.feeds.AssociatedActionsCapabilityRepresentation@51eba2bc"|0x51eba2bc
10:41:23.0 (109883117)|SYSTEM_METHOD_EXIT|[5]|BookmarksCapability
10:41:23.0 (109890857)|HEAP_ALLOCATE|[91]|Bytes:20
10:41:23.0 (109895710)|HEAP_ALLOCATE|[91]|Bytes:12
10:41:23.0 (109898942)|HEAP_ALLOCATE|[91]|Bytes:8
10:41:23.0 (109905770)|VARIABLE_SCOPE_BEGIN|[18]|this|ConnectApi.BookmarksCapability|true|false
10:41:23.0 (109937340)|VARIABLE_ASSIGNMENT|[18]|this|{}|0x4a5828e2
10:41:23.0 (109944360)|VARIABLE_SCOPE_BEGIN|[18]|versionIn|Double|false|false
10:41:23.0 (109950195)|VARIABLE_ASSIGNMENT|[18]|versionIn|34.0
10:41:23.0 (109955006)|VARIABLE_SCOPE_BEGIN|[18]|javaObj|java:sfdc.chatter.connect.api.output.feeds.BookmarksCapabilityRepresentation|true|false
10:41:23.0 (110020358)|VARIABLE_ASSIGNMENT|[18]|javaObj|"sfdc.chatter.connect.api.output.feeds.BookmarksCapabilityRepresentation@278b92a2"|0x278b92a2
10:41:23.0 (110298690)|SYSTEM_METHOD_EXIT|[5]|ChatterLikesCapability
10:41:23.0 (110306160)|HEAP_ALLOCATE|[103]|Bytes:44
10:41:23.0 (110311062)|HEAP_ALLOCATE|[103]|Bytes:12
10:41:23.0 (110314247)|HEAP_ALLOCATE|[103]|Bytes:8
10:41:23.0 (110320783)|VARIABLE_SCOPE_BEGIN|[24]|this|ConnectApi.ChatterLikesCapability|true|false
10:41:23.0 (110360933)|VARIABLE_ASSIGNMENT|[24]|this|{}|0x7ab26ea3
10:41:23.0 (110367730)|VARIABLE_SCOPE_BEGIN|[24]|versionIn|Double|false|false
10:41:23.0 (110373375)|VARIABLE_ASSIGNMENT|[24]|versionIn|34.0
10:41:23.0 (110378057)|VARIABLE_SCOPE_BEGIN|[24]|javaObj|java:sfdc.chatter.connect.api.output.feeds.ChatterLikesCapabilityRepresentation|true|false
10:41:23.0 (110468797)|VARIABLE_ASSIGNMENT|[24]|javaObj|"sfdc.chatter.connect.api.output.feeds.ChatterLikesCapabilityRepresentation@7640cd0b"|0x7640cd0b
10:41:23.0 (110794353)|SYSTEM_METHOD_EXIT|[5]|ChatterLikePage
10:41:23.0 (110801784)|HEAP_ALLOCATE|[38]|Bytes:84
10:41:23.0 (110806860)|HEAP_ALLOCATE|[38]|Bytes:12
10:41:23.0 (110810150)|HEAP_ALLOCATE|[38]|Bytes:8
10:41:23.0 (110817324)|VARIABLE_SCOPE_BEGIN|[39]|this|ConnectApi.ChatterLikePage|true|false
10:41:23.0 (110879909)|VARIABLE_ASSIGNMENT|[39]|this|{}|0x7d54f419
10:41:23.0 (110887479)|VARIABLE_SCOPE_BEGIN|[39]|versionIn|Double|false|false
10:41:23.0 (110893402)|VARIABLE_ASSIGNMENT|[39]|versionIn|34.0
10:41:23.0 (110898237)|VARIABLE_SCOPE_BEGIN|[39]|javaObj|java:sfdc.chatter.connect.api.output.feeds.LikeCollectionRepresentation|true|false
10:41:23.0 (110963259)|VARIABLE_ASSIGNMENT|[39]|javaObj|"sfdc.chatter.connect.api.output.feeds.LikeCollectionRepresentation@6317793"|0x6317793
10:41:23.0 (111779785)|SYSTEM_METHOD_EXIT|[5]|CommentsCapability
10:41:23.0 (111803546)|HEAP_ALLOCATE|[106]|Bytes:20
10:41:23.0 (111813280)|HEAP_ALLOCATE|[106]|Bytes:12
10:41:23.0 (111819199)|HEAP_ALLOCATE|[106]|Bytes:8
10:41:23.0 (111830790)|VARIABLE_SCOPE_BEGIN|[18]|this|ConnectApi.CommentsCapability|true|false
10:41:23.0 (111879428)|VARIABLE_ASSIGNMENT|[18]|this|{}|0x6f9fd680
10:41:23.0 (111891347)|VARIABLE_SCOPE_BEGIN|[18]|versionIn|Double|false|false
10:41:23.0 (111900771)|VARIABLE_ASSIGNMENT|[18]|versionIn|34.0
10:41:23.0 (111910076)|VARIABLE_SCOPE_BEGIN|[18]|javaObj|java:sfdc.chatter.connect.api.output.feeds.CommentsCapabilityRepresentation|true|false
10:41:23.0 (112015165)|VARIABLE_ASSIGNMENT|[18]|javaObj|"sfdc.chatter.connect.api.output.feeds.CommentsCapabilityRepresentation@1f4776ed"|0x1f4776ed
10:41:23.0 (112339868)|SYSTEM_METHOD_EXIT|[5]|CommentPage
10:41:23.0 (112351063)|HEAP_ALLOCATE|[23]|Bytes:68
10:41:23.0 (112356764)|HEAP_ALLOCATE|[23]|Bytes:12
10:41:23.0 (112360191)|HEAP_ALLOCATE|[23]|Bytes:8
10:41:23.0 (112368269)|VARIABLE_SCOPE_BEGIN|[35]|this|ConnectApi.CommentPage|true|false
10:41:23.0 (112421213)|VARIABLE_ASSIGNMENT|[35]|this|{}|0x45e9bd20
10:41:23.0 (112428723)|VARIABLE_SCOPE_BEGIN|[35]|versionIn|Double|false|false
10:41:23.0 (112434725)|VARIABLE_ASSIGNMENT|[35]|versionIn|34.0
10:41:23.0 (112443405)|VARIABLE_SCOPE_BEGIN|[35]|javaObj|java:sfdc.chatter.connect.api.output.feeds.FeedElementCommentCollectionRepresentation|true|false
10:41:23.0 (112523821)|VARIABLE_ASSIGNMENT|[35]|javaObj|"sfdc.chatter.connect.api.output.feeds.FeedElementCommentCollectionRepresentation@4869d7e1"|0x4869d7e1
10:41:23.0 (113348474)|SYSTEM_METHOD_EXIT|[5]|InteractionsCapability
10:41:23.0 (113361007)|HEAP_ALLOCATE|[127]|Bytes:20
10:41:23.0 (113367999)|HEAP_ALLOCATE|[127]|Bytes:12
10:41:23.0 (113372636)|HEAP_ALLOCATE|[127]|Bytes:8
10:41:23.0 (113383810)|VARIABLE_SCOPE_BEGIN|[18]|this|ConnectApi.InteractionsCapability|true|false
10:41:23.0 (113427923)|VARIABLE_ASSIGNMENT|[18]|this|{}|0x595323ba
10:41:23.0 (113440068)|VARIABLE_SCOPE_BEGIN|[18]|versionIn|Double|false|false
10:41:23.0 (113448155)|VARIABLE_ASSIGNMENT|[18]|versionIn|34.0
10:41:23.0 (113456293)|VARIABLE_SCOPE_BEGIN|[18]|javaObj|java:sfdc.chatter.connect.api.output.feeds.InteractionsCapabilityRepresentation|true|false
10:41:23.0 (113548085)|VARIABLE_ASSIGNMENT|[18]|javaObj|"sfdc.chatter.connect.api.output.feeds.InteractionsCapabilityRepresentation@7d87c663"|0x7d87c663
10:41:23.0 (113957254)|SYSTEM_METHOD_EXIT|[5]|MuteCapability
10:41:23.0 (113967717)|HEAP_ALLOCATE|[136]|Bytes:20
10:41:23.0 (113974972)|HEAP_ALLOCATE|[136]|Bytes:12
10:41:23.0 (113980333)|HEAP_ALLOCATE|[136]|Bytes:8
10:41:23.0 (114001516)|VARIABLE_SCOPE_BEGIN|[18]|this|ConnectApi.MuteCapability|true|false
10:41:23.0 (114049482)|VARIABLE_ASSIGNMENT|[18]|this|{}|0x758f744e
10:41:23.0 (114059971)|VARIABLE_SCOPE_BEGIN|[18]|versionIn|Double|false|false
10:41:23.0 (114068396)|VARIABLE_ASSIGNMENT|[18]|versionIn|34.0
10:41:23.0 (114075730)|VARIABLE_SCOPE_BEGIN|[18]|javaObj|java:sfdc.chatter.connect.api.output.feeds.MuteCapabilityRepresentation|true|false
10:41:23.0 (114163388)|VARIABLE_ASSIGNMENT|[18]|javaObj|"sfdc.chatter.connect.api.output.feeds.MuteCapabilityRepresentation@735f73c1"|0x735f73c1
10:41:23.0 (114577579)|SYSTEM_METHOD_EXIT|[5]|StatusCapability
10:41:23.0 (114588434)|HEAP_ALLOCATE|[157]|Bytes:28
10:41:23.0 (114596098)|HEAP_ALLOCATE|[157]|Bytes:12
10:41:23.0 (114601320)|HEAP_ALLOCATE|[157]|Bytes:8
10:41:23.0 (114612039)|VARIABLE_SCOPE_BEGIN|[20]|this|ConnectApi.StatusCapability|true|false
10:41:23.0 (114662765)|VARIABLE_ASSIGNMENT|[20]|this|{}|0x33d1c0e3
10:41:23.0 (114673322)|VARIABLE_SCOPE_BEGIN|[20]|versionIn|Double|false|false
10:41:23.0 (114682124)|VARIABLE_ASSIGNMENT|[20]|versionIn|34.0
10:41:23.0 (114695491)|VARIABLE_SCOPE_BEGIN|[20]|javaObj|java:sfdc.chatter.connect.api.output.feeds.StatusCapabilityRepresentation|true|false
10:41:23.0 (114782943)|VARIABLE_ASSIGNMENT|[20]|javaObj|"sfdc.chatter.connect.api.output.feeds.StatusCapabilityRepresentation@7026bc24"|0x7026bc24
10:41:23.0 (115429725)|SYSTEM_METHOD_EXIT|[5]|TopicsCapability
10:41:23.0 (115438517)|HEAP_ALLOCATE|[160]|Bytes:28
10:41:23.0 (115443710)|HEAP_ALLOCATE|[160]|Bytes:12
10:41:23.0 (115447030)|HEAP_ALLOCATE|[160]|Bytes:8
10:41:23.0 (115453948)|VARIABLE_SCOPE_BEGIN|[20]|this|ConnectApi.TopicsCapability|true|false
10:41:23.0 (115490624)|VARIABLE_ASSIGNMENT|[20]|this|{}|0x7e058b6a
10:41:23.0 (115497910)|VARIABLE_SCOPE_BEGIN|[20]|versionIn|Double|false|false
10:41:23.0 (115503786)|VARIABLE_ASSIGNMENT|[20]|versionIn|34.0
10:41:23.0 (115508577)|VARIABLE_SCOPE_BEGIN|[20]|javaObj|java:sfdc.chatter.connect.api.output.feeds.TopicsCapabilityRepresentation|true|false
10:41:23.0 (115597627)|VARIABLE_ASSIGNMENT|[20]|javaObj|"sfdc.chatter.connect.api.output.feeds.TopicsCapabilityRepresentation@764c2e10"|0x764c2e10
10:41:23.0 (116481093)|SYSTEM_METHOD_EXIT|[5]|MessageBody
10:41:23.0 (116492733)|HEAP_ALLOCATE|[59]|Bytes:36
10:41:23.0 (116498320)|HEAP_ALLOCATE|[59]|Bytes:12
10:41:23.0 (116501619)|HEAP_ALLOCATE|[59]|Bytes:8
10:41:23.0 (116509498)|VARIABLE_SCOPE_BEGIN|[16]|this|ConnectApi.MessageBody|true|false
10:41:23.0 (116556400)|VARIABLE_ASSIGNMENT|[16]|this|{}|0x4ba72ee2
10:41:23.0 (116563902)|VARIABLE_SCOPE_BEGIN|[16]|versionIn|Double|false|false
10:41:23.0 (116569853)|VARIABLE_ASSIGNMENT|[16]|versionIn|34.0
10:41:23.0 (116574559)|VARIABLE_SCOPE_BEGIN|[16]|javaObj|java:sfdc.chatter.connect.api.output.feeds.MessageBodyRepresentation|true|false
10:41:23.0 (117082849)|VARIABLE_ASSIGNMENT|[16]|javaObj|"\n\u003CMessageBody text(Test User), isRichText(null) /\u003E"|0xea57c2e
10:41:23.0 (117422764)|SYSTEM_METHOD_EXIT|[5]|EntityLinkSegment
10:41:23.0 (117431609)|HEAP_ALLOCATE|[43]|Bytes:44
10:41:23.0 (117436308)|HEAP_ALLOCATE|[43]|Bytes:12
10:41:23.0 (117439461)|HEAP_ALLOCATE|[43]|Bytes:8
10:41:23.0 (117446281)|VARIABLE_SCOPE_BEGIN|[20]|this|ConnectApi.EntityLinkSegment|true|false
10:41:23.0 (117491135)|VARIABLE_ASSIGNMENT|[20]|this|{}|0x5c29e84b
10:41:23.0 (117497960)|VARIABLE_SCOPE_BEGIN|[20]|versionIn|Double|false|false
10:41:23.0 (117503939)|VARIABLE_ASSIGNMENT|[20]|versionIn|34.0
10:41:23.0 (117508567)|VARIABLE_SCOPE_BEGIN|[20]|javaObj|java:sfdc.chatter.connect.api.output.feeds.EntityLinkMessageSegmentRepresentation|true|false
10:41:23.0 (117782047)|VARIABLE_ASSIGNMENT|[20]|javaObj|"EntityLink(\"Test User\")"|0x4b027170
10:41:23.0 (118140017)|SYSTEM_METHOD_EXIT|[5]|Motif
10:41:23.0 (118149333)|HEAP_ALLOCATE|[25]|Bytes:52
10:41:23.0 (118154068)|HEAP_ALLOCATE|[25]|Bytes:12
10:41:23.0 (118157396)|HEAP_ALLOCATE|[25]|Bytes:8
10:41:23.0 (118166855)|VARIABLE_SCOPE_BEGIN|[31]|this|ConnectApi.Motif|true|false
10:41:23.0 (118228791)|VARIABLE_ASSIGNMENT|[31]|this|{}|0x39a096cc
10:41:23.0 (118243281)|VARIABLE_SCOPE_BEGIN|[31]|versionIn|Double|false|false
10:41:23.0 (118254299)|VARIABLE_ASSIGNMENT|[31]|versionIn|34.0
10:41:23.0 (118264717)|VARIABLE_SCOPE_BEGIN|[31]|javaObj|java:sfdc.common.connect.api.output.common.MotifRepresentation|true|false
10:41:23.0 (118336335)|VARIABLE_ASSIGNMENT|[31]|javaObj|"sfdc.common.connect.api.output.common.MotifRepresentation@1c41d9da"|0x1c41d9da
10:41:23.0 (118642099)|SYSTEM_METHOD_EXIT|[5]|Reference
10:41:23.0 (118649524)|HEAP_ALLOCATE|[28]|Bytes:28
10:41:23.0 (118653917)|HEAP_ALLOCATE|[28]|Bytes:12
10:41:23.0 (118657021)|HEAP_ALLOCATE|[28]|Bytes:8
10:41:23.0 (118663610)|VARIABLE_SCOPE_BEGIN|[25]|this|ConnectApi.Reference|true|false
10:41:23.0 (118701412)|VARIABLE_ASSIGNMENT|[25]|this|{}|0xf3911a9
10:41:23.0 (118709960)|VARIABLE_SCOPE_BEGIN|[25]|versionIn|Double|false|false
10:41:23.0 (118719365)|VARIABLE_ASSIGNMENT|[25]|versionIn|34.0
10:41:23.0 (118728511)|VARIABLE_SCOPE_BEGIN|[25]|javaObj|java:sfdc.common.connect.api.output.common.ReferenceRepresentation|true|false
10:41:23.0 (118799297)|VARIABLE_ASSIGNMENT|[25]|javaObj|"sfdc.common.connect.api.output.common.ReferenceRepresentation@57e878cf"|0x57e878cf
10:41:23.0 (119289548)|SYSTEM_METHOD_EXIT|[5]|UserSummary
10:41:23.0 (119298430)|HEAP_ALLOCATE|[68]|Bytes:164
10:41:23.0 (119303337)|HEAP_ALLOCATE|[68]|Bytes:12
10:41:23.0 (119306923)|HEAP_ALLOCATE|[68]|Bytes:8
10:41:23.0 (119314068)|VARIABLE_SCOPE_BEGIN|[18]|this|ConnectApi.UserSummary|true|false
10:41:23.0 (119361295)|HEAP_ALLOCATE|[68]|Bytes:344
10:41:23.0 (119369517)|HEAP_ALLOCATE|[68]|Bytes:76
10:41:23.0 (119391827)|SYSTEM_METHOD_ENTRY|[5]|User.User()
10:41:23.0 (119395611)|STATEMENT_EXECUTE|[5]
10:41:23.0 (119406015)|SYSTEM_METHOD_EXIT|[5]|User
10:41:23.0 (119423162)|HEAP_ALLOCATE|[68]|Bytes:204
10:41:23.0 (119429912)|HEAP_ALLOCATE|[68]|Bytes:49
10:41:23.0 (119441768)|SYSTEM_METHOD_ENTRY|[5]|ActorWithId.ActorWithId()
10:41:23.0 (119444325)|STATEMENT_EXECUTE|[5]
10:41:23.0 (119451313)|SYSTEM_METHOD_EXIT|[5]|ActorWithId
10:41:23.0 (119461997)|HEAP_ALLOCATE|[68]|Bytes:116
10:41:23.0 (119468114)|HEAP_ALLOCATE|[68]|Bytes:40
10:41:23.0 (119484687)|SYSTEM_METHOD_ENTRY|[5]|Actor.Actor()
10:41:23.0 (119487478)|STATEMENT_EXECUTE|[5]
10:41:23.0 (119495275)|SYSTEM_METHOD_EXIT|[5]|Actor
10:41:23.0 (119525882)|VARIABLE_ASSIGNMENT|[18]|this|{}|0x6ac38208
10:41:23.0 (119534731)|VARIABLE_SCOPE_BEGIN|[18]|versionIn|Double|false|false
10:41:23.0 (119541704)|VARIABLE_ASSIGNMENT|[18]|versionIn|34.0
10:41:23.0 (119547778)|VARIABLE_SCOPE_BEGIN|[18]|javaObj|java:sfdc.chatter.connect.api.output.user.UserSummaryRepresentation|true|false
10:41:23.0 (119616982)|VARIABLE_ASSIGNMENT|[18]|javaObj|"\n\u003CUser id(00550000005d7KnAAI) name(Test User) /\u003E"|0x78de1983
10:41:23.0 (120419368)|SYSTEM_METHOD_EXIT|[5]|Photo
10:41:23.0 (120427798)|HEAP_ALLOCATE|[64]|Bytes:68
10:41:23.0 (120432357)|HEAP_ALLOCATE|[64]|Bytes:12
10:41:23.0 (120435602)|HEAP_ALLOCATE|[64]|Bytes:8
10:41:23.0 (120442105)|VARIABLE_SCOPE_BEGIN|[35]|this|ConnectApi.Photo|true|false
10:41:23.0 (120487588)|VARIABLE_ASSIGNMENT|[35]|this|{}|0x3f2dfb68
10:41:23.0 (120494605)|VARIABLE_SCOPE_BEGIN|[35]|versionIn|Double|false|false
10:41:23.0 (120500404)|VARIABLE_ASSIGNMENT|[35]|versionIn|34.0
10:41:23.0 (120505088)|VARIABLE_SCOPE_BEGIN|[35]|javaObj|java:sfdc.chatter.connect.api.output.photo.PhotoRepresentation|true|false
10:41:23.0 (120580745)|VARIABLE_ASSIGNMENT|[35]|javaObj|"sfdc.chatter.connect.api.output.photo.PhotoRepresentation@2b97d242"|0x2b97d242
10:41:23.0 (125806962)|METHOD_EXIT|[67]||ConnectApi.ChatterFeeds.getFeedElementsFromFeed(String, ConnectApi.FeedType, String)
10:41:23.0 (125820131)|VARIABLE_SCOPE_BEGIN|[67]|fep|ConnectApi.FeedElementPage|true|false
10:41:23.0 (125902292)|VARIABLE_ASSIGNMENT|[67]|fep|{}|0x3ef61ac2
10:41:23.0 (125906788)|STATEMENT_EXECUTE|[68]
10:41:23.0 (126008612)|HEAP_ALLOCATE|[68]|Bytes:84
10:41:23.0 (126029739)|VARIABLE_SCOPE_BEGIN|[105]|this|ConnectApi.FeedElementPage|true|false
10:41:23.0 (126085772)|VARIABLE_ASSIGNMENT|[105]|this|{}|0x3ef61ac2
10:41:23.0 (172609680)|USER_DEBUG|[68]|DEBUG|ConnectApi.FeedElementPage[buildVersion=34.0, currentPageToken=null, currentPageUrl=/services/data/v34.0/chatter/feeds/user-profile/00550000005d7KnAAI/feed-elements, elements=(ConnectApi.FeedItem[buildVersion=34.0, actor=ConnectApi.UserSummary[buildVersion=34.0, additionalLabel=null, communityNickname=jrattanpal, companyName=null, displayName=Test User, firstName=Test, id=00550000005d7KnAAI, isActive=true, isInThisCommunity=true, lastName=User, motif=ConnectApi.Motif[buildVersion=34.0, color=65CAE4, largeIconUrl=/img/icon/profile64.png, mediumIconUrl=/img/icon/profile32.png, smallIconUrl=/img/icon/profile16.png, svgIconUrl=null], mySubscription=ConnectApi.Reference[buildVersion=34.0, id=0E85000000Dvxc2CAB, url=/services/data/v34.0/chatter/subscriptions/0E85000000Dvxc2CAB], name=Test User, photo=ConnectApi.Photo[buildVersion=34.0, fullEmailPhotoUrl=https://bfffollow-dev-ed.my.salesforce.com/img/userprofile/default_profile_200.png?fromEmail=1, largePhotoUrl=https://bfffollow-dev-ed--c.na3.content.force.com/profilephoto/005/F, photoVersionId=null, smallPhotoUrl=https://bfffollow-dev-ed--c.na3.content.force.com/profilephoto/005/T, standardEmailPhotoUrl=https://bfffollow-dev-ed.my.salesforce.com/img/userprofile/default_profile_45.png?fromEmail=1, url=/services/data/v34.0/chatter/users/00550000005d7KnAAI/photo], reputation=null, title=null, type=User, url=/services/data/v34.0/chatter/users/00550000005d7KnAAI, userType=Internal], body=ConnectApi.FeedBody[buildVersion=34.0, messageSegments=(ConnectApi.MarkupBeginSegment[buildVersion=34.0, text=, type=MarkupBegin], ConnectApi.TextSegment[buildVersion=34.0, text=Test 2, type=Text], ConnectApi.MarkupEndSegment[buildVersion=34.0, text=
, type=MarkupEnd]), text=Test 2
], canShare=true, capabilities=ConnectApi.FeedElementCapabilities[buildVersion=34.0, approval=null, associatedActions=ConnectApi.AssociatedActionsCapability[buildVersion=34.0, platformActionGroups=()], banner=null, bookmarks=ConnectApi.BookmarksCapability[buildVersion=34.0, isBookmarkedByCurrentUser=false], bundle=null, canvas=null, caseComment=null, chatterLikes=ConnectApi.ChatterLikesCapability[buildVersion=34.0, isLikedByCurrentUser=false, likesMessage=null, myLike=null, page=ConnectApi.ChatterLikePage[buildVersion=34.0, currentPageToken=0, currentPageUrl=/services/data/v34.0/chatter/feed-elements/0D55000003LmBshCAF/capabilities/chatter-likes/items, items=(), nextPageToken=null, nextPageUrl=null, previousPageToken=null, previousPageUrl=null, total=0]], comments=ConnectApi.CommentsCapability[buildVersion=34.0, page=ConnectApi.CommentPage[buildVersion=34.0, currentPageToken=null, currentPageUrl=/services/data/v34.0/chatter/feed-elements/0D55000003LmBshCAF/capabilities/comments/items, items=(), nextPageToken=null, nextPageUrl=null, total=0]], content=null, dashboardComponentSnapshot=null, edit=null, emailMessage=null, enhancedLink=null, link=null, moderation=null, origin=null, poll=null, questionAndAnswers=null, recommendations=null, recordSnapshot=null, topics=ConnectApi.TopicsCapability[buildVersion=34.0, canAssignTopics=true, items=()], trackedChanges=null], clientInfo=null, createdDate=2016-07-21 00:34:39, event=false, feedElementType=FeedItem, header=ConnectApi.MessageBody[buildVersion=34.0, messageSegments=(ConnectApi.EntityLinkSegment[buildVersion=34.0, motif=ConnectApi.Motif[buildVersion=34.0, color=65CAE4, largeIconUrl=/img/icon/profile64.png, mediumIconUrl=/img/icon/profile32.png, smallIconUrl=/img/icon/profile16.png, svgIconUrl=null], reference=ConnectApi.Reference[buildVersion=34.0, id=00550000005d7KnAAI, url=/services/data/v34.0/chatter/users/00550000005d7KnAAI], text=Test User, type=EntityLink]), text=Test User], id=0D55000003LmBshCAF, isDeleteRestricted=false, modifiedDate=2016-07-21 00:34:39, originalFeedItem=null, originalFeedItemActor=null, parent=ConnectApi.UserSummary[buildVersion=34.0, additionalLabel=null, communityNickname=jrattanpal, companyName=null, displayName=Test User, firstName=Test, id=00550000005d7KnAAI, isActive=true, isInThisCommunity=true, lastName=User, motif=ConnectApi.Motif[buildVersion=34.0, color=65CAE4, largeIconUrl=/img/icon/profile64.png, mediumIconUrl=/img/icon/profile32.png, smallIconUrl=/img/icon/profile16.png, svgIconUrl=null], mySubscription=ConnectApi.Reference[buildVersion=34.0, id=0E85000000Dvxc2CAB, url=/services/data/v34.0/chatter/subscriptions/0E85000000Dvxc2CAB], name=Test User, photo=ConnectApi.Photo[buildVersion=34.0, fullEmailPhotoUrl=https://bfffollow-dev-ed.my.salesforce.com/img/userprofile/default_profile_200.png?fromEmail=1, largePhotoUrl=https://bfffollow-dev-ed--c.na3.content.force.com/profilephoto/005/F, photoVersionId=null, smallPhotoUrl=https://bfffollow-dev-ed--c.na3.content.force.com/profilephoto/005/T, standardEmailPhotoUrl=https://bfffollow-dev-ed.my.salesforce.com/img/userprofile/default_profile_45.png?fromEmail=1, url=/services/data/v34.0/chatter/users/00550000005d7KnAAI/photo], reputation=null, title=null, type=User, url=/services/data/v34.0/chatter/users/00550000005d7KnAAI, userType=Internal], photoUrl=https://bfffollow-dev-ed--c.na3.content.force.com/profilephoto/005/T, relativeCreatedDate=10h ago, type=TextPost, url=/services/data/v34.0/chatter/feed-elements/0D55000003LmBshCAF, visibility=AllUsers]), isModifiedToken=null, isModifiedUrl=null, nextPageToken=null, nextPageUrl=null, updatesToken=null, updatesUrl=null]
10:41:23.0 (172648626)|STATEMENT_EXECUTE|[69]
10:41:23.0 (172677721)|METHOD_ENTRY|[69]||System.JSON.serialize(Object)
10:41:23.0 (253045699)|METHOD_EXIT|[69]||System.JSON.serialize(Object)
10:41:23.0 (253073364)|METHOD_EXIT|[15]|01p50000002D8iw|BFFFollow_Controller.fetchUserFeed(Id)
10:41:23.0 (253209373)|VARIABLE_ASSIGNMENT|[EXTERNAL]|this|{"debug":true,"input":"{\"mode\":\"fetchUserFe (34 more) ...","operation":"BFFFollow_Controller"}|0x48b8f97c
10:41:23.0 (253225167)|VARIABLE_ASSIGNMENT|[EXTERNAL]|value|"{\"currentPageToken\": (4265 more) ..."
10:41:23.0 (253246179)|VARIABLE_ASSIGNMENT|[12]|this.output|"{\"currentPageToken\": (4265 more) ..."|0x48b8f97c
10:41:23.0 (253257885)|STATEMENT_EXECUTE|[16]
10:41:23.0 (253365421)|VARIABLE_ASSIGNMENT|[EXTERNAL]|this|{"debug":true,"input":"{\"mode\":\"fetchUserFe (34 more) ...","operation":"BFFFollow_Controller","output":"{\"currentPageToken\": (4265 more) ..."}|0x48b8f97c
10:41:23.0 (253437461)|VARIABLE_ASSIGNMENT|[EXTERNAL]|this|{"debug":true,"input":"{\"mode\":\"fetchUserFe (34 more) ...","operation":"BFFFollow_Controller","output":"{\"currentPageToken\": (4265 more) ..."}|0x48b8f97c
10:41:23.0 (253451188)|VARIABLE_ASSIGNMENT|[EXTERNAL]|value|true
10:41:23.0 (253457205)|HEAP_ALLOCATE|[15]|Bytes:5
10:41:23.0 (253467946)|VARIABLE_ASSIGNMENT|[15]|this.outputFlag|true|0x48b8f97c
10:41:23.0 (253484878)|STATEMENT_EXECUTE|[19]
10:41:23.0 (253486854)|STATEMENT_EXECUTE|[19]
10:41:23.0 (253497066)|HEAP_ALLOCATE|[19]|Bytes:11
10:41:23.0 (253615123)|HEAP_ALLOCATE|[19]|Bytes:4483
10:41:23.0 (253638176)|HEAP_ALLOCATE|[19]|Bytes:4494
10:41:23.0 (253666916)|USER_DEBUG|[19]|DEBUG|data AFTER:ETLC_ApexBridge_Data:[debug=true, input={"mode":"fetchUserFeed","userId":"00550000005d7KnAAI"}, isSuccess=null, messages=null, operation=BFFFollow_Controller, output={"currentPageToken":null,"currentPageUrl":"/services/data/v34.0/chatter/feeds/user-profile/00550000005d7KnAAI/feed-elements","elements":[{"actor":{"additionalLabel":null,"communityNickname":"jrattanpal","companyName":null,"displayName":"Test User","firstName":"Test","id":"00550000005d7KnAAI","isActive":true,"isInThisCommunity":true,"lastName":"User","motif":{"color":"65CAE4","largeIconUrl":"/img/icon/profile64.png","mediumIconUrl":"/img/icon/profile32.png","smallIconUrl":"/img/icon/profile16.png","svgIconUrl":null},"mySubscription":{"id":"0E85000000Dvxc2CAB","url":"/services/data/v34.0/chatter/subscriptions/0E85000000Dvxc2CAB"},"name":"Test User","photo":{"fullEmailPhotoUrl":"https://bfffollow-dev-ed.my.salesforce.com/img/userprofile/default_profile_200.png?fromEmail=1","largePhotoUrl":"https://bfffollow-dev-ed--c.na3.content.force.com/profilephoto/005/F","photoVersionId":null,"smallPhotoUrl":"https://bfffollow-dev-ed--c.na3.content.force.com/profilephoto/005/T","standardEmailPhotoUrl":"https://bfffollow-dev-ed.my.salesforce.com/img/userprofile/default_profile_45.png?fromEmail=1","url":"/services/data/v34.0/chatter/users/00550000005d7KnAAI/photo"},"reputation":null,"title":null,"type":"User","url":"/services/data/v34.0/chatter/users/00550000005d7KnAAI","userType":"Internal"},"body":{"messageSegments":[{"text":"","type":"MarkupBegin"},{"text":"Test 2","type":"Text"},{"text":"\n","type":"MarkupEnd"}],"text":"Test 2\n"},"canShare":true,"capabilities":{"associatedActions":{"platformActionGroups":[]},"bookmarks":{"isBookmarkedByCurrentUser":false},"chatterLikes":{"isLikedByCurrentUser":false,"likesMessage":null,"myLike":null,"page":{"currentPageToken":0,"currentPageUrl":"/services/data/v34.0/chatter/feed-elements/0D55000003LmBshCAF/capabilities/chatter-likes/items","items":[],"nextPageToken":null,"nextPageUrl":null,"previousPageToken":null,"previousPageUrl":null,"total":0}},"comments":{"page":{"currentPageToken":null,"currentPageUrl":"/services/data/v34.0/chatter/feed-elements/0D55000003LmBshCAF/capabilities/comments/items","items":[],"nextPageToken":null,"nextPageUrl":null,"total":0}},"topics":{"canAssignTopics":true,"items":[]}},"clientInfo":null,"createdDate":"2016-07-21T04:34:39.000Z","event":false,"feedElementType":"FeedItem","header":{"messageSegments":[{"motif":{"color":"65CAE4","largeIconUrl":"/img/icon/profile64.png","mediumIconUrl":"/img/icon/profile32.png","smallIconUrl":"/img/icon/profile16.png","svgIconUrl":null},"reference":{"id":"00550000005d7KnAAI","url":"/services/data/v34.0/chatter/users/00550000005d7KnAAI"},"text":"Test User","type":"EntityLink"}],"text":"Test User"},"id":"0D55000003LmBshCAF","isDeleteRestricted":false,"modifiedDate":"2016-07-21T04:34:39.000Z","originalFeedItem":null,"originalFeedItemActor":null,"parent":{"additionalLabel":null,"communityNickname":"jrattanpal","companyName":null,"displayName":"Test User","firstName":"Test","id":"00550000005d7KnAAI","isActive":true,"isInThisCommunity":true,"lastName":"User","motif":{"color":"65CAE4","largeIconUrl":"/img/icon/profile64.png","mediumIconUrl":"/img/icon/profile32.png","smallIconUrl":"/img/icon/profile16.png","svgIconUrl":null},"mySubscription":{"id":"0E85000000Dvxc2CAB","url":"/services/data/v34.0/chatter/subscriptions/0E85000000Dvxc2CAB"},"name":"Test User","photo":{"fullEmailPhotoUrl":"https://bfffollow-dev-ed.my.salesforce.com/img/userprofile/default_profile_200.png?fromEmail=1","largePhotoUrl":"https://bfffollow-dev-ed--c.na3.content.force.com/profilephoto/005/F","photoVersionId":null,"smallPhotoUrl":"https://bfffollow-dev-ed--c.na3.content.force.com/profilephoto/005/T","standardEmailPhotoUrl":"https://bfffollow-dev-ed.my.salesforce.com/img/userprofile/default_profile_45.png?fromEmail=1","url":"/services/data/v34.0/chatter/users/00550000005d7KnAAI/photo"},"reputation":null,"title":null,"type":"User","url":"/services/data/v34.0/chatter/users/00550000005d7KnAAI","userType":"Internal"},"photoUrl":"https://bfffollow-dev-ed--c.na3.content.force.com/profilephoto/005/T","relativeCreatedDate":"10h ago","type":"TextPost","url":"/services/data/v34.0/chatter/feed-elements/0D55000003LmBshCAF","visibility":"AllUsers"}],"isModifiedToken":null,"isModifiedUrl":null,"nextPageToken":null,"nextPageUrl":null,"updatesToken":null,"updatesUrl":null}, outputFlag=true, records=null]
10:41:23.0 (253700763)|METHOD_EXIT|[9]|01p50000002D8iw|BFFFollow_Controller.process(ETLC_ApexBridge_Data)
10:41:23.0 (253705499)|STATEMENT_EXECUTE|[24]
10:41:23.0 (253732229)|METHOD_ENTRY|[24]|01p50000002CIEo|ETLC_ApexBridge_Data.toJSON()
10:41:23.0 (253756037)|VARIABLE_SCOPE_BEGIN|[57]|this|ETLC_ApexBridge_Data|true|false
10:41:23.0 (253801329)|VARIABLE_ASSIGNMENT|[57]|this|{"debug":true,"input":"{\"mode\":\"fetchUserFe (34 more) ...","operation":"BFFFollow_Controller","output":"{\"currentPageToken\": (4265 more) ...","outputFlag":true}|0x48b8f97c
10:41:23.0 (253808522)|STATEMENT_EXECUTE|[57]
10:41:23.0 (253809971)|STATEMENT_EXECUTE|[58]
10:41:23.0 (253825991)|METHOD_ENTRY|[58]||System.JSON.serialize(Object)
10:41:23.0 (253960740)|STATEMENT_EXECUTE|[22]
10:41:23.0 (253965802)|STATEMENT_EXECUTE|[23]
10:41:23.0 (253975421)|HEAP_ALLOCATE|[23]|Bytes:5
10:41:23.0 (253985330)|VARIABLE_ASSIGNMENT|[23]|this.isSuccess|true|0x48b8f97c
10:41:23.0 (253987645)|STATEMENT_EXECUTE|[24]
10:41:23.0 (254045902)|STATEMENT_EXECUTE|[31]
10:41:23.0 (254051548)|STATEMENT_EXECUTE|[32]
10:41:23.0 (254065283)|HEAP_ALLOCATE|[32]|Bytes:4
10:41:23.0 (254156401)|VARIABLE_ASSIGNMENT|[32]|this.messages|{"s":1,"v":{}}|0x48b8f97c
10:41:23.0 (254160491)|STATEMENT_EXECUTE|[33]
10:41:23.0 (254706576)|METHOD_EXIT|[58]||System.JSON.serialize(Object)
10:41:23.0 (254714028)|METHOD_EXIT|[24]|01p50000002CIEo|ETLC_ApexBridge_Data.toJSON()
10:41:23.0 (254726007)|SYSTEM_MODE_EXIT|false
10:41:23.254 (254770759)|CUMULATIVE_LIMIT_USAGE
10:41:23.254 (254770759)|LIMIT_USAGE_FOR_NS|(default)|
  Number of SOQL queries: 0 out of 100
  Number of query rows: 0 out of 50000
  Number of SOSL queries: 0 out of 20
  Number of DML statements: 0 out of 150
  Number of DML rows: 0 out of 10000
  Maximum CPU time: 0 out of 10000
  Maximum heap size: 0 out of 6000000
  Number of callouts: 0 out of 100
  Number of Email Invocations: 0 out of 10
  Number of future calls: 0 out of 50
  Number of queueable jobs added to the queue: 0 out of 50
  Number of Mobile Apex push calls: 0 out of 10

10:41:23.254 (254770759)|CUMULATIVE_LIMIT_USAGE_END

10:41:23.0 (254845272)|CODE_UNIT_FINISHED|ETLC_ApexBridge_Controller.execute
