37.0 APEX_CODE,FINEST;APEX_PROFILING,INFO;CALLOUT,INFO;DB,INFO;SYSTEM,DEBUG;VALIDATION,INFO;VISUALFORCE,INFO;WORKFLOW,INFO
23:13:24.0 (419128)|USER_INFO|[EXTERNAL]|00550000005cg71|bfffollow@jr.te|Eastern Standard Time|GMT-04:00
23:13:24.0 (456750)|EXECUTION_STARTED
23:13:24.0 (463014)|CODE_UNIT_STARTED|[EXTERNAL]|aura
23:13:24.0 (847633)|HEAP_ALLOCATE|[72]|Bytes:3
23:13:24.0 (902169)|HEAP_ALLOCATE|[77]|Bytes:152
23:13:24.0 (919906)|HEAP_ALLOCATE|[342]|Bytes:408
23:13:24.0 (937944)|HEAP_ALLOCATE|[355]|Bytes:408
23:13:24.0 (954253)|HEAP_ALLOCATE|[467]|Bytes:48
23:13:24.0 (982577)|HEAP_ALLOCATE|[139]|Bytes:6
23:13:24.0 (1006357)|HEAP_ALLOCATE|[EXTERNAL]|Bytes:3
23:13:24.0 (1025162)|HEAP_ALLOCATE|[EXTERNAL]|Bytes:3
23:13:24.0 (1122988)|HEAP_ALLOCATE|[EXTERNAL]|Bytes:4
23:13:24.0 (1133463)|HEAP_ALLOCATE|[EXTERNAL]|Bytes:4
23:13:24.0 (2311531)|CODE_UNIT_STARTED|[EXTERNAL]|01p50000002D2uA|LookupSObjectController.lookup
23:13:24.0 (3023072)|HEAP_ALLOCATE|[EXTERNAL]|Bytes:6
23:13:24.0 (3030560)|HEAP_ALLOCATE|[EXTERNAL]|Bytes:2
23:13:24.0 (3046082)|METHOD_ENTRY|[11]|01p50000002D2uA|LookupSObjectController.LookupSObjectController()
23:13:24.0 (3050369)|STATEMENT_EXECUTE|[11]
23:13:24.0 (3059768)|STATEMENT_EXECUTE|[11]
23:13:24.0 (3097843)|HEAP_ALLOCATE|[50]|Bytes:5
23:13:24.0 (3123483)|HEAP_ALLOCATE|[56]|Bytes:5
23:13:24.0 (3132287)|HEAP_ALLOCATE|[64]|Bytes:7
23:13:24.0 (3153114)|SYSTEM_MODE_ENTER|false
23:13:24.0 (3167949)|HEAP_ALLOCATE|[EXTERNAL]|Bytes:5
23:13:24.0 (3172140)|STATEMENT_EXECUTE|[43]
23:13:24.0 (3177811)|SYSTEM_MODE_EXIT|false
23:13:24.0 (3186872)|METHOD_EXIT|[11]|LookupSObjectController
23:13:24.0 (3191482)|HEAP_ALLOCATE|[EXTERNAL]|Bytes:3
23:13:24.0 (3193356)|HEAP_ALLOCATE|[EXTERNAL]|Bytes:4
23:13:24.0 (3197699)|SYSTEM_MODE_ENTER|false
23:13:24.0 (3210444)|VARIABLE_SCOPE_BEGIN|[17]|searchString|String|false|false
23:13:24.0 (3250525)|VARIABLE_ASSIGNMENT|[17]|searchString|"Jas"
23:13:24.0 (3256033)|VARIABLE_SCOPE_BEGIN|[17]|sObjectAPIName|String|false|false
23:13:24.0 (3260204)|VARIABLE_ASSIGNMENT|[17]|sObjectAPIName|"User"
23:13:24.0 (3275469)|HEAP_ALLOCATE|[20]|Bytes:5
23:13:24.0 (3280028)|STATEMENT_EXECUTE|[18]
23:13:24.0 (3281525)|STATEMENT_EXECUTE|[20]
23:13:24.0 (3341877)|HEAP_ALLOCATE|[20]|Bytes:3
23:13:24.0 (3358085)|VARIABLE_SCOPE_BEGIN|[20]|sanitizedSearchString|String|false|false
23:13:24.0 (3366706)|VARIABLE_ASSIGNMENT|[20]|sanitizedSearchString|"Jas"
23:13:24.0 (3369298)|STATEMENT_EXECUTE|[21]
23:13:24.0 (3397588)|HEAP_ALLOCATE|[21]|Bytes:4
23:13:24.0 (3409225)|VARIABLE_SCOPE_BEGIN|[21]|sanitizedSObjectAPIName|String|false|false
23:13:24.0 (3416918)|VARIABLE_ASSIGNMENT|[21]|sanitizedSObjectAPIName|"User"
23:13:24.0 (3419787)|STATEMENT_EXECUTE|[23]
23:13:24.0 (3430378)|HEAP_ALLOCATE|[23]|Bytes:4
23:13:24.0 (3538044)|VARIABLE_SCOPE_BEGIN|[23]|results|List<LookupSObjectController.Result>|true|false
23:13:24.0 (3553672)|HEAP_ALLOCATE|[EXTERNAL]|Bytes:4
23:13:24.0 (3577972)|VARIABLE_ASSIGNMENT|[23]|results|{"s":1,"v":[]}|0x30c60af0
23:13:24.0 (3581439)|STATEMENT_EXECUTE|[26]
23:13:24.0 (3590706)|HEAP_ALLOCATE|[26]|Bytes:6
23:13:24.0 (3595223)|HEAP_ALLOCATE|[26]|Bytes:27
23:13:24.0 (3598317)|HEAP_ALLOCATE|[26]|Bytes:18
23:13:24.0 (3610821)|HEAP_ALLOCATE|[26]|Bytes:58
23:13:24.0 (3616888)|VARIABLE_SCOPE_BEGIN|[26]|searchQuery|String|false|false
23:13:24.0 (3626992)|VARIABLE_ASSIGNMENT|[26]|searchQuery|"FIND 'Jas*' IN ALL F (38 more) ..."
23:13:24.0 (3629529)|STATEMENT_EXECUTE|[29]
23:13:24.0 (5586693)|SOSL_EXECUTE_BEGIN|[29]|FIND 'Jas*' IN ALL FIELDS RETURNING User(id,name) Limit 50
23:13:24.0 (35132604)|HEAP_ALLOCATE|[29]|Bytes:4
23:13:24.0 (35143441)|HEAP_ALLOCATE|[29]|Bytes:4
23:13:24.0 (35150865)|HEAP_ALLOCATE|[29]|Bytes:8
23:13:24.0 (35160657)|SOSL_EXECUTE_END|[29]|Rows:1
23:13:24.0 (35219812)|HEAP_ALLOCATE|[29]|Bytes:8
23:13:24.0 (35249313)|VARIABLE_SCOPE_BEGIN|[29]|searchList|List<List<SObject>>|true|false
23:13:24.0 (35309174)|VARIABLE_ASSIGNMENT|[29]|searchList|{"s":1,"v":[{"s":2,"v":[{"s":3,"v":{"Id":"00550000005cg71AAA","Name":"Jaswinder Rattanpal"}}]}]}|0x2c60166b
23:13:24.0 (35405338)|HEAP_ALLOCATE|[32]|Bytes:8
23:13:24.0 (35736769)|HEAP_ALLOCATE|[32]|Bytes:5
23:13:24.0 (35781629)|HEAP_ALLOCATE|[32]|Bytes:12
23:13:24.0 (35795669)|VARIABLE_SCOPE_BEGIN|[32]|so|SObject|true|false
23:13:24.0 (35812035)|VARIABLE_ASSIGNMENT|[32]|so|{"s":1,"v":{"Id":"00550000005cg71AAA","Name":"Jaswinder Rattanpal"}}|0xc8a0c5a
23:13:24.0 (35818081)|STATEMENT_EXECUTE|[33]
23:13:24.0 (35819914)|STATEMENT_EXECUTE|[34]
23:13:24.0 (35874331)|HEAP_ALLOCATE|[34]|Bytes:116
23:13:24.0 (35881930)|HEAP_ALLOCATE|[34]|Bytes:8
23:13:24.0 (35908641)|HEAP_ALLOCATE|[34]|Bytes:12
23:13:24.0 (35914377)|HEAP_ALLOCATE|[34]|Bytes:4
23:13:24.0 (35996852)|HEAP_ALLOCATE|[34]|Bytes:19
23:13:24.0 (36063594)|CONSTRUCTOR_ENTRY|[34]|01p50000002D2uA|<init>(String,Id)
23:13:24.0 (36093928)|VARIABLE_SCOPE_BEGIN|[48]|this|LookupSObjectController.Result|true|false
23:13:24.0 (36141753)|VARIABLE_ASSIGNMENT|[48]|this|{}|0x6268ef7f
23:13:24.0 (36147757)|VARIABLE_SCOPE_BEGIN|[48]|sObjectLabel|String|false|false
23:13:24.0 (36154188)|VARIABLE_ASSIGNMENT|[48]|sObjectLabel|"Jaswinder Rattanpal"
23:13:24.0 (36157590)|VARIABLE_SCOPE_BEGIN|[48]|sObjectId|Id|false|false
23:13:24.0 (36252192)|VARIABLE_ASSIGNMENT|[48]|sObjectId|"00550000005cg71AAA"
23:13:24.0 (36258856)|STATEMENT_EXECUTE|[43]
23:13:24.0 (36260348)|STATEMENT_EXECUTE|[45]
23:13:24.0 (36267046)|STATEMENT_EXECUTE|[46]
23:13:24.0 (36278786)|HEAP_ALLOCATE|[50]|Bytes:6
23:13:24.0 (36313724)|STATEMENT_EXECUTE|[49]
23:13:24.0 (36316214)|STATEMENT_EXECUTE|[50]
23:13:24.0 (36392161)|VARIABLE_ASSIGNMENT|[EXTERNAL]|this|{}|0x6268ef7f
23:13:24.0 (36401404)|VARIABLE_ASSIGNMENT|[EXTERNAL]|value|"Jaswinder Rattanpal"
23:13:24.0 (36417343)|VARIABLE_ASSIGNMENT|[45]|this.SObjectLabel|"Jaswinder Rattanpal"|0x6268ef7f
23:13:24.0 (36425322)|STATEMENT_EXECUTE|[51]
23:13:24.0 (36488976)|VARIABLE_ASSIGNMENT|[EXTERNAL]|this|{"SObjectLabel":"Jaswinder Rattanpal"}|0x6268ef7f
23:13:24.0 (36545291)|VARIABLE_ASSIGNMENT|[EXTERNAL]|value|"00550000005cg71AAA"
23:13:24.0 (36604009)|VARIABLE_ASSIGNMENT|[46]|this.SObjectId|"00550000005cg71AAA"|0x6268ef7f
23:13:24.0 (36625836)|CONSTRUCTOR_EXIT|[34]|01p50000002D2uA|<init>(String,Id)
23:13:24.0 (36642460)|HEAP_ALLOCATE|[EXTERNAL]|Bytes:4
23:13:24.0 (36657976)|HEAP_ALLOCATE|[32]|Bytes:5
23:13:24.0 (36671327)|VARIABLE_ASSIGNMENT|[32]|so|null|
23:13:24.0 (36675625)|STATEMENT_EXECUTE|[37]
23:13:24.0 (36691556)|SYSTEM_MODE_EXIT|false
23:13:24.36 (36735887)|CUMULATIVE_LIMIT_USAGE
23:13:24.36 (36735887)|LIMIT_USAGE_FOR_NS|(default)|
  Number of SOQL queries: 0 out of 100
  Number of query rows: 0 out of 50000
  Number of SOSL queries: 1 out of 20
  Number of DML statements: 0 out of 150
  Number of DML rows: 0 out of 10000
  Maximum CPU time: 0 out of 10000
  Maximum heap size: 0 out of 6000000
  Number of callouts: 0 out of 100
  Number of Email Invocations: 0 out of 10
  Number of future calls: 0 out of 50
  Number of queueable jobs added to the queue: 0 out of 50
  Number of Mobile Apex push calls: 0 out of 10

23:13:24.36 (36735887)|CUMULATIVE_LIMIT_USAGE_END

23:13:24.0 (36790883)|CODE_UNIT_FINISHED|LookupSObjectController.lookup
23:13:24.0 (38037185)|CODE_UNIT_STARTED|[EXTERNAL]|Aura
23:13:24.0 (38080913)|CODE_UNIT_FINISHED|Aura
