37.0 APEX_CODE,FINEST;APEX_PROFILING,INFO;CALLOUT,INFO;DB,INFO;SYSTEM,DEBUG;VALIDATION,INFO;VISUALFORCE,INFO;WORKFLOW,INFO
11:25:55.0 (373689)|USER_INFO|[EXTERNAL]|00550000005cg71|bfffollow@jr.te|Eastern Standard Time|GMT-04:00
11:25:55.0 (432455)|EXECUTION_STARTED
11:25:55.0 (439610)|CODE_UNIT_STARTED|[EXTERNAL]|aura
11:25:55.0 (883732)|HEAP_ALLOCATE|[72]|Bytes:3
11:25:55.0 (924999)|HEAP_ALLOCATE|[77]|Bytes:152
11:25:55.0 (939590)|HEAP_ALLOCATE|[342]|Bytes:408
11:25:55.0 (955212)|HEAP_ALLOCATE|[355]|Bytes:408
11:25:55.0 (969530)|HEAP_ALLOCATE|[467]|Bytes:48
11:25:55.0 (995922)|HEAP_ALLOCATE|[139]|Bytes:6
11:25:55.0 (1018991)|HEAP_ALLOCATE|[EXTERNAL]|Bytes:94
11:25:55.0 (1039540)|HEAP_ALLOCATE|[EXTERNAL]|Bytes:94
11:25:55.0 (3590002)|CODE_UNIT_STARTED|[EXTERNAL]|01p50000002CIEm|ETLC_ApexBridge_Controller.execute
11:25:55.0 (4352044)|HEAP_ALLOCATE|[EXTERNAL]|Bytes:1
11:25:55.0 (4359748)|HEAP_ALLOCATE|[EXTERNAL]|Bytes:10
11:25:55.0 (4377767)|METHOD_ENTRY|[1]|01p50000002CIEm|ETLC_ApexBridge_Controller.ETLC_ApexBridge_Controller()
11:25:55.0 (4383551)|STATEMENT_EXECUTE|[1]
11:25:55.0 (4388061)|STATEMENT_EXECUTE|[1]
11:25:55.0 (4394236)|METHOD_EXIT|[1]|ETLC_ApexBridge_Controller
11:25:55.0 (4398953)|HEAP_ALLOCATE|[EXTERNAL]|Bytes:94
11:25:55.0 (4414274)|SYSTEM_MODE_ENTER|false
11:25:55.0 (4425135)|VARIABLE_SCOPE_BEGIN|[3]|dataJson|String|false|false
11:25:55.0 (4466212)|VARIABLE_ASSIGNMENT|[3]|dataJson|"{\"operation\":\"BFFFol (74 more) ..."
11:25:55.0 (4480115)|STATEMENT_EXECUTE|[3]
11:25:55.0 (4481859)|STATEMENT_EXECUTE|[4]
11:25:55.0 (43430004)|VARIABLE_SCOPE_BEGIN|[4]|data|ETLC_ApexBridge_Data|true|false
11:25:55.0 (43459578)|VARIABLE_ASSIGNMENT|[4]|data|null|
11:25:55.0 (43466519)|STATEMENT_EXECUTE|[5]
11:25:55.0 (43468781)|STATEMENT_EXECUTE|[5]
11:25:55.0 (43469820)|STATEMENT_EXECUTE|[6]
11:25:55.0 (43494446)|HEAP_ALLOCATE|[6]|Bytes:11
11:25:55.0 (43508120)|HEAP_ALLOCATE|[6]|Bytes:248
11:25:55.0 (43514459)|HEAP_ALLOCATE|[6]|Bytes:39
11:25:55.0 (43583796)|METHOD_ENTRY|[2]|01p50000002CIEo|ETLC_ApexBridge_Data.ETLC_ApexBridge_Data()
11:25:55.0 (43591887)|STATEMENT_EXECUTE|[2]
11:25:55.0 (43597740)|STATEMENT_EXECUTE|[2]
11:25:55.0 (43611023)|METHOD_EXIT|[2]|ETLC_ApexBridge_Data
11:25:55.0 (43659631)|METHOD_ENTRY|[6]|01p50000002CIEo|ETLC_ApexBridge_Data.fromJSON(String)
11:25:55.0 (43698248)|VARIABLE_SCOPE_BEGIN|[60]|strJson|String|false|false
11:25:55.0 (43723959)|VARIABLE_ASSIGNMENT|[60]|strJson|"{\"operation\":\"BFFFol (74 more) ..."
11:25:55.0 (43731224)|STATEMENT_EXECUTE|[60]
11:25:55.0 (43733384)|STATEMENT_EXECUTE|[61]
11:25:55.0 (43746189)|HEAP_ALLOCATE|[61]|Bytes:20
11:25:55.0 (43775978)|HEAP_ALLOCATE|[50]|Bytes:5
11:25:55.0 (43810444)|HEAP_ALLOCATE|[56]|Bytes:5
11:25:55.0 (43828265)|HEAP_ALLOCATE|[64]|Bytes:7
11:25:55.0 (43990077)|HEAP_ALLOCATE|[61]|Bytes:24
11:25:55.0 (44009933)|SYSTEM_METHOD_ENTRY|[1]|Type.Type()
11:25:55.0 (44016181)|STATEMENT_EXECUTE|[1]
11:25:55.0 (44031055)|SYSTEM_METHOD_EXIT|[1]|Type
11:25:55.0 (44039899)|HEAP_ALLOCATE|[61]|Bytes:8
11:25:55.0 (44066090)|HEAP_ALLOCATE|[61]|Bytes:8
11:25:55.0 (44075721)|VARIABLE_SCOPE_BEGIN|[4]|this|System.Type|true|false
11:25:55.0 (44125215)|VARIABLE_ASSIGNMENT|[4]|this|{}|0x22b13da0
11:25:55.0 (44132021)|VARIABLE_SCOPE_BEGIN|[4]|apextype|java:common.apex.runtime.ApexObjectType|true|false
11:25:55.0 (44397821)|VARIABLE_ASSIGNMENT|[4]|apextype|"ETLC_ApexBridge_Data"|0x66b8fbb4
11:25:55.0 (44490961)|HEAP_ALLOCATE|[61]|Bytes:8
11:25:55.0 (44542051)|HEAP_ALLOCATE|[61]|Bytes:24
11:25:55.0 (44563026)|SYSTEM_METHOD_ENTRY|[1]|JSON.JSON()
11:25:55.0 (44567474)|STATEMENT_EXECUTE|[1]
11:25:55.0 (44579493)|SYSTEM_METHOD_EXIT|[1]|JSON
11:25:55.0 (44597638)|METHOD_ENTRY|[61]||System.JSON.deserializeStrict(String, System.Type)
11:25:55.0 (45430291)|METHOD_EXIT|[61]||System.JSON.deserializeStrict(String, System.Type)
11:25:55.0 (45447119)|METHOD_EXIT|[6]|01p50000002CIEo|ETLC_ApexBridge_Data.fromJSON(String)
11:25:55.0 (45545966)|VARIABLE_ASSIGNMENT|[6]|data|{"debug":true,"input":"{\"mode\":\"checkChatte (10 more) ...","operation":"BFFFollow_Controller"}|0x4c7b1189
11:25:55.0 (45553247)|STATEMENT_EXECUTE|[7]
11:25:55.0 (45565192)|HEAP_ALLOCATE|[7]|Bytes:6
11:25:55.0 (45661031)|HEAP_ALLOCATE|[7]|Bytes:178
11:25:55.0 (45691101)|HEAP_ALLOCATE|[7]|Bytes:184
11:25:55.0 (45727032)|USER_DEBUG|[7]|DEBUG|data::ETLC_ApexBridge_Data:[debug=true, input={"mode":"checkChatterEnabled"}, isSuccess=null, messages=null, operation=BFFFollow_Controller, output=null, outputFlag=null, records=null]
11:25:55.0 (45739574)|STATEMENT_EXECUTE|[8]
11:25:55.0 (45818698)|VARIABLE_ASSIGNMENT|[EXTERNAL]|this|{"debug":true,"input":"{\"mode\":\"checkChatte (10 more) ...","operation":"BFFFollow_Controller"}|0x4c7b1189
11:25:55.0 (45847798)|METHOD_ENTRY|[8]||System.Type.forName(String)
11:25:56.155 (1155578614)|METHOD_EXIT|[8]||System.Type.forName(String)
11:25:56.155 (1155623511)|METHOD_ENTRY|[8]||System.Type.newInstance()
11:25:56.155 (1166808618)|STATEMENT_EXECUTE|[1]
11:25:56.155 (1166830603)|HEAP_ALLOCATE|[33]|Bytes:5
11:25:56.155 (1166859024)|METHOD_EXIT|[1]|BFFFollow_Controller
11:25:56.155 (1166886483)|HEAP_ALLOCATE|[33]|Bytes:4
11:25:56.155 (1166900338)|VARIABLE_SCOPE_BEGIN|[1]|this|BFFFollow_Controller|true|false
11:25:56.155 (1166941030)|VARIABLE_ASSIGNMENT|[1]|this|{}|0x15893d61
11:25:56.155 (1166951802)|HEAP_ALLOCATE|[33]|Bytes:5
11:25:56.155 (1166963549)|HEAP_ALLOCATE|[33]|Bytes:11
11:25:56.155 (1166985297)|METHOD_ENTRY|[1]|01p50000002CIEj|ETLC_ApexBridge_Abstract.ETLC_ApexBridge_Abstract()
11:25:56.155 (1166989148)|STATEMENT_EXECUTE|[1]
11:25:56.155 (1166993567)|STATEMENT_EXECUTE|[1]
11:25:56.155 (1167000463)|METHOD_EXIT|[1]|ETLC_ApexBridge_Abstract
11:25:56.155 (1167013373)|CONSTRUCTOR_ENTRY|[EXTERNAL]|01p50000002CIEj|<init>()
11:25:56.155 (1167046296)|VARIABLE_SCOPE_BEGIN|[1]|this|ETLC_ApexBridge_Abstract|true|false
11:25:56.155 (1167062390)|VARIABLE_ASSIGNMENT|[1]|this|{}|0x15893d61
11:25:56.155 (1167085944)|STATEMENT_EXECUTE|[1]
11:25:56.155 (1167100367)|CONSTRUCTOR_EXIT|[EXTERNAL]|01p50000002CIEj|<init>()
11:25:56.155 (1167106640)|STATEMENT_EXECUTE|[1]
11:25:56.155 (1167111692)|HEAP_ALLOCATE|[33]|Bytes:5
11:25:56.155 (1167140591)|METHOD_EXIT|[8]||System.Type.newInstance()
11:25:56.155 (1167152745)|VARIABLE_SCOPE_BEGIN|[8]|executor|ETLC_ApexBridge_Abstract|true|false
11:25:56.155 (1167166447)|VARIABLE_ASSIGNMENT|[8]|executor|{}|0x15893d61
11:25:56.155 (1167169107)|STATEMENT_EXECUTE|[9]
11:25:56.155 (1167229079)|METHOD_ENTRY|[9]|01p50000002D8iw|BFFFollow_Controller.process(ETLC_ApexBridge_Data)
11:25:56.155 (1167260396)|VARIABLE_SCOPE_BEGIN|[3]|this|BFFFollow_Controller|true|false
11:25:56.155 (1167275177)|VARIABLE_ASSIGNMENT|[3]|this|{}|0x15893d61
11:25:56.155 (1167279753)|VARIABLE_SCOPE_BEGIN|[3]|data|ETLC_ApexBridge_Data|true|false
11:25:56.155 (1167319424)|VARIABLE_ASSIGNMENT|[3]|data|{"debug":true,"input":"{\"mode\":\"checkChatte (10 more) ...","operation":"BFFFollow_Controller"}|0x4c7b1189
11:25:56.155 (1167330097)|HEAP_ALLOCATE|[4]|Bytes:5
11:25:56.155 (1167334090)|STATEMENT_EXECUTE|[3]
11:25:56.155 (1167335842)|STATEMENT_EXECUTE|[4]
11:25:56.155 (1167432451)|VARIABLE_ASSIGNMENT|[EXTERNAL]|this|{"debug":true,"input":"{\"mode\":\"checkChatte (10 more) ...","operation":"BFFFollow_Controller"}|0x4c7b1189
11:25:56.155 (1167459160)|VARIABLE_ASSIGNMENT|[4]|BFFFollow_Controller.debugFlag|true
11:25:56.155 (1167497934)|VARIABLE_ASSIGNMENT|[EXTERNAL]|this|{"debug":true,"input":"{\"mode\":\"checkChatte (10 more) ...","operation":"BFFFollow_Controller"}|0x4c7b1189
11:25:56.155 (1167510993)|STATEMENT_EXECUTE|[5]
11:25:56.155 (1167520530)|HEAP_ALLOCATE|[5]|Bytes:12
11:25:56.155 (1167572835)|HEAP_ALLOCATE|[5]|Bytes:178
11:25:56.155 (1167590178)|HEAP_ALLOCATE|[5]|Bytes:190
11:25:56.155 (1167618821)|USER_DEBUG|[5]|DEBUG|data BEFORE:ETLC_ApexBridge_Data:[debug=true, input={"mode":"checkChatterEnabled"}, isSuccess=null, messages=null, operation=BFFFollow_Controller, output=null, outputFlag=null, records=null]
11:25:56.155 (1167627004)|STATEMENT_EXECUTE|[7]
11:25:56.155 (1167634646)|HEAP_ALLOCATE|[7]|Bytes:4
11:25:56.155 (1167662298)|METHOD_ENTRY|[7]|01p50000002CIEo|ETLC_ApexBridge_Data.getInputValue(String)
11:25:56.155 (1167686357)|VARIABLE_SCOPE_BEGIN|[52]|this|ETLC_ApexBridge_Data|true|false
11:25:56.155 (1167713632)|VARIABLE_ASSIGNMENT|[52]|this|{"debug":true,"input":"{\"mode\":\"checkChatte (10 more) ...","operation":"BFFFollow_Controller"}|0x4c7b1189
11:25:56.155 (1167720256)|VARIABLE_SCOPE_BEGIN|[52]|key|String|false|false
11:25:56.155 (1167724718)|VARIABLE_ASSIGNMENT|[52]|key|"mode"
11:25:56.155 (1167729311)|STATEMENT_EXECUTE|[52]
11:25:56.155 (1167730803)|STATEMENT_EXECUTE|[53]
11:25:56.155 (1167783618)|VARIABLE_ASSIGNMENT|[EXTERNAL]|this|{"debug":true,"input":"{\"mode\":\"checkChatte (10 more) ...","operation":"BFFFollow_Controller"}|0x4c7b1189
11:25:56.155 (1167810187)|METHOD_ENTRY|[53]||System.JSON.deserializeUntyped(String)
11:25:56.155 (1168118342)|METHOD_EXIT|[53]||System.JSON.deserializeUntyped(String)
11:25:56.155 (1168128942)|VARIABLE_SCOPE_BEGIN|[53]|inputMap|Map<String,ANY>|true|false
11:25:56.155 (1168162370)|VARIABLE_ASSIGNMENT|[53]|inputMap|{"s":1,"v":{"mode":"checkChatterEnabled"}}|0x6ca9bce3
11:25:56.155 (1168166047)|STATEMENT_EXECUTE|[54]
11:25:56.155 (1168209634)|METHOD_EXIT|[7]|01p50000002CIEo|ETLC_ApexBridge_Data.getInputValue(String)
11:25:56.155 (1168215286)|VARIABLE_SCOPE_BEGIN|[7]|mode|String|false|false
11:25:56.155 (1168223347)|VARIABLE_ASSIGNMENT|[7]|mode|"checkChatterEnabled"
11:25:56.155 (1168228575)|HEAP_ALLOCATE|[9]|Bytes:19
11:25:56.155 (1168261807)|STATEMENT_EXECUTE|[9]
11:25:56.155 (1168263659)|STATEMENT_EXECUTE|[10]
11:25:56.155 (1168278180)|METHOD_ENTRY|[10]|01p50000002D8iw|BFFFollow_Controller.checkChatterEnabled()
11:25:56.155 (1168297039)|VARIABLE_SCOPE_BEGIN|[27]|this|BFFFollow_Controller|true|false
11:25:56.155 (1168312240)|VARIABLE_ASSIGNMENT|[27]|this|{}|0x15893d61
11:25:56.155 (1168321479)|HEAP_ALLOCATE|[28]|Bytes:5
11:25:56.155 (1168324892)|STATEMENT_EXECUTE|[27]
11:25:56.155 (1168326289)|STATEMENT_EXECUTE|[28]
11:25:56.155 (1168327291)|STATEMENT_EXECUTE|[28]
11:25:56.155 (1168328321)|STATEMENT_EXECUTE|[29]
11:25:56.155 (1185888376)|HEAP_ALLOCATE|[29]|Bytes:1340
11:25:56.155 (1185929025)|VARIABLE_SCOPE_BEGIN|[29]|gd|Map<String,Schema.SObjectType>|true|false
11:25:56.155 (1186160881)|VARIABLE_ASSIGNMENT|[29]|gd|"{acceptedeventrelation=AcceptedEventRelation, account=Account, accountcontactrole=AccountContactRole, accountfeed=AccountFeed, accounthistory=AccountHistory, accountpartner=AccountPartner, accountshare=AccountShare, actionlinkgrouptemplate=ActionLinkGroupTemplate, actionlinktemplate=ActionLinkTemplate, activityhistory=ActivityHistory, ...}"|0x153980a1
11:25:56.155 (1186173259)|HEAP_ALLOCATE|[30]|Bytes:8
11:25:56.155 (1186240876)|STATEMENT_EXECUTE|[30]
11:25:56.155 (1186244214)|STATEMENT_EXECUTE|[31]
11:25:56.155 (1186257985)|HEAP_ALLOCATE|[31]|Bytes:5
11:25:56.155 (1186273204)|METHOD_EXIT|[10]|01p50000002D8iw|BFFFollow_Controller.checkChatterEnabled()
11:25:56.155 (1186389644)|VARIABLE_ASSIGNMENT|[EXTERNAL]|this|{"debug":true,"input":"{\"mode\":\"checkChatte (10 more) ...","operation":"BFFFollow_Controller"}|0x4c7b1189
11:25:56.155 (1186403480)|VARIABLE_ASSIGNMENT|[EXTERNAL]|value|true
11:25:56.155 (1186410879)|HEAP_ALLOCATE|[15]|Bytes:5
11:25:56.155 (1186422380)|VARIABLE_ASSIGNMENT|[15]|this.outputFlag|true|0x4c7b1189
11:25:56.155 (1186437332)|STATEMENT_EXECUTE|[21]
11:25:56.155 (1186439356)|STATEMENT_EXECUTE|[21]
11:25:56.155 (1186447786)|HEAP_ALLOCATE|[21]|Bytes:11
11:25:56.155 (1186516082)|HEAP_ALLOCATE|[21]|Bytes:178
11:25:56.155 (1186533751)|HEAP_ALLOCATE|[21]|Bytes:189
11:25:56.155 (1186558042)|USER_DEBUG|[21]|DEBUG|data AFTER:ETLC_ApexBridge_Data:[debug=true, input={"mode":"checkChatterEnabled"}, isSuccess=null, messages=null, operation=BFFFollow_Controller, output=null, outputFlag=true, records=null]
11:25:56.155 (1186574177)|METHOD_EXIT|[9]|01p50000002D8iw|BFFFollow_Controller.process(ETLC_ApexBridge_Data)
11:25:56.155 (1186578098)|STATEMENT_EXECUTE|[24]
11:25:56.155 (1186600802)|METHOD_ENTRY|[24]|01p50000002CIEo|ETLC_ApexBridge_Data.toJSON()
11:25:56.155 (1186634883)|VARIABLE_SCOPE_BEGIN|[57]|this|ETLC_ApexBridge_Data|true|false
11:25:56.155 (1186664993)|VARIABLE_ASSIGNMENT|[57]|this|{"debug":true,"input":"{\"mode\":\"checkChatte (10 more) ...","operation":"BFFFollow_Controller","outputFlag":true}|0x4c7b1189
11:25:56.155 (1186671044)|STATEMENT_EXECUTE|[57]
11:25:56.155 (1186672464)|STATEMENT_EXECUTE|[58]
11:25:56.155 (1186695344)|METHOD_ENTRY|[58]||System.JSON.serialize(Object)
11:25:56.155 (1186806825)|STATEMENT_EXECUTE|[22]
11:25:56.155 (1186813076)|STATEMENT_EXECUTE|[23]
11:25:56.155 (1186822194)|HEAP_ALLOCATE|[23]|Bytes:5
11:25:56.155 (1186832781)|VARIABLE_ASSIGNMENT|[23]|this.isSuccess|true|0x4c7b1189
11:25:56.155 (1186835450)|STATEMENT_EXECUTE|[24]
11:25:56.155 (1186883646)|STATEMENT_EXECUTE|[31]
11:25:56.155 (1186888167)|STATEMENT_EXECUTE|[32]
11:25:56.155 (1186895873)|HEAP_ALLOCATE|[32]|Bytes:4
11:25:56.155 (1186955475)|VARIABLE_ASSIGNMENT|[32]|this.messages|{"s":1,"v":{}}|0x4c7b1189
11:25:56.155 (1186959457)|STATEMENT_EXECUTE|[33]
11:25:56.155 (1187357925)|METHOD_EXIT|[58]||System.JSON.serialize(Object)
11:25:56.155 (1187365686)|METHOD_EXIT|[24]|01p50000002CIEo|ETLC_ApexBridge_Data.toJSON()
11:25:56.155 (1187374010)|SYSTEM_MODE_EXIT|false
11:25:56.187 (1187461802)|CUMULATIVE_LIMIT_USAGE
11:25:56.187 (1187461802)|LIMIT_USAGE_FOR_NS|(default)|
  Number of SOQL queries: 0 out of 100
  Number of query rows: 0 out of 50000
  Number of SOSL queries: 0 out of 20
  Number of DML statements: 0 out of 150
  Number of DML rows: 0 out of 10000
  Maximum CPU time: 0 out of 10000
  Maximum heap size: 0 out of 6000000
  Number of callouts: 0 out of 100
  Number of Email Invocations: 0 out of 10
  Number of future calls: 0 out of 50
  Number of queueable jobs added to the queue: 0 out of 50
  Number of Mobile Apex push calls: 0 out of 10

11:25:56.187 (1187461802)|CUMULATIVE_LIMIT_USAGE_END

11:25:56.155 (1187512816)|CODE_UNIT_FINISHED|ETLC_ApexBridge_Controller.execute
