37.0 APEX_CODE,FINEST;APEX_PROFILING,INFO;CALLOUT,INFO;DB,INFO;SYSTEM,DEBUG;VALIDATION,INFO;VISUALFORCE,INFO;WORKFLOW,INFO
23:41:27.0 (106014)|USER_INFO|[EXTERNAL]|00550000005cg71|bfffollow@jr.te|Eastern Standard Time|GMT-04:00
23:41:27.0 (149292)|EXECUTION_STARTED
23:41:27.0 (152653)|CODE_UNIT_STARTED|[EXTERNAL]|aura
23:41:27.0 (517040)|HEAP_ALLOCATE|[72]|Bytes:3
23:41:27.0 (566515)|HEAP_ALLOCATE|[77]|Bytes:152
23:41:27.0 (595863)|HEAP_ALLOCATE|[342]|Bytes:408
23:41:27.0 (629658)|HEAP_ALLOCATE|[355]|Bytes:408
23:41:27.0 (658376)|HEAP_ALLOCATE|[467]|Bytes:48
23:41:27.0 (703384)|HEAP_ALLOCATE|[139]|Bytes:6
23:41:27.0 (740539)|HEAP_ALLOCATE|[EXTERNAL]|Bytes:93
23:41:27.0 (767414)|HEAP_ALLOCATE|[EXTERNAL]|Bytes:93
23:41:27.0 (2011765)|CODE_UNIT_STARTED|[EXTERNAL]|01p50000002CIEm|ETLC_ApexBridge_Controller.execute
23:41:27.0 (2147168)|HEAP_ALLOCATE|[EXTERNAL]|Bytes:1
23:41:27.0 (2158890)|HEAP_ALLOCATE|[EXTERNAL]|Bytes:10
23:41:27.0 (2187074)|METHOD_ENTRY|[1]|01p50000002CIEm|ETLC_ApexBridge_Controller.ETLC_ApexBridge_Controller()
23:41:27.0 (2194638)|STATEMENT_EXECUTE|[1]
23:41:27.0 (2201941)|STATEMENT_EXECUTE|[1]
23:41:27.0 (2213534)|METHOD_EXIT|[1]|ETLC_ApexBridge_Controller
23:41:27.0 (2221315)|HEAP_ALLOCATE|[EXTERNAL]|Bytes:93
23:41:27.0 (2236588)|SYSTEM_MODE_ENTER|false
23:41:27.0 (2250837)|VARIABLE_SCOPE_BEGIN|[3]|dataJson|String|false|false
23:41:27.0 (2303646)|VARIABLE_ASSIGNMENT|[3]|dataJson|"{\"operation\":\"BFFFol (73 more) ..."
23:41:27.0 (2322148)|STATEMENT_EXECUTE|[3]
23:41:27.0 (2325042)|STATEMENT_EXECUTE|[4]
23:41:27.0 (2435097)|VARIABLE_SCOPE_BEGIN|[4]|data|ETLC_ApexBridge_Data|true|false
23:41:27.0 (2450959)|VARIABLE_ASSIGNMENT|[4]|data|null|
23:41:27.0 (2454829)|STATEMENT_EXECUTE|[5]
23:41:27.0 (2457013)|STATEMENT_EXECUTE|[5]
23:41:27.0 (2458978)|STATEMENT_EXECUTE|[6]
23:41:27.0 (2481118)|HEAP_ALLOCATE|[6]|Bytes:11
23:41:27.0 (2495466)|HEAP_ALLOCATE|[6]|Bytes:248
23:41:27.0 (2504136)|HEAP_ALLOCATE|[6]|Bytes:39
23:41:27.0 (2542746)|METHOD_ENTRY|[2]|01p50000002CIEo|ETLC_ApexBridge_Data.ETLC_ApexBridge_Data()
23:41:27.0 (2548141)|STATEMENT_EXECUTE|[2]
23:41:27.0 (2553503)|STATEMENT_EXECUTE|[2]
23:41:27.0 (2564135)|METHOD_EXIT|[2]|ETLC_ApexBridge_Data
23:41:27.0 (2585556)|METHOD_ENTRY|[6]|01p50000002CIEo|ETLC_ApexBridge_Data.fromJSON(String)
23:41:27.0 (2612032)|VARIABLE_SCOPE_BEGIN|[60]|strJson|String|false|false
23:41:27.0 (2625941)|VARIABLE_ASSIGNMENT|[60]|strJson|"{\"operation\":\"BFFFol (73 more) ..."
23:41:27.0 (2633083)|STATEMENT_EXECUTE|[60]
23:41:27.0 (2635345)|STATEMENT_EXECUTE|[61]
23:41:27.0 (2646863)|HEAP_ALLOCATE|[61]|Bytes:20
23:41:27.0 (2678177)|HEAP_ALLOCATE|[50]|Bytes:5
23:41:27.0 (2712828)|HEAP_ALLOCATE|[56]|Bytes:5
23:41:27.0 (2733656)|HEAP_ALLOCATE|[64]|Bytes:7
23:41:27.0 (2850098)|HEAP_ALLOCATE|[61]|Bytes:24
23:41:27.0 (2870931)|SYSTEM_METHOD_ENTRY|[1]|Type.Type()
23:41:27.0 (2876285)|STATEMENT_EXECUTE|[1]
23:41:27.0 (2890685)|SYSTEM_METHOD_EXIT|[1]|Type
23:41:27.0 (2900779)|HEAP_ALLOCATE|[61]|Bytes:8
23:41:27.0 (2926853)|HEAP_ALLOCATE|[61]|Bytes:8
23:41:27.0 (2936121)|VARIABLE_SCOPE_BEGIN|[4]|this|System.Type|true|false
23:41:27.0 (2984469)|VARIABLE_ASSIGNMENT|[4]|this|{}|0x40cb5fb6
23:41:27.0 (2993832)|VARIABLE_SCOPE_BEGIN|[4]|apextype|java:common.apex.runtime.ApexObjectType|true|false
23:41:27.0 (3184016)|VARIABLE_ASSIGNMENT|[4]|apextype|"ETLC_ApexBridge_Data"|0x50e6d6d7
23:41:27.0 (3278281)|HEAP_ALLOCATE|[61]|Bytes:8
23:41:27.0 (3328922)|HEAP_ALLOCATE|[61]|Bytes:24
23:41:27.0 (3349350)|SYSTEM_METHOD_ENTRY|[1]|JSON.JSON()
23:41:27.0 (3354573)|STATEMENT_EXECUTE|[1]
23:41:27.0 (3368036)|SYSTEM_METHOD_EXIT|[1]|JSON
23:41:27.0 (3388466)|METHOD_ENTRY|[61]||System.JSON.deserializeStrict(String, System.Type)
23:41:27.0 (3747389)|METHOD_EXIT|[61]||System.JSON.deserializeStrict(String, System.Type)
23:41:27.0 (3762587)|METHOD_EXIT|[6]|01p50000002CIEo|ETLC_ApexBridge_Data.fromJSON(String)
23:41:27.0 (3816242)|VARIABLE_ASSIGNMENT|[6]|data|{"debug":true,"input":"{\"mode\":\"fetchFollow (9 more) ...","operation":"BFFFollow_Controller"}|0xbae39d0
23:41:27.0 (3823980)|STATEMENT_EXECUTE|[7]
23:41:27.0 (3836563)|HEAP_ALLOCATE|[7]|Bytes:6
23:41:27.0 (3924774)|HEAP_ALLOCATE|[7]|Bytes:177
23:41:27.0 (3957876)|HEAP_ALLOCATE|[7]|Bytes:183
23:41:27.0 (3990036)|USER_DEBUG|[7]|DEBUG|data::ETLC_ApexBridge_Data:[debug=true, input={"mode":"fetchFollowedUsers"}, isSuccess=null, messages=null, operation=BFFFollow_Controller, output=null, outputFlag=null, records=null]
23:41:27.0 (4003124)|STATEMENT_EXECUTE|[8]
23:41:27.0 (4085060)|VARIABLE_ASSIGNMENT|[EXTERNAL]|this|{"debug":true,"input":"{\"mode\":\"fetchFollow (9 more) ...","operation":"BFFFollow_Controller"}|0xbae39d0
23:41:27.0 (4114249)|METHOD_ENTRY|[8]||System.Type.forName(String)
23:41:27.0 (4392573)|METHOD_EXIT|[8]||System.Type.forName(String)
23:41:27.0 (4410505)|METHOD_ENTRY|[8]||System.Type.newInstance()
23:41:27.0 (4590122)|STATEMENT_EXECUTE|[1]
23:41:27.0 (4603471)|HEAP_ALLOCATE|[33]|Bytes:5
23:41:27.0 (4621508)|METHOD_EXIT|[1]|BFFFollow_Controller
23:41:27.0 (4629732)|HEAP_ALLOCATE|[33]|Bytes:4
23:41:27.0 (4638043)|VARIABLE_SCOPE_BEGIN|[1]|this|BFFFollow_Controller|true|false
23:41:27.0 (4667016)|VARIABLE_ASSIGNMENT|[1]|this|{}|0x2518bffd
23:41:27.0 (4680880)|HEAP_ALLOCATE|[33]|Bytes:5
23:41:27.0 (4694659)|HEAP_ALLOCATE|[33]|Bytes:11
23:41:27.0 (4713381)|METHOD_ENTRY|[1]|01p50000002CIEj|ETLC_ApexBridge_Abstract.ETLC_ApexBridge_Abstract()
23:41:27.0 (4718328)|STATEMENT_EXECUTE|[1]
23:41:27.0 (4723556)|STATEMENT_EXECUTE|[1]
23:41:27.0 (4732823)|METHOD_EXIT|[1]|ETLC_ApexBridge_Abstract
23:41:27.0 (4744131)|CONSTRUCTOR_ENTRY|[EXTERNAL]|01p50000002CIEj|<init>()
23:41:27.0 (4753581)|VARIABLE_SCOPE_BEGIN|[1]|this|ETLC_ApexBridge_Abstract|true|false
23:41:27.0 (4777758)|VARIABLE_ASSIGNMENT|[1]|this|{}|0x2518bffd
23:41:27.0 (4801066)|STATEMENT_EXECUTE|[1]
23:41:27.0 (4808407)|CONSTRUCTOR_EXIT|[EXTERNAL]|01p50000002CIEj|<init>()
23:41:27.0 (4817221)|STATEMENT_EXECUTE|[1]
23:41:27.0 (4824447)|HEAP_ALLOCATE|[33]|Bytes:5
23:41:27.0 (4851920)|METHOD_EXIT|[8]||System.Type.newInstance()
23:41:27.0 (4864344)|VARIABLE_SCOPE_BEGIN|[8]|executor|ETLC_ApexBridge_Abstract|true|false
23:41:27.0 (4889038)|VARIABLE_ASSIGNMENT|[8]|executor|{}|0x2518bffd
23:41:27.0 (4894342)|STATEMENT_EXECUTE|[9]
23:41:27.0 (4925338)|METHOD_ENTRY|[9]|01p50000002D8iw|BFFFollow_Controller.process(ETLC_ApexBridge_Data)
23:41:27.0 (4946882)|VARIABLE_SCOPE_BEGIN|[3]|this|BFFFollow_Controller|true|false
23:41:27.0 (4972328)|VARIABLE_ASSIGNMENT|[3]|this|{}|0x2518bffd
23:41:27.0 (4978881)|VARIABLE_SCOPE_BEGIN|[3]|data|ETLC_ApexBridge_Data|true|false
23:41:27.0 (5021499)|VARIABLE_ASSIGNMENT|[3]|data|{"debug":true,"input":"{\"mode\":\"fetchFollow (9 more) ...","operation":"BFFFollow_Controller"}|0xbae39d0
23:41:27.0 (5037698)|HEAP_ALLOCATE|[4]|Bytes:5
23:41:27.0 (5043932)|STATEMENT_EXECUTE|[3]
23:41:27.0 (5046089)|STATEMENT_EXECUTE|[4]
23:41:27.0 (5122575)|VARIABLE_ASSIGNMENT|[EXTERNAL]|this|{"debug":true,"input":"{\"mode\":\"fetchFollow (9 more) ...","operation":"BFFFollow_Controller"}|0xbae39d0
23:41:27.0 (5163562)|VARIABLE_ASSIGNMENT|[4]|BFFFollow_Controller.debugFlag|true
23:41:27.0 (5235822)|VARIABLE_ASSIGNMENT|[EXTERNAL]|this|{"debug":true,"input":"{\"mode\":\"fetchFollow (9 more) ...","operation":"BFFFollow_Controller"}|0xbae39d0
23:41:27.0 (5257168)|STATEMENT_EXECUTE|[5]
23:41:27.0 (5270546)|HEAP_ALLOCATE|[5]|Bytes:12
23:41:27.0 (5322881)|HEAP_ALLOCATE|[5]|Bytes:177
23:41:27.0 (5348239)|HEAP_ALLOCATE|[5]|Bytes:189
23:41:27.0 (5368336)|USER_DEBUG|[5]|DEBUG|data BEFORE:ETLC_ApexBridge_Data:[debug=true, input={"mode":"fetchFollowedUsers"}, isSuccess=null, messages=null, operation=BFFFollow_Controller, output=null, outputFlag=null, records=null]
23:41:27.0 (5379814)|STATEMENT_EXECUTE|[7]
23:41:27.0 (5391521)|HEAP_ALLOCATE|[7]|Bytes:4
23:41:27.0 (5411262)|METHOD_ENTRY|[7]|01p50000002CIEo|ETLC_ApexBridge_Data.getInputValue(String)
23:41:27.0 (5430074)|VARIABLE_SCOPE_BEGIN|[52]|this|ETLC_ApexBridge_Data|true|false
23:41:27.0 (5475343)|VARIABLE_ASSIGNMENT|[52]|this|{"debug":true,"input":"{\"mode\":\"fetchFollow (9 more) ...","operation":"BFFFollow_Controller"}|0xbae39d0
23:41:27.0 (5483439)|VARIABLE_SCOPE_BEGIN|[52]|key|String|false|false
23:41:27.0 (5491504)|VARIABLE_ASSIGNMENT|[52]|key|"mode"
23:41:27.0 (5497628)|STATEMENT_EXECUTE|[52]
23:41:27.0 (5500014)|STATEMENT_EXECUTE|[53]
23:41:27.0 (5571892)|VARIABLE_ASSIGNMENT|[EXTERNAL]|this|{"debug":true,"input":"{\"mode\":\"fetchFollow (9 more) ...","operation":"BFFFollow_Controller"}|0xbae39d0
23:41:27.0 (5599218)|METHOD_ENTRY|[53]||System.JSON.deserializeUntyped(String)
23:41:27.0 (5891078)|METHOD_EXIT|[53]||System.JSON.deserializeUntyped(String)
23:41:27.0 (5903845)|VARIABLE_SCOPE_BEGIN|[53]|inputMap|Map<String,ANY>|true|false
23:41:27.0 (5936748)|VARIABLE_ASSIGNMENT|[53]|inputMap|{"s":1,"v":{"mode":"fetchFollowedUsers"}}|0x180fe78e
23:41:27.0 (5942725)|STATEMENT_EXECUTE|[54]
23:41:27.0 (6003034)|METHOD_EXIT|[7]|01p50000002CIEo|ETLC_ApexBridge_Data.getInputValue(String)
23:41:27.0 (6014422)|VARIABLE_SCOPE_BEGIN|[7]|mode|String|false|false
23:41:27.0 (6027017)|VARIABLE_ASSIGNMENT|[7]|mode|"fetchFollowedUsers"
23:41:27.0 (6033320)|HEAP_ALLOCATE|[9]|Bytes:18
23:41:27.0 (6063806)|STATEMENT_EXECUTE|[9]
23:41:27.0 (6067171)|STATEMENT_EXECUTE|[10]
23:41:27.0 (6122086)|HEAP_ALLOCATE|[10]|Bytes:85
23:41:27.0 (6143382)|SYSTEM_METHOD_ENTRY|[1]|UserInfo.UserInfo()
23:41:27.0 (6148605)|STATEMENT_EXECUTE|[1]
23:41:27.0 (6162197)|SYSTEM_METHOD_EXIT|[1]|UserInfo
23:41:27.0 (6186014)|METHOD_ENTRY|[10]||System.UserInfo.getUserId()
23:41:27.0 (6235000)|METHOD_EXIT|[10]||System.UserInfo.getUserId()
23:41:27.0 (6258935)|HEAP_ALLOCATE|[10]|Bytes:4
23:41:27.0 (6278459)|METHOD_ENTRY|[10]|01p50000002D8iw|BFFFollow_Controller.fetchFollowedUsers(Id)
23:41:27.0 (6287517)|VARIABLE_SCOPE_BEGIN|[24]|this|BFFFollow_Controller|true|false
23:41:27.0 (6311800)|VARIABLE_ASSIGNMENT|[24]|this|{}|0x2518bffd
23:41:27.0 (6317670)|VARIABLE_SCOPE_BEGIN|[24]|followedById|Id|false|false
23:41:27.0 (6405053)|VARIABLE_ASSIGNMENT|[24]|followedById|"00550000005cg71AAA"
23:41:27.0 (6419209)|HEAP_ALLOCATE|[25]|Bytes:5
23:41:27.0 (6426093)|STATEMENT_EXECUTE|[24]
23:41:27.0 (6428060)|STATEMENT_EXECUTE|[25]
23:41:27.0 (6439385)|HEAP_ALLOCATE|[25]|Bytes:63
23:41:27.0 (6487639)|HEAP_ALLOCATE|[25]|Bytes:18
23:41:27.0 (6507098)|HEAP_ALLOCATE|[25]|Bytes:9
23:41:27.0 (6522935)|HEAP_ALLOCATE|[25]|Bytes:90
23:41:27.0 (6531795)|VARIABLE_SCOPE_BEGIN|[25]|soql|String|false|false
23:41:27.0 (6546045)|VARIABLE_ASSIGNMENT|[25]|soql|"SELECT FollowedUsers (70 more) ..."
23:41:27.0 (6550429)|STATEMENT_EXECUTE|[26]
23:41:27.0 (6552283)|STATEMENT_EXECUTE|[26]
23:41:27.0 (6557428)|STATEMENT_EXECUTE|[27]
23:41:27.0 (6559623)|STATEMENT_EXECUTE|[27]
23:41:27.0 (6571311)|HEAP_ALLOCATE|[27]|Bytes:24
23:41:27.0 (6582923)|HEAP_ALLOCATE|[27]|Bytes:114
23:41:27.0 (6622542)|USER_DEBUG|[27]|DEBUG|fetchFollowedUsers:soql:SELECT FollowedUsers__c FROM BFFFollow__c WHERE FollowedBy__c='00550000005cg71AAA' limit 1
23:41:27.0 (6635294)|STATEMENT_EXECUTE|[28]
23:41:27.0 (6738028)|HEAP_ALLOCATE|[28]|Bytes:9
23:41:27.0 (6750450)|HEAP_ALLOCATE|[28]|Bytes:29
23:41:27.0 (6757750)|HEAP_ALLOCATE|[28]|Bytes:21
23:41:27.0 (6776135)|METHOD_ENTRY|[7]|01p50000002CIEt|ETLC_SecuredDB.ETLC_SecuredDB()
23:41:27.0 (6781316)|STATEMENT_EXECUTE|[7]
23:41:27.0 (6786458)|STATEMENT_EXECUTE|[7]
23:41:27.0 (6795006)|HEAP_ALLOCATE|[28]|Bytes:5
23:41:27.0 (6812436)|METHOD_EXIT|[7]|ETLC_SecuredDB
23:41:27.0 (6830873)|METHOD_ENTRY|[28]|01p50000002CIEt|ETLC_SecuredDB.query(String)
23:41:27.0 (6851609)|VARIABLE_SCOPE_BEGIN|[10]|SOQL|String|false|false
23:41:27.0 (6864079)|VARIABLE_ASSIGNMENT|[10]|SOQL|"SELECT FollowedUsers (70 more) ..."
23:41:27.0 (6876513)|HEAP_ALLOCATE|[12]|Bytes:5
23:41:27.0 (6882474)|STATEMENT_EXECUTE|[10]
23:41:27.0 (6884478)|STATEMENT_EXECUTE|[12]
23:41:27.0 (7539979)|SOQL_EXECUTE_BEGIN|[12]|Aggregations:0|SELECT FollowedUsers__c FROM BFFFollow__c WHERE FollowedBy__c='00550000005cg71AAA' limit 1
23:41:27.0 (12143578)|SOQL_EXECUTE_END|[12]|Rows:1
23:41:27.0 (12168981)|HEAP_ALLOCATE|[12]|Bytes:8
23:41:27.0 (12182002)|HEAP_ALLOCATE|[12]|Bytes:101
23:41:27.0 (12281718)|HEAP_ALLOCATE|[12]|Bytes:8
23:41:27.0 (12304438)|VARIABLE_SCOPE_BEGIN|[12]|dbRecords|List<SObject>|true|false
23:41:27.0 (12340240)|VARIABLE_ASSIGNMENT|[12]|dbRecords|{"s":1,"v":[{"s":2,"v":{"FollowedUsers__c":"[{\"id\":\"00550000005d (28 more) ...","Id":"a005000000ezW4dAAE"}}]}|0x135f95cc
23:41:27.0 (12344668)|STATEMENT_EXECUTE|[20]
23:41:27.0 (12413085)|HEAP_ALLOCATE|[20]|Bytes:12
23:41:27.0 (12419869)|HEAP_ALLOCATE|[20]|Bytes:8
23:41:27.0 (12449735)|HEAP_ALLOCATE|[20]|Bytes:12
23:41:27.0 (12453663)|HEAP_ALLOCATE|[20]|Bytes:9
23:41:27.0 (12465617)|HEAP_ALLOCATE|[20]|Bytes:12
23:41:27.0 (12469013)|HEAP_ALLOCATE|[20]|Bytes:8
23:41:27.0 (12479550)|HEAP_ALLOCATE|[20]|Bytes:12
23:41:27.0 (12482997)|HEAP_ALLOCATE|[20]|Bytes:8
23:41:27.0 (12493386)|HEAP_ALLOCATE|[20]|Bytes:12
23:41:27.0 (12496564)|HEAP_ALLOCATE|[20]|Bytes:9
23:41:27.0 (12522794)|METHOD_ENTRY|[20]|01p50000002CIEt|ETLC_SecuredDB.findFields(List<SObject>)
23:41:27.0 (12540596)|VARIABLE_SCOPE_BEGIN|[108]|dbRecords|List<SObject>|true|false
23:41:27.0 (12560324)|VARIABLE_ASSIGNMENT|[108]|dbRecords|{"s":1,"v":[{"s":2,"v":{"FollowedUsers__c":"[{\"id\":\"00550000005d (28 more) ...","Id":"a005000000ezW4dAAE"}}]}|0x135f95cc
23:41:27.0 (12570782)|HEAP_ALLOCATE|[109]|Bytes:5
23:41:27.0 (12575449)|STATEMENT_EXECUTE|[108]
23:41:27.0 (12577007)|STATEMENT_EXECUTE|[109]
23:41:27.0 (12586133)|VARIABLE_SCOPE_BEGIN|[109]|strJSON|String|false|false
23:41:27.0 (12592733)|VARIABLE_ASSIGNMENT|[109]|strJSON|null
23:41:27.0 (12594551)|STATEMENT_EXECUTE|[110]
23:41:27.0 (12604760)|VARIABLE_SCOPE_BEGIN|[110]|mapFields|Map<String,Set<String>>|true|false
23:41:27.0 (12610385)|VARIABLE_ASSIGNMENT|[110]|mapFields|null|
23:41:27.0 (12612283)|STATEMENT_EXECUTE|[112]
23:41:27.0 (12626122)|METHOD_ENTRY|[112]||System.JSON.serialize(Object)
23:41:27.0 (13070807)|METHOD_EXIT|[112]||System.JSON.serialize(Object)
23:41:27.0 (13086793)|VARIABLE_ASSIGNMENT|[112]|strJSON|"[{\"attributes\":{\"typ (194 more) ..."
23:41:27.0 (13090182)|STATEMENT_EXECUTE|[113]
23:41:27.0 (13098031)|HEAP_ALLOCATE|[113]|Bytes:5
23:41:27.0 (13107045)|HEAP_ALLOCATE|[113]|Bytes:219
23:41:27.0 (13134732)|USER_DEBUG|[113]|DEBUG|JSON:[{"attributes":{"type":"BFFFollow__c","url":"/services/data/v37.0/sobjects/BFFFollow__c/a005000000ezW4dAAE"},"FollowedUsers__c":"[{\"id\":\"00550000005d7KnAAI\",\"name\":\"Test User\"}]","Id":"a005000000ezW4dAAE"}]
23:41:27.0 (13142365)|STATEMENT_EXECUTE|[114]
23:41:27.0 (13152296)|HEAP_ALLOCATE|[114]|Bytes:4
23:41:27.0 (13176435)|VARIABLE_ASSIGNMENT|[114]|mapFields|{"s":1,"v":{}}|0x46cb273
23:41:27.0 (13179617)|STATEMENT_EXECUTE|[115]
23:41:27.0 (13190810)|METHOD_ENTRY|[115]||System.JSON.deserializeUntyped(String)
23:41:27.0 (13504508)|METHOD_EXIT|[115]||System.JSON.deserializeUntyped(String)
23:41:27.0 (13514069)|VARIABLE_SCOPE_BEGIN|[115]|records|List<ANY>|true|false
23:41:27.0 (13537301)|HEAP_ALLOCATE|[EXTERNAL]|Bytes:8
23:41:27.0 (13559863)|VARIABLE_ASSIGNMENT|[115]|records|{"s":1,"v":[{"s":2,"v":{"attributes":{"s":3,"v":{"type":"BFFFollow__c","url":"/services/data/v37.0 (41 more) ..."}},"FollowedUsers__c":"[{\"id\":\"00550000005d (28 more) ...","Id":"a005000000ezW4dAAE"}}]}|0x6b72a6c7
23:41:27.0 (13602037)|HEAP_ALLOCATE|[116]|Bytes:5
23:41:27.0 (13618702)|HEAP_ALLOCATE|[116]|Bytes:16
23:41:27.0 (13629574)|VARIABLE_SCOPE_BEGIN|[116]|record|Object|false|false
23:41:27.0 (13652338)|VARIABLE_ASSIGNMENT|[116]|record|{"s":1,"v":{"attributes":{"s":2,"v":{"type":"BFFFollow__c","url":"/services/data/v37.0 (41 more) ..."}},"FollowedUsers__c":"[{\"id\":\"00550000005d (28 more) ...","Id":"a005000000ezW4dAAE"}}
23:41:27.0 (13656915)|STATEMENT_EXECUTE|[116]
23:41:27.0 (13658234)|STATEMENT_EXECUTE|[117]
23:41:27.0 (13676889)|METHOD_ENTRY|[117]|01p50000002CIEt|ETLC_SecuredDB.findFieldsRecursive(Map<String,Set<String>>, Map<String,ANY>)
23:41:27.0 (13692074)|VARIABLE_SCOPE_BEGIN|[124]|mapFields|Map<String,Set<String>>|true|false
23:41:27.0 (13703264)|VARIABLE_ASSIGNMENT|[124]|mapFields|{"s":1,"v":{}}|0x46cb273
23:41:27.0 (13706006)|VARIABLE_SCOPE_BEGIN|[124]|record|Map<String,ANY>|true|false
23:41:27.0 (13718664)|VARIABLE_ASSIGNMENT|[124]|record|{"s":1,"v":{"attributes":{"s":2,"v":{"type":"BFFFollow__c","url":"/services/data/v37.0 (41 more) ..."}},"FollowedUsers__c":"[{\"id\":\"00550000005d (28 more) ...","Id":"a005000000ezW4dAAE"}}|0x2ad38900
23:41:27.0 (13727802)|HEAP_ALLOCATE|[125]|Bytes:5
23:41:27.0 (13732260)|STATEMENT_EXECUTE|[124]
23:41:27.0 (13733552)|STATEMENT_EXECUTE|[125]
23:41:27.0 (13740124)|HEAP_ALLOCATE|[125]|Bytes:10
23:41:27.0 (13744892)|VARIABLE_SCOPE_BEGIN|[125]|strAttributes|String|false|false
23:41:27.0 (13751981)|VARIABLE_ASSIGNMENT|[125]|strAttributes|"attributes"
23:41:27.0 (13754166)|STATEMENT_EXECUTE|[126]
23:41:27.0 (13758894)|HEAP_ALLOCATE|[126]|Bytes:7
23:41:27.0 (13762263)|VARIABLE_SCOPE_BEGIN|[126]|strRecord|String|false|false
23:41:27.0 (13767167)|VARIABLE_ASSIGNMENT|[126]|strRecord|"records"
23:41:27.0 (13799414)|STATEMENT_EXECUTE|[127]
23:41:27.0 (13801482)|STATEMENT_EXECUTE|[128]
23:41:27.0 (13834762)|VARIABLE_SCOPE_BEGIN|[128]|attributes|Map<String,ANY>|true|false
23:41:27.0 (13852012)|VARIABLE_ASSIGNMENT|[128]|attributes|{"s":1,"v":{"type":"BFFFollow__c","url":"/services/data/v37.0 (41 more) ..."}}|0x7ba78b34
23:41:27.0 (13855457)|STATEMENT_EXECUTE|[129]
23:41:27.0 (13862651)|HEAP_ALLOCATE|[129]|Bytes:4
23:41:27.0 (13893580)|VARIABLE_SCOPE_BEGIN|[129]|objectName|String|false|false
23:41:27.0 (13901869)|VARIABLE_ASSIGNMENT|[129]|objectName|"BFFFollow__c"
23:41:27.0 (13909311)|HEAP_ALLOCATE|[130]|Bytes:4
23:41:27.0 (13980060)|HEAP_ALLOCATE|[130]|Bytes:44
23:41:27.0 (13999427)|HEAP_ALLOCATE|[130]|Bytes:12
23:41:27.0 (14021990)|HEAP_ALLOCATE|[130]|Bytes:5
23:41:27.0 (14037701)|VARIABLE_SCOPE_BEGIN|[130]|fieldName|String|false|false
23:41:27.0 (14045718)|VARIABLE_ASSIGNMENT|[130]|fieldName|"attributes"
23:41:27.0 (14048595)|STATEMENT_EXECUTE|[130]
23:41:27.0 (14049646)|STATEMENT_EXECUTE|[131]
23:41:27.0 (14089314)|VARIABLE_SCOPE_BEGIN|[131]|field|Object|false|false
23:41:27.0 (14107220)|VARIABLE_ASSIGNMENT|[131]|field|{"s":1,"v":{"type":"BFFFollow__c","url":"/services/data/v37.0 (41 more) ..."}}
23:41:27.0 (14124351)|STATEMENT_EXECUTE|[132]
23:41:27.0 (14139506)|HEAP_ALLOCATE|[130]|Bytes:5
23:41:27.0 (14151023)|VARIABLE_SCOPE_BEGIN|[130]|fieldName|String|false|false
23:41:27.0 (14157978)|VARIABLE_ASSIGNMENT|[130]|fieldName|"FollowedUsers__c"
23:41:27.0 (14160286)|STATEMENT_EXECUTE|[130]
23:41:27.0 (14161330)|STATEMENT_EXECUTE|[131]
23:41:27.0 (14179719)|VARIABLE_SCOPE_BEGIN|[131]|field|Object|false|false
23:41:27.0 (14189461)|VARIABLE_ASSIGNMENT|[131]|field|"[{\"id\":\"00550000005d (28 more) ..."
23:41:27.0 (14201127)|HEAP_ALLOCATE|[134]|Bytes:68
23:41:27.0 (14219993)|STATEMENT_EXECUTE|[136]
23:41:27.0 (14221814)|STATEMENT_EXECUTE|[137]
23:41:27.0 (14230881)|HEAP_ALLOCATE|[137]|Bytes:4
23:41:27.0 (14264459)|VARIABLE_SCOPE_BEGIN|[137]|fieldNames|Set<String>|true|false
23:41:27.0 (14286068)|VARIABLE_ASSIGNMENT|[137]|fieldNames|{"s":1,"v":[]}|0x1ab95119
23:41:27.0 (14316867)|STATEMENT_EXECUTE|[138]
23:41:27.0 (14323024)|STATEMENT_EXECUTE|[139]
23:41:27.0 (14352516)|HEAP_ALLOCATE|[EXTERNAL]|Bytes:4
23:41:27.0 (14361775)|STATEMENT_EXECUTE|[140]
23:41:27.0 (14390066)|HEAP_ALLOCATE|[EXTERNAL]|Bytes:-4
23:41:27.0 (14403777)|HEAP_ALLOCATE|[130]|Bytes:5
23:41:27.0 (14415653)|VARIABLE_SCOPE_BEGIN|[130]|fieldName|String|false|false
23:41:27.0 (14423048)|VARIABLE_ASSIGNMENT|[130]|fieldName|"Id"
23:41:27.0 (14425608)|STATEMENT_EXECUTE|[130]
23:41:27.0 (14426660)|STATEMENT_EXECUTE|[131]
23:41:27.0 (14445597)|VARIABLE_SCOPE_BEGIN|[131]|field|Object|false|false
23:41:27.0 (14453876)|VARIABLE_ASSIGNMENT|[131]|field|"a005000000ezW4dAAE"
23:41:27.0 (14469463)|STATEMENT_EXECUTE|[136]
23:41:27.0 (14471003)|STATEMENT_EXECUTE|[137]
23:41:27.0 (14478018)|HEAP_ALLOCATE|[137]|Bytes:4
23:41:27.0 (14489398)|VARIABLE_SCOPE_BEGIN|[137]|fieldNames|Set<String>|true|false
23:41:27.0 (14505477)|VARIABLE_ASSIGNMENT|[137]|fieldNames|{"s":1,"v":[]}|0x64039817
23:41:27.0 (14517914)|STATEMENT_EXECUTE|[138]
23:41:27.0 (14543850)|VARIABLE_ASSIGNMENT|[138]|fieldNames|{"s":1,"v":["FollowedUsers__c"]}|0x1ab95119
23:41:27.0 (14547423)|STATEMENT_EXECUTE|[139]
23:41:27.0 (14560710)|HEAP_ALLOCATE|[EXTERNAL]|Bytes:4
23:41:27.0 (14567440)|STATEMENT_EXECUTE|[140]
23:41:27.0 (14587298)|HEAP_ALLOCATE|[130]|Bytes:5
23:41:27.0 (14599103)|VARIABLE_ASSIGNMENT|[130]|fieldName|null
23:41:27.0 (14609281)|METHOD_EXIT|[117]|01p50000002CIEt|ETLC_SecuredDB.findFieldsRecursive(Map<String,Set<String>>, Map<String,ANY>)
23:41:27.0 (14619484)|HEAP_ALLOCATE|[116]|Bytes:5
23:41:27.0 (14633508)|VARIABLE_ASSIGNMENT|[116]|record|null
23:41:27.0 (14639700)|HEAP_ALLOCATE|[119]|Bytes:4
23:41:27.0 (14672090)|HEAP_ALLOCATE|[119]|Bytes:20
23:41:27.0 (14684435)|HEAP_ALLOCATE|[119]|Bytes:4
23:41:27.0 (14701401)|HEAP_ALLOCATE|[119]|Bytes:5
23:41:27.0 (14713567)|VARIABLE_SCOPE_BEGIN|[119]|objectName|String|false|false
23:41:27.0 (14721095)|VARIABLE_ASSIGNMENT|[119]|objectName|"BFFFollow__c"
23:41:27.0 (14724014)|STATEMENT_EXECUTE|[119]
23:41:27.0 (14725189)|STATEMENT_EXECUTE|[120]
23:41:27.0 (14732089)|HEAP_ALLOCATE|[120]|Bytes:2
23:41:27.0 (14783931)|HEAP_ALLOCATE|[120]|Bytes:22
23:41:27.0 (14796764)|HEAP_ALLOCATE|[120]|Bytes:36
23:41:27.0 (14807409)|USER_DEBUG|[120]|DEBUG|BFFFollow__c: {FollowedUsers__c, Id}
23:41:27.0 (14818928)|HEAP_ALLOCATE|[119]|Bytes:5
23:41:27.0 (14830086)|VARIABLE_ASSIGNMENT|[119]|objectName|null
23:41:27.0 (14833487)|STATEMENT_EXECUTE|[122]
23:41:27.0 (14845511)|METHOD_EXIT|[20]|01p50000002CIEt|ETLC_SecuredDB.findFields(List<SObject>)
23:41:27.0 (14858430)|METHOD_ENTRY|[20]|01p50000002CIEt|ETLC_SecuredDB.validate(ETLC_SecuredDB.Operation, Map<String,Set<String>>)
23:41:27.0 (14863384)|VARIABLE_SCOPE_BEGIN|[55]|op|ETLC_SecuredDB.Operation|true|false
23:41:27.0 (14880826)|VARIABLE_ASSIGNMENT|[55]|op|"Querying"|0x522e861e
23:41:27.0 (14883887)|VARIABLE_SCOPE_BEGIN|[55]|mapFieldNames|Map<String,Set<String>>|true|false
23:41:27.0 (14899087)|VARIABLE_ASSIGNMENT|[55]|mapFieldNames|{"s":1,"v":{"BFFFollow__c":{"s":2,"v":["FollowedUsers__c","Id"]}}}|0x46cb273
23:41:27.0 (14907903)|HEAP_ALLOCATE|[56]|Bytes:5
23:41:27.0 (14912549)|STATEMENT_EXECUTE|[55]
23:41:27.0 (14913974)|STATEMENT_EXECUTE|[56]
23:41:27.0 (14921795)|VARIABLE_SCOPE_BEGIN|[56]|securityMessage|String|false|false
23:41:27.0 (14927076)|VARIABLE_ASSIGNMENT|[56]|securityMessage|null
23:41:27.0 (14928754)|STATEMENT_EXECUTE|[57]
23:41:27.0 (26083430)|HEAP_ALLOCATE|[57]|Bytes:1440
23:41:27.0 (26107141)|VARIABLE_SCOPE_BEGIN|[57]|mapObjects|Map<String,Schema.SObjectType>|true|false
23:41:27.0 (26347444)|VARIABLE_ASSIGNMENT|[57]|mapObjects|"{acceptedeventrelation=AcceptedEventRelation, account=Account, accountcontactrole=AccountContactRole, accountfeed=AccountFeed, accounthistory=AccountHistory, accountpartner=AccountPartner, accountshare=AccountShare, actionlinkgrouptemplate=ActionLinkGroupTemplate, actionlinktemplate=ActionLinkTemplate, activityhistory=ActivityHistory, ...}"|0x15974944
23:41:27.0 (26360641)|HEAP_ALLOCATE|[58]|Bytes:4
23:41:27.0 (26423401)|HEAP_ALLOCATE|[58]|Bytes:20
23:41:27.0 (26439260)|HEAP_ALLOCATE|[58]|Bytes:4
23:41:27.0 (26462946)|HEAP_ALLOCATE|[58]|Bytes:5
23:41:27.0 (26477644)|VARIABLE_SCOPE_BEGIN|[58]|sObjectName|String|false|false
23:41:27.0 (26488158)|VARIABLE_ASSIGNMENT|[58]|sObjectName|"BFFFollow__c"
23:41:27.0 (26492407)|STATEMENT_EXECUTE|[58]
23:41:27.0 (26494215)|STATEMENT_EXECUTE|[59]
23:41:27.0 (26508585)|HEAP_ALLOCATE|[59]|Bytes:9
23:41:27.0 (26512385)|HEAP_ALLOCATE|[59]|Bytes:7
23:41:27.0 (26564361)|HEAP_ALLOCATE|[59]|Bytes:8
23:41:27.0 (26575754)|HEAP_ALLOCATE|[59]|Bytes:1
23:41:27.0 (26590461)|HEAP_ALLOCATE|[59]|Bytes:37
23:41:27.0 (26601222)|VARIABLE_ASSIGNMENT|[59]|securityMessage|"CRUD on [BFFFollow__ (17 more) ..."
23:41:27.0 (26604601)|STATEMENT_EXECUTE|[60]
23:41:27.0 (26611080)|HEAP_ALLOCATE|[60]|Bytes:10
23:41:27.0 (26617853)|HEAP_ALLOCATE|[60]|Bytes:47
23:41:27.0 (26646958)|USER_DEBUG|[60]|DEBUG|Checking: CRUD on [BFFFollow__c] for [Querying]
23:41:27.0 (26653867)|STATEMENT_EXECUTE|[61]
23:41:27.0 (26943063)|HEAP_ALLOCATE|[61]|Bytes:4
23:41:27.0 (27009444)|VARIABLE_SCOPE_BEGIN|[61]|drSObj|Schema.DescribeSObjectResult|true|false
23:41:27.0 (27099579)|VARIABLE_ASSIGNMENT|[61]|drSObj|"common.api.soap.wsdl.DescribeSObjectResult@a54f9caa"|0x3d4d08ff
23:41:27.0 (27219589)|STATEMENT_EXECUTE|[64]
23:41:27.0 (27243949)|STATEMENT_EXECUTE|[65]
23:41:27.0 (27320828)|STATEMENT_EXECUTE|[77]
23:41:27.0 (27324701)|STATEMENT_EXECUTE|[79]
23:41:27.0 (27596394)|HEAP_ALLOCATE|[79]|Bytes:56
23:41:27.0 (27607839)|VARIABLE_SCOPE_BEGIN|[79]|mapFields|Map<String,Schema.SObjectField>|true|false
23:41:27.0 (27755858)|VARIABLE_ASSIGNMENT|[79]|mapFields|"{createdbyid=CreatedById, createddate=CreatedDate, followedby__c=FollowedBy__c, followedusers__c=FollowedUsers__c, id=Id, isdeleted=IsDeleted, lastmodifiedbyid=LastModifiedById, lastmodifieddate=LastModifiedDate, lastreferenceddate=LastReferencedDate, lastvieweddate=LastViewedDate, ...}"|0x1bf5773e
23:41:27.0 (27768887)|HEAP_ALLOCATE|[80]|Bytes:4
23:41:27.0 (27812364)|HEAP_ALLOCATE|[80]|Bytes:8
23:41:27.0 (27832012)|HEAP_ALLOCATE|[80]|Bytes:5
23:41:27.0 (27845361)|VARIABLE_SCOPE_BEGIN|[80]|fieldName|String|false|false
23:41:27.0 (27853909)|VARIABLE_ASSIGNMENT|[80]|fieldName|"FollowedUsers__c"
23:41:27.0 (27856795)|STATEMENT_EXECUTE|[80]
23:41:27.0 (27858031)|STATEMENT_EXECUTE|[81]
23:41:27.0 (28232665)|HEAP_ALLOCATE|[81]|Bytes:8
23:41:27.0 (28267426)|VARIABLE_SCOPE_BEGIN|[81]|drField|Schema.DescribeFieldResult|true|false
23:41:27.0 (28338365)|VARIABLE_ASSIGNMENT|[81]|drField|"common.api.soap.wsdl.Field@f5073c2c"|0x233bc3d5
23:41:27.0 (28364670)|STATEMENT_EXECUTE|[82]
23:41:27.0 (28366741)|STATEMENT_EXECUTE|[83]
23:41:27.0 (28377880)|HEAP_ALLOCATE|[83]|Bytes:8
23:41:27.0 (28382160)|HEAP_ALLOCATE|[83]|Bytes:1
23:41:27.0 (28419079)|HEAP_ALLOCATE|[83]|Bytes:8
23:41:27.0 (28441074)|HEAP_ALLOCATE|[83]|Bytes:52
23:41:27.0 (28446784)|HEAP_ALLOCATE|[83]|Bytes:53
23:41:27.0 (28456807)|VARIABLE_ASSIGNMENT|[83]|securityMessage|"FLS on [BFFFollow__c (33 more) ..."
23:41:27.0 (28460069)|STATEMENT_EXECUTE|[84]
23:41:27.0 (28469040)|HEAP_ALLOCATE|[84]|Bytes:63
23:41:27.0 (28491832)|USER_DEBUG|[84]|DEBUG|Checking: FLS on [BFFFollow__c.FollowedUsers__c] for [Querying]
23:41:27.0 (28585182)|STATEMENT_EXECUTE|[87]
23:41:27.0 (28600512)|STATEMENT_EXECUTE|[88]
23:41:27.0 (28616619)|HEAP_ALLOCATE|[80]|Bytes:5
23:41:27.0 (28629172)|VARIABLE_SCOPE_BEGIN|[80]|fieldName|String|false|false
23:41:27.0 (28637396)|VARIABLE_ASSIGNMENT|[80]|fieldName|"Id"
23:41:27.0 (28639774)|STATEMENT_EXECUTE|[80]
23:41:27.0 (28640800)|STATEMENT_EXECUTE|[81]
23:41:27.0 (28785107)|HEAP_ALLOCATE|[81]|Bytes:8
23:41:27.0 (28796070)|VARIABLE_SCOPE_BEGIN|[81]|drField|Schema.DescribeFieldResult|true|false
23:41:27.0 (28859091)|VARIABLE_ASSIGNMENT|[81]|drField|"common.api.soap.wsdl.Field@d80440a6"|0x7e8eeec6
23:41:27.0 (28871551)|STATEMENT_EXECUTE|[99]
23:41:27.0 (28872889)|STATEMENT_EXECUTE|[100]
23:41:27.0 (28881041)|HEAP_ALLOCATE|[100]|Bytes:22
23:41:27.0 (28919370)|HEAP_ALLOCATE|[100]|Bytes:8
23:41:27.0 (28933592)|HEAP_ALLOCATE|[100]|Bytes:52
23:41:27.0 (28937406)|HEAP_ALLOCATE|[100]|Bytes:35
23:41:27.0 (28941419)|HEAP_ALLOCATE|[100]|Bytes:87
23:41:27.0 (28955995)|USER_DEBUG|[100]|DEBUG|Bypass Check: FLS on [BFFFollow__c.Id] for [Querying] since it's not isPermissionable()
23:41:27.0 (28969159)|HEAP_ALLOCATE|[80]|Bytes:5
23:41:27.0 (28982198)|VARIABLE_ASSIGNMENT|[80]|fieldName|null
23:41:27.0 (28991147)|HEAP_ALLOCATE|[58]|Bytes:5
23:41:27.0 (28999807)|VARIABLE_ASSIGNMENT|[58]|sObjectName|null
23:41:27.0 (29011526)|METHOD_EXIT|[20]|01p50000002CIEt|ETLC_SecuredDB.validate(ETLC_SecuredDB.Operation, Map<String,Set<String>>)
23:41:27.0 (29017066)|STATEMENT_EXECUTE|[21]
23:41:27.0 (29029340)|METHOD_EXIT|[28]|01p50000002CIEt|ETLC_SecuredDB.query(String)
23:41:27.0 (29036816)|VARIABLE_SCOPE_BEGIN|[28]|dbRecords|List<SObject>|true|false
23:41:27.0 (29073612)|VARIABLE_ASSIGNMENT|[28]|dbRecords|{"s":1,"v":[{"s":2,"v":{"FollowedUsers__c":"[{\"id\":\"00550000005d (28 more) ...","Id":"a005000000ezW4dAAE"}}]}|0x135f95cc
23:41:27.0 (29080981)|STATEMENT_EXECUTE|[29]
23:41:27.0 (29082327)|STATEMENT_EXECUTE|[29]
23:41:27.0 (29153647)|USER_DEBUG|[29]|DEBUG|(BFFFollow__c:{FollowedUsers__c=[{"id":"00550000005d7KnAAI","name":"Test User"}], Id=a005000000ezW4dAAE})
23:41:27.0 (29255437)|STATEMENT_EXECUTE|[30]
23:41:27.0 (29260086)|STATEMENT_EXECUTE|[31]
23:41:27.0 (29261289)|STATEMENT_EXECUTE|[32]
23:41:27.0 (29269534)|HEAP_ALLOCATE|[32]|Bytes:18
23:41:27.0 (29283072)|HEAP_ALLOCATE|[32]|Bytes:12
23:41:27.0 (29289178)|HEAP_ALLOCATE|[32]|Bytes:16
23:41:27.0 (29353323)|HEAP_ALLOCATE|[32]|Bytes:48
23:41:27.0 (29372812)|HEAP_ALLOCATE|[32]|Bytes:48
23:41:27.0 (29382001)|HEAP_ALLOCATE|[32]|Bytes:66
23:41:27.0 (29392970)|USER_DEBUG|[32]|DEBUG|FollowedUsers__c::[{"id":"00550000005d7KnAAI","name":"Test User"}]
23:41:27.0 (29398128)|STATEMENT_EXECUTE|[34]
23:41:27.0 (29411037)|HEAP_ALLOCATE|[34]|Bytes:12
23:41:27.0 (29458037)|HEAP_ALLOCATE|[34]|Bytes:48
23:41:27.0 (29475992)|METHOD_EXIT|[10]|01p50000002D8iw|BFFFollow_Controller.fetchFollowedUsers(Id)
23:41:27.0 (29537648)|VARIABLE_ASSIGNMENT|[EXTERNAL]|this|{"debug":true,"input":"{\"mode\":\"fetchFollow (9 more) ...","operation":"BFFFollow_Controller"}|0xbae39d0
23:41:27.0 (29545903)|VARIABLE_ASSIGNMENT|[EXTERNAL]|value|"[{\"id\":\"00550000005d (28 more) ..."
23:41:27.0 (29560713)|VARIABLE_ASSIGNMENT|[12]|this.output|"[{\"id\":\"00550000005d (28 more) ..."|0xbae39d0
23:41:27.0 (29568357)|STATEMENT_EXECUTE|[11]
23:41:27.0 (29619473)|VARIABLE_ASSIGNMENT|[EXTERNAL]|this|{"debug":true,"input":"{\"mode\":\"fetchFollow (9 more) ...","operation":"BFFFollow_Controller","output":"[{\"id\":\"00550000005d (28 more) ..."}|0xbae39d0
23:41:27.0 (29667367)|VARIABLE_ASSIGNMENT|[EXTERNAL]|this|{"debug":true,"input":"{\"mode\":\"fetchFollow (9 more) ...","operation":"BFFFollow_Controller","output":"[{\"id\":\"00550000005d (28 more) ..."}|0xbae39d0
23:41:27.0 (29675360)|VARIABLE_ASSIGNMENT|[EXTERNAL]|value|true
23:41:27.0 (29680277)|HEAP_ALLOCATE|[15]|Bytes:5
23:41:27.0 (29688072)|VARIABLE_ASSIGNMENT|[15]|this.outputFlag|true|0xbae39d0
23:41:27.0 (29696985)|STATEMENT_EXECUTE|[19]
23:41:27.0 (29698295)|STATEMENT_EXECUTE|[19]
23:41:27.0 (29705852)|HEAP_ALLOCATE|[19]|Bytes:11
23:41:27.0 (29762142)|HEAP_ALLOCATE|[19]|Bytes:221
23:41:27.0 (29777004)|HEAP_ALLOCATE|[19]|Bytes:232
23:41:27.0 (29787901)|USER_DEBUG|[19]|DEBUG|data AFTER:ETLC_ApexBridge_Data:[debug=true, input={"mode":"fetchFollowedUsers"}, isSuccess=null, messages=null, operation=BFFFollow_Controller, output=[{"id":"00550000005d7KnAAI","name":"Test User"}], outputFlag=true, records=null]
23:41:27.0 (29800402)|METHOD_EXIT|[9]|01p50000002D8iw|BFFFollow_Controller.process(ETLC_ApexBridge_Data)
23:41:27.0 (29804852)|STATEMENT_EXECUTE|[24]
23:41:27.0 (29823327)|METHOD_ENTRY|[24]|01p50000002CIEo|ETLC_ApexBridge_Data.toJSON()
23:41:27.0 (29837377)|VARIABLE_SCOPE_BEGIN|[57]|this|ETLC_ApexBridge_Data|true|false
23:41:27.0 (29867853)|VARIABLE_ASSIGNMENT|[57]|this|{"debug":true,"input":"{\"mode\":\"fetchFollow (9 more) ...","operation":"BFFFollow_Controller","output":"[{\"id\":\"00550000005d (28 more) ...","outputFlag":true}|0xbae39d0
23:41:27.0 (29873148)|STATEMENT_EXECUTE|[57]
23:41:27.0 (29874293)|STATEMENT_EXECUTE|[58]
23:41:27.0 (29889899)|METHOD_ENTRY|[58]||System.JSON.serialize(Object)
23:41:27.0 (29981050)|STATEMENT_EXECUTE|[22]
23:41:27.0 (29985159)|STATEMENT_EXECUTE|[23]
23:41:27.0 (29993970)|HEAP_ALLOCATE|[23]|Bytes:5
23:41:27.0 (30003413)|VARIABLE_ASSIGNMENT|[23]|this.isSuccess|true|0xbae39d0
23:41:27.0 (30006888)|STATEMENT_EXECUTE|[24]
23:41:27.0 (30042807)|STATEMENT_EXECUTE|[31]
23:41:27.0 (30046317)|STATEMENT_EXECUTE|[32]
23:41:27.0 (30148454)|HEAP_ALLOCATE|[32]|Bytes:4
23:41:27.0 (30217249)|VARIABLE_ASSIGNMENT|[32]|this.messages|{"s":1,"v":{}}|0xbae39d0
23:41:27.0 (30221536)|STATEMENT_EXECUTE|[33]
23:41:27.0 (30546694)|METHOD_EXIT|[58]||System.JSON.serialize(Object)
23:41:27.0 (30552911)|METHOD_EXIT|[24]|01p50000002CIEo|ETLC_ApexBridge_Data.toJSON()
23:41:27.0 (30564656)|SYSTEM_MODE_EXIT|false
23:41:27.30 (30618808)|CUMULATIVE_LIMIT_USAGE
23:41:27.30 (30618808)|LIMIT_USAGE_FOR_NS|(default)|
  Number of SOQL queries: 1 out of 100
  Number of query rows: 1 out of 50000
  Number of SOSL queries: 0 out of 20
  Number of DML statements: 0 out of 150
  Number of DML rows: 0 out of 10000
  Maximum CPU time: 0 out of 10000
  Maximum heap size: 0 out of 6000000
  Number of callouts: 0 out of 100
  Number of Email Invocations: 0 out of 10
  Number of future calls: 0 out of 50
  Number of queueable jobs added to the queue: 0 out of 50
  Number of Mobile Apex push calls: 0 out of 10

23:41:27.30 (30618808)|CUMULATIVE_LIMIT_USAGE_END

23:41:27.0 (30666243)|CODE_UNIT_FINISHED|ETLC_ApexBridge_Controller.execute
