37.0 APEX_CODE,FINEST;APEX_PROFILING,INFO;CALLOUT,INFO;DB,INFO;SYSTEM,DEBUG;VALIDATION,INFO;VISUALFORCE,INFO;WORKFLOW,INFO
22:22:55.0 (340204)|USER_INFO|[EXTERNAL]|00550000005cg71|bfffollow@jr.te|Eastern Standard Time|GMT-04:00
22:22:55.0 (382406)|EXECUTION_STARTED
22:22:55.0 (388452)|CODE_UNIT_STARTED|[EXTERNAL]|aura
22:22:55.0 (750997)|HEAP_ALLOCATE|[72]|Bytes:3
22:22:55.0 (798638)|HEAP_ALLOCATE|[77]|Bytes:152
22:22:55.0 (821656)|HEAP_ALLOCATE|[342]|Bytes:408
22:22:55.0 (840019)|HEAP_ALLOCATE|[355]|Bytes:408
22:22:55.0 (857544)|HEAP_ALLOCATE|[467]|Bytes:48
22:22:55.0 (882268)|HEAP_ALLOCATE|[139]|Bytes:6
22:22:55.0 (908968)|HEAP_ALLOCATE|[EXTERNAL]|Bytes:93
22:22:55.0 (924656)|HEAP_ALLOCATE|[EXTERNAL]|Bytes:93
22:22:55.0 (1953973)|CODE_UNIT_STARTED|[EXTERNAL]|01p50000002CIEm|ETLC_ApexBridge_Controller.execute
22:22:55.0 (2098027)|HEAP_ALLOCATE|[EXTERNAL]|Bytes:1
22:22:55.0 (2104784)|HEAP_ALLOCATE|[EXTERNAL]|Bytes:10
22:22:55.0 (2118160)|METHOD_ENTRY|[1]|01p50000002CIEm|ETLC_ApexBridge_Controller.ETLC_ApexBridge_Controller()
22:22:55.0 (2121896)|STATEMENT_EXECUTE|[1]
22:22:55.0 (2126455)|STATEMENT_EXECUTE|[1]
22:22:55.0 (2133036)|METHOD_EXIT|[1]|ETLC_ApexBridge_Controller
22:22:55.0 (2137121)|HEAP_ALLOCATE|[EXTERNAL]|Bytes:93
22:22:55.0 (2147109)|SYSTEM_MODE_ENTER|false
22:22:55.0 (2158490)|VARIABLE_SCOPE_BEGIN|[3]|dataJson|String|false|false
22:22:55.0 (2191936)|VARIABLE_ASSIGNMENT|[3]|dataJson|"{\"operation\":\"BFFFol (73 more) ..."
22:22:55.0 (2203089)|STATEMENT_EXECUTE|[3]
22:22:55.0 (2204365)|STATEMENT_EXECUTE|[4]
22:22:55.0 (4123516)|VARIABLE_SCOPE_BEGIN|[4]|data|ETLC_ApexBridge_Data|true|false
22:22:55.0 (4136486)|VARIABLE_ASSIGNMENT|[4]|data|null|
22:22:55.0 (4139354)|STATEMENT_EXECUTE|[5]
22:22:55.0 (4140678)|STATEMENT_EXECUTE|[5]
22:22:55.0 (4141708)|STATEMENT_EXECUTE|[6]
22:22:55.0 (4156622)|HEAP_ALLOCATE|[6]|Bytes:11
22:22:55.0 (4163026)|HEAP_ALLOCATE|[6]|Bytes:248
22:22:55.0 (4166084)|HEAP_ALLOCATE|[6]|Bytes:39
22:22:55.0 (4202358)|METHOD_ENTRY|[2]|01p50000002CIEo|ETLC_ApexBridge_Data.ETLC_ApexBridge_Data()
22:22:55.0 (4205584)|STATEMENT_EXECUTE|[2]
22:22:55.0 (4209845)|STATEMENT_EXECUTE|[2]
22:22:55.0 (4215399)|METHOD_EXIT|[2]|ETLC_ApexBridge_Data
22:22:55.0 (4248591)|METHOD_ENTRY|[6]|01p50000002CIEo|ETLC_ApexBridge_Data.fromJSON(String)
22:22:55.0 (4276451)|VARIABLE_SCOPE_BEGIN|[60]|strJson|String|false|false
22:22:55.0 (4286921)|VARIABLE_ASSIGNMENT|[60]|strJson|"{\"operation\":\"BFFFol (73 more) ..."
22:22:55.0 (4291115)|STATEMENT_EXECUTE|[60]
22:22:55.0 (4292372)|STATEMENT_EXECUTE|[61]
22:22:55.0 (4301101)|HEAP_ALLOCATE|[61]|Bytes:20
22:22:55.0 (4321720)|HEAP_ALLOCATE|[50]|Bytes:5
22:22:55.0 (4341677)|HEAP_ALLOCATE|[56]|Bytes:5
22:22:55.0 (4350196)|HEAP_ALLOCATE|[64]|Bytes:7
22:22:55.0 (4441949)|HEAP_ALLOCATE|[61]|Bytes:24
22:22:55.0 (4452834)|SYSTEM_METHOD_ENTRY|[1]|Type.Type()
22:22:55.0 (4455337)|STATEMENT_EXECUTE|[1]
22:22:55.0 (4463370)|SYSTEM_METHOD_EXIT|[1]|Type
22:22:55.0 (4468888)|HEAP_ALLOCATE|[61]|Bytes:8
22:22:55.0 (4492402)|HEAP_ALLOCATE|[61]|Bytes:8
22:22:55.0 (4497202)|VARIABLE_SCOPE_BEGIN|[4]|this|System.Type|true|false
22:22:55.0 (4565073)|VARIABLE_ASSIGNMENT|[4]|this|{}|0x202ba07a
22:22:55.0 (4569958)|VARIABLE_SCOPE_BEGIN|[4]|apextype|java:common.apex.runtime.ApexObjectType|true|false
22:22:55.0 (4757535)|VARIABLE_ASSIGNMENT|[4]|apextype|"ETLC_ApexBridge_Data"|0x5186c683
22:22:55.0 (4844267)|HEAP_ALLOCATE|[61]|Bytes:8
22:22:55.0 (4882383)|HEAP_ALLOCATE|[61]|Bytes:24
22:22:55.0 (4892891)|SYSTEM_METHOD_ENTRY|[1]|JSON.JSON()
22:22:55.0 (4895131)|STATEMENT_EXECUTE|[1]
22:22:55.0 (4901882)|SYSTEM_METHOD_EXIT|[1]|JSON
22:22:55.0 (4915361)|METHOD_ENTRY|[61]||System.JSON.deserializeStrict(String, System.Type)
22:22:55.0 (5522820)|METHOD_EXIT|[61]||System.JSON.deserializeStrict(String, System.Type)
22:22:55.0 (5535373)|METHOD_EXIT|[6]|01p50000002CIEo|ETLC_ApexBridge_Data.fromJSON(String)
22:22:55.0 (5597890)|VARIABLE_ASSIGNMENT|[6]|data|{"debug":true,"input":"{\"mode\":\"fetchFollow (9 more) ...","operation":"BFFFollow_Controller"}|0x770bafd3
22:22:55.0 (5603386)|STATEMENT_EXECUTE|[7]
22:22:55.0 (5613555)|HEAP_ALLOCATE|[7]|Bytes:6
22:22:55.0 (5682149)|HEAP_ALLOCATE|[7]|Bytes:177
22:22:55.0 (5703635)|HEAP_ALLOCATE|[7]|Bytes:183
22:22:55.0 (5723141)|USER_DEBUG|[7]|DEBUG|data::ETLC_ApexBridge_Data:[debug=true, input={"mode":"fetchFollowedUsers"}, isSuccess=null, messages=null, operation=BFFFollow_Controller, output=null, outputFlag=null, records=null]
22:22:55.0 (5730178)|STATEMENT_EXECUTE|[8]
22:22:55.0 (5789968)|VARIABLE_ASSIGNMENT|[EXTERNAL]|this|{"debug":true,"input":"{\"mode\":\"fetchFollow (9 more) ...","operation":"BFFFollow_Controller"}|0x770bafd3
22:22:55.0 (5816373)|METHOD_ENTRY|[8]||System.Type.forName(String)
22:22:55.0 (7575826)|METHOD_EXIT|[8]||System.Type.forName(String)
22:22:55.0 (7589081)|METHOD_ENTRY|[8]||System.Type.newInstance()
22:22:55.0 (8826292)|STATEMENT_EXECUTE|[1]
22:22:55.0 (8838553)|HEAP_ALLOCATE|[33]|Bytes:5
22:22:55.0 (8852240)|METHOD_EXIT|[1]|BFFFollow_Controller
22:22:55.0 (8866908)|HEAP_ALLOCATE|[33]|Bytes:4
22:22:55.0 (8874715)|VARIABLE_SCOPE_BEGIN|[1]|this|BFFFollow_Controller|true|false
22:22:55.0 (8893361)|VARIABLE_ASSIGNMENT|[1]|this|{}|0x1078de44
22:22:55.0 (8901709)|HEAP_ALLOCATE|[33]|Bytes:5
22:22:55.0 (8910247)|HEAP_ALLOCATE|[33]|Bytes:11
22:22:55.0 (8927140)|METHOD_ENTRY|[1]|01p50000002CIEj|ETLC_ApexBridge_Abstract.ETLC_ApexBridge_Abstract()
22:22:55.0 (8930502)|STATEMENT_EXECUTE|[1]
22:22:55.0 (8933903)|STATEMENT_EXECUTE|[1]
22:22:55.0 (8939047)|METHOD_EXIT|[1]|ETLC_ApexBridge_Abstract
22:22:55.0 (8950500)|CONSTRUCTOR_ENTRY|[EXTERNAL]|01p50000002CIEj|<init>()
22:22:55.0 (8971868)|VARIABLE_SCOPE_BEGIN|[1]|this|ETLC_ApexBridge_Abstract|true|false
22:22:55.0 (8989082)|VARIABLE_ASSIGNMENT|[1]|this|{}|0x1078de44
22:22:55.0 (9003753)|STATEMENT_EXECUTE|[1]
22:22:55.0 (9013385)|CONSTRUCTOR_EXIT|[EXTERNAL]|01p50000002CIEj|<init>()
22:22:55.0 (9018863)|STATEMENT_EXECUTE|[1]
22:22:55.0 (9023795)|HEAP_ALLOCATE|[33]|Bytes:5
22:22:55.0 (9041910)|METHOD_EXIT|[8]||System.Type.newInstance()
22:22:55.0 (9051172)|VARIABLE_SCOPE_BEGIN|[8]|executor|ETLC_ApexBridge_Abstract|true|false
22:22:55.0 (9066516)|VARIABLE_ASSIGNMENT|[8]|executor|{}|0x1078de44
22:22:55.0 (9069282)|STATEMENT_EXECUTE|[9]
22:22:55.0 (9106497)|METHOD_ENTRY|[9]|01p50000002D8iw|BFFFollow_Controller.process(ETLC_ApexBridge_Data)
22:22:55.0 (9132634)|VARIABLE_SCOPE_BEGIN|[3]|this|BFFFollow_Controller|true|false
22:22:55.0 (9147995)|VARIABLE_ASSIGNMENT|[3]|this|{}|0x1078de44
22:22:55.0 (9152702)|VARIABLE_SCOPE_BEGIN|[3]|data|ETLC_ApexBridge_Data|true|false
22:22:55.0 (9176620)|VARIABLE_ASSIGNMENT|[3]|data|{"debug":true,"input":"{\"mode\":\"fetchFollow (9 more) ...","operation":"BFFFollow_Controller"}|0x770bafd3
22:22:55.0 (9185553)|HEAP_ALLOCATE|[4]|Bytes:5
22:22:55.0 (9189392)|STATEMENT_EXECUTE|[3]
22:22:55.0 (9190556)|STATEMENT_EXECUTE|[4]
22:22:55.0 (9271451)|VARIABLE_ASSIGNMENT|[EXTERNAL]|this|{"debug":true,"input":"{\"mode\":\"fetchFollow (9 more) ...","operation":"BFFFollow_Controller"}|0x770bafd3
22:22:55.0 (9293275)|VARIABLE_ASSIGNMENT|[4]|BFFFollow_Controller.debugFlag|true
22:22:55.0 (9333773)|VARIABLE_ASSIGNMENT|[EXTERNAL]|this|{"debug":true,"input":"{\"mode\":\"fetchFollow (9 more) ...","operation":"BFFFollow_Controller"}|0x770bafd3
22:22:55.0 (9349570)|STATEMENT_EXECUTE|[5]
22:22:55.0 (9358969)|HEAP_ALLOCATE|[5]|Bytes:12
22:22:55.0 (9395129)|HEAP_ALLOCATE|[5]|Bytes:177
22:22:55.0 (9409802)|HEAP_ALLOCATE|[5]|Bytes:189
22:22:55.0 (9420660)|USER_DEBUG|[5]|DEBUG|data BEFORE:ETLC_ApexBridge_Data:[debug=true, input={"mode":"fetchFollowedUsers"}, isSuccess=null, messages=null, operation=BFFFollow_Controller, output=null, outputFlag=null, records=null]
22:22:55.0 (9427093)|STATEMENT_EXECUTE|[7]
22:22:55.0 (9434134)|HEAP_ALLOCATE|[7]|Bytes:4
22:22:55.0 (9455949)|METHOD_ENTRY|[7]|01p50000002CIEo|ETLC_ApexBridge_Data.getInputValue(String)
22:22:55.0 (9479500)|VARIABLE_SCOPE_BEGIN|[52]|this|ETLC_ApexBridge_Data|true|false
22:22:55.0 (9509776)|VARIABLE_ASSIGNMENT|[52]|this|{"debug":true,"input":"{\"mode\":\"fetchFollow (9 more) ...","operation":"BFFFollow_Controller"}|0x770bafd3
22:22:55.0 (9517270)|VARIABLE_SCOPE_BEGIN|[52]|key|String|false|false
22:22:55.0 (9521145)|VARIABLE_ASSIGNMENT|[52]|key|"mode"
22:22:55.0 (9524972)|STATEMENT_EXECUTE|[52]
22:22:55.0 (9526181)|STATEMENT_EXECUTE|[53]
22:22:55.0 (9582918)|VARIABLE_ASSIGNMENT|[EXTERNAL]|this|{"debug":true,"input":"{\"mode\":\"fetchFollow (9 more) ...","operation":"BFFFollow_Controller"}|0x770bafd3
22:22:55.0 (9601397)|METHOD_ENTRY|[53]||System.JSON.deserializeUntyped(String)
22:22:55.0 (9782847)|METHOD_EXIT|[53]||System.JSON.deserializeUntyped(String)
22:22:55.0 (9792961)|VARIABLE_SCOPE_BEGIN|[53]|inputMap|Map<String,ANY>|true|false
22:22:55.0 (9822391)|VARIABLE_ASSIGNMENT|[53]|inputMap|{"s":1,"v":{"mode":"fetchFollowedUsers"}}|0x74273948
22:22:55.0 (9826013)|STATEMENT_EXECUTE|[54]
22:22:55.0 (9868136)|METHOD_EXIT|[7]|01p50000002CIEo|ETLC_ApexBridge_Data.getInputValue(String)
22:22:55.0 (9874218)|VARIABLE_SCOPE_BEGIN|[7]|mode|String|false|false
22:22:55.0 (9881154)|VARIABLE_ASSIGNMENT|[7]|mode|"fetchFollowedUsers"
22:22:55.0 (9886047)|HEAP_ALLOCATE|[9]|Bytes:18
22:22:55.0 (9914836)|STATEMENT_EXECUTE|[9]
22:22:55.0 (9916616)|STATEMENT_EXECUTE|[10]
22:22:55.0 (9956577)|HEAP_ALLOCATE|[10]|Bytes:85
22:22:55.0 (9970266)|SYSTEM_METHOD_ENTRY|[1]|UserInfo.UserInfo()
22:22:55.0 (9972845)|STATEMENT_EXECUTE|[1]
22:22:55.0 (9980625)|SYSTEM_METHOD_EXIT|[1]|UserInfo
22:22:55.0 (9992281)|METHOD_ENTRY|[10]||System.UserInfo.getUserId()
22:22:55.0 (10025595)|METHOD_EXIT|[10]||System.UserInfo.getUserId()
22:22:55.0 (10040113)|HEAP_ALLOCATE|[10]|Bytes:4
22:22:55.0 (10054983)|METHOD_ENTRY|[10]|01p50000002D8iw|BFFFollow_Controller.fetchFollowedUsers(Id)
22:22:55.0 (10063307)|VARIABLE_SCOPE_BEGIN|[24]|this|BFFFollow_Controller|true|false
22:22:55.0 (10079122)|VARIABLE_ASSIGNMENT|[24]|this|{}|0x1078de44
22:22:55.0 (10083782)|VARIABLE_SCOPE_BEGIN|[24]|followedById|Id|false|false
22:22:55.0 (10140051)|VARIABLE_ASSIGNMENT|[24]|followedById|"00550000005cg71AAA"
22:22:55.0 (10150827)|HEAP_ALLOCATE|[25]|Bytes:5
22:22:55.0 (10154587)|STATEMENT_EXECUTE|[24]
22:22:55.0 (10155787)|STATEMENT_EXECUTE|[25]
22:22:55.0 (10163770)|HEAP_ALLOCATE|[25]|Bytes:63
22:22:55.0 (10198044)|HEAP_ALLOCATE|[25]|Bytes:18
22:22:55.0 (10209855)|HEAP_ALLOCATE|[25]|Bytes:9
22:22:55.0 (10218540)|HEAP_ALLOCATE|[25]|Bytes:90
22:22:55.0 (10222985)|VARIABLE_SCOPE_BEGIN|[25]|soql|String|false|false
22:22:55.0 (10231898)|VARIABLE_ASSIGNMENT|[25]|soql|"SELECT FollowedUsers (70 more) ..."
22:22:55.0 (10234577)|STATEMENT_EXECUTE|[26]
22:22:55.0 (10235859)|STATEMENT_EXECUTE|[26]
22:22:55.0 (10240024)|STATEMENT_EXECUTE|[27]
22:22:55.0 (10241082)|STATEMENT_EXECUTE|[27]
22:22:55.0 (10248288)|HEAP_ALLOCATE|[27]|Bytes:24
22:22:55.0 (10254500)|HEAP_ALLOCATE|[27]|Bytes:114
22:22:55.0 (10280347)|USER_DEBUG|[27]|DEBUG|fetchFollowedUsers:soql:SELECT FollowedUsers__c FROM BFFFollow__c WHERE FollowedBy__c='00550000005cg71AAA' limit 1
22:22:55.0 (10287582)|STATEMENT_EXECUTE|[28]
22:22:55.0 (12564630)|HEAP_ALLOCATE|[28]|Bytes:9
22:22:55.0 (12572714)|HEAP_ALLOCATE|[28]|Bytes:29
22:22:55.0 (12575756)|HEAP_ALLOCATE|[28]|Bytes:21
22:22:55.0 (12592930)|METHOD_ENTRY|[7]|01p50000002CIEt|ETLC_SecuredDB.ETLC_SecuredDB()
22:22:55.0 (12596167)|STATEMENT_EXECUTE|[7]
22:22:55.0 (12599991)|STATEMENT_EXECUTE|[7]
22:22:55.0 (12605716)|HEAP_ALLOCATE|[28]|Bytes:5
22:22:55.0 (12615043)|METHOD_EXIT|[7]|ETLC_SecuredDB
22:22:55.0 (12641045)|METHOD_ENTRY|[28]|01p50000002CIEt|ETLC_SecuredDB.query(String)
22:22:55.0 (12663118)|VARIABLE_SCOPE_BEGIN|[10]|SOQL|String|false|false
22:22:55.0 (12672130)|VARIABLE_ASSIGNMENT|[10]|SOQL|"SELECT FollowedUsers (70 more) ..."
22:22:55.0 (12679907)|HEAP_ALLOCATE|[12]|Bytes:5
22:22:55.0 (12683891)|STATEMENT_EXECUTE|[10]
22:22:55.0 (12685255)|STATEMENT_EXECUTE|[12]
22:22:55.0 (13772271)|SOQL_EXECUTE_BEGIN|[12]|Aggregations:0|SELECT FollowedUsers__c FROM BFFFollow__c WHERE FollowedBy__c='00550000005cg71AAA' limit 1
22:22:55.0 (17736596)|SOQL_EXECUTE_END|[12]|Rows:1
22:22:55.0 (17757180)|HEAP_ALLOCATE|[12]|Bytes:8
22:22:55.0 (17766930)|HEAP_ALLOCATE|[12]|Bytes:111
22:22:55.0 (17827562)|HEAP_ALLOCATE|[12]|Bytes:8
22:22:55.0 (17842154)|VARIABLE_SCOPE_BEGIN|[12]|dbRecords|List<SObject>|true|false
22:22:55.0 (17873941)|VARIABLE_ASSIGNMENT|[12]|dbRecords|{"s":1,"v":[{"s":2,"v":{"FollowedUsers__c":"[{\"id\":\"00550000005c (38 more) ...","Id":"a005000000ezW4dAAE"}}]}|0x4707a072
22:22:55.0 (17878401)|STATEMENT_EXECUTE|[20]
22:22:55.0 (18107846)|HEAP_ALLOCATE|[20]|Bytes:12
22:22:55.0 (18117090)|HEAP_ALLOCATE|[20]|Bytes:8
22:22:55.0 (18171229)|HEAP_ALLOCATE|[20]|Bytes:12
22:22:55.0 (18176910)|HEAP_ALLOCATE|[20]|Bytes:9
22:22:55.0 (18189223)|HEAP_ALLOCATE|[20]|Bytes:12
22:22:55.0 (18192706)|HEAP_ALLOCATE|[20]|Bytes:8
22:22:55.0 (18202413)|HEAP_ALLOCATE|[20]|Bytes:12
22:22:55.0 (18205695)|HEAP_ALLOCATE|[20]|Bytes:8
22:22:55.0 (18214875)|HEAP_ALLOCATE|[20]|Bytes:12
22:22:55.0 (18218053)|HEAP_ALLOCATE|[20]|Bytes:9
22:22:55.0 (18244946)|METHOD_ENTRY|[20]|01p50000002CIEt|ETLC_SecuredDB.findFields(List<SObject>)
22:22:55.0 (18271369)|VARIABLE_SCOPE_BEGIN|[108]|dbRecords|List<SObject>|true|false
22:22:55.0 (18292512)|VARIABLE_ASSIGNMENT|[108]|dbRecords|{"s":1,"v":[{"s":2,"v":{"FollowedUsers__c":"[{\"id\":\"00550000005c (38 more) ...","Id":"a005000000ezW4dAAE"}}]}|0x4707a072
22:22:55.0 (18302059)|HEAP_ALLOCATE|[109]|Bytes:5
22:22:55.0 (18306095)|STATEMENT_EXECUTE|[108]
22:22:55.0 (18307517)|STATEMENT_EXECUTE|[109]
22:22:55.0 (18316881)|VARIABLE_SCOPE_BEGIN|[109]|strJSON|String|false|false
22:22:55.0 (18322913)|VARIABLE_ASSIGNMENT|[109]|strJSON|null
22:22:55.0 (18324826)|STATEMENT_EXECUTE|[110]
22:22:55.0 (18329553)|VARIABLE_SCOPE_BEGIN|[110]|mapFields|Map<String,Set<String>>|true|false
22:22:55.0 (18334057)|VARIABLE_ASSIGNMENT|[110]|mapFields|null|
22:22:55.0 (18335745)|STATEMENT_EXECUTE|[112]
22:22:55.0 (18348532)|METHOD_ENTRY|[112]||System.JSON.serialize(Object)
22:22:55.0 (18747030)|METHOD_EXIT|[112]||System.JSON.serialize(Object)
22:22:55.0 (18761666)|VARIABLE_ASSIGNMENT|[112]|strJSON|"[{\"attributes\":{\"typ (204 more) ..."
22:22:55.0 (18764966)|STATEMENT_EXECUTE|[113]
22:22:55.0 (18773329)|HEAP_ALLOCATE|[113]|Bytes:5
22:22:55.0 (18782896)|HEAP_ALLOCATE|[113]|Bytes:229
22:22:55.0 (18808526)|USER_DEBUG|[113]|DEBUG|JSON:[{"attributes":{"type":"BFFFollow__c","url":"/services/data/v37.0/sobjects/BFFFollow__c/a005000000ezW4dAAE"},"FollowedUsers__c":"[{\"id\":\"00550000005cg71AAA\",\"name\":\"Jaswinder Rattanpal\"}]","Id":"a005000000ezW4dAAE"}]
22:22:55.0 (18816650)|STATEMENT_EXECUTE|[114]
22:22:55.0 (18825751)|HEAP_ALLOCATE|[114]|Bytes:4
22:22:55.0 (18849186)|VARIABLE_ASSIGNMENT|[114]|mapFields|{"s":1,"v":{}}|0x335c8abf
22:22:55.0 (18852378)|STATEMENT_EXECUTE|[115]
22:22:55.0 (18863969)|METHOD_ENTRY|[115]||System.JSON.deserializeUntyped(String)
22:22:55.0 (19189702)|METHOD_EXIT|[115]||System.JSON.deserializeUntyped(String)
22:22:55.0 (19200949)|VARIABLE_SCOPE_BEGIN|[115]|records|List<ANY>|true|false
22:22:55.0 (19228030)|HEAP_ALLOCATE|[EXTERNAL]|Bytes:8
22:22:55.0 (19251220)|VARIABLE_ASSIGNMENT|[115]|records|{"s":1,"v":[{"s":2,"v":{"attributes":{"s":3,"v":{"type":"BFFFollow__c","url":"/services/data/v37.0 (41 more) ..."}},"FollowedUsers__c":"[{\"id\":\"00550000005c (38 more) ...","Id":"a005000000ezW4dAAE"}}]}|0x1c1ea987
22:22:55.0 (19295405)|HEAP_ALLOCATE|[116]|Bytes:5
22:22:55.0 (19310990)|HEAP_ALLOCATE|[116]|Bytes:16
22:22:55.0 (19321428)|VARIABLE_SCOPE_BEGIN|[116]|record|Object|false|false
22:22:55.0 (19343403)|VARIABLE_ASSIGNMENT|[116]|record|{"s":1,"v":{"attributes":{"s":2,"v":{"type":"BFFFollow__c","url":"/services/data/v37.0 (41 more) ..."}},"FollowedUsers__c":"[{\"id\":\"00550000005c (38 more) ...","Id":"a005000000ezW4dAAE"}}
22:22:55.0 (19347854)|STATEMENT_EXECUTE|[116]
22:22:55.0 (19349111)|STATEMENT_EXECUTE|[117]
22:22:55.0 (19372890)|METHOD_ENTRY|[117]|01p50000002CIEt|ETLC_SecuredDB.findFieldsRecursive(Map<String,Set<String>>, Map<String,ANY>)
22:22:55.0 (19398539)|VARIABLE_SCOPE_BEGIN|[124]|mapFields|Map<String,Set<String>>|true|false
22:22:55.0 (19410939)|VARIABLE_ASSIGNMENT|[124]|mapFields|{"s":1,"v":{}}|0x335c8abf
22:22:55.0 (19415885)|VARIABLE_SCOPE_BEGIN|[124]|record|Map<String,ANY>|true|false
22:22:55.0 (19428490)|VARIABLE_ASSIGNMENT|[124]|record|{"s":1,"v":{"attributes":{"s":2,"v":{"type":"BFFFollow__c","url":"/services/data/v37.0 (41 more) ..."}},"FollowedUsers__c":"[{\"id\":\"00550000005c (38 more) ...","Id":"a005000000ezW4dAAE"}}|0x50e43e6a
22:22:55.0 (19437660)|HEAP_ALLOCATE|[125]|Bytes:5
22:22:55.0 (19441348)|STATEMENT_EXECUTE|[124]
22:22:55.0 (19442499)|STATEMENT_EXECUTE|[125]
22:22:55.0 (19448889)|HEAP_ALLOCATE|[125]|Bytes:10
22:22:55.0 (19453749)|VARIABLE_SCOPE_BEGIN|[125]|strAttributes|String|false|false
22:22:55.0 (19459030)|VARIABLE_ASSIGNMENT|[125]|strAttributes|"attributes"
22:22:55.0 (19460931)|STATEMENT_EXECUTE|[126]
22:22:55.0 (19465218)|HEAP_ALLOCATE|[126]|Bytes:7
22:22:55.0 (19468646)|VARIABLE_SCOPE_BEGIN|[126]|strRecord|String|false|false
22:22:55.0 (19472862)|VARIABLE_ASSIGNMENT|[126]|strRecord|"records"
22:22:55.0 (19505782)|STATEMENT_EXECUTE|[127]
22:22:55.0 (19507956)|STATEMENT_EXECUTE|[128]
22:22:55.0 (19542727)|VARIABLE_SCOPE_BEGIN|[128]|attributes|Map<String,ANY>|true|false
22:22:55.0 (19559591)|VARIABLE_ASSIGNMENT|[128]|attributes|{"s":1,"v":{"type":"BFFFollow__c","url":"/services/data/v37.0 (41 more) ..."}}|0x107f35ed
22:22:55.0 (19562956)|STATEMENT_EXECUTE|[129]
22:22:55.0 (19569924)|HEAP_ALLOCATE|[129]|Bytes:4
22:22:55.0 (19601468)|VARIABLE_SCOPE_BEGIN|[129]|objectName|String|false|false
22:22:55.0 (19608623)|VARIABLE_ASSIGNMENT|[129]|objectName|"BFFFollow__c"
22:22:55.0 (19616695)|HEAP_ALLOCATE|[130]|Bytes:4
22:22:55.0 (19677570)|HEAP_ALLOCATE|[130]|Bytes:44
22:22:55.0 (19694250)|HEAP_ALLOCATE|[130]|Bytes:12
22:22:55.0 (19715816)|HEAP_ALLOCATE|[130]|Bytes:5
22:22:55.0 (19729279)|VARIABLE_SCOPE_BEGIN|[130]|fieldName|String|false|false
22:22:55.0 (19736310)|VARIABLE_ASSIGNMENT|[130]|fieldName|"attributes"
22:22:55.0 (19739131)|STATEMENT_EXECUTE|[130]
22:22:55.0 (19740161)|STATEMENT_EXECUTE|[131]
22:22:55.0 (19784279)|VARIABLE_SCOPE_BEGIN|[131]|field|Object|false|false
22:22:55.0 (19803779)|VARIABLE_ASSIGNMENT|[131]|field|{"s":1,"v":{"type":"BFFFollow__c","url":"/services/data/v37.0 (41 more) ..."}}
22:22:55.0 (19822487)|STATEMENT_EXECUTE|[132]
22:22:55.0 (19838286)|HEAP_ALLOCATE|[130]|Bytes:5
22:22:55.0 (19850384)|VARIABLE_SCOPE_BEGIN|[130]|fieldName|String|false|false
22:22:55.0 (19856853)|VARIABLE_ASSIGNMENT|[130]|fieldName|"FollowedUsers__c"
22:22:55.0 (19859244)|STATEMENT_EXECUTE|[130]
22:22:55.0 (19860243)|STATEMENT_EXECUTE|[131]
22:22:55.0 (19878516)|VARIABLE_SCOPE_BEGIN|[131]|field|Object|false|false
22:22:55.0 (19888806)|VARIABLE_ASSIGNMENT|[131]|field|"[{\"id\":\"00550000005c (38 more) ..."
22:22:55.0 (19899436)|HEAP_ALLOCATE|[134]|Bytes:68
22:22:55.0 (19916662)|STATEMENT_EXECUTE|[136]
22:22:55.0 (19918199)|STATEMENT_EXECUTE|[137]
22:22:55.0 (19926838)|HEAP_ALLOCATE|[137]|Bytes:4
22:22:55.0 (19966793)|VARIABLE_SCOPE_BEGIN|[137]|fieldNames|Set<String>|true|false
22:22:55.0 (19988022)|VARIABLE_ASSIGNMENT|[137]|fieldNames|{"s":1,"v":[]}|0x2e1a87dd
22:22:55.0 (20020489)|STATEMENT_EXECUTE|[138]
22:22:55.0 (20027444)|STATEMENT_EXECUTE|[139]
22:22:55.0 (20052390)|HEAP_ALLOCATE|[EXTERNAL]|Bytes:4
22:22:55.0 (20060151)|STATEMENT_EXECUTE|[140]
22:22:55.0 (20088651)|HEAP_ALLOCATE|[EXTERNAL]|Bytes:-4
22:22:55.0 (20103371)|HEAP_ALLOCATE|[130]|Bytes:5
22:22:55.0 (20115095)|VARIABLE_SCOPE_BEGIN|[130]|fieldName|String|false|false
22:22:55.0 (20121786)|VARIABLE_ASSIGNMENT|[130]|fieldName|"Id"
22:22:55.0 (20124450)|STATEMENT_EXECUTE|[130]
22:22:55.0 (20125494)|STATEMENT_EXECUTE|[131]
22:22:55.0 (20144318)|VARIABLE_SCOPE_BEGIN|[131]|field|Object|false|false
22:22:55.0 (20152870)|VARIABLE_ASSIGNMENT|[131]|field|"a005000000ezW4dAAE"
22:22:55.0 (20167971)|STATEMENT_EXECUTE|[136]
22:22:55.0 (20169390)|STATEMENT_EXECUTE|[137]
22:22:55.0 (20176878)|HEAP_ALLOCATE|[137]|Bytes:4
22:22:55.0 (20191515)|VARIABLE_SCOPE_BEGIN|[137]|fieldNames|Set<String>|true|false
22:22:55.0 (20208059)|VARIABLE_ASSIGNMENT|[137]|fieldNames|{"s":1,"v":[]}|0x5ffcfb1a
22:22:55.0 (20220891)|STATEMENT_EXECUTE|[138]
22:22:55.0 (20246768)|VARIABLE_ASSIGNMENT|[138]|fieldNames|{"s":1,"v":["FollowedUsers__c"]}|0x2e1a87dd
22:22:55.0 (20250319)|STATEMENT_EXECUTE|[139]
22:22:55.0 (20260079)|HEAP_ALLOCATE|[EXTERNAL]|Bytes:4
22:22:55.0 (20265292)|STATEMENT_EXECUTE|[140]
22:22:55.0 (20285685)|HEAP_ALLOCATE|[130]|Bytes:5
22:22:55.0 (20296609)|VARIABLE_ASSIGNMENT|[130]|fieldName|null
22:22:55.0 (20306510)|METHOD_EXIT|[117]|01p50000002CIEt|ETLC_SecuredDB.findFieldsRecursive(Map<String,Set<String>>, Map<String,ANY>)
22:22:55.0 (20316701)|HEAP_ALLOCATE|[116]|Bytes:5
22:22:55.0 (20331466)|VARIABLE_ASSIGNMENT|[116]|record|null
22:22:55.0 (20337811)|HEAP_ALLOCATE|[119]|Bytes:4
22:22:55.0 (20374596)|HEAP_ALLOCATE|[119]|Bytes:20
22:22:55.0 (20387507)|HEAP_ALLOCATE|[119]|Bytes:4
22:22:55.0 (20404185)|HEAP_ALLOCATE|[119]|Bytes:5
22:22:55.0 (20415796)|VARIABLE_SCOPE_BEGIN|[119]|objectName|String|false|false
22:22:55.0 (20422546)|VARIABLE_ASSIGNMENT|[119]|objectName|"BFFFollow__c"
22:22:55.0 (20425222)|STATEMENT_EXECUTE|[119]
22:22:55.0 (20426157)|STATEMENT_EXECUTE|[120]
22:22:55.0 (20433122)|HEAP_ALLOCATE|[120]|Bytes:2
22:22:55.0 (20485605)|HEAP_ALLOCATE|[120]|Bytes:22
22:22:55.0 (20498606)|HEAP_ALLOCATE|[120]|Bytes:36
22:22:55.0 (20509390)|USER_DEBUG|[120]|DEBUG|BFFFollow__c: {FollowedUsers__c, Id}
22:22:55.0 (20521268)|HEAP_ALLOCATE|[119]|Bytes:5
22:22:55.0 (20532402)|VARIABLE_ASSIGNMENT|[119]|objectName|null
22:22:55.0 (20535789)|STATEMENT_EXECUTE|[122]
22:22:55.0 (20548048)|METHOD_EXIT|[20]|01p50000002CIEt|ETLC_SecuredDB.findFields(List<SObject>)
22:22:55.0 (20564892)|METHOD_ENTRY|[20]|01p50000002CIEt|ETLC_SecuredDB.validate(ETLC_SecuredDB.Operation, Map<String,Set<String>>)
22:22:55.0 (20573824)|VARIABLE_SCOPE_BEGIN|[55]|op|ETLC_SecuredDB.Operation|true|false
22:22:55.0 (20589756)|VARIABLE_ASSIGNMENT|[55]|op|"Querying"|0x7bc81f96
22:22:55.0 (20594115)|VARIABLE_SCOPE_BEGIN|[55]|mapFieldNames|Map<String,Set<String>>|true|false
22:22:55.0 (20609653)|VARIABLE_ASSIGNMENT|[55]|mapFieldNames|{"s":1,"v":{"BFFFollow__c":{"s":2,"v":["FollowedUsers__c","Id"]}}}|0x335c8abf
22:22:55.0 (20618225)|HEAP_ALLOCATE|[56]|Bytes:5
22:22:55.0 (20622033)|STATEMENT_EXECUTE|[55]
22:22:55.0 (20623383)|STATEMENT_EXECUTE|[56]
22:22:55.0 (20630606)|VARIABLE_SCOPE_BEGIN|[56]|securityMessage|String|false|false
22:22:55.0 (20635387)|VARIABLE_ASSIGNMENT|[56]|securityMessage|null
22:22:55.0 (20637181)|STATEMENT_EXECUTE|[57]
22:22:55.0 (34824992)|HEAP_ALLOCATE|[57]|Bytes:1440
22:22:55.0 (34844197)|VARIABLE_SCOPE_BEGIN|[57]|mapObjects|Map<String,Schema.SObjectType>|true|false
22:22:55.0 (35112175)|VARIABLE_ASSIGNMENT|[57]|mapObjects|"{acceptedeventrelation=AcceptedEventRelation, account=Account, accountcontactrole=AccountContactRole, accountfeed=AccountFeed, accounthistory=AccountHistory, accountpartner=AccountPartner, accountshare=AccountShare, actionlinkgrouptemplate=ActionLinkGroupTemplate, actionlinktemplate=ActionLinkTemplate, activityhistory=ActivityHistory, ...}"|0x1165b5d
22:22:55.0 (35125758)|HEAP_ALLOCATE|[58]|Bytes:4
22:22:55.0 (35175336)|HEAP_ALLOCATE|[58]|Bytes:20
22:22:55.0 (35190762)|HEAP_ALLOCATE|[58]|Bytes:4
22:22:55.0 (35210864)|HEAP_ALLOCATE|[58]|Bytes:5
22:22:55.0 (35224403)|VARIABLE_SCOPE_BEGIN|[58]|sObjectName|String|false|false
22:22:55.0 (35232548)|VARIABLE_ASSIGNMENT|[58]|sObjectName|"BFFFollow__c"
22:22:55.0 (35236127)|STATEMENT_EXECUTE|[58]
22:22:55.0 (35237599)|STATEMENT_EXECUTE|[59]
22:22:55.0 (35248392)|HEAP_ALLOCATE|[59]|Bytes:9
22:22:55.0 (35252193)|HEAP_ALLOCATE|[59]|Bytes:7
22:22:55.0 (35295945)|HEAP_ALLOCATE|[59]|Bytes:8
22:22:55.0 (35307310)|HEAP_ALLOCATE|[59]|Bytes:1
22:22:55.0 (35319203)|HEAP_ALLOCATE|[59]|Bytes:37
22:22:55.0 (35328682)|VARIABLE_ASSIGNMENT|[59]|securityMessage|"CRUD on [BFFFollow__ (17 more) ..."
22:22:55.0 (35331749)|STATEMENT_EXECUTE|[60]
22:22:55.0 (35339027)|HEAP_ALLOCATE|[60]|Bytes:10
22:22:55.0 (35345342)|HEAP_ALLOCATE|[60]|Bytes:47
22:22:55.0 (35370038)|USER_DEBUG|[60]|DEBUG|Checking: CRUD on [BFFFollow__c] for [Querying]
22:22:55.0 (35377077)|STATEMENT_EXECUTE|[61]
22:22:55.0 (35617180)|HEAP_ALLOCATE|[61]|Bytes:4
22:22:55.0 (35656709)|VARIABLE_SCOPE_BEGIN|[61]|drSObj|Schema.DescribeSObjectResult|true|false
22:22:55.0 (35735104)|VARIABLE_ASSIGNMENT|[61]|drSObj|"common.api.soap.wsdl.DescribeSObjectResult@a54f9caa"|0x478bd3ba
22:22:55.0 (35875481)|STATEMENT_EXECUTE|[64]
22:22:55.0 (35902990)|STATEMENT_EXECUTE|[65]
22:22:55.0 (35964619)|STATEMENT_EXECUTE|[77]
22:22:55.0 (35967310)|STATEMENT_EXECUTE|[79]
22:22:55.0 (36192217)|HEAP_ALLOCATE|[79]|Bytes:56
22:22:55.0 (36204877)|VARIABLE_SCOPE_BEGIN|[79]|mapFields|Map<String,Schema.SObjectField>|true|false
22:22:55.0 (36348541)|VARIABLE_ASSIGNMENT|[79]|mapFields|"{createdbyid=CreatedById, createddate=CreatedDate, followedby__c=FollowedBy__c, followedusers__c=FollowedUsers__c, id=Id, isdeleted=IsDeleted, lastmodifiedbyid=LastModifiedById, lastmodifieddate=LastModifiedDate, lastreferenceddate=LastReferencedDate, lastvieweddate=LastViewedDate, ...}"|0x22996d75
22:22:55.0 (36359269)|HEAP_ALLOCATE|[80]|Bytes:4
22:22:55.0 (36407332)|HEAP_ALLOCATE|[80]|Bytes:8
22:22:55.0 (36426964)|HEAP_ALLOCATE|[80]|Bytes:5
22:22:55.0 (36439259)|VARIABLE_SCOPE_BEGIN|[80]|fieldName|String|false|false
22:22:55.0 (36446920)|VARIABLE_ASSIGNMENT|[80]|fieldName|"FollowedUsers__c"
22:22:55.0 (36450034)|STATEMENT_EXECUTE|[80]
22:22:55.0 (36451185)|STATEMENT_EXECUTE|[81]
22:22:55.0 (37274110)|HEAP_ALLOCATE|[81]|Bytes:8
22:22:55.0 (37307749)|VARIABLE_SCOPE_BEGIN|[81]|drField|Schema.DescribeFieldResult|true|false
22:22:55.0 (37373300)|VARIABLE_ASSIGNMENT|[81]|drField|"common.api.soap.wsdl.Field@33aed773"|0x1ada7bad
22:22:55.0 (37394833)|STATEMENT_EXECUTE|[82]
22:22:55.0 (37396779)|STATEMENT_EXECUTE|[83]
22:22:55.0 (37405744)|HEAP_ALLOCATE|[83]|Bytes:8
22:22:55.0 (37409979)|HEAP_ALLOCATE|[83]|Bytes:1
22:22:55.0 (37448462)|HEAP_ALLOCATE|[83]|Bytes:8
22:22:55.0 (37467028)|HEAP_ALLOCATE|[83]|Bytes:52
22:22:55.0 (37472902)|HEAP_ALLOCATE|[83]|Bytes:53
22:22:55.0 (37482465)|VARIABLE_ASSIGNMENT|[83]|securityMessage|"FLS on [BFFFollow__c (33 more) ..."
22:22:55.0 (37486049)|STATEMENT_EXECUTE|[84]
22:22:55.0 (37494698)|HEAP_ALLOCATE|[84]|Bytes:63
22:22:55.0 (37517915)|USER_DEBUG|[84]|DEBUG|Checking: FLS on [BFFFollow__c.FollowedUsers__c] for [Querying]
22:22:55.0 (37608756)|STATEMENT_EXECUTE|[87]
22:22:55.0 (37624200)|STATEMENT_EXECUTE|[88]
22:22:55.0 (37640845)|HEAP_ALLOCATE|[80]|Bytes:5
22:22:55.0 (37653613)|VARIABLE_SCOPE_BEGIN|[80]|fieldName|String|false|false
22:22:55.0 (37660801)|VARIABLE_ASSIGNMENT|[80]|fieldName|"Id"
22:22:55.0 (37663248)|STATEMENT_EXECUTE|[80]
22:22:55.0 (37664217)|STATEMENT_EXECUTE|[81]
22:22:55.0 (37811176)|HEAP_ALLOCATE|[81]|Bytes:8
22:22:55.0 (37822756)|VARIABLE_SCOPE_BEGIN|[81]|drField|Schema.DescribeFieldResult|true|false
22:22:55.0 (37884894)|VARIABLE_ASSIGNMENT|[81]|drField|"common.api.soap.wsdl.Field@17a0af65"|0xa580719
22:22:55.0 (37897083)|STATEMENT_EXECUTE|[99]
22:22:55.0 (37898587)|STATEMENT_EXECUTE|[100]
22:22:55.0 (37907310)|HEAP_ALLOCATE|[100]|Bytes:22
22:22:55.0 (37950728)|HEAP_ALLOCATE|[100]|Bytes:8
22:22:55.0 (37971073)|HEAP_ALLOCATE|[100]|Bytes:52
22:22:55.0 (37975714)|HEAP_ALLOCATE|[100]|Bytes:35
22:22:55.0 (37979794)|HEAP_ALLOCATE|[100]|Bytes:87
22:22:55.0 (37990259)|USER_DEBUG|[100]|DEBUG|Bypass Check: FLS on [BFFFollow__c.Id] for [Querying] since it's not isPermissionable()
22:22:55.0 (38003476)|HEAP_ALLOCATE|[80]|Bytes:5
22:22:55.0 (38016435)|VARIABLE_ASSIGNMENT|[80]|fieldName|null
22:22:55.0 (38025237)|HEAP_ALLOCATE|[58]|Bytes:5
22:22:55.0 (38033955)|VARIABLE_ASSIGNMENT|[58]|sObjectName|null
22:22:55.0 (38044491)|METHOD_EXIT|[20]|01p50000002CIEt|ETLC_SecuredDB.validate(ETLC_SecuredDB.Operation, Map<String,Set<String>>)
22:22:55.0 (38048497)|STATEMENT_EXECUTE|[21]
22:22:55.0 (38059685)|METHOD_EXIT|[28]|01p50000002CIEt|ETLC_SecuredDB.query(String)
22:22:55.0 (38065656)|VARIABLE_SCOPE_BEGIN|[28]|dbRecords|List<SObject>|true|false
22:22:55.0 (38093828)|VARIABLE_ASSIGNMENT|[28]|dbRecords|{"s":1,"v":[{"s":2,"v":{"FollowedUsers__c":"[{\"id\":\"00550000005c (38 more) ...","Id":"a005000000ezW4dAAE"}}]}|0x4707a072
22:22:55.0 (38102868)|STATEMENT_EXECUTE|[29]
22:22:55.0 (38104225)|STATEMENT_EXECUTE|[29]
22:22:55.0 (38170513)|USER_DEBUG|[29]|DEBUG|(BFFFollow__c:{FollowedUsers__c=[{"id":"00550000005cg71AAA","name":"Jaswinder Rattanpal"}], Id=a005000000ezW4dAAE})
22:22:55.0 (38265731)|STATEMENT_EXECUTE|[30]
22:22:55.0 (38271374)|STATEMENT_EXECUTE|[31]
22:22:55.0 (38272570)|STATEMENT_EXECUTE|[32]
22:22:55.0 (38281109)|HEAP_ALLOCATE|[32]|Bytes:18
22:22:55.0 (38293764)|HEAP_ALLOCATE|[32]|Bytes:12
22:22:55.0 (38300369)|HEAP_ALLOCATE|[32]|Bytes:16
22:22:55.0 (38366135)|HEAP_ALLOCATE|[32]|Bytes:58
22:22:55.0 (38385982)|HEAP_ALLOCATE|[32]|Bytes:58
22:22:55.0 (38395808)|HEAP_ALLOCATE|[32]|Bytes:76
22:22:55.0 (38405848)|USER_DEBUG|[32]|DEBUG|FollowedUsers__c::[{"id":"00550000005cg71AAA","name":"Jaswinder Rattanpal"}]
22:22:55.0 (38411686)|STATEMENT_EXECUTE|[34]
22:22:55.0 (38424281)|HEAP_ALLOCATE|[34]|Bytes:12
22:22:55.0 (38471504)|HEAP_ALLOCATE|[34]|Bytes:58
22:22:55.0 (38490761)|METHOD_EXIT|[10]|01p50000002D8iw|BFFFollow_Controller.fetchFollowedUsers(Id)
22:22:55.0 (38594760)|VARIABLE_ASSIGNMENT|[EXTERNAL]|this|{"debug":true,"input":"{\"mode\":\"fetchFollow (9 more) ...","operation":"BFFFollow_Controller"}|0x770bafd3
22:22:55.0 (38606448)|VARIABLE_ASSIGNMENT|[EXTERNAL]|value|"[{\"id\":\"00550000005c (38 more) ..."
22:22:55.0 (38621373)|VARIABLE_ASSIGNMENT|[12]|this.output|"[{\"id\":\"00550000005c (38 more) ..."|0x770bafd3
22:22:55.0 (38629784)|STATEMENT_EXECUTE|[11]
22:22:55.0 (38688540)|VARIABLE_ASSIGNMENT|[EXTERNAL]|this|{"debug":true,"input":"{\"mode\":\"fetchFollow (9 more) ...","operation":"BFFFollow_Controller","output":"[{\"id\":\"00550000005c (38 more) ..."}|0x770bafd3
22:22:55.0 (38747646)|VARIABLE_ASSIGNMENT|[EXTERNAL]|this|{"debug":true,"input":"{\"mode\":\"fetchFollow (9 more) ...","operation":"BFFFollow_Controller","output":"[{\"id\":\"00550000005c (38 more) ..."}|0x770bafd3
22:22:55.0 (38761127)|VARIABLE_ASSIGNMENT|[EXTERNAL]|value|true
22:22:55.0 (38766733)|HEAP_ALLOCATE|[15]|Bytes:5
22:22:55.0 (38774721)|VARIABLE_ASSIGNMENT|[15]|this.outputFlag|true|0x770bafd3
22:22:55.0 (38785376)|STATEMENT_EXECUTE|[19]
22:22:55.0 (38786920)|STATEMENT_EXECUTE|[19]
22:22:55.0 (38822138)|HEAP_ALLOCATE|[19]|Bytes:11
22:22:55.0 (38897907)|HEAP_ALLOCATE|[19]|Bytes:231
22:22:55.0 (38915524)|HEAP_ALLOCATE|[19]|Bytes:242
22:22:55.0 (38926348)|USER_DEBUG|[19]|DEBUG|data AFTER:ETLC_ApexBridge_Data:[debug=true, input={"mode":"fetchFollowedUsers"}, isSuccess=null, messages=null, operation=BFFFollow_Controller, output=[{"id":"00550000005cg71AAA","name":"Jaswinder Rattanpal"}], outputFlag=true, records=null]
22:22:55.0 (38939882)|METHOD_EXIT|[9]|01p50000002D8iw|BFFFollow_Controller.process(ETLC_ApexBridge_Data)
22:22:55.0 (38944612)|STATEMENT_EXECUTE|[24]
22:22:55.0 (38969298)|METHOD_ENTRY|[24]|01p50000002CIEo|ETLC_ApexBridge_Data.toJSON()
22:22:55.0 (38991685)|VARIABLE_SCOPE_BEGIN|[57]|this|ETLC_ApexBridge_Data|true|false
22:22:55.0 (39021566)|VARIABLE_ASSIGNMENT|[57]|this|{"debug":true,"input":"{\"mode\":\"fetchFollow (9 more) ...","operation":"BFFFollow_Controller","output":"[{\"id\":\"00550000005c (38 more) ...","outputFlag":true}|0x770bafd3
22:22:55.0 (39028473)|STATEMENT_EXECUTE|[57]
22:22:55.0 (39029712)|STATEMENT_EXECUTE|[58]
22:22:55.0 (39043572)|METHOD_ENTRY|[58]||System.JSON.serialize(Object)
22:22:55.0 (39131368)|STATEMENT_EXECUTE|[22]
22:22:55.0 (39136371)|STATEMENT_EXECUTE|[23]
22:22:55.0 (39145315)|HEAP_ALLOCATE|[23]|Bytes:5
22:22:55.0 (39154707)|VARIABLE_ASSIGNMENT|[23]|this.isSuccess|true|0x770bafd3
22:22:55.0 (39156954)|STATEMENT_EXECUTE|[24]
22:22:55.0 (39200130)|STATEMENT_EXECUTE|[31]
22:22:55.0 (39205100)|STATEMENT_EXECUTE|[32]
22:22:55.0 (39214386)|HEAP_ALLOCATE|[32]|Bytes:4
22:22:55.0 (39269673)|VARIABLE_ASSIGNMENT|[32]|this.messages|{"s":1,"v":{}}|0x770bafd3
22:22:55.0 (39273749)|STATEMENT_EXECUTE|[33]
22:22:55.0 (39561188)|METHOD_EXIT|[58]||System.JSON.serialize(Object)
22:22:55.0 (39568477)|METHOD_EXIT|[24]|01p50000002CIEo|ETLC_ApexBridge_Data.toJSON()
22:22:55.0 (39576025)|SYSTEM_MODE_EXIT|false
22:22:55.39 (39614407)|CUMULATIVE_LIMIT_USAGE
22:22:55.39 (39614407)|LIMIT_USAGE_FOR_NS|(default)|
  Number of SOQL queries: 1 out of 100
  Number of query rows: 1 out of 50000
  Number of SOSL queries: 0 out of 20
  Number of DML statements: 0 out of 150
  Number of DML rows: 0 out of 10000
  Maximum CPU time: 0 out of 10000
  Maximum heap size: 0 out of 6000000
  Number of callouts: 0 out of 100
  Number of Email Invocations: 0 out of 10
  Number of future calls: 0 out of 50
  Number of queueable jobs added to the queue: 0 out of 50
  Number of Mobile Apex push calls: 0 out of 10

22:22:55.39 (39614407)|CUMULATIVE_LIMIT_USAGE_END

22:22:55.0 (39668751)|CODE_UNIT_FINISHED|ETLC_ApexBridge_Controller.execute
