37.0 APEX_CODE,FINEST;APEX_PROFILING,INFO;CALLOUT,INFO;DB,INFO;SYSTEM,DEBUG;VALIDATION,INFO;VISUALFORCE,INFO;WORKFLOW,INFO
15:42:36.0 (495339)|USER_INFO|[EXTERNAL]|00550000005cg71|bfffollow@jr.te|Eastern Standard Time|GMT-04:00
15:42:36.0 (1091337)|HEAP_ALLOCATE|[72]|Bytes:3
15:42:36.0 (1163593)|HEAP_ALLOCATE|[77]|Bytes:152
15:42:36.0 (1190179)|HEAP_ALLOCATE|[342]|Bytes:408
15:42:36.0 (1220114)|HEAP_ALLOCATE|[355]|Bytes:408
15:42:36.0 (1244854)|HEAP_ALLOCATE|[467]|Bytes:48
15:42:36.2 (2500497)|USER_INFO|[EXTERNAL]|00550000005cg71|bfffollow@jr.te|Eastern Standard Time|GMT-04:00
15:42:36.2 (3240948)|STATEMENT_EXECUTE|[1]
15:42:36.2 (3250211)|METHOD_EXIT|[1]|ETLC_ApexBridge_Controller
15:42:36.2 (3255404)|HEAP_ALLOCATE|[EXTERNAL]|Bytes:94
15:42:36.2 (3265658)|SYSTEM_MODE_ENTER|false
15:42:36.2 (3287267)|VARIABLE_SCOPE_BEGIN|[3]|dataJson|String|false|false
15:42:36.2 (3335527)|VARIABLE_ASSIGNMENT|[3]|dataJson|"{\"operation\":\"BFFFol (74 more) ..."
15:42:36.2 (3352372)|STATEMENT_EXECUTE|[3]
15:42:36.2 (3354074)|STATEMENT_EXECUTE|[4]
15:42:36.2 (5778951)|VARIABLE_SCOPE_BEGIN|[4]|data|BFFFollow.ETLC_ApexBridge_Data|true|false
15:42:36.2 (5794405)|VARIABLE_ASSIGNMENT|[4]|data|null|
15:42:36.2 (5797772)|STATEMENT_EXECUTE|[5]
15:42:36.2 (5799232)|STATEMENT_EXECUTE|[5]
15:42:36.2 (5800298)|STATEMENT_EXECUTE|[6]
15:42:36.2 (5821961)|HEAP_ALLOCATE|[6]|Bytes:11
15:42:36.2 (5831413)|HEAP_ALLOCATE|[6]|Bytes:248
15:42:36.2 (5834718)|HEAP_ALLOCATE|[6]|Bytes:39
15:42:36.2 (5879659)|METHOD_ENTRY|[2]|01p50000002CIEo|ETLC_ApexBridge_Data.ETLC_ApexBridge_Data()
15:42:36.2 (5883242)|STATEMENT_EXECUTE|[2]
15:42:36.2 (5887510)|STATEMENT_EXECUTE|[2]
15:42:36.2 (5892981)|METHOD_EXIT|[2]|ETLC_ApexBridge_Data
15:42:36.2 (5930356)|METHOD_ENTRY|[6]|01p50000002CIEo|BFFFollow.ETLC_ApexBridge_Data.fromJSON(String)
15:42:36.2 (5961029)|VARIABLE_SCOPE_BEGIN|[60]|strJson|String|false|false
15:42:36.2 (5977144)|VARIABLE_ASSIGNMENT|[60]|strJson|"{\"operation\":\"BFFFol (74 more) ..."
15:42:36.2 (5982029)|STATEMENT_EXECUTE|[60]
15:42:36.2 (5983348)|STATEMENT_EXECUTE|[61]
15:42:36.2 (5993286)|HEAP_ALLOCATE|[61]|Bytes:30
15:42:36.2 (6020528)|HEAP_ALLOCATE|[50]|Bytes:5
15:42:36.2 (6049550)|HEAP_ALLOCATE|[56]|Bytes:5
15:42:36.2 (6058520)|HEAP_ALLOCATE|[64]|Bytes:7
15:42:36.2 (6168405)|HEAP_ALLOCATE|[61]|Bytes:24
15:42:36.2 (6179850)|SYSTEM_METHOD_ENTRY|[1]|Type.Type()
15:42:36.2 (6182473)|STATEMENT_EXECUTE|[1]
15:42:36.2 (6189576)|SYSTEM_METHOD_EXIT|[1]|Type
15:42:36.2 (6194917)|HEAP_ALLOCATE|[61]|Bytes:8
15:42:36.2 (6213090)|HEAP_ALLOCATE|[61]|Bytes:8
15:42:36.2 (6218116)|VARIABLE_SCOPE_BEGIN|[4]|this|System.Type|true|false
15:42:36.2 (6254607)|VARIABLE_ASSIGNMENT|[4]|this|{}|0x61e81be7
15:42:36.2 (6258579)|VARIABLE_SCOPE_BEGIN|[4]|apextype|java:common.apex.runtime.ApexObjectType|true|false
15:42:36.2 (6380617)|VARIABLE_ASSIGNMENT|[4]|apextype|"BFFFollow.ETLC_ApexBridge_Data"|0x32ad6ed1
15:42:36.2 (6452602)|HEAP_ALLOCATE|[61]|Bytes:8
15:42:36.2 (6490630)|HEAP_ALLOCATE|[61]|Bytes:24
15:42:36.2 (6501266)|SYSTEM_METHOD_ENTRY|[1]|JSON.JSON()
15:42:36.2 (6503521)|STATEMENT_EXECUTE|[1]
15:42:36.2 (6508636)|SYSTEM_METHOD_EXIT|[1]|JSON
15:42:36.2 (6521133)|METHOD_ENTRY|[61]||System.JSON.deserializeStrict(String, System.Type)
15:42:36.2 (7156357)|METHOD_EXIT|[61]||System.JSON.deserializeStrict(String, System.Type)
15:42:36.2 (7168487)|METHOD_EXIT|[6]|01p50000002CIEo|BFFFollow.ETLC_ApexBridge_Data.fromJSON(String)
15:42:36.2 (7236258)|VARIABLE_ASSIGNMENT|[6]|data|{"debug":false,"input":"{\"mode\":\"fetchFollow (9 more) ...","operation":"BFFFollow_Controller"}|0x43f597d5
15:42:36.2 (7241902)|STATEMENT_EXECUTE|[7]
15:42:36.2 (7251623)|HEAP_ALLOCATE|[7]|Bytes:6
15:42:36.2 (7286155)|ENTERING_MANAGED_PKG|
15:42:36.2 (7342488)|HEAP_ALLOCATE|[7]|Bytes:178
15:42:36.2 (7364739)|HEAP_ALLOCATE|[7]|Bytes:184
15:42:36.2 (7384490)|ENTERING_MANAGED_PKG|
15:42:36.2 (7392253)|USER_DEBUG|[7]|DEBUG|data::ETLC_ApexBridge_Data:[debug=false, input={"mode":"fetchFollowedUsers"}, isSuccess=null, messages=null, operation=BFFFollow_Controller, output=null, outputFlag=null, records=null]
15:42:36.2 (7399973)|STATEMENT_EXECUTE|[8]
15:42:36.2 (7460520)|VARIABLE_ASSIGNMENT|[EXTERNAL]|this|{"debug":false,"input":"{\"mode\":\"fetchFollow (9 more) ...","operation":"BFFFollow_Controller"}|0x43f597d5
15:42:36.2 (7480875)|METHOD_ENTRY|[8]||System.Type.forName(String)
15:42:36.2 (9536757)|METHOD_EXIT|[8]||System.Type.forName(String)
15:42:36.2 (9550324)|METHOD_ENTRY|[8]||System.Type.newInstance()
15:42:36.2 (10852763)|STATEMENT_EXECUTE|[1]
15:42:36.2 (10866641)|HEAP_ALLOCATE|[33]|Bytes:5
15:42:36.2 (10881291)|METHOD_EXIT|[1]|BFFFollow_Controller
15:42:36.2 (10897200)|HEAP_ALLOCATE|[33]|Bytes:4
15:42:36.2 (10904941)|VARIABLE_SCOPE_BEGIN|[1]|this|BFFFollow.BFFFollow_Controller|true|false
15:42:36.2 (10924205)|VARIABLE_ASSIGNMENT|[1]|this|{}|0x5463de3
15:42:36.2 (10932787)|HEAP_ALLOCATE|[33]|Bytes:5
15:42:36.2 (10941185)|HEAP_ALLOCATE|[33]|Bytes:11
15:42:36.2 (10960866)|METHOD_ENTRY|[1]|01p50000002CIEj|ETLC_ApexBridge_Abstract.ETLC_ApexBridge_Abstract()
15:42:36.2 (10964986)|STATEMENT_EXECUTE|[1]
15:42:36.2 (10970410)|STATEMENT_EXECUTE|[1]
15:42:36.2 (10975982)|METHOD_EXIT|[1]|ETLC_ApexBridge_Abstract
15:42:36.2 (10990622)|CONSTRUCTOR_ENTRY|[EXTERNAL]|01p50000002CIEj|<init>()
15:42:36.2 (11021791)|VARIABLE_SCOPE_BEGIN|[1]|this|BFFFollow.ETLC_ApexBridge_Abstract|true|false
15:42:36.2 (11043072)|VARIABLE_ASSIGNMENT|[1]|this|{}|0x5463de3
15:42:36.2 (11059605)|STATEMENT_EXECUTE|[1]
15:42:36.2 (11068450)|CONSTRUCTOR_EXIT|[EXTERNAL]|01p50000002CIEj|<init>()
15:42:36.2 (11074985)|STATEMENT_EXECUTE|[1]
15:42:36.2 (11080296)|HEAP_ALLOCATE|[33]|Bytes:5
15:42:36.2 (11100404)|METHOD_EXIT|[8]||System.Type.newInstance()
15:42:36.2 (11112881)|VARIABLE_SCOPE_BEGIN|[8]|executor|BFFFollow.ETLC_ApexBridge_Abstract|true|false
15:42:36.2 (11136590)|VARIABLE_ASSIGNMENT|[8]|executor|{}|0x5463de3
15:42:36.2 (11141950)|STATEMENT_EXECUTE|[9]
15:42:36.2 (11190144)|METHOD_ENTRY|[9]|01p50000002D8iw|BFFFollow.BFFFollow_Controller.process(BFFFollow.ETLC_ApexBridge_Data)
15:42:36.2 (11215942)|VARIABLE_SCOPE_BEGIN|[3]|this|BFFFollow.BFFFollow_Controller|true|false
15:42:36.2 (11231453)|VARIABLE_ASSIGNMENT|[3]|this|{}|0x5463de3
15:42:36.2 (11236260)|VARIABLE_SCOPE_BEGIN|[3]|data|BFFFollow.ETLC_ApexBridge_Data|true|false
15:42:36.2 (11262526)|VARIABLE_ASSIGNMENT|[3]|data|{"debug":false,"input":"{\"mode\":\"fetchFollow (9 more) ...","operation":"BFFFollow_Controller"}|0x43f597d5
15:42:36.2 (11272337)|HEAP_ALLOCATE|[4]|Bytes:5
15:42:36.2 (11276541)|STATEMENT_EXECUTE|[3]
15:42:36.2 (11277929)|STATEMENT_EXECUTE|[4]
15:42:36.2 (11367007)|VARIABLE_ASSIGNMENT|[EXTERNAL]|this|{"debug":false,"input":"{\"mode\":\"fetchFollow (9 more) ...","operation":"BFFFollow_Controller"}|0x43f597d5
15:42:36.2 (11398674)|VARIABLE_ASSIGNMENT|[4]|BFFFollow_Controller.debugFlag|false
15:42:36.2 (11458076)|VARIABLE_ASSIGNMENT|[EXTERNAL]|this|{"debug":false,"input":"{\"mode\":\"fetchFollow (9 more) ...","operation":"BFFFollow_Controller"}|0x43f597d5
15:42:36.2 (11475011)|STATEMENT_EXECUTE|[5]
15:42:36.2 (11482023)|STATEMENT_EXECUTE|[7]
15:42:36.2 (11488311)|HEAP_ALLOCATE|[7]|Bytes:4
15:42:36.2 (11512239)|METHOD_ENTRY|[7]|01p50000002CIEo|BFFFollow.ETLC_ApexBridge_Data.getInputValue(String)
15:42:36.2 (11535666)|VARIABLE_SCOPE_BEGIN|[52]|this|BFFFollow.ETLC_ApexBridge_Data|true|false
15:42:36.2 (11562819)|VARIABLE_ASSIGNMENT|[52]|this|{"debug":false,"input":"{\"mode\":\"fetchFollow (9 more) ...","operation":"BFFFollow_Controller"}|0x43f597d5
15:42:36.2 (11569052)|VARIABLE_SCOPE_BEGIN|[52]|key|String|false|false
15:42:36.2 (11573037)|VARIABLE_ASSIGNMENT|[52]|key|"mode"
15:42:36.2 (11577468)|STATEMENT_EXECUTE|[52]
15:42:36.2 (11578726)|STATEMENT_EXECUTE|[53]
15:42:36.2 (11631263)|VARIABLE_ASSIGNMENT|[EXTERNAL]|this|{"debug":false,"input":"{\"mode\":\"fetchFollow (9 more) ...","operation":"BFFFollow_Controller"}|0x43f597d5
15:42:36.2 (11651311)|METHOD_ENTRY|[53]||System.JSON.deserializeUntyped(String)
15:42:36.2 (11902683)|METHOD_EXIT|[53]||System.JSON.deserializeUntyped(String)
15:42:36.2 (11912217)|VARIABLE_SCOPE_BEGIN|[53]|inputMap|Map<String,ANY>|true|false
15:42:36.2 (11941125)|VARIABLE_ASSIGNMENT|[53]|inputMap|{"s":1,"v":{"mode":"fetchFollowedUsers"}}|0x1c775e00
15:42:36.2 (11944980)|STATEMENT_EXECUTE|[54]
15:42:36.2 (11973527)|ENTERING_MANAGED_PKG|
15:42:36.2 (12021346)|METHOD_EXIT|[7]|01p50000002CIEo|BFFFollow.ETLC_ApexBridge_Data.getInputValue(String)
15:42:36.2 (12029980)|VARIABLE_SCOPE_BEGIN|[7]|mode|String|false|false
15:42:36.2 (12038290)|VARIABLE_ASSIGNMENT|[7]|mode|"fetchFollowedUsers"
15:42:36.2 (12044135)|HEAP_ALLOCATE|[9]|Bytes:19
15:42:36.2 (12082936)|HEAP_ALLOCATE|[11]|Bytes:18
15:42:36.2 (12107914)|STATEMENT_EXECUTE|[11]
15:42:36.2 (12111498)|STATEMENT_EXECUTE|[12]
15:42:36.2 (12162302)|HEAP_ALLOCATE|[12]|Bytes:85
15:42:36.2 (12178694)|SYSTEM_METHOD_ENTRY|[1]|UserInfo.UserInfo()
15:42:36.2 (12182872)|STATEMENT_EXECUTE|[1]
15:42:36.2 (12192968)|SYSTEM_METHOD_EXIT|[1]|UserInfo
15:42:36.2 (12209166)|METHOD_ENTRY|[12]||System.UserInfo.getUserId()
15:42:36.2 (12254891)|METHOD_EXIT|[12]||System.UserInfo.getUserId()
15:42:36.2 (12272814)|HEAP_ALLOCATE|[12]|Bytes:4
15:42:36.2 (12288727)|METHOD_ENTRY|[12]|01p50000002D8iw|BFFFollow.BFFFollow_Controller.fetchFollowedUsers(Id)
15:42:36.2 (12297111)|VARIABLE_SCOPE_BEGIN|[41]|this|BFFFollow.BFFFollow_Controller|true|false
15:42:36.2 (12312956)|VARIABLE_ASSIGNMENT|[41]|this|{}|0x5463de3
15:42:36.2 (12318236)|VARIABLE_SCOPE_BEGIN|[41]|followedById|Id|false|false
15:42:36.2 (12396649)|VARIABLE_ASSIGNMENT|[41]|followedById|"00550000005cg71AAA"
15:42:36.2 (12408425)|HEAP_ALLOCATE|[42]|Bytes:5
15:42:36.2 (12413177)|STATEMENT_EXECUTE|[41]
15:42:36.2 (12414579)|STATEMENT_EXECUTE|[42]
15:42:36.2 (12423331)|HEAP_ALLOCATE|[42]|Bytes:63
15:42:36.2 (12443497)|ENTERING_MANAGED_PKG|
15:42:36.2 (12469665)|HEAP_ALLOCATE|[42]|Bytes:18
15:42:36.2 (12481440)|HEAP_ALLOCATE|[42]|Bytes:9
15:42:36.2 (12492659)|HEAP_ALLOCATE|[42]|Bytes:90
15:42:36.2 (12497832)|VARIABLE_SCOPE_BEGIN|[42]|soql|String|false|false
15:42:36.2 (12507286)|VARIABLE_ASSIGNMENT|[42]|soql|"SELECT FollowedUsers (70 more) ..."
15:42:36.2 (12509924)|STATEMENT_EXECUTE|[43]
15:42:36.2 (12511077)|STATEMENT_EXECUTE|[43]
15:42:36.2 (12517004)|STATEMENT_EXECUTE|[44]
15:42:36.2 (12522983)|STATEMENT_EXECUTE|[45]
15:42:36.2 (18251042)|HEAP_ALLOCATE|[45]|Bytes:9
15:42:36.2 (18263893)|HEAP_ALLOCATE|[45]|Bytes:29
15:42:36.2 (18267464)|HEAP_ALLOCATE|[45]|Bytes:21
15:42:36.2 (18297437)|METHOD_ENTRY|[7]|01p50000002CIEt|ETLC_SecuredDB.ETLC_SecuredDB()
15:42:36.2 (18301905)|STATEMENT_EXECUTE|[7]
15:42:36.2 (18308777)|STATEMENT_EXECUTE|[7]
15:42:36.2 (18315959)|HEAP_ALLOCATE|[45]|Bytes:5
15:42:36.2 (18329135)|METHOD_EXIT|[7]|ETLC_SecuredDB
15:42:36.2 (18371530)|METHOD_ENTRY|[45]|01p50000002CIEt|BFFFollow.ETLC_SecuredDB.query(String)
15:42:36.2 (18405051)|VARIABLE_SCOPE_BEGIN|[10]|SOQL|String|false|false
15:42:36.2 (18422163)|VARIABLE_ASSIGNMENT|[10]|SOQL|"SELECT FollowedUsers (70 more) ..."
15:42:36.2 (18431269)|HEAP_ALLOCATE|[12]|Bytes:5
15:42:36.2 (18435808)|STATEMENT_EXECUTE|[10]
15:42:36.2 (18437213)|STATEMENT_EXECUTE|[12]
15:42:36.2 (18481347)|ENTERING_MANAGED_PKG|
15:42:36.2 (31131744)|SOQL_EXECUTE_BEGIN|[12]|Aggregations:0|SELECT FollowedUsers__c FROM BFFFollow__c WHERE FollowedBy__c='00550000005cg71AAA' limit 1
15:42:36.2 (35492783)|SOQL_EXECUTE_END|[12]|Rows:1
15:42:36.2 (35517595)|HEAP_ALLOCATE|[12]|Bytes:8
15:42:36.2 (35529220)|HEAP_ALLOCATE|[12]|Bytes:169
15:42:36.2 (35661107)|HEAP_ALLOCATE|[12]|Bytes:8
15:42:36.2 (35687040)|VARIABLE_SCOPE_BEGIN|[12]|dbRecords|List<SObject>|true|false
15:42:36.2 (35750192)|VARIABLE_ASSIGNMENT|[12]|dbRecords|{"s":1,"v":[{"s":2,"v":{"BFFFollow__FollowedU (7 more) ...":"[{\"id\":\"00550000005d (85 more) ...","Id":"a005000000ezW4dAAE"}}]}|0x67062b18
15:42:36.2 (35756508)|STATEMENT_EXECUTE|[20]
15:42:36.2 (36158245)|HEAP_ALLOCATE|[20]|Bytes:12
15:42:36.2 (36168968)|HEAP_ALLOCATE|[20]|Bytes:8
15:42:36.2 (36245815)|HEAP_ALLOCATE|[20]|Bytes:12
15:42:36.2 (36251507)|HEAP_ALLOCATE|[20]|Bytes:9
15:42:36.2 (36265207)|HEAP_ALLOCATE|[20]|Bytes:12
15:42:36.2 (36268933)|HEAP_ALLOCATE|[20]|Bytes:8
15:42:36.2 (36279739)|HEAP_ALLOCATE|[20]|Bytes:12
15:42:36.2 (36283277)|HEAP_ALLOCATE|[20]|Bytes:8
15:42:36.2 (36293948)|HEAP_ALLOCATE|[20]|Bytes:12
15:42:36.2 (36297327)|HEAP_ALLOCATE|[20]|Bytes:9
15:42:36.2 (36333873)|METHOD_ENTRY|[20]|01p50000002CIEt|BFFFollow.ETLC_SecuredDB.findFields(List<SObject>)
15:42:36.2 (36366567)|VARIABLE_SCOPE_BEGIN|[108]|dbRecords|List<SObject>|true|false
15:42:36.2 (36390099)|VARIABLE_ASSIGNMENT|[108]|dbRecords|{"s":1,"v":[{"s":2,"v":{"BFFFollow__FollowedU (7 more) ...":"[{\"id\":\"00550000005d (85 more) ...","Id":"a005000000ezW4dAAE"}}]}|0x67062b18
15:42:36.2 (36404109)|HEAP_ALLOCATE|[109]|Bytes:5
15:42:36.2 (36408665)|STATEMENT_EXECUTE|[108]
15:42:36.2 (36410066)|STATEMENT_EXECUTE|[109]
15:42:36.2 (36421037)|VARIABLE_SCOPE_BEGIN|[109]|strJSON|String|false|false
15:42:36.2 (36427558)|VARIABLE_ASSIGNMENT|[109]|strJSON|null
15:42:36.2 (36429528)|STATEMENT_EXECUTE|[110]
15:42:36.2 (36435299)|VARIABLE_SCOPE_BEGIN|[110]|mapFields|Map<String,Set<String>>|true|false
15:42:36.2 (36440717)|VARIABLE_ASSIGNMENT|[110]|mapFields|null|
15:42:36.2 (36442576)|STATEMENT_EXECUTE|[112]
15:42:36.2 (36457973)|METHOD_ENTRY|[112]||System.JSON.serialize(Object)
15:42:36.2 (36953275)|METHOD_EXIT|[112]||System.JSON.serialize(Object)
15:42:36.2 (36973412)|VARIABLE_ASSIGNMENT|[112]|strJSON|"[{\"attributes\":{\"typ (292 more) ..."
15:42:36.2 (36977346)|STATEMENT_EXECUTE|[113]
15:42:36.2 (36987171)|HEAP_ALLOCATE|[113]|Bytes:5
15:42:36.2 (37001799)|HEAP_ALLOCATE|[113]|Bytes:317
15:42:36.2 (37025180)|ENTERING_MANAGED_PKG|
15:42:36.2 (37053078)|USER_DEBUG|[113]|DEBUG|JSON:[{"attributes":{"type":"BFFFollow__BFFFollow__c","url":"/services/data/v37.0/sobjects/BFFFollow__BFFFollow__c/a005000000ezW4dAAE"},"BFFFollow__FollowedUsers__c":"[{\"id\":\"00550000005d7KnAAI\",\"name\":\"Test User\"},{\"id\":\"00550000005cg71AAA\",\"name\":\"Jaswinder Rattanpal\"}]","Id":"a005000000ezW4dAAE"}]
15:42:36.2 (37062579)|STATEMENT_EXECUTE|[114]
15:42:36.2 (37075385)|HEAP_ALLOCATE|[114]|Bytes:4
15:42:36.2 (37106921)|VARIABLE_ASSIGNMENT|[114]|mapFields|{"s":1,"v":{}}|0x71717477
15:42:36.2 (37110602)|STATEMENT_EXECUTE|[115]
15:42:36.2 (37123102)|METHOD_ENTRY|[115]||System.JSON.deserializeUntyped(String)
15:42:36.2 (37492212)|METHOD_EXIT|[115]||System.JSON.deserializeUntyped(String)
15:42:36.2 (37503169)|VARIABLE_SCOPE_BEGIN|[115]|records|List<ANY>|true|false
15:42:36.2 (37526494)|HEAP_ALLOCATE|[EXTERNAL]|Bytes:8
15:42:36.2 (37556888)|VARIABLE_ASSIGNMENT|[115]|records|{"s":1,"v":[{"s":2,"v":{"attributes":{"s":3,"v":{"type":"BFFFollow__BFFFollow (3 more) ...","url":"/services/data/v37.0 (52 more) ..."}},"BFFFollow__FollowedU (7 more) ...":"[{\"id\":\"00550000005d (85 more) ...","Id":"a005000000ezW4dAAE"}}]}|0x63c551ac
15:42:36.2 (37581698)|ENTERING_MANAGED_PKG|
15:42:36.2 (37614503)|HEAP_ALLOCATE|[116]|Bytes:5
15:42:36.2 (37633274)|HEAP_ALLOCATE|[116]|Bytes:16
15:42:36.2 (37644349)|VARIABLE_SCOPE_BEGIN|[116]|record|Object|false|false
15:42:36.2 (37669513)|VARIABLE_ASSIGNMENT|[116]|record|{"s":1,"v":{"attributes":{"s":2,"v":{"type":"BFFFollow__BFFFollow (3 more) ...","url":"/services/data/v37.0 (52 more) ..."}},"BFFFollow__FollowedU (7 more) ...":"[{\"id\":\"00550000005d (85 more) ...","Id":"a005000000ezW4dAAE"}}
15:42:36.2 (37674604)|STATEMENT_EXECUTE|[116]
15:42:36.2 (37676240)|STATEMENT_EXECUTE|[117]
15:42:36.2 (37700656)|METHOD_ENTRY|[117]|01p50000002CIEt|BFFFollow.ETLC_SecuredDB.findFieldsRecursive(Map<String,Set<String>>, Map<String,ANY>)
15:42:36.2 (37727701)|VARIABLE_SCOPE_BEGIN|[124]|mapFields|Map<String,Set<String>>|true|false
15:42:36.2 (37740628)|VARIABLE_ASSIGNMENT|[124]|mapFields|{"s":1,"v":{}}|0x71717477
15:42:36.2 (37745567)|VARIABLE_SCOPE_BEGIN|[124]|record|Map<String,ANY>|true|false
15:42:36.2 (37760119)|VARIABLE_ASSIGNMENT|[124]|record|{"s":1,"v":{"attributes":{"s":2,"v":{"type":"BFFFollow__BFFFollow (3 more) ...","url":"/services/data/v37.0 (52 more) ..."}},"BFFFollow__FollowedU (7 more) ...":"[{\"id\":\"00550000005d (85 more) ...","Id":"a005000000ezW4dAAE"}}|0x30386d62
15:42:36.2 (37773234)|HEAP_ALLOCATE|[125]|Bytes:5
15:42:36.2 (37777844)|STATEMENT_EXECUTE|[124]
15:42:36.2 (37779272)|STATEMENT_EXECUTE|[125]
15:42:36.2 (37786360)|HEAP_ALLOCATE|[125]|Bytes:10
15:42:36.2 (37791216)|VARIABLE_SCOPE_BEGIN|[125]|strAttributes|String|false|false
15:42:36.2 (37797172)|VARIABLE_ASSIGNMENT|[125]|strAttributes|"attributes"
15:42:36.2 (37799496)|STATEMENT_EXECUTE|[126]
15:42:36.2 (37804459)|HEAP_ALLOCATE|[126]|Bytes:7
15:42:36.2 (37808591)|VARIABLE_SCOPE_BEGIN|[126]|strRecord|String|false|false
15:42:36.2 (37813126)|VARIABLE_ASSIGNMENT|[126]|strRecord|"records"
15:42:36.2 (37828941)|ENTERING_MANAGED_PKG|
15:42:36.2 (37858141)|STATEMENT_EXECUTE|[127]
15:42:36.2 (37860067)|STATEMENT_EXECUTE|[128]
15:42:36.2 (37874390)|ENTERING_MANAGED_PKG|
15:42:36.2 (37904463)|VARIABLE_SCOPE_BEGIN|[128]|attributes|Map<String,ANY>|true|false
15:42:36.2 (37923516)|VARIABLE_ASSIGNMENT|[128]|attributes|{"s":1,"v":{"type":"BFFFollow__BFFFollow (3 more) ...","url":"/services/data/v37.0 (52 more) ..."}}|0x635db7ab
15:42:36.2 (37927398)|STATEMENT_EXECUTE|[129]
15:42:36.2 (37935306)|HEAP_ALLOCATE|[129]|Bytes:4
15:42:36.2 (37952589)|ENTERING_MANAGED_PKG|
15:42:36.2 (37985549)|VARIABLE_SCOPE_BEGIN|[129]|objectName|String|false|false
15:42:36.2 (37997568)|VARIABLE_ASSIGNMENT|[129]|objectName|"BFFFollow__BFFFollow (3 more) ..."
15:42:36.2 (38009584)|HEAP_ALLOCATE|[130]|Bytes:4
15:42:36.2 (38032782)|ENTERING_MANAGED_PKG|
15:42:36.2 (38065614)|ENTERING_MANAGED_PKG|
15:42:36.2 (38103941)|HEAP_ALLOCATE|[130]|Bytes:55
15:42:36.2 (38122073)|ENTERING_MANAGED_PKG|
15:42:36.2 (38128982)|HEAP_ALLOCATE|[130]|Bytes:12
15:42:36.2 (38138701)|ENTERING_MANAGED_PKG|
15:42:36.2 (38158719)|HEAP_ALLOCATE|[130]|Bytes:5
15:42:36.2 (38174602)|VARIABLE_SCOPE_BEGIN|[130]|fieldName|String|false|false
15:42:36.2 (38182452)|VARIABLE_ASSIGNMENT|[130]|fieldName|"attributes"
15:42:36.2 (38185600)|STATEMENT_EXECUTE|[130]
15:42:36.2 (38186746)|STATEMENT_EXECUTE|[131]
15:42:36.2 (38202056)|ENTERING_MANAGED_PKG|
15:42:36.2 (38233721)|VARIABLE_SCOPE_BEGIN|[131]|field|Object|false|false
15:42:36.2 (38253574)|VARIABLE_ASSIGNMENT|[131]|field|{"s":1,"v":{"type":"BFFFollow__BFFFollow (3 more) ...","url":"/services/data/v37.0 (52 more) ..."}}
15:42:36.2 (38282089)|STATEMENT_EXECUTE|[132]
15:42:36.2 (38298433)|HEAP_ALLOCATE|[130]|Bytes:5
15:42:36.2 (38310912)|VARIABLE_SCOPE_BEGIN|[130]|fieldName|String|false|false
15:42:36.2 (38318744)|VARIABLE_ASSIGNMENT|[130]|fieldName|"BFFFollow__FollowedU (7 more) ..."
15:42:36.2 (38321636)|STATEMENT_EXECUTE|[130]
15:42:36.2 (38322940)|STATEMENT_EXECUTE|[131]
15:42:36.2 (38336899)|ENTERING_MANAGED_PKG|
15:42:36.2 (38350228)|VARIABLE_SCOPE_BEGIN|[131]|field|Object|false|false
15:42:36.2 (38360476)|VARIABLE_ASSIGNMENT|[131]|field|"[{\"id\":\"00550000005d (85 more) ..."
15:42:36.2 (38372522)|HEAP_ALLOCATE|[134]|Bytes:68
15:42:36.2 (38393169)|STATEMENT_EXECUTE|[136]
15:42:36.2 (38395147)|STATEMENT_EXECUTE|[137]
15:42:36.2 (38405091)|HEAP_ALLOCATE|[137]|Bytes:4
15:42:36.2 (38428217)|ENTERING_MANAGED_PKG|
15:42:36.2 (38451456)|VARIABLE_SCOPE_BEGIN|[137]|fieldNames|Set<String>|true|false
15:42:36.2 (38477712)|VARIABLE_ASSIGNMENT|[137]|fieldNames|{"s":1,"v":[]}|0x50f4cfc8
15:42:36.2 (38494859)|ENTERING_MANAGED_PKG|
15:42:36.2 (38520434)|STATEMENT_EXECUTE|[138]
15:42:36.2 (38526933)|STATEMENT_EXECUTE|[139]
15:42:36.2 (38541370)|ENTERING_MANAGED_PKG|
15:42:36.2 (38563780)|HEAP_ALLOCATE|[EXTERNAL]|Bytes:4
15:42:36.2 (38572980)|STATEMENT_EXECUTE|[140]
15:42:36.2 (38588708)|ENTERING_MANAGED_PKG|
15:42:36.2 (38610509)|HEAP_ALLOCATE|[EXTERNAL]|Bytes:-4
15:42:36.2 (38625674)|HEAP_ALLOCATE|[130]|Bytes:5
15:42:36.2 (38638478)|VARIABLE_SCOPE_BEGIN|[130]|fieldName|String|false|false
15:42:36.2 (38645592)|VARIABLE_ASSIGNMENT|[130]|fieldName|"Id"
15:42:36.2 (38648358)|STATEMENT_EXECUTE|[130]
15:42:36.2 (38649491)|STATEMENT_EXECUTE|[131]
15:42:36.2 (38663538)|ENTERING_MANAGED_PKG|
15:42:36.2 (38676884)|VARIABLE_SCOPE_BEGIN|[131]|field|Object|false|false
15:42:36.2 (38685260)|VARIABLE_ASSIGNMENT|[131]|field|"a005000000ezW4dAAE"
15:42:36.2 (38702060)|STATEMENT_EXECUTE|[136]
15:42:36.2 (38703786)|STATEMENT_EXECUTE|[137]
15:42:36.2 (38711816)|HEAP_ALLOCATE|[137]|Bytes:4
15:42:36.2 (38725777)|ENTERING_MANAGED_PKG|
15:42:36.2 (38734037)|VARIABLE_SCOPE_BEGIN|[137]|fieldNames|Set<String>|true|false
15:42:36.2 (38750856)|VARIABLE_ASSIGNMENT|[137]|fieldNames|{"s":1,"v":[]}|0x2354ebc9
15:42:36.2 (38762131)|ENTERING_MANAGED_PKG|
15:42:36.2 (38771139)|STATEMENT_EXECUTE|[138]
15:42:36.2 (38784103)|ENTERING_MANAGED_PKG|
15:42:36.2 (38810673)|VARIABLE_ASSIGNMENT|[138]|fieldNames|{"s":1,"v":["BFFFollow__FollowedU (7 more) ..."]}|0x50f4cfc8
15:42:36.2 (38814944)|STATEMENT_EXECUTE|[139]
15:42:36.2 (38828822)|ENTERING_MANAGED_PKG|
15:42:36.2 (38835076)|HEAP_ALLOCATE|[EXTERNAL]|Bytes:4
15:42:36.2 (38842192)|STATEMENT_EXECUTE|[140]
15:42:36.2 (38852346)|ENTERING_MANAGED_PKG|
15:42:36.2 (38870200)|HEAP_ALLOCATE|[130]|Bytes:5
15:42:36.2 (38882263)|VARIABLE_ASSIGNMENT|[130]|fieldName|null
15:42:36.2 (38894381)|METHOD_EXIT|[117]|01p50000002CIEt|BFFFollow.ETLC_SecuredDB.findFieldsRecursive(Map<String,Set<String>>, Map<String,ANY>)
15:42:36.2 (38904378)|HEAP_ALLOCATE|[116]|Bytes:5
15:42:36.2 (38918977)|VARIABLE_ASSIGNMENT|[116]|record|null
15:42:36.2 (38925634)|HEAP_ALLOCATE|[119]|Bytes:4
15:42:36.2 (38938775)|ENTERING_MANAGED_PKG|
15:42:36.2 (38967231)|ENTERING_MANAGED_PKG|
15:42:36.2 (38979498)|HEAP_ALLOCATE|[119]|Bytes:31
15:42:36.2 (38993761)|ENTERING_MANAGED_PKG|
15:42:36.2 (39000177)|HEAP_ALLOCATE|[119]|Bytes:4
15:42:36.2 (39010867)|ENTERING_MANAGED_PKG|
15:42:36.2 (39024991)|HEAP_ALLOCATE|[119]|Bytes:5
15:42:36.2 (39038200)|VARIABLE_SCOPE_BEGIN|[119]|objectName|String|false|false
15:42:36.2 (39049627)|VARIABLE_ASSIGNMENT|[119]|objectName|"BFFFollow__BFFFollow (3 more) ..."
15:42:36.2 (39052858)|STATEMENT_EXECUTE|[119]
15:42:36.2 (39054125)|STATEMENT_EXECUTE|[120]
15:42:36.2 (39061933)|HEAP_ALLOCATE|[120]|Bytes:2
15:42:36.2 (39075014)|ENTERING_MANAGED_PKG|
15:42:36.2 (39115987)|ENTERING_MANAGED_PKG|
15:42:36.2 (39131211)|HEAP_ALLOCATE|[120]|Bytes:33
15:42:36.2 (39146296)|HEAP_ALLOCATE|[120]|Bytes:58
15:42:36.2 (39157738)|ENTERING_MANAGED_PKG|
15:42:36.2 (39161502)|USER_DEBUG|[120]|DEBUG|BFFFollow__BFFFollow__c: {BFFFollow__FollowedUsers__c, Id}
15:42:36.2 (39173960)|HEAP_ALLOCATE|[119]|Bytes:5
15:42:36.2 (39185557)|VARIABLE_ASSIGNMENT|[119]|objectName|null
15:42:36.2 (39189398)|STATEMENT_EXECUTE|[122]
15:42:36.2 (39201223)|METHOD_EXIT|[20]|01p50000002CIEt|BFFFollow.ETLC_SecuredDB.findFields(List<SObject>)
15:42:36.2 (39219408)|METHOD_ENTRY|[20]|01p50000002CIEt|BFFFollow.ETLC_SecuredDB.validate(BFFFollow.ETLC_SecuredDB.Operation, Map<String,Set<String>>)
15:42:36.2 (39227980)|VARIABLE_SCOPE_BEGIN|[55]|op|BFFFollow.ETLC_SecuredDB.Operation|true|false
15:42:36.2 (39247137)|VARIABLE_ASSIGNMENT|[55]|op|"Querying"|0x1950d646
15:42:36.2 (39251515)|VARIABLE_SCOPE_BEGIN|[55]|mapFieldNames|Map<String,Set<String>>|true|false
15:42:36.2 (39270389)|VARIABLE_ASSIGNMENT|[55]|mapFieldNames|{"s":1,"v":{"BFFFollow__BFFFollow (3 more) ...":{"s":2,"v":["BFFFollow__FollowedU (7 more) ...","Id"]}}}|0x71717477
15:42:36.2 (39279752)|HEAP_ALLOCATE|[56]|Bytes:5
15:42:36.2 (39284369)|STATEMENT_EXECUTE|[55]
15:42:36.2 (39285714)|STATEMENT_EXECUTE|[56]
15:42:36.2 (39293725)|VARIABLE_SCOPE_BEGIN|[56]|securityMessage|String|false|false
15:42:36.2 (39298737)|VARIABLE_ASSIGNMENT|[56]|securityMessage|null
15:42:36.2 (39300685)|STATEMENT_EXECUTE|[57]
15:42:36.2 (39323928)|ENTERING_MANAGED_PKG|
15:42:36.2 (57236283)|HEAP_ALLOCATE|[57]|Bytes:1440
15:42:36.2 (57269177)|VARIABLE_SCOPE_BEGIN|[57]|mapObjects|Map<String,Schema.SObjectType>|true|false
15:42:36.2 (57523275)|VARIABLE_ASSIGNMENT|[57]|mapObjects|"{acceptedeventrelation=AcceptedEventRelation, account=Account, accountcontactrole=AccountContactRole, accountfeed=AccountFeed, accounthistory=AccountHistory, accountpartner=AccountPartner, accountshare=AccountShare, actionlinkgrouptemplate=ActionLinkGroupTemplate, actionlinktemplate=ActionLinkTemplate, activityhistory=ActivityHistory, ...}"|0x6f2cd02b
15:42:36.2 (57537050)|HEAP_ALLOCATE|[58]|Bytes:4
15:42:36.2 (57563228)|ENTERING_MANAGED_PKG|
15:42:36.2 (57613462)|ENTERING_MANAGED_PKG|
15:42:36.2 (57633614)|HEAP_ALLOCATE|[58]|Bytes:31
15:42:36.2 (57655650)|ENTERING_MANAGED_PKG|
15:42:36.2 (57663041)|HEAP_ALLOCATE|[58]|Bytes:4
15:42:36.2 (57673465)|ENTERING_MANAGED_PKG|
15:42:36.2 (57693146)|HEAP_ALLOCATE|[58]|Bytes:5
15:42:36.2 (57710027)|VARIABLE_SCOPE_BEGIN|[58]|sObjectName|String|false|false
15:42:36.2 (57723654)|VARIABLE_ASSIGNMENT|[58]|sObjectName|"BFFFollow__BFFFollow (3 more) ..."
15:42:36.2 (57728825)|STATEMENT_EXECUTE|[58]
15:42:36.2 (57730564)|STATEMENT_EXECUTE|[59]
15:42:36.2 (57742761)|HEAP_ALLOCATE|[59]|Bytes:9
15:42:36.2 (57747055)|HEAP_ALLOCATE|[59]|Bytes:7
15:42:36.2 (57771957)|ENTERING_MANAGED_PKG|
15:42:36.2 (57818961)|HEAP_ALLOCATE|[59]|Bytes:8
15:42:36.2 (57831052)|HEAP_ALLOCATE|[59]|Bytes:1
15:42:36.2 (57846228)|HEAP_ALLOCATE|[59]|Bytes:48
15:42:36.2 (57856933)|VARIABLE_ASSIGNMENT|[59]|securityMessage|"CRUD on [BFFFollow__ (28 more) ..."
15:42:36.2 (57860132)|STATEMENT_EXECUTE|[60]
15:42:36.2 (57868906)|HEAP_ALLOCATE|[60]|Bytes:10
15:42:36.2 (57877173)|HEAP_ALLOCATE|[60]|Bytes:58
15:42:36.2 (57892963)|ENTERING_MANAGED_PKG|
15:42:36.2 (57918055)|USER_DEBUG|[60]|DEBUG|Checking: CRUD on [BFFFollow__BFFFollow__c] for [Querying]
15:42:36.2 (57926276)|STATEMENT_EXECUTE|[61]
15:42:36.2 (57944693)|ENTERING_MANAGED_PKG|
15:42:36.2 (58222642)|HEAP_ALLOCATE|[61]|Bytes:4
15:42:36.2 (58275023)|VARIABLE_SCOPE_BEGIN|[61]|drSObj|Schema.DescribeSObjectResult|true|false
15:42:36.2 (58361480)|VARIABLE_ASSIGNMENT|[61]|drSObj|"common.api.soap.wsdl.DescribeSObjectResult@6e1daf55"|0x7fc37d04
15:42:36.2 (58514526)|STATEMENT_EXECUTE|[64]
15:42:36.2 (58540433)|STATEMENT_EXECUTE|[65]
15:42:36.2 (58596230)|STATEMENT_EXECUTE|[77]
15:42:36.2 (58598999)|STATEMENT_EXECUTE|[79]
15:42:36.2 (58862174)|HEAP_ALLOCATE|[79]|Bytes:56
15:42:36.2 (58874421)|VARIABLE_SCOPE_BEGIN|[79]|mapFields|Map<String,Schema.SObjectField>|true|false
15:42:36.2 (59022716)|VARIABLE_ASSIGNMENT|[79]|mapFields|"{bfffollow__followedby__c=BFFFollow__FollowedBy__c, bfffollow__followedusers__c=BFFFollow__FollowedUsers__c, createdbyid=CreatedById, createddate=CreatedDate, id=Id, isdeleted=IsDeleted, lastmodifiedbyid=LastModifiedById, lastmodifieddate=LastModifiedDate, lastreferenceddate=LastReferencedDate, lastvieweddate=LastViewedDate, ...}"|0x46f81467
15:42:36.2 (59035025)|HEAP_ALLOCATE|[80]|Bytes:4
15:42:36.2 (59051984)|ENTERING_MANAGED_PKG|
15:42:36.2 (59079388)|ENTERING_MANAGED_PKG|
15:42:36.2 (59098431)|ENTERING_MANAGED_PKG|
15:42:36.2 (59103329)|HEAP_ALLOCATE|[80]|Bytes:8
15:42:36.2 (59112922)|ENTERING_MANAGED_PKG|
15:42:36.2 (59128852)|HEAP_ALLOCATE|[80]|Bytes:5
15:42:36.2 (59143370)|VARIABLE_SCOPE_BEGIN|[80]|fieldName|String|false|false
15:42:36.2 (59153680)|VARIABLE_ASSIGNMENT|[80]|fieldName|"BFFFollow__FollowedU (7 more) ..."
15:42:36.2 (59156908)|STATEMENT_EXECUTE|[80]
15:42:36.2 (59158444)|STATEMENT_EXECUTE|[81]
15:42:36.2 (59176939)|ENTERING_MANAGED_PKG|
15:42:36.2 (65303413)|HEAP_ALLOCATE|[81]|Bytes:8
15:42:36.2 (65370400)|VARIABLE_SCOPE_BEGIN|[81]|drField|Schema.DescribeFieldResult|true|false
15:42:36.2 (65479695)|VARIABLE_ASSIGNMENT|[81]|drField|"common.api.soap.wsdl.Field@f8e738ba"|0xc45b378
15:42:36.2 (65514951)|STATEMENT_EXECUTE|[82]
15:42:36.2 (65517463)|STATEMENT_EXECUTE|[83]
15:42:36.2 (65535467)|HEAP_ALLOCATE|[83]|Bytes:8
15:42:36.2 (65541538)|HEAP_ALLOCATE|[83]|Bytes:1
15:42:36.2 (65575618)|ENTERING_MANAGED_PKG|
15:42:36.2 (65627387)|HEAP_ALLOCATE|[83]|Bytes:8
15:42:36.2 (65653851)|HEAP_ALLOCATE|[83]|Bytes:74
15:42:36.2 (65662277)|HEAP_ALLOCATE|[83]|Bytes:75
15:42:36.2 (65674298)|VARIABLE_ASSIGNMENT|[83]|securityMessage|"FLS on [BFFFollow__B (55 more) ..."
15:42:36.2 (65677395)|STATEMENT_EXECUTE|[84]
15:42:36.2 (65688785)|HEAP_ALLOCATE|[84]|Bytes:85
15:42:36.2 (65712401)|ENTERING_MANAGED_PKG|
15:42:36.2 (65739792)|USER_DEBUG|[84]|DEBUG|Checking: FLS on [BFFFollow__BFFFollow__c.BFFFollow__FollowedUsers__c] for [Querying]
15:42:36.2 (65870572)|STATEMENT_EXECUTE|[87]
15:42:36.2 (65887902)|STATEMENT_EXECUTE|[88]
15:42:36.2 (65911319)|HEAP_ALLOCATE|[80]|Bytes:5
15:42:36.2 (65934895)|VARIABLE_SCOPE_BEGIN|[80]|fieldName|String|false|false
15:42:36.2 (65943319)|VARIABLE_ASSIGNMENT|[80]|fieldName|"Id"
15:42:36.2 (65946498)|STATEMENT_EXECUTE|[80]
15:42:36.2 (65947789)|STATEMENT_EXECUTE|[81]
15:42:36.2 (65968373)|ENTERING_MANAGED_PKG|
15:42:36.2 (66132967)|HEAP_ALLOCATE|[81]|Bytes:8
15:42:36.2 (66146496)|VARIABLE_SCOPE_BEGIN|[81]|drField|Schema.DescribeFieldResult|true|false
15:42:36.2 (66213818)|VARIABLE_ASSIGNMENT|[81]|drField|"common.api.soap.wsdl.Field@77bb4735"|0x19dbe666
15:42:36.2 (66227238)|STATEMENT_EXECUTE|[99]
15:42:36.2 (66229453)|STATEMENT_EXECUTE|[100]
15:42:36.2 (66240327)|HEAP_ALLOCATE|[100]|Bytes:22
15:42:36.2 (66262466)|ENTERING_MANAGED_PKG|
15:42:36.2 (66288265)|HEAP_ALLOCATE|[100]|Bytes:8
15:42:36.2 (66303540)|HEAP_ALLOCATE|[100]|Bytes:63
15:42:36.2 (66308013)|HEAP_ALLOCATE|[100]|Bytes:35
15:42:36.2 (66312752)|HEAP_ALLOCATE|[100]|Bytes:98
15:42:36.2 (66326139)|ENTERING_MANAGED_PKG|
15:42:36.2 (66330361)|USER_DEBUG|[100]|DEBUG|Bypass Check: FLS on [BFFFollow__BFFFollow__c.Id] for [Querying] since it's not isPermissionable()
15:42:36.2 (66344316)|HEAP_ALLOCATE|[80]|Bytes:5
15:42:36.2 (66358743)|VARIABLE_ASSIGNMENT|[80]|fieldName|null
15:42:36.2 (66368709)|HEAP_ALLOCATE|[58]|Bytes:5
15:42:36.2 (66377973)|VARIABLE_ASSIGNMENT|[58]|sObjectName|null
15:42:36.2 (66394865)|METHOD_EXIT|[20]|01p50000002CIEt|BFFFollow.ETLC_SecuredDB.validate(BFFFollow.ETLC_SecuredDB.Operation, Map<String,Set<String>>)
15:42:36.2 (66399254)|STATEMENT_EXECUTE|[21]
15:42:36.2 (66412298)|METHOD_EXIT|[45]|01p50000002CIEt|BFFFollow.ETLC_SecuredDB.query(String)
15:42:36.2 (66419270)|VARIABLE_SCOPE_BEGIN|[45]|dbRecords|List<SObject>|true|false
15:42:36.2 (66461423)|VARIABLE_ASSIGNMENT|[45]|dbRecords|{"s":1,"v":[{"s":2,"v":{"BFFFollow__FollowedU (7 more) ...":"[{\"id\":\"00550000005d (85 more) ...","Id":"a005000000ezW4dAAE"}}]}|0x67062b18
15:42:36.2 (66469888)|STATEMENT_EXECUTE|[46]
15:42:36.2 (66563577)|ENTERING_MANAGED_PKG|
15:42:36.2 (66590090)|STATEMENT_EXECUTE|[47]
15:42:36.2 (66594863)|STATEMENT_EXECUTE|[48]
15:42:36.2 (66600386)|STATEMENT_EXECUTE|[51]
15:42:36.2 (66613453)|HEAP_ALLOCATE|[51]|Bytes:12
15:42:36.2 (66622795)|HEAP_ALLOCATE|[51]|Bytes:16
15:42:36.2 (66650736)|ENTERING_MANAGED_PKG|
15:42:36.2 (66696102)|HEAP_ALLOCATE|[51]|Bytes:105
15:42:36.2 (66716341)|METHOD_EXIT|[12]|01p50000002D8iw|BFFFollow.BFFFollow_Controller.fetchFollowedUsers(Id)
15:42:36.2 (66798568)|VARIABLE_ASSIGNMENT|[EXTERNAL]|this|{"debug":false,"input":"{\"mode\":\"fetchFollow (9 more) ...","operation":"BFFFollow_Controller"}|0x43f597d5
15:42:36.2 (66810701)|VARIABLE_ASSIGNMENT|[EXTERNAL]|value|"[{\"id\":\"00550000005d (85 more) ..."
15:42:36.2 (66825840)|VARIABLE_ASSIGNMENT|[12]|this.output|"[{\"id\":\"00550000005d (85 more) ..."|0x43f597d5
15:42:36.2 (66833871)|STATEMENT_EXECUTE|[13]
15:42:36.2 (66898085)|VARIABLE_ASSIGNMENT|[EXTERNAL]|this|{"debug":false,"input":"{\"mode\":\"fetchFollow (9 more) ...","operation":"BFFFollow_Controller","output":"[{\"id\":\"00550000005d (85 more) ..."}|0x43f597d5
15:42:36.2 (66964364)|VARIABLE_ASSIGNMENT|[EXTERNAL]|this|{"debug":false,"input":"{\"mode\":\"fetchFollow (9 more) ...","operation":"BFFFollow_Controller","output":"[{\"id\":\"00550000005d (85 more) ..."}|0x43f597d5
15:42:36.2 (66976408)|VARIABLE_ASSIGNMENT|[EXTERNAL]|value|true
15:42:36.2 (66982081)|HEAP_ALLOCATE|[15]|Bytes:5
15:42:36.2 (66990420)|VARIABLE_ASSIGNMENT|[15]|this.outputFlag|true|0x43f597d5
15:42:36.2 (67002817)|STATEMENT_EXECUTE|[21]
15:42:36.2 (67018279)|METHOD_EXIT|[9]|01p50000002D8iw|BFFFollow.BFFFollow_Controller.process(BFFFollow.ETLC_ApexBridge_Data)
15:42:36.2 (67022506)|STATEMENT_EXECUTE|[24]
15:42:36.2 (67040054)|METHOD_ENTRY|[24]|01p50000002CIEo|BFFFollow.ETLC_ApexBridge_Data.toJSON()
15:42:36.2 (67059953)|VARIABLE_SCOPE_BEGIN|[57]|this|BFFFollow.ETLC_ApexBridge_Data|true|false
15:42:36.2 (67088095)|VARIABLE_ASSIGNMENT|[57]|this|{"debug":false,"input":"{\"mode\":\"fetchFollow (9 more) ...","operation":"BFFFollow_Controller","output":"[{\"id\":\"00550000005d (85 more) ...","outputFlag":true}|0x43f597d5
15:42:36.2 (67094521)|STATEMENT_EXECUTE|[57]
15:42:36.2 (67095693)|STATEMENT_EXECUTE|[58]
15:42:36.2 (67110616)|METHOD_ENTRY|[58]||System.JSON.serialize(Object)
15:42:36.2 (67198439)|STATEMENT_EXECUTE|[22]
15:42:36.2 (67203094)|STATEMENT_EXECUTE|[23]
15:42:36.2 (67212094)|HEAP_ALLOCATE|[23]|Bytes:5
15:42:36.2 (67221935)|VARIABLE_ASSIGNMENT|[23]|this.isSuccess|true|0x43f597d5
15:42:36.2 (67224368)|STATEMENT_EXECUTE|[24]
15:42:36.2 (67270175)|STATEMENT_EXECUTE|[31]
15:42:36.2 (67274475)|STATEMENT_EXECUTE|[32]
15:42:36.2 (67285799)|HEAP_ALLOCATE|[32]|Bytes:4
15:42:36.2 (67362101)|VARIABLE_ASSIGNMENT|[32]|this.messages|{"s":1,"v":{}}|0x43f597d5
15:42:36.2 (67366600)|STATEMENT_EXECUTE|[33]
15:42:36.2 (67711023)|METHOD_EXIT|[58]||System.JSON.serialize(Object)
15:42:36.2 (67717838)|METHOD_EXIT|[24]|01p50000002CIEo|BFFFollow.ETLC_ApexBridge_Data.toJSON()
15:42:36.2 (67724567)|SYSTEM_MODE_EXIT|false
15:42:36.67 (67775163)|CUMULATIVE_LIMIT_USAGE
15:42:36.67 (67775163)|LIMIT_USAGE_FOR_NS|(default)|
  Number of SOQL queries: 0 out of 100
  Number of query rows: 0 out of 50000
  Number of SOSL queries: 0 out of 20
  Number of DML statements: 0 out of 150
  Number of DML rows: 0 out of 10000
  Maximum CPU time: 0 out of 10000
  Maximum heap size: 0 out of 6000000
  Number of callouts: 0 out of 100
  Number of Email Invocations: 0 out of 10
  Number of future calls: 0 out of 50
  Number of queueable jobs added to the queue: 0 out of 50
  Number of Mobile Apex push calls: 0 out of 10

15:42:36.67 (67775163)|LIMIT_USAGE_FOR_NS|BFFFollow|
  Number of SOQL queries: 1 out of 100
  Number of query rows: 1 out of 50000
  Number of SOSL queries: 0 out of 20
  Number of DML statements: 0 out of 150
  Number of DML rows: 0 out of 10000
  Maximum CPU time: 0 out of 10000
  Maximum heap size: 0 out of 6000000
  Number of callouts: 0 out of 100
  Number of Email Invocations: 0 out of 10
  Number of future calls: 0 out of 50
  Number of queueable jobs added to the queue: 0 out of 50
  Number of Mobile Apex push calls: 0 out of 10

15:42:36.67 (67775163)|CUMULATIVE_LIMIT_USAGE_END

15:42:36.2 (67838426)|CODE_UNIT_FINISHED|ETLC_ApexBridge_Controller.execute
