37.0 APEX_CODE,FINEST;APEX_PROFILING,INFO;CALLOUT,INFO;DB,INFO;SYSTEM,DEBUG;VALIDATION,INFO;VISUALFORCE,INFO;WORKFLOW,INFO
11:37:08.2 (2341739)|USER_INFO|[EXTERNAL]|00550000005cg71|bfffollow@jr.te|Eastern Standard Time|GMT-04:00
11:37:08.2 (2381331)|EXECUTION_STARTED
11:37:08.2 (2396353)|CODE_UNIT_STARTED|[EXTERNAL]|aura
11:37:08.2 (2741192)|HEAP_ALLOCATE|[72]|Bytes:3
11:37:08.2 (2809732)|HEAP_ALLOCATE|[77]|Bytes:152
11:37:08.2 (2825904)|HEAP_ALLOCATE|[342]|Bytes:408
11:37:08.2 (2845001)|HEAP_ALLOCATE|[355]|Bytes:408
11:37:08.2 (2862124)|HEAP_ALLOCATE|[467]|Bytes:48
11:37:08.2 (2890163)|HEAP_ALLOCATE|[139]|Bytes:6
11:37:08.2 (2917452)|HEAP_ALLOCATE|[EXTERNAL]|Bytes:94
11:37:08.2 (2963763)|HEAP_ALLOCATE|[EXTERNAL]|Bytes:94
11:37:08.2 (4210723)|CODE_UNIT_STARTED|[EXTERNAL]|01p50000002CIEm|ETLC_ApexBridge_Controller.execute
11:37:08.2 (7552858)|HEAP_ALLOCATE|[EXTERNAL]|Bytes:1
11:37:08.2 (7564678)|HEAP_ALLOCATE|[EXTERNAL]|Bytes:10
11:37:08.2 (7583041)|METHOD_ENTRY|[1]|01p50000002CIEm|ETLC_ApexBridge_Controller.ETLC_ApexBridge_Controller()
11:37:08.2 (7587511)|STATEMENT_EXECUTE|[1]
11:37:08.2 (7593646)|STATEMENT_EXECUTE|[1]
11:37:08.2 (7601826)|METHOD_EXIT|[1]|ETLC_ApexBridge_Controller
11:37:08.2 (7606255)|HEAP_ALLOCATE|[EXTERNAL]|Bytes:94
11:37:08.2 (7618994)|SYSTEM_MODE_ENTER|false
11:37:08.2 (7733130)|VARIABLE_SCOPE_BEGIN|[3]|dataJson|String|false|false
11:37:08.2 (7840188)|VARIABLE_ASSIGNMENT|[3]|dataJson|"{\"operation\":\"BFFFol (74 more) ..."
11:37:08.2 (7854876)|STATEMENT_EXECUTE|[3]
11:37:08.2 (7856701)|STATEMENT_EXECUTE|[4]
11:37:08.2 (13258287)|VARIABLE_SCOPE_BEGIN|[4]|data|ETLC_ApexBridge_Data|true|false
11:37:08.2 (13274033)|VARIABLE_ASSIGNMENT|[4]|data|null|
11:37:08.2 (13277209)|STATEMENT_EXECUTE|[5]
11:37:08.2 (13278803)|STATEMENT_EXECUTE|[5]
11:37:08.2 (13280098)|STATEMENT_EXECUTE|[6]
11:37:08.2 (13299000)|HEAP_ALLOCATE|[6]|Bytes:11
11:37:08.2 (13306818)|HEAP_ALLOCATE|[6]|Bytes:248
11:37:08.2 (13310250)|HEAP_ALLOCATE|[6]|Bytes:39
11:37:08.2 (13353384)|METHOD_ENTRY|[2]|01p50000002CIEo|ETLC_ApexBridge_Data.ETLC_ApexBridge_Data()
11:37:08.2 (13356887)|STATEMENT_EXECUTE|[2]
11:37:08.2 (13360669)|STATEMENT_EXECUTE|[2]
11:37:08.2 (13369439)|METHOD_EXIT|[2]|ETLC_ApexBridge_Data
11:37:08.2 (13404968)|METHOD_ENTRY|[6]|01p50000002CIEo|ETLC_ApexBridge_Data.fromJSON(String)
11:37:08.2 (13432582)|VARIABLE_SCOPE_BEGIN|[60]|strJson|String|false|false
11:37:08.2 (13444467)|VARIABLE_ASSIGNMENT|[60]|strJson|"{\"operation\":\"BFFFol (74 more) ..."
11:37:08.2 (13448800)|STATEMENT_EXECUTE|[60]
11:37:08.2 (13450064)|STATEMENT_EXECUTE|[61]
11:37:08.2 (13459697)|HEAP_ALLOCATE|[61]|Bytes:20
11:37:08.2 (13486759)|HEAP_ALLOCATE|[50]|Bytes:5
11:37:08.2 (13516093)|HEAP_ALLOCATE|[56]|Bytes:5
11:37:08.2 (13524929)|HEAP_ALLOCATE|[64]|Bytes:7
11:37:08.2 (13628794)|HEAP_ALLOCATE|[61]|Bytes:24
11:37:08.2 (13639879)|SYSTEM_METHOD_ENTRY|[1]|Type.Type()
11:37:08.2 (13642442)|STATEMENT_EXECUTE|[1]
11:37:08.2 (13652101)|SYSTEM_METHOD_EXIT|[1]|Type
11:37:08.2 (13657733)|HEAP_ALLOCATE|[61]|Bytes:8
11:37:08.2 (13677018)|HEAP_ALLOCATE|[61]|Bytes:8
11:37:08.2 (13681248)|VARIABLE_SCOPE_BEGIN|[4]|this|System.Type|true|false
11:37:08.2 (13745624)|VARIABLE_ASSIGNMENT|[4]|this|{}|0x25aac68f
11:37:08.2 (13750675)|VARIABLE_SCOPE_BEGIN|[4]|apextype|java:common.apex.runtime.ApexObjectType|true|false
11:37:08.2 (13943890)|VARIABLE_ASSIGNMENT|[4]|apextype|"ETLC_ApexBridge_Data"|0x2db88452
11:37:08.2 (14019144)|HEAP_ALLOCATE|[61]|Bytes:8
11:37:08.2 (14060941)|HEAP_ALLOCATE|[61]|Bytes:24
11:37:08.2 (14070952)|SYSTEM_METHOD_ENTRY|[1]|JSON.JSON()
11:37:08.2 (14073165)|STATEMENT_EXECUTE|[1]
11:37:08.2 (14080051)|SYSTEM_METHOD_EXIT|[1]|JSON
11:37:08.2 (14093808)|METHOD_ENTRY|[61]||System.JSON.deserializeStrict(String, System.Type)
11:37:08.2 (14681049)|METHOD_EXIT|[61]||System.JSON.deserializeStrict(String, System.Type)
11:37:08.2 (14692260)|METHOD_EXIT|[6]|01p50000002CIEo|ETLC_ApexBridge_Data.fromJSON(String)
11:37:08.2 (14755118)|VARIABLE_ASSIGNMENT|[6]|data|{"debug":true,"input":"{\"mode\":\"checkChatte (10 more) ...","operation":"BFFFollow_Controller"}|0x95a4dc9
11:37:08.2 (14762749)|STATEMENT_EXECUTE|[7]
11:37:08.2 (14773706)|HEAP_ALLOCATE|[7]|Bytes:6
11:37:08.2 (14850850)|HEAP_ALLOCATE|[7]|Bytes:178
11:37:08.2 (14872352)|HEAP_ALLOCATE|[7]|Bytes:184
11:37:08.2 (14892885)|USER_DEBUG|[7]|DEBUG|data::ETLC_ApexBridge_Data:[debug=true, input={"mode":"checkChatterEnabled"}, isSuccess=null, messages=null, operation=BFFFollow_Controller, output=null, outputFlag=null, records=null]
11:37:08.2 (14900754)|STATEMENT_EXECUTE|[8]
11:37:08.2 (14964207)|VARIABLE_ASSIGNMENT|[EXTERNAL]|this|{"debug":true,"input":"{\"mode\":\"checkChatte (10 more) ...","operation":"BFFFollow_Controller"}|0x95a4dc9
11:37:08.2 (14984697)|METHOD_ENTRY|[8]||System.Type.forName(String)
11:37:08.2 (19770033)|METHOD_EXIT|[8]||System.Type.forName(String)
11:37:08.2 (19786756)|METHOD_ENTRY|[8]||System.Type.newInstance()
11:37:08.2 (23716962)|STATEMENT_EXECUTE|[1]
11:37:08.2 (23739318)|HEAP_ALLOCATE|[33]|Bytes:5
11:37:08.2 (23758597)|METHOD_EXIT|[1]|BFFFollow_Controller
11:37:08.2 (23778253)|HEAP_ALLOCATE|[33]|Bytes:4
11:37:08.2 (23790428)|VARIABLE_SCOPE_BEGIN|[1]|this|BFFFollow_Controller|true|false
11:37:08.2 (23819062)|VARIABLE_ASSIGNMENT|[1]|this|{}|0x406cb248
11:37:08.2 (23828453)|HEAP_ALLOCATE|[33]|Bytes:5
11:37:08.2 (23838340)|HEAP_ALLOCATE|[33]|Bytes:11
11:37:08.2 (23855707)|METHOD_ENTRY|[1]|01p50000002CIEj|ETLC_ApexBridge_Abstract.ETLC_ApexBridge_Abstract()
11:37:08.2 (23859001)|STATEMENT_EXECUTE|[1]
11:37:08.2 (23862617)|STATEMENT_EXECUTE|[1]
11:37:08.2 (23867768)|METHOD_EXIT|[1]|ETLC_ApexBridge_Abstract
11:37:08.2 (23875597)|CONSTRUCTOR_ENTRY|[EXTERNAL]|01p50000002CIEj|<init>()
11:37:08.2 (23896602)|VARIABLE_SCOPE_BEGIN|[1]|this|ETLC_ApexBridge_Abstract|true|false
11:37:08.2 (23914004)|VARIABLE_ASSIGNMENT|[1]|this|{}|0x406cb248
11:37:08.2 (23931609)|STATEMENT_EXECUTE|[1]
11:37:08.2 (23938739)|CONSTRUCTOR_EXIT|[EXTERNAL]|01p50000002CIEj|<init>()
11:37:08.2 (23944728)|STATEMENT_EXECUTE|[1]
11:37:08.2 (23949798)|HEAP_ALLOCATE|[33]|Bytes:5
11:37:08.2 (23970305)|METHOD_EXIT|[8]||System.Type.newInstance()
11:37:08.2 (23978436)|VARIABLE_SCOPE_BEGIN|[8]|executor|ETLC_ApexBridge_Abstract|true|false
11:37:08.2 (23993441)|VARIABLE_ASSIGNMENT|[8]|executor|{}|0x406cb248
11:37:08.2 (23996350)|STATEMENT_EXECUTE|[9]
11:37:08.2 (24041607)|METHOD_ENTRY|[9]|01p50000002D8iw|BFFFollow_Controller.process(ETLC_ApexBridge_Data)
11:37:08.2 (24066788)|VARIABLE_SCOPE_BEGIN|[3]|this|BFFFollow_Controller|true|false
11:37:08.2 (24082202)|VARIABLE_ASSIGNMENT|[3]|this|{}|0x406cb248
11:37:08.2 (24089835)|VARIABLE_SCOPE_BEGIN|[3]|data|ETLC_ApexBridge_Data|true|false
11:37:08.2 (24134173)|VARIABLE_ASSIGNMENT|[3]|data|{"debug":true,"input":"{\"mode\":\"checkChatte (10 more) ...","operation":"BFFFollow_Controller"}|0x95a4dc9
11:37:08.2 (24149144)|HEAP_ALLOCATE|[4]|Bytes:5
11:37:08.2 (24154472)|STATEMENT_EXECUTE|[3]
11:37:08.2 (24155895)|STATEMENT_EXECUTE|[4]
11:37:08.2 (24262359)|VARIABLE_ASSIGNMENT|[EXTERNAL]|this|{"debug":true,"input":"{\"mode\":\"checkChatte (10 more) ...","operation":"BFFFollow_Controller"}|0x95a4dc9
11:37:08.2 (24286343)|VARIABLE_ASSIGNMENT|[4]|BFFFollow_Controller.debugFlag|true
11:37:08.2 (24335194)|VARIABLE_ASSIGNMENT|[EXTERNAL]|this|{"debug":true,"input":"{\"mode\":\"checkChatte (10 more) ...","operation":"BFFFollow_Controller"}|0x95a4dc9
11:37:08.2 (24349649)|STATEMENT_EXECUTE|[5]
11:37:08.2 (24359357)|HEAP_ALLOCATE|[5]|Bytes:12
11:37:08.2 (24404104)|HEAP_ALLOCATE|[5]|Bytes:178
11:37:08.2 (24419654)|HEAP_ALLOCATE|[5]|Bytes:190
11:37:08.2 (24434965)|USER_DEBUG|[5]|DEBUG|data BEFORE:ETLC_ApexBridge_Data:[debug=true, input={"mode":"checkChatterEnabled"}, isSuccess=null, messages=null, operation=BFFFollow_Controller, output=null, outputFlag=null, records=null]
11:37:08.2 (24442279)|STATEMENT_EXECUTE|[7]
11:37:08.2 (24450052)|HEAP_ALLOCATE|[7]|Bytes:4
11:37:08.2 (24475355)|METHOD_ENTRY|[7]|01p50000002CIEo|ETLC_ApexBridge_Data.getInputValue(String)
11:37:08.2 (24497542)|VARIABLE_SCOPE_BEGIN|[52]|this|ETLC_ApexBridge_Data|true|false
11:37:08.2 (24526842)|VARIABLE_ASSIGNMENT|[52]|this|{"debug":true,"input":"{\"mode\":\"checkChatte (10 more) ...","operation":"BFFFollow_Controller"}|0x95a4dc9
11:37:08.2 (24532461)|VARIABLE_SCOPE_BEGIN|[52]|key|String|false|false
11:37:08.2 (24536467)|VARIABLE_ASSIGNMENT|[52]|key|"mode"
11:37:08.2 (24540778)|STATEMENT_EXECUTE|[52]
11:37:08.2 (24542146)|STATEMENT_EXECUTE|[53]
11:37:08.2 (24596496)|VARIABLE_ASSIGNMENT|[EXTERNAL]|this|{"debug":true,"input":"{\"mode\":\"checkChatte (10 more) ...","operation":"BFFFollow_Controller"}|0x95a4dc9
11:37:08.2 (24617182)|METHOD_ENTRY|[53]||System.JSON.deserializeUntyped(String)
11:37:08.2 (24842739)|METHOD_EXIT|[53]||System.JSON.deserializeUntyped(String)
11:37:08.2 (24851708)|VARIABLE_SCOPE_BEGIN|[53]|inputMap|Map<String,ANY>|true|false
11:37:08.2 (24877183)|VARIABLE_ASSIGNMENT|[53]|inputMap|{"s":1,"v":{"mode":"checkChatterEnabled"}}|0x791fc867
11:37:08.2 (24880822)|STATEMENT_EXECUTE|[54]
11:37:08.2 (24950579)|METHOD_EXIT|[7]|01p50000002CIEo|ETLC_ApexBridge_Data.getInputValue(String)
11:37:08.2 (24956577)|VARIABLE_SCOPE_BEGIN|[7]|mode|String|false|false
11:37:08.2 (24964968)|VARIABLE_ASSIGNMENT|[7]|mode|"checkChatterEnabled"
11:37:08.2 (24970169)|HEAP_ALLOCATE|[9]|Bytes:19
11:37:08.2 (25003728)|STATEMENT_EXECUTE|[9]
11:37:08.2 (25006507)|STATEMENT_EXECUTE|[10]
11:37:08.2 (25021446)|METHOD_ENTRY|[10]|01p50000002D8iw|BFFFollow_Controller.checkChatterEnabled()
11:37:08.2 (25039856)|VARIABLE_SCOPE_BEGIN|[27]|this|BFFFollow_Controller|true|false
11:37:08.2 (25055716)|VARIABLE_ASSIGNMENT|[27]|this|{}|0x406cb248
11:37:08.2 (25064454)|HEAP_ALLOCATE|[28]|Bytes:5
11:37:08.2 (25068162)|STATEMENT_EXECUTE|[27]
11:37:08.2 (25069608)|STATEMENT_EXECUTE|[28]
11:37:08.2 (25070611)|STATEMENT_EXECUTE|[28]
11:37:08.2 (25071608)|STATEMENT_EXECUTE|[29]
11:37:08.2 (167374772)|HEAP_ALLOCATE|[29]|Bytes:1340
11:37:08.2 (167421712)|VARIABLE_SCOPE_BEGIN|[29]|gd|Map<String,Schema.SObjectType>|true|false
11:37:08.2 (167794277)|VARIABLE_ASSIGNMENT|[29]|gd|"{acceptedeventrelation=AcceptedEventRelation, account=Account, accountcontactrole=AccountContactRole, accountfeed=AccountFeed, accounthistory=AccountHistory, accountpartner=AccountPartner, accountshare=AccountShare, actionlinkgrouptemplate=ActionLinkGroupTemplate, actionlinktemplate=ActionLinkTemplate, activityhistory=ActivityHistory, ...}"|0x2f3886ee
11:37:08.2 (167812263)|HEAP_ALLOCATE|[30]|Bytes:8
11:37:08.2 (167916320)|STATEMENT_EXECUTE|[30]
11:37:08.2 (167921905)|STATEMENT_EXECUTE|[31]
11:37:08.2 (167960409)|HEAP_ALLOCATE|[31]|Bytes:5
11:37:08.2 (167984042)|METHOD_EXIT|[10]|01p50000002D8iw|BFFFollow_Controller.checkChatterEnabled()
11:37:08.2 (168120234)|VARIABLE_ASSIGNMENT|[EXTERNAL]|this|{"debug":true,"input":"{\"mode\":\"checkChatte (10 more) ...","operation":"BFFFollow_Controller"}|0x95a4dc9
11:37:08.2 (168138275)|VARIABLE_ASSIGNMENT|[EXTERNAL]|value|true
11:37:08.2 (168148997)|HEAP_ALLOCATE|[15]|Bytes:5
11:37:08.2 (168168377)|VARIABLE_ASSIGNMENT|[15]|this.outputFlag|true|0x95a4dc9
11:37:08.2 (168191035)|STATEMENT_EXECUTE|[21]
11:37:08.2 (168194701)|STATEMENT_EXECUTE|[21]
11:37:08.2 (168208141)|HEAP_ALLOCATE|[21]|Bytes:11
11:37:08.2 (168318250)|HEAP_ALLOCATE|[21]|Bytes:178
11:37:08.2 (168349382)|HEAP_ALLOCATE|[21]|Bytes:189
11:37:08.2 (168384092)|USER_DEBUG|[21]|DEBUG|data AFTER:ETLC_ApexBridge_Data:[debug=true, input={"mode":"checkChatterEnabled"}, isSuccess=null, messages=null, operation=BFFFollow_Controller, output=null, outputFlag=true, records=null]
11:37:08.2 (168407046)|METHOD_EXIT|[9]|01p50000002D8iw|BFFFollow_Controller.process(ETLC_ApexBridge_Data)
11:37:08.2 (168413349)|STATEMENT_EXECUTE|[24]
11:37:08.2 (168444746)|METHOD_ENTRY|[24]|01p50000002CIEo|ETLC_ApexBridge_Data.toJSON()
11:37:08.2 (168472645)|VARIABLE_SCOPE_BEGIN|[57]|this|ETLC_ApexBridge_Data|true|false
11:37:08.2 (168514671)|VARIABLE_ASSIGNMENT|[57]|this|{"debug":true,"input":"{\"mode\":\"checkChatte (10 more) ...","operation":"BFFFollow_Controller","outputFlag":true}|0x95a4dc9
11:37:08.2 (168524231)|STATEMENT_EXECUTE|[57]
11:37:08.2 (168526155)|STATEMENT_EXECUTE|[58]
11:37:08.2 (168553903)|METHOD_ENTRY|[58]||System.JSON.serialize(Object)
11:37:08.2 (168699547)|STATEMENT_EXECUTE|[22]
11:37:08.2 (168707971)|STATEMENT_EXECUTE|[23]
11:37:08.2 (168722984)|HEAP_ALLOCATE|[23]|Bytes:5
11:37:08.2 (168738730)|VARIABLE_ASSIGNMENT|[23]|this.isSuccess|true|0x95a4dc9
11:37:08.2 (168743269)|STATEMENT_EXECUTE|[24]
11:37:08.2 (168822529)|STATEMENT_EXECUTE|[31]
11:37:08.2 (168829299)|STATEMENT_EXECUTE|[32]
11:37:08.2 (168848272)|HEAP_ALLOCATE|[32]|Bytes:4
11:37:08.2 (168963987)|VARIABLE_ASSIGNMENT|[32]|this.messages|{"s":1,"v":{}}|0x95a4dc9
11:37:08.2 (168970498)|STATEMENT_EXECUTE|[33]
11:37:08.2 (169502897)|METHOD_EXIT|[58]||System.JSON.serialize(Object)
11:37:08.2 (169511066)|METHOD_EXIT|[24]|01p50000002CIEo|ETLC_ApexBridge_Data.toJSON()
11:37:08.2 (169522904)|SYSTEM_MODE_EXIT|false
11:37:08.169 (169575202)|CUMULATIVE_LIMIT_USAGE
11:37:08.169 (169575202)|LIMIT_USAGE_FOR_NS|(default)|
  Number of SOQL queries: 0 out of 100
  Number of query rows: 0 out of 50000
  Number of SOSL queries: 0 out of 20
  Number of DML statements: 0 out of 150
  Number of DML rows: 0 out of 10000
  Maximum CPU time: 0 out of 10000
  Maximum heap size: 0 out of 6000000
  Number of callouts: 0 out of 100
  Number of Email Invocations: 0 out of 10
  Number of future calls: 0 out of 50
  Number of queueable jobs added to the queue: 0 out of 50
  Number of Mobile Apex push calls: 0 out of 10

11:37:08.169 (169575202)|CUMULATIVE_LIMIT_USAGE_END

11:37:08.2 (169657219)|CODE_UNIT_FINISHED|ETLC_ApexBridge_Controller.execute
