37.0 APEX_CODE,FINEST;APEX_PROFILING,INFO;CALLOUT,INFO;DB,INFO;SYSTEM,DEBUG;VALIDATION,INFO;VISUALFORCE,INFO;WORKFLOW,INFO
23:40:00.0 (413490)|USER_INFO|[EXTERNAL]|00550000005cg71|bfffollow@jr.te|Eastern Standard Time|GMT-04:00
23:40:00.0 (459672)|EXECUTION_STARTED
23:40:00.0 (466378)|CODE_UNIT_STARTED|[EXTERNAL]|aura
23:40:00.0 (904262)|HEAP_ALLOCATE|[72]|Bytes:3
23:40:00.0 (956873)|HEAP_ALLOCATE|[77]|Bytes:152
23:40:00.0 (974602)|HEAP_ALLOCATE|[342]|Bytes:408
23:40:00.0 (992630)|HEAP_ALLOCATE|[355]|Bytes:408
23:40:00.0 (1008768)|HEAP_ALLOCATE|[467]|Bytes:48
23:40:00.0 (1039788)|HEAP_ALLOCATE|[139]|Bytes:6
23:40:00.0 (1067103)|HEAP_ALLOCATE|[EXTERNAL]|Bytes:94
23:40:00.0 (1087055)|HEAP_ALLOCATE|[EXTERNAL]|Bytes:94
23:40:00.0 (2092041)|CODE_UNIT_STARTED|[EXTERNAL]|01p50000002CIEm|ETLC_ApexBridge_Controller.execute
23:40:00.0 (2783796)|HEAP_ALLOCATE|[EXTERNAL]|Bytes:1
23:40:00.0 (2790985)|HEAP_ALLOCATE|[EXTERNAL]|Bytes:10
23:40:00.0 (2808705)|METHOD_ENTRY|[1]|01p50000002CIEm|ETLC_ApexBridge_Controller.ETLC_ApexBridge_Controller()
23:40:00.0 (2814359)|STATEMENT_EXECUTE|[1]
23:40:00.0 (2820090)|STATEMENT_EXECUTE|[1]
23:40:00.0 (2829043)|METHOD_EXIT|[1]|ETLC_ApexBridge_Controller
23:40:00.0 (2834445)|HEAP_ALLOCATE|[EXTERNAL]|Bytes:94
23:40:00.0 (2844873)|SYSTEM_MODE_ENTER|false
23:40:00.0 (2861532)|VARIABLE_SCOPE_BEGIN|[3]|dataJson|String|false|false
23:40:00.0 (2903364)|VARIABLE_ASSIGNMENT|[3]|dataJson|"{\"operation\":\"BFFFol (74 more) ..."
23:40:00.0 (2916758)|STATEMENT_EXECUTE|[3]
23:40:00.0 (2918347)|STATEMENT_EXECUTE|[4]
23:40:00.0 (5246986)|VARIABLE_SCOPE_BEGIN|[4]|data|ETLC_ApexBridge_Data|true|false
23:40:00.0 (5267285)|VARIABLE_ASSIGNMENT|[4]|data|null|
23:40:00.0 (5270102)|STATEMENT_EXECUTE|[5]
23:40:00.0 (5271399)|STATEMENT_EXECUTE|[5]
23:40:00.0 (5272312)|STATEMENT_EXECUTE|[6]
23:40:00.0 (5288352)|HEAP_ALLOCATE|[6]|Bytes:11
23:40:00.0 (5296374)|HEAP_ALLOCATE|[6]|Bytes:248
23:40:00.0 (5299454)|HEAP_ALLOCATE|[6]|Bytes:39
23:40:00.0 (5334536)|METHOD_ENTRY|[2]|01p50000002CIEo|ETLC_ApexBridge_Data.ETLC_ApexBridge_Data()
23:40:00.0 (5338113)|STATEMENT_EXECUTE|[2]
23:40:00.0 (5341999)|STATEMENT_EXECUTE|[2]
23:40:00.0 (5347859)|METHOD_EXIT|[2]|ETLC_ApexBridge_Data
23:40:00.0 (5383546)|METHOD_ENTRY|[6]|01p50000002CIEo|ETLC_ApexBridge_Data.fromJSON(String)
23:40:00.0 (5410012)|VARIABLE_SCOPE_BEGIN|[60]|strJson|String|false|false
23:40:00.0 (5420149)|VARIABLE_ASSIGNMENT|[60]|strJson|"{\"operation\":\"BFFFol (74 more) ..."
23:40:00.0 (5424317)|STATEMENT_EXECUTE|[60]
23:40:00.0 (5425621)|STATEMENT_EXECUTE|[61]
23:40:00.0 (5434059)|HEAP_ALLOCATE|[61]|Bytes:20
23:40:00.0 (5458962)|HEAP_ALLOCATE|[50]|Bytes:5
23:40:00.0 (5484444)|HEAP_ALLOCATE|[56]|Bytes:5
23:40:00.0 (5493833)|HEAP_ALLOCATE|[64]|Bytes:7
23:40:00.0 (5600713)|HEAP_ALLOCATE|[61]|Bytes:24
23:40:00.0 (5614986)|SYSTEM_METHOD_ENTRY|[1]|Type.Type()
23:40:00.0 (5618318)|STATEMENT_EXECUTE|[1]
23:40:00.0 (5626527)|SYSTEM_METHOD_EXIT|[1]|Type
23:40:00.0 (5634240)|HEAP_ALLOCATE|[61]|Bytes:8
23:40:00.0 (5655406)|HEAP_ALLOCATE|[61]|Bytes:8
23:40:00.0 (5660366)|VARIABLE_SCOPE_BEGIN|[4]|this|System.Type|true|false
23:40:00.0 (5696898)|VARIABLE_ASSIGNMENT|[4]|this|{}|0x3e1649ba
23:40:00.0 (5701396)|VARIABLE_SCOPE_BEGIN|[4]|apextype|java:common.apex.runtime.ApexObjectType|true|false
23:40:00.0 (5880990)|VARIABLE_ASSIGNMENT|[4]|apextype|"ETLC_ApexBridge_Data"|0x50e6d6d7
23:40:00.0 (5947579)|HEAP_ALLOCATE|[61]|Bytes:8
23:40:00.0 (5985978)|HEAP_ALLOCATE|[61]|Bytes:24
23:40:00.0 (5999767)|SYSTEM_METHOD_ENTRY|[1]|JSON.JSON()
23:40:00.0 (6002563)|STATEMENT_EXECUTE|[1]
23:40:00.0 (6010407)|SYSTEM_METHOD_EXIT|[1]|JSON
23:40:00.0 (6022856)|METHOD_ENTRY|[61]||System.JSON.deserializeStrict(String, System.Type)
23:40:00.0 (6653698)|METHOD_EXIT|[61]||System.JSON.deserializeStrict(String, System.Type)
23:40:00.0 (6664351)|METHOD_EXIT|[6]|01p50000002CIEo|ETLC_ApexBridge_Data.fromJSON(String)
23:40:00.0 (6727486)|VARIABLE_ASSIGNMENT|[6]|data|{"debug":false,"input":"{\"mode\":\"fetchFollow (9 more) ...","operation":"BFFFollow_Controller"}|0x1e01258e
23:40:00.0 (6732658)|STATEMENT_EXECUTE|[7]
23:40:00.0 (6742272)|HEAP_ALLOCATE|[7]|Bytes:6
23:40:00.0 (6817665)|HEAP_ALLOCATE|[7]|Bytes:178
23:40:00.0 (6840264)|HEAP_ALLOCATE|[7]|Bytes:184
23:40:00.0 (6862201)|USER_DEBUG|[7]|DEBUG|data::ETLC_ApexBridge_Data:[debug=false, input={"mode":"fetchFollowedUsers"}, isSuccess=null, messages=null, operation=BFFFollow_Controller, output=null, outputFlag=null, records=null]
23:40:00.0 (6868411)|STATEMENT_EXECUTE|[8]
23:40:00.0 (6924479)|VARIABLE_ASSIGNMENT|[EXTERNAL]|this|{"debug":false,"input":"{\"mode\":\"fetchFollow (9 more) ...","operation":"BFFFollow_Controller"}|0x1e01258e
23:40:00.0 (6945890)|METHOD_ENTRY|[8]||System.Type.forName(String)
23:40:00.0 (9092417)|METHOD_EXIT|[8]||System.Type.forName(String)
23:40:00.0 (9112122)|METHOD_ENTRY|[8]||System.Type.newInstance()
23:40:00.0 (10547904)|STATEMENT_EXECUTE|[1]
23:40:00.0 (10561779)|HEAP_ALLOCATE|[33]|Bytes:5
23:40:00.0 (10577927)|METHOD_EXIT|[1]|BFFFollow_Controller
23:40:00.0 (10592481)|HEAP_ALLOCATE|[33]|Bytes:4
23:40:00.0 (10601850)|VARIABLE_SCOPE_BEGIN|[1]|this|BFFFollow_Controller|true|false
23:40:00.0 (10621522)|VARIABLE_ASSIGNMENT|[1]|this|{}|0xf180eef
23:40:00.0 (10630064)|HEAP_ALLOCATE|[33]|Bytes:5
23:40:00.0 (10638152)|HEAP_ALLOCATE|[33]|Bytes:11
23:40:00.0 (10657264)|METHOD_ENTRY|[1]|01p50000002CIEj|ETLC_ApexBridge_Abstract.ETLC_ApexBridge_Abstract()
23:40:00.0 (10660733)|STATEMENT_EXECUTE|[1]
23:40:00.0 (10664247)|STATEMENT_EXECUTE|[1]
23:40:00.0 (10669763)|METHOD_EXIT|[1]|ETLC_ApexBridge_Abstract
23:40:00.0 (10677283)|CONSTRUCTOR_ENTRY|[EXTERNAL]|01p50000002CIEj|<init>()
23:40:00.0 (10693335)|VARIABLE_SCOPE_BEGIN|[1]|this|ETLC_ApexBridge_Abstract|true|false
23:40:00.0 (10712105)|VARIABLE_ASSIGNMENT|[1]|this|{}|0xf180eef
23:40:00.0 (10727290)|STATEMENT_EXECUTE|[1]
23:40:00.0 (10731460)|CONSTRUCTOR_EXIT|[EXTERNAL]|01p50000002CIEj|<init>()
23:40:00.0 (10736710)|STATEMENT_EXECUTE|[1]
23:40:00.0 (10741601)|HEAP_ALLOCATE|[33]|Bytes:5
23:40:00.0 (10756757)|METHOD_EXIT|[8]||System.Type.newInstance()
23:40:00.0 (10765101)|VARIABLE_SCOPE_BEGIN|[8]|executor|ETLC_ApexBridge_Abstract|true|false
23:40:00.0 (10780724)|VARIABLE_ASSIGNMENT|[8]|executor|{}|0xf180eef
23:40:00.0 (10783474)|STATEMENT_EXECUTE|[9]
23:40:00.0 (10827318)|METHOD_ENTRY|[9]|01p50000002D8iw|BFFFollow_Controller.process(ETLC_ApexBridge_Data)
23:40:00.0 (10851879)|VARIABLE_SCOPE_BEGIN|[3]|this|BFFFollow_Controller|true|false
23:40:00.0 (10867852)|VARIABLE_ASSIGNMENT|[3]|this|{}|0xf180eef
23:40:00.0 (10872115)|VARIABLE_SCOPE_BEGIN|[3]|data|ETLC_ApexBridge_Data|true|false
23:40:00.0 (10897605)|VARIABLE_ASSIGNMENT|[3]|data|{"debug":false,"input":"{\"mode\":\"fetchFollow (9 more) ...","operation":"BFFFollow_Controller"}|0x1e01258e
23:40:00.0 (10906882)|HEAP_ALLOCATE|[4]|Bytes:5
23:40:00.0 (10910779)|STATEMENT_EXECUTE|[3]
23:40:00.0 (10911897)|STATEMENT_EXECUTE|[4]
23:40:00.0 (10990789)|VARIABLE_ASSIGNMENT|[EXTERNAL]|this|{"debug":false,"input":"{\"mode\":\"fetchFollow (9 more) ...","operation":"BFFFollow_Controller"}|0x1e01258e
23:40:00.0 (11019487)|VARIABLE_ASSIGNMENT|[4]|BFFFollow_Controller.debugFlag|false
23:40:00.0 (11061018)|VARIABLE_ASSIGNMENT|[EXTERNAL]|this|{"debug":false,"input":"{\"mode\":\"fetchFollow (9 more) ...","operation":"BFFFollow_Controller"}|0x1e01258e
23:40:00.0 (11074863)|STATEMENT_EXECUTE|[5]
23:40:00.0 (11080998)|STATEMENT_EXECUTE|[7]
23:40:00.0 (11085781)|HEAP_ALLOCATE|[7]|Bytes:4
23:40:00.0 (11107819)|METHOD_ENTRY|[7]|01p50000002CIEo|ETLC_ApexBridge_Data.getInputValue(String)
23:40:00.0 (11129293)|VARIABLE_SCOPE_BEGIN|[52]|this|ETLC_ApexBridge_Data|true|false
23:40:00.0 (11156148)|VARIABLE_ASSIGNMENT|[52]|this|{"debug":false,"input":"{\"mode\":\"fetchFollow (9 more) ...","operation":"BFFFollow_Controller"}|0x1e01258e
23:40:00.0 (11162095)|VARIABLE_SCOPE_BEGIN|[52]|key|String|false|false
23:40:00.0 (11166392)|VARIABLE_ASSIGNMENT|[52]|key|"mode"
23:40:00.0 (11170200)|STATEMENT_EXECUTE|[52]
23:40:00.0 (11171425)|STATEMENT_EXECUTE|[53]
23:40:00.0 (11221721)|VARIABLE_ASSIGNMENT|[EXTERNAL]|this|{"debug":false,"input":"{\"mode\":\"fetchFollow (9 more) ...","operation":"BFFFollow_Controller"}|0x1e01258e
23:40:00.0 (11240191)|METHOD_ENTRY|[53]||System.JSON.deserializeUntyped(String)
23:40:00.0 (11470115)|METHOD_EXIT|[53]||System.JSON.deserializeUntyped(String)
23:40:00.0 (11480474)|VARIABLE_SCOPE_BEGIN|[53]|inputMap|Map<String,ANY>|true|false
23:40:00.0 (11507383)|VARIABLE_ASSIGNMENT|[53]|inputMap|{"s":1,"v":{"mode":"fetchFollowedUsers"}}|0x62614151
23:40:00.0 (11510690)|STATEMENT_EXECUTE|[54]
23:40:00.0 (11566511)|METHOD_EXIT|[7]|01p50000002CIEo|ETLC_ApexBridge_Data.getInputValue(String)
23:40:00.0 (11573812)|VARIABLE_SCOPE_BEGIN|[7]|mode|String|false|false
23:40:00.0 (11581559)|VARIABLE_ASSIGNMENT|[7]|mode|"fetchFollowedUsers"
23:40:00.0 (11586485)|HEAP_ALLOCATE|[9]|Bytes:18
23:40:00.0 (11618858)|STATEMENT_EXECUTE|[9]
23:40:00.0 (11620688)|STATEMENT_EXECUTE|[10]
23:40:00.0 (11663958)|HEAP_ALLOCATE|[10]|Bytes:85
23:40:00.0 (11679632)|SYSTEM_METHOD_ENTRY|[1]|UserInfo.UserInfo()
23:40:00.0 (11682748)|STATEMENT_EXECUTE|[1]
23:40:00.0 (11690088)|SYSTEM_METHOD_EXIT|[1]|UserInfo
23:40:00.0 (11701133)|METHOD_ENTRY|[10]||System.UserInfo.getUserId()
23:40:00.0 (11734792)|METHOD_EXIT|[10]||System.UserInfo.getUserId()
23:40:00.0 (11750407)|HEAP_ALLOCATE|[10]|Bytes:4
23:40:00.0 (11764849)|METHOD_ENTRY|[10]|01p50000002D8iw|BFFFollow_Controller.fetchFollowedUsers(Id)
23:40:00.0 (11772573)|VARIABLE_SCOPE_BEGIN|[24]|this|BFFFollow_Controller|true|false
23:40:00.0 (11788524)|VARIABLE_ASSIGNMENT|[24]|this|{}|0xf180eef
23:40:00.0 (11793878)|VARIABLE_SCOPE_BEGIN|[24]|followedById|Id|false|false
23:40:00.0 (11865329)|VARIABLE_ASSIGNMENT|[24]|followedById|"00550000005cg71AAA"
23:40:00.0 (11876465)|HEAP_ALLOCATE|[25]|Bytes:5
23:40:00.0 (11880341)|STATEMENT_EXECUTE|[24]
23:40:00.0 (11881603)|STATEMENT_EXECUTE|[25]
23:40:00.0 (11889936)|HEAP_ALLOCATE|[25]|Bytes:63
23:40:00.0 (11922897)|HEAP_ALLOCATE|[25]|Bytes:18
23:40:00.0 (11933006)|HEAP_ALLOCATE|[25]|Bytes:9
23:40:00.0 (11942790)|HEAP_ALLOCATE|[25]|Bytes:90
23:40:00.0 (11947390)|VARIABLE_SCOPE_BEGIN|[25]|soql|String|false|false
23:40:00.0 (11956402)|VARIABLE_ASSIGNMENT|[25]|soql|"SELECT FollowedUsers (70 more) ..."
23:40:00.0 (11958899)|STATEMENT_EXECUTE|[26]
23:40:00.0 (11959943)|STATEMENT_EXECUTE|[26]
23:40:00.0 (11965811)|STATEMENT_EXECUTE|[27]
23:40:00.0 (11971354)|STATEMENT_EXECUTE|[28]
23:40:00.0 (15051280)|HEAP_ALLOCATE|[28]|Bytes:9
23:40:00.0 (15060197)|HEAP_ALLOCATE|[28]|Bytes:29
23:40:00.0 (15063406)|HEAP_ALLOCATE|[28]|Bytes:21
23:40:00.0 (15082614)|METHOD_ENTRY|[7]|01p50000002CIEt|ETLC_SecuredDB.ETLC_SecuredDB()
23:40:00.0 (15086356)|STATEMENT_EXECUTE|[7]
23:40:00.0 (15090904)|STATEMENT_EXECUTE|[7]
23:40:00.0 (15097189)|HEAP_ALLOCATE|[28]|Bytes:5
23:40:00.0 (15108137)|METHOD_EXIT|[7]|ETLC_SecuredDB
23:40:00.0 (15134495)|METHOD_ENTRY|[28]|01p50000002CIEt|ETLC_SecuredDB.query(String)
23:40:00.0 (15153771)|VARIABLE_SCOPE_BEGIN|[10]|SOQL|String|false|false
23:40:00.0 (15163023)|VARIABLE_ASSIGNMENT|[10]|SOQL|"SELECT FollowedUsers (70 more) ..."
23:40:00.0 (15171333)|HEAP_ALLOCATE|[12]|Bytes:5
23:40:00.0 (15175366)|STATEMENT_EXECUTE|[10]
23:40:00.0 (15176712)|STATEMENT_EXECUTE|[12]
23:40:00.0 (16816144)|SOQL_EXECUTE_BEGIN|[12]|Aggregations:0|SELECT FollowedUsers__c FROM BFFFollow__c WHERE FollowedBy__c='00550000005cg71AAA' limit 1
23:40:00.0 (21391936)|SOQL_EXECUTE_END|[12]|Rows:1
23:40:00.0 (21417491)|HEAP_ALLOCATE|[12]|Bytes:8
23:40:00.0 (21429560)|HEAP_ALLOCATE|[12]|Bytes:101
23:40:00.0 (21510588)|HEAP_ALLOCATE|[12]|Bytes:8
23:40:00.0 (21525697)|VARIABLE_SCOPE_BEGIN|[12]|dbRecords|List<SObject>|true|false
23:40:00.0 (21567000)|VARIABLE_ASSIGNMENT|[12]|dbRecords|{"s":1,"v":[{"s":2,"v":{"FollowedUsers__c":"[{\"id\":\"00550000005d (28 more) ...","Id":"a005000000ezW4dAAE"}}]}|0xa4c0155
23:40:00.0 (21571499)|STATEMENT_EXECUTE|[20]
23:40:00.0 (21868771)|HEAP_ALLOCATE|[20]|Bytes:12
23:40:00.0 (21878204)|HEAP_ALLOCATE|[20]|Bytes:8
23:40:00.0 (21972825)|HEAP_ALLOCATE|[20]|Bytes:12
23:40:00.0 (21981385)|HEAP_ALLOCATE|[20]|Bytes:9
23:40:00.0 (22009107)|HEAP_ALLOCATE|[20]|Bytes:12
23:40:00.0 (22018748)|HEAP_ALLOCATE|[20]|Bytes:8
23:40:00.0 (22037921)|HEAP_ALLOCATE|[20]|Bytes:12
23:40:00.0 (22041841)|HEAP_ALLOCATE|[20]|Bytes:8
23:40:00.0 (22053309)|HEAP_ALLOCATE|[20]|Bytes:12
23:40:00.0 (22056554)|HEAP_ALLOCATE|[20]|Bytes:9
23:40:00.0 (22083326)|METHOD_ENTRY|[20]|01p50000002CIEt|ETLC_SecuredDB.findFields(List<SObject>)
23:40:00.0 (22111650)|VARIABLE_SCOPE_BEGIN|[108]|dbRecords|List<SObject>|true|false
23:40:00.0 (22132482)|VARIABLE_ASSIGNMENT|[108]|dbRecords|{"s":1,"v":[{"s":2,"v":{"FollowedUsers__c":"[{\"id\":\"00550000005d (28 more) ...","Id":"a005000000ezW4dAAE"}}]}|0xa4c0155
23:40:00.0 (22142785)|HEAP_ALLOCATE|[109]|Bytes:5
23:40:00.0 (22146971)|STATEMENT_EXECUTE|[108]
23:40:00.0 (22148439)|STATEMENT_EXECUTE|[109]
23:40:00.0 (22157970)|VARIABLE_SCOPE_BEGIN|[109]|strJSON|String|false|false
23:40:00.0 (22164274)|VARIABLE_ASSIGNMENT|[109]|strJSON|null
23:40:00.0 (22166015)|STATEMENT_EXECUTE|[110]
23:40:00.0 (22171066)|VARIABLE_SCOPE_BEGIN|[110]|mapFields|Map<String,Set<String>>|true|false
23:40:00.0 (22175349)|VARIABLE_ASSIGNMENT|[110]|mapFields|null|
23:40:00.0 (22177163)|STATEMENT_EXECUTE|[112]
23:40:00.0 (22190564)|METHOD_ENTRY|[112]||System.JSON.serialize(Object)
23:40:00.0 (22650815)|METHOD_EXIT|[112]||System.JSON.serialize(Object)
23:40:00.0 (22668069)|VARIABLE_ASSIGNMENT|[112]|strJSON|"[{\"attributes\":{\"typ (194 more) ..."
23:40:00.0 (22673330)|STATEMENT_EXECUTE|[113]
23:40:00.0 (22682769)|HEAP_ALLOCATE|[113]|Bytes:5
23:40:00.0 (22697705)|HEAP_ALLOCATE|[113]|Bytes:219
23:40:00.0 (22742081)|USER_DEBUG|[113]|DEBUG|JSON:[{"attributes":{"type":"BFFFollow__c","url":"/services/data/v37.0/sobjects/BFFFollow__c/a005000000ezW4dAAE"},"FollowedUsers__c":"[{\"id\":\"00550000005d7KnAAI\",\"name\":\"Test User\"}]","Id":"a005000000ezW4dAAE"}]
23:40:00.0 (22755968)|STATEMENT_EXECUTE|[114]
23:40:00.0 (22770296)|HEAP_ALLOCATE|[114]|Bytes:4
23:40:00.0 (22801599)|VARIABLE_ASSIGNMENT|[114]|mapFields|{"s":1,"v":{}}|0x404e39f2
23:40:00.0 (22806954)|STATEMENT_EXECUTE|[115]
23:40:00.0 (22825007)|METHOD_ENTRY|[115]||System.JSON.deserializeUntyped(String)
23:40:00.0 (23315999)|METHOD_EXIT|[115]||System.JSON.deserializeUntyped(String)
23:40:00.0 (23330191)|VARIABLE_SCOPE_BEGIN|[115]|records|List<ANY>|true|false
23:40:00.0 (23362227)|HEAP_ALLOCATE|[EXTERNAL]|Bytes:8
23:40:00.0 (23397080)|VARIABLE_ASSIGNMENT|[115]|records|{"s":1,"v":[{"s":2,"v":{"attributes":{"s":3,"v":{"type":"BFFFollow__c","url":"/services/data/v37.0 (41 more) ..."}},"FollowedUsers__c":"[{\"id\":\"00550000005d (28 more) ...","Id":"a005000000ezW4dAAE"}}]}|0x79ca1432
23:40:00.0 (23460850)|HEAP_ALLOCATE|[116]|Bytes:5
23:40:00.0 (23488022)|HEAP_ALLOCATE|[116]|Bytes:16
23:40:00.0 (23505528)|VARIABLE_SCOPE_BEGIN|[116]|record|Object|false|false
23:40:00.0 (23558932)|VARIABLE_ASSIGNMENT|[116]|record|{"s":1,"v":{"attributes":{"s":2,"v":{"type":"BFFFollow__c","url":"/services/data/v37.0 (41 more) ..."}},"FollowedUsers__c":"[{\"id\":\"00550000005d (28 more) ...","Id":"a005000000ezW4dAAE"}}
23:40:00.0 (23566310)|STATEMENT_EXECUTE|[116]
23:40:00.0 (23568164)|STATEMENT_EXECUTE|[117]
23:40:00.0 (23598227)|METHOD_ENTRY|[117]|01p50000002CIEt|ETLC_SecuredDB.findFieldsRecursive(Map<String,Set<String>>, Map<String,ANY>)
23:40:00.0 (23625861)|VARIABLE_SCOPE_BEGIN|[124]|mapFields|Map<String,Set<String>>|true|false
23:40:00.0 (23644001)|VARIABLE_ASSIGNMENT|[124]|mapFields|{"s":1,"v":{}}|0x404e39f2
23:40:00.0 (23649337)|VARIABLE_SCOPE_BEGIN|[124]|record|Map<String,ANY>|true|false
23:40:00.0 (23665075)|VARIABLE_ASSIGNMENT|[124]|record|{"s":1,"v":{"attributes":{"s":2,"v":{"type":"BFFFollow__c","url":"/services/data/v37.0 (41 more) ..."}},"FollowedUsers__c":"[{\"id\":\"00550000005d (28 more) ...","Id":"a005000000ezW4dAAE"}}|0x2f4e4c8c
23:40:00.0 (23675756)|HEAP_ALLOCATE|[125]|Bytes:5
23:40:00.0 (23680196)|STATEMENT_EXECUTE|[124]
23:40:00.0 (23681467)|STATEMENT_EXECUTE|[125]
23:40:00.0 (23688912)|HEAP_ALLOCATE|[125]|Bytes:10
23:40:00.0 (23695495)|VARIABLE_SCOPE_BEGIN|[125]|strAttributes|String|false|false
23:40:00.0 (23702074)|VARIABLE_ASSIGNMENT|[125]|strAttributes|"attributes"
23:40:00.0 (23704106)|STATEMENT_EXECUTE|[126]
23:40:00.0 (23708613)|HEAP_ALLOCATE|[126]|Bytes:7
23:40:00.0 (23711939)|VARIABLE_SCOPE_BEGIN|[126]|strRecord|String|false|false
23:40:00.0 (23716935)|VARIABLE_ASSIGNMENT|[126]|strRecord|"records"
23:40:00.0 (23754176)|STATEMENT_EXECUTE|[127]
23:40:00.0 (23756232)|STATEMENT_EXECUTE|[128]
23:40:00.0 (23792282)|VARIABLE_SCOPE_BEGIN|[128]|attributes|Map<String,ANY>|true|false
23:40:00.0 (23809793)|VARIABLE_ASSIGNMENT|[128]|attributes|{"s":1,"v":{"type":"BFFFollow__c","url":"/services/data/v37.0 (41 more) ..."}}|0x6b560985
23:40:00.0 (23813490)|STATEMENT_EXECUTE|[129]
23:40:00.0 (23820788)|HEAP_ALLOCATE|[129]|Bytes:4
23:40:00.0 (23853078)|VARIABLE_SCOPE_BEGIN|[129]|objectName|String|false|false
23:40:00.0 (23860723)|VARIABLE_ASSIGNMENT|[129]|objectName|"BFFFollow__c"
23:40:00.0 (23870483)|HEAP_ALLOCATE|[130]|Bytes:4
23:40:00.0 (23936484)|HEAP_ALLOCATE|[130]|Bytes:44
23:40:00.0 (23955114)|HEAP_ALLOCATE|[130]|Bytes:12
23:40:00.0 (23978725)|HEAP_ALLOCATE|[130]|Bytes:5
23:40:00.0 (23993738)|VARIABLE_SCOPE_BEGIN|[130]|fieldName|String|false|false
23:40:00.0 (24001701)|VARIABLE_ASSIGNMENT|[130]|fieldName|"attributes"
23:40:00.0 (24005457)|STATEMENT_EXECUTE|[130]
23:40:00.0 (24006928)|STATEMENT_EXECUTE|[131]
23:40:00.0 (24047265)|VARIABLE_SCOPE_BEGIN|[131]|field|Object|false|false
23:40:00.0 (24065431)|VARIABLE_ASSIGNMENT|[131]|field|{"s":1,"v":{"type":"BFFFollow__c","url":"/services/data/v37.0 (41 more) ..."}}
23:40:00.0 (24088763)|STATEMENT_EXECUTE|[132]
23:40:00.0 (24105250)|HEAP_ALLOCATE|[130]|Bytes:5
23:40:00.0 (24117176)|VARIABLE_SCOPE_BEGIN|[130]|fieldName|String|false|false
23:40:00.0 (24124435)|VARIABLE_ASSIGNMENT|[130]|fieldName|"FollowedUsers__c"
23:40:00.0 (24126930)|STATEMENT_EXECUTE|[130]
23:40:00.0 (24128012)|STATEMENT_EXECUTE|[131]
23:40:00.0 (24146932)|VARIABLE_SCOPE_BEGIN|[131]|field|Object|false|false
23:40:00.0 (24157044)|VARIABLE_ASSIGNMENT|[131]|field|"[{\"id\":\"00550000005d (28 more) ..."
23:40:00.0 (24167911)|HEAP_ALLOCATE|[134]|Bytes:68
23:40:00.0 (24188672)|STATEMENT_EXECUTE|[136]
23:40:00.0 (24190467)|STATEMENT_EXECUTE|[137]
23:40:00.0 (24199624)|HEAP_ALLOCATE|[137]|Bytes:4
23:40:00.0 (24233408)|VARIABLE_SCOPE_BEGIN|[137]|fieldNames|Set<String>|true|false
23:40:00.0 (24254880)|VARIABLE_ASSIGNMENT|[137]|fieldNames|{"s":1,"v":[]}|0x7324d84e
23:40:00.0 (24286095)|STATEMENT_EXECUTE|[138]
23:40:00.0 (24292295)|STATEMENT_EXECUTE|[139]
23:40:00.0 (24323719)|HEAP_ALLOCATE|[EXTERNAL]|Bytes:4
23:40:00.0 (24332860)|STATEMENT_EXECUTE|[140]
23:40:00.0 (24361600)|HEAP_ALLOCATE|[EXTERNAL]|Bytes:-4
23:40:00.0 (24380671)|HEAP_ALLOCATE|[130]|Bytes:5
23:40:00.0 (24393167)|VARIABLE_SCOPE_BEGIN|[130]|fieldName|String|false|false
23:40:00.0 (24400876)|VARIABLE_ASSIGNMENT|[130]|fieldName|"Id"
23:40:00.0 (24403603)|STATEMENT_EXECUTE|[130]
23:40:00.0 (24404713)|STATEMENT_EXECUTE|[131]
23:40:00.0 (24423699)|VARIABLE_SCOPE_BEGIN|[131]|field|Object|false|false
23:40:00.0 (24432160)|VARIABLE_ASSIGNMENT|[131]|field|"a005000000ezW4dAAE"
23:40:00.0 (24448035)|STATEMENT_EXECUTE|[136]
23:40:00.0 (24449622)|STATEMENT_EXECUTE|[137]
23:40:00.0 (24456715)|HEAP_ALLOCATE|[137]|Bytes:4
23:40:00.0 (24468041)|VARIABLE_SCOPE_BEGIN|[137]|fieldNames|Set<String>|true|false
23:40:00.0 (24484157)|VARIABLE_ASSIGNMENT|[137]|fieldNames|{"s":1,"v":[]}|0x2ed3c08a
23:40:00.0 (24496749)|STATEMENT_EXECUTE|[138]
23:40:00.0 (24522874)|VARIABLE_ASSIGNMENT|[138]|fieldNames|{"s":1,"v":["FollowedUsers__c"]}|0x7324d84e
23:40:00.0 (24526653)|STATEMENT_EXECUTE|[139]
23:40:00.0 (24540283)|HEAP_ALLOCATE|[EXTERNAL]|Bytes:4
23:40:00.0 (24547024)|STATEMENT_EXECUTE|[140]
23:40:00.0 (24567429)|HEAP_ALLOCATE|[130]|Bytes:5
23:40:00.0 (24579490)|VARIABLE_ASSIGNMENT|[130]|fieldName|null
23:40:00.0 (24589288)|METHOD_EXIT|[117]|01p50000002CIEt|ETLC_SecuredDB.findFieldsRecursive(Map<String,Set<String>>, Map<String,ANY>)
23:40:00.0 (24599225)|HEAP_ALLOCATE|[116]|Bytes:5
23:40:00.0 (24613495)|VARIABLE_ASSIGNMENT|[116]|record|null
23:40:00.0 (24619361)|HEAP_ALLOCATE|[119]|Bytes:4
23:40:00.0 (24651119)|HEAP_ALLOCATE|[119]|Bytes:20
23:40:00.0 (24663517)|HEAP_ALLOCATE|[119]|Bytes:4
23:40:00.0 (24680245)|HEAP_ALLOCATE|[119]|Bytes:5
23:40:00.0 (24692335)|VARIABLE_SCOPE_BEGIN|[119]|objectName|String|false|false
23:40:00.0 (24699776)|VARIABLE_ASSIGNMENT|[119]|objectName|"BFFFollow__c"
23:40:00.0 (24702482)|STATEMENT_EXECUTE|[119]
23:40:00.0 (24703561)|STATEMENT_EXECUTE|[120]
23:40:00.0 (24710432)|HEAP_ALLOCATE|[120]|Bytes:2
23:40:00.0 (24761514)|HEAP_ALLOCATE|[120]|Bytes:22
23:40:00.0 (24773838)|HEAP_ALLOCATE|[120]|Bytes:36
23:40:00.0 (24785091)|USER_DEBUG|[120]|DEBUG|BFFFollow__c: {FollowedUsers__c, Id}
23:40:00.0 (24796453)|HEAP_ALLOCATE|[119]|Bytes:5
23:40:00.0 (24808062)|VARIABLE_ASSIGNMENT|[119]|objectName|null
23:40:00.0 (24811258)|STATEMENT_EXECUTE|[122]
23:40:00.0 (24823130)|METHOD_EXIT|[20]|01p50000002CIEt|ETLC_SecuredDB.findFields(List<SObject>)
23:40:00.0 (24839540)|METHOD_ENTRY|[20]|01p50000002CIEt|ETLC_SecuredDB.validate(ETLC_SecuredDB.Operation, Map<String,Set<String>>)
23:40:00.0 (24848081)|VARIABLE_SCOPE_BEGIN|[55]|op|ETLC_SecuredDB.Operation|true|false
23:40:00.0 (24865835)|VARIABLE_ASSIGNMENT|[55]|op|"Querying"|0x1efa6f6e
23:40:00.0 (24870447)|VARIABLE_SCOPE_BEGIN|[55]|mapFieldNames|Map<String,Set<String>>|true|false
23:40:00.0 (24885828)|VARIABLE_ASSIGNMENT|[55]|mapFieldNames|{"s":1,"v":{"BFFFollow__c":{"s":2,"v":["FollowedUsers__c","Id"]}}}|0x404e39f2
23:40:00.0 (24894624)|HEAP_ALLOCATE|[56]|Bytes:5
23:40:00.0 (24898497)|STATEMENT_EXECUTE|[55]
23:40:00.0 (24899793)|STATEMENT_EXECUTE|[56]
23:40:00.0 (24907507)|VARIABLE_SCOPE_BEGIN|[56]|securityMessage|String|false|false
23:40:00.0 (24912615)|VARIABLE_ASSIGNMENT|[56]|securityMessage|null
23:40:00.0 (24914212)|STATEMENT_EXECUTE|[57]
23:40:00.0 (40685885)|HEAP_ALLOCATE|[57]|Bytes:1440
23:40:00.0 (40718166)|VARIABLE_SCOPE_BEGIN|[57]|mapObjects|Map<String,Schema.SObjectType>|true|false
23:40:00.0 (41015873)|VARIABLE_ASSIGNMENT|[57]|mapObjects|"{acceptedeventrelation=AcceptedEventRelation, account=Account, accountcontactrole=AccountContactRole, accountfeed=AccountFeed, accounthistory=AccountHistory, accountpartner=AccountPartner, accountshare=AccountShare, actionlinkgrouptemplate=ActionLinkGroupTemplate, actionlinktemplate=ActionLinkTemplate, activityhistory=ActivityHistory, ...}"|0x4bc92257
23:40:00.0 (41035503)|HEAP_ALLOCATE|[58]|Bytes:4
23:40:00.0 (41110860)|HEAP_ALLOCATE|[58]|Bytes:20
23:40:00.0 (41131569)|HEAP_ALLOCATE|[58]|Bytes:4
23:40:00.0 (41159005)|HEAP_ALLOCATE|[58]|Bytes:5
23:40:00.0 (41175788)|VARIABLE_SCOPE_BEGIN|[58]|sObjectName|String|false|false
23:40:00.0 (41186672)|VARIABLE_ASSIGNMENT|[58]|sObjectName|"BFFFollow__c"
23:40:00.0 (41191424)|STATEMENT_EXECUTE|[58]
23:40:00.0 (41193631)|STATEMENT_EXECUTE|[59]
23:40:00.0 (41207085)|HEAP_ALLOCATE|[59]|Bytes:9
23:40:00.0 (41211232)|HEAP_ALLOCATE|[59]|Bytes:7
23:40:00.0 (41272962)|HEAP_ALLOCATE|[59]|Bytes:8
23:40:00.0 (41283879)|HEAP_ALLOCATE|[59]|Bytes:1
23:40:00.0 (41300563)|HEAP_ALLOCATE|[59]|Bytes:37
23:40:00.0 (41311432)|VARIABLE_ASSIGNMENT|[59]|securityMessage|"CRUD on [BFFFollow__ (17 more) ..."
23:40:00.0 (41314914)|STATEMENT_EXECUTE|[60]
23:40:00.0 (41322274)|HEAP_ALLOCATE|[60]|Bytes:10
23:40:00.0 (41329449)|HEAP_ALLOCATE|[60]|Bytes:47
23:40:00.0 (41364071)|USER_DEBUG|[60]|DEBUG|Checking: CRUD on [BFFFollow__c] for [Querying]
23:40:00.0 (41371756)|STATEMENT_EXECUTE|[61]
23:40:00.0 (41690060)|HEAP_ALLOCATE|[61]|Bytes:4
23:40:00.0 (41737050)|VARIABLE_SCOPE_BEGIN|[61]|drSObj|Schema.DescribeSObjectResult|true|false
23:40:00.0 (41821463)|VARIABLE_ASSIGNMENT|[61]|drSObj|"common.api.soap.wsdl.DescribeSObjectResult@a54f9caa"|0x5e7b97d1
23:40:00.0 (41984984)|STATEMENT_EXECUTE|[64]
23:40:00.0 (42011140)|STATEMENT_EXECUTE|[65]
23:40:00.0 (42067376)|STATEMENT_EXECUTE|[77]
23:40:00.0 (42069826)|STATEMENT_EXECUTE|[79]
23:40:00.0 (42302015)|HEAP_ALLOCATE|[79]|Bytes:56
23:40:00.0 (42312839)|VARIABLE_SCOPE_BEGIN|[79]|mapFields|Map<String,Schema.SObjectField>|true|false
23:40:00.0 (42465919)|VARIABLE_ASSIGNMENT|[79]|mapFields|"{createdbyid=CreatedById, createddate=CreatedDate, followedby__c=FollowedBy__c, followedusers__c=FollowedUsers__c, id=Id, isdeleted=IsDeleted, lastmodifiedbyid=LastModifiedById, lastmodifieddate=LastModifiedDate, lastreferenceddate=LastReferencedDate, lastvieweddate=LastViewedDate, ...}"|0x9426265
23:40:00.0 (42475826)|HEAP_ALLOCATE|[80]|Bytes:4
23:40:00.0 (42520202)|HEAP_ALLOCATE|[80]|Bytes:8
23:40:00.0 (42539577)|HEAP_ALLOCATE|[80]|Bytes:5
23:40:00.0 (42552408)|VARIABLE_SCOPE_BEGIN|[80]|fieldName|String|false|false
23:40:00.0 (42561190)|VARIABLE_ASSIGNMENT|[80]|fieldName|"FollowedUsers__c"
23:40:00.0 (42564223)|STATEMENT_EXECUTE|[80]
23:40:00.0 (42565495)|STATEMENT_EXECUTE|[81]
23:40:00.0 (43495287)|HEAP_ALLOCATE|[81]|Bytes:8
23:40:00.0 (43530117)|VARIABLE_SCOPE_BEGIN|[81]|drField|Schema.DescribeFieldResult|true|false
23:40:00.0 (43597143)|VARIABLE_ASSIGNMENT|[81]|drField|"common.api.soap.wsdl.Field@8f8d5cb9"|0x59857c18
23:40:00.0 (43619698)|STATEMENT_EXECUTE|[82]
23:40:00.0 (43621388)|STATEMENT_EXECUTE|[83]
23:40:00.0 (43629957)|HEAP_ALLOCATE|[83]|Bytes:8
23:40:00.0 (43634190)|HEAP_ALLOCATE|[83]|Bytes:1
23:40:00.0 (43670550)|HEAP_ALLOCATE|[83]|Bytes:8
23:40:00.0 (43689042)|HEAP_ALLOCATE|[83]|Bytes:52
23:40:00.0 (43694670)|HEAP_ALLOCATE|[83]|Bytes:53
23:40:00.0 (43704269)|VARIABLE_ASSIGNMENT|[83]|securityMessage|"FLS on [BFFFollow__c (33 more) ..."
23:40:00.0 (43707475)|STATEMENT_EXECUTE|[84]
23:40:00.0 (43716592)|HEAP_ALLOCATE|[84]|Bytes:63
23:40:00.0 (43739234)|USER_DEBUG|[84]|DEBUG|Checking: FLS on [BFFFollow__c.FollowedUsers__c] for [Querying]
23:40:00.0 (43827961)|STATEMENT_EXECUTE|[87]
23:40:00.0 (43843566)|STATEMENT_EXECUTE|[88]
23:40:00.0 (43860188)|HEAP_ALLOCATE|[80]|Bytes:5
23:40:00.0 (43872691)|VARIABLE_SCOPE_BEGIN|[80]|fieldName|String|false|false
23:40:00.0 (43880840)|VARIABLE_ASSIGNMENT|[80]|fieldName|"Id"
23:40:00.0 (43883259)|STATEMENT_EXECUTE|[80]
23:40:00.0 (43884278)|STATEMENT_EXECUTE|[81]
23:40:00.0 (44038587)|HEAP_ALLOCATE|[81]|Bytes:8
23:40:00.0 (44050321)|VARIABLE_SCOPE_BEGIN|[81]|drField|Schema.DescribeFieldResult|true|false
23:40:00.0 (44115117)|VARIABLE_ASSIGNMENT|[81]|drField|"common.api.soap.wsdl.Field@1c6e445e"|0x682f1c29
23:40:00.0 (44127085)|STATEMENT_EXECUTE|[99]
23:40:00.0 (44128846)|STATEMENT_EXECUTE|[100]
23:40:00.0 (44137341)|HEAP_ALLOCATE|[100]|Bytes:22
23:40:00.0 (44175204)|HEAP_ALLOCATE|[100]|Bytes:8
23:40:00.0 (44188571)|HEAP_ALLOCATE|[100]|Bytes:52
23:40:00.0 (44192326)|HEAP_ALLOCATE|[100]|Bytes:35
23:40:00.0 (44196361)|HEAP_ALLOCATE|[100]|Bytes:87
23:40:00.0 (44209091)|USER_DEBUG|[100]|DEBUG|Bypass Check: FLS on [BFFFollow__c.Id] for [Querying] since it's not isPermissionable()
23:40:00.0 (44230418)|HEAP_ALLOCATE|[80]|Bytes:5
23:40:00.0 (44250099)|VARIABLE_ASSIGNMENT|[80]|fieldName|null
23:40:00.0 (44264699)|HEAP_ALLOCATE|[58]|Bytes:5
23:40:00.0 (44275310)|VARIABLE_ASSIGNMENT|[58]|sObjectName|null
23:40:00.0 (44290443)|METHOD_EXIT|[20]|01p50000002CIEt|ETLC_SecuredDB.validate(ETLC_SecuredDB.Operation, Map<String,Set<String>>)
23:40:00.0 (44294637)|STATEMENT_EXECUTE|[21]
23:40:00.0 (44306415)|METHOD_EXIT|[28]|01p50000002CIEt|ETLC_SecuredDB.query(String)
23:40:00.0 (44312809)|VARIABLE_SCOPE_BEGIN|[28]|dbRecords|List<SObject>|true|false
23:40:00.0 (44352540)|VARIABLE_ASSIGNMENT|[28]|dbRecords|{"s":1,"v":[{"s":2,"v":{"FollowedUsers__c":"[{\"id\":\"00550000005d (28 more) ...","Id":"a005000000ezW4dAAE"}}]}|0xa4c0155
23:40:00.0 (44361160)|STATEMENT_EXECUTE|[29]
23:40:00.0 (44470878)|STATEMENT_EXECUTE|[30]
23:40:00.0 (44475894)|STATEMENT_EXECUTE|[31]
23:40:00.0 (44481121)|STATEMENT_EXECUTE|[34]
23:40:00.0 (44493464)|HEAP_ALLOCATE|[34]|Bytes:12
23:40:00.0 (44502172)|HEAP_ALLOCATE|[34]|Bytes:16
23:40:00.0 (44570811)|HEAP_ALLOCATE|[34]|Bytes:48
23:40:00.0 (44589280)|METHOD_EXIT|[10]|01p50000002D8iw|BFFFollow_Controller.fetchFollowedUsers(Id)
23:40:00.0 (44673431)|VARIABLE_ASSIGNMENT|[EXTERNAL]|this|{"debug":false,"input":"{\"mode\":\"fetchFollow (9 more) ...","operation":"BFFFollow_Controller"}|0x1e01258e
23:40:00.0 (44684933)|VARIABLE_ASSIGNMENT|[EXTERNAL]|value|"[{\"id\":\"00550000005d (28 more) ..."
23:40:00.0 (44700915)|VARIABLE_ASSIGNMENT|[12]|this.output|"[{\"id\":\"00550000005d (28 more) ..."|0x1e01258e
23:40:00.0 (44708188)|STATEMENT_EXECUTE|[11]
23:40:00.0 (44765099)|VARIABLE_ASSIGNMENT|[EXTERNAL]|this|{"debug":false,"input":"{\"mode\":\"fetchFollow (9 more) ...","operation":"BFFFollow_Controller","output":"[{\"id\":\"00550000005d (28 more) ..."}|0x1e01258e
23:40:00.0 (44826589)|VARIABLE_ASSIGNMENT|[EXTERNAL]|this|{"debug":false,"input":"{\"mode\":\"fetchFollow (9 more) ...","operation":"BFFFollow_Controller","output":"[{\"id\":\"00550000005d (28 more) ..."}|0x1e01258e
23:40:00.0 (44837225)|VARIABLE_ASSIGNMENT|[EXTERNAL]|value|true
23:40:00.0 (44842296)|HEAP_ALLOCATE|[15]|Bytes:5
23:40:00.0 (44850262)|VARIABLE_ASSIGNMENT|[15]|this.outputFlag|true|0x1e01258e
23:40:00.0 (44859901)|STATEMENT_EXECUTE|[19]
23:40:00.0 (44873169)|METHOD_EXIT|[9]|01p50000002D8iw|BFFFollow_Controller.process(ETLC_ApexBridge_Data)
23:40:00.0 (44877435)|STATEMENT_EXECUTE|[24]
23:40:00.0 (44897146)|METHOD_ENTRY|[24]|01p50000002CIEo|ETLC_ApexBridge_Data.toJSON()
23:40:00.0 (44916953)|VARIABLE_SCOPE_BEGIN|[57]|this|ETLC_ApexBridge_Data|true|false
23:40:00.0 (44944884)|VARIABLE_ASSIGNMENT|[57]|this|{"debug":false,"input":"{\"mode\":\"fetchFollow (9 more) ...","operation":"BFFFollow_Controller","output":"[{\"id\":\"00550000005d (28 more) ...","outputFlag":true}|0x1e01258e
23:40:00.0 (44951609)|STATEMENT_EXECUTE|[57]
23:40:00.0 (44952737)|STATEMENT_EXECUTE|[58]
23:40:00.0 (44968060)|METHOD_ENTRY|[58]||System.JSON.serialize(Object)
23:40:00.0 (45064891)|STATEMENT_EXECUTE|[22]
23:40:00.0 (45070771)|STATEMENT_EXECUTE|[23]
23:40:00.0 (45079349)|HEAP_ALLOCATE|[23]|Bytes:5
23:40:00.0 (45088362)|VARIABLE_ASSIGNMENT|[23]|this.isSuccess|true|0x1e01258e
23:40:00.0 (45090756)|STATEMENT_EXECUTE|[24]
23:40:00.0 (45137566)|STATEMENT_EXECUTE|[31]
23:40:00.0 (45142118)|STATEMENT_EXECUTE|[32]
23:40:00.0 (45152024)|HEAP_ALLOCATE|[32]|Bytes:4
23:40:00.0 (45218468)|VARIABLE_ASSIGNMENT|[32]|this.messages|{"s":1,"v":{}}|0x1e01258e
23:40:00.0 (45222392)|STATEMENT_EXECUTE|[33]
23:40:00.0 (45563473)|METHOD_EXIT|[58]||System.JSON.serialize(Object)
23:40:00.0 (45570004)|METHOD_EXIT|[24]|01p50000002CIEo|ETLC_ApexBridge_Data.toJSON()
23:40:00.0 (45582683)|SYSTEM_MODE_EXIT|false
23:40:00.45 (45634820)|CUMULATIVE_LIMIT_USAGE
23:40:00.45 (45634820)|LIMIT_USAGE_FOR_NS|(default)|
  Number of SOQL queries: 1 out of 100
  Number of query rows: 1 out of 50000
  Number of SOSL queries: 0 out of 20
  Number of DML statements: 0 out of 150
  Number of DML rows: 0 out of 10000
  Maximum CPU time: 0 out of 10000
  Maximum heap size: 0 out of 6000000
  Number of callouts: 0 out of 100
  Number of Email Invocations: 0 out of 10
  Number of future calls: 0 out of 50
  Number of queueable jobs added to the queue: 0 out of 50
  Number of Mobile Apex push calls: 0 out of 10

23:40:00.45 (45634820)|CUMULATIVE_LIMIT_USAGE_END

23:40:00.0 (45683143)|CODE_UNIT_FINISHED|ETLC_ApexBridge_Controller.execute
