37.0 APEX_CODE,FINEST;APEX_PROFILING,INFO;CALLOUT,INFO;DB,INFO;SYSTEM,DEBUG;VALIDATION,INFO;VISUALFORCE,INFO;WORKFLOW,INFO
16:09:51.0 (390573)|USER_INFO|[EXTERNAL]|00550000005cg71|bfffollow@jr.te|Eastern Standard Time|GMT-04:00
16:09:51.0 (436084)|EXECUTION_STARTED
16:09:51.0 (442218)|CODE_UNIT_STARTED|[EXTERNAL]|aura
16:09:51.0 (829211)|HEAP_ALLOCATE|[72]|Bytes:3
16:09:51.0 (890440)|HEAP_ALLOCATE|[77]|Bytes:152
16:09:51.0 (905413)|HEAP_ALLOCATE|[342]|Bytes:408
16:09:51.0 (921813)|HEAP_ALLOCATE|[355]|Bytes:408
16:09:51.0 (936970)|HEAP_ALLOCATE|[467]|Bytes:48
16:09:51.0 (968970)|HEAP_ALLOCATE|[139]|Bytes:6
16:09:51.0 (995119)|HEAP_ALLOCATE|[EXTERNAL]|Bytes:93
16:09:51.0 (1030327)|HEAP_ALLOCATE|[EXTERNAL]|Bytes:93
16:09:51.0 (2101682)|CODE_UNIT_STARTED|[EXTERNAL]|01p50000002CIEm|ETLC_ApexBridge_Controller.execute
16:09:51.0 (2866838)|HEAP_ALLOCATE|[EXTERNAL]|Bytes:1
16:09:51.0 (2880469)|HEAP_ALLOCATE|[EXTERNAL]|Bytes:10
16:09:51.0 (2938386)|METHOD_ENTRY|[1]|01p50000002CIEm|ETLC_ApexBridge_Controller.ETLC_ApexBridge_Controller()
16:09:51.0 (2946610)|STATEMENT_EXECUTE|[1]
16:09:51.0 (2967157)|STATEMENT_EXECUTE|[1]
16:09:51.0 (3007511)|METHOD_EXIT|[1]|ETLC_ApexBridge_Controller
16:09:51.0 (3016297)|HEAP_ALLOCATE|[EXTERNAL]|Bytes:93
16:09:51.0 (3028591)|SYSTEM_MODE_ENTER|false
16:09:51.0 (3040155)|VARIABLE_SCOPE_BEGIN|[3]|dataJson|String|false|false
16:09:51.0 (3111645)|VARIABLE_ASSIGNMENT|[3]|dataJson|"{\"operation\":\"BFFFol (73 more) ..."
16:09:51.0 (3129803)|STATEMENT_EXECUTE|[3]
16:09:51.0 (3131836)|STATEMENT_EXECUTE|[4]
16:09:51.0 (5153069)|VARIABLE_SCOPE_BEGIN|[4]|data|ETLC_ApexBridge_Data|true|false
16:09:51.0 (5170673)|VARIABLE_ASSIGNMENT|[4]|data|null|
16:09:51.0 (5175626)|STATEMENT_EXECUTE|[5]
16:09:51.0 (5178444)|STATEMENT_EXECUTE|[5]
16:09:51.0 (5180463)|STATEMENT_EXECUTE|[6]
16:09:51.0 (5201698)|HEAP_ALLOCATE|[6]|Bytes:11
16:09:51.0 (5217997)|HEAP_ALLOCATE|[6]|Bytes:248
16:09:51.0 (5226647)|HEAP_ALLOCATE|[6]|Bytes:39
16:09:51.0 (5277468)|METHOD_ENTRY|[2]|01p50000002CIEo|ETLC_ApexBridge_Data.ETLC_ApexBridge_Data()
16:09:51.0 (5284272)|STATEMENT_EXECUTE|[2]
16:09:51.0 (5291339)|STATEMENT_EXECUTE|[2]
16:09:51.0 (5304222)|METHOD_EXIT|[2]|ETLC_ApexBridge_Data
16:09:51.0 (5355046)|METHOD_ENTRY|[6]|01p50000002CIEo|ETLC_ApexBridge_Data.fromJSON(String)
16:09:51.0 (5386489)|VARIABLE_SCOPE_BEGIN|[60]|strJson|String|false|false
16:09:51.0 (5401776)|VARIABLE_ASSIGNMENT|[60]|strJson|"{\"operation\":\"BFFFol (73 more) ..."
16:09:51.0 (5409096)|STATEMENT_EXECUTE|[60]
16:09:51.0 (5411694)|STATEMENT_EXECUTE|[61]
16:09:51.0 (5425352)|HEAP_ALLOCATE|[61]|Bytes:20
16:09:51.0 (5457036)|HEAP_ALLOCATE|[50]|Bytes:5
16:09:51.0 (5489452)|HEAP_ALLOCATE|[56]|Bytes:5
16:09:51.0 (5500340)|HEAP_ALLOCATE|[64]|Bytes:7
16:09:51.0 (5597089)|HEAP_ALLOCATE|[61]|Bytes:24
16:09:51.0 (5613474)|SYSTEM_METHOD_ENTRY|[1]|Type.Type()
16:09:51.0 (5616821)|STATEMENT_EXECUTE|[1]
16:09:51.0 (5625437)|SYSTEM_METHOD_EXIT|[1]|Type
16:09:51.0 (5631873)|HEAP_ALLOCATE|[61]|Bytes:8
16:09:51.0 (5655809)|HEAP_ALLOCATE|[61]|Bytes:8
16:09:51.0 (5660424)|VARIABLE_SCOPE_BEGIN|[4]|this|System.Type|true|false
16:09:51.0 (5727591)|VARIABLE_ASSIGNMENT|[4]|this|{}|0x22263d05
16:09:51.0 (5732519)|VARIABLE_SCOPE_BEGIN|[4]|apextype|java:common.apex.runtime.ApexObjectType|true|false
16:09:51.0 (5889629)|VARIABLE_ASSIGNMENT|[4]|apextype|"ETLC_ApexBridge_Data"|0xc8ab28c
16:09:51.0 (5964309)|HEAP_ALLOCATE|[61]|Bytes:8
16:09:51.0 (6003845)|HEAP_ALLOCATE|[61]|Bytes:24
16:09:51.0 (6020366)|SYSTEM_METHOD_ENTRY|[1]|JSON.JSON()
16:09:51.0 (6023422)|STATEMENT_EXECUTE|[1]
16:09:51.0 (6031379)|SYSTEM_METHOD_EXIT|[1]|JSON
16:09:51.0 (6044984)|METHOD_ENTRY|[61]||System.JSON.deserializeStrict(String, System.Type)
16:09:51.0 (6666600)|METHOD_EXIT|[61]||System.JSON.deserializeStrict(String, System.Type)
16:09:51.0 (6676463)|METHOD_EXIT|[6]|01p50000002CIEo|ETLC_ApexBridge_Data.fromJSON(String)
16:09:51.0 (6745854)|VARIABLE_ASSIGNMENT|[6]|data|{"debug":true,"input":"{\"mode\":\"fetchFollow (9 more) ...","operation":"BFFFollow_Controller"}|0x56aa57a0
16:09:51.0 (6751229)|STATEMENT_EXECUTE|[7]
16:09:51.0 (6761285)|HEAP_ALLOCATE|[7]|Bytes:6
16:09:51.0 (6840971)|HEAP_ALLOCATE|[7]|Bytes:177
16:09:51.0 (6862293)|HEAP_ALLOCATE|[7]|Bytes:183
16:09:51.0 (6882176)|USER_DEBUG|[7]|DEBUG|data::ETLC_ApexBridge_Data:[debug=true, input={"mode":"fetchFollowedUsers"}, isSuccess=null, messages=null, operation=BFFFollow_Controller, output=null, outputFlag=null, records=null]
16:09:51.0 (6889370)|STATEMENT_EXECUTE|[8]
16:09:51.0 (6950339)|VARIABLE_ASSIGNMENT|[EXTERNAL]|this|{"debug":true,"input":"{\"mode\":\"fetchFollow (9 more) ...","operation":"BFFFollow_Controller"}|0x56aa57a0
16:09:51.0 (6970656)|METHOD_ENTRY|[8]||System.Type.forName(String)
16:09:51.0 (8836821)|METHOD_EXIT|[8]||System.Type.forName(String)
16:09:51.0 (8850053)|METHOD_ENTRY|[8]||System.Type.newInstance()
16:09:51.0 (10155062)|STATEMENT_EXECUTE|[1]
16:09:51.0 (10167408)|HEAP_ALLOCATE|[33]|Bytes:5
16:09:51.0 (10187708)|METHOD_EXIT|[1]|BFFFollow_Controller
16:09:51.0 (10203286)|HEAP_ALLOCATE|[33]|Bytes:4
16:09:51.0 (10211431)|VARIABLE_SCOPE_BEGIN|[1]|this|BFFFollow_Controller|true|false
16:09:51.0 (10234476)|VARIABLE_ASSIGNMENT|[1]|this|{}|0x4edf6581
16:09:51.0 (10242836)|HEAP_ALLOCATE|[33]|Bytes:5
16:09:51.0 (10251325)|HEAP_ALLOCATE|[33]|Bytes:11
16:09:51.0 (10273611)|METHOD_ENTRY|[1]|01p50000002CIEj|ETLC_ApexBridge_Abstract.ETLC_ApexBridge_Abstract()
16:09:51.0 (10277395)|STATEMENT_EXECUTE|[1]
16:09:51.0 (10281120)|STATEMENT_EXECUTE|[1]
16:09:51.0 (10287292)|METHOD_EXIT|[1]|ETLC_ApexBridge_Abstract
16:09:51.0 (10295747)|CONSTRUCTOR_ENTRY|[EXTERNAL]|01p50000002CIEj|<init>()
16:09:51.0 (10314024)|VARIABLE_SCOPE_BEGIN|[1]|this|ETLC_ApexBridge_Abstract|true|false
16:09:51.0 (10329838)|VARIABLE_ASSIGNMENT|[1]|this|{}|0x4edf6581
16:09:51.0 (10344358)|STATEMENT_EXECUTE|[1]
16:09:51.0 (10350013)|CONSTRUCTOR_EXIT|[EXTERNAL]|01p50000002CIEj|<init>()
16:09:51.0 (10355007)|STATEMENT_EXECUTE|[1]
16:09:51.0 (10359908)|HEAP_ALLOCATE|[33]|Bytes:5
16:09:51.0 (10377858)|METHOD_EXIT|[8]||System.Type.newInstance()
16:09:51.0 (10385444)|VARIABLE_SCOPE_BEGIN|[8]|executor|ETLC_ApexBridge_Abstract|true|false
16:09:51.0 (10398589)|VARIABLE_ASSIGNMENT|[8]|executor|{}|0x4edf6581
16:09:51.0 (10401130)|STATEMENT_EXECUTE|[9]
16:09:51.0 (10441880)|METHOD_ENTRY|[9]|01p50000002D8iw|BFFFollow_Controller.process(ETLC_ApexBridge_Data)
16:09:51.0 (10467438)|VARIABLE_SCOPE_BEGIN|[3]|this|BFFFollow_Controller|true|false
16:09:51.0 (10481842)|VARIABLE_ASSIGNMENT|[3]|this|{}|0x4edf6581
16:09:51.0 (10485054)|VARIABLE_SCOPE_BEGIN|[3]|data|ETLC_ApexBridge_Data|true|false
16:09:51.0 (10513469)|VARIABLE_ASSIGNMENT|[3]|data|{"debug":true,"input":"{\"mode\":\"fetchFollow (9 more) ...","operation":"BFFFollow_Controller"}|0x56aa57a0
16:09:51.0 (10523616)|HEAP_ALLOCATE|[4]|Bytes:5
16:09:51.0 (10527326)|STATEMENT_EXECUTE|[3]
16:09:51.0 (10528477)|STATEMENT_EXECUTE|[4]
16:09:51.0 (10605666)|VARIABLE_ASSIGNMENT|[EXTERNAL]|this|{"debug":true,"input":"{\"mode\":\"fetchFollow (9 more) ...","operation":"BFFFollow_Controller"}|0x56aa57a0
16:09:51.0 (10638261)|VARIABLE_ASSIGNMENT|[4]|BFFFollow_Controller.debugFlag|true
16:09:51.0 (10685316)|VARIABLE_ASSIGNMENT|[EXTERNAL]|this|{"debug":true,"input":"{\"mode\":\"fetchFollow (9 more) ...","operation":"BFFFollow_Controller"}|0x56aa57a0
16:09:51.0 (10698234)|STATEMENT_EXECUTE|[5]
16:09:51.0 (10740332)|USER_DEBUG|[5]|DEBUG|ETLC_ApexBridge_Data:[debug=true, input={"mode":"fetchFollowedUsers"}, isSuccess=null, messages=null, operation=BFFFollow_Controller, output=null, outputFlag=null, records=null]
16:09:51.0 (10747914)|STATEMENT_EXECUTE|[7]
16:09:51.0 (10755411)|HEAP_ALLOCATE|[7]|Bytes:4
16:09:51.0 (10780773)|METHOD_ENTRY|[7]|01p50000002CIEo|ETLC_ApexBridge_Data.getInputValue(String)
16:09:51.0 (10805061)|VARIABLE_SCOPE_BEGIN|[52]|this|ETLC_ApexBridge_Data|true|false
16:09:51.0 (10836182)|VARIABLE_ASSIGNMENT|[52]|this|{"debug":true,"input":"{\"mode\":\"fetchFollow (9 more) ...","operation":"BFFFollow_Controller"}|0x56aa57a0
16:09:51.0 (10841998)|VARIABLE_SCOPE_BEGIN|[52]|key|String|false|false
16:09:51.0 (10845951)|VARIABLE_ASSIGNMENT|[52]|key|"mode"
16:09:51.0 (10850619)|STATEMENT_EXECUTE|[52]
16:09:51.0 (10852044)|STATEMENT_EXECUTE|[53]
16:09:51.0 (10905865)|VARIABLE_ASSIGNMENT|[EXTERNAL]|this|{"debug":true,"input":"{\"mode\":\"fetchFollow (9 more) ...","operation":"BFFFollow_Controller"}|0x56aa57a0
16:09:51.0 (10926454)|METHOD_ENTRY|[53]||System.JSON.deserializeUntyped(String)
16:09:51.0 (11141322)|METHOD_EXIT|[53]||System.JSON.deserializeUntyped(String)
16:09:51.0 (11151298)|VARIABLE_SCOPE_BEGIN|[53]|inputMap|Map<String,ANY>|true|false
16:09:51.0 (11178598)|VARIABLE_ASSIGNMENT|[53]|inputMap|{"s":1,"v":{"mode":"fetchFollowedUsers"}}|0x60e7f6c3
16:09:51.0 (11181738)|STATEMENT_EXECUTE|[54]
16:09:51.0 (11226313)|METHOD_EXIT|[7]|01p50000002CIEo|ETLC_ApexBridge_Data.getInputValue(String)
16:09:51.0 (11231752)|VARIABLE_SCOPE_BEGIN|[7]|mode|String|false|false
16:09:51.0 (11239091)|VARIABLE_ASSIGNMENT|[7]|mode|"fetchFollowedUsers"
16:09:51.0 (11243977)|HEAP_ALLOCATE|[9]|Bytes:18
16:09:51.0 (11274200)|STATEMENT_EXECUTE|[9]
16:09:51.0 (11277556)|STATEMENT_EXECUTE|[10]
16:09:51.0 (11341710)|HEAP_ALLOCATE|[10]|Bytes:85
16:09:51.0 (11364689)|SYSTEM_METHOD_ENTRY|[1]|UserInfo.UserInfo()
16:09:51.0 (11369129)|STATEMENT_EXECUTE|[1]
16:09:51.0 (11381854)|SYSTEM_METHOD_EXIT|[1]|UserInfo
16:09:51.0 (11399013)|METHOD_ENTRY|[10]||System.UserInfo.getUserId()
16:09:51.0 (11445005)|METHOD_EXIT|[10]||System.UserInfo.getUserId()
16:09:51.0 (11464318)|HEAP_ALLOCATE|[10]|Bytes:4
16:09:51.0 (11489319)|METHOD_ENTRY|[10]|01p50000002D8iw|BFFFollow_Controller.fetchFollowedUsers(Id)
16:09:51.0 (11499602)|VARIABLE_SCOPE_BEGIN|[20]|this|BFFFollow_Controller|true|false
16:09:51.0 (11522132)|VARIABLE_ASSIGNMENT|[20]|this|{}|0x4edf6581
16:09:51.0 (11529282)|VARIABLE_SCOPE_BEGIN|[20]|followedById|Id|false|false
16:09:51.0 (11707917)|VARIABLE_ASSIGNMENT|[20]|followedById|"00550000005cg71AAA"
16:09:51.0 (11720928)|HEAP_ALLOCATE|[21]|Bytes:5
16:09:51.0 (11725198)|STATEMENT_EXECUTE|[20]
16:09:51.0 (11726531)|STATEMENT_EXECUTE|[21]
16:09:51.0 (11735249)|HEAP_ALLOCATE|[21]|Bytes:63
16:09:51.0 (11776700)|HEAP_ALLOCATE|[21]|Bytes:18
16:09:51.0 (11790941)|HEAP_ALLOCATE|[21]|Bytes:9
16:09:51.0 (11806174)|HEAP_ALLOCATE|[21]|Bytes:90
16:09:51.0 (11814122)|VARIABLE_SCOPE_BEGIN|[21]|soql|String|false|false
16:09:51.0 (11826866)|VARIABLE_ASSIGNMENT|[21]|soql|"SELECT FollowedUsers (70 more) ..."
16:09:51.0 (11830804)|STATEMENT_EXECUTE|[22]
16:09:51.0 (11832577)|STATEMENT_EXECUTE|[22]
16:09:51.0 (11838899)|STATEMENT_EXECUTE|[23]
16:09:51.0 (11841033)|STATEMENT_EXECUTE|[23]
16:09:51.0 (11853343)|HEAP_ALLOCATE|[23]|Bytes:24
16:09:51.0 (11865351)|HEAP_ALLOCATE|[23]|Bytes:114
16:09:51.0 (11906615)|USER_DEBUG|[23]|DEBUG|fetchFollowedUsers:soql:SELECT FollowedUsers__c FROM BFFFollow__c WHERE FollowedBy__c='00550000005cg71AAA' limit 1
16:09:51.0 (11918429)|STATEMENT_EXECUTE|[24]
16:09:51.0 (15596609)|HEAP_ALLOCATE|[24]|Bytes:9
16:09:51.0 (15612847)|HEAP_ALLOCATE|[24]|Bytes:29
16:09:51.0 (15620301)|HEAP_ALLOCATE|[24]|Bytes:21
16:09:51.0 (15664347)|METHOD_ENTRY|[7]|01p50000002CIEt|ETLC_SecuredDB.ETLC_SecuredDB()
16:09:51.0 (15672060)|STATEMENT_EXECUTE|[7]
16:09:51.0 (15679695)|STATEMENT_EXECUTE|[7]
16:09:51.0 (15688533)|HEAP_ALLOCATE|[24]|Bytes:5
16:09:51.0 (15709177)|METHOD_EXIT|[7]|ETLC_SecuredDB
16:09:51.0 (15756999)|METHOD_ENTRY|[24]|01p50000002CIEt|ETLC_SecuredDB.query(String)
16:09:51.0 (15794375)|VARIABLE_SCOPE_BEGIN|[10]|SOQL|String|false|false
16:09:51.0 (15812648)|VARIABLE_ASSIGNMENT|[10]|SOQL|"SELECT FollowedUsers (70 more) ..."
16:09:51.0 (15824897)|HEAP_ALLOCATE|[12]|Bytes:5
16:09:51.0 (15831327)|STATEMENT_EXECUTE|[10]
16:09:51.0 (15833471)|STATEMENT_EXECUTE|[12]
16:09:51.0 (17365299)|SOQL_EXECUTE_BEGIN|[12]|Aggregations:0|SELECT FollowedUsers__c FROM BFFFollow__c WHERE FollowedBy__c='00550000005cg71AAA' limit 1
16:09:51.0 (21884502)|SOQL_EXECUTE_END|[12]|Rows:1
16:09:51.0 (21918532)|HEAP_ALLOCATE|[12]|Bytes:8
16:09:51.0 (21935737)|HEAP_ALLOCATE|[12]|Bytes:111
16:09:51.0 (22032943)|HEAP_ALLOCATE|[12]|Bytes:8
16:09:51.0 (22056238)|VARIABLE_SCOPE_BEGIN|[12]|dbRecords|List<SObject>|true|false
16:09:51.0 (22114710)|VARIABLE_ASSIGNMENT|[12]|dbRecords|{"s":1,"v":[{"s":2,"v":{"FollowedUsers__c":"[{\"id\":\"00550000005c (38 more) ...","Id":"a005000000ezW4dAAE"}}]}|0x15e2ce4d
16:09:51.0 (22121616)|STATEMENT_EXECUTE|[20]
16:09:51.0 (22471291)|HEAP_ALLOCATE|[20]|Bytes:12
16:09:51.0 (22479073)|HEAP_ALLOCATE|[20]|Bytes:8
16:09:51.0 (22553302)|HEAP_ALLOCATE|[20]|Bytes:12
16:09:51.0 (22559228)|HEAP_ALLOCATE|[20]|Bytes:9
16:09:51.0 (22574144)|HEAP_ALLOCATE|[20]|Bytes:12
16:09:51.0 (22577574)|HEAP_ALLOCATE|[20]|Bytes:8
16:09:51.0 (22589238)|HEAP_ALLOCATE|[20]|Bytes:12
16:09:51.0 (22592834)|HEAP_ALLOCATE|[20]|Bytes:8
16:09:51.0 (22603889)|HEAP_ALLOCATE|[20]|Bytes:12
16:09:51.0 (22607123)|HEAP_ALLOCATE|[20]|Bytes:9
16:09:51.0 (22649314)|METHOD_ENTRY|[20]|01p50000002CIEt|ETLC_SecuredDB.findFields(List<SObject>)
16:09:51.0 (22686291)|VARIABLE_SCOPE_BEGIN|[108]|dbRecords|List<SObject>|true|false
16:09:51.0 (22717092)|VARIABLE_ASSIGNMENT|[108]|dbRecords|{"s":1,"v":[{"s":2,"v":{"FollowedUsers__c":"[{\"id\":\"00550000005c (38 more) ...","Id":"a005000000ezW4dAAE"}}]}|0x15e2ce4d
16:09:51.0 (22735131)|HEAP_ALLOCATE|[109]|Bytes:5
16:09:51.0 (22741992)|STATEMENT_EXECUTE|[108]
16:09:51.0 (22744439)|STATEMENT_EXECUTE|[109]
16:09:51.0 (22757452)|VARIABLE_SCOPE_BEGIN|[109]|strJSON|String|false|false
16:09:51.0 (22772685)|VARIABLE_ASSIGNMENT|[109]|strJSON|null
16:09:51.0 (22775852)|STATEMENT_EXECUTE|[110]
16:09:51.0 (22783309)|VARIABLE_SCOPE_BEGIN|[110]|mapFields|Map<String,Set<String>>|true|false
16:09:51.0 (22788898)|VARIABLE_ASSIGNMENT|[110]|mapFields|null|
16:09:51.0 (22790810)|STATEMENT_EXECUTE|[112]
16:09:51.0 (22807080)|METHOD_ENTRY|[112]||System.JSON.serialize(Object)
16:09:51.0 (23278224)|METHOD_EXIT|[112]||System.JSON.serialize(Object)
16:09:51.0 (23293948)|VARIABLE_ASSIGNMENT|[112]|strJSON|"[{\"attributes\":{\"typ (204 more) ..."
16:09:51.0 (23297265)|STATEMENT_EXECUTE|[113]
16:09:51.0 (23306215)|HEAP_ALLOCATE|[113]|Bytes:5
16:09:51.0 (23319704)|HEAP_ALLOCATE|[113]|Bytes:229
16:09:51.0 (23358356)|USER_DEBUG|[113]|DEBUG|JSON:[{"attributes":{"type":"BFFFollow__c","url":"/services/data/v37.0/sobjects/BFFFollow__c/a005000000ezW4dAAE"},"FollowedUsers__c":"[{\"id\":\"00550000005cg71AAA\",\"name\":\"Jaswinder Rattanpal\"}]","Id":"a005000000ezW4dAAE"}]
16:09:51.0 (23367376)|STATEMENT_EXECUTE|[114]
16:09:51.0 (23378025)|HEAP_ALLOCATE|[114]|Bytes:4
16:09:51.0 (23407970)|VARIABLE_ASSIGNMENT|[114]|mapFields|{"s":1,"v":{}}|0x5e509ee7
16:09:51.0 (23411403)|STATEMENT_EXECUTE|[115]
16:09:51.0 (23425004)|METHOD_ENTRY|[115]||System.JSON.deserializeUntyped(String)
16:09:51.0 (23824461)|METHOD_EXIT|[115]||System.JSON.deserializeUntyped(String)
16:09:51.0 (23834972)|VARIABLE_SCOPE_BEGIN|[115]|records|List<ANY>|true|false
16:09:51.0 (23869204)|HEAP_ALLOCATE|[EXTERNAL]|Bytes:8
16:09:51.0 (23893746)|VARIABLE_ASSIGNMENT|[115]|records|{"s":1,"v":[{"s":2,"v":{"attributes":{"s":3,"v":{"type":"BFFFollow__c","url":"/services/data/v37.0 (41 more) ..."}},"FollowedUsers__c":"[{\"id\":\"00550000005c (38 more) ...","Id":"a005000000ezW4dAAE"}}]}|0x72765454
16:09:51.0 (23938738)|HEAP_ALLOCATE|[116]|Bytes:5
16:09:51.0 (23955491)|HEAP_ALLOCATE|[116]|Bytes:16
16:09:51.0 (23966777)|VARIABLE_SCOPE_BEGIN|[116]|record|Object|false|false
16:09:51.0 (23989411)|VARIABLE_ASSIGNMENT|[116]|record|{"s":1,"v":{"attributes":{"s":2,"v":{"type":"BFFFollow__c","url":"/services/data/v37.0 (41 more) ..."}},"FollowedUsers__c":"[{\"id\":\"00550000005c (38 more) ...","Id":"a005000000ezW4dAAE"}}
16:09:51.0 (23994229)|STATEMENT_EXECUTE|[116]
16:09:51.0 (23995541)|STATEMENT_EXECUTE|[117]
16:09:51.0 (24020669)|METHOD_ENTRY|[117]|01p50000002CIEt|ETLC_SecuredDB.findFieldsRecursive(Map<String,Set<String>>, Map<String,ANY>)
16:09:51.0 (24047997)|VARIABLE_SCOPE_BEGIN|[124]|mapFields|Map<String,Set<String>>|true|false
16:09:51.0 (24059841)|VARIABLE_ASSIGNMENT|[124]|mapFields|{"s":1,"v":{}}|0x5e509ee7
16:09:51.0 (24063331)|VARIABLE_SCOPE_BEGIN|[124]|record|Map<String,ANY>|true|false
16:09:51.0 (24076272)|VARIABLE_ASSIGNMENT|[124]|record|{"s":1,"v":{"attributes":{"s":2,"v":{"type":"BFFFollow__c","url":"/services/data/v37.0 (41 more) ..."}},"FollowedUsers__c":"[{\"id\":\"00550000005c (38 more) ...","Id":"a005000000ezW4dAAE"}}|0xbd19028
16:09:51.0 (24383841)|HEAP_ALLOCATE|[125]|Bytes:5
16:09:51.0 (24389830)|STATEMENT_EXECUTE|[124]
16:09:51.0 (24391260)|STATEMENT_EXECUTE|[125]
16:09:51.0 (24398774)|HEAP_ALLOCATE|[125]|Bytes:10
16:09:51.0 (24403527)|VARIABLE_SCOPE_BEGIN|[125]|strAttributes|String|false|false
16:09:51.0 (24410725)|VARIABLE_ASSIGNMENT|[125]|strAttributes|"attributes"
16:09:51.0 (24412838)|STATEMENT_EXECUTE|[126]
16:09:51.0 (24417592)|HEAP_ALLOCATE|[126]|Bytes:7
16:09:51.0 (24420855)|VARIABLE_SCOPE_BEGIN|[126]|strRecord|String|false|false
16:09:51.0 (24425257)|VARIABLE_ASSIGNMENT|[126]|strRecord|"records"
16:09:51.0 (24462408)|STATEMENT_EXECUTE|[127]
16:09:51.0 (24464527)|STATEMENT_EXECUTE|[128]
16:09:51.0 (24501542)|VARIABLE_SCOPE_BEGIN|[128]|attributes|Map<String,ANY>|true|false
16:09:51.0 (24518502)|VARIABLE_ASSIGNMENT|[128]|attributes|{"s":1,"v":{"type":"BFFFollow__c","url":"/services/data/v37.0 (41 more) ..."}}|0x6515df1a
16:09:51.0 (24522019)|STATEMENT_EXECUTE|[129]
16:09:51.0 (24529890)|HEAP_ALLOCATE|[129]|Bytes:4
16:09:51.0 (24582820)|VARIABLE_SCOPE_BEGIN|[129]|objectName|String|false|false
16:09:51.0 (24594518)|VARIABLE_ASSIGNMENT|[129]|objectName|"BFFFollow__c"
16:09:51.0 (24604086)|HEAP_ALLOCATE|[130]|Bytes:4
16:09:51.0 (24683497)|HEAP_ALLOCATE|[130]|Bytes:44
16:09:51.0 (24705634)|HEAP_ALLOCATE|[130]|Bytes:12
16:09:51.0 (24729519)|HEAP_ALLOCATE|[130]|Bytes:5
16:09:51.0 (24751726)|VARIABLE_SCOPE_BEGIN|[130]|fieldName|String|false|false
16:09:51.0 (24763915)|VARIABLE_ASSIGNMENT|[130]|fieldName|"attributes"
16:09:51.0 (24773173)|STATEMENT_EXECUTE|[130]
16:09:51.0 (24775780)|STATEMENT_EXECUTE|[131]
16:09:51.0 (24839821)|VARIABLE_SCOPE_BEGIN|[131]|field|Object|false|false
16:09:51.0 (24860150)|VARIABLE_ASSIGNMENT|[131]|field|{"s":1,"v":{"type":"BFFFollow__c","url":"/services/data/v37.0 (41 more) ..."}}
16:09:51.0 (24882748)|STATEMENT_EXECUTE|[132]
16:09:51.0 (24899970)|HEAP_ALLOCATE|[130]|Bytes:5
16:09:51.0 (24912557)|VARIABLE_SCOPE_BEGIN|[130]|fieldName|String|false|false
16:09:51.0 (24919818)|VARIABLE_ASSIGNMENT|[130]|fieldName|"FollowedUsers__c"
16:09:51.0 (24922419)|STATEMENT_EXECUTE|[130]
16:09:51.0 (24923461)|STATEMENT_EXECUTE|[131]
16:09:51.0 (24942472)|VARIABLE_SCOPE_BEGIN|[131]|field|Object|false|false
16:09:51.0 (24953460)|VARIABLE_ASSIGNMENT|[131]|field|"[{\"id\":\"00550000005c (38 more) ..."
16:09:51.0 (24965787)|HEAP_ALLOCATE|[134]|Bytes:68
16:09:51.0 (24984064)|STATEMENT_EXECUTE|[136]
16:09:51.0 (24985863)|STATEMENT_EXECUTE|[137]
16:09:51.0 (24995869)|HEAP_ALLOCATE|[137]|Bytes:4
16:09:51.0 (25033089)|VARIABLE_SCOPE_BEGIN|[137]|fieldNames|Set<String>|true|false
16:09:51.0 (25056290)|VARIABLE_ASSIGNMENT|[137]|fieldNames|{"s":1,"v":[]}|0x7ffcf5a4
16:09:51.0 (25090502)|STATEMENT_EXECUTE|[138]
16:09:51.0 (25096920)|STATEMENT_EXECUTE|[139]
16:09:51.0 (25122066)|HEAP_ALLOCATE|[EXTERNAL]|Bytes:4
16:09:51.0 (25129551)|STATEMENT_EXECUTE|[140]
16:09:51.0 (25159550)|HEAP_ALLOCATE|[EXTERNAL]|Bytes:-4
16:09:51.0 (25173808)|HEAP_ALLOCATE|[130]|Bytes:5
16:09:51.0 (25185067)|VARIABLE_SCOPE_BEGIN|[130]|fieldName|String|false|false
16:09:51.0 (25192121)|VARIABLE_ASSIGNMENT|[130]|fieldName|"Id"
16:09:51.0 (25194965)|STATEMENT_EXECUTE|[130]
16:09:51.0 (25196003)|STATEMENT_EXECUTE|[131]
16:09:51.0 (25215857)|VARIABLE_SCOPE_BEGIN|[131]|field|Object|false|false
16:09:51.0 (25224738)|VARIABLE_ASSIGNMENT|[131]|field|"a005000000ezW4dAAE"
16:09:51.0 (25241281)|STATEMENT_EXECUTE|[136]
16:09:51.0 (25242989)|STATEMENT_EXECUTE|[137]
16:09:51.0 (25250381)|HEAP_ALLOCATE|[137]|Bytes:4
16:09:51.0 (25262520)|VARIABLE_SCOPE_BEGIN|[137]|fieldNames|Set<String>|true|false
16:09:51.0 (25279351)|VARIABLE_ASSIGNMENT|[137]|fieldNames|{"s":1,"v":[]}|0x78ab6aa3
16:09:51.0 (25292274)|STATEMENT_EXECUTE|[138]
16:09:51.0 (25317728)|VARIABLE_ASSIGNMENT|[138]|fieldNames|{"s":1,"v":["FollowedUsers__c"]}|0x7ffcf5a4
16:09:51.0 (25321242)|STATEMENT_EXECUTE|[139]
16:09:51.0 (25330521)|HEAP_ALLOCATE|[EXTERNAL]|Bytes:4
16:09:51.0 (25335663)|STATEMENT_EXECUTE|[140]
16:09:51.0 (25355106)|HEAP_ALLOCATE|[130]|Bytes:5
16:09:51.0 (25366440)|VARIABLE_ASSIGNMENT|[130]|fieldName|null
16:09:51.0 (25376840)|METHOD_EXIT|[117]|01p50000002CIEt|ETLC_SecuredDB.findFieldsRecursive(Map<String,Set<String>>, Map<String,ANY>)
16:09:51.0 (25387416)|HEAP_ALLOCATE|[116]|Bytes:5
16:09:51.0 (25402605)|VARIABLE_ASSIGNMENT|[116]|record|null
16:09:51.0 (25408660)|HEAP_ALLOCATE|[119]|Bytes:4
16:09:51.0 (25440795)|HEAP_ALLOCATE|[119]|Bytes:20
16:09:51.0 (25452851)|HEAP_ALLOCATE|[119]|Bytes:4
16:09:51.0 (25470003)|HEAP_ALLOCATE|[119]|Bytes:5
16:09:51.0 (25482076)|VARIABLE_SCOPE_BEGIN|[119]|objectName|String|false|false
16:09:51.0 (25489649)|VARIABLE_ASSIGNMENT|[119]|objectName|"BFFFollow__c"
16:09:51.0 (25492834)|STATEMENT_EXECUTE|[119]
16:09:51.0 (25493982)|STATEMENT_EXECUTE|[120]
16:09:51.0 (25501279)|HEAP_ALLOCATE|[120]|Bytes:2
16:09:51.0 (25558355)|HEAP_ALLOCATE|[120]|Bytes:22
16:09:51.0 (25573050)|HEAP_ALLOCATE|[120]|Bytes:36
16:09:51.0 (25583781)|USER_DEBUG|[120]|DEBUG|BFFFollow__c: {FollowedUsers__c, Id}
16:09:51.0 (25596375)|HEAP_ALLOCATE|[119]|Bytes:5
16:09:51.0 (25607585)|VARIABLE_ASSIGNMENT|[119]|objectName|null
16:09:51.0 (25610888)|STATEMENT_EXECUTE|[122]
16:09:51.0 (25625755)|METHOD_EXIT|[20]|01p50000002CIEt|ETLC_SecuredDB.findFields(List<SObject>)
16:09:51.0 (25645239)|METHOD_ENTRY|[20]|01p50000002CIEt|ETLC_SecuredDB.validate(ETLC_SecuredDB.Operation, Map<String,Set<String>>)
16:09:51.0 (25651970)|VARIABLE_SCOPE_BEGIN|[55]|op|ETLC_SecuredDB.Operation|true|false
16:09:51.0 (25668541)|VARIABLE_ASSIGNMENT|[55]|op|"Querying"|0x4a8bf431
16:09:51.0 (25672091)|VARIABLE_SCOPE_BEGIN|[55]|mapFieldNames|Map<String,Set<String>>|true|false
16:09:51.0 (25687654)|VARIABLE_ASSIGNMENT|[55]|mapFieldNames|{"s":1,"v":{"BFFFollow__c":{"s":2,"v":["FollowedUsers__c","Id"]}}}|0x5e509ee7
16:09:51.0 (25697480)|HEAP_ALLOCATE|[56]|Bytes:5
16:09:51.0 (25701849)|STATEMENT_EXECUTE|[55]
16:09:51.0 (25703257)|STATEMENT_EXECUTE|[56]
16:09:51.0 (25710427)|VARIABLE_SCOPE_BEGIN|[56]|securityMessage|String|false|false
16:09:51.0 (25726400)|VARIABLE_ASSIGNMENT|[56]|securityMessage|null
16:09:51.0 (25728879)|STATEMENT_EXECUTE|[57]
16:09:51.0 (44964392)|HEAP_ALLOCATE|[57]|Bytes:1256
16:09:51.0 (44999455)|VARIABLE_SCOPE_BEGIN|[57]|mapObjects|Map<String,Schema.SObjectType>|true|false
16:09:51.0 (45269248)|VARIABLE_ASSIGNMENT|[57]|mapObjects|"{acceptedeventrelation=AcceptedEventRelation, account=Account, accountcontactrole=AccountContactRole, accounthistory=AccountHistory, accountpartner=AccountPartner, accountshare=AccountShare, actionlinkgrouptemplate=ActionLinkGroupTemplate, actionlinktemplate=ActionLinkTemplate, activityhistory=ActivityHistory, additionalnumber=AdditionalNumber, ...}"|0x52c27911
16:09:51.0 (45284203)|HEAP_ALLOCATE|[58]|Bytes:4
16:09:51.0 (45360825)|HEAP_ALLOCATE|[58]|Bytes:20
16:09:51.0 (45377755)|HEAP_ALLOCATE|[58]|Bytes:4
16:09:51.0 (45401451)|HEAP_ALLOCATE|[58]|Bytes:5
16:09:51.0 (45416015)|VARIABLE_SCOPE_BEGIN|[58]|sObjectName|String|false|false
16:09:51.0 (45427061)|VARIABLE_ASSIGNMENT|[58]|sObjectName|"BFFFollow__c"
16:09:51.0 (45431636)|STATEMENT_EXECUTE|[58]
16:09:51.0 (45433367)|STATEMENT_EXECUTE|[59]
16:09:51.0 (45452210)|HEAP_ALLOCATE|[59]|Bytes:9
16:09:51.0 (45456350)|HEAP_ALLOCATE|[59]|Bytes:7
16:09:51.0 (45518403)|HEAP_ALLOCATE|[59]|Bytes:8
16:09:51.0 (45530522)|HEAP_ALLOCATE|[59]|Bytes:1
16:09:51.0 (45544144)|HEAP_ALLOCATE|[59]|Bytes:37
16:09:51.0 (45556187)|VARIABLE_ASSIGNMENT|[59]|securityMessage|"CRUD on [BFFFollow__ (17 more) ..."
16:09:51.0 (45559643)|STATEMENT_EXECUTE|[60]
16:09:51.0 (45567697)|HEAP_ALLOCATE|[60]|Bytes:10
16:09:51.0 (45574907)|HEAP_ALLOCATE|[60]|Bytes:47
16:09:51.0 (45612902)|USER_DEBUG|[60]|DEBUG|Checking: CRUD on [BFFFollow__c] for [Querying]
16:09:51.0 (45620546)|STATEMENT_EXECUTE|[61]
16:09:51.0 (45900896)|HEAP_ALLOCATE|[61]|Bytes:4
16:09:51.0 (45933763)|VARIABLE_SCOPE_BEGIN|[61]|drSObj|Schema.DescribeSObjectResult|true|false
16:09:51.0 (46019971)|VARIABLE_ASSIGNMENT|[61]|drSObj|"common.api.soap.wsdl.DescribeSObjectResult@a54f9caa"|0x74e9b27a
16:09:51.0 (46189931)|STATEMENT_EXECUTE|[64]
16:09:51.0 (46215395)|STATEMENT_EXECUTE|[65]
16:09:51.0 (46275865)|STATEMENT_EXECUTE|[77]
16:09:51.0 (46278385)|STATEMENT_EXECUTE|[79]
16:09:51.0 (46523798)|HEAP_ALLOCATE|[79]|Bytes:56
16:09:51.0 (46535373)|VARIABLE_SCOPE_BEGIN|[79]|mapFields|Map<String,Schema.SObjectField>|true|false
16:09:51.0 (46702160)|VARIABLE_ASSIGNMENT|[79]|mapFields|"{createdbyid=CreatedById, createddate=CreatedDate, followedby__c=FollowedBy__c, followedusers__c=FollowedUsers__c, id=Id, isdeleted=IsDeleted, lastmodifiedbyid=LastModifiedById, lastmodifieddate=LastModifiedDate, lastreferenceddate=LastReferencedDate, lastvieweddate=LastViewedDate, ...}"|0x58c1ce06
16:09:51.0 (46712241)|HEAP_ALLOCATE|[80]|Bytes:4
16:09:51.0 (46761144)|HEAP_ALLOCATE|[80]|Bytes:8
16:09:51.0 (46782447)|HEAP_ALLOCATE|[80]|Bytes:5
16:09:51.0 (46803253)|VARIABLE_SCOPE_BEGIN|[80]|fieldName|String|false|false
16:09:51.0 (46813494)|VARIABLE_ASSIGNMENT|[80]|fieldName|"FollowedUsers__c"
16:09:51.0 (46816727)|STATEMENT_EXECUTE|[80]
16:09:51.0 (46818064)|STATEMENT_EXECUTE|[81]
16:09:51.0 (47683952)|HEAP_ALLOCATE|[81]|Bytes:8
16:09:51.0 (47710508)|VARIABLE_SCOPE_BEGIN|[81]|drField|Schema.DescribeFieldResult|true|false
16:09:51.0 (47780582)|VARIABLE_ASSIGNMENT|[81]|drField|"common.api.soap.wsdl.Field@5f4ee982"|0x29549d1f
16:09:51.0 (47805772)|STATEMENT_EXECUTE|[82]
16:09:51.0 (47808866)|STATEMENT_EXECUTE|[83]
16:09:51.0 (47818254)|HEAP_ALLOCATE|[83]|Bytes:8
16:09:51.0 (47822665)|HEAP_ALLOCATE|[83]|Bytes:1
16:09:51.0 (47863943)|HEAP_ALLOCATE|[83]|Bytes:8
16:09:51.0 (47884048)|HEAP_ALLOCATE|[83]|Bytes:52
16:09:51.0 (47890265)|HEAP_ALLOCATE|[83]|Bytes:53
16:09:51.0 (47899492)|VARIABLE_ASSIGNMENT|[83]|securityMessage|"FLS on [BFFFollow__c (33 more) ..."
16:09:51.0 (47902410)|STATEMENT_EXECUTE|[84]
16:09:51.0 (47911732)|HEAP_ALLOCATE|[84]|Bytes:63
16:09:51.0 (47936851)|USER_DEBUG|[84]|DEBUG|Checking: FLS on [BFFFollow__c.FollowedUsers__c] for [Querying]
16:09:51.0 (48033604)|STATEMENT_EXECUTE|[87]
16:09:51.0 (48051269)|STATEMENT_EXECUTE|[88]
16:09:51.0 (48068046)|HEAP_ALLOCATE|[80]|Bytes:5
16:09:51.0 (48081156)|VARIABLE_SCOPE_BEGIN|[80]|fieldName|String|false|false
16:09:51.0 (48089300)|VARIABLE_ASSIGNMENT|[80]|fieldName|"Id"
16:09:51.0 (48091922)|STATEMENT_EXECUTE|[80]
16:09:51.0 (48093083)|STATEMENT_EXECUTE|[81]
16:09:51.0 (48237185)|HEAP_ALLOCATE|[81]|Bytes:8
16:09:51.0 (48247827)|VARIABLE_SCOPE_BEGIN|[81]|drField|Schema.DescribeFieldResult|true|false
16:09:51.0 (48314135)|VARIABLE_ASSIGNMENT|[81]|drField|"common.api.soap.wsdl.Field@64c03206"|0x459f8bbe
16:09:51.0 (48326287)|STATEMENT_EXECUTE|[99]
16:09:51.0 (48327776)|STATEMENT_EXECUTE|[100]
16:09:51.0 (48336518)|HEAP_ALLOCATE|[100]|Bytes:22
16:09:51.0 (48379125)|HEAP_ALLOCATE|[100]|Bytes:8
16:09:51.0 (48394214)|HEAP_ALLOCATE|[100]|Bytes:52
16:09:51.0 (48399009)|HEAP_ALLOCATE|[100]|Bytes:35
16:09:51.0 (48403563)|HEAP_ALLOCATE|[100]|Bytes:87
16:09:51.0 (48413937)|USER_DEBUG|[100]|DEBUG|Bypass Check: FLS on [BFFFollow__c.Id] for [Querying] since it's not isPermissionable()
16:09:51.0 (48427672)|HEAP_ALLOCATE|[80]|Bytes:5
16:09:51.0 (48440831)|VARIABLE_ASSIGNMENT|[80]|fieldName|null
16:09:51.0 (48449815)|HEAP_ALLOCATE|[58]|Bytes:5
16:09:51.0 (48458362)|VARIABLE_ASSIGNMENT|[58]|sObjectName|null
16:09:51.0 (48472257)|METHOD_EXIT|[20]|01p50000002CIEt|ETLC_SecuredDB.validate(ETLC_SecuredDB.Operation, Map<String,Set<String>>)
16:09:51.0 (48477028)|STATEMENT_EXECUTE|[21]
16:09:51.0 (48490086)|METHOD_EXIT|[24]|01p50000002CIEt|ETLC_SecuredDB.query(String)
16:09:51.0 (48495955)|VARIABLE_SCOPE_BEGIN|[24]|dbRecords|List<SObject>|true|false
16:09:51.0 (48538018)|VARIABLE_ASSIGNMENT|[24]|dbRecords|{"s":1,"v":[{"s":2,"v":{"FollowedUsers__c":"[{\"id\":\"00550000005c (38 more) ...","Id":"a005000000ezW4dAAE"}}]}|0x15e2ce4d
16:09:51.0 (48546928)|STATEMENT_EXECUTE|[25]
16:09:51.0 (48548217)|STATEMENT_EXECUTE|[25]
16:09:51.0 (48621205)|USER_DEBUG|[25]|DEBUG|(BFFFollow__c:{FollowedUsers__c=[{"id":"00550000005cg71AAA","name":"Jaswinder Rattanpal"}], Id=a005000000ezW4dAAE})
16:09:51.0 (48721472)|STATEMENT_EXECUTE|[26]
16:09:51.0 (48727517)|STATEMENT_EXECUTE|[27]
16:09:51.0 (48728704)|STATEMENT_EXECUTE|[28]
16:09:51.0 (48737165)|HEAP_ALLOCATE|[28]|Bytes:18
16:09:51.0 (48748319)|HEAP_ALLOCATE|[28]|Bytes:12
16:09:51.0 (48753314)|HEAP_ALLOCATE|[28]|Bytes:16
16:09:51.0 (48819908)|HEAP_ALLOCATE|[28]|Bytes:58
16:09:51.0 (48840850)|HEAP_ALLOCATE|[28]|Bytes:58
16:09:51.0 (48850230)|HEAP_ALLOCATE|[28]|Bytes:76
16:09:51.0 (48860414)|USER_DEBUG|[28]|DEBUG|FollowedUsers__c::[{"id":"00550000005cg71AAA","name":"Jaswinder Rattanpal"}]
16:09:51.0 (48866364)|STATEMENT_EXECUTE|[30]
16:09:51.0 (48878983)|HEAP_ALLOCATE|[30]|Bytes:12
16:09:51.0 (48931519)|HEAP_ALLOCATE|[30]|Bytes:58
16:09:51.0 (48951982)|METHOD_EXIT|[10]|01p50000002D8iw|BFFFollow_Controller.fetchFollowedUsers(Id)
16:09:51.0 (49033533)|VARIABLE_ASSIGNMENT|[EXTERNAL]|this|{"debug":true,"input":"{\"mode\":\"fetchFollow (9 more) ...","operation":"BFFFollow_Controller"}|0x56aa57a0
16:09:51.0 (49045292)|VARIABLE_ASSIGNMENT|[EXTERNAL]|value|"[{\"id\":\"00550000005c (38 more) ..."
16:09:51.0 (49061541)|VARIABLE_ASSIGNMENT|[12]|this.output|"[{\"id\":\"00550000005c (38 more) ..."|0x56aa57a0
16:09:51.0 (49069185)|STATEMENT_EXECUTE|[11]
16:09:51.0 (49132174)|VARIABLE_ASSIGNMENT|[EXTERNAL]|this|{"debug":true,"input":"{\"mode\":\"fetchFollow (9 more) ...","operation":"BFFFollow_Controller","output":"[{\"id\":\"00550000005c (38 more) ..."}|0x56aa57a0
16:09:51.0 (49191216)|VARIABLE_ASSIGNMENT|[EXTERNAL]|this|{"debug":true,"input":"{\"mode\":\"fetchFollow (9 more) ...","operation":"BFFFollow_Controller","output":"[{\"id\":\"00550000005c (38 more) ..."}|0x56aa57a0
16:09:51.0 (49200574)|VARIABLE_ASSIGNMENT|[EXTERNAL]|value|true
16:09:51.0 (49206144)|HEAP_ALLOCATE|[15]|Bytes:5
16:09:51.0 (49214135)|VARIABLE_ASSIGNMENT|[15]|this.outputFlag|true|0x56aa57a0
16:09:51.0 (49223491)|STATEMENT_EXECUTE|[12]
16:09:51.0 (49224958)|STATEMENT_EXECUTE|[12]
16:09:51.0 (49283612)|USER_DEBUG|[12]|DEBUG|ETLC_ApexBridge_Data:[debug=true, input={"mode":"fetchFollowedUsers"}, isSuccess=null, messages=null, operation=BFFFollow_Controller, output=[{"id":"00550000005cg71AAA","name":"Jaswinder Rattanpal"}], outputFlag=true, records=null]
16:09:51.0 (49300612)|METHOD_EXIT|[9]|01p50000002D8iw|BFFFollow_Controller.process(ETLC_ApexBridge_Data)
16:09:51.0 (49304798)|STATEMENT_EXECUTE|[24]
16:09:51.0 (49326810)|METHOD_ENTRY|[24]|01p50000002CIEo|ETLC_ApexBridge_Data.toJSON()
16:09:51.0 (49346089)|VARIABLE_SCOPE_BEGIN|[57]|this|ETLC_ApexBridge_Data|true|false
16:09:51.0 (49375806)|VARIABLE_ASSIGNMENT|[57]|this|{"debug":true,"input":"{\"mode\":\"fetchFollow (9 more) ...","operation":"BFFFollow_Controller","output":"[{\"id\":\"00550000005c (38 more) ...","outputFlag":true}|0x56aa57a0
16:09:51.0 (49382568)|STATEMENT_EXECUTE|[57]
16:09:51.0 (49383957)|STATEMENT_EXECUTE|[58]
16:09:51.0 (49398133)|METHOD_ENTRY|[58]||System.JSON.serialize(Object)
16:09:51.0 (49494237)|STATEMENT_EXECUTE|[22]
16:09:51.0 (49498685)|STATEMENT_EXECUTE|[23]
16:09:51.0 (49507291)|HEAP_ALLOCATE|[23]|Bytes:5
16:09:51.0 (49517115)|VARIABLE_ASSIGNMENT|[23]|this.isSuccess|true|0x56aa57a0
16:09:51.0 (49519389)|STATEMENT_EXECUTE|[24]
16:09:51.0 (49566876)|STATEMENT_EXECUTE|[31]
16:09:51.0 (49571556)|STATEMENT_EXECUTE|[32]
16:09:51.0 (49579544)|HEAP_ALLOCATE|[32]|Bytes:4
16:09:51.0 (49638771)|VARIABLE_ASSIGNMENT|[32]|this.messages|{"s":1,"v":{}}|0x56aa57a0
16:09:51.0 (49642604)|STATEMENT_EXECUTE|[33]
16:09:51.0 (49963472)|METHOD_EXIT|[58]||System.JSON.serialize(Object)
16:09:51.0 (49969674)|METHOD_EXIT|[24]|01p50000002CIEo|ETLC_ApexBridge_Data.toJSON()
16:09:51.0 (49979924)|SYSTEM_MODE_EXIT|false
16:09:51.50 (50031423)|CUMULATIVE_LIMIT_USAGE
16:09:51.50 (50031423)|LIMIT_USAGE_FOR_NS|(default)|
  Number of SOQL queries: 1 out of 100
  Number of query rows: 1 out of 50000
  Number of SOSL queries: 0 out of 20
  Number of DML statements: 0 out of 150
  Number of DML rows: 0 out of 10000
  Maximum CPU time: 0 out of 10000
  Maximum heap size: 0 out of 6000000
  Number of callouts: 0 out of 100
  Number of Email Invocations: 0 out of 10
  Number of future calls: 0 out of 50
  Number of queueable jobs added to the queue: 0 out of 50
  Number of Mobile Apex push calls: 0 out of 10

16:09:51.50 (50031423)|CUMULATIVE_LIMIT_USAGE_END

16:09:51.0 (50084629)|CODE_UNIT_FINISHED|ETLC_ApexBridge_Controller.execute
