37.0 APEX_CODE,FINEST;APEX_PROFILING,INFO;CALLOUT,INFO;DB,INFO;SYSTEM,DEBUG;VALIDATION,INFO;VISUALFORCE,INFO;WORKFLOW,INFO
10:22:47.1 (1691331)|USER_INFO|[EXTERNAL]|00550000005cg71|bfffollow@jr.te|Eastern Standard Time|GMT-04:00
10:22:47.1 (1728445)|EXECUTION_STARTED
10:22:47.1 (1735085)|CODE_UNIT_STARTED|[EXTERNAL]|aura
10:22:47.1 (2135567)|HEAP_ALLOCATE|[72]|Bytes:3
10:22:47.1 (2198203)|HEAP_ALLOCATE|[77]|Bytes:152
10:22:47.1 (2215139)|HEAP_ALLOCATE|[342]|Bytes:408
10:22:47.1 (2233227)|HEAP_ALLOCATE|[355]|Bytes:408
10:22:47.1 (2250019)|HEAP_ALLOCATE|[467]|Bytes:48
10:22:47.1 (2280288)|HEAP_ALLOCATE|[139]|Bytes:6
10:22:47.1 (2322951)|HEAP_ALLOCATE|[EXTERNAL]|Bytes:93
10:22:47.1 (2341187)|HEAP_ALLOCATE|[EXTERNAL]|Bytes:93
10:22:47.1 (3200930)|CODE_UNIT_STARTED|[EXTERNAL]|01p50000002CIEm|ETLC_ApexBridge_Controller.execute
10:22:47.1 (3347577)|HEAP_ALLOCATE|[EXTERNAL]|Bytes:1
10:22:47.1 (3353520)|HEAP_ALLOCATE|[EXTERNAL]|Bytes:10
10:22:47.1 (3366932)|METHOD_ENTRY|[1]|01p50000002CIEm|ETLC_ApexBridge_Controller.ETLC_ApexBridge_Controller()
10:22:47.1 (3370776)|STATEMENT_EXECUTE|[1]
10:22:47.1 (3376028)|STATEMENT_EXECUTE|[1]
10:22:47.1 (3382967)|METHOD_EXIT|[1]|ETLC_ApexBridge_Controller
10:22:47.1 (3387029)|HEAP_ALLOCATE|[EXTERNAL]|Bytes:93
10:22:47.1 (3400941)|SYSTEM_MODE_ENTER|false
10:22:47.1 (3413844)|VARIABLE_SCOPE_BEGIN|[3]|dataJson|String|false|false
10:22:47.1 (3450582)|VARIABLE_ASSIGNMENT|[3]|dataJson|"{\"operation\":\"BFFFol (73 more) ..."
10:22:47.1 (3463863)|STATEMENT_EXECUTE|[3]
10:22:47.1 (3465477)|STATEMENT_EXECUTE|[4]
10:22:47.1 (7549224)|VARIABLE_SCOPE_BEGIN|[4]|data|ETLC_ApexBridge_Data|true|false
10:22:47.1 (7564327)|VARIABLE_ASSIGNMENT|[4]|data|null|
10:22:47.1 (7567432)|STATEMENT_EXECUTE|[5]
10:22:47.1 (7568780)|STATEMENT_EXECUTE|[5]
10:22:47.1 (7569801)|STATEMENT_EXECUTE|[6]
10:22:47.1 (7588073)|HEAP_ALLOCATE|[6]|Bytes:11
10:22:47.1 (7594698)|HEAP_ALLOCATE|[6]|Bytes:248
10:22:47.1 (7597473)|HEAP_ALLOCATE|[6]|Bytes:39
10:22:47.1 (7636783)|METHOD_ENTRY|[2]|01p50000002CIEo|ETLC_ApexBridge_Data.ETLC_ApexBridge_Data()
10:22:47.1 (7640069)|STATEMENT_EXECUTE|[2]
10:22:47.1 (7643998)|STATEMENT_EXECUTE|[2]
10:22:47.1 (7650347)|METHOD_EXIT|[2]|ETLC_ApexBridge_Data
10:22:47.1 (7683976)|METHOD_ENTRY|[6]|01p50000002CIEo|ETLC_ApexBridge_Data.fromJSON(String)
10:22:47.1 (7713955)|VARIABLE_SCOPE_BEGIN|[60]|strJson|String|false|false
10:22:47.1 (7724121)|VARIABLE_ASSIGNMENT|[60]|strJson|"{\"operation\":\"BFFFol (73 more) ..."
10:22:47.1 (7729301)|STATEMENT_EXECUTE|[60]
10:22:47.1 (7730671)|STATEMENT_EXECUTE|[61]
10:22:47.1 (7740564)|HEAP_ALLOCATE|[61]|Bytes:20
10:22:47.1 (7763229)|HEAP_ALLOCATE|[50]|Bytes:5
10:22:47.1 (7789085)|HEAP_ALLOCATE|[56]|Bytes:5
10:22:47.1 (7797586)|HEAP_ALLOCATE|[64]|Bytes:7
10:22:47.1 (7900729)|HEAP_ALLOCATE|[61]|Bytes:24
10:22:47.1 (7911998)|SYSTEM_METHOD_ENTRY|[1]|Type.Type()
10:22:47.1 (7914239)|STATEMENT_EXECUTE|[1]
10:22:47.1 (7922756)|SYSTEM_METHOD_EXIT|[1]|Type
10:22:47.1 (7928495)|HEAP_ALLOCATE|[61]|Bytes:8
10:22:47.1 (7955716)|HEAP_ALLOCATE|[61]|Bytes:8
10:22:47.1 (7960518)|VARIABLE_SCOPE_BEGIN|[4]|this|System.Type|true|false
10:22:47.1 (8002681)|VARIABLE_ASSIGNMENT|[4]|this|{}|0x3318ab18
10:22:47.1 (8007668)|VARIABLE_SCOPE_BEGIN|[4]|apextype|java:common.apex.runtime.ApexObjectType|true|false
10:22:47.1 (8127284)|VARIABLE_ASSIGNMENT|[4]|apextype|"ETLC_ApexBridge_Data"|0x6d3f7805
10:22:47.1 (8199647)|HEAP_ALLOCATE|[61]|Bytes:8
10:22:47.1 (8238953)|HEAP_ALLOCATE|[61]|Bytes:24
10:22:47.1 (8248251)|SYSTEM_METHOD_ENTRY|[1]|JSON.JSON()
10:22:47.1 (8250328)|STATEMENT_EXECUTE|[1]
10:22:47.1 (8257069)|SYSTEM_METHOD_EXIT|[1]|JSON
10:22:47.1 (8269422)|METHOD_ENTRY|[61]||System.JSON.deserializeStrict(String, System.Type)
10:22:47.1 (8893306)|METHOD_EXIT|[61]||System.JSON.deserializeStrict(String, System.Type)
10:22:47.1 (8905213)|METHOD_EXIT|[6]|01p50000002CIEo|ETLC_ApexBridge_Data.fromJSON(String)
10:22:47.1 (8965112)|VARIABLE_ASSIGNMENT|[6]|data|{"debug":true,"input":"{\"mode\":\"fetchFollow (9 more) ...","operation":"BFFFollow_Controller"}|0x4801a492
10:22:47.1 (8970643)|STATEMENT_EXECUTE|[7]
10:22:47.1 (8980523)|HEAP_ALLOCATE|[7]|Bytes:6
10:22:47.1 (9061151)|HEAP_ALLOCATE|[7]|Bytes:177
10:22:47.1 (9084845)|HEAP_ALLOCATE|[7]|Bytes:183
10:22:47.1 (9104584)|USER_DEBUG|[7]|DEBUG|data::ETLC_ApexBridge_Data:[debug=true, input={"mode":"fetchFollowedUsers"}, isSuccess=null, messages=null, operation=BFFFollow_Controller, output=null, outputFlag=null, records=null]
10:22:47.1 (9111743)|STATEMENT_EXECUTE|[8]
10:22:47.1 (9171297)|VARIABLE_ASSIGNMENT|[EXTERNAL]|this|{"debug":true,"input":"{\"mode\":\"fetchFollow (9 more) ...","operation":"BFFFollow_Controller"}|0x4801a492
10:22:47.1 (9192475)|METHOD_ENTRY|[8]||System.Type.forName(String)
10:22:47.1 (13123257)|METHOD_EXIT|[8]||System.Type.forName(String)
10:22:47.1 (13141841)|METHOD_ENTRY|[8]||System.Type.newInstance()
10:22:47.1 (16303563)|STATEMENT_EXECUTE|[1]
10:22:47.1 (16321147)|HEAP_ALLOCATE|[33]|Bytes:5
10:22:47.1 (16342972)|METHOD_EXIT|[1]|BFFFollow_Controller
10:22:47.1 (16362648)|HEAP_ALLOCATE|[33]|Bytes:4
10:22:47.1 (16374626)|VARIABLE_SCOPE_BEGIN|[1]|this|BFFFollow_Controller|true|false
10:22:47.1 (16404643)|VARIABLE_ASSIGNMENT|[1]|this|{}|0x5257af51
10:22:47.1 (16414218)|HEAP_ALLOCATE|[33]|Bytes:5
10:22:47.1 (16422788)|HEAP_ALLOCATE|[33]|Bytes:11
10:22:47.1 (16440719)|METHOD_ENTRY|[1]|01p50000002CIEj|ETLC_ApexBridge_Abstract.ETLC_ApexBridge_Abstract()
10:22:47.1 (16444103)|STATEMENT_EXECUTE|[1]
10:22:47.1 (16447763)|STATEMENT_EXECUTE|[1]
10:22:47.1 (16453281)|METHOD_EXIT|[1]|ETLC_ApexBridge_Abstract
10:22:47.1 (16464846)|CONSTRUCTOR_ENTRY|[EXTERNAL]|01p50000002CIEj|<init>()
10:22:47.1 (16486256)|VARIABLE_SCOPE_BEGIN|[1]|this|ETLC_ApexBridge_Abstract|true|false
10:22:47.1 (16502715)|VARIABLE_ASSIGNMENT|[1]|this|{}|0x5257af51
10:22:47.1 (16519272)|STATEMENT_EXECUTE|[1]
10:22:47.1 (16524130)|CONSTRUCTOR_EXIT|[EXTERNAL]|01p50000002CIEj|<init>()
10:22:47.1 (16530048)|STATEMENT_EXECUTE|[1]
10:22:47.1 (16535153)|HEAP_ALLOCATE|[33]|Bytes:5
10:22:47.1 (16554548)|METHOD_EXIT|[8]||System.Type.newInstance()
10:22:47.1 (16564189)|VARIABLE_SCOPE_BEGIN|[8]|executor|ETLC_ApexBridge_Abstract|true|false
10:22:47.1 (16577740)|VARIABLE_ASSIGNMENT|[8]|executor|{}|0x5257af51
10:22:47.1 (16580416)|STATEMENT_EXECUTE|[9]
10:22:47.1 (16630849)|METHOD_ENTRY|[9]|01p50000002D8iw|BFFFollow_Controller.process(ETLC_ApexBridge_Data)
10:22:47.1 (16661382)|VARIABLE_SCOPE_BEGIN|[3]|this|BFFFollow_Controller|true|false
10:22:47.1 (16676481)|VARIABLE_ASSIGNMENT|[3]|this|{}|0x5257af51
10:22:47.1 (16680933)|VARIABLE_SCOPE_BEGIN|[3]|data|ETLC_ApexBridge_Data|true|false
10:22:47.1 (16713364)|VARIABLE_ASSIGNMENT|[3]|data|{"debug":true,"input":"{\"mode\":\"fetchFollow (9 more) ...","operation":"BFFFollow_Controller"}|0x4801a492
10:22:47.1 (16723267)|HEAP_ALLOCATE|[4]|Bytes:5
10:22:47.1 (16727325)|STATEMENT_EXECUTE|[3]
10:22:47.1 (16728610)|STATEMENT_EXECUTE|[4]
10:22:47.1 (16812291)|VARIABLE_ASSIGNMENT|[EXTERNAL]|this|{"debug":true,"input":"{\"mode\":\"fetchFollow (9 more) ...","operation":"BFFFollow_Controller"}|0x4801a492
10:22:47.1 (16835895)|VARIABLE_ASSIGNMENT|[4]|BFFFollow_Controller.debugFlag|true
10:22:47.1 (16875782)|VARIABLE_ASSIGNMENT|[EXTERNAL]|this|{"debug":true,"input":"{\"mode\":\"fetchFollow (9 more) ...","operation":"BFFFollow_Controller"}|0x4801a492
10:22:47.1 (16891339)|STATEMENT_EXECUTE|[5]
10:22:47.1 (16904664)|HEAP_ALLOCATE|[5]|Bytes:12
10:22:47.1 (16990654)|HEAP_ALLOCATE|[5]|Bytes:177
10:22:47.1 (17025080)|HEAP_ALLOCATE|[5]|Bytes:189
10:22:47.1 (17053810)|USER_DEBUG|[5]|DEBUG|data BEFORE:ETLC_ApexBridge_Data:[debug=true, input={"mode":"fetchFollowedUsers"}, isSuccess=null, messages=null, operation=BFFFollow_Controller, output=null, outputFlag=null, records=null]
10:22:47.1 (17065812)|STATEMENT_EXECUTE|[7]
10:22:47.1 (17075096)|HEAP_ALLOCATE|[7]|Bytes:4
10:22:47.1 (17103186)|METHOD_ENTRY|[7]|01p50000002CIEo|ETLC_ApexBridge_Data.getInputValue(String)
10:22:47.1 (17132521)|VARIABLE_SCOPE_BEGIN|[52]|this|ETLC_ApexBridge_Data|true|false
10:22:47.1 (17160500)|VARIABLE_ASSIGNMENT|[52]|this|{"debug":true,"input":"{\"mode\":\"fetchFollow (9 more) ...","operation":"BFFFollow_Controller"}|0x4801a492
10:22:47.1 (17167221)|VARIABLE_SCOPE_BEGIN|[52]|key|String|false|false
10:22:47.1 (17171185)|VARIABLE_ASSIGNMENT|[52]|key|"mode"
10:22:47.1 (17175606)|STATEMENT_EXECUTE|[52]
10:22:47.1 (17176961)|STATEMENT_EXECUTE|[53]
10:22:47.1 (17231284)|VARIABLE_ASSIGNMENT|[EXTERNAL]|this|{"debug":true,"input":"{\"mode\":\"fetchFollow (9 more) ...","operation":"BFFFollow_Controller"}|0x4801a492
10:22:47.1 (17254757)|METHOD_ENTRY|[53]||System.JSON.deserializeUntyped(String)
10:22:47.1 (17496145)|METHOD_EXIT|[53]||System.JSON.deserializeUntyped(String)
10:22:47.1 (17506096)|VARIABLE_SCOPE_BEGIN|[53]|inputMap|Map<String,ANY>|true|false
10:22:47.1 (17530425)|VARIABLE_ASSIGNMENT|[53]|inputMap|{"s":1,"v":{"mode":"fetchFollowedUsers"}}|0x60ca9fff
10:22:47.1 (17533812)|STATEMENT_EXECUTE|[54]
10:22:47.1 (17581884)|METHOD_EXIT|[7]|01p50000002CIEo|ETLC_ApexBridge_Data.getInputValue(String)
10:22:47.1 (17588634)|VARIABLE_SCOPE_BEGIN|[7]|mode|String|false|false
10:22:47.1 (17595472)|VARIABLE_ASSIGNMENT|[7]|mode|"fetchFollowedUsers"
10:22:47.1 (17600661)|HEAP_ALLOCATE|[9]|Bytes:18
10:22:47.1 (17632761)|STATEMENT_EXECUTE|[9]
10:22:47.1 (17634577)|STATEMENT_EXECUTE|[10]
10:22:47.1 (17685682)|HEAP_ALLOCATE|[10]|Bytes:85
10:22:47.1 (17697501)|SYSTEM_METHOD_ENTRY|[1]|UserInfo.UserInfo()
10:22:47.1 (17699774)|STATEMENT_EXECUTE|[1]
10:22:47.1 (17707270)|SYSTEM_METHOD_EXIT|[1]|UserInfo
10:22:47.1 (17719324)|METHOD_ENTRY|[10]||System.UserInfo.getUserId()
10:22:47.1 (17754850)|METHOD_EXIT|[10]||System.UserInfo.getUserId()
10:22:47.1 (17775016)|HEAP_ALLOCATE|[10]|Bytes:4
10:22:47.1 (17789950)|METHOD_ENTRY|[10]|01p50000002D8iw|BFFFollow_Controller.fetchFollowedUsers(Id)
10:22:47.1 (17798949)|VARIABLE_SCOPE_BEGIN|[24]|this|BFFFollow_Controller|true|false
10:22:47.1 (17813882)|VARIABLE_ASSIGNMENT|[24]|this|{}|0x5257af51
10:22:47.1 (17818600)|VARIABLE_SCOPE_BEGIN|[24]|followedById|Id|false|false
10:22:47.1 (17903914)|VARIABLE_ASSIGNMENT|[24]|followedById|"00550000005cg71AAA"
10:22:47.1 (17915801)|HEAP_ALLOCATE|[25]|Bytes:5
10:22:47.1 (17920178)|STATEMENT_EXECUTE|[24]
10:22:47.1 (17921576)|STATEMENT_EXECUTE|[25]
10:22:47.1 (17929799)|HEAP_ALLOCATE|[25]|Bytes:63
10:22:47.1 (17973102)|HEAP_ALLOCATE|[25]|Bytes:18
10:22:47.1 (17984705)|HEAP_ALLOCATE|[25]|Bytes:9
10:22:47.1 (17995092)|HEAP_ALLOCATE|[25]|Bytes:90
10:22:47.1 (17999437)|VARIABLE_SCOPE_BEGIN|[25]|soql|String|false|false
10:22:47.1 (18007672)|VARIABLE_ASSIGNMENT|[25]|soql|"SELECT FollowedUsers (70 more) ..."
10:22:47.1 (18011582)|STATEMENT_EXECUTE|[26]
10:22:47.1 (18012892)|STATEMENT_EXECUTE|[26]
10:22:47.1 (18018002)|STATEMENT_EXECUTE|[27]
10:22:47.1 (18019210)|STATEMENT_EXECUTE|[27]
10:22:47.1 (18027101)|HEAP_ALLOCATE|[27]|Bytes:24
10:22:47.1 (18033271)|HEAP_ALLOCATE|[27]|Bytes:114
10:22:47.1 (18061502)|USER_DEBUG|[27]|DEBUG|fetchFollowedUsers:soql:SELECT FollowedUsers__c FROM BFFFollow__c WHERE FollowedBy__c='00550000005cg71AAA' limit 1
10:22:47.1 (18069402)|STATEMENT_EXECUTE|[28]
10:22:47.1 (22025674)|HEAP_ALLOCATE|[28]|Bytes:9
10:22:47.1 (22035170)|HEAP_ALLOCATE|[28]|Bytes:29
10:22:47.1 (22038385)|HEAP_ALLOCATE|[28]|Bytes:21
10:22:47.1 (22056558)|METHOD_ENTRY|[7]|01p50000002CIEt|ETLC_SecuredDB.ETLC_SecuredDB()
10:22:47.1 (22059792)|STATEMENT_EXECUTE|[7]
10:22:47.1 (22063689)|STATEMENT_EXECUTE|[7]
10:22:47.1 (22070271)|HEAP_ALLOCATE|[28]|Bytes:5
10:22:47.1 (22080477)|METHOD_EXIT|[7]|ETLC_SecuredDB
10:22:47.1 (22109165)|METHOD_ENTRY|[28]|01p50000002CIEt|ETLC_SecuredDB.query(String)
10:22:47.1 (22135763)|VARIABLE_SCOPE_BEGIN|[10]|SOQL|String|false|false
10:22:47.1 (22147012)|VARIABLE_ASSIGNMENT|[10]|SOQL|"SELECT FollowedUsers (70 more) ..."
10:22:47.1 (22156886)|HEAP_ALLOCATE|[12]|Bytes:5
10:22:47.1 (22161083)|STATEMENT_EXECUTE|[10]
10:22:47.1 (22162880)|STATEMENT_EXECUTE|[12]
10:22:47.1 (30670575)|SOQL_EXECUTE_BEGIN|[12]|Aggregations:0|SELECT FollowedUsers__c FROM BFFFollow__c WHERE FollowedBy__c='00550000005cg71AAA' limit 1
10:22:47.1 (34653667)|SOQL_EXECUTE_END|[12]|Rows:1
10:22:47.1 (34679584)|HEAP_ALLOCATE|[12]|Bytes:8
10:22:47.1 (34691970)|HEAP_ALLOCATE|[12]|Bytes:158
10:22:47.1 (34792757)|HEAP_ALLOCATE|[12]|Bytes:8
10:22:47.1 (34815244)|VARIABLE_SCOPE_BEGIN|[12]|dbRecords|List<SObject>|true|false
10:22:47.1 (34856699)|VARIABLE_ASSIGNMENT|[12]|dbRecords|{"s":1,"v":[{"s":2,"v":{"FollowedUsers__c":"[{\"id\":\"00550000005d (85 more) ...","Id":"a005000000ezW4dAAE"}}]}|0x54b5502d
10:22:47.1 (34862113)|STATEMENT_EXECUTE|[20]
10:22:47.1 (35158190)|HEAP_ALLOCATE|[20]|Bytes:12
10:22:47.1 (35168947)|HEAP_ALLOCATE|[20]|Bytes:8
10:22:47.1 (35239712)|HEAP_ALLOCATE|[20]|Bytes:12
10:22:47.1 (35245185)|HEAP_ALLOCATE|[20]|Bytes:9
10:22:47.1 (35259071)|HEAP_ALLOCATE|[20]|Bytes:12
10:22:47.1 (35262746)|HEAP_ALLOCATE|[20]|Bytes:8
10:22:47.1 (35273556)|HEAP_ALLOCATE|[20]|Bytes:12
10:22:47.1 (35276943)|HEAP_ALLOCATE|[20]|Bytes:8
10:22:47.1 (35287294)|HEAP_ALLOCATE|[20]|Bytes:12
10:22:47.1 (35290504)|HEAP_ALLOCATE|[20]|Bytes:9
10:22:47.1 (35327991)|METHOD_ENTRY|[20]|01p50000002CIEt|ETLC_SecuredDB.findFields(List<SObject>)
10:22:47.1 (35361529)|VARIABLE_SCOPE_BEGIN|[108]|dbRecords|List<SObject>|true|false
10:22:47.1 (35383441)|VARIABLE_ASSIGNMENT|[108]|dbRecords|{"s":1,"v":[{"s":2,"v":{"FollowedUsers__c":"[{\"id\":\"00550000005d (85 more) ...","Id":"a005000000ezW4dAAE"}}]}|0x54b5502d
10:22:47.1 (35397468)|HEAP_ALLOCATE|[109]|Bytes:5
10:22:47.1 (35401802)|STATEMENT_EXECUTE|[108]
10:22:47.1 (35403286)|STATEMENT_EXECUTE|[109]
10:22:47.1 (35412629)|VARIABLE_SCOPE_BEGIN|[109]|strJSON|String|false|false
10:22:47.1 (35418770)|VARIABLE_ASSIGNMENT|[109]|strJSON|null
10:22:47.1 (35420762)|STATEMENT_EXECUTE|[110]
10:22:47.1 (35426016)|VARIABLE_SCOPE_BEGIN|[110]|mapFields|Map<String,Set<String>>|true|false
10:22:47.1 (35430415)|VARIABLE_ASSIGNMENT|[110]|mapFields|null|
10:22:47.1 (35432285)|STATEMENT_EXECUTE|[112]
10:22:47.1 (35446886)|METHOD_ENTRY|[112]||System.JSON.serialize(Object)
10:22:47.1 (35926078)|METHOD_EXIT|[112]||System.JSON.serialize(Object)
10:22:47.1 (35940893)|VARIABLE_ASSIGNMENT|[112]|strJSON|"[{\"attributes\":{\"typ (259 more) ..."
10:22:47.1 (35944097)|STATEMENT_EXECUTE|[113]
10:22:47.1 (35953782)|HEAP_ALLOCATE|[113]|Bytes:5
10:22:47.1 (35966667)|HEAP_ALLOCATE|[113]|Bytes:284
10:22:47.1 (36004208)|USER_DEBUG|[113]|DEBUG|JSON:[{"attributes":{"type":"BFFFollow__c","url":"/services/data/v37.0/sobjects/BFFFollow__c/a005000000ezW4dAAE"},"FollowedUsers__c":"[{\"id\":\"00550000005d7KnAAI\",\"name\":\"Test User\"},{\"id\":\"00550000005cg71AAA\",\"name\":\"Jaswinder Rattanpal\"}]","Id":"a005000000ezW4dAAE"}]
10:22:47.1 (36015512)|STATEMENT_EXECUTE|[114]
10:22:47.1 (36026736)|HEAP_ALLOCATE|[114]|Bytes:4
10:22:47.1 (36051990)|VARIABLE_ASSIGNMENT|[114]|mapFields|{"s":1,"v":{}}|0x4d4ed6be
10:22:47.1 (36055478)|STATEMENT_EXECUTE|[115]
10:22:47.1 (36067471)|METHOD_ENTRY|[115]||System.JSON.deserializeUntyped(String)
10:22:47.1 (36478812)|METHOD_EXIT|[115]||System.JSON.deserializeUntyped(String)
10:22:47.1 (36489863)|VARIABLE_SCOPE_BEGIN|[115]|records|List<ANY>|true|false
10:22:47.1 (36517262)|HEAP_ALLOCATE|[EXTERNAL]|Bytes:8
10:22:47.1 (36541073)|VARIABLE_ASSIGNMENT|[115]|records|{"s":1,"v":[{"s":2,"v":{"attributes":{"s":3,"v":{"type":"BFFFollow__c","url":"/services/data/v37.0 (41 more) ..."}},"FollowedUsers__c":"[{\"id\":\"00550000005d (85 more) ...","Id":"a005000000ezW4dAAE"}}]}|0x714fbd6e
10:22:47.1 (36589420)|HEAP_ALLOCATE|[116]|Bytes:5
10:22:47.1 (36607476)|HEAP_ALLOCATE|[116]|Bytes:16
10:22:47.1 (36618564)|VARIABLE_SCOPE_BEGIN|[116]|record|Object|false|false
10:22:47.1 (36640233)|VARIABLE_ASSIGNMENT|[116]|record|{"s":1,"v":{"attributes":{"s":2,"v":{"type":"BFFFollow__c","url":"/services/data/v37.0 (41 more) ..."}},"FollowedUsers__c":"[{\"id\":\"00550000005d (85 more) ...","Id":"a005000000ezW4dAAE"}}
10:22:47.1 (36644787)|STATEMENT_EXECUTE|[116]
10:22:47.1 (36646027)|STATEMENT_EXECUTE|[117]
10:22:47.1 (36670113)|METHOD_ENTRY|[117]|01p50000002CIEt|ETLC_SecuredDB.findFieldsRecursive(Map<String,Set<String>>, Map<String,ANY>)
10:22:47.1 (36697814)|VARIABLE_SCOPE_BEGIN|[124]|mapFields|Map<String,Set<String>>|true|false
10:22:47.1 (36710794)|VARIABLE_ASSIGNMENT|[124]|mapFields|{"s":1,"v":{}}|0x4d4ed6be
10:22:47.1 (36715500)|VARIABLE_SCOPE_BEGIN|[124]|record|Map<String,ANY>|true|false
10:22:47.1 (36727793)|VARIABLE_ASSIGNMENT|[124]|record|{"s":1,"v":{"attributes":{"s":2,"v":{"type":"BFFFollow__c","url":"/services/data/v37.0 (41 more) ..."}},"FollowedUsers__c":"[{\"id\":\"00550000005d (85 more) ...","Id":"a005000000ezW4dAAE"}}|0x58e53ed2
10:22:47.1 (36737397)|HEAP_ALLOCATE|[125]|Bytes:5
10:22:47.1 (36741667)|STATEMENT_EXECUTE|[124]
10:22:47.1 (36743059)|STATEMENT_EXECUTE|[125]
10:22:47.1 (36750137)|HEAP_ALLOCATE|[125]|Bytes:10
10:22:47.1 (36754315)|VARIABLE_SCOPE_BEGIN|[125]|strAttributes|String|false|false
10:22:47.1 (36759868)|VARIABLE_ASSIGNMENT|[125]|strAttributes|"attributes"
10:22:47.1 (36761786)|STATEMENT_EXECUTE|[126]
10:22:47.1 (36766679)|HEAP_ALLOCATE|[126]|Bytes:7
10:22:47.1 (36769807)|VARIABLE_SCOPE_BEGIN|[126]|strRecord|String|false|false
10:22:47.1 (36773803)|VARIABLE_ASSIGNMENT|[126]|strRecord|"records"
10:22:47.1 (36811878)|STATEMENT_EXECUTE|[127]
10:22:47.1 (36814118)|STATEMENT_EXECUTE|[128]
10:22:47.1 (36852393)|VARIABLE_SCOPE_BEGIN|[128]|attributes|Map<String,ANY>|true|false
10:22:47.1 (36882497)|VARIABLE_ASSIGNMENT|[128]|attributes|{"s":1,"v":{"type":"BFFFollow__c","url":"/services/data/v37.0 (41 more) ..."}}|0x567daf18
10:22:47.1 (36889190)|STATEMENT_EXECUTE|[129]
10:22:47.1 (36901063)|HEAP_ALLOCATE|[129]|Bytes:4
10:22:47.1 (36953674)|VARIABLE_SCOPE_BEGIN|[129]|objectName|String|false|false
10:22:47.1 (36963045)|VARIABLE_ASSIGNMENT|[129]|objectName|"BFFFollow__c"
10:22:47.1 (36974055)|HEAP_ALLOCATE|[130]|Bytes:4
10:22:47.1 (37047479)|HEAP_ALLOCATE|[130]|Bytes:44
10:22:47.1 (37067073)|HEAP_ALLOCATE|[130]|Bytes:12
10:22:47.1 (37089715)|HEAP_ALLOCATE|[130]|Bytes:5
10:22:47.1 (37104072)|VARIABLE_SCOPE_BEGIN|[130]|fieldName|String|false|false
10:22:47.1 (37111319)|VARIABLE_ASSIGNMENT|[130]|fieldName|"attributes"
10:22:47.1 (37114153)|STATEMENT_EXECUTE|[130]
10:22:47.1 (37115396)|STATEMENT_EXECUTE|[131]
10:22:47.1 (37163982)|VARIABLE_SCOPE_BEGIN|[131]|field|Object|false|false
10:22:47.1 (37188635)|VARIABLE_ASSIGNMENT|[131]|field|{"s":1,"v":{"type":"BFFFollow__c","url":"/services/data/v37.0 (41 more) ..."}}
10:22:47.1 (37214835)|STATEMENT_EXECUTE|[132]
10:22:47.1 (37231225)|HEAP_ALLOCATE|[130]|Bytes:5
10:22:47.1 (37242898)|VARIABLE_SCOPE_BEGIN|[130]|fieldName|String|false|false
10:22:47.1 (37249839)|VARIABLE_ASSIGNMENT|[130]|fieldName|"FollowedUsers__c"
10:22:47.1 (37252236)|STATEMENT_EXECUTE|[130]
10:22:47.1 (37253767)|STATEMENT_EXECUTE|[131]
10:22:47.1 (37273374)|VARIABLE_SCOPE_BEGIN|[131]|field|Object|false|false
10:22:47.1 (37282996)|VARIABLE_ASSIGNMENT|[131]|field|"[{\"id\":\"00550000005d (85 more) ..."
10:22:47.1 (37294463)|HEAP_ALLOCATE|[134]|Bytes:68
10:22:47.1 (37314489)|STATEMENT_EXECUTE|[136]
10:22:47.1 (37316389)|STATEMENT_EXECUTE|[137]
10:22:47.1 (37326707)|HEAP_ALLOCATE|[137]|Bytes:4
10:22:47.1 (37363713)|VARIABLE_SCOPE_BEGIN|[137]|fieldNames|Set<String>|true|false
10:22:47.1 (37383219)|VARIABLE_ASSIGNMENT|[137]|fieldNames|{"s":1,"v":[]}|0x61150c4b
10:22:47.1 (37419674)|STATEMENT_EXECUTE|[138]
10:22:47.1 (37425701)|STATEMENT_EXECUTE|[139]
10:22:47.1 (37455804)|HEAP_ALLOCATE|[EXTERNAL]|Bytes:4
10:22:47.1 (37465400)|STATEMENT_EXECUTE|[140]
10:22:47.1 (37497560)|HEAP_ALLOCATE|[EXTERNAL]|Bytes:-4
10:22:47.1 (37512138)|HEAP_ALLOCATE|[130]|Bytes:5
10:22:47.1 (37523500)|VARIABLE_SCOPE_BEGIN|[130]|fieldName|String|false|false
10:22:47.1 (37530165)|VARIABLE_ASSIGNMENT|[130]|fieldName|"Id"
10:22:47.1 (37533039)|STATEMENT_EXECUTE|[130]
10:22:47.1 (37534331)|STATEMENT_EXECUTE|[131]
10:22:47.1 (37554252)|VARIABLE_SCOPE_BEGIN|[131]|field|Object|false|false
10:22:47.1 (37562436)|VARIABLE_ASSIGNMENT|[131]|field|"a005000000ezW4dAAE"
10:22:47.1 (37578341)|STATEMENT_EXECUTE|[136]
10:22:47.1 (37580004)|STATEMENT_EXECUTE|[137]
10:22:47.1 (37588037)|HEAP_ALLOCATE|[137]|Bytes:4
10:22:47.1 (37602075)|VARIABLE_SCOPE_BEGIN|[137]|fieldNames|Set<String>|true|false
10:22:47.1 (37617658)|VARIABLE_ASSIGNMENT|[137]|fieldNames|{"s":1,"v":[]}|0x10f7ad15
10:22:47.1 (37632018)|STATEMENT_EXECUTE|[138]
10:22:47.1 (37658267)|VARIABLE_ASSIGNMENT|[138]|fieldNames|{"s":1,"v":["FollowedUsers__c"]}|0x61150c4b
10:22:47.1 (37661872)|STATEMENT_EXECUTE|[139]
10:22:47.1 (37674944)|HEAP_ALLOCATE|[EXTERNAL]|Bytes:4
10:22:47.1 (37681875)|STATEMENT_EXECUTE|[140]
10:22:47.1 (37704009)|HEAP_ALLOCATE|[130]|Bytes:5
10:22:47.1 (37715207)|VARIABLE_ASSIGNMENT|[130]|fieldName|null
10:22:47.1 (37727366)|METHOD_EXIT|[117]|01p50000002CIEt|ETLC_SecuredDB.findFieldsRecursive(Map<String,Set<String>>, Map<String,ANY>)
10:22:47.1 (37736896)|HEAP_ALLOCATE|[116]|Bytes:5
10:22:47.1 (37750974)|VARIABLE_ASSIGNMENT|[116]|record|null
10:22:47.1 (37757642)|HEAP_ALLOCATE|[119]|Bytes:4
10:22:47.1 (37805331)|HEAP_ALLOCATE|[119]|Bytes:20
10:22:47.1 (37819056)|HEAP_ALLOCATE|[119]|Bytes:4
10:22:47.1 (37837491)|HEAP_ALLOCATE|[119]|Bytes:5
10:22:47.1 (37858863)|VARIABLE_SCOPE_BEGIN|[119]|objectName|String|false|false
10:22:47.1 (37866738)|VARIABLE_ASSIGNMENT|[119]|objectName|"BFFFollow__c"
10:22:47.1 (37869684)|STATEMENT_EXECUTE|[119]
10:22:47.1 (37870848)|STATEMENT_EXECUTE|[120]
10:22:47.1 (37878395)|HEAP_ALLOCATE|[120]|Bytes:2
10:22:47.1 (37935904)|HEAP_ALLOCATE|[120]|Bytes:22
10:22:47.1 (37949231)|HEAP_ALLOCATE|[120]|Bytes:36
10:22:47.1 (37960268)|USER_DEBUG|[120]|DEBUG|BFFFollow__c: {FollowedUsers__c, Id}
10:22:47.1 (37972274)|HEAP_ALLOCATE|[119]|Bytes:5
10:22:47.1 (37983047)|VARIABLE_ASSIGNMENT|[119]|objectName|null
10:22:47.1 (37987487)|STATEMENT_EXECUTE|[122]
10:22:47.1 (38002268)|METHOD_EXIT|[20]|01p50000002CIEt|ETLC_SecuredDB.findFields(List<SObject>)
10:22:47.1 (38021080)|METHOD_ENTRY|[20]|01p50000002CIEt|ETLC_SecuredDB.validate(ETLC_SecuredDB.Operation, Map<String,Set<String>>)
10:22:47.1 (38030740)|VARIABLE_SCOPE_BEGIN|[55]|op|ETLC_SecuredDB.Operation|true|false
10:22:47.1 (38046670)|VARIABLE_ASSIGNMENT|[55]|op|"Querying"|0x2d30af5a
10:22:47.1 (38051585)|VARIABLE_SCOPE_BEGIN|[55]|mapFieldNames|Map<String,Set<String>>|true|false
10:22:47.1 (38067731)|VARIABLE_ASSIGNMENT|[55]|mapFieldNames|{"s":1,"v":{"BFFFollow__c":{"s":2,"v":["FollowedUsers__c","Id"]}}}|0x4d4ed6be
10:22:47.1 (38077005)|HEAP_ALLOCATE|[56]|Bytes:5
10:22:47.1 (38080843)|STATEMENT_EXECUTE|[55]
10:22:47.1 (38082143)|STATEMENT_EXECUTE|[56]
10:22:47.1 (38089322)|VARIABLE_SCOPE_BEGIN|[56]|securityMessage|String|false|false
10:22:47.1 (38094095)|VARIABLE_ASSIGNMENT|[56]|securityMessage|null
10:22:47.1 (38106765)|STATEMENT_EXECUTE|[57]
10:22:47.1 (128508516)|HEAP_ALLOCATE|[57]|Bytes:1440
10:22:47.1 (128547688)|VARIABLE_SCOPE_BEGIN|[57]|mapObjects|Map<String,Schema.SObjectType>|true|false
10:22:47.1 (128762803)|VARIABLE_ASSIGNMENT|[57]|mapObjects|"{acceptedeventrelation=AcceptedEventRelation, account=Account, accountcontactrole=AccountContactRole, accountfeed=AccountFeed, accounthistory=AccountHistory, accountpartner=AccountPartner, accountshare=AccountShare, actionlinkgrouptemplate=ActionLinkGroupTemplate, actionlinktemplate=ActionLinkTemplate, activityhistory=ActivityHistory, ...}"|0x1abea673
10:22:47.1 (128782857)|HEAP_ALLOCATE|[58]|Bytes:4
10:22:47.1 (128867493)|HEAP_ALLOCATE|[58]|Bytes:20
10:22:47.1 (128889015)|HEAP_ALLOCATE|[58]|Bytes:4
10:22:47.1 (128922418)|HEAP_ALLOCATE|[58]|Bytes:5
10:22:47.1 (128943106)|VARIABLE_SCOPE_BEGIN|[58]|sObjectName|String|false|false
10:22:47.1 (128952582)|VARIABLE_ASSIGNMENT|[58]|sObjectName|"BFFFollow__c"
10:22:47.1 (128957398)|STATEMENT_EXECUTE|[58]
10:22:47.1 (128959207)|STATEMENT_EXECUTE|[59]
10:22:47.1 (128978366)|HEAP_ALLOCATE|[59]|Bytes:9
10:22:47.1 (128983079)|HEAP_ALLOCATE|[59]|Bytes:7
10:22:47.1 (129053881)|HEAP_ALLOCATE|[59]|Bytes:8
10:22:47.1 (129067182)|HEAP_ALLOCATE|[59]|Bytes:1
10:22:47.1 (129081266)|HEAP_ALLOCATE|[59]|Bytes:37
10:22:47.1 (129091267)|VARIABLE_ASSIGNMENT|[59]|securityMessage|"CRUD on [BFFFollow__ (17 more) ..."
10:22:47.1 (129094347)|STATEMENT_EXECUTE|[60]
10:22:47.1 (129102344)|HEAP_ALLOCATE|[60]|Bytes:10
10:22:47.1 (129109720)|HEAP_ALLOCATE|[60]|Bytes:47
10:22:47.1 (129150928)|USER_DEBUG|[60]|DEBUG|Checking: CRUD on [BFFFollow__c] for [Querying]
10:22:47.1 (129159442)|STATEMENT_EXECUTE|[61]
10:22:47.1 (129417317)|HEAP_ALLOCATE|[61]|Bytes:4
10:22:47.1 (129460491)|VARIABLE_SCOPE_BEGIN|[61]|drSObj|Schema.DescribeSObjectResult|true|false
10:22:47.1 (129539058)|VARIABLE_ASSIGNMENT|[61]|drSObj|"common.api.soap.wsdl.DescribeSObjectResult@a54f9caa"|0x28719fcd
10:22:47.1 (129701435)|STATEMENT_EXECUTE|[64]
10:22:47.1 (129724988)|STATEMENT_EXECUTE|[65]
10:22:47.1 (129782449)|STATEMENT_EXECUTE|[77]
10:22:47.1 (129785210)|STATEMENT_EXECUTE|[79]
10:22:47.1 (130029633)|HEAP_ALLOCATE|[79]|Bytes:56
10:22:47.1 (130041385)|VARIABLE_SCOPE_BEGIN|[79]|mapFields|Map<String,Schema.SObjectField>|true|false
10:22:47.1 (130202141)|VARIABLE_ASSIGNMENT|[79]|mapFields|"{createdbyid=CreatedById, createddate=CreatedDate, followedby__c=FollowedBy__c, followedusers__c=FollowedUsers__c, id=Id, isdeleted=IsDeleted, lastmodifiedbyid=LastModifiedById, lastmodifieddate=LastModifiedDate, lastreferenceddate=LastReferencedDate, lastvieweddate=LastViewedDate, ...}"|0x456d79a4
10:22:47.1 (130212992)|HEAP_ALLOCATE|[80]|Bytes:4
10:22:47.1 (130263656)|HEAP_ALLOCATE|[80]|Bytes:8
10:22:47.1 (130283166)|HEAP_ALLOCATE|[80]|Bytes:5
10:22:47.1 (130295960)|VARIABLE_SCOPE_BEGIN|[80]|fieldName|String|false|false
10:22:47.1 (130304181)|VARIABLE_ASSIGNMENT|[80]|fieldName|"FollowedUsers__c"
10:22:47.1 (130307160)|STATEMENT_EXECUTE|[80]
10:22:47.1 (130308646)|STATEMENT_EXECUTE|[81]
10:22:47.1 (135563838)|HEAP_ALLOCATE|[81]|Bytes:8
10:22:47.1 (135601478)|VARIABLE_SCOPE_BEGIN|[81]|drField|Schema.DescribeFieldResult|true|false
10:22:47.1 (135674002)|VARIABLE_ASSIGNMENT|[81]|drField|"common.api.soap.wsdl.Field@c2b3a5ba"|0x355320d6
10:22:47.1 (135696472)|STATEMENT_EXECUTE|[82]
10:22:47.1 (135698329)|STATEMENT_EXECUTE|[83]
10:22:47.1 (135708746)|HEAP_ALLOCATE|[83]|Bytes:8
10:22:47.1 (135712981)|HEAP_ALLOCATE|[83]|Bytes:1
10:22:47.1 (135762994)|HEAP_ALLOCATE|[83]|Bytes:8
10:22:47.1 (135784370)|HEAP_ALLOCATE|[83]|Bytes:52
10:22:47.1 (135790740)|HEAP_ALLOCATE|[83]|Bytes:53
10:22:47.1 (135800514)|VARIABLE_ASSIGNMENT|[83]|securityMessage|"FLS on [BFFFollow__c (33 more) ..."
10:22:47.1 (135803488)|STATEMENT_EXECUTE|[84]
10:22:47.1 (135812847)|HEAP_ALLOCATE|[84]|Bytes:63
10:22:47.1 (135842754)|USER_DEBUG|[84]|DEBUG|Checking: FLS on [BFFFollow__c.FollowedUsers__c] for [Querying]
10:22:47.1 (135940891)|STATEMENT_EXECUTE|[87]
10:22:47.1 (135956498)|STATEMENT_EXECUTE|[88]
10:22:47.1 (135973498)|HEAP_ALLOCATE|[80]|Bytes:5
10:22:47.1 (135986331)|VARIABLE_SCOPE_BEGIN|[80]|fieldName|String|false|false
10:22:47.1 (135993828)|VARIABLE_ASSIGNMENT|[80]|fieldName|"Id"
10:22:47.1 (135996338)|STATEMENT_EXECUTE|[80]
10:22:47.1 (135997447)|STATEMENT_EXECUTE|[81]
10:22:47.1 (136130877)|HEAP_ALLOCATE|[81]|Bytes:8
10:22:47.1 (136146955)|VARIABLE_SCOPE_BEGIN|[81]|drField|Schema.DescribeFieldResult|true|false
10:22:47.1 (136211837)|VARIABLE_ASSIGNMENT|[81]|drField|"common.api.soap.wsdl.Field@20351766"|0x3e628892
10:22:47.1 (136225087)|STATEMENT_EXECUTE|[99]
10:22:47.1 (136226590)|STATEMENT_EXECUTE|[100]
10:22:47.1 (136236033)|HEAP_ALLOCATE|[100]|Bytes:22
10:22:47.1 (136278340)|HEAP_ALLOCATE|[100]|Bytes:8
10:22:47.1 (136293055)|HEAP_ALLOCATE|[100]|Bytes:52
10:22:47.1 (136297602)|HEAP_ALLOCATE|[100]|Bytes:35
10:22:47.1 (136301788)|HEAP_ALLOCATE|[100]|Bytes:87
10:22:47.1 (136312515)|USER_DEBUG|[100]|DEBUG|Bypass Check: FLS on [BFFFollow__c.Id] for [Querying] since it's not isPermissionable()
10:22:47.1 (136325534)|HEAP_ALLOCATE|[80]|Bytes:5
10:22:47.1 (136338487)|VARIABLE_ASSIGNMENT|[80]|fieldName|null
10:22:47.1 (136347708)|HEAP_ALLOCATE|[58]|Bytes:5
10:22:47.1 (136355872)|VARIABLE_ASSIGNMENT|[58]|sObjectName|null
10:22:47.1 (136371658)|METHOD_EXIT|[20]|01p50000002CIEt|ETLC_SecuredDB.validate(ETLC_SecuredDB.Operation, Map<String,Set<String>>)
10:22:47.1 (136375751)|STATEMENT_EXECUTE|[21]
10:22:47.1 (136388575)|METHOD_EXIT|[28]|01p50000002CIEt|ETLC_SecuredDB.query(String)
10:22:47.1 (136394745)|VARIABLE_SCOPE_BEGIN|[28]|dbRecords|List<SObject>|true|false
10:22:47.1 (136428907)|VARIABLE_ASSIGNMENT|[28]|dbRecords|{"s":1,"v":[{"s":2,"v":{"FollowedUsers__c":"[{\"id\":\"00550000005d (85 more) ...","Id":"a005000000ezW4dAAE"}}]}|0x54b5502d
10:22:47.1 (136438483)|STATEMENT_EXECUTE|[29]
10:22:47.1 (136439734)|STATEMENT_EXECUTE|[29]
10:22:47.1 (136510065)|USER_DEBUG|[29]|DEBUG|(BFFFollow__c:{FollowedUsers__c=[{"id":"00550000005d7KnAAI","name":"Test User"},{"id":"00550000005cg71AAA","name":"Jaswinder Rattanpal"}], Id=a005000000ezW4dAAE})
10:22:47.1 (136608420)|STATEMENT_EXECUTE|[30]
10:22:47.1 (136613789)|STATEMENT_EXECUTE|[31]
10:22:47.1 (136615153)|STATEMENT_EXECUTE|[32]
10:22:47.1 (136623684)|HEAP_ALLOCATE|[32]|Bytes:18
10:22:47.1 (136637313)|HEAP_ALLOCATE|[32]|Bytes:12
10:22:47.1 (136643863)|HEAP_ALLOCATE|[32]|Bytes:16
10:22:47.1 (136720930)|HEAP_ALLOCATE|[32]|Bytes:105
10:22:47.1 (136742557)|HEAP_ALLOCATE|[32]|Bytes:105
10:22:47.1 (136751861)|HEAP_ALLOCATE|[32]|Bytes:123
10:22:47.1 (136762186)|USER_DEBUG|[32]|DEBUG|FollowedUsers__c::[{"id":"00550000005d7KnAAI","name":"Test User"},{"id":"00550000005cg71AAA","name":"Jaswinder Rattanpal"}]
10:22:47.1 (136768259)|STATEMENT_EXECUTE|[34]
10:22:47.1 (136781974)|HEAP_ALLOCATE|[34]|Bytes:12
10:22:47.1 (136832785)|HEAP_ALLOCATE|[34]|Bytes:105
10:22:47.1 (136853111)|METHOD_EXIT|[10]|01p50000002D8iw|BFFFollow_Controller.fetchFollowedUsers(Id)
10:22:47.1 (136932663)|VARIABLE_ASSIGNMENT|[EXTERNAL]|this|{"debug":true,"input":"{\"mode\":\"fetchFollow (9 more) ...","operation":"BFFFollow_Controller"}|0x4801a492
10:22:47.1 (136943359)|VARIABLE_ASSIGNMENT|[EXTERNAL]|value|"[{\"id\":\"00550000005d (85 more) ..."
10:22:47.1 (136959717)|VARIABLE_ASSIGNMENT|[12]|this.output|"[{\"id\":\"00550000005d (85 more) ..."|0x4801a492
10:22:47.1 (136967769)|STATEMENT_EXECUTE|[11]
10:22:47.1 (137029607)|VARIABLE_ASSIGNMENT|[EXTERNAL]|this|{"debug":true,"input":"{\"mode\":\"fetchFollow (9 more) ...","operation":"BFFFollow_Controller","output":"[{\"id\":\"00550000005d (85 more) ..."}|0x4801a492
10:22:47.1 (137091013)|VARIABLE_ASSIGNMENT|[EXTERNAL]|this|{"debug":true,"input":"{\"mode\":\"fetchFollow (9 more) ...","operation":"BFFFollow_Controller","output":"[{\"id\":\"00550000005d (85 more) ..."}|0x4801a492
10:22:47.1 (137100909)|VARIABLE_ASSIGNMENT|[EXTERNAL]|value|true
10:22:47.1 (137106560)|HEAP_ALLOCATE|[15]|Bytes:5
10:22:47.1 (137114911)|VARIABLE_ASSIGNMENT|[15]|this.outputFlag|true|0x4801a492
10:22:47.1 (137125309)|STATEMENT_EXECUTE|[19]
10:22:47.1 (137126897)|STATEMENT_EXECUTE|[19]
10:22:47.1 (137134666)|HEAP_ALLOCATE|[19]|Bytes:11
10:22:47.1 (137197016)|HEAP_ALLOCATE|[19]|Bytes:278
10:22:47.1 (137212737)|HEAP_ALLOCATE|[19]|Bytes:289
10:22:47.1 (137223303)|USER_DEBUG|[19]|DEBUG|data AFTER:ETLC_ApexBridge_Data:[debug=true, input={"mode":"fetchFollowedUsers"}, isSuccess=null, messages=null, operation=BFFFollow_Controller, output=[{"id":"00550000005d7KnAAI","name":"Test User"},{"id":"00550000005cg71AAA","name":"Jaswinder Rattanpal"}], outputFlag=true, records=null]
10:22:47.1 (137237421)|METHOD_EXIT|[9]|01p50000002D8iw|BFFFollow_Controller.process(ETLC_ApexBridge_Data)
10:22:47.1 (137241425)|STATEMENT_EXECUTE|[24]
10:22:47.1 (137262413)|METHOD_ENTRY|[24]|01p50000002CIEo|ETLC_ApexBridge_Data.toJSON()
10:22:47.1 (137284510)|VARIABLE_SCOPE_BEGIN|[57]|this|ETLC_ApexBridge_Data|true|false
10:22:47.1 (137313421)|VARIABLE_ASSIGNMENT|[57]|this|{"debug":true,"input":"{\"mode\":\"fetchFollow (9 more) ...","operation":"BFFFollow_Controller","output":"[{\"id\":\"00550000005d (85 more) ...","outputFlag":true}|0x4801a492
10:22:47.1 (137320633)|STATEMENT_EXECUTE|[57]
10:22:47.1 (137321863)|STATEMENT_EXECUTE|[58]
10:22:47.1 (137338538)|METHOD_ENTRY|[58]||System.JSON.serialize(Object)
10:22:47.1 (137432317)|STATEMENT_EXECUTE|[22]
10:22:47.1 (137437015)|STATEMENT_EXECUTE|[23]
10:22:47.1 (137446011)|HEAP_ALLOCATE|[23]|Bytes:5
10:22:47.1 (137455220)|VARIABLE_ASSIGNMENT|[23]|this.isSuccess|true|0x4801a492
10:22:47.1 (137457791)|STATEMENT_EXECUTE|[24]
10:22:47.1 (137501803)|STATEMENT_EXECUTE|[31]
10:22:47.1 (137506308)|STATEMENT_EXECUTE|[32]
10:22:47.1 (137517012)|HEAP_ALLOCATE|[32]|Bytes:4
10:22:47.1 (137581138)|VARIABLE_ASSIGNMENT|[32]|this.messages|{"s":1,"v":{}}|0x4801a492
10:22:47.1 (137585223)|STATEMENT_EXECUTE|[33]
10:22:47.1 (137888703)|METHOD_EXIT|[58]||System.JSON.serialize(Object)
10:22:47.1 (137895907)|METHOD_EXIT|[24]|01p50000002CIEo|ETLC_ApexBridge_Data.toJSON()
10:22:47.1 (137909791)|SYSTEM_MODE_EXIT|false
10:22:47.137 (137953540)|CUMULATIVE_LIMIT_USAGE
10:22:47.137 (137953540)|LIMIT_USAGE_FOR_NS|(default)|
  Number of SOQL queries: 1 out of 100
  Number of query rows: 1 out of 50000
  Number of SOSL queries: 0 out of 20
  Number of DML statements: 0 out of 150
  Number of DML rows: 0 out of 10000
  Maximum CPU time: 0 out of 10000
  Maximum heap size: 0 out of 6000000
  Number of callouts: 0 out of 100
  Number of Email Invocations: 0 out of 10
  Number of future calls: 0 out of 50
  Number of queueable jobs added to the queue: 0 out of 50
  Number of Mobile Apex push calls: 0 out of 10

10:22:47.137 (137953540)|CUMULATIVE_LIMIT_USAGE_END

10:22:47.1 (137997893)|CODE_UNIT_FINISHED|ETLC_ApexBridge_Controller.execute
