37.0 APEX_CODE,FINEST;APEX_PROFILING,INFO;CALLOUT,INFO;DB,INFO;SYSTEM,DEBUG;VALIDATION,INFO;VISUALFORCE,INFO;WORKFLOW,INFO
15:19:06.0 (386604)|USER_INFO|[EXTERNAL]|00550000005cg71|bfffollow@jr.te|Eastern Standard Time|GMT-04:00
15:19:06.0 (425556)|EXECUTION_STARTED
15:19:06.0 (431125)|CODE_UNIT_STARTED|[EXTERNAL]|aura
15:19:06.0 (774032)|HEAP_ALLOCATE|[72]|Bytes:3
15:19:06.0 (807728)|HEAP_ALLOCATE|[77]|Bytes:152
15:19:06.0 (821171)|HEAP_ALLOCATE|[342]|Bytes:408
15:19:06.0 (836606)|HEAP_ALLOCATE|[355]|Bytes:408
15:19:06.0 (850560)|HEAP_ALLOCATE|[467]|Bytes:48
15:19:06.0 (875633)|HEAP_ALLOCATE|[139]|Bytes:6
15:19:06.0 (897845)|HEAP_ALLOCATE|[EXTERNAL]|Bytes:4
15:19:06.0 (915815)|HEAP_ALLOCATE|[EXTERNAL]|Bytes:4
15:19:06.0 (1005339)|HEAP_ALLOCATE|[EXTERNAL]|Bytes:4
15:19:06.0 (1016471)|HEAP_ALLOCATE|[EXTERNAL]|Bytes:4
15:19:06.0 (3664309)|CODE_UNIT_STARTED|[EXTERNAL]|01p50000002D2uA|LookupSObjectController.lookup
15:19:06.0 (4321944)|HEAP_ALLOCATE|[EXTERNAL]|Bytes:6
15:19:06.0 (4329450)|HEAP_ALLOCATE|[EXTERNAL]|Bytes:2
15:19:06.0 (4347959)|METHOD_ENTRY|[11]|01p50000002D2uA|LookupSObjectController.LookupSObjectController()
15:19:06.0 (4352954)|STATEMENT_EXECUTE|[11]
15:19:06.0 (4357729)|STATEMENT_EXECUTE|[11]
15:19:06.0 (4391497)|HEAP_ALLOCATE|[50]|Bytes:5
15:19:06.0 (4416100)|HEAP_ALLOCATE|[56]|Bytes:5
15:19:06.0 (4425028)|HEAP_ALLOCATE|[64]|Bytes:7
15:19:06.0 (4443875)|SYSTEM_MODE_ENTER|false
15:19:06.0 (4455401)|HEAP_ALLOCATE|[EXTERNAL]|Bytes:5
15:19:06.0 (4459645)|STATEMENT_EXECUTE|[43]
15:19:06.0 (4463591)|SYSTEM_MODE_EXIT|false
15:19:06.0 (4475975)|METHOD_EXIT|[11]|LookupSObjectController
15:19:06.0 (4480986)|HEAP_ALLOCATE|[EXTERNAL]|Bytes:4
15:19:06.0 (4482805)|HEAP_ALLOCATE|[EXTERNAL]|Bytes:4
15:19:06.0 (4487992)|SYSTEM_MODE_ENTER|false
15:19:06.0 (4498115)|VARIABLE_SCOPE_BEGIN|[17]|searchString|String|false|false
15:19:06.0 (4537061)|VARIABLE_ASSIGNMENT|[17]|searchString|"Jasw"
15:19:06.0 (4542299)|VARIABLE_SCOPE_BEGIN|[17]|sObjectAPIName|String|false|false
15:19:06.0 (4546073)|VARIABLE_ASSIGNMENT|[17]|sObjectAPIName|"User"
15:19:06.0 (4559966)|HEAP_ALLOCATE|[20]|Bytes:5
15:19:06.0 (4563646)|STATEMENT_EXECUTE|[18]
15:19:06.0 (4564831)|STATEMENT_EXECUTE|[20]
15:19:06.0 (4611217)|HEAP_ALLOCATE|[20]|Bytes:4
15:19:06.0 (4625695)|VARIABLE_SCOPE_BEGIN|[20]|sanitizedSearchString|String|false|false
15:19:06.0 (4633883)|VARIABLE_ASSIGNMENT|[20]|sanitizedSearchString|"Jasw"
15:19:06.0 (4636634)|STATEMENT_EXECUTE|[21]
15:19:06.0 (4664691)|HEAP_ALLOCATE|[21]|Bytes:4
15:19:06.0 (4676867)|VARIABLE_SCOPE_BEGIN|[21]|sanitizedSObjectAPIName|String|false|false
15:19:06.0 (4684456)|VARIABLE_ASSIGNMENT|[21]|sanitizedSObjectAPIName|"User"
15:19:06.0 (4687473)|STATEMENT_EXECUTE|[23]
15:19:06.0 (4701277)|HEAP_ALLOCATE|[23]|Bytes:4
15:19:06.0 (4786959)|VARIABLE_SCOPE_BEGIN|[23]|results|List<LookupSObjectController.Result>|true|false
15:19:06.0 (4802085)|HEAP_ALLOCATE|[EXTERNAL]|Bytes:4
15:19:06.0 (4821987)|VARIABLE_ASSIGNMENT|[23]|results|{"s":1,"v":[]}|0x2c90481f
15:19:06.0 (4825224)|STATEMENT_EXECUTE|[26]
15:19:06.0 (4832915)|HEAP_ALLOCATE|[26]|Bytes:6
15:19:06.0 (4837234)|HEAP_ALLOCATE|[26]|Bytes:27
15:19:06.0 (4839872)|HEAP_ALLOCATE|[26]|Bytes:18
15:19:06.0 (4852261)|HEAP_ALLOCATE|[26]|Bytes:59
15:19:06.0 (4857141)|VARIABLE_SCOPE_BEGIN|[26]|searchQuery|String|false|false
15:19:06.0 (4866431)|VARIABLE_ASSIGNMENT|[26]|searchQuery|"FIND 'Jasw*' IN ALL  (39 more) ..."
15:19:06.0 (4868934)|STATEMENT_EXECUTE|[29]
15:19:06.0 (6635603)|SOSL_EXECUTE_BEGIN|[29]|FIND 'Jasw*' IN ALL FIELDS RETURNING User(id,name) Limit 50
15:19:06.0 (40138042)|HEAP_ALLOCATE|[29]|Bytes:4
15:19:06.0 (40150536)|HEAP_ALLOCATE|[29]|Bytes:4
15:19:06.0 (40165417)|HEAP_ALLOCATE|[29]|Bytes:8
15:19:06.0 (40178966)|SOSL_EXECUTE_END|[29]|Rows:1
15:19:06.0 (40313198)|HEAP_ALLOCATE|[29]|Bytes:8
15:19:06.0 (40353778)|VARIABLE_SCOPE_BEGIN|[29]|searchList|List<List<SObject>>|true|false
15:19:06.0 (40419501)|VARIABLE_ASSIGNMENT|[29]|searchList|{"s":1,"v":[{"s":2,"v":[{"s":3,"v":{"Id":"00550000005cg71AAA","Name":"Jaswinder Rattanpal"}}]}]}|0x7469deae
15:19:06.0 (40533435)|HEAP_ALLOCATE|[32]|Bytes:8
15:19:06.0 (40889829)|HEAP_ALLOCATE|[32]|Bytes:5
15:19:06.0 (40945215)|HEAP_ALLOCATE|[32]|Bytes:12
15:19:06.0 (40966092)|VARIABLE_SCOPE_BEGIN|[32]|so|SObject|true|false
15:19:06.0 (40992354)|VARIABLE_ASSIGNMENT|[32]|so|{"s":1,"v":{"Id":"00550000005cg71AAA","Name":"Jaswinder Rattanpal"}}|0x3fc80419
15:19:06.0 (40999970)|STATEMENT_EXECUTE|[33]
15:19:06.0 (41003312)|STATEMENT_EXECUTE|[34]
15:19:06.0 (41064332)|HEAP_ALLOCATE|[34]|Bytes:116
15:19:06.0 (41075125)|HEAP_ALLOCATE|[34]|Bytes:8
15:19:06.0 (41097317)|HEAP_ALLOCATE|[34]|Bytes:12
15:19:06.0 (41105652)|HEAP_ALLOCATE|[34]|Bytes:4
15:19:06.0 (41221268)|HEAP_ALLOCATE|[34]|Bytes:19
15:19:06.0 (41306856)|CONSTRUCTOR_ENTRY|[34]|01p50000002D2uA|<init>(String,Id)
15:19:06.0 (41347667)|VARIABLE_SCOPE_BEGIN|[48]|this|LookupSObjectController.Result|true|false
15:19:06.0 (41420799)|VARIABLE_ASSIGNMENT|[48]|this|{}|0xeda07e3
15:19:06.0 (41430887)|VARIABLE_SCOPE_BEGIN|[48]|sObjectLabel|String|false|false
15:19:06.0 (41441450)|VARIABLE_ASSIGNMENT|[48]|sObjectLabel|"Jaswinder Rattanpal"
15:19:06.0 (41448336)|VARIABLE_SCOPE_BEGIN|[48]|sObjectId|Id|false|false
15:19:06.0 (41587683)|VARIABLE_ASSIGNMENT|[48]|sObjectId|"00550000005cg71AAA"
15:19:06.0 (41596545)|STATEMENT_EXECUTE|[43]
15:19:06.0 (41598896)|STATEMENT_EXECUTE|[45]
15:19:06.0 (41606790)|STATEMENT_EXECUTE|[46]
15:19:06.0 (41620974)|HEAP_ALLOCATE|[50]|Bytes:6
15:19:06.0 (41662263)|STATEMENT_EXECUTE|[49]
15:19:06.0 (41665443)|STATEMENT_EXECUTE|[50]
15:19:06.0 (41760876)|VARIABLE_ASSIGNMENT|[EXTERNAL]|this|{}|0xeda07e3
15:19:06.0 (41774564)|VARIABLE_ASSIGNMENT|[EXTERNAL]|value|"Jaswinder Rattanpal"
15:19:06.0 (41795039)|VARIABLE_ASSIGNMENT|[45]|this.SObjectLabel|"Jaswinder Rattanpal"|0xeda07e3
15:19:06.0 (41813060)|STATEMENT_EXECUTE|[51]
15:19:06.0 (41898848)|VARIABLE_ASSIGNMENT|[EXTERNAL]|this|{"SObjectLabel":"Jaswinder Rattanpal"}|0xeda07e3
15:19:06.0 (41983703)|VARIABLE_ASSIGNMENT|[EXTERNAL]|value|"00550000005cg71AAA"
15:19:06.0 (42077957)|VARIABLE_ASSIGNMENT|[46]|this.SObjectId|"00550000005cg71AAA"|0xeda07e3
15:19:06.0 (42106559)|CONSTRUCTOR_EXIT|[34]|01p50000002D2uA|<init>(String,Id)
15:19:06.0 (42131857)|HEAP_ALLOCATE|[EXTERNAL]|Bytes:4
15:19:06.0 (42157723)|HEAP_ALLOCATE|[32]|Bytes:5
15:19:06.0 (42179324)|VARIABLE_ASSIGNMENT|[32]|so|null|
15:19:06.0 (42189794)|STATEMENT_EXECUTE|[37]
15:19:06.0 (42208890)|SYSTEM_MODE_EXIT|false
15:19:06.42 (42276720)|CUMULATIVE_LIMIT_USAGE
15:19:06.42 (42276720)|LIMIT_USAGE_FOR_NS|(default)|
  Number of SOQL queries: 0 out of 100
  Number of query rows: 0 out of 50000
  Number of SOSL queries: 1 out of 20
  Number of DML statements: 0 out of 150
  Number of DML rows: 0 out of 10000
  Maximum CPU time: 0 out of 10000
  Maximum heap size: 0 out of 6000000
  Number of callouts: 0 out of 100
  Number of Email Invocations: 0 out of 10
  Number of future calls: 0 out of 50
  Number of queueable jobs added to the queue: 0 out of 50
  Number of Mobile Apex push calls: 0 out of 10

15:19:06.42 (42276720)|CUMULATIVE_LIMIT_USAGE_END

15:19:06.0 (42331245)|CODE_UNIT_FINISHED|LookupSObjectController.lookup
15:19:06.0 (44279779)|CODE_UNIT_STARTED|[EXTERNAL]|Aura
15:19:06.0 (44327094)|CODE_UNIT_FINISHED|Aura
