37.0 APEX_CODE,FINEST;APEX_PROFILING,INFO;CALLOUT,INFO;DB,INFO;SYSTEM,DEBUG;VALIDATION,INFO;VISUALFORCE,INFO;WORKFLOW,INFO
20:21:06.0 (522562)|USER_INFO|[EXTERNAL]|00550000005cg71|bfffollow@jr.te|Eastern Standard Time|GMT-04:00
20:21:06.0 (576965)|EXECUTION_STARTED
20:21:06.0 (583546)|CODE_UNIT_STARTED|[EXTERNAL]|aura
20:21:06.0 (999968)|HEAP_ALLOCATE|[72]|Bytes:3
20:21:06.0 (1057985)|HEAP_ALLOCATE|[77]|Bytes:152
20:21:06.0 (1086179)|HEAP_ALLOCATE|[342]|Bytes:408
20:21:06.0 (1116305)|HEAP_ALLOCATE|[355]|Bytes:408
20:21:06.0 (1144468)|HEAP_ALLOCATE|[467]|Bytes:48
20:21:06.0 (1188179)|HEAP_ALLOCATE|[139]|Bytes:6
20:21:06.0 (1222647)|HEAP_ALLOCATE|[EXTERNAL]|Bytes:93
20:21:06.0 (1255012)|HEAP_ALLOCATE|[EXTERNAL]|Bytes:93
20:21:06.0 (2524525)|CODE_UNIT_STARTED|[EXTERNAL]|01p50000002CIEm|ETLC_ApexBridge_Controller.execute
20:21:06.0 (2669236)|HEAP_ALLOCATE|[EXTERNAL]|Bytes:1
20:21:06.0 (2678878)|HEAP_ALLOCATE|[EXTERNAL]|Bytes:10
20:21:06.0 (2704589)|METHOD_ENTRY|[1]|01p50000002CIEm|ETLC_ApexBridge_Controller.ETLC_ApexBridge_Controller()
20:21:06.0 (2711688)|STATEMENT_EXECUTE|[1]
20:21:06.0 (2719824)|STATEMENT_EXECUTE|[1]
20:21:06.0 (2734916)|METHOD_EXIT|[1]|ETLC_ApexBridge_Controller
20:21:06.0 (2743537)|HEAP_ALLOCATE|[EXTERNAL]|Bytes:93
20:21:06.0 (2759015)|SYSTEM_MODE_ENTER|false
20:21:06.0 (2774004)|VARIABLE_SCOPE_BEGIN|[3]|dataJson|String|false|false
20:21:06.0 (2826726)|VARIABLE_ASSIGNMENT|[3]|dataJson|"{\"operation\":\"BFFFol (73 more) ..."
20:21:06.0 (2841667)|STATEMENT_EXECUTE|[3]
20:21:06.0 (2844502)|STATEMENT_EXECUTE|[4]
20:21:06.0 (31446043)|VARIABLE_SCOPE_BEGIN|[4]|data|ETLC_ApexBridge_Data|true|false
20:21:06.0 (31485918)|VARIABLE_ASSIGNMENT|[4]|data|null|
20:21:06.0 (31494000)|STATEMENT_EXECUTE|[5]
20:21:06.0 (31497528)|STATEMENT_EXECUTE|[5]
20:21:06.0 (31499348)|STATEMENT_EXECUTE|[6]
20:21:06.0 (31551713)|HEAP_ALLOCATE|[6]|Bytes:11
20:21:06.0 (31568491)|HEAP_ALLOCATE|[6]|Bytes:248
20:21:06.0 (31573989)|HEAP_ALLOCATE|[6]|Bytes:39
20:21:06.0 (31659229)|METHOD_ENTRY|[2]|01p50000002CIEo|ETLC_ApexBridge_Data.ETLC_ApexBridge_Data()
20:21:06.0 (31667125)|STATEMENT_EXECUTE|[2]
20:21:06.0 (31676233)|STATEMENT_EXECUTE|[2]
20:21:06.0 (31695504)|METHOD_EXIT|[2]|ETLC_ApexBridge_Data
20:21:06.0 (31747376)|METHOD_ENTRY|[6]|01p50000002CIEo|ETLC_ApexBridge_Data.fromJSON(String)
20:21:06.0 (31794863)|VARIABLE_SCOPE_BEGIN|[60]|strJson|String|false|false
20:21:06.0 (31818681)|VARIABLE_ASSIGNMENT|[60]|strJson|"{\"operation\":\"BFFFol (73 more) ..."
20:21:06.0 (31827368)|STATEMENT_EXECUTE|[60]
20:21:06.0 (31829582)|STATEMENT_EXECUTE|[61]
20:21:06.0 (31843642)|HEAP_ALLOCATE|[61]|Bytes:20
20:21:06.0 (31884655)|HEAP_ALLOCATE|[50]|Bytes:5
20:21:06.0 (31930623)|HEAP_ALLOCATE|[56]|Bytes:5
20:21:06.0 (31948194)|HEAP_ALLOCATE|[64]|Bytes:7
20:21:06.0 (32124295)|HEAP_ALLOCATE|[61]|Bytes:24
20:21:06.0 (32146244)|SYSTEM_METHOD_ENTRY|[1]|Type.Type()
20:21:06.0 (32151674)|STATEMENT_EXECUTE|[1]
20:21:06.0 (32168463)|SYSTEM_METHOD_EXIT|[1]|Type
20:21:06.0 (32178208)|HEAP_ALLOCATE|[61]|Bytes:8
20:21:06.0 (32205986)|HEAP_ALLOCATE|[61]|Bytes:8
20:21:06.0 (32214110)|VARIABLE_SCOPE_BEGIN|[4]|this|System.Type|true|false
20:21:06.0 (32270823)|VARIABLE_ASSIGNMENT|[4]|this|{}|0xe5b35d4
20:21:06.0 (32277652)|VARIABLE_SCOPE_BEGIN|[4]|apextype|java:common.apex.runtime.ApexObjectType|true|false
20:21:06.0 (32441682)|VARIABLE_ASSIGNMENT|[4]|apextype|"ETLC_ApexBridge_Data"|0x161eb9a9
20:21:06.0 (32536913)|HEAP_ALLOCATE|[61]|Bytes:8
20:21:06.0 (32587109)|HEAP_ALLOCATE|[61]|Bytes:24
20:21:06.0 (32607960)|SYSTEM_METHOD_ENTRY|[1]|JSON.JSON()
20:21:06.0 (32612702)|STATEMENT_EXECUTE|[1]
20:21:06.0 (32627331)|SYSTEM_METHOD_EXIT|[1]|JSON
20:21:06.0 (32646421)|METHOD_ENTRY|[61]||System.JSON.deserializeStrict(String, System.Type)
20:21:06.0 (33454346)|METHOD_EXIT|[61]||System.JSON.deserializeStrict(String, System.Type)
20:21:06.0 (33471162)|METHOD_EXIT|[6]|01p50000002CIEo|ETLC_ApexBridge_Data.fromJSON(String)
20:21:06.0 (33562776)|VARIABLE_ASSIGNMENT|[6]|data|{"debug":true,"input":"{\"mode\":\"fetchFollow (9 more) ...","operation":"BFFFollow_Controller"}|0x474dce27
20:21:06.0 (33570348)|STATEMENT_EXECUTE|[7]
20:21:06.0 (33584642)|HEAP_ALLOCATE|[7]|Bytes:6
20:21:06.0 (33690953)|HEAP_ALLOCATE|[7]|Bytes:177
20:21:06.0 (33726166)|HEAP_ALLOCATE|[7]|Bytes:183
20:21:06.0 (33759011)|USER_DEBUG|[7]|DEBUG|data::ETLC_ApexBridge_Data:[debug=true, input={"mode":"fetchFollowedUsers"}, isSuccess=null, messages=null, operation=BFFFollow_Controller, output=null, outputFlag=null, records=null]
20:21:06.0 (33771363)|STATEMENT_EXECUTE|[8]
20:21:06.0 (33852114)|VARIABLE_ASSIGNMENT|[EXTERNAL]|this|{"debug":true,"input":"{\"mode\":\"fetchFollow (9 more) ...","operation":"BFFFollow_Controller"}|0x474dce27
20:21:06.0 (33882250)|METHOD_ENTRY|[8]||System.Type.forName(String)
20:21:06.0 (36572287)|METHOD_EXIT|[8]||System.Type.forName(String)
20:21:06.0 (36590134)|METHOD_ENTRY|[8]||System.Type.newInstance()
20:21:06.0 (38195543)|STATEMENT_EXECUTE|[1]
20:21:06.0 (38210645)|HEAP_ALLOCATE|[33]|Bytes:5
20:21:06.0 (38237871)|METHOD_EXIT|[1]|BFFFollow_Controller
20:21:06.0 (38259722)|HEAP_ALLOCATE|[33]|Bytes:4
20:21:06.0 (38271696)|VARIABLE_SCOPE_BEGIN|[1]|this|BFFFollow_Controller|true|false
20:21:06.0 (38297202)|VARIABLE_ASSIGNMENT|[1]|this|{}|0x490377d4
20:21:06.0 (38310933)|HEAP_ALLOCATE|[33]|Bytes:5
20:21:06.0 (38323489)|HEAP_ALLOCATE|[33]|Bytes:11
20:21:06.0 (38352341)|METHOD_ENTRY|[1]|01p50000002CIEj|ETLC_ApexBridge_Abstract.ETLC_ApexBridge_Abstract()
20:21:06.0 (38358485)|STATEMENT_EXECUTE|[1]
20:21:06.0 (38364161)|STATEMENT_EXECUTE|[1]
20:21:06.0 (38376385)|METHOD_EXIT|[1]|ETLC_ApexBridge_Abstract
20:21:06.0 (38389493)|CONSTRUCTOR_ENTRY|[EXTERNAL]|01p50000002CIEj|<init>()
20:21:06.0 (38417491)|VARIABLE_SCOPE_BEGIN|[1]|this|ETLC_ApexBridge_Abstract|true|false
20:21:06.0 (38440759)|VARIABLE_ASSIGNMENT|[1]|this|{}|0x490377d4
20:21:06.0 (38464857)|STATEMENT_EXECUTE|[1]
20:21:06.0 (38472315)|CONSTRUCTOR_EXIT|[EXTERNAL]|01p50000002CIEj|<init>()
20:21:06.0 (38480359)|STATEMENT_EXECUTE|[1]
20:21:06.0 (38487846)|HEAP_ALLOCATE|[33]|Bytes:5
20:21:06.0 (38513067)|METHOD_EXIT|[8]||System.Type.newInstance()
20:21:06.0 (38525188)|VARIABLE_SCOPE_BEGIN|[8]|executor|ETLC_ApexBridge_Abstract|true|false
20:21:06.0 (38546820)|VARIABLE_ASSIGNMENT|[8]|executor|{}|0x490377d4
20:21:06.0 (38551779)|STATEMENT_EXECUTE|[9]
20:21:06.0 (38602668)|METHOD_ENTRY|[9]|01p50000002D8iw|BFFFollow_Controller.process(ETLC_ApexBridge_Data)
20:21:06.0 (38635306)|VARIABLE_SCOPE_BEGIN|[3]|this|BFFFollow_Controller|true|false
20:21:06.0 (38656215)|VARIABLE_ASSIGNMENT|[3]|this|{}|0x490377d4
20:21:06.0 (38661995)|VARIABLE_SCOPE_BEGIN|[3]|data|ETLC_ApexBridge_Data|true|false
20:21:06.0 (38702443)|VARIABLE_ASSIGNMENT|[3]|data|{"debug":true,"input":"{\"mode\":\"fetchFollow (9 more) ...","operation":"BFFFollow_Controller"}|0x474dce27
20:21:06.0 (38716269)|HEAP_ALLOCATE|[4]|Bytes:5
20:21:06.0 (38721764)|STATEMENT_EXECUTE|[3]
20:21:06.0 (38723903)|STATEMENT_EXECUTE|[4]
20:21:06.0 (38833081)|VARIABLE_ASSIGNMENT|[EXTERNAL]|this|{"debug":true,"input":"{\"mode\":\"fetchFollow (9 more) ...","operation":"BFFFollow_Controller"}|0x474dce27
20:21:06.0 (38876778)|VARIABLE_ASSIGNMENT|[4]|BFFFollow_Controller.debugFlag|true
20:21:06.0 (38929178)|VARIABLE_ASSIGNMENT|[EXTERNAL]|this|{"debug":true,"input":"{\"mode\":\"fetchFollow (9 more) ...","operation":"BFFFollow_Controller"}|0x474dce27
20:21:06.0 (38942855)|STATEMENT_EXECUTE|[5]
20:21:06.0 (38982698)|USER_DEBUG|[5]|DEBUG|ETLC_ApexBridge_Data:[debug=true, input={"mode":"fetchFollowedUsers"}, isSuccess=null, messages=null, operation=BFFFollow_Controller, output=null, outputFlag=null, records=null]
20:21:06.0 (38990216)|STATEMENT_EXECUTE|[7]
20:21:06.0 (38997585)|HEAP_ALLOCATE|[7]|Bytes:4
20:21:06.0 (39020009)|METHOD_ENTRY|[7]|01p50000002CIEo|ETLC_ApexBridge_Data.getInputValue(String)
20:21:06.0 (39041708)|VARIABLE_SCOPE_BEGIN|[52]|this|ETLC_ApexBridge_Data|true|false
20:21:06.0 (39072975)|VARIABLE_ASSIGNMENT|[52]|this|{"debug":true,"input":"{\"mode\":\"fetchFollow (9 more) ...","operation":"BFFFollow_Controller"}|0x474dce27
20:21:06.0 (39081465)|VARIABLE_SCOPE_BEGIN|[52]|key|String|false|false
20:21:06.0 (39089418)|VARIABLE_ASSIGNMENT|[52]|key|"mode"
20:21:06.0 (39095873)|STATEMENT_EXECUTE|[52]
20:21:06.0 (39098042)|STATEMENT_EXECUTE|[53]
20:21:06.0 (39173516)|VARIABLE_ASSIGNMENT|[EXTERNAL]|this|{"debug":true,"input":"{\"mode\":\"fetchFollow (9 more) ...","operation":"BFFFollow_Controller"}|0x474dce27
20:21:06.0 (39201995)|METHOD_ENTRY|[53]||System.JSON.deserializeUntyped(String)
20:21:06.0 (39491137)|METHOD_EXIT|[53]||System.JSON.deserializeUntyped(String)
20:21:06.0 (39502754)|VARIABLE_SCOPE_BEGIN|[53]|inputMap|Map<String,ANY>|true|false
20:21:06.0 (39537497)|VARIABLE_ASSIGNMENT|[53]|inputMap|{"s":1,"v":{"mode":"fetchFollowedUsers"}}|0x41225ac4
20:21:06.0 (39543513)|STATEMENT_EXECUTE|[54]
20:21:06.0 (39604492)|METHOD_EXIT|[7]|01p50000002CIEo|ETLC_ApexBridge_Data.getInputValue(String)
20:21:06.0 (39612754)|VARIABLE_SCOPE_BEGIN|[7]|mode|String|false|false
20:21:06.0 (39622074)|VARIABLE_ASSIGNMENT|[7]|mode|"fetchFollowedUsers"
20:21:06.0 (39628382)|HEAP_ALLOCATE|[9]|Bytes:18
20:21:06.0 (39663761)|STATEMENT_EXECUTE|[9]
20:21:06.0 (39666423)|STATEMENT_EXECUTE|[10]
20:21:06.0 (39719237)|HEAP_ALLOCATE|[10]|Bytes:85
20:21:06.0 (39738435)|SYSTEM_METHOD_ENTRY|[1]|UserInfo.UserInfo()
20:21:06.0 (39742498)|STATEMENT_EXECUTE|[1]
20:21:06.0 (39754742)|SYSTEM_METHOD_EXIT|[1]|UserInfo
20:21:06.0 (39768572)|METHOD_ENTRY|[10]||System.UserInfo.getUserId()
20:21:06.0 (39809688)|METHOD_EXIT|[10]||System.UserInfo.getUserId()
20:21:06.0 (39829300)|HEAP_ALLOCATE|[10]|Bytes:4
20:21:06.0 (39847072)|METHOD_ENTRY|[10]|01p50000002D8iw|BFFFollow_Controller.fetchFollowedUsers(Id)
20:21:06.0 (39854780)|VARIABLE_SCOPE_BEGIN|[20]|this|BFFFollow_Controller|true|false
20:21:06.0 (39873539)|VARIABLE_ASSIGNMENT|[20]|this|{}|0x490377d4
20:21:06.0 (39878656)|VARIABLE_SCOPE_BEGIN|[20]|followedById|Id|false|false
20:21:06.0 (39980412)|VARIABLE_ASSIGNMENT|[20]|followedById|"00550000005cg71AAA"
20:21:06.0 (39993392)|HEAP_ALLOCATE|[21]|Bytes:5
20:21:06.0 (39998526)|STATEMENT_EXECUTE|[20]
20:21:06.0 (40000580)|STATEMENT_EXECUTE|[21]
20:21:06.0 (40013443)|HEAP_ALLOCATE|[21]|Bytes:63
20:21:06.0 (40063295)|HEAP_ALLOCATE|[21]|Bytes:18
20:21:06.0 (40082764)|HEAP_ALLOCATE|[21]|Bytes:9
20:21:06.0 (40100969)|HEAP_ALLOCATE|[21]|Bytes:90
20:21:06.0 (40109243)|VARIABLE_SCOPE_BEGIN|[21]|soql|String|false|false
20:21:06.0 (40123089)|VARIABLE_ASSIGNMENT|[21]|soql|"SELECT FollowedUsers (70 more) ..."
20:21:06.0 (40127346)|STATEMENT_EXECUTE|[22]
20:21:06.0 (40129359)|STATEMENT_EXECUTE|[22]
20:21:06.0 (40136751)|STATEMENT_EXECUTE|[23]
20:21:06.0 (40138759)|STATEMENT_EXECUTE|[23]
20:21:06.0 (40149259)|HEAP_ALLOCATE|[23]|Bytes:24
20:21:06.0 (40160699)|HEAP_ALLOCATE|[23]|Bytes:114
20:21:06.0 (40200610)|USER_DEBUG|[23]|DEBUG|fetchFollowedUsers:soql:SELECT FollowedUsers__c FROM BFFFollow__c WHERE FollowedBy__c='00550000005cg71AAA' limit 1
20:21:06.0 (40212516)|STATEMENT_EXECUTE|[24]
20:21:06.0 (43814876)|HEAP_ALLOCATE|[24]|Bytes:9
20:21:06.0 (43827779)|HEAP_ALLOCATE|[24]|Bytes:29
20:21:06.0 (43833672)|HEAP_ALLOCATE|[24]|Bytes:21
20:21:06.0 (43863941)|METHOD_ENTRY|[7]|01p50000002CIEt|ETLC_SecuredDB.ETLC_SecuredDB()
20:21:06.0 (43870276)|STATEMENT_EXECUTE|[7]
20:21:06.0 (43877054)|STATEMENT_EXECUTE|[7]
20:21:06.0 (43886332)|HEAP_ALLOCATE|[24]|Bytes:5
20:21:06.0 (43908363)|METHOD_EXIT|[7]|ETLC_SecuredDB
20:21:06.0 (43954963)|METHOD_ENTRY|[24]|01p50000002CIEt|ETLC_SecuredDB.query(String)
20:21:06.0 (43981600)|VARIABLE_SCOPE_BEGIN|[10]|SOQL|String|false|false
20:21:06.0 (43992951)|VARIABLE_ASSIGNMENT|[10]|SOQL|"SELECT FollowedUsers (70 more) ..."
20:21:06.0 (44002416)|HEAP_ALLOCATE|[12]|Bytes:5
20:21:06.0 (44007848)|STATEMENT_EXECUTE|[10]
20:21:06.0 (44009328)|STATEMENT_EXECUTE|[12]
20:21:06.0 (45606616)|SOQL_EXECUTE_BEGIN|[12]|Aggregations:0|SELECT FollowedUsers__c FROM BFFFollow__c WHERE FollowedBy__c='00550000005cg71AAA' limit 1
20:21:06.0 (49619511)|SOQL_EXECUTE_END|[12]|Rows:1
20:21:06.0 (49648758)|HEAP_ALLOCATE|[12]|Bytes:8
20:21:06.0 (49664714)|HEAP_ALLOCATE|[12]|Bytes:111
20:21:06.0 (49757042)|HEAP_ALLOCATE|[12]|Bytes:8
20:21:06.0 (49777704)|VARIABLE_SCOPE_BEGIN|[12]|dbRecords|List<SObject>|true|false
20:21:06.0 (49830841)|VARIABLE_ASSIGNMENT|[12]|dbRecords|{"s":1,"v":[{"s":2,"v":{"FollowedUsers__c":"[{\"id\":\"00550000005c (38 more) ...","Id":"a005000000ezW4dAAE"}}]}|0xf7d89bf
20:21:06.0 (49837751)|STATEMENT_EXECUTE|[20]
20:21:06.0 (50212126)|HEAP_ALLOCATE|[20]|Bytes:12
20:21:06.0 (50230769)|HEAP_ALLOCATE|[20]|Bytes:8
20:21:06.0 (50316441)|HEAP_ALLOCATE|[20]|Bytes:12
20:21:06.0 (50325547)|HEAP_ALLOCATE|[20]|Bytes:9
20:21:06.0 (50348877)|HEAP_ALLOCATE|[20]|Bytes:12
20:21:06.0 (50355753)|HEAP_ALLOCATE|[20]|Bytes:8
20:21:06.0 (50376404)|HEAP_ALLOCATE|[20]|Bytes:12
20:21:06.0 (50383060)|HEAP_ALLOCATE|[20]|Bytes:8
20:21:06.0 (50403385)|HEAP_ALLOCATE|[20]|Bytes:12
20:21:06.0 (50410633)|HEAP_ALLOCATE|[20]|Bytes:9
20:21:06.0 (50455377)|METHOD_ENTRY|[20]|01p50000002CIEt|ETLC_SecuredDB.findFields(List<SObject>)
20:21:06.0 (50490148)|VARIABLE_SCOPE_BEGIN|[108]|dbRecords|List<SObject>|true|false
20:21:06.0 (50518981)|VARIABLE_ASSIGNMENT|[108]|dbRecords|{"s":1,"v":[{"s":2,"v":{"FollowedUsers__c":"[{\"id\":\"00550000005c (38 more) ...","Id":"a005000000ezW4dAAE"}}]}|0xf7d89bf
20:21:06.0 (50533458)|HEAP_ALLOCATE|[109]|Bytes:5
20:21:06.0 (50540033)|STATEMENT_EXECUTE|[108]
20:21:06.0 (50542521)|STATEMENT_EXECUTE|[109]
20:21:06.0 (50555495)|VARIABLE_SCOPE_BEGIN|[109]|strJSON|String|false|false
20:21:06.0 (50566403)|VARIABLE_ASSIGNMENT|[109]|strJSON|null
20:21:06.0 (50569989)|STATEMENT_EXECUTE|[110]
20:21:06.0 (50580566)|VARIABLE_SCOPE_BEGIN|[110]|mapFields|Map<String,Set<String>>|true|false
20:21:06.0 (50589663)|VARIABLE_ASSIGNMENT|[110]|mapFields|null|
20:21:06.0 (50593226)|STATEMENT_EXECUTE|[112]
20:21:06.0 (50614576)|METHOD_ENTRY|[112]||System.JSON.serialize(Object)
20:21:06.0 (51150236)|METHOD_EXIT|[112]||System.JSON.serialize(Object)
20:21:06.0 (51172238)|VARIABLE_ASSIGNMENT|[112]|strJSON|"[{\"attributes\":{\"typ (204 more) ..."
20:21:06.0 (51177608)|STATEMENT_EXECUTE|[113]
20:21:06.0 (51190983)|HEAP_ALLOCATE|[113]|Bytes:5
20:21:06.0 (51206582)|HEAP_ALLOCATE|[113]|Bytes:229
20:21:06.0 (51253803)|USER_DEBUG|[113]|DEBUG|JSON:[{"attributes":{"type":"BFFFollow__c","url":"/services/data/v37.0/sobjects/BFFFollow__c/a005000000ezW4dAAE"},"FollowedUsers__c":"[{\"id\":\"00550000005cg71AAA\",\"name\":\"Jaswinder Rattanpal\"}]","Id":"a005000000ezW4dAAE"}]
20:21:06.0 (51267318)|STATEMENT_EXECUTE|[114]
20:21:06.0 (51281532)|HEAP_ALLOCATE|[114]|Bytes:4
20:21:06.0 (51313546)|VARIABLE_ASSIGNMENT|[114]|mapFields|{"s":1,"v":{}}|0x558febbc
20:21:06.0 (51319269)|STATEMENT_EXECUTE|[115]
20:21:06.0 (51337850)|METHOD_ENTRY|[115]||System.JSON.deserializeUntyped(String)
20:21:06.0 (51832963)|METHOD_EXIT|[115]||System.JSON.deserializeUntyped(String)
20:21:06.0 (51846914)|VARIABLE_SCOPE_BEGIN|[115]|records|List<ANY>|true|false
20:21:06.0 (51881430)|HEAP_ALLOCATE|[EXTERNAL]|Bytes:8
20:21:06.0 (51916213)|VARIABLE_ASSIGNMENT|[115]|records|{"s":1,"v":[{"s":2,"v":{"attributes":{"s":3,"v":{"type":"BFFFollow__c","url":"/services/data/v37.0 (41 more) ..."}},"FollowedUsers__c":"[{\"id\":\"00550000005c (38 more) ...","Id":"a005000000ezW4dAAE"}}]}|0x20bc31b7
20:21:06.0 (51977310)|HEAP_ALLOCATE|[116]|Bytes:5
20:21:06.0 (52004427)|HEAP_ALLOCATE|[116]|Bytes:16
20:21:06.0 (52023563)|VARIABLE_SCOPE_BEGIN|[116]|record|Object|false|false
20:21:06.0 (52060773)|VARIABLE_ASSIGNMENT|[116]|record|{"s":1,"v":{"attributes":{"s":2,"v":{"type":"BFFFollow__c","url":"/services/data/v37.0 (41 more) ..."}},"FollowedUsers__c":"[{\"id\":\"00550000005c (38 more) ...","Id":"a005000000ezW4dAAE"}}
20:21:06.0 (52067891)|STATEMENT_EXECUTE|[116]
20:21:06.0 (52070433)|STATEMENT_EXECUTE|[117]
20:21:06.0 (52105177)|METHOD_ENTRY|[117]|01p50000002CIEt|ETLC_SecuredDB.findFieldsRecursive(Map<String,Set<String>>, Map<String,ANY>)
20:21:06.0 (52139582)|VARIABLE_SCOPE_BEGIN|[124]|mapFields|Map<String,Set<String>>|true|false
20:21:06.0 (52157413)|VARIABLE_ASSIGNMENT|[124]|mapFields|{"s":1,"v":{}}|0x558febbc
20:21:06.0 (52164339)|VARIABLE_SCOPE_BEGIN|[124]|record|Map<String,ANY>|true|false
20:21:06.0 (52191187)|VARIABLE_ASSIGNMENT|[124]|record|{"s":1,"v":{"attributes":{"s":2,"v":{"type":"BFFFollow__c","url":"/services/data/v37.0 (41 more) ..."}},"FollowedUsers__c":"[{\"id\":\"00550000005c (38 more) ...","Id":"a005000000ezW4dAAE"}}|0x59904701
20:21:06.0 (52205137)|HEAP_ALLOCATE|[125]|Bytes:5
20:21:06.0 (52211572)|STATEMENT_EXECUTE|[124]
20:21:06.0 (52214075)|STATEMENT_EXECUTE|[125]
20:21:06.0 (52230235)|HEAP_ALLOCATE|[125]|Bytes:10
20:21:06.0 (52238703)|VARIABLE_SCOPE_BEGIN|[125]|strAttributes|String|false|false
20:21:06.0 (52250260)|VARIABLE_ASSIGNMENT|[125]|strAttributes|"attributes"
20:21:06.0 (52253893)|STATEMENT_EXECUTE|[126]
20:21:06.0 (52265174)|HEAP_ALLOCATE|[126]|Bytes:7
20:21:06.0 (52272266)|VARIABLE_SCOPE_BEGIN|[126]|strRecord|String|false|false
20:21:06.0 (52280711)|VARIABLE_ASSIGNMENT|[126]|strRecord|"records"
20:21:06.0 (52329072)|STATEMENT_EXECUTE|[127]
20:21:06.0 (52332614)|STATEMENT_EXECUTE|[128]
20:21:06.0 (52391425)|VARIABLE_SCOPE_BEGIN|[128]|attributes|Map<String,ANY>|true|false
20:21:06.0 (52417492)|VARIABLE_ASSIGNMENT|[128]|attributes|{"s":1,"v":{"type":"BFFFollow__c","url":"/services/data/v37.0 (41 more) ..."}}|0x312a6cd3
20:21:06.0 (52423322)|STATEMENT_EXECUTE|[129]
20:21:06.0 (52435411)|HEAP_ALLOCATE|[129]|Bytes:4
20:21:06.0 (52485253)|VARIABLE_SCOPE_BEGIN|[129]|objectName|String|false|false
20:21:06.0 (52498345)|VARIABLE_ASSIGNMENT|[129]|objectName|"BFFFollow__c"
20:21:06.0 (52513799)|HEAP_ALLOCATE|[130]|Bytes:4
20:21:06.0 (52600284)|HEAP_ALLOCATE|[130]|Bytes:44
20:21:06.0 (52628970)|HEAP_ALLOCATE|[130]|Bytes:12
20:21:06.0 (52670876)|HEAP_ALLOCATE|[130]|Bytes:5
20:21:06.0 (52695313)|VARIABLE_SCOPE_BEGIN|[130]|fieldName|String|false|false
20:21:06.0 (52707137)|VARIABLE_ASSIGNMENT|[130]|fieldName|"attributes"
20:21:06.0 (52711856)|STATEMENT_EXECUTE|[130]
20:21:06.0 (52713959)|STATEMENT_EXECUTE|[131]
20:21:06.0 (52774386)|VARIABLE_SCOPE_BEGIN|[131]|field|Object|false|false
20:21:06.0 (52801614)|VARIABLE_ASSIGNMENT|[131]|field|{"s":1,"v":{"type":"BFFFollow__c","url":"/services/data/v37.0 (41 more) ..."}}
20:21:06.0 (52827679)|STATEMENT_EXECUTE|[132]
20:21:06.0 (52852287)|HEAP_ALLOCATE|[130]|Bytes:5
20:21:06.0 (52872979)|VARIABLE_SCOPE_BEGIN|[130]|fieldName|String|false|false
20:21:06.0 (52884793)|VARIABLE_ASSIGNMENT|[130]|fieldName|"FollowedUsers__c"
20:21:06.0 (52889471)|STATEMENT_EXECUTE|[130]
20:21:06.0 (52891445)|STATEMENT_EXECUTE|[131]
20:21:06.0 (52923029)|VARIABLE_SCOPE_BEGIN|[131]|field|Object|false|false
20:21:06.0 (52942996)|VARIABLE_ASSIGNMENT|[131]|field|"[{\"id\":\"00550000005c (38 more) ..."
20:21:06.0 (52961930)|HEAP_ALLOCATE|[134]|Bytes:68
20:21:06.0 (52991879)|STATEMENT_EXECUTE|[136]
20:21:06.0 (52995280)|STATEMENT_EXECUTE|[137]
20:21:06.0 (53010102)|HEAP_ALLOCATE|[137]|Bytes:4
20:21:06.0 (53057302)|VARIABLE_SCOPE_BEGIN|[137]|fieldNames|Set<String>|true|false
20:21:06.0 (53085589)|VARIABLE_ASSIGNMENT|[137]|fieldNames|{"s":1,"v":[]}|0x5aa21815
20:21:06.0 (53134327)|STATEMENT_EXECUTE|[138]
20:21:06.0 (53143944)|STATEMENT_EXECUTE|[139]
20:21:06.0 (53182226)|HEAP_ALLOCATE|[EXTERNAL]|Bytes:4
20:21:06.0 (53194957)|STATEMENT_EXECUTE|[140]
20:21:06.0 (53247952)|HEAP_ALLOCATE|[EXTERNAL]|Bytes:-4
20:21:06.0 (53273157)|HEAP_ALLOCATE|[130]|Bytes:5
20:21:06.0 (53294040)|VARIABLE_SCOPE_BEGIN|[130]|fieldName|String|false|false
20:21:06.0 (53305386)|VARIABLE_ASSIGNMENT|[130]|fieldName|"Id"
20:21:06.0 (53310294)|STATEMENT_EXECUTE|[130]
20:21:06.0 (53312364)|STATEMENT_EXECUTE|[131]
20:21:06.0 (53343911)|VARIABLE_SCOPE_BEGIN|[131]|field|Object|false|false
20:21:06.0 (53359515)|VARIABLE_ASSIGNMENT|[131]|field|"a005000000ezW4dAAE"
20:21:06.0 (53383857)|STATEMENT_EXECUTE|[136]
20:21:06.0 (53387293)|STATEMENT_EXECUTE|[137]
20:21:06.0 (53399250)|HEAP_ALLOCATE|[137]|Bytes:4
20:21:06.0 (53418020)|VARIABLE_SCOPE_BEGIN|[137]|fieldNames|Set<String>|true|false
20:21:06.0 (53442719)|VARIABLE_ASSIGNMENT|[137]|fieldNames|{"s":1,"v":[]}|0x1d1f40f
20:21:06.0 (53463126)|STATEMENT_EXECUTE|[138]
20:21:06.0 (53506102)|VARIABLE_ASSIGNMENT|[138]|fieldNames|{"s":1,"v":["FollowedUsers__c"]}|0x5aa21815
20:21:06.0 (53512037)|STATEMENT_EXECUTE|[139]
20:21:06.0 (53528841)|HEAP_ALLOCATE|[EXTERNAL]|Bytes:4
20:21:06.0 (53539153)|STATEMENT_EXECUTE|[140]
20:21:06.0 (53576157)|HEAP_ALLOCATE|[130]|Bytes:5
20:21:06.0 (53594616)|VARIABLE_ASSIGNMENT|[130]|fieldName|null
20:21:06.0 (53611404)|METHOD_EXIT|[117]|01p50000002CIEt|ETLC_SecuredDB.findFieldsRecursive(Map<String,Set<String>>, Map<String,ANY>)
20:21:06.0 (53629246)|HEAP_ALLOCATE|[116]|Bytes:5
20:21:06.0 (53653537)|VARIABLE_ASSIGNMENT|[116]|record|null
20:21:06.0 (53662871)|HEAP_ALLOCATE|[119]|Bytes:4
20:21:06.0 (53710209)|HEAP_ALLOCATE|[119]|Bytes:20
20:21:06.0 (53731980)|HEAP_ALLOCATE|[119]|Bytes:4
20:21:06.0 (53764723)|HEAP_ALLOCATE|[119]|Bytes:5
20:21:06.0 (53786988)|VARIABLE_SCOPE_BEGIN|[119]|objectName|String|false|false
20:21:06.0 (53798463)|VARIABLE_ASSIGNMENT|[119]|objectName|"BFFFollow__c"
20:21:06.0 (53803286)|STATEMENT_EXECUTE|[119]
20:21:06.0 (53805651)|STATEMENT_EXECUTE|[120]
20:21:06.0 (53817825)|HEAP_ALLOCATE|[120]|Bytes:2
20:21:06.0 (53893986)|HEAP_ALLOCATE|[120]|Bytes:22
20:21:06.0 (53917281)|HEAP_ALLOCATE|[120]|Bytes:36
20:21:06.0 (53935747)|USER_DEBUG|[120]|DEBUG|BFFFollow__c: {FollowedUsers__c, Id}
20:21:06.0 (53956115)|HEAP_ALLOCATE|[119]|Bytes:5
20:21:06.0 (53973767)|VARIABLE_ASSIGNMENT|[119]|objectName|null
20:21:06.0 (53979123)|STATEMENT_EXECUTE|[122]
20:21:06.0 (53997804)|METHOD_EXIT|[20]|01p50000002CIEt|ETLC_SecuredDB.findFields(List<SObject>)
20:21:06.0 (54022984)|METHOD_ENTRY|[20]|01p50000002CIEt|ETLC_SecuredDB.validate(ETLC_SecuredDB.Operation, Map<String,Set<String>>)
20:21:06.0 (54035353)|VARIABLE_SCOPE_BEGIN|[55]|op|ETLC_SecuredDB.Operation|true|false
20:21:06.0 (54062086)|VARIABLE_ASSIGNMENT|[55]|op|"Querying"|0x6d393397
20:21:06.0 (54069553)|VARIABLE_SCOPE_BEGIN|[55]|mapFieldNames|Map<String,Set<String>>|true|false
20:21:06.0 (54094566)|VARIABLE_ASSIGNMENT|[55]|mapFieldNames|{"s":1,"v":{"BFFFollow__c":{"s":2,"v":["FollowedUsers__c","Id"]}}}|0x558febbc
20:21:06.0 (54108325)|HEAP_ALLOCATE|[56]|Bytes:5
20:21:06.0 (54114611)|STATEMENT_EXECUTE|[55]
20:21:06.0 (54116918)|STATEMENT_EXECUTE|[56]
20:21:06.0 (54128327)|VARIABLE_SCOPE_BEGIN|[56]|securityMessage|String|false|false
20:21:06.0 (54137634)|VARIABLE_ASSIGNMENT|[56]|securityMessage|null
20:21:06.0 (54140929)|STATEMENT_EXECUTE|[57]
20:21:06.0 (78379595)|HEAP_ALLOCATE|[57]|Bytes:1256
20:21:06.0 (78423468)|VARIABLE_SCOPE_BEGIN|[57]|mapObjects|Map<String,Schema.SObjectType>|true|false
20:21:06.0 (78699810)|VARIABLE_ASSIGNMENT|[57]|mapObjects|"{acceptedeventrelation=AcceptedEventRelation, account=Account, accountcontactrole=AccountContactRole, accounthistory=AccountHistory, accountpartner=AccountPartner, accountshare=AccountShare, actionlinkgrouptemplate=ActionLinkGroupTemplate, actionlinktemplate=ActionLinkTemplate, activityhistory=ActivityHistory, additionalnumber=AdditionalNumber, ...}"|0x2711fc95
20:21:06.0 (78721218)|HEAP_ALLOCATE|[58]|Bytes:4
20:21:06.0 (78816710)|HEAP_ALLOCATE|[58]|Bytes:20
20:21:06.0 (78848964)|HEAP_ALLOCATE|[58]|Bytes:4
20:21:06.0 (78897966)|HEAP_ALLOCATE|[58]|Bytes:5
20:21:06.0 (78919336)|VARIABLE_SCOPE_BEGIN|[58]|sObjectName|String|false|false
20:21:06.0 (78931002)|VARIABLE_ASSIGNMENT|[58]|sObjectName|"BFFFollow__c"
20:21:06.0 (78935490)|STATEMENT_EXECUTE|[58]
20:21:06.0 (78937624)|STATEMENT_EXECUTE|[59]
20:21:06.0 (78957120)|HEAP_ALLOCATE|[59]|Bytes:9
20:21:06.0 (78961981)|HEAP_ALLOCATE|[59]|Bytes:7
20:21:06.0 (79039036)|HEAP_ALLOCATE|[59]|Bytes:8
20:21:06.0 (79062063)|HEAP_ALLOCATE|[59]|Bytes:1
20:21:06.0 (79082024)|HEAP_ALLOCATE|[59]|Bytes:37
20:21:06.0 (79098043)|VARIABLE_ASSIGNMENT|[59]|securityMessage|"CRUD on [BFFFollow__ (17 more) ..."
20:21:06.0 (79102725)|STATEMENT_EXECUTE|[60]
20:21:06.0 (79115622)|HEAP_ALLOCATE|[60]|Bytes:10
20:21:06.0 (79128619)|HEAP_ALLOCATE|[60]|Bytes:47
20:21:06.0 (79178413)|USER_DEBUG|[60]|DEBUG|Checking: CRUD on [BFFFollow__c] for [Querying]
20:21:06.0 (79192299)|STATEMENT_EXECUTE|[61]
20:21:06.0 (79494934)|HEAP_ALLOCATE|[61]|Bytes:4
20:21:06.0 (79550969)|VARIABLE_SCOPE_BEGIN|[61]|drSObj|Schema.DescribeSObjectResult|true|false
20:21:06.0 (79654025)|VARIABLE_ASSIGNMENT|[61]|drSObj|"common.api.soap.wsdl.DescribeSObjectResult@a54f9caa"|0x652c3b8d
20:21:06.0 (79831294)|STATEMENT_EXECUTE|[64]
20:21:06.0 (79857916)|STATEMENT_EXECUTE|[65]
20:21:06.0 (79914690)|STATEMENT_EXECUTE|[77]
20:21:06.0 (79917625)|STATEMENT_EXECUTE|[79]
20:21:06.0 (80297107)|HEAP_ALLOCATE|[79]|Bytes:56
20:21:06.0 (80313700)|VARIABLE_SCOPE_BEGIN|[79]|mapFields|Map<String,Schema.SObjectField>|true|false
20:21:06.0 (80488204)|VARIABLE_ASSIGNMENT|[79]|mapFields|"{createdbyid=CreatedById, createddate=CreatedDate, followedby__c=FollowedBy__c, followedusers__c=FollowedUsers__c, id=Id, isdeleted=IsDeleted, lastmodifiedbyid=LastModifiedById, lastmodifieddate=LastModifiedDate, lastreferenceddate=LastReferencedDate, lastvieweddate=LastViewedDate, ...}"|0x132a2cc4
20:21:06.0 (80498993)|HEAP_ALLOCATE|[80]|Bytes:4
20:21:06.0 (80543873)|HEAP_ALLOCATE|[80]|Bytes:8
20:21:06.0 (80564128)|HEAP_ALLOCATE|[80]|Bytes:5
20:21:06.0 (80577078)|VARIABLE_SCOPE_BEGIN|[80]|fieldName|String|false|false
20:21:06.0 (80585843)|VARIABLE_ASSIGNMENT|[80]|fieldName|"FollowedUsers__c"
20:21:06.0 (80589122)|STATEMENT_EXECUTE|[80]
20:21:06.0 (80590386)|STATEMENT_EXECUTE|[81]
20:21:06.0 (81591554)|HEAP_ALLOCATE|[81]|Bytes:8
20:21:06.0 (81636783)|VARIABLE_SCOPE_BEGIN|[81]|drField|Schema.DescribeFieldResult|true|false
20:21:06.0 (81724914)|VARIABLE_ASSIGNMENT|[81]|drField|"common.api.soap.wsdl.Field@2cad31bb"|0x10d2c02e
20:21:06.0 (81754409)|STATEMENT_EXECUTE|[82]
20:21:06.0 (81758364)|STATEMENT_EXECUTE|[83]
20:21:06.0 (81771720)|HEAP_ALLOCATE|[83]|Bytes:8
20:21:06.0 (81779712)|HEAP_ALLOCATE|[83]|Bytes:1
20:21:06.0 (81840078)|HEAP_ALLOCATE|[83]|Bytes:8
20:21:06.0 (81869849)|HEAP_ALLOCATE|[83]|Bytes:52
20:21:06.0 (81877396)|HEAP_ALLOCATE|[83]|Bytes:53
20:21:06.0 (81887534)|VARIABLE_ASSIGNMENT|[83]|securityMessage|"FLS on [BFFFollow__c (33 more) ..."
20:21:06.0 (81890810)|STATEMENT_EXECUTE|[84]
20:21:06.0 (81901354)|HEAP_ALLOCATE|[84]|Bytes:63
20:21:06.0 (81931541)|USER_DEBUG|[84]|DEBUG|Checking: FLS on [BFFFollow__c.FollowedUsers__c] for [Querying]
20:21:06.0 (82029783)|STATEMENT_EXECUTE|[87]
20:21:06.0 (82048892)|STATEMENT_EXECUTE|[88]
20:21:06.0 (82067996)|HEAP_ALLOCATE|[80]|Bytes:5
20:21:06.0 (82081010)|VARIABLE_SCOPE_BEGIN|[80]|fieldName|String|false|false
20:21:06.0 (82088926)|VARIABLE_ASSIGNMENT|[80]|fieldName|"Id"
20:21:06.0 (82091473)|STATEMENT_EXECUTE|[80]
20:21:06.0 (82092622)|STATEMENT_EXECUTE|[81]
20:21:06.0 (82299436)|HEAP_ALLOCATE|[81]|Bytes:8
20:21:06.0 (82310814)|VARIABLE_SCOPE_BEGIN|[81]|drField|Schema.DescribeFieldResult|true|false
20:21:06.0 (82374814)|VARIABLE_ASSIGNMENT|[81]|drField|"common.api.soap.wsdl.Field@276da348"|0x7bc13cab
20:21:06.0 (82387602)|STATEMENT_EXECUTE|[99]
20:21:06.0 (82389516)|STATEMENT_EXECUTE|[100]
20:21:06.0 (82401715)|HEAP_ALLOCATE|[100]|Bytes:22
20:21:06.0 (82458235)|HEAP_ALLOCATE|[100]|Bytes:8
20:21:06.0 (82483856)|HEAP_ALLOCATE|[100]|Bytes:52
20:21:06.0 (82493159)|HEAP_ALLOCATE|[100]|Bytes:35
20:21:06.0 (82506932)|HEAP_ALLOCATE|[100]|Bytes:87
20:21:06.0 (82525446)|USER_DEBUG|[100]|DEBUG|Bypass Check: FLS on [BFFFollow__c.Id] for [Querying] since it's not isPermissionable()
20:21:06.0 (82561188)|HEAP_ALLOCATE|[80]|Bytes:5
20:21:06.0 (82579031)|VARIABLE_ASSIGNMENT|[80]|fieldName|null
20:21:06.0 (82591076)|HEAP_ALLOCATE|[58]|Bytes:5
20:21:06.0 (82599219)|VARIABLE_ASSIGNMENT|[58]|sObjectName|null
20:21:06.0 (82615670)|METHOD_EXIT|[20]|01p50000002CIEt|ETLC_SecuredDB.validate(ETLC_SecuredDB.Operation, Map<String,Set<String>>)
20:21:06.0 (82619877)|STATEMENT_EXECUTE|[21]
20:21:06.0 (82632893)|METHOD_EXIT|[24]|01p50000002CIEt|ETLC_SecuredDB.query(String)
20:21:06.0 (82638884)|VARIABLE_SCOPE_BEGIN|[24]|dbRecords|List<SObject>|true|false
20:21:06.0 (82679849)|VARIABLE_ASSIGNMENT|[24]|dbRecords|{"s":1,"v":[{"s":2,"v":{"FollowedUsers__c":"[{\"id\":\"00550000005c (38 more) ...","Id":"a005000000ezW4dAAE"}}]}|0xf7d89bf
20:21:06.0 (82688594)|STATEMENT_EXECUTE|[25]
20:21:06.0 (82690157)|STATEMENT_EXECUTE|[25]
20:21:06.0 (82758275)|USER_DEBUG|[25]|DEBUG|(BFFFollow__c:{FollowedUsers__c=[{"id":"00550000005cg71AAA","name":"Jaswinder Rattanpal"}], Id=a005000000ezW4dAAE})
20:21:06.0 (82842554)|STATEMENT_EXECUTE|[26]
20:21:06.0 (82850745)|STATEMENT_EXECUTE|[27]
20:21:06.0 (82853153)|STATEMENT_EXECUTE|[28]
20:21:06.0 (82865078)|HEAP_ALLOCATE|[28]|Bytes:18
20:21:06.0 (82886604)|HEAP_ALLOCATE|[28]|Bytes:12
20:21:06.0 (82899593)|HEAP_ALLOCATE|[28]|Bytes:16
20:21:06.0 (82993706)|HEAP_ALLOCATE|[28]|Bytes:58
20:21:06.0 (83030358)|HEAP_ALLOCATE|[28]|Bytes:58
20:21:06.0 (83054168)|HEAP_ALLOCATE|[28]|Bytes:76
20:21:06.0 (83067795)|USER_DEBUG|[28]|DEBUG|FollowedUsers__c::[{"id":"00550000005cg71AAA","name":"Jaswinder Rattanpal"}]
20:21:06.0 (83073894)|STATEMENT_EXECUTE|[30]
20:21:06.0 (83089556)|HEAP_ALLOCATE|[30]|Bytes:12
20:21:06.0 (83163585)|HEAP_ALLOCATE|[30]|Bytes:58
20:21:06.0 (83204362)|METHOD_EXIT|[10]|01p50000002D8iw|BFFFollow_Controller.fetchFollowedUsers(Id)
20:21:06.0 (83294192)|VARIABLE_ASSIGNMENT|[EXTERNAL]|this|{"debug":true,"input":"{\"mode\":\"fetchFollow (9 more) ...","operation":"BFFFollow_Controller"}|0x474dce27
20:21:06.0 (83304936)|VARIABLE_ASSIGNMENT|[EXTERNAL]|value|"[{\"id\":\"00550000005c (38 more) ..."
20:21:06.0 (83322109)|VARIABLE_ASSIGNMENT|[12]|this.output|"[{\"id\":\"00550000005c (38 more) ..."|0x474dce27
20:21:06.0 (83330014)|STATEMENT_EXECUTE|[11]
20:21:06.0 (83389611)|VARIABLE_ASSIGNMENT|[EXTERNAL]|this|{"debug":true,"input":"{\"mode\":\"fetchFollow (9 more) ...","operation":"BFFFollow_Controller","output":"[{\"id\":\"00550000005c (38 more) ..."}|0x474dce27
20:21:06.0 (83444722)|VARIABLE_ASSIGNMENT|[EXTERNAL]|this|{"debug":true,"input":"{\"mode\":\"fetchFollow (9 more) ...","operation":"BFFFollow_Controller","output":"[{\"id\":\"00550000005c (38 more) ..."}|0x474dce27
20:21:06.0 (83453431)|VARIABLE_ASSIGNMENT|[EXTERNAL]|value|true
20:21:06.0 (83458986)|HEAP_ALLOCATE|[15]|Bytes:5
20:21:06.0 (83471585)|VARIABLE_ASSIGNMENT|[15]|this.outputFlag|true|0x474dce27
20:21:06.0 (83487400)|STATEMENT_EXECUTE|[12]
20:21:06.0 (83491240)|STATEMENT_EXECUTE|[12]
20:21:06.0 (83567949)|USER_DEBUG|[12]|DEBUG|ETLC_ApexBridge_Data:[debug=true, input={"mode":"fetchFollowedUsers"}, isSuccess=null, messages=null, operation=BFFFollow_Controller, output=[{"id":"00550000005cg71AAA","name":"Jaswinder Rattanpal"}], outputFlag=true, records=null]
20:21:06.0 (83591756)|METHOD_EXIT|[9]|01p50000002D8iw|BFFFollow_Controller.process(ETLC_ApexBridge_Data)
20:21:06.0 (83598422)|STATEMENT_EXECUTE|[24]
20:21:06.0 (83629906)|METHOD_ENTRY|[24]|01p50000002CIEo|ETLC_ApexBridge_Data.toJSON()
20:21:06.0 (83652465)|VARIABLE_SCOPE_BEGIN|[57]|this|ETLC_ApexBridge_Data|true|false
20:21:06.0 (83684009)|VARIABLE_ASSIGNMENT|[57]|this|{"debug":true,"input":"{\"mode\":\"fetchFollow (9 more) ...","operation":"BFFFollow_Controller","output":"[{\"id\":\"00550000005c (38 more) ...","outputFlag":true}|0x474dce27
20:21:06.0 (83690412)|STATEMENT_EXECUTE|[57]
20:21:06.0 (83691733)|STATEMENT_EXECUTE|[58]
20:21:06.0 (83708566)|METHOD_ENTRY|[58]||System.JSON.serialize(Object)
20:21:06.0 (83822715)|STATEMENT_EXECUTE|[22]
20:21:06.0 (83830217)|STATEMENT_EXECUTE|[23]
20:21:06.0 (83844925)|HEAP_ALLOCATE|[23]|Bytes:5
20:21:06.0 (83858982)|VARIABLE_ASSIGNMENT|[23]|this.isSuccess|true|0x474dce27
20:21:06.0 (83862262)|STATEMENT_EXECUTE|[24]
20:21:06.0 (83911428)|STATEMENT_EXECUTE|[31]
20:21:06.0 (83916268)|STATEMENT_EXECUTE|[32]
20:21:06.0 (83927743)|HEAP_ALLOCATE|[32]|Bytes:4
20:21:06.0 (83995952)|VARIABLE_ASSIGNMENT|[32]|this.messages|{"s":1,"v":{}}|0x474dce27
20:21:06.0 (83999961)|STATEMENT_EXECUTE|[33]
20:21:06.0 (84409335)|METHOD_EXIT|[58]||System.JSON.serialize(Object)
20:21:06.0 (84421740)|METHOD_EXIT|[24]|01p50000002CIEo|ETLC_ApexBridge_Data.toJSON()
20:21:06.0 (84432840)|SYSTEM_MODE_EXIT|false
20:21:06.84 (84494805)|CUMULATIVE_LIMIT_USAGE
20:21:06.84 (84494805)|LIMIT_USAGE_FOR_NS|(default)|
  Number of SOQL queries: 1 out of 100
  Number of query rows: 1 out of 50000
  Number of SOSL queries: 0 out of 20
  Number of DML statements: 0 out of 150
  Number of DML rows: 0 out of 10000
  Maximum CPU time: 0 out of 10000
  Maximum heap size: 0 out of 6000000
  Number of callouts: 0 out of 100
  Number of Email Invocations: 0 out of 10
  Number of future calls: 0 out of 50
  Number of queueable jobs added to the queue: 0 out of 50
  Number of Mobile Apex push calls: 0 out of 10

20:21:06.84 (84494805)|CUMULATIVE_LIMIT_USAGE_END

20:21:06.0 (84543121)|CODE_UNIT_FINISHED|ETLC_ApexBridge_Controller.execute
