37.0 APEX_CODE,FINEST;APEX_PROFILING,INFO;CALLOUT,INFO;DB,INFO;SYSTEM,DEBUG;VALIDATION,INFO;VISUALFORCE,INFO;WORKFLOW,INFO
11:23:08.2 (2207726)|USER_INFO|[EXTERNAL]|00550000005cg71|bfffollow@jr.te|Eastern Standard Time|GMT-04:00
11:23:08.2 (2252833)|EXECUTION_STARTED
11:23:08.2 (2258469)|CODE_UNIT_STARTED|[EXTERNAL]|aura
11:23:08.2 (2666208)|HEAP_ALLOCATE|[72]|Bytes:3
11:23:08.2 (2697064)|HEAP_ALLOCATE|[77]|Bytes:152
11:23:08.2 (2707985)|HEAP_ALLOCATE|[342]|Bytes:408
11:23:08.2 (2724309)|HEAP_ALLOCATE|[355]|Bytes:408
11:23:08.2 (2740033)|HEAP_ALLOCATE|[467]|Bytes:48
11:23:08.2 (2761030)|HEAP_ALLOCATE|[139]|Bytes:6
11:23:08.2 (2782331)|HEAP_ALLOCATE|[EXTERNAL]|Bytes:94
11:23:08.2 (2798696)|HEAP_ALLOCATE|[EXTERNAL]|Bytes:94
11:23:08.2 (3764528)|CODE_UNIT_STARTED|[EXTERNAL]|01p50000002CIEm|ETLC_ApexBridge_Controller.execute
11:23:08.2 (4365202)|HEAP_ALLOCATE|[EXTERNAL]|Bytes:1
11:23:08.2 (4372512)|HEAP_ALLOCATE|[EXTERNAL]|Bytes:10
11:23:08.2 (4391501)|METHOD_ENTRY|[1]|01p50000002CIEm|ETLC_ApexBridge_Controller.ETLC_ApexBridge_Controller()
11:23:08.2 (4402237)|STATEMENT_EXECUTE|[1]
11:23:08.2 (4409940)|STATEMENT_EXECUTE|[1]
11:23:08.2 (4417990)|METHOD_EXIT|[1]|ETLC_ApexBridge_Controller
11:23:08.2 (4422900)|HEAP_ALLOCATE|[EXTERNAL]|Bytes:94
11:23:08.2 (4432784)|SYSTEM_MODE_ENTER|false
11:23:08.2 (4445712)|VARIABLE_SCOPE_BEGIN|[3]|dataJson|String|false|false
11:23:08.2 (4488212)|VARIABLE_ASSIGNMENT|[3]|dataJson|"{\"operation\":\"BFFFol (74 more) ..."
11:23:08.2 (4502393)|STATEMENT_EXECUTE|[3]
11:23:08.2 (4503932)|STATEMENT_EXECUTE|[4]
11:23:08.2 (8990979)|VARIABLE_SCOPE_BEGIN|[4]|data|ETLC_ApexBridge_Data|true|false
11:23:08.2 (9022018)|VARIABLE_ASSIGNMENT|[4]|data|null|
11:23:08.2 (9029343)|STATEMENT_EXECUTE|[5]
11:23:08.2 (9031767)|STATEMENT_EXECUTE|[5]
11:23:08.2 (9032750)|STATEMENT_EXECUTE|[6]
11:23:08.2 (9069736)|HEAP_ALLOCATE|[6]|Bytes:11
11:23:08.2 (9081300)|HEAP_ALLOCATE|[6]|Bytes:248
11:23:08.2 (9084346)|HEAP_ALLOCATE|[6]|Bytes:39
11:23:08.2 (9143791)|METHOD_ENTRY|[2]|01p50000002CIEo|ETLC_ApexBridge_Data.ETLC_ApexBridge_Data()
11:23:08.2 (9148737)|STATEMENT_EXECUTE|[2]
11:23:08.2 (9155523)|STATEMENT_EXECUTE|[2]
11:23:08.2 (9165638)|METHOD_EXIT|[2]|ETLC_ApexBridge_Data
11:23:08.2 (9212272)|METHOD_ENTRY|[6]|01p50000002CIEo|ETLC_ApexBridge_Data.fromJSON(String)
11:23:08.2 (9249412)|VARIABLE_SCOPE_BEGIN|[60]|strJson|String|false|false
11:23:08.2 (9265087)|VARIABLE_ASSIGNMENT|[60]|strJson|"{\"operation\":\"BFFFol (74 more) ..."
11:23:08.2 (9271473)|STATEMENT_EXECUTE|[60]
11:23:08.2 (9272807)|STATEMENT_EXECUTE|[61]
11:23:08.2 (9283228)|HEAP_ALLOCATE|[61]|Bytes:20
11:23:08.2 (9312752)|HEAP_ALLOCATE|[50]|Bytes:5
11:23:08.2 (9342665)|HEAP_ALLOCATE|[56]|Bytes:5
11:23:08.2 (9351544)|HEAP_ALLOCATE|[64]|Bytes:7
11:23:08.2 (9475631)|HEAP_ALLOCATE|[61]|Bytes:24
11:23:08.2 (9490046)|SYSTEM_METHOD_ENTRY|[1]|Type.Type()
11:23:08.2 (9493107)|STATEMENT_EXECUTE|[1]
11:23:08.2 (9503432)|SYSTEM_METHOD_EXIT|[1]|Type
11:23:08.2 (9510252)|HEAP_ALLOCATE|[61]|Bytes:8
11:23:08.2 (9541620)|HEAP_ALLOCATE|[61]|Bytes:8
11:23:08.2 (9546641)|VARIABLE_SCOPE_BEGIN|[4]|this|System.Type|true|false
11:23:08.2 (9581635)|VARIABLE_ASSIGNMENT|[4]|this|{}|0x5c5d3dde
11:23:08.2 (9585593)|VARIABLE_SCOPE_BEGIN|[4]|apextype|java:common.apex.runtime.ApexObjectType|true|false
11:23:08.2 (9793405)|VARIABLE_ASSIGNMENT|[4]|apextype|"ETLC_ApexBridge_Data"|0x6e6d1f57
11:23:08.2 (9864685)|HEAP_ALLOCATE|[61]|Bytes:8
11:23:08.2 (9902701)|HEAP_ALLOCATE|[61]|Bytes:24
11:23:08.2 (9915972)|SYSTEM_METHOD_ENTRY|[1]|JSON.JSON()
11:23:08.2 (9918739)|STATEMENT_EXECUTE|[1]
11:23:08.2 (9926031)|SYSTEM_METHOD_EXIT|[1]|JSON
11:23:08.2 (9939639)|METHOD_ENTRY|[61]||System.JSON.deserializeStrict(String, System.Type)
11:23:08.2 (10525948)|METHOD_EXIT|[61]||System.JSON.deserializeStrict(String, System.Type)
11:23:08.2 (10539513)|METHOD_EXIT|[6]|01p50000002CIEo|ETLC_ApexBridge_Data.fromJSON(String)
11:23:08.2 (10604174)|VARIABLE_ASSIGNMENT|[6]|data|{"debug":true,"input":"{\"mode\":\"checkChatte (10 more) ...","operation":"BFFFollow_Controller"}|0x16e616fa
11:23:08.2 (10612980)|STATEMENT_EXECUTE|[7]
11:23:08.2 (10625782)|HEAP_ALLOCATE|[7]|Bytes:6
11:23:08.2 (10710990)|HEAP_ALLOCATE|[7]|Bytes:178
11:23:08.2 (10735585)|HEAP_ALLOCATE|[7]|Bytes:184
11:23:08.2 (10756836)|USER_DEBUG|[7]|DEBUG|data::ETLC_ApexBridge_Data:[debug=true, input={"mode":"checkChatterEnabled"}, isSuccess=null, messages=null, operation=BFFFollow_Controller, output=null, outputFlag=null, records=null]
11:23:08.2 (10764336)|STATEMENT_EXECUTE|[8]
11:23:08.2 (10821411)|VARIABLE_ASSIGNMENT|[EXTERNAL]|this|{"debug":true,"input":"{\"mode\":\"checkChatte (10 more) ...","operation":"BFFFollow_Controller"}|0x16e616fa
11:23:08.2 (10842465)|METHOD_ENTRY|[8]||System.Type.forName(String)
11:23:08.2 (15801918)|METHOD_EXIT|[8]||System.Type.forName(String)
11:23:08.2 (15829732)|METHOD_ENTRY|[8]||System.Type.newInstance()
11:23:08.2 (19739031)|STATEMENT_EXECUTE|[1]
11:23:08.2 (19755995)|HEAP_ALLOCATE|[33]|Bytes:5
11:23:08.2 (19779161)|METHOD_EXIT|[1]|BFFFollow_Controller
11:23:08.2 (19802027)|HEAP_ALLOCATE|[33]|Bytes:4
11:23:08.2 (19813744)|VARIABLE_SCOPE_BEGIN|[1]|this|BFFFollow_Controller|true|false
11:23:08.2 (19851450)|VARIABLE_ASSIGNMENT|[1]|this|{}|0x5c8a5c49
11:23:08.2 (19864652)|HEAP_ALLOCATE|[33]|Bytes:5
11:23:08.2 (19879540)|HEAP_ALLOCATE|[33]|Bytes:11
11:23:08.2 (19913860)|METHOD_ENTRY|[1]|01p50000002CIEj|ETLC_ApexBridge_Abstract.ETLC_ApexBridge_Abstract()
11:23:08.2 (19920052)|STATEMENT_EXECUTE|[1]
11:23:08.2 (19928098)|STATEMENT_EXECUTE|[1]
11:23:08.2 (19940437)|METHOD_EXIT|[1]|ETLC_ApexBridge_Abstract
11:23:08.2 (19957603)|CONSTRUCTOR_ENTRY|[EXTERNAL]|01p50000002CIEj|<init>()
11:23:08.2 (19986331)|VARIABLE_SCOPE_BEGIN|[1]|this|ETLC_ApexBridge_Abstract|true|false
11:23:08.2 (20014367)|VARIABLE_ASSIGNMENT|[1]|this|{}|0x5c8a5c49
11:23:08.2 (20050040)|STATEMENT_EXECUTE|[1]
11:23:08.2 (20059791)|CONSTRUCTOR_EXIT|[EXTERNAL]|01p50000002CIEj|<init>()
11:23:08.2 (20069426)|STATEMENT_EXECUTE|[1]
11:23:08.2 (20078152)|HEAP_ALLOCATE|[33]|Bytes:5
11:23:08.2 (20116050)|METHOD_EXIT|[8]||System.Type.newInstance()
11:23:08.2 (20133610)|VARIABLE_SCOPE_BEGIN|[8]|executor|ETLC_ApexBridge_Abstract|true|false
11:23:08.2 (20156910)|VARIABLE_ASSIGNMENT|[8]|executor|{}|0x5c8a5c49
11:23:08.2 (20162085)|STATEMENT_EXECUTE|[9]
11:23:08.2 (20231714)|METHOD_ENTRY|[9]|01p50000002D8iw|BFFFollow_Controller.process(ETLC_ApexBridge_Data)
11:23:08.2 (20270618)|VARIABLE_SCOPE_BEGIN|[3]|this|BFFFollow_Controller|true|false
11:23:08.2 (20293754)|VARIABLE_ASSIGNMENT|[3]|this|{}|0x5c8a5c49
11:23:08.2 (20301783)|VARIABLE_SCOPE_BEGIN|[3]|data|ETLC_ApexBridge_Data|true|false
11:23:08.2 (20366479)|VARIABLE_ASSIGNMENT|[3]|data|{"debug":true,"input":"{\"mode\":\"checkChatte (10 more) ...","operation":"BFFFollow_Controller"}|0x16e616fa
11:23:08.2 (20384770)|HEAP_ALLOCATE|[4]|Bytes:5
11:23:08.2 (20392106)|STATEMENT_EXECUTE|[3]
11:23:08.2 (20394350)|STATEMENT_EXECUTE|[4]
11:23:08.2 (20534256)|VARIABLE_ASSIGNMENT|[EXTERNAL]|this|{"debug":true,"input":"{\"mode\":\"checkChatte (10 more) ...","operation":"BFFFollow_Controller"}|0x16e616fa
11:23:08.2 (20578333)|VARIABLE_ASSIGNMENT|[4]|BFFFollow_Controller.debugFlag|true
11:23:08.2 (20646770)|VARIABLE_ASSIGNMENT|[EXTERNAL]|this|{"debug":true,"input":"{\"mode\":\"checkChatte (10 more) ...","operation":"BFFFollow_Controller"}|0x16e616fa
11:23:08.2 (20668708)|STATEMENT_EXECUTE|[5]
11:23:08.2 (20683178)|HEAP_ALLOCATE|[5]|Bytes:12
11:23:08.2 (20760646)|HEAP_ALLOCATE|[5]|Bytes:178
11:23:08.2 (20792583)|HEAP_ALLOCATE|[5]|Bytes:190
11:23:08.2 (20818605)|USER_DEBUG|[5]|DEBUG|data BEFORE:ETLC_ApexBridge_Data:[debug=true, input={"mode":"checkChatterEnabled"}, isSuccess=null, messages=null, operation=BFFFollow_Controller, output=null, outputFlag=null, records=null]
11:23:08.2 (20826457)|STATEMENT_EXECUTE|[7]
11:23:08.2 (20836298)|HEAP_ALLOCATE|[7]|Bytes:4
11:23:08.2 (20863895)|METHOD_ENTRY|[7]|01p50000002CIEo|ETLC_ApexBridge_Data.getInputValue(String)
11:23:08.2 (20888169)|VARIABLE_SCOPE_BEGIN|[52]|this|ETLC_ApexBridge_Data|true|false
11:23:08.2 (20917346)|VARIABLE_ASSIGNMENT|[52]|this|{"debug":true,"input":"{\"mode\":\"checkChatte (10 more) ...","operation":"BFFFollow_Controller"}|0x16e616fa
11:23:08.2 (20922607)|VARIABLE_SCOPE_BEGIN|[52]|key|String|false|false
11:23:08.2 (20926467)|VARIABLE_ASSIGNMENT|[52]|key|"mode"
11:23:08.2 (20931030)|STATEMENT_EXECUTE|[52]
11:23:08.2 (20932474)|STATEMENT_EXECUTE|[53]
11:23:08.2 (20986321)|VARIABLE_ASSIGNMENT|[EXTERNAL]|this|{"debug":true,"input":"{\"mode\":\"checkChatte (10 more) ...","operation":"BFFFollow_Controller"}|0x16e616fa
11:23:08.2 (21010190)|METHOD_ENTRY|[53]||System.JSON.deserializeUntyped(String)
11:23:08.2 (21245632)|METHOD_EXIT|[53]||System.JSON.deserializeUntyped(String)
11:23:08.2 (21254883)|VARIABLE_SCOPE_BEGIN|[53]|inputMap|Map<String,ANY>|true|false
11:23:08.2 (21282109)|VARIABLE_ASSIGNMENT|[53]|inputMap|{"s":1,"v":{"mode":"checkChatterEnabled"}}|0x52bf8913
11:23:08.2 (21285786)|STATEMENT_EXECUTE|[54]
11:23:08.2 (21328363)|METHOD_EXIT|[7]|01p50000002CIEo|ETLC_ApexBridge_Data.getInputValue(String)
11:23:08.2 (21333807)|VARIABLE_SCOPE_BEGIN|[7]|mode|String|false|false
11:23:08.2 (21341415)|VARIABLE_ASSIGNMENT|[7]|mode|"checkChatterEnabled"
11:23:08.2 (21346780)|HEAP_ALLOCATE|[9]|Bytes:19
11:23:08.2 (21380868)|STATEMENT_EXECUTE|[9]
11:23:08.2 (21382799)|STATEMENT_EXECUTE|[10]
11:23:08.2 (21398183)|METHOD_ENTRY|[10]|01p50000002D8iw|BFFFollow_Controller.checkChatterEnabled()
11:23:08.2 (21416076)|VARIABLE_SCOPE_BEGIN|[27]|this|BFFFollow_Controller|true|false
11:23:08.2 (21434783)|VARIABLE_ASSIGNMENT|[27]|this|{}|0x5c8a5c49
11:23:08.2 (21444465)|HEAP_ALLOCATE|[28]|Bytes:5
11:23:08.2 (21448234)|STATEMENT_EXECUTE|[27]
11:23:08.2 (21449594)|STATEMENT_EXECUTE|[28]
11:23:08.2 (21450485)|STATEMENT_EXECUTE|[28]
11:23:08.2 (21451418)|STATEMENT_EXECUTE|[29]
11:23:08.2 (173037369)|HEAP_ALLOCATE|[29]|Bytes:1340
11:23:08.2 (173069100)|VARIABLE_SCOPE_BEGIN|[29]|gd|Map<String,Schema.SObjectType>|true|false
11:23:08.2 (173324457)|VARIABLE_ASSIGNMENT|[29]|gd|"{acceptedeventrelation=AcceptedEventRelation, account=Account, accountcontactrole=AccountContactRole, accountfeed=AccountFeed, accounthistory=AccountHistory, accountpartner=AccountPartner, accountshare=AccountShare, actionlinkgrouptemplate=ActionLinkGroupTemplate, actionlinktemplate=ActionLinkTemplate, activityhistory=ActivityHistory, ...}"|0x5911e136
11:23:08.2 (173335452)|HEAP_ALLOCATE|[30]|Bytes:8
11:23:08.2 (173394966)|STATEMENT_EXECUTE|[30]
11:23:08.2 (173397857)|STATEMENT_EXECUTE|[31]
11:23:08.2 (173412914)|HEAP_ALLOCATE|[31]|Bytes:5
11:23:08.2 (173423983)|METHOD_EXIT|[10]|01p50000002D8iw|BFFFollow_Controller.checkChatterEnabled()
11:23:08.2 (173506213)|VARIABLE_ASSIGNMENT|[EXTERNAL]|this|{"debug":true,"input":"{\"mode\":\"checkChatte (10 more) ...","operation":"BFFFollow_Controller"}|0x16e616fa
11:23:08.2 (173518486)|VARIABLE_ASSIGNMENT|[EXTERNAL]|value|true
11:23:08.2 (173525113)|HEAP_ALLOCATE|[15]|Bytes:5
11:23:08.2 (173535883)|VARIABLE_ASSIGNMENT|[15]|this.outputFlag|true|0x16e616fa
11:23:08.2 (173549075)|STATEMENT_EXECUTE|[21]
11:23:08.2 (173550883)|STATEMENT_EXECUTE|[21]
11:23:08.2 (173561914)|HEAP_ALLOCATE|[21]|Bytes:11
11:23:08.2 (173658606)|HEAP_ALLOCATE|[21]|Bytes:178
11:23:08.2 (173681621)|HEAP_ALLOCATE|[21]|Bytes:189
11:23:08.2 (173702926)|USER_DEBUG|[21]|DEBUG|data AFTER:ETLC_ApexBridge_Data:[debug=true, input={"mode":"checkChatterEnabled"}, isSuccess=null, messages=null, operation=BFFFollow_Controller, output=null, outputFlag=true, records=null]
11:23:08.2 (173717895)|METHOD_EXIT|[9]|01p50000002D8iw|BFFFollow_Controller.process(ETLC_ApexBridge_Data)
11:23:08.2 (173722150)|STATEMENT_EXECUTE|[24]
11:23:08.2 (173745808)|METHOD_ENTRY|[24]|01p50000002CIEo|ETLC_ApexBridge_Data.toJSON()
11:23:08.2 (173766276)|VARIABLE_SCOPE_BEGIN|[57]|this|ETLC_ApexBridge_Data|true|false
11:23:08.2 (173797228)|VARIABLE_ASSIGNMENT|[57]|this|{"debug":true,"input":"{\"mode\":\"checkChatte (10 more) ...","operation":"BFFFollow_Controller","outputFlag":true}|0x16e616fa
11:23:08.2 (173803151)|STATEMENT_EXECUTE|[57]
11:23:08.2 (173804605)|STATEMENT_EXECUTE|[58]
11:23:08.2 (173828248)|METHOD_ENTRY|[58]||System.JSON.serialize(Object)
11:23:08.2 (173920253)|STATEMENT_EXECUTE|[22]
11:23:08.2 (173925518)|STATEMENT_EXECUTE|[23]
11:23:08.2 (173935373)|HEAP_ALLOCATE|[23]|Bytes:5
11:23:08.2 (173945573)|VARIABLE_ASSIGNMENT|[23]|this.isSuccess|true|0x16e616fa
11:23:08.2 (173948481)|STATEMENT_EXECUTE|[24]
11:23:08.2 (173995602)|STATEMENT_EXECUTE|[31]
11:23:08.2 (174000257)|STATEMENT_EXECUTE|[32]
11:23:08.2 (174010596)|HEAP_ALLOCATE|[32]|Bytes:4
11:23:08.2 (174076626)|VARIABLE_ASSIGNMENT|[32]|this.messages|{"s":1,"v":{}}|0x16e616fa
11:23:08.2 (174081047)|STATEMENT_EXECUTE|[33]
11:23:08.2 (174502957)|METHOD_EXIT|[58]||System.JSON.serialize(Object)
11:23:08.2 (174509495)|METHOD_EXIT|[24]|01p50000002CIEo|ETLC_ApexBridge_Data.toJSON()
11:23:08.2 (174517130)|SYSTEM_MODE_EXIT|false
11:23:08.174 (174567205)|CUMULATIVE_LIMIT_USAGE
11:23:08.174 (174567205)|LIMIT_USAGE_FOR_NS|(default)|
  Number of SOQL queries: 0 out of 100
  Number of query rows: 0 out of 50000
  Number of SOSL queries: 0 out of 20
  Number of DML statements: 0 out of 150
  Number of DML rows: 0 out of 10000
  Maximum CPU time: 0 out of 10000
  Maximum heap size: 0 out of 6000000
  Number of callouts: 0 out of 100
  Number of Email Invocations: 0 out of 10
  Number of future calls: 0 out of 50
  Number of queueable jobs added to the queue: 0 out of 50
  Number of Mobile Apex push calls: 0 out of 10

11:23:08.174 (174567205)|CUMULATIVE_LIMIT_USAGE_END

11:23:08.2 (174618525)|CODE_UNIT_FINISHED|ETLC_ApexBridge_Controller.execute
