37.0 APEX_CODE,FINEST;APEX_PROFILING,INFO;CALLOUT,INFO;DB,INFO;SYSTEM,DEBUG;VALIDATION,INFO;VISUALFORCE,INFO;WORKFLOW,INFO
16:16:54.0 (108343)|USER_INFO|[EXTERNAL]|00550000005cg71|bfffollow@jr.te|Eastern Standard Time|GMT-04:00
16:16:54.0 (160664)|EXECUTION_STARTED
16:16:54.0 (165902)|CODE_UNIT_STARTED|[EXTERNAL]|aura
16:16:54.0 (709208)|HEAP_ALLOCATE|[72]|Bytes:3
16:16:54.0 (797863)|HEAP_ALLOCATE|[77]|Bytes:152
16:16:54.0 (845692)|HEAP_ALLOCATE|[342]|Bytes:408
16:16:54.0 (893332)|HEAP_ALLOCATE|[355]|Bytes:408
16:16:54.0 (940723)|HEAP_ALLOCATE|[467]|Bytes:48
16:16:54.0 (1015023)|HEAP_ALLOCATE|[139]|Bytes:6
16:16:54.0 (1096559)|HEAP_ALLOCATE|[EXTERNAL]|Bytes:4
16:16:54.0 (1135901)|HEAP_ALLOCATE|[EXTERNAL]|Bytes:4
16:16:54.0 (1372111)|HEAP_ALLOCATE|[EXTERNAL]|Bytes:4
16:16:54.0 (1406134)|HEAP_ALLOCATE|[EXTERNAL]|Bytes:4
16:16:54.0 (2847653)|CODE_UNIT_STARTED|[EXTERNAL]|01p50000002D2uA|LookupSObjectController.lookup
16:16:54.0 (3125332)|HEAP_ALLOCATE|[EXTERNAL]|Bytes:6
16:16:54.0 (3134926)|HEAP_ALLOCATE|[EXTERNAL]|Bytes:2
16:16:54.0 (3161321)|METHOD_ENTRY|[11]|01p50000002D2uA|LookupSObjectController.LookupSObjectController()
16:16:54.0 (3169171)|STATEMENT_EXECUTE|[11]
16:16:54.0 (3185556)|STATEMENT_EXECUTE|[11]
16:16:54.0 (3249776)|HEAP_ALLOCATE|[50]|Bytes:5
16:16:54.0 (3292172)|HEAP_ALLOCATE|[56]|Bytes:5
16:16:54.0 (3308025)|HEAP_ALLOCATE|[64]|Bytes:7
16:16:54.0 (3345756)|SYSTEM_MODE_ENTER|false
16:16:54.0 (3368851)|HEAP_ALLOCATE|[EXTERNAL]|Bytes:5
16:16:54.0 (3378743)|STATEMENT_EXECUTE|[43]
16:16:54.0 (3388940)|SYSTEM_MODE_EXIT|false
16:16:54.0 (3406685)|METHOD_EXIT|[11]|LookupSObjectController
16:16:54.0 (3414698)|HEAP_ALLOCATE|[EXTERNAL]|Bytes:4
16:16:54.0 (3418014)|HEAP_ALLOCATE|[EXTERNAL]|Bytes:4
16:16:54.0 (3426406)|SYSTEM_MODE_ENTER|false
16:16:54.0 (3441066)|VARIABLE_SCOPE_BEGIN|[17]|searchString|String|false|false
16:16:54.0 (3493594)|VARIABLE_ASSIGNMENT|[17]|searchString|"Test"
16:16:54.0 (3503636)|VARIABLE_SCOPE_BEGIN|[17]|sObjectAPIName|String|false|false
16:16:54.0 (3512387)|VARIABLE_ASSIGNMENT|[17]|sObjectAPIName|"User"
16:16:54.0 (3535188)|HEAP_ALLOCATE|[20]|Bytes:5
16:16:54.0 (3543615)|STATEMENT_EXECUTE|[18]
16:16:54.0 (3546360)|STATEMENT_EXECUTE|[20]
16:16:54.0 (3624169)|HEAP_ALLOCATE|[20]|Bytes:4
16:16:54.0 (3642031)|VARIABLE_SCOPE_BEGIN|[20]|sanitizedSearchString|String|false|false
16:16:54.0 (3654473)|VARIABLE_ASSIGNMENT|[20]|sanitizedSearchString|"Test"
16:16:54.0 (3663155)|STATEMENT_EXECUTE|[21]
16:16:54.0 (3712481)|HEAP_ALLOCATE|[21]|Bytes:4
16:16:54.0 (3734347)|VARIABLE_SCOPE_BEGIN|[21]|sanitizedSObjectAPIName|String|false|false
16:16:54.0 (3747248)|VARIABLE_ASSIGNMENT|[21]|sanitizedSObjectAPIName|"User"
16:16:54.0 (3756192)|STATEMENT_EXECUTE|[23]
16:16:54.0 (3774091)|HEAP_ALLOCATE|[23]|Bytes:4
16:16:54.0 (3930740)|VARIABLE_SCOPE_BEGIN|[23]|results|List<LookupSObjectController.Result>|true|false
16:16:54.0 (3956685)|HEAP_ALLOCATE|[EXTERNAL]|Bytes:4
16:16:54.0 (3984748)|VARIABLE_ASSIGNMENT|[23]|results|{"s":1,"v":[]}|0x32a2b01
16:16:54.0 (3993910)|STATEMENT_EXECUTE|[26]
16:16:54.0 (4007210)|HEAP_ALLOCATE|[26]|Bytes:6
16:16:54.0 (4015631)|HEAP_ALLOCATE|[26]|Bytes:27
16:16:54.0 (4020203)|HEAP_ALLOCATE|[26]|Bytes:18
16:16:54.0 (4037002)|HEAP_ALLOCATE|[26]|Bytes:59
16:16:54.0 (4044379)|VARIABLE_SCOPE_BEGIN|[26]|searchQuery|String|false|false
16:16:54.0 (4058746)|VARIABLE_ASSIGNMENT|[26]|searchQuery|"FIND 'Test*' IN ALL  (39 more) ..."
16:16:54.0 (4065118)|STATEMENT_EXECUTE|[29]
16:16:54.0 (6489447)|SOSL_EXECUTE_BEGIN|[29]|FIND 'Test*' IN ALL FIELDS RETURNING User(id,name) Limit 50
16:16:54.0 (40722842)|HEAP_ALLOCATE|[29]|Bytes:4
16:16:54.0 (40734270)|HEAP_ALLOCATE|[29]|Bytes:4
16:16:54.0 (40746338)|HEAP_ALLOCATE|[29]|Bytes:8
16:16:54.0 (40809937)|SOSL_EXECUTE_END|[29]|Rows:1
16:16:54.0 (40903016)|HEAP_ALLOCATE|[29]|Bytes:8
16:16:54.0 (40941793)|VARIABLE_SCOPE_BEGIN|[29]|searchList|List<List<SObject>>|true|false
16:16:54.0 (41002877)|VARIABLE_ASSIGNMENT|[29]|searchList|{"s":1,"v":[{"s":2,"v":[{"s":3,"v":{"Id":"00550000005d7KnAAI","Name":"Test User"}}]}]}|0xb3c2f81
16:16:54.0 (41124790)|HEAP_ALLOCATE|[32]|Bytes:8
16:16:54.0 (41592440)|HEAP_ALLOCATE|[32]|Bytes:5
16:16:54.0 (41657602)|HEAP_ALLOCATE|[32]|Bytes:12
16:16:54.0 (41674580)|VARIABLE_SCOPE_BEGIN|[32]|so|SObject|true|false
16:16:54.0 (41691784)|VARIABLE_ASSIGNMENT|[32]|so|{"s":1,"v":{"Id":"00550000005d7KnAAI","Name":"Test User"}}|0x4c876b68
16:16:54.0 (41702945)|STATEMENT_EXECUTE|[33]
16:16:54.0 (41706520)|STATEMENT_EXECUTE|[34]
16:16:54.0 (41800778)|HEAP_ALLOCATE|[34]|Bytes:116
16:16:54.0 (41809900)|HEAP_ALLOCATE|[34]|Bytes:8
16:16:54.0 (41838109)|HEAP_ALLOCATE|[34]|Bytes:12
16:16:54.0 (41844029)|HEAP_ALLOCATE|[34]|Bytes:4
16:16:54.0 (42829043)|HEAP_ALLOCATE|[34]|Bytes:9
16:16:54.0 (42930348)|CONSTRUCTOR_ENTRY|[34]|01p50000002D2uA|<init>(String,Id)
16:16:54.0 (42970808)|VARIABLE_SCOPE_BEGIN|[48]|this|LookupSObjectController.Result|true|false
16:16:54.0 (43040716)|VARIABLE_ASSIGNMENT|[48]|this|{}|0x24f85fa0
16:16:54.0 (43051518)|VARIABLE_SCOPE_BEGIN|[48]|sObjectLabel|String|false|false
16:16:54.0 (43061530)|VARIABLE_ASSIGNMENT|[48]|sObjectLabel|"Test User"
16:16:54.0 (43066615)|VARIABLE_SCOPE_BEGIN|[48]|sObjectId|Id|false|false
16:16:54.0 (43258832)|VARIABLE_ASSIGNMENT|[48]|sObjectId|"00550000005d7KnAAI"
16:16:54.0 (43271839)|STATEMENT_EXECUTE|[43]
16:16:54.0 (43276561)|STATEMENT_EXECUTE|[45]
16:16:54.0 (43287344)|STATEMENT_EXECUTE|[46]
16:16:54.0 (43306116)|HEAP_ALLOCATE|[50]|Bytes:6
16:16:54.0 (43356885)|STATEMENT_EXECUTE|[49]
16:16:54.0 (43360319)|STATEMENT_EXECUTE|[50]
16:16:54.0 (43445851)|VARIABLE_ASSIGNMENT|[EXTERNAL]|this|{}|0x24f85fa0
16:16:54.0 (43454504)|VARIABLE_ASSIGNMENT|[EXTERNAL]|value|"Test User"
16:16:54.0 (43469030)|VARIABLE_ASSIGNMENT|[45]|this.SObjectLabel|"Test User"|0x24f85fa0
16:16:54.0 (43480298)|STATEMENT_EXECUTE|[51]
16:16:54.0 (43540799)|VARIABLE_ASSIGNMENT|[EXTERNAL]|this|{"SObjectLabel":"Test User"}|0x24f85fa0
16:16:54.0 (43594686)|VARIABLE_ASSIGNMENT|[EXTERNAL]|value|"00550000005d7KnAAI"
16:16:54.0 (43653400)|VARIABLE_ASSIGNMENT|[46]|this.SObjectId|"00550000005d7KnAAI"|0x24f85fa0
16:16:54.0 (43672563)|CONSTRUCTOR_EXIT|[34]|01p50000002D2uA|<init>(String,Id)
16:16:54.0 (43691614)|HEAP_ALLOCATE|[EXTERNAL]|Bytes:4
16:16:54.0 (43709611)|HEAP_ALLOCATE|[32]|Bytes:5
16:16:54.0 (43726770)|VARIABLE_ASSIGNMENT|[32]|so|null|
16:16:54.0 (43734855)|STATEMENT_EXECUTE|[37]
16:16:54.0 (43755838)|SYSTEM_MODE_EXIT|false
16:16:54.43 (43808951)|CUMULATIVE_LIMIT_USAGE
16:16:54.43 (43808951)|LIMIT_USAGE_FOR_NS|(default)|
  Number of SOQL queries: 0 out of 100
  Number of query rows: 0 out of 50000
  Number of SOSL queries: 1 out of 20
  Number of DML statements: 0 out of 150
  Number of DML rows: 0 out of 10000
  Maximum CPU time: 0 out of 10000
  Maximum heap size: 0 out of 6000000
  Number of callouts: 0 out of 100
  Number of Email Invocations: 0 out of 10
  Number of future calls: 0 out of 50
  Number of queueable jobs added to the queue: 0 out of 50
  Number of Mobile Apex push calls: 0 out of 10

16:16:54.43 (43808951)|CUMULATIVE_LIMIT_USAGE_END

16:16:54.0 (43854684)|CODE_UNIT_FINISHED|LookupSObjectController.lookup
16:16:54.0 (45574508)|CODE_UNIT_STARTED|[EXTERNAL]|Aura
16:16:54.0 (45616469)|CODE_UNIT_FINISHED|Aura
