37.0 APEX_CODE,FINEST;APEX_PROFILING,INFO;CALLOUT,INFO;DB,INFO;SYSTEM,DEBUG;VALIDATION,INFO;VISUALFORCE,INFO;WORKFLOW,INFO
11:49:41.0 (466606)|USER_INFO|[EXTERNAL]|00550000005cg71|bfffollow@jr.te|Eastern Standard Time|GMT-04:00
11:49:41.0 (510590)|EXECUTION_STARTED
11:49:41.0 (516795)|CODE_UNIT_STARTED|[EXTERNAL]|aura
11:49:41.0 (1112469)|HEAP_ALLOCATE|[72]|Bytes:3
11:49:41.0 (1182515)|HEAP_ALLOCATE|[77]|Bytes:152
11:49:41.0 (1199297)|HEAP_ALLOCATE|[342]|Bytes:408
11:49:41.0 (1216507)|HEAP_ALLOCATE|[355]|Bytes:408
11:49:41.0 (1231802)|HEAP_ALLOCATE|[467]|Bytes:48
11:49:41.0 (1294694)|HEAP_ALLOCATE|[139]|Bytes:6
11:49:41.0 (1321243)|HEAP_ALLOCATE|[EXTERNAL]|Bytes:93
11:49:41.0 (1354036)|HEAP_ALLOCATE|[EXTERNAL]|Bytes:93
11:49:41.0 (2664190)|CODE_UNIT_STARTED|[EXTERNAL]|01p50000002CIEm|ETLC_ApexBridge_Controller.execute
11:49:41.0 (3292412)|HEAP_ALLOCATE|[EXTERNAL]|Bytes:1
11:49:41.0 (3300047)|HEAP_ALLOCATE|[EXTERNAL]|Bytes:10
11:49:41.0 (3336308)|METHOD_ENTRY|[1]|01p50000002CIEm|ETLC_ApexBridge_Controller.ETLC_ApexBridge_Controller()
11:49:41.0 (3341730)|STATEMENT_EXECUTE|[1]
11:49:41.0 (3347276)|STATEMENT_EXECUTE|[1]
11:49:41.0 (3366499)|METHOD_EXIT|[1]|ETLC_ApexBridge_Controller
11:49:41.0 (3372284)|HEAP_ALLOCATE|[EXTERNAL]|Bytes:93
11:49:41.0 (3393546)|SYSTEM_MODE_ENTER|false
11:49:41.0 (3498008)|VARIABLE_SCOPE_BEGIN|[3]|dataJson|String|false|false
11:49:41.0 (3597509)|VARIABLE_ASSIGNMENT|[3]|dataJson|"{\"operation\":\"BFFFol (73 more) ..."
11:49:41.0 (3613867)|STATEMENT_EXECUTE|[3]
11:49:41.0 (3615491)|STATEMENT_EXECUTE|[4]
11:49:41.0 (5535580)|VARIABLE_SCOPE_BEGIN|[4]|data|ETLC_ApexBridge_Data|true|false
11:49:41.0 (5549639)|VARIABLE_ASSIGNMENT|[4]|data|null|
11:49:41.0 (5552516)|STATEMENT_EXECUTE|[5]
11:49:41.0 (5553764)|STATEMENT_EXECUTE|[5]
11:49:41.0 (5554660)|STATEMENT_EXECUTE|[6]
11:49:41.0 (5570779)|HEAP_ALLOCATE|[6]|Bytes:11
11:49:41.0 (5578756)|HEAP_ALLOCATE|[6]|Bytes:248
11:49:41.0 (5581644)|HEAP_ALLOCATE|[6]|Bytes:39
11:49:41.0 (5622978)|METHOD_ENTRY|[2]|01p50000002CIEo|ETLC_ApexBridge_Data.ETLC_ApexBridge_Data()
11:49:41.0 (5626650)|STATEMENT_EXECUTE|[2]
11:49:41.0 (5630462)|STATEMENT_EXECUTE|[2]
11:49:41.0 (5637040)|METHOD_EXIT|[2]|ETLC_ApexBridge_Data
11:49:41.0 (5666451)|METHOD_ENTRY|[6]|01p50000002CIEo|ETLC_ApexBridge_Data.fromJSON(String)
11:49:41.0 (5690452)|VARIABLE_SCOPE_BEGIN|[60]|strJson|String|false|false
11:49:41.0 (5700473)|VARIABLE_ASSIGNMENT|[60]|strJson|"{\"operation\":\"BFFFol (73 more) ..."
11:49:41.0 (5705051)|STATEMENT_EXECUTE|[60]
11:49:41.0 (5706405)|STATEMENT_EXECUTE|[61]
11:49:41.0 (5715444)|HEAP_ALLOCATE|[61]|Bytes:20
11:49:41.0 (5737942)|HEAP_ALLOCATE|[50]|Bytes:5
11:49:41.0 (5761234)|HEAP_ALLOCATE|[56]|Bytes:5
11:49:41.0 (5769894)|HEAP_ALLOCATE|[64]|Bytes:7
11:49:41.0 (5867015)|HEAP_ALLOCATE|[61]|Bytes:24
11:49:41.0 (5887965)|SYSTEM_METHOD_ENTRY|[1]|Type.Type()
11:49:41.0 (5892518)|STATEMENT_EXECUTE|[1]
11:49:41.0 (5902767)|SYSTEM_METHOD_EXIT|[1]|Type
11:49:41.0 (5908966)|HEAP_ALLOCATE|[61]|Bytes:8
11:49:41.0 (5937680)|HEAP_ALLOCATE|[61]|Bytes:8
11:49:41.0 (5944343)|VARIABLE_SCOPE_BEGIN|[4]|this|System.Type|true|false
11:49:41.0 (5978744)|VARIABLE_ASSIGNMENT|[4]|this|{}|0x3b88221
11:49:41.0 (5982401)|VARIABLE_SCOPE_BEGIN|[4]|apextype|java:common.apex.runtime.ApexObjectType|true|false
11:49:41.0 (6109742)|VARIABLE_ASSIGNMENT|[4]|apextype|"ETLC_ApexBridge_Data"|0x735c0f25
11:49:41.0 (6183961)|HEAP_ALLOCATE|[61]|Bytes:8
11:49:41.0 (6226460)|HEAP_ALLOCATE|[61]|Bytes:24
11:49:41.0 (6239501)|SYSTEM_METHOD_ENTRY|[1]|JSON.JSON()
11:49:41.0 (6242292)|STATEMENT_EXECUTE|[1]
11:49:41.0 (6248828)|SYSTEM_METHOD_EXIT|[1]|JSON
11:49:41.0 (6261350)|METHOD_ENTRY|[61]||System.JSON.deserializeStrict(String, System.Type)
11:49:41.0 (6993630)|METHOD_EXIT|[61]||System.JSON.deserializeStrict(String, System.Type)
11:49:41.0 (7008743)|METHOD_EXIT|[6]|01p50000002CIEo|ETLC_ApexBridge_Data.fromJSON(String)
11:49:41.0 (7079634)|VARIABLE_ASSIGNMENT|[6]|data|{"debug":true,"input":"{\"mode\":\"fetchFollow (9 more) ...","operation":"BFFFollow_Controller"}|0x74e064f3
11:49:41.0 (7085155)|STATEMENT_EXECUTE|[7]
11:49:41.0 (7095427)|HEAP_ALLOCATE|[7]|Bytes:6
11:49:41.0 (7170523)|HEAP_ALLOCATE|[7]|Bytes:177
11:49:41.0 (7193193)|HEAP_ALLOCATE|[7]|Bytes:183
11:49:41.0 (7231113)|USER_DEBUG|[7]|DEBUG|data::ETLC_ApexBridge_Data:[debug=true, input={"mode":"fetchFollowedUsers"}, isSuccess=null, messages=null, operation=BFFFollow_Controller, output=null, outputFlag=null, records=null]
11:49:41.0 (7239746)|STATEMENT_EXECUTE|[8]
11:49:41.0 (7297506)|VARIABLE_ASSIGNMENT|[EXTERNAL]|this|{"debug":true,"input":"{\"mode\":\"fetchFollow (9 more) ...","operation":"BFFFollow_Controller"}|0x74e064f3
11:49:41.0 (7323990)|METHOD_ENTRY|[8]||System.Type.forName(String)
11:49:41.0 (9472584)|METHOD_EXIT|[8]||System.Type.forName(String)
11:49:41.0 (9486293)|METHOD_ENTRY|[8]||System.Type.newInstance()
11:49:41.0 (10889412)|STATEMENT_EXECUTE|[1]
11:49:41.0 (10903122)|HEAP_ALLOCATE|[33]|Bytes:5
11:49:41.0 (10925613)|METHOD_EXIT|[1]|BFFFollow_Controller
11:49:41.0 (10944664)|HEAP_ALLOCATE|[33]|Bytes:4
11:49:41.0 (10954863)|VARIABLE_SCOPE_BEGIN|[1]|this|BFFFollow_Controller|true|false
11:49:41.0 (10980755)|VARIABLE_ASSIGNMENT|[1]|this|{}|0x3b5a8bb5
11:49:41.0 (10990593)|HEAP_ALLOCATE|[33]|Bytes:5
11:49:41.0 (10999814)|HEAP_ALLOCATE|[33]|Bytes:11
11:49:41.0 (11023477)|METHOD_ENTRY|[1]|01p50000002CIEj|ETLC_ApexBridge_Abstract.ETLC_ApexBridge_Abstract()
11:49:41.0 (11028141)|STATEMENT_EXECUTE|[1]
11:49:41.0 (11031890)|STATEMENT_EXECUTE|[1]
11:49:41.0 (11044221)|METHOD_EXIT|[1]|ETLC_ApexBridge_Abstract
11:49:41.0 (11053415)|CONSTRUCTOR_ENTRY|[EXTERNAL]|01p50000002CIEj|<init>()
11:49:41.0 (11073274)|VARIABLE_SCOPE_BEGIN|[1]|this|ETLC_ApexBridge_Abstract|true|false
11:49:41.0 (11090063)|VARIABLE_ASSIGNMENT|[1]|this|{}|0x3b5a8bb5
11:49:41.0 (11106111)|STATEMENT_EXECUTE|[1]
11:49:41.0 (11110757)|CONSTRUCTOR_EXIT|[EXTERNAL]|01p50000002CIEj|<init>()
11:49:41.0 (11115886)|STATEMENT_EXECUTE|[1]
11:49:41.0 (11120781)|HEAP_ALLOCATE|[33]|Bytes:5
11:49:41.0 (11138499)|METHOD_EXIT|[8]||System.Type.newInstance()
11:49:41.0 (11146881)|VARIABLE_SCOPE_BEGIN|[8]|executor|ETLC_ApexBridge_Abstract|true|false
11:49:41.0 (11160587)|VARIABLE_ASSIGNMENT|[8]|executor|{}|0x3b5a8bb5
11:49:41.0 (11163269)|STATEMENT_EXECUTE|[9]
11:49:41.0 (11203513)|METHOD_ENTRY|[9]|01p50000002D8iw|BFFFollow_Controller.process(ETLC_ApexBridge_Data)
11:49:41.0 (11230231)|VARIABLE_SCOPE_BEGIN|[3]|this|BFFFollow_Controller|true|false
11:49:41.0 (11244990)|VARIABLE_ASSIGNMENT|[3]|this|{}|0x3b5a8bb5
11:49:41.0 (11249815)|VARIABLE_SCOPE_BEGIN|[3]|data|ETLC_ApexBridge_Data|true|false
11:49:41.0 (11284419)|VARIABLE_ASSIGNMENT|[3]|data|{"debug":true,"input":"{\"mode\":\"fetchFollow (9 more) ...","operation":"BFFFollow_Controller"}|0x74e064f3
11:49:41.0 (11295360)|HEAP_ALLOCATE|[4]|Bytes:5
11:49:41.0 (11299309)|STATEMENT_EXECUTE|[3]
11:49:41.0 (11300489)|STATEMENT_EXECUTE|[4]
11:49:41.0 (11381433)|VARIABLE_ASSIGNMENT|[EXTERNAL]|this|{"debug":true,"input":"{\"mode\":\"fetchFollow (9 more) ...","operation":"BFFFollow_Controller"}|0x74e064f3
11:49:41.0 (11405444)|VARIABLE_ASSIGNMENT|[4]|BFFFollow_Controller.debugFlag|true
11:49:41.0 (11441743)|VARIABLE_ASSIGNMENT|[EXTERNAL]|this|{"debug":true,"input":"{\"mode\":\"fetchFollow (9 more) ...","operation":"BFFFollow_Controller"}|0x74e064f3
11:49:41.0 (11455255)|STATEMENT_EXECUTE|[5]
11:49:41.0 (11464593)|HEAP_ALLOCATE|[5]|Bytes:12
11:49:41.0 (11507338)|HEAP_ALLOCATE|[5]|Bytes:177
11:49:41.0 (11527027)|HEAP_ALLOCATE|[5]|Bytes:189
11:49:41.0 (11540249)|USER_DEBUG|[5]|DEBUG|data BEFORE:ETLC_ApexBridge_Data:[debug=true, input={"mode":"fetchFollowedUsers"}, isSuccess=null, messages=null, operation=BFFFollow_Controller, output=null, outputFlag=null, records=null]
11:49:41.0 (11547008)|STATEMENT_EXECUTE|[7]
11:49:41.0 (11554073)|HEAP_ALLOCATE|[7]|Bytes:4
11:49:41.0 (11579684)|METHOD_ENTRY|[7]|01p50000002CIEo|ETLC_ApexBridge_Data.getInputValue(String)
11:49:41.0 (11605625)|VARIABLE_SCOPE_BEGIN|[52]|this|ETLC_ApexBridge_Data|true|false
11:49:41.0 (11632412)|VARIABLE_ASSIGNMENT|[52]|this|{"debug":true,"input":"{\"mode\":\"fetchFollow (9 more) ...","operation":"BFFFollow_Controller"}|0x74e064f3
11:49:41.0 (11639800)|VARIABLE_SCOPE_BEGIN|[52]|key|String|false|false
11:49:41.0 (11643717)|VARIABLE_ASSIGNMENT|[52]|key|"mode"
11:49:41.0 (11648122)|STATEMENT_EXECUTE|[52]
11:49:41.0 (11649472)|STATEMENT_EXECUTE|[53]
11:49:41.0 (11701488)|VARIABLE_ASSIGNMENT|[EXTERNAL]|this|{"debug":true,"input":"{\"mode\":\"fetchFollow (9 more) ...","operation":"BFFFollow_Controller"}|0x74e064f3
11:49:41.0 (11725111)|METHOD_ENTRY|[53]||System.JSON.deserializeUntyped(String)
11:49:41.0 (11940121)|METHOD_EXIT|[53]||System.JSON.deserializeUntyped(String)
11:49:41.0 (11949565)|VARIABLE_SCOPE_BEGIN|[53]|inputMap|Map<String,ANY>|true|false
11:49:41.0 (11974222)|VARIABLE_ASSIGNMENT|[53]|inputMap|{"s":1,"v":{"mode":"fetchFollowedUsers"}}|0x17ee0e6
11:49:41.0 (11977721)|STATEMENT_EXECUTE|[54]
11:49:41.0 (12022106)|METHOD_EXIT|[7]|01p50000002CIEo|ETLC_ApexBridge_Data.getInputValue(String)
11:49:41.0 (12029994)|VARIABLE_SCOPE_BEGIN|[7]|mode|String|false|false
11:49:41.0 (12036953)|VARIABLE_ASSIGNMENT|[7]|mode|"fetchFollowedUsers"
11:49:41.0 (12046250)|HEAP_ALLOCATE|[9]|Bytes:19
11:49:41.0 (12068800)|HEAP_ALLOCATE|[11]|Bytes:18
11:49:41.0 (12085082)|STATEMENT_EXECUTE|[11]
11:49:41.0 (12086730)|STATEMENT_EXECUTE|[12]
11:49:41.0 (12129971)|HEAP_ALLOCATE|[12]|Bytes:85
11:49:41.0 (12144887)|SYSTEM_METHOD_ENTRY|[1]|UserInfo.UserInfo()
11:49:41.0 (12148043)|STATEMENT_EXECUTE|[1]
11:49:41.0 (12155501)|SYSTEM_METHOD_EXIT|[1]|UserInfo
11:49:41.0 (12167838)|METHOD_ENTRY|[12]||System.UserInfo.getUserId()
11:49:41.0 (12201722)|METHOD_EXIT|[12]||System.UserInfo.getUserId()
11:49:41.0 (12216252)|HEAP_ALLOCATE|[12]|Bytes:4
11:49:41.0 (12231739)|METHOD_ENTRY|[12]|01p50000002D8iw|BFFFollow_Controller.fetchFollowedUsers(Id)
11:49:41.0 (12240466)|VARIABLE_SCOPE_BEGIN|[41]|this|BFFFollow_Controller|true|false
11:49:41.0 (12255827)|VARIABLE_ASSIGNMENT|[41]|this|{}|0x3b5a8bb5
11:49:41.0 (12263847)|VARIABLE_SCOPE_BEGIN|[41]|followedById|Id|false|false
11:49:41.0 (12349405)|VARIABLE_ASSIGNMENT|[41]|followedById|"00550000005cg71AAA"
11:49:41.0 (12361445)|HEAP_ALLOCATE|[42]|Bytes:5
11:49:41.0 (12365408)|STATEMENT_EXECUTE|[41]
11:49:41.0 (12366600)|STATEMENT_EXECUTE|[42]
11:49:41.0 (12374771)|HEAP_ALLOCATE|[42]|Bytes:63
11:49:41.0 (12411033)|HEAP_ALLOCATE|[42]|Bytes:18
11:49:41.0 (12425160)|HEAP_ALLOCATE|[42]|Bytes:9
11:49:41.0 (12434782)|HEAP_ALLOCATE|[42]|Bytes:90
11:49:41.0 (12439888)|VARIABLE_SCOPE_BEGIN|[42]|soql|String|false|false
11:49:41.0 (12448581)|VARIABLE_ASSIGNMENT|[42]|soql|"SELECT FollowedUsers (70 more) ..."
11:49:41.0 (12451368)|STATEMENT_EXECUTE|[43]
11:49:41.0 (12452407)|STATEMENT_EXECUTE|[43]
11:49:41.0 (12457508)|STATEMENT_EXECUTE|[44]
11:49:41.0 (12458653)|STATEMENT_EXECUTE|[44]
11:49:41.0 (12465950)|HEAP_ALLOCATE|[44]|Bytes:24
11:49:41.0 (12475386)|HEAP_ALLOCATE|[44]|Bytes:114
11:49:41.0 (12501135)|USER_DEBUG|[44]|DEBUG|fetchFollowedUsers:soql:SELECT FollowedUsers__c FROM BFFFollow__c WHERE FollowedBy__c='00550000005cg71AAA' limit 1
11:49:41.0 (12508561)|STATEMENT_EXECUTE|[45]
11:49:41.0 (19015038)|HEAP_ALLOCATE|[45]|Bytes:9
11:49:41.0 (19041601)|HEAP_ALLOCATE|[45]|Bytes:29
11:49:41.0 (19049941)|HEAP_ALLOCATE|[45]|Bytes:21
11:49:41.0 (19086667)|METHOD_ENTRY|[7]|01p50000002CIEt|ETLC_SecuredDB.ETLC_SecuredDB()
11:49:41.0 (19092795)|STATEMENT_EXECUTE|[7]
11:49:41.0 (19099507)|STATEMENT_EXECUTE|[7]
11:49:41.0 (19110380)|HEAP_ALLOCATE|[45]|Bytes:5
11:49:41.0 (19124918)|METHOD_EXIT|[7]|ETLC_SecuredDB
11:49:41.0 (19163603)|METHOD_ENTRY|[45]|01p50000002CIEt|ETLC_SecuredDB.query(String)
11:49:41.0 (19201106)|VARIABLE_SCOPE_BEGIN|[10]|SOQL|String|false|false
11:49:41.0 (19220705)|VARIABLE_ASSIGNMENT|[10]|SOQL|"SELECT FollowedUsers (70 more) ..."
11:49:41.0 (19235944)|HEAP_ALLOCATE|[12]|Bytes:5
11:49:41.0 (19242047)|STATEMENT_EXECUTE|[10]
11:49:41.0 (19243748)|STATEMENT_EXECUTE|[12]
11:49:41.0 (32522126)|SOQL_EXECUTE_BEGIN|[12]|Aggregations:0|SELECT FollowedUsers__c FROM BFFFollow__c WHERE FollowedBy__c='00550000005cg71AAA' limit 1
11:49:41.0 (37132100)|SOQL_EXECUTE_END|[12]|Rows:1
11:49:41.0 (37159317)|HEAP_ALLOCATE|[12]|Bytes:8
11:49:41.0 (37170810)|HEAP_ALLOCATE|[12]|Bytes:158
11:49:41.0 (37294277)|HEAP_ALLOCATE|[12]|Bytes:8
11:49:41.0 (37325833)|VARIABLE_SCOPE_BEGIN|[12]|dbRecords|List<SObject>|true|false
11:49:41.0 (37387597)|VARIABLE_ASSIGNMENT|[12]|dbRecords|{"s":1,"v":[{"s":2,"v":{"FollowedUsers__c":"[{\"id\":\"00550000005d (85 more) ...","Id":"a005000000ezW4dAAE"}}]}|0x55d2bfc0
11:49:41.0 (37394687)|STATEMENT_EXECUTE|[20]
11:49:41.0 (37819990)|HEAP_ALLOCATE|[20]|Bytes:12
11:49:41.0 (37831610)|HEAP_ALLOCATE|[20]|Bytes:8
11:49:41.0 (37914217)|HEAP_ALLOCATE|[20]|Bytes:12
11:49:41.0 (37919832)|HEAP_ALLOCATE|[20]|Bytes:9
11:49:41.0 (37933460)|HEAP_ALLOCATE|[20]|Bytes:12
11:49:41.0 (37936910)|HEAP_ALLOCATE|[20]|Bytes:8
11:49:41.0 (37947851)|HEAP_ALLOCATE|[20]|Bytes:12
11:49:41.0 (37951035)|HEAP_ALLOCATE|[20]|Bytes:8
11:49:41.0 (37964659)|HEAP_ALLOCATE|[20]|Bytes:12
11:49:41.0 (37967876)|HEAP_ALLOCATE|[20]|Bytes:9
11:49:41.0 (38009174)|METHOD_ENTRY|[20]|01p50000002CIEt|ETLC_SecuredDB.findFields(List<SObject>)
11:49:41.0 (38048786)|VARIABLE_SCOPE_BEGIN|[108]|dbRecords|List<SObject>|true|false
11:49:41.0 (38074609)|VARIABLE_ASSIGNMENT|[108]|dbRecords|{"s":1,"v":[{"s":2,"v":{"FollowedUsers__c":"[{\"id\":\"00550000005d (85 more) ...","Id":"a005000000ezW4dAAE"}}]}|0x55d2bfc0
11:49:41.0 (38094013)|HEAP_ALLOCATE|[109]|Bytes:5
11:49:41.0 (38098638)|STATEMENT_EXECUTE|[108]
11:49:41.0 (38100241)|STATEMENT_EXECUTE|[109]
11:49:41.0 (38112387)|VARIABLE_SCOPE_BEGIN|[109]|strJSON|String|false|false
11:49:41.0 (38119627)|VARIABLE_ASSIGNMENT|[109]|strJSON|null
11:49:41.0 (38121706)|STATEMENT_EXECUTE|[110]
11:49:41.0 (38128088)|VARIABLE_SCOPE_BEGIN|[110]|mapFields|Map<String,Set<String>>|true|false
11:49:41.0 (38133268)|VARIABLE_ASSIGNMENT|[110]|mapFields|null|
11:49:41.0 (38135120)|STATEMENT_EXECUTE|[112]
11:49:41.0 (38153460)|METHOD_ENTRY|[112]||System.JSON.serialize(Object)
11:49:41.0 (38664015)|METHOD_EXIT|[112]||System.JSON.serialize(Object)
11:49:41.0 (38680001)|VARIABLE_ASSIGNMENT|[112]|strJSON|"[{\"attributes\":{\"typ (259 more) ..."
11:49:41.0 (38683306)|STATEMENT_EXECUTE|[113]
11:49:41.0 (38692259)|HEAP_ALLOCATE|[113]|Bytes:5
11:49:41.0 (38708421)|HEAP_ALLOCATE|[113]|Bytes:284
11:49:41.0 (38748871)|USER_DEBUG|[113]|DEBUG|JSON:[{"attributes":{"type":"BFFFollow__c","url":"/services/data/v37.0/sobjects/BFFFollow__c/a005000000ezW4dAAE"},"FollowedUsers__c":"[{\"id\":\"00550000005d7KnAAI\",\"name\":\"Test User\"},{\"id\":\"00550000005cg71AAA\",\"name\":\"Jaswinder Rattanpal\"}]","Id":"a005000000ezW4dAAE"}]
11:49:41.0 (38758574)|STATEMENT_EXECUTE|[114]
11:49:41.0 (38769541)|HEAP_ALLOCATE|[114]|Bytes:4
11:49:41.0 (38800340)|VARIABLE_ASSIGNMENT|[114]|mapFields|{"s":1,"v":{}}|0xa29043c
11:49:41.0 (38803291)|STATEMENT_EXECUTE|[115]
11:49:41.0 (38817620)|METHOD_ENTRY|[115]||System.JSON.deserializeUntyped(String)
11:49:41.0 (39181600)|METHOD_EXIT|[115]||System.JSON.deserializeUntyped(String)
11:49:41.0 (39193523)|VARIABLE_SCOPE_BEGIN|[115]|records|List<ANY>|true|false
11:49:41.0 (39222716)|HEAP_ALLOCATE|[EXTERNAL]|Bytes:8
11:49:41.0 (39246169)|VARIABLE_ASSIGNMENT|[115]|records|{"s":1,"v":[{"s":2,"v":{"attributes":{"s":3,"v":{"type":"BFFFollow__c","url":"/services/data/v37.0 (41 more) ..."}},"FollowedUsers__c":"[{\"id\":\"00550000005d (85 more) ...","Id":"a005000000ezW4dAAE"}}]}|0x52e142e9
11:49:41.0 (39294838)|HEAP_ALLOCATE|[116]|Bytes:5
11:49:41.0 (39356402)|HEAP_ALLOCATE|[116]|Bytes:16
11:49:41.0 (39368498)|VARIABLE_SCOPE_BEGIN|[116]|record|Object|false|false
11:49:41.0 (39391840)|VARIABLE_ASSIGNMENT|[116]|record|{"s":1,"v":{"attributes":{"s":2,"v":{"type":"BFFFollow__c","url":"/services/data/v37.0 (41 more) ..."}},"FollowedUsers__c":"[{\"id\":\"00550000005d (85 more) ...","Id":"a005000000ezW4dAAE"}}
11:49:41.0 (39396505)|STATEMENT_EXECUTE|[116]
11:49:41.0 (39397608)|STATEMENT_EXECUTE|[117]
11:49:41.0 (39422552)|METHOD_ENTRY|[117]|01p50000002CIEt|ETLC_SecuredDB.findFieldsRecursive(Map<String,Set<String>>, Map<String,ANY>)
11:49:41.0 (39448672)|VARIABLE_SCOPE_BEGIN|[124]|mapFields|Map<String,Set<String>>|true|false
11:49:41.0 (39461131)|VARIABLE_ASSIGNMENT|[124]|mapFields|{"s":1,"v":{}}|0xa29043c
11:49:41.0 (39465993)|VARIABLE_SCOPE_BEGIN|[124]|record|Map<String,ANY>|true|false
11:49:41.0 (39478580)|VARIABLE_ASSIGNMENT|[124]|record|{"s":1,"v":{"attributes":{"s":2,"v":{"type":"BFFFollow__c","url":"/services/data/v37.0 (41 more) ..."}},"FollowedUsers__c":"[{\"id\":\"00550000005d (85 more) ...","Id":"a005000000ezW4dAAE"}}|0x4d381efa
11:49:41.0 (39488824)|HEAP_ALLOCATE|[125]|Bytes:5
11:49:41.0 (39493177)|STATEMENT_EXECUTE|[124]
11:49:41.0 (39494496)|STATEMENT_EXECUTE|[125]
11:49:41.0 (39501386)|HEAP_ALLOCATE|[125]|Bytes:10
11:49:41.0 (39506368)|VARIABLE_SCOPE_BEGIN|[125]|strAttributes|String|false|false
11:49:41.0 (39512391)|VARIABLE_ASSIGNMENT|[125]|strAttributes|"attributes"
11:49:41.0 (39514477)|STATEMENT_EXECUTE|[126]
11:49:41.0 (39519708)|HEAP_ALLOCATE|[126]|Bytes:7
11:49:41.0 (39523391)|VARIABLE_SCOPE_BEGIN|[126]|strRecord|String|false|false
11:49:41.0 (39527626)|VARIABLE_ASSIGNMENT|[126]|strRecord|"records"
11:49:41.0 (39564072)|STATEMENT_EXECUTE|[127]
11:49:41.0 (39566173)|STATEMENT_EXECUTE|[128]
11:49:41.0 (39600983)|VARIABLE_SCOPE_BEGIN|[128]|attributes|Map<String,ANY>|true|false
11:49:41.0 (39617840)|VARIABLE_ASSIGNMENT|[128]|attributes|{"s":1,"v":{"type":"BFFFollow__c","url":"/services/data/v37.0 (41 more) ..."}}|0x7e1be14a
11:49:41.0 (39621166)|STATEMENT_EXECUTE|[129]
11:49:41.0 (39628284)|HEAP_ALLOCATE|[129]|Bytes:4
11:49:41.0 (39660452)|VARIABLE_SCOPE_BEGIN|[129]|objectName|String|false|false
11:49:41.0 (39668314)|VARIABLE_ASSIGNMENT|[129]|objectName|"BFFFollow__c"
11:49:41.0 (39679420)|HEAP_ALLOCATE|[130]|Bytes:4
11:49:41.0 (39751395)|HEAP_ALLOCATE|[130]|Bytes:44
11:49:41.0 (39770555)|HEAP_ALLOCATE|[130]|Bytes:12
11:49:41.0 (39794511)|HEAP_ALLOCATE|[130]|Bytes:5
11:49:41.0 (39810476)|VARIABLE_SCOPE_BEGIN|[130]|fieldName|String|false|false
11:49:41.0 (39818606)|VARIABLE_ASSIGNMENT|[130]|fieldName|"attributes"
11:49:41.0 (39821601)|STATEMENT_EXECUTE|[130]
11:49:41.0 (39822731)|STATEMENT_EXECUTE|[131]
11:49:41.0 (39862764)|VARIABLE_SCOPE_BEGIN|[131]|field|Object|false|false
11:49:41.0 (39881248)|VARIABLE_ASSIGNMENT|[131]|field|{"s":1,"v":{"type":"BFFFollow__c","url":"/services/data/v37.0 (41 more) ..."}}
11:49:41.0 (39909417)|STATEMENT_EXECUTE|[132]
11:49:41.0 (39925322)|HEAP_ALLOCATE|[130]|Bytes:5
11:49:41.0 (39938092)|VARIABLE_SCOPE_BEGIN|[130]|fieldName|String|false|false
11:49:41.0 (39945189)|VARIABLE_ASSIGNMENT|[130]|fieldName|"FollowedUsers__c"
11:49:41.0 (39947975)|STATEMENT_EXECUTE|[130]
11:49:41.0 (39949014)|STATEMENT_EXECUTE|[131]
11:49:41.0 (39969218)|VARIABLE_SCOPE_BEGIN|[131]|field|Object|false|false
11:49:41.0 (39979569)|VARIABLE_ASSIGNMENT|[131]|field|"[{\"id\":\"00550000005d (85 more) ..."
11:49:41.0 (39991317)|HEAP_ALLOCATE|[134]|Bytes:68
11:49:41.0 (40015882)|STATEMENT_EXECUTE|[136]
11:49:41.0 (40018586)|STATEMENT_EXECUTE|[137]
11:49:41.0 (40028762)|HEAP_ALLOCATE|[137]|Bytes:4
11:49:41.0 (40066803)|VARIABLE_SCOPE_BEGIN|[137]|fieldNames|Set<String>|true|false
11:49:41.0 (40093199)|VARIABLE_ASSIGNMENT|[137]|fieldNames|{"s":1,"v":[]}|0x647ff938
11:49:41.0 (40126287)|STATEMENT_EXECUTE|[138]
11:49:41.0 (40132292)|STATEMENT_EXECUTE|[139]
11:49:41.0 (40164306)|HEAP_ALLOCATE|[EXTERNAL]|Bytes:4
11:49:41.0 (40172910)|STATEMENT_EXECUTE|[140]
11:49:41.0 (40201969)|HEAP_ALLOCATE|[EXTERNAL]|Bytes:-4
11:49:41.0 (40216018)|HEAP_ALLOCATE|[130]|Bytes:5
11:49:41.0 (40229005)|VARIABLE_SCOPE_BEGIN|[130]|fieldName|String|false|false
11:49:41.0 (40236007)|VARIABLE_ASSIGNMENT|[130]|fieldName|"Id"
11:49:41.0 (40238913)|STATEMENT_EXECUTE|[130]
11:49:41.0 (40240037)|STATEMENT_EXECUTE|[131]
11:49:41.0 (40259853)|VARIABLE_SCOPE_BEGIN|[131]|field|Object|false|false
11:49:41.0 (40268344)|VARIABLE_ASSIGNMENT|[131]|field|"a005000000ezW4dAAE"
11:49:41.0 (40285109)|STATEMENT_EXECUTE|[136]
11:49:41.0 (40286715)|STATEMENT_EXECUTE|[137]
11:49:41.0 (40294059)|HEAP_ALLOCATE|[137]|Bytes:4
11:49:41.0 (40305660)|VARIABLE_SCOPE_BEGIN|[137]|fieldNames|Set<String>|true|false
11:49:41.0 (40322029)|VARIABLE_ASSIGNMENT|[137]|fieldNames|{"s":1,"v":[]}|0x693de483
11:49:41.0 (40335467)|STATEMENT_EXECUTE|[138]
11:49:41.0 (40362211)|VARIABLE_ASSIGNMENT|[138]|fieldNames|{"s":1,"v":["FollowedUsers__c"]}|0x647ff938
11:49:41.0 (40365901)|STATEMENT_EXECUTE|[139]
11:49:41.0 (40378392)|HEAP_ALLOCATE|[EXTERNAL]|Bytes:4
11:49:41.0 (40385031)|STATEMENT_EXECUTE|[140]
11:49:41.0 (40406287)|HEAP_ALLOCATE|[130]|Bytes:5
11:49:41.0 (40417673)|VARIABLE_ASSIGNMENT|[130]|fieldName|null
11:49:41.0 (40432951)|METHOD_EXIT|[117]|01p50000002CIEt|ETLC_SecuredDB.findFieldsRecursive(Map<String,Set<String>>, Map<String,ANY>)
11:49:41.0 (40442887)|HEAP_ALLOCATE|[116]|Bytes:5
11:49:41.0 (40457883)|VARIABLE_ASSIGNMENT|[116]|record|null
11:49:41.0 (40464212)|HEAP_ALLOCATE|[119]|Bytes:4
11:49:41.0 (40496717)|HEAP_ALLOCATE|[119]|Bytes:20
11:49:41.0 (40509321)|HEAP_ALLOCATE|[119]|Bytes:4
11:49:41.0 (40527106)|HEAP_ALLOCATE|[119]|Bytes:5
11:49:41.0 (40540130)|VARIABLE_SCOPE_BEGIN|[119]|objectName|String|false|false
11:49:41.0 (40547551)|VARIABLE_ASSIGNMENT|[119]|objectName|"BFFFollow__c"
11:49:41.0 (40550320)|STATEMENT_EXECUTE|[119]
11:49:41.0 (40551561)|STATEMENT_EXECUTE|[120]
11:49:41.0 (40558857)|HEAP_ALLOCATE|[120]|Bytes:2
11:49:41.0 (40613914)|HEAP_ALLOCATE|[120]|Bytes:22
11:49:41.0 (40628674)|HEAP_ALLOCATE|[120]|Bytes:36
11:49:41.0 (40639926)|USER_DEBUG|[120]|DEBUG|BFFFollow__c: {FollowedUsers__c, Id}
11:49:41.0 (40651301)|HEAP_ALLOCATE|[119]|Bytes:5
11:49:41.0 (40662350)|VARIABLE_ASSIGNMENT|[119]|objectName|null
11:49:41.0 (40665749)|STATEMENT_EXECUTE|[122]
11:49:41.0 (40679130)|METHOD_EXIT|[20]|01p50000002CIEt|ETLC_SecuredDB.findFields(List<SObject>)
11:49:41.0 (40697380)|METHOD_ENTRY|[20]|01p50000002CIEt|ETLC_SecuredDB.validate(ETLC_SecuredDB.Operation, Map<String,Set<String>>)
11:49:41.0 (40706524)|VARIABLE_SCOPE_BEGIN|[55]|op|ETLC_SecuredDB.Operation|true|false
11:49:41.0 (40725936)|VARIABLE_ASSIGNMENT|[55]|op|"Querying"|0x7c7a9995
11:49:41.0 (40730574)|VARIABLE_SCOPE_BEGIN|[55]|mapFieldNames|Map<String,Set<String>>|true|false
11:49:41.0 (40745746)|VARIABLE_ASSIGNMENT|[55]|mapFieldNames|{"s":1,"v":{"BFFFollow__c":{"s":2,"v":["FollowedUsers__c","Id"]}}}|0xa29043c
11:49:41.0 (40755037)|HEAP_ALLOCATE|[56]|Bytes:5
11:49:41.0 (40759046)|STATEMENT_EXECUTE|[55]
11:49:41.0 (40760441)|STATEMENT_EXECUTE|[56]
11:49:41.0 (40767878)|VARIABLE_SCOPE_BEGIN|[56]|securityMessage|String|false|false
11:49:41.0 (40772927)|VARIABLE_ASSIGNMENT|[56]|securityMessage|null
11:49:41.0 (40774847)|STATEMENT_EXECUTE|[57]
11:49:41.0 (58953389)|HEAP_ALLOCATE|[57]|Bytes:1440
11:49:41.0 (58989139)|VARIABLE_SCOPE_BEGIN|[57]|mapObjects|Map<String,Schema.SObjectType>|true|false
11:49:41.0 (59271950)|VARIABLE_ASSIGNMENT|[57]|mapObjects|"{acceptedeventrelation=AcceptedEventRelation, account=Account, accountcontactrole=AccountContactRole, accountfeed=AccountFeed, accounthistory=AccountHistory, accountpartner=AccountPartner, accountshare=AccountShare, actionlinkgrouptemplate=ActionLinkGroupTemplate, actionlinktemplate=ActionLinkTemplate, activityhistory=ActivityHistory, ...}"|0x67d7191b
11:49:41.0 (59290587)|HEAP_ALLOCATE|[58]|Bytes:4
11:49:41.0 (59365882)|HEAP_ALLOCATE|[58]|Bytes:20
11:49:41.0 (59386452)|HEAP_ALLOCATE|[58]|Bytes:4
11:49:41.0 (59418983)|HEAP_ALLOCATE|[58]|Bytes:5
11:49:41.0 (59439468)|VARIABLE_SCOPE_BEGIN|[58]|sObjectName|String|false|false
11:49:41.0 (59450661)|VARIABLE_ASSIGNMENT|[58]|sObjectName|"BFFFollow__c"
11:49:41.0 (59455018)|STATEMENT_EXECUTE|[58]
11:49:41.0 (59456676)|STATEMENT_EXECUTE|[59]
11:49:41.0 (59476006)|HEAP_ALLOCATE|[59]|Bytes:9
11:49:41.0 (59481332)|HEAP_ALLOCATE|[59]|Bytes:7
11:49:41.0 (59544058)|HEAP_ALLOCATE|[59]|Bytes:8
11:49:41.0 (59555423)|HEAP_ALLOCATE|[59]|Bytes:1
11:49:41.0 (59571480)|HEAP_ALLOCATE|[59]|Bytes:37
11:49:41.0 (59581704)|VARIABLE_ASSIGNMENT|[59]|securityMessage|"CRUD on [BFFFollow__ (17 more) ..."
11:49:41.0 (59584755)|STATEMENT_EXECUTE|[60]
11:49:41.0 (59592597)|HEAP_ALLOCATE|[60]|Bytes:10
11:49:41.0 (59600253)|HEAP_ALLOCATE|[60]|Bytes:47
11:49:41.0 (59637593)|USER_DEBUG|[60]|DEBUG|Checking: CRUD on [BFFFollow__c] for [Querying]
11:49:41.0 (59645454)|STATEMENT_EXECUTE|[61]
11:49:41.0 (59958079)|HEAP_ALLOCATE|[61]|Bytes:4
11:49:41.0 (60006418)|VARIABLE_SCOPE_BEGIN|[61]|drSObj|Schema.DescribeSObjectResult|true|false
11:49:41.0 (60095167)|VARIABLE_ASSIGNMENT|[61]|drSObj|"common.api.soap.wsdl.DescribeSObjectResult@a54f9caa"|0x12991c24
11:49:41.0 (60270756)|STATEMENT_EXECUTE|[64]
11:49:41.0 (60298172)|STATEMENT_EXECUTE|[65]
11:49:41.0 (60355962)|STATEMENT_EXECUTE|[77]
11:49:41.0 (60358505)|STATEMENT_EXECUTE|[79]
11:49:41.0 (60781288)|HEAP_ALLOCATE|[79]|Bytes:56
11:49:41.0 (60793278)|VARIABLE_SCOPE_BEGIN|[79]|mapFields|Map<String,Schema.SObjectField>|true|false
11:49:41.0 (60952415)|VARIABLE_ASSIGNMENT|[79]|mapFields|"{createdbyid=CreatedById, createddate=CreatedDate, followedby__c=FollowedBy__c, followedusers__c=FollowedUsers__c, id=Id, isdeleted=IsDeleted, lastmodifiedbyid=LastModifiedById, lastmodifieddate=LastModifiedDate, lastreferenceddate=LastReferencedDate, lastvieweddate=LastViewedDate, ...}"|0x3d49a37c
11:49:41.0 (60962968)|HEAP_ALLOCATE|[80]|Bytes:4
11:49:41.0 (61008023)|HEAP_ALLOCATE|[80]|Bytes:8
11:49:41.0 (61029432)|HEAP_ALLOCATE|[80]|Bytes:5
11:49:41.0 (61043480)|VARIABLE_SCOPE_BEGIN|[80]|fieldName|String|false|false
11:49:41.0 (61052014)|VARIABLE_ASSIGNMENT|[80]|fieldName|"FollowedUsers__c"
11:49:41.0 (61055153)|STATEMENT_EXECUTE|[80]
11:49:41.0 (61056485)|STATEMENT_EXECUTE|[81]
11:49:41.0 (68944373)|HEAP_ALLOCATE|[81]|Bytes:8
11:49:41.0 (68984845)|VARIABLE_SCOPE_BEGIN|[81]|drField|Schema.DescribeFieldResult|true|false
11:49:41.0 (69054769)|VARIABLE_ASSIGNMENT|[81]|drField|"common.api.soap.wsdl.Field@44968ec3"|0x4ecd0dfd
11:49:41.0 (69085911)|STATEMENT_EXECUTE|[82]
11:49:41.0 (69088028)|STATEMENT_EXECUTE|[83]
11:49:41.0 (69097910)|HEAP_ALLOCATE|[83]|Bytes:8
11:49:41.0 (69102548)|HEAP_ALLOCATE|[83]|Bytes:1
11:49:41.0 (69144784)|HEAP_ALLOCATE|[83]|Bytes:8
11:49:41.0 (69167380)|HEAP_ALLOCATE|[83]|Bytes:52
11:49:41.0 (69173513)|HEAP_ALLOCATE|[83]|Bytes:53
11:49:41.0 (69183777)|VARIABLE_ASSIGNMENT|[83]|securityMessage|"FLS on [BFFFollow__c (33 more) ..."
11:49:41.0 (69186719)|STATEMENT_EXECUTE|[84]
11:49:41.0 (69196756)|HEAP_ALLOCATE|[84]|Bytes:63
11:49:41.0 (69222579)|USER_DEBUG|[84]|DEBUG|Checking: FLS on [BFFFollow__c.FollowedUsers__c] for [Querying]
11:49:41.0 (69319548)|STATEMENT_EXECUTE|[87]
11:49:41.0 (69336295)|STATEMENT_EXECUTE|[88]
11:49:41.0 (69354050)|HEAP_ALLOCATE|[80]|Bytes:5
11:49:41.0 (69368287)|VARIABLE_SCOPE_BEGIN|[80]|fieldName|String|false|false
11:49:41.0 (69376360)|VARIABLE_ASSIGNMENT|[80]|fieldName|"Id"
11:49:41.0 (69378980)|STATEMENT_EXECUTE|[80]
11:49:41.0 (69380019)|STATEMENT_EXECUTE|[81]
11:49:41.0 (69537319)|HEAP_ALLOCATE|[81]|Bytes:8
11:49:41.0 (69548684)|VARIABLE_SCOPE_BEGIN|[81]|drField|Schema.DescribeFieldResult|true|false
11:49:41.0 (69609615)|VARIABLE_ASSIGNMENT|[81]|drField|"common.api.soap.wsdl.Field@602798c3"|0x5324539
11:49:41.0 (69622402)|STATEMENT_EXECUTE|[99]
11:49:41.0 (69623888)|STATEMENT_EXECUTE|[100]
11:49:41.0 (69632467)|HEAP_ALLOCATE|[100]|Bytes:22
11:49:41.0 (69671498)|HEAP_ALLOCATE|[100]|Bytes:8
11:49:41.0 (69686031)|HEAP_ALLOCATE|[100]|Bytes:52
11:49:41.0 (69690620)|HEAP_ALLOCATE|[100]|Bytes:35
11:49:41.0 (69694929)|HEAP_ALLOCATE|[100]|Bytes:87
11:49:41.0 (69705572)|USER_DEBUG|[100]|DEBUG|Bypass Check: FLS on [BFFFollow__c.Id] for [Querying] since it's not isPermissionable()
11:49:41.0 (69718691)|HEAP_ALLOCATE|[80]|Bytes:5
11:49:41.0 (69731902)|VARIABLE_ASSIGNMENT|[80]|fieldName|null
11:49:41.0 (69741159)|HEAP_ALLOCATE|[58]|Bytes:5
11:49:41.0 (69750032)|VARIABLE_ASSIGNMENT|[58]|sObjectName|null
11:49:41.0 (69766793)|METHOD_EXIT|[20]|01p50000002CIEt|ETLC_SecuredDB.validate(ETLC_SecuredDB.Operation, Map<String,Set<String>>)
11:49:41.0 (69771257)|STATEMENT_EXECUTE|[21]
11:49:41.0 (69784353)|METHOD_EXIT|[45]|01p50000002CIEt|ETLC_SecuredDB.query(String)
11:49:41.0 (69790888)|VARIABLE_SCOPE_BEGIN|[45]|dbRecords|List<SObject>|true|false
11:49:41.0 (69832814)|VARIABLE_ASSIGNMENT|[45]|dbRecords|{"s":1,"v":[{"s":2,"v":{"FollowedUsers__c":"[{\"id\":\"00550000005d (85 more) ...","Id":"a005000000ezW4dAAE"}}]}|0x55d2bfc0
11:49:41.0 (69841548)|STATEMENT_EXECUTE|[46]
11:49:41.0 (69843092)|STATEMENT_EXECUTE|[46]
11:49:41.0 (69915841)|USER_DEBUG|[46]|DEBUG|(BFFFollow__c:{FollowedUsers__c=[{"id":"00550000005d7KnAAI","name":"Test User"},{"id":"00550000005cg71AAA","name":"Jaswinder Rattanpal"}], Id=a005000000ezW4dAAE})
11:49:41.0 (70025745)|STATEMENT_EXECUTE|[47]
11:49:41.0 (70032107)|STATEMENT_EXECUTE|[48]
11:49:41.0 (70033284)|STATEMENT_EXECUTE|[49]
11:49:41.0 (70041363)|HEAP_ALLOCATE|[49]|Bytes:18
11:49:41.0 (70055952)|HEAP_ALLOCATE|[49]|Bytes:12
11:49:41.0 (70063422)|HEAP_ALLOCATE|[49]|Bytes:16
11:49:41.0 (70137219)|HEAP_ALLOCATE|[49]|Bytes:105
11:49:41.0 (70158049)|HEAP_ALLOCATE|[49]|Bytes:105
11:49:41.0 (70167846)|HEAP_ALLOCATE|[49]|Bytes:123
11:49:41.0 (70178466)|USER_DEBUG|[49]|DEBUG|FollowedUsers__c::[{"id":"00550000005d7KnAAI","name":"Test User"},{"id":"00550000005cg71AAA","name":"Jaswinder Rattanpal"}]
11:49:41.0 (70184519)|STATEMENT_EXECUTE|[51]
11:49:41.0 (70197902)|HEAP_ALLOCATE|[51]|Bytes:12
11:49:41.0 (70247213)|HEAP_ALLOCATE|[51]|Bytes:105
11:49:41.0 (70267008)|METHOD_EXIT|[12]|01p50000002D8iw|BFFFollow_Controller.fetchFollowedUsers(Id)
11:49:41.0 (70349865)|VARIABLE_ASSIGNMENT|[EXTERNAL]|this|{"debug":true,"input":"{\"mode\":\"fetchFollow (9 more) ...","operation":"BFFFollow_Controller"}|0x74e064f3
11:49:41.0 (70362060)|VARIABLE_ASSIGNMENT|[EXTERNAL]|value|"[{\"id\":\"00550000005d (85 more) ..."
11:49:41.0 (70379067)|VARIABLE_ASSIGNMENT|[12]|this.output|"[{\"id\":\"00550000005d (85 more) ..."|0x74e064f3
11:49:41.0 (70386894)|STATEMENT_EXECUTE|[13]
11:49:41.0 (70446961)|VARIABLE_ASSIGNMENT|[EXTERNAL]|this|{"debug":true,"input":"{\"mode\":\"fetchFollow (9 more) ...","operation":"BFFFollow_Controller","output":"[{\"id\":\"00550000005d (85 more) ..."}|0x74e064f3
11:49:41.0 (70508420)|VARIABLE_ASSIGNMENT|[EXTERNAL]|this|{"debug":true,"input":"{\"mode\":\"fetchFollow (9 more) ...","operation":"BFFFollow_Controller","output":"[{\"id\":\"00550000005d (85 more) ..."}|0x74e064f3
11:49:41.0 (70518555)|VARIABLE_ASSIGNMENT|[EXTERNAL]|value|true
11:49:41.0 (70524035)|HEAP_ALLOCATE|[15]|Bytes:5
11:49:41.0 (70531699)|VARIABLE_ASSIGNMENT|[15]|this.outputFlag|true|0x74e064f3
11:49:41.0 (70542463)|STATEMENT_EXECUTE|[21]
11:49:41.0 (70543915)|STATEMENT_EXECUTE|[21]
11:49:41.0 (70551679)|HEAP_ALLOCATE|[21]|Bytes:11
11:49:41.0 (70612378)|HEAP_ALLOCATE|[21]|Bytes:278
11:49:41.0 (70628090)|HEAP_ALLOCATE|[21]|Bytes:289
11:49:41.0 (70639240)|USER_DEBUG|[21]|DEBUG|data AFTER:ETLC_ApexBridge_Data:[debug=true, input={"mode":"fetchFollowedUsers"}, isSuccess=null, messages=null, operation=BFFFollow_Controller, output=[{"id":"00550000005d7KnAAI","name":"Test User"},{"id":"00550000005cg71AAA","name":"Jaswinder Rattanpal"}], outputFlag=true, records=null]
11:49:41.0 (70657847)|METHOD_EXIT|[9]|01p50000002D8iw|BFFFollow_Controller.process(ETLC_ApexBridge_Data)
11:49:41.0 (70662554)|STATEMENT_EXECUTE|[24]
11:49:41.0 (70684516)|METHOD_ENTRY|[24]|01p50000002CIEo|ETLC_ApexBridge_Data.toJSON()
11:49:41.0 (70704288)|VARIABLE_SCOPE_BEGIN|[57]|this|ETLC_ApexBridge_Data|true|false
11:49:41.0 (70733487)|VARIABLE_ASSIGNMENT|[57]|this|{"debug":true,"input":"{\"mode\":\"fetchFollow (9 more) ...","operation":"BFFFollow_Controller","output":"[{\"id\":\"00550000005d (85 more) ...","outputFlag":true}|0x74e064f3
11:49:41.0 (70740930)|STATEMENT_EXECUTE|[57]
11:49:41.0 (70742132)|STATEMENT_EXECUTE|[58]
11:49:41.0 (70759455)|METHOD_ENTRY|[58]||System.JSON.serialize(Object)
11:49:41.0 (70855529)|STATEMENT_EXECUTE|[22]
11:49:41.0 (70860251)|STATEMENT_EXECUTE|[23]
11:49:41.0 (70869176)|HEAP_ALLOCATE|[23]|Bytes:5
11:49:41.0 (70878770)|VARIABLE_ASSIGNMENT|[23]|this.isSuccess|true|0x74e064f3
11:49:41.0 (70881162)|STATEMENT_EXECUTE|[24]
11:49:41.0 (70928650)|STATEMENT_EXECUTE|[31]
11:49:41.0 (70933097)|STATEMENT_EXECUTE|[32]
11:49:41.0 (70942845)|HEAP_ALLOCATE|[32]|Bytes:4
11:49:41.0 (71011167)|VARIABLE_ASSIGNMENT|[32]|this.messages|{"s":1,"v":{}}|0x74e064f3
11:49:41.0 (71016353)|STATEMENT_EXECUTE|[33]
11:49:41.0 (71365796)|METHOD_EXIT|[58]||System.JSON.serialize(Object)
11:49:41.0 (71372725)|METHOD_EXIT|[24]|01p50000002CIEo|ETLC_ApexBridge_Data.toJSON()
11:49:41.0 (71380654)|SYSTEM_MODE_EXIT|false
11:49:41.71 (71438517)|CUMULATIVE_LIMIT_USAGE
11:49:41.71 (71438517)|LIMIT_USAGE_FOR_NS|(default)|
  Number of SOQL queries: 1 out of 100
  Number of query rows: 1 out of 50000
  Number of SOSL queries: 0 out of 20
  Number of DML statements: 0 out of 150
  Number of DML rows: 0 out of 10000
  Maximum CPU time: 0 out of 10000
  Maximum heap size: 0 out of 6000000
  Number of callouts: 0 out of 100
  Number of Email Invocations: 0 out of 10
  Number of future calls: 0 out of 50
  Number of queueable jobs added to the queue: 0 out of 50
  Number of Mobile Apex push calls: 0 out of 10

11:49:41.71 (71438517)|CUMULATIVE_LIMIT_USAGE_END

11:49:41.0 (71496416)|CODE_UNIT_FINISHED|ETLC_ApexBridge_Controller.execute
