37.0 APEX_CODE,FINEST;APEX_PROFILING,INFO;CALLOUT,INFO;DB,INFO;SYSTEM,DEBUG;VALIDATION,INFO;VISUALFORCE,INFO;WORKFLOW,INFO
00:05:28.0 (313806)|USER_INFO|[EXTERNAL]|00550000005cg71|bfffollow@jr.te|Eastern Standard Time|GMT-04:00
00:05:28.0 (405278)|EXECUTION_STARTED
00:05:28.0 (432936)|CODE_UNIT_STARTED|[EXTERNAL]|aura
00:05:28.0 (1161349)|HEAP_ALLOCATE|[72]|Bytes:3
00:05:28.0 (1309159)|HEAP_ALLOCATE|[77]|Bytes:152
00:05:28.0 (1419076)|HEAP_ALLOCATE|[342]|Bytes:408
00:05:28.0 (1579883)|HEAP_ALLOCATE|[355]|Bytes:408
00:05:28.0 (1750319)|HEAP_ALLOCATE|[467]|Bytes:48
00:05:28.0 (1845404)|HEAP_ALLOCATE|[139]|Bytes:6
00:05:28.0 (1916725)|HEAP_ALLOCATE|[EXTERNAL]|Bytes:4
00:05:28.0 (1956166)|HEAP_ALLOCATE|[EXTERNAL]|Bytes:4
00:05:28.0 (2251239)|HEAP_ALLOCATE|[EXTERNAL]|Bytes:4
00:05:28.0 (2289422)|HEAP_ALLOCATE|[EXTERNAL]|Bytes:4
00:05:28.0 (3546172)|CODE_UNIT_STARTED|[EXTERNAL]|01p50000002D2uA|LookupSObjectController.lookup
00:05:28.0 (4062374)|HEAP_ALLOCATE|[EXTERNAL]|Bytes:6
00:05:28.0 (4088344)|HEAP_ALLOCATE|[EXTERNAL]|Bytes:2
00:05:28.0 (4125270)|METHOD_ENTRY|[11]|01p50000002D2uA|LookupSObjectController.LookupSObjectController()
00:05:28.0 (4141839)|STATEMENT_EXECUTE|[11]
00:05:28.0 (4175157)|STATEMENT_EXECUTE|[11]
00:05:28.0 (4240717)|HEAP_ALLOCATE|[50]|Bytes:5
00:05:28.0 (4315133)|HEAP_ALLOCATE|[56]|Bytes:5
00:05:28.0 (4359587)|HEAP_ALLOCATE|[64]|Bytes:7
00:05:28.0 (4482806)|SYSTEM_MODE_ENTER|false
00:05:28.0 (4532652)|HEAP_ALLOCATE|[EXTERNAL]|Bytes:5
00:05:28.0 (4567641)|STATEMENT_EXECUTE|[43]
00:05:28.0 (4588818)|SYSTEM_MODE_EXIT|false
00:05:28.0 (4617871)|METHOD_EXIT|[11]|LookupSObjectController
00:05:28.0 (4636554)|HEAP_ALLOCATE|[EXTERNAL]|Bytes:4
00:05:28.0 (4651111)|HEAP_ALLOCATE|[EXTERNAL]|Bytes:4
00:05:28.0 (4726922)|SYSTEM_MODE_ENTER|false
00:05:28.0 (4787238)|VARIABLE_SCOPE_BEGIN|[17]|searchString|String|false|false
00:05:28.0 (4857388)|VARIABLE_ASSIGNMENT|[17]|searchString|"Test"
00:05:28.0 (4884214)|VARIABLE_SCOPE_BEGIN|[17]|sObjectAPIName|String|false|false
00:05:28.0 (4911754)|VARIABLE_ASSIGNMENT|[17]|sObjectAPIName|"User"
00:05:28.0 (4964003)|HEAP_ALLOCATE|[20]|Bytes:5
00:05:28.0 (4986337)|STATEMENT_EXECUTE|[18]
00:05:28.0 (4998982)|STATEMENT_EXECUTE|[20]
00:05:28.0 (5182127)|HEAP_ALLOCATE|[20]|Bytes:4
00:05:28.0 (5240224)|VARIABLE_SCOPE_BEGIN|[20]|sanitizedSearchString|String|false|false
00:05:28.0 (5276249)|VARIABLE_ASSIGNMENT|[20]|sanitizedSearchString|"Test"
00:05:28.0 (5292635)|STATEMENT_EXECUTE|[21]
00:05:28.0 (5434577)|HEAP_ALLOCATE|[21]|Bytes:4
00:05:28.0 (5488351)|VARIABLE_SCOPE_BEGIN|[21]|sanitizedSObjectAPIName|String|false|false
00:05:28.0 (5524904)|VARIABLE_ASSIGNMENT|[21]|sanitizedSObjectAPIName|"User"
00:05:28.0 (5541633)|STATEMENT_EXECUTE|[23]
00:05:28.0 (5611958)|HEAP_ALLOCATE|[23]|Bytes:4
00:05:28.0 (5790686)|VARIABLE_SCOPE_BEGIN|[23]|results|List<LookupSObjectController.Result>|true|false
00:05:28.0 (5842397)|HEAP_ALLOCATE|[EXTERNAL]|Bytes:4
00:05:28.0 (6033251)|VARIABLE_ASSIGNMENT|[23]|results|{"s":1,"v":[]}|0x10e9c99a
00:05:28.0 (6054955)|STATEMENT_EXECUTE|[26]
00:05:28.0 (6149854)|HEAP_ALLOCATE|[26]|Bytes:6
00:05:28.0 (6173623)|HEAP_ALLOCATE|[26]|Bytes:27
00:05:28.0 (6191834)|HEAP_ALLOCATE|[26]|Bytes:18
00:05:28.0 (6225752)|HEAP_ALLOCATE|[26]|Bytes:59
00:05:28.0 (6255035)|VARIABLE_SCOPE_BEGIN|[26]|searchQuery|String|false|false
00:05:28.0 (6319661)|VARIABLE_ASSIGNMENT|[26]|searchQuery|"FIND 'Test*' IN ALL  (39 more) ..."
00:05:28.0 (6504642)|STATEMENT_EXECUTE|[29]
00:05:28.0 (8917898)|SOSL_EXECUTE_BEGIN|[29]|FIND 'Test*' IN ALL FIELDS RETURNING User(id,name) Limit 50
00:05:28.0 (52926742)|HEAP_ALLOCATE|[29]|Bytes:4
00:05:28.0 (52961715)|HEAP_ALLOCATE|[29]|Bytes:4
00:05:28.0 (52988527)|HEAP_ALLOCATE|[29]|Bytes:8
00:05:28.0 (53017004)|SOSL_EXECUTE_END|[29]|Rows:1
00:05:28.0 (53121443)|HEAP_ALLOCATE|[29]|Bytes:8
00:05:28.0 (53233801)|VARIABLE_SCOPE_BEGIN|[29]|searchList|List<List<SObject>>|true|false
00:05:28.0 (53829753)|VARIABLE_ASSIGNMENT|[29]|searchList|{"s":1,"v":[{"s":2,"v":[{"s":3,"v":{"Id":"00550000005d7KnAAI","Name":"Test User"}}]}]}|0x37e1bfe8
00:05:28.0 (54003487)|HEAP_ALLOCATE|[32]|Bytes:8
00:05:28.0 (54771164)|HEAP_ALLOCATE|[32]|Bytes:5
00:05:28.0 (54893197)|HEAP_ALLOCATE|[32]|Bytes:12
00:05:28.0 (54960250)|VARIABLE_SCOPE_BEGIN|[32]|so|SObject|true|false
00:05:28.0 (55013121)|VARIABLE_ASSIGNMENT|[32]|so|{"s":1,"v":{"Id":"00550000005d7KnAAI","Name":"Test User"}}|0x3de8f5dc
00:05:28.0 (55051845)|STATEMENT_EXECUTE|[33]
00:05:28.0 (55066544)|STATEMENT_EXECUTE|[34]
00:05:28.0 (55182827)|HEAP_ALLOCATE|[34]|Bytes:116
00:05:28.0 (55208075)|HEAP_ALLOCATE|[34]|Bytes:8
00:05:28.0 (55248349)|HEAP_ALLOCATE|[34]|Bytes:12
00:05:28.0 (55271892)|HEAP_ALLOCATE|[34]|Bytes:4
00:05:28.0 (55448962)|HEAP_ALLOCATE|[34]|Bytes:9
00:05:28.0 (55681466)|CONSTRUCTOR_ENTRY|[34]|01p50000002D2uA|<init>(String,Id)
00:05:28.0 (55757845)|VARIABLE_SCOPE_BEGIN|[48]|this|LookupSObjectController.Result|true|false
00:05:28.0 (55885875)|VARIABLE_ASSIGNMENT|[48]|this|{}|0x5075518
00:05:28.0 (55916315)|VARIABLE_SCOPE_BEGIN|[48]|sObjectLabel|String|false|false
00:05:28.0 (55945889)|VARIABLE_ASSIGNMENT|[48]|sObjectLabel|"Test User"
00:05:28.0 (55969603)|VARIABLE_SCOPE_BEGIN|[48]|sObjectId|Id|false|false
00:05:28.0 (56100470)|VARIABLE_ASSIGNMENT|[48]|sObjectId|"00550000005d7KnAAI"
00:05:28.0 (56123820)|STATEMENT_EXECUTE|[43]
00:05:28.0 (56136290)|STATEMENT_EXECUTE|[45]
00:05:28.0 (56165125)|STATEMENT_EXECUTE|[46]
00:05:28.0 (56202461)|HEAP_ALLOCATE|[50]|Bytes:6
00:05:28.0 (56300478)|STATEMENT_EXECUTE|[49]
00:05:28.0 (56315186)|STATEMENT_EXECUTE|[50]
00:05:28.0 (56503055)|VARIABLE_ASSIGNMENT|[EXTERNAL]|this|{}|0x5075518
00:05:28.0 (56545726)|VARIABLE_ASSIGNMENT|[EXTERNAL]|value|"Test User"
00:05:28.0 (56614531)|VARIABLE_ASSIGNMENT|[45]|this.SObjectLabel|"Test User"|0x5075518
00:05:28.0 (56651257)|STATEMENT_EXECUTE|[51]
00:05:28.0 (56812229)|VARIABLE_ASSIGNMENT|[EXTERNAL]|this|{"SObjectLabel":"Test User"}|0x5075518
00:05:28.0 (56900622)|VARIABLE_ASSIGNMENT|[EXTERNAL]|value|"00550000005d7KnAAI"
00:05:28.0 (56992712)|VARIABLE_ASSIGNMENT|[46]|this.SObjectId|"00550000005d7KnAAI"|0x5075518
00:05:28.0 (57052613)|CONSTRUCTOR_EXIT|[34]|01p50000002D2uA|<init>(String,Id)
00:05:28.0 (57106383)|HEAP_ALLOCATE|[EXTERNAL]|Bytes:4
00:05:28.0 (57167496)|HEAP_ALLOCATE|[32]|Bytes:5
00:05:28.0 (57232847)|VARIABLE_ASSIGNMENT|[32]|so|null|
00:05:28.0 (57253295)|STATEMENT_EXECUTE|[37]
00:05:28.0 (57310559)|SYSTEM_MODE_EXIT|false
00:05:28.57 (57395598)|CUMULATIVE_LIMIT_USAGE
00:05:28.57 (57395598)|LIMIT_USAGE_FOR_NS|(default)|
  Number of SOQL queries: 0 out of 100
  Number of query rows: 0 out of 50000
  Number of SOSL queries: 1 out of 20
  Number of DML statements: 0 out of 150
  Number of DML rows: 0 out of 10000
  Maximum CPU time: 0 out of 10000
  Maximum heap size: 0 out of 6000000
  Number of callouts: 0 out of 100
  Number of Email Invocations: 0 out of 10
  Number of future calls: 0 out of 50
  Number of queueable jobs added to the queue: 0 out of 50
  Number of Mobile Apex push calls: 0 out of 10

00:05:28.57 (57395598)|CUMULATIVE_LIMIT_USAGE_END

00:05:28.0 (57516035)|CODE_UNIT_FINISHED|LookupSObjectController.lookup
00:05:28.0 (59430380)|CODE_UNIT_STARTED|[EXTERNAL]|Aura
00:05:28.0 (59622949)|CODE_UNIT_FINISHED|Aura
