37.0 APEX_CODE,FINEST;APEX_PROFILING,INFO;CALLOUT,INFO;DB,INFO;SYSTEM,DEBUG;VALIDATION,INFO;VISUALFORCE,INFO;WORKFLOW,INFO
16:14:21.0 (448420)|USER_INFO|[EXTERNAL]|00550000005cg71|bfffollow@jr.te|Eastern Standard Time|GMT-04:00
16:14:21.0 (877016)|HEAP_ALLOCATE|[72]|Bytes:3
16:14:21.0 (943385)|HEAP_ALLOCATE|[77]|Bytes:152
16:14:21.0 (959816)|HEAP_ALLOCATE|[342]|Bytes:408
16:14:21.0 (978144)|HEAP_ALLOCATE|[355]|Bytes:408
16:14:21.0 (994262)|HEAP_ALLOCATE|[467]|Bytes:48
16:14:21.2 (2041029)|USER_INFO|[EXTERNAL]|00550000005cg71|bfffollow@jr.te|Eastern Standard Time|GMT-04:00
16:14:21.2 (2759992)|STATEMENT_EXECUTE|[1]
16:14:21.2 (2782660)|METHOD_EXIT|[1]|ETLC_ApexBridge_Controller
16:14:21.2 (2789025)|HEAP_ALLOCATE|[EXTERNAL]|Bytes:93
16:14:21.2 (2815761)|SYSTEM_MODE_ENTER|false
16:14:21.2 (2955305)|VARIABLE_SCOPE_BEGIN|[3]|dataJson|String|false|false
16:14:21.2 (3060943)|VARIABLE_ASSIGNMENT|[3]|dataJson|"{\"operation\":\"BFFFol (73 more) ..."
16:14:21.2 (3083850)|STATEMENT_EXECUTE|[3]
16:14:21.2 (3088362)|STATEMENT_EXECUTE|[4]
16:14:21.2 (5566946)|VARIABLE_SCOPE_BEGIN|[4]|data|BFFFollow.ETLC_ApexBridge_Data|true|false
16:14:21.2 (5582065)|VARIABLE_ASSIGNMENT|[4]|data|null|
16:14:21.2 (5585434)|STATEMENT_EXECUTE|[5]
16:14:21.2 (5587162)|STATEMENT_EXECUTE|[5]
16:14:21.2 (5588484)|STATEMENT_EXECUTE|[6]
16:14:21.2 (5611726)|HEAP_ALLOCATE|[6]|Bytes:11
16:14:21.2 (5619184)|HEAP_ALLOCATE|[6]|Bytes:248
16:14:21.2 (5622370)|HEAP_ALLOCATE|[6]|Bytes:39
16:14:21.2 (5664148)|METHOD_ENTRY|[2]|01p50000002CIEo|ETLC_ApexBridge_Data.ETLC_ApexBridge_Data()
16:14:21.2 (5667693)|STATEMENT_EXECUTE|[2]
16:14:21.2 (5672412)|STATEMENT_EXECUTE|[2]
16:14:21.2 (5681411)|METHOD_EXIT|[2]|ETLC_ApexBridge_Data
16:14:21.2 (5758847)|METHOD_ENTRY|[6]|01p50000002CIEo|BFFFollow.ETLC_ApexBridge_Data.fromJSON(String)
16:14:21.2 (5787558)|VARIABLE_SCOPE_BEGIN|[60]|strJson|String|false|false
16:14:21.2 (5798887)|VARIABLE_ASSIGNMENT|[60]|strJson|"{\"operation\":\"BFFFol (73 more) ..."
16:14:21.2 (5803808)|STATEMENT_EXECUTE|[60]
16:14:21.2 (5805329)|STATEMENT_EXECUTE|[61]
16:14:21.2 (5815005)|HEAP_ALLOCATE|[61]|Bytes:30
16:14:21.2 (5847802)|HEAP_ALLOCATE|[50]|Bytes:5
16:14:21.2 (5884412)|HEAP_ALLOCATE|[56]|Bytes:5
16:14:21.2 (5894150)|HEAP_ALLOCATE|[64]|Bytes:7
16:14:21.2 (6029064)|HEAP_ALLOCATE|[61]|Bytes:24
16:14:21.2 (6041674)|SYSTEM_METHOD_ENTRY|[1]|Type.Type()
16:14:21.2 (6044719)|STATEMENT_EXECUTE|[1]
16:14:21.2 (6052231)|SYSTEM_METHOD_EXIT|[1]|Type
16:14:21.2 (6057893)|HEAP_ALLOCATE|[61]|Bytes:8
16:14:21.2 (6077681)|HEAP_ALLOCATE|[61]|Bytes:8
16:14:21.2 (6082046)|VARIABLE_SCOPE_BEGIN|[4]|this|System.Type|true|false
16:14:21.2 (6124110)|VARIABLE_ASSIGNMENT|[4]|this|{}|0x4f000e95
16:14:21.2 (6131225)|VARIABLE_SCOPE_BEGIN|[4]|apextype|java:common.apex.runtime.ApexObjectType|true|false
16:14:21.2 (6302160)|VARIABLE_ASSIGNMENT|[4]|apextype|"BFFFollow.ETLC_ApexBridge_Data"|0x60497333
16:14:21.2 (6398928)|HEAP_ALLOCATE|[61]|Bytes:8
16:14:21.2 (6474751)|HEAP_ALLOCATE|[61]|Bytes:24
16:14:21.2 (6488860)|SYSTEM_METHOD_ENTRY|[1]|JSON.JSON()
16:14:21.2 (6491238)|STATEMENT_EXECUTE|[1]
16:14:21.2 (6497807)|SYSTEM_METHOD_EXIT|[1]|JSON
16:14:21.2 (6511748)|METHOD_ENTRY|[61]||System.JSON.deserializeStrict(String, System.Type)
16:14:21.2 (7382073)|METHOD_EXIT|[61]||System.JSON.deserializeStrict(String, System.Type)
16:14:21.2 (7402634)|METHOD_EXIT|[6]|01p50000002CIEo|BFFFollow.ETLC_ApexBridge_Data.fromJSON(String)
16:14:21.2 (7511414)|VARIABLE_ASSIGNMENT|[6]|data|{"debug":true,"input":"{\"mode\":\"fetchFollow (9 more) ...","operation":"BFFFollow_Controller"}|0x1cd58601
16:14:21.2 (7519534)|STATEMENT_EXECUTE|[7]
16:14:21.2 (7534911)|HEAP_ALLOCATE|[7]|Bytes:6
16:14:21.2 (7606899)|ENTERING_MANAGED_PKG|
16:14:21.2 (7705239)|HEAP_ALLOCATE|[7]|Bytes:177
16:14:21.2 (7740111)|HEAP_ALLOCATE|[7]|Bytes:183
16:14:21.2 (7770664)|ENTERING_MANAGED_PKG|
16:14:21.2 (7781271)|USER_DEBUG|[7]|DEBUG|data::ETLC_ApexBridge_Data:[debug=true, input={"mode":"fetchFollowedUsers"}, isSuccess=null, messages=null, operation=BFFFollow_Controller, output=null, outputFlag=null, records=null]
16:14:21.2 (7793717)|STATEMENT_EXECUTE|[8]
16:14:21.2 (7884881)|VARIABLE_ASSIGNMENT|[EXTERNAL]|this|{"debug":true,"input":"{\"mode\":\"fetchFollow (9 more) ...","operation":"BFFFollow_Controller"}|0x1cd58601
16:14:21.2 (7914141)|METHOD_ENTRY|[8]||System.Type.forName(String)
16:14:21.2 (10969344)|METHOD_EXIT|[8]||System.Type.forName(String)
16:14:21.2 (10985690)|METHOD_ENTRY|[8]||System.Type.newInstance()
16:14:21.2 (12877164)|STATEMENT_EXECUTE|[1]
16:14:21.2 (12897820)|HEAP_ALLOCATE|[33]|Bytes:5
16:14:21.2 (12921831)|METHOD_EXIT|[1]|BFFFollow_Controller
16:14:21.2 (12951630)|HEAP_ALLOCATE|[33]|Bytes:4
16:14:21.2 (12964903)|VARIABLE_SCOPE_BEGIN|[1]|this|BFFFollow.BFFFollow_Controller|true|false
16:14:21.2 (12993220)|VARIABLE_ASSIGNMENT|[1]|this|{}|0x6bb9a953
16:14:21.2 (13002289)|HEAP_ALLOCATE|[33]|Bytes:5
16:14:21.2 (13012545)|HEAP_ALLOCATE|[33]|Bytes:11
16:14:21.2 (13033347)|METHOD_ENTRY|[1]|01p50000002CIEj|ETLC_ApexBridge_Abstract.ETLC_ApexBridge_Abstract()
16:14:21.2 (13036663)|STATEMENT_EXECUTE|[1]
16:14:21.2 (13041096)|STATEMENT_EXECUTE|[1]
16:14:21.2 (13047252)|METHOD_EXIT|[1]|ETLC_ApexBridge_Abstract
16:14:21.2 (13058488)|CONSTRUCTOR_ENTRY|[EXTERNAL]|01p50000002CIEj|<init>()
16:14:21.2 (13088080)|VARIABLE_SCOPE_BEGIN|[1]|this|BFFFollow.ETLC_ApexBridge_Abstract|true|false
16:14:21.2 (13112288)|VARIABLE_ASSIGNMENT|[1]|this|{}|0x6bb9a953
16:14:21.2 (13138541)|STATEMENT_EXECUTE|[1]
16:14:21.2 (13146577)|CONSTRUCTOR_EXIT|[EXTERNAL]|01p50000002CIEj|<init>()
16:14:21.2 (13155025)|STATEMENT_EXECUTE|[1]
16:14:21.2 (13163294)|HEAP_ALLOCATE|[33]|Bytes:5
16:14:21.2 (13195458)|METHOD_EXIT|[8]||System.Type.newInstance()
16:14:21.2 (13210562)|VARIABLE_SCOPE_BEGIN|[8]|executor|BFFFollow.ETLC_ApexBridge_Abstract|true|false
16:14:21.2 (13233326)|VARIABLE_ASSIGNMENT|[8]|executor|{}|0x6bb9a953
16:14:21.2 (13238267)|STATEMENT_EXECUTE|[9]
16:14:21.2 (13303129)|METHOD_ENTRY|[9]|01p50000002D8iw|BFFFollow.BFFFollow_Controller.process(BFFFollow.ETLC_ApexBridge_Data)
16:14:21.2 (13343099)|VARIABLE_SCOPE_BEGIN|[3]|this|BFFFollow.BFFFollow_Controller|true|false
16:14:21.2 (13366841)|VARIABLE_ASSIGNMENT|[3]|this|{}|0x6bb9a953
16:14:21.2 (13374620)|VARIABLE_SCOPE_BEGIN|[3]|data|BFFFollow.ETLC_ApexBridge_Data|true|false
16:14:21.2 (13422374)|VARIABLE_ASSIGNMENT|[3]|data|{"debug":true,"input":"{\"mode\":\"fetchFollow (9 more) ...","operation":"BFFFollow_Controller"}|0x1cd58601
16:14:21.2 (13436291)|HEAP_ALLOCATE|[4]|Bytes:5
16:14:21.2 (13443756)|STATEMENT_EXECUTE|[3]
16:14:21.2 (13446011)|STATEMENT_EXECUTE|[4]
16:14:21.2 (13583204)|VARIABLE_ASSIGNMENT|[EXTERNAL]|this|{"debug":true,"input":"{\"mode\":\"fetchFollow (9 more) ...","operation":"BFFFollow_Controller"}|0x1cd58601
16:14:21.2 (13638450)|VARIABLE_ASSIGNMENT|[4]|BFFFollow_Controller.debugFlag|true
16:14:21.2 (13707877)|VARIABLE_ASSIGNMENT|[EXTERNAL]|this|{"debug":true,"input":"{\"mode\":\"fetchFollow (9 more) ...","operation":"BFFFollow_Controller"}|0x1cd58601
16:14:21.2 (13729990)|STATEMENT_EXECUTE|[5]
16:14:21.2 (13744319)|HEAP_ALLOCATE|[5]|Bytes:12
16:14:21.2 (13778790)|ENTERING_MANAGED_PKG|
16:14:21.2 (13822940)|HEAP_ALLOCATE|[5]|Bytes:177
16:14:21.2 (13848482)|HEAP_ALLOCATE|[5]|Bytes:189
16:14:21.2 (13873199)|ENTERING_MANAGED_PKG|
16:14:21.2 (13883308)|USER_DEBUG|[5]|DEBUG|data BEFORE:ETLC_ApexBridge_Data:[debug=true, input={"mode":"fetchFollowedUsers"}, isSuccess=null, messages=null, operation=BFFFollow_Controller, output=null, outputFlag=null, records=null]
16:14:21.2 (13895791)|STATEMENT_EXECUTE|[7]
16:14:21.2 (13908782)|HEAP_ALLOCATE|[7]|Bytes:4
16:14:21.2 (13961632)|METHOD_ENTRY|[7]|01p50000002CIEo|BFFFollow.ETLC_ApexBridge_Data.getInputValue(String)
16:14:21.2 (13998861)|VARIABLE_SCOPE_BEGIN|[52]|this|BFFFollow.ETLC_ApexBridge_Data|true|false
16:14:21.2 (14063215)|VARIABLE_ASSIGNMENT|[52]|this|{"debug":true,"input":"{\"mode\":\"fetchFollow (9 more) ...","operation":"BFFFollow_Controller"}|0x1cd58601
16:14:21.2 (14076011)|VARIABLE_SCOPE_BEGIN|[52]|key|String|false|false
16:14:21.2 (14084170)|VARIABLE_ASSIGNMENT|[52]|key|"mode"
16:14:21.2 (14091390)|STATEMENT_EXECUTE|[52]
16:14:21.2 (14094284)|STATEMENT_EXECUTE|[53]
16:14:21.2 (14180300)|VARIABLE_ASSIGNMENT|[EXTERNAL]|this|{"debug":true,"input":"{\"mode\":\"fetchFollow (9 more) ...","operation":"BFFFollow_Controller"}|0x1cd58601
16:14:21.2 (14213487)|METHOD_ENTRY|[53]||System.JSON.deserializeUntyped(String)
16:14:21.2 (14534935)|METHOD_EXIT|[53]||System.JSON.deserializeUntyped(String)
16:14:21.2 (14544801)|VARIABLE_SCOPE_BEGIN|[53]|inputMap|Map<String,ANY>|true|false
16:14:21.2 (14571117)|VARIABLE_ASSIGNMENT|[53]|inputMap|{"s":1,"v":{"mode":"fetchFollowedUsers"}}|0x1020af48
16:14:21.2 (14575071)|STATEMENT_EXECUTE|[54]
16:14:21.2 (14624348)|ENTERING_MANAGED_PKG|
16:14:21.2 (14671910)|METHOD_EXIT|[7]|01p50000002CIEo|BFFFollow.ETLC_ApexBridge_Data.getInputValue(String)
16:14:21.2 (14682989)|VARIABLE_SCOPE_BEGIN|[7]|mode|String|false|false
16:14:21.2 (14694716)|VARIABLE_ASSIGNMENT|[7]|mode|"fetchFollowedUsers"
16:14:21.2 (14702203)|HEAP_ALLOCATE|[9]|Bytes:19
16:14:21.2 (14731919)|HEAP_ALLOCATE|[11]|Bytes:18
16:14:21.2 (14754187)|STATEMENT_EXECUTE|[11]
16:14:21.2 (14757345)|STATEMENT_EXECUTE|[12]
16:14:21.2 (14830636)|HEAP_ALLOCATE|[12]|Bytes:85
16:14:21.2 (14847743)|SYSTEM_METHOD_ENTRY|[1]|UserInfo.UserInfo()
16:14:21.2 (14852268)|STATEMENT_EXECUTE|[1]
16:14:21.2 (14862939)|SYSTEM_METHOD_EXIT|[1]|UserInfo
16:14:21.2 (14880003)|METHOD_ENTRY|[12]||System.UserInfo.getUserId()
16:14:21.2 (14931444)|METHOD_EXIT|[12]||System.UserInfo.getUserId()
16:14:21.2 (14959371)|HEAP_ALLOCATE|[12]|Bytes:4
16:14:21.2 (14982242)|METHOD_ENTRY|[12]|01p50000002D8iw|BFFFollow.BFFFollow_Controller.fetchFollowedUsers(Id)
16:14:21.2 (14993305)|VARIABLE_SCOPE_BEGIN|[41]|this|BFFFollow.BFFFollow_Controller|true|false
16:14:21.2 (15016442)|VARIABLE_ASSIGNMENT|[41]|this|{}|0x6bb9a953
16:14:21.2 (15025528)|VARIABLE_SCOPE_BEGIN|[41]|followedById|Id|false|false
16:14:21.2 (15161565)|VARIABLE_ASSIGNMENT|[41]|followedById|"00550000005cg71AAA"
16:14:21.2 (15176276)|HEAP_ALLOCATE|[42]|Bytes:5
16:14:21.2 (15183651)|STATEMENT_EXECUTE|[41]
16:14:21.2 (15186755)|STATEMENT_EXECUTE|[42]
16:14:21.2 (15199799)|HEAP_ALLOCATE|[42]|Bytes:63
16:14:21.2 (15229028)|ENTERING_MANAGED_PKG|
16:14:21.2 (15266694)|HEAP_ALLOCATE|[42]|Bytes:18
16:14:21.2 (15287154)|HEAP_ALLOCATE|[42]|Bytes:9
16:14:21.2 (15303674)|HEAP_ALLOCATE|[42]|Bytes:90
16:14:21.2 (15312817)|VARIABLE_SCOPE_BEGIN|[42]|soql|String|false|false
16:14:21.2 (15326930)|VARIABLE_ASSIGNMENT|[42]|soql|"SELECT FollowedUsers (70 more) ..."
16:14:21.2 (15332332)|STATEMENT_EXECUTE|[43]
16:14:21.2 (15334592)|STATEMENT_EXECUTE|[43]
16:14:21.2 (15341283)|STATEMENT_EXECUTE|[44]
16:14:21.2 (15343691)|STATEMENT_EXECUTE|[44]
16:14:21.2 (15355955)|HEAP_ALLOCATE|[44]|Bytes:24
16:14:21.2 (15366967)|HEAP_ALLOCATE|[44]|Bytes:114
16:14:21.2 (15389363)|ENTERING_MANAGED_PKG|
16:14:21.2 (15418206)|USER_DEBUG|[44]|DEBUG|fetchFollowedUsers:soql:SELECT FollowedUsers__c FROM BFFFollow__c WHERE FollowedBy__c='00550000005cg71AAA' limit 1
16:14:21.2 (15430854)|STATEMENT_EXECUTE|[45]
16:14:21.2 (21274931)|HEAP_ALLOCATE|[45]|Bytes:9
16:14:21.2 (21289988)|HEAP_ALLOCATE|[45]|Bytes:29
16:14:21.2 (21293560)|HEAP_ALLOCATE|[45]|Bytes:21
16:14:21.2 (21325088)|METHOD_ENTRY|[7]|01p50000002CIEt|ETLC_SecuredDB.ETLC_SecuredDB()
16:14:21.2 (21330007)|STATEMENT_EXECUTE|[7]
16:14:21.2 (21337368)|STATEMENT_EXECUTE|[7]
16:14:21.2 (21343850)|HEAP_ALLOCATE|[45]|Bytes:5
16:14:21.2 (21354755)|METHOD_EXIT|[7]|ETLC_SecuredDB
16:14:21.2 (21397851)|METHOD_ENTRY|[45]|01p50000002CIEt|BFFFollow.ETLC_SecuredDB.query(String)
16:14:21.2 (21434017)|VARIABLE_SCOPE_BEGIN|[10]|SOQL|String|false|false
16:14:21.2 (21454347)|VARIABLE_ASSIGNMENT|[10]|SOQL|"SELECT FollowedUsers (70 more) ..."
16:14:21.2 (21467853)|HEAP_ALLOCATE|[12]|Bytes:5
16:14:21.2 (21473193)|STATEMENT_EXECUTE|[10]
16:14:21.2 (21474867)|STATEMENT_EXECUTE|[12]
16:14:21.2 (21518426)|ENTERING_MANAGED_PKG|
16:14:21.2 (30547955)|SOQL_EXECUTE_BEGIN|[12]|Aggregations:0|SELECT FollowedUsers__c FROM BFFFollow__c WHERE FollowedBy__c='00550000005cg71AAA' limit 1
16:14:21.2 (34882520)|SOQL_EXECUTE_END|[12]|Rows:1
16:14:21.2 (34917443)|HEAP_ALLOCATE|[12]|Bytes:8
16:14:21.2 (34927857)|HEAP_ALLOCATE|[12]|Bytes:169
16:14:21.2 (35053333)|HEAP_ALLOCATE|[12]|Bytes:8
16:14:21.2 (35090184)|VARIABLE_SCOPE_BEGIN|[12]|dbRecords|List<SObject>|true|false
16:14:21.2 (35139443)|VARIABLE_ASSIGNMENT|[12]|dbRecords|{"s":1,"v":[{"s":2,"v":{"BFFFollow__FollowedU (7 more) ...":"[{\"id\":\"00550000005c (85 more) ...","Id":"a005000000f0TxbAAE"}}]}|0x531defd2
16:14:21.2 (35145620)|STATEMENT_EXECUTE|[20]
16:14:21.2 (35637871)|HEAP_ALLOCATE|[20]|Bytes:12
16:14:21.2 (35646723)|HEAP_ALLOCATE|[20]|Bytes:8
16:14:21.2 (35736866)|HEAP_ALLOCATE|[20]|Bytes:12
16:14:21.2 (35743151)|HEAP_ALLOCATE|[20]|Bytes:9
16:14:21.2 (35757655)|HEAP_ALLOCATE|[20]|Bytes:12
16:14:21.2 (35760920)|HEAP_ALLOCATE|[20]|Bytes:8
16:14:21.2 (35770812)|HEAP_ALLOCATE|[20]|Bytes:12
16:14:21.2 (35774429)|HEAP_ALLOCATE|[20]|Bytes:8
16:14:21.2 (35787812)|HEAP_ALLOCATE|[20]|Bytes:12
16:14:21.2 (35790871)|HEAP_ALLOCATE|[20]|Bytes:9
16:14:21.2 (35845659)|METHOD_ENTRY|[20]|01p50000002CIEt|BFFFollow.ETLC_SecuredDB.findFields(List<SObject>)
16:14:21.2 (35903066)|VARIABLE_SCOPE_BEGIN|[108]|dbRecords|List<SObject>|true|false
16:14:21.2 (35933943)|VARIABLE_ASSIGNMENT|[108]|dbRecords|{"s":1,"v":[{"s":2,"v":{"BFFFollow__FollowedU (7 more) ...":"[{\"id\":\"00550000005c (85 more) ...","Id":"a005000000f0TxbAAE"}}]}|0x531defd2
16:14:21.2 (35949187)|HEAP_ALLOCATE|[109]|Bytes:5
16:14:21.2 (35956832)|STATEMENT_EXECUTE|[108]
16:14:21.2 (35959719)|STATEMENT_EXECUTE|[109]
16:14:21.2 (35973914)|VARIABLE_SCOPE_BEGIN|[109]|strJSON|String|false|false
16:14:21.2 (35989068)|VARIABLE_ASSIGNMENT|[109]|strJSON|null
16:14:21.2 (35993135)|STATEMENT_EXECUTE|[110]
16:14:21.2 (36006540)|VARIABLE_SCOPE_BEGIN|[110]|mapFields|Map<String,Set<String>>|true|false
16:14:21.2 (36018903)|VARIABLE_ASSIGNMENT|[110]|mapFields|null|
16:14:21.2 (36022208)|STATEMENT_EXECUTE|[112]
16:14:21.2 (36050831)|METHOD_ENTRY|[112]||System.JSON.serialize(Object)
16:14:21.2 (36714593)|METHOD_EXIT|[112]||System.JSON.serialize(Object)
16:14:21.2 (36734838)|VARIABLE_ASSIGNMENT|[112]|strJSON|"[{\"attributes\":{\"typ (292 more) ..."
16:14:21.2 (36740952)|STATEMENT_EXECUTE|[113]
16:14:21.2 (36755703)|HEAP_ALLOCATE|[113]|Bytes:5
16:14:21.2 (36772428)|HEAP_ALLOCATE|[113]|Bytes:317
16:14:21.2 (36801956)|ENTERING_MANAGED_PKG|
16:14:21.2 (36835927)|USER_DEBUG|[113]|DEBUG|JSON:[{"attributes":{"type":"BFFFollow__BFFFollow__c","url":"/services/data/v37.0/sobjects/BFFFollow__BFFFollow__c/a005000000f0TxbAAE"},"BFFFollow__FollowedUsers__c":"[{\"id\":\"00550000005cg71AAA\",\"name\":\"Jaswinder Rattanpal\"},{\"id\":\"00550000005d7KnAAI\",\"name\":\"Test User\"}]","Id":"a005000000f0TxbAAE"}]
16:14:21.2 (36851809)|STATEMENT_EXECUTE|[114]
16:14:21.2 (36865794)|HEAP_ALLOCATE|[114]|Bytes:4
16:14:21.2 (36943471)|VARIABLE_ASSIGNMENT|[114]|mapFields|{"s":1,"v":{}}|0x2dbc5194
16:14:21.2 (36950285)|STATEMENT_EXECUTE|[115]
16:14:21.2 (36972942)|METHOD_ENTRY|[115]||System.JSON.deserializeUntyped(String)
16:14:21.2 (37430912)|METHOD_EXIT|[115]||System.JSON.deserializeUntyped(String)
16:14:21.2 (37446946)|VARIABLE_SCOPE_BEGIN|[115]|records|List<ANY>|true|false
16:14:21.2 (37479605)|HEAP_ALLOCATE|[EXTERNAL]|Bytes:8
16:14:21.2 (37509304)|VARIABLE_ASSIGNMENT|[115]|records|{"s":1,"v":[{"s":2,"v":{"attributes":{"s":3,"v":{"type":"BFFFollow__BFFFollow (3 more) ...","url":"/services/data/v37.0 (52 more) ..."}},"BFFFollow__FollowedU (7 more) ...":"[{\"id\":\"00550000005c (85 more) ...","Id":"a005000000f0TxbAAE"}}]}|0x53ea34af
16:14:21.2 (37530636)|ENTERING_MANAGED_PKG|
16:14:21.2 (37561899)|HEAP_ALLOCATE|[116]|Bytes:5
16:14:21.2 (37601574)|HEAP_ALLOCATE|[116]|Bytes:16
16:14:21.2 (37612839)|VARIABLE_SCOPE_BEGIN|[116]|record|Object|false|false
16:14:21.2 (37637139)|VARIABLE_ASSIGNMENT|[116]|record|{"s":1,"v":{"attributes":{"s":2,"v":{"type":"BFFFollow__BFFFollow (3 more) ...","url":"/services/data/v37.0 (52 more) ..."}},"BFFFollow__FollowedU (7 more) ...":"[{\"id\":\"00550000005c (85 more) ...","Id":"a005000000f0TxbAAE"}}
16:14:21.2 (37642066)|STATEMENT_EXECUTE|[116]
16:14:21.2 (37643668)|STATEMENT_EXECUTE|[117]
16:14:21.2 (37673708)|METHOD_ENTRY|[117]|01p50000002CIEt|BFFFollow.ETLC_SecuredDB.findFieldsRecursive(Map<String,Set<String>>, Map<String,ANY>)
16:14:21.2 (37712641)|VARIABLE_SCOPE_BEGIN|[124]|mapFields|Map<String,Set<String>>|true|false
16:14:21.2 (37732129)|VARIABLE_ASSIGNMENT|[124]|mapFields|{"s":1,"v":{}}|0x2dbc5194
16:14:21.2 (37740384)|VARIABLE_SCOPE_BEGIN|[124]|record|Map<String,ANY>|true|false
16:14:21.2 (37768767)|VARIABLE_ASSIGNMENT|[124]|record|{"s":1,"v":{"attributes":{"s":2,"v":{"type":"BFFFollow__BFFFollow (3 more) ...","url":"/services/data/v37.0 (52 more) ..."}},"BFFFollow__FollowedU (7 more) ...":"[{\"id\":\"00550000005c (85 more) ...","Id":"a005000000f0TxbAAE"}}|0x69cb7053
16:14:21.2 (37784018)|HEAP_ALLOCATE|[125]|Bytes:5
16:14:21.2 (37791240)|STATEMENT_EXECUTE|[124]
16:14:21.2 (37794312)|STATEMENT_EXECUTE|[125]
16:14:21.2 (37806313)|HEAP_ALLOCATE|[125]|Bytes:10
16:14:21.2 (37812633)|VARIABLE_SCOPE_BEGIN|[125]|strAttributes|String|false|false
16:14:21.2 (37823348)|VARIABLE_ASSIGNMENT|[125]|strAttributes|"attributes"
16:14:21.2 (37827118)|STATEMENT_EXECUTE|[126]
16:14:21.2 (37838860)|HEAP_ALLOCATE|[126]|Bytes:7
16:14:21.2 (37847107)|VARIABLE_SCOPE_BEGIN|[126]|strRecord|String|false|false
16:14:21.2 (37857703)|VARIABLE_ASSIGNMENT|[126]|strRecord|"records"
16:14:21.2 (37885959)|ENTERING_MANAGED_PKG|
16:14:21.2 (37930865)|STATEMENT_EXECUTE|[127]
16:14:21.2 (37933689)|STATEMENT_EXECUTE|[128]
16:14:21.2 (37952991)|ENTERING_MANAGED_PKG|
16:14:21.2 (37985359)|VARIABLE_SCOPE_BEGIN|[128]|attributes|Map<String,ANY>|true|false
16:14:21.2 (38006263)|VARIABLE_ASSIGNMENT|[128]|attributes|{"s":1,"v":{"type":"BFFFollow__BFFFollow (3 more) ...","url":"/services/data/v37.0 (52 more) ..."}}|0x19ae9bd3
16:14:21.2 (38011366)|STATEMENT_EXECUTE|[129]
16:14:21.2 (38020258)|HEAP_ALLOCATE|[129]|Bytes:4
16:14:21.2 (38034914)|ENTERING_MANAGED_PKG|
16:14:21.2 (38061450)|VARIABLE_SCOPE_BEGIN|[129]|objectName|String|false|false
16:14:21.2 (38071014)|VARIABLE_ASSIGNMENT|[129]|objectName|"BFFFollow__BFFFollow (3 more) ..."
16:14:21.2 (38080993)|HEAP_ALLOCATE|[130]|Bytes:4
16:14:21.2 (38129349)|ENTERING_MANAGED_PKG|
16:14:21.2 (38174240)|ENTERING_MANAGED_PKG|
16:14:21.2 (38219337)|HEAP_ALLOCATE|[130]|Bytes:55
16:14:21.2 (38259793)|ENTERING_MANAGED_PKG|
16:14:21.2 (38268800)|HEAP_ALLOCATE|[130]|Bytes:12
16:14:21.2 (38288394)|ENTERING_MANAGED_PKG|
16:14:21.2 (38314492)|HEAP_ALLOCATE|[130]|Bytes:5
16:14:21.2 (38334023)|VARIABLE_SCOPE_BEGIN|[130]|fieldName|String|false|false
16:14:21.2 (38342311)|VARIABLE_ASSIGNMENT|[130]|fieldName|"attributes"
16:14:21.2 (38345783)|STATEMENT_EXECUTE|[130]
16:14:21.2 (38347317)|STATEMENT_EXECUTE|[131]
16:14:21.2 (38364252)|ENTERING_MANAGED_PKG|
16:14:21.2 (38400999)|VARIABLE_SCOPE_BEGIN|[131]|field|Object|false|false
16:14:21.2 (38420582)|VARIABLE_ASSIGNMENT|[131]|field|{"s":1,"v":{"type":"BFFFollow__BFFFollow (3 more) ...","url":"/services/data/v37.0 (52 more) ..."}}
16:14:21.2 (38438910)|STATEMENT_EXECUTE|[132]
16:14:21.2 (38456588)|HEAP_ALLOCATE|[130]|Bytes:5
16:14:21.2 (38473433)|VARIABLE_SCOPE_BEGIN|[130]|fieldName|String|false|false
16:14:21.2 (38481721)|VARIABLE_ASSIGNMENT|[130]|fieldName|"BFFFollow__FollowedU (7 more) ..."
16:14:21.2 (38484528)|STATEMENT_EXECUTE|[130]
16:14:21.2 (38485750)|STATEMENT_EXECUTE|[131]
16:14:21.2 (38500650)|ENTERING_MANAGED_PKG|
16:14:21.2 (38514644)|VARIABLE_SCOPE_BEGIN|[131]|field|Object|false|false
16:14:21.2 (38532221)|VARIABLE_ASSIGNMENT|[131]|field|"[{\"id\":\"00550000005c (85 more) ..."
16:14:21.2 (38551203)|HEAP_ALLOCATE|[134]|Bytes:68
16:14:21.2 (38579392)|STATEMENT_EXECUTE|[136]
16:14:21.2 (38583276)|STATEMENT_EXECUTE|[137]
16:14:21.2 (38598942)|HEAP_ALLOCATE|[137]|Bytes:4
16:14:21.2 (38628002)|ENTERING_MANAGED_PKG|
16:14:21.2 (38662102)|VARIABLE_SCOPE_BEGIN|[137]|fieldNames|Set<String>|true|false
16:14:21.2 (38691832)|VARIABLE_ASSIGNMENT|[137]|fieldNames|{"s":1,"v":[]}|0x541c50ba
16:14:21.2 (38714997)|ENTERING_MANAGED_PKG|
16:14:21.2 (38753614)|STATEMENT_EXECUTE|[138]
16:14:21.2 (38787283)|STATEMENT_EXECUTE|[139]
16:14:21.2 (38813067)|ENTERING_MANAGED_PKG|
16:14:21.2 (38850113)|HEAP_ALLOCATE|[EXTERNAL]|Bytes:4
16:14:21.2 (38866638)|STATEMENT_EXECUTE|[140]
16:14:21.2 (38895583)|ENTERING_MANAGED_PKG|
16:14:21.2 (38934186)|HEAP_ALLOCATE|[EXTERNAL]|Bytes:-4
16:14:21.2 (38960177)|HEAP_ALLOCATE|[130]|Bytes:5
16:14:21.2 (38984004)|VARIABLE_SCOPE_BEGIN|[130]|fieldName|String|false|false
16:14:21.2 (38996728)|VARIABLE_ASSIGNMENT|[130]|fieldName|"Id"
16:14:21.2 (39002335)|STATEMENT_EXECUTE|[130]
16:14:21.2 (39005910)|STATEMENT_EXECUTE|[131]
16:14:21.2 (39029803)|ENTERING_MANAGED_PKG|
16:14:21.2 (39051528)|VARIABLE_SCOPE_BEGIN|[131]|field|Object|false|false
16:14:21.2 (39067263)|VARIABLE_ASSIGNMENT|[131]|field|"a005000000f0TxbAAE"
16:14:21.2 (39091627)|STATEMENT_EXECUTE|[136]
16:14:21.2 (39095531)|STATEMENT_EXECUTE|[137]
16:14:21.2 (39110725)|HEAP_ALLOCATE|[137]|Bytes:4
16:14:21.2 (39127101)|ENTERING_MANAGED_PKG|
16:14:21.2 (39140978)|VARIABLE_SCOPE_BEGIN|[137]|fieldNames|Set<String>|true|false
16:14:21.2 (39174535)|VARIABLE_ASSIGNMENT|[137]|fieldNames|{"s":1,"v":[]}|0x6667eb82
16:14:21.2 (39196825)|ENTERING_MANAGED_PKG|
16:14:21.2 (39216071)|STATEMENT_EXECUTE|[138]
16:14:21.2 (39240812)|ENTERING_MANAGED_PKG|
16:14:21.2 (39277431)|VARIABLE_ASSIGNMENT|[138]|fieldNames|{"s":1,"v":["BFFFollow__FollowedU (7 more) ..."]}|0x541c50ba
16:14:21.2 (39286293)|STATEMENT_EXECUTE|[139]
16:14:21.2 (39310728)|ENTERING_MANAGED_PKG|
16:14:21.2 (39322977)|HEAP_ALLOCATE|[EXTERNAL]|Bytes:4
16:14:21.2 (39341441)|STATEMENT_EXECUTE|[140]
16:14:21.2 (39368600)|ENTERING_MANAGED_PKG|
16:14:21.2 (39408884)|HEAP_ALLOCATE|[130]|Bytes:5
16:14:21.2 (39429946)|VARIABLE_ASSIGNMENT|[130]|fieldName|null
16:14:21.2 (39446921)|METHOD_EXIT|[117]|01p50000002CIEt|BFFFollow.ETLC_SecuredDB.findFieldsRecursive(Map<String,Set<String>>, Map<String,ANY>)
16:14:21.2 (39472474)|HEAP_ALLOCATE|[116]|Bytes:5
16:14:21.2 (39501220)|VARIABLE_ASSIGNMENT|[116]|record|null
16:14:21.2 (39511283)|HEAP_ALLOCATE|[119]|Bytes:4
16:14:21.2 (39531072)|ENTERING_MANAGED_PKG|
16:14:21.2 (39580578)|ENTERING_MANAGED_PKG|
16:14:21.2 (39603714)|HEAP_ALLOCATE|[119]|Bytes:31
16:14:21.2 (39636803)|ENTERING_MANAGED_PKG|
16:14:21.2 (39647266)|HEAP_ALLOCATE|[119]|Bytes:4
16:14:21.2 (39676594)|ENTERING_MANAGED_PKG|
16:14:21.2 (39705118)|HEAP_ALLOCATE|[119]|Bytes:5
16:14:21.2 (39728746)|VARIABLE_SCOPE_BEGIN|[119]|objectName|String|false|false
16:14:21.2 (39742536)|VARIABLE_ASSIGNMENT|[119]|objectName|"BFFFollow__BFFFollow (3 more) ..."
16:14:21.2 (39748240)|STATEMENT_EXECUTE|[119]
16:14:21.2 (39750447)|STATEMENT_EXECUTE|[120]
16:14:21.2 (39762108)|HEAP_ALLOCATE|[120]|Bytes:2
16:14:21.2 (39785077)|ENTERING_MANAGED_PKG|
16:14:21.2 (39866464)|ENTERING_MANAGED_PKG|
16:14:21.2 (39888513)|HEAP_ALLOCATE|[120]|Bytes:33
16:14:21.2 (39915639)|HEAP_ALLOCATE|[120]|Bytes:58
16:14:21.2 (39937779)|ENTERING_MANAGED_PKG|
16:14:21.2 (39945190)|USER_DEBUG|[120]|DEBUG|BFFFollow__BFFFollow__c: {BFFFollow__FollowedUsers__c, Id}
16:14:21.2 (39970228)|HEAP_ALLOCATE|[119]|Bytes:5
16:14:21.2 (39994477)|VARIABLE_ASSIGNMENT|[119]|objectName|null
16:14:21.2 (40002139)|STATEMENT_EXECUTE|[122]
16:14:21.2 (40030118)|METHOD_EXIT|[20]|01p50000002CIEt|BFFFollow.ETLC_SecuredDB.findFields(List<SObject>)
16:14:21.2 (40063358)|METHOD_ENTRY|[20]|01p50000002CIEt|BFFFollow.ETLC_SecuredDB.validate(BFFFollow.ETLC_SecuredDB.Operation, Map<String,Set<String>>)
16:14:21.2 (40076565)|VARIABLE_SCOPE_BEGIN|[55]|op|BFFFollow.ETLC_SecuredDB.Operation|true|false
16:14:21.2 (40109871)|VARIABLE_ASSIGNMENT|[55]|op|"Querying"|0x57bbc933
16:14:21.2 (40120087)|VARIABLE_SCOPE_BEGIN|[55]|mapFieldNames|Map<String,Set<String>>|true|false
16:14:21.2 (40156145)|VARIABLE_ASSIGNMENT|[55]|mapFieldNames|{"s":1,"v":{"BFFFollow__BFFFollow (3 more) ...":{"s":2,"v":["BFFFollow__FollowedU (7 more) ...","Id"]}}}|0x2dbc5194
16:14:21.2 (40175326)|HEAP_ALLOCATE|[56]|Bytes:5
16:14:21.2 (40186322)|STATEMENT_EXECUTE|[55]
16:14:21.2 (40189751)|STATEMENT_EXECUTE|[56]
16:14:21.2 (40211156)|VARIABLE_SCOPE_BEGIN|[56]|securityMessage|String|false|false
16:14:21.2 (40226406)|VARIABLE_ASSIGNMENT|[56]|securityMessage|null
16:14:21.2 (40229914)|STATEMENT_EXECUTE|[57]
16:14:21.2 (40265516)|ENTERING_MANAGED_PKG|
16:14:21.2 (64354476)|HEAP_ALLOCATE|[57]|Bytes:1440
16:14:21.2 (64393140)|VARIABLE_SCOPE_BEGIN|[57]|mapObjects|Map<String,Schema.SObjectType>|true|false
16:14:21.2 (64700481)|VARIABLE_ASSIGNMENT|[57]|mapObjects|"{acceptedeventrelation=AcceptedEventRelation, account=Account, accountcontactrole=AccountContactRole, accountfeed=AccountFeed, accounthistory=AccountHistory, accountpartner=AccountPartner, accountshare=AccountShare, actionlinkgrouptemplate=ActionLinkGroupTemplate, actionlinktemplate=ActionLinkTemplate, activityhistory=ActivityHistory, ...}"|0x6114dafe
16:14:21.2 (64723516)|HEAP_ALLOCATE|[58]|Bytes:4
16:14:21.2 (64754318)|ENTERING_MANAGED_PKG|
16:14:21.2 (64807756)|ENTERING_MANAGED_PKG|
16:14:21.2 (64829246)|HEAP_ALLOCATE|[58]|Bytes:31
16:14:21.2 (64847587)|ENTERING_MANAGED_PKG|
16:14:21.2 (64855391)|HEAP_ALLOCATE|[58]|Bytes:4
16:14:21.2 (64865142)|ENTERING_MANAGED_PKG|
16:14:21.2 (64895704)|HEAP_ALLOCATE|[58]|Bytes:5
16:14:21.2 (64918799)|VARIABLE_SCOPE_BEGIN|[58]|sObjectName|String|false|false
16:14:21.2 (64931647)|VARIABLE_ASSIGNMENT|[58]|sObjectName|"BFFFollow__BFFFollow (3 more) ..."
16:14:21.2 (64938269)|STATEMENT_EXECUTE|[58]
16:14:21.2 (64941156)|STATEMENT_EXECUTE|[59]
16:14:21.2 (64960607)|HEAP_ALLOCATE|[59]|Bytes:9
16:14:21.2 (64965781)|HEAP_ALLOCATE|[59]|Bytes:7
16:14:21.2 (64991418)|ENTERING_MANAGED_PKG|
16:14:21.2 (65038069)|HEAP_ALLOCATE|[59]|Bytes:8
16:14:21.2 (65051222)|HEAP_ALLOCATE|[59]|Bytes:1
16:14:21.2 (65066194)|HEAP_ALLOCATE|[59]|Bytes:48
16:14:21.2 (65075914)|VARIABLE_ASSIGNMENT|[59]|securityMessage|"CRUD on [BFFFollow__ (28 more) ..."
16:14:21.2 (65079888)|STATEMENT_EXECUTE|[60]
16:14:21.2 (65088003)|HEAP_ALLOCATE|[60]|Bytes:10
16:14:21.2 (65096065)|HEAP_ALLOCATE|[60]|Bytes:58
16:14:21.2 (65118462)|ENTERING_MANAGED_PKG|
16:14:21.2 (65144763)|USER_DEBUG|[60]|DEBUG|Checking: CRUD on [BFFFollow__BFFFollow__c] for [Querying]
16:14:21.2 (65152745)|STATEMENT_EXECUTE|[61]
16:14:21.2 (65169825)|ENTERING_MANAGED_PKG|
16:14:21.2 (65462286)|HEAP_ALLOCATE|[61]|Bytes:4
16:14:21.2 (65515496)|VARIABLE_SCOPE_BEGIN|[61]|drSObj|Schema.DescribeSObjectResult|true|false
16:14:21.2 (65618003)|VARIABLE_ASSIGNMENT|[61]|drSObj|"common.api.soap.wsdl.DescribeSObjectResult@6e1daf55"|0x67f72b51
16:14:21.2 (65791892)|STATEMENT_EXECUTE|[64]
16:14:21.2 (65819600)|STATEMENT_EXECUTE|[65]
16:14:21.2 (65876462)|STATEMENT_EXECUTE|[77]
16:14:21.2 (65879128)|STATEMENT_EXECUTE|[79]
16:14:21.2 (66118441)|HEAP_ALLOCATE|[79]|Bytes:56
16:14:21.2 (66130512)|VARIABLE_SCOPE_BEGIN|[79]|mapFields|Map<String,Schema.SObjectField>|true|false
16:14:21.2 (66295794)|VARIABLE_ASSIGNMENT|[79]|mapFields|"{bfffollow__followedby__c=BFFFollow__FollowedBy__c, bfffollow__followedusers__c=BFFFollow__FollowedUsers__c, createdbyid=CreatedById, createddate=CreatedDate, id=Id, isdeleted=IsDeleted, lastmodifiedbyid=LastModifiedById, lastmodifieddate=LastModifiedDate, lastreferenceddate=LastReferencedDate, lastvieweddate=LastViewedDate, ...}"|0x6e8c94cd
16:14:21.2 (66310783)|HEAP_ALLOCATE|[80]|Bytes:4
16:14:21.2 (66334982)|ENTERING_MANAGED_PKG|
16:14:21.2 (66370061)|ENTERING_MANAGED_PKG|
16:14:21.2 (66400026)|ENTERING_MANAGED_PKG|
16:14:21.2 (66407717)|HEAP_ALLOCATE|[80]|Bytes:8
16:14:21.2 (66424734)|ENTERING_MANAGED_PKG|
16:14:21.2 (66448780)|HEAP_ALLOCATE|[80]|Bytes:5
16:14:21.2 (66472034)|VARIABLE_SCOPE_BEGIN|[80]|fieldName|String|false|false
16:14:21.2 (66486107)|VARIABLE_ASSIGNMENT|[80]|fieldName|"BFFFollow__FollowedU (7 more) ..."
16:14:21.2 (66491810)|STATEMENT_EXECUTE|[80]
16:14:21.2 (66494150)|STATEMENT_EXECUTE|[81]
16:14:21.2 (66520835)|ENTERING_MANAGED_PKG|
16:14:21.2 (73598145)|HEAP_ALLOCATE|[81]|Bytes:8
16:14:21.2 (73653778)|VARIABLE_SCOPE_BEGIN|[81]|drField|Schema.DescribeFieldResult|true|false
16:14:21.2 (73772821)|VARIABLE_ASSIGNMENT|[81]|drField|"common.api.soap.wsdl.Field@785bdb14"|0x7510cb7f
16:14:21.2 (73801319)|STATEMENT_EXECUTE|[82]
16:14:21.2 (73804428)|STATEMENT_EXECUTE|[83]
16:14:21.2 (73821630)|HEAP_ALLOCATE|[83]|Bytes:8
16:14:21.2 (73826094)|HEAP_ALLOCATE|[83]|Bytes:1
16:14:21.2 (73855070)|ENTERING_MANAGED_PKG|
16:14:21.2 (73904035)|HEAP_ALLOCATE|[83]|Bytes:8
16:14:21.2 (73925891)|HEAP_ALLOCATE|[83]|Bytes:74
16:14:21.2 (73934028)|HEAP_ALLOCATE|[83]|Bytes:75
16:14:21.2 (73946073)|VARIABLE_ASSIGNMENT|[83]|securityMessage|"FLS on [BFFFollow__B (55 more) ..."
16:14:21.2 (73949956)|STATEMENT_EXECUTE|[84]
16:14:21.2 (73961441)|HEAP_ALLOCATE|[84]|Bytes:85
16:14:21.2 (73980469)|ENTERING_MANAGED_PKG|
16:14:21.2 (74004854)|USER_DEBUG|[84]|DEBUG|Checking: FLS on [BFFFollow__BFFFollow__c.BFFFollow__FollowedUsers__c] for [Querying]
16:14:21.2 (74125043)|STATEMENT_EXECUTE|[87]
16:14:21.2 (74142069)|STATEMENT_EXECUTE|[88]
16:14:21.2 (74162326)|HEAP_ALLOCATE|[80]|Bytes:5
16:14:21.2 (74177310)|VARIABLE_SCOPE_BEGIN|[80]|fieldName|String|false|false
16:14:21.2 (74186458)|VARIABLE_ASSIGNMENT|[80]|fieldName|"Id"
16:14:21.2 (74189540)|STATEMENT_EXECUTE|[80]
16:14:21.2 (74191123)|STATEMENT_EXECUTE|[81]
16:14:21.2 (74207628)|ENTERING_MANAGED_PKG|
16:14:21.2 (74366103)|HEAP_ALLOCATE|[81]|Bytes:8
16:14:21.2 (74381584)|VARIABLE_SCOPE_BEGIN|[81]|drField|Schema.DescribeFieldResult|true|false
16:14:21.2 (74453990)|VARIABLE_ASSIGNMENT|[81]|drField|"common.api.soap.wsdl.Field@aff9bb75"|0x2a2ff0fc
16:14:21.2 (74475707)|STATEMENT_EXECUTE|[99]
16:14:21.2 (74479328)|STATEMENT_EXECUTE|[100]
16:14:21.2 (74493325)|HEAP_ALLOCATE|[100]|Bytes:22
16:14:21.2 (74517373)|ENTERING_MANAGED_PKG|
16:14:21.2 (74546925)|HEAP_ALLOCATE|[100]|Bytes:8
16:14:21.2 (74573292)|HEAP_ALLOCATE|[100]|Bytes:63
16:14:21.2 (74582393)|HEAP_ALLOCATE|[100]|Bytes:35
16:14:21.2 (74590461)|HEAP_ALLOCATE|[100]|Bytes:98
16:14:21.2 (74609163)|ENTERING_MANAGED_PKG|
16:14:21.2 (74613701)|USER_DEBUG|[100]|DEBUG|Bypass Check: FLS on [BFFFollow__BFFFollow__c.Id] for [Querying] since it's not isPermissionable()
16:14:21.2 (74629223)|HEAP_ALLOCATE|[80]|Bytes:5
16:14:21.2 (74642766)|VARIABLE_ASSIGNMENT|[80]|fieldName|null
16:14:21.2 (74652547)|HEAP_ALLOCATE|[58]|Bytes:5
16:14:21.2 (74661070)|VARIABLE_ASSIGNMENT|[58]|sObjectName|null
16:14:21.2 (74677918)|METHOD_EXIT|[20]|01p50000002CIEt|BFFFollow.ETLC_SecuredDB.validate(BFFFollow.ETLC_SecuredDB.Operation, Map<String,Set<String>>)
16:14:21.2 (74682685)|STATEMENT_EXECUTE|[21]
16:14:21.2 (74695903)|METHOD_EXIT|[45]|01p50000002CIEt|BFFFollow.ETLC_SecuredDB.query(String)
16:14:21.2 (74702435)|VARIABLE_SCOPE_BEGIN|[45]|dbRecords|List<SObject>|true|false
16:14:21.2 (74749393)|VARIABLE_ASSIGNMENT|[45]|dbRecords|{"s":1,"v":[{"s":2,"v":{"BFFFollow__FollowedU (7 more) ...":"[{\"id\":\"00550000005c (85 more) ...","Id":"a005000000f0TxbAAE"}}]}|0x531defd2
16:14:21.2 (74761303)|STATEMENT_EXECUTE|[46]
16:14:21.2 (74762966)|STATEMENT_EXECUTE|[46]
16:14:21.2 (74787266)|ENTERING_MANAGED_PKG|
16:14:21.2 (74852920)|USER_DEBUG|[46]|DEBUG|(BFFFollow__BFFFollow__c:{BFFFollow__FollowedUsers__c=[{"id":"00550000005cg71AAA","name":"Jaswinder Rattanpal"},{"id":"00550000005d7KnAAI","name":"Test User"}], Id=a005000000f0TxbAAE})
16:14:21.2 (74911785)|ENTERING_MANAGED_PKG|
16:14:21.2 (74934130)|STATEMENT_EXECUTE|[47]
16:14:21.2 (74939449)|STATEMENT_EXECUTE|[48]
16:14:21.2 (74940824)|STATEMENT_EXECUTE|[49]
16:14:21.2 (74949901)|HEAP_ALLOCATE|[49]|Bytes:18
16:14:21.2 (74960943)|HEAP_ALLOCATE|[49]|Bytes:12
16:14:21.2 (74966284)|HEAP_ALLOCATE|[49]|Bytes:16
16:14:21.2 (74992737)|ENTERING_MANAGED_PKG|
16:14:21.2 (75036216)|HEAP_ALLOCATE|[49]|Bytes:105
16:14:21.2 (75059315)|ENTERING_MANAGED_PKG|
16:14:21.2 (75063830)|HEAP_ALLOCATE|[49]|Bytes:105
16:14:21.2 (75074144)|HEAP_ALLOCATE|[49]|Bytes:123
16:14:21.2 (75084560)|ENTERING_MANAGED_PKG|
16:14:21.2 (75088060)|USER_DEBUG|[49]|DEBUG|FollowedUsers__c::[{"id":"00550000005cg71AAA","name":"Jaswinder Rattanpal"},{"id":"00550000005d7KnAAI","name":"Test User"}]
16:14:21.2 (75094443)|STATEMENT_EXECUTE|[51]
16:14:21.2 (75108792)|HEAP_ALLOCATE|[51]|Bytes:12
16:14:21.2 (75125718)|ENTERING_MANAGED_PKG|
16:14:21.2 (75165113)|HEAP_ALLOCATE|[51]|Bytes:105
16:14:21.2 (75183885)|METHOD_EXIT|[12]|01p50000002D8iw|BFFFollow.BFFFollow_Controller.fetchFollowedUsers(Id)
16:14:21.2 (75255370)|VARIABLE_ASSIGNMENT|[EXTERNAL]|this|{"debug":true,"input":"{\"mode\":\"fetchFollow (9 more) ...","operation":"BFFFollow_Controller"}|0x1cd58601
16:14:21.2 (75265442)|VARIABLE_ASSIGNMENT|[EXTERNAL]|value|"[{\"id\":\"00550000005c (85 more) ..."
16:14:21.2 (75281406)|VARIABLE_ASSIGNMENT|[12]|this.output|"[{\"id\":\"00550000005c (85 more) ..."|0x1cd58601
16:14:21.2 (75289049)|STATEMENT_EXECUTE|[13]
16:14:21.2 (75353805)|VARIABLE_ASSIGNMENT|[EXTERNAL]|this|{"debug":true,"input":"{\"mode\":\"fetchFollow (9 more) ...","operation":"BFFFollow_Controller","output":"[{\"id\":\"00550000005c (85 more) ..."}|0x1cd58601
16:14:21.2 (75408909)|VARIABLE_ASSIGNMENT|[EXTERNAL]|this|{"debug":true,"input":"{\"mode\":\"fetchFollow (9 more) ...","operation":"BFFFollow_Controller","output":"[{\"id\":\"00550000005c (85 more) ..."}|0x1cd58601
16:14:21.2 (75417688)|VARIABLE_ASSIGNMENT|[EXTERNAL]|value|true
16:14:21.2 (75423204)|HEAP_ALLOCATE|[15]|Bytes:5
16:14:21.2 (75431348)|VARIABLE_ASSIGNMENT|[15]|this.outputFlag|true|0x1cd58601
16:14:21.2 (75441576)|STATEMENT_EXECUTE|[21]
16:14:21.2 (75443151)|STATEMENT_EXECUTE|[21]
16:14:21.2 (75451637)|HEAP_ALLOCATE|[21]|Bytes:11
16:14:21.2 (75475376)|ENTERING_MANAGED_PKG|
16:14:21.2 (75522430)|HEAP_ALLOCATE|[21]|Bytes:278
16:14:21.2 (75537635)|HEAP_ALLOCATE|[21]|Bytes:289
16:14:21.2 (75550792)|ENTERING_MANAGED_PKG|
16:14:21.2 (75554673)|USER_DEBUG|[21]|DEBUG|data AFTER:ETLC_ApexBridge_Data:[debug=true, input={"mode":"fetchFollowedUsers"}, isSuccess=null, messages=null, operation=BFFFollow_Controller, output=[{"id":"00550000005cg71AAA","name":"Jaswinder Rattanpal"},{"id":"00550000005d7KnAAI","name":"Test User"}], outputFlag=true, records=null]
16:14:21.2 (75567169)|METHOD_EXIT|[9]|01p50000002D8iw|BFFFollow.BFFFollow_Controller.process(BFFFollow.ETLC_ApexBridge_Data)
16:14:21.2 (75571672)|STATEMENT_EXECUTE|[24]
16:14:21.2 (75591681)|METHOD_ENTRY|[24]|01p50000002CIEo|BFFFollow.ETLC_ApexBridge_Data.toJSON()
16:14:21.2 (75611713)|VARIABLE_SCOPE_BEGIN|[57]|this|BFFFollow.ETLC_ApexBridge_Data|true|false
16:14:21.2 (75642651)|VARIABLE_ASSIGNMENT|[57]|this|{"debug":true,"input":"{\"mode\":\"fetchFollow (9 more) ...","operation":"BFFFollow_Controller","output":"[{\"id\":\"00550000005c (85 more) ...","outputFlag":true}|0x1cd58601
16:14:21.2 (75651026)|STATEMENT_EXECUTE|[57]
16:14:21.2 (75652755)|STATEMENT_EXECUTE|[58]
16:14:21.2 (75673076)|METHOD_ENTRY|[58]||System.JSON.serialize(Object)
16:14:21.2 (75803603)|STATEMENT_EXECUTE|[22]
16:14:21.2 (75811037)|STATEMENT_EXECUTE|[23]
16:14:21.2 (75826308)|HEAP_ALLOCATE|[23]|Bytes:5
16:14:21.2 (75841486)|VARIABLE_ASSIGNMENT|[23]|this.isSuccess|true|0x1cd58601
16:14:21.2 (75846227)|STATEMENT_EXECUTE|[24]
16:14:21.2 (75914411)|STATEMENT_EXECUTE|[31]
16:14:21.2 (75921827)|STATEMENT_EXECUTE|[32]
16:14:21.2 (75935052)|HEAP_ALLOCATE|[32]|Bytes:4
16:14:21.2 (76004764)|VARIABLE_ASSIGNMENT|[32]|this.messages|{"s":1,"v":{}}|0x1cd58601
16:14:21.2 (76012799)|STATEMENT_EXECUTE|[33]
16:14:21.2 (76426814)|METHOD_EXIT|[58]||System.JSON.serialize(Object)
16:14:21.2 (76437637)|METHOD_EXIT|[24]|01p50000002CIEo|BFFFollow.ETLC_ApexBridge_Data.toJSON()
16:14:21.2 (76454641)|SYSTEM_MODE_EXIT|false
16:14:21.76 (76525348)|CUMULATIVE_LIMIT_USAGE
16:14:21.76 (76525348)|LIMIT_USAGE_FOR_NS|(default)|
  Number of SOQL queries: 0 out of 100
  Number of query rows: 0 out of 50000
  Number of SOSL queries: 0 out of 20
  Number of DML statements: 0 out of 150
  Number of DML rows: 0 out of 10000
  Maximum CPU time: 0 out of 10000
  Maximum heap size: 0 out of 6000000
  Number of callouts: 0 out of 100
  Number of Email Invocations: 0 out of 10
  Number of future calls: 0 out of 50
  Number of queueable jobs added to the queue: 0 out of 50
  Number of Mobile Apex push calls: 0 out of 10

16:14:21.76 (76525348)|LIMIT_USAGE_FOR_NS|BFFFollow|
  Number of SOQL queries: 1 out of 100
  Number of query rows: 1 out of 50000
  Number of SOSL queries: 0 out of 20
  Number of DML statements: 0 out of 150
  Number of DML rows: 0 out of 10000
  Maximum CPU time: 0 out of 10000
  Maximum heap size: 0 out of 6000000
  Number of callouts: 0 out of 100
  Number of Email Invocations: 0 out of 10
  Number of future calls: 0 out of 50
  Number of queueable jobs added to the queue: 0 out of 50
  Number of Mobile Apex push calls: 0 out of 10

16:14:21.76 (76525348)|CUMULATIVE_LIMIT_USAGE_END

16:14:21.2 (76613145)|CODE_UNIT_FINISHED|ETLC_ApexBridge_Controller.execute
