37.0 APEX_CODE,FINEST;APEX_PROFILING,INFO;CALLOUT,INFO;DB,INFO;SYSTEM,DEBUG;VALIDATION,INFO;VISUALFORCE,INFO;WORKFLOW,INFO
15:52:39.0 (621072)|USER_INFO|[EXTERNAL]|00550000005cg71|bfffollow@jr.te|Eastern Standard Time|GMT-04:00
15:52:39.0 (1132943)|HEAP_ALLOCATE|[72]|Bytes:3
15:52:39.0 (1211792)|HEAP_ALLOCATE|[77]|Bytes:152
15:52:39.0 (1229060)|HEAP_ALLOCATE|[342]|Bytes:408
15:52:39.0 (1245752)|HEAP_ALLOCATE|[355]|Bytes:408
15:52:39.0 (1265956)|HEAP_ALLOCATE|[467]|Bytes:48
15:52:39.2 (2521433)|USER_INFO|[EXTERNAL]|00550000005cg71|bfffollow@jr.te|Eastern Standard Time|GMT-04:00
15:52:39.2 (3415244)|STATEMENT_EXECUTE|[11]
15:52:39.2 (3459974)|HEAP_ALLOCATE|[50]|Bytes:5
15:52:39.2 (3487015)|HEAP_ALLOCATE|[56]|Bytes:5
15:52:39.2 (3496258)|HEAP_ALLOCATE|[64]|Bytes:7
15:52:39.2 (3517460)|SYSTEM_MODE_ENTER|false
15:52:39.2 (3539213)|HEAP_ALLOCATE|[EXTERNAL]|Bytes:5
15:52:39.2 (3561960)|STATEMENT_EXECUTE|[43]
15:52:39.2 (3566541)|SYSTEM_MODE_EXIT|false
15:52:39.2 (3591237)|METHOD_EXIT|[11]|LookupSObjectController
15:52:39.2 (3598231)|HEAP_ALLOCATE|[EXTERNAL]|Bytes:3
15:52:39.2 (3607895)|HEAP_ALLOCATE|[EXTERNAL]|Bytes:4
15:52:39.2 (3613373)|SYSTEM_MODE_ENTER|false
15:52:39.2 (3629171)|VARIABLE_SCOPE_BEGIN|[17]|searchString|String|false|false
15:52:39.2 (3819152)|VARIABLE_ASSIGNMENT|[17]|searchString|"Jas"
15:52:39.2 (3826216)|VARIABLE_SCOPE_BEGIN|[17]|sObjectAPIName|String|false|false
15:52:39.2 (3830847)|VARIABLE_ASSIGNMENT|[17]|sObjectAPIName|"User"
15:52:39.2 (3848211)|HEAP_ALLOCATE|[20]|Bytes:5
15:52:39.2 (3852670)|STATEMENT_EXECUTE|[18]
15:52:39.2 (3853992)|STATEMENT_EXECUTE|[20]
15:52:39.2 (3892554)|ENTERING_MANAGED_PKG|
15:52:39.2 (3915184)|HEAP_ALLOCATE|[20]|Bytes:3
15:52:39.2 (3930426)|VARIABLE_SCOPE_BEGIN|[20]|sanitizedSearchString|String|false|false
15:52:39.2 (3938588)|VARIABLE_ASSIGNMENT|[20]|sanitizedSearchString|"Jas"
15:52:39.2 (3941282)|STATEMENT_EXECUTE|[21]
15:52:39.2 (3962496)|ENTERING_MANAGED_PKG|
15:52:39.2 (3977775)|HEAP_ALLOCATE|[21]|Bytes:4
15:52:39.2 (3990110)|VARIABLE_SCOPE_BEGIN|[21]|sanitizedSObjectAPIName|String|false|false
15:52:39.2 (3996746)|VARIABLE_ASSIGNMENT|[21]|sanitizedSObjectAPIName|"User"
15:52:39.2 (3999296)|STATEMENT_EXECUTE|[23]
15:52:39.2 (4009521)|HEAP_ALLOCATE|[23]|Bytes:4
15:52:39.2 (4102885)|ENTERING_MANAGED_PKG|
15:52:39.2 (4129057)|VARIABLE_SCOPE_BEGIN|[23]|results|List<BFFFollow.LookupSObjectControllerResult>|true|false
15:52:39.2 (4143926)|HEAP_ALLOCATE|[EXTERNAL]|Bytes:4
15:52:39.2 (4164059)|VARIABLE_ASSIGNMENT|[23]|results|{"s":1,"v":[]}|0x3e0edee2
15:52:39.2 (4167116)|STATEMENT_EXECUTE|[26]
15:52:39.2 (4176020)|HEAP_ALLOCATE|[26]|Bytes:6
15:52:39.2 (4180538)|HEAP_ALLOCATE|[26]|Bytes:27
15:52:39.2 (4183181)|HEAP_ALLOCATE|[26]|Bytes:18
15:52:39.2 (4194906)|HEAP_ALLOCATE|[26]|Bytes:58
15:52:39.2 (4200208)|VARIABLE_SCOPE_BEGIN|[26]|searchQuery|String|false|false
15:52:39.2 (4209271)|VARIABLE_ASSIGNMENT|[26]|searchQuery|"FIND 'Jas*' IN ALL F (38 more) ..."
15:52:39.2 (4211773)|STATEMENT_EXECUTE|[29]
15:52:39.2 (4242089)|ENTERING_MANAGED_PKG|
15:52:39.2 (6339252)|SOSL_EXECUTE_BEGIN|[29]|FIND 'Jas*' IN ALL FIELDS RETURNING User(id,name) Limit 50
15:52:39.2 (47128147)|HEAP_ALLOCATE|[29]|Bytes:4
15:52:39.2 (47140062)|HEAP_ALLOCATE|[29]|Bytes:4
15:52:39.2 (47148334)|HEAP_ALLOCATE|[29]|Bytes:8
15:52:39.2 (47158868)|SOSL_EXECUTE_END|[29]|Rows:1
15:52:39.2 (47220497)|HEAP_ALLOCATE|[29]|Bytes:8
15:52:39.2 (47248810)|VARIABLE_SCOPE_BEGIN|[29]|searchList|List<List<SObject>>|true|false
15:52:39.2 (47312080)|VARIABLE_ASSIGNMENT|[29]|searchList|{"s":1,"v":[{"s":2,"v":[{"s":3,"v":{"Id":"00550000005cg71AAA","Name":"Jaswinder Rattanpal"}}]}]}|0x7419fc33
15:52:39.2 (47408433)|HEAP_ALLOCATE|[32]|Bytes:8
15:52:39.2 (47523154)|ENTERING_MANAGED_PKG|
15:52:39.2 (47735527)|HEAP_ALLOCATE|[32]|Bytes:5
15:52:39.2 (47808208)|HEAP_ALLOCATE|[32]|Bytes:12
15:52:39.2 (47823662)|VARIABLE_SCOPE_BEGIN|[32]|so|SObject|true|false
15:52:39.2 (47839910)|VARIABLE_ASSIGNMENT|[32]|so|{"s":1,"v":{"Id":"00550000005cg71AAA","Name":"Jaswinder Rattanpal"}}|0x67a07384
15:52:39.2 (47845689)|STATEMENT_EXECUTE|[33]
15:52:39.2 (47847496)|STATEMENT_EXECUTE|[34]
15:52:39.2 (47905233)|HEAP_ALLOCATE|[34]|Bytes:116
15:52:39.2 (47913088)|HEAP_ALLOCATE|[34]|Bytes:5
15:52:39.2 (47957528)|METHOD_ENTRY|[5]|01p50000002eFfl|LookupSObjectControllerResult.LookupSObjectControllerResult()
15:52:39.2 (47962014)|STATEMENT_EXECUTE|[5]
15:52:39.2 (47967224)|STATEMENT_EXECUTE|[5]
15:52:39.2 (47974551)|HEAP_ALLOCATE|[34]|Bytes:5
15:52:39.2 (47989441)|METHOD_EXIT|[5]|LookupSObjectControllerResult
15:52:39.2 (48012681)|HEAP_ALLOCATE|[34]|Bytes:12
15:52:39.2 (48019790)|HEAP_ALLOCATE|[34]|Bytes:4
15:52:39.2 (48057021)|ENTERING_MANAGED_PKG|
15:52:39.2 (48117138)|HEAP_ALLOCATE|[34]|Bytes:19
15:52:39.2 (48164797)|CONSTRUCTOR_ENTRY|[34]|01p50000002eFfl|<init>(String,Id)
15:52:39.2 (48193675)|VARIABLE_SCOPE_BEGIN|[9]|this|BFFFollow.LookupSObjectControllerResult|true|false
15:52:39.2 (48244033)|VARIABLE_ASSIGNMENT|[9]|this|{}|0xdd2d67f
15:52:39.2 (48250008)|VARIABLE_SCOPE_BEGIN|[9]|sObjectLabel|String|false|false
15:52:39.2 (48260613)|VARIABLE_ASSIGNMENT|[9]|sObjectLabel|"Jaswinder Rattanpal"
15:52:39.2 (48264357)|VARIABLE_SCOPE_BEGIN|[9]|sObjectId|Id|false|false
15:52:39.2 (48357836)|VARIABLE_ASSIGNMENT|[9]|sObjectId|"00550000005cg71AAA"
15:52:39.2 (48369378)|HEAP_ALLOCATE|[11]|Bytes:5
15:52:39.2 (48373948)|STATEMENT_EXECUTE|[5]
15:52:39.2 (48376887)|HEAP_ALLOCATE|[11]|Bytes:5
15:52:39.2 (48378769)|STATEMENT_EXECUTE|[6]
15:52:39.2 (48386133)|STATEMENT_EXECUTE|[7]
15:52:39.2 (48400205)|HEAP_ALLOCATE|[11]|Bytes:6
15:52:39.2 (48434044)|STATEMENT_EXECUTE|[10]
15:52:39.2 (48436301)|STATEMENT_EXECUTE|[11]
15:52:39.2 (48511576)|VARIABLE_ASSIGNMENT|[EXTERNAL]|this|{}|0xdd2d67f
15:52:39.2 (48520853)|VARIABLE_ASSIGNMENT|[EXTERNAL]|value|"Jaswinder Rattanpal"
15:52:39.2 (48535997)|VARIABLE_ASSIGNMENT|[6]|this.SObjectLabel|"Jaswinder Rattanpal"|0xdd2d67f
15:52:39.2 (48544469)|STATEMENT_EXECUTE|[12]
15:52:39.2 (48601811)|VARIABLE_ASSIGNMENT|[EXTERNAL]|this|{"SObjectLabel":"Jaswinder Rattanpal"}|0xdd2d67f
15:52:39.2 (48658322)|VARIABLE_ASSIGNMENT|[EXTERNAL]|value|"00550000005cg71AAA"
15:52:39.2 (48719181)|VARIABLE_ASSIGNMENT|[7]|this.SObjectId|"00550000005cg71AAA"|0xdd2d67f
15:52:39.2 (48740991)|CONSTRUCTOR_EXIT|[34]|01p50000002eFfl|<init>(String,Id)
15:52:39.2 (48758640)|ENTERING_MANAGED_PKG|
15:52:39.2 (48767156)|HEAP_ALLOCATE|[EXTERNAL]|Bytes:4
15:52:39.2 (48782426)|HEAP_ALLOCATE|[32]|Bytes:5
15:52:39.2 (48795849)|VARIABLE_ASSIGNMENT|[32]|so|null|
15:52:39.2 (48799882)|STATEMENT_EXECUTE|[37]
15:52:39.2 (48813283)|SYSTEM_MODE_EXIT|false
15:52:39.48 (48874223)|CUMULATIVE_LIMIT_USAGE
15:52:39.48 (48874223)|LIMIT_USAGE_FOR_NS|(default)|
  Number of SOQL queries: 0 out of 100
  Number of query rows: 0 out of 50000
  Number of SOSL queries: 0 out of 20
  Number of DML statements: 0 out of 150
  Number of DML rows: 0 out of 10000
  Maximum CPU time: 0 out of 10000
  Maximum heap size: 0 out of 6000000
  Number of callouts: 0 out of 100
  Number of Email Invocations: 0 out of 10
  Number of future calls: 0 out of 50
  Number of queueable jobs added to the queue: 0 out of 50
  Number of Mobile Apex push calls: 0 out of 10

15:52:39.48 (48874223)|LIMIT_USAGE_FOR_NS|BFFFollow|
  Number of SOQL queries: 0 out of 100
  Number of query rows: 0 out of 50000
  Number of SOSL queries: 1 out of 20
  Number of DML statements: 0 out of 150
  Number of DML rows: 0 out of 10000
  Maximum CPU time: 0 out of 10000
  Maximum heap size: 0 out of 6000000
  Number of callouts: 0 out of 100
  Number of Email Invocations: 0 out of 10
  Number of future calls: 0 out of 50
  Number of queueable jobs added to the queue: 0 out of 50
  Number of Mobile Apex push calls: 0 out of 10

15:52:39.48 (48874223)|CUMULATIVE_LIMIT_USAGE_END

15:52:39.2 (48934263)|CODE_UNIT_FINISHED|LookupSObjectController.lookup
15:52:39.50 (50248354)|USER_INFO|[EXTERNAL]|00550000005cg71|bfffollow@jr.te|Eastern Standard Time|GMT-04:00
15:52:39.50 (50266296)|CODE_UNIT_STARTED|[EXTERNAL]|Aura
15:52:39.50 (50329257)|CODE_UNIT_FINISHED|Aura
