37.0 APEX_CODE,FINEST;APEX_PROFILING,INFO;CALLOUT,INFO;DB,INFO;SYSTEM,DEBUG;VALIDATION,INFO;VISUALFORCE,INFO;WORKFLOW,INFO
23:42:44.0 (418268)|USER_INFO|[EXTERNAL]|00550000005cg71|bfffollow@jr.te|Eastern Standard Time|GMT-04:00
23:42:44.0 (458470)|EXECUTION_STARTED
23:42:44.0 (463671)|CODE_UNIT_STARTED|[EXTERNAL]|aura
23:42:44.0 (922139)|HEAP_ALLOCATE|[72]|Bytes:3
23:42:44.0 (1024047)|HEAP_ALLOCATE|[77]|Bytes:152
23:42:44.0 (1050858)|HEAP_ALLOCATE|[342]|Bytes:408
23:42:44.0 (1069514)|HEAP_ALLOCATE|[355]|Bytes:408
23:42:44.0 (1085764)|HEAP_ALLOCATE|[467]|Bytes:48
23:42:44.0 (1119939)|HEAP_ALLOCATE|[139]|Bytes:6
23:42:44.0 (1150519)|HEAP_ALLOCATE|[EXTERNAL]|Bytes:93
23:42:44.0 (1196517)|HEAP_ALLOCATE|[EXTERNAL]|Bytes:93
23:42:44.0 (2122212)|CODE_UNIT_STARTED|[EXTERNAL]|01p50000002CIEm|ETLC_ApexBridge_Controller.execute
23:42:44.0 (2724194)|HEAP_ALLOCATE|[EXTERNAL]|Bytes:1
23:42:44.0 (2730318)|HEAP_ALLOCATE|[EXTERNAL]|Bytes:10
23:42:44.0 (2769641)|METHOD_ENTRY|[1]|01p50000002CIEm|ETLC_ApexBridge_Controller.ETLC_ApexBridge_Controller()
23:42:44.0 (2775323)|STATEMENT_EXECUTE|[1]
23:42:44.0 (2781232)|STATEMENT_EXECUTE|[1]
23:42:44.0 (2803901)|METHOD_EXIT|[1]|ETLC_ApexBridge_Controller
23:42:44.0 (2810275)|HEAP_ALLOCATE|[EXTERNAL]|Bytes:93
23:42:44.0 (2827689)|SYSTEM_MODE_ENTER|false
23:42:44.0 (2974823)|VARIABLE_SCOPE_BEGIN|[3]|dataJson|String|false|false
23:42:44.0 (3078484)|VARIABLE_ASSIGNMENT|[3]|dataJson|"{\"operation\":\"BFFFol (73 more) ..."
23:42:44.0 (3096629)|STATEMENT_EXECUTE|[3]
23:42:44.0 (3098176)|STATEMENT_EXECUTE|[4]
23:42:44.0 (5287857)|VARIABLE_SCOPE_BEGIN|[4]|data|ETLC_ApexBridge_Data|true|false
23:42:44.0 (5302241)|VARIABLE_ASSIGNMENT|[4]|data|null|
23:42:44.0 (5305190)|STATEMENT_EXECUTE|[5]
23:42:44.0 (5306738)|STATEMENT_EXECUTE|[5]
23:42:44.0 (5307793)|STATEMENT_EXECUTE|[6]
23:42:44.0 (5324601)|HEAP_ALLOCATE|[6]|Bytes:11
23:42:44.0 (5331454)|HEAP_ALLOCATE|[6]|Bytes:248
23:42:44.0 (5334663)|HEAP_ALLOCATE|[6]|Bytes:39
23:42:44.0 (5376151)|METHOD_ENTRY|[2]|01p50000002CIEo|ETLC_ApexBridge_Data.ETLC_ApexBridge_Data()
23:42:44.0 (5380000)|STATEMENT_EXECUTE|[2]
23:42:44.0 (5384643)|STATEMENT_EXECUTE|[2]
23:42:44.0 (5392493)|METHOD_EXIT|[2]|ETLC_ApexBridge_Data
23:42:44.0 (5459059)|METHOD_ENTRY|[6]|01p50000002CIEo|ETLC_ApexBridge_Data.fromJSON(String)
23:42:44.0 (5488818)|VARIABLE_SCOPE_BEGIN|[60]|strJson|String|false|false
23:42:44.0 (5499715)|VARIABLE_ASSIGNMENT|[60]|strJson|"{\"operation\":\"BFFFol (73 more) ..."
23:42:44.0 (5504252)|STATEMENT_EXECUTE|[60]
23:42:44.0 (5505610)|STATEMENT_EXECUTE|[61]
23:42:44.0 (5515128)|HEAP_ALLOCATE|[61]|Bytes:20
23:42:44.0 (5544534)|HEAP_ALLOCATE|[50]|Bytes:5
23:42:44.0 (5572538)|HEAP_ALLOCATE|[56]|Bytes:5
23:42:44.0 (5581145)|HEAP_ALLOCATE|[64]|Bytes:7
23:42:44.0 (5687338)|HEAP_ALLOCATE|[61]|Bytes:24
23:42:44.0 (5702321)|SYSTEM_METHOD_ENTRY|[1]|Type.Type()
23:42:44.0 (5705525)|STATEMENT_EXECUTE|[1]
23:42:44.0 (5715870)|SYSTEM_METHOD_EXIT|[1]|Type
23:42:44.0 (5722645)|HEAP_ALLOCATE|[61]|Bytes:8
23:42:44.0 (5744533)|HEAP_ALLOCATE|[61]|Bytes:8
23:42:44.0 (5753815)|VARIABLE_SCOPE_BEGIN|[4]|this|System.Type|true|false
23:42:44.0 (5796067)|VARIABLE_ASSIGNMENT|[4]|this|{}|0xa5ce792
23:42:44.0 (5800819)|VARIABLE_SCOPE_BEGIN|[4]|apextype|java:common.apex.runtime.ApexObjectType|true|false
23:42:44.0 (5950676)|VARIABLE_ASSIGNMENT|[4]|apextype|"ETLC_ApexBridge_Data"|0x57025579
23:42:44.0 (6020687)|HEAP_ALLOCATE|[61]|Bytes:8
23:42:44.0 (6063405)|HEAP_ALLOCATE|[61]|Bytes:24
23:42:44.0 (6076836)|SYSTEM_METHOD_ENTRY|[1]|JSON.JSON()
23:42:44.0 (6079520)|STATEMENT_EXECUTE|[1]
23:42:44.0 (6087607)|SYSTEM_METHOD_EXIT|[1]|JSON
23:42:44.0 (6104833)|METHOD_ENTRY|[61]||System.JSON.deserializeStrict(String, System.Type)
23:42:44.0 (6757040)|METHOD_EXIT|[61]||System.JSON.deserializeStrict(String, System.Type)
23:42:44.0 (6768268)|METHOD_EXIT|[6]|01p50000002CIEo|ETLC_ApexBridge_Data.fromJSON(String)
23:42:44.0 (6832268)|VARIABLE_ASSIGNMENT|[6]|data|{"debug":true,"input":"{\"mode\":\"fetchFollow (9 more) ...","operation":"BFFFollow_Controller"}|0x3825ce09
23:42:44.0 (6837602)|STATEMENT_EXECUTE|[7]
23:42:44.0 (6847474)|HEAP_ALLOCATE|[7]|Bytes:6
23:42:44.0 (6929664)|HEAP_ALLOCATE|[7]|Bytes:177
23:42:44.0 (6957874)|HEAP_ALLOCATE|[7]|Bytes:183
23:42:44.0 (7003932)|USER_DEBUG|[7]|DEBUG|data::ETLC_ApexBridge_Data:[debug=true, input={"mode":"fetchFollowedUsers"}, isSuccess=null, messages=null, operation=BFFFollow_Controller, output=null, outputFlag=null, records=null]
23:42:44.0 (7013889)|STATEMENT_EXECUTE|[8]
23:42:44.0 (7075676)|VARIABLE_ASSIGNMENT|[EXTERNAL]|this|{"debug":true,"input":"{\"mode\":\"fetchFollow (9 more) ...","operation":"BFFFollow_Controller"}|0x3825ce09
23:42:44.0 (7096618)|METHOD_ENTRY|[8]||System.Type.forName(String)
23:42:44.0 (9258800)|METHOD_EXIT|[8]||System.Type.forName(String)
23:42:44.0 (9275519)|METHOD_ENTRY|[8]||System.Type.newInstance()
23:42:44.0 (10673411)|STATEMENT_EXECUTE|[1]
23:42:44.0 (10687164)|HEAP_ALLOCATE|[33]|Bytes:5
23:42:44.0 (10708040)|METHOD_EXIT|[1]|BFFFollow_Controller
23:42:44.0 (10727881)|HEAP_ALLOCATE|[33]|Bytes:4
23:42:44.0 (10740141)|VARIABLE_SCOPE_BEGIN|[1]|this|BFFFollow_Controller|true|false
23:42:44.0 (10763944)|VARIABLE_ASSIGNMENT|[1]|this|{}|0x6830fdc5
23:42:44.0 (10772755)|HEAP_ALLOCATE|[33]|Bytes:5
23:42:44.0 (10781257)|HEAP_ALLOCATE|[33]|Bytes:11
23:42:44.0 (10802720)|METHOD_ENTRY|[1]|01p50000002CIEj|ETLC_ApexBridge_Abstract.ETLC_ApexBridge_Abstract()
23:42:44.0 (10806331)|STATEMENT_EXECUTE|[1]
23:42:44.0 (10810304)|STATEMENT_EXECUTE|[1]
23:42:44.0 (10817093)|METHOD_EXIT|[1]|ETLC_ApexBridge_Abstract
23:42:44.0 (10825248)|CONSTRUCTOR_ENTRY|[EXTERNAL]|01p50000002CIEj|<init>()
23:42:44.0 (10845784)|VARIABLE_SCOPE_BEGIN|[1]|this|ETLC_ApexBridge_Abstract|true|false
23:42:44.0 (10880304)|VARIABLE_ASSIGNMENT|[1]|this|{}|0x6830fdc5
23:42:44.0 (10906386)|STATEMENT_EXECUTE|[1]
23:42:44.0 (10913419)|CONSTRUCTOR_EXIT|[EXTERNAL]|01p50000002CIEj|<init>()
23:42:44.0 (10921584)|STATEMENT_EXECUTE|[1]
23:42:44.0 (10929055)|HEAP_ALLOCATE|[33]|Bytes:5
23:42:44.0 (10966211)|METHOD_EXIT|[8]||System.Type.newInstance()
23:42:44.0 (10979000)|VARIABLE_SCOPE_BEGIN|[8]|executor|ETLC_ApexBridge_Abstract|true|false
23:42:44.0 (11004823)|VARIABLE_ASSIGNMENT|[8]|executor|{}|0x6830fdc5
23:42:44.0 (11011135)|STATEMENT_EXECUTE|[9]
23:42:44.0 (11066395)|METHOD_ENTRY|[9]|01p50000002D8iw|BFFFollow_Controller.process(ETLC_ApexBridge_Data)
23:42:44.0 (11093434)|VARIABLE_SCOPE_BEGIN|[3]|this|BFFFollow_Controller|true|false
23:42:44.0 (11111907)|VARIABLE_ASSIGNMENT|[3]|this|{}|0x6830fdc5
23:42:44.0 (11116873)|VARIABLE_SCOPE_BEGIN|[3]|data|ETLC_ApexBridge_Data|true|false
23:42:44.0 (11144945)|VARIABLE_ASSIGNMENT|[3]|data|{"debug":true,"input":"{\"mode\":\"fetchFollow (9 more) ...","operation":"BFFFollow_Controller"}|0x3825ce09
23:42:44.0 (11155122)|HEAP_ALLOCATE|[4]|Bytes:5
23:42:44.0 (11159400)|STATEMENT_EXECUTE|[3]
23:42:44.0 (11160716)|STATEMENT_EXECUTE|[4]
23:42:44.0 (11257574)|VARIABLE_ASSIGNMENT|[EXTERNAL]|this|{"debug":true,"input":"{\"mode\":\"fetchFollow (9 more) ...","operation":"BFFFollow_Controller"}|0x3825ce09
23:42:44.0 (11292341)|VARIABLE_ASSIGNMENT|[4]|BFFFollow_Controller.debugFlag|true
23:42:44.0 (11358639)|VARIABLE_ASSIGNMENT|[EXTERNAL]|this|{"debug":true,"input":"{\"mode\":\"fetchFollow (9 more) ...","operation":"BFFFollow_Controller"}|0x3825ce09
23:42:44.0 (11376418)|STATEMENT_EXECUTE|[5]
23:42:44.0 (11386463)|HEAP_ALLOCATE|[5]|Bytes:12
23:42:44.0 (11429550)|HEAP_ALLOCATE|[5]|Bytes:177
23:42:44.0 (11446310)|HEAP_ALLOCATE|[5]|Bytes:189
23:42:44.0 (11461804)|USER_DEBUG|[5]|DEBUG|data BEFORE:ETLC_ApexBridge_Data:[debug=true, input={"mode":"fetchFollowedUsers"}, isSuccess=null, messages=null, operation=BFFFollow_Controller, output=null, outputFlag=null, records=null]
23:42:44.0 (11468433)|STATEMENT_EXECUTE|[7]
23:42:44.0 (11475812)|HEAP_ALLOCATE|[7]|Bytes:4
23:42:44.0 (11498744)|METHOD_ENTRY|[7]|01p50000002CIEo|ETLC_ApexBridge_Data.getInputValue(String)
23:42:44.0 (11522671)|VARIABLE_SCOPE_BEGIN|[52]|this|ETLC_ApexBridge_Data|true|false
23:42:44.0 (11553493)|VARIABLE_ASSIGNMENT|[52]|this|{"debug":true,"input":"{\"mode\":\"fetchFollow (9 more) ...","operation":"BFFFollow_Controller"}|0x3825ce09
23:42:44.0 (11560174)|VARIABLE_SCOPE_BEGIN|[52]|key|String|false|false
23:42:44.0 (11564208)|VARIABLE_ASSIGNMENT|[52]|key|"mode"
23:42:44.0 (11568407)|STATEMENT_EXECUTE|[52]
23:42:44.0 (11569792)|STATEMENT_EXECUTE|[53]
23:42:44.0 (11625216)|VARIABLE_ASSIGNMENT|[EXTERNAL]|this|{"debug":true,"input":"{\"mode\":\"fetchFollow (9 more) ...","operation":"BFFFollow_Controller"}|0x3825ce09
23:42:44.0 (11645569)|METHOD_ENTRY|[53]||System.JSON.deserializeUntyped(String)
23:42:44.0 (11981575)|METHOD_EXIT|[53]||System.JSON.deserializeUntyped(String)
23:42:44.0 (11995344)|VARIABLE_SCOPE_BEGIN|[53]|inputMap|Map<String,ANY>|true|false
23:42:44.0 (12028118)|VARIABLE_ASSIGNMENT|[53]|inputMap|{"s":1,"v":{"mode":"fetchFollowedUsers"}}|0x4b41a9c5
23:42:44.0 (12033196)|STATEMENT_EXECUTE|[54]
23:42:44.0 (12100829)|METHOD_EXIT|[7]|01p50000002CIEo|ETLC_ApexBridge_Data.getInputValue(String)
23:42:44.0 (12107710)|VARIABLE_SCOPE_BEGIN|[7]|mode|String|false|false
23:42:44.0 (12115271)|VARIABLE_ASSIGNMENT|[7]|mode|"fetchFollowedUsers"
23:42:44.0 (12120585)|HEAP_ALLOCATE|[9]|Bytes:18
23:42:44.0 (12148989)|STATEMENT_EXECUTE|[9]
23:42:44.0 (12150794)|STATEMENT_EXECUTE|[10]
23:42:44.0 (12200451)|HEAP_ALLOCATE|[10]|Bytes:85
23:42:44.0 (12216861)|SYSTEM_METHOD_ENTRY|[1]|UserInfo.UserInfo()
23:42:44.0 (12220060)|STATEMENT_EXECUTE|[1]
23:42:44.0 (12228760)|SYSTEM_METHOD_EXIT|[1]|UserInfo
23:42:44.0 (12244294)|METHOD_ENTRY|[10]||System.UserInfo.getUserId()
23:42:44.0 (12286890)|METHOD_EXIT|[10]||System.UserInfo.getUserId()
23:42:44.0 (12303224)|HEAP_ALLOCATE|[10]|Bytes:4
23:42:44.0 (12317294)|METHOD_ENTRY|[10]|01p50000002D8iw|BFFFollow_Controller.fetchFollowedUsers(Id)
23:42:44.0 (12327562)|VARIABLE_SCOPE_BEGIN|[24]|this|BFFFollow_Controller|true|false
23:42:44.0 (12345300)|VARIABLE_ASSIGNMENT|[24]|this|{}|0x6830fdc5
23:42:44.0 (12350357)|VARIABLE_SCOPE_BEGIN|[24]|followedById|Id|false|false
23:42:44.0 (12467421)|VARIABLE_ASSIGNMENT|[24]|followedById|"00550000005cg71AAA"
23:42:44.0 (12478882)|HEAP_ALLOCATE|[25]|Bytes:5
23:42:44.0 (12483119)|STATEMENT_EXECUTE|[24]
23:42:44.0 (12484432)|STATEMENT_EXECUTE|[25]
23:42:44.0 (12492836)|HEAP_ALLOCATE|[25]|Bytes:63
23:42:44.0 (12530666)|HEAP_ALLOCATE|[25]|Bytes:18
23:42:44.0 (12542134)|HEAP_ALLOCATE|[25]|Bytes:9
23:42:44.0 (12552534)|HEAP_ALLOCATE|[25]|Bytes:90
23:42:44.0 (12557391)|VARIABLE_SCOPE_BEGIN|[25]|soql|String|false|false
23:42:44.0 (12566367)|VARIABLE_ASSIGNMENT|[25]|soql|"SELECT FollowedUsers (70 more) ..."
23:42:44.0 (12569024)|STATEMENT_EXECUTE|[26]
23:42:44.0 (12570166)|STATEMENT_EXECUTE|[26]
23:42:44.0 (12576243)|STATEMENT_EXECUTE|[27]
23:42:44.0 (12577447)|STATEMENT_EXECUTE|[27]
23:42:44.0 (12584987)|HEAP_ALLOCATE|[27]|Bytes:24
23:42:44.0 (12591384)|HEAP_ALLOCATE|[27]|Bytes:114
23:42:44.0 (12619616)|USER_DEBUG|[27]|DEBUG|fetchFollowedUsers:soql:SELECT FollowedUsers__c FROM BFFFollow__c WHERE FollowedBy__c='00550000005cg71AAA' limit 1
23:42:44.0 (12626519)|STATEMENT_EXECUTE|[28]
23:42:44.0 (15136713)|HEAP_ALLOCATE|[28]|Bytes:9
23:42:44.0 (15144665)|HEAP_ALLOCATE|[28]|Bytes:29
23:42:44.0 (15148353)|HEAP_ALLOCATE|[28]|Bytes:21
23:42:44.0 (15171165)|METHOD_ENTRY|[7]|01p50000002CIEt|ETLC_SecuredDB.ETLC_SecuredDB()
23:42:44.0 (15174728)|STATEMENT_EXECUTE|[7]
23:42:44.0 (15179035)|STATEMENT_EXECUTE|[7]
23:42:44.0 (15184758)|HEAP_ALLOCATE|[28]|Bytes:5
23:42:44.0 (15197015)|METHOD_EXIT|[7]|ETLC_SecuredDB
23:42:44.0 (15224323)|METHOD_ENTRY|[28]|01p50000002CIEt|ETLC_SecuredDB.query(String)
23:42:44.0 (15247234)|VARIABLE_SCOPE_BEGIN|[10]|SOQL|String|false|false
23:42:44.0 (15256599)|VARIABLE_ASSIGNMENT|[10]|SOQL|"SELECT FollowedUsers (70 more) ..."
23:42:44.0 (15265246)|HEAP_ALLOCATE|[12]|Bytes:5
23:42:44.0 (15269449)|STATEMENT_EXECUTE|[10]
23:42:44.0 (15271123)|STATEMENT_EXECUTE|[12]
23:42:44.0 (16500784)|SOQL_EXECUTE_BEGIN|[12]|Aggregations:0|SELECT FollowedUsers__c FROM BFFFollow__c WHERE FollowedBy__c='00550000005cg71AAA' limit 1
23:42:44.0 (22591398)|SOQL_EXECUTE_END|[12]|Rows:1
23:42:44.0 (22624993)|HEAP_ALLOCATE|[12]|Bytes:8
23:42:44.0 (22638752)|HEAP_ALLOCATE|[12]|Bytes:101
23:42:44.0 (22719692)|HEAP_ALLOCATE|[12]|Bytes:8
23:42:44.0 (22747293)|VARIABLE_SCOPE_BEGIN|[12]|dbRecords|List<SObject>|true|false
23:42:44.0 (22807233)|VARIABLE_ASSIGNMENT|[12]|dbRecords|{"s":1,"v":[{"s":2,"v":{"FollowedUsers__c":"[{\"id\":\"00550000005d (28 more) ...","Id":"a005000000ezW4dAAE"}}]}|0x1c9ad35b
23:42:44.0 (22812599)|STATEMENT_EXECUTE|[20]
23:42:44.0 (23150358)|HEAP_ALLOCATE|[20]|Bytes:12
23:42:44.0 (23159643)|HEAP_ALLOCATE|[20]|Bytes:8
23:42:44.0 (23248003)|HEAP_ALLOCATE|[20]|Bytes:12
23:42:44.0 (23254190)|HEAP_ALLOCATE|[20]|Bytes:9
23:42:44.0 (23268650)|HEAP_ALLOCATE|[20]|Bytes:12
23:42:44.0 (23272137)|HEAP_ALLOCATE|[20]|Bytes:8
23:42:44.0 (23282958)|HEAP_ALLOCATE|[20]|Bytes:12
23:42:44.0 (23286252)|HEAP_ALLOCATE|[20]|Bytes:8
23:42:44.0 (23296551)|HEAP_ALLOCATE|[20]|Bytes:12
23:42:44.0 (23299884)|HEAP_ALLOCATE|[20]|Bytes:9
23:42:44.0 (23338546)|METHOD_ENTRY|[20]|01p50000002CIEt|ETLC_SecuredDB.findFields(List<SObject>)
23:42:44.0 (23378422)|VARIABLE_SCOPE_BEGIN|[108]|dbRecords|List<SObject>|true|false
23:42:44.0 (23402036)|VARIABLE_ASSIGNMENT|[108]|dbRecords|{"s":1,"v":[{"s":2,"v":{"FollowedUsers__c":"[{\"id\":\"00550000005d (28 more) ...","Id":"a005000000ezW4dAAE"}}]}|0x1c9ad35b
23:42:44.0 (23414590)|HEAP_ALLOCATE|[109]|Bytes:5
23:42:44.0 (23418945)|STATEMENT_EXECUTE|[108]
23:42:44.0 (23420775)|STATEMENT_EXECUTE|[109]
23:42:44.0 (23430832)|VARIABLE_SCOPE_BEGIN|[109]|strJSON|String|false|false
23:42:44.0 (23436939)|VARIABLE_ASSIGNMENT|[109]|strJSON|null
23:42:44.0 (23438885)|STATEMENT_EXECUTE|[110]
23:42:44.0 (23444062)|VARIABLE_SCOPE_BEGIN|[110]|mapFields|Map<String,Set<String>>|true|false
23:42:44.0 (23448758)|VARIABLE_ASSIGNMENT|[110]|mapFields|null|
23:42:44.0 (23450794)|STATEMENT_EXECUTE|[112]
23:42:44.0 (23466199)|METHOD_ENTRY|[112]||System.JSON.serialize(Object)
23:42:44.0 (23955042)|METHOD_EXIT|[112]||System.JSON.serialize(Object)
23:42:44.0 (23970240)|VARIABLE_ASSIGNMENT|[112]|strJSON|"[{\"attributes\":{\"typ (194 more) ..."
23:42:44.0 (23973826)|STATEMENT_EXECUTE|[113]
23:42:44.0 (23983254)|HEAP_ALLOCATE|[113]|Bytes:5
23:42:44.0 (23996929)|HEAP_ALLOCATE|[113]|Bytes:219
23:42:44.0 (24035246)|USER_DEBUG|[113]|DEBUG|JSON:[{"attributes":{"type":"BFFFollow__c","url":"/services/data/v37.0/sobjects/BFFFollow__c/a005000000ezW4dAAE"},"FollowedUsers__c":"[{\"id\":\"00550000005d7KnAAI\",\"name\":\"Test User\"}]","Id":"a005000000ezW4dAAE"}]
23:42:44.0 (24044764)|STATEMENT_EXECUTE|[114]
23:42:44.0 (24054073)|HEAP_ALLOCATE|[114]|Bytes:4
23:42:44.0 (24118565)|VARIABLE_ASSIGNMENT|[114]|mapFields|{"s":1,"v":{}}|0x28e2a069
23:42:44.0 (24122728)|STATEMENT_EXECUTE|[115]
23:42:44.0 (24136978)|METHOD_ENTRY|[115]||System.JSON.deserializeUntyped(String)
23:42:44.0 (24548563)|METHOD_EXIT|[115]||System.JSON.deserializeUntyped(String)
23:42:44.0 (24557991)|VARIABLE_SCOPE_BEGIN|[115]|records|List<ANY>|true|false
23:42:44.0 (24585736)|HEAP_ALLOCATE|[EXTERNAL]|Bytes:8
23:42:44.0 (24612158)|VARIABLE_ASSIGNMENT|[115]|records|{"s":1,"v":[{"s":2,"v":{"attributes":{"s":3,"v":{"type":"BFFFollow__c","url":"/services/data/v37.0 (41 more) ..."}},"FollowedUsers__c":"[{\"id\":\"00550000005d (28 more) ...","Id":"a005000000ezW4dAAE"}}]}|0x4fca615a
23:42:44.0 (24662157)|HEAP_ALLOCATE|[116]|Bytes:5
23:42:44.0 (24679760)|HEAP_ALLOCATE|[116]|Bytes:16
23:42:44.0 (24690869)|VARIABLE_SCOPE_BEGIN|[116]|record|Object|false|false
23:42:44.0 (24713170)|VARIABLE_ASSIGNMENT|[116]|record|{"s":1,"v":{"attributes":{"s":2,"v":{"type":"BFFFollow__c","url":"/services/data/v37.0 (41 more) ..."}},"FollowedUsers__c":"[{\"id\":\"00550000005d (28 more) ...","Id":"a005000000ezW4dAAE"}}
23:42:44.0 (24717941)|STATEMENT_EXECUTE|[116]
23:42:44.0 (24719273)|STATEMENT_EXECUTE|[117]
23:42:44.0 (24744261)|METHOD_ENTRY|[117]|01p50000002CIEt|ETLC_SecuredDB.findFieldsRecursive(Map<String,Set<String>>, Map<String,ANY>)
23:42:44.0 (24771040)|VARIABLE_SCOPE_BEGIN|[124]|mapFields|Map<String,Set<String>>|true|false
23:42:44.0 (24785062)|VARIABLE_ASSIGNMENT|[124]|mapFields|{"s":1,"v":{}}|0x28e2a069
23:42:44.0 (24793269)|VARIABLE_SCOPE_BEGIN|[124]|record|Map<String,ANY>|true|false
23:42:44.0 (24817033)|VARIABLE_ASSIGNMENT|[124]|record|{"s":1,"v":{"attributes":{"s":2,"v":{"type":"BFFFollow__c","url":"/services/data/v37.0 (41 more) ..."}},"FollowedUsers__c":"[{\"id\":\"00550000005d (28 more) ...","Id":"a005000000ezW4dAAE"}}|0x58ebe219
23:42:44.0 (24831187)|HEAP_ALLOCATE|[125]|Bytes:5
23:42:44.0 (24838093)|STATEMENT_EXECUTE|[124]
23:42:44.0 (24840778)|STATEMENT_EXECUTE|[125]
23:42:44.0 (24854682)|HEAP_ALLOCATE|[125]|Bytes:10
23:42:44.0 (24860871)|VARIABLE_SCOPE_BEGIN|[125]|strAttributes|String|false|false
23:42:44.0 (24868260)|VARIABLE_ASSIGNMENT|[125]|strAttributes|"attributes"
23:42:44.0 (24870407)|STATEMENT_EXECUTE|[126]
23:42:44.0 (24875551)|HEAP_ALLOCATE|[126]|Bytes:7
23:42:44.0 (24878980)|VARIABLE_SCOPE_BEGIN|[126]|strRecord|String|false|false
23:42:44.0 (24883523)|VARIABLE_ASSIGNMENT|[126]|strRecord|"records"
23:42:44.0 (24933299)|STATEMENT_EXECUTE|[127]
23:42:44.0 (24935976)|STATEMENT_EXECUTE|[128]
23:42:44.0 (25001723)|VARIABLE_SCOPE_BEGIN|[128]|attributes|Map<String,ANY>|true|false
23:42:44.0 (25025630)|VARIABLE_ASSIGNMENT|[128]|attributes|{"s":1,"v":{"type":"BFFFollow__c","url":"/services/data/v37.0 (41 more) ..."}}|0x65405ba
23:42:44.0 (25031579)|STATEMENT_EXECUTE|[129]
23:42:44.0 (25043175)|HEAP_ALLOCATE|[129]|Bytes:4
23:42:44.0 (25094866)|VARIABLE_SCOPE_BEGIN|[129]|objectName|String|false|false
23:42:44.0 (25107124)|VARIABLE_ASSIGNMENT|[129]|objectName|"BFFFollow__c"
23:42:44.0 (25119609)|HEAP_ALLOCATE|[130]|Bytes:4
23:42:44.0 (25210945)|HEAP_ALLOCATE|[130]|Bytes:44
23:42:44.0 (25242179)|HEAP_ALLOCATE|[130]|Bytes:12
23:42:44.0 (25288231)|HEAP_ALLOCATE|[130]|Bytes:5
23:42:44.0 (25312351)|VARIABLE_SCOPE_BEGIN|[130]|fieldName|String|false|false
23:42:44.0 (25324101)|VARIABLE_ASSIGNMENT|[130]|fieldName|"attributes"
23:42:44.0 (25328739)|STATEMENT_EXECUTE|[130]
23:42:44.0 (25331275)|STATEMENT_EXECUTE|[131]
23:42:44.0 (25398733)|VARIABLE_SCOPE_BEGIN|[131]|field|Object|false|false
23:42:44.0 (25427485)|VARIABLE_ASSIGNMENT|[131]|field|{"s":1,"v":{"type":"BFFFollow__c","url":"/services/data/v37.0 (41 more) ..."}}
23:42:44.0 (25452657)|STATEMENT_EXECUTE|[132]
23:42:44.0 (25477337)|HEAP_ALLOCATE|[130]|Bytes:5
23:42:44.0 (25499736)|VARIABLE_SCOPE_BEGIN|[130]|fieldName|String|false|false
23:42:44.0 (25511694)|VARIABLE_ASSIGNMENT|[130]|fieldName|"FollowedUsers__c"
23:42:44.0 (25515048)|STATEMENT_EXECUTE|[130]
23:42:44.0 (25516194)|STATEMENT_EXECUTE|[131]
23:42:44.0 (25540036)|VARIABLE_SCOPE_BEGIN|[131]|field|Object|false|false
23:42:44.0 (25550830)|VARIABLE_ASSIGNMENT|[131]|field|"[{\"id\":\"00550000005d (28 more) ..."
23:42:44.0 (25563887)|HEAP_ALLOCATE|[134]|Bytes:68
23:42:44.0 (25586300)|STATEMENT_EXECUTE|[136]
23:42:44.0 (25588039)|STATEMENT_EXECUTE|[137]
23:42:44.0 (25598617)|HEAP_ALLOCATE|[137]|Bytes:4
23:42:44.0 (25634676)|VARIABLE_SCOPE_BEGIN|[137]|fieldNames|Set<String>|true|false
23:42:44.0 (25657967)|VARIABLE_ASSIGNMENT|[137]|fieldNames|{"s":1,"v":[]}|0x27547a6b
23:42:44.0 (25693966)|STATEMENT_EXECUTE|[138]
23:42:44.0 (25700456)|STATEMENT_EXECUTE|[139]
23:42:44.0 (25729185)|HEAP_ALLOCATE|[EXTERNAL]|Bytes:4
23:42:44.0 (25737315)|STATEMENT_EXECUTE|[140]
23:42:44.0 (25767471)|HEAP_ALLOCATE|[EXTERNAL]|Bytes:-4
23:42:44.0 (25782427)|HEAP_ALLOCATE|[130]|Bytes:5
23:42:44.0 (25797667)|VARIABLE_SCOPE_BEGIN|[130]|fieldName|String|false|false
23:42:44.0 (25805896)|VARIABLE_ASSIGNMENT|[130]|fieldName|"Id"
23:42:44.0 (25808568)|STATEMENT_EXECUTE|[130]
23:42:44.0 (25809778)|STATEMENT_EXECUTE|[131]
23:42:44.0 (25834459)|VARIABLE_SCOPE_BEGIN|[131]|field|Object|false|false
23:42:44.0 (25843365)|VARIABLE_ASSIGNMENT|[131]|field|"a005000000ezW4dAAE"
23:42:44.0 (25860768)|STATEMENT_EXECUTE|[136]
23:42:44.0 (25862426)|STATEMENT_EXECUTE|[137]
23:42:44.0 (25870507)|HEAP_ALLOCATE|[137]|Bytes:4
23:42:44.0 (25882196)|VARIABLE_SCOPE_BEGIN|[137]|fieldNames|Set<String>|true|false
23:42:44.0 (25900902)|VARIABLE_ASSIGNMENT|[137]|fieldNames|{"s":1,"v":[]}|0x2028afb2
23:42:44.0 (25915166)|STATEMENT_EXECUTE|[138]
23:42:44.0 (25949149)|VARIABLE_ASSIGNMENT|[138]|fieldNames|{"s":1,"v":["FollowedUsers__c"]}|0x27547a6b
23:42:44.0 (25953199)|STATEMENT_EXECUTE|[139]
23:42:44.0 (25965056)|HEAP_ALLOCATE|[EXTERNAL]|Bytes:4
23:42:44.0 (25970990)|STATEMENT_EXECUTE|[140]
23:42:44.0 (25993767)|HEAP_ALLOCATE|[130]|Bytes:5
23:42:44.0 (26005634)|VARIABLE_ASSIGNMENT|[130]|fieldName|null
23:42:44.0 (26016779)|METHOD_EXIT|[117]|01p50000002CIEt|ETLC_SecuredDB.findFieldsRecursive(Map<String,Set<String>>, Map<String,ANY>)
23:42:44.0 (26026883)|HEAP_ALLOCATE|[116]|Bytes:5
23:42:44.0 (26041580)|VARIABLE_ASSIGNMENT|[116]|record|null
23:42:44.0 (26048008)|HEAP_ALLOCATE|[119]|Bytes:4
23:42:44.0 (26080817)|HEAP_ALLOCATE|[119]|Bytes:20
23:42:44.0 (26094154)|HEAP_ALLOCATE|[119]|Bytes:4
23:42:44.0 (26111721)|HEAP_ALLOCATE|[119]|Bytes:5
23:42:44.0 (26124007)|VARIABLE_SCOPE_BEGIN|[119]|objectName|String|false|false
23:42:44.0 (26131532)|VARIABLE_ASSIGNMENT|[119]|objectName|"BFFFollow__c"
23:42:44.0 (26134171)|STATEMENT_EXECUTE|[119]
23:42:44.0 (26135433)|STATEMENT_EXECUTE|[120]
23:42:44.0 (26143196)|HEAP_ALLOCATE|[120]|Bytes:2
23:42:44.0 (26201413)|HEAP_ALLOCATE|[120]|Bytes:22
23:42:44.0 (26214899)|HEAP_ALLOCATE|[120]|Bytes:36
23:42:44.0 (26226617)|USER_DEBUG|[120]|DEBUG|BFFFollow__c: {FollowedUsers__c, Id}
23:42:44.0 (26239156)|HEAP_ALLOCATE|[119]|Bytes:5
23:42:44.0 (26250275)|VARIABLE_ASSIGNMENT|[119]|objectName|null
23:42:44.0 (26253640)|STATEMENT_EXECUTE|[122]
23:42:44.0 (26266148)|METHOD_EXIT|[20]|01p50000002CIEt|ETLC_SecuredDB.findFields(List<SObject>)
23:42:44.0 (26286902)|METHOD_ENTRY|[20]|01p50000002CIEt|ETLC_SecuredDB.validate(ETLC_SecuredDB.Operation, Map<String,Set<String>>)
23:42:44.0 (26295948)|VARIABLE_SCOPE_BEGIN|[55]|op|ETLC_SecuredDB.Operation|true|false
23:42:44.0 (26317970)|VARIABLE_ASSIGNMENT|[55]|op|"Querying"|0x7d637c73
23:42:44.0 (26322869)|VARIABLE_SCOPE_BEGIN|[55]|mapFieldNames|Map<String,Set<String>>|true|false
23:42:44.0 (26339560)|VARIABLE_ASSIGNMENT|[55]|mapFieldNames|{"s":1,"v":{"BFFFollow__c":{"s":2,"v":["FollowedUsers__c","Id"]}}}|0x28e2a069
23:42:44.0 (26348697)|HEAP_ALLOCATE|[56]|Bytes:5
23:42:44.0 (26352802)|STATEMENT_EXECUTE|[55]
23:42:44.0 (26354444)|STATEMENT_EXECUTE|[56]
23:42:44.0 (26362248)|VARIABLE_SCOPE_BEGIN|[56]|securityMessage|String|false|false
23:42:44.0 (26367386)|VARIABLE_ASSIGNMENT|[56]|securityMessage|null
23:42:44.0 (26369089)|STATEMENT_EXECUTE|[57]
23:42:44.0 (43730916)|HEAP_ALLOCATE|[57]|Bytes:1440
23:42:44.0 (43767263)|VARIABLE_SCOPE_BEGIN|[57]|mapObjects|Map<String,Schema.SObjectType>|true|false
23:42:44.0 (44085310)|VARIABLE_ASSIGNMENT|[57]|mapObjects|"{acceptedeventrelation=AcceptedEventRelation, account=Account, accountcontactrole=AccountContactRole, accountfeed=AccountFeed, accounthistory=AccountHistory, accountpartner=AccountPartner, accountshare=AccountShare, actionlinkgrouptemplate=ActionLinkGroupTemplate, actionlinktemplate=ActionLinkTemplate, activityhistory=ActivityHistory, ...}"|0x7960d696
23:42:44.0 (44099068)|HEAP_ALLOCATE|[58]|Bytes:4
23:42:44.0 (44169920)|HEAP_ALLOCATE|[58]|Bytes:20
23:42:44.0 (44189230)|HEAP_ALLOCATE|[58]|Bytes:4
23:42:44.0 (44212658)|HEAP_ALLOCATE|[58]|Bytes:5
23:42:44.0 (44229142)|VARIABLE_SCOPE_BEGIN|[58]|sObjectName|String|false|false
23:42:44.0 (44240774)|VARIABLE_ASSIGNMENT|[58]|sObjectName|"BFFFollow__c"
23:42:44.0 (44245210)|STATEMENT_EXECUTE|[58]
23:42:44.0 (44247210)|STATEMENT_EXECUTE|[59]
23:42:44.0 (44260835)|HEAP_ALLOCATE|[59]|Bytes:9
23:42:44.0 (44265104)|HEAP_ALLOCATE|[59]|Bytes:7
23:42:44.0 (44647837)|HEAP_ALLOCATE|[59]|Bytes:8
23:42:44.0 (44670851)|HEAP_ALLOCATE|[59]|Bytes:1
23:42:44.0 (44695632)|HEAP_ALLOCATE|[59]|Bytes:37
23:42:44.0 (44714851)|VARIABLE_ASSIGNMENT|[59]|securityMessage|"CRUD on [BFFFollow__ (17 more) ..."
23:42:44.0 (44719869)|STATEMENT_EXECUTE|[60]
23:42:44.0 (44733528)|HEAP_ALLOCATE|[60]|Bytes:10
23:42:44.0 (44748378)|HEAP_ALLOCATE|[60]|Bytes:47
23:42:44.0 (44795440)|USER_DEBUG|[60]|DEBUG|Checking: CRUD on [BFFFollow__c] for [Querying]
23:42:44.0 (44805042)|STATEMENT_EXECUTE|[61]
23:42:44.0 (45150666)|HEAP_ALLOCATE|[61]|Bytes:4
23:42:44.0 (45199694)|VARIABLE_SCOPE_BEGIN|[61]|drSObj|Schema.DescribeSObjectResult|true|false
23:42:44.0 (45287740)|VARIABLE_ASSIGNMENT|[61]|drSObj|"common.api.soap.wsdl.DescribeSObjectResult@a54f9caa"|0x22ba3148
23:42:44.0 (45453538)|STATEMENT_EXECUTE|[64]
23:42:44.0 (45484257)|STATEMENT_EXECUTE|[65]
23:42:44.0 (45542738)|STATEMENT_EXECUTE|[77]
23:42:44.0 (45545323)|STATEMENT_EXECUTE|[79]
23:42:44.0 (45779933)|HEAP_ALLOCATE|[79]|Bytes:56
23:42:44.0 (45797286)|VARIABLE_SCOPE_BEGIN|[79]|mapFields|Map<String,Schema.SObjectField>|true|false
23:42:44.0 (45950752)|VARIABLE_ASSIGNMENT|[79]|mapFields|"{createdbyid=CreatedById, createddate=CreatedDate, followedby__c=FollowedBy__c, followedusers__c=FollowedUsers__c, id=Id, isdeleted=IsDeleted, lastmodifiedbyid=LastModifiedById, lastmodifieddate=LastModifiedDate, lastreferenceddate=LastReferencedDate, lastvieweddate=LastViewedDate, ...}"|0x39f3d993
23:42:44.0 (45961105)|HEAP_ALLOCATE|[80]|Bytes:4
23:42:44.0 (46012126)|HEAP_ALLOCATE|[80]|Bytes:8
23:42:44.0 (46034340)|HEAP_ALLOCATE|[80]|Bytes:5
23:42:44.0 (46049472)|VARIABLE_SCOPE_BEGIN|[80]|fieldName|String|false|false
23:42:44.0 (46059204)|VARIABLE_ASSIGNMENT|[80]|fieldName|"FollowedUsers__c"
23:42:44.0 (46062309)|STATEMENT_EXECUTE|[80]
23:42:44.0 (46063665)|STATEMENT_EXECUTE|[81]
23:42:44.0 (47061669)|HEAP_ALLOCATE|[81]|Bytes:8
23:42:44.0 (47097554)|VARIABLE_SCOPE_BEGIN|[81]|drField|Schema.DescribeFieldResult|true|false
23:42:44.0 (47173127)|VARIABLE_ASSIGNMENT|[81]|drField|"common.api.soap.wsdl.Field@e2585055"|0x4ff2635d
23:42:44.0 (47199890)|STATEMENT_EXECUTE|[82]
23:42:44.0 (47202167)|STATEMENT_EXECUTE|[83]
23:42:44.0 (47212111)|HEAP_ALLOCATE|[83]|Bytes:8
23:42:44.0 (47216781)|HEAP_ALLOCATE|[83]|Bytes:1
23:42:44.0 (47262400)|HEAP_ALLOCATE|[83]|Bytes:8
23:42:44.0 (47284330)|HEAP_ALLOCATE|[83]|Bytes:52
23:42:44.0 (47290746)|HEAP_ALLOCATE|[83]|Bytes:53
23:42:44.0 (47301267)|VARIABLE_ASSIGNMENT|[83]|securityMessage|"FLS on [BFFFollow__c (33 more) ..."
23:42:44.0 (47304494)|STATEMENT_EXECUTE|[84]
23:42:44.0 (47314584)|HEAP_ALLOCATE|[84]|Bytes:63
23:42:44.0 (47340578)|USER_DEBUG|[84]|DEBUG|Checking: FLS on [BFFFollow__c.FollowedUsers__c] for [Querying]
23:42:44.0 (47437883)|STATEMENT_EXECUTE|[87]
23:42:44.0 (47457147)|STATEMENT_EXECUTE|[88]
23:42:44.0 (47479227)|HEAP_ALLOCATE|[80]|Bytes:5
23:42:44.0 (47504676)|VARIABLE_SCOPE_BEGIN|[80]|fieldName|String|false|false
23:42:44.0 (47517506)|VARIABLE_ASSIGNMENT|[80]|fieldName|"Id"
23:42:44.0 (47521483)|STATEMENT_EXECUTE|[80]
23:42:44.0 (47523443)|STATEMENT_EXECUTE|[81]
23:42:44.0 (47734258)|HEAP_ALLOCATE|[81]|Bytes:8
23:42:44.0 (47749185)|VARIABLE_SCOPE_BEGIN|[81]|drField|Schema.DescribeFieldResult|true|false
23:42:44.0 (47848234)|VARIABLE_ASSIGNMENT|[81]|drField|"common.api.soap.wsdl.Field@9b9ad4bf"|0xb09c044
23:42:44.0 (47865110)|STATEMENT_EXECUTE|[99]
23:42:44.0 (47868285)|STATEMENT_EXECUTE|[100]
23:42:44.0 (47880993)|HEAP_ALLOCATE|[100]|Bytes:22
23:42:44.0 (47941685)|HEAP_ALLOCATE|[100]|Bytes:8
23:42:44.0 (47967430)|HEAP_ALLOCATE|[100]|Bytes:52
23:42:44.0 (47976012)|HEAP_ALLOCATE|[100]|Bytes:35
23:42:44.0 (47984884)|HEAP_ALLOCATE|[100]|Bytes:87
23:42:44.0 (48003967)|USER_DEBUG|[100]|DEBUG|Bypass Check: FLS on [BFFFollow__c.Id] for [Querying] since it's not isPermissionable()
23:42:44.0 (48029181)|HEAP_ALLOCATE|[80]|Bytes:5
23:42:44.0 (48052669)|VARIABLE_ASSIGNMENT|[80]|fieldName|null
23:42:44.0 (48072045)|HEAP_ALLOCATE|[58]|Bytes:5
23:42:44.0 (48092282)|VARIABLE_ASSIGNMENT|[58]|sObjectName|null
23:42:44.0 (48111327)|METHOD_EXIT|[20]|01p50000002CIEt|ETLC_SecuredDB.validate(ETLC_SecuredDB.Operation, Map<String,Set<String>>)
23:42:44.0 (48117387)|STATEMENT_EXECUTE|[21]
23:42:44.0 (48135673)|METHOD_EXIT|[28]|01p50000002CIEt|ETLC_SecuredDB.query(String)
23:42:44.0 (48145064)|VARIABLE_SCOPE_BEGIN|[28]|dbRecords|List<SObject>|true|false
23:42:44.0 (48197145)|VARIABLE_ASSIGNMENT|[28]|dbRecords|{"s":1,"v":[{"s":2,"v":{"FollowedUsers__c":"[{\"id\":\"00550000005d (28 more) ...","Id":"a005000000ezW4dAAE"}}]}|0x1c9ad35b
23:42:44.0 (48209594)|STATEMENT_EXECUTE|[29]
23:42:44.0 (48212226)|STATEMENT_EXECUTE|[29]
23:42:44.0 (48309043)|USER_DEBUG|[29]|DEBUG|(BFFFollow__c:{FollowedUsers__c=[{"id":"00550000005d7KnAAI","name":"Test User"}], Id=a005000000ezW4dAAE})
23:42:44.0 (48445611)|STATEMENT_EXECUTE|[30]
23:42:44.0 (48451484)|STATEMENT_EXECUTE|[31]
23:42:44.0 (48452830)|STATEMENT_EXECUTE|[32]
23:42:44.0 (48462167)|HEAP_ALLOCATE|[32]|Bytes:18
23:42:44.0 (48474737)|HEAP_ALLOCATE|[32]|Bytes:12
23:42:44.0 (48480979)|HEAP_ALLOCATE|[32]|Bytes:16
23:42:44.0 (48557549)|HEAP_ALLOCATE|[32]|Bytes:48
23:42:44.0 (48589823)|HEAP_ALLOCATE|[32]|Bytes:48
23:42:44.0 (48608260)|HEAP_ALLOCATE|[32]|Bytes:66
23:42:44.0 (48625121)|USER_DEBUG|[32]|DEBUG|FollowedUsers__c::[{"id":"00550000005d7KnAAI","name":"Test User"}]
23:42:44.0 (48634438)|STATEMENT_EXECUTE|[34]
23:42:44.0 (48653667)|HEAP_ALLOCATE|[34]|Bytes:12
23:42:44.0 (48731499)|HEAP_ALLOCATE|[34]|Bytes:48
23:42:44.0 (48761367)|METHOD_EXIT|[10]|01p50000002D8iw|BFFFollow_Controller.fetchFollowedUsers(Id)
23:42:44.0 (48871947)|VARIABLE_ASSIGNMENT|[EXTERNAL]|this|{"debug":true,"input":"{\"mode\":\"fetchFollow (9 more) ...","operation":"BFFFollow_Controller"}|0x3825ce09
23:42:44.0 (48891687)|VARIABLE_ASSIGNMENT|[EXTERNAL]|value|"[{\"id\":\"00550000005d (28 more) ..."
23:42:44.0 (48916530)|VARIABLE_ASSIGNMENT|[12]|this.output|"[{\"id\":\"00550000005d (28 more) ..."|0x3825ce09
23:42:44.0 (48929799)|STATEMENT_EXECUTE|[11]
23:42:44.0 (49027235)|VARIABLE_ASSIGNMENT|[EXTERNAL]|this|{"debug":true,"input":"{\"mode\":\"fetchFollow (9 more) ...","operation":"BFFFollow_Controller","output":"[{\"id\":\"00550000005d (28 more) ..."}|0x3825ce09
23:42:44.0 (49125263)|VARIABLE_ASSIGNMENT|[EXTERNAL]|this|{"debug":true,"input":"{\"mode\":\"fetchFollow (9 more) ...","operation":"BFFFollow_Controller","output":"[{\"id\":\"00550000005d (28 more) ..."}|0x3825ce09
23:42:44.0 (49144935)|VARIABLE_ASSIGNMENT|[EXTERNAL]|value|true
23:42:44.0 (49154332)|HEAP_ALLOCATE|[15]|Bytes:5
23:42:44.0 (49170078)|VARIABLE_ASSIGNMENT|[15]|this.outputFlag|true|0x3825ce09
23:42:44.0 (49186629)|STATEMENT_EXECUTE|[19]
23:42:44.0 (49189539)|STATEMENT_EXECUTE|[19]
23:42:44.0 (49202491)|HEAP_ALLOCATE|[19]|Bytes:11
23:42:44.0 (49291035)|HEAP_ALLOCATE|[19]|Bytes:221
23:42:44.0 (49318096)|HEAP_ALLOCATE|[19]|Bytes:232
23:42:44.0 (49338908)|USER_DEBUG|[19]|DEBUG|data AFTER:ETLC_ApexBridge_Data:[debug=true, input={"mode":"fetchFollowedUsers"}, isSuccess=null, messages=null, operation=BFFFollow_Controller, output=[{"id":"00550000005d7KnAAI","name":"Test User"}], outputFlag=true, records=null]
23:42:44.0 (49359600)|METHOD_EXIT|[9]|01p50000002D8iw|BFFFollow_Controller.process(ETLC_ApexBridge_Data)
23:42:44.0 (49367058)|STATEMENT_EXECUTE|[24]
23:42:44.0 (49394928)|METHOD_ENTRY|[24]|01p50000002CIEo|ETLC_ApexBridge_Data.toJSON()
23:42:44.0 (49424721)|VARIABLE_SCOPE_BEGIN|[57]|this|ETLC_ApexBridge_Data|true|false
23:42:44.0 (49474194)|VARIABLE_ASSIGNMENT|[57]|this|{"debug":true,"input":"{\"mode\":\"fetchFollow (9 more) ...","operation":"BFFFollow_Controller","output":"[{\"id\":\"00550000005d (28 more) ...","outputFlag":true}|0x3825ce09
23:42:44.0 (49483186)|STATEMENT_EXECUTE|[57]
23:42:44.0 (49485689)|STATEMENT_EXECUTE|[58]
23:42:44.0 (49507143)|METHOD_ENTRY|[58]||System.JSON.serialize(Object)
23:42:44.0 (49648745)|STATEMENT_EXECUTE|[22]
23:42:44.0 (49656390)|STATEMENT_EXECUTE|[23]
23:42:44.0 (49671638)|HEAP_ALLOCATE|[23]|Bytes:5
23:42:44.0 (49688428)|VARIABLE_ASSIGNMENT|[23]|this.isSuccess|true|0x3825ce09
23:42:44.0 (49693182)|STATEMENT_EXECUTE|[24]
23:42:44.0 (49765502)|STATEMENT_EXECUTE|[31]
23:42:44.0 (49771412)|STATEMENT_EXECUTE|[32]
23:42:44.0 (49784079)|HEAP_ALLOCATE|[32]|Bytes:4
23:42:44.0 (49873152)|VARIABLE_ASSIGNMENT|[32]|this.messages|{"s":1,"v":{}}|0x3825ce09
23:42:44.0 (49877683)|STATEMENT_EXECUTE|[33]
23:42:44.0 (50319209)|METHOD_EXIT|[58]||System.JSON.serialize(Object)
23:42:44.0 (50330749)|METHOD_EXIT|[24]|01p50000002CIEo|ETLC_ApexBridge_Data.toJSON()
23:42:44.0 (50341814)|SYSTEM_MODE_EXIT|false
23:42:44.50 (50409220)|CUMULATIVE_LIMIT_USAGE
23:42:44.50 (50409220)|LIMIT_USAGE_FOR_NS|(default)|
  Number of SOQL queries: 1 out of 100
  Number of query rows: 1 out of 50000
  Number of SOSL queries: 0 out of 20
  Number of DML statements: 0 out of 150
  Number of DML rows: 0 out of 10000
  Maximum CPU time: 0 out of 10000
  Maximum heap size: 0 out of 6000000
  Number of callouts: 0 out of 100
  Number of Email Invocations: 0 out of 10
  Number of future calls: 0 out of 50
  Number of queueable jobs added to the queue: 0 out of 50
  Number of Mobile Apex push calls: 0 out of 10

23:42:44.50 (50409220)|CUMULATIVE_LIMIT_USAGE_END

23:42:44.0 (50472056)|CODE_UNIT_FINISHED|ETLC_ApexBridge_Controller.execute
