37.0 APEX_CODE,FINEST;APEX_PROFILING,INFO;CALLOUT,INFO;DB,INFO;SYSTEM,DEBUG;VALIDATION,INFO;VISUALFORCE,INFO;WORKFLOW,INFO
20:49:41.0 (367528)|USER_INFO|[EXTERNAL]|00550000005cg71|bfffollow@jr.te|Eastern Standard Time|GMT-04:00
20:49:41.0 (406519)|EXECUTION_STARTED
20:49:41.0 (411506)|CODE_UNIT_STARTED|[EXTERNAL]|aura
20:49:41.0 (814422)|HEAP_ALLOCATE|[72]|Bytes:3
20:49:41.0 (895796)|HEAP_ALLOCATE|[77]|Bytes:152
20:49:41.0 (912990)|HEAP_ALLOCATE|[342]|Bytes:408
20:49:41.0 (929925)|HEAP_ALLOCATE|[355]|Bytes:408
20:49:41.0 (948853)|HEAP_ALLOCATE|[467]|Bytes:48
20:49:41.0 (976808)|HEAP_ALLOCATE|[139]|Bytes:6
20:49:41.0 (1001141)|HEAP_ALLOCATE|[EXTERNAL]|Bytes:93
20:49:41.0 (1038818)|HEAP_ALLOCATE|[EXTERNAL]|Bytes:93
20:49:41.0 (1913629)|CODE_UNIT_STARTED|[EXTERNAL]|01p50000002CIEm|ETLC_ApexBridge_Controller.execute
20:49:41.0 (2546440)|HEAP_ALLOCATE|[EXTERNAL]|Bytes:1
20:49:41.0 (2554033)|HEAP_ALLOCATE|[EXTERNAL]|Bytes:10
20:49:41.0 (2591703)|METHOD_ENTRY|[1]|01p50000002CIEm|ETLC_ApexBridge_Controller.ETLC_ApexBridge_Controller()
20:49:41.0 (2597159)|STATEMENT_EXECUTE|[1]
20:49:41.0 (2604304)|STATEMENT_EXECUTE|[1]
20:49:41.0 (2625027)|METHOD_EXIT|[1]|ETLC_ApexBridge_Controller
20:49:41.0 (2631039)|HEAP_ALLOCATE|[EXTERNAL]|Bytes:93
20:49:41.0 (2642185)|SYSTEM_MODE_ENTER|false
20:49:41.0 (2656730)|VARIABLE_SCOPE_BEGIN|[3]|dataJson|String|false|false
20:49:41.0 (2689311)|VARIABLE_ASSIGNMENT|[3]|dataJson|"{\"operation\":\"BFFFol (73 more) ..."
20:49:41.0 (2702953)|STATEMENT_EXECUTE|[3]
20:49:41.0 (2704625)|STATEMENT_EXECUTE|[4]
20:49:41.0 (4655191)|VARIABLE_SCOPE_BEGIN|[4]|data|ETLC_ApexBridge_Data|true|false
20:49:41.0 (4669470)|VARIABLE_ASSIGNMENT|[4]|data|null|
20:49:41.0 (4672561)|STATEMENT_EXECUTE|[5]
20:49:41.0 (4674114)|STATEMENT_EXECUTE|[5]
20:49:41.0 (4675050)|STATEMENT_EXECUTE|[6]
20:49:41.0 (4690607)|HEAP_ALLOCATE|[6]|Bytes:11
20:49:41.0 (4697858)|HEAP_ALLOCATE|[6]|Bytes:248
20:49:41.0 (4701412)|HEAP_ALLOCATE|[6]|Bytes:39
20:49:41.0 (4738750)|METHOD_ENTRY|[2]|01p50000002CIEo|ETLC_ApexBridge_Data.ETLC_ApexBridge_Data()
20:49:41.0 (4742412)|STATEMENT_EXECUTE|[2]
20:49:41.0 (4747775)|STATEMENT_EXECUTE|[2]
20:49:41.0 (4754725)|METHOD_EXIT|[2]|ETLC_ApexBridge_Data
20:49:41.0 (4784473)|METHOD_ENTRY|[6]|01p50000002CIEo|ETLC_ApexBridge_Data.fromJSON(String)
20:49:41.0 (4809504)|VARIABLE_SCOPE_BEGIN|[60]|strJson|String|false|false
20:49:41.0 (4819912)|VARIABLE_ASSIGNMENT|[60]|strJson|"{\"operation\":\"BFFFol (73 more) ..."
20:49:41.0 (4823860)|STATEMENT_EXECUTE|[60]
20:49:41.0 (4825236)|STATEMENT_EXECUTE|[61]
20:49:41.0 (4834033)|HEAP_ALLOCATE|[61]|Bytes:20
20:49:41.0 (4857162)|HEAP_ALLOCATE|[50]|Bytes:5
20:49:41.0 (4880465)|HEAP_ALLOCATE|[56]|Bytes:5
20:49:41.0 (4888430)|HEAP_ALLOCATE|[64]|Bytes:7
20:49:41.0 (4988784)|HEAP_ALLOCATE|[61]|Bytes:24
20:49:41.0 (5002819)|SYSTEM_METHOD_ENTRY|[1]|Type.Type()
20:49:41.0 (5006837)|STATEMENT_EXECUTE|[1]
20:49:41.0 (5015856)|SYSTEM_METHOD_EXIT|[1]|Type
20:49:41.0 (5021872)|HEAP_ALLOCATE|[61]|Bytes:8
20:49:41.0 (5042465)|HEAP_ALLOCATE|[61]|Bytes:8
20:49:41.0 (5047115)|VARIABLE_SCOPE_BEGIN|[4]|this|System.Type|true|false
20:49:41.0 (5110773)|VARIABLE_ASSIGNMENT|[4]|this|{}|0x349acb77
20:49:41.0 (5116173)|VARIABLE_SCOPE_BEGIN|[4]|apextype|java:common.apex.runtime.ApexObjectType|true|false
20:49:41.0 (5279339)|VARIABLE_ASSIGNMENT|[4]|apextype|"ETLC_ApexBridge_Data"|0x6fa00372
20:49:41.0 (5358429)|HEAP_ALLOCATE|[61]|Bytes:8
20:49:41.0 (5395917)|HEAP_ALLOCATE|[61]|Bytes:24
20:49:41.0 (5408993)|SYSTEM_METHOD_ENTRY|[1]|JSON.JSON()
20:49:41.0 (5411712)|STATEMENT_EXECUTE|[1]
20:49:41.0 (5419091)|SYSTEM_METHOD_EXIT|[1]|JSON
20:49:41.0 (5432869)|METHOD_ENTRY|[61]||System.JSON.deserializeStrict(String, System.Type)
20:49:41.0 (6017773)|METHOD_EXIT|[61]||System.JSON.deserializeStrict(String, System.Type)
20:49:41.0 (6029701)|METHOD_EXIT|[6]|01p50000002CIEo|ETLC_ApexBridge_Data.fromJSON(String)
20:49:41.0 (6094556)|VARIABLE_ASSIGNMENT|[6]|data|{"debug":true,"input":"{\"mode\":\"fetchFollow (9 more) ...","operation":"BFFFollow_Controller"}|0x7b19e789
20:49:41.0 (6100011)|STATEMENT_EXECUTE|[7]
20:49:41.0 (6109678)|HEAP_ALLOCATE|[7]|Bytes:6
20:49:41.0 (6178010)|HEAP_ALLOCATE|[7]|Bytes:177
20:49:41.0 (6199288)|HEAP_ALLOCATE|[7]|Bytes:183
20:49:41.0 (6219307)|USER_DEBUG|[7]|DEBUG|data::ETLC_ApexBridge_Data:[debug=true, input={"mode":"fetchFollowedUsers"}, isSuccess=null, messages=null, operation=BFFFollow_Controller, output=null, outputFlag=null, records=null]
20:49:41.0 (6226285)|STATEMENT_EXECUTE|[8]
20:49:41.0 (6281891)|VARIABLE_ASSIGNMENT|[EXTERNAL]|this|{"debug":true,"input":"{\"mode\":\"fetchFollow (9 more) ...","operation":"BFFFollow_Controller"}|0x7b19e789
20:49:41.0 (6302849)|METHOD_ENTRY|[8]||System.Type.forName(String)
20:49:41.0 (7866067)|METHOD_EXIT|[8]||System.Type.forName(String)
20:49:41.0 (7878680)|METHOD_ENTRY|[8]||System.Type.newInstance()
20:49:41.0 (9086229)|STATEMENT_EXECUTE|[1]
20:49:41.0 (9099720)|HEAP_ALLOCATE|[33]|Bytes:5
20:49:41.0 (9115544)|METHOD_EXIT|[1]|BFFFollow_Controller
20:49:41.0 (9127805)|HEAP_ALLOCATE|[33]|Bytes:4
20:49:41.0 (9137007)|VARIABLE_SCOPE_BEGIN|[1]|this|BFFFollow_Controller|true|false
20:49:41.0 (9154066)|VARIABLE_ASSIGNMENT|[1]|this|{}|0x3e44a2e7
20:49:41.0 (9162690)|HEAP_ALLOCATE|[33]|Bytes:5
20:49:41.0 (9170545)|HEAP_ALLOCATE|[33]|Bytes:11
20:49:41.0 (9190658)|METHOD_ENTRY|[1]|01p50000002CIEj|ETLC_ApexBridge_Abstract.ETLC_ApexBridge_Abstract()
20:49:41.0 (9193879)|STATEMENT_EXECUTE|[1]
20:49:41.0 (9197794)|STATEMENT_EXECUTE|[1]
20:49:41.0 (9203955)|METHOD_EXIT|[1]|ETLC_ApexBridge_Abstract
20:49:41.0 (9212131)|CONSTRUCTOR_ENTRY|[EXTERNAL]|01p50000002CIEj|<init>()
20:49:41.0 (9230806)|VARIABLE_SCOPE_BEGIN|[1]|this|ETLC_ApexBridge_Abstract|true|false
20:49:41.0 (9245865)|VARIABLE_ASSIGNMENT|[1]|this|{}|0x3e44a2e7
20:49:41.0 (9260318)|STATEMENT_EXECUTE|[1]
20:49:41.0 (9264408)|CONSTRUCTOR_EXIT|[EXTERNAL]|01p50000002CIEj|<init>()
20:49:41.0 (9269289)|STATEMENT_EXECUTE|[1]
20:49:41.0 (9274430)|HEAP_ALLOCATE|[33]|Bytes:5
20:49:41.0 (9289569)|METHOD_EXIT|[8]||System.Type.newInstance()
20:49:41.0 (9297699)|VARIABLE_SCOPE_BEGIN|[8]|executor|ETLC_ApexBridge_Abstract|true|false
20:49:41.0 (9310749)|VARIABLE_ASSIGNMENT|[8]|executor|{}|0x3e44a2e7
20:49:41.0 (9313354)|STATEMENT_EXECUTE|[9]
20:49:41.0 (9348821)|METHOD_ENTRY|[9]|01p50000002D8iw|BFFFollow_Controller.process(ETLC_ApexBridge_Data)
20:49:41.0 (9372798)|VARIABLE_SCOPE_BEGIN|[3]|this|BFFFollow_Controller|true|false
20:49:41.0 (9386794)|VARIABLE_ASSIGNMENT|[3]|this|{}|0x3e44a2e7
20:49:41.0 (9391065)|VARIABLE_SCOPE_BEGIN|[3]|data|ETLC_ApexBridge_Data|true|false
20:49:41.0 (9416458)|VARIABLE_ASSIGNMENT|[3]|data|{"debug":true,"input":"{\"mode\":\"fetchFollow (9 more) ...","operation":"BFFFollow_Controller"}|0x7b19e789
20:49:41.0 (9425688)|HEAP_ALLOCATE|[4]|Bytes:5
20:49:41.0 (9429332)|STATEMENT_EXECUTE|[3]
20:49:41.0 (9430570)|STATEMENT_EXECUTE|[4]
20:49:41.0 (9503849)|VARIABLE_ASSIGNMENT|[EXTERNAL]|this|{"debug":true,"input":"{\"mode\":\"fetchFollow (9 more) ...","operation":"BFFFollow_Controller"}|0x7b19e789
20:49:41.0 (9525495)|VARIABLE_ASSIGNMENT|[4]|BFFFollow_Controller.debugFlag|true
20:49:41.0 (9562464)|VARIABLE_ASSIGNMENT|[EXTERNAL]|this|{"debug":true,"input":"{\"mode\":\"fetchFollow (9 more) ...","operation":"BFFFollow_Controller"}|0x7b19e789
20:49:41.0 (9575968)|STATEMENT_EXECUTE|[5]
20:49:41.0 (9610483)|USER_DEBUG|[5]|DEBUG|ETLC_ApexBridge_Data:[debug=true, input={"mode":"fetchFollowedUsers"}, isSuccess=null, messages=null, operation=BFFFollow_Controller, output=null, outputFlag=null, records=null]
20:49:41.0 (9618157)|STATEMENT_EXECUTE|[7]
20:49:41.0 (9625161)|HEAP_ALLOCATE|[7]|Bytes:4
20:49:41.0 (9645993)|METHOD_ENTRY|[7]|01p50000002CIEo|ETLC_ApexBridge_Data.getInputValue(String)
20:49:41.0 (9668335)|VARIABLE_SCOPE_BEGIN|[52]|this|ETLC_ApexBridge_Data|true|false
20:49:41.0 (9695319)|VARIABLE_ASSIGNMENT|[52]|this|{"debug":true,"input":"{\"mode\":\"fetchFollow (9 more) ...","operation":"BFFFollow_Controller"}|0x7b19e789
20:49:41.0 (9701408)|VARIABLE_SCOPE_BEGIN|[52]|key|String|false|false
20:49:41.0 (9705357)|VARIABLE_ASSIGNMENT|[52]|key|"mode"
20:49:41.0 (9709515)|STATEMENT_EXECUTE|[52]
20:49:41.0 (9710932)|STATEMENT_EXECUTE|[53]
20:49:41.0 (9761084)|VARIABLE_ASSIGNMENT|[EXTERNAL]|this|{"debug":true,"input":"{\"mode\":\"fetchFollow (9 more) ...","operation":"BFFFollow_Controller"}|0x7b19e789
20:49:41.0 (9779757)|METHOD_ENTRY|[53]||System.JSON.deserializeUntyped(String)
20:49:41.0 (10000523)|METHOD_EXIT|[53]||System.JSON.deserializeUntyped(String)
20:49:41.0 (10011236)|VARIABLE_SCOPE_BEGIN|[53]|inputMap|Map<String,ANY>|true|false
20:49:41.0 (10035216)|VARIABLE_ASSIGNMENT|[53]|inputMap|{"s":1,"v":{"mode":"fetchFollowedUsers"}}|0x35a4950f
20:49:41.0 (10038714)|STATEMENT_EXECUTE|[54]
20:49:41.0 (10083197)|METHOD_EXIT|[7]|01p50000002CIEo|ETLC_ApexBridge_Data.getInputValue(String)
20:49:41.0 (10089962)|VARIABLE_SCOPE_BEGIN|[7]|mode|String|false|false
20:49:41.0 (10096683)|VARIABLE_ASSIGNMENT|[7]|mode|"fetchFollowedUsers"
20:49:41.0 (10101437)|HEAP_ALLOCATE|[9]|Bytes:18
20:49:41.0 (10132531)|STATEMENT_EXECUTE|[9]
20:49:41.0 (10134440)|STATEMENT_EXECUTE|[10]
20:49:41.0 (10176328)|HEAP_ALLOCATE|[10]|Bytes:85
20:49:41.0 (10191564)|SYSTEM_METHOD_ENTRY|[1]|UserInfo.UserInfo()
20:49:41.0 (10194428)|STATEMENT_EXECUTE|[1]
20:49:41.0 (10202416)|SYSTEM_METHOD_EXIT|[1]|UserInfo
20:49:41.0 (10213711)|METHOD_ENTRY|[10]||System.UserInfo.getUserId()
20:49:41.0 (10245415)|METHOD_EXIT|[10]||System.UserInfo.getUserId()
20:49:41.0 (10258762)|HEAP_ALLOCATE|[10]|Bytes:4
20:49:41.0 (10273387)|METHOD_ENTRY|[10]|01p50000002D8iw|BFFFollow_Controller.fetchFollowedUsers(Id)
20:49:41.0 (10281308)|VARIABLE_SCOPE_BEGIN|[20]|this|BFFFollow_Controller|true|false
20:49:41.0 (10296252)|VARIABLE_ASSIGNMENT|[20]|this|{}|0x3e44a2e7
20:49:41.0 (10301067)|VARIABLE_SCOPE_BEGIN|[20]|followedById|Id|false|false
20:49:41.0 (10367240)|VARIABLE_ASSIGNMENT|[20]|followedById|"00550000005cg71AAA"
20:49:41.0 (10378347)|HEAP_ALLOCATE|[21]|Bytes:5
20:49:41.0 (10382112)|STATEMENT_EXECUTE|[20]
20:49:41.0 (10383324)|STATEMENT_EXECUTE|[21]
20:49:41.0 (10391077)|HEAP_ALLOCATE|[21]|Bytes:63
20:49:41.0 (10424851)|HEAP_ALLOCATE|[21]|Bytes:18
20:49:41.0 (10436181)|HEAP_ALLOCATE|[21]|Bytes:9
20:49:41.0 (10445783)|HEAP_ALLOCATE|[21]|Bytes:90
20:49:41.0 (10450624)|VARIABLE_SCOPE_BEGIN|[21]|soql|String|false|false
20:49:41.0 (10459135)|VARIABLE_ASSIGNMENT|[21]|soql|"SELECT FollowedUsers (70 more) ..."
20:49:41.0 (10461798)|STATEMENT_EXECUTE|[22]
20:49:41.0 (10462944)|STATEMENT_EXECUTE|[22]
20:49:41.0 (10468702)|STATEMENT_EXECUTE|[23]
20:49:41.0 (10469901)|STATEMENT_EXECUTE|[23]
20:49:41.0 (10477137)|HEAP_ALLOCATE|[23]|Bytes:24
20:49:41.0 (10483996)|HEAP_ALLOCATE|[23]|Bytes:114
20:49:41.0 (10510629)|USER_DEBUG|[23]|DEBUG|fetchFollowedUsers:soql:SELECT FollowedUsers__c FROM BFFFollow__c WHERE FollowedBy__c='00550000005cg71AAA' limit 1
20:49:41.0 (10517684)|STATEMENT_EXECUTE|[24]
20:49:41.0 (12821539)|HEAP_ALLOCATE|[24]|Bytes:9
20:49:41.0 (12829982)|HEAP_ALLOCATE|[24]|Bytes:29
20:49:41.0 (12833262)|HEAP_ALLOCATE|[24]|Bytes:21
20:49:41.0 (12854716)|METHOD_ENTRY|[7]|01p50000002CIEt|ETLC_SecuredDB.ETLC_SecuredDB()
20:49:41.0 (12858316)|STATEMENT_EXECUTE|[7]
20:49:41.0 (12863038)|STATEMENT_EXECUTE|[7]
20:49:41.0 (12869789)|HEAP_ALLOCATE|[24]|Bytes:5
20:49:41.0 (12880458)|METHOD_EXIT|[7]|ETLC_SecuredDB
20:49:41.0 (12910616)|METHOD_ENTRY|[24]|01p50000002CIEt|ETLC_SecuredDB.query(String)
20:49:41.0 (12931276)|VARIABLE_SCOPE_BEGIN|[10]|SOQL|String|false|false
20:49:41.0 (12940520)|VARIABLE_ASSIGNMENT|[10]|SOQL|"SELECT FollowedUsers (70 more) ..."
20:49:41.0 (12948740)|HEAP_ALLOCATE|[12]|Bytes:5
20:49:41.0 (12952718)|STATEMENT_EXECUTE|[10]
20:49:41.0 (12954060)|STATEMENT_EXECUTE|[12]
20:49:41.0 (14239818)|SOQL_EXECUTE_BEGIN|[12]|Aggregations:0|SELECT FollowedUsers__c FROM BFFFollow__c WHERE FollowedBy__c='00550000005cg71AAA' limit 1
20:49:41.0 (18166492)|SOQL_EXECUTE_END|[12]|Rows:1
20:49:41.0 (18193172)|HEAP_ALLOCATE|[12]|Bytes:8
20:49:41.0 (18203028)|HEAP_ALLOCATE|[12]|Bytes:158
20:49:41.0 (18276640)|HEAP_ALLOCATE|[12]|Bytes:8
20:49:41.0 (18291846)|VARIABLE_SCOPE_BEGIN|[12]|dbRecords|List<SObject>|true|false
20:49:41.0 (18326198)|VARIABLE_ASSIGNMENT|[12]|dbRecords|{"s":1,"v":[{"s":2,"v":{"FollowedUsers__c":"[{\"id\":\"00550000005c (85 more) ...","Id":"a005000000ezW4dAAE"}}]}|0x5a96f2a5
20:49:41.0 (18330527)|STATEMENT_EXECUTE|[20]
20:49:41.0 (18558008)|HEAP_ALLOCATE|[20]|Bytes:12
20:49:41.0 (18565973)|HEAP_ALLOCATE|[20]|Bytes:8
20:49:41.0 (18619286)|HEAP_ALLOCATE|[20]|Bytes:12
20:49:41.0 (18624721)|HEAP_ALLOCATE|[20]|Bytes:9
20:49:41.0 (18637730)|HEAP_ALLOCATE|[20]|Bytes:12
20:49:41.0 (18641453)|HEAP_ALLOCATE|[20]|Bytes:8
20:49:41.0 (18651979)|HEAP_ALLOCATE|[20]|Bytes:12
20:49:41.0 (18655230)|HEAP_ALLOCATE|[20]|Bytes:8
20:49:41.0 (18665139)|HEAP_ALLOCATE|[20]|Bytes:12
20:49:41.0 (18668376)|HEAP_ALLOCATE|[20]|Bytes:9
20:49:41.0 (18693364)|METHOD_ENTRY|[20]|01p50000002CIEt|ETLC_SecuredDB.findFields(List<SObject>)
20:49:41.0 (18717212)|VARIABLE_SCOPE_BEGIN|[108]|dbRecords|List<SObject>|true|false
20:49:41.0 (18738991)|VARIABLE_ASSIGNMENT|[108]|dbRecords|{"s":1,"v":[{"s":2,"v":{"FollowedUsers__c":"[{\"id\":\"00550000005c (85 more) ...","Id":"a005000000ezW4dAAE"}}]}|0x5a96f2a5
20:49:41.0 (18750052)|HEAP_ALLOCATE|[109]|Bytes:5
20:49:41.0 (18753778)|STATEMENT_EXECUTE|[108]
20:49:41.0 (18755105)|STATEMENT_EXECUTE|[109]
20:49:41.0 (18765140)|VARIABLE_SCOPE_BEGIN|[109]|strJSON|String|false|false
20:49:41.0 (18770925)|VARIABLE_ASSIGNMENT|[109]|strJSON|null
20:49:41.0 (18772797)|STATEMENT_EXECUTE|[110]
20:49:41.0 (18777435)|VARIABLE_SCOPE_BEGIN|[110]|mapFields|Map<String,Set<String>>|true|false
20:49:41.0 (18781941)|VARIABLE_ASSIGNMENT|[110]|mapFields|null|
20:49:41.0 (18783616)|STATEMENT_EXECUTE|[112]
20:49:41.0 (18796009)|METHOD_ENTRY|[112]||System.JSON.serialize(Object)
20:49:41.0 (19218906)|METHOD_EXIT|[112]||System.JSON.serialize(Object)
20:49:41.0 (19235264)|VARIABLE_ASSIGNMENT|[112]|strJSON|"[{\"attributes\":{\"typ (259 more) ..."
20:49:41.0 (19238649)|STATEMENT_EXECUTE|[113]
20:49:41.0 (19247424)|HEAP_ALLOCATE|[113]|Bytes:5
20:49:41.0 (19258792)|HEAP_ALLOCATE|[113]|Bytes:284
20:49:41.0 (19285354)|USER_DEBUG|[113]|DEBUG|JSON:[{"attributes":{"type":"BFFFollow__c","url":"/services/data/v37.0/sobjects/BFFFollow__c/a005000000ezW4dAAE"},"FollowedUsers__c":"[{\"id\":\"00550000005cg71AAA\",\"name\":\"Jaswinder Rattanpal\"},{\"id\":\"00550000005d7KnAAI\",\"name\":\"Test User\"}]","Id":"a005000000ezW4dAAE"}]
20:49:41.0 (19294038)|STATEMENT_EXECUTE|[114]
20:49:41.0 (19304612)|HEAP_ALLOCATE|[114]|Bytes:4
20:49:41.0 (19328010)|VARIABLE_ASSIGNMENT|[114]|mapFields|{"s":1,"v":{}}|0x31579dca
20:49:41.0 (19331464)|STATEMENT_EXECUTE|[115]
20:49:41.0 (19342878)|METHOD_ENTRY|[115]||System.JSON.deserializeUntyped(String)
20:49:41.0 (19700631)|METHOD_EXIT|[115]||System.JSON.deserializeUntyped(String)
20:49:41.0 (19710955)|VARIABLE_SCOPE_BEGIN|[115]|records|List<ANY>|true|false
20:49:41.0 (19738892)|HEAP_ALLOCATE|[EXTERNAL]|Bytes:8
20:49:41.0 (19762096)|VARIABLE_ASSIGNMENT|[115]|records|{"s":1,"v":[{"s":2,"v":{"attributes":{"s":3,"v":{"type":"BFFFollow__c","url":"/services/data/v37.0 (41 more) ..."}},"FollowedUsers__c":"[{\"id\":\"00550000005c (85 more) ...","Id":"a005000000ezW4dAAE"}}]}|0x2d5795f5
20:49:41.0 (19804662)|HEAP_ALLOCATE|[116]|Bytes:5
20:49:41.0 (19822809)|HEAP_ALLOCATE|[116]|Bytes:16
20:49:41.0 (19834467)|VARIABLE_SCOPE_BEGIN|[116]|record|Object|false|false
20:49:41.0 (19856281)|VARIABLE_ASSIGNMENT|[116]|record|{"s":1,"v":{"attributes":{"s":2,"v":{"type":"BFFFollow__c","url":"/services/data/v37.0 (41 more) ..."}},"FollowedUsers__c":"[{\"id\":\"00550000005c (85 more) ...","Id":"a005000000ezW4dAAE"}}
20:49:41.0 (19861120)|STATEMENT_EXECUTE|[116]
20:49:41.0 (19862523)|STATEMENT_EXECUTE|[117]
20:49:41.0 (19884521)|METHOD_ENTRY|[117]|01p50000002CIEt|ETLC_SecuredDB.findFieldsRecursive(Map<String,Set<String>>, Map<String,ANY>)
20:49:41.0 (19908401)|VARIABLE_SCOPE_BEGIN|[124]|mapFields|Map<String,Set<String>>|true|false
20:49:41.0 (19920106)|VARIABLE_ASSIGNMENT|[124]|mapFields|{"s":1,"v":{}}|0x31579dca
20:49:41.0 (19924284)|VARIABLE_SCOPE_BEGIN|[124]|record|Map<String,ANY>|true|false
20:49:41.0 (19937123)|VARIABLE_ASSIGNMENT|[124]|record|{"s":1,"v":{"attributes":{"s":2,"v":{"type":"BFFFollow__c","url":"/services/data/v37.0 (41 more) ..."}},"FollowedUsers__c":"[{\"id\":\"00550000005c (85 more) ...","Id":"a005000000ezW4dAAE"}}|0x2f37b541
20:49:41.0 (19946281)|HEAP_ALLOCATE|[125]|Bytes:5
20:49:41.0 (19949897)|STATEMENT_EXECUTE|[124]
20:49:41.0 (19951106)|STATEMENT_EXECUTE|[125]
20:49:41.0 (19957770)|HEAP_ALLOCATE|[125]|Bytes:10
20:49:41.0 (19962615)|VARIABLE_SCOPE_BEGIN|[125]|strAttributes|String|false|false
20:49:41.0 (19969174)|VARIABLE_ASSIGNMENT|[125]|strAttributes|"attributes"
20:49:41.0 (19971032)|STATEMENT_EXECUTE|[126]
20:49:41.0 (19975260)|HEAP_ALLOCATE|[126]|Bytes:7
20:49:41.0 (19978654)|VARIABLE_SCOPE_BEGIN|[126]|strRecord|String|false|false
20:49:41.0 (19982912)|VARIABLE_ASSIGNMENT|[126]|strRecord|"records"
20:49:41.0 (20015638)|STATEMENT_EXECUTE|[127]
20:49:41.0 (20018838)|STATEMENT_EXECUTE|[128]
20:49:41.0 (20053762)|VARIABLE_SCOPE_BEGIN|[128]|attributes|Map<String,ANY>|true|false
20:49:41.0 (20068772)|VARIABLE_ASSIGNMENT|[128]|attributes|{"s":1,"v":{"type":"BFFFollow__c","url":"/services/data/v37.0 (41 more) ..."}}|0x2aa9bca1
20:49:41.0 (20072008)|STATEMENT_EXECUTE|[129]
20:49:41.0 (20079182)|HEAP_ALLOCATE|[129]|Bytes:4
20:49:41.0 (20115564)|VARIABLE_SCOPE_BEGIN|[129]|objectName|String|false|false
20:49:41.0 (20123206)|VARIABLE_ASSIGNMENT|[129]|objectName|"BFFFollow__c"
20:49:41.0 (20132452)|HEAP_ALLOCATE|[130]|Bytes:4
20:49:41.0 (20194581)|HEAP_ALLOCATE|[130]|Bytes:44
20:49:41.0 (20213533)|HEAP_ALLOCATE|[130]|Bytes:12
20:49:41.0 (20236103)|HEAP_ALLOCATE|[130]|Bytes:5
20:49:41.0 (20250848)|VARIABLE_SCOPE_BEGIN|[130]|fieldName|String|false|false
20:49:41.0 (20258130)|VARIABLE_ASSIGNMENT|[130]|fieldName|"attributes"
20:49:41.0 (20260882)|STATEMENT_EXECUTE|[130]
20:49:41.0 (20261971)|STATEMENT_EXECUTE|[131]
20:49:41.0 (20306261)|VARIABLE_SCOPE_BEGIN|[131]|field|Object|false|false
20:49:41.0 (20323884)|VARIABLE_ASSIGNMENT|[131]|field|{"s":1,"v":{"type":"BFFFollow__c","url":"/services/data/v37.0 (41 more) ..."}}
20:49:41.0 (20345061)|STATEMENT_EXECUTE|[132]
20:49:41.0 (20361446)|HEAP_ALLOCATE|[130]|Bytes:5
20:49:41.0 (20374404)|VARIABLE_SCOPE_BEGIN|[130]|fieldName|String|false|false
20:49:41.0 (20381462)|VARIABLE_ASSIGNMENT|[130]|fieldName|"FollowedUsers__c"
20:49:41.0 (20383749)|STATEMENT_EXECUTE|[130]
20:49:41.0 (20384813)|STATEMENT_EXECUTE|[131]
20:49:41.0 (20403581)|VARIABLE_SCOPE_BEGIN|[131]|field|Object|false|false
20:49:41.0 (20413895)|VARIABLE_ASSIGNMENT|[131]|field|"[{\"id\":\"00550000005c (85 more) ..."
20:49:41.0 (20425373)|HEAP_ALLOCATE|[134]|Bytes:68
20:49:41.0 (20445549)|STATEMENT_EXECUTE|[136]
20:49:41.0 (20447509)|STATEMENT_EXECUTE|[137]
20:49:41.0 (20456923)|HEAP_ALLOCATE|[137]|Bytes:4
20:49:41.0 (20486842)|VARIABLE_SCOPE_BEGIN|[137]|fieldNames|Set<String>|true|false
20:49:41.0 (20507791)|VARIABLE_ASSIGNMENT|[137]|fieldNames|{"s":1,"v":[]}|0x36741cc8
20:49:41.0 (20539285)|STATEMENT_EXECUTE|[138]
20:49:41.0 (20545655)|STATEMENT_EXECUTE|[139]
20:49:41.0 (20568219)|HEAP_ALLOCATE|[EXTERNAL]|Bytes:4
20:49:41.0 (20575739)|STATEMENT_EXECUTE|[140]
20:49:41.0 (20603615)|HEAP_ALLOCATE|[EXTERNAL]|Bytes:-4
20:49:41.0 (20618201)|HEAP_ALLOCATE|[130]|Bytes:5
20:49:41.0 (20630815)|VARIABLE_SCOPE_BEGIN|[130]|fieldName|String|false|false
20:49:41.0 (20638080)|VARIABLE_ASSIGNMENT|[130]|fieldName|"Id"
20:49:41.0 (20640509)|STATEMENT_EXECUTE|[130]
20:49:41.0 (20641574)|STATEMENT_EXECUTE|[131]
20:49:41.0 (20661566)|VARIABLE_SCOPE_BEGIN|[131]|field|Object|false|false
20:49:41.0 (20670184)|VARIABLE_ASSIGNMENT|[131]|field|"a005000000ezW4dAAE"
20:49:41.0 (20686785)|STATEMENT_EXECUTE|[136]
20:49:41.0 (20688548)|STATEMENT_EXECUTE|[137]
20:49:41.0 (20696219)|HEAP_ALLOCATE|[137]|Bytes:4
20:49:41.0 (20707321)|VARIABLE_SCOPE_BEGIN|[137]|fieldNames|Set<String>|true|false
20:49:41.0 (20723365)|VARIABLE_ASSIGNMENT|[137]|fieldNames|{"s":1,"v":[]}|0x247b3afa
20:49:41.0 (20736027)|STATEMENT_EXECUTE|[138]
20:49:41.0 (20762694)|VARIABLE_ASSIGNMENT|[138]|fieldNames|{"s":1,"v":["FollowedUsers__c"]}|0x36741cc8
20:49:41.0 (20766263)|STATEMENT_EXECUTE|[139]
20:49:41.0 (20776062)|HEAP_ALLOCATE|[EXTERNAL]|Bytes:4
20:49:41.0 (20781581)|STATEMENT_EXECUTE|[140]
20:49:41.0 (20802947)|HEAP_ALLOCATE|[130]|Bytes:5
20:49:41.0 (20814608)|VARIABLE_ASSIGNMENT|[130]|fieldName|null
20:49:41.0 (20824974)|METHOD_EXIT|[117]|01p50000002CIEt|ETLC_SecuredDB.findFieldsRecursive(Map<String,Set<String>>, Map<String,ANY>)
20:49:41.0 (20835237)|HEAP_ALLOCATE|[116]|Bytes:5
20:49:41.0 (20850609)|VARIABLE_ASSIGNMENT|[116]|record|null
20:49:41.0 (20856689)|HEAP_ALLOCATE|[119]|Bytes:4
20:49:41.0 (20886080)|HEAP_ALLOCATE|[119]|Bytes:20
20:49:41.0 (20898606)|HEAP_ALLOCATE|[119]|Bytes:4
20:49:41.0 (20916036)|HEAP_ALLOCATE|[119]|Bytes:5
20:49:41.0 (20928735)|VARIABLE_SCOPE_BEGIN|[119]|objectName|String|false|false
20:49:41.0 (20936162)|VARIABLE_ASSIGNMENT|[119]|objectName|"BFFFollow__c"
20:49:41.0 (20938811)|STATEMENT_EXECUTE|[119]
20:49:41.0 (20939851)|STATEMENT_EXECUTE|[120]
20:49:41.0 (20946805)|HEAP_ALLOCATE|[120]|Bytes:2
20:49:41.0 (20997471)|HEAP_ALLOCATE|[120]|Bytes:22
20:49:41.0 (21010130)|HEAP_ALLOCATE|[120]|Bytes:36
20:49:41.0 (21022147)|USER_DEBUG|[120]|DEBUG|BFFFollow__c: {FollowedUsers__c, Id}
20:49:41.0 (21034448)|HEAP_ALLOCATE|[119]|Bytes:5
20:49:41.0 (21045795)|VARIABLE_ASSIGNMENT|[119]|objectName|null
20:49:41.0 (21049050)|STATEMENT_EXECUTE|[122]
20:49:41.0 (21060977)|METHOD_EXIT|[20]|01p50000002CIEt|ETLC_SecuredDB.findFields(List<SObject>)
20:49:41.0 (21077154)|METHOD_ENTRY|[20]|01p50000002CIEt|ETLC_SecuredDB.validate(ETLC_SecuredDB.Operation, Map<String,Set<String>>)
20:49:41.0 (21085542)|VARIABLE_SCOPE_BEGIN|[55]|op|ETLC_SecuredDB.Operation|true|false
20:49:41.0 (21105861)|VARIABLE_ASSIGNMENT|[55]|op|"Querying"|0xa6be9ac
20:49:41.0 (21110673)|VARIABLE_SCOPE_BEGIN|[55]|mapFieldNames|Map<String,Set<String>>|true|false
20:49:41.0 (21125396)|VARIABLE_ASSIGNMENT|[55]|mapFieldNames|{"s":1,"v":{"BFFFollow__c":{"s":2,"v":["FollowedUsers__c","Id"]}}}|0x31579dca
20:49:41.0 (21134371)|HEAP_ALLOCATE|[56]|Bytes:5
20:49:41.0 (21137991)|STATEMENT_EXECUTE|[55]
20:49:41.0 (21139326)|STATEMENT_EXECUTE|[56]
20:49:41.0 (21163222)|VARIABLE_SCOPE_BEGIN|[56]|securityMessage|String|false|false
20:49:41.0 (21172523)|VARIABLE_ASSIGNMENT|[56]|securityMessage|null
20:49:41.0 (21176061)|STATEMENT_EXECUTE|[57]
20:49:41.0 (33861646)|HEAP_ALLOCATE|[57]|Bytes:1256
20:49:41.0 (33889934)|VARIABLE_SCOPE_BEGIN|[57]|mapObjects|Map<String,Schema.SObjectType>|true|false
20:49:41.0 (34099921)|VARIABLE_ASSIGNMENT|[57]|mapObjects|"{acceptedeventrelation=AcceptedEventRelation, account=Account, accountcontactrole=AccountContactRole, accounthistory=AccountHistory, accountpartner=AccountPartner, accountshare=AccountShare, actionlinkgrouptemplate=ActionLinkGroupTemplate, actionlinktemplate=ActionLinkTemplate, activityhistory=ActivityHistory, additionalnumber=AdditionalNumber, ...}"|0x1c6f3675
20:49:41.0 (34119039)|HEAP_ALLOCATE|[58]|Bytes:4
20:49:41.0 (34177173)|HEAP_ALLOCATE|[58]|Bytes:20
20:49:41.0 (34196527)|HEAP_ALLOCATE|[58]|Bytes:4
20:49:41.0 (34222176)|HEAP_ALLOCATE|[58]|Bytes:5
20:49:41.0 (34240124)|VARIABLE_SCOPE_BEGIN|[58]|sObjectName|String|false|false
20:49:41.0 (34249628)|VARIABLE_ASSIGNMENT|[58]|sObjectName|"BFFFollow__c"
20:49:41.0 (34253361)|STATEMENT_EXECUTE|[58]
20:49:41.0 (34254822)|STATEMENT_EXECUTE|[59]
20:49:41.0 (34267677)|HEAP_ALLOCATE|[59]|Bytes:9
20:49:41.0 (34272152)|HEAP_ALLOCATE|[59]|Bytes:7
20:49:41.0 (34323821)|HEAP_ALLOCATE|[59]|Bytes:8
20:49:41.0 (34334963)|HEAP_ALLOCATE|[59]|Bytes:1
20:49:41.0 (34348710)|HEAP_ALLOCATE|[59]|Bytes:37
20:49:41.0 (34359271)|VARIABLE_ASSIGNMENT|[59]|securityMessage|"CRUD on [BFFFollow__ (17 more) ..."
20:49:41.0 (34362364)|STATEMENT_EXECUTE|[60]
20:49:41.0 (34369807)|HEAP_ALLOCATE|[60]|Bytes:10
20:49:41.0 (34379658)|HEAP_ALLOCATE|[60]|Bytes:47
20:49:41.0 (34411545)|USER_DEBUG|[60]|DEBUG|Checking: CRUD on [BFFFollow__c] for [Querying]
20:49:41.0 (34418877)|STATEMENT_EXECUTE|[61]
20:49:41.0 (34690791)|HEAP_ALLOCATE|[61]|Bytes:4
20:49:41.0 (34736075)|VARIABLE_SCOPE_BEGIN|[61]|drSObj|Schema.DescribeSObjectResult|true|false
20:49:41.0 (34812232)|VARIABLE_ASSIGNMENT|[61]|drSObj|"common.api.soap.wsdl.DescribeSObjectResult@a54f9caa"|0x6e12d48
20:49:41.0 (34974698)|STATEMENT_EXECUTE|[64]
20:49:41.0 (34999322)|STATEMENT_EXECUTE|[65]
20:49:41.0 (35055923)|STATEMENT_EXECUTE|[77]
20:49:41.0 (35059662)|STATEMENT_EXECUTE|[79]
20:49:41.0 (35297876)|HEAP_ALLOCATE|[79]|Bytes:56
20:49:41.0 (35309690)|VARIABLE_SCOPE_BEGIN|[79]|mapFields|Map<String,Schema.SObjectField>|true|false
20:49:41.0 (35461356)|VARIABLE_ASSIGNMENT|[79]|mapFields|"{createdbyid=CreatedById, createddate=CreatedDate, followedby__c=FollowedBy__c, followedusers__c=FollowedUsers__c, id=Id, isdeleted=IsDeleted, lastmodifiedbyid=LastModifiedById, lastmodifieddate=LastModifiedDate, lastreferenceddate=LastReferencedDate, lastvieweddate=LastViewedDate, ...}"|0x64c8f47f
20:49:41.0 (35471541)|HEAP_ALLOCATE|[80]|Bytes:4
20:49:41.0 (35513330)|HEAP_ALLOCATE|[80]|Bytes:8
20:49:41.0 (35533630)|HEAP_ALLOCATE|[80]|Bytes:5
20:49:41.0 (35547220)|VARIABLE_SCOPE_BEGIN|[80]|fieldName|String|false|false
20:49:41.0 (35555183)|VARIABLE_ASSIGNMENT|[80]|fieldName|"FollowedUsers__c"
20:49:41.0 (35558069)|STATEMENT_EXECUTE|[80]
20:49:41.0 (35559380)|STATEMENT_EXECUTE|[81]
20:49:41.0 (36313294)|HEAP_ALLOCATE|[81]|Bytes:8
20:49:41.0 (36348878)|VARIABLE_SCOPE_BEGIN|[81]|drField|Schema.DescribeFieldResult|true|false
20:49:41.0 (36415149)|VARIABLE_ASSIGNMENT|[81]|drField|"common.api.soap.wsdl.Field@c5d91383"|0x677442aa
20:49:41.0 (36436235)|STATEMENT_EXECUTE|[82]
20:49:41.0 (36438064)|STATEMENT_EXECUTE|[83]
20:49:41.0 (36447063)|HEAP_ALLOCATE|[83]|Bytes:8
20:49:41.0 (36451268)|HEAP_ALLOCATE|[83]|Bytes:1
20:49:41.0 (36490986)|HEAP_ALLOCATE|[83]|Bytes:8
20:49:41.0 (36511475)|HEAP_ALLOCATE|[83]|Bytes:52
20:49:41.0 (36517387)|HEAP_ALLOCATE|[83]|Bytes:53
20:49:41.0 (36527185)|VARIABLE_ASSIGNMENT|[83]|securityMessage|"FLS on [BFFFollow__c (33 more) ..."
20:49:41.0 (36530147)|STATEMENT_EXECUTE|[84]
20:49:41.0 (36539820)|HEAP_ALLOCATE|[84]|Bytes:63
20:49:41.0 (36562517)|USER_DEBUG|[84]|DEBUG|Checking: FLS on [BFFFollow__c.FollowedUsers__c] for [Querying]
20:49:41.0 (36656484)|STATEMENT_EXECUTE|[87]
20:49:41.0 (36672622)|STATEMENT_EXECUTE|[88]
20:49:41.0 (36690187)|HEAP_ALLOCATE|[80]|Bytes:5
20:49:41.0 (36704343)|VARIABLE_SCOPE_BEGIN|[80]|fieldName|String|false|false
20:49:41.0 (36712110)|VARIABLE_ASSIGNMENT|[80]|fieldName|"Id"
20:49:41.0 (36714421)|STATEMENT_EXECUTE|[80]
20:49:41.0 (36715452)|STATEMENT_EXECUTE|[81]
20:49:41.0 (36845817)|HEAP_ALLOCATE|[81]|Bytes:8
20:49:41.0 (36857028)|VARIABLE_SCOPE_BEGIN|[81]|drField|Schema.DescribeFieldResult|true|false
20:49:41.0 (36917914)|VARIABLE_ASSIGNMENT|[81]|drField|"common.api.soap.wsdl.Field@ffb07d6e"|0x6e833cf9
20:49:41.0 (36930202)|STATEMENT_EXECUTE|[99]
20:49:41.0 (36931708)|STATEMENT_EXECUTE|[100]
20:49:41.0 (36940265)|HEAP_ALLOCATE|[100]|Bytes:22
20:49:41.0 (36978789)|HEAP_ALLOCATE|[100]|Bytes:8
20:49:41.0 (36993653)|HEAP_ALLOCATE|[100]|Bytes:52
20:49:41.0 (36998559)|HEAP_ALLOCATE|[100]|Bytes:35
20:49:41.0 (37002883)|HEAP_ALLOCATE|[100]|Bytes:87
20:49:41.0 (37014199)|USER_DEBUG|[100]|DEBUG|Bypass Check: FLS on [BFFFollow__c.Id] for [Querying] since it's not isPermissionable()
20:49:41.0 (37027901)|HEAP_ALLOCATE|[80]|Bytes:5
20:49:41.0 (37040960)|VARIABLE_ASSIGNMENT|[80]|fieldName|null
20:49:41.0 (37050215)|HEAP_ALLOCATE|[58]|Bytes:5
20:49:41.0 (37059173)|VARIABLE_ASSIGNMENT|[58]|sObjectName|null
20:49:41.0 (37074564)|METHOD_EXIT|[20]|01p50000002CIEt|ETLC_SecuredDB.validate(ETLC_SecuredDB.Operation, Map<String,Set<String>>)
20:49:41.0 (37078761)|STATEMENT_EXECUTE|[21]
20:49:41.0 (37090539)|METHOD_EXIT|[24]|01p50000002CIEt|ETLC_SecuredDB.query(String)
20:49:41.0 (37100931)|VARIABLE_SCOPE_BEGIN|[24]|dbRecords|List<SObject>|true|false
20:49:41.0 (37136228)|VARIABLE_ASSIGNMENT|[24]|dbRecords|{"s":1,"v":[{"s":2,"v":{"FollowedUsers__c":"[{\"id\":\"00550000005c (85 more) ...","Id":"a005000000ezW4dAAE"}}]}|0x5a96f2a5
20:49:41.0 (37144466)|STATEMENT_EXECUTE|[25]
20:49:41.0 (37145857)|STATEMENT_EXECUTE|[25]
20:49:41.0 (37215442)|USER_DEBUG|[25]|DEBUG|(BFFFollow__c:{FollowedUsers__c=[{"id":"00550000005cg71AAA","name":"Jaswinder Rattanpal"},{"id":"00550000005d7KnAAI","name":"Test User"}], Id=a005000000ezW4dAAE})
20:49:41.0 (37306528)|STATEMENT_EXECUTE|[26]
20:49:41.0 (37312552)|STATEMENT_EXECUTE|[27]
20:49:41.0 (37313756)|STATEMENT_EXECUTE|[28]
20:49:41.0 (37321845)|HEAP_ALLOCATE|[28]|Bytes:18
20:49:41.0 (37336201)|HEAP_ALLOCATE|[28]|Bytes:12
20:49:41.0 (37342835)|HEAP_ALLOCATE|[28]|Bytes:16
20:49:41.0 (37413321)|HEAP_ALLOCATE|[28]|Bytes:105
20:49:41.0 (37433793)|HEAP_ALLOCATE|[28]|Bytes:105
20:49:41.0 (37443545)|HEAP_ALLOCATE|[28]|Bytes:123
20:49:41.0 (37453697)|USER_DEBUG|[28]|DEBUG|FollowedUsers__c::[{"id":"00550000005cg71AAA","name":"Jaswinder Rattanpal"},{"id":"00550000005d7KnAAI","name":"Test User"}]
20:49:41.0 (37459575)|STATEMENT_EXECUTE|[30]
20:49:41.0 (37472767)|HEAP_ALLOCATE|[30]|Bytes:12
20:49:41.0 (37523053)|HEAP_ALLOCATE|[30]|Bytes:105
20:49:41.0 (37542258)|METHOD_EXIT|[10]|01p50000002D8iw|BFFFollow_Controller.fetchFollowedUsers(Id)
20:49:41.0 (37618439)|VARIABLE_ASSIGNMENT|[EXTERNAL]|this|{"debug":true,"input":"{\"mode\":\"fetchFollow (9 more) ...","operation":"BFFFollow_Controller"}|0x7b19e789
20:49:41.0 (37629893)|VARIABLE_ASSIGNMENT|[EXTERNAL]|value|"[{\"id\":\"00550000005c (85 more) ..."
20:49:41.0 (37647496)|VARIABLE_ASSIGNMENT|[12]|this.output|"[{\"id\":\"00550000005c (85 more) ..."|0x7b19e789
20:49:41.0 (37655054)|STATEMENT_EXECUTE|[11]
20:49:41.0 (37713118)|VARIABLE_ASSIGNMENT|[EXTERNAL]|this|{"debug":true,"input":"{\"mode\":\"fetchFollow (9 more) ...","operation":"BFFFollow_Controller","output":"[{\"id\":\"00550000005c (85 more) ..."}|0x7b19e789
20:49:41.0 (37771059)|VARIABLE_ASSIGNMENT|[EXTERNAL]|this|{"debug":true,"input":"{\"mode\":\"fetchFollow (9 more) ...","operation":"BFFFollow_Controller","output":"[{\"id\":\"00550000005c (85 more) ..."}|0x7b19e789
20:49:41.0 (37781316)|VARIABLE_ASSIGNMENT|[EXTERNAL]|value|true
20:49:41.0 (37786711)|HEAP_ALLOCATE|[15]|Bytes:5
20:49:41.0 (37794640)|VARIABLE_ASSIGNMENT|[15]|this.outputFlag|true|0x7b19e789
20:49:41.0 (37804236)|STATEMENT_EXECUTE|[12]
20:49:41.0 (37805986)|STATEMENT_EXECUTE|[12]
20:49:41.0 (37856957)|USER_DEBUG|[12]|DEBUG|ETLC_ApexBridge_Data:[debug=true, input={"mode":"fetchFollowedUsers"}, isSuccess=null, messages=null, operation=BFFFollow_Controller, output=[{"id":"00550000005cg71AAA","name":"Jaswinder Rattanpal"},{"id":"00550000005d7KnAAI","name":"Test User"}], outputFlag=true, records=null]
20:49:41.0 (37872208)|METHOD_EXIT|[9]|01p50000002D8iw|BFFFollow_Controller.process(ETLC_ApexBridge_Data)
20:49:41.0 (37876053)|STATEMENT_EXECUTE|[24]
20:49:41.0 (37895718)|METHOD_ENTRY|[24]|01p50000002CIEo|ETLC_ApexBridge_Data.toJSON()
20:49:41.0 (37913751)|VARIABLE_SCOPE_BEGIN|[57]|this|ETLC_ApexBridge_Data|true|false
20:49:41.0 (37942510)|VARIABLE_ASSIGNMENT|[57]|this|{"debug":true,"input":"{\"mode\":\"fetchFollow (9 more) ...","operation":"BFFFollow_Controller","output":"[{\"id\":\"00550000005c (85 more) ...","outputFlag":true}|0x7b19e789
20:49:41.0 (37948634)|STATEMENT_EXECUTE|[57]
20:49:41.0 (37949891)|STATEMENT_EXECUTE|[58]
20:49:41.0 (37965430)|METHOD_ENTRY|[58]||System.JSON.serialize(Object)
20:49:41.0 (38055722)|STATEMENT_EXECUTE|[22]
20:49:41.0 (38061917)|STATEMENT_EXECUTE|[23]
20:49:41.0 (38071272)|HEAP_ALLOCATE|[23]|Bytes:5
20:49:41.0 (38081606)|VARIABLE_ASSIGNMENT|[23]|this.isSuccess|true|0x7b19e789
20:49:41.0 (38083948)|STATEMENT_EXECUTE|[24]
20:49:41.0 (38135482)|STATEMENT_EXECUTE|[31]
20:49:41.0 (38140439)|STATEMENT_EXECUTE|[32]
20:49:41.0 (38150582)|HEAP_ALLOCATE|[32]|Bytes:4
20:49:41.0 (38207989)|VARIABLE_ASSIGNMENT|[32]|this.messages|{"s":1,"v":{}}|0x7b19e789
20:49:41.0 (38212210)|STATEMENT_EXECUTE|[33]
20:49:41.0 (38538210)|METHOD_EXIT|[58]||System.JSON.serialize(Object)
20:49:41.0 (38544581)|METHOD_EXIT|[24]|01p50000002CIEo|ETLC_ApexBridge_Data.toJSON()
20:49:41.0 (38553711)|SYSTEM_MODE_EXIT|false
20:49:41.38 (38596145)|CUMULATIVE_LIMIT_USAGE
20:49:41.38 (38596145)|LIMIT_USAGE_FOR_NS|(default)|
  Number of SOQL queries: 1 out of 100
  Number of query rows: 1 out of 50000
  Number of SOSL queries: 0 out of 20
  Number of DML statements: 0 out of 150
  Number of DML rows: 0 out of 10000
  Maximum CPU time: 0 out of 10000
  Maximum heap size: 0 out of 6000000
  Number of callouts: 0 out of 100
  Number of Email Invocations: 0 out of 10
  Number of future calls: 0 out of 50
  Number of queueable jobs added to the queue: 0 out of 50
  Number of Mobile Apex push calls: 0 out of 10

20:49:41.38 (38596145)|CUMULATIVE_LIMIT_USAGE_END

20:49:41.0 (38655601)|CODE_UNIT_FINISHED|ETLC_ApexBridge_Controller.execute
